Jibs_PC#7322460177411661824 newplayer ai hard green s0914007
Jibs_PC#7322460177411661824 newplayer ai hard blue bob
Jibs_PC#7322460177411661824 newplayer ai hard red fred
Jibs_PC#7322460177411661824 newplayer ai hard cyan ted
Jibs_PC#7322460177411661824 newplayer ai hard magenta yura
Jibs_PC#7322460177411661824 newplayer ai hard yellow lala
Jibs_PC#7322460177411661824 startgame mission fixed autoplaceall recycle
PLAYER s0914007
MISSION 0 1 1 1 1 0
PLACEALL 9 29 41 7 31 33 15 3 32 37 4 13 35 23 24 14 42 1 16 17 11 2 12 26 34 30 36 38 6 27 39 19 25 22 8 5 28 21 20 40 18 10
Jibs_PC#7322460177411661824 placearmies 9 1
CARD 
Jibs_PC#7322460177411661824 placearmies 23 1
CARD 
Jibs_PC#7322460177411661824 placearmies 11 1
CARD 
Jibs_PC#7322460177411661824 placearmies 40 1
CARD 
Jibs_PC#7322460177411661824 placearmies 4 1
CARD 
Jibs_PC#7322460177411661824 placearmies 33 1
CARD 
Jibs_PC#7322460177411661824 placearmies 9 1
CARD 
Jibs_PC#7322460177411661824 placearmies 23 1
CARD 
Jibs_PC#7322460177411661824 placearmies 11 1
CARD 
Jibs_PC#7322460177411661824 placearmies 40 1
CARD 
Jibs_PC#7322460177411661824 placearmies 4 1
CARD 
Jibs_PC#7322460177411661824 placearmies 33 1
CARD 
Jibs_PC#7322460177411661824 placearmies 9 1
CARD 
Jibs_PC#7322460177411661824 placearmies 23 1
CARD 
Jibs_PC#7322460177411661824 placearmies 11 1
CARD 
Jibs_PC#7322460177411661824 placearmies 40 1
CARD 
Jibs_PC#7322460177411661824 placearmies 4 1
CARD 
Jibs_PC#7322460177411661824 placearmies 33 1
CARD 
Jibs_PC#7322460177411661824 placearmies 9 1
CARD 
Jibs_PC#7322460177411661824 placearmies 23 1
CARD 
Jibs_PC#7322460177411661824 placearmies 11 1
CARD 
Jibs_PC#7322460177411661824 placearmies 40 1
CARD 
Jibs_PC#7322460177411661824 placearmies 4 1
CARD 
Jibs_PC#7322460177411661824 placearmies 33 1
CARD 
Jibs_PC#7322460177411661824 placearmies 9 1
CARD 
Jibs_PC#7322460177411661824 placearmies 23 1
CARD 
Jibs_PC#7322460177411661824 placearmies 11 1
CARD 
Jibs_PC#7322460177411661824 placearmies 40 1
CARD 
Jibs_PC#7322460177411661824 placearmies 4 1
CARD 
Jibs_PC#7322460177411661824 placearmies 33 1
CARD 
Jibs_PC#7322460177411661824 placearmies 9 1
CARD 
Jibs_PC#7322460177411661824 placearmies 23 1
CARD 
Jibs_PC#7322460177411661824 placearmies 11 1
CARD 
Jibs_PC#7322460177411661824 placearmies 40 1
CARD 
Jibs_PC#7322460177411661824 placearmies 4 1
CARD 
Jibs_PC#7322460177411661824 placearmies 33 1
CARD 
Jibs_PC#7322460177411661824 placearmies 9 1
CARD 
Jibs_PC#7322460177411661824 placearmies 23 1
CARD 
Jibs_PC#7322460177411661824 placearmies 11 1
CARD 
Jibs_PC#7322460177411661824 placearmies 40 1
CARD 
Jibs_PC#7322460177411661824 placearmies 4 1
CARD 
Jibs_PC#7322460177411661824 placearmies 33 1
CARD 
Jibs_PC#7322460177411661824 placearmies 9 1
CARD 
Jibs_PC#7322460177411661824 placearmies 23 1
CARD 
Jibs_PC#7322460177411661824 placearmies 11 1
CARD 
Jibs_PC#7322460177411661824 placearmies 40 1
CARD 
Jibs_PC#7322460177411661824 placearmies 4 1
CARD 
Jibs_PC#7322460177411661824 placearmies 33 1
CARD 
Jibs_PC#7322460177411661824 placearmies 9 1
CARD 
Jibs_PC#7322460177411661824 placearmies 23 1
CARD 
Jibs_PC#7322460177411661824 placearmies 11 1
CARD 
Jibs_PC#7322460177411661824 placearmies 40 1
CARD 
Jibs_PC#7322460177411661824 placearmies 4 1
CARD 
Jibs_PC#7322460177411661824 placearmies 33 1
CARD 
Jibs_PC#7322460177411661824 placearmies 9 1
CARD 
Jibs_PC#7322460177411661824 placearmies 23 1
CARD 
Jibs_PC#7322460177411661824 placearmies 11 1
CARD 
Jibs_PC#7322460177411661824 placearmies 40 1
CARD 
Jibs_PC#7322460177411661824 placearmies 4 1
CARD 
Jibs_PC#7322460177411661824 placearmies 33 1
CARD 
Jibs_PC#7322460177411661824 placearmies 9 1
CARD 
Jibs_PC#7322460177411661824 placearmies 23 1
CARD 
Jibs_PC#7322460177411661824 placearmies 11 1
CARD 
Jibs_PC#7322460177411661824 placearmies 22 1
CARD 
Jibs_PC#7322460177411661824 placearmies 4 1
CARD 
Jibs_PC#7322460177411661824 placearmies 33 1
CARD 
Jibs_PC#7322460177411661824 placearmies 9 1
CARD 
Jibs_PC#7322460177411661824 placearmies 23 1
CARD 
Jibs_PC#7322460177411661824 placearmies 11 1
CARD 
Jibs_PC#7322460177411661824 placearmies 22 1
CARD 
Jibs_PC#7322460177411661824 placearmies 4 1
CARD 
Jibs_PC#7322460177411661824 placearmies 33 1
CARD 
Jibs_PC#7322460177411661824 placearmies 9 1
CARD 
Jibs_PC#7322460177411661824 placearmies 23 1
CARD 
Jibs_PC#7322460177411661824 placearmies 11 1
CARD 
Jibs_PC#7322460177411661824 placearmies 22 1
CARD 
Jibs_PC#7322460177411661824 placearmies 4 1
CARD 
Jibs_PC#7322460177411661824 placearmies 33 1
CARD 
Jibs_PC#7322460177411661824 placearmies 9 3
Jibs_PC#7322460177411661824 attack 9 4
Jibs_PC#7322460177411661824 roll 3
Jibs_PC#7322460177411661824 roll 2
DICE 3 2 5 4 2 3 2 
Jibs_PC#7322460177411661824 roll 3
Jibs_PC#7322460177411661824 roll 2
DICE 3 2 3 2 2 5 1 
Jibs_PC#7322460177411661824 roll 3
Jibs_PC#7322460177411661824 roll 2
DICE 3 2 4 3 0 5 3 
Jibs_PC#7322460177411661824 roll 3
Jibs_PC#7322460177411661824 roll 2
DICE 3 2 5 5 1 1 1 
Jibs_PC#7322460177411661824 roll 3
Jibs_PC#7322460177411661824 roll 2
DICE 3 2 5 3 2 1 0 
Jibs_PC#7322460177411661824 roll 3
Jibs_PC#7322460177411661824 roll 2
DICE 3 2 5 3 2 3 2 
Jibs_PC#7322460177411661824 roll 3
Jibs_PC#7322460177411661824 roll 2
DICE 3 2 5 2 0 5 4 
Jibs_PC#7322460177411661824 roll 3
Jibs_PC#7322460177411661824 roll 2
DICE 3 2 5 5 0 5 1 
Jibs_PC#7322460177411661824 roll 3
Jibs_PC#7322460177411661824 roll 2
DICE 3 2 5 3 0 5 1 
Jibs_PC#7322460177411661824 roll 3
Jibs_PC#7322460177411661824 roll 2
DICE 3 2 3 2 2 3 0 
Jibs_PC#7322460177411661824 roll 3
Jibs_PC#7322460177411661824 roll 2
DICE 3 2 3 2 1 3 2 
Jibs_PC#7322460177411661824 roll 3
Jibs_PC#7322460177411661824 roll 2
DICE 3 2 4 2 1 4 0 
Jibs_PC#7322460177411661824 roll 3
Jibs_PC#7322460177411661824 roll 1
DICE 3 1 4 2 0 2 
Jibs_PC#7322460177411661824 move 5
Jibs_PC#7322460177411661824 endattack
Jibs_PC#7322460177411661824 nomove
CARD 26
Jibs_PC#7322460177411661824 placearmies 23 3
Jibs_PC#7322460177411661824 attack 23 25
Jibs_PC#7322460177411661824 roll 3
Jibs_PC#7322460177411661824 roll 1
DICE 3 1 5 0 0 3 
Jibs_PC#7322460177411661824 move 16
Jibs_PC#7322460177411661824 attack 25 24
Jibs_PC#7322460177411661824 roll 3
Jibs_PC#7322460177411661824 roll 1
DICE 3 1 4 3 0 3 
Jibs_PC#7322460177411661824 move 15
Jibs_PC#7322460177411661824 attack 24 26
Jibs_PC#7322460177411661824 roll 3
Jibs_PC#7322460177411661824 roll 1
DICE 3 1 2 1 1 2 
Jibs_PC#7322460177411661824 roll 3
Jibs_PC#7322460177411661824 roll 1
DICE 3 1 5 3 0 3 
Jibs_PC#7322460177411661824 move 3
Jibs_PC#7322460177411661824 attack 24 22
Jibs_PC#7322460177411661824 roll 3
Jibs_PC#7322460177411661824 roll 2
DICE 3 2 5 2 1 1 0 
Jibs_PC#7322460177411661824 roll 3
Jibs_PC#7322460177411661824 roll 2
DICE 3 2 3 2 1 3 1 
Jibs_PC#7322460177411661824 roll 3
Jibs_PC#7322460177411661824 roll 1
DICE 3 1 3 1 1 2 
Jibs_PC#7322460177411661824 move 9
Jibs_PC#7322460177411661824 attack 22 20
Jibs_PC#7322460177411661824 roll 3
Jibs_PC#7322460177411661824 roll 1
DICE 3 1 3 2 2 0 
Jibs_PC#7322460177411661824 move 7
Jibs_PC#7322460177411661824 attack 20 16
Jibs_PC#7322460177411661824 roll 3
Jibs_PC#7322460177411661824 roll 1
DICE 3 1 5 3 2 0 
Jibs_PC#7322460177411661824 move 6
Jibs_PC#7322460177411661824 attack 16 15
Jibs_PC#7322460177411661824 roll 3
Jibs_PC#7322460177411661824 roll 1
DICE 3 1 5 5 4 4 
Jibs_PC#7322460177411661824 move 5
Jibs_PC#7322460177411661824 attack 15 14
Jibs_PC#7322460177411661824 roll 3
Jibs_PC#7322460177411661824 roll 1
DICE 3 1 1 0 0 3 
Jibs_PC#7322460177411661824 roll 3
Jibs_PC#7322460177411661824 roll 1
DICE 3 1 5 4 2 3 
Jibs_PC#7322460177411661824 endattack
Jibs_PC#7322460177411661824 movearmies 26 24 1
CARD 38
Jibs_PC#7322460177411661824 placearmies 11 1
Jibs_PC#7322460177411661824 placearmies 11 1
Jibs_PC#7322460177411661824 placearmies 11 1
Jibs_PC#7322460177411661824 attack 11 12
Jibs_PC#7322460177411661824 roll 3
Jibs_PC#7322460177411661824 roll 1
DICE 3 1 3 2 0 5 
Jibs_PC#7322460177411661824 roll 3
Jibs_PC#7322460177411661824 roll 1
DICE 3 1 3 1 0 5 
Jibs_PC#7322460177411661824 roll 3
Jibs_PC#7322460177411661824 roll 1
DICE 3 1 4 0 0 5 
Jibs_PC#7322460177411661824 roll 3
Jibs_PC#7322460177411661824 roll 1
DICE 3 1 5 1 1 1 
Jibs_PC#7322460177411661824 move 13
Jibs_PC#7322460177411661824 attack 12 21
Jibs_PC#7322460177411661824 roll 3
Jibs_PC#7322460177411661824 roll 1
DICE 3 1 4 3 0 1 
Jibs_PC#7322460177411661824 move 12
Jibs_PC#7322460177411661824 attack 21 19
Jibs_PC#7322460177411661824 roll 3
Jibs_PC#7322460177411661824 roll 1
DICE 3 1 5 3 0 5 
Jibs_PC#7322460177411661824 roll 3
Jibs_PC#7322460177411661824 roll 1
DICE 3 1 3 2 1 3 
Jibs_PC#7322460177411661824 retreat
Jibs_PC#7322460177411661824 attack 21 22
Jibs_PC#7322460177411661824 roll 3
Jibs_PC#7322460177411661824 roll 2
DICE 3 2 5 2 1 4 1 
Jibs_PC#7322460177411661824 move 9
Jibs_PC#7322460177411661824 attack 22 24
Jibs_PC#7322460177411661824 roll 3
Jibs_PC#7322460177411661824 roll 2
DICE 3 2 5 0 0 1 1 
Jibs_PC#7322460177411661824 roll 3
Jibs_PC#7322460177411661824 roll 1
DICE 3 1 4 2 1 2 
Jibs_PC#7322460177411661824 move 7
Jibs_PC#7322460177411661824 attack 24 23
Jibs_PC#7322460177411661824 roll 3
Jibs_PC#7322460177411661824 roll 1
DICE 3 1 5 3 0 3 
Jibs_PC#7322460177411661824 move 6
Jibs_PC#7322460177411661824 attack 23 25
Jibs_PC#7322460177411661824 roll 3
Jibs_PC#7322460177411661824 roll 1
DICE 3 1 4 3 2 1 
Jibs_PC#7322460177411661824 move 5
Jibs_PC#7322460177411661824 attack 25 26
Jibs_PC#7322460177411661824 roll 3
Jibs_PC#7322460177411661824 roll 2
DICE 3 2 4 2 1 2 2 
Jibs_PC#7322460177411661824 roll 3
Jibs_PC#7322460177411661824 roll 1
DICE 3 1 4 3 1 5 
Jibs_PC#7322460177411661824 roll 2
Jibs_PC#7322460177411661824 roll 1
DICE 2 1 1 0 3 
Jibs_PC#7322460177411661824 retreat
Jibs_PC#7322460177411661824 endattack
Jibs_PC#7322460177411661824 nomove
CARD 28
Jibs_PC#7322460177411661824 placearmies 40 1
Jibs_PC#7322460177411661824 placearmies 40 1
Jibs_PC#7322460177411661824 placearmies 7 1
Jibs_PC#7322460177411661824 attack 40 42
Jibs_PC#7322460177411661824 roll 3
Jibs_PC#7322460177411661824 roll 1
DICE 3 1 4 3 1 1 
Jibs_PC#7322460177411661824 move 12
Jibs_PC#7322460177411661824 attack 42 41
Jibs_PC#7322460177411661824 roll 3
Jibs_PC#7322460177411661824 roll 1
DICE 3 1 4 3 2 2 
Jibs_PC#7322460177411661824 move 11
Jibs_PC#7322460177411661824 attack 41 39
Jibs_PC#7322460177411661824 roll 3
Jibs_PC#7322460177411661824 roll 1
DICE 3 1 5 4 3 0 
Jibs_PC#7322460177411661824 move 10
Jibs_PC#7322460177411661824 attack 39 33
Jibs_PC#7322460177411661824 roll 3
Jibs_PC#7322460177411661824 roll 2
DICE 3 2 5 1 1 4 2 
Jibs_PC#7322460177411661824 roll 3
Jibs_PC#7322460177411661824 roll 2
DICE 3 2 3 1 0 4 1 
Jibs_PC#7322460177411661824 roll 3
Jibs_PC#7322460177411661824 roll 2
DICE 3 2 3 3 0 5 4 
Jibs_PC#7322460177411661824 roll 3
Jibs_PC#7322460177411661824 roll 2
DICE 3 2 4 3 2 5 0 
Jibs_PC#7322460177411661824 roll 3
Jibs_PC#7322460177411661824 roll 2
DICE 3 2 3 3 3 1 1 
Jibs_PC#7322460177411661824 retreat
Jibs_PC#7322460177411661824 endattack
Jibs_PC#7322460177411661824 nomove
CARD 39
Jibs_PC#7322460177411661824 placearmies 8 3
Jibs_PC#7322460177411661824 attack 8 7
Jibs_PC#7322460177411661824 roll 3
Jibs_PC#7322460177411661824 roll 2
DICE 3 2 5 3 0 2 2 
Jibs_PC#7322460177411661824 endattack
Jibs_PC#7322460177411661824 nomove
CARD 32
Jibs_PC#7322460177411661824 placearmies 33 3
Jibs_PC#7322460177411661824 attack 33 39
Jibs_PC#7322460177411661824 roll 3
Jibs_PC#7322460177411661824 roll 2
DICE 3 2 2 0 0 2 2 
Jibs_PC#7322460177411661824 roll 3
Jibs_PC#7322460177411661824 roll 2
DICE 3 2 4 4 3 1 0 
Jibs_PC#7322460177411661824 roll 3
Jibs_PC#7322460177411661824 roll 2
DICE 3 2 2 0 0 5 1 
Jibs_PC#7322460177411661824 roll 3
Jibs_PC#7322460177411661824 roll 2
DICE 3 2 2 2 1 3 1 
Jibs_PC#7322460177411661824 roll 3
Jibs_PC#7322460177411661824 roll 1
DICE 3 1 4 3 1 4 
Jibs_PC#7322460177411661824 roll 3
Jibs_PC#7322460177411661824 roll 1
DICE 3 1 5 1 0 1 
Jibs_PC#7322460177411661824 move 6
Jibs_PC#7322460177411661824 attack 39 41
Jibs_PC#7322460177411661824 roll 3
Jibs_PC#7322460177411661824 roll 1
DICE 3 1 3 2 1 5 
Jibs_PC#7322460177411661824 roll 3
Jibs_PC#7322460177411661824 roll 1
DICE 3 1 5 1 1 1 
Jibs_PC#7322460177411661824 move 4
Jibs_PC#7322460177411661824 attack 41 42
Jibs_PC#7322460177411661824 roll 3
Jibs_PC#7322460177411661824 roll 1
DICE 3 1 5 3 1 0 
Jibs_PC#7322460177411661824 attack 42 40
Jibs_PC#7322460177411661824 roll 2
Jibs_PC#7322460177411661824 roll 1
DICE 2 1 4 3 0 
Jibs_PC#7322460177411661824 endattack
Jibs_PC#7322460177411661824 nomove
CARD 22
Jibs_PC#7322460177411661824 placearmies 4 3
Jibs_PC#7322460177411661824 attack 4 5
Jibs_PC#7322460177411661824 roll 3
Jibs_PC#7322460177411661824 roll 1
DICE 3 1 5 5 3 3 
Jibs_PC#7322460177411661824 move 7
Jibs_PC#7322460177411661824 attack 5 10
Jibs_PC#7322460177411661824 roll 3
Jibs_PC#7322460177411661824 roll 1
DICE 3 1 2 0 0 3 
Jibs_PC#7322460177411661824 roll 3
Jibs_PC#7322460177411661824 roll 1
DICE 3 1 4 1 0 0 
Jibs_PC#7322460177411661824 move 5
Jibs_PC#7322460177411661824 attack 10 12
Jibs_PC#7322460177411661824 roll 3
Jibs_PC#7322460177411661824 roll 1
DICE 3 1 5 3 1 3 
Jibs_PC#7322460177411661824 move 4
Jibs_PC#7322460177411661824 attack 12 13
Jibs_PC#7322460177411661824 roll 3
Jibs_PC#7322460177411661824 roll 1
DICE 3 1 1 1 0 0 
Jibs_PC#7322460177411661824 attack 13 11
Jibs_PC#7322460177411661824 roll 2
Jibs_PC#7322460177411661824 roll 1
DICE 2 1 2 0 2 
Jibs_PC#7322460177411661824 retreat
Jibs_PC#7322460177411661824 endattack
Jibs_PC#7322460177411661824 nomove
CARD 16
Jibs_PC#7322460177411661824 placearmies 29 3
Jibs_PC#7322460177411661824 attack 29 36
Jibs_PC#7322460177411661824 roll 3
Jibs_PC#7322460177411661824 roll 1
DICE 3 1 1 1 0 0 
Jibs_PC#7322460177411661824 endattack
Jibs_PC#7322460177411661824 nomove
CARD 31
Jibs_PC#7322460177411661824 placearmies 25 3
Jibs_PC#7322460177411661824 attack 25 26
Jibs_PC#7322460177411661824 roll 3
Jibs_PC#7322460177411661824 roll 1
DICE 3 1 5 5 3 3 
Jibs_PC#7322460177411661824 move 3
Jibs_PC#7322460177411661824 endattack
Jibs_PC#7322460177411661824 movearmies 26 24 1
CARD 9
Jibs_PC#7322460177411661824 placearmies 2 3
Jibs_PC#7322460177411661824 attack 2 1
Jibs_PC#7322460177411661824 roll 3
Jibs_PC#7322460177411661824 roll 1
DICE 3 1 3 3 1 3 
Jibs_PC#7322460177411661824 roll 2
Jibs_PC#7322460177411661824 roll 1
DICE 2 1 3 2 2 
Jibs_PC#7322460177411661824 endattack
Jibs_PC#7322460177411661824 nomove
CARD 12
Jibs_PC#7322460177411661824 placearmies 7 1
Jibs_PC#7322460177411661824 placearmies 7 1
Jibs_PC#7322460177411661824 placearmies 7 1
Jibs_PC#7322460177411661824 attack 7 2
Jibs_PC#7322460177411661824 roll 3
Jibs_PC#7322460177411661824 roll 1
DICE 3 1 4 0 0 2 
Jibs_PC#7322460177411661824 move 5
Jibs_PC#7322460177411661824 endattack
Jibs_PC#7322460177411661824 nomove
CARD wildcard
Jibs_PC#7322460177411661824 placearmies 27 3
Jibs_PC#7322460177411661824 placearmies 33 1
Jibs_PC#7322460177411661824 placearmies 27 1
Jibs_PC#7322460177411661824 attack 27 35
Jibs_PC#7322460177411661824 roll 3
Jibs_PC#7322460177411661824 roll 1
DICE 3 1 5 4 2 1 
Jibs_PC#7322460177411661824 move 4
Jibs_PC#7322460177411661824 endattack
Jibs_PC#7322460177411661824 nomove
CARD 14
Jibs_PC#7322460177411661824 placearmies 13 2
Jibs_PC#7322460177411661824 placearmies 13 1
Jibs_PC#7322460177411661824 attack 13 11
Jibs_PC#7322460177411661824 roll 3
Jibs_PC#7322460177411661824 roll 1
DICE 3 1 4 2 1 0 
Jibs_PC#7322460177411661824 move 3
Jibs_PC#7322460177411661824 endattack
Jibs_PC#7322460177411661824 movearmies 13 12 1
CARD 33
Jibs_PC#7322460177411661824 placearmies 36 1
Jibs_PC#7322460177411661824 placearmies 36 1
Jibs_PC#7322460177411661824 placearmies 29 1
Jibs_PC#7322460177411661824 attack 36 38
Jibs_PC#7322460177411661824 roll 3
Jibs_PC#7322460177411661824 roll 1
DICE 3 1 4 2 1 5 
Jibs_PC#7322460177411661824 roll 3
Jibs_PC#7322460177411661824 roll 1
DICE 3 1 4 2 0 0 
Jibs_PC#7322460177411661824 endattack
Jibs_PC#7322460177411661824 nomove
CARD 36
Jibs_PC#7322460177411661824 placearmies 21 3
Jibs_PC#7322460177411661824 placearmies 22 1
Jibs_PC#7322460177411661824 placearmies 21 2
Jibs_PC#7322460177411661824 attack 21 12
Jibs_PC#7322460177411661824 roll 3
Jibs_PC#7322460177411661824 roll 2
DICE 3 2 5 4 4 2 1 
Jibs_PC#7322460177411661824 move 4
Jibs_PC#7322460177411661824 endattack
Jibs_PC#7322460177411661824 movearmies 12 21 3
CARD 4
Jibs_PC#7322460177411661824 placearmies 1 2
Jibs_PC#7322460177411661824 placearmies 1 1
Jibs_PC#7322460177411661824 attack 1 3
Jibs_PC#7322460177411661824 roll 3
Jibs_PC#7322460177411661824 roll 1
DICE 3 1 5 3 2 5 
Jibs_PC#7322460177411661824 roll 3
Jibs_PC#7322460177411661824 roll 1
DICE 3 1 4 3 1 1 
Jibs_PC#7322460177411661824 endattack
Jibs_PC#7322460177411661824 nomove
CARD 30
Jibs_PC#7322460177411661824 placearmies 31 3
Jibs_PC#7322460177411661824 attack 31 22
Jibs_PC#7322460177411661824 roll 3
Jibs_PC#7322460177411661824 roll 2
DICE 3 2 2 1 0 5 2 
Jibs_PC#7322460177411661824 retreat
Jibs_PC#7322460177411661824 attack 2 3
Jibs_PC#7322460177411661824 roll 3
Jibs_PC#7322460177411661824 roll 2
DICE 3 2 5 3 2 2 0 
Jibs_PC#7322460177411661824 roll 3
Jibs_PC#7322460177411661824 roll 1
DICE 3 1 4 3 3 4 
Jibs_PC#7322460177411661824 retreat
Jibs_PC#7322460177411661824 attack 2 1
Jibs_PC#7322460177411661824 roll 3
Jibs_PC#7322460177411661824 roll 1
DICE 3 1 4 3 0 5 
Jibs_PC#7322460177411661824 roll 2
Jibs_PC#7322460177411661824 roll 1
DICE 2 1 5 3 5 
Jibs_PC#7322460177411661824 retreat
Jibs_PC#7322460177411661824 endattack
Jibs_PC#7322460177411661824 nomove
CARD 
Jibs_PC#7322460177411661824 placearmies 35 5
Jibs_PC#7322460177411661824 attack 35 38
Jibs_PC#7322460177411661824 roll 3
Jibs_PC#7322460177411661824 roll 2
DICE 3 2 2 1 0 3 1 
Jibs_PC#7322460177411661824 roll 3
Jibs_PC#7322460177411661824 roll 2
DICE 3 2 4 4 1 5 3 
Jibs_PC#7322460177411661824 retreat
Jibs_PC#7322460177411661824 attack 35 34
Jibs_PC#7322460177411661824 roll 3
Jibs_PC#7322460177411661824 roll 1
DICE 3 1 1 1 0 5 
Jibs_PC#7322460177411661824 roll 3
Jibs_PC#7322460177411661824 roll 1
DICE 3 1 5 1 1 0 
Jibs_PC#7322460177411661824 move 4
Jibs_PC#7322460177411661824 endattack
Jibs_PC#7322460177411661824 nomove
CARD 18
Jibs_PC#7322460177411661824 placearmies 11 1
Jibs_PC#7322460177411661824 placearmies 11 1
Jibs_PC#7322460177411661824 placearmies 9 1
Jibs_PC#7322460177411661824 attack 11 12
Jibs_PC#7322460177411661824 roll 3
Jibs_PC#7322460177411661824 roll 1
DICE 3 1 5 3 0 5 
Jibs_PC#7322460177411661824 roll 3
Jibs_PC#7322460177411661824 roll 1
DICE 3 1 4 1 0 5 
Jibs_PC#7322460177411661824 roll 2
Jibs_PC#7322460177411661824 roll 1
DICE 2 1 5 4 2 
Jibs_PC#7322460177411661824 endattack
Jibs_PC#7322460177411661824 nomove
CARD 2
Jibs_PC#7322460177411661824 placearmies 14 1
Jibs_PC#7322460177411661824 placearmies 38 2
Jibs_PC#7322460177411661824 attack 38 35
Jibs_PC#7322460177411661824 roll 3
Jibs_PC#7322460177411661824 roll 1
DICE 3 1 4 1 1 4 
Jibs_PC#7322460177411661824 roll 2
Jibs_PC#7322460177411661824 roll 1
DICE 2 1 4 3 4 
Jibs_PC#7322460177411661824 retreat
Jibs_PC#7322460177411661824 attack 14 6
Jibs_PC#7322460177411661824 roll 3
Jibs_PC#7322460177411661824 roll 1
DICE 3 1 5 1 1 5 
Jibs_PC#7322460177411661824 roll 2
Jibs_PC#7322460177411661824 roll 1
DICE 2 1 3 2 1 
Jibs_PC#7322460177411661824 endattack
Jibs_PC#7322460177411661824 nomove
CARD 37
Jibs_PC#7322460177411661824 trade 28 9 4
Jibs_PC#7322460177411661824 placearmies 21 16
Jibs_PC#7322460177411661824 attack 21 12
Jibs_PC#7322460177411661824 roll 3
Jibs_PC#7322460177411661824 roll 2
DICE 3 2 5 4 0 3 3 
Jibs_PC#7322460177411661824 move 19
Jibs_PC#7322460177411661824 attack 12 13
Jibs_PC#7322460177411661824 roll 3
Jibs_PC#7322460177411661824 roll 1
DICE 3 1 5 0 0 5 
Jibs_PC#7322460177411661824 roll 3
Jibs_PC#7322460177411661824 roll 1
DICE 3 1 5 3 2 4 
Jibs_PC#7322460177411661824 move 17
Jibs_PC#7322460177411661824 attack 13 11
Jibs_PC#7322460177411661824 roll 3
Jibs_PC#7322460177411661824 roll 1
DICE 3 1 5 3 2 1 
Jibs_PC#7322460177411661824 move 16
Jibs_PC#7322460177411661824 attack 11 10
Jibs_PC#7322460177411661824 roll 3
Jibs_PC#7322460177411661824 roll 1
DICE 3 1 5 3 2 3 
Jibs_PC#7322460177411661824 move 15
Jibs_PC#7322460177411661824 attack 10 5
Jibs_PC#7322460177411661824 roll 3
Jibs_PC#7322460177411661824 roll 1
DICE 3 1 3 1 0 1 
Jibs_PC#7322460177411661824 move 14
Jibs_PC#7322460177411661824 attack 5 4
Jibs_PC#7322460177411661824 roll 3
Jibs_PC#7322460177411661824 roll 1
DICE 3 1 5 1 1 2 
Jibs_PC#7322460177411661824 move 12
Jibs_PC#7322460177411661824 attack 4 3
Jibs_PC#7322460177411661824 roll 3
Jibs_PC#7322460177411661824 roll 1
DICE 3 1 5 3 2 0 
Jibs_PC#7322460177411661824 move 11
Jibs_PC#7322460177411661824 attack 3 1
Jibs_PC#7322460177411661824 roll 3
Jibs_PC#7322460177411661824 roll 1
DICE 3 1 4 2 1 5 
Jibs_PC#7322460177411661824 roll 3
Jibs_PC#7322460177411661824 roll 1
DICE 3 1 5 4 1 0 
Jibs_PC#7322460177411661824 move 9
Jibs_PC#7322460177411661824 attack 1 38
Jibs_PC#7322460177411661824 roll 3
Jibs_PC#7322460177411661824 roll 2
DICE 3 2 5 3 2 2 1 
Jibs_PC#7322460177411661824 move 8
Jibs_PC#7322460177411661824 attack 38 37
Jibs_PC#7322460177411661824 roll 3
Jibs_PC#7322460177411661824 roll 1
DICE 3 1 4 2 1 0 
Jibs_PC#7322460177411661824 move 7
Jibs_PC#7322460177411661824 attack 37 36
Jibs_PC#7322460177411661824 roll 3
Jibs_PC#7322460177411661824 roll 1
DICE 3 1 5 4 1 5 
Jibs_PC#7322460177411661824 roll 3
Jibs_PC#7322460177411661824 roll 1
DICE 3 1 4 1 0 0 
Jibs_PC#7322460177411661824 move 5
Jibs_PC#7322460177411661824 attack 36 35
Jibs_PC#7322460177411661824 roll 3
Jibs_PC#7322460177411661824 roll 1
DICE 3 1 5 4 3 2 
Jibs_PC#7322460177411661824 move 4
Jibs_PC#7322460177411661824 endattack
Jibs_PC#7322460177411661824 movearmies 24 21 1
CARD 1
Jibs_PC#7322460177411661824 placearmies 2 2
Jibs_PC#7322460177411661824 placearmies 2 1
Jibs_PC#7322460177411661824 attack 2 6
Jibs_PC#7322460177411661824 roll 3
Jibs_PC#7322460177411661824 roll 2
DICE 3 2 3 3 2 1 1 
Jibs_PC#7322460177411661824 move 4
Jibs_PC#7322460177411661824 endattack
Jibs_PC#7322460177411661824 nomove
CARD 3
Jibs_PC#7322460177411661824 placearmies 34 1
Jibs_PC#7322460177411661824 placearmies 33 4
Jibs_PC#7322460177411661824 attack 34 38
Jibs_PC#7322460177411661824 roll 3
Jibs_PC#7322460177411661824 roll 1
DICE 3 1 3 2 1 5 
Jibs_PC#7322460177411661824 roll 3
Jibs_PC#7322460177411661824 roll 1
DICE 3 1 5 2 1 2 
Jibs_PC#7322460177411661824 attack 38 36
Jibs_PC#7322460177411661824 roll 2
Jibs_PC#7322460177411661824 roll 1
DICE 2 1 4 3 0 
Jibs_PC#7322460177411661824 attack 33 29
Jibs_PC#7322460177411661824 roll 3
Jibs_PC#7322460177411661824 roll 2
DICE 3 2 5 4 2 5 4 
Jibs_PC#7322460177411661824 roll 3
Jibs_PC#7322460177411661824 roll 2
DICE 3 2 2 2 1 1 1 
Jibs_PC#7322460177411661824 attack 29 30
Jibs_PC#7322460177411661824 roll 2
Jibs_PC#7322460177411661824 roll 1
DICE 2 1 2 1 4 
Jibs_PC#7322460177411661824 retreat
Jibs_PC#7322460177411661824 endattack
Jibs_PC#7322460177411661824 movearmies 29 33 1
CARD 8
Jibs_PC#7322460177411661824 trade 16 33 2
Jibs_PC#7322460177411661824 placearmies 9 2
Jibs_PC#7322460177411661824 placearmies 9 6
Jibs_PC#7322460177411661824 placearmies 9 1
Jibs_PC#7322460177411661824 placearmies 9 2
Jibs_PC#7322460177411661824 attack 9 5
Jibs_PC#7322460177411661824 roll 3
Jibs_PC#7322460177411661824 roll 2
DICE 3 2 5 4 0 5 2 
Jibs_PC#7322460177411661824 roll 3
Jibs_PC#7322460177411661824 roll 1
DICE 3 1 5 5 1 0 
Jibs_PC#7322460177411661824 move 11
Jibs_PC#7322460177411661824 attack 5 10
Jibs_PC#7322460177411661824 roll 3
Jibs_PC#7322460177411661824 roll 1
DICE 3 1 5 4 4 2 
Jibs_PC#7322460177411661824 move 10
Jibs_PC#7322460177411661824 attack 10 12
Jibs_PC#7322460177411661824 roll 3
Jibs_PC#7322460177411661824 roll 1
DICE 3 1 5 4 1 1 
Jibs_PC#7322460177411661824 move 9
Jibs_PC#7322460177411661824 attack 12 21
Jibs_PC#7322460177411661824 roll 3
Jibs_PC#7322460177411661824 roll 2
DICE 3 2 4 3 3 4 1 
Jibs_PC#7322460177411661824 roll 3
Jibs_PC#7322460177411661824 roll 2
DICE 3 2 5 1 0 1 0 
Jibs_PC#7322460177411661824 move 7
Jibs_PC#7322460177411661824 attack 21 22
Jibs_PC#7322460177411661824 roll 3
Jibs_PC#7322460177411661824 roll 2
DICE 3 2 4 0 0 2 0 
Jibs_PC#7322460177411661824 roll 3
Jibs_PC#7322460177411661824 roll 1
DICE 3 1 4 3 3 5 
Jibs_PC#7322460177411661824 roll 3
Jibs_PC#7322460177411661824 roll 1
DICE 3 1 5 5 2 4 
Jibs_PC#7322460177411661824 move 4
Jibs_PC#7322460177411661824 attack 22 24
Jibs_PC#7322460177411661824 roll 3
Jibs_PC#7322460177411661824 roll 1
DICE 3 1 3 3 2 3 
Jibs_PC#7322460177411661824 roll 2
Jibs_PC#7322460177411661824 roll 1
DICE 2 1 4 1 2 
Jibs_PC#7322460177411661824 endattack
Jibs_PC#7322460177411661824 nomove
CARD 23
Jibs_PC#7322460177411661824 trade 38 31 37
Jibs_PC#7322460177411661824 placearmies 19 3
Jibs_PC#7322460177411661824 placearmies 19 10
Jibs_PC#7322460177411661824 attack 19 21
Jibs_PC#7322460177411661824 roll 3
Jibs_PC#7322460177411661824 roll 1
DICE 3 1 5 4 1 4 
Jibs_PC#7322460177411661824 move 13
Jibs_PC#7322460177411661824 attack 21 24
Jibs_PC#7322460177411661824 roll 3
Jibs_PC#7322460177411661824 roll 2
DICE 3 2 4 2 1 5 4 
Jibs_PC#7322460177411661824 roll 3
Jibs_PC#7322460177411661824 roll 2
DICE 3 2 4 2 1 5 0 
Jibs_PC#7322460177411661824 roll 3
Jibs_PC#7322460177411661824 roll 1
DICE 3 1 3 2 1 1 
Jibs_PC#7322460177411661824 move 9
Jibs_PC#7322460177411661824 attack 24 26
Jibs_PC#7322460177411661824 roll 3
Jibs_PC#7322460177411661824 roll 2
DICE 3 2 4 3 3 2 0 
Jibs_PC#7322460177411661824 move 8
Jibs_PC#7322460177411661824 attack 26 25
Jibs_PC#7322460177411661824 roll 3
Jibs_PC#7322460177411661824 roll 2
DICE 3 2 5 2 2 5 2 
Jibs_PC#7322460177411661824 roll 3
Jibs_PC#7322460177411661824 roll 2
DICE 3 2 4 3 1 5 0 
Jibs_PC#7322460177411661824 roll 3
Jibs_PC#7322460177411661824 roll 1
DICE 3 1 3 3 0 1 
Jibs_PC#7322460177411661824 move 4
Jibs_PC#7322460177411661824 attack 25 23
Jibs_PC#7322460177411661824 roll 3
Jibs_PC#7322460177411661824 roll 1
DICE 3 1 4 3 2 2 
Jibs_PC#7322460177411661824 endattack
Jibs_PC#7322460177411661824 movearmies 23 24 2
CARD 11
Jibs_PC#7322460177411661824 trade 39 12 30
Jibs_PC#7322460177411661824 placearmies 13 7
Jibs_PC#7322460177411661824 placearmies 11 6
Jibs_PC#7322460177411661824 attack 13 12
Jibs_PC#7322460177411661824 roll 3
Jibs_PC#7322460177411661824 roll 1
DICE 3 1 4 1 0 4 
Jibs_PC#7322460177411661824 roll 3
Jibs_PC#7322460177411661824 roll 1
DICE 3 1 4 4 1 2 
Jibs_PC#7322460177411661824 move 6
Jibs_PC#7322460177411661824 attack 11 10
Jibs_PC#7322460177411661824 roll 3
Jibs_PC#7322460177411661824 roll 1
DICE 3 1 2 1 1 3 
Jibs_PC#7322460177411661824 roll 3
Jibs_PC#7322460177411661824 roll 1
DICE 3 1 4 2 2 3 
Jibs_PC#7322460177411661824 move 5
Jibs_PC#7322460177411661824 attack 12 21
Jibs_PC#7322460177411661824 roll 3
Jibs_PC#7322460177411661824 roll 1
DICE 3 1 5 2 0 3 
Jibs_PC#7322460177411661824 move 5
Jibs_PC#7322460177411661824 attack 21 23
Jibs_PC#7322460177411661824 roll 3
Jibs_PC#7322460177411661824 roll 1
DICE 3 1 4 2 0 4 
Jibs_PC#7322460177411661824 roll 3
Jibs_PC#7322460177411661824 roll 1
DICE 3 1 5 4 0 5 
Jibs_PC#7322460177411661824 retreat
Jibs_PC#7322460177411661824 attack 10 5
Jibs_PC#7322460177411661824 roll 3
Jibs_PC#7322460177411661824 roll 1
DICE 3 1 4 4 3 5 
Jibs_PC#7322460177411661824 roll 3
Jibs_PC#7322460177411661824 roll 1
DICE 3 1 4 3 3 1 
Jibs_PC#7322460177411661824 endattack
Jibs_PC#7322460177411661824 nomove
CARD 34
Jibs_PC#7322460177411661824 trade 32 wildcard 3
Jibs_PC#7322460177411661824 placearmies 8 7
Jibs_PC#7322460177411661824 attack 8 9
Jibs_PC#7322460177411661824 roll 3
Jibs_PC#7322460177411661824 roll 1
DICE 3 1 2 1 0 0 
Jibs_PC#7322460177411661824 move 7
Jibs_PC#7322460177411661824 attack 9 4
Jibs_PC#7322460177411661824 roll 3
Jibs_PC#7322460177411661824 roll 1
DICE 3 1 5 1 0 3 
Jibs_PC#7322460177411661824 move 6
Jibs_PC#7322460177411661824 attack 4 3
Jibs_PC#7322460177411661824 roll 3
Jibs_PC#7322460177411661824 roll 1
DICE 3 1 4 4 3 3 
Jibs_PC#7322460177411661824 move 5
Jibs_PC#7322460177411661824 attack 3 1
Jibs_PC#7322460177411661824 roll 3
Jibs_PC#7322460177411661824 roll 1
DICE 3 1 4 2 0 2 
Jibs_PC#7322460177411661824 move 4
Jibs_PC#7322460177411661824 endattack
Jibs_PC#7322460177411661824 nomove
CARD 5
Jibs_PC#7322460177411661824 trade 22 18 8
Jibs_PC#7322460177411661824 placearmies 27 13
Jibs_PC#7322460177411661824 placearmies 27 2
Jibs_PC#7322460177411661824 attack 27 28
Jibs_PC#7322460177411661824 roll 3
Jibs_PC#7322460177411661824 roll 1
DICE 3 1 1 1 0 5 
Jibs_PC#7322460177411661824 roll 3
Jibs_PC#7322460177411661824 roll 1
DICE 3 1 5 4 2 3 
Jibs_PC#7322460177411661824 move 14
Jibs_PC#7322460177411661824 attack 28 16
Jibs_PC#7322460177411661824 roll 3
Jibs_PC#7322460177411661824 roll 1
DICE 3 1 4 3 0 1 
Jibs_PC#7322460177411661824 move 13
Jibs_PC#7322460177411661824 attack 16 20
Jibs_PC#7322460177411661824 roll 3
Jibs_PC#7322460177411661824 roll 1
DICE 3 1 1 1 0 0 
Jibs_PC#7322460177411661824 move 12
Jibs_PC#7322460177411661824 attack 20 22
Jibs_PC#7322460177411661824 roll 3
Jibs_PC#7322460177411661824 roll 1
DICE 3 1 2 2 2 1 
Jibs_PC#7322460177411661824 move 11
Jibs_PC#7322460177411661824 attack 22 21
Jibs_PC#7322460177411661824 roll 3
Jibs_PC#7322460177411661824 roll 2
DICE 3 2 3 0 0 2 1 
Jibs_PC#7322460177411661824 roll 3
Jibs_PC#7322460177411661824 roll 2
DICE 3 2 5 1 1 2 1 
Jibs_PC#7322460177411661824 roll 3
Jibs_PC#7322460177411661824 roll 1
DICE 3 1 4 1 0 4 
Jibs_PC#7322460177411661824 roll 3
Jibs_PC#7322460177411661824 roll 1
DICE 3 1 4 2 0 4 
Jibs_PC#7322460177411661824 roll 3
Jibs_PC#7322460177411661824 roll 1
DICE 3 1 3 3 1 1 
Jibs_PC#7322460177411661824 move 6
Jibs_PC#7322460177411661824 attack 21 12
Jibs_PC#7322460177411661824 roll 3
Jibs_PC#7322460177411661824 roll 1
DICE 3 1 4 4 3 0 
Jibs_PC#7322460177411661824 move 5
Jibs_PC#7322460177411661824 attack 12 13
Jibs_PC#7322460177411661824 roll 3
Jibs_PC#7322460177411661824 roll 1
DICE 3 1 5 0 0 1 
Jibs_PC#7322460177411661824 move 4
Jibs_PC#7322460177411661824 attack 13 11
Jibs_PC#7322460177411661824 roll 3
Jibs_PC#7322460177411661824 roll 1
DICE 3 1 4 3 0 5 
Jibs_PC#7322460177411661824 roll 2
Jibs_PC#7322460177411661824 roll 1
DICE 2 1 5 2 3 
Jibs_PC#7322460177411661824 endattack
Jibs_PC#7322460177411661824 nomove
CARD 17
Jibs_PC#7322460177411661824 placearmies 24 2
Jibs_PC#7322460177411661824 placearmies 14 1
Jibs_PC#7322460177411661824 attack 24 22
Jibs_PC#7322460177411661824 roll 3
Jibs_PC#7322460177411661824 roll 1
DICE 3 1 5 5 2 5 
Jibs_PC#7322460177411661824 roll 3
Jibs_PC#7322460177411661824 roll 1
DICE 3 1 4 2 0 5 
Jibs_PC#7322460177411661824 retreat
Jibs_PC#7322460177411661824 attack 24 21
Jibs_PC#7322460177411661824 roll 2
Jibs_PC#7322460177411661824 roll 1
DICE 2 1 5 3 4 
Jibs_PC#7322460177411661824 endattack
Jibs_PC#7322460177411661824 nomove
CARD 7
Jibs_PC#7322460177411661824 placearmies 10 3
Jibs_PC#7322460177411661824 attack 10 11
Jibs_PC#7322460177411661824 roll 3
Jibs_PC#7322460177411661824 roll 2
DICE 3 2 5 4 2 3 0 
Jibs_PC#7322460177411661824 attack 11 13
Jibs_PC#7322460177411661824 roll 2
Jibs_PC#7322460177411661824 roll 1
DICE 2 1 3 2 4 
Jibs_PC#7322460177411661824 retreat
Jibs_PC#7322460177411661824 endattack
Jibs_PC#7322460177411661824 nomove
CARD 41
Jibs_PC#7322460177411661824 placearmies 6 2
Jibs_PC#7322460177411661824 placearmies 6 1
Jibs_PC#7322460177411661824 attack 6 14
Jibs_PC#7322460177411661824 roll 3
Jibs_PC#7322460177411661824 roll 2
DICE 3 2 3 3 0 2 0 
Jibs_PC#7322460177411661824 move 6
Jibs_PC#7322460177411661824 attack 14 17
Jibs_PC#7322460177411661824 roll 3
Jibs_PC#7322460177411661824 roll 1
DICE 3 1 5 0 0 2 
Jibs_PC#7322460177411661824 move 5
Jibs_PC#7322460177411661824 attack 17 19
Jibs_PC#7322460177411661824 roll 3
Jibs_PC#7322460177411661824 roll 1
DICE 3 1 3 0 0 4 
Jibs_PC#7322460177411661824 roll 3
Jibs_PC#7322460177411661824 roll 1
DICE 3 1 3 2 2 4 
Jibs_PC#7322460177411661824 roll 2
Jibs_PC#7322460177411661824 roll 1
DICE 2 1 5 1 0 
Jibs_PC#7322460177411661824 endattack
Jibs_PC#7322460177411661824 nomove
CARD 19
Jibs_PC#7322460177411661824 placearmies 12 7
Jibs_PC#7322460177411661824 attack 12 11
Jibs_PC#7322460177411661824 roll 3
Jibs_PC#7322460177411661824 roll 2
DICE 3 2 5 2 2 0 0 
Jibs_PC#7322460177411661824 move 7
Jibs_PC#7322460177411661824 attack 11 10
Jibs_PC#7322460177411661824 roll 3
Jibs_PC#7322460177411661824 roll 1
DICE 3 1 5 3 3 4 
Jibs_PC#7322460177411661824 move 6
Jibs_PC#7322460177411661824 attack 10 5
Jibs_PC#7322460177411661824 roll 3
Jibs_PC#7322460177411661824 roll 2
DICE 3 2 3 0 0 4 2 
Jibs_PC#7322460177411661824 roll 3
Jibs_PC#7322460177411661824 roll 2
DICE 3 2 3 1 0 5 3 
Jibs_PC#7322460177411661824 retreat
Jibs_PC#7322460177411661824 endattack
Jibs_PC#7322460177411661824 nomove
CARD 25
Jibs_PC#7322460177411661824 placearmies 21 2
Jibs_PC#7322460177411661824 placearmies 21 1
Jibs_PC#7322460177411661824 attack 21 12
Jibs_PC#7322460177411661824 roll 3
Jibs_PC#7322460177411661824 roll 1
DICE 3 1 3 2 1 0 
Jibs_PC#7322460177411661824 move 4
Jibs_PC#7322460177411661824 endattack
Jibs_PC#7322460177411661824 nomove
CARD 20
Jibs_PC#7322460177411661824 trade 1 34 41
Jibs_PC#7322460177411661824 placearmies 5 13
Jibs_PC#7322460177411661824 attack 5 10
Jibs_PC#7322460177411661824 roll 3
Jibs_PC#7322460177411661824 roll 2
DICE 3 2 4 1 0 5 4 
Jibs_PC#7322460177411661824 roll 3
Jibs_PC#7322460177411661824 roll 2
DICE 3 2 5 4 1 2 0 
Jibs_PC#7322460177411661824 move 13
Jibs_PC#7322460177411661824 attack 10 12
Jibs_PC#7322460177411661824 roll 3
Jibs_PC#7322460177411661824 roll 2
DICE 3 2 3 3 2 5 5 
Jibs_PC#7322460177411661824 roll 3
Jibs_PC#7322460177411661824 roll 2
DICE 3 2 4 2 0 4 3 
Jibs_PC#7322460177411661824 roll 3
Jibs_PC#7322460177411661824 roll 2
DICE 3 2 5 1 1 1 0 
Jibs_PC#7322460177411661824 roll 3
Jibs_PC#7322460177411661824 roll 2
DICE 3 2 4 3 2 3 1 
Jibs_PC#7322460177411661824 move 8
Jibs_PC#7322460177411661824 attack 12 13
Jibs_PC#7322460177411661824 roll 3
Jibs_PC#7322460177411661824 roll 1
DICE 3 1 5 2 1 3 
Jibs_PC#7322460177411661824 move 5
Jibs_PC#7322460177411661824 attack 13 11
Jibs_PC#7322460177411661824 roll 3
Jibs_PC#7322460177411661824 roll 1
DICE 3 1 5 4 3 4 
Jibs_PC#7322460177411661824 move 3
Jibs_PC#7322460177411661824 endattack
Jibs_PC#7322460177411661824 movearmies 13 12 1
CARD 27
Jibs_PC#7322460177411661824 placearmies 9 4
Jibs_PC#7322460177411661824 attack 9 5
Jibs_PC#7322460177411661824 roll 3
Jibs_PC#7322460177411661824 roll 1
DICE 3 1 5 4 2 2 
Jibs_PC#7322460177411661824 move 4
Jibs_PC#7322460177411661824 attack 5 10
Jibs_PC#7322460177411661824 roll 3
Jibs_PC#7322460177411661824 roll 1
DICE 3 1 2 1 0 3 
Jibs_PC#7322460177411661824 roll 2
Jibs_PC#7322460177411661824 roll 1
DICE 2 1 5 3 5 
Jibs_PC#7322460177411661824 retreat
Jibs_PC#7322460177411661824 endattack
Jibs_PC#7322460177411661824 nomove
CARD 24
Jibs_PC#7322460177411661824 trade 14 23 25
Jibs_PC#7322460177411661824 placearmies 38 8
Jibs_PC#7322460177411661824 placearmies 16 7
Jibs_PC#7322460177411661824 placearmies 38 1
Jibs_PC#7322460177411661824 attack 38 1
Jibs_PC#7322460177411661824 roll 3
Jibs_PC#7322460177411661824 roll 2
DICE 3 2 5 2 1 5 1 
Jibs_PC#7322460177411661824 roll 3
Jibs_PC#7322460177411661824 roll 2
DICE 3 2 3 1 0 2 0 
Jibs_PC#7322460177411661824 roll 3
Jibs_PC#7322460177411661824 roll 1
DICE 3 1 5 3 1 4 
Jibs_PC#7322460177411661824 move 8
Jibs_PC#7322460177411661824 attack 16 18
Jibs_PC#7322460177411661824 roll 3
Jibs_PC#7322460177411661824 roll 1
DICE 3 1 4 3 0 1 
Jibs_PC#7322460177411661824 move 7
Jibs_PC#7322460177411661824 attack 18 19
Jibs_PC#7322460177411661824 roll 3
Jibs_PC#7322460177411661824 roll 2
DICE 3 2 5 1 0 3 1 
Jibs_PC#7322460177411661824 roll 3
Jibs_PC#7322460177411661824 roll 1
DICE 3 1 4 3 2 4 
Jibs_PC#7322460177411661824 roll 3
Jibs_PC#7322460177411661824 roll 1
DICE 3 1 5 4 0 3 
Jibs_PC#7322460177411661824 move 4
Jibs_PC#7322460177411661824 attack 19 17
Jibs_PC#7322460177411661824 roll 3
Jibs_PC#7322460177411661824 roll 1
DICE 3 1 4 2 1 3 
Jibs_PC#7322460177411661824 attack 17 15
Jibs_PC#7322460177411661824 roll 2
Jibs_PC#7322460177411661824 roll 1
DICE 2 1 3 2 5 
Jibs_PC#7322460177411661824 retreat
Jibs_PC#7322460177411661824 attack 1 3
Jibs_PC#7322460177411661824 roll 3
Jibs_PC#7322460177411661824 roll 1
DICE 3 1 3 1 0 3 
Jibs_PC#7322460177411661824 roll 3
Jibs_PC#7322460177411661824 roll 1
DICE 3 1 2 1 1 5 
Jibs_PC#7322460177411661824 roll 3
Jibs_PC#7322460177411661824 roll 1
DICE 3 1 3 2 2 0 
Jibs_PC#7322460177411661824 move 5
Jibs_PC#7322460177411661824 attack 3 7
Jibs_PC#7322460177411661824 roll 3
Jibs_PC#7322460177411661824 roll 1
DICE 3 1 3 3 2 1 
Jibs_PC#7322460177411661824 move 4
Jibs_PC#7322460177411661824 endattack
Jibs_PC#7322460177411661824 nomove
CARD 29
Jibs_PC#7322460177411661824 trade 11 7 20
Jibs_PC#7322460177411661824 placearmies 24 3
Jibs_PC#7322460177411661824 placearmies 24 1
Jibs_PC#7322460177411661824 placearmies 24 5
Jibs_PC#7322460177411661824 attack 24 22
Jibs_PC#7322460177411661824 roll 3
Jibs_PC#7322460177411661824 roll 1
DICE 3 1 5 5 0 0 
Jibs_PC#7322460177411661824 move 9
Jibs_PC#7322460177411661824 attack 22 20
Jibs_PC#7322460177411661824 roll 3
Jibs_PC#7322460177411661824 roll 1
DICE 3 1 4 3 1 0 
Jibs_PC#7322460177411661824 move 7
Jibs_PC#7322460177411661824 attack 20 19
Jibs_PC#7322460177411661824 roll 3
Jibs_PC#7322460177411661824 roll 1
DICE 3 1 4 4 2 4 
Jibs_PC#7322460177411661824 roll 3
Jibs_PC#7322460177411661824 roll 1
DICE 3 1 3 3 2 2 
Jibs_PC#7322460177411661824 move 5
Jibs_PC#7322460177411661824 attack 19 18
Jibs_PC#7322460177411661824 roll 3
Jibs_PC#7322460177411661824 roll 1
DICE 3 1 4 4 3 5 
Jibs_PC#7322460177411661824 roll 3
Jibs_PC#7322460177411661824 roll 1
DICE 3 1 5 2 2 5 
Jibs_PC#7322460177411661824 roll 2
Jibs_PC#7322460177411661824 roll 1
DICE 2 1 4 2 0 
Jibs_PC#7322460177411661824 endattack
Jibs_PC#7322460177411661824 nomove
CARD 13
Jibs_PC#7322460177411661824 placearmies 10 1
Jibs_PC#7322460177411661824 placearmies 35 4
Jibs_PC#7322460177411661824 attack 12 21
Jibs_PC#7322460177411661824 roll 3
Jibs_PC#7322460177411661824 roll 1
DICE 3 1 5 5 1 0 
Jibs_PC#7322460177411661824 attack 35 38
Jibs_PC#7322460177411661824 roll 3
Jibs_PC#7322460177411661824 roll 1
DICE 3 1 5 4 0 1 
Jibs_PC#7322460177411661824 move 7
Jibs_PC#7322460177411661824 attack 38 36
Jibs_PC#7322460177411661824 roll 3
Jibs_PC#7322460177411661824 roll 2
DICE 3 2 2 2 0 5 3 
Jibs_PC#7322460177411661824 roll 3
Jibs_PC#7322460177411661824 roll 2
DICE 3 2 5 5 2 3 0 
Jibs_PC#7322460177411661824 move 4
Jibs_PC#7322460177411661824 attack 36 29
Jibs_PC#7322460177411661824 roll 3
Jibs_PC#7322460177411661824 roll 1
DICE 3 1 5 2 1 5 
Jibs_PC#7322460177411661824 roll 2
Jibs_PC#7322460177411661824 roll 1
DICE 2 1 5 3 4 
Jibs_PC#7322460177411661824 endattack
Jibs_PC#7322460177411661824 movearmies 21 12 2
CARD 40
Jibs_PC#7322460177411661824 trade 5 19 24
Jibs_PC#7322460177411661824 placearmies 31 11
Jibs_PC#7322460177411661824 placearmies 31 1
Jibs_PC#7322460177411661824 placearmies 31 1
Jibs_PC#7322460177411661824 attack 31 32
Jibs_PC#7322460177411661824 roll 3
Jibs_PC#7322460177411661824 roll 1
DICE 3 1 5 5 0 3 
Jibs_PC#7322460177411661824 move 14
Jibs_PC#7322460177411661824 attack 32 33
Jibs_PC#7322460177411661824 roll 3
Jibs_PC#7322460177411661824 roll 2
DICE 3 2 4 2 0 5 2 
Jibs_PC#7322460177411661824 roll 3
Jibs_PC#7322460177411661824 roll 2
DICE 3 2 2 1 0 1 0 
Jibs_PC#7322460177411661824 move 11
Jibs_PC#7322460177411661824 attack 33 39
Jibs_PC#7322460177411661824 roll 3
Jibs_PC#7322460177411661824 roll 1
DICE 3 1 4 4 2 2 
Jibs_PC#7322460177411661824 move 10
Jibs_PC#7322460177411661824 attack 5 10
Jibs_PC#7322460177411661824 roll 3
Jibs_PC#7322460177411661824 roll 2
DICE 3 2 5 1 0 4 4 
Jibs_PC#7322460177411661824 roll 2
Jibs_PC#7322460177411661824 roll 1
DICE 2 1 4 2 4 
Jibs_PC#7322460177411661824 retreat
Jibs_PC#7322460177411661824 attack 39 41
Jibs_PC#7322460177411661824 roll 3
Jibs_PC#7322460177411661824 roll 1
DICE 3 1 4 3 2 1 
Jibs_PC#7322460177411661824 move 9
Jibs_PC#7322460177411661824 attack 41 42
Jibs_PC#7322460177411661824 roll 3
Jibs_PC#7322460177411661824 roll 1
DICE 3 1 4 3 3 2 
Jibs_PC#7322460177411661824 move 6
Jibs_PC#7322460177411661824 attack 42 40
Jibs_PC#7322460177411661824 roll 3
Jibs_PC#7322460177411661824 roll 2
DICE 3 2 3 3 0 5 1 
Jibs_PC#7322460177411661824 roll 3
Jibs_PC#7322460177411661824 roll 1
DICE 3 1 1 1 0 0 
Jibs_PC#7322460177411661824 move 3
Jibs_PC#7322460177411661824 endattack
Jibs_PC#7322460177411661824 movearmies 40 39 1
CARD 6
Jibs_PC#7322460177411661824 placearmies 7 3
Jibs_PC#7322460177411661824 attack 7 9
Jibs_PC#7322460177411661824 roll 3
Jibs_PC#7322460177411661824 roll 1
DICE 3 1 4 2 0 2 
Jibs_PC#7322460177411661824 move 6
Jibs_PC#7322460177411661824 attack 9 5
Jibs_PC#7322460177411661824 roll 3
Jibs_PC#7322460177411661824 roll 2
DICE 3 2 5 4 3 4 0 
Jibs_PC#7322460177411661824 move 5
Jibs_PC#7322460177411661824 attack 5 10
Jibs_PC#7322460177411661824 roll 3
Jibs_PC#7322460177411661824 roll 1
DICE 3 1 5 3 1 2 
Jibs_PC#7322460177411661824 move 4
Jibs_PC#7322460177411661824 endattack
Jibs_PC#7322460177411661824 nomove
CARD 15
Jibs_PC#7322460177411661824 placearmies 22 2
Jibs_PC#7322460177411661824 placearmies 22 1
Jibs_PC#7322460177411661824 attack 22 21
Jibs_PC#7322460177411661824 roll 3
Jibs_PC#7322460177411661824 roll 1
DICE 3 1 5 1 1 2 
Jibs_PC#7322460177411661824 move 3
Jibs_PC#7322460177411661824 endattack
Jibs_PC#7322460177411661824 nomove
CARD wildcard
Jibs_PC#7322460177411661824 placearmies 29 2
Jibs_PC#7322460177411661824 placearmies 29 1
Jibs_PC#7322460177411661824 attack 29 33
Jibs_PC#7322460177411661824 roll 3
Jibs_PC#7322460177411661824 roll 1
DICE 3 1 2 1 0 4 
Jibs_PC#7322460177411661824 roll 3
Jibs_PC#7322460177411661824 roll 1
DICE 3 1 4 3 2 5 
Jibs_PC#7322460177411661824 retreat
Jibs_PC#7322460177411661824 attack 29 33
Jibs_PC#7322460177411661824 roll 2
Jibs_PC#7322460177411661824 roll 1
DICE 2 1 2 2 5 
Jibs_PC#7322460177411661824 retreat
Jibs_PC#7322460177411661824 attack 12 21
Jibs_PC#7322460177411661824 roll 2
Jibs_PC#7322460177411661824 roll 2
DICE 2 2 3 0 5 3 
Jibs_PC#7322460177411661824 attack 11 10
Jibs_PC#7322460177411661824 roll 2
Jibs_PC#7322460177411661824 roll 2
DICE 2 2 5 1 2 1 
Jibs_PC#7322460177411661824 retreat
Jibs_PC#7322460177411661824 endattack
Jibs_PC#7322460177411661824 nomove
CARD 
Jibs_PC#7322460177411661824 placearmies 8 6
Jibs_PC#7322460177411661824 attack 8 9
Jibs_PC#7322460177411661824 roll 3
Jibs_PC#7322460177411661824 roll 1
DICE 3 1 5 0 0 5 
Jibs_PC#7322460177411661824 roll 3
Jibs_PC#7322460177411661824 roll 1
DICE 3 1 5 2 0 3 
Jibs_PC#7322460177411661824 move 5
Jibs_PC#7322460177411661824 attack 9 7
Jibs_PC#7322460177411661824 roll 3
Jibs_PC#7322460177411661824 roll 1
DICE 3 1 5 4 1 0 
Jibs_PC#7322460177411661824 move 4
Jibs_PC#7322460177411661824 attack 7 3
Jibs_PC#7322460177411661824 roll 3
Jibs_PC#7322460177411661824 roll 1
DICE 3 1 5 5 0 4 
Jibs_PC#7322460177411661824 attack 3 1
Jibs_PC#7322460177411661824 roll 2
Jibs_PC#7322460177411661824 roll 1
DICE 2 1 4 1 3 
Jibs_PC#7322460177411661824 endattack
Jibs_PC#7322460177411661824 movearmies 39 33 1
CARD 10
Jibs_PC#7322460177411661824 trade 26 17 15
Jibs_PC#7322460177411661824 placearmies 17 12
Jibs_PC#7322460177411661824 placearmies 17 1
Jibs_PC#7322460177411661824 attack 17 19
Jibs_PC#7322460177411661824 roll 3
Jibs_PC#7322460177411661824 roll 1
DICE 3 1 2 0 0 3 
Jibs_PC#7322460177411661824 roll 3
Jibs_PC#7322460177411661824 roll 1
DICE 3 1 2 2 1 3 
Jibs_PC#7322460177411661824 roll 3
Jibs_PC#7322460177411661824 roll 1
DICE 3 1 5 2 2 5 
Jibs_PC#7322460177411661824 roll 3
Jibs_PC#7322460177411661824 roll 1
DICE 3 1 4 1 0 1 
Jibs_PC#7322460177411661824 move 13
Jibs_PC#7322460177411661824 attack 19 21
Jibs_PC#7322460177411661824 roll 3
Jibs_PC#7322460177411661824 roll 2
DICE 3 2 4 4 2 5 2 
Jibs_PC#7322460177411661824 roll 3
Jibs_PC#7322460177411661824 roll 2
DICE 3 2 3 0 0 3 0 
Jibs_PC#7322460177411661824 roll 3
Jibs_PC#7322460177411661824 roll 2
DICE 3 2 3 3 2 3 1 
Jibs_PC#7322460177411661824 roll 3
Jibs_PC#7322460177411661824 roll 1
DICE 3 1 5 3 0 0 
Jibs_PC#7322460177411661824 move 8
Jibs_PC#7322460177411661824 attack 10 12
Jibs_PC#7322460177411661824 roll 2
Jibs_PC#7322460177411661824 roll 1
DICE 2 1 2 2 1 
Jibs_PC#7322460177411661824 attack 21 24
Jibs_PC#7322460177411661824 roll 3
Jibs_PC#7322460177411661824 roll 1
DICE 3 1 5 5 3 5 
Jibs_PC#7322460177411661824 roll 3
Jibs_PC#7322460177411661824 roll 1
DICE 3 1 5 2 0 1 
Jibs_PC#7322460177411661824 move 6
Jibs_PC#7322460177411661824 attack 24 26
Jibs_PC#7322460177411661824 roll 3
Jibs_PC#7322460177411661824 roll 1
DICE 3 1 5 4 3 0 
Jibs_PC#7322460177411661824 move 5
Jibs_PC#7322460177411661824 attack 26 25
Jibs_PC#7322460177411661824 roll 3
Jibs_PC#7322460177411661824 roll 1
DICE 3 1 1 1 0 4 
Jibs_PC#7322460177411661824 roll 3
Jibs_PC#7322460177411661824 roll 1
DICE 3 1 5 4 1 1 
Jibs_PC#7322460177411661824 attack 25 23
Jibs_PC#7322460177411661824 roll 2
Jibs_PC#7322460177411661824 roll 1
DICE 2 1 5 2 0 
Jibs_PC#7322460177411661824 endattack
Jibs_PC#7322460177411661824 movearmies 23 24 1
CARD 42
Jibs_PC#7322460177411661824 trade 36 13 wildcard
Jibs_PC#7322460177411661824 placearmies 30 12
Jibs_PC#7322460177411661824 placearmies 30 1
Jibs_PC#7322460177411661824 attack 30 32
Jibs_PC#7322460177411661824 roll 3
Jibs_PC#7322460177411661824 roll 1
DICE 3 1 4 1 0 2 
Jibs_PC#7322460177411661824 move 13
Jibs_PC#7322460177411661824 attack 32 33
Jibs_PC#7322460177411661824 roll 3
Jibs_PC#7322460177411661824 roll 2
DICE 3 2 5 3 1 5 4 
Jibs_PC#7322460177411661824 roll 3
Jibs_PC#7322460177411661824 roll 2
DICE 3 2 4 3 2 5 2 
Jibs_PC#7322460177411661824 roll 3
Jibs_PC#7322460177411661824 roll 1
DICE 3 1 4 2 1 0 
Jibs_PC#7322460177411661824 move 9
Jibs_PC#7322460177411661824 attack 33 39
Jibs_PC#7322460177411661824 roll 3
Jibs_PC#7322460177411661824 roll 1
DICE 3 1 5 4 4 5 
Jibs_PC#7322460177411661824 roll 3
Jibs_PC#7322460177411661824 roll 1
DICE 3 1 5 5 4 5 
Jibs_PC#7322460177411661824 roll 3
Jibs_PC#7322460177411661824 roll 1
DICE 3 1 4 1 0 2 
Jibs_PC#7322460177411661824 move 6
Jibs_PC#7322460177411661824 attack 39 40
Jibs_PC#7322460177411661824 roll 3
Jibs_PC#7322460177411661824 roll 2
DICE 3 2 3 2 1 5 3 
Jibs_PC#7322460177411661824 roll 3
Jibs_PC#7322460177411661824 roll 2
DICE 3 2 5 2 1 1 0 
Jibs_PC#7322460177411661824 endattack
Jibs_PC#7322460177411661824 nomove
CARD 35
Jibs_PC#7322460177411661824 placearmies 11 2
Jibs_PC#7322460177411661824 placearmies 11 1
Jibs_PC#7322460177411661824 attack 11 10
Jibs_PC#7322460177411661824 roll 3
Jibs_PC#7322460177411661824 roll 1
DICE 3 1 2 0 0 4 
Jibs_PC#7322460177411661824 roll 3
Jibs_PC#7322460177411661824 roll 1
DICE 3 1 5 4 2 5 
Jibs_PC#7322460177411661824 roll 2
Jibs_PC#7322460177411661824 roll 1
DICE 2 1 4 0 5 
Jibs_PC#7322460177411661824 retreat
Jibs_PC#7322460177411661824 endattack
Jibs_PC#7322460177411661824 nomove
CARD 
Jibs_PC#7322460177411661824 placearmies 4 4
Jibs_PC#7322460177411661824 attack 4 5
Jibs_PC#7322460177411661824 roll 3
Jibs_PC#7322460177411661824 roll 1
DICE 3 1 5 3 1 2 
Jibs_PC#7322460177411661824 move 4
Jibs_PC#7322460177411661824 attack 41 39
Jibs_PC#7322460177411661824 roll 2
Jibs_PC#7322460177411661824 roll 1
DICE 2 1 0 0 3 
Jibs_PC#7322460177411661824 retreat
Jibs_PC#7322460177411661824 endattack
Jibs_PC#7322460177411661824 nomove
CARD 21
Jibs_PC#7322460177411661824 placearmies 24 4
Jibs_PC#7322460177411661824 attack 24 22
Jibs_PC#7322460177411661824 roll 3
Jibs_PC#7322460177411661824 roll 2
DICE 3 2 5 3 2 1 1 
Jibs_PC#7322460177411661824 move 5
Jibs_PC#7322460177411661824 attack 22 20
Jibs_PC#7322460177411661824 roll 3
Jibs_PC#7322460177411661824 roll 1
DICE 3 1 3 3 1 5 
Jibs_PC#7322460177411661824 roll 3
Jibs_PC#7322460177411661824 roll 1
DICE 3 1 4 4 0 0 
Jibs_PC#7322460177411661824 endattack
Jibs_PC#7322460177411661824 nomove
CARD 11
Jibs_PC#7322460177411661824 placearmies 40 2
Jibs_PC#7322460177411661824 placearmies 40 1
Jibs_PC#7322460177411661824 attack 40 41
Jibs_PC#7322460177411661824 roll 3
Jibs_PC#7322460177411661824 roll 2
DICE 3 2 4 2 1 4 2 
Jibs_PC#7322460177411661824 roll 3
Jibs_PC#7322460177411661824 roll 2
DICE 3 2 5 1 0 2 2 
Jibs_PC#7322460177411661824 roll 2
Jibs_PC#7322460177411661824 roll 1
DICE 2 1 4 0 3 
Jibs_PC#7322460177411661824 endattack
Jibs_PC#7322460177411661824 nomove
CARD 30
Jibs_PC#7322460177411661824 placearmies 11 2
Jibs_PC#7322460177411661824 placearmies 11 1
Jibs_PC#7322460177411661824 attack 11 12
Jibs_PC#7322460177411661824 roll 3
Jibs_PC#7322460177411661824 roll 2
DICE 3 2 5 5 1 4 1 
Jibs_PC#7322460177411661824 move 4
Jibs_PC#7322460177411661824 attack 12 10
Jibs_PC#7322460177411661824 roll 3
Jibs_PC#7322460177411661824 roll 1
DICE 3 1 3 0 0 2 
Jibs_PC#7322460177411661824 endattack
Jibs_PC#7322460177411661824 nomove
CARD 38
Jibs_PC#7322460177411661824 trade 6 10 21
Jibs_PC#7322460177411661824 placearmies 31 17
Jibs_PC#7322460177411661824 placearmies 31 2
Jibs_PC#7322460177411661824 attack 31 22
Jibs_PC#7322460177411661824 roll 3
Jibs_PC#7322460177411661824 roll 1
DICE 3 1 3 1 1 4 
Jibs_PC#7322460177411661824 roll 3
Jibs_PC#7322460177411661824 roll 1
DICE 3 1 5 5 3 5 
Jibs_PC#7322460177411661824 roll 3
Jibs_PC#7322460177411661824 roll 1
DICE 3 1 5 5 2 1 
Jibs_PC#7322460177411661824 move 17
Jibs_PC#7322460177411661824 attack 22 21
Jibs_PC#7322460177411661824 roll 3
Jibs_PC#7322460177411661824 roll 1
DICE 3 1 5 0 0 3 
Jibs_PC#7322460177411661824 move 16
Jibs_PC#7322460177411661824 attack 21 12
Jibs_PC#7322460177411661824 roll 3
Jibs_PC#7322460177411661824 roll 1
DICE 3 1 1 0 0 3 
Jibs_PC#7322460177411661824 roll 3
Jibs_PC#7322460177411661824 roll 1
DICE 3 1 4 3 0 3 
Jibs_PC#7322460177411661824 move 14
Jibs_PC#7322460177411661824 attack 12 13
Jibs_PC#7322460177411661824 roll 3
Jibs_PC#7322460177411661824 roll 1
DICE 3 1 5 3 2 4 
Jibs_PC#7322460177411661824 move 12
Jibs_PC#7322460177411661824 attack 13 11
Jibs_PC#7322460177411661824 roll 3
Jibs_PC#7322460177411661824 roll 1
DICE 3 1 5 4 4 1 
Jibs_PC#7322460177411661824 move 11
Jibs_PC#7322460177411661824 attack 11 10
Jibs_PC#7322460177411661824 roll 3
Jibs_PC#7322460177411661824 roll 2
DICE 3 2 4 4 0 4 0 
Jibs_PC#7322460177411661824 roll 3
Jibs_PC#7322460177411661824 roll 2
DICE 3 2 3 2 1 5 4 
Jibs_PC#7322460177411661824 roll 3
Jibs_PC#7322460177411661824 roll 2
DICE 3 2 4 3 0 3 2 
Jibs_PC#7322460177411661824 move 3
Jibs_PC#7322460177411661824 endattack
Jibs_PC#7322460177411661824 movearmies 6 14 2
CARD 33
Jibs_PC#7322460177411661824 placearmies 20 2
Jibs_PC#7322460177411661824 placearmies 20 1
Jibs_PC#7322460177411661824 attack 20 21
Jibs_PC#7322460177411661824 roll 3
Jibs_PC#7322460177411661824 roll 1
DICE 3 1 5 4 3 4 
Jibs_PC#7322460177411661824 move 5
Jibs_PC#7322460177411661824 attack 21 12
Jibs_PC#7322460177411661824 roll 3
Jibs_PC#7322460177411661824 roll 2
DICE 3 2 5 4 1 2 1 
Jibs_PC#7322460177411661824 move 4
Jibs_PC#7322460177411661824 attack 12 13
Jibs_PC#7322460177411661824 roll 3
Jibs_PC#7322460177411661824 roll 1
DICE 3 1 4 2 0 2 
Jibs_PC#7322460177411661824 endattack
Jibs_PC#7322460177411661824 nomove
CARD wildcard
Jibs_PC#7322460177411661824 placearmies 18 2
Jibs_PC#7322460177411661824 placearmies 18 1
Jibs_PC#7322460177411661824 attack 18 16
Jibs_PC#7322460177411661824 roll 3
Jibs_PC#7322460177411661824 roll 1
DICE 3 1 4 4 1 4 
Jibs_PC#7322460177411661824 roll 3
Jibs_PC#7322460177411661824 roll 1
DICE 3 1 2 2 1 1 
Jibs_PC#7322460177411661824 endattack
Jibs_PC#7322460177411661824 nomove
CARD 36
Jibs_PC#7322460177411661824 placearmies 29 2
Jibs_PC#7322460177411661824 placearmies 29 1
Jibs_PC#7322460177411661824 attack 29 27
Jibs_PC#7322460177411661824 roll 3
Jibs_PC#7322460177411661824 roll 1
DICE 3 1 5 2 0 1 
Jibs_PC#7322460177411661824 move 4
Jibs_PC#7322460177411661824 attack 27 28
Jibs_PC#7322460177411661824 roll 3
Jibs_PC#7322460177411661824 roll 1
DICE 3 1 3 0 0 2 
Jibs_PC#7322460177411661824 attack 28 30
Jibs_PC#7322460177411661824 roll 2
Jibs_PC#7322460177411661824 roll 1
DICE 2 1 4 0 3 
Jibs_PC#7322460177411661824 endattack
Jibs_PC#7322460177411661824 nomove
CARD 32
Jibs_PC#7322460177411661824 placearmies 10 8
Jibs_PC#7322460177411661824 placearmies 42 2
Jibs_PC#7322460177411661824 attack 10 12
Jibs_PC#7322460177411661824 roll 3
Jibs_PC#7322460177411661824 roll 1
DICE 3 1 3 1 0 3 
Jibs_PC#7322460177411661824 roll 3
Jibs_PC#7322460177411661824 roll 1
DICE 3 1 5 4 3 2 
Jibs_PC#7322460177411661824 move 9
Jibs_PC#7322460177411661824 attack 11 13
Jibs_PC#7322460177411661824 roll 3
Jibs_PC#7322460177411661824 roll 2
DICE 3 2 5 2 2 3 2 
Jibs_PC#7322460177411661824 roll 3
Jibs_PC#7322460177411661824 roll 2
DICE 3 2 5 3 1 2 1 
Jibs_PC#7322460177411661824 attack 12 21
Jibs_PC#7322460177411661824 roll 3
Jibs_PC#7322460177411661824 roll 1
DICE 3 1 5 1 1 4 
Jibs_PC#7322460177411661824 move 8
Jibs_PC#7322460177411661824 attack 21 24
Jibs_PC#7322460177411661824 roll 3
Jibs_PC#7322460177411661824 roll 1
DICE 3 1 5 1 0 0 
Jibs_PC#7322460177411661824 move 6
Jibs_PC#7322460177411661824 attack 24 26
Jibs_PC#7322460177411661824 roll 3
Jibs_PC#7322460177411661824 roll 1
DICE 3 1 3 2 0 0 
Jibs_PC#7322460177411661824 move 5
Jibs_PC#7322460177411661824 attack 26 25
Jibs_PC#7322460177411661824 roll 3
Jibs_PC#7322460177411661824 roll 1
DICE 3 1 1 0 0 0 
Jibs_PC#7322460177411661824 move 4
Jibs_PC#7322460177411661824 attack 25 23
Jibs_PC#7322460177411661824 roll 3
Jibs_PC#7322460177411661824 roll 1
DICE 3 1 3 1 0 0 
