Jibs_PC#6721604732933794816 newplayer ai hard green s0914007
Jibs_PC#6721604732933794816 newplayer ai hard blue bob
Jibs_PC#6721604732933794816 newplayer ai hard red fred
Jibs_PC#6721604732933794816 newplayer ai hard cyan ted
Jibs_PC#6721604732933794816 newplayer ai hard magenta yura
Jibs_PC#6721604732933794816 newplayer ai hard yellow lala
Jibs_PC#6721604732933794816 startgame mission fixed autoplaceall recycle
PLAYER bob
MISSION 0 4 2 0 0 0
PLACEALL 6 33 40 28 29 35 21 11 27 3 42 9 12 20 38 36 4 16 37 18 5 8 17 32 2 7 19 15 26 41 25 39 23 22 30 31 10 24 13 34 1 14
Jibs_PC#6721604732933794816 placearmies 6 1
CARD 
Jibs_PC#6721604732933794816 placearmies 39 1
CARD 
Jibs_PC#6721604732933794816 placearmies 40 1
CARD 
Jibs_PC#6721604732933794816 placearmies 8 1
CARD 
Jibs_PC#6721604732933794816 placearmies 42 1
CARD 
Jibs_PC#6721604732933794816 placearmies 9 1
CARD 
Jibs_PC#6721604732933794816 placearmies 12 1
CARD 
Jibs_PC#6721604732933794816 placearmies 39 1
CARD 
Jibs_PC#6721604732933794816 placearmies 40 1
CARD 
Jibs_PC#6721604732933794816 placearmies 36 1
CARD 
Jibs_PC#6721604732933794816 placearmies 42 1
CARD 
Jibs_PC#6721604732933794816 placearmies 9 1
CARD 
Jibs_PC#6721604732933794816 placearmies 12 1
CARD 
Jibs_PC#6721604732933794816 placearmies 39 1
CARD 
Jibs_PC#6721604732933794816 placearmies 40 1
CARD 
Jibs_PC#6721604732933794816 placearmies 22 1
CARD 
Jibs_PC#6721604732933794816 placearmies 42 1
CARD 
Jibs_PC#6721604732933794816 placearmies 9 1
CARD 
Jibs_PC#6721604732933794816 placearmies 12 1
CARD 
Jibs_PC#6721604732933794816 placearmies 39 1
CARD 
Jibs_PC#6721604732933794816 placearmies 40 1
CARD 
Jibs_PC#6721604732933794816 placearmies 36 1
CARD 
Jibs_PC#6721604732933794816 placearmies 42 1
CARD 
Jibs_PC#6721604732933794816 placearmies 9 1
CARD 
Jibs_PC#6721604732933794816 placearmies 12 1
CARD 
Jibs_PC#6721604732933794816 placearmies 39 1
CARD 
Jibs_PC#6721604732933794816 placearmies 40 1
CARD 
Jibs_PC#6721604732933794816 placearmies 36 1
CARD 
Jibs_PC#6721604732933794816 placearmies 42 1
CARD 
Jibs_PC#6721604732933794816 placearmies 9 1
CARD 
Jibs_PC#6721604732933794816 placearmies 12 1
CARD 
Jibs_PC#6721604732933794816 placearmies 39 1
CARD 
Jibs_PC#6721604732933794816 placearmies 19 1
CARD 
Jibs_PC#6721604732933794816 placearmies 36 1
CARD 
Jibs_PC#6721604732933794816 placearmies 42 1
CARD 
Jibs_PC#6721604732933794816 placearmies 9 1
CARD 
Jibs_PC#6721604732933794816 placearmies 12 1
CARD 
Jibs_PC#6721604732933794816 placearmies 39 1
CARD 
Jibs_PC#6721604732933794816 placearmies 19 1
CARD 
Jibs_PC#6721604732933794816 placearmies 36 1
CARD 
Jibs_PC#6721604732933794816 placearmies 4 1
CARD 
Jibs_PC#6721604732933794816 placearmies 9 1
CARD 
Jibs_PC#6721604732933794816 placearmies 12 1
CARD 
Jibs_PC#6721604732933794816 placearmies 39 1
CARD 
Jibs_PC#6721604732933794816 placearmies 19 1
CARD 
Jibs_PC#6721604732933794816 placearmies 36 1
CARD 
Jibs_PC#6721604732933794816 placearmies 42 1
CARD 
Jibs_PC#6721604732933794816 placearmies 9 1
CARD 
Jibs_PC#6721604732933794816 placearmies 25 1
CARD 
Jibs_PC#6721604732933794816 placearmies 39 1
CARD 
Jibs_PC#6721604732933794816 placearmies 19 1
CARD 
Jibs_PC#6721604732933794816 placearmies 36 1
CARD 
Jibs_PC#6721604732933794816 placearmies 42 1
CARD 
Jibs_PC#6721604732933794816 placearmies 9 1
CARD 
Jibs_PC#6721604732933794816 placearmies 25 1
CARD 
Jibs_PC#6721604732933794816 placearmies 39 1
CARD 
Jibs_PC#6721604732933794816 placearmies 19 1
CARD 
Jibs_PC#6721604732933794816 placearmies 36 1
CARD 
Jibs_PC#6721604732933794816 placearmies 4 1
CARD 
Jibs_PC#6721604732933794816 placearmies 9 1
CARD 
Jibs_PC#6721604732933794816 placearmies 25 1
CARD 
Jibs_PC#6721604732933794816 placearmies 39 1
CARD 
Jibs_PC#6721604732933794816 placearmies 19 1
CARD 
Jibs_PC#6721604732933794816 placearmies 36 1
CARD 
Jibs_PC#6721604732933794816 placearmies 42 1
CARD 
Jibs_PC#6721604732933794816 placearmies 9 1
CARD 
Jibs_PC#6721604732933794816 placearmies 25 1
CARD 
Jibs_PC#6721604732933794816 placearmies 39 1
CARD 
Jibs_PC#6721604732933794816 placearmies 19 1
CARD 
Jibs_PC#6721604732933794816 placearmies 36 1
CARD 
Jibs_PC#6721604732933794816 placearmies 42 1
CARD 
Jibs_PC#6721604732933794816 placearmies 9 1
CARD 
Jibs_PC#6721604732933794816 placearmies 25 1
CARD 
Jibs_PC#6721604732933794816 placearmies 11 1
CARD 
Jibs_PC#6721604732933794816 placearmies 40 1
CARD 
Jibs_PC#6721604732933794816 placearmies 8 1
CARD 
Jibs_PC#6721604732933794816 placearmies 4 1
CARD 
Jibs_PC#6721604732933794816 placearmies 9 1
CARD 
Jibs_PC#6721604732933794816 placearmies 12 1
Jibs_PC#6721604732933794816 placearmies 25 2
Jibs_PC#6721604732933794816 attack 12 11
Jibs_PC#6721604732933794816 roll 3
Jibs_PC#6721604732933794816 roll 2
DICE 3 2 5 4 3 4 3 
Jibs_PC#6721604732933794816 move 5
Jibs_PC#6721604732933794816 attack 11 13
Jibs_PC#6721604732933794816 roll 3
Jibs_PC#6721604732933794816 roll 1
DICE 3 1 5 4 1 0 
Jibs_PC#6721604732933794816 move 3
Jibs_PC#6721604732933794816 attack 25 23
Jibs_PC#6721604732933794816 roll 3
Jibs_PC#6721604732933794816 roll 1
DICE 3 1 3 2 0 3 
Jibs_PC#6721604732933794816 roll 3
Jibs_PC#6721604732933794816 roll 1
DICE 3 1 5 3 2 4 
Jibs_PC#6721604732933794816 move 6
Jibs_PC#6721604732933794816 attack 23 24
Jibs_PC#6721604732933794816 roll 3
Jibs_PC#6721604732933794816 roll 1
DICE 3 1 2 1 0 2 
Jibs_PC#6721604732933794816 roll 3
Jibs_PC#6721604732933794816 roll 1
DICE 3 1 5 3 1 2 
Jibs_PC#6721604732933794816 move 4
Jibs_PC#6721604732933794816 attack 24 22
Jibs_PC#6721604732933794816 roll 3
Jibs_PC#6721604732933794816 roll 2
DICE 3 2 2 2 0 4 4 
Jibs_PC#6721604732933794816 retreat
Jibs_PC#6721604732933794816 endattack
Jibs_PC#6721604732933794816 movearmies 11 10 1
CARD 9
Jibs_PC#6721604732933794816 placearmies 39 1
Jibs_PC#6721604732933794816 placearmies 18 2
Jibs_PC#6721604732933794816 attack 39 40
Jibs_PC#6721604732933794816 roll 3
Jibs_PC#6721604732933794816 roll 2
DICE 3 2 4 2 1 1 0 
Jibs_PC#6721604732933794816 roll 3
Jibs_PC#6721604732933794816 roll 2
DICE 3 2 5 3 0 5 1 
Jibs_PC#6721604732933794816 roll 3
Jibs_PC#6721604732933794816 roll 2
DICE 3 2 3 2 0 1 1 
Jibs_PC#6721604732933794816 roll 3
Jibs_PC#6721604732933794816 roll 2
DICE 3 2 3 3 1 5 1 
Jibs_PC#6721604732933794816 roll 3
Jibs_PC#6721604732933794816 roll 1
DICE 3 1 3 2 0 1 
Jibs_PC#6721604732933794816 move 11
Jibs_PC#6721604732933794816 attack 40 41
Jibs_PC#6721604732933794816 roll 3
Jibs_PC#6721604732933794816 roll 1
DICE 3 1 5 3 1 1 
Jibs_PC#6721604732933794816 move 10
Jibs_PC#6721604732933794816 endattack
Jibs_PC#6721604732933794816 nomove
CARD 25
Jibs_PC#6721604732933794816 placearmies 19 3
Jibs_PC#6721604732933794816 attack 19 21
Jibs_PC#6721604732933794816 roll 3
Jibs_PC#6721604732933794816 roll 1
DICE 3 1 4 3 0 2 
Jibs_PC#6721604732933794816 move 10
Jibs_PC#6721604732933794816 attack 21 12
Jibs_PC#6721604732933794816 roll 3
Jibs_PC#6721604732933794816 roll 2
DICE 3 2 3 3 1 5 3 
Jibs_PC#6721604732933794816 roll 3
Jibs_PC#6721604732933794816 roll 2
DICE 3 2 5 0 0 2 0 
Jibs_PC#6721604732933794816 roll 3
Jibs_PC#6721604732933794816 roll 2
DICE 3 2 4 3 1 5 1 
Jibs_PC#6721604732933794816 roll 3
Jibs_PC#6721604732933794816 roll 2
DICE 3 2 4 1 0 3 1 
Jibs_PC#6721604732933794816 roll 3
Jibs_PC#6721604732933794816 roll 1
DICE 3 1 4 4 2 2 
Jibs_PC#6721604732933794816 move 4
Jibs_PC#6721604732933794816 endattack
Jibs_PC#6721604732933794816 nomove
CARD 8
Jibs_PC#6721604732933794816 placearmies 36 3
Jibs_PC#6721604732933794816 attack 36 38
Jibs_PC#6721604732933794816 roll 3
Jibs_PC#6721604732933794816 roll 1
DICE 3 1 5 4 2 1 
Jibs_PC#6721604732933794816 move 13
Jibs_PC#6721604732933794816 attack 38 35
Jibs_PC#6721604732933794816 roll 3
Jibs_PC#6721604732933794816 roll 1
DICE 3 1 5 5 2 0 
Jibs_PC#6721604732933794816 move 12
Jibs_PC#6721604732933794816 attack 35 27
Jibs_PC#6721604732933794816 roll 3
Jibs_PC#6721604732933794816 roll 1
DICE 3 1 5 2 0 1 
Jibs_PC#6721604732933794816 move 11
Jibs_PC#6721604732933794816 attack 27 29
Jibs_PC#6721604732933794816 roll 3
Jibs_PC#6721604732933794816 roll 1
DICE 3 1 4 4 3 5 
Jibs_PC#6721604732933794816 roll 3
Jibs_PC#6721604732933794816 roll 1
DICE 3 1 4 3 2 3 
Jibs_PC#6721604732933794816 move 9
Jibs_PC#6721604732933794816 attack 29 30
Jibs_PC#6721604732933794816 roll 3
Jibs_PC#6721604732933794816 roll 1
DICE 3 1 3 3 1 0 
Jibs_PC#6721604732933794816 move 8
Jibs_PC#6721604732933794816 attack 30 31
Jibs_PC#6721604732933794816 roll 3
Jibs_PC#6721604732933794816 roll 1
DICE 3 1 4 2 1 1 
Jibs_PC#6721604732933794816 move 7
Jibs_PC#6721604732933794816 attack 31 32
Jibs_PC#6721604732933794816 roll 3
Jibs_PC#6721604732933794816 roll 1
DICE 3 1 5 4 0 4 
Jibs_PC#6721604732933794816 move 6
Jibs_PC#6721604732933794816 attack 32 33
Jibs_PC#6721604732933794816 roll 3
Jibs_PC#6721604732933794816 roll 1
DICE 3 1 4 4 3 3 
Jibs_PC#6721604732933794816 move 5
Jibs_PC#6721604732933794816 endattack
Jibs_PC#6721604732933794816 nomove
CARD 30
Jibs_PC#6721604732933794816 placearmies 42 3
Jibs_PC#6721604732933794816 attack 42 41
Jibs_PC#6721604732933794816 roll 3
Jibs_PC#6721604732933794816 roll 2
DICE 3 2 3 1 1 3 1 
Jibs_PC#6721604732933794816 roll 3
Jibs_PC#6721604732933794816 roll 2
DICE 3 2 5 4 3 1 0 
Jibs_PC#6721604732933794816 roll 3
Jibs_PC#6721604732933794816 roll 2
DICE 3 2 4 3 2 5 5 
Jibs_PC#6721604732933794816 roll 3
Jibs_PC#6721604732933794816 roll 2
DICE 3 2 3 0 0 3 1 
Jibs_PC#6721604732933794816 roll 3
Jibs_PC#6721604732933794816 roll 2
DICE 3 2 5 4 3 5 4 
Jibs_PC#6721604732933794816 retreat
Jibs_PC#6721604732933794816 attack 42 40
Jibs_PC#6721604732933794816 roll 3
Jibs_PC#6721604732933794816 roll 1
DICE 3 1 2 2 0 4 
Jibs_PC#6721604732933794816 roll 3
Jibs_PC#6721604732933794816 roll 1
DICE 3 1 3 1 0 0 
Jibs_PC#6721604732933794816 move 4
Jibs_PC#6721604732933794816 endattack
Jibs_PC#6721604732933794816 nomove
CARD 13
Jibs_PC#6721604732933794816 placearmies 9 1
Jibs_PC#6721604732933794816 placearmies 9 1
Jibs_PC#6721604732933794816 placearmies 9 1
Jibs_PC#6721604732933794816 attack 9 4
Jibs_PC#6721604732933794816 roll 3
Jibs_PC#6721604732933794816 roll 2
DICE 3 2 2 1 1 5 1 
Jibs_PC#6721604732933794816 roll 3
Jibs_PC#6721604732933794816 roll 2
DICE 3 2 4 1 0 3 1 
Jibs_PC#6721604732933794816 roll 3
Jibs_PC#6721604732933794816 roll 2
DICE 3 2 4 2 0 3 0 
Jibs_PC#6721604732933794816 roll 3
Jibs_PC#6721604732933794816 roll 1
DICE 3 1 3 2 2 1 
Jibs_PC#6721604732933794816 move 13
Jibs_PC#6721604732933794816 attack 4 3
Jibs_PC#6721604732933794816 roll 3
Jibs_PC#6721604732933794816 roll 1
DICE 3 1 5 3 1 5 
Jibs_PC#6721604732933794816 roll 3
Jibs_PC#6721604732933794816 roll 1
DICE 3 1 4 3 0 4 
Jibs_PC#6721604732933794816 roll 3
Jibs_PC#6721604732933794816 roll 1
DICE 3 1 2 2 0 4 
Jibs_PC#6721604732933794816 roll 3
Jibs_PC#6721604732933794816 roll 1
DICE 3 1 2 1 0 2 
Jibs_PC#6721604732933794816 roll 3
Jibs_PC#6721604732933794816 roll 1
DICE 3 1 3 3 0 1 
Jibs_PC#6721604732933794816 move 8
Jibs_PC#6721604732933794816 attack 3 1
Jibs_PC#6721604732933794816 roll 3
Jibs_PC#6721604732933794816 roll 1
DICE 3 1 5 1 0 3 
Jibs_PC#6721604732933794816 move 7
Jibs_PC#6721604732933794816 attack 1 2
Jibs_PC#6721604732933794816 roll 3
Jibs_PC#6721604732933794816 roll 1
DICE 3 1 5 3 0 4 
Jibs_PC#6721604732933794816 move 6
Jibs_PC#6721604732933794816 attack 2 6
Jibs_PC#6721604732933794816 roll 3
Jibs_PC#6721604732933794816 roll 2
DICE 3 2 2 0 0 4 0 
Jibs_PC#6721604732933794816 roll 3
Jibs_PC#6721604732933794816 roll 2
DICE 3 2 3 2 0 2 0 
Jibs_PC#6721604732933794816 attack 6 7
Jibs_PC#6721604732933794816 roll 2
Jibs_PC#6721604732933794816 roll 1
DICE 2 1 5 1 0 
Jibs_PC#6721604732933794816 endattack
Jibs_PC#6721604732933794816 nomove
CARD 34
Jibs_PC#6721604732933794816 placearmies 24 2
Jibs_PC#6721604732933794816 placearmies 24 1
Jibs_PC#6721604732933794816 attack 24 22
Jibs_PC#6721604732933794816 roll 3
Jibs_PC#6721604732933794816 roll 2
DICE 3 2 2 1 1 1 0 
Jibs_PC#6721604732933794816 move 4
Jibs_PC#6721604732933794816 attack 22 21
Jibs_PC#6721604732933794816 roll 3
Jibs_PC#6721604732933794816 roll 1
DICE 3 1 5 5 1 3 
Jibs_PC#6721604732933794816 endattack
Jibs_PC#6721604732933794816 nomove
CARD 42
Jibs_PC#6721604732933794816 placearmies 41 3
Jibs_PC#6721604732933794816 attack 41 40
Jibs_PC#6721604732933794816 roll 3
Jibs_PC#6721604732933794816 roll 2
DICE 3 2 3 1 1 3 3 
Jibs_PC#6721604732933794816 roll 3
Jibs_PC#6721604732933794816 roll 2
DICE 3 2 5 4 1 2 2 
Jibs_PC#6721604732933794816 roll 3
Jibs_PC#6721604732933794816 roll 2
DICE 3 2 3 3 2 0 0 
Jibs_PC#6721604732933794816 move 5
Jibs_PC#6721604732933794816 attack 40 42
Jibs_PC#6721604732933794816 roll 3
Jibs_PC#6721604732933794816 roll 1
DICE 3 1 4 3 2 1 
Jibs_PC#6721604732933794816 move 3
Jibs_PC#6721604732933794816 endattack
Jibs_PC#6721604732933794816 movearmies 40 39 1
CARD 20
Jibs_PC#6721604732933794816 placearmies 12 1
Jibs_PC#6721604732933794816 placearmies 12 2
Jibs_PC#6721604732933794816 attack 12 13
Jibs_PC#6721604732933794816 roll 3
Jibs_PC#6721604732933794816 roll 2
DICE 3 2 4 4 4 4 3 
Jibs_PC#6721604732933794816 roll 3
Jibs_PC#6721604732933794816 roll 2
DICE 3 2 4 3 2 2 1 
Jibs_PC#6721604732933794816 move 5
Jibs_PC#6721604732933794816 attack 13 11
Jibs_PC#6721604732933794816 roll 3
Jibs_PC#6721604732933794816 roll 1
DICE 3 1 5 3 0 5 
Jibs_PC#6721604732933794816 roll 3
Jibs_PC#6721604732933794816 roll 1
DICE 3 1 4 2 1 2 
Jibs_PC#6721604732933794816 endattack
Jibs_PC#6721604732933794816 nomove
CARD 38
Jibs_PC#6721604732933794816 placearmies 36 4
Jibs_PC#6721604732933794816 attack 33 39
Jibs_PC#6721604732933794816 roll 3
Jibs_PC#6721604732933794816 roll 2
DICE 3 2 0 0 0 5 2 
Jibs_PC#6721604732933794816 retreat
Jibs_PC#6721604732933794816 attack 36 37
Jibs_PC#6721604732933794816 roll 3
Jibs_PC#6721604732933794816 roll 1
DICE 3 1 3 1 0 5 
Jibs_PC#6721604732933794816 roll 3
Jibs_PC#6721604732933794816 roll 1
DICE 3 1 5 3 0 4 
Jibs_PC#6721604732933794816 endattack
Jibs_PC#6721604732933794816 movearmies 37 38 2
CARD wildcard
Jibs_PC#6721604732933794816 placearmies 17 3
Jibs_PC#6721604732933794816 attack 17 19
Jibs_PC#6721604732933794816 roll 3
Jibs_PC#6721604732933794816 roll 1
DICE 3 1 3 2 1 4 
Jibs_PC#6721604732933794816 roll 2
Jibs_PC#6721604732933794816 roll 1
DICE 2 1 5 0 5 
Jibs_PC#6721604732933794816 retreat
Jibs_PC#6721604732933794816 endattack
Jibs_PC#6721604732933794816 nomove
CARD 
Jibs_PC#6721604732933794816 placearmies 9 3
Jibs_PC#6721604732933794816 attack 9 5
Jibs_PC#6721604732933794816 roll 3
Jibs_PC#6721604732933794816 roll 1
DICE 3 1 5 4 1 2 
Jibs_PC#6721604732933794816 endattack
Jibs_PC#6721604732933794816 nomove
CARD 14
Jibs_PC#6721604732933794816 placearmies 21 1
Jibs_PC#6721604732933794816 placearmies 21 1
Jibs_PC#6721604732933794816 placearmies 10 1
Jibs_PC#6721604732933794816 attack 10 12
Jibs_PC#6721604732933794816 roll 2
Jibs_PC#6721604732933794816 roll 1
DICE 2 1 5 2 0 
Jibs_PC#6721604732933794816 endattack
Jibs_PC#6721604732933794816 nomove
CARD 37
Jibs_PC#6721604732933794816 placearmies 18 1
Jibs_PC#6721604732933794816 placearmies 20 4
Jibs_PC#6721604732933794816 attack 20 31
Jibs_PC#6721604732933794816 roll 3
Jibs_PC#6721604732933794816 roll 1
DICE 3 1 3 2 0 1 
Jibs_PC#6721604732933794816 move 4
Jibs_PC#6721604732933794816 endattack
Jibs_PC#6721604732933794816 movearmies 41 39 3
CARD 5
Jibs_PC#6721604732933794816 placearmies 11 1
Jibs_PC#6721604732933794816 placearmies 11 1
Jibs_PC#6721604732933794816 placearmies 11 1
Jibs_PC#6721604732933794816 attack 11 10
Jibs_PC#6721604732933794816 roll 3
Jibs_PC#6721604732933794816 roll 1
DICE 3 1 4 3 2 0 
Jibs_PC#6721604732933794816 move 5
Jibs_PC#6721604732933794816 attack 10 12
Jibs_PC#6721604732933794816 roll 3
Jibs_PC#6721604732933794816 roll 2
DICE 3 2 4 2 0 3 0 
Jibs_PC#6721604732933794816 move 3
Jibs_PC#6721604732933794816 endattack
Jibs_PC#6721604732933794816 nomove
CARD 1
Jibs_PC#6721604732933794816 placearmies 8 4
Jibs_PC#6721604732933794816 attack 38 1
Jibs_PC#6721604732933794816 roll 2
Jibs_PC#6721604732933794816 roll 1
DICE 2 1 3 0 2 
Jibs_PC#6721604732933794816 attack 8 9
Jibs_PC#6721604732933794816 roll 3
Jibs_PC#6721604732933794816 roll 1
DICE 3 1 5 2 0 0 
Jibs_PC#6721604732933794816 move 6
Jibs_PC#6721604732933794816 attack 9 7
Jibs_PC#6721604732933794816 roll 3
Jibs_PC#6721604732933794816 roll 2
DICE 3 2 5 4 2 3 2 
Jibs_PC#6721604732933794816 move 5
Jibs_PC#6721604732933794816 attack 7 6
Jibs_PC#6721604732933794816 roll 3
Jibs_PC#6721604732933794816 roll 1
DICE 3 1 3 1 0 5 
Jibs_PC#6721604732933794816 roll 3
Jibs_PC#6721604732933794816 roll 1
DICE 3 1 5 5 1 5 
Jibs_PC#6721604732933794816 retreat
Jibs_PC#6721604732933794816 endattack
Jibs_PC#6721604732933794816 nomove
CARD 23
Jibs_PC#6721604732933794816 placearmies 17 2
Jibs_PC#6721604732933794816 placearmies 17 1
Jibs_PC#6721604732933794816 attack 17 19
Jibs_PC#6721604732933794816 roll 3
Jibs_PC#6721604732933794816 roll 1
DICE 3 1 5 2 0 5 
Jibs_PC#6721604732933794816 roll 3
Jibs_PC#6721604732933794816 roll 1
DICE 3 1 2 2 0 5 
Jibs_PC#6721604732933794816 retreat
Jibs_PC#6721604732933794816 attack 17 14
Jibs_PC#6721604732933794816 roll 2
Jibs_PC#6721604732933794816 roll 1
DICE 2 1 1 0 3 
Jibs_PC#6721604732933794816 retreat
Jibs_PC#6721604732933794816 endattack
Jibs_PC#6721604732933794816 nomove
CARD 
Jibs_PC#6721604732933794816 placearmies 5 1
Jibs_PC#6721604732933794816 placearmies 5 1
Jibs_PC#6721604732933794816 placearmies 5 1
Jibs_PC#6721604732933794816 attack 5 9
Jibs_PC#6721604732933794816 roll 3
Jibs_PC#6721604732933794816 roll 1
DICE 3 1 5 3 3 3 
Jibs_PC#6721604732933794816 move 5
Jibs_PC#6721604732933794816 attack 9 7
Jibs_PC#6721604732933794816 roll 3
Jibs_PC#6721604732933794816 roll 2
DICE 3 2 4 3 1 5 2 
Jibs_PC#6721604732933794816 roll 3
Jibs_PC#6721604732933794816 roll 2
DICE 3 2 3 3 2 4 1 
Jibs_PC#6721604732933794816 roll 2
Jibs_PC#6721604732933794816 roll 1
DICE 2 1 3 0 1 
Jibs_PC#6721604732933794816 endattack
Jibs_PC#6721604732933794816 nomove
CARD 40
Jibs_PC#6721604732933794816 placearmies 25 3
Jibs_PC#6721604732933794816 attack 25 26
Jibs_PC#6721604732933794816 roll 3
Jibs_PC#6721604732933794816 roll 1
DICE 3 1 4 1 0 4 
Jibs_PC#6721604732933794816 roll 2
Jibs_PC#6721604732933794816 roll 1
DICE 2 1 4 1 5 
Jibs_PC#6721604732933794816 retreat
Jibs_PC#6721604732933794816 attack 21 12
Jibs_PC#6721604732933794816 roll 3
Jibs_PC#6721604732933794816 roll 2
DICE 3 2 5 3 3 5 2 
Jibs_PC#6721604732933794816 roll 3
Jibs_PC#6721604732933794816 roll 2
DICE 3 2 5 5 1 5 5 
Jibs_PC#6721604732933794816 retreat
Jibs_PC#6721604732933794816 endattack
Jibs_PC#6721604732933794816 nomove
CARD 
Jibs_PC#6721604732933794816 placearmies 18 4
Jibs_PC#6721604732933794816 placearmies 39 1
Jibs_PC#6721604732933794816 attack 18 16
Jibs_PC#6721604732933794816 roll 3
Jibs_PC#6721604732933794816 roll 1
DICE 3 1 5 3 3 1 
Jibs_PC#6721604732933794816 move 7
Jibs_PC#6721604732933794816 attack 16 15
Jibs_PC#6721604732933794816 roll 3
Jibs_PC#6721604732933794816 roll 1
DICE 3 1 5 3 1 5 
Jibs_PC#6721604732933794816 roll 3
Jibs_PC#6721604732933794816 roll 1
DICE 3 1 5 3 3 2 
Jibs_PC#6721604732933794816 move 5
Jibs_PC#6721604732933794816 attack 15 14
Jibs_PC#6721604732933794816 roll 3
Jibs_PC#6721604732933794816 roll 1
DICE 3 1 5 1 0 2 
Jibs_PC#6721604732933794816 move 4
Jibs_PC#6721604732933794816 attack 14 17
Jibs_PC#6721604732933794816 roll 3
Jibs_PC#6721604732933794816 roll 2
DICE 3 2 4 4 2 5 0 
Jibs_PC#6721604732933794816 roll 2
Jibs_PC#6721604732933794816 roll 1
DICE 2 1 5 1 4 
Jibs_PC#6721604732933794816 attack 39 33
Jibs_PC#6721604732933794816 roll 3
Jibs_PC#6721604732933794816 roll 2
DICE 3 2 4 4 3 0 0 
Jibs_PC#6721604732933794816 roll 3
Jibs_PC#6721604732933794816 roll 1
DICE 3 1 2 1 1 2 
Jibs_PC#6721604732933794816 roll 3
Jibs_PC#6721604732933794816 roll 1
DICE 3 1 4 2 2 5 
Jibs_PC#6721604732933794816 roll 3
Jibs_PC#6721604732933794816 roll 1
DICE 3 1 4 3 0 1 
Jibs_PC#6721604732933794816 endattack
Jibs_PC#6721604732933794816 movearmies 42 40 1
CARD 31
Jibs_PC#6721604732933794816 trade 8 38 1
Jibs_PC#6721604732933794816 placearmies 12 11
Jibs_PC#6721604732933794816 placearmies 19 4
Jibs_PC#6721604732933794816 attack 12 21
Jibs_PC#6721604732933794816 roll 3
Jibs_PC#6721604732933794816 roll 2
DICE 3 2 3 2 1 4 1 
Jibs_PC#6721604732933794816 roll 3
Jibs_PC#6721604732933794816 roll 1
DICE 3 1 3 1 0 2 
Jibs_PC#6721604732933794816 move 11
Jibs_PC#6721604732933794816 attack 21 24
Jibs_PC#6721604732933794816 roll 3
Jibs_PC#6721604732933794816 roll 1
DICE 3 1 5 2 0 5 
Jibs_PC#6721604732933794816 roll 3
Jibs_PC#6721604732933794816 roll 1
DICE 3 1 5 4 3 0 
Jibs_PC#6721604732933794816 move 8
Jibs_PC#6721604732933794816 attack 24 25
Jibs_PC#6721604732933794816 roll 3
Jibs_PC#6721604732933794816 roll 2
DICE 3 2 4 2 1 4 4 
Jibs_PC#6721604732933794816 roll 3
Jibs_PC#6721604732933794816 roll 2
DICE 3 2 4 1 1 4 0 
Jibs_PC#6721604732933794816 retreat
Jibs_PC#6721604732933794816 attack 24 26
Jibs_PC#6721604732933794816 roll 3
Jibs_PC#6721604732933794816 roll 1
DICE 3 1 5 4 2 5 
Jibs_PC#6721604732933794816 roll 3
Jibs_PC#6721604732933794816 roll 1
DICE 3 1 2 0 0 3 
Jibs_PC#6721604732933794816 roll 2
Jibs_PC#6721604732933794816 roll 1
DICE 2 1 4 2 4 
Jibs_PC#6721604732933794816 roll 1
Jibs_PC#6721604732933794816 roll 1
DICE 1 1 5 1 
Jibs_PC#6721604732933794816 attack 19 20
Jibs_PC#6721604732933794816 roll 3
Jibs_PC#6721604732933794816 roll 1
DICE 3 1 5 4 2 3 
Jibs_PC#6721604732933794816 move 4
Jibs_PC#6721604732933794816 attack 20 16
Jibs_PC#6721604732933794816 roll 3
Jibs_PC#6721604732933794816 roll 1
DICE 3 1 5 2 0 2 
Jibs_PC#6721604732933794816 attack 16 15
Jibs_PC#6721604732933794816 roll 2
Jibs_PC#6721604732933794816 roll 1
DICE 2 1 3 2 3 
Jibs_PC#6721604732933794816 retreat
Jibs_PC#6721604732933794816 endattack
Jibs_PC#6721604732933794816 nomove
CARD 28
Jibs_PC#6721604732933794816 trade 30 wildcard 23
Jibs_PC#6721604732933794816 placearmies 32 11
Jibs_PC#6721604732933794816 placearmies 1 3
Jibs_PC#6721604732933794816 attack 32 33
Jibs_PC#6721604732933794816 roll 3
Jibs_PC#6721604732933794816 roll 2
DICE 3 2 3 0 0 5 2 
Jibs_PC#6721604732933794816 roll 3
Jibs_PC#6721604732933794816 roll 2
DICE 3 2 4 3 0 3 1 
Jibs_PC#6721604732933794816 roll 3
Jibs_PC#6721604732933794816 roll 1
DICE 3 1 3 2 0 4 
Jibs_PC#6721604732933794816 roll 3
Jibs_PC#6721604732933794816 roll 1
DICE 3 1 5 5 2 2 
Jibs_PC#6721604732933794816 move 8
Jibs_PC#6721604732933794816 attack 33 39
Jibs_PC#6721604732933794816 roll 3
Jibs_PC#6721604732933794816 roll 1
DICE 3 1 5 2 0 5 
Jibs_PC#6721604732933794816 roll 3
Jibs_PC#6721604732933794816 roll 1
DICE 3 1 3 3 1 3 
Jibs_PC#6721604732933794816 roll 3
Jibs_PC#6721604732933794816 roll 1
DICE 3 1 4 2 1 2 
Jibs_PC#6721604732933794816 move 5
Jibs_PC#6721604732933794816 attack 39 41
Jibs_PC#6721604732933794816 roll 3
Jibs_PC#6721604732933794816 roll 1
DICE 3 1 2 1 0 1 
Jibs_PC#6721604732933794816 move 4
Jibs_PC#6721604732933794816 attack 41 42
Jibs_PC#6721604732933794816 roll 3
Jibs_PC#6721604732933794816 roll 2
DICE 3 2 4 4 2 3 2 
Jibs_PC#6721604732933794816 attack 1 3
Jibs_PC#6721604732933794816 roll 3
Jibs_PC#6721604732933794816 roll 1
DICE 3 1 5 3 2 2 
Jibs_PC#6721604732933794816 move 4
Jibs_PC#6721604732933794816 endattack
Jibs_PC#6721604732933794816 nomove
CARD 11
Jibs_PC#6721604732933794816 placearmies 7 2
Jibs_PC#6721604732933794816 placearmies 7 1
Jibs_PC#6721604732933794816 attack 7 8
Jibs_PC#6721604732933794816 roll 3
Jibs_PC#6721604732933794816 roll 1
DICE 3 1 5 1 0 1 
Jibs_PC#6721604732933794816 move 3
Jibs_PC#6721604732933794816 endattack
Jibs_PC#6721604732933794816 movearmies 8 7 2
CARD 4
Jibs_PC#6721604732933794816 placearmies 25 3
Jibs_PC#6721604732933794816 attack 25 24
Jibs_PC#6721604732933794816 roll 3
Jibs_PC#6721604732933794816 roll 1
DICE 3 1 5 2 1 4 
Jibs_PC#6721604732933794816 attack 24 26
Jibs_PC#6721604732933794816 roll 2
Jibs_PC#6721604732933794816 roll 1
DICE 2 1 5 2 0 
Jibs_PC#6721604732933794816 endattack
Jibs_PC#6721604732933794816 movearmies 26 24 1
CARD 33
Jibs_PC#6721604732933794816 placearmies 31 1
Jibs_PC#6721604732933794816 placearmies 40 2
Jibs_PC#6721604732933794816 attack 31 16
Jibs_PC#6721604732933794816 roll 3
Jibs_PC#6721604732933794816 roll 2
DICE 3 2 4 1 0 5 4 
Jibs_PC#6721604732933794816 retreat
Jibs_PC#6721604732933794816 attack 40 39
Jibs_PC#6721604732933794816 roll 3
Jibs_PC#6721604732933794816 roll 1
DICE 3 1 4 2 0 5 
Jibs_PC#6721604732933794816 roll 2
Jibs_PC#6721604732933794816 roll 1
DICE 2 1 3 3 2 
Jibs_PC#6721604732933794816 attack 31 20
Jibs_PC#6721604732933794816 roll 2
Jibs_PC#6721604732933794816 roll 1
DICE 2 1 2 1 3 
Jibs_PC#6721604732933794816 retreat
Jibs_PC#6721604732933794816 endattack
Jibs_PC#6721604732933794816 nomove
CARD 32
Jibs_PC#6721604732933794816 placearmies 16 2
Jibs_PC#6721604732933794816 placearmies 16 3
Jibs_PC#6721604732933794816 attack 16 18
Jibs_PC#6721604732933794816 roll 3
Jibs_PC#6721604732933794816 roll 1
DICE 3 1 5 2 0 3 
Jibs_PC#6721604732933794816 move 6
Jibs_PC#6721604732933794816 attack 18 15
Jibs_PC#6721604732933794816 roll 3
Jibs_PC#6721604732933794816 roll 1
DICE 3 1 5 4 4 0 
Jibs_PC#6721604732933794816 move 5
Jibs_PC#6721604732933794816 attack 15 17
Jibs_PC#6721604732933794816 roll 3
Jibs_PC#6721604732933794816 roll 2
DICE 3 2 5 2 1 4 2 
Jibs_PC#6721604732933794816 roll 3
Jibs_PC#6721604732933794816 roll 1
DICE 3 1 3 1 1 3 
Jibs_PC#6721604732933794816 roll 2
Jibs_PC#6721604732933794816 roll 1
DICE 2 1 5 0 4 
Jibs_PC#6721604732933794816 endattack
Jibs_PC#6721604732933794816 nomove
CARD 24
Jibs_PC#6721604732933794816 placearmies 41 4
Jibs_PC#6721604732933794816 placearmies 3 1
Jibs_PC#6721604732933794816 attack 41 40
Jibs_PC#6721604732933794816 roll 3
Jibs_PC#6721604732933794816 roll 1
DICE 3 1 4 4 2 3 
Jibs_PC#6721604732933794816 move 4
Jibs_PC#6721604732933794816 attack 40 39
Jibs_PC#6721604732933794816 roll 3
Jibs_PC#6721604732933794816 roll 2
DICE 3 2 2 0 0 1 0 
Jibs_PC#6721604732933794816 roll 2
Jibs_PC#6721604732933794816 roll 1
DICE 2 1 4 2 2 
Jibs_PC#6721604732933794816 attack 3 4
Jibs_PC#6721604732933794816 roll 3
Jibs_PC#6721604732933794816 roll 1
DICE 3 1 5 4 0 3 
Jibs_PC#6721604732933794816 move 4
Jibs_PC#6721604732933794816 endattack
Jibs_PC#6721604732933794816 movearmies 42 40 1
CARD wildcard
Jibs_PC#6721604732933794816 placearmies 7 3
Jibs_PC#6721604732933794816 attack 7 4
Jibs_PC#6721604732933794816 roll 3
Jibs_PC#6721604732933794816 roll 2
DICE 3 2 5 3 1 5 5 
Jibs_PC#6721604732933794816 roll 3
Jibs_PC#6721604732933794816 roll 2
DICE 3 2 4 4 0 5 3 
Jibs_PC#6721604732933794816 retreat
Jibs_PC#6721604732933794816 attack 7 3
Jibs_PC#6721604732933794816 roll 3
Jibs_PC#6721604732933794816 roll 1
DICE 3 1 5 0 0 4 
Jibs_PC#6721604732933794816 attack 3 1
Jibs_PC#6721604732933794816 roll 2
Jibs_PC#6721604732933794816 roll 1
DICE 2 1 3 2 1 
Jibs_PC#6721604732933794816 endattack
Jibs_PC#6721604732933794816 nomove
CARD 15
Jibs_PC#6721604732933794816 placearmies 24 3
Jibs_PC#6721604732933794816 attack 24 21
Jibs_PC#6721604732933794816 roll 3
Jibs_PC#6721604732933794816 roll 2
DICE 3 2 5 4 2 5 2 
Jibs_PC#6721604732933794816 roll 3
Jibs_PC#6721604732933794816 roll 1
DICE 3 1 5 2 0 4 
Jibs_PC#6721604732933794816 attack 21 12
Jibs_PC#6721604732933794816 roll 2
Jibs_PC#6721604732933794816 roll 1
DICE 2 1 5 1 2 
Jibs_PC#6721604732933794816 endattack
Jibs_PC#6721604732933794816 movearmies 12 21 1
CARD 12
Jibs_PC#6721604732933794816 trade 25 20 32
Jibs_PC#6721604732933794816 placearmies 31 2
Jibs_PC#6721604732933794816 placearmies 31 8
Jibs_PC#6721604732933794816 placearmies 31 2
Jibs_PC#6721604732933794816 placearmies 31 1
Jibs_PC#6721604732933794816 attack 31 32
Jibs_PC#6721604732933794816 roll 3
Jibs_PC#6721604732933794816 roll 1
DICE 3 1 4 3 0 5 
Jibs_PC#6721604732933794816 roll 3
Jibs_PC#6721604732933794816 roll 1
DICE 3 1 5 3 3 3 
Jibs_PC#6721604732933794816 move 13
Jibs_PC#6721604732933794816 attack 32 33
Jibs_PC#6721604732933794816 roll 3
Jibs_PC#6721604732933794816 roll 1
DICE 3 1 4 3 1 1 
Jibs_PC#6721604732933794816 move 12
Jibs_PC#6721604732933794816 attack 33 39
Jibs_PC#6721604732933794816 roll 3
Jibs_PC#6721604732933794816 roll 2
DICE 3 2 4 2 1 2 1 
Jibs_PC#6721604732933794816 move 11
Jibs_PC#6721604732933794816 attack 39 40
Jibs_PC#6721604732933794816 roll 3
Jibs_PC#6721604732933794816 roll 2
DICE 3 2 3 2 0 4 1 
Jibs_PC#6721604732933794816 roll 3
Jibs_PC#6721604732933794816 roll 1
DICE 3 1 5 5 5 2 
Jibs_PC#6721604732933794816 move 9
Jibs_PC#6721604732933794816 attack 40 41
Jibs_PC#6721604732933794816 roll 3
Jibs_PC#6721604732933794816 roll 1
DICE 3 1 4 1 0 3 
Jibs_PC#6721604732933794816 move 6
Jibs_PC#6721604732933794816 attack 41 42
Jibs_PC#6721604732933794816 roll 3
Jibs_PC#6721604732933794816 roll 2
DICE 3 2 4 3 1 4 1 
Jibs_PC#6721604732933794816 roll 3
Jibs_PC#6721604732933794816 roll 1
DICE 3 1 4 2 1 5 
Jibs_PC#6721604732933794816 retreat
Jibs_PC#6721604732933794816 attack 40 42
Jibs_PC#6721604732933794816 roll 2
Jibs_PC#6721604732933794816 roll 1
DICE 2 1 2 0 1 
Jibs_PC#6721604732933794816 endattack
Jibs_PC#6721604732933794816 movearmies 41 39 2
CARD 3
Jibs_PC#6721604732933794816 trade 13 28 24
Jibs_PC#6721604732933794816 placearmies 10 1
Jibs_PC#6721604732933794816 placearmies 10 1
Jibs_PC#6721604732933794816 placearmies 13 2
Jibs_PC#6721604732933794816 placearmies 10 1
Jibs_PC#6721604732933794816 placearmies 17 3
Jibs_PC#6721604732933794816 placearmies 10 5
Jibs_PC#6721604732933794816 attack 13 12
Jibs_PC#6721604732933794816 roll 3
Jibs_PC#6721604732933794816 roll 1
DICE 3 1 4 3 2 5 
Jibs_PC#6721604732933794816 roll 3
Jibs_PC#6721604732933794816 roll 1
DICE 3 1 3 2 1 3 
Jibs_PC#6721604732933794816 roll 2
Jibs_PC#6721604732933794816 roll 1
DICE 2 1 3 2 4 
Jibs_PC#6721604732933794816 retreat
Jibs_PC#6721604732933794816 attack 10 12
Jibs_PC#6721604732933794816 roll 3
Jibs_PC#6721604732933794816 roll 1
DICE 3 1 5 5 1 1 
Jibs_PC#6721604732933794816 move 8
Jibs_PC#6721604732933794816 attack 17 14
Jibs_PC#6721604732933794816 roll 3
Jibs_PC#6721604732933794816 roll 1
DICE 3 1 5 3 1 4 
Jibs_PC#6721604732933794816 move 4
Jibs_PC#6721604732933794816 attack 12 21
Jibs_PC#6721604732933794816 roll 3
Jibs_PC#6721604732933794816 roll 2
DICE 3 2 4 3 0 2 0 
Jibs_PC#6721604732933794816 move 7
Jibs_PC#6721604732933794816 attack 21 24
Jibs_PC#6721604732933794816 roll 3
Jibs_PC#6721604732933794816 roll 1
DICE 3 1 4 3 1 4 
Jibs_PC#6721604732933794816 roll 3
Jibs_PC#6721604732933794816 roll 1
DICE 3 1 5 2 0 5 
Jibs_PC#6721604732933794816 retreat
Jibs_PC#6721604732933794816 attack 21 24
Jibs_PC#6721604732933794816 roll 3
Jibs_PC#6721604732933794816 roll 1
DICE 3 1 3 2 0 2 
Jibs_PC#6721604732933794816 move 3
Jibs_PC#6721604732933794816 endattack
Jibs_PC#6721604732933794816 movearmies 24 21 2
CARD 18
Jibs_PC#6721604732933794816 placearmies 30 1
Jibs_PC#6721604732933794816 placearmies 30 1
Jibs_PC#6721604732933794816 placearmies 30 1
Jibs_PC#6721604732933794816 attack 30 16
Jibs_PC#6721604732933794816 roll 3
Jibs_PC#6721604732933794816 roll 1
DICE 3 1 1 1 0 0 
Jibs_PC#6721604732933794816 move 5
Jibs_PC#6721604732933794816 attack 16 31
Jibs_PC#6721604732933794816 roll 3
Jibs_PC#6721604732933794816 roll 1
DICE 3 1 5 3 2 3 
Jibs_PC#6721604732933794816 move 4
Jibs_PC#6721604732933794816 attack 31 32
Jibs_PC#6721604732933794816 roll 3
Jibs_PC#6721604732933794816 roll 1
DICE 3 1 5 3 2 4 
Jibs_PC#6721604732933794816 attack 32 33
Jibs_PC#6721604732933794816 roll 2
Jibs_PC#6721604732933794816 roll 1
DICE 2 1 4 2 1 
Jibs_PC#6721604732933794816 endattack
Jibs_PC#6721604732933794816 nomove
CARD 21
Jibs_PC#6721604732933794816 trade 34 14 15
Jibs_PC#6721604732933794816 placearmies 1 2
Jibs_PC#6721604732933794816 placearmies 5 7
Jibs_PC#6721604732933794816 placearmies 5 3
Jibs_PC#6721604732933794816 placearmies 1 1
Jibs_PC#6721604732933794816 attack 1 38
Jibs_PC#6721604732933794816 roll 3
Jibs_PC#6721604732933794816 roll 1
DICE 3 1 4 1 0 1 
Jibs_PC#6721604732933794816 move 4
Jibs_PC#6721604732933794816 attack 5 10
Jibs_PC#6721604732933794816 roll 3
Jibs_PC#6721604732933794816 roll 2
DICE 3 2 5 3 1 5 0 
Jibs_PC#6721604732933794816 roll 3
Jibs_PC#6721604732933794816 roll 1
DICE 3 1 3 2 0 5 
Jibs_PC#6721604732933794816 roll 3
Jibs_PC#6721604732933794816 roll 1
DICE 3 1 4 3 2 0 
Jibs_PC#6721604732933794816 move 8
Jibs_PC#6721604732933794816 attack 10 12
Jibs_PC#6721604732933794816 roll 3
Jibs_PC#6721604732933794816 roll 1
DICE 3 1 3 3 0 4 
Jibs_PC#6721604732933794816 roll 3
Jibs_PC#6721604732933794816 roll 1
DICE 3 1 2 1 1 2 
Jibs_PC#6721604732933794816 roll 3
Jibs_PC#6721604732933794816 roll 1
DICE 3 1 5 4 1 1 
Jibs_PC#6721604732933794816 move 5
Jibs_PC#6721604732933794816 attack 12 11
Jibs_PC#6721604732933794816 roll 3
Jibs_PC#6721604732933794816 roll 1
DICE 3 1 5 5 4 4 
Jibs_PC#6721604732933794816 move 4
Jibs_PC#6721604732933794816 attack 11 13
Jibs_PC#6721604732933794816 roll 3
Jibs_PC#6721604732933794816 roll 2
DICE 3 2 3 3 1 3 1 
Jibs_PC#6721604732933794816 roll 2
Jibs_PC#6721604732933794816 roll 1
DICE 2 1 2 1 2 
Jibs_PC#6721604732933794816 retreat
Jibs_PC#6721604732933794816 endattack
Jibs_PC#6721604732933794816 nomove
CARD 7
Jibs_PC#6721604732933794816 trade 9 33 12
Jibs_PC#6721604732933794816 placearmies 25 3
Jibs_PC#6721604732933794816 placearmies 25 8
Jibs_PC#6721604732933794816 attack 25 24
Jibs_PC#6721604732933794816 roll 3
Jibs_PC#6721604732933794816 roll 1
DICE 3 1 5 3 2 5 
Jibs_PC#6721604732933794816 roll 3
Jibs_PC#6721604732933794816 roll 1
DICE 3 1 5 2 2 4 
Jibs_PC#6721604732933794816 move 10
Jibs_PC#6721604732933794816 attack 24 21
Jibs_PC#6721604732933794816 roll 3
Jibs_PC#6721604732933794816 roll 2
DICE 3 2 5 3 0 3 2 
Jibs_PC#6721604732933794816 roll 3
Jibs_PC#6721604732933794816 roll 2
DICE 3 2 4 3 3 1 0 
Jibs_PC#6721604732933794816 move 9
Jibs_PC#6721604732933794816 attack 21 12
Jibs_PC#6721604732933794816 roll 3
Jibs_PC#6721604732933794816 roll 1
DICE 3 1 3 0 0 0 
Jibs_PC#6721604732933794816 move 7
Jibs_PC#6721604732933794816 attack 12 10
Jibs_PC#6721604732933794816 roll 3
Jibs_PC#6721604732933794816 roll 1
DICE 3 1 5 2 2 5 
Jibs_PC#6721604732933794816 roll 3
Jibs_PC#6721604732933794816 roll 1
DICE 3 1 3 0 0 5 
Jibs_PC#6721604732933794816 retreat
Jibs_PC#6721604732933794816 attack 12 11
Jibs_PC#6721604732933794816 roll 3
Jibs_PC#6721604732933794816 roll 2
DICE 3 2 3 3 1 5 2 
Jibs_PC#6721604732933794816 roll 3
Jibs_PC#6721604732933794816 roll 1
DICE 3 1 5 4 4 4 
Jibs_PC#6721604732933794816 attack 11 10
Jibs_PC#6721604732933794816 roll 2
Jibs_PC#6721604732933794816 roll 1
DICE 2 1 5 5 1 
Jibs_PC#6721604732933794816 endattack
Jibs_PC#6721604732933794816 nomove
CARD 10
Jibs_PC#6721604732933794816 trade 5 31 3
Jibs_PC#6721604732933794816 placearmies 39 2
Jibs_PC#6721604732933794816 placearmies 39 11
Jibs_PC#6721604732933794816 placearmies 39 1
Jibs_PC#6721604732933794816 placearmies 39 1
Jibs_PC#6721604732933794816 attack 39 33
Jibs_PC#6721604732933794816 roll 3
Jibs_PC#6721604732933794816 roll 2
DICE 3 2 3 3 0 4 2 
Jibs_PC#6721604732933794816 roll 3
Jibs_PC#6721604732933794816 roll 1
DICE 3 1 5 3 2 5 
Jibs_PC#6721604732933794816 roll 3
Jibs_PC#6721604732933794816 roll 1
DICE 3 1 5 3 0 3 
Jibs_PC#6721604732933794816 move 15
Jibs_PC#6721604732933794816 attack 33 32
Jibs_PC#6721604732933794816 roll 3
Jibs_PC#6721604732933794816 roll 1
DICE 3 1 5 2 0 4 
Jibs_PC#6721604732933794816 move 13
Jibs_PC#6721604732933794816 attack 32 31
Jibs_PC#6721604732933794816 roll 3
Jibs_PC#6721604732933794816 roll 1
DICE 3 1 4 3 0 1 
Jibs_PC#6721604732933794816 move 12
Jibs_PC#6721604732933794816 attack 31 22
Jibs_PC#6721604732933794816 roll 3
Jibs_PC#6721604732933794816 roll 1
DICE 3 1 5 3 2 0 
Jibs_PC#6721604732933794816 move 11
Jibs_PC#6721604732933794816 attack 22 24
Jibs_PC#6721604732933794816 roll 3
Jibs_PC#6721604732933794816 roll 1
DICE 3 1 5 3 2 4 
Jibs_PC#6721604732933794816 move 10
Jibs_PC#6721604732933794816 attack 24 26
Jibs_PC#6721604732933794816 roll 3
Jibs_PC#6721604732933794816 roll 1
DICE 3 1 5 4 2 2 
Jibs_PC#6721604732933794816 move 9
Jibs_PC#6721604732933794816 attack 26 25
Jibs_PC#6721604732933794816 roll 3
Jibs_PC#6721604732933794816 roll 1
DICE 3 1 5 1 0 4 
Jibs_PC#6721604732933794816 move 8
Jibs_PC#6721604732933794816 attack 25 23
Jibs_PC#6721604732933794816 roll 3
Jibs_PC#6721604732933794816 roll 1
DICE 3 1 3 2 1 4 
Jibs_PC#6721604732933794816 roll 3
Jibs_PC#6721604732933794816 roll 1
DICE 3 1 5 2 0 3 
Jibs_PC#6721604732933794816 move 6
Jibs_PC#6721604732933794816 attack 23 21
Jibs_PC#6721604732933794816 roll 3
Jibs_PC#6721604732933794816 roll 2
DICE 3 2 5 1 1 1 1 
Jibs_PC#6721604732933794816 roll 3
Jibs_PC#6721604732933794816 roll 1
DICE 3 1 5 2 2 1 
Jibs_PC#6721604732933794816 move 4
Jibs_PC#6721604732933794816 endattack
Jibs_PC#6721604732933794816 nomove
CARD 41
Jibs_PC#6721604732933794816 placearmies 20 3
Jibs_PC#6721604732933794816 attack 20 22
Jibs_PC#6721604732933794816 roll 3
Jibs_PC#6721604732933794816 roll 1
DICE 3 1 4 1 0 4 
Jibs_PC#6721604732933794816 roll 2
Jibs_PC#6721604732933794816 roll 1
DICE 2 1 2 2 5 
Jibs_PC#6721604732933794816 retreat
Jibs_PC#6721604732933794816 attack 14 6
Jibs_PC#6721604732933794816 roll 3
Jibs_PC#6721604732933794816 roll 1
DICE 3 1 4 3 2 0 
Jibs_PC#6721604732933794816 endattack
Jibs_PC#6721604732933794816 movearmies 6 14 2
CARD 36
Jibs_PC#6721604732933794816 trade 11 wildcard 21
Jibs_PC#6721604732933794816 placearmies 29 9
Jibs_PC#6721604732933794816 placearmies 29 1
Jibs_PC#6721604732933794816 placearmies 29 3
Jibs_PC#6721604732933794816 attack 29 33
Jibs_PC#6721604732933794816 roll 3
Jibs_PC#6721604732933794816 roll 2
DICE 3 2 5 5 4 3 3 
Jibs_PC#6721604732933794816 move 13
Jibs_PC#6721604732933794816 attack 33 39
Jibs_PC#6721604732933794816 roll 3
Jibs_PC#6721604732933794816 roll 1
DICE 3 1 5 3 0 4 
Jibs_PC#6721604732933794816 move 12
Jibs_PC#6721604732933794816 attack 39 41
Jibs_PC#6721604732933794816 roll 3
Jibs_PC#6721604732933794816 roll 2
DICE 3 2 3 3 0 5 2 
Jibs_PC#6721604732933794816 roll 3
Jibs_PC#6721604732933794816 roll 1
DICE 3 1 5 3 0 0 
Jibs_PC#6721604732933794816 move 10
Jibs_PC#6721604732933794816 attack 41 42
Jibs_PC#6721604732933794816 roll 3
Jibs_PC#6721604732933794816 roll 2
DICE 3 2 4 1 1 2 1 
Jibs_PC#6721604732933794816 roll 3
Jibs_PC#6721604732933794816 roll 1
DICE 3 1 5 4 4 2 
Jibs_PC#6721604732933794816 move 5
Jibs_PC#6721604732933794816 attack 42 40
Jibs_PC#6721604732933794816 roll 3
Jibs_PC#6721604732933794816 roll 1
DICE 3 1 5 4 1 1 
Jibs_PC#6721604732933794816 move 3
Jibs_PC#6721604732933794816 endattack
Jibs_PC#6721604732933794816 movearmies 41 39 2
CARD 6
Jibs_PC#6721604732933794816 placearmies 2 3
Jibs_PC#6721604732933794816 attack 2 6
Jibs_PC#6721604732933794816 roll 3
Jibs_PC#6721604732933794816 roll 1
DICE 3 1 3 3 1 4 
Jibs_PC#6721604732933794816 roll 2
Jibs_PC#6721604732933794816 roll 1
DICE 2 1 4 3 2 
Jibs_PC#6721604732933794816 endattack
Jibs_PC#6721604732933794816 movearmies 38 1 3
CARD 27
Jibs_PC#6721604732933794816 placearmies 10 2
Jibs_PC#6721604732933794816 placearmies 11 1
Jibs_PC#6721604732933794816 attack 10 5
Jibs_PC#6721604732933794816 roll 3
Jibs_PC#6721604732933794816 roll 1
DICE 3 1 5 4 1 3 
Jibs_PC#6721604732933794816 endattack
Jibs_PC#6721604732933794816 movearmies 5 10 2
CARD 35
Jibs_PC#6721604732933794816 placearmies 22 1
Jibs_PC#6721604732933794816 placearmies 32 4
Jibs_PC#6721604732933794816 placearmies 32 1
Jibs_PC#6721604732933794816 attack 32 29
Jibs_PC#6721604732933794816 roll 3
Jibs_PC#6721604732933794816 roll 1
DICE 3 1 1 0 0 0 
Jibs_PC#6721604732933794816 move 5
Jibs_PC#6721604732933794816 attack 29 27
Jibs_PC#6721604732933794816 roll 3
Jibs_PC#6721604732933794816 roll 1
DICE 3 1 4 2 2 3 
Jibs_PC#6721604732933794816 move 4
Jibs_PC#6721604732933794816 endattack
Jibs_PC#6721604732933794816 nomove
CARD 22
Jibs_PC#6721604732933794816 placearmies 20 2
Jibs_PC#6721604732933794816 placearmies 20 1
Jibs_PC#6721604732933794816 attack 20 22
Jibs_PC#6721604732933794816 roll 3
Jibs_PC#6721604732933794816 roll 2
DICE 3 2 5 5 4 5 5 
Jibs_PC#6721604732933794816 retreat
Jibs_PC#6721604732933794816 attack 20 16
Jibs_PC#6721604732933794816 roll 2
Jibs_PC#6721604732933794816 roll 1
DICE 2 1 5 1 4 
Jibs_PC#6721604732933794816 endattack
Jibs_PC#6721604732933794816 nomove
CARD 29
Jibs_PC#6721604732933794816 placearmies 4 1
Jibs_PC#6721604732933794816 placearmies 33 1
Jibs_PC#6721604732933794816 placearmies 33 3
Jibs_PC#6721604732933794816 placearmies 4 1
Jibs_PC#6721604732933794816 attack 33 32
Jibs_PC#6721604732933794816 roll 3
Jibs_PC#6721604732933794816 roll 1
DICE 3 1 5 5 4 2 
Jibs_PC#6721604732933794816 move 3
Jibs_PC#6721604732933794816 attack 4 9
Jibs_PC#6721604732933794816 roll 3
Jibs_PC#6721604732933794816 roll 1
DICE 3 1 5 2 1 1 
Jibs_PC#6721604732933794816 move 4
Jibs_PC#6721604732933794816 endattack
Jibs_PC#6721604732933794816 movearmies 32 33 2
CARD 26
Jibs_PC#6721604732933794816 trade 40 4 27
Jibs_PC#6721604732933794816 placearmies 7 3
Jibs_PC#6721604732933794816 placearmies 7 10
Jibs_PC#6721604732933794816 attack 7 9
Jibs_PC#6721604732933794816 roll 3
Jibs_PC#6721604732933794816 roll 2
DICE 3 2 3 2 2 5 0 
Jibs_PC#6721604732933794816 roll 3
Jibs_PC#6721604732933794816 roll 2
DICE 3 2 3 3 2 1 0 
Jibs_PC#6721604732933794816 retreat
Jibs_PC#6721604732933794816 attack 7 4
Jibs_PC#6721604732933794816 roll 3
Jibs_PC#6721604732933794816 roll 1
DICE 3 1 4 3 1 0 
Jibs_PC#6721604732933794816 move 12
Jibs_PC#6721604732933794816 attack 4 9
Jibs_PC#6721604732933794816 roll 3
Jibs_PC#6721604732933794816 roll 1
DICE 3 1 4 4 1 2 
Jibs_PC#6721604732933794816 move 11
Jibs_PC#6721604732933794816 attack 9 5
Jibs_PC#6721604732933794816 roll 3
Jibs_PC#6721604732933794816 roll 1
DICE 3 1 5 2 0 2 
Jibs_PC#6721604732933794816 move 10
Jibs_PC#6721604732933794816 attack 5 10
Jibs_PC#6721604732933794816 roll 3
Jibs_PC#6721604732933794816 roll 2
DICE 3 2 3 2 1 3 1 
Jibs_PC#6721604732933794816 roll 3
Jibs_PC#6721604732933794816 roll 2
DICE 3 2 3 3 0 2 0 
Jibs_PC#6721604732933794816 move 8
Jibs_PC#6721604732933794816 attack 10 12
Jibs_PC#6721604732933794816 roll 3
Jibs_PC#6721604732933794816 roll 1
DICE 3 1 5 2 2 0 
Jibs_PC#6721604732933794816 move 6
Jibs_PC#6721604732933794816 attack 12 11
Jibs_PC#6721604732933794816 roll 3
Jibs_PC#6721604732933794816 roll 2
DICE 3 2 3 2 0 1 1 
Jibs_PC#6721604732933794816 move 4
Jibs_PC#6721604732933794816 attack 11 13
Jibs_PC#6721604732933794816 roll 3
Jibs_PC#6721604732933794816 roll 1
DICE 3 1 5 2 2 2 
Jibs_PC#6721604732933794816 endattack
Jibs_PC#6721604732933794816 movearmies 13 12 2
CARD 2
Jibs_PC#6721604732933794816 placearmies 21 5
Jibs_PC#6721604732933794816 placearmies 21 1
Jibs_PC#6721604732933794816 attack 21 12
Jibs_PC#6721604732933794816 roll 3
Jibs_PC#6721604732933794816 roll 2
DICE 3 2 2 2 2 5 0 
Jibs_PC#6721604732933794816 roll 3
Jibs_PC#6721604732933794816 roll 2
DICE 3 2 5 4 1 5 3 
Jibs_PC#6721604732933794816 roll 3
Jibs_PC#6721604732933794816 roll 2
DICE 3 2 5 4 0 4 3 
Jibs_PC#6721604732933794816 move 6
Jibs_PC#6721604732933794816 attack 12 10
Jibs_PC#6721604732933794816 roll 3
Jibs_PC#6721604732933794816 roll 2
DICE 3 2 5 0 0 2 0 
Jibs_PC#6721604732933794816 roll 3
Jibs_PC#6721604732933794816 roll 1
DICE 3 1 5 2 1 5 
Jibs_PC#6721604732933794816 retreat
Jibs_PC#6721604732933794816 attack 12 10
Jibs_PC#6721604732933794816 roll 3
Jibs_PC#6721604732933794816 roll 1
DICE 3 1 4 3 3 1 
Jibs_PC#6721604732933794816 attack 10 5
Jibs_PC#6721604732933794816 roll 2
Jibs_PC#6721604732933794816 roll 1
DICE 2 1 4 0 3 
Jibs_PC#6721604732933794816 endattack
Jibs_PC#6721604732933794816 nomove
CARD 39
Jibs_PC#6721604732933794816 placearmies 14 2
Jibs_PC#6721604732933794816 placearmies 19 1
Jibs_PC#6721604732933794816 placearmies 20 1
Jibs_PC#6721604732933794816 placearmies 20 4
Jibs_PC#6721604732933794816 attack 20 22
Jibs_PC#6721604732933794816 roll 3
Jibs_PC#6721604732933794816 roll 2
DICE 3 2 3 1 0 5 4 
Jibs_PC#6721604732933794816 roll 3
Jibs_PC#6721604732933794816 roll 2
DICE 3 2 5 3 0 2 2 
Jibs_PC#6721604732933794816 endattack
Jibs_PC#6721604732933794816 movearmies 22 20 2
CARD 17
Jibs_PC#6721604732933794816 placearmies 33 1
Jibs_PC#6721604732933794816 placearmies 28 5
Jibs_PC#6721604732933794816 attack 28 16
Jibs_PC#6721604732933794816 roll 3
Jibs_PC#6721604732933794816 roll 2
DICE 3 2 5 3 1 1 0 
Jibs_PC#6721604732933794816 move 5
Jibs_PC#6721604732933794816 attack 16 31
Jibs_PC#6721604732933794816 roll 3
Jibs_PC#6721604732933794816 roll 1
DICE 3 1 0 0 0 2 
Jibs_PC#6721604732933794816 roll 3
Jibs_PC#6721604732933794816 roll 1
DICE 3 1 3 0 0 1 
Jibs_PC#6721604732933794816 attack 33 29
Jibs_PC#6721604732933794816 roll 3
Jibs_PC#6721604732933794816 roll 1
DICE 3 1 3 0 0 5 
Jibs_PC#6721604732933794816 roll 3
Jibs_PC#6721604732933794816 roll 1
DICE 3 1 5 2 0 3 
Jibs_PC#6721604732933794816 endattack
Jibs_PC#6721604732933794816 movearmies 40 41 1
CARD 16
Jibs_PC#6721604732933794816 trade 7 42 10
Jibs_PC#6721604732933794816 placearmies 11 3
Jibs_PC#6721604732933794816 placearmies 4 5
Jibs_PC#6721604732933794816 placearmies 11 4
Jibs_PC#6721604732933794816 placearmies 11 1
Jibs_PC#6721604732933794816 attack 11 12
Jibs_PC#6721604732933794816 roll 3
Jibs_PC#6721604732933794816 roll 1
DICE 3 1 2 1 0 3 
Jibs_PC#6721604732933794816 roll 3
Jibs_PC#6721604732933794816 roll 1
DICE 3 1 5 4 2 3 
Jibs_PC#6721604732933794816 move 7
Jibs_PC#6721604732933794816 attack 4 5
Jibs_PC#6721604732933794816 roll 3
Jibs_PC#6721604732933794816 roll 2
DICE 3 2 5 5 2 2 0 
Jibs_PC#6721604732933794816 move 5
Jibs_PC#6721604732933794816 attack 12 10
Jibs_PC#6721604732933794816 roll 3
Jibs_PC#6721604732933794816 roll 1
DICE 3 1 4 1 1 2 
Jibs_PC#6721604732933794816 move 3
Jibs_PC#6721604732933794816 endattack
Jibs_PC#6721604732933794816 movearmies 1 38 3
CARD 19
Jibs_PC#6721604732933794816 trade 41 22 39
Jibs_PC#6721604732933794816 placearmies 21 3
Jibs_PC#6721604732933794816 placearmies 21 10
Jibs_PC#6721604732933794816 attack 21 12
Jibs_PC#6721604732933794816 roll 3
Jibs_PC#6721604732933794816 roll 2
DICE 3 2 5 4 0 4 3 
Jibs_PC#6721604732933794816 roll 3
Jibs_PC#6721604732933794816 roll 2
DICE 3 2 4 3 3 2 2 
Jibs_PC#6721604732933794816 move 14
Jibs_PC#6721604732933794816 attack 12 10
Jibs_PC#6721604732933794816 roll 3
Jibs_PC#6721604732933794816 roll 2
DICE 3 2 2 1 0 5 4 
Jibs_PC#6721604732933794816 roll 3
Jibs_PC#6721604732933794816 roll 2
DICE 3 2 1 1 0 5 4 
Jibs_PC#6721604732933794816 roll 3
Jibs_PC#6721604732933794816 roll 2
DICE 3 2 2 1 0 5 2 
Jibs_PC#6721604732933794816 roll 3
Jibs_PC#6721604732933794816 roll 2
DICE 3 2 5 3 0 5 1 
Jibs_PC#6721604732933794816 roll 3
Jibs_PC#6721604732933794816 roll 2
DICE 3 2 5 2 0 5 1 
Jibs_PC#6721604732933794816 roll 3
Jibs_PC#6721604732933794816 roll 1
DICE 3 1 4 2 1 0 
Jibs_PC#6721604732933794816 move 5
Jibs_PC#6721604732933794816 attack 10 11
Jibs_PC#6721604732933794816 roll 3
Jibs_PC#6721604732933794816 roll 1
DICE 3 1 5 5 1 3 
Jibs_PC#6721604732933794816 move 4
Jibs_PC#6721604732933794816 attack 11 13
Jibs_PC#6721604732933794816 roll 3
Jibs_PC#6721604732933794816 roll 1
DICE 3 1 4 2 0 3 
Jibs_PC#6721604732933794816 endattack
Jibs_PC#6721604732933794816 movearmies 13 11 1
CARD wildcard
Jibs_PC#6721604732933794816 trade 18 29 17
Jibs_PC#6721604732933794816 placearmies 20 2
Jibs_PC#6721604732933794816 placearmies 20 6
Jibs_PC#6721604732933794816 placearmies 14 1
Jibs_PC#6721604732933794816 attack 14 6
Jibs_PC#6721604732933794816 roll 3
Jibs_PC#6721604732933794816 roll 2
DICE 3 2 4 3 0 5 3 
Jibs_PC#6721604732933794816 roll 3
Jibs_PC#6721604732933794816 roll 2
DICE 3 2 3 1 0 5 0 
Jibs_PC#6721604732933794816 roll 2
Jibs_PC#6721604732933794816 roll 1
DICE 2 1 4 3 3 
Jibs_PC#6721604732933794816 attack 20 16
Jibs_PC#6721604732933794816 roll 3
Jibs_PC#6721604732933794816 roll 1
DICE 3 1 3 1 1 1 
Jibs_PC#6721604732933794816 move 9
Jibs_PC#6721604732933794816 attack 16 30
Jibs_PC#6721604732933794816 roll 3
Jibs_PC#6721604732933794816 roll 1
DICE 3 1 5 4 4 3 
Jibs_PC#6721604732933794816 move 7
Jibs_PC#6721604732933794816 attack 30 32
Jibs_PC#6721604732933794816 roll 3
Jibs_PC#6721604732933794816 roll 1
DICE 3 1 3 2 1 5 
Jibs_PC#6721604732933794816 roll 3
Jibs_PC#6721604732933794816 roll 1
DICE 3 1 5 2 0 1 
Jibs_PC#6721604732933794816 move 5
Jibs_PC#6721604732933794816 endattack
Jibs_PC#6721604732933794816 movearmies 18 19 2
CARD 30
Jibs_PC#6721604732933794816 trade 6 26 16
Jibs_PC#6721604732933794816 placearmies 33 1
Jibs_PC#6721604732933794816 placearmies 33 3
Jibs_PC#6721604732933794816 placearmies 31 10
Jibs_PC#6721604732933794816 placearmies 31 1
Jibs_PC#6721604732933794816 placearmies 31 1
Jibs_PC#6721604732933794816 attack 31 20
Jibs_PC#6721604732933794816 roll 3
Jibs_PC#6721604732933794816 roll 2
DICE 3 2 5 5 5 5 3 
Jibs_PC#6721604732933794816 roll 3
Jibs_PC#6721604732933794816 roll 1
DICE 3 1 5 1 1 2 
Jibs_PC#6721604732933794816 move 13
Jibs_PC#6721604732933794816 attack 20 21
Jibs_PC#6721604732933794816 roll 3
Jibs_PC#6721604732933794816 roll 1
DICE 3 1 5 4 1 4 
Jibs_PC#6721604732933794816 move 12
Jibs_PC#6721604732933794816 attack 21 12
Jibs_PC#6721604732933794816 roll 3
Jibs_PC#6721604732933794816 roll 1
DICE 3 1 4 3 2 0 
Jibs_PC#6721604732933794816 move 11
Jibs_PC#6721604732933794816 attack 12 13
Jibs_PC#6721604732933794816 roll 3
Jibs_PC#6721604732933794816 roll 2
DICE 3 2 5 0 0 4 3 
Jibs_PC#6721604732933794816 roll 3
Jibs_PC#6721604732933794816 roll 1
DICE 3 1 5 3 1 0 
Jibs_PC#6721604732933794816 move 9
Jibs_PC#6721604732933794816 attack 13 11
Jibs_PC#6721604732933794816 roll 3
Jibs_PC#6721604732933794816 roll 2
DICE 3 2 1 0 0 5 0 
Jibs_PC#6721604732933794816 roll 3
Jibs_PC#6721604732933794816 roll 2
DICE 3 2 5 4 3 1 0 
Jibs_PC#6721604732933794816 move 6
Jibs_PC#6721604732933794816 attack 11 10
Jibs_PC#6721604732933794816 roll 3
Jibs_PC#6721604732933794816 roll 1
DICE 3 1 5 4 3 3 
Jibs_PC#6721604732933794816 move 5
Jibs_PC#6721604732933794816 attack 33 32
Jibs_PC#6721604732933794816 roll 3
Jibs_PC#6721604732933794816 roll 2
DICE 3 2 5 3 1 4 2 
Jibs_PC#6721604732933794816 roll 3
Jibs_PC#6721604732933794816 roll 2
DICE 3 2 4 4 4 1 0 
Jibs_PC#6721604732933794816 retreat
Jibs_PC#6721604732933794816 attack 29 30
Jibs_PC#6721604732933794816 roll 2
Jibs_PC#6721604732933794816 roll 1
DICE 2 1 3 2 2 
Jibs_PC#6721604732933794816 attack 33 32
Jibs_PC#6721604732933794816 roll 3
Jibs_PC#6721604732933794816 roll 1
DICE 3 1 4 3 0 1 
Jibs_PC#6721604732933794816 move 3
Jibs_PC#6721604732933794816 attack 10 5
Jibs_PC#6721604732933794816 roll 3
Jibs_PC#6721604732933794816 roll 2
DICE 3 2 2 2 1 5 5 
Jibs_PC#6721604732933794816 retreat
Jibs_PC#6721604732933794816 endattack
Jibs_PC#6721604732933794816 movearmies 33 29 1
CARD 40
Jibs_PC#6721604732933794816 trade 37 35 19
Jibs_PC#6721604732933794816 placearmies 5 3
Jibs_PC#6721604732933794816 placearmies 7 3
Jibs_PC#6721604732933794816 placearmies 5 1
Jibs_PC#6721604732933794816 attack 5 10
Jibs_PC#6721604732933794816 roll 3
Jibs_PC#6721604732933794816 roll 2
DICE 3 2 4 3 2 2 0 
Jibs_PC#6721604732933794816 roll 3
Jibs_PC#6721604732933794816 roll 1
DICE 3 1 5 1 1 2 
Jibs_PC#6721604732933794816 move 8
Jibs_PC#6721604732933794816 attack 7 6
Jibs_PC#6721604732933794816 roll 3
Jibs_PC#6721604732933794816 roll 2
DICE 3 2 2 1 1 2 2 
Jibs_PC#6721604732933794816 roll 3
Jibs_PC#6721604732933794816 roll 2
DICE 3 2 5 5 3 3 1 
Jibs_PC#6721604732933794816 attack 10 12
Jibs_PC#6721604732933794816 roll 3
Jibs_PC#6721604732933794816 roll 1
DICE 3 1 4 3 3 3 
Jibs_PC#6721604732933794816 move 6
Jibs_PC#6721604732933794816 attack 12 13
Jibs_PC#6721604732933794816 roll 3
Jibs_PC#6721604732933794816 roll 1
DICE 3 1 3 2 0 0 
Jibs_PC#6721604732933794816 move 5
Jibs_PC#6721604732933794816 attack 13 11
Jibs_PC#6721604732933794816 roll 3
Jibs_PC#6721604732933794816 roll 1
DICE 3 1 5 5 4 0 
Jibs_PC#6721604732933794816 move 3
Jibs_PC#6721604732933794816 endattack
Jibs_PC#6721604732933794816 movearmies 13 12 1
CARD 25
Jibs_PC#6721604732933794816 placearmies 24 3
Jibs_PC#6721604732933794816 attack 24 21
Jibs_PC#6721604732933794816 roll 3
Jibs_PC#6721604732933794816 roll 1
DICE 3 1 0 0 0 0 
Jibs_PC#6721604732933794816 roll 2
Jibs_PC#6721604732933794816 roll 1
DICE 2 1 2 1 0 
Jibs_PC#6721604732933794816 endattack
Jibs_PC#6721604732933794816 nomove
CARD 10
Jibs_PC#6721604732933794816 placearmies 19 1
Jibs_PC#6721604732933794816 placearmies 19 1
Jibs_PC#6721604732933794816 placearmies 19 1
Jibs_PC#6721604732933794816 attack 19 21
Jibs_PC#6721604732933794816 roll 3
Jibs_PC#6721604732933794816 roll 2
DICE 3 2 4 0 0 5 0 
Jibs_PC#6721604732933794816 roll 3
Jibs_PC#6721604732933794816 roll 2
DICE 3 2 5 5 3 5 3 
Jibs_PC#6721604732933794816 retreat
Jibs_PC#6721604732933794816 attack 19 20
Jibs_PC#6721604732933794816 roll 3
Jibs_PC#6721604732933794816 roll 1
DICE 3 1 4 2 0 1 
Jibs_PC#6721604732933794816 endattack
Jibs_PC#6721604732933794816 nomove
CARD 4
Jibs_PC#6721604732933794816 placearmies 29 6
Jibs_PC#6721604732933794816 attack 29 27
Jibs_PC#6721604732933794816 roll 3
Jibs_PC#6721604732933794816 roll 2
DICE 3 2 5 1 0 5 0 
Jibs_PC#6721604732933794816 roll 3
Jibs_PC#6721604732933794816 roll 2
DICE 3 2 4 1 1 3 1 
Jibs_PC#6721604732933794816 roll 3
Jibs_PC#6721604732933794816 roll 2
DICE 3 2 2 1 0 2 0 
Jibs_PC#6721604732933794816 roll 3
Jibs_PC#6721604732933794816 roll 1
DICE 3 1 5 3 1 3 
Jibs_PC#6721604732933794816 move 3
Jibs_PC#6721604732933794816 endattack
Jibs_PC#6721604732933794816 movearmies 32 30 2
CARD 11
Jibs_PC#6721604732933794816 placearmies 6 11
Jibs_PC#6721604732933794816 attack 6 14
Jibs_PC#6721604732933794816 roll 3
Jibs_PC#6721604732933794816 roll 1
DICE 3 1 4 3 0 1 
Jibs_PC#6721604732933794816 move 13
Jibs_PC#6721604732933794816 attack 14 17
Jibs_PC#6721604732933794816 roll 3
Jibs_PC#6721604732933794816 roll 1
DICE 3 1 3 3 2 0 
Jibs_PC#6721604732933794816 move 11
Jibs_PC#6721604732933794816 attack 17 19
Jibs_PC#6721604732933794816 roll 3
Jibs_PC#6721604732933794816 roll 1
DICE 3 1 5 2 2 1 
Jibs_PC#6721604732933794816 move 10
Jibs_PC#6721604732933794816 attack 19 18
Jibs_PC#6721604732933794816 roll 3
Jibs_PC#6721604732933794816 roll 1
DICE 3 1 5 4 3 5 
Jibs_PC#6721604732933794816 roll 3
Jibs_PC#6721604732933794816 roll 1
DICE 3 1 4 0 0 2 
Jibs_PC#6721604732933794816 move 8
Jibs_PC#6721604732933794816 attack 18 16
Jibs_PC#6721604732933794816 roll 3
Jibs_PC#6721604732933794816 roll 2
DICE 3 2 5 3 2 1 0 
Jibs_PC#6721604732933794816 move 7
Jibs_PC#6721604732933794816 attack 16 15
Jibs_PC#6721604732933794816 roll 3
Jibs_PC#6721604732933794816 roll 1
DICE 3 1 5 4 1 5 
Jibs_PC#6721604732933794816 roll 3
Jibs_PC#6721604732933794816 roll 1
DICE 3 1 4 2 0 4 
Jibs_PC#6721604732933794816 roll 3
Jibs_PC#6721604732933794816 roll 1
DICE 3 1 5 0 0 5 
Jibs_PC#6721604732933794816 roll 3
Jibs_PC#6721604732933794816 roll 1
DICE 3 1 5 3 2 4 
Jibs_PC#6721604732933794816 endattack
Jibs_PC#6721604732933794816 movearmies 11 12 2
CARD 23
Jibs_PC#6721604732933794816 placearmies 24 3
Jibs_PC#6721604732933794816 attack 24 22
Jibs_PC#6721604732933794816 roll 3
Jibs_PC#6721604732933794816 roll 1
DICE 3 1 3 1 1 5 
Jibs_PC#6721604732933794816 roll 2
Jibs_PC#6721604732933794816 roll 1
DICE 2 1 2 1 4 
Jibs_PC#6721604732933794816 retreat
Jibs_PC#6721604732933794816 endattack
Jibs_PC#6721604732933794816 nomove
CARD 
Jibs_PC#6721604732933794816 placearmies 20 1
Jibs_PC#6721604732933794816 placearmies 20 1
Jibs_PC#6721604732933794816 placearmies 20 1
Jibs_PC#6721604732933794816 attack 20 16
Jibs_PC#6721604732933794816 roll 3
Jibs_PC#6721604732933794816 roll 1
DICE 3 1 5 4 3 1 
Jibs_PC#6721604732933794816 move 5
Jibs_PC#6721604732933794816 attack 16 15
Jibs_PC#6721604732933794816 roll 3
Jibs_PC#6721604732933794816 roll 2
DICE 3 2 3 1 1 5 1 
Jibs_PC#6721604732933794816 retreat
Jibs_PC#6721604732933794816 endattack
Jibs_PC#6721604732933794816 nomove
CARD 42
Jibs_PC#6721604732933794816 placearmies 36 7
Jibs_PC#6721604732933794816 attack 36 38
Jibs_PC#6721604732933794816 roll 3
Jibs_PC#6721604732933794816 roll 2
DICE 3 2 2 1 0 3 2 
Jibs_PC#6721604732933794816 roll 3
Jibs_PC#6721604732933794816 roll 2
DICE 3 2 5 0 0 5 0 
Jibs_PC#6721604732933794816 retreat
Jibs_PC#6721604732933794816 attack 30 16
Jibs_PC#6721604732933794816 roll 3
Jibs_PC#6721604732933794816 roll 2
DICE 3 2 5 5 4 5 1 
Jibs_PC#6721604732933794816 retreat
Jibs_PC#6721604732933794816 attack 30 16
Jibs_PC#6721604732933794816 roll 2
Jibs_PC#6721604732933794816 roll 2
DICE 2 2 5 4 2 2 
Jibs_PC#6721604732933794816 endattack
Jibs_PC#6721604732933794816 movearmies 27 36 2
CARD 34
Jibs_PC#6721604732933794816 placearmies 12 7
Jibs_PC#6721604732933794816 placearmies 12 1
Jibs_PC#6721604732933794816 placearmies 19 1
Jibs_PC#6721604732933794816 placearmies 18 1
Jibs_PC#6721604732933794816 placearmies 38 2
Jibs_PC#6721604732933794816 placearmies 12 1
Jibs_PC#6721604732933794816 attack 12 21
Jibs_PC#6721604732933794816 roll 3
Jibs_PC#6721604732933794816 roll 1
DICE 3 1 5 4 4 5 
Jibs_PC#6721604732933794816 roll 3
Jibs_PC#6721604732933794816 roll 1
DICE 3 1 1 1 0 2 
Jibs_PC#6721604732933794816 roll 3
Jibs_PC#6721604732933794816 roll 1
DICE 3 1 3 2 1 2 
Jibs_PC#6721604732933794816 move 10
Jibs_PC#6721604732933794816 attack 21 22
Jibs_PC#6721604732933794816 roll 3
Jibs_PC#6721604732933794816 roll 1
DICE 3 1 4 3 0 1 
Jibs_PC#6721604732933794816 move 8
Jibs_PC#6721604732933794816 attack 22 20
Jibs_PC#6721604732933794816 roll 3
Jibs_PC#6721604732933794816 roll 1
DICE 3 1 5 3 1 3 
Jibs_PC#6721604732933794816 move 7
Jibs_PC#6721604732933794816 trade 2 25 36
Jibs_PC#6721604732933794816 placearmies 20 7
Jibs_PC#6721604732933794816 placearmies 38 1
Jibs_PC#6721604732933794816 attack 20 31
Jibs_PC#6721604732933794816 roll 3
Jibs_PC#6721604732933794816 roll 1
DICE 3 1 5 1 0 3 
Jibs_PC#6721604732933794816 move 12
Jibs_PC#6721604732933794816 attack 31 32
Jibs_PC#6721604732933794816 roll 3
Jibs_PC#6721604732933794816 roll 1
DICE 3 1 4 2 1 1 
Jibs_PC#6721604732933794816 move 11
Jibs_PC#6721604732933794816 attack 32 33
Jibs_PC#6721604732933794816 roll 3
Jibs_PC#6721604732933794816 roll 1
DICE 3 1 4 2 1 3 
Jibs_PC#6721604732933794816 move 10
Jibs_PC#6721604732933794816 attack 33 39
Jibs_PC#6721604732933794816 roll 3
Jibs_PC#6721604732933794816 roll 2
DICE 3 2 3 2 0 4 1 
Jibs_PC#6721604732933794816 roll 3
Jibs_PC#6721604732933794816 roll 2
DICE 3 2 3 1 1 4 2 
Jibs_PC#6721604732933794816 roll 3
Jibs_PC#6721604732933794816 roll 2
DICE 3 2 5 5 5 5 5 
Jibs_PC#6721604732933794816 roll 3
Jibs_PC#6721604732933794816 roll 2
DICE 3 2 4 1 0 2 1 
Jibs_PC#6721604732933794816 roll 3
Jibs_PC#6721604732933794816 roll 1
DICE 3 1 5 3 0 3 
Jibs_PC#6721604732933794816 attack 38 37
Jibs_PC#6721604732933794816 roll 3
Jibs_PC#6721604732933794816 roll 1
DICE 3 1 5 5 4 0 
Jibs_PC#6721604732933794816 move 5
Jibs_PC#6721604732933794816 attack 37 36
Jibs_PC#6721604732933794816 roll 3
Jibs_PC#6721604732933794816 roll 2
DICE 3 2 5 3 2 1 1 
Jibs_PC#6721604732933794816 roll 3
Jibs_PC#6721604732933794816 roll 2
DICE 3 2 1 0 0 5 5 
Jibs_PC#6721604732933794816 retreat
Jibs_PC#6721604732933794816 endattack
Jibs_PC#6721604732933794816 movearmies 19 20 1
CARD 9
Jibs_PC#6721604732933794816 placearmies 24 2
Jibs_PC#6721604732933794816 placearmies 24 1
Jibs_PC#6721604732933794816 attack 24 21
Jibs_PC#6721604732933794816 roll 3
Jibs_PC#6721604732933794816 roll 2
DICE 3 2 5 4 3 5 0 
Jibs_PC#6721604732933794816 roll 3
Jibs_PC#6721604732933794816 roll 1
DICE 3 1 5 4 3 4 
Jibs_PC#6721604732933794816 attack 21 12
Jibs_PC#6721604732933794816 roll 2
Jibs_PC#6721604732933794816 roll 1
DICE 2 1 5 3 3 
Jibs_PC#6721604732933794816 endattack
Jibs_PC#6721604732933794816 nomove
CARD 8
Jibs_PC#6721604732933794816 trade 40 11 34
Jibs_PC#6721604732933794816 placearmies 36 6
Jibs_PC#6721604732933794816 placearmies 40 3
Jibs_PC#6721604732933794816 attack 36 38
Jibs_PC#6721604732933794816 roll 3
Jibs_PC#6721604732933794816 roll 2
DICE 3 2 5 4 3 4 1 
Jibs_PC#6721604732933794816 move 9
Jibs_PC#6721604732933794816 attack 38 1
Jibs_PC#6721604732933794816 roll 3
Jibs_PC#6721604732933794816 roll 1
DICE 3 1 4 2 1 3 
Jibs_PC#6721604732933794816 move 8
Jibs_PC#6721604732933794816 attack 40 39
Jibs_PC#6721604732933794816 roll 3
Jibs_PC#6721604732933794816 roll 2
DICE 3 2 5 2 2 0 0 
Jibs_PC#6721604732933794816 roll 3
Jibs_PC#6721604732933794816 roll 1
DICE 3 1 1 1 0 4 
Jibs_PC#6721604732933794816 roll 3
Jibs_PC#6721604732933794816 roll 1
DICE 3 1 5 3 3 5 
Jibs_PC#6721604732933794816 roll 3
Jibs_PC#6721604732933794816 roll 1
DICE 3 1 2 2 2 4 
Jibs_PC#6721604732933794816 roll 3
Jibs_PC#6721604732933794816 roll 1
DICE 3 1 1 0 0 5 
Jibs_PC#6721604732933794816 retreat
Jibs_PC#6721604732933794816 attack 41 39
Jibs_PC#6721604732933794816 roll 2
Jibs_PC#6721604732933794816 roll 1
DICE 2 1 4 4 0 
Jibs_PC#6721604732933794816 attack 1 3
Jibs_PC#6721604732933794816 roll 3
Jibs_PC#6721604732933794816 roll 1
DICE 3 1 5 3 0 2 
Jibs_PC#6721604732933794816 move 7
Jibs_PC#6721604732933794816 attack 3 7
Jibs_PC#6721604732933794816 roll 3
Jibs_PC#6721604732933794816 roll 1
DICE 3 1 4 3 2 4 
Jibs_PC#6721604732933794816 roll 3
Jibs_PC#6721604732933794816 roll 1
DICE 3 1 5 2 1 4 
Jibs_PC#6721604732933794816 move 5
Jibs_PC#6721604732933794816 attack 7 9
Jibs_PC#6721604732933794816 roll 3
Jibs_PC#6721604732933794816 roll 1
DICE 3 1 4 3 2 3 
Jibs_PC#6721604732933794816 move 4
Jibs_PC#6721604732933794816 attack 9 8
Jibs_PC#6721604732933794816 roll 3
Jibs_PC#6721604732933794816 roll 1
DICE 3 1 4 2 0 3 
Jibs_PC#6721604732933794816 attack 8 6
Jibs_PC#6721604732933794816 roll 2
Jibs_PC#6721604732933794816 roll 1
DICE 2 1 3 2 5 
Jibs_PC#6721604732933794816 retreat
Jibs_PC#6721604732933794816 endattack
Jibs_PC#6721604732933794816 movearmies 40 39 2
CARD 28
Jibs_PC#6721604732933794816 trade 23 30 9
Jibs_PC#6721604732933794816 placearmies 10 4
Jibs_PC#6721604732933794816 placearmies 13 5
Jibs_PC#6721604732933794816 placearmies 33 7
Jibs_PC#6721604732933794816 attack 33 39
Jibs_PC#6721604732933794816 roll 3
Jibs_PC#6721604732933794816 roll 2
DICE 3 2 4 1 0 5 4 
Jibs_PC#6721604732933794816 roll 3
Jibs_PC#6721604732933794816 roll 2
DICE 3 2 5 4 0 0 0 
Jibs_PC#6721604732933794816 roll 3
Jibs_PC#6721604732933794816 roll 2
DICE 3 2 4 3 0 3 1 
Jibs_PC#6721604732933794816 move 5
Jibs_PC#6721604732933794816 attack 10 12
Jibs_PC#6721604732933794816 roll 3
Jibs_PC#6721604732933794816 roll 2
DICE 3 2 5 3 2 4 4 
Jibs_PC#6721604732933794816 roll 3
Jibs_PC#6721604732933794816 roll 1
DICE 3 1 1 1 0 5 
Jibs_PC#6721604732933794816 retreat
Jibs_PC#6721604732933794816 attack 13 12
Jibs_PC#6721604732933794816 roll 3
Jibs_PC#6721604732933794816 roll 1
DICE 3 1 5 1 0 4 
Jibs_PC#6721604732933794816 move 5
Jibs_PC#6721604732933794816 attack 39 41
Jibs_PC#6721604732933794816 roll 3
Jibs_PC#6721604732933794816 roll 1
DICE 3 1 4 3 3 4 
Jibs_PC#6721604732933794816 roll 3
Jibs_PC#6721604732933794816 roll 1
DICE 3 1 5 0 0 3 
Jibs_PC#6721604732933794816 attack 41 40
Jibs_PC#6721604732933794816 roll 2
Jibs_PC#6721604732933794816 roll 1
DICE 2 1 5 0 3 
Jibs_PC#6721604732933794816 attack 12 21
Jibs_PC#6721604732933794816 roll 3
Jibs_PC#6721604732933794816 roll 1
DICE 3 1 5 3 1 0 
Jibs_PC#6721604732933794816 move 4
Jibs_PC#6721604732933794816 endattack
Jibs_PC#6721604732933794816 movearmies 10 5 3
CARD 12
Jibs_PC#6721604732933794816 trade wildcard 10 8
Jibs_PC#6721604732933794816 placearmies 24 3
Jibs_PC#6721604732933794816 placearmies 24 8
Jibs_PC#6721604732933794816 attack 24 21
Jibs_PC#6721604732933794816 roll 3
Jibs_PC#6721604732933794816 roll 2
DICE 3 2 5 3 2 3 0 
Jibs_PC#6721604732933794816 roll 3
Jibs_PC#6721604732933794816 roll 2
DICE 3 2 3 3 0 5 3 
Jibs_PC#6721604732933794816 roll 3
Jibs_PC#6721604732933794816 roll 2
DICE 3 2 5 3 0 3 2 
Jibs_PC#6721604732933794816 move 9
Jibs_PC#6721604732933794816 attack 21 12
Jibs_PC#6721604732933794816 roll 3
Jibs_PC#6721604732933794816 roll 1
DICE 3 1 5 4 0 1 
Jibs_PC#6721604732933794816 move 8
Jibs_PC#6721604732933794816 attack 12 10
Jibs_PC#6721604732933794816 roll 3
Jibs_PC#6721604732933794816 roll 1
DICE 3 1 5 3 0 2 
Jibs_PC#6721604732933794816 move 7
Jibs_PC#6721604732933794816 attack 10 11
Jibs_PC#6721604732933794816 roll 3
Jibs_PC#6721604732933794816 roll 1
DICE 3 1 4 3 1 3 
Jibs_PC#6721604732933794816 move 5
Jibs_PC#6721604732933794816 attack 11 13
Jibs_PC#6721604732933794816 roll 3
Jibs_PC#6721604732933794816 roll 1
DICE 3 1 2 2 2 5 
Jibs_PC#6721604732933794816 roll 3
Jibs_PC#6721604732933794816 roll 1
DICE 3 1 2 1 1 0 
Jibs_PC#6721604732933794816 endattack
Jibs_PC#6721604732933794816 movearmies 13 11 1
CARD 15
Jibs_PC#6721604732933794816 placearmies 29 5
Jibs_PC#6721604732933794816 attack 29 33
Jibs_PC#6721604732933794816 roll 3
Jibs_PC#6721604732933794816 roll 1
DICE 3 1 3 3 1 4 
Jibs_PC#6721604732933794816 roll 3
Jibs_PC#6721604732933794816 roll 1
DICE 3 1 3 2 1 0 
Jibs_PC#6721604732933794816 move 5
Jibs_PC#6721604732933794816 attack 33 32
Jibs_PC#6721604732933794816 roll 3
Jibs_PC#6721604732933794816 roll 1
DICE 3 1 3 2 0 0 
Jibs_PC#6721604732933794816 move 4
Jibs_PC#6721604732933794816 attack 32 31
Jibs_PC#6721604732933794816 roll 3
Jibs_PC#6721604732933794816 roll 1
DICE 3 1 5 3 0 5 
Jibs_PC#6721604732933794816 roll 2
Jibs_PC#6721604732933794816 roll 1
DICE 2 1 0 0 0 
Jibs_PC#6721604732933794816 retreat
Jibs_PC#6721604732933794816 endattack
Jibs_PC#6721604732933794816 nomove
CARD 27
Jibs_PC#6721604732933794816 placearmies 40 4
Jibs_PC#6721604732933794816 placearmies 5 1
Jibs_PC#6721604732933794816 attack 5 10
Jibs_PC#6721604732933794816 roll 3
Jibs_PC#6721604732933794816 roll 2
DICE 3 2 5 4 3 5 3 
Jibs_PC#6721604732933794816 roll 3
Jibs_PC#6721604732933794816 roll 1
DICE 3 1 5 4 1 3 
Jibs_PC#6721604732933794816 attack 40 42
Jibs_PC#6721604732933794816 roll 3
Jibs_PC#6721604732933794816 roll 2
DICE 3 2 5 1 0 3 2 
Jibs_PC#6721604732933794816 roll 3
Jibs_PC#6721604732933794816 roll 1
DICE 3 1 4 0 0 2 
Jibs_PC#6721604732933794816 move 3
Jibs_PC#6721604732933794816 endattack
Jibs_PC#6721604732933794816 movearmies 40 39 1
CARD 14
Jibs_PC#6721604732933794816 placearmies 24 3
Jibs_PC#6721604732933794816 attack 24 22
Jibs_PC#6721604732933794816 roll 3
Jibs_PC#6721604732933794816 roll 1
DICE 3 1 5 2 1 1 
Jibs_PC#6721604732933794816 endattack
Jibs_PC#6721604732933794816 movearmies 13 12 1
CARD 1
Jibs_PC#6721604732933794816 placearmies 33 5
Jibs_PC#6721604732933794816 attack 33 39
Jibs_PC#6721604732933794816 roll 3
Jibs_PC#6721604732933794816 roll 2
DICE 3 2 5 5 4 2 0 
Jibs_PC#6721604732933794816 move 5
Jibs_PC#6721604732933794816 attack 39 41
Jibs_PC#6721604732933794816 roll 3
Jibs_PC#6721604732933794816 roll 1
DICE 3 1 4 4 3 0 
Jibs_PC#6721604732933794816 move 4
Jibs_PC#6721604732933794816 attack 41 40
Jibs_PC#6721604732933794816 roll 3
Jibs_PC#6721604732933794816 roll 1
DICE 3 1 1 0 0 2 
Jibs_PC#6721604732933794816 roll 2
Jibs_PC#6721604732933794816 roll 1
DICE 2 1 5 1 4 
Jibs_PC#6721604732933794816 endattack
Jibs_PC#6721604732933794816 nomove
CARD 20
Jibs_PC#6721604732933794816 trade 4 42 14
Jibs_PC#6721604732933794816 placearmies 10 7
Jibs_PC#6721604732933794816 placearmies 10 1
Jibs_PC#6721604732933794816 attack 20 21
Jibs_PC#6721604732933794816 roll 2
Jibs_PC#6721604732933794816 roll 1
DICE 2 1 5 2 3 
Jibs_PC#6721604732933794816 attack 10 12
Jibs_PC#6721604732933794816 roll 3
Jibs_PC#6721604732933794816 roll 2
DICE 3 2 5 2 1 4 1 
Jibs_PC#6721604732933794816 move 10
Jibs_PC#6721604732933794816 attack 12 13
Jibs_PC#6721604732933794816 roll 3
Jibs_PC#6721604732933794816 roll 1
DICE 3 1 5 4 1 0 
Jibs_PC#6721604732933794816 move 6
Jibs_PC#6721604732933794816 attack 13 11
Jibs_PC#6721604732933794816 roll 3
Jibs_PC#6721604732933794816 roll 2
DICE 3 2 2 1 0 4 1 
Jibs_PC#6721604732933794816 roll 3
Jibs_PC#6721604732933794816 roll 2
DICE 3 2 5 3 2 2 1 
Jibs_PC#6721604732933794816 attack 2 7
Jibs_PC#6721604732933794816 roll 2
Jibs_PC#6721604732933794816 roll 1
DICE 2 1 5 1 4 
Jibs_PC#6721604732933794816 attack 4 9
Jibs_PC#6721604732933794816 roll 2
Jibs_PC#6721604732933794816 roll 1
DICE 2 1 4 1 2 
Jibs_PC#6721604732933794816 endattack
Jibs_PC#6721604732933794816 movearmies 7 9 1
CARD 3
Jibs_PC#6721604732933794816 placearmies 22 1
Jibs_PC#6721604732933794816 placearmies 22 2
Jibs_PC#6721604732933794816 attack 22 21
Jibs_PC#6721604732933794816 roll 3
Jibs_PC#6721604732933794816 roll 2
DICE 3 2 4 4 0 1 1 
Jibs_PC#6721604732933794816 move 4
Jibs_PC#6721604732933794816 endattack
Jibs_PC#6721604732933794816 nomove
CARD 32
Jibs_PC#6721604732933794816 placearmies 16 3
Jibs_PC#6721604732933794816 placearmies 8 2
Jibs_PC#6721604732933794816 attack 16 31
Jibs_PC#6721604732933794816 roll 3
Jibs_PC#6721604732933794816 roll 1
DICE 3 1 3 3 0 5 
Jibs_PC#6721604732933794816 roll 3
Jibs_PC#6721604732933794816 roll 1
DICE 3 1 5 4 2 0 
Jibs_PC#6721604732933794816 attack 8 7
Jibs_PC#6721604732933794816 roll 3
Jibs_PC#6721604732933794816 roll 1
DICE 3 1 5 2 1 1 
Jibs_PC#6721604732933794816 endattack
Jibs_PC#6721604732933794816 movearmies 32 31 1
CARD 21
Jibs_PC#6721604732933794816 placearmies 42 5
Jibs_PC#6721604732933794816 placearmies 4 1
Jibs_PC#6721604732933794816 placearmies 4 1
Jibs_PC#6721604732933794816 attack 42 41
Jibs_PC#6721604732933794816 roll 3
Jibs_PC#6721604732933794816 roll 1
DICE 3 1 4 4 4 3 
Jibs_PC#6721604732933794816 move 7
Jibs_PC#6721604732933794816 attack 41 40
Jibs_PC#6721604732933794816 roll 3
Jibs_PC#6721604732933794816 roll 2
DICE 3 2 2 1 1 5 2 
Jibs_PC#6721604732933794816 roll 3
Jibs_PC#6721604732933794816 roll 2
DICE 3 2 3 3 1 5 2 
Jibs_PC#6721604732933794816 roll 3
Jibs_PC#6721604732933794816 roll 1
DICE 3 1 5 1 0 4 
Jibs_PC#6721604732933794816 attack 40 39
Jibs_PC#6721604732933794816 roll 2
Jibs_PC#6721604732933794816 roll 1
DICE 2 1 5 0 1 
Jibs_PC#6721604732933794816 attack 9 8
Jibs_PC#6721604732933794816 roll 2
Jibs_PC#6721604732933794816 roll 1
DICE 2 1 1 0 4 
Jibs_PC#6721604732933794816 retreat
Jibs_PC#6721604732933794816 attack 4 3
Jibs_PC#6721604732933794816 roll 2
Jibs_PC#6721604732933794816 roll 1
DICE 2 1 1 1 1 
Jibs_PC#6721604732933794816 retreat
Jibs_PC#6721604732933794816 attack 15 16
Jibs_PC#6721604732933794816 roll 2
Jibs_PC#6721604732933794816 roll 1
DICE 2 1 5 0 2 
Jibs_PC#6721604732933794816 endattack
Jibs_PC#6721604732933794816 movearmies 11 12 2
CARD 7
Jibs_PC#6721604732933794816 placearmies 21 6
Jibs_PC#6721604732933794816 attack 21 12
Jibs_PC#6721604732933794816 roll 3
Jibs_PC#6721604732933794816 roll 2
DICE 3 2 4 2 0 4 3 
Jibs_PC#6721604732933794816 roll 3
Jibs_PC#6721604732933794816 roll 2
DICE 3 2 3 2 0 5 3 
Jibs_PC#6721604732933794816 retreat
Jibs_PC#6721604732933794816 attack 21 20
Jibs_PC#6721604732933794816 roll 3
Jibs_PC#6721604732933794816 roll 1
DICE 3 1 5 5 1 3 
Jibs_PC#6721604732933794816 move 4
Jibs_PC#6721604732933794816 endattack
Jibs_PC#6721604732933794816 movearmies 20 21 3
CARD 24
Jibs_PC#6721604732933794816 trade 28 27 21
Jibs_PC#6721604732933794816 placearmies 33 5
Jibs_PC#6721604732933794816 placearmies 7 10
Jibs_PC#6721604732933794816 attack 33 39
Jibs_PC#6721604732933794816 roll 3
Jibs_PC#6721604732933794816 roll 2
DICE 3 2 5 4 0 5 4 
Jibs_PC#6721604732933794816 roll 3
Jibs_PC#6721604732933794816 roll 2
DICE 3 2 4 0 0 5 3 
Jibs_PC#6721604732933794816 retreat
Jibs_PC#6721604732933794816 attack 7 9
Jibs_PC#6721604732933794816 roll 3
Jibs_PC#6721604732933794816 roll 2
DICE 3 2 1 0 0 5 1 
Jibs_PC#6721604732933794816 roll 3
Jibs_PC#6721604732933794816 roll 2
DICE 3 2 5 2 1 4 1 
Jibs_PC#6721604732933794816 move 10
Jibs_PC#6721604732933794816 attack 9 5
Jibs_PC#6721604732933794816 roll 3
Jibs_PC#6721604732933794816 roll 1
DICE 3 1 5 2 0 2 
Jibs_PC#6721604732933794816 move 9
Jibs_PC#6721604732933794816 attack 5 10
Jibs_PC#6721604732933794816 roll 3
Jibs_PC#6721604732933794816 roll 1
DICE 3 1 3 2 0 5 
Jibs_PC#6721604732933794816 roll 3
Jibs_PC#6721604732933794816 roll 1
DICE 3 1 3 1 1 4 
Jibs_PC#6721604732933794816 roll 3
Jibs_PC#6721604732933794816 roll 1
DICE 3 1 5 3 3 4 
Jibs_PC#6721604732933794816 move 6
Jibs_PC#6721604732933794816 attack 31 22
Jibs_PC#6721604732933794816 roll 3
Jibs_PC#6721604732933794816 roll 2
DICE 3 2 5 3 3 4 1 
Jibs_PC#6721604732933794816 attack 10 11
Jibs_PC#6721604732933794816 roll 3
Jibs_PC#6721604732933794816 roll 1
DICE 3 1 3 1 0 0 
Jibs_PC#6721604732933794816 move 5
Jibs_PC#6721604732933794816 attack 11 13
Jibs_PC#6721604732933794816 roll 3
Jibs_PC#6721604732933794816 roll 1
DICE 3 1 4 2 2 2 
Jibs_PC#6721604732933794816 move 4
Jibs_PC#6721604732933794816 endattack
Jibs_PC#6721604732933794816 nomove
CARD 5
Jibs_PC#6721604732933794816 trade 12 3 7
Jibs_PC#6721604732933794816 placearmies 12 3
Jibs_PC#6721604732933794816 placearmies 12 9
Jibs_PC#6721604732933794816 placearmies 12 4
Jibs_PC#6721604732933794816 placearmies 12 1
Jibs_PC#6721604732933794816 attack 12 11
Jibs_PC#6721604732933794816 roll 3
Jibs_PC#6721604732933794816 roll 1
DICE 3 1 5 4 0 0 
Jibs_PC#6721604732933794816 move 24
Jibs_PC#6721604732933794816 attack 11 10
Jibs_PC#6721604732933794816 roll 3
Jibs_PC#6721604732933794816 roll 1
DICE 3 1 2 2 0 4 
Jibs_PC#6721604732933794816 roll 3
Jibs_PC#6721604732933794816 roll 1
DICE 3 1 4 2 1 2 
Jibs_PC#6721604732933794816 move 22
Jibs_PC#6721604732933794816 attack 10 5
Jibs_PC#6721604732933794816 roll 3
Jibs_PC#6721604732933794816 roll 1
DICE 3 1 4 2 1 5 
Jibs_PC#6721604732933794816 roll 3
Jibs_PC#6721604732933794816 roll 1
DICE 3 1 5 4 4 1 
Jibs_PC#6721604732933794816 move 20
Jibs_PC#6721604732933794816 attack 5 9
Jibs_PC#6721604732933794816 roll 3
Jibs_PC#6721604732933794816 roll 1
DICE 3 1 3 1 0 5 
Jibs_PC#6721604732933794816 roll 3
Jibs_PC#6721604732933794816 roll 1
DICE 3 1 5 2 2 3 
Jibs_PC#6721604732933794816 move 18
Jibs_PC#6721604732933794816 attack 9 8
Jibs_PC#6721604732933794816 roll 3
Jibs_PC#6721604732933794816 roll 1
DICE 3 1 2 2 1 3 
Jibs_PC#6721604732933794816 roll 3
Jibs_PC#6721604732933794816 roll 1
DICE 3 1 5 3 2 3 
Jibs_PC#6721604732933794816 move 16
Jibs_PC#6721604732933794816 attack 8 7
Jibs_PC#6721604732933794816 roll 3
Jibs_PC#6721604732933794816 roll 1
DICE 3 1 4 3 0 2 
Jibs_PC#6721604732933794816 move 15
Jibs_PC#6721604732933794816 attack 7 3
Jibs_PC#6721604732933794816 roll 3
Jibs_PC#6721604732933794816 roll 1
DICE 3 1 3 2 0 2 
Jibs_PC#6721604732933794816 move 14
Jibs_PC#6721604732933794816 attack 3 1
Jibs_PC#6721604732933794816 roll 3
Jibs_PC#6721604732933794816 roll 1
DICE 3 1 4 2 1 2 
Jibs_PC#6721604732933794816 move 13
Jibs_PC#6721604732933794816 attack 37 36
Jibs_PC#6721604732933794816 roll 2
Jibs_PC#6721604732933794816 roll 1
DICE 2 1 1 0 4 
Jibs_PC#6721604732933794816 retreat
Jibs_PC#6721604732933794816 attack 1 38
Jibs_PC#6721604732933794816 roll 3
Jibs_PC#6721604732933794816 roll 1
DICE 3 1 4 0 0 2 
Jibs_PC#6721604732933794816 move 12
Jibs_PC#6721604732933794816 attack 38 36
Jibs_PC#6721604732933794816 roll 3
Jibs_PC#6721604732933794816 roll 1
DICE 3 1 5 4 0 0 
Jibs_PC#6721604732933794816 move 10
Jibs_PC#6721604732933794816 attack 36 35
Jibs_PC#6721604732933794816 roll 3
Jibs_PC#6721604732933794816 roll 1
DICE 3 1 3 3 1 0 
Jibs_PC#6721604732933794816 move 9
Jibs_PC#6721604732933794816 attack 35 34
Jibs_PC#6721604732933794816 roll 3
Jibs_PC#6721604732933794816 roll 1
DICE 3 1 4 2 0 0 
Jibs_PC#6721604732933794816 move 7
Jibs_PC#6721604732933794816 attack 34 27
Jibs_PC#6721604732933794816 roll 3
Jibs_PC#6721604732933794816 roll 1
DICE 3 1 4 3 2 1 
Jibs_PC#6721604732933794816 move 6
Jibs_PC#6721604732933794816 attack 27 29
Jibs_PC#6721604732933794816 roll 3
Jibs_PC#6721604732933794816 roll 1
DICE 3 1 4 3 1 1 
Jibs_PC#6721604732933794816 move 4
Jibs_PC#6721604732933794816 attack 29 33
Jibs_PC#6721604732933794816 roll 3
Jibs_PC#6721604732933794816 roll 2
DICE 3 2 2 1 0 5 1 
Jibs_PC#6721604732933794816 retreat
Jibs_PC#6721604732933794816 endattack
Jibs_PC#6721604732933794816 movearmies 35 27 1
CARD 33
Jibs_PC#6721604732933794816 placearmies 21 3
Jibs_PC#6721604732933794816 attack 21 22
Jibs_PC#6721604732933794816 roll 3
Jibs_PC#6721604732933794816 roll 2
DICE 3 2 2 1 1 5 0 
Jibs_PC#6721604732933794816 roll 3
Jibs_PC#6721604732933794816 roll 2
DICE 3 2 2 1 0 4 1 
Jibs_PC#6721604732933794816 roll 3
Jibs_PC#6721604732933794816 roll 2
DICE 3 2 5 4 1 5 4 
Jibs_PC#6721604732933794816 retreat
Jibs_PC#6721604732933794816 attack 21 19
Jibs_PC#6721604732933794816 roll 2
Jibs_PC#6721604732933794816 roll 1
DICE 2 1 1 0 0 
Jibs_PC#6721604732933794816 endattack
Jibs_PC#6721604732933794816 nomove
CARD 13
Jibs_PC#6721604732933794816 placearmies 33 3
Jibs_PC#6721604732933794816 attack 33 39
Jibs_PC#6721604732933794816 roll 3
Jibs_PC#6721604732933794816 roll 2
DICE 3 2 2 2 0 5 4 
Jibs_PC#6721604732933794816 retreat
Jibs_PC#6721604732933794816 attack 13 12
Jibs_PC#6721604732933794816 roll 3
Jibs_PC#6721604732933794816 roll 1
DICE 3 1 3 3 2 5 
Jibs_PC#6721604732933794816 roll 2
Jibs_PC#6721604732933794816 roll 1
DICE 2 1 1 0 0 
Jibs_PC#6721604732933794816 endattack
Jibs_PC#6721604732933794816 nomove
CARD wildcard
Jibs_PC#6721604732933794816 placearmies 11 8
Jibs_PC#6721604732933794816 placearmies 11 7
Jibs_PC#6721604732933794816 placearmies 10 1
Jibs_PC#6721604732933794816 attack 11 13
Jibs_PC#6721604732933794816 roll 3
Jibs_PC#6721604732933794816 roll 1
DICE 3 1 3 2 0 3 
Jibs_PC#6721604732933794816 roll 3
Jibs_PC#6721604732933794816 roll 1
DICE 3 1 2 1 0 0 
Jibs_PC#6721604732933794816 move 14
Jibs_PC#6721604732933794816 attack 13 12
Jibs_PC#6721604732933794816 roll 3
Jibs_PC#6721604732933794816 roll 2
DICE 3 2 3 3 2 2 0 
Jibs_PC#6721604732933794816 move 13
Jibs_PC#6721604732933794816 attack 12 21
Jibs_PC#6721604732933794816 roll 3
Jibs_PC#6721604732933794816 roll 1
DICE 3 1 5 2 0 5 
Jibs_PC#6721604732933794816 roll 3
Jibs_PC#6721604732933794816 roll 1
DICE 3 1 5 4 4 4 
Jibs_PC#6721604732933794816 move 11
Jibs_PC#6721604732933794816 attack 21 20
Jibs_PC#6721604732933794816 roll 3
Jibs_PC#6721604732933794816 roll 1
DICE 3 1 5 3 1 5 
Jibs_PC#6721604732933794816 roll 3
Jibs_PC#6721604732933794816 roll 1
DICE 3 1 4 4 2 1 
Jibs_PC#6721604732933794816 move 8
Jibs_PC#6721604732933794816 attack 20 19
Jibs_PC#6721604732933794816 roll 3
Jibs_PC#6721604732933794816 roll 2
DICE 3 2 5 4 3 5 3 
Jibs_PC#6721604732933794816 roll 3
Jibs_PC#6721604732933794816 roll 1
DICE 3 1 1 1 0 1 
Jibs_PC#6721604732933794816 roll 3
Jibs_PC#6721604732933794816 roll 1
DICE 3 1 5 3 2 2 
Jibs_PC#6721604732933794816 move 3
Jibs_PC#6721604732933794816 attack 20 31
Jibs_PC#6721604732933794816 roll 2
Jibs_PC#6721604732933794816 roll 1
DICE 2 1 4 3 4 
Jibs_PC#6721604732933794816 retreat
Jibs_PC#6721604732933794816 endattack
Jibs_PC#6721604732933794816 movearmies 19 20 2
CARD 38
Jibs_PC#6721604732933794816 trade 1 32 13
Jibs_PC#6721604732933794816 placearmies 24 4
Jibs_PC#6721604732933794816 placearmies 24 1
Jibs_PC#6721604732933794816 placearmies 24 2
Jibs_PC#6721604732933794816 attack 24 21
Jibs_PC#6721604732933794816 roll 3
Jibs_PC#6721604732933794816 roll 2
DICE 3 2 5 1 0 5 1 
Jibs_PC#6721604732933794816 roll 3
Jibs_PC#6721604732933794816 roll 2
DICE 3 2 2 2 0 5 1 
Jibs_PC#6721604732933794816 retreat
Jibs_PC#6721604732933794816 attack 24 22
Jibs_PC#6721604732933794816 roll 3
Jibs_PC#6721604732933794816 roll 2
DICE 3 2 2 1 0 5 0 
Jibs_PC#6721604732933794816 roll 3
Jibs_PC#6721604732933794816 roll 1
DICE 3 1 5 4 3 4 
Jibs_PC#6721604732933794816 endattack
Jibs_PC#6721604732933794816 nomove
CARD 31
Jibs_PC#6721604732933794816 trade 20 5 wildcard
Jibs_PC#6721604732933794816 placearmies 28 2
Jibs_PC#6721604732933794816 placearmies 33 3
Jibs_PC#6721604732933794816 placearmies 28 1
Jibs_PC#6721604732933794816 placearmies 33 2
Jibs_PC#6721604732933794816 placearmies 28 1
Jibs_PC#6721604732933794816 attack 33 39
Jibs_PC#6721604732933794816 roll 3
Jibs_PC#6721604732933794816 roll 2
DICE 3 2 5 2 0 3 0 
Jibs_PC#6721604732933794816 move 7
Jibs_PC#6721604732933794816 attack 28 16
Jibs_PC#6721604732933794816 roll 3
Jibs_PC#6721604732933794816 roll 2
DICE 3 2 5 5 1 1 1 
Jibs_PC#6721604732933794816 move 6
Jibs_PC#6721604732933794816 attack 39 41
Jibs_PC#6721604732933794816 roll 3
Jibs_PC#6721604732933794816 roll 1
DICE 3 1 4 4 1 4 
Jibs_PC#6721604732933794816 roll 3
Jibs_PC#6721604732933794816 roll 1
DICE 3 1 2 1 0 5 
Jibs_PC#6721604732933794816 roll 3
Jibs_PC#6721604732933794816 roll 1
DICE 3 1 5 0 0 3 
Jibs_PC#6721604732933794816 move 4
Jibs_PC#6721604732933794816 attack 41 40
Jibs_PC#6721604732933794816 roll 3
Jibs_PC#6721604732933794816 roll 1
DICE 3 1 5 3 2 2 
Jibs_PC#6721604732933794816 attack 40 42
Jibs_PC#6721604732933794816 roll 2
Jibs_PC#6721604732933794816 roll 1
DICE 2 1 4 1 0 
Jibs_PC#6721604732933794816 attack 16 18
Jibs_PC#6721604732933794816 roll 3
Jibs_PC#6721604732933794816 roll 2
DICE 3 2 3 1 0 5 5 
Jibs_PC#6721604732933794816 roll 3
Jibs_PC#6721604732933794816 roll 2
DICE 3 2 5 4 1 4 3 
Jibs_PC#6721604732933794816 endattack
Jibs_PC#6721604732933794816 nomove
CARD 1
Jibs_PC#6721604732933794816 placearmies 20 7
Jibs_PC#6721604732933794816 placearmies 20 8
Jibs_PC#6721604732933794816 attack 20 22
Jibs_PC#6721604732933794816 roll 3
Jibs_PC#6721604732933794816 roll 2
DICE 3 2 5 3 1 4 2 
Jibs_PC#6721604732933794816 roll 3
Jibs_PC#6721604732933794816 roll 1
DICE 3 1 4 2 1 0 
Jibs_PC#6721604732933794816 move 18
Jibs_PC#6721604732933794816 attack 22 31
Jibs_PC#6721604732933794816 roll 3
Jibs_PC#6721604732933794816 roll 1
DICE 3 1 5 4 4 4 
Jibs_PC#6721604732933794816 move 17
Jibs_PC#6721604732933794816 attack 31 32
Jibs_PC#6721604732933794816 roll 3
Jibs_PC#6721604732933794816 roll 1
DICE 3 1 3 1 0 5 
Jibs_PC#6721604732933794816 roll 3
Jibs_PC#6721604732933794816 roll 1
DICE 3 1 5 3 0 1 
Jibs_PC#6721604732933794816 move 15
Jibs_PC#6721604732933794816 attack 32 33
Jibs_PC#6721604732933794816 roll 3
Jibs_PC#6721604732933794816 roll 1
DICE 3 1 4 2 0 5 
Jibs_PC#6721604732933794816 roll 3
Jibs_PC#6721604732933794816 roll 1
DICE 3 1 4 3 1 3 
Jibs_PC#6721604732933794816 move 13
Jibs_PC#6721604732933794816 attack 33 39
Jibs_PC#6721604732933794816 roll 3
Jibs_PC#6721604732933794816 roll 1
DICE 3 1 3 2 2 1 
Jibs_PC#6721604732933794816 move 12
Jibs_PC#6721604732933794816 attack 27 28
Jibs_PC#6721604732933794816 roll 2
Jibs_PC#6721604732933794816 roll 1
DICE 2 1 5 0 2 
Jibs_PC#6721604732933794816 attack 39 41
Jibs_PC#6721604732933794816 roll 3
Jibs_PC#6721604732933794816 roll 1
DICE 3 1 5 1 1 2 
Jibs_PC#6721604732933794816 move 10
Jibs_PC#6721604732933794816 attack 41 42
Jibs_PC#6721604732933794816 roll 3
Jibs_PC#6721604732933794816 roll 2
DICE 3 2 5 5 3 2 1 
Jibs_PC#6721604732933794816 move 5
Jibs_PC#6721604732933794816 attack 41 40
Jibs_PC#6721604732933794816 roll 3
Jibs_PC#6721604732933794816 roll 1
DICE 3 1 3 3 0 0 
Jibs_PC#6721604732933794816 move 3
Jibs_PC#6721604732933794816 endattack
Jibs_PC#6721604732933794816 movearmies 14 17 1
CARD 23
Jibs_PC#6721604732933794816 trade 15 24 31
Jibs_PC#6721604732933794816 placearmies 24 1
Jibs_PC#6721604732933794816 placearmies 24 4
Jibs_PC#6721604732933794816 placearmies 24 4
Jibs_PC#6721604732933794816 placearmies 24 2
Jibs_PC#6721604732933794816 attack 24 21
Jibs_PC#6721604732933794816 roll 3
Jibs_PC#6721604732933794816 roll 1
DICE 3 1 4 2 0 1 
Jibs_PC#6721604732933794816 move 13
Jibs_PC#6721604732933794816 attack 21 12
Jibs_PC#6721604732933794816 roll 3
Jibs_PC#6721604732933794816 roll 1
DICE 3 1 4 2 1 1 
Jibs_PC#6721604732933794816 move 12
Jibs_PC#6721604732933794816 attack 12 10
Jibs_PC#6721604732933794816 roll 3
Jibs_PC#6721604732933794816 roll 2
DICE 3 2 4 2 0 5 1 
Jibs_PC#6721604732933794816 roll 3
Jibs_PC#6721604732933794816 roll 1
DICE 3 1 5 4 3 0 
Jibs_PC#6721604732933794816 move 10
Jibs_PC#6721604732933794816 attack 10 5
Jibs_PC#6721604732933794816 roll 3
Jibs_PC#6721604732933794816 roll 1
DICE 3 1 4 1 1 4 
Jibs_PC#6721604732933794816 roll 3
Jibs_PC#6721604732933794816 roll 1
DICE 3 1 5 4 1 1 
Jibs_PC#6721604732933794816 move 8
Jibs_PC#6721604732933794816 attack 5 9
Jibs_PC#6721604732933794816 roll 3
Jibs_PC#6721604732933794816 roll 1
DICE 3 1 4 3 1 0 
Jibs_PC#6721604732933794816 move 7
Jibs_PC#6721604732933794816 attack 9 8
Jibs_PC#6721604732933794816 roll 3
Jibs_PC#6721604732933794816 roll 1
DICE 3 1 3 2 1 1 
Jibs_PC#6721604732933794816 move 6
Jibs_PC#6721604732933794816 attack 8 7
Jibs_PC#6721604732933794816 roll 3
Jibs_PC#6721604732933794816 roll 1
DICE 3 1 5 3 0 5 
Jibs_PC#6721604732933794816 roll 3
Jibs_PC#6721604732933794816 roll 1
DICE 3 1 4 0 0 4 
Jibs_PC#6721604732933794816 roll 3
Jibs_PC#6721604732933794816 roll 1
DICE 3 1 3 1 0 0 
Jibs_PC#6721604732933794816 attack 7 6
Jibs_PC#6721604732933794816 roll 2
Jibs_PC#6721604732933794816 roll 1
DICE 2 1 5 1 4 
Jibs_PC#6721604732933794816 endattack
Jibs_PC#6721604732933794816 nomove
CARD 26
Jibs_PC#6721604732933794816 placearmies 18 1
Jibs_PC#6721604732933794816 placearmies 18 1
Jibs_PC#6721604732933794816 placearmies 18 1
Jibs_PC#6721604732933794816 attack 18 15
Jibs_PC#6721604732933794816 roll 3
Jibs_PC#6721604732933794816 roll 1
DICE 3 1 4 3 0 1 
Jibs_PC#6721604732933794816 move 5
Jibs_PC#6721604732933794816 attack 15 14
Jibs_PC#6721604732933794816 roll 3
Jibs_PC#6721604732933794816 roll 1
DICE 3 1 4 2 0 3 
Jibs_PC#6721604732933794816 move 4
Jibs_PC#6721604732933794816 endattack
Jibs_PC#6721604732933794816 nomove
CARD 10
Jibs_PC#6721604732933794816 placearmies 28 3
Jibs_PC#6721604732933794816 placearmies 29 3
Jibs_PC#6721604732933794816 placearmies 32 1
Jibs_PC#6721604732933794816 placearmies 11 3
Jibs_PC#6721604732933794816 attack 29 30
Jibs_PC#6721604732933794816 roll 3
Jibs_PC#6721604732933794816 roll 1
DICE 3 1 5 5 4 3 
Jibs_PC#6721604732933794816 move 4
Jibs_PC#6721604732933794816 attack 11 12
Jibs_PC#6721604732933794816 roll 3
Jibs_PC#6721604732933794816 roll 1
DICE 3 1 5 3 3 2 
Jibs_PC#6721604732933794816 attack 12 10
Jibs_PC#6721604732933794816 roll 2
Jibs_PC#6721604732933794816 roll 1
DICE 2 1 5 1 5 
Jibs_PC#6721604732933794816 retreat
Jibs_PC#6721604732933794816 attack 28 16
Jibs_PC#6721604732933794816 roll 3
Jibs_PC#6721604732933794816 roll 1
DICE 3 1 5 4 3 4 
Jibs_PC#6721604732933794816 move 4
Jibs_PC#6721604732933794816 attack 16 18
Jibs_PC#6721604732933794816 roll 3
Jibs_PC#6721604732933794816 roll 1
DICE 3 1 5 3 0 4 
Jibs_PC#6721604732933794816 attack 18 15
Jibs_PC#6721604732933794816 roll 2
Jibs_PC#6721604732933794816 roll 1
DICE 2 1 5 0 1 
Jibs_PC#6721604732933794816 endattack
Jibs_PC#6721604732933794816 movearmies 4 3 1
CARD 2
Jibs_PC#6721604732933794816 placearmies 24 3
Jibs_PC#6721604732933794816 attack 24 22
Jibs_PC#6721604732933794816 roll 3
Jibs_PC#6721604732933794816 roll 1
DICE 3 1 3 3 0 2 
Jibs_PC#6721604732933794816 attack 22 31
Jibs_PC#6721604732933794816 roll 2
Jibs_PC#6721604732933794816 roll 1
DICE 2 1 4 0 0 
Jibs_PC#6721604732933794816 endattack
Jibs_PC#6721604732933794816 movearmies 31 22 1
CARD 16
Jibs_PC#6721604732933794816 placearmies 14 1
Jibs_PC#6721604732933794816 placearmies 14 1
Jibs_PC#6721604732933794816 placearmies 14 1
Jibs_PC#6721604732933794816 attack 14 15
Jibs_PC#6721604732933794816 roll 3
Jibs_PC#6721604732933794816 roll 2
DICE 3 2 5 3 2 5 2 
Jibs_PC#6721604732933794816 roll 3
Jibs_PC#6721604732933794816 roll 1
DICE 3 1 2 0 0 2 
Jibs_PC#6721604732933794816 retreat
Jibs_PC#6721604732933794816 attack 14 17
Jibs_PC#6721604732933794816 roll 3
Jibs_PC#6721604732933794816 roll 2
DICE 3 2 5 4 1 5 1 
Jibs_PC#6721604732933794816 roll 3
Jibs_PC#6721604732933794816 roll 1
DICE 3 1 2 2 0 1 
Jibs_PC#6721604732933794816 endattack
Jibs_PC#6721604732933794816 nomove
CARD 25
Jibs_PC#6721604732933794816 placearmies 15 10
Jibs_PC#6721604732933794816 placearmies 2 1
Jibs_PC#6721604732933794816 attack 15 14
Jibs_PC#6721604732933794816 roll 3
Jibs_PC#6721604732933794816 roll 1
DICE 3 1 4 4 3 1 
Jibs_PC#6721604732933794816 move 10
Jibs_PC#6721604732933794816 attack 14 17
Jibs_PC#6721604732933794816 roll 3
Jibs_PC#6721604732933794816 roll 2
DICE 3 2 5 3 3 5 3 
Jibs_PC#6721604732933794816 roll 3
Jibs_PC#6721604732933794816 roll 2
DICE 3 2 3 2 1 5 3 
Jibs_PC#6721604732933794816 roll 3
Jibs_PC#6721604732933794816 roll 2
DICE 3 2 5 4 0 5 2 
Jibs_PC#6721604732933794816 roll 3
Jibs_PC#6721604732933794816 roll 2
DICE 3 2 5 2 0 5 4 
Jibs_PC#6721604732933794816 roll 2
Jibs_PC#6721604732933794816 roll 2
DICE 2 2 4 4 4 3 
Jibs_PC#6721604732933794816 retreat
Jibs_PC#6721604732933794816 attack 30 31
Jibs_PC#6721604732933794816 roll 3
Jibs_PC#6721604732933794816 roll 1
DICE 3 1 5 2 1 4 
Jibs_PC#6721604732933794816 endattack
Jibs_PC#6721604732933794816 movearmies 14 15 1
CARD 7
Jibs_PC#6721604732933794816 placearmies 6 6
Jibs_PC#6721604732933794816 placearmies 21 1
Jibs_PC#6721604732933794816 attack 6 14
Jibs_PC#6721604732933794816 roll 3
Jibs_PC#6721604732933794816 roll 1
DICE 3 1 1 1 0 0 
Jibs_PC#6721604732933794816 move 7
Jibs_PC#6721604732933794816 attack 14 17
Jibs_PC#6721604732933794816 roll 3
Jibs_PC#6721604732933794816 roll 1
DICE 3 1 5 3 0 4 
Jibs_PC#6721604732933794816 move 6
Jibs_PC#6721604732933794816 attack 17 19
Jibs_PC#6721604732933794816 roll 3
Jibs_PC#6721604732933794816 roll 1
DICE 3 1 5 3 2 3 
Jibs_PC#6721604732933794816 move 5
Jibs_PC#6721604732933794816 attack 19 20
Jibs_PC#6721604732933794816 roll 3
Jibs_PC#6721604732933794816 roll 1
DICE 3 1 5 1 0 4 
Jibs_PC#6721604732933794816 move 4
Jibs_PC#6721604732933794816 attack 20 18
Jibs_PC#6721604732933794816 roll 3
Jibs_PC#6721604732933794816 roll 1
DICE 3 1 4 3 0 0 
Jibs_PC#6721604732933794816 attack 18 16
Jibs_PC#6721604732933794816 roll 2
Jibs_PC#6721604732933794816 roll 1
DICE 2 1 2 1 5 
Jibs_PC#6721604732933794816 retreat
Jibs_PC#6721604732933794816 endattack
Jibs_PC#6721604732933794816 nomove
CARD 37
Jibs_PC#6721604732933794816 trade 38 23 7
Jibs_PC#6721604732933794816 placearmies 31 22
Jibs_PC#6721604732933794816 placearmies 31 1
Jibs_PC#6721604732933794816 attack 31 22
Jibs_PC#6721604732933794816 roll 3
Jibs_PC#6721604732933794816 roll 2
DICE 3 2 4 1 0 3 1 
Jibs_PC#6721604732933794816 roll 3
Jibs_PC#6721604732933794816 roll 1
DICE 3 1 5 3 2 4 
Jibs_PC#6721604732933794816 move 23
Jibs_PC#6721604732933794816 attack 22 24
Jibs_PC#6721604732933794816 roll 3
Jibs_PC#6721604732933794816 roll 1
DICE 3 1 3 3 2 1 
Jibs_PC#6721604732933794816 move 22
Jibs_PC#6721604732933794816 attack 24 26
Jibs_PC#6721604732933794816 roll 3
Jibs_PC#6721604732933794816 roll 1
DICE 3 1 5 3 0 0 
Jibs_PC#6721604732933794816 move 21
Jibs_PC#6721604732933794816 attack 26 25
Jibs_PC#6721604732933794816 roll 3
Jibs_PC#6721604732933794816 roll 1
DICE 3 1 4 3 2 5 
Jibs_PC#6721604732933794816 roll 3
Jibs_PC#6721604732933794816 roll 1
DICE 3 1 5 5 0 0 
Jibs_PC#6721604732933794816 move 19
Jibs_PC#6721604732933794816 attack 25 23
Jibs_PC#6721604732933794816 roll 3
Jibs_PC#6721604732933794816 roll 1
DICE 3 1 4 4 3 3 
Jibs_PC#6721604732933794816 move 18
Jibs_PC#6721604732933794816 attack 23 21
Jibs_PC#6721604732933794816 roll 3
Jibs_PC#6721604732933794816 roll 2
DICE 3 2 5 5 2 5 2 
Jibs_PC#6721604732933794816 roll 3
Jibs_PC#6721604732933794816 roll 1
DICE 3 1 4 3 3 2 
Jibs_PC#6721604732933794816 move 16
Jibs_PC#6721604732933794816 attack 21 20
Jibs_PC#6721604732933794816 roll 3
Jibs_PC#6721604732933794816 roll 1
DICE 3 1 5 4 0 2 
Jibs_PC#6721604732933794816 move 14
Jibs_PC#6721604732933794816 attack 20 19
Jibs_PC#6721604732933794816 roll 3
Jibs_PC#6721604732933794816 roll 1
DICE 3 1 3 3 2 3 
Jibs_PC#6721604732933794816 roll 3
Jibs_PC#6721604732933794816 roll 1
DICE 3 1 4 0 0 1 
Jibs_PC#6721604732933794816 move 11
Jibs_PC#6721604732933794816 attack 19 18
Jibs_PC#6721604732933794816 roll 3
Jibs_PC#6721604732933794816 roll 2
DICE 3 2 5 2 1 5 2 
Jibs_PC#6721604732933794816 roll 3
Jibs_PC#6721604732933794816 roll 2
DICE 3 2 1 1 0 4 2 
Jibs_PC#6721604732933794816 roll 3
Jibs_PC#6721604732933794816 roll 2
DICE 3 2 5 5 5 2 1 
Jibs_PC#6721604732933794816 move 5
Jibs_PC#6721604732933794816 attack 18 17
Jibs_PC#6721604732933794816 roll 3
Jibs_PC#6721604732933794816 roll 1
DICE 3 1 5 4 1 1 
Jibs_PC#6721604732933794816 move 4
Jibs_PC#6721604732933794816 endattack
Jibs_PC#6721604732933794816 movearmies 21 12 1
CARD 34
Jibs_PC#6721604732933794816 trade 26 1 37
Jibs_PC#6721604732933794816 trade 16 10 25
Jibs_PC#6721604732933794816 placearmies 10 12
Jibs_PC#6721604732933794816 placearmies 10 3
Jibs_PC#6721604732933794816 attack 10 12
Jibs_PC#6721604732933794816 roll 3
Jibs_PC#6721604732933794816 roll 2
DICE 3 2 4 1 1 4 0 
Jibs_PC#6721604732933794816 roll 3
Jibs_PC#6721604732933794816 roll 2
DICE 3 2 3 3 2 1 1 
Jibs_PC#6721604732933794816 move 16
Jibs_PC#6721604732933794816 attack 12 21
Jibs_PC#6721604732933794816 roll 3
Jibs_PC#6721604732933794816 roll 1
DICE 3 1 3 2 0 0 
Jibs_PC#6721604732933794816 move 15
Jibs_PC#6721604732933794816 attack 21 20
Jibs_PC#6721604732933794816 roll 3
Jibs_PC#6721604732933794816 roll 2
DICE 3 2 5 4 1 2 1 
Jibs_PC#6721604732933794816 move 14
Jibs_PC#6721604732933794816 attack 20 31
Jibs_PC#6721604732933794816 roll 3
Jibs_PC#6721604732933794816 roll 2
DICE 3 2 2 2 0 4 4 
Jibs_PC#6721604732933794816 roll 3
Jibs_PC#6721604732933794816 roll 2
DICE 3 2 5 4 1 5 3 
Jibs_PC#6721604732933794816 roll 3
Jibs_PC#6721604732933794816 roll 1
DICE 3 1 3 3 1 4 
Jibs_PC#6721604732933794816 roll 3
Jibs_PC#6721604732933794816 roll 1
DICE 3 1 3 1 1 4 
Jibs_PC#6721604732933794816 roll 3
Jibs_PC#6721604732933794816 roll 1
DICE 3 1 5 2 1 5 
Jibs_PC#6721604732933794816 roll 3
Jibs_PC#6721604732933794816 roll 1
DICE 3 1 3 0 0 1 
Jibs_PC#6721604732933794816 move 7
Jibs_PC#6721604732933794816 attack 31 22
Jibs_PC#6721604732933794816 roll 3
Jibs_PC#6721604732933794816 roll 1
DICE 3 1 5 4 1 1 
Jibs_PC#6721604732933794816 move 6
Jibs_PC#6721604732933794816 attack 22 24
Jibs_PC#6721604732933794816 roll 3
Jibs_PC#6721604732933794816 roll 1
DICE 3 1 4 3 2 5 
Jibs_PC#6721604732933794816 roll 3
Jibs_PC#6721604732933794816 roll 1
DICE 3 1 5 1 0 1 
Jibs_PC#6721604732933794816 move 4
Jibs_PC#6721604732933794816 attack 24 26
Jibs_PC#6721604732933794816 roll 3
Jibs_PC#6721604732933794816 roll 1
DICE 3 1 5 2 2 2 
Jibs_PC#6721604732933794816 attack 26 25
Jibs_PC#6721604732933794816 roll 2
Jibs_PC#6721604732933794816 roll 1
DICE 2 1 3 2 5 
Jibs_PC#6721604732933794816 retreat
Jibs_PC#6721604732933794816 endattack
Jibs_PC#6721604732933794816 nomove
CARD 11
Jibs_PC#6721604732933794816 placearmies 32 3
Jibs_PC#6721604732933794816 placearmies 16 1
Jibs_PC#6721604732933794816 placearmies 30 1
Jibs_PC#6721604732933794816 placearmies 11 6
Jibs_PC#6721604732933794816 attack 32 31
Jibs_PC#6721604732933794816 roll 3
Jibs_PC#6721604732933794816 roll 1
DICE 3 1 1 1 0 3 
Jibs_PC#6721604732933794816 roll 3
Jibs_PC#6721604732933794816 roll 1
DICE 3 1 3 3 3 2 
Jibs_PC#6721604732933794816 attack 11 12
Jibs_PC#6721604732933794816 roll 3
Jibs_PC#6721604732933794816 roll 1
DICE 3 1 3 2 2 0 
Jibs_PC#6721604732933794816 move 6
Jibs_PC#6721604732933794816 attack 12 10
Jibs_PC#6721604732933794816 roll 3
Jibs_PC#6721604732933794816 roll 1
DICE 3 1 4 2 1 2 
Jibs_PC#6721604732933794816 move 4
