Jibs_PC#3321682980264898560 newplayer ai hard green s0914007
Jibs_PC#3321682980264898560 newplayer ai hard blue bob
Jibs_PC#3321682980264898560 newplayer ai hard red fred
Jibs_PC#3321682980264898560 newplayer ai hard cyan ted
Jibs_PC#3321682980264898560 newplayer ai hard magenta yura
Jibs_PC#3321682980264898560 newplayer ai hard yellow lala
Jibs_PC#3321682980264898560 startgame mission fixed autoplaceall recycle
PLAYER bob
MISSION 2 0 2 0 1 0
PLACEALL 30 38 24 23 41 35 19 32 34 21 26 9 20 18 39 7 40 15 12 22 4 3 14 29 36 37 2 25 31 10 16 27 33 6 11 42 28 13 17 1 5 8
Jibs_PC#3321682980264898560 placearmies 12 1
CARD 
Jibs_PC#3321682980264898560 placearmies 32 1
CARD 
Jibs_PC#3321682980264898560 placearmies 39 1
CARD 
Jibs_PC#3321682980264898560 placearmies 7 1
CARD 
Jibs_PC#3321682980264898560 placearmies 41 1
CARD 
Jibs_PC#3321682980264898560 placearmies 42 1
CARD 
Jibs_PC#3321682980264898560 placearmies 12 1
CARD 
Jibs_PC#3321682980264898560 placearmies 38 1
CARD 
Jibs_PC#3321682980264898560 placearmies 39 1
CARD 
Jibs_PC#3321682980264898560 placearmies 7 1
CARD 
Jibs_PC#3321682980264898560 placearmies 41 1
CARD 
Jibs_PC#3321682980264898560 placearmies 42 1
CARD 
Jibs_PC#3321682980264898560 placearmies 12 1
CARD 
Jibs_PC#3321682980264898560 placearmies 38 1
CARD 
Jibs_PC#3321682980264898560 placearmies 39 1
CARD 
Jibs_PC#3321682980264898560 placearmies 7 1
CARD 
Jibs_PC#3321682980264898560 placearmies 41 1
CARD 
Jibs_PC#3321682980264898560 placearmies 15 1
CARD 
Jibs_PC#3321682980264898560 placearmies 12 1
CARD 
Jibs_PC#3321682980264898560 placearmies 38 1
CARD 
Jibs_PC#3321682980264898560 placearmies 39 1
CARD 
Jibs_PC#3321682980264898560 placearmies 7 1
CARD 
Jibs_PC#3321682980264898560 placearmies 41 1
CARD 
Jibs_PC#3321682980264898560 placearmies 15 1
CARD 
Jibs_PC#3321682980264898560 placearmies 12 1
CARD 
Jibs_PC#3321682980264898560 placearmies 38 1
CARD 
Jibs_PC#3321682980264898560 placearmies 39 1
CARD 
Jibs_PC#3321682980264898560 placearmies 7 1
CARD 
Jibs_PC#3321682980264898560 placearmies 41 1
CARD 
Jibs_PC#3321682980264898560 placearmies 15 1
CARD 
Jibs_PC#3321682980264898560 placearmies 12 1
CARD 
Jibs_PC#3321682980264898560 placearmies 38 1
CARD 
Jibs_PC#3321682980264898560 placearmies 39 1
CARD 
Jibs_PC#3321682980264898560 placearmies 7 1
CARD 
Jibs_PC#3321682980264898560 placearmies 41 1
CARD 
Jibs_PC#3321682980264898560 placearmies 15 1
CARD 
Jibs_PC#3321682980264898560 placearmies 12 1
CARD 
Jibs_PC#3321682980264898560 placearmies 38 1
CARD 
Jibs_PC#3321682980264898560 placearmies 39 1
CARD 
Jibs_PC#3321682980264898560 placearmies 7 1
CARD 
Jibs_PC#3321682980264898560 placearmies 11 1
CARD 
Jibs_PC#3321682980264898560 placearmies 15 1
CARD 
Jibs_PC#3321682980264898560 placearmies 12 1
CARD 
Jibs_PC#3321682980264898560 placearmies 38 1
CARD 
Jibs_PC#3321682980264898560 placearmies 39 1
CARD 
Jibs_PC#3321682980264898560 placearmies 7 1
CARD 
Jibs_PC#3321682980264898560 placearmies 11 1
CARD 
Jibs_PC#3321682980264898560 placearmies 15 1
CARD 
Jibs_PC#3321682980264898560 placearmies 12 1
CARD 
Jibs_PC#3321682980264898560 placearmies 38 1
CARD 
Jibs_PC#3321682980264898560 placearmies 39 1
CARD 
Jibs_PC#3321682980264898560 placearmies 7 1
CARD 
Jibs_PC#3321682980264898560 placearmies 11 1
CARD 
Jibs_PC#3321682980264898560 placearmies 15 1
CARD 
Jibs_PC#3321682980264898560 placearmies 12 1
CARD 
Jibs_PC#3321682980264898560 placearmies 38 1
CARD 
Jibs_PC#3321682980264898560 placearmies 39 1
CARD 
Jibs_PC#3321682980264898560 placearmies 7 1
CARD 
Jibs_PC#3321682980264898560 placearmies 11 1
CARD 
Jibs_PC#3321682980264898560 placearmies 15 1
CARD 
Jibs_PC#3321682980264898560 placearmies 12 1
CARD 
Jibs_PC#3321682980264898560 placearmies 38 1
CARD 
Jibs_PC#3321682980264898560 placearmies 39 1
CARD 
Jibs_PC#3321682980264898560 placearmies 25 1
CARD 
Jibs_PC#3321682980264898560 placearmies 11 1
CARD 
Jibs_PC#3321682980264898560 placearmies 15 1
CARD 
Jibs_PC#3321682980264898560 placearmies 12 1
CARD 
Jibs_PC#3321682980264898560 placearmies 38 1
CARD 
Jibs_PC#3321682980264898560 placearmies 39 1
CARD 
Jibs_PC#3321682980264898560 placearmies 25 1
CARD 
Jibs_PC#3321682980264898560 placearmies 11 1
CARD 
Jibs_PC#3321682980264898560 placearmies 15 1
CARD 
Jibs_PC#3321682980264898560 placearmies 12 1
CARD 
Jibs_PC#3321682980264898560 placearmies 38 1
CARD 
Jibs_PC#3321682980264898560 placearmies 39 1
CARD 
Jibs_PC#3321682980264898560 placearmies 25 1
CARD 
Jibs_PC#3321682980264898560 placearmies 41 1
CARD 
Jibs_PC#3321682980264898560 placearmies 42 1
CARD 
Jibs_PC#3321682980264898560 placearmies 12 3
Jibs_PC#3321682980264898560 attack 12 11
Jibs_PC#3321682980264898560 roll 3
Jibs_PC#3321682980264898560 roll 2
DICE 3 2 5 4 1 4 0 
Jibs_PC#3321682980264898560 roll 3
Jibs_PC#3321682980264898560 roll 2
DICE 3 2 4 3 1 4 1 
Jibs_PC#3321682980264898560 roll 3
Jibs_PC#3321682980264898560 roll 2
DICE 3 2 4 3 2 2 1 
Jibs_PC#3321682980264898560 roll 3
Jibs_PC#3321682980264898560 roll 2
DICE 3 2 4 3 1 3 1 
Jibs_PC#3321682980264898560 move 15
Jibs_PC#3321682980264898560 attack 11 10
Jibs_PC#3321682980264898560 roll 3
Jibs_PC#3321682980264898560 roll 1
DICE 3 1 5 4 3 3 
Jibs_PC#3321682980264898560 move 14
Jibs_PC#3321682980264898560 endattack
Jibs_PC#3321682980264898560 nomove
CARD 8
Jibs_PC#3321682980264898560 placearmies 38 3
Jibs_PC#3321682980264898560 attack 38 36
Jibs_PC#3321682980264898560 roll 3
Jibs_PC#3321682980264898560 roll 1
DICE 3 1 5 2 1 0 
Jibs_PC#3321682980264898560 move 15
Jibs_PC#3321682980264898560 attack 36 29
Jibs_PC#3321682980264898560 roll 3
Jibs_PC#3321682980264898560 roll 1
DICE 3 1 4 3 0 3 
Jibs_PC#3321682980264898560 move 14
Jibs_PC#3321682980264898560 attack 29 28
Jibs_PC#3321682980264898560 roll 3
Jibs_PC#3321682980264898560 roll 1
DICE 3 1 4 2 1 1 
Jibs_PC#3321682980264898560 move 13
Jibs_PC#3321682980264898560 attack 28 30
Jibs_PC#3321682980264898560 roll 3
Jibs_PC#3321682980264898560 roll 1
DICE 3 1 5 3 3 0 
Jibs_PC#3321682980264898560 move 12
Jibs_PC#3321682980264898560 attack 30 31
Jibs_PC#3321682980264898560 roll 3
Jibs_PC#3321682980264898560 roll 1
DICE 3 1 3 2 1 1 
Jibs_PC#3321682980264898560 move 11
Jibs_PC#3321682980264898560 endattack
Jibs_PC#3321682980264898560 nomove
CARD 41
Jibs_PC#3321682980264898560 placearmies 39 1
Jibs_PC#3321682980264898560 placearmies 39 1
Jibs_PC#3321682980264898560 placearmies 39 1
Jibs_PC#3321682980264898560 attack 39 41
Jibs_PC#3321682980264898560 roll 3
Jibs_PC#3321682980264898560 roll 2
DICE 3 2 5 3 3 5 1 
Jibs_PC#3321682980264898560 roll 3
Jibs_PC#3321682980264898560 roll 2
DICE 3 2 5 4 4 5 1 
Jibs_PC#3321682980264898560 roll 3
Jibs_PC#3321682980264898560 roll 2
DICE 3 2 5 4 2 5 2 
Jibs_PC#3321682980264898560 roll 3
Jibs_PC#3321682980264898560 roll 2
DICE 3 2 5 4 4 3 0 
Jibs_PC#3321682980264898560 roll 3
Jibs_PC#3321682980264898560 roll 2
DICE 3 2 2 2 0 5 3 
Jibs_PC#3321682980264898560 roll 3
Jibs_PC#3321682980264898560 roll 2
DICE 3 2 4 1 0 5 1 
Jibs_PC#3321682980264898560 roll 3
Jibs_PC#3321682980264898560 roll 2
DICE 3 2 4 4 3 3 2 
Jibs_PC#3321682980264898560 roll 3
Jibs_PC#3321682980264898560 roll 1
DICE 3 1 4 1 1 3 
Jibs_PC#3321682980264898560 move 9
Jibs_PC#3321682980264898560 attack 41 42
Jibs_PC#3321682980264898560 roll 3
Jibs_PC#3321682980264898560 roll 2
DICE 3 2 4 2 2 3 2 
Jibs_PC#3321682980264898560 roll 3
Jibs_PC#3321682980264898560 roll 2
DICE 3 2 5 1 0 4 2 
Jibs_PC#3321682980264898560 retreat
Jibs_PC#3321682980264898560 attack 41 40
Jibs_PC#3321682980264898560 roll 3
Jibs_PC#3321682980264898560 roll 1
DICE 3 1 5 3 0 3 
Jibs_PC#3321682980264898560 move 6
Jibs_PC#3321682980264898560 attack 40 42
Jibs_PC#3321682980264898560 roll 3
Jibs_PC#3321682980264898560 roll 2
DICE 3 2 2 2 1 2 0 
Jibs_PC#3321682980264898560 roll 3
Jibs_PC#3321682980264898560 roll 1
DICE 3 1 4 3 2 4 
Jibs_PC#3321682980264898560 roll 3
Jibs_PC#3321682980264898560 roll 1
DICE 3 1 3 0 0 1 
Jibs_PC#3321682980264898560 endattack
Jibs_PC#3321682980264898560 movearmies 42 40 1
CARD 34
Jibs_PC#3321682980264898560 placearmies 25 3
Jibs_PC#3321682980264898560 attack 7 2
Jibs_PC#3321682980264898560 roll 3
Jibs_PC#3321682980264898560 roll 1
DICE 3 1 5 3 0 1 
Jibs_PC#3321682980264898560 move 3
Jibs_PC#3321682980264898560 attack 7 9
Jibs_PC#3321682980264898560 roll 3
Jibs_PC#3321682980264898560 roll 1
DICE 3 1 4 4 2 4 
Jibs_PC#3321682980264898560 roll 3
Jibs_PC#3321682980264898560 roll 1
DICE 3 1 4 3 0 0 
Jibs_PC#3321682980264898560 move 6
Jibs_PC#3321682980264898560 attack 9 8
Jibs_PC#3321682980264898560 roll 3
Jibs_PC#3321682980264898560 roll 1
DICE 3 1 5 4 1 1 
Jibs_PC#3321682980264898560 move 3
Jibs_PC#3321682980264898560 attack 9 4
Jibs_PC#3321682980264898560 roll 2
Jibs_PC#3321682980264898560 roll 1
DICE 2 1 4 2 0 
Jibs_PC#3321682980264898560 attack 25 24
Jibs_PC#3321682980264898560 roll 3
Jibs_PC#3321682980264898560 roll 1
DICE 3 1 5 4 4 1 
Jibs_PC#3321682980264898560 move 6
Jibs_PC#3321682980264898560 attack 24 26
Jibs_PC#3321682980264898560 roll 3
Jibs_PC#3321682980264898560 roll 1
DICE 3 1 4 3 2 5 
Jibs_PC#3321682980264898560 roll 3
Jibs_PC#3321682980264898560 roll 1
DICE 3 1 5 3 2 5 
Jibs_PC#3321682980264898560 retreat
Jibs_PC#3321682980264898560 attack 24 22
Jibs_PC#3321682980264898560 roll 3
Jibs_PC#3321682980264898560 roll 1
DICE 3 1 5 4 2 3 
Jibs_PC#3321682980264898560 endattack
Jibs_PC#3321682980264898560 movearmies 8 6 2
CARD 27
Jibs_PC#3321682980264898560 placearmies 26 3
Jibs_PC#3321682980264898560 attack 26 25
Jibs_PC#3321682980264898560 roll 3
Jibs_PC#3321682980264898560 roll 1
DICE 3 1 3 3 1 3 
Jibs_PC#3321682980264898560 roll 2
Jibs_PC#3321682980264898560 roll 1
DICE 2 1 2 0 0 
Jibs_PC#3321682980264898560 endattack
Jibs_PC#3321682980264898560 nomove
CARD 36
Jibs_PC#3321682980264898560 placearmies 15 3
Jibs_PC#3321682980264898560 attack 15 14
Jibs_PC#3321682980264898560 roll 3
Jibs_PC#3321682980264898560 roll 1
DICE 3 1 5 5 4 2 
Jibs_PC#3321682980264898560 move 13
Jibs_PC#3321682980264898560 attack 14 17
Jibs_PC#3321682980264898560 roll 3
Jibs_PC#3321682980264898560 roll 1
DICE 3 1 3 1 0 5 
Jibs_PC#3321682980264898560 roll 3
Jibs_PC#3321682980264898560 roll 1
DICE 3 1 5 5 1 4 
Jibs_PC#3321682980264898560 move 11
Jibs_PC#3321682980264898560 attack 17 18
Jibs_PC#3321682980264898560 roll 3
Jibs_PC#3321682980264898560 roll 1
DICE 3 1 2 1 1 3 
Jibs_PC#3321682980264898560 roll 3
Jibs_PC#3321682980264898560 roll 1
DICE 3 1 3 2 0 4 
Jibs_PC#3321682980264898560 roll 3
Jibs_PC#3321682980264898560 roll 1
DICE 3 1 2 1 1 5 
Jibs_PC#3321682980264898560 roll 3
Jibs_PC#3321682980264898560 roll 1
DICE 3 1 4 3 1 0 
Jibs_PC#3321682980264898560 move 7
Jibs_PC#3321682980264898560 attack 18 16
Jibs_PC#3321682980264898560 roll 3
Jibs_PC#3321682980264898560 roll 1
DICE 3 1 2 0 0 3 
Jibs_PC#3321682980264898560 roll 3
Jibs_PC#3321682980264898560 roll 1
DICE 3 1 5 2 1 3 
Jibs_PC#3321682980264898560 move 5
Jibs_PC#3321682980264898560 attack 16 20
Jibs_PC#3321682980264898560 roll 3
Jibs_PC#3321682980264898560 roll 1
DICE 3 1 3 2 2 3 
Jibs_PC#3321682980264898560 roll 3
Jibs_PC#3321682980264898560 roll 1
DICE 3 1 3 1 1 3 
Jibs_PC#3321682980264898560 retreat
Jibs_PC#3321682980264898560 endattack
Jibs_PC#3321682980264898560 nomove
CARD 30
Jibs_PC#3321682980264898560 placearmies 12 3
Jibs_PC#3321682980264898560 attack 12 13
Jibs_PC#3321682980264898560 roll 3
Jibs_PC#3321682980264898560 roll 1
DICE 3 1 2 2 1 5 
Jibs_PC#3321682980264898560 roll 2
Jibs_PC#3321682980264898560 roll 1
DICE 2 1 2 1 0 
Jibs_PC#3321682980264898560 attack 10 5
Jibs_PC#3321682980264898560 roll 3
Jibs_PC#3321682980264898560 roll 1
DICE 3 1 5 2 1 0 
Jibs_PC#3321682980264898560 move 13
Jibs_PC#3321682980264898560 attack 5 9
Jibs_PC#3321682980264898560 roll 3
Jibs_PC#3321682980264898560 roll 1
DICE 3 1 3 2 1 1 
Jibs_PC#3321682980264898560 move 11
Jibs_PC#3321682980264898560 attack 9 8
Jibs_PC#3321682980264898560 roll 3
Jibs_PC#3321682980264898560 roll 1
DICE 3 1 1 0 0 3 
Jibs_PC#3321682980264898560 roll 3
Jibs_PC#3321682980264898560 roll 1
DICE 3 1 2 1 0 0 
Jibs_PC#3321682980264898560 move 9
Jibs_PC#3321682980264898560 attack 8 7
Jibs_PC#3321682980264898560 roll 3
Jibs_PC#3321682980264898560 roll 1
DICE 3 1 5 5 1 0 
Jibs_PC#3321682980264898560 move 8
Jibs_PC#3321682980264898560 attack 7 2
Jibs_PC#3321682980264898560 roll 3
Jibs_PC#3321682980264898560 roll 2
DICE 3 2 3 2 1 5 5 
Jibs_PC#3321682980264898560 roll 3
Jibs_PC#3321682980264898560 roll 2
DICE 3 2 5 1 0 5 3 
Jibs_PC#3321682980264898560 retreat
Jibs_PC#3321682980264898560 endattack
Jibs_PC#3321682980264898560 movearmies 13 12 1
CARD 22
Jibs_PC#3321682980264898560 placearmies 32 3
Jibs_PC#3321682980264898560 attack 31 20
Jibs_PC#3321682980264898560 roll 3
Jibs_PC#3321682980264898560 roll 1
DICE 3 1 3 2 1 3 
Jibs_PC#3321682980264898560 roll 3
Jibs_PC#3321682980264898560 roll 1
DICE 3 1 5 5 0 2 
Jibs_PC#3321682980264898560 move 9
Jibs_PC#3321682980264898560 attack 20 21
Jibs_PC#3321682980264898560 roll 3
Jibs_PC#3321682980264898560 roll 1
DICE 3 1 5 1 1 3 
Jibs_PC#3321682980264898560 move 8
Jibs_PC#3321682980264898560 attack 21 12
Jibs_PC#3321682980264898560 roll 3
Jibs_PC#3321682980264898560 roll 2
DICE 3 2 3 0 0 3 0 
Jibs_PC#3321682980264898560 roll 3
Jibs_PC#3321682980264898560 roll 2
DICE 3 2 4 1 1 5 1 
Jibs_PC#3321682980264898560 roll 3
Jibs_PC#3321682980264898560 roll 2
DICE 3 2 5 4 0 4 1 
Jibs_PC#3321682980264898560 attack 32 33
Jibs_PC#3321682980264898560 roll 3
Jibs_PC#3321682980264898560 roll 1
DICE 3 1 2 2 2 5 
Jibs_PC#3321682980264898560 roll 3
Jibs_PC#3321682980264898560 roll 1
DICE 3 1 4 3 1 0 
Jibs_PC#3321682980264898560 attack 33 39
Jibs_PC#3321682980264898560 roll 2
Jibs_PC#3321682980264898560 roll 1
DICE 2 1 5 3 5 
Jibs_PC#3321682980264898560 retreat
Jibs_PC#3321682980264898560 endattack
Jibs_PC#3321682980264898560 nomove
CARD 40
Jibs_PC#3321682980264898560 placearmies 34 3
Jibs_PC#3321682980264898560 placearmies 39 1
Jibs_PC#3321682980264898560 placearmies 34 1
Jibs_PC#3321682980264898560 attack 34 27
Jibs_PC#3321682980264898560 roll 3
Jibs_PC#3321682980264898560 roll 1
DICE 3 1 5 3 0 5 
Jibs_PC#3321682980264898560 roll 3
Jibs_PC#3321682980264898560 roll 1
DICE 3 1 4 2 1 4 
Jibs_PC#3321682980264898560 roll 2
Jibs_PC#3321682980264898560 roll 1
DICE 2 1 1 0 0 
Jibs_PC#3321682980264898560 endattack
Jibs_PC#3321682980264898560 movearmies 40 39 1
CARD 15
Jibs_PC#3321682980264898560 placearmies 6 2
Jibs_PC#3321682980264898560 placearmies 22 1
Jibs_PC#3321682980264898560 attack 6 8
Jibs_PC#3321682980264898560 roll 3
Jibs_PC#3321682980264898560 roll 1
DICE 3 1 4 3 1 3 
Jibs_PC#3321682980264898560 move 4
Jibs_PC#3321682980264898560 attack 8 9
Jibs_PC#3321682980264898560 roll 3
Jibs_PC#3321682980264898560 roll 1
DICE 3 1 3 1 0 3 
Jibs_PC#3321682980264898560 roll 2
Jibs_PC#3321682980264898560 roll 1
DICE 2 1 5 3 5 
Jibs_PC#3321682980264898560 retreat
Jibs_PC#3321682980264898560 attack 22 21
Jibs_PC#3321682980264898560 roll 3
Jibs_PC#3321682980264898560 roll 1
DICE 3 1 4 0 0 4 
Jibs_PC#3321682980264898560 roll 2
Jibs_PC#3321682980264898560 roll 1
DICE 2 1 5 5 0 
Jibs_PC#3321682980264898560 endattack
Jibs_PC#3321682980264898560 nomove
CARD wildcard
Jibs_PC#3321682980264898560 placearmies 25 2
Jibs_PC#3321682980264898560 placearmies 25 1
Jibs_PC#3321682980264898560 attack 25 23
Jibs_PC#3321682980264898560 roll 3
Jibs_PC#3321682980264898560 roll 1
DICE 3 1 5 5 4 1 
Jibs_PC#3321682980264898560 move 4
Jibs_PC#3321682980264898560 attack 23 21
Jibs_PC#3321682980264898560 roll 3
Jibs_PC#3321682980264898560 roll 2
DICE 3 2 5 3 0 3 0 
Jibs_PC#3321682980264898560 attack 21 22
Jibs_PC#3321682980264898560 roll 2
Jibs_PC#3321682980264898560 roll 1
DICE 2 1 5 4 4 
Jibs_PC#3321682980264898560 endattack
Jibs_PC#3321682980264898560 nomove
CARD 4
Jibs_PC#3321682980264898560 placearmies 16 1
Jibs_PC#3321682980264898560 placearmies 16 1
Jibs_PC#3321682980264898560 placearmies 35 1
Jibs_PC#3321682980264898560 attack 16 20
Jibs_PC#3321682980264898560 roll 3
Jibs_PC#3321682980264898560 roll 1
DICE 3 1 4 1 0 0 
Jibs_PC#3321682980264898560 move 4
Jibs_PC#3321682980264898560 attack 20 19
Jibs_PC#3321682980264898560 roll 3
Jibs_PC#3321682980264898560 roll 1
DICE 3 1 4 0 0 2 
Jibs_PC#3321682980264898560 endattack
Jibs_PC#3321682980264898560 nomove
CARD 6
Jibs_PC#3321682980264898560 placearmies 7 1
Jibs_PC#3321682980264898560 placearmies 7 2
Jibs_PC#3321682980264898560 attack 7 6
Jibs_PC#3321682980264898560 roll 3
Jibs_PC#3321682980264898560 roll 1
DICE 3 1 1 0 0 2 
Jibs_PC#3321682980264898560 roll 3
Jibs_PC#3321682980264898560 roll 1
DICE 3 1 5 3 2 3 
Jibs_PC#3321682980264898560 move 5
Jibs_PC#3321682980264898560 attack 6 14
Jibs_PC#3321682980264898560 roll 3
Jibs_PC#3321682980264898560 roll 1
DICE 3 1 5 1 0 0 
Jibs_PC#3321682980264898560 move 4
Jibs_PC#3321682980264898560 endattack
Jibs_PC#3321682980264898560 nomove
CARD 18
Jibs_PC#3321682980264898560 placearmies 12 2
Jibs_PC#3321682980264898560 placearmies 33 1
Jibs_PC#3321682980264898560 attack 12 13
Jibs_PC#3321682980264898560 roll 3
Jibs_PC#3321682980264898560 roll 1
DICE 3 1 4 4 3 5 
Jibs_PC#3321682980264898560 roll 3
Jibs_PC#3321682980264898560 roll 1
DICE 3 1 2 1 1 4 
Jibs_PC#3321682980264898560 roll 2
Jibs_PC#3321682980264898560 roll 1
DICE 2 1 5 2 5 
Jibs_PC#3321682980264898560 retreat
Jibs_PC#3321682980264898560 attack 33 39
Jibs_PC#3321682980264898560 roll 2
Jibs_PC#3321682980264898560 roll 2
DICE 2 2 2 0 3 3 
Jibs_PC#3321682980264898560 endattack
Jibs_PC#3321682980264898560 nomove
CARD 
Jibs_PC#3321682980264898560 placearmies 39 1
Jibs_PC#3321682980264898560 placearmies 39 4
Jibs_PC#3321682980264898560 attack 39 33
Jibs_PC#3321682980264898560 roll 3
Jibs_PC#3321682980264898560 roll 1
DICE 3 1 3 0 0 5 
Jibs_PC#3321682980264898560 roll 3
Jibs_PC#3321682980264898560 roll 1
DICE 3 1 5 2 0 4 
Jibs_PC#3321682980264898560 move 6
Jibs_PC#3321682980264898560 attack 33 32
Jibs_PC#3321682980264898560 roll 3
Jibs_PC#3321682980264898560 roll 1
DICE 3 1 5 4 1 2 
Jibs_PC#3321682980264898560 move 4
Jibs_PC#3321682980264898560 endattack
Jibs_PC#3321682980264898560 movearmies 32 33 3
CARD 13
Jibs_PC#3321682980264898560 placearmies 2 1
Jibs_PC#3321682980264898560 placearmies 2 1
Jibs_PC#3321682980264898560 placearmies 24 1
Jibs_PC#3321682980264898560 attack 2 7
Jibs_PC#3321682980264898560 roll 3
Jibs_PC#3321682980264898560 roll 1
DICE 3 1 2 2 2 5 
Jibs_PC#3321682980264898560 roll 3
Jibs_PC#3321682980264898560 roll 1
DICE 3 1 5 3 0 4 
Jibs_PC#3321682980264898560 attack 7 6
Jibs_PC#3321682980264898560 roll 2
Jibs_PC#3321682980264898560 roll 1
DICE 2 1 3 3 3 
Jibs_PC#3321682980264898560 retreat
Jibs_PC#3321682980264898560 endattack
Jibs_PC#3321682980264898560 nomove
CARD 24
Jibs_PC#3321682980264898560 placearmies 22 2
Jibs_PC#3321682980264898560 placearmies 22 1
Jibs_PC#3321682980264898560 attack 22 24
Jibs_PC#3321682980264898560 roll 3
Jibs_PC#3321682980264898560 roll 2
DICE 3 2 4 2 1 2 1 
Jibs_PC#3321682980264898560 move 3
Jibs_PC#3321682980264898560 endattack
Jibs_PC#3321682980264898560 movearmies 24 22 2
CARD 35
Jibs_PC#3321682980264898560 placearmies 19 1
Jibs_PC#3321682980264898560 placearmies 17 2
Jibs_PC#3321682980264898560 attack 17 14
Jibs_PC#3321682980264898560 roll 2
Jibs_PC#3321682980264898560 roll 2
DICE 2 2 2 2 2 1 
Jibs_PC#3321682980264898560 retreat
Jibs_PC#3321682980264898560 endattack
Jibs_PC#3321682980264898560 nomove
CARD 
Jibs_PC#3321682980264898560 trade 8 22 18
Jibs_PC#3321682980264898560 placearmies 14 1
Jibs_PC#3321682980264898560 placearmies 11 5
Jibs_PC#3321682980264898560 placearmies 9 7
Jibs_PC#3321682980264898560 attack 11 12
Jibs_PC#3321682980264898560 roll 3
Jibs_PC#3321682980264898560 roll 2
DICE 3 2 5 4 4 2 0 
Jibs_PC#3321682980264898560 move 5
Jibs_PC#3321682980264898560 attack 9 8
Jibs_PC#3321682980264898560 roll 3
Jibs_PC#3321682980264898560 roll 2
DICE 3 2 3 1 1 5 3 
Jibs_PC#3321682980264898560 roll 3
Jibs_PC#3321682980264898560 roll 2
DICE 3 2 3 3 0 5 2 
Jibs_PC#3321682980264898560 retreat
Jibs_PC#3321682980264898560 attack 12 21
Jibs_PC#3321682980264898560 roll 3
Jibs_PC#3321682980264898560 roll 1
DICE 3 1 5 3 3 3 
Jibs_PC#3321682980264898560 move 4
Jibs_PC#3321682980264898560 attack 9 8
Jibs_PC#3321682980264898560 roll 3
Jibs_PC#3321682980264898560 roll 1
DICE 3 1 4 2 0 1 
Jibs_PC#3321682980264898560 move 4
Jibs_PC#3321682980264898560 endattack
Jibs_PC#3321682980264898560 nomove
CARD 23
Jibs_PC#3321682980264898560 placearmies 38 3
Jibs_PC#3321682980264898560 attack 38 34
Jibs_PC#3321682980264898560 roll 3
Jibs_PC#3321682980264898560 roll 1
DICE 3 1 1 1 0 4 
Jibs_PC#3321682980264898560 roll 2
Jibs_PC#3321682980264898560 roll 1
DICE 2 1 5 4 2 
Jibs_PC#3321682980264898560 endattack
Jibs_PC#3321682980264898560 nomove
CARD 29
Jibs_PC#3321682980264898560 trade 34 15 13
Jibs_PC#3321682980264898560 placearmies 27 12
Jibs_PC#3321682980264898560 placearmies 27 3
Jibs_PC#3321682980264898560 attack 27 29
Jibs_PC#3321682980264898560 roll 3
Jibs_PC#3321682980264898560 roll 1
DICE 3 1 3 1 0 2 
Jibs_PC#3321682980264898560 move 16
Jibs_PC#3321682980264898560 attack 29 36
Jibs_PC#3321682980264898560 roll 3
Jibs_PC#3321682980264898560 roll 1
DICE 3 1 3 2 1 0 
Jibs_PC#3321682980264898560 move 14
Jibs_PC#3321682980264898560 attack 36 38
Jibs_PC#3321682980264898560 roll 3
Jibs_PC#3321682980264898560 roll 1
DICE 3 1 2 1 0 5 
Jibs_PC#3321682980264898560 roll 3
Jibs_PC#3321682980264898560 roll 1
DICE 3 1 4 1 0 5 
Jibs_PC#3321682980264898560 roll 3
Jibs_PC#3321682980264898560 roll 1
DICE 3 1 5 1 1 2 
Jibs_PC#3321682980264898560 move 11
Jibs_PC#3321682980264898560 attack 38 37
Jibs_PC#3321682980264898560 roll 3
Jibs_PC#3321682980264898560 roll 1
DICE 3 1 4 1 0 3 
Jibs_PC#3321682980264898560 move 3
Jibs_PC#3321682980264898560 attack 38 35
Jibs_PC#3321682980264898560 roll 3
Jibs_PC#3321682980264898560 roll 2
DICE 3 2 4 2 1 3 0 
Jibs_PC#3321682980264898560 move 6
Jibs_PC#3321682980264898560 attack 35 34
Jibs_PC#3321682980264898560 roll 3
Jibs_PC#3321682980264898560 roll 2
DICE 3 2 1 1 0 4 4 
Jibs_PC#3321682980264898560 roll 3
Jibs_PC#3321682980264898560 roll 2
DICE 3 2 5 3 1 4 0 
Jibs_PC#3321682980264898560 endattack
Jibs_PC#3321682980264898560 movearmies 33 29 4
CARD wildcard
Jibs_PC#3321682980264898560 trade 27 wildcard 24
Jibs_PC#3321682980264898560 placearmies 4 2
Jibs_PC#3321682980264898560 placearmies 4 5
Jibs_PC#3321682980264898560 placearmies 4 3
Jibs_PC#3321682980264898560 placearmies 7 1
Jibs_PC#3321682980264898560 attack 4 5
Jibs_PC#3321682980264898560 roll 3
Jibs_PC#3321682980264898560 roll 2
DICE 3 2 4 3 3 5 1 
Jibs_PC#3321682980264898560 roll 3
Jibs_PC#3321682980264898560 roll 1
DICE 3 1 5 5 4 5 
Jibs_PC#3321682980264898560 roll 3
Jibs_PC#3321682980264898560 roll 1
DICE 3 1 5 4 0 4 
Jibs_PC#3321682980264898560 move 9
Jibs_PC#3321682980264898560 attack 7 6
Jibs_PC#3321682980264898560 roll 2
Jibs_PC#3321682980264898560 roll 1
DICE 2 1 2 2 3 
Jibs_PC#3321682980264898560 retreat
Jibs_PC#3321682980264898560 attack 5 9
Jibs_PC#3321682980264898560 roll 3
Jibs_PC#3321682980264898560 roll 1
DICE 3 1 5 4 2 1 
Jibs_PC#3321682980264898560 move 8
Jibs_PC#3321682980264898560 attack 9 8
Jibs_PC#3321682980264898560 roll 3
Jibs_PC#3321682980264898560 roll 2
DICE 3 2 1 0 0 5 3 
Jibs_PC#3321682980264898560 roll 3
Jibs_PC#3321682980264898560 roll 2
DICE 3 2 5 4 4 4 0 
Jibs_PC#3321682980264898560 roll 3
Jibs_PC#3321682980264898560 roll 2
DICE 3 2 5 4 3 3 0 
Jibs_PC#3321682980264898560 move 5
Jibs_PC#3321682980264898560 attack 8 6
Jibs_PC#3321682980264898560 roll 3
Jibs_PC#3321682980264898560 roll 1
DICE 3 1 0 0 0 3 
Jibs_PC#3321682980264898560 roll 3
Jibs_PC#3321682980264898560 roll 1
DICE 3 1 4 1 0 4 
Jibs_PC#3321682980264898560 roll 2
Jibs_PC#3321682980264898560 roll 1
DICE 2 1 5 2 0 
Jibs_PC#3321682980264898560 endattack
Jibs_PC#3321682980264898560 movearmies 7 6 1
CARD 31
Jibs_PC#3321682980264898560 placearmies 22 3
Jibs_PC#3321682980264898560 attack 22 21
Jibs_PC#3321682980264898560 roll 3
Jibs_PC#3321682980264898560 roll 2
DICE 3 2 5 2 0 5 4 
Jibs_PC#3321682980264898560 roll 3
Jibs_PC#3321682980264898560 roll 2
DICE 3 2 4 3 1 4 3 
Jibs_PC#3321682980264898560 retreat
Jibs_PC#3321682980264898560 attack 22 31
Jibs_PC#3321682980264898560 roll 2
Jibs_PC#3321682980264898560 roll 1
DICE 2 1 1 1 3 
Jibs_PC#3321682980264898560 retreat
Jibs_PC#3321682980264898560 endattack
Jibs_PC#3321682980264898560 nomove
CARD 
Jibs_PC#3321682980264898560 placearmies 16 3
Jibs_PC#3321682980264898560 attack 16 31
Jibs_PC#3321682980264898560 roll 3
Jibs_PC#3321682980264898560 roll 1
DICE 3 1 5 5 4 0 
Jibs_PC#3321682980264898560 endattack
Jibs_PC#3321682980264898560 movearmies 31 16 2
CARD 42
Jibs_PC#3321682980264898560 placearmies 10 1
Jibs_PC#3321682980264898560 placearmies 21 4
Jibs_PC#3321682980264898560 attack 21 24
Jibs_PC#3321682980264898560 roll 3
Jibs_PC#3321682980264898560 roll 1
DICE 3 1 4 2 1 4 
Jibs_PC#3321682980264898560 roll 3
Jibs_PC#3321682980264898560 roll 1
DICE 3 1 1 1 0 0 
Jibs_PC#3321682980264898560 move 5
Jibs_PC#3321682980264898560 attack 24 22
Jibs_PC#3321682980264898560 roll 3
Jibs_PC#3321682980264898560 roll 2
DICE 3 2 4 4 1 5 1 
Jibs_PC#3321682980264898560 roll 3
Jibs_PC#3321682980264898560 roll 1
DICE 3 1 5 4 0 1 
Jibs_PC#3321682980264898560 endattack
Jibs_PC#3321682980264898560 movearmies 22 21 2
CARD 5
Jibs_PC#3321682980264898560 placearmies 28 3
Jibs_PC#3321682980264898560 attack 28 27
Jibs_PC#3321682980264898560 roll 3
Jibs_PC#3321682980264898560 roll 1
DICE 3 1 5 3 0 1 
Jibs_PC#3321682980264898560 endattack
Jibs_PC#3321682980264898560 nomove
CARD 10
Jibs_PC#3321682980264898560 placearmies 29 2
Jibs_PC#3321682980264898560 placearmies 32 1
Jibs_PC#3321682980264898560 placearmies 29 3
Jibs_PC#3321682980264898560 attack 29 30
Jibs_PC#3321682980264898560 roll 3
Jibs_PC#3321682980264898560 roll 1
DICE 3 1 4 4 0 4 
Jibs_PC#3321682980264898560 roll 3
Jibs_PC#3321682980264898560 roll 1
DICE 3 1 4 2 0 3 
Jibs_PC#3321682980264898560 move 8
Jibs_PC#3321682980264898560 attack 30 28
Jibs_PC#3321682980264898560 roll 3
Jibs_PC#3321682980264898560 roll 1
DICE 3 1 3 1 0 0 
Jibs_PC#3321682980264898560 move 7
Jibs_PC#3321682980264898560 attack 28 27
Jibs_PC#3321682980264898560 roll 3
Jibs_PC#3321682980264898560 roll 2
DICE 3 2 4 2 1 5 4 
Jibs_PC#3321682980264898560 roll 3
Jibs_PC#3321682980264898560 roll 2
DICE 3 2 2 2 0 5 4 
Jibs_PC#3321682980264898560 retreat
Jibs_PC#3321682980264898560 endattack
Jibs_PC#3321682980264898560 movearmies 28 29 2
CARD 37
Jibs_PC#3321682980264898560 placearmies 5 4
Jibs_PC#3321682980264898560 placearmies 1 1
Jibs_PC#3321682980264898560 placearmies 6 1
Jibs_PC#3321682980264898560 placearmies 1 2
Jibs_PC#3321682980264898560 attack 1 38
Jibs_PC#3321682980264898560 roll 3
Jibs_PC#3321682980264898560 roll 2
DICE 3 2 5 4 1 1 0 
Jibs_PC#3321682980264898560 attack 5 10
Jibs_PC#3321682980264898560 roll 3
Jibs_PC#3321682980264898560 roll 2
DICE 3 2 2 1 1 2 1 
Jibs_PC#3321682980264898560 retreat
Jibs_PC#3321682980264898560 endattack
Jibs_PC#3321682980264898560 movearmies 38 1 2
CARD 32
Jibs_PC#3321682980264898560 placearmies 26 3
Jibs_PC#3321682980264898560 attack 26 24
Jibs_PC#3321682980264898560 roll 3
Jibs_PC#3321682980264898560 roll 1
DICE 3 1 5 4 3 4 
Jibs_PC#3321682980264898560 attack 24 22
Jibs_PC#3321682980264898560 roll 2
Jibs_PC#3321682980264898560 roll 1
DICE 2 1 4 2 2 
Jibs_PC#3321682980264898560 endattack
Jibs_PC#3321682980264898560 nomove
CARD 2
Jibs_PC#3321682980264898560 placearmies 16 1
Jibs_PC#3321682980264898560 placearmies 17 2
Jibs_PC#3321682980264898560 attack 16 30
Jibs_PC#3321682980264898560 roll 3
Jibs_PC#3321682980264898560 roll 1
DICE 3 1 3 1 0 1 
Jibs_PC#3321682980264898560 endattack
Jibs_PC#3321682980264898560 movearmies 30 16 2
CARD 17
Jibs_PC#3321682980264898560 placearmies 10 1
Jibs_PC#3321682980264898560 placearmies 21 4
Jibs_PC#3321682980264898560 attack 21 24
Jibs_PC#3321682980264898560 roll 3
Jibs_PC#3321682980264898560 roll 1
DICE 3 1 5 2 0 1 
Jibs_PC#3321682980264898560 move 6
Jibs_PC#3321682980264898560 attack 24 26
Jibs_PC#3321682980264898560 roll 3
Jibs_PC#3321682980264898560 roll 1
DICE 3 1 5 4 3 5 
Jibs_PC#3321682980264898560 roll 3
Jibs_PC#3321682980264898560 roll 1
DICE 3 1 3 3 2 5 
Jibs_PC#3321682980264898560 retreat
Jibs_PC#3321682980264898560 attack 24 22
Jibs_PC#3321682980264898560 roll 3
Jibs_PC#3321682980264898560 roll 2
DICE 3 2 3 1 1 5 3 
Jibs_PC#3321682980264898560 retreat
Jibs_PC#3321682980264898560 endattack
Jibs_PC#3321682980264898560 movearmies 24 21 1
CARD 39
Jibs_PC#3321682980264898560 placearmies 27 1
Jibs_PC#3321682980264898560 placearmies 27 2
Jibs_PC#3321682980264898560 attack 27 36
Jibs_PC#3321682980264898560 roll 3
Jibs_PC#3321682980264898560 roll 1
DICE 3 1 5 5 0 5 
Jibs_PC#3321682980264898560 roll 3
Jibs_PC#3321682980264898560 roll 1
DICE 3 1 5 4 0 1 
Jibs_PC#3321682980264898560 move 4
Jibs_PC#3321682980264898560 endattack
Jibs_PC#3321682980264898560 nomove
CARD 1
Jibs_PC#3321682980264898560 placearmies 29 1
Jibs_PC#3321682980264898560 placearmies 29 3
Jibs_PC#3321682980264898560 placearmies 29 1
Jibs_PC#3321682980264898560 attack 29 27
Jibs_PC#3321682980264898560 roll 3
Jibs_PC#3321682980264898560 roll 1
DICE 3 1 5 4 3 3 
Jibs_PC#3321682980264898560 move 7
Jibs_PC#3321682980264898560 attack 27 36
Jibs_PC#3321682980264898560 roll 3
Jibs_PC#3321682980264898560 roll 2
DICE 3 2 5 5 1 5 5 
Jibs_PC#3321682980264898560 roll 3
Jibs_PC#3321682980264898560 roll 2
DICE 3 2 3 1 0 3 0 
Jibs_PC#3321682980264898560 retreat
Jibs_PC#3321682980264898560 attack 37 38
Jibs_PC#3321682980264898560 roll 2
Jibs_PC#3321682980264898560 roll 1
DICE 2 1 4 0 0 
Jibs_PC#3321682980264898560 endattack
Jibs_PC#3321682980264898560 movearmies 27 29 3
CARD 14
Jibs_PC#3321682980264898560 placearmies 1 2
Jibs_PC#3321682980264898560 placearmies 1 4
Jibs_PC#3321682980264898560 placearmies 1 2
Jibs_PC#3321682980264898560 attack 1 38
Jibs_PC#3321682980264898560 roll 3
Jibs_PC#3321682980264898560 roll 2
DICE 3 2 4 3 2 4 1 
Jibs_PC#3321682980264898560 roll 3
Jibs_PC#3321682980264898560 roll 1
DICE 3 1 4 1 0 5 
Jibs_PC#3321682980264898560 roll 3
Jibs_PC#3321682980264898560 roll 1
DICE 3 1 5 2 0 2 
Jibs_PC#3321682980264898560 move 8
Jibs_PC#3321682980264898560 attack 38 36
Jibs_PC#3321682980264898560 roll 3
Jibs_PC#3321682980264898560 roll 2
DICE 3 2 5 5 4 2 1 
Jibs_PC#3321682980264898560 roll 3
Jibs_PC#3321682980264898560 roll 1
DICE 3 1 5 2 0 2 
Jibs_PC#3321682980264898560 move 6
Jibs_PC#3321682980264898560 trade 31 32 40
Jibs_PC#3321682980264898560 placearmies 38 1
Jibs_PC#3321682980264898560 placearmies 5 8
Jibs_PC#3321682980264898560 placearmies 5 1
Jibs_PC#3321682980264898560 attack 5 10
Jibs_PC#3321682980264898560 roll 3
Jibs_PC#3321682980264898560 roll 2
DICE 3 2 3 3 0 4 2 
Jibs_PC#3321682980264898560 roll 3
Jibs_PC#3321682980264898560 roll 2
DICE 3 2 2 2 1 5 5 
Jibs_PC#3321682980264898560 roll 3
Jibs_PC#3321682980264898560 roll 2
DICE 3 2 4 2 2 5 1 
Jibs_PC#3321682980264898560 roll 3
Jibs_PC#3321682980264898560 roll 1
DICE 3 1 5 4 1 3 
Jibs_PC#3321682980264898560 move 7
Jibs_PC#3321682980264898560 attack 10 12
Jibs_PC#3321682980264898560 roll 3
Jibs_PC#3321682980264898560 roll 1
DICE 3 1 5 3 3 5 
Jibs_PC#3321682980264898560 roll 3
Jibs_PC#3321682980264898560 roll 1
DICE 3 1 4 3 2 5 
Jibs_PC#3321682980264898560 roll 3
Jibs_PC#3321682980264898560 roll 1
DICE 3 1 1 0 0 2 
Jibs_PC#3321682980264898560 roll 3
Jibs_PC#3321682980264898560 roll 1
DICE 3 1 3 3 1 2 
Jibs_PC#3321682980264898560 attack 12 13
Jibs_PC#3321682980264898560 roll 2
Jibs_PC#3321682980264898560 roll 1
DICE 2 1 1 0 1 
Jibs_PC#3321682980264898560 retreat
Jibs_PC#3321682980264898560 endattack
Jibs_PC#3321682980264898560 movearmies 12 10 1
CARD 26
Jibs_PC#3321682980264898560 placearmies 22 2
Jibs_PC#3321682980264898560 placearmies 22 1
Jibs_PC#3321682980264898560 attack 22 21
Jibs_PC#3321682980264898560 roll 3
Jibs_PC#3321682980264898560 roll 2
DICE 3 2 2 1 0 1 0 
Jibs_PC#3321682980264898560 roll 3
Jibs_PC#3321682980264898560 roll 1
DICE 3 1 5 4 4 1 
Jibs_PC#3321682980264898560 move 4
Jibs_PC#3321682980264898560 endattack
Jibs_PC#3321682980264898560 nomove
CARD 16
Jibs_PC#3321682980264898560 placearmies 16 1
Jibs_PC#3321682980264898560 placearmies 16 1
Jibs_PC#3321682980264898560 placearmies 16 1
Jibs_PC#3321682980264898560 attack 16 28
Jibs_PC#3321682980264898560 roll 3
Jibs_PC#3321682980264898560 roll 1
DICE 3 1 4 4 3 3 
Jibs_PC#3321682980264898560 move 5
Jibs_PC#3321682980264898560 endattack
Jibs_PC#3321682980264898560 nomove
CARD 19
Jibs_PC#3321682980264898560 trade 23 5 39
Jibs_PC#3321682980264898560 placearmies 11 8
Jibs_PC#3321682980264898560 placearmies 11 1
Jibs_PC#3321682980264898560 attack 11 10
Jibs_PC#3321682980264898560 roll 3
Jibs_PC#3321682980264898560 roll 2
DICE 3 2 5 5 0 5 1 
Jibs_PC#3321682980264898560 roll 3
Jibs_PC#3321682980264898560 roll 1
DICE 3 1 5 5 5 2 
Jibs_PC#3321682980264898560 move 8
Jibs_PC#3321682980264898560 attack 10 5
Jibs_PC#3321682980264898560 roll 3
Jibs_PC#3321682980264898560 roll 1
DICE 3 1 4 2 1 4 
Jibs_PC#3321682980264898560 roll 3
Jibs_PC#3321682980264898560 roll 1
DICE 3 1 4 4 4 4 
Jibs_PC#3321682980264898560 roll 3
Jibs_PC#3321682980264898560 roll 1
DICE 3 1 3 2 0 1 
Jibs_PC#3321682980264898560 move 5
Jibs_PC#3321682980264898560 endattack
Jibs_PC#3321682980264898560 nomove
CARD 7
Jibs_PC#3321682980264898560 trade wildcard 37 14
Jibs_PC#3321682980264898560 placearmies 29 1
Jibs_PC#3321682980264898560 placearmies 29 7
Jibs_PC#3321682980264898560 placearmies 29 1
Jibs_PC#3321682980264898560 attack 29 36
Jibs_PC#3321682980264898560 roll 3
Jibs_PC#3321682980264898560 roll 2
DICE 3 2 5 4 0 0 0 
Jibs_PC#3321682980264898560 roll 3
Jibs_PC#3321682980264898560 roll 2
DICE 3 2 5 3 2 0 0 
Jibs_PC#3321682980264898560 roll 3
Jibs_PC#3321682980264898560 roll 2
DICE 3 2 5 4 1 5 1 
Jibs_PC#3321682980264898560 roll 3
Jibs_PC#3321682980264898560 roll 1
DICE 3 1 5 4 3 2 
Jibs_PC#3321682980264898560 move 11
Jibs_PC#3321682980264898560 attack 36 38
Jibs_PC#3321682980264898560 roll 3
Jibs_PC#3321682980264898560 roll 2
DICE 3 2 4 0 0 2 2 
Jibs_PC#3321682980264898560 roll 3
Jibs_PC#3321682980264898560 roll 2
DICE 3 2 4 4 3 5 1 
Jibs_PC#3321682980264898560 roll 3
Jibs_PC#3321682980264898560 roll 1
DICE 3 1 1 0 0 2 
Jibs_PC#3321682980264898560 roll 3
Jibs_PC#3321682980264898560 roll 1
DICE 3 1 5 2 2 0 
Jibs_PC#3321682980264898560 move 7
Jibs_PC#3321682980264898560 endattack
Jibs_PC#3321682980264898560 movearmies 37 38 2
CARD 33
Jibs_PC#3321682980264898560 trade 41 29 1
Jibs_PC#3321682980264898560 placearmies 12 3
Jibs_PC#3321682980264898560 placearmies 4 9
Jibs_PC#3321682980264898560 placearmies 12 1
Jibs_PC#3321682980264898560 attack 4 5
Jibs_PC#3321682980264898560 roll 3
Jibs_PC#3321682980264898560 roll 2
DICE 3 2 5 3 0 5 1 
Jibs_PC#3321682980264898560 roll 3
Jibs_PC#3321682980264898560 roll 2
DICE 3 2 5 2 0 3 0 
Jibs_PC#3321682980264898560 roll 3
Jibs_PC#3321682980264898560 roll 2
DICE 3 2 4 2 0 5 2 
Jibs_PC#3321682980264898560 roll 3
Jibs_PC#3321682980264898560 roll 2
DICE 3 2 4 4 1 1 0 
Jibs_PC#3321682980264898560 move 6
Jibs_PC#3321682980264898560 attack 12 13
Jibs_PC#3321682980264898560 roll 3
Jibs_PC#3321682980264898560 roll 1
DICE 3 1 4 2 1 3 
Jibs_PC#3321682980264898560 move 4
Jibs_PC#3321682980264898560 attack 13 11
Jibs_PC#3321682980264898560 roll 3
Jibs_PC#3321682980264898560 roll 1
DICE 3 1 5 2 1 5 
Jibs_PC#3321682980264898560 roll 2
Jibs_PC#3321682980264898560 roll 1
DICE 2 1 5 2 4 
Jibs_PC#3321682980264898560 attack 5 10
Jibs_PC#3321682980264898560 roll 3
Jibs_PC#3321682980264898560 roll 1
DICE 3 1 5 3 0 4 
Jibs_PC#3321682980264898560 move 3
Jibs_PC#3321682980264898560 endattack
Jibs_PC#3321682980264898560 movearmies 11 12 1
CARD 12
Jibs_PC#3321682980264898560 trade 36 2 16
Jibs_PC#3321682980264898560 placearmies 21 11
Jibs_PC#3321682980264898560 attack 21 20
Jibs_PC#3321682980264898560 roll 3
Jibs_PC#3321682980264898560 roll 1
DICE 3 1 4 3 2 2 
Jibs_PC#3321682980264898560 move 14
Jibs_PC#3321682980264898560 attack 20 31
Jibs_PC#3321682980264898560 roll 3
Jibs_PC#3321682980264898560 roll 1
DICE 3 1 1 1 0 4 
Jibs_PC#3321682980264898560 roll 3
Jibs_PC#3321682980264898560 roll 1
DICE 3 1 5 2 1 1 
Jibs_PC#3321682980264898560 move 12
Jibs_PC#3321682980264898560 attack 31 32
Jibs_PC#3321682980264898560 roll 3
Jibs_PC#3321682980264898560 roll 2
DICE 3 2 5 4 1 5 2 
Jibs_PC#3321682980264898560 roll 3
Jibs_PC#3321682980264898560 roll 1
DICE 3 1 5 4 1 5 
Jibs_PC#3321682980264898560 retreat
Jibs_PC#3321682980264898560 endattack
Jibs_PC#3321682980264898560 movearmies 31 22 9
CARD 9
Jibs_PC#3321682980264898560 trade 30 42 19
Jibs_PC#3321682980264898560 placearmies 19 4
Jibs_PC#3321682980264898560 placearmies 19 1
Jibs_PC#3321682980264898560 placearmies 17 2
Jibs_PC#3321682980264898560 attack 19 21
Jibs_PC#3321682980264898560 roll 3
Jibs_PC#3321682980264898560 roll 1
DICE 3 1 5 4 0 2 
Jibs_PC#3321682980264898560 move 8
Jibs_PC#3321682980264898560 attack 21 12
Jibs_PC#3321682980264898560 roll 3
Jibs_PC#3321682980264898560 roll 2
DICE 3 2 3 2 0 2 0 
Jibs_PC#3321682980264898560 move 7
Jibs_PC#3321682980264898560 attack 12 10
Jibs_PC#3321682980264898560 roll 3
Jibs_PC#3321682980264898560 roll 2
DICE 3 2 5 3 1 5 3 
Jibs_PC#3321682980264898560 roll 3
Jibs_PC#3321682980264898560 roll 2
DICE 3 2 5 0 0 2 1 
Jibs_PC#3321682980264898560 retreat
Jibs_PC#3321682980264898560 endattack
Jibs_PC#3321682980264898560 nomove
CARD 25
Jibs_PC#3321682980264898560 placearmies 24 3
Jibs_PC#3321682980264898560 attack 24 21
Jibs_PC#3321682980264898560 roll 3
Jibs_PC#3321682980264898560 roll 1
DICE 3 1 5 3 0 1 
Jibs_PC#3321682980264898560 endattack
Jibs_PC#3321682980264898560 nomove
CARD 11
Jibs_PC#3321682980264898560 placearmies 32 1
Jibs_PC#3321682980264898560 placearmies 29 3
Jibs_PC#3321682980264898560 placearmies 32 1
Jibs_PC#3321682980264898560 placearmies 32 1
Jibs_PC#3321682980264898560 attack 38 1
Jibs_PC#3321682980264898560 roll 3
Jibs_PC#3321682980264898560 roll 2
DICE 3 2 3 1 0 5 3 
Jibs_PC#3321682980264898560 roll 3
Jibs_PC#3321682980264898560 roll 2
DICE 3 2 5 3 2 4 2 
Jibs_PC#3321682980264898560 roll 3
Jibs_PC#3321682980264898560 roll 1
DICE 3 1 4 2 1 2 
Jibs_PC#3321682980264898560 move 6
Jibs_PC#3321682980264898560 attack 32 31
Jibs_PC#3321682980264898560 roll 3
Jibs_PC#3321682980264898560 roll 1
DICE 3 1 2 2 1 2 
Jibs_PC#3321682980264898560 roll 2
Jibs_PC#3321682980264898560 roll 1
DICE 2 1 2 1 0 
Jibs_PC#3321682980264898560 attack 29 30
Jibs_PC#3321682980264898560 roll 3
Jibs_PC#3321682980264898560 roll 2
DICE 3 2 2 1 0 5 3 
Jibs_PC#3321682980264898560 retreat
Jibs_PC#3321682980264898560 attack 1 3
Jibs_PC#3321682980264898560 roll 3
Jibs_PC#3321682980264898560 roll 1
DICE 3 1 5 5 0 5 
Jibs_PC#3321682980264898560 roll 3
Jibs_PC#3321682980264898560 roll 1
DICE 3 1 4 3 1 2 
Jibs_PC#3321682980264898560 move 4
Jibs_PC#3321682980264898560 endattack
Jibs_PC#3321682980264898560 movearmies 31 32 1
CARD 3
Jibs_PC#3321682980264898560 placearmies 2 3
Jibs_PC#3321682980264898560 attack 2 1
Jibs_PC#3321682980264898560 roll 3
Jibs_PC#3321682980264898560 roll 1
DICE 3 1 5 1 0 0 
Jibs_PC#3321682980264898560 endattack
Jibs_PC#3321682980264898560 movearmies 5 10 2
CARD 28
Jibs_PC#3321682980264898560 placearmies 22 3
Jibs_PC#3321682980264898560 attack 22 31
Jibs_PC#3321682980264898560 roll 3
Jibs_PC#3321682980264898560 roll 1
DICE 3 1 3 2 2 1 
Jibs_PC#3321682980264898560 move 12
Jibs_PC#3321682980264898560 attack 31 32
Jibs_PC#3321682980264898560 roll 3
Jibs_PC#3321682980264898560 roll 2
DICE 3 2 4 2 1 4 0 
Jibs_PC#3321682980264898560 roll 3
Jibs_PC#3321682980264898560 roll 1
DICE 3 1 3 1 1 5 
Jibs_PC#3321682980264898560 roll 3
Jibs_PC#3321682980264898560 roll 1
DICE 3 1 5 4 0 0 
Jibs_PC#3321682980264898560 move 9
Jibs_PC#3321682980264898560 attack 32 33
Jibs_PC#3321682980264898560 roll 3
Jibs_PC#3321682980264898560 roll 1
DICE 3 1 3 1 1 3 
Jibs_PC#3321682980264898560 roll 3
Jibs_PC#3321682980264898560 roll 1
DICE 3 1 5 4 0 0 
Jibs_PC#3321682980264898560 move 7
Jibs_PC#3321682980264898560 attack 33 39
Jibs_PC#3321682980264898560 roll 3
Jibs_PC#3321682980264898560 roll 1
DICE 3 1 5 4 1 2 
Jibs_PC#3321682980264898560 move 6
Jibs_PC#3321682980264898560 attack 39 40
Jibs_PC#3321682980264898560 roll 3
Jibs_PC#3321682980264898560 roll 1
DICE 3 1 3 1 1 0 
Jibs_PC#3321682980264898560 move 5
Jibs_PC#3321682980264898560 attack 40 42
Jibs_PC#3321682980264898560 roll 3
Jibs_PC#3321682980264898560 roll 2
DICE 3 2 5 1 0 3 2 
Jibs_PC#3321682980264898560 roll 3
Jibs_PC#3321682980264898560 roll 1
DICE 3 1 5 4 4 5 
Jibs_PC#3321682980264898560 retreat
Jibs_PC#3321682980264898560 attack 40 41
Jibs_PC#3321682980264898560 roll 2
Jibs_PC#3321682980264898560 roll 1
DICE 2 1 3 0 2 
Jibs_PC#3321682980264898560 endattack
Jibs_PC#3321682980264898560 nomove
CARD 20
Jibs_PC#3321682980264898560 placearmies 12 3
Jibs_PC#3321682980264898560 attack 12 13
Jibs_PC#3321682980264898560 roll 3
Jibs_PC#3321682980264898560 roll 1
DICE 3 1 4 4 2 1 
Jibs_PC#3321682980264898560 move 6
Jibs_PC#3321682980264898560 attack 13 11
Jibs_PC#3321682980264898560 roll 3
Jibs_PC#3321682980264898560 roll 1
DICE 3 1 5 4 0 3 
Jibs_PC#3321682980264898560 move 5
Jibs_PC#3321682980264898560 attack 28 27
Jibs_PC#3321682980264898560 roll 3
Jibs_PC#3321682980264898560 roll 1
DICE 3 1 5 2 0 3 
Jibs_PC#3321682980264898560 move 4
Jibs_PC#3321682980264898560 attack 17 14
Jibs_PC#3321682980264898560 roll 3
Jibs_PC#3321682980264898560 roll 2
DICE 3 2 3 3 2 4 0 
Jibs_PC#3321682980264898560 roll 3
Jibs_PC#3321682980264898560 roll 2
DICE 3 2 2 1 0 4 2 
Jibs_PC#3321682980264898560 retreat
Jibs_PC#3321682980264898560 attack 11 10
Jibs_PC#3321682980264898560 roll 3
Jibs_PC#3321682980264898560 roll 2
DICE 3 2 4 3 2 3 0 
Jibs_PC#3321682980264898560 roll 3
Jibs_PC#3321682980264898560 roll 2
DICE 3 2 5 5 3 5 3 
Jibs_PC#3321682980264898560 roll 3
Jibs_PC#3321682980264898560 roll 1
DICE 3 1 3 1 0 2 
Jibs_PC#3321682980264898560 endattack
Jibs_PC#3321682980264898560 nomove
CARD 38
Jibs_PC#3321682980264898560 placearmies 21 1
Jibs_PC#3321682980264898560 placearmies 21 1
Jibs_PC#3321682980264898560 placearmies 21 1
Jibs_PC#3321682980264898560 attack 21 12
Jibs_PC#3321682980264898560 roll 3
Jibs_PC#3321682980264898560 roll 1
DICE 3 1 3 2 1 3 
Jibs_PC#3321682980264898560 roll 3
Jibs_PC#3321682980264898560 roll 1
DICE 3 1 3 1 0 5 
Jibs_PC#3321682980264898560 roll 3
Jibs_PC#3321682980264898560 roll 1
DICE 3 1 4 2 1 4 
Jibs_PC#3321682980264898560 roll 2
Jibs_PC#3321682980264898560 roll 1
DICE 2 1 2 2 0 
Jibs_PC#3321682980264898560 endattack
Jibs_PC#3321682980264898560 nomove
CARD 21
Jibs_PC#3321682980264898560 placearmies 29 2
Jibs_PC#3321682980264898560 placearmies 29 1
Jibs_PC#3321682980264898560 attack 29 27
Jibs_PC#3321682980264898560 roll 3
Jibs_PC#3321682980264898560 roll 2
DICE 3 2 1 0 0 2 0 
Jibs_PC#3321682980264898560 roll 3
Jibs_PC#3321682980264898560 roll 2
DICE 3 2 5 5 4 5 2 
Jibs_PC#3321682980264898560 retreat
Jibs_PC#3321682980264898560 attack 29 28
Jibs_PC#3321682980264898560 roll 2
Jibs_PC#3321682980264898560 roll 1
DICE 2 1 5 0 2 
Jibs_PC#3321682980264898560 endattack
Jibs_PC#3321682980264898560 nomove
CARD 39
Jibs_PC#3321682980264898560 trade 10 26 28
Jibs_PC#3321682980264898560 placearmies 1 1
Jibs_PC#3321682980264898560 placearmies 1 5
Jibs_PC#3321682980264898560 placearmies 1 7
Jibs_PC#3321682980264898560 attack 1 3
Jibs_PC#3321682980264898560 roll 3
Jibs_PC#3321682980264898560 roll 2
DICE 3 2 5 3 1 1 0 
Jibs_PC#3321682980264898560 roll 3
Jibs_PC#3321682980264898560 roll 2
DICE 3 2 5 3 1 2 0 
Jibs_PC#3321682980264898560 move 3
Jibs_PC#3321682980264898560 attack 1 38
Jibs_PC#3321682980264898560 roll 3
Jibs_PC#3321682980264898560 roll 1
DICE 3 1 5 4 1 1 
Jibs_PC#3321682980264898560 move 12
Jibs_PC#3321682980264898560 attack 38 37
Jibs_PC#3321682980264898560 roll 3
Jibs_PC#3321682980264898560 roll 1
DICE 3 1 4 4 2 4 
Jibs_PC#3321682980264898560 roll 3
Jibs_PC#3321682980264898560 roll 1
DICE 3 1 4 3 2 4 
Jibs_PC#3321682980264898560 roll 3
Jibs_PC#3321682980264898560 roll 1
DICE 3 1 5 2 0 2 
Jibs_PC#3321682980264898560 move 8
Jibs_PC#3321682980264898560 attack 37 36
Jibs_PC#3321682980264898560 roll 3
Jibs_PC#3321682980264898560 roll 1
DICE 3 1 5 4 4 3 
Jibs_PC#3321682980264898560 move 7
Jibs_PC#3321682980264898560 attack 36 35
Jibs_PC#3321682980264898560 roll 3
Jibs_PC#3321682980264898560 roll 1
DICE 3 1 5 2 0 2 
Jibs_PC#3321682980264898560 move 6
Jibs_PC#3321682980264898560 attack 35 34
Jibs_PC#3321682980264898560 roll 3
Jibs_PC#3321682980264898560 roll 2
DICE 3 2 5 5 3 5 2 
Jibs_PC#3321682980264898560 roll 3
Jibs_PC#3321682980264898560 roll 2
DICE 3 2 4 2 1 5 3 
Jibs_PC#3321682980264898560 retreat
Jibs_PC#3321682980264898560 endattack
Jibs_PC#3321682980264898560 movearmies 35 38 2
CARD 32
Jibs_PC#3321682980264898560 trade 4 9 20
Jibs_PC#3321682980264898560 placearmies 20 1
Jibs_PC#3321682980264898560 placearmies 41 3
Jibs_PC#3321682980264898560 placearmies 23 7
Jibs_PC#3321682980264898560 placearmies 23 1
Jibs_PC#3321682980264898560 placearmies 23 1
Jibs_PC#3321682980264898560 attack 41 42
Jibs_PC#3321682980264898560 roll 3
Jibs_PC#3321682980264898560 roll 1
DICE 3 1 5 1 0 2 
Jibs_PC#3321682980264898560 move 3
Jibs_PC#3321682980264898560 attack 23 21
Jibs_PC#3321682980264898560 roll 3
Jibs_PC#3321682980264898560 roll 1
DICE 3 1 5 3 2 1 
Jibs_PC#3321682980264898560 move 9
Jibs_PC#3321682980264898560 attack 21 24
Jibs_PC#3321682980264898560 roll 3
Jibs_PC#3321682980264898560 roll 1
DICE 3 1 5 3 2 0 
Jibs_PC#3321682980264898560 move 3
Jibs_PC#3321682980264898560 attack 21 12
Jibs_PC#3321682980264898560 roll 3
Jibs_PC#3321682980264898560 roll 2
DICE 3 2 3 1 0 5 3 
Jibs_PC#3321682980264898560 roll 3
Jibs_PC#3321682980264898560 roll 2
DICE 3 2 2 2 2 2 0 
Jibs_PC#3321682980264898560 retreat
Jibs_PC#3321682980264898560 endattack
Jibs_PC#3321682980264898560 movearmies 24 21 2
CARD 16
Jibs_PC#3321682980264898560 trade 6 17 38
Jibs_PC#3321682980264898560 placearmies 10 2
Jibs_PC#3321682980264898560 placearmies 30 6
Jibs_PC#3321682980264898560 placearmies 30 1
Jibs_PC#3321682980264898560 attack 10 12
Jibs_PC#3321682980264898560 roll 3
Jibs_PC#3321682980264898560 roll 1
DICE 3 1 3 1 0 2 
Jibs_PC#3321682980264898560 move 3
Jibs_PC#3321682980264898560 attack 17 14
Jibs_PC#3321682980264898560 roll 3
Jibs_PC#3321682980264898560 roll 2
DICE 3 2 4 4 1 5 0 
Jibs_PC#3321682980264898560 roll 3
Jibs_PC#3321682980264898560 roll 2
DICE 3 2 1 0 0 5 2 
Jibs_PC#3321682980264898560 retreat
Jibs_PC#3321682980264898560 attack 30 32
Jibs_PC#3321682980264898560 roll 3
Jibs_PC#3321682980264898560 roll 1
DICE 3 1 5 4 0 1 
Jibs_PC#3321682980264898560 move 9
Jibs_PC#3321682980264898560 attack 32 33
Jibs_PC#3321682980264898560 roll 3
Jibs_PC#3321682980264898560 roll 1
DICE 3 1 3 2 1 1 
Jibs_PC#3321682980264898560 move 8
Jibs_PC#3321682980264898560 attack 33 39
Jibs_PC#3321682980264898560 roll 3
Jibs_PC#3321682980264898560 roll 1
DICE 3 1 5 5 4 3 
Jibs_PC#3321682980264898560 move 7
Jibs_PC#3321682980264898560 attack 39 41
Jibs_PC#3321682980264898560 roll 3
Jibs_PC#3321682980264898560 roll 2
DICE 3 2 5 3 1 5 2 
Jibs_PC#3321682980264898560 roll 3
Jibs_PC#3321682980264898560 roll 1
DICE 3 1 3 2 0 5 
Jibs_PC#3321682980264898560 roll 3
Jibs_PC#3321682980264898560 roll 1
DICE 3 1 4 3 0 4 
Jibs_PC#3321682980264898560 roll 3
Jibs_PC#3321682980264898560 roll 1
DICE 3 1 2 2 0 4 
Jibs_PC#3321682980264898560 roll 2
Jibs_PC#3321682980264898560 roll 1
DICE 2 1 5 2 1 
Jibs_PC#3321682980264898560 endattack
Jibs_PC#3321682980264898560 nomove
CARD 34
Jibs_PC#3321682980264898560 placearmies 14 2
Jibs_PC#3321682980264898560 placearmies 14 1
Jibs_PC#3321682980264898560 attack 14 17
Jibs_PC#3321682980264898560 roll 3
Jibs_PC#3321682980264898560 roll 2
DICE 3 2 2 1 1 2 2 
Jibs_PC#3321682980264898560 retreat
Jibs_PC#3321682980264898560 attack 14 15
Jibs_PC#3321682980264898560 roll 2
Jibs_PC#3321682980264898560 roll 1
DICE 2 1 5 5 5 
Jibs_PC#3321682980264898560 retreat
Jibs_PC#3321682980264898560 endattack
Jibs_PC#3321682980264898560 nomove
CARD 
Jibs_PC#3321682980264898560 trade 33 3 39
Jibs_PC#3321682980264898560 placearmies 28 10
Jibs_PC#3321682980264898560 placearmies 28 3
Jibs_PC#3321682980264898560 attack 28 16
Jibs_PC#3321682980264898560 roll 3
Jibs_PC#3321682980264898560 roll 1
DICE 3 1 2 1 0 0 
Jibs_PC#3321682980264898560 move 14
Jibs_PC#3321682980264898560 attack 16 15
Jibs_PC#3321682980264898560 roll 3
Jibs_PC#3321682980264898560 roll 1
DICE 3 1 5 4 1 0 
Jibs_PC#3321682980264898560 move 13
Jibs_PC#3321682980264898560 attack 15 14
Jibs_PC#3321682980264898560 roll 3
Jibs_PC#3321682980264898560 roll 2
DICE 3 2 4 4 2 4 4 
Jibs_PC#3321682980264898560 roll 3
Jibs_PC#3321682980264898560 roll 2
DICE 3 2 4 4 2 1 0 
Jibs_PC#3321682980264898560 move 10
Jibs_PC#3321682980264898560 attack 14 6
Jibs_PC#3321682980264898560 roll 3
Jibs_PC#3321682980264898560 roll 2
DICE 3 2 5 4 0 3 1 
Jibs_PC#3321682980264898560 roll 3
Jibs_PC#3321682980264898560 roll 2
DICE 3 2 5 5 3 5 5 
Jibs_PC#3321682980264898560 roll 3
Jibs_PC#3321682980264898560 roll 2
DICE 3 2 4 3 0 4 3 
Jibs_PC#3321682980264898560 roll 3
Jibs_PC#3321682980264898560 roll 2
DICE 3 2 5 5 2 3 1 
Jibs_PC#3321682980264898560 move 5
Jibs_PC#3321682980264898560 endattack
Jibs_PC#3321682980264898560 nomove
CARD 42
Jibs_PC#3321682980264898560 placearmies 38 2
Jibs_PC#3321682980264898560 placearmies 8 2
Jibs_PC#3321682980264898560 attack 38 34
Jibs_PC#3321682980264898560 roll 3
Jibs_PC#3321682980264898560 roll 2
DICE 3 2 5 3 1 5 2 
Jibs_PC#3321682980264898560 roll 3
Jibs_PC#3321682980264898560 roll 1
DICE 3 1 5 3 1 3 
Jibs_PC#3321682980264898560 move 4
Jibs_PC#3321682980264898560 endattack
Jibs_PC#3321682980264898560 movearmies 3 7 2
CARD 19
Jibs_PC#3321682980264898560 placearmies 31 1
Jibs_PC#3321682980264898560 placearmies 42 5
Jibs_PC#3321682980264898560 attack 21 12
Jibs_PC#3321682980264898560 roll 3
Jibs_PC#3321682980264898560 roll 2
DICE 3 2 3 2 1 5 0 
Jibs_PC#3321682980264898560 roll 3
Jibs_PC#3321682980264898560 roll 2
DICE 3 2 5 3 3 2 2 
Jibs_PC#3321682980264898560 attack 42 41
Jibs_PC#3321682980264898560 roll 3
Jibs_PC#3321682980264898560 roll 2
DICE 3 2 5 2 0 4 0 
Jibs_PC#3321682980264898560 move 7
Jibs_PC#3321682980264898560 attack 41 39
Jibs_PC#3321682980264898560 roll 3
Jibs_PC#3321682980264898560 roll 1
DICE 3 1 4 3 2 4 
Jibs_PC#3321682980264898560 roll 3
Jibs_PC#3321682980264898560 roll 1
DICE 3 1 4 4 1 2 
Jibs_PC#3321682980264898560 move 5
Jibs_PC#3321682980264898560 attack 39 33
Jibs_PC#3321682980264898560 roll 3
Jibs_PC#3321682980264898560 roll 1
DICE 3 1 4 3 3 0 
Jibs_PC#3321682980264898560 move 4
Jibs_PC#3321682980264898560 endattack
Jibs_PC#3321682980264898560 movearmies 12 21 2
CARD 8
Jibs_PC#3321682980264898560 placearmies 27 1
Jibs_PC#3321682980264898560 placearmies 10 2
Jibs_PC#3321682980264898560 attack 10 12
Jibs_PC#3321682980264898560 roll 3
Jibs_PC#3321682980264898560 roll 1
DICE 3 1 5 1 0 1 
Jibs_PC#3321682980264898560 endattack
Jibs_PC#3321682980264898560 nomove
CARD wildcard
Jibs_PC#3321682980264898560 placearmies 6 3
Jibs_PC#3321682980264898560 attack 6 7
Jibs_PC#3321682980264898560 roll 3
Jibs_PC#3321682980264898560 roll 2
DICE 3 2 2 2 2 1 1 
Jibs_PC#3321682980264898560 roll 3
Jibs_PC#3321682980264898560 roll 1
DICE 3 1 4 2 0 3 
Jibs_PC#3321682980264898560 move 7
Jibs_PC#3321682980264898560 attack 7 9
Jibs_PC#3321682980264898560 roll 3
Jibs_PC#3321682980264898560 roll 1
DICE 3 1 5 3 0 0 
Jibs_PC#3321682980264898560 move 6
Jibs_PC#3321682980264898560 attack 9 5
Jibs_PC#3321682980264898560 roll 3
Jibs_PC#3321682980264898560 roll 1
DICE 3 1 5 4 0 2 
Jibs_PC#3321682980264898560 move 5
Jibs_PC#3321682980264898560 attack 5 10
Jibs_PC#3321682980264898560 roll 3
Jibs_PC#3321682980264898560 roll 1
DICE 3 1 3 3 1 5 
Jibs_PC#3321682980264898560 roll 3
Jibs_PC#3321682980264898560 roll 1
DICE 3 1 3 3 2 1 
Jibs_PC#3321682980264898560 endattack
Jibs_PC#3321682980264898560 nomove
CARD 14
Jibs_PC#3321682980264898560 placearmies 8 1
Jibs_PC#3321682980264898560 placearmies 8 1
Jibs_PC#3321682980264898560 placearmies 34 1
Jibs_PC#3321682980264898560 attack 8 9
Jibs_PC#3321682980264898560 roll 3
Jibs_PC#3321682980264898560 roll 1
DICE 3 1 4 4 3 3 
Jibs_PC#3321682980264898560 move 4
Jibs_PC#3321682980264898560 attack 9 7
Jibs_PC#3321682980264898560 roll 3
Jibs_PC#3321682980264898560 roll 1
DICE 3 1 5 1 0 0 
Jibs_PC#3321682980264898560 attack 7 6
Jibs_PC#3321682980264898560 roll 2
Jibs_PC#3321682980264898560 roll 1
DICE 2 1 4 0 4 
Jibs_PC#3321682980264898560 retreat
Jibs_PC#3321682980264898560 endattack
Jibs_PC#3321682980264898560 nomove
CARD 24
Jibs_PC#3321682980264898560 placearmies 20 9
Jibs_PC#3321682980264898560 attack 20 19
Jibs_PC#3321682980264898560 roll 3
Jibs_PC#3321682980264898560 roll 1
DICE 3 1 3 0 0 5 
Jibs_PC#3321682980264898560 roll 3
Jibs_PC#3321682980264898560 roll 1
DICE 3 1 3 3 2 0 
Jibs_PC#3321682980264898560 move 10
Jibs_PC#3321682980264898560 attack 19 18
Jibs_PC#3321682980264898560 roll 3
Jibs_PC#3321682980264898560 roll 1
DICE 3 1 5 4 1 0 
Jibs_PC#3321682980264898560 move 9
Jibs_PC#3321682980264898560 attack 18 17
Jibs_PC#3321682980264898560 roll 3
Jibs_PC#3321682980264898560 roll 2
DICE 3 2 5 5 1 2 0 
Jibs_PC#3321682980264898560 move 8
Jibs_PC#3321682980264898560 attack 17 15
Jibs_PC#3321682980264898560 roll 3
Jibs_PC#3321682980264898560 roll 1
DICE 3 1 3 3 2 0 
Jibs_PC#3321682980264898560 move 7
Jibs_PC#3321682980264898560 attack 15 16
Jibs_PC#3321682980264898560 roll 3
Jibs_PC#3321682980264898560 roll 1
DICE 3 1 3 1 1 1 
Jibs_PC#3321682980264898560 move 5
Jibs_PC#3321682980264898560 attack 16 30
Jibs_PC#3321682980264898560 roll 3
Jibs_PC#3321682980264898560 roll 1
DICE 3 1 2 1 1 1 
Jibs_PC#3321682980264898560 move 3
Jibs_PC#3321682980264898560 endattack
Jibs_PC#3321682980264898560 movearmies 30 16 2
CARD 41
Jibs_PC#3321682980264898560 trade 25 34 wildcard
Jibs_PC#3321682980264898560 placearmies 32 12
Jibs_PC#3321682980264898560 placearmies 32 1
Jibs_PC#3321682980264898560 attack 32 33
Jibs_PC#3321682980264898560 roll 3
Jibs_PC#3321682980264898560 roll 2
DICE 3 2 5 3 3 4 0 
Jibs_PC#3321682980264898560 roll 3
Jibs_PC#3321682980264898560 roll 2
DICE 3 2 4 4 0 5 4 
Jibs_PC#3321682980264898560 roll 3
Jibs_PC#3321682980264898560 roll 2
DICE 3 2 3 2 1 5 1 
Jibs_PC#3321682980264898560 roll 3
Jibs_PC#3321682980264898560 roll 1
DICE 3 1 4 2 1 3 
Jibs_PC#3321682980264898560 move 10
Jibs_PC#3321682980264898560 attack 33 39
Jibs_PC#3321682980264898560 roll 3
Jibs_PC#3321682980264898560 roll 1
DICE 3 1 4 3 3 2 
Jibs_PC#3321682980264898560 move 9
Jibs_PC#3321682980264898560 attack 39 41
Jibs_PC#3321682980264898560 roll 3
Jibs_PC#3321682980264898560 roll 1
DICE 3 1 5 4 0 1 
Jibs_PC#3321682980264898560 move 8
Jibs_PC#3321682980264898560 attack 41 40
Jibs_PC#3321682980264898560 roll 3
Jibs_PC#3321682980264898560 roll 1
DICE 3 1 5 4 2 2 
Jibs_PC#3321682980264898560 move 5
Jibs_PC#3321682980264898560 attack 40 42
Jibs_PC#3321682980264898560 roll 3
Jibs_PC#3321682980264898560 roll 1
DICE 3 1 5 4 2 0 
Jibs_PC#3321682980264898560 move 3
Jibs_PC#3321682980264898560 endattack
Jibs_PC#3321682980264898560 movearmies 42 40 1
CARD 2
Jibs_PC#3321682980264898560 trade 21 42 14
Jibs_PC#3321682980264898560 placearmies 10 1
Jibs_PC#3321682980264898560 placearmies 10 6
Jibs_PC#3321682980264898560 attack 10 12
Jibs_PC#3321682980264898560 roll 3
Jibs_PC#3321682980264898560 roll 2
DICE 3 2 4 3 0 5 3 
Jibs_PC#3321682980264898560 roll 3
Jibs_PC#3321682980264898560 roll 2
DICE 3 2 5 0 0 3 2 
Jibs_PC#3321682980264898560 retreat
Jibs_PC#3321682980264898560 attack 10 11
Jibs_PC#3321682980264898560 roll 3
Jibs_PC#3321682980264898560 roll 1
DICE 3 1 5 2 0 0 
Jibs_PC#3321682980264898560 move 6
Jibs_PC#3321682980264898560 attack 11 12
Jibs_PC#3321682980264898560 roll 3
Jibs_PC#3321682980264898560 roll 2
DICE 3 2 5 2 1 4 1 
Jibs_PC#3321682980264898560 move 5
Jibs_PC#3321682980264898560 attack 12 21
Jibs_PC#3321682980264898560 roll 3
Jibs_PC#3321682980264898560 roll 2
DICE 3 2 5 4 3 5 3 
Jibs_PC#3321682980264898560 roll 3
Jibs_PC#3321682980264898560 roll 2
DICE 3 2 5 4 2 4 2 
Jibs_PC#3321682980264898560 attack 21 24
Jibs_PC#3321682980264898560 roll 2
Jibs_PC#3321682980264898560 roll 1
DICE 2 1 5 4 2 
Jibs_PC#3321682980264898560 endattack
Jibs_PC#3321682980264898560 nomove
CARD 36
Jibs_PC#3321682980264898560 placearmies 7 3
Jibs_PC#3321682980264898560 placearmies 7 1
Jibs_PC#3321682980264898560 attack 7 6
Jibs_PC#3321682980264898560 roll 3
Jibs_PC#3321682980264898560 roll 1
DICE 3 1 3 2 1 3 
Jibs_PC#3321682980264898560 roll 3
Jibs_PC#3321682980264898560 roll 1
DICE 3 1 5 3 0 5 
Jibs_PC#3321682980264898560 roll 3
Jibs_PC#3321682980264898560 roll 1
DICE 3 1 4 3 2 5 
Jibs_PC#3321682980264898560 roll 2
Jibs_PC#3321682980264898560 roll 1
DICE 2 1 4 3 4 
Jibs_PC#3321682980264898560 retreat
Jibs_PC#3321682980264898560 attack 34 27
Jibs_PC#3321682980264898560 roll 3
Jibs_PC#3321682980264898560 roll 2
DICE 3 2 5 2 0 4 2 
Jibs_PC#3321682980264898560 roll 3
Jibs_PC#3321682980264898560 roll 2
DICE 3 2 4 4 2 5 1 
Jibs_PC#3321682980264898560 retreat
Jibs_PC#3321682980264898560 attack 34 27
Jibs_PC#3321682980264898560 roll 2
Jibs_PC#3321682980264898560 roll 2
DICE 2 2 5 1 4 0 
Jibs_PC#3321682980264898560 endattack
Jibs_PC#3321682980264898560 nomove
CARD wildcard
Jibs_PC#3321682980264898560 trade 16 8 41
Jibs_PC#3321682980264898560 placearmies 20 12
Jibs_PC#3321682980264898560 attack 20 21
Jibs_PC#3321682980264898560 roll 3
Jibs_PC#3321682980264898560 roll 1
DICE 3 1 3 2 0 2 
Jibs_PC#3321682980264898560 move 13
Jibs_PC#3321682980264898560 attack 21 12
Jibs_PC#3321682980264898560 roll 3
Jibs_PC#3321682980264898560 roll 1
DICE 3 1 4 2 0 0 
Jibs_PC#3321682980264898560 move 12
Jibs_PC#3321682980264898560 attack 12 13
Jibs_PC#3321682980264898560 roll 3
Jibs_PC#3321682980264898560 roll 1
DICE 3 1 3 2 1 0 
Jibs_PC#3321682980264898560 move 11
Jibs_PC#3321682980264898560 attack 13 11
Jibs_PC#3321682980264898560 roll 3
Jibs_PC#3321682980264898560 roll 1
DICE 3 1 4 0 0 4 
Jibs_PC#3321682980264898560 roll 3
Jibs_PC#3321682980264898560 roll 1
DICE 3 1 1 0 0 0 
Jibs_PC#3321682980264898560 move 9
Jibs_PC#3321682980264898560 attack 11 10
Jibs_PC#3321682980264898560 roll 3
Jibs_PC#3321682980264898560 roll 1
DICE 3 1 4 2 0 4 
Jibs_PC#3321682980264898560 roll 3
Jibs_PC#3321682980264898560 roll 1
DICE 3 1 4 2 0 0 
Jibs_PC#3321682980264898560 move 7
Jibs_PC#3321682980264898560 attack 10 5
Jibs_PC#3321682980264898560 roll 3
Jibs_PC#3321682980264898560 roll 1
DICE 3 1 3 2 1 4 
Jibs_PC#3321682980264898560 roll 3
Jibs_PC#3321682980264898560 roll 1
DICE 3 1 4 0 0 3 
Jibs_PC#3321682980264898560 move 5
Jibs_PC#3321682980264898560 attack 16 28
Jibs_PC#3321682980264898560 roll 3
Jibs_PC#3321682980264898560 roll 1
DICE 3 1 5 1 0 3 
Jibs_PC#3321682980264898560 move 5
Jibs_PC#3321682980264898560 attack 28 29
Jibs_PC#3321682980264898560 roll 3
Jibs_PC#3321682980264898560 roll 1
DICE 3 1 4 3 2 3 
Jibs_PC#3321682980264898560 move 4
Jibs_PC#3321682980264898560 attack 5 9
Jibs_PC#3321682980264898560 roll 3
Jibs_PC#3321682980264898560 roll 1
DICE 3 1 4 3 3 5 
Jibs_PC#3321682980264898560 roll 3
Jibs_PC#3321682980264898560 roll 1
DICE 3 1 4 1 1 0 
Jibs_PC#3321682980264898560 endattack
Jibs_PC#3321682980264898560 movearmies 9 5 2
CARD 5
Jibs_PC#3321682980264898560 placearmies 32 3
Jibs_PC#3321682980264898560 placearmies 33 1
Jibs_PC#3321682980264898560 placearmies 33 1
Jibs_PC#3321682980264898560 attack 32 30
Jibs_PC#3321682980264898560 roll 3
Jibs_PC#3321682980264898560 roll 1
DICE 3 1 5 5 0 1 
Jibs_PC#3321682980264898560 endattack
Jibs_PC#3321682980264898560 movearmies 40 39 1
CARD 27
Jibs_PC#3321682980264898560 placearmies 14 1
Jibs_PC#3321682980264898560 placearmies 14 1
Jibs_PC#3321682980264898560 placearmies 14 1
Jibs_PC#3321682980264898560 attack 14 15
Jibs_PC#3321682980264898560 roll 3
Jibs_PC#3321682980264898560 roll 2
DICE 3 2 4 3 0 5 3 
Jibs_PC#3321682980264898560 roll 3
Jibs_PC#3321682980264898560 roll 2
DICE 3 2 3 3 1 5 0 
Jibs_PC#3321682980264898560 roll 2
Jibs_PC#3321682980264898560 roll 1
DICE 2 1 4 2 0 
Jibs_PC#3321682980264898560 endattack
Jibs_PC#3321682980264898560 nomove
CARD 22
Jibs_PC#3321682980264898560 trade 12 32 wildcard
Jibs_PC#3321682980264898560 placearmies 7 2
Jibs_PC#3321682980264898560 placearmies 7 11
Jibs_PC#3321682980264898560 placearmies 7 1
Jibs_PC#3321682980264898560 attack 7 9
Jibs_PC#3321682980264898560 roll 3
Jibs_PC#3321682980264898560 roll 1
DICE 3 1 4 2 1 1 
Jibs_PC#3321682980264898560 move 15
Jibs_PC#3321682980264898560 attack 9 5
Jibs_PC#3321682980264898560 roll 3
Jibs_PC#3321682980264898560 roll 2
DICE 3 2 5 2 2 1 0 
Jibs_PC#3321682980264898560 roll 3
Jibs_PC#3321682980264898560 roll 1
DICE 3 1 3 3 0 0 
Jibs_PC#3321682980264898560 move 14
Jibs_PC#3321682980264898560 attack 5 10
Jibs_PC#3321682980264898560 roll 3
Jibs_PC#3321682980264898560 roll 1
DICE 3 1 5 4 4 5 
Jibs_PC#3321682980264898560 roll 3
Jibs_PC#3321682980264898560 roll 1
DICE 3 1 5 4 0 1 
Jibs_PC#3321682980264898560 move 12
Jibs_PC#3321682980264898560 attack 10 12
Jibs_PC#3321682980264898560 roll 3
Jibs_PC#3321682980264898560 roll 1
DICE 3 1 5 4 4 4 
Jibs_PC#3321682980264898560 move 11
Jibs_PC#3321682980264898560 attack 12 13
Jibs_PC#3321682980264898560 roll 3
Jibs_PC#3321682980264898560 roll 1
DICE 3 1 5 3 1 0 
Jibs_PC#3321682980264898560 move 5
Jibs_PC#3321682980264898560 attack 12 11
Jibs_PC#3321682980264898560 roll 3
Jibs_PC#3321682980264898560 roll 1
DICE 3 1 4 3 2 2 
Jibs_PC#3321682980264898560 move 3
Jibs_PC#3321682980264898560 endattack
Jibs_PC#3321682980264898560 movearmies 11 12 2
CARD 29
Jibs_PC#3321682980264898560 placearmies 26 4
Jibs_PC#3321682980264898560 attack 26 24
Jibs_PC#3321682980264898560 roll 3
Jibs_PC#3321682980264898560 roll 2
DICE 3 2 3 2 1 2 0 
Jibs_PC#3321682980264898560 move 3
Jibs_PC#3321682980264898560 endattack
Jibs_PC#3321682980264898560 movearmies 24 21 2
CARD 23
Jibs_PC#3321682980264898560 placearmies 30 1
Jibs_PC#3321682980264898560 placearmies 33 1
Jibs_PC#3321682980264898560 placearmies 30 1
Jibs_PC#3321682980264898560 placearmies 30 2
Jibs_PC#3321682980264898560 attack 30 31
Jibs_PC#3321682980264898560 roll 3
Jibs_PC#3321682980264898560 roll 2
DICE 3 2 3 3 1 3 0 
Jibs_PC#3321682980264898560 roll 3
Jibs_PC#3321682980264898560 roll 1
DICE 3 1 5 2 1 1 
Jibs_PC#3321682980264898560 move 5
Jibs_PC#3321682980264898560 attack 31 22
Jibs_PC#3321682980264898560 roll 3
Jibs_PC#3321682980264898560 roll 1
DICE 3 1 5 1 1 2 
Jibs_PC#3321682980264898560 move 4
Jibs_PC#3321682980264898560 endattack
Jibs_PC#3321682980264898560 movearmies 22 31 3
CARD 31
Jibs_PC#3321682980264898560 trade 7 36 22
Jibs_PC#3321682980264898560 placearmies 15 2
Jibs_PC#3321682980264898560 placearmies 15 10
Jibs_PC#3321682980264898560 placearmies 15 1
Jibs_PC#3321682980264898560 attack 15 16
Jibs_PC#3321682980264898560 roll 3
Jibs_PC#3321682980264898560 roll 1
DICE 3 1 4 4 0 4 
Jibs_PC#3321682980264898560 roll 3
Jibs_PC#3321682980264898560 roll 1
DICE 3 1 4 3 3 3 
Jibs_PC#3321682980264898560 move 13
Jibs_PC#3321682980264898560 attack 16 18
Jibs_PC#3321682980264898560 roll 3
Jibs_PC#3321682980264898560 roll 1
DICE 3 1 4 4 3 5 
Jibs_PC#3321682980264898560 roll 3
Jibs_PC#3321682980264898560 roll 1
DICE 3 1 4 3 1 0 
Jibs_PC#3321682980264898560 move 11
Jibs_PC#3321682980264898560 attack 18 17
Jibs_PC#3321682980264898560 roll 3
Jibs_PC#3321682980264898560 roll 1
DICE 3 1 5 4 4 1 
Jibs_PC#3321682980264898560 move 10
Jibs_PC#3321682980264898560 attack 17 19
Jibs_PC#3321682980264898560 roll 3
Jibs_PC#3321682980264898560 roll 1
DICE 3 1 5 4 2 2 
Jibs_PC#3321682980264898560 move 9
Jibs_PC#3321682980264898560 attack 19 20
Jibs_PC#3321682980264898560 roll 3
Jibs_PC#3321682980264898560 roll 1
DICE 3 1 3 0 0 5 
Jibs_PC#3321682980264898560 roll 3
Jibs_PC#3321682980264898560 roll 1
DICE 3 1 3 2 2 4 
Jibs_PC#3321682980264898560 roll 3
Jibs_PC#3321682980264898560 roll 1
DICE 3 1 5 4 0 5 
Jibs_PC#3321682980264898560 roll 3
Jibs_PC#3321682980264898560 roll 1
DICE 3 1 2 2 1 1 
Jibs_PC#3321682980264898560 move 4
Jibs_PC#3321682980264898560 endattack
Jibs_PC#3321682980264898560 nomove
CARD 18
Jibs_PC#3321682980264898560 trade 19 24 29
Jibs_PC#3321682980264898560 placearmies 8 4
Jibs_PC#3321682980264898560 placearmies 2 4
Jibs_PC#3321682980264898560 placearmies 7 1
Jibs_PC#3321682980264898560 placearmies 36 1
Jibs_PC#3321682980264898560 placearmies 27 2
Jibs_PC#3321682980264898560 placearmies 36 2
Jibs_PC#3321682980264898560 placearmies 27 1
Jibs_PC#3321682980264898560 placearmies 12 3
Jibs_PC#3321682980264898560 attack 2 6
Jibs_PC#3321682980264898560 roll 3
Jibs_PC#3321682980264898560 roll 1
DICE 3 1 3 2 1 2 
Jibs_PC#3321682980264898560 move 4
Jibs_PC#3321682980264898560 attack 6 14
Jibs_PC#3321682980264898560 roll 3
Jibs_PC#3321682980264898560 roll 1
DICE 3 1 5 4 3 3 
Jibs_PC#3321682980264898560 attack 12 21
Jibs_PC#3321682980264898560 roll 3
Jibs_PC#3321682980264898560 roll 2
DICE 3 2 4 2 0 3 1 
Jibs_PC#3321682980264898560 roll 3
Jibs_PC#3321682980264898560 roll 1
DICE 3 1 5 4 0 1 
Jibs_PC#3321682980264898560 move 7
Jibs_PC#3321682980264898560 attack 21 24
Jibs_PC#3321682980264898560 roll 3
Jibs_PC#3321682980264898560 roll 1
DICE 3 1 5 4 1 4 
Jibs_PC#3321682980264898560 move 5
Jibs_PC#3321682980264898560 attack 27 28
Jibs_PC#3321682980264898560 roll 3
Jibs_PC#3321682980264898560 roll 1
DICE 3 1 2 1 0 1 
Jibs_PC#3321682980264898560 move 3
Jibs_PC#3321682980264898560 attack 24 25
Jibs_PC#3321682980264898560 roll 3
Jibs_PC#3321682980264898560 roll 1
DICE 3 1 2 0 0 0 
Jibs_PC#3321682980264898560 move 4
Jibs_PC#3321682980264898560 endattack
Jibs_PC#3321682980264898560 movearmies 28 27 2
CARD 13
Jibs_PC#3321682980264898560 placearmies 26 3
Jibs_PC#3321682980264898560 attack 26 24
Jibs_PC#3321682980264898560 roll 3
Jibs_PC#3321682980264898560 roll 1
DICE 3 1 5 2 0 5 
Jibs_PC#3321682980264898560 roll 3
Jibs_PC#3321682980264898560 roll 1
DICE 3 1 3 1 0 0 
Jibs_PC#3321682980264898560 endattack
Jibs_PC#3321682980264898560 nomove
CARD 15
Jibs_PC#3321682980264898560 trade 2 27 31
Jibs_PC#3321682980264898560 placearmies 31 12
Jibs_PC#3321682980264898560 placearmies 31 1
Jibs_PC#3321682980264898560 attack 31 16
Jibs_PC#3321682980264898560 roll 3
Jibs_PC#3321682980264898560 roll 1
DICE 3 1 3 2 2 0 
Jibs_PC#3321682980264898560 move 18
Jibs_PC#3321682980264898560 attack 16 15
Jibs_PC#3321682980264898560 roll 3
Jibs_PC#3321682980264898560 roll 1
DICE 3 1 3 2 2 5 
Jibs_PC#3321682980264898560 roll 3
Jibs_PC#3321682980264898560 roll 1
DICE 3 1 4 4 3 5 
Jibs_PC#3321682980264898560 roll 3
Jibs_PC#3321682980264898560 roll 1
DICE 3 1 4 3 3 0 
Jibs_PC#3321682980264898560 move 15
Jibs_PC#3321682980264898560 attack 15 14
Jibs_PC#3321682980264898560 roll 3
Jibs_PC#3321682980264898560 roll 2
DICE 3 2 3 0 0 5 3 
Jibs_PC#3321682980264898560 roll 3
Jibs_PC#3321682980264898560 roll 2
DICE 3 2 5 0 0 1 1 
Jibs_PC#3321682980264898560 roll 3
Jibs_PC#3321682980264898560 roll 2
DICE 3 2 5 2 1 5 1 
Jibs_PC#3321682980264898560 roll 3
Jibs_PC#3321682980264898560 roll 1
DICE 3 1 2 1 1 4 
Jibs_PC#3321682980264898560 roll 3
Jibs_PC#3321682980264898560 roll 1
DICE 3 1 5 1 0 4 
Jibs_PC#3321682980264898560 move 9
Jibs_PC#3321682980264898560 attack 14 6
Jibs_PC#3321682980264898560 roll 3
Jibs_PC#3321682980264898560 roll 1
DICE 3 1 5 3 2 2 
Jibs_PC#3321682980264898560 move 8
Jibs_PC#3321682980264898560 attack 6 7
Jibs_PC#3321682980264898560 roll 3
Jibs_PC#3321682980264898560 roll 2
DICE 3 2 5 4 0 1 0 
Jibs_PC#3321682980264898560 move 7
Jibs_PC#3321682980264898560 attack 7 9
Jibs_PC#3321682980264898560 roll 3
Jibs_PC#3321682980264898560 roll 1
DICE 3 1 4 2 0 0 
Jibs_PC#3321682980264898560 move 6
Jibs_PC#3321682980264898560 attack 9 5
Jibs_PC#3321682980264898560 roll 3
Jibs_PC#3321682980264898560 roll 1
DICE 3 1 1 1 0 2 
Jibs_PC#3321682980264898560 roll 3
Jibs_PC#3321682980264898560 roll 1
DICE 3 1 5 4 2 2 
Jibs_PC#3321682980264898560 move 4
Jibs_PC#3321682980264898560 attack 5 10
Jibs_PC#3321682980264898560 roll 3
Jibs_PC#3321682980264898560 roll 1
DICE 3 1 4 1 1 4 
Jibs_PC#3321682980264898560 roll 2
Jibs_PC#3321682980264898560 roll 1
DICE 2 1 3 1 2 
Jibs_PC#3321682980264898560 endattack
Jibs_PC#3321682980264898560 movearmies 33 39 3
CARD 37
Jibs_PC#3321682980264898560 placearmies 20 3
Jibs_PC#3321682980264898560 attack 20 16
Jibs_PC#3321682980264898560 roll 3
Jibs_PC#3321682980264898560 roll 1
DICE 3 1 5 2 1 0 
Jibs_PC#3321682980264898560 move 6
Jibs_PC#3321682980264898560 attack 16 15
Jibs_PC#3321682980264898560 roll 3
Jibs_PC#3321682980264898560 roll 1
DICE 3 1 5 4 1 0 
Jibs_PC#3321682980264898560 move 5
Jibs_PC#3321682980264898560 attack 15 14
Jibs_PC#3321682980264898560 roll 3
Jibs_PC#3321682980264898560 roll 1
DICE 3 1 5 4 0 0 
Jibs_PC#3321682980264898560 move 4
Jibs_PC#3321682980264898560 endattack
Jibs_PC#3321682980264898560 nomove
CARD 1
Jibs_PC#3321682980264898560 placearmies 8 3
Jibs_PC#3321682980264898560 placearmies 8 2
Jibs_PC#3321682980264898560 attack 8 6
Jibs_PC#3321682980264898560 roll 3
Jibs_PC#3321682980264898560 roll 1
DICE 3 1 5 4 2 0 
Jibs_PC#3321682980264898560 move 9
Jibs_PC#3321682980264898560 attack 6 14
Jibs_PC#3321682980264898560 roll 3
Jibs_PC#3321682980264898560 roll 2
DICE 3 2 3 1 1 5 4 
Jibs_PC#3321682980264898560 roll 3
Jibs_PC#3321682980264898560 roll 2
DICE 3 2 2 1 0 4 3 
Jibs_PC#3321682980264898560 retreat
Jibs_PC#3321682980264898560 attack 6 7
Jibs_PC#3321682980264898560 roll 3
Jibs_PC#3321682980264898560 roll 1
DICE 3 1 2 1 1 3 
Jibs_PC#3321682980264898560 roll 3
Jibs_PC#3321682980264898560 roll 1
DICE 3 1 5 3 0 5 
Jibs_PC#3321682980264898560 roll 2
Jibs_PC#3321682980264898560 roll 1
DICE 2 1 3 1 4 
Jibs_PC#3321682980264898560 retreat
Jibs_PC#3321682980264898560 endattack
Jibs_PC#3321682980264898560 movearmies 13 12 4
CARD 40
Jibs_PC#3321682980264898560 trade 35 5 15
Jibs_PC#3321682980264898560 placearmies 24 6
Jibs_PC#3321682980264898560 placearmies 24 5
Jibs_PC#3321682980264898560 placearmies 24 2
Jibs_PC#3321682980264898560 attack 24 25
Jibs_PC#3321682980264898560 roll 3
Jibs_PC#3321682980264898560 roll 2
DICE 3 2 5 3 1 2 0 
Jibs_PC#3321682980264898560 roll 3
Jibs_PC#3321682980264898560 roll 2
DICE 3 2 5 5 4 5 2 
Jibs_PC#3321682980264898560 roll 3
Jibs_PC#3321682980264898560 roll 1
DICE 3 1 5 4 2 3 
Jibs_PC#3321682980264898560 move 3
Jibs_PC#3321682980264898560 attack 24 21
Jibs_PC#3321682980264898560 roll 3
Jibs_PC#3321682980264898560 roll 2
DICE 3 2 5 0 0 4 2 
Jibs_PC#3321682980264898560 roll 3
Jibs_PC#3321682980264898560 roll 1
DICE 3 1 4 0 0 3 
Jibs_PC#3321682980264898560 move 10
Jibs_PC#3321682980264898560 attack 21 12
Jibs_PC#3321682980264898560 roll 3
Jibs_PC#3321682980264898560 roll 2
DICE 3 2 3 2 0 2 1 
Jibs_PC#3321682980264898560 roll 3
Jibs_PC#3321682980264898560 roll 2
DICE 3 2 4 3 0 3 0 
Jibs_PC#3321682980264898560 roll 3
Jibs_PC#3321682980264898560 roll 1
DICE 3 1 4 2 1 4 
Jibs_PC#3321682980264898560 roll 3
Jibs_PC#3321682980264898560 roll 1
DICE 3 1 4 3 1 3 
Jibs_PC#3321682980264898560 move 8
Jibs_PC#3321682980264898560 attack 12 10
Jibs_PC#3321682980264898560 roll 3
Jibs_PC#3321682980264898560 roll 2
DICE 3 2 2 2 2 4 0 
Jibs_PC#3321682980264898560 roll 3
Jibs_PC#3321682980264898560 roll 1
DICE 3 1 4 4 2 3 
Jibs_PC#3321682980264898560 move 6
Jibs_PC#3321682980264898560 attack 10 11
Jibs_PC#3321682980264898560 roll 3
Jibs_PC#3321682980264898560 roll 1
DICE 3 1 3 3 0 4 
Jibs_PC#3321682980264898560 roll 3
Jibs_PC#3321682980264898560 roll 1
DICE 3 1 5 2 0 5 
Jibs_PC#3321682980264898560 roll 3
Jibs_PC#3321682980264898560 roll 1
DICE 3 1 5 3 2 2 
Jibs_PC#3321682980264898560 attack 11 13
Jibs_PC#3321682980264898560 roll 2
Jibs_PC#3321682980264898560 roll 1
DICE 2 1 4 0 1 
Jibs_PC#3321682980264898560 endattack
Jibs_PC#3321682980264898560 movearmies 25 24 2
CARD 30
Jibs_PC#3321682980264898560 placearmies 7 4
Jibs_PC#3321682980264898560 placearmies 33 1
Jibs_PC#3321682980264898560 placearmies 33 1
Jibs_PC#3321682980264898560 attack 7 8
Jibs_PC#3321682980264898560 roll 3
Jibs_PC#3321682980264898560 roll 1
DICE 3 1 4 3 3 0 
Jibs_PC#3321682980264898560 move 4
Jibs_PC#3321682980264898560 endattack
Jibs_PC#3321682980264898560 movearmies 39 33 4
CARD 3
Jibs_PC#3321682980264898560 placearmies 14 1
Jibs_PC#3321682980264898560 placearmies 16 1
Jibs_PC#3321682980264898560 placearmies 20 1
Jibs_PC#3321682980264898560 placearmies 14 4
Jibs_PC#3321682980264898560 placearmies 14 1
Jibs_PC#3321682980264898560 attack 14 6
Jibs_PC#3321682980264898560 roll 3
Jibs_PC#3321682980264898560 roll 2
DICE 3 2 4 3 0 5 3 
Jibs_PC#3321682980264898560 roll 3
Jibs_PC#3321682980264898560 roll 2
DICE 3 2 5 5 3 5 3 
Jibs_PC#3321682980264898560 roll 3
Jibs_PC#3321682980264898560 roll 1
DICE 3 1 5 4 2 5 
Jibs_PC#3321682980264898560 roll 3
Jibs_PC#3321682980264898560 roll 1
DICE 3 1 5 3 2 2 
Jibs_PC#3321682980264898560 move 5
Jibs_PC#3321682980264898560 endattack
Jibs_PC#3321682980264898560 nomove
CARD wildcard
Jibs_PC#3321682980264898560 placearmies 28 3
Jibs_PC#3321682980264898560 attack 28 16
Jibs_PC#3321682980264898560 roll 3
Jibs_PC#3321682980264898560 roll 2
DICE 3 2 5 4 1 2 1 
Jibs_PC#3321682980264898560 attack 16 31
Jibs_PC#3321682980264898560 roll 2
Jibs_PC#3321682980264898560 roll 1
DICE 2 1 5 0 0 
Jibs_PC#3321682980264898560 endattack
Jibs_PC#3321682980264898560 nomove
CARD 17
Jibs_PC#3321682980264898560 placearmies 10 1
Jibs_PC#3321682980264898560 placearmies 21 1
Jibs_PC#3321682980264898560 placearmies 24 2
Jibs_PC#3321682980264898560 placearmies 24 1
Jibs_PC#3321682980264898560 attack 24 22
Jibs_PC#3321682980264898560 roll 3
Jibs_PC#3321682980264898560 roll 1
DICE 3 1 3 0 0 0 
Jibs_PC#3321682980264898560 move 5
Jibs_PC#3321682980264898560 endattack
Jibs_PC#3321682980264898560 nomove
CARD 2
Jibs_PC#3321682980264898560 placearmies 7 4
Jibs_PC#3321682980264898560 placearmies 33 1
Jibs_PC#3321682980264898560 attack 7 4
Jibs_PC#3321682980264898560 roll 3
Jibs_PC#3321682980264898560 roll 1
DICE 3 1 5 3 0 0 
Jibs_PC#3321682980264898560 move 4
Jibs_PC#3321682980264898560 attack 4 3
Jibs_PC#3321682980264898560 roll 3
Jibs_PC#3321682980264898560 roll 1
DICE 3 1 4 3 1 4 
Jibs_PC#3321682980264898560 roll 2
Jibs_PC#3321682980264898560 roll 1
DICE 2 1 5 2 4 
Jibs_PC#3321682980264898560 attack 33 29
Jibs_PC#3321682980264898560 roll 3
Jibs_PC#3321682980264898560 roll 2
DICE 3 2 4 3 1 3 3 
Jibs_PC#3321682980264898560 roll 3
Jibs_PC#3321682980264898560 roll 2
DICE 3 2 5 5 2 5 1 
Jibs_PC#3321682980264898560 roll 3
Jibs_PC#3321682980264898560 roll 2
DICE 3 2 5 4 0 5 5 
Jibs_PC#3321682980264898560 roll 3
Jibs_PC#3321682980264898560 roll 2
DICE 3 2 4 1 1 2 2 
Jibs_PC#3321682980264898560 roll 2
Jibs_PC#3321682980264898560 roll 1
DICE 2 1 1 0 0 
Jibs_PC#3321682980264898560 endattack
Jibs_PC#3321682980264898560 movearmies 41 39 1
CARD 4
Jibs_PC#3321682980264898560 trade 11 1 wildcard
Jibs_PC#3321682980264898560 placearmies 20 3
Jibs_PC#3321682980264898560 placearmies 20 9
Jibs_PC#3321682980264898560 placearmies 20 1
Jibs_PC#3321682980264898560 attack 20 31
Jibs_PC#3321682980264898560 roll 3
Jibs_PC#3321682980264898560 roll 2
DICE 3 2 4 4 1 2 2 
Jibs_PC#3321682980264898560 move 14
Jibs_PC#3321682980264898560 attack 31 32
Jibs_PC#3321682980264898560 roll 3
Jibs_PC#3321682980264898560 roll 1
DICE 3 1 5 4 2 0 
Jibs_PC#3321682980264898560 move 13
Jibs_PC#3321682980264898560 attack 32 33
Jibs_PC#3321682980264898560 roll 3
Jibs_PC#3321682980264898560 roll 1
DICE 3 1 4 0 0 3 
Jibs_PC#3321682980264898560 move 12
Jibs_PC#3321682980264898560 attack 33 39
Jibs_PC#3321682980264898560 roll 3
Jibs_PC#3321682980264898560 roll 2
DICE 3 2 2 2 0 5 3 
Jibs_PC#3321682980264898560 roll 3
Jibs_PC#3321682980264898560 roll 2
DICE 3 2 5 3 0 4 1 
Jibs_PC#3321682980264898560 move 9
Jibs_PC#3321682980264898560 attack 39 41
Jibs_PC#3321682980264898560 roll 3
Jibs_PC#3321682980264898560 roll 2
DICE 3 2 5 4 2 5 4 
Jibs_PC#3321682980264898560 roll 3
Jibs_PC#3321682980264898560 roll 2
DICE 3 2 3 3 0 5 3 
Jibs_PC#3321682980264898560 retreat
Jibs_PC#3321682980264898560 attack 6 7
Jibs_PC#3321682980264898560 roll 3
Jibs_PC#3321682980264898560 roll 1
DICE 3 1 4 4 4 1 
Jibs_PC#3321682980264898560 move 4
Jibs_PC#3321682980264898560 attack 39 41
Jibs_PC#3321682980264898560 roll 3
Jibs_PC#3321682980264898560 roll 2
DICE 3 2 3 2 2 2 2 
Jibs_PC#3321682980264898560 roll 3
Jibs_PC#3321682980264898560 roll 1
DICE 3 1 2 1 0 5 
Jibs_PC#3321682980264898560 retreat
Jibs_PC#3321682980264898560 endattack
Jibs_PC#3321682980264898560 nomove
CARD 27
Jibs_PC#3321682980264898560 placearmies 36 1
Jibs_PC#3321682980264898560 placearmies 36 1
Jibs_PC#3321682980264898560 placearmies 36 1
Jibs_PC#3321682980264898560 attack 36 29
Jibs_PC#3321682980264898560 roll 3
Jibs_PC#3321682980264898560 roll 2
DICE 3 2 4 4 1 3 1 
Jibs_PC#3321682980264898560 move 6
Jibs_PC#3321682980264898560 attack 29 33
Jibs_PC#3321682980264898560 roll 3
Jibs_PC#3321682980264898560 roll 1
DICE 3 1 5 4 2 2 
Jibs_PC#3321682980264898560 move 5
Jibs_PC#3321682980264898560 attack 33 32
Jibs_PC#3321682980264898560 roll 3
Jibs_PC#3321682980264898560 roll 1
DICE 3 1 5 2 0 1 
Jibs_PC#3321682980264898560 move 4
Jibs_PC#3321682980264898560 attack 32 31
Jibs_PC#3321682980264898560 roll 3
Jibs_PC#3321682980264898560 roll 1
DICE 3 1 5 2 1 5 
Jibs_PC#3321682980264898560 roll 2
Jibs_PC#3321682980264898560 roll 1
DICE 2 1 3 3 5 
Jibs_PC#3321682980264898560 retreat
Jibs_PC#3321682980264898560 endattack
Jibs_PC#3321682980264898560 movearmies 27 29 3
CARD 32
Jibs_PC#3321682980264898560 trade 23 30 2
Jibs_PC#3321682980264898560 placearmies 22 15
Jibs_PC#3321682980264898560 placearmies 22 3
Jibs_PC#3321682980264898560 attack 22 20
Jibs_PC#3321682980264898560 roll 3
Jibs_PC#3321682980264898560 roll 1
DICE 3 1 5 5 4 2 
Jibs_PC#3321682980264898560 move 21
Jibs_PC#3321682980264898560 attack 20 19
Jibs_PC#3321682980264898560 roll 3
Jibs_PC#3321682980264898560 roll 2
DICE 3 2 5 4 3 4 2 
Jibs_PC#3321682980264898560 move 19
Jibs_PC#3321682980264898560 attack 19 18
Jibs_PC#3321682980264898560 roll 3
Jibs_PC#3321682980264898560 roll 1
DICE 3 1 5 2 0 3 
Jibs_PC#3321682980264898560 move 17
Jibs_PC#3321682980264898560 attack 18 17
Jibs_PC#3321682980264898560 roll 3
Jibs_PC#3321682980264898560 roll 1
DICE 3 1 3 2 0 3 
Jibs_PC#3321682980264898560 roll 3
Jibs_PC#3321682980264898560 roll 1
DICE 3 1 1 0 0 2 
Jibs_PC#3321682980264898560 roll 3
Jibs_PC#3321682980264898560 roll 1
DICE 3 1 4 3 0 5 
Jibs_PC#3321682980264898560 roll 3
Jibs_PC#3321682980264898560 roll 1
DICE 3 1 5 3 3 0 
Jibs_PC#3321682980264898560 move 12
Jibs_PC#3321682980264898560 attack 17 15
Jibs_PC#3321682980264898560 roll 3
Jibs_PC#3321682980264898560 roll 1
DICE 3 1 5 4 0 3 
Jibs_PC#3321682980264898560 move 10
Jibs_PC#3321682980264898560 attack 15 16
Jibs_PC#3321682980264898560 roll 3
Jibs_PC#3321682980264898560 roll 1
DICE 3 1 4 3 2 2 
Jibs_PC#3321682980264898560 move 8
Jibs_PC#3321682980264898560 attack 16 31
Jibs_PC#3321682980264898560 roll 3
Jibs_PC#3321682980264898560 roll 1
DICE 3 1 5 5 1 3 
Jibs_PC#3321682980264898560 move 6
Jibs_PC#3321682980264898560 attack 31 32
Jibs_PC#3321682980264898560 roll 3
Jibs_PC#3321682980264898560 roll 2
DICE 3 2 4 1 1 0 0 
Jibs_PC#3321682980264898560 move 4
Jibs_PC#3321682980264898560 endattack
Jibs_PC#3321682980264898560 movearmies 32 31 3
CARD 41
Jibs_PC#3321682980264898560 trade 37 3 4
Jibs_PC#3321682980264898560 placearmies 5 5
Jibs_PC#3321682980264898560 placearmies 8 1
Jibs_PC#3321682980264898560 placearmies 5 1
Jibs_PC#3321682980264898560 attack 5 10
Jibs_PC#3321682980264898560 roll 3
Jibs_PC#3321682980264898560 roll 2
DICE 3 2 3 2 1 3 1 
Jibs_PC#3321682980264898560 roll 3
Jibs_PC#3321682980264898560 roll 1
DICE 3 1 3 2 0 4 
Jibs_PC#3321682980264898560 roll 3
Jibs_PC#3321682980264898560 roll 1
DICE 3 1 5 4 0 1 
Jibs_PC#3321682980264898560 move 4
Jibs_PC#3321682980264898560 attack 10 12
Jibs_PC#3321682980264898560 roll 3
Jibs_PC#3321682980264898560 roll 1
DICE 3 1 5 4 2 4 
Jibs_PC#3321682980264898560 attack 12 11
Jibs_PC#3321682980264898560 roll 2
Jibs_PC#3321682980264898560 roll 1
DICE 2 1 1 0 0 
Jibs_PC#3321682980264898560 attack 8 6
Jibs_PC#3321682980264898560 roll 3
Jibs_PC#3321682980264898560 roll 1
DICE 3 1 5 5 2 4 
Jibs_PC#3321682980264898560 move 4
Jibs_PC#3321682980264898560 attack 3 2
Jibs_PC#3321682980264898560 roll 3
Jibs_PC#3321682980264898560 roll 1
DICE 3 1 5 3 2 3 
Jibs_PC#3321682980264898560 attack 2 1
Jibs_PC#3321682980264898560 roll 2
Jibs_PC#3321682980264898560 roll 1
DICE 2 1 4 3 5 
Jibs_PC#3321682980264898560 retreat
Jibs_PC#3321682980264898560 endattack
Jibs_PC#3321682980264898560 movearmies 42 40 1
CARD 9
Jibs_PC#3321682980264898560 placearmies 39 2
Jibs_PC#3321682980264898560 placearmies 39 1
Jibs_PC#3321682980264898560 attack 39 40
Jibs_PC#3321682980264898560 roll 3
Jibs_PC#3321682980264898560 roll 2
DICE 3 2 5 4 2 3 2 
Jibs_PC#3321682980264898560 roll 3
Jibs_PC#3321682980264898560 roll 1
DICE 3 1 5 3 3 1 
Jibs_PC#3321682980264898560 move 5
Jibs_PC#3321682980264898560 attack 40 41
Jibs_PC#3321682980264898560 roll 3
Jibs_PC#3321682980264898560 roll 1
DICE 3 1 5 5 3 2 
Jibs_PC#3321682980264898560 move 4
Jibs_PC#3321682980264898560 attack 41 42
Jibs_PC#3321682980264898560 roll 3
Jibs_PC#3321682980264898560 roll 1
DICE 3 1 5 1 0 2 
Jibs_PC#3321682980264898560 endattack
Jibs_PC#3321682980264898560 movearmies 42 40 1
CARD wildcard
Jibs_PC#3321682980264898560 placearmies 29 3
Jibs_PC#3321682980264898560 attack 29 30
Jibs_PC#3321682980264898560 roll 3
Jibs_PC#3321682980264898560 roll 1
DICE 3 1 2 1 1 3 
Jibs_PC#3321682980264898560 roll 3
Jibs_PC#3321682980264898560 roll 1
DICE 3 1 3 3 1 0 
Jibs_PC#3321682980264898560 move 5
Jibs_PC#3321682980264898560 attack 30 32
Jibs_PC#3321682980264898560 roll 3
Jibs_PC#3321682980264898560 roll 1
DICE 3 1 4 3 0 5 
Jibs_PC#3321682980264898560 roll 3
Jibs_PC#3321682980264898560 roll 1
DICE 3 1 5 4 0 4 
Jibs_PC#3321682980264898560 endattack
Jibs_PC#3321682980264898560 nomove
CARD 7
Jibs_PC#3321682980264898560 placearmies 17 3
Jibs_PC#3321682980264898560 placearmies 21 3
Jibs_PC#3321682980264898560 placearmies 17 1
Jibs_PC#3321682980264898560 attack 17 14
Jibs_PC#3321682980264898560 roll 3
Jibs_PC#3321682980264898560 roll 1
DICE 3 1 5 4 1 4 
Jibs_PC#3321682980264898560 move 5
Jibs_PC#3321682980264898560 attack 21 12
Jibs_PC#3321682980264898560 roll 3
Jibs_PC#3321682980264898560 roll 1
DICE 3 1 5 4 2 0 
Jibs_PC#3321682980264898560 move 4
Jibs_PC#3321682980264898560 attack 12 11
Jibs_PC#3321682980264898560 roll 3
Jibs_PC#3321682980264898560 roll 2
DICE 3 2 5 3 1 0 0 
Jibs_PC#3321682980264898560 attack 11 10
Jibs_PC#3321682980264898560 roll 2
Jibs_PC#3321682980264898560 roll 1
DICE 2 1 1 0 0 
