Jibs_PC#4421988884721826816 newplayer ai hard green s0914007
Jibs_PC#4421988884721826816 newplayer ai hard blue bob
Jibs_PC#4421988884721826816 newplayer ai hard red fred
Jibs_PC#4421988884721826816 newplayer ai hard cyan ted
Jibs_PC#4421988884721826816 newplayer ai hard magenta yura
Jibs_PC#4421988884721826816 newplayer ai hard yellow lala
Jibs_PC#4421988884721826816 startgame mission fixed autoplaceall recycle
PLAYER lala
MISSION 1 0 0 1 0 0
PLACEALL 2 16 8 12 10 17 9 30 35 11 20 15 41 14 42 22 38 7 25 33 18 21 27 32 24 31 13 26 39 36 3 34 1 37 4 19 29 23 6 40 28 5
Jibs_PC#4421988884721826816 placearmies 9 1
CARD 
Jibs_PC#4421988884721826816 placearmies 33 1
CARD 
Jibs_PC#4421988884721826816 placearmies 13 1
CARD 
Jibs_PC#4421988884721826816 placearmies 26 1
CARD 
Jibs_PC#4421988884721826816 placearmies 39 1
CARD 
Jibs_PC#4421988884721826816 placearmies 5 1
CARD 
Jibs_PC#4421988884721826816 placearmies 9 1
CARD 
Jibs_PC#4421988884721826816 placearmies 33 1
CARD 
Jibs_PC#4421988884721826816 placearmies 13 1
CARD 
Jibs_PC#4421988884721826816 placearmies 26 1
CARD 
Jibs_PC#4421988884721826816 placearmies 39 1
CARD 
Jibs_PC#4421988884721826816 placearmies 19 1
CARD 
Jibs_PC#4421988884721826816 placearmies 9 1
CARD 
Jibs_PC#4421988884721826816 placearmies 33 1
CARD 
Jibs_PC#4421988884721826816 placearmies 13 1
CARD 
Jibs_PC#4421988884721826816 placearmies 26 1
CARD 
Jibs_PC#4421988884721826816 placearmies 39 1
CARD 
Jibs_PC#4421988884721826816 placearmies 19 1
CARD 
Jibs_PC#4421988884721826816 placearmies 9 1
CARD 
Jibs_PC#4421988884721826816 placearmies 33 1
CARD 
Jibs_PC#4421988884721826816 placearmies 13 1
CARD 
Jibs_PC#4421988884721826816 placearmies 26 1
CARD 
Jibs_PC#4421988884721826816 placearmies 39 1
CARD 
Jibs_PC#4421988884721826816 placearmies 19 1
CARD 
Jibs_PC#4421988884721826816 placearmies 9 1
CARD 
Jibs_PC#4421988884721826816 placearmies 33 1
CARD 
Jibs_PC#4421988884721826816 placearmies 13 1
CARD 
Jibs_PC#4421988884721826816 placearmies 26 1
CARD 
Jibs_PC#4421988884721826816 placearmies 39 1
CARD 
Jibs_PC#4421988884721826816 placearmies 19 1
CARD 
Jibs_PC#4421988884721826816 placearmies 9 1
CARD 
Jibs_PC#4421988884721826816 placearmies 33 1
CARD 
Jibs_PC#4421988884721826816 placearmies 13 1
CARD 
Jibs_PC#4421988884721826816 placearmies 26 1
CARD 
Jibs_PC#4421988884721826816 placearmies 39 1
CARD 
Jibs_PC#4421988884721826816 placearmies 19 1
CARD 
Jibs_PC#4421988884721826816 placearmies 9 1
CARD 
Jibs_PC#4421988884721826816 placearmies 33 1
CARD 
Jibs_PC#4421988884721826816 placearmies 13 1
CARD 
Jibs_PC#4421988884721826816 placearmies 26 1
CARD 
Jibs_PC#4421988884721826816 placearmies 39 1
CARD 
Jibs_PC#4421988884721826816 placearmies 19 1
CARD 
Jibs_PC#4421988884721826816 placearmies 9 1
CARD 
Jibs_PC#4421988884721826816 placearmies 33 1
CARD 
Jibs_PC#4421988884721826816 placearmies 13 1
CARD 
Jibs_PC#4421988884721826816 placearmies 26 1
CARD 
Jibs_PC#4421988884721826816 placearmies 39 1
CARD 
Jibs_PC#4421988884721826816 placearmies 19 1
CARD 
Jibs_PC#4421988884721826816 placearmies 9 1
CARD 
Jibs_PC#4421988884721826816 placearmies 33 1
CARD 
Jibs_PC#4421988884721826816 placearmies 13 1
CARD 
Jibs_PC#4421988884721826816 placearmies 26 1
CARD 
Jibs_PC#4421988884721826816 placearmies 39 1
CARD 
Jibs_PC#4421988884721826816 placearmies 19 1
CARD 
Jibs_PC#4421988884721826816 placearmies 9 1
CARD 
Jibs_PC#4421988884721826816 placearmies 33 1
CARD 
Jibs_PC#4421988884721826816 placearmies 13 1
CARD 
Jibs_PC#4421988884721826816 placearmies 26 1
CARD 
Jibs_PC#4421988884721826816 placearmies 39 1
CARD 
Jibs_PC#4421988884721826816 placearmies 19 1
CARD 
Jibs_PC#4421988884721826816 placearmies 9 1
CARD 
Jibs_PC#4421988884721826816 placearmies 33 1
CARD 
Jibs_PC#4421988884721826816 placearmies 13 1
CARD 
Jibs_PC#4421988884721826816 placearmies 37 1
CARD 
Jibs_PC#4421988884721826816 placearmies 38 1
CARD 
Jibs_PC#4421988884721826816 placearmies 19 1
CARD 
Jibs_PC#4421988884721826816 placearmies 9 1
CARD 
Jibs_PC#4421988884721826816 placearmies 33 1
CARD 
Jibs_PC#4421988884721826816 placearmies 13 1
CARD 
Jibs_PC#4421988884721826816 placearmies 37 1
CARD 
Jibs_PC#4421988884721826816 placearmies 38 1
CARD 
Jibs_PC#4421988884721826816 placearmies 19 1
CARD 
Jibs_PC#4421988884721826816 placearmies 9 1
CARD 
Jibs_PC#4421988884721826816 placearmies 33 1
CARD 
Jibs_PC#4421988884721826816 placearmies 13 1
CARD 
Jibs_PC#4421988884721826816 placearmies 37 1
CARD 
Jibs_PC#4421988884721826816 placearmies 38 1
CARD 
Jibs_PC#4421988884721826816 placearmies 19 1
CARD 
Jibs_PC#4421988884721826816 placearmies 9 3
Jibs_PC#4421988884721826816 attack 9 4
Jibs_PC#4421988884721826816 roll 3
Jibs_PC#4421988884721826816 roll 1
DICE 3 1 2 1 0 4 
Jibs_PC#4421988884721826816 roll 3
Jibs_PC#4421988884721826816 roll 1
DICE 3 1 3 2 2 4 
Jibs_PC#4421988884721826816 roll 3
Jibs_PC#4421988884721826816 roll 1
DICE 3 1 5 3 1 0 
Jibs_PC#4421988884721826816 move 14
Jibs_PC#4421988884721826816 attack 4 5
Jibs_PC#4421988884721826816 roll 3
Jibs_PC#4421988884721826816 roll 2
DICE 3 2 5 1 1 3 3 
Jibs_PC#4421988884721826816 roll 3
Jibs_PC#4421988884721826816 roll 1
DICE 3 1 4 2 1 3 
Jibs_PC#4421988884721826816 move 12
Jibs_PC#4421988884721826816 endattack
Jibs_PC#4421988884721826816 nomove
CARD 5
Jibs_PC#4421988884721826816 placearmies 33 3
Jibs_PC#4421988884721826816 attack 33 39
Jibs_PC#4421988884721826816 roll 3
Jibs_PC#4421988884721826816 roll 2
DICE 3 2 1 1 0 5 4 
Jibs_PC#4421988884721826816 roll 3
Jibs_PC#4421988884721826816 roll 2
DICE 3 2 4 4 0 5 5 
Jibs_PC#4421988884721826816 roll 3
Jibs_PC#4421988884721826816 roll 2
DICE 3 2 1 1 0 5 3 
Jibs_PC#4421988884721826816 roll 3
Jibs_PC#4421988884721826816 roll 2
DICE 3 2 2 1 0 5 3 
Jibs_PC#4421988884721826816 roll 3
Jibs_PC#4421988884721826816 roll 2
DICE 3 2 5 4 2 5 5 
Jibs_PC#4421988884721826816 retreat
Jibs_PC#4421988884721826816 attack 33 29
Jibs_PC#4421988884721826816 roll 3
Jibs_PC#4421988884721826816 roll 1
DICE 3 1 4 3 2 1 
Jibs_PC#4421988884721826816 move 6
Jibs_PC#4421988884721826816 endattack
Jibs_PC#4421988884721826816 nomove
CARD 14
Jibs_PC#4421988884721826816 placearmies 42 3
Jibs_PC#4421988884721826816 attack 13 11
Jibs_PC#4421988884721826816 roll 3
Jibs_PC#4421988884721826816 roll 1
DICE 3 1 4 4 1 2 
Jibs_PC#4421988884721826816 move 13
Jibs_PC#4421988884721826816 attack 11 10
Jibs_PC#4421988884721826816 roll 3
Jibs_PC#4421988884721826816 roll 1
DICE 3 1 3 2 0 2 
Jibs_PC#4421988884721826816 move 12
Jibs_PC#4421988884721826816 attack 10 12
Jibs_PC#4421988884721826816 roll 3
Jibs_PC#4421988884721826816 roll 1
DICE 3 1 5 1 0 5 
Jibs_PC#4421988884721826816 roll 3
Jibs_PC#4421988884721826816 roll 1
DICE 3 1 4 2 0 3 
Jibs_PC#4421988884721826816 move 9
Jibs_PC#4421988884721826816 endattack
Jibs_PC#4421988884721826816 movearmies 12 10 3
CARD 13
Jibs_PC#4421988884721826816 placearmies 26 1
Jibs_PC#4421988884721826816 placearmies 26 1
Jibs_PC#4421988884721826816 placearmies 26 1
Jibs_PC#4421988884721826816 attack 26 24
Jibs_PC#4421988884721826816 roll 3
Jibs_PC#4421988884721826816 roll 1
DICE 3 1 4 1 0 2 
Jibs_PC#4421988884721826816 move 9
Jibs_PC#4421988884721826816 attack 24 23
Jibs_PC#4421988884721826816 roll 3
Jibs_PC#4421988884721826816 roll 1
DICE 3 1 5 1 0 0 
Jibs_PC#4421988884721826816 move 5
Jibs_PC#4421988884721826816 attack 26 25
Jibs_PC#4421988884721826816 roll 3
Jibs_PC#4421988884721826816 roll 1
DICE 3 1 3 2 0 4 
Jibs_PC#4421988884721826816 roll 3
Jibs_PC#4421988884721826816 roll 1
DICE 3 1 4 4 0 0 
Jibs_PC#4421988884721826816 endattack
Jibs_PC#4421988884721826816 movearmies 23 21 4
CARD 22
Jibs_PC#4421988884721826816 placearmies 39 3
Jibs_PC#4421988884721826816 attack 39 40
Jibs_PC#4421988884721826816 roll 3
Jibs_PC#4421988884721826816 roll 1
DICE 3 1 4 3 0 3 
Jibs_PC#4421988884721826816 move 13
Jibs_PC#4421988884721826816 attack 40 42
Jibs_PC#4421988884721826816 roll 3
Jibs_PC#4421988884721826816 roll 2
DICE 3 2 4 3 0 3 0 
Jibs_PC#4421988884721826816 roll 3
Jibs_PC#4421988884721826816 roll 2
DICE 3 2 5 5 5 5 0 
Jibs_PC#4421988884721826816 retreat
Jibs_PC#4421988884721826816 attack 40 41
Jibs_PC#4421988884721826816 roll 3
Jibs_PC#4421988884721826816 roll 1
DICE 3 1 4 3 1 0 
Jibs_PC#4421988884721826816 move 5
Jibs_PC#4421988884721826816 attack 40 42
Jibs_PC#4421988884721826816 roll 3
Jibs_PC#4421988884721826816 roll 1
DICE 3 1 3 2 0 5 
Jibs_PC#4421988884721826816 roll 3
Jibs_PC#4421988884721826816 roll 1
DICE 3 1 4 3 1 3 
Jibs_PC#4421988884721826816 move 3
Jibs_PC#4421988884721826816 endattack
Jibs_PC#4421988884721826816 movearmies 40 39 2
CARD 34
Jibs_PC#4421988884721826816 placearmies 19 3
Jibs_PC#4421988884721826816 attack 19 21
Jibs_PC#4421988884721826816 roll 3
Jibs_PC#4421988884721826816 roll 2
DICE 3 2 5 4 2 2 0 
Jibs_PC#4421988884721826816 roll 3
Jibs_PC#4421988884721826816 roll 2
DICE 3 2 3 2 0 1 0 
Jibs_PC#4421988884721826816 roll 3
Jibs_PC#4421988884721826816 roll 1
DICE 3 1 4 4 3 4 
Jibs_PC#4421988884721826816 roll 3
Jibs_PC#4421988884721826816 roll 1
DICE 3 1 5 3 0 2 
Jibs_PC#4421988884721826816 move 14
Jibs_PC#4421988884721826816 attack 21 12
Jibs_PC#4421988884721826816 roll 3
Jibs_PC#4421988884721826816 roll 2
DICE 3 2 4 2 0 4 2 
Jibs_PC#4421988884721826816 roll 3
Jibs_PC#4421988884721826816 roll 2
DICE 3 2 4 0 0 3 2 
Jibs_PC#4421988884721826816 roll 3
Jibs_PC#4421988884721826816 roll 2
DICE 3 2 5 4 1 1 1 
Jibs_PC#4421988884721826816 roll 3
Jibs_PC#4421988884721826816 roll 2
DICE 3 2 5 5 3 5 2 
Jibs_PC#4421988884721826816 roll 3
Jibs_PC#4421988884721826816 roll 2
DICE 3 2 5 3 0 4 2 
Jibs_PC#4421988884721826816 move 9
Jibs_PC#4421988884721826816 attack 12 10
Jibs_PC#4421988884721826816 roll 3
Jibs_PC#4421988884721826816 roll 2
DICE 3 2 4 4 0 2 1 
Jibs_PC#4421988884721826816 roll 3
Jibs_PC#4421988884721826816 roll 2
DICE 3 2 5 3 1 3 3 
Jibs_PC#4421988884721826816 roll 3
Jibs_PC#4421988884721826816 roll 2
DICE 3 2 4 3 0 2 0 
Jibs_PC#4421988884721826816 move 7
Jibs_PC#4421988884721826816 attack 10 11
Jibs_PC#4421988884721826816 roll 3
Jibs_PC#4421988884721826816 roll 1
DICE 3 1 5 4 2 0 
Jibs_PC#4421988884721826816 move 5
Jibs_PC#4421988884721826816 attack 11 13
Jibs_PC#4421988884721826816 roll 3
Jibs_PC#4421988884721826816 roll 1
DICE 3 1 4 0 0 3 
Jibs_PC#4421988884721826816 move 3
Jibs_PC#4421988884721826816 endattack
Jibs_PC#4421988884721826816 movearmies 11 10 1
CARD 31
Jibs_PC#4421988884721826816 placearmies 9 3
Jibs_PC#4421988884721826816 attack 9 8
Jibs_PC#4421988884721826816 roll 3
Jibs_PC#4421988884721826816 roll 1
DICE 3 1 1 0 0 0 
Jibs_PC#4421988884721826816 attack 8 6
Jibs_PC#4421988884721826816 roll 2
Jibs_PC#4421988884721826816 roll 1
DICE 2 1 5 4 4 
Jibs_PC#4421988884721826816 attack 5 10
Jibs_PC#4421988884721826816 roll 3
Jibs_PC#4421988884721826816 roll 2
DICE 3 2 3 2 1 0 0 
Jibs_PC#4421988884721826816 roll 3
Jibs_PC#4421988884721826816 roll 1
DICE 3 1 4 2 2 3 
Jibs_PC#4421988884721826816 move 11
Jibs_PC#4421988884721826816 attack 10 12
Jibs_PC#4421988884721826816 roll 3
Jibs_PC#4421988884721826816 roll 1
DICE 3 1 4 3 3 5 
Jibs_PC#4421988884721826816 roll 3
Jibs_PC#4421988884721826816 roll 1
DICE 3 1 3 3 0 4 
Jibs_PC#4421988884721826816 retreat
Jibs_PC#4421988884721826816 attack 10 12
Jibs_PC#4421988884721826816 roll 3
Jibs_PC#4421988884721826816 roll 1
DICE 3 1 3 1 1 3 
Jibs_PC#4421988884721826816 roll 3
Jibs_PC#4421988884721826816 roll 1
DICE 3 1 1 1 0 2 
Jibs_PC#4421988884721826816 roll 3
Jibs_PC#4421988884721826816 roll 1
DICE 3 1 2 1 1 5 
Jibs_PC#4421988884721826816 roll 3
Jibs_PC#4421988884721826816 roll 1
DICE 3 1 4 1 1 4 
Jibs_PC#4421988884721826816 roll 3
Jibs_PC#4421988884721826816 roll 1
DICE 3 1 3 2 2 2 
Jibs_PC#4421988884721826816 move 4
Jibs_PC#4421988884721826816 attack 12 11
Jibs_PC#4421988884721826816 roll 3
Jibs_PC#4421988884721826816 roll 1
DICE 3 1 5 3 1 2 
Jibs_PC#4421988884721826816 endattack
Jibs_PC#4421988884721826816 nomove
CARD 20
Jibs_PC#4421988884721826816 placearmies 29 2
Jibs_PC#4421988884721826816 placearmies 29 1
Jibs_PC#4421988884721826816 attack 29 36
Jibs_PC#4421988884721826816 roll 3
Jibs_PC#4421988884721826816 roll 1
DICE 3 1 1 1 0 0 
Jibs_PC#4421988884721826816 move 8
Jibs_PC#4421988884721826816 attack 36 37
Jibs_PC#4421988884721826816 roll 3
Jibs_PC#4421988884721826816 roll 2
DICE 3 2 5 4 0 5 5 
Jibs_PC#4421988884721826816 roll 3
Jibs_PC#4421988884721826816 roll 2
DICE 3 2 5 1 1 3 2 
Jibs_PC#4421988884721826816 roll 3
Jibs_PC#4421988884721826816 roll 2
DICE 3 2 5 2 0 3 2 
Jibs_PC#4421988884721826816 roll 3
Jibs_PC#4421988884721826816 roll 2
DICE 3 2 4 3 0 3 0 
Jibs_PC#4421988884721826816 endattack
Jibs_PC#4421988884721826816 nomove
CARD 35
Jibs_PC#4421988884721826816 placearmies 1 3
Jibs_PC#4421988884721826816 attack 1 3
Jibs_PC#4421988884721826816 roll 3
Jibs_PC#4421988884721826816 roll 1
DICE 3 1 1 1 0 3 
Jibs_PC#4421988884721826816 roll 2
Jibs_PC#4421988884721826816 roll 1
DICE 2 1 2 1 4 
Jibs_PC#4421988884721826816 retreat
Jibs_PC#4421988884721826816 endattack
Jibs_PC#4421988884721826816 nomove
CARD 
Jibs_PC#4421988884721826816 placearmies 24 1
Jibs_PC#4421988884721826816 placearmies 24 1
Jibs_PC#4421988884721826816 placearmies 24 1
Jibs_PC#4421988884721826816 attack 24 21
Jibs_PC#4421988884721826816 roll 3
Jibs_PC#4421988884721826816 roll 1
DICE 3 1 5 5 3 2 
Jibs_PC#4421988884721826816 move 6
Jibs_PC#4421988884721826816 endattack
Jibs_PC#4421988884721826816 movearmies 21 22 1
CARD 42
Jibs_PC#4421988884721826816 placearmies 38 5
Jibs_PC#4421988884721826816 attack 38 1
Jibs_PC#4421988884721826816 roll 3
Jibs_PC#4421988884721826816 roll 2
DICE 3 2 3 2 0 5 3 
Jibs_PC#4421988884721826816 roll 3
Jibs_PC#4421988884721826816 roll 2
DICE 3 2 5 3 0 3 1 
Jibs_PC#4421988884721826816 move 6
Jibs_PC#4421988884721826816 attack 1 3
Jibs_PC#4421988884721826816 roll 3
Jibs_PC#4421988884721826816 roll 1
DICE 3 1 5 3 1 5 
Jibs_PC#4421988884721826816 roll 3
Jibs_PC#4421988884721826816 roll 1
DICE 3 1 5 4 1 2 
Jibs_PC#4421988884721826816 move 4
Jibs_PC#4421988884721826816 endattack
Jibs_PC#4421988884721826816 movearmies 41 39 4
CARD 2
Jibs_PC#4421988884721826816 placearmies 13 1
Jibs_PC#4421988884721826816 placearmies 13 1
Jibs_PC#4421988884721826816 placearmies 19 1
Jibs_PC#4421988884721826816 attack 13 11
Jibs_PC#4421988884721826816 roll 3
Jibs_PC#4421988884721826816 roll 2
DICE 3 2 5 2 1 2 0 
Jibs_PC#4421988884721826816 roll 3
Jibs_PC#4421988884721826816 roll 1
DICE 3 1 5 2 2 0 
Jibs_PC#4421988884721826816 move 4
Jibs_PC#4421988884721826816 attack 11 10
Jibs_PC#4421988884721826816 roll 3
Jibs_PC#4421988884721826816 roll 1
DICE 3 1 1 1 0 1 
Jibs_PC#4421988884721826816 roll 2
Jibs_PC#4421988884721826816 roll 1
DICE 2 1 5 5 2 
Jibs_PC#4421988884721826816 endattack
Jibs_PC#4421988884721826816 nomove
CARD 11
Jibs_PC#4421988884721826816 placearmies 6 2
Jibs_PC#4421988884721826816 placearmies 6 1
Jibs_PC#4421988884721826816 attack 6 7
Jibs_PC#4421988884721826816 roll 3
Jibs_PC#4421988884721826816 roll 1
DICE 3 1 4 2 1 1 
Jibs_PC#4421988884721826816 move 4
Jibs_PC#4421988884721826816 endattack
Jibs_PC#4421988884721826816 nomove
CARD 26
Jibs_PC#4421988884721826816 placearmies 37 1
Jibs_PC#4421988884721826816 placearmies 37 1
Jibs_PC#4421988884721826816 placearmies 29 1
Jibs_PC#4421988884721826816 attack 37 38
Jibs_PC#4421988884721826816 roll 3
Jibs_PC#4421988884721826816 roll 1
DICE 3 1 2 1 0 0 
Jibs_PC#4421988884721826816 move 4
Jibs_PC#4421988884721826816 attack 38 35
Jibs_PC#4421988884721826816 roll 3
Jibs_PC#4421988884721826816 roll 1
DICE 3 1 5 4 3 0 
Jibs_PC#4421988884721826816 attack 35 27
Jibs_PC#4421988884721826816 roll 2
Jibs_PC#4421988884721826816 roll 1
DICE 2 1 2 0 4 
Jibs_PC#4421988884721826816 retreat
Jibs_PC#4421988884721826816 endattack
Jibs_PC#4421988884721826816 nomove
CARD 8
Jibs_PC#4421988884721826816 placearmies 18 3
Jibs_PC#4421988884721826816 attack 18 15
Jibs_PC#4421988884721826816 roll 3
Jibs_PC#4421988884721826816 roll 1
DICE 3 1 5 4 3 2 
Jibs_PC#4421988884721826816 endattack
Jibs_PC#4421988884721826816 nomove
CARD 24
Jibs_PC#4421988884721826816 placearmies 21 4
Jibs_PC#4421988884721826816 placearmies 21 2
Jibs_PC#4421988884721826816 attack 21 20
Jibs_PC#4421988884721826816 roll 3
Jibs_PC#4421988884721826816 roll 1
DICE 3 1 1 0 0 3 
Jibs_PC#4421988884721826816 roll 3
Jibs_PC#4421988884721826816 roll 1
DICE 3 1 5 2 0 3 
Jibs_PC#4421988884721826816 move 8
Jibs_PC#4421988884721826816 attack 20 18
Jibs_PC#4421988884721826816 roll 3
Jibs_PC#4421988884721826816 roll 1
DICE 3 1 3 0 0 5 
Jibs_PC#4421988884721826816 roll 3
Jibs_PC#4421988884721826816 roll 1
DICE 3 1 3 2 1 2 
Jibs_PC#4421988884721826816 move 6
Jibs_PC#4421988884721826816 attack 18 15
Jibs_PC#4421988884721826816 roll 3
Jibs_PC#4421988884721826816 roll 2
DICE 3 2 5 4 2 5 2 
Jibs_PC#4421988884721826816 roll 3
Jibs_PC#4421988884721826816 roll 2
DICE 3 2 5 2 0 5 4 
Jibs_PC#4421988884721826816 retreat
Jibs_PC#4421988884721826816 endattack
Jibs_PC#4421988884721826816 movearmies 25 23 1
CARD 18
Jibs_PC#4421988884721826816 placearmies 3 1
Jibs_PC#4421988884721826816 placearmies 39 2
Jibs_PC#4421988884721826816 placearmies 39 2
Jibs_PC#4421988884721826816 attack 3 4
Jibs_PC#4421988884721826816 roll 3
Jibs_PC#4421988884721826816 roll 1
DICE 3 1 4 3 0 0 
Jibs_PC#4421988884721826816 move 4
Jibs_PC#4421988884721826816 attack 39 33
Jibs_PC#4421988884721826816 roll 3
Jibs_PC#4421988884721826816 roll 1
DICE 3 1 2 2 0 1 
Jibs_PC#4421988884721826816 move 10
Jibs_PC#4421988884721826816 attack 33 32
Jibs_PC#4421988884721826816 roll 3
Jibs_PC#4421988884721826816 roll 1
DICE 3 1 5 3 0 0 
Jibs_PC#4421988884721826816 move 8
Jibs_PC#4421988884721826816 attack 32 30
Jibs_PC#4421988884721826816 roll 3
Jibs_PC#4421988884721826816 roll 1
DICE 3 1 4 0 0 4 
Jibs_PC#4421988884721826816 roll 3
Jibs_PC#4421988884721826816 roll 1
DICE 3 1 5 3 1 3 
Jibs_PC#4421988884721826816 move 6
Jibs_PC#4421988884721826816 attack 30 16
Jibs_PC#4421988884721826816 roll 3
Jibs_PC#4421988884721826816 roll 1
DICE 3 1 5 2 2 5 
Jibs_PC#4421988884721826816 roll 3
Jibs_PC#4421988884721826816 roll 1
DICE 3 1 4 2 0 0 
Jibs_PC#4421988884721826816 move 4
Jibs_PC#4421988884721826816 attack 16 15
Jibs_PC#4421988884721826816 roll 3
Jibs_PC#4421988884721826816 roll 2
DICE 3 2 1 0 0 3 0 
Jibs_PC#4421988884721826816 retreat
Jibs_PC#4421988884721826816 endattack
Jibs_PC#4421988884721826816 movearmies 42 40 1
CARD 1
Jibs_PC#4421988884721826816 placearmies 10 2
Jibs_PC#4421988884721826816 placearmies 10 1
Jibs_PC#4421988884721826816 attack 10 12
Jibs_PC#4421988884721826816 roll 3
Jibs_PC#4421988884721826816 roll 1
DICE 3 1 4 4 0 0 
Jibs_PC#4421988884721826816 move 3
Jibs_PC#4421988884721826816 endattack
Jibs_PC#4421988884721826816 nomove
CARD 23
Jibs_PC#4421988884721826816 placearmies 7 3
Jibs_PC#4421988884721826816 attack 7 4
Jibs_PC#4421988884721826816 roll 3
Jibs_PC#4421988884721826816 roll 2
DICE 3 2 4 3 1 3 3 
Jibs_PC#4421988884721826816 roll 3
Jibs_PC#4421988884721826816 roll 2
DICE 3 2 4 3 1 3 1 
Jibs_PC#4421988884721826816 retreat
Jibs_PC#4421988884721826816 attack 7 3
Jibs_PC#4421988884721826816 roll 3
Jibs_PC#4421988884721826816 roll 1
DICE 3 1 5 4 2 1 
Jibs_PC#4421988884721826816 move 5
Jibs_PC#4421988884721826816 attack 3 1
Jibs_PC#4421988884721826816 roll 3
Jibs_PC#4421988884721826816 roll 1
DICE 3 1 4 4 1 3 
Jibs_PC#4421988884721826816 move 4
Jibs_PC#4421988884721826816 endattack
Jibs_PC#4421988884721826816 nomove
CARD 12
Jibs_PC#4421988884721826816 placearmies 29 2
Jibs_PC#4421988884721826816 placearmies 29 1
Jibs_PC#4421988884721826816 attack 29 33
Jibs_PC#4421988884721826816 roll 3
Jibs_PC#4421988884721826816 roll 2
DICE 3 2 4 1 0 3 1 
Jibs_PC#4421988884721826816 roll 3
Jibs_PC#4421988884721826816 roll 1
DICE 3 1 4 4 1 3 
Jibs_PC#4421988884721826816 attack 33 39
Jibs_PC#4421988884721826816 roll 2
Jibs_PC#4421988884721826816 roll 1
DICE 2 1 2 2 3 
Jibs_PC#4421988884721826816 retreat
Jibs_PC#4421988884721826816 endattack
Jibs_PC#4421988884721826816 nomove
CARD 4
Jibs_PC#4421988884721826816 placearmies 15 2
Jibs_PC#4421988884721826816 placearmies 15 1
Jibs_PC#4421988884721826816 attack 15 17
Jibs_PC#4421988884721826816 roll 3
Jibs_PC#4421988884721826816 roll 1
DICE 3 1 4 3 2 1 
Jibs_PC#4421988884721826816 move 4
Jibs_PC#4421988884721826816 endattack
Jibs_PC#4421988884721826816 nomove
CARD wildcard
Jibs_PC#4421988884721826816 placearmies 18 1
Jibs_PC#4421988884721826816 placearmies 18 1
Jibs_PC#4421988884721826816 placearmies 21 1
Jibs_PC#4421988884721826816 placearmies 18 3
Jibs_PC#4421988884721826816 attack 18 17
Jibs_PC#4421988884721826816 roll 3
Jibs_PC#4421988884721826816 roll 2
DICE 3 2 3 2 1 4 1 
Jibs_PC#4421988884721826816 roll 3
Jibs_PC#4421988884721826816 roll 2
DICE 3 2 4 4 1 4 0 
Jibs_PC#4421988884721826816 roll 3
Jibs_PC#4421988884721826816 roll 2
DICE 3 2 4 1 0 2 1 
Jibs_PC#4421988884721826816 roll 3
Jibs_PC#4421988884721826816 roll 1
DICE 3 1 5 3 0 5 
Jibs_PC#4421988884721826816 roll 3
Jibs_PC#4421988884721826816 roll 1
DICE 3 1 3 0 0 0 
Jibs_PC#4421988884721826816 attack 17 15
Jibs_PC#4421988884721826816 roll 2
Jibs_PC#4421988884721826816 roll 1
DICE 2 1 4 0 5 
Jibs_PC#4421988884721826816 roll 1
Jibs_PC#4421988884721826816 roll 1
DICE 1 1 1 5 
Jibs_PC#4421988884721826816 endattack
Jibs_PC#4421988884721826816 movearmies 23 21 1
CARD 15
Jibs_PC#4421988884721826816 trade 34 2 1
Jibs_PC#4421988884721826816 placearmies 16 3
Jibs_PC#4421988884721826816 placearmies 39 1
Jibs_PC#4421988884721826816 placearmies 4 7
Jibs_PC#4421988884721826816 placearmies 4 3
Jibs_PC#4421988884721826816 placearmies 27 1
Jibs_PC#4421988884721826816 attack 16 15
Jibs_PC#4421988884721826816 roll 3
Jibs_PC#4421988884721826816 roll 1
DICE 3 1 4 3 0 2 
Jibs_PC#4421988884721826816 move 4
Jibs_PC#4421988884721826816 attack 4 5
Jibs_PC#4421988884721826816 roll 3
Jibs_PC#4421988884721826816 roll 1
DICE 3 1 1 0 0 4 
Jibs_PC#4421988884721826816 roll 3
Jibs_PC#4421988884721826816 roll 1
DICE 3 1 5 1 1 0 
Jibs_PC#4421988884721826816 move 9
Jibs_PC#4421988884721826816 attack 5 10
Jibs_PC#4421988884721826816 roll 3
Jibs_PC#4421988884721826816 roll 2
DICE 3 2 5 4 3 0 0 
Jibs_PC#4421988884721826816 move 8
Jibs_PC#4421988884721826816 attack 10 11
Jibs_PC#4421988884721826816 roll 3
Jibs_PC#4421988884721826816 roll 1
DICE 3 1 5 5 2 4 
Jibs_PC#4421988884721826816 move 7
Jibs_PC#4421988884721826816 attack 11 13
Jibs_PC#4421988884721826816 roll 3
Jibs_PC#4421988884721826816 roll 1
DICE 3 1 3 3 1 4 
Jibs_PC#4421988884721826816 roll 3
Jibs_PC#4421988884721826816 roll 1
DICE 3 1 4 3 2 4 
Jibs_PC#4421988884721826816 roll 3
Jibs_PC#4421988884721826816 roll 1
DICE 3 1 2 0 0 0 
Jibs_PC#4421988884721826816 move 4
Jibs_PC#4421988884721826816 endattack
Jibs_PC#4421988884721826816 movearmies 40 39 1
CARD wildcard
Jibs_PC#4421988884721826816 placearmies 12 1
Jibs_PC#4421988884721826816 placearmies 12 1
Jibs_PC#4421988884721826816 placearmies 12 1
Jibs_PC#4421988884721826816 attack 12 13
Jibs_PC#4421988884721826816 roll 3
Jibs_PC#4421988884721826816 roll 2
DICE 3 2 5 3 0 3 2 
Jibs_PC#4421988884721826816 roll 3
Jibs_PC#4421988884721826816 roll 2
DICE 3 2 4 2 1 4 1 
Jibs_PC#4421988884721826816 retreat
Jibs_PC#4421988884721826816 attack 12 10
Jibs_PC#4421988884721826816 roll 3
Jibs_PC#4421988884721826816 roll 1
DICE 3 1 5 4 3 1 
Jibs_PC#4421988884721826816 move 4
Jibs_PC#4421988884721826816 attack 10 11
Jibs_PC#4421988884721826816 roll 3
Jibs_PC#4421988884721826816 roll 1
DICE 3 1 5 2 1 4 
Jibs_PC#4421988884721826816 attack 11 13
Jibs_PC#4421988884721826816 roll 2
Jibs_PC#4421988884721826816 roll 1
DICE 2 1 5 4 0 
Jibs_PC#4421988884721826816 endattack
Jibs_PC#4421988884721826816 movearmies 13 12 1
CARD 30
Jibs_PC#4421988884721826816 trade 5 26 12
Jibs_PC#4421988884721826816 placearmies 9 7
Jibs_PC#4421988884721826816 placearmies 9 1
Jibs_PC#4421988884721826816 placearmies 9 1
Jibs_PC#4421988884721826816 placearmies 9 4
Jibs_PC#4421988884721826816 attack 9 4
Jibs_PC#4421988884721826816 roll 3
Jibs_PC#4421988884721826816 roll 1
DICE 3 1 4 3 2 1 
Jibs_PC#4421988884721826816 move 13
Jibs_PC#4421988884721826816 attack 4 5
Jibs_PC#4421988884721826816 roll 3
Jibs_PC#4421988884721826816 roll 1
DICE 3 1 5 4 4 1 
Jibs_PC#4421988884721826816 move 12
Jibs_PC#4421988884721826816 attack 5 10
Jibs_PC#4421988884721826816 roll 3
Jibs_PC#4421988884721826816 roll 1
DICE 3 1 4 4 3 4 
Jibs_PC#4421988884721826816 roll 3
Jibs_PC#4421988884721826816 roll 1
DICE 3 1 5 3 0 4 
Jibs_PC#4421988884721826816 move 10
Jibs_PC#4421988884721826816 attack 10 12
Jibs_PC#4421988884721826816 roll 3
Jibs_PC#4421988884721826816 roll 2
DICE 3 2 2 1 0 4 3 
Jibs_PC#4421988884721826816 roll 3
Jibs_PC#4421988884721826816 roll 2
DICE 3 2 5 3 1 1 1 
Jibs_PC#4421988884721826816 move 6
Jibs_PC#4421988884721826816 attack 12 13
Jibs_PC#4421988884721826816 roll 3
Jibs_PC#4421988884721826816 roll 1
DICE 3 1 5 3 2 5 
Jibs_PC#4421988884721826816 roll 3
Jibs_PC#4421988884721826816 roll 1
DICE 3 1 4 2 0 2 
Jibs_PC#4421988884721826816 move 4
Jibs_PC#4421988884721826816 endattack
Jibs_PC#4421988884721826816 nomove
CARD 32
Jibs_PC#4421988884721826816 trade 14 35 4
Jibs_PC#4421988884721826816 placearmies 14 1
Jibs_PC#4421988884721826816 placearmies 33 6
Jibs_PC#4421988884721826816 attack 33 39
Jibs_PC#4421988884721826816 roll 3
Jibs_PC#4421988884721826816 roll 2
DICE 3 2 3 3 3 5 1 
Jibs_PC#4421988884721826816 roll 3
Jibs_PC#4421988884721826816 roll 2
DICE 3 2 4 4 2 4 4 
Jibs_PC#4421988884721826816 retreat
Jibs_PC#4421988884721826816 attack 14 6
Jibs_PC#4421988884721826816 roll 3
Jibs_PC#4421988884721826816 roll 1
DICE 3 1 5 2 1 5 
Jibs_PC#4421988884721826816 roll 2
Jibs_PC#4421988884721826816 roll 1
DICE 2 1 4 1 0 
Jibs_PC#4421988884721826816 attack 33 39
Jibs_PC#4421988884721826816 roll 3
Jibs_PC#4421988884721826816 roll 2
DICE 3 2 5 3 2 3 0 
Jibs_PC#4421988884721826816 move 4
Jibs_PC#4421988884721826816 endattack
Jibs_PC#4421988884721826816 nomove
CARD 27
Jibs_PC#4421988884721826816 trade 22 18 15
Jibs_PC#4421988884721826816 placearmies 21 16
Jibs_PC#4421988884721826816 attack 21 12
Jibs_PC#4421988884721826816 roll 3
Jibs_PC#4421988884721826816 roll 1
DICE 3 1 5 3 1 0 
Jibs_PC#4421988884721826816 move 18
Jibs_PC#4421988884721826816 attack 12 11
Jibs_PC#4421988884721826816 roll 3
Jibs_PC#4421988884721826816 roll 1
DICE 3 1 5 4 0 3 
Jibs_PC#4421988884721826816 move 17
Jibs_PC#4421988884721826816 attack 11 10
Jibs_PC#4421988884721826816 roll 3
Jibs_PC#4421988884721826816 roll 2
DICE 3 2 5 3 0 5 1 
Jibs_PC#4421988884721826816 roll 3
Jibs_PC#4421988884721826816 roll 1
DICE 3 1 3 3 1 5 
Jibs_PC#4421988884721826816 roll 3
Jibs_PC#4421988884721826816 roll 1
DICE 3 1 4 2 1 3 
Jibs_PC#4421988884721826816 move 14
Jibs_PC#4421988884721826816 attack 10 5
Jibs_PC#4421988884721826816 roll 3
Jibs_PC#4421988884721826816 roll 1
DICE 3 1 1 0 0 4 
Jibs_PC#4421988884721826816 roll 3
Jibs_PC#4421988884721826816 roll 1
DICE 3 1 2 1 0 0 
Jibs_PC#4421988884721826816 move 12
Jibs_PC#4421988884721826816 attack 5 9
Jibs_PC#4421988884721826816 roll 3
Jibs_PC#4421988884721826816 roll 1
DICE 3 1 5 2 2 5 
Jibs_PC#4421988884721826816 roll 3
Jibs_PC#4421988884721826816 roll 1
DICE 3 1 5 0 0 5 
Jibs_PC#4421988884721826816 roll 3
Jibs_PC#4421988884721826816 roll 1
DICE 3 1 5 4 3 5 
Jibs_PC#4421988884721826816 roll 3
Jibs_PC#4421988884721826816 roll 1
DICE 3 1 4 1 0 1 
Jibs_PC#4421988884721826816 move 8
Jibs_PC#4421988884721826816 attack 9 8
Jibs_PC#4421988884721826816 roll 3
Jibs_PC#4421988884721826816 roll 1
DICE 3 1 2 1 1 2 
Jibs_PC#4421988884721826816 roll 3
Jibs_PC#4421988884721826816 roll 1
DICE 3 1 5 5 0 4 
Jibs_PC#4421988884721826816 move 6
Jibs_PC#4421988884721826816 attack 8 7
Jibs_PC#4421988884721826816 roll 3
Jibs_PC#4421988884721826816 roll 1
DICE 3 1 5 5 0 5 
Jibs_PC#4421988884721826816 roll 3
Jibs_PC#4421988884721826816 roll 1
DICE 3 1 4 1 0 5 
Jibs_PC#4421988884721826816 retreat
Jibs_PC#4421988884721826816 endattack
Jibs_PC#4421988884721826816 nomove
CARD 7
Jibs_PC#4421988884721826816 trade 13 24 wildcard
Jibs_PC#4421988884721826816 placearmies 15 5
Jibs_PC#4421988884721826816 placearmies 15 4
Jibs_PC#4421988884721826816 placearmies 15 4
Jibs_PC#4421988884721826816 attack 15 18
Jibs_PC#4421988884721826816 roll 3
Jibs_PC#4421988884721826816 roll 1
DICE 3 1 5 5 2 0 
Jibs_PC#4421988884721826816 move 16
Jibs_PC#4421988884721826816 attack 18 19
Jibs_PC#4421988884721826816 roll 3
Jibs_PC#4421988884721826816 roll 2
DICE 3 2 3 2 0 4 0 
Jibs_PC#4421988884721826816 roll 3
Jibs_PC#4421988884721826816 roll 1
DICE 3 1 1 1 0 1 
Jibs_PC#4421988884721826816 roll 3
Jibs_PC#4421988884721826816 roll 1
DICE 3 1 4 2 2 0 
Jibs_PC#4421988884721826816 move 13
Jibs_PC#4421988884721826816 attack 19 21
Jibs_PC#4421988884721826816 roll 3
Jibs_PC#4421988884721826816 roll 2
DICE 3 2 5 4 3 3 1 
Jibs_PC#4421988884721826816 move 12
Jibs_PC#4421988884721826816 attack 21 12
Jibs_PC#4421988884721826816 roll 3
Jibs_PC#4421988884721826816 roll 1
DICE 3 1 5 4 0 4 
Jibs_PC#4421988884721826816 move 11
Jibs_PC#4421988884721826816 attack 12 11
Jibs_PC#4421988884721826816 roll 3
Jibs_PC#4421988884721826816 roll 1
DICE 3 1 5 3 0 3 
Jibs_PC#4421988884721826816 move 10
Jibs_PC#4421988884721826816 attack 11 10
Jibs_PC#4421988884721826816 roll 3
Jibs_PC#4421988884721826816 roll 1
DICE 3 1 4 3 0 5 
Jibs_PC#4421988884721826816 roll 3
Jibs_PC#4421988884721826816 roll 1
DICE 3 1 5 3 2 2 
Jibs_PC#4421988884721826816 move 8
Jibs_PC#4421988884721826816 attack 10 5
Jibs_PC#4421988884721826816 roll 3
Jibs_PC#4421988884721826816 roll 1
DICE 3 1 2 2 1 0 
Jibs_PC#4421988884721826816 move 7
Jibs_PC#4421988884721826816 attack 5 9
Jibs_PC#4421988884721826816 roll 3
Jibs_PC#4421988884721826816 roll 1
DICE 3 1 5 3 0 2 
Jibs_PC#4421988884721826816 move 6
Jibs_PC#4421988884721826816 attack 9 7
Jibs_PC#4421988884721826816 roll 3
Jibs_PC#4421988884721826816 roll 1
DICE 3 1 5 3 3 1 
Jibs_PC#4421988884721826816 move 5
Jibs_PC#4421988884721826816 attack 7 4
Jibs_PC#4421988884721826816 roll 3
Jibs_PC#4421988884721826816 roll 1
DICE 3 1 5 3 0 2 
Jibs_PC#4421988884721826816 move 4
Jibs_PC#4421988884721826816 endattack
Jibs_PC#4421988884721826816 movearmies 42 40 1
CARD 29
Jibs_PC#4421988884721826816 placearmies 13 3
Jibs_PC#4421988884721826816 attack 13 11
Jibs_PC#4421988884721826816 roll 3
Jibs_PC#4421988884721826816 roll 1
DICE 3 1 5 5 3 3 
Jibs_PC#4421988884721826816 move 6
Jibs_PC#4421988884721826816 attack 11 10
Jibs_PC#4421988884721826816 roll 3
Jibs_PC#4421988884721826816 roll 1
DICE 3 1 5 4 2 2 
Jibs_PC#4421988884721826816 move 5
Jibs_PC#4421988884721826816 attack 10 12
Jibs_PC#4421988884721826816 roll 3
Jibs_PC#4421988884721826816 roll 1
DICE 3 1 5 2 0 3 
Jibs_PC#4421988884721826816 move 3
Jibs_PC#4421988884721826816 endattack
Jibs_PC#4421988884721826816 nomove
CARD 25
Jibs_PC#4421988884721826816 placearmies 31 3
Jibs_PC#4421988884721826816 attack 31 32
Jibs_PC#4421988884721826816 roll 3
Jibs_PC#4421988884721826816 roll 1
DICE 3 1 3 2 0 5 
Jibs_PC#4421988884721826816 roll 2
Jibs_PC#4421988884721826816 roll 1
DICE 2 1 4 4 3 
Jibs_PC#4421988884721826816 attack 39 41
Jibs_PC#4421988884721826816 roll 3
Jibs_PC#4421988884721826816 roll 1
DICE 3 1 5 2 0 5 
Jibs_PC#4421988884721826816 roll 2
Jibs_PC#4421988884721826816 roll 1
DICE 2 1 3 2 2 
Jibs_PC#4421988884721826816 endattack
Jibs_PC#4421988884721826816 nomove
CARD 33
Jibs_PC#4421988884721826816 placearmies 22 1
Jibs_PC#4421988884721826816 placearmies 22 2
Jibs_PC#4421988884721826816 attack 22 21
Jibs_PC#4421988884721826816 roll 3
Jibs_PC#4421988884721826816 roll 1
DICE 3 1 4 2 1 0 
Jibs_PC#4421988884721826816 move 5
Jibs_PC#4421988884721826816 attack 21 19
Jibs_PC#4421988884721826816 roll 3
Jibs_PC#4421988884721826816 roll 1
DICE 3 1 1 1 0 1 
Jibs_PC#4421988884721826816 roll 3
Jibs_PC#4421988884721826816 roll 1
DICE 3 1 4 4 3 1 
Jibs_PC#4421988884721826816 endattack
Jibs_PC#4421988884721826816 movearmies 19 21 2
CARD 36
Jibs_PC#4421988884721826816 trade wildcard 31 30
Jibs_PC#4421988884721826816 trade 11 23 29
Jibs_PC#4421988884721826816 placearmies 40 7
Jibs_PC#4421988884721826816 placearmies 5 5
Jibs_PC#4421988884721826816 placearmies 5 3
Jibs_PC#4421988884721826816 placearmies 30 5
Jibs_PC#4421988884721826816 attack 5 10
Jibs_PC#4421988884721826816 roll 3
Jibs_PC#4421988884721826816 roll 2
DICE 3 2 5 5 4 4 1 
Jibs_PC#4421988884721826816 move 8
Jibs_PC#4421988884721826816 attack 30 31
Jibs_PC#4421988884721826816 roll 3
Jibs_PC#4421988884721826816 roll 1
DICE 3 1 4 3 1 4 
Jibs_PC#4421988884721826816 roll 3
Jibs_PC#4421988884721826816 roll 1
DICE 3 1 5 3 2 3 
Jibs_PC#4421988884721826816 move 6
Jibs_PC#4421988884721826816 attack 31 22
Jibs_PC#4421988884721826816 roll 3
Jibs_PC#4421988884721826816 roll 2
DICE 3 2 5 1 1 4 2 
Jibs_PC#4421988884721826816 roll 3
Jibs_PC#4421988884721826816 roll 1
DICE 3 1 3 2 0 1 
Jibs_PC#4421988884721826816 move 4
Jibs_PC#4421988884721826816 attack 40 41
Jibs_PC#4421988884721826816 roll 3
Jibs_PC#4421988884721826816 roll 2
DICE 3 2 5 1 0 4 4 
Jibs_PC#4421988884721826816 roll 3
Jibs_PC#4421988884721826816 roll 1
DICE 3 1 5 5 2 3 
Jibs_PC#4421988884721826816 move 7
Jibs_PC#4421988884721826816 attack 41 39
Jibs_PC#4421988884721826816 roll 3
Jibs_PC#4421988884721826816 roll 1
DICE 3 1 5 1 0 3 
Jibs_PC#4421988884721826816 move 6
Jibs_PC#4421988884721826816 attack 10 11
Jibs_PC#4421988884721826816 roll 3
Jibs_PC#4421988884721826816 roll 1
DICE 3 1 5 4 3 2 
Jibs_PC#4421988884721826816 move 7
Jibs_PC#4421988884721826816 attack 11 13
Jibs_PC#4421988884721826816 roll 3
Jibs_PC#4421988884721826816 roll 1
DICE 3 1 5 3 2 1 
Jibs_PC#4421988884721826816 move 6
Jibs_PC#4421988884721826816 attack 13 12
Jibs_PC#4421988884721826816 roll 3
Jibs_PC#4421988884721826816 roll 2
DICE 3 2 5 3 1 3 1 
Jibs_PC#4421988884721826816 roll 3
Jibs_PC#4421988884721826816 roll 1
DICE 3 1 3 2 1 3 
Jibs_PC#4421988884721826816 roll 3
Jibs_PC#4421988884721826816 roll 1
DICE 3 1 4 3 0 1 
Jibs_PC#4421988884721826816 move 4
Jibs_PC#4421988884721826816 attack 39 33
Jibs_PC#4421988884721826816 roll 3
Jibs_PC#4421988884721826816 roll 1
DICE 3 1 4 3 2 1 
Jibs_PC#4421988884721826816 move 5
Jibs_PC#4421988884721826816 attack 33 29
Jibs_PC#4421988884721826816 roll 3
Jibs_PC#4421988884721826816 roll 1
DICE 3 1 1 0 0 4 
Jibs_PC#4421988884721826816 roll 3
Jibs_PC#4421988884721826816 roll 1
DICE 3 1 1 0 0 2 
Jibs_PC#4421988884721826816 retreat
Jibs_PC#4421988884721826816 endattack
Jibs_PC#4421988884721826816 nomove
CARD 6
Jibs_PC#4421988884721826816 trade 20 32 25
Jibs_PC#4421988884721826816 placearmies 3 13
Jibs_PC#4421988884721826816 attack 3 4
Jibs_PC#4421988884721826816 roll 3
Jibs_PC#4421988884721826816 roll 2
DICE 3 2 2 1 0 5 2 
Jibs_PC#4421988884721826816 roll 3
Jibs_PC#4421988884721826816 roll 2
DICE 3 2 4 2 0 5 0 
Jibs_PC#4421988884721826816 roll 3
Jibs_PC#4421988884721826816 roll 2
DICE 3 2 5 5 4 3 2 
Jibs_PC#4421988884721826816 roll 3
Jibs_PC#4421988884721826816 roll 1
DICE 3 1 2 2 0 0 
Jibs_PC#4421988884721826816 move 10
Jibs_PC#4421988884721826816 attack 4 5
Jibs_PC#4421988884721826816 roll 3
Jibs_PC#4421988884721826816 roll 1
DICE 3 1 3 2 1 5 
Jibs_PC#4421988884721826816 roll 3
Jibs_PC#4421988884721826816 roll 1
DICE 3 1 5 4 4 5 
Jibs_PC#4421988884721826816 roll 3
Jibs_PC#4421988884721826816 roll 1
DICE 3 1 4 2 1 1 
Jibs_PC#4421988884721826816 move 7
Jibs_PC#4421988884721826816 attack 5 10
Jibs_PC#4421988884721826816 roll 3
Jibs_PC#4421988884721826816 roll 1
DICE 3 1 5 2 0 2 
Jibs_PC#4421988884721826816 move 6
Jibs_PC#4421988884721826816 attack 10 11
Jibs_PC#4421988884721826816 roll 3
Jibs_PC#4421988884721826816 roll 1
DICE 3 1 4 2 1 2 
Jibs_PC#4421988884721826816 move 5
Jibs_PC#4421988884721826816 attack 11 13
Jibs_PC#4421988884721826816 roll 3
Jibs_PC#4421988884721826816 roll 1
DICE 3 1 5 3 1 3 
Jibs_PC#4421988884721826816 move 4
Jibs_PC#4421988884721826816 endattack
Jibs_PC#4421988884721826816 nomove
CARD 9
Jibs_PC#4421988884721826816 trade 8 27 33
Jibs_PC#4421988884721826816 placearmies 32 10
Jibs_PC#4421988884721826816 placearmies 32 1
Jibs_PC#4421988884721826816 attack 32 33
Jibs_PC#4421988884721826816 roll 3
Jibs_PC#4421988884721826816 roll 2
DICE 3 2 2 0 0 5 4 
Jibs_PC#4421988884721826816 roll 3
Jibs_PC#4421988884721826816 roll 2
DICE 3 2 3 2 1 5 1 
Jibs_PC#4421988884721826816 roll 3
Jibs_PC#4421988884721826816 roll 2
DICE 3 2 4 3 3 4 0 
Jibs_PC#4421988884721826816 roll 3
Jibs_PC#4421988884721826816 roll 1
DICE 3 1 5 0 0 4 
Jibs_PC#4421988884721826816 move 8
Jibs_PC#4421988884721826816 attack 33 39
Jibs_PC#4421988884721826816 roll 3
Jibs_PC#4421988884721826816 roll 1
DICE 3 1 5 3 3 4 
Jibs_PC#4421988884721826816 move 7
Jibs_PC#4421988884721826816 attack 39 41
Jibs_PC#4421988884721826816 roll 3
Jibs_PC#4421988884721826816 roll 1
DICE 3 1 4 2 0 5 
Jibs_PC#4421988884721826816 roll 3
Jibs_PC#4421988884721826816 roll 1
DICE 3 1 3 3 2 0 
Jibs_PC#4421988884721826816 move 5
Jibs_PC#4421988884721826816 attack 41 42
Jibs_PC#4421988884721826816 roll 3
Jibs_PC#4421988884721826816 roll 1
DICE 3 1 5 3 0 4 
Jibs_PC#4421988884721826816 move 4
Jibs_PC#4421988884721826816 attack 42 40
Jibs_PC#4421988884721826816 roll 3
Jibs_PC#4421988884721826816 roll 1
DICE 3 1 3 0 0 1 
Jibs_PC#4421988884721826816 endattack
Jibs_PC#4421988884721826816 movearmies 40 39 1
CARD 37
Jibs_PC#4421988884721826816 trade 42 7 36
Jibs_PC#4421988884721826816 placearmies 21 6
Jibs_PC#4421988884721826816 placearmies 21 4
Jibs_PC#4421988884721826816 placearmies 21 3
Jibs_PC#4421988884721826816 attack 21 22
Jibs_PC#4421988884721826816 roll 3
Jibs_PC#4421988884721826816 roll 2
DICE 3 2 4 4 1 1 0 
Jibs_PC#4421988884721826816 roll 3
Jibs_PC#4421988884721826816 roll 2
DICE 3 2 5 3 0 4 2 
Jibs_PC#4421988884721826816 move 14
Jibs_PC#4421988884721826816 attack 22 31
Jibs_PC#4421988884721826816 roll 3
Jibs_PC#4421988884721826816 roll 1
DICE 3 1 5 5 0 4 
Jibs_PC#4421988884721826816 move 13
Jibs_PC#4421988884721826816 attack 31 32
Jibs_PC#4421988884721826816 roll 3
Jibs_PC#4421988884721826816 roll 1
DICE 3 1 5 5 4 0 
Jibs_PC#4421988884721826816 move 11
Jibs_PC#4421988884721826816 attack 32 33
Jibs_PC#4421988884721826816 roll 3
Jibs_PC#4421988884721826816 roll 1
DICE 3 1 1 0 0 3 
Jibs_PC#4421988884721826816 roll 3
Jibs_PC#4421988884721826816 roll 1
DICE 3 1 2 0 0 2 
Jibs_PC#4421988884721826816 roll 3
Jibs_PC#4421988884721826816 roll 1
DICE 3 1 3 1 1 1 
Jibs_PC#4421988884721826816 move 8
Jibs_PC#4421988884721826816 attack 33 39
Jibs_PC#4421988884721826816 roll 3
Jibs_PC#4421988884721826816 roll 2
DICE 3 2 5 4 0 5 3 
Jibs_PC#4421988884721826816 roll 3
Jibs_PC#4421988884721826816 roll 1
DICE 3 1 3 1 1 0 
Jibs_PC#4421988884721826816 move 6
Jibs_PC#4421988884721826816 attack 39 41
Jibs_PC#4421988884721826816 roll 3
Jibs_PC#4421988884721826816 roll 1
DICE 3 1 5 4 3 3 
Jibs_PC#4421988884721826816 move 5
Jibs_PC#4421988884721826816 attack 41 42
Jibs_PC#4421988884721826816 roll 3
Jibs_PC#4421988884721826816 roll 1
DICE 3 1 4 4 1 3 
Jibs_PC#4421988884721826816 move 4
Jibs_PC#4421988884721826816 attack 42 40
Jibs_PC#4421988884721826816 roll 3
Jibs_PC#4421988884721826816 roll 2
DICE 3 2 4 1 0 2 1 
Jibs_PC#4421988884721826816 roll 2
Jibs_PC#4421988884721826816 roll 1
DICE 2 1 4 4 2 
Jibs_PC#4421988884721826816 endattack
Jibs_PC#4421988884721826816 nomove
CARD 40
Jibs_PC#4421988884721826816 placearmies 12 2
Jibs_PC#4421988884721826816 placearmies 12 1
Jibs_PC#4421988884721826816 attack 12 21
Jibs_PC#4421988884721826816 roll 3
Jibs_PC#4421988884721826816 roll 2
DICE 3 2 4 4 3 4 1 
Jibs_PC#4421988884721826816 roll 3
Jibs_PC#4421988884721826816 roll 1
DICE 3 1 5 3 2 3 
Jibs_PC#4421988884721826816 move 5
Jibs_PC#4421988884721826816 attack 21 20
Jibs_PC#4421988884721826816 roll 3
Jibs_PC#4421988884721826816 roll 1
DICE 3 1 2 1 1 4 
Jibs_PC#4421988884721826816 roll 3
Jibs_PC#4421988884721826816 roll 1
DICE 3 1 5 4 2 2 
Jibs_PC#4421988884721826816 attack 20 19
Jibs_PC#4421988884721826816 roll 2
Jibs_PC#4421988884721826816 roll 1
DICE 2 1 4 3 0 
Jibs_PC#4421988884721826816 endattack
Jibs_PC#4421988884721826816 nomove
CARD 19
Jibs_PC#4421988884721826816 placearmies 13 1
Jibs_PC#4421988884721826816 placearmies 2 2
Jibs_PC#4421988884721826816 attack 13 12
Jibs_PC#4421988884721826816 roll 3
Jibs_PC#4421988884721826816 roll 1
DICE 3 1 5 4 3 1 
Jibs_PC#4421988884721826816 move 4
Jibs_PC#4421988884721826816 attack 2 7
Jibs_PC#4421988884721826816 roll 2
Jibs_PC#4421988884721826816 roll 1
DICE 2 1 4 1 3 
Jibs_PC#4421988884721826816 endattack
Jibs_PC#4421988884721826816 nomove
CARD 10
Jibs_PC#4421988884721826816 placearmies 14 3
Jibs_PC#4421988884721826816 attack 14 17
Jibs_PC#4421988884721826816 roll 3
Jibs_PC#4421988884721826816 roll 1
DICE 3 1 4 3 0 4 
Jibs_PC#4421988884721826816 roll 2
Jibs_PC#4421988884721826816 roll 1
DICE 2 1 2 2 5 
Jibs_PC#4421988884721826816 retreat
Jibs_PC#4421988884721826816 endattack
Jibs_PC#4421988884721826816 nomove
CARD 
Jibs_PC#4421988884721826816 placearmies 24 4
Jibs_PC#4421988884721826816 placearmies 33 1
Jibs_PC#4421988884721826816 placearmies 8 1
Jibs_PC#4421988884721826816 attack 24 21
Jibs_PC#4421988884721826816 roll 3
Jibs_PC#4421988884721826816 roll 1
DICE 3 1 5 1 0 5 
Jibs_PC#4421988884721826816 roll 3
Jibs_PC#4421988884721826816 roll 1
DICE 3 1 5 5 3 1 
Jibs_PC#4421988884721826816 attack 8 9
Jibs_PC#4421988884721826816 roll 3
Jibs_PC#4421988884721826816 roll 1
DICE 3 1 5 2 0 2 
Jibs_PC#4421988884721826816 move 4
Jibs_PC#4421988884721826816 endattack
Jibs_PC#4421988884721826816 movearmies 31 22 1
CARD 21
Jibs_PC#4421988884721826816 placearmies 19 2
Jibs_PC#4421988884721826816 placearmies 19 1
Jibs_PC#4421988884721826816 attack 19 21
Jibs_PC#4421988884721826816 roll 3
Jibs_PC#4421988884721826816 roll 2
DICE 3 2 5 4 3 5 0 
Jibs_PC#4421988884721826816 roll 3
Jibs_PC#4421988884721826816 roll 2
DICE 3 2 5 5 1 5 0 
Jibs_PC#4421988884721826816 roll 2
Jibs_PC#4421988884721826816 roll 1
DICE 2 1 2 1 4 
Jibs_PC#4421988884721826816 retreat
Jibs_PC#4421988884721826816 endattack
Jibs_PC#4421988884721826816 nomove
CARD 
Jibs_PC#4421988884721826816 placearmies 12 1
Jibs_PC#4421988884721826816 placearmies 7 3
Jibs_PC#4421988884721826816 placearmies 5 1
Jibs_PC#4421988884721826816 attack 12 21
Jibs_PC#4421988884721826816 roll 3
Jibs_PC#4421988884721826816 roll 1
DICE 3 1 5 4 1 2 
Jibs_PC#4421988884721826816 move 4
Jibs_PC#4421988884721826816 attack 7 8
Jibs_PC#4421988884721826816 roll 3
Jibs_PC#4421988884721826816 roll 1
DICE 3 1 5 4 4 5 
Jibs_PC#4421988884721826816 roll 3
Jibs_PC#4421988884721826816 roll 1
DICE 3 1 5 2 0 1 
Jibs_PC#4421988884721826816 endattack
Jibs_PC#4421988884721826816 nomove
CARD 16
Jibs_PC#4421988884721826816 placearmies 6 2
Jibs_PC#4421988884721826816 placearmies 6 1
Jibs_PC#4421988884721826816 attack 6 8
Jibs_PC#4421988884721826816 roll 3
Jibs_PC#4421988884721826816 roll 2
DICE 3 2 5 0 0 4 3 
Jibs_PC#4421988884721826816 roll 3
Jibs_PC#4421988884721826816 roll 2
DICE 3 2 5 1 0 4 1 
Jibs_PC#4421988884721826816 retreat
Jibs_PC#4421988884721826816 attack 6 2
Jibs_PC#4421988884721826816 roll 2
Jibs_PC#4421988884721826816 roll 1
DICE 2 1 5 3 2 
Jibs_PC#4421988884721826816 endattack
Jibs_PC#4421988884721826816 nomove
CARD 3
Jibs_PC#4421988884721826816 placearmies 22 6
Jibs_PC#4421988884721826816 attack 22 21
Jibs_PC#4421988884721826816 roll 3
Jibs_PC#4421988884721826816 roll 2
DICE 3 2 3 2 1 5 2 
Jibs_PC#4421988884721826816 roll 3
Jibs_PC#4421988884721826816 roll 2
DICE 3 2 5 1 0 4 3 
Jibs_PC#4421988884721826816 roll 3
Jibs_PC#4421988884721826816 roll 2
DICE 3 2 5 3 2 1 0 
Jibs_PC#4421988884721826816 roll 3
Jibs_PC#4421988884721826816 roll 1
DICE 3 1 5 3 2 2 
Jibs_PC#4421988884721826816 move 3
Jibs_PC#4421988884721826816 attack 21 12
Jibs_PC#4421988884721826816 roll 2
Jibs_PC#4421988884721826816 roll 1
DICE 2 1 5 2 5 
Jibs_PC#4421988884721826816 retreat
Jibs_PC#4421988884721826816 endattack
Jibs_PC#4421988884721826816 nomove
CARD 39
Jibs_PC#4421988884721826816 placearmies 19 2
Jibs_PC#4421988884721826816 placearmies 19 1
Jibs_PC#4421988884721826816 attack 19 21
Jibs_PC#4421988884721826816 roll 3
Jibs_PC#4421988884721826816 roll 2
DICE 3 2 3 0 0 1 0 
Jibs_PC#4421988884721826816 roll 3
Jibs_PC#4421988884721826816 roll 1
DICE 3 1 5 4 1 3 
Jibs_PC#4421988884721826816 attack 21 12
Jibs_PC#4421988884721826816 roll 2
Jibs_PC#4421988884721826816 roll 1
DICE 2 1 0 0 1 
Jibs_PC#4421988884721826816 retreat
Jibs_PC#4421988884721826816 endattack
Jibs_PC#4421988884721826816 nomove
CARD 41
Jibs_PC#4421988884721826816 trade 9 10 16
Jibs_PC#4421988884721826816 placearmies 1 5
Jibs_PC#4421988884721826816 placearmies 12 1
Jibs_PC#4421988884721826816 placearmies 5 2
Jibs_PC#4421988884721826816 placearmies 1 2
Jibs_PC#4421988884721826816 placearmies 12 3
Jibs_PC#4421988884721826816 attack 1 2
Jibs_PC#4421988884721826816 roll 3
Jibs_PC#4421988884721826816 roll 2
DICE 3 2 5 5 5 3 0 
Jibs_PC#4421988884721826816 move 10
Jibs_PC#4421988884721826816 attack 2 6
Jibs_PC#4421988884721826816 roll 3
Jibs_PC#4421988884721826816 roll 1
DICE 3 1 5 5 3 1 
Jibs_PC#4421988884721826816 move 9
Jibs_PC#4421988884721826816 attack 6 14
Jibs_PC#4421988884721826816 roll 3
Jibs_PC#4421988884721826816 roll 2
DICE 3 2 4 4 3 3 2 
Jibs_PC#4421988884721826816 move 8
Jibs_PC#4421988884721826816 attack 14 17
Jibs_PC#4421988884721826816 roll 3
Jibs_PC#4421988884721826816 roll 1
DICE 3 1 3 3 2 2 
Jibs_PC#4421988884721826816 move 7
Jibs_PC#4421988884721826816 attack 17 19
Jibs_PC#4421988884721826816 roll 3
Jibs_PC#4421988884721826816 roll 1
DICE 3 1 5 3 2 2 
Jibs_PC#4421988884721826816 move 6
Jibs_PC#4421988884721826816 attack 12 21
Jibs_PC#4421988884721826816 roll 3
Jibs_PC#4421988884721826816 roll 2
DICE 3 2 5 5 0 4 3 
Jibs_PC#4421988884721826816 move 4
Jibs_PC#4421988884721826816 attack 19 20
Jibs_PC#4421988884721826816 roll 3
Jibs_PC#4421988884721826816 roll 1
DICE 3 1 5 4 2 2 
Jibs_PC#4421988884721826816 move 5
Jibs_PC#4421988884721826816 attack 20 18
Jibs_PC#4421988884721826816 roll 3
Jibs_PC#4421988884721826816 roll 1
DICE 3 1 5 4 4 1 
Jibs_PC#4421988884721826816 move 4
Jibs_PC#4421988884721826816 attack 18 16
Jibs_PC#4421988884721826816 roll 3
Jibs_PC#4421988884721826816 roll 1
DICE 3 1 3 2 1 2 
Jibs_PC#4421988884721826816 attack 16 15
Jibs_PC#4421988884721826816 roll 2
Jibs_PC#4421988884721826816 roll 1
DICE 2 1 4 4 3 
Jibs_PC#4421988884721826816 endattack
Jibs_PC#4421988884721826816 movearmies 10 5 2
CARD 28
Jibs_PC#4421988884721826816 placearmies 29 3
Jibs_PC#4421988884721826816 attack 29 27
Jibs_PC#4421988884721826816 roll 3
Jibs_PC#4421988884721826816 roll 2
DICE 3 2 5 2 0 4 1 
Jibs_PC#4421988884721826816 endattack
Jibs_PC#4421988884721826816 movearmies 35 38 1
CARD 38
Jibs_PC#4421988884721826816 placearmies 31 6
Jibs_PC#4421988884721826816 attack 31 30
Jibs_PC#4421988884721826816 roll 3
Jibs_PC#4421988884721826816 roll 1
DICE 3 1 5 1 1 3 
Jibs_PC#4421988884721826816 move 6
Jibs_PC#4421988884721826816 attack 30 28
Jibs_PC#4421988884721826816 roll 3
Jibs_PC#4421988884721826816 roll 1
DICE 3 1 2 1 0 5 
Jibs_PC#4421988884721826816 roll 3
Jibs_PC#4421988884721826816 roll 1
DICE 3 1 5 5 5 2 
Jibs_PC#4421988884721826816 move 4
Jibs_PC#4421988884721826816 trade 40 21 41
Jibs_PC#4421988884721826816 placearmies 22 10
Jibs_PC#4421988884721826816 attack 22 21
Jibs_PC#4421988884721826816 roll 3
Jibs_PC#4421988884721826816 roll 2
DICE 3 2 1 0 0 5 2 
Jibs_PC#4421988884721826816 roll 3
Jibs_PC#4421988884721826816 roll 2
DICE 3 2 5 3 1 4 3 
Jibs_PC#4421988884721826816 roll 3
Jibs_PC#4421988884721826816 roll 2
DICE 3 2 5 3 3 1 0 
Jibs_PC#4421988884721826816 roll 3
Jibs_PC#4421988884721826816 roll 1
DICE 3 1 5 3 0 4 
Jibs_PC#4421988884721826816 move 7
Jibs_PC#4421988884721826816 attack 21 12
Jibs_PC#4421988884721826816 roll 3
Jibs_PC#4421988884721826816 roll 1
DICE 3 1 5 1 0 1 
Jibs_PC#4421988884721826816 move 5
Jibs_PC#4421988884721826816 attack 28 16
Jibs_PC#4421988884721826816 roll 3
Jibs_PC#4421988884721826816 roll 1
DICE 3 1 2 0 0 3 
Jibs_PC#4421988884721826816 roll 2
Jibs_PC#4421988884721826816 roll 1
DICE 2 1 4 0 0 
Jibs_PC#4421988884721826816 attack 12 13
Jibs_PC#4421988884721826816 roll 3
Jibs_PC#4421988884721826816 roll 1
DICE 3 1 4 2 0 1 
Jibs_PC#4421988884721826816 move 4
Jibs_PC#4421988884721826816 attack 13 11
Jibs_PC#4421988884721826816 roll 3
Jibs_PC#4421988884721826816 roll 1
DICE 3 1 5 2 1 0 
Jibs_PC#4421988884721826816 attack 11 10
Jibs_PC#4421988884721826816 roll 2
Jibs_PC#4421988884721826816 roll 1
DICE 2 1 2 1 3 
Jibs_PC#4421988884721826816 retreat
Jibs_PC#4421988884721826816 endattack
Jibs_PC#4421988884721826816 movearmies 40 39 2
CARD 17
Jibs_PC#4421988884721826816 placearmies 20 5
Jibs_PC#4421988884721826816 attack 20 22
Jibs_PC#4421988884721826816 roll 3
Jibs_PC#4421988884721826816 roll 2
DICE 3 2 4 0 0 5 1 
Jibs_PC#4421988884721826816 roll 3
Jibs_PC#4421988884721826816 roll 2
DICE 3 2 5 5 0 5 2 
Jibs_PC#4421988884721826816 roll 2
Jibs_PC#4421988884721826816 roll 1
DICE 2 1 2 0 0 
Jibs_PC#4421988884721826816 attack 5 9
Jibs_PC#4421988884721826816 roll 3
Jibs_PC#4421988884721826816 roll 2
DICE 3 2 2 1 1 5 2 
Jibs_PC#4421988884721826816 roll 3
Jibs_PC#4421988884721826816 roll 2
DICE 3 2 5 1 0 1 0 
Jibs_PC#4421988884721826816 roll 3
Jibs_PC#4421988884721826816 roll 2
DICE 3 2 5 2 2 4 2 
Jibs_PC#4421988884721826816 roll 2
Jibs_PC#4421988884721826816 roll 1
DICE 2 1 2 0 2 
Jibs_PC#4421988884721826816 retreat
Jibs_PC#4421988884721826816 endattack
Jibs_PC#4421988884721826816 nomove
CARD 26
Jibs_PC#4421988884721826816 placearmies 27 1
Jibs_PC#4421988884721826816 placearmies 27 1
Jibs_PC#4421988884721826816 placearmies 29 1
Jibs_PC#4421988884721826816 attack 27 28
Jibs_PC#4421988884721826816 roll 3
Jibs_PC#4421988884721826816 roll 1
DICE 3 1 5 4 3 3 
Jibs_PC#4421988884721826816 move 4
Jibs_PC#4421988884721826816 attack 28 30
Jibs_PC#4421988884721826816 roll 3
Jibs_PC#4421988884721826816 roll 1
DICE 3 1 5 2 2 3 
Jibs_PC#4421988884721826816 attack 30 32
Jibs_PC#4421988884721826816 roll 2
Jibs_PC#4421988884721826816 roll 1
DICE 2 1 0 0 2 
Jibs_PC#4421988884721826816 retreat
Jibs_PC#4421988884721826816 endattack
Jibs_PC#4421988884721826816 nomove
CARD wildcard
Jibs_PC#4421988884721826816 trade 39 6 17
Jibs_PC#4421988884721826816 placearmies 21 4
Jibs_PC#4421988884721826816 placearmies 11 3
Jibs_PC#4421988884721826816 placearmies 21 6
Jibs_PC#4421988884721826816 attack 21 22
Jibs_PC#4421988884721826816 roll 3
Jibs_PC#4421988884721826816 roll 2
DICE 3 2 5 5 4 2 0 
Jibs_PC#4421988884721826816 move 10
Jibs_PC#4421988884721826816 attack 11 10
Jibs_PC#4421988884721826816 roll 3
Jibs_PC#4421988884721826816 roll 1
DICE 3 1 5 4 3 3 
Jibs_PC#4421988884721826816 move 4
Jibs_PC#4421988884721826816 attack 22 20
Jibs_PC#4421988884721826816 roll 3
Jibs_PC#4421988884721826816 roll 1
DICE 3 1 4 2 2 3 
Jibs_PC#4421988884721826816 move 9
Jibs_PC#4421988884721826816 attack 20 19
Jibs_PC#4421988884721826816 roll 3
Jibs_PC#4421988884721826816 roll 1
DICE 3 1 2 2 0 4 
Jibs_PC#4421988884721826816 roll 3
Jibs_PC#4421988884721826816 roll 1
DICE 3 1 3 1 0 2 
Jibs_PC#4421988884721826816 move 6
Jibs_PC#4421988884721826816 attack 19 18
Jibs_PC#4421988884721826816 roll 3
Jibs_PC#4421988884721826816 roll 1
DICE 3 1 3 2 2 3 
Jibs_PC#4421988884721826816 roll 3
Jibs_PC#4421988884721826816 roll 1
DICE 3 1 5 5 3 0 
Jibs_PC#4421988884721826816 move 3
Jibs_PC#4421988884721826816 attack 18 17
Jibs_PC#4421988884721826816 roll 2
Jibs_PC#4421988884721826816 roll 1
DICE 2 1 5 1 2 
Jibs_PC#4421988884721826816 endattack
Jibs_PC#4421988884721826816 movearmies 19 18 1
CARD 42
Jibs_PC#4421988884721826816 placearmies 5 2
Jibs_PC#4421988884721826816 placearmies 5 1
Jibs_PC#4421988884721826816 attack 5 9
Jibs_PC#4421988884721826816 roll 3
Jibs_PC#4421988884721826816 roll 1
DICE 3 1 4 3 3 4 
Jibs_PC#4421988884721826816 roll 3
Jibs_PC#4421988884721826816 roll 1
DICE 3 1 5 5 1 0 
Jibs_PC#4421988884721826816 endattack
Jibs_PC#4421988884721826816 movearmies 15 14 1
CARD 18
Jibs_PC#4421988884721826816 trade 37 38 wildcard
Jibs_PC#4421988884721826816 placearmies 29 13
Jibs_PC#4421988884721826816 attack 29 33
Jibs_PC#4421988884721826816 roll 3
Jibs_PC#4421988884721826816 roll 2
DICE 3 2 4 3 0 5 0 
Jibs_PC#4421988884721826816 roll 3
Jibs_PC#4421988884721826816 roll 1
DICE 3 1 3 1 0 4 
Jibs_PC#4421988884721826816 roll 3
Jibs_PC#4421988884721826816 roll 1
DICE 3 1 4 3 2 1 
Jibs_PC#4421988884721826816 move 12
Jibs_PC#4421988884721826816 attack 33 39
Jibs_PC#4421988884721826816 roll 3
Jibs_PC#4421988884721826816 roll 2
DICE 3 2 4 4 3 2 1 
Jibs_PC#4421988884721826816 roll 3
Jibs_PC#4421988884721826816 roll 2
DICE 3 2 3 3 1 4 0 
Jibs_PC#4421988884721826816 roll 3
Jibs_PC#4421988884721826816 roll 2
DICE 3 2 3 3 1 5 5 
Jibs_PC#4421988884721826816 roll 3
Jibs_PC#4421988884721826816 roll 2
DICE 3 2 5 1 0 1 0 
Jibs_PC#4421988884721826816 move 8
Jibs_PC#4421988884721826816 attack 39 41
Jibs_PC#4421988884721826816 roll 3
Jibs_PC#4421988884721826816 roll 1
DICE 3 1 4 4 1 2 
Jibs_PC#4421988884721826816 move 7
Jibs_PC#4421988884721826816 attack 41 42
Jibs_PC#4421988884721826816 roll 3
Jibs_PC#4421988884721826816 roll 1
DICE 3 1 5 4 3 3 
Jibs_PC#4421988884721826816 move 6
Jibs_PC#4421988884721826816 attack 42 40
Jibs_PC#4421988884721826816 roll 3
Jibs_PC#4421988884721826816 roll 2
DICE 3 2 4 2 0 3 2 
Jibs_PC#4421988884721826816 roll 3
Jibs_PC#4421988884721826816 roll 1
DICE 3 1 4 4 0 2 
Jibs_PC#4421988884721826816 move 3
Jibs_PC#4421988884721826816 endattack
Jibs_PC#4421988884721826816 movearmies 37 38 2
CARD 7
Jibs_PC#4421988884721826816 placearmies 16 7
Jibs_PC#4421988884721826816 placearmies 16 2
Jibs_PC#4421988884721826816 placearmies 31 1
Jibs_PC#4421988884721826816 attack 10 5
Jibs_PC#4421988884721826816 roll 3
Jibs_PC#4421988884721826816 roll 1
DICE 3 1 4 4 0 0 
Jibs_PC#4421988884721826816 attack 16 15
Jibs_PC#4421988884721826816 roll 3
Jibs_PC#4421988884721826816 roll 1
DICE 3 1 3 1 0 5 
Jibs_PC#4421988884721826816 roll 3
Jibs_PC#4421988884721826816 roll 1
DICE 3 1 5 4 1 0 
Jibs_PC#4421988884721826816 move 8
Jibs_PC#4421988884721826816 attack 15 14
Jibs_PC#4421988884721826816 roll 3
Jibs_PC#4421988884721826816 roll 2
DICE 3 2 4 4 1 1 1 
Jibs_PC#4421988884721826816 move 7
Jibs_PC#4421988884721826816 attack 14 6
Jibs_PC#4421988884721826816 roll 3
Jibs_PC#4421988884721826816 roll 1
DICE 3 1 5 4 1 5 
Jibs_PC#4421988884721826816 roll 3
Jibs_PC#4421988884721826816 roll 1
DICE 3 1 5 1 1 5 
Jibs_PC#4421988884721826816 roll 3
Jibs_PC#4421988884721826816 roll 1
DICE 3 1 3 2 1 2 
Jibs_PC#4421988884721826816 move 4
Jibs_PC#4421988884721826816 endattack
Jibs_PC#4421988884721826816 movearmies 18 16 1
CARD 14
Jibs_PC#4421988884721826816 placearmies 9 3
Jibs_PC#4421988884721826816 attack 9 5
Jibs_PC#4421988884721826816 roll 3
Jibs_PC#4421988884721826816 roll 2
DICE 3 2 5 4 0 5 0 
Jibs_PC#4421988884721826816 roll 3
Jibs_PC#4421988884721826816 roll 2
DICE 3 2 4 3 0 0 0 
Jibs_PC#4421988884721826816 move 4
Jibs_PC#4421988884721826816 attack 5 10
Jibs_PC#4421988884721826816 roll 3
Jibs_PC#4421988884721826816 roll 1
DICE 3 1 5 4 2 4 
Jibs_PC#4421988884721826816 endattack
Jibs_PC#4421988884721826816 nomove
CARD 33
Jibs_PC#4421988884721826816 placearmies 30 6
Jibs_PC#4421988884721826816 attack 30 16
Jibs_PC#4421988884721826816 roll 3
Jibs_PC#4421988884721826816 roll 2
DICE 3 2 4 4 2 5 1 
Jibs_PC#4421988884721826816 roll 3
Jibs_PC#4421988884721826816 roll 2
DICE 3 2 2 2 2 5 4 
Jibs_PC#4421988884721826816 roll 3
Jibs_PC#4421988884721826816 roll 2
DICE 3 2 2 0 0 2 1 
Jibs_PC#4421988884721826816 retreat
Jibs_PC#4421988884721826816 attack 30 32
Jibs_PC#4421988884721826816 roll 2
Jibs_PC#4421988884721826816 roll 1
DICE 2 1 5 5 5 
Jibs_PC#4421988884721826816 retreat
Jibs_PC#4421988884721826816 attack 38 1
Jibs_PC#4421988884721826816 roll 3
Jibs_PC#4421988884721826816 roll 1
DICE 3 1 5 1 0 3 
Jibs_PC#4421988884721826816 endattack
Jibs_PC#4421988884721826816 movearmies 1 38 2
CARD 8
Jibs_PC#4421988884721826816 trade 19 42 14
Jibs_PC#4421988884721826816 placearmies 12 7
Jibs_PC#4421988884721826816 placearmies 11 7
Jibs_PC#4421988884721826816 placearmies 6 4
Jibs_PC#4421988884721826816 attack 11 10
Jibs_PC#4421988884721826816 roll 3
Jibs_PC#4421988884721826816 roll 2
DICE 3 2 5 4 0 5 3 
Jibs_PC#4421988884721826816 roll 3
Jibs_PC#4421988884721826816 roll 2
DICE 3 2 4 2 0 4 3 
Jibs_PC#4421988884721826816 retreat
Jibs_PC#4421988884721826816 attack 12 10
Jibs_PC#4421988884721826816 roll 3
Jibs_PC#4421988884721826816 roll 2
DICE 3 2 5 1 0 4 4 
Jibs_PC#4421988884721826816 roll 3
Jibs_PC#4421988884721826816 roll 1
DICE 3 1 4 4 1 5 
Jibs_PC#4421988884721826816 retreat
Jibs_PC#4421988884721826816 attack 11 10
Jibs_PC#4421988884721826816 roll 3
Jibs_PC#4421988884721826816 roll 1
DICE 3 1 5 3 2 1 
Jibs_PC#4421988884721826816 move 4
Jibs_PC#4421988884721826816 attack 10 5
Jibs_PC#4421988884721826816 roll 3
Jibs_PC#4421988884721826816 roll 1
DICE 3 1 4 4 3 1 
Jibs_PC#4421988884721826816 attack 5 9
Jibs_PC#4421988884721826816 roll 2
Jibs_PC#4421988884721826816 roll 1
DICE 2 1 2 0 2 
Jibs_PC#4421988884721826816 retreat
Jibs_PC#4421988884721826816 attack 6 8
Jibs_PC#4421988884721826816 roll 3
Jibs_PC#4421988884721826816 roll 1
DICE 3 1 5 4 1 4 
Jibs_PC#4421988884721826816 move 6
Jibs_PC#4421988884721826816 attack 8 9
Jibs_PC#4421988884721826816 roll 3
Jibs_PC#4421988884721826816 roll 1
DICE 3 1 2 2 1 5 
Jibs_PC#4421988884721826816 roll 3
Jibs_PC#4421988884721826816 roll 1
DICE 3 1 3 0 0 1 
Jibs_PC#4421988884721826816 move 4
Jibs_PC#4421988884721826816 attack 9 7
Jibs_PC#4421988884721826816 roll 3
Jibs_PC#4421988884721826816 roll 1
DICE 3 1 5 3 1 0 
Jibs_PC#4421988884721826816 attack 7 4
Jibs_PC#4421988884721826816 roll 2
Jibs_PC#4421988884721826816 roll 1
DICE 2 1 3 2 2 
Jibs_PC#4421988884721826816 endattack
Jibs_PC#4421988884721826816 movearmies 5 4 1
CARD 21
Jibs_PC#4421988884721826816 trade 28 26 33
Jibs_PC#4421988884721826816 placearmies 3 3
Jibs_PC#4421988884721826816 placearmies 3 10
Jibs_PC#4421988884721826816 attack 3 4
Jibs_PC#4421988884721826816 roll 3
Jibs_PC#4421988884721826816 roll 2
DICE 3 2 5 5 1 5 2 
Jibs_PC#4421988884721826816 roll 3
Jibs_PC#4421988884721826816 roll 2
DICE 3 2 5 2 2 3 0 
Jibs_PC#4421988884721826816 move 12
Jibs_PC#4421988884721826816 attack 4 5
Jibs_PC#4421988884721826816 roll 3
Jibs_PC#4421988884721826816 roll 1
DICE 3 1 3 3 0 3 
Jibs_PC#4421988884721826816 roll 3
Jibs_PC#4421988884721826816 roll 1
DICE 3 1 3 2 2 2 
Jibs_PC#4421988884721826816 move 10
Jibs_PC#4421988884721826816 attack 5 10
Jibs_PC#4421988884721826816 roll 3
Jibs_PC#4421988884721826816 roll 1
DICE 3 1 4 0 0 5 
Jibs_PC#4421988884721826816 roll 3
Jibs_PC#4421988884721826816 roll 1
DICE 3 1 5 5 4 5 
Jibs_PC#4421988884721826816 roll 3
Jibs_PC#4421988884721826816 roll 1
DICE 3 1 5 4 3 0 
Jibs_PC#4421988884721826816 move 7
Jibs_PC#4421988884721826816 attack 10 11
Jibs_PC#4421988884721826816 roll 3
Jibs_PC#4421988884721826816 roll 1
DICE 3 1 5 3 2 0 
Jibs_PC#4421988884721826816 move 6
Jibs_PC#4421988884721826816 attack 11 13
Jibs_PC#4421988884721826816 roll 3
Jibs_PC#4421988884721826816 roll 1
DICE 3 1 3 1 0 4 
Jibs_PC#4421988884721826816 roll 3
Jibs_PC#4421988884721826816 roll 1
DICE 3 1 5 4 4 3 
Jibs_PC#4421988884721826816 move 4
Jibs_PC#4421988884721826816 endattack
Jibs_PC#4421988884721826816 nomove
CARD 11
Jibs_PC#4421988884721826816 trade 3 7 8
Jibs_PC#4421988884721826816 placearmies 30 4
Jibs_PC#4421988884721826816 placearmies 30 3
Jibs_PC#4421988884721826816 placearmies 33 1
Jibs_PC#4421988884721826816 placearmies 30 3
Jibs_PC#4421988884721826816 placearmies 30 6
Jibs_PC#4421988884721826816 attack 30 16
Jibs_PC#4421988884721826816 roll 3
Jibs_PC#4421988884721826816 roll 2
DICE 3 2 5 4 3 5 2 
Jibs_PC#4421988884721826816 roll 3
Jibs_PC#4421988884721826816 roll 1
DICE 3 1 2 1 1 0 
Jibs_PC#4421988884721826816 move 16
Jibs_PC#4421988884721826816 attack 16 20
Jibs_PC#4421988884721826816 roll 3
Jibs_PC#4421988884721826816 roll 2
DICE 3 2 5 5 4 2 1 
Jibs_PC#4421988884721826816 move 15
Jibs_PC#4421988884721826816 attack 20 22
Jibs_PC#4421988884721826816 roll 3
Jibs_PC#4421988884721826816 roll 1
DICE 3 1 5 2 0 1 
Jibs_PC#4421988884721826816 move 14
Jibs_PC#4421988884721826816 attack 22 31
Jibs_PC#4421988884721826816 roll 3
Jibs_PC#4421988884721826816 roll 2
DICE 3 2 4 3 1 4 4 
Jibs_PC#4421988884721826816 roll 3
Jibs_PC#4421988884721826816 roll 2
DICE 3 2 3 3 2 3 2 
Jibs_PC#4421988884721826816 roll 3
Jibs_PC#4421988884721826816 roll 1
DICE 3 1 5 5 5 5 
Jibs_PC#4421988884721826816 roll 3
Jibs_PC#4421988884721826816 roll 1
DICE 3 1 5 3 3 5 
Jibs_PC#4421988884721826816 roll 3
Jibs_PC#4421988884721826816 roll 1
DICE 3 1 0 0 0 2 
Jibs_PC#4421988884721826816 roll 3
Jibs_PC#4421988884721826816 roll 1
DICE 3 1 5 3 2 3 
Jibs_PC#4421988884721826816 move 5
Jibs_PC#4421988884721826816 attack 31 32
Jibs_PC#4421988884721826816 roll 3
Jibs_PC#4421988884721826816 roll 1
DICE 3 1 5 2 0 1 
Jibs_PC#4421988884721826816 move 3
Jibs_PC#4421988884721826816 endattack
Jibs_PC#4421988884721826816 movearmies 31 16 1
CARD 29
Jibs_PC#4421988884721826816 placearmies 19 5
Jibs_PC#4421988884721826816 attack 19 20
Jibs_PC#4421988884721826816 roll 3
Jibs_PC#4421988884721826816 roll 1
DICE 3 1 4 3 1 4 
Jibs_PC#4421988884721826816 roll 3
Jibs_PC#4421988884721826816 roll 1
DICE 3 1 5 5 2 0 
Jibs_PC#4421988884721826816 move 6
Jibs_PC#4421988884721826816 attack 20 31
Jibs_PC#4421988884721826816 roll 3
Jibs_PC#4421988884721826816 roll 1
DICE 3 1 5 4 2 0 
Jibs_PC#4421988884721826816 move 5
Jibs_PC#4421988884721826816 attack 31 22
Jibs_PC#4421988884721826816 roll 3
Jibs_PC#4421988884721826816 roll 2
DICE 3 2 5 3 2 3 0 
Jibs_PC#4421988884721826816 roll 3
Jibs_PC#4421988884721826816 roll 1
DICE 3 1 5 4 2 3 
Jibs_PC#4421988884721826816 move 3
Jibs_PC#4421988884721826816 attack 12 11
Jibs_PC#4421988884721826816 roll 3
Jibs_PC#4421988884721826816 roll 1
DICE 3 1 5 5 1 5 
Jibs_PC#4421988884721826816 roll 3
Jibs_PC#4421988884721826816 roll 1
DICE 3 1 4 3 2 5 
Jibs_PC#4421988884721826816 retreat
Jibs_PC#4421988884721826816 endattack
Jibs_PC#4421988884721826816 movearmies 22 20 2
CARD 4
Jibs_PC#4421988884721826816 placearmies 4 3
Jibs_PC#4421988884721826816 attack 4 9
Jibs_PC#4421988884721826816 roll 3
Jibs_PC#4421988884721826816 roll 1
DICE 3 1 4 4 0 5 
Jibs_PC#4421988884721826816 roll 2
Jibs_PC#4421988884721826816 roll 1
DICE 2 1 1 0 5 
Jibs_PC#4421988884721826816 retreat
Jibs_PC#4421988884721826816 attack 13 12
Jibs_PC#4421988884721826816 roll 3
Jibs_PC#4421988884721826816 roll 2
DICE 3 2 2 1 0 5 0 
Jibs_PC#4421988884721826816 retreat
Jibs_PC#4421988884721826816 attack 13 12
Jibs_PC#4421988884721826816 roll 2
Jibs_PC#4421988884721826816 roll 2
DICE 2 2 5 2 5 4 
Jibs_PC#4421988884721826816 endattack
Jibs_PC#4421988884721826816 nomove
CARD 
Jibs_PC#4421988884721826816 placearmies 32 3
Jibs_PC#4421988884721826816 placearmies 30 1
Jibs_PC#4421988884721826816 placearmies 1 1
Jibs_PC#4421988884721826816 placearmies 16 1
Jibs_PC#4421988884721826816 placearmies 16 1
Jibs_PC#4421988884721826816 attack 32 31
Jibs_PC#4421988884721826816 roll 3
Jibs_PC#4421988884721826816 roll 2
DICE 3 2 5 4 4 4 3 
Jibs_PC#4421988884721826816 move 5
Jibs_PC#4421988884721826816 attack 31 22
Jibs_PC#4421988884721826816 roll 3
Jibs_PC#4421988884721826816 roll 1
DICE 3 1 4 4 2 2 
Jibs_PC#4421988884721826816 move 3
Jibs_PC#4421988884721826816 endattack
Jibs_PC#4421988884721826816 movearmies 22 31 2
CARD 9
Jibs_PC#4421988884721826816 placearmies 20 5
Jibs_PC#4421988884721826816 attack 20 31
Jibs_PC#4421988884721826816 roll 3
Jibs_PC#4421988884721826816 roll 2
DICE 3 2 5 4 2 4 1 
Jibs_PC#4421988884721826816 roll 3
Jibs_PC#4421988884721826816 roll 2
DICE 3 2 5 3 0 4 2 
Jibs_PC#4421988884721826816 move 7
Jibs_PC#4421988884721826816 attack 31 22
Jibs_PC#4421988884721826816 roll 3
Jibs_PC#4421988884721826816 roll 1
DICE 3 1 5 4 0 0 
Jibs_PC#4421988884721826816 move 3
Jibs_PC#4421988884721826816 endattack
Jibs_PC#4421988884721826816 movearmies 22 20 2
CARD wildcard
Jibs_PC#4421988884721826816 placearmies 4 2
Jibs_PC#4421988884721826816 placearmies 4 1
Jibs_PC#4421988884721826816 attack 4 7
Jibs_PC#4421988884721826816 roll 3
Jibs_PC#4421988884721826816 roll 1
DICE 3 1 5 4 1 4 
Jibs_PC#4421988884721826816 move 4
Jibs_PC#4421988884721826816 endattack
Jibs_PC#4421988884721826816 nomove
CARD 23
Jibs_PC#4421988884721826816 placearmies 16 5
Jibs_PC#4421988884721826816 placearmies 32 1
Jibs_PC#4421988884721826816 placearmies 30 1
Jibs_PC#4421988884721826816 attack 16 31
Jibs_PC#4421988884721826816 roll 3
Jibs_PC#4421988884721826816 roll 2
DICE 3 2 4 1 1 4 1 
Jibs_PC#4421988884721826816 roll 3
Jibs_PC#4421988884721826816 roll 2
DICE 3 2 4 1 0 3 3 
Jibs_PC#4421988884721826816 roll 3
Jibs_PC#4421988884721826816 roll 2
DICE 3 2 4 2 1 5 3 
Jibs_PC#4421988884721826816 roll 3
Jibs_PC#4421988884721826816 roll 2
DICE 3 2 4 4 0 4 1 
Jibs_PC#4421988884721826816 retreat
Jibs_PC#4421988884721826816 attack 16 18
Jibs_PC#4421988884721826816 roll 2
Jibs_PC#4421988884721826816 roll 1
DICE 2 1 4 3 0 
Jibs_PC#4421988884721826816 endattack
Jibs_PC#4421988884721826816 movearmies 18 16 1
CARD 27
Jibs_PC#4421988884721826816 trade 21 4 wildcard
Jibs_PC#4421988884721826816 placearmies 12 11
Jibs_PC#4421988884721826816 placearmies 19 1
Jibs_PC#4421988884721826816 attack 12 13
Jibs_PC#4421988884721826816 roll 3
Jibs_PC#4421988884721826816 roll 1
DICE 3 1 3 2 1 4 
Jibs_PC#4421988884721826816 roll 3
Jibs_PC#4421988884721826816 roll 1
DICE 3 1 2 1 0 0 
Jibs_PC#4421988884721826816 move 11
Jibs_PC#4421988884721826816 attack 13 11
Jibs_PC#4421988884721826816 roll 3
Jibs_PC#4421988884721826816 roll 1
DICE 3 1 5 3 1 4 
Jibs_PC#4421988884721826816 move 10
Jibs_PC#4421988884721826816 attack 11 10
Jibs_PC#4421988884721826816 roll 3
Jibs_PC#4421988884721826816 roll 1
DICE 3 1 5 3 2 1 
Jibs_PC#4421988884721826816 move 9
Jibs_PC#4421988884721826816 attack 10 5
Jibs_PC#4421988884721826816 roll 3
Jibs_PC#4421988884721826816 roll 1
DICE 3 1 3 2 0 1 
Jibs_PC#4421988884721826816 move 8
Jibs_PC#4421988884721826816 attack 5 4
Jibs_PC#4421988884721826816 roll 3
Jibs_PC#4421988884721826816 roll 1
DICE 3 1 5 4 4 4 
Jibs_PC#4421988884721826816 move 7
Jibs_PC#4421988884721826816 attack 4 3
Jibs_PC#4421988884721826816 roll 3
Jibs_PC#4421988884721826816 roll 1
DICE 3 1 4 3 1 5 
Jibs_PC#4421988884721826816 roll 3
Jibs_PC#4421988884721826816 roll 1
DICE 3 1 3 1 0 2 
Jibs_PC#4421988884721826816 move 4
Jibs_PC#4421988884721826816 attack 3 1
Jibs_PC#4421988884721826816 roll 3
Jibs_PC#4421988884721826816 roll 2
DICE 3 2 5 4 3 5 3 
Jibs_PC#4421988884721826816 roll 2
Jibs_PC#4421988884721826816 roll 1
DICE 2 1 3 2 4 
Jibs_PC#4421988884721826816 retreat
Jibs_PC#4421988884721826816 attack 20 18
Jibs_PC#4421988884721826816 roll 2
Jibs_PC#4421988884721826816 roll 1
DICE 2 1 2 1 5 
Jibs_PC#4421988884721826816 retreat
Jibs_PC#4421988884721826816 endattack
Jibs_PC#4421988884721826816 movearmies 3 4 1
CARD 20
Jibs_PC#4421988884721826816 trade 18 11 23
Jibs_PC#4421988884721826816 placearmies 7 7
Jibs_PC#4421988884721826816 placearmies 7 2
Jibs_PC#4421988884721826816 attack 7 9
Jibs_PC#4421988884721826816 roll 3
Jibs_PC#4421988884721826816 roll 1
DICE 3 1 4 2 0 0 
Jibs_PC#4421988884721826816 move 12
Jibs_PC#4421988884721826816 attack 9 5
Jibs_PC#4421988884721826816 roll 3
Jibs_PC#4421988884721826816 roll 1
DICE 3 1 3 3 2 4 
Jibs_PC#4421988884721826816 roll 3
Jibs_PC#4421988884721826816 roll 1
DICE 3 1 4 3 0 3 
Jibs_PC#4421988884721826816 move 10
Jibs_PC#4421988884721826816 attack 5 10
Jibs_PC#4421988884721826816 roll 3
Jibs_PC#4421988884721826816 roll 1
DICE 3 1 5 4 0 0 
Jibs_PC#4421988884721826816 move 9
Jibs_PC#4421988884721826816 attack 10 12
Jibs_PC#4421988884721826816 roll 3
Jibs_PC#4421988884721826816 roll 2
DICE 3 2 5 4 3 3 3 
Jibs_PC#4421988884721826816 move 8
Jibs_PC#4421988884721826816 attack 12 21
Jibs_PC#4421988884721826816 roll 3
Jibs_PC#4421988884721826816 roll 2
DICE 3 2 4 4 2 2 0 
Jibs_PC#4421988884721826816 roll 3
Jibs_PC#4421988884721826816 roll 2
DICE 3 2 5 2 0 4 2 
Jibs_PC#4421988884721826816 roll 3
Jibs_PC#4421988884721826816 roll 1
DICE 3 1 4 3 1 0 
Jibs_PC#4421988884721826816 move 6
Jibs_PC#4421988884721826816 attack 21 24
Jibs_PC#4421988884721826816 roll 3
Jibs_PC#4421988884721826816 roll 1
DICE 3 1 4 2 0 3 
Jibs_PC#4421988884721826816 move 5
Jibs_PC#4421988884721826816 attack 24 26
Jibs_PC#4421988884721826816 roll 3
Jibs_PC#4421988884721826816 roll 1
DICE 3 1 5 3 0 3 
Jibs_PC#4421988884721826816 move 4
Jibs_PC#4421988884721826816 attack 26 25
Jibs_PC#4421988884721826816 roll 3
Jibs_PC#4421988884721826816 roll 2
DICE 3 2 5 3 1 4 1 
Jibs_PC#4421988884721826816 attack 25 23
Jibs_PC#4421988884721826816 roll 2
Jibs_PC#4421988884721826816 roll 1
DICE 2 1 5 3 2 
Jibs_PC#4421988884721826816 endattack
Jibs_PC#4421988884721826816 movearmies 23 24 1
CARD 2
Jibs_PC#4421988884721826816 placearmies 30 3
Jibs_PC#4421988884721826816 placearmies 1 1
Jibs_PC#4421988884721826816 placearmies 16 3
Jibs_PC#4421988884721826816 placearmies 18 1
Jibs_PC#4421988884721826816 attack 30 31
Jibs_PC#4421988884721826816 roll 3
Jibs_PC#4421988884721826816 roll 2
DICE 3 2 5 2 0 5 0 
Jibs_PC#4421988884721826816 roll 3
Jibs_PC#4421988884721826816 roll 1
DICE 3 1 2 0 0 5 
Jibs_PC#4421988884721826816 roll 3
Jibs_PC#4421988884721826816 roll 1
DICE 3 1 4 3 0 3 
Jibs_PC#4421988884721826816 attack 16 15
Jibs_PC#4421988884721826816 roll 3
Jibs_PC#4421988884721826816 roll 1
DICE 3 1 3 2 0 4 
Jibs_PC#4421988884721826816 roll 3
Jibs_PC#4421988884721826816 roll 1
DICE 3 1 5 1 1 4 
Jibs_PC#4421988884721826816 endattack
Jibs_PC#4421988884721826816 movearmies 18 16 1
CARD 32
Jibs_PC#4421988884721826816 placearmies 19 3
Jibs_PC#4421988884721826816 attack 19 18
Jibs_PC#4421988884721826816 roll 3
Jibs_PC#4421988884721826816 roll 1
DICE 3 1 3 1 0 4 
Jibs_PC#4421988884721826816 roll 3
Jibs_PC#4421988884721826816 roll 1
DICE 3 1 1 0 0 2 
Jibs_PC#4421988884721826816 roll 2
Jibs_PC#4421988884721826816 roll 1
DICE 2 1 3 0 4 
Jibs_PC#4421988884721826816 retreat
Jibs_PC#4421988884721826816 attack 4 9
Jibs_PC#4421988884721826816 roll 2
Jibs_PC#4421988884721826816 roll 1
DICE 2 1 5 3 4 
Jibs_PC#4421988884721826816 endattack
Jibs_PC#4421988884721826816 nomove
CARD 35
Jibs_PC#4421988884721826816 placearmies 24 2
Jibs_PC#4421988884721826816 placearmies 24 1
Jibs_PC#4421988884721826816 attack 24 22
Jibs_PC#4421988884721826816 roll 3
Jibs_PC#4421988884721826816 roll 1
DICE 3 1 5 4 3 5 
Jibs_PC#4421988884721826816 roll 3
Jibs_PC#4421988884721826816 roll 1
DICE 3 1 5 3 0 0 
Jibs_PC#4421988884721826816 endattack
Jibs_PC#4421988884721826816 nomove
CARD 41
Jibs_PC#4421988884721826816 trade 29 9 32
Jibs_PC#4421988884721826816 placearmies 18 9
Jibs_PC#4421988884721826816 placearmies 31 16
Jibs_PC#4421988884721826816 attack 18 20
Jibs_PC#4421988884721826816 roll 3
Jibs_PC#4421988884721826816 roll 2
DICE 3 2 2 1 1 5 4 
Jibs_PC#4421988884721826816 roll 3
Jibs_PC#4421988884721826816 roll 2
DICE 3 2 4 4 1 5 1 
Jibs_PC#4421988884721826816 roll 3
Jibs_PC#4421988884721826816 roll 1
DICE 3 1 2 2 0 1 
Jibs_PC#4421988884721826816 move 5
Jibs_PC#4421988884721826816 attack 31 22
Jibs_PC#4421988884721826816 roll 3
Jibs_PC#4421988884721826816 roll 2
DICE 3 2 4 3 0 2 2 
Jibs_PC#4421988884721826816 roll 3
Jibs_PC#4421988884721826816 roll 1
DICE 3 1 5 3 3 0 
Jibs_PC#4421988884721826816 move 18
Jibs_PC#4421988884721826816 attack 15 14
Jibs_PC#4421988884721826816 roll 2
Jibs_PC#4421988884721826816 roll 1
DICE 2 1 5 1 5 
Jibs_PC#4421988884721826816 retreat
Jibs_PC#4421988884721826816 attack 20 19
Jibs_PC#4421988884721826816 roll 3
Jibs_PC#4421988884721826816 roll 2
DICE 3 2 4 4 1 3 2 
Jibs_PC#4421988884721826816 move 3
Jibs_PC#4421988884721826816 attack 19 21
Jibs_PC#4421988884721826816 roll 2
Jibs_PC#4421988884721826816 roll 1
DICE 2 1 2 1 3 
Jibs_PC#4421988884721826816 retreat
Jibs_PC#4421988884721826816 attack 22 24
Jibs_PC#4421988884721826816 roll 3
Jibs_PC#4421988884721826816 roll 1
DICE 3 1 5 4 0 4 
Jibs_PC#4421988884721826816 move 16
Jibs_PC#4421988884721826816 attack 24 26
Jibs_PC#4421988884721826816 roll 3
Jibs_PC#4421988884721826816 roll 1
DICE 3 1 5 3 0 2 
Jibs_PC#4421988884721826816 move 15
Jibs_PC#4421988884721826816 attack 26 25
Jibs_PC#4421988884721826816 roll 3
Jibs_PC#4421988884721826816 roll 1
DICE 3 1 2 2 0 4 
Jibs_PC#4421988884721826816 roll 3
Jibs_PC#4421988884721826816 roll 1
DICE 3 1 5 2 0 5 
Jibs_PC#4421988884721826816 roll 3
Jibs_PC#4421988884721826816 roll 1
DICE 3 1 0 0 0 4 
Jibs_PC#4421988884721826816 roll 3
Jibs_PC#4421988884721826816 roll 1
DICE 3 1 4 3 1 0 
Jibs_PC#4421988884721826816 move 11
Jibs_PC#4421988884721826816 attack 25 23
Jibs_PC#4421988884721826816 roll 3
Jibs_PC#4421988884721826816 roll 1
DICE 3 1 5 3 2 4 
Jibs_PC#4421988884721826816 move 10
Jibs_PC#4421988884721826816 attack 23 21
Jibs_PC#4421988884721826816 roll 3
Jibs_PC#4421988884721826816 roll 1
DICE 3 1 5 5 5 4 
Jibs_PC#4421988884721826816 move 9
Jibs_PC#4421988884721826816 attack 21 12
Jibs_PC#4421988884721826816 roll 3
Jibs_PC#4421988884721826816 roll 1
DICE 3 1 4 2 1 4 
Jibs_PC#4421988884721826816 roll 3
Jibs_PC#4421988884721826816 roll 1
DICE 3 1 5 3 0 0 
Jibs_PC#4421988884721826816 move 7
Jibs_PC#4421988884721826816 attack 12 13
Jibs_PC#4421988884721826816 roll 3
Jibs_PC#4421988884721826816 roll 1
DICE 3 1 4 2 0 1 
Jibs_PC#4421988884721826816 move 5
Jibs_PC#4421988884721826816 attack 13 11
Jibs_PC#4421988884721826816 roll 3
Jibs_PC#4421988884721826816 roll 1
DICE 3 1 4 3 1 0 
Jibs_PC#4421988884721826816 move 4
Jibs_PC#4421988884721826816 attack 11 10
Jibs_PC#4421988884721826816 roll 3
Jibs_PC#4421988884721826816 roll 1
DICE 3 1 4 2 1 4 
Jibs_PC#4421988884721826816 roll 2
Jibs_PC#4421988884721826816 roll 1
DICE 2 1 1 0 2 
Jibs_PC#4421988884721826816 retreat
Jibs_PC#4421988884721826816 endattack
Jibs_PC#4421988884721826816 movearmies 11 12 1
CARD 25
Jibs_PC#4421988884721826816 placearmies 6 2
Jibs_PC#4421988884721826816 placearmies 6 1
Jibs_PC#4421988884721826816 attack 6 7
Jibs_PC#4421988884721826816 roll 3
Jibs_PC#4421988884721826816 roll 1
DICE 3 1 2 2 0 1 
Jibs_PC#4421988884721826816 move 4
Jibs_PC#4421988884721826816 endattack
Jibs_PC#4421988884721826816 nomove
CARD 36
Jibs_PC#4421988884721826816 placearmies 10 3
Jibs_PC#4421988884721826816 attack 10 11
Jibs_PC#4421988884721826816 roll 3
Jibs_PC#4421988884721826816 roll 1
DICE 3 1 5 4 0 4 
Jibs_PC#4421988884721826816 endattack
Jibs_PC#4421988884721826816 nomove
CARD 1
Jibs_PC#4421988884721826816 placearmies 12 14
Jibs_PC#4421988884721826816 placearmies 15 7
Jibs_PC#4421988884721826816 placearmies 15 1
Jibs_PC#4421988884721826816 attack 15 17
Jibs_PC#4421988884721826816 roll 3
Jibs_PC#4421988884721826816 roll 2
DICE 3 2 5 4 2 3 1 
Jibs_PC#4421988884721826816 move 8
Jibs_PC#4421988884721826816 attack 17 14
Jibs_PC#4421988884721826816 roll 3
Jibs_PC#4421988884721826816 roll 1
DICE 3 1 5 4 0 4 
Jibs_PC#4421988884721826816 move 7
