Jibs_PC#3436075244940464128 newplayer ai hard green s0914007
Jibs_PC#3436075244940464128 newplayer ai hard blue bob
Jibs_PC#3436075244940464128 newplayer ai hard red fred
Jibs_PC#3436075244940464128 newplayer ai hard cyan ted
Jibs_PC#3436075244940464128 newplayer ai hard magenta yura
Jibs_PC#3436075244940464128 newplayer ai hard yellow lala
Jibs_PC#3436075244940464128 startgame mission fixed autoplaceall recycle
PLAYER lala
MISSION 4 4 2 0 1 0
PLACEALL 10 7 6 19 22 15 30 27 3 5 26 14 24 34 23 28 4 37 33 42 21 39 18 20 2 17 1 8 36 40 35 13 25 11 9 38 41 16 29 31 32 12
Jibs_PC#3436075244940464128 placearmies 41 1
CARD 
Jibs_PC#3436075244940464128 placearmies 42 1
CARD 
Jibs_PC#3436075244940464128 placearmies 6 1
CARD 
Jibs_PC#3436075244940464128 placearmies 39 1
CARD 
Jibs_PC#3436075244940464128 placearmies 22 1
CARD 
Jibs_PC#3436075244940464128 placearmies 12 1
CARD 
Jibs_PC#3436075244940464128 placearmies 41 1
CARD 
Jibs_PC#3436075244940464128 placearmies 42 1
CARD 
Jibs_PC#3436075244940464128 placearmies 6 1
CARD 
Jibs_PC#3436075244940464128 placearmies 39 1
CARD 
Jibs_PC#3436075244940464128 placearmies 22 1
CARD 
Jibs_PC#3436075244940464128 placearmies 12 1
CARD 
Jibs_PC#3436075244940464128 placearmies 41 1
CARD 
Jibs_PC#3436075244940464128 placearmies 42 1
CARD 
Jibs_PC#3436075244940464128 placearmies 6 1
CARD 
Jibs_PC#3436075244940464128 placearmies 39 1
CARD 
Jibs_PC#3436075244940464128 placearmies 22 1
CARD 
Jibs_PC#3436075244940464128 placearmies 12 1
CARD 
Jibs_PC#3436075244940464128 placearmies 41 1
CARD 
Jibs_PC#3436075244940464128 placearmies 42 1
CARD 
Jibs_PC#3436075244940464128 placearmies 6 1
CARD 
Jibs_PC#3436075244940464128 placearmies 39 1
CARD 
Jibs_PC#3436075244940464128 placearmies 22 1
CARD 
Jibs_PC#3436075244940464128 placearmies 12 1
CARD 
Jibs_PC#3436075244940464128 placearmies 41 1
CARD 
Jibs_PC#3436075244940464128 placearmies 42 1
CARD 
Jibs_PC#3436075244940464128 placearmies 6 1
CARD 
Jibs_PC#3436075244940464128 placearmies 39 1
CARD 
Jibs_PC#3436075244940464128 placearmies 22 1
CARD 
Jibs_PC#3436075244940464128 placearmies 12 1
CARD 
Jibs_PC#3436075244940464128 placearmies 41 1
CARD 
Jibs_PC#3436075244940464128 placearmies 42 1
CARD 
Jibs_PC#3436075244940464128 placearmies 6 1
CARD 
Jibs_PC#3436075244940464128 placearmies 39 1
CARD 
Jibs_PC#3436075244940464128 placearmies 22 1
CARD 
Jibs_PC#3436075244940464128 placearmies 12 1
CARD 
Jibs_PC#3436075244940464128 placearmies 41 1
CARD 
Jibs_PC#3436075244940464128 placearmies 42 1
CARD 
Jibs_PC#3436075244940464128 placearmies 6 1
CARD 
Jibs_PC#3436075244940464128 placearmies 39 1
CARD 
Jibs_PC#3436075244940464128 placearmies 22 1
CARD 
Jibs_PC#3436075244940464128 placearmies 12 1
CARD 
Jibs_PC#3436075244940464128 placearmies 10 1
CARD 
Jibs_PC#3436075244940464128 placearmies 7 1
CARD 
Jibs_PC#3436075244940464128 placearmies 6 1
CARD 
Jibs_PC#3436075244940464128 placearmies 39 1
CARD 
Jibs_PC#3436075244940464128 placearmies 22 1
CARD 
Jibs_PC#3436075244940464128 placearmies 12 1
CARD 
Jibs_PC#3436075244940464128 placearmies 41 1
CARD 
Jibs_PC#3436075244940464128 placearmies 42 1
CARD 
Jibs_PC#3436075244940464128 placearmies 6 1
CARD 
Jibs_PC#3436075244940464128 placearmies 39 1
CARD 
Jibs_PC#3436075244940464128 placearmies 22 1
CARD 
Jibs_PC#3436075244940464128 placearmies 12 1
CARD 
Jibs_PC#3436075244940464128 placearmies 41 1
CARD 
Jibs_PC#3436075244940464128 placearmies 42 1
CARD 
Jibs_PC#3436075244940464128 placearmies 6 1
CARD 
Jibs_PC#3436075244940464128 placearmies 39 1
CARD 
Jibs_PC#3436075244940464128 placearmies 22 1
CARD 
Jibs_PC#3436075244940464128 placearmies 12 1
CARD 
Jibs_PC#3436075244940464128 placearmies 41 1
CARD 
Jibs_PC#3436075244940464128 placearmies 42 1
CARD 
Jibs_PC#3436075244940464128 placearmies 6 1
CARD 
Jibs_PC#3436075244940464128 placearmies 39 1
CARD 
Jibs_PC#3436075244940464128 placearmies 22 1
CARD 
Jibs_PC#3436075244940464128 placearmies 12 1
CARD 
Jibs_PC#3436075244940464128 placearmies 41 1
CARD 
Jibs_PC#3436075244940464128 placearmies 42 1
CARD 
Jibs_PC#3436075244940464128 placearmies 6 1
CARD 
Jibs_PC#3436075244940464128 placearmies 39 1
CARD 
Jibs_PC#3436075244940464128 placearmies 22 1
CARD 
Jibs_PC#3436075244940464128 placearmies 12 1
CARD 
Jibs_PC#3436075244940464128 placearmies 41 1
CARD 
Jibs_PC#3436075244940464128 placearmies 42 1
CARD 
Jibs_PC#3436075244940464128 placearmies 6 1
CARD 
Jibs_PC#3436075244940464128 placearmies 39 1
CARD 
Jibs_PC#3436075244940464128 placearmies 22 1
CARD 
Jibs_PC#3436075244940464128 placearmies 12 1
CARD 
Jibs_PC#3436075244940464128 placearmies 41 3
Jibs_PC#3436075244940464128 attack 41 39
Jibs_PC#3436075244940464128 roll 3
Jibs_PC#3436075244940464128 roll 2
DICE 3 2 3 2 1 4 4 
Jibs_PC#3436075244940464128 roll 3
Jibs_PC#3436075244940464128 roll 2
DICE 3 2 2 0 0 4 4 
Jibs_PC#3436075244940464128 retreat
Jibs_PC#3436075244940464128 attack 41 40
Jibs_PC#3436075244940464128 roll 3
Jibs_PC#3436075244940464128 roll 1
DICE 3 1 5 4 0 4 
Jibs_PC#3436075244940464128 move 11
Jibs_PC#3436075244940464128 endattack
Jibs_PC#3436075244940464128 nomove
CARD 18
Jibs_PC#3436075244940464128 placearmies 7 3
Jibs_PC#3436075244940464128 attack 42 40
Jibs_PC#3436075244940464128 roll 3
Jibs_PC#3436075244940464128 roll 2
DICE 3 2 4 3 1 4 0 
Jibs_PC#3436075244940464128 roll 3
Jibs_PC#3436075244940464128 roll 2
DICE 3 2 4 2 2 1 0 
Jibs_PC#3436075244940464128 roll 3
Jibs_PC#3436075244940464128 roll 2
DICE 3 2 4 4 1 0 0 
Jibs_PC#3436075244940464128 roll 3
Jibs_PC#3436075244940464128 roll 2
DICE 3 2 5 0 0 3 1 
Jibs_PC#3436075244940464128 roll 3
Jibs_PC#3436075244940464128 roll 2
DICE 3 2 5 4 1 3 0 
Jibs_PC#3436075244940464128 roll 3
Jibs_PC#3436075244940464128 roll 2
DICE 3 2 5 2 0 4 2 
Jibs_PC#3436075244940464128 roll 3
Jibs_PC#3436075244940464128 roll 2
DICE 3 2 2 2 1 3 1 
Jibs_PC#3436075244940464128 roll 3
Jibs_PC#3436075244940464128 roll 1
DICE 3 1 5 4 2 3 
Jibs_PC#3436075244940464128 move 8
Jibs_PC#3436075244940464128 endattack
Jibs_PC#3436075244940464128 nomove
CARD 21
Jibs_PC#3436075244940464128 placearmies 6 2
Jibs_PC#3436075244940464128 placearmies 6 1
Jibs_PC#3436075244940464128 attack 6 7
Jibs_PC#3436075244940464128 roll 3
Jibs_PC#3436075244940464128 roll 2
DICE 3 2 4 3 3 5 4 
Jibs_PC#3436075244940464128 roll 3
Jibs_PC#3436075244940464128 roll 2
DICE 3 2 3 2 1 4 4 
Jibs_PC#3436075244940464128 roll 3
Jibs_PC#3436075244940464128 roll 2
DICE 3 2 5 4 1 5 0 
Jibs_PC#3436075244940464128 roll 3
Jibs_PC#3436075244940464128 roll 2
DICE 3 2 2 2 1 4 0 
Jibs_PC#3436075244940464128 roll 3
Jibs_PC#3436075244940464128 roll 2
DICE 3 2 5 3 2 4 4 
Jibs_PC#3436075244940464128 retreat
Jibs_PC#3436075244940464128 attack 6 2
Jibs_PC#3436075244940464128 roll 3
Jibs_PC#3436075244940464128 roll 1
DICE 3 1 4 3 1 2 
Jibs_PC#3436075244940464128 move 9
Jibs_PC#3436075244940464128 attack 2 7
Jibs_PC#3436075244940464128 roll 3
Jibs_PC#3436075244940464128 roll 2
DICE 3 2 2 1 0 5 1 
Jibs_PC#3436075244940464128 roll 3
Jibs_PC#3436075244940464128 roll 2
DICE 3 2 5 5 2 4 2 
Jibs_PC#3436075244940464128 move 6
Jibs_PC#3436075244940464128 attack 7 4
Jibs_PC#3436075244940464128 roll 3
Jibs_PC#3436075244940464128 roll 1
DICE 3 1 5 4 3 3 
Jibs_PC#3436075244940464128 move 5
Jibs_PC#3436075244940464128 attack 4 5
Jibs_PC#3436075244940464128 roll 3
Jibs_PC#3436075244940464128 roll 1
DICE 3 1 5 3 2 1 
Jibs_PC#3436075244940464128 move 4
Jibs_PC#3436075244940464128 attack 5 9
Jibs_PC#3436075244940464128 roll 3
Jibs_PC#3436075244940464128 roll 1
DICE 3 1 4 2 1 1 
Jibs_PC#3436075244940464128 attack 9 8
Jibs_PC#3436075244940464128 roll 2
Jibs_PC#3436075244940464128 roll 1
DICE 2 1 3 2 5 
Jibs_PC#3436075244940464128 retreat
Jibs_PC#3436075244940464128 endattack
Jibs_PC#3436075244940464128 nomove
CARD 30
Jibs_PC#3436075244940464128 placearmies 39 1
Jibs_PC#3436075244940464128 placearmies 39 2
Jibs_PC#3436075244940464128 attack 39 41
Jibs_PC#3436075244940464128 roll 3
Jibs_PC#3436075244940464128 roll 1
DICE 3 1 5 4 1 0 
Jibs_PC#3436075244940464128 move 16
Jibs_PC#3436075244940464128 attack 41 40
Jibs_PC#3436075244940464128 roll 3
Jibs_PC#3436075244940464128 roll 2
DICE 3 2 5 1 0 5 0 
Jibs_PC#3436075244940464128 roll 3
Jibs_PC#3436075244940464128 roll 2
DICE 3 2 3 2 1 3 1 
Jibs_PC#3436075244940464128 retreat
Jibs_PC#3436075244940464128 attack 41 40
Jibs_PC#3436075244940464128 roll 3
Jibs_PC#3436075244940464128 roll 2
DICE 3 2 4 2 1 4 4 
Jibs_PC#3436075244940464128 roll 3
Jibs_PC#3436075244940464128 roll 2
DICE 3 2 4 3 1 5 1 
Jibs_PC#3436075244940464128 roll 3
Jibs_PC#3436075244940464128 roll 2
DICE 3 2 5 3 1 5 0 
Jibs_PC#3436075244940464128 roll 3
Jibs_PC#3436075244940464128 roll 2
DICE 3 2 3 2 1 4 2 
Jibs_PC#3436075244940464128 roll 3
Jibs_PC#3436075244940464128 roll 2
DICE 3 2 5 4 0 3 1 
Jibs_PC#3436075244940464128 roll 3
Jibs_PC#3436075244940464128 roll 2
DICE 3 2 5 3 0 4 3 
Jibs_PC#3436075244940464128 roll 3
Jibs_PC#3436075244940464128 roll 1
DICE 3 1 5 3 1 5 
Jibs_PC#3436075244940464128 roll 3
Jibs_PC#3436075244940464128 roll 1
DICE 3 1 3 3 3 0 
Jibs_PC#3436075244940464128 move 5
Jibs_PC#3436075244940464128 attack 40 42
Jibs_PC#3436075244940464128 roll 3
Jibs_PC#3436075244940464128 roll 1
DICE 3 1 5 4 0 0 
Jibs_PC#3436075244940464128 move 3
Jibs_PC#3436075244940464128 endattack
Jibs_PC#3436075244940464128 movearmies 40 39 1
CARD 36
Jibs_PC#3436075244940464128 placearmies 22 3
Jibs_PC#3436075244940464128 attack 22 31
Jibs_PC#3436075244940464128 roll 3
Jibs_PC#3436075244940464128 roll 1
DICE 3 1 5 4 0 3 
Jibs_PC#3436075244940464128 move 16
Jibs_PC#3436075244940464128 attack 31 30
Jibs_PC#3436075244940464128 roll 3
Jibs_PC#3436075244940464128 roll 1
DICE 3 1 5 5 4 3 
Jibs_PC#3436075244940464128 move 15
Jibs_PC#3436075244940464128 attack 30 29
Jibs_PC#3436075244940464128 roll 3
Jibs_PC#3436075244940464128 roll 1
DICE 3 1 4 3 2 0 
Jibs_PC#3436075244940464128 move 14
Jibs_PC#3436075244940464128 attack 29 33
Jibs_PC#3436075244940464128 roll 3
Jibs_PC#3436075244940464128 roll 1
DICE 3 1 5 2 2 5 
Jibs_PC#3436075244940464128 roll 3
Jibs_PC#3436075244940464128 roll 1
DICE 3 1 5 5 3 2 
Jibs_PC#3436075244940464128 move 12
Jibs_PC#3436075244940464128 attack 33 39
Jibs_PC#3436075244940464128 roll 3
Jibs_PC#3436075244940464128 roll 2
DICE 3 2 0 0 0 4 1 
Jibs_PC#3436075244940464128 roll 3
Jibs_PC#3436075244940464128 roll 2
DICE 3 2 5 5 0 3 2 
Jibs_PC#3436075244940464128 move 9
Jibs_PC#3436075244940464128 attack 39 41
Jibs_PC#3436075244940464128 roll 3
Jibs_PC#3436075244940464128 roll 1
DICE 3 1 4 4 0 1 
Jibs_PC#3436075244940464128 move 8
Jibs_PC#3436075244940464128 attack 41 40
Jibs_PC#3436075244940464128 roll 3
Jibs_PC#3436075244940464128 roll 1
DICE 3 1 1 0 0 2 
Jibs_PC#3436075244940464128 roll 3
Jibs_PC#3436075244940464128 roll 1
DICE 3 1 2 1 0 2 
Jibs_PC#3436075244940464128 roll 3
Jibs_PC#3436075244940464128 roll 1
DICE 3 1 3 1 0 0 
Jibs_PC#3436075244940464128 move 5
Jibs_PC#3436075244940464128 attack 40 42
Jibs_PC#3436075244940464128 roll 3
Jibs_PC#3436075244940464128 roll 2
DICE 3 2 5 5 2 2 2 
Jibs_PC#3436075244940464128 roll 3
Jibs_PC#3436075244940464128 roll 1
DICE 3 1 3 2 1 3 
Jibs_PC#3436075244940464128 roll 3
Jibs_PC#3436075244940464128 roll 1
DICE 3 1 5 3 1 0 
Jibs_PC#3436075244940464128 endattack
Jibs_PC#3436075244940464128 movearmies 42 40 1
CARD 28
Jibs_PC#3436075244940464128 placearmies 12 3
Jibs_PC#3436075244940464128 attack 12 13
Jibs_PC#3436075244940464128 roll 3
Jibs_PC#3436075244940464128 roll 1
DICE 3 1 5 1 0 1 
Jibs_PC#3436075244940464128 move 16
Jibs_PC#3436075244940464128 attack 13 11
Jibs_PC#3436075244940464128 roll 3
Jibs_PC#3436075244940464128 roll 1
DICE 3 1 3 2 1 4 
Jibs_PC#3436075244940464128 roll 3
Jibs_PC#3436075244940464128 roll 1
DICE 3 1 5 5 3 0 
Jibs_PC#3436075244940464128 move 14
Jibs_PC#3436075244940464128 attack 11 10
Jibs_PC#3436075244940464128 roll 3
Jibs_PC#3436075244940464128 roll 2
DICE 3 2 2 0 0 4 2 
Jibs_PC#3436075244940464128 roll 3
Jibs_PC#3436075244940464128 roll 2
DICE 3 2 4 2 0 3 2 
Jibs_PC#3436075244940464128 roll 3
Jibs_PC#3436075244940464128 roll 1
DICE 3 1 3 3 1 1 
Jibs_PC#3436075244940464128 move 10
Jibs_PC#3436075244940464128 attack 10 5
Jibs_PC#3436075244940464128 roll 3
Jibs_PC#3436075244940464128 roll 1
DICE 3 1 5 2 1 2 
Jibs_PC#3436075244940464128 move 9
Jibs_PC#3436075244940464128 attack 5 9
Jibs_PC#3436075244940464128 roll 3
Jibs_PC#3436075244940464128 roll 2
DICE 3 2 5 4 1 3 0 
Jibs_PC#3436075244940464128 move 7
Jibs_PC#3436075244940464128 attack 9 8
Jibs_PC#3436075244940464128 roll 3
Jibs_PC#3436075244940464128 roll 1
DICE 3 1 5 3 1 1 
Jibs_PC#3436075244940464128 move 6
Jibs_PC#3436075244940464128 attack 8 7
Jibs_PC#3436075244940464128 roll 3
Jibs_PC#3436075244940464128 roll 1
DICE 3 1 4 4 1 5 
Jibs_PC#3436075244940464128 roll 3
Jibs_PC#3436075244940464128 roll 1
DICE 3 1 5 4 2 0 
Jibs_PC#3436075244940464128 move 4
Jibs_PC#3436075244940464128 attack 7 6
Jibs_PC#3436075244940464128 roll 3
Jibs_PC#3436075244940464128 roll 1
DICE 3 1 5 2 0 5 
Jibs_PC#3436075244940464128 roll 2
Jibs_PC#3436075244940464128 roll 1
DICE 2 1 2 0 3 
Jibs_PC#3436075244940464128 retreat
Jibs_PC#3436075244940464128 endattack
Jibs_PC#3436075244940464128 nomove
CARD 29
Jibs_PC#3436075244940464128 placearmies 24 3
Jibs_PC#3436075244940464128 attack 24 21
Jibs_PC#3436075244940464128 roll 3
Jibs_PC#3436075244940464128 roll 1
DICE 3 1 4 3 2 0 
Jibs_PC#3436075244940464128 attack 21 12
Jibs_PC#3436075244940464128 roll 2
Jibs_PC#3436075244940464128 roll 1
DICE 2 1 5 5 3 
Jibs_PC#3436075244940464128 endattack
Jibs_PC#3436075244940464128 nomove
CARD 33
Jibs_PC#3436075244940464128 placearmies 34 3
Jibs_PC#3436075244940464128 attack 34 35
Jibs_PC#3436075244940464128 roll 3
Jibs_PC#3436075244940464128 roll 1
DICE 3 1 2 0 0 0 
Jibs_PC#3436075244940464128 endattack
Jibs_PC#3436075244940464128 nomove
CARD 9
Jibs_PC#3436075244940464128 placearmies 4 3
Jibs_PC#3436075244940464128 attack 4 5
Jibs_PC#3436075244940464128 roll 3
Jibs_PC#3436075244940464128 roll 2
DICE 3 2 3 2 1 5 3 
Jibs_PC#3436075244940464128 retreat
Jibs_PC#3436075244940464128 endattack
Jibs_PC#3436075244940464128 nomove
CARD 
Jibs_PC#3436075244940464128 placearmies 19 3
Jibs_PC#3436075244940464128 attack 19 21
Jibs_PC#3436075244940464128 roll 3
Jibs_PC#3436075244940464128 roll 1
DICE 3 1 5 5 3 3 
Jibs_PC#3436075244940464128 endattack
Jibs_PC#3436075244940464128 nomove
CARD 17
Jibs_PC#3436075244940464128 placearmies 36 6
Jibs_PC#3436075244940464128 attack 36 38
Jibs_PC#3436075244940464128 roll 3
Jibs_PC#3436075244940464128 roll 1
DICE 3 1 3 1 0 1 
Jibs_PC#3436075244940464128 move 6
Jibs_PC#3436075244940464128 attack 38 37
Jibs_PC#3436075244940464128 roll 3
Jibs_PC#3436075244940464128 roll 1
DICE 3 1 4 4 3 0 
Jibs_PC#3436075244940464128 move 3
Jibs_PC#3436075244940464128 attack 38 34
Jibs_PC#3436075244940464128 roll 2
Jibs_PC#3436075244940464128 roll 1
DICE 2 1 4 1 3 
Jibs_PC#3436075244940464128 endattack
Jibs_PC#3436075244940464128 movearmies 37 38 2
CARD 8
Jibs_PC#3436075244940464128 placearmies 20 3
Jibs_PC#3436075244940464128 attack 20 19
Jibs_PC#3436075244940464128 roll 3
Jibs_PC#3436075244940464128 roll 1
DICE 3 1 2 1 0 0 
Jibs_PC#3436075244940464128 attack 19 18
Jibs_PC#3436075244940464128 roll 2
Jibs_PC#3436075244940464128 roll 1
DICE 2 1 5 0 3 
Jibs_PC#3436075244940464128 endattack
Jibs_PC#3436075244940464128 nomove
CARD 3
Jibs_PC#3436075244940464128 placearmies 12 2
Jibs_PC#3436075244940464128 placearmies 12 1
Jibs_PC#3436075244940464128 attack 12 10
Jibs_PC#3436075244940464128 roll 3
Jibs_PC#3436075244940464128 roll 1
DICE 3 1 5 2 2 1 
Jibs_PC#3436075244940464128 move 4
Jibs_PC#3436075244940464128 attack 10 11
Jibs_PC#3436075244940464128 roll 3
Jibs_PC#3436075244940464128 roll 1
DICE 3 1 3 2 1 4 
Jibs_PC#3436075244940464128 roll 2
Jibs_PC#3436075244940464128 roll 1
DICE 2 1 1 1 4 
Jibs_PC#3436075244940464128 retreat
Jibs_PC#3436075244940464128 endattack
Jibs_PC#3436075244940464128 nomove
CARD 20
Jibs_PC#3436075244940464128 placearmies 35 1
Jibs_PC#3436075244940464128 placearmies 35 1
Jibs_PC#3436075244940464128 placearmies 16 1
Jibs_PC#3436075244940464128 attack 35 34
Jibs_PC#3436075244940464128 roll 3
Jibs_PC#3436075244940464128 roll 2
DICE 3 2 2 1 0 5 0 
Jibs_PC#3436075244940464128 roll 3
Jibs_PC#3436075244940464128 roll 1
DICE 3 1 5 1 0 0 
Jibs_PC#3436075244940464128 endattack
Jibs_PC#3436075244940464128 nomove
CARD 1
Jibs_PC#3436075244940464128 placearmies 4 2
Jibs_PC#3436075244940464128 placearmies 4 1
Jibs_PC#3436075244940464128 attack 4 5
Jibs_PC#3436075244940464128 roll 3
Jibs_PC#3436075244940464128 roll 2
DICE 3 2 5 4 0 2 2 
Jibs_PC#3436075244940464128 move 4
Jibs_PC#3436075244940464128 attack 5 9
Jibs_PC#3436075244940464128 roll 3
Jibs_PC#3436075244940464128 roll 1
DICE 3 1 3 2 2 3 
Jibs_PC#3436075244940464128 roll 2
Jibs_PC#3436075244940464128 roll 1
DICE 2 1 1 0 3 
Jibs_PC#3436075244940464128 retreat
Jibs_PC#3436075244940464128 endattack
Jibs_PC#3436075244940464128 nomove
CARD wildcard
Jibs_PC#3436075244940464128 placearmies 21 1
Jibs_PC#3436075244940464128 placearmies 21 1
Jibs_PC#3436075244940464128 placearmies 21 1
Jibs_PC#3436075244940464128 attack 21 22
Jibs_PC#3436075244940464128 roll 3
Jibs_PC#3436075244940464128 roll 1
DICE 3 1 5 5 0 1 
Jibs_PC#3436075244940464128 move 5
Jibs_PC#3436075244940464128 attack 22 24
Jibs_PC#3436075244940464128 roll 3
Jibs_PC#3436075244940464128 roll 1
DICE 3 1 5 1 0 3 
Jibs_PC#3436075244940464128 move 4
Jibs_PC#3436075244940464128 attack 24 23
Jibs_PC#3436075244940464128 roll 3
Jibs_PC#3436075244940464128 roll 1
DICE 3 1 5 4 4 5 
Jibs_PC#3436075244940464128 roll 2
Jibs_PC#3436075244940464128 roll 1
DICE 2 1 5 0 4 
Jibs_PC#3436075244940464128 endattack
Jibs_PC#3436075244940464128 nomove
CARD 22
Jibs_PC#3436075244940464128 placearmies 38 5
Jibs_PC#3436075244940464128 placearmies 31 1
Jibs_PC#3436075244940464128 attack 38 35
Jibs_PC#3436075244940464128 roll 3
Jibs_PC#3436075244940464128 roll 1
DICE 3 1 5 3 2 5 
Jibs_PC#3436075244940464128 roll 3
Jibs_PC#3436075244940464128 roll 1
DICE 3 1 5 4 2 5 
Jibs_PC#3436075244940464128 roll 3
Jibs_PC#3436075244940464128 roll 1
DICE 3 1 5 2 2 1 
Jibs_PC#3436075244940464128 move 5
Jibs_PC#3436075244940464128 attack 35 27
Jibs_PC#3436075244940464128 roll 3
Jibs_PC#3436075244940464128 roll 1
DICE 3 1 4 3 1 1 
Jibs_PC#3436075244940464128 move 4
Jibs_PC#3436075244940464128 attack 27 28
Jibs_PC#3436075244940464128 roll 3
Jibs_PC#3436075244940464128 roll 1
DICE 3 1 5 5 4 5 
Jibs_PC#3436075244940464128 roll 2
Jibs_PC#3436075244940464128 roll 1
DICE 2 1 5 1 4 
Jibs_PC#3436075244940464128 endattack
Jibs_PC#3436075244940464128 nomove
CARD 31
Jibs_PC#3436075244940464128 placearmies 18 2
Jibs_PC#3436075244940464128 placearmies 18 1
Jibs_PC#3436075244940464128 attack 18 17
Jibs_PC#3436075244940464128 roll 3
Jibs_PC#3436075244940464128 roll 1
DICE 3 1 3 3 0 1 
Jibs_PC#3436075244940464128 move 3
Jibs_PC#3436075244940464128 endattack
Jibs_PC#3436075244940464128 movearmies 17 18 2
CARD 7
Jibs_PC#3436075244940464128 placearmies 10 2
Jibs_PC#3436075244940464128 placearmies 10 1
Jibs_PC#3436075244940464128 attack 10 11
Jibs_PC#3436075244940464128 roll 3
Jibs_PC#3436075244940464128 roll 1
DICE 3 1 5 3 1 1 
Jibs_PC#3436075244940464128 move 4
Jibs_PC#3436075244940464128 attack 11 13
Jibs_PC#3436075244940464128 roll 3
Jibs_PC#3436075244940464128 roll 1
DICE 3 1 5 3 3 4 
Jibs_PC#3436075244940464128 endattack
Jibs_PC#3436075244940464128 movearmies 13 12 2
CARD wildcard
Jibs_PC#3436075244940464128 placearmies 34 1
Jibs_PC#3436075244940464128 placearmies 34 1
Jibs_PC#3436075244940464128 placearmies 16 1
Jibs_PC#3436075244940464128 attack 16 30
Jibs_PC#3436075244940464128 roll 2
Jibs_PC#3436075244940464128 roll 1
DICE 2 1 2 0 1 
Jibs_PC#3436075244940464128 attack 34 27
Jibs_PC#3436075244940464128 roll 3
Jibs_PC#3436075244940464128 roll 1
DICE 3 1 5 3 0 3 
Jibs_PC#3436075244940464128 move 4
Jibs_PC#3436075244940464128 attack 27 28
Jibs_PC#3436075244940464128 roll 3
Jibs_PC#3436075244940464128 roll 2
DICE 3 2 5 5 0 1 0 
Jibs_PC#3436075244940464128 attack 28 29
Jibs_PC#3436075244940464128 roll 2
Jibs_PC#3436075244940464128 roll 1
DICE 2 1 4 1 2 
Jibs_PC#3436075244940464128 endattack
Jibs_PC#3436075244940464128 nomove
CARD 14
Jibs_PC#3436075244940464128 placearmies 5 2
Jibs_PC#3436075244940464128 placearmies 5 1
Jibs_PC#3436075244940464128 attack 5 9
Jibs_PC#3436075244940464128 roll 3
Jibs_PC#3436075244940464128 roll 1
DICE 3 1 4 2 2 0 
Jibs_PC#3436075244940464128 move 4
Jibs_PC#3436075244940464128 attack 9 7
Jibs_PC#3436075244940464128 roll 3
Jibs_PC#3436075244940464128 roll 2
DICE 3 2 3 2 0 3 0 
Jibs_PC#3436075244940464128 roll 2
Jibs_PC#3436075244940464128 roll 1
DICE 2 1 5 4 0 
Jibs_PC#3436075244940464128 endattack
Jibs_PC#3436075244940464128 nomove
CARD 42
Jibs_PC#3436075244940464128 trade 36 17 22
Jibs_PC#3436075244940464128 placearmies 22 1
Jibs_PC#3436075244940464128 placearmies 22 12
Jibs_PC#3436075244940464128 attack 22 31
Jibs_PC#3436075244940464128 roll 3
Jibs_PC#3436075244940464128 roll 2
DICE 3 2 4 3 3 5 0 
Jibs_PC#3436075244940464128 roll 3
Jibs_PC#3436075244940464128 roll 1
DICE 3 1 5 2 0 0 
Jibs_PC#3436075244940464128 move 14
Jibs_PC#3436075244940464128 attack 31 32
Jibs_PC#3436075244940464128 roll 3
Jibs_PC#3436075244940464128 roll 1
DICE 3 1 3 3 2 4 
Jibs_PC#3436075244940464128 roll 3
Jibs_PC#3436075244940464128 roll 1
DICE 3 1 5 4 3 3 
Jibs_PC#3436075244940464128 move 12
Jibs_PC#3436075244940464128 attack 32 33
Jibs_PC#3436075244940464128 roll 3
Jibs_PC#3436075244940464128 roll 1
DICE 3 1 4 1 1 0 
Jibs_PC#3436075244940464128 move 11
Jibs_PC#3436075244940464128 attack 33 39
Jibs_PC#3436075244940464128 roll 3
Jibs_PC#3436075244940464128 roll 1
DICE 3 1 4 4 3 4 
Jibs_PC#3436075244940464128 roll 3
Jibs_PC#3436075244940464128 roll 1
DICE 3 1 4 4 2 3 
Jibs_PC#3436075244940464128 move 9
Jibs_PC#3436075244940464128 attack 39 41
Jibs_PC#3436075244940464128 roll 3
Jibs_PC#3436075244940464128 roll 1
DICE 3 1 4 4 0 0 
Jibs_PC#3436075244940464128 move 8
Jibs_PC#3436075244940464128 attack 41 40
Jibs_PC#3436075244940464128 roll 3
Jibs_PC#3436075244940464128 roll 2
DICE 3 2 2 2 2 5 3 
Jibs_PC#3436075244940464128 roll 3
Jibs_PC#3436075244940464128 roll 2
DICE 3 2 5 3 0 5 4 
Jibs_PC#3436075244940464128 roll 3
Jibs_PC#3436075244940464128 roll 2
DICE 3 2 5 4 0 2 0 
Jibs_PC#3436075244940464128 endattack
Jibs_PC#3436075244940464128 nomove
CARD 12
Jibs_PC#3436075244940464128 placearmies 42 2
Jibs_PC#3436075244940464128 placearmies 42 1
Jibs_PC#3436075244940464128 attack 42 40
Jibs_PC#3436075244940464128 roll 3
Jibs_PC#3436075244940464128 roll 2
DICE 3 2 4 3 1 4 2 
Jibs_PC#3436075244940464128 roll 3
Jibs_PC#3436075244940464128 roll 2
DICE 3 2 3 2 1 5 2 
Jibs_PC#3436075244940464128 retreat
Jibs_PC#3436075244940464128 endattack
Jibs_PC#3436075244940464128 nomove
CARD 
Jibs_PC#3436075244940464128 placearmies 18 1
Jibs_PC#3436075244940464128 placearmies 8 2
Jibs_PC#3436075244940464128 attack 18 16
Jibs_PC#3436075244940464128 roll 3
Jibs_PC#3436075244940464128 roll 1
DICE 3 1 5 4 1 3 
Jibs_PC#3436075244940464128 move 4
Jibs_PC#3436075244940464128 endattack
Jibs_PC#3436075244940464128 nomove
CARD 25
Jibs_PC#3436075244940464128 trade 18 33 wildcard
Jibs_PC#3436075244940464128 placearmies 12 1
Jibs_PC#3436075244940464128 placearmies 12 4
Jibs_PC#3436075244940464128 placearmies 10 1
Jibs_PC#3436075244940464128 placearmies 12 7
Jibs_PC#3436075244940464128 placearmies 12 2
Jibs_PC#3436075244940464128 attack 12 21
Jibs_PC#3436075244940464128 roll 3
Jibs_PC#3436075244940464128 roll 1
DICE 3 1 5 4 1 1 
Jibs_PC#3436075244940464128 move 16
Jibs_PC#3436075244940464128 attack 21 19
Jibs_PC#3436075244940464128 roll 3
Jibs_PC#3436075244940464128 roll 1
DICE 3 1 3 3 0 2 
Jibs_PC#3436075244940464128 move 14
Jibs_PC#3436075244940464128 attack 19 17
Jibs_PC#3436075244940464128 roll 3
Jibs_PC#3436075244940464128 roll 1
DICE 3 1 2 1 0 4 
Jibs_PC#3436075244940464128 roll 3
Jibs_PC#3436075244940464128 roll 1
DICE 3 1 5 4 2 1 
Jibs_PC#3436075244940464128 move 12
Jibs_PC#3436075244940464128 attack 17 18
Jibs_PC#3436075244940464128 roll 3
Jibs_PC#3436075244940464128 roll 1
DICE 3 1 4 4 0 4 
Jibs_PC#3436075244940464128 roll 3
Jibs_PC#3436075244940464128 roll 1
DICE 3 1 4 3 0 2 
Jibs_PC#3436075244940464128 move 10
Jibs_PC#3436075244940464128 attack 18 20
Jibs_PC#3436075244940464128 roll 3
Jibs_PC#3436075244940464128 roll 1
DICE 3 1 5 4 2 4 
Jibs_PC#3436075244940464128 move 9
Jibs_PC#3436075244940464128 attack 20 16
Jibs_PC#3436075244940464128 roll 3
Jibs_PC#3436075244940464128 roll 2
DICE 3 2 2 2 0 3 3 
Jibs_PC#3436075244940464128 roll 3
Jibs_PC#3436075244940464128 roll 2
DICE 3 2 3 1 0 5 0 
Jibs_PC#3436075244940464128 roll 3
Jibs_PC#3436075244940464128 roll 2
DICE 3 2 5 3 0 1 0 
Jibs_PC#3436075244940464128 roll 3
Jibs_PC#3436075244940464128 roll 1
DICE 3 1 3 3 0 2 
Jibs_PC#3436075244940464128 move 5
Jibs_PC#3436075244940464128 attack 16 15
Jibs_PC#3436075244940464128 roll 3
Jibs_PC#3436075244940464128 roll 1
DICE 3 1 3 2 2 0 
Jibs_PC#3436075244940464128 move 4
Jibs_PC#3436075244940464128 attack 15 14
Jibs_PC#3436075244940464128 roll 3
Jibs_PC#3436075244940464128 roll 1
DICE 3 1 5 3 3 5 
Jibs_PC#3436075244940464128 roll 2
Jibs_PC#3436075244940464128 roll 1
DICE 2 1 4 1 1 
Jibs_PC#3436075244940464128 endattack
Jibs_PC#3436075244940464128 nomove
CARD 10
Jibs_PC#3436075244940464128 trade 21 1 14
Jibs_PC#3436075244940464128 placearmies 29 2
Jibs_PC#3436075244940464128 placearmies 30 3
Jibs_PC#3436075244940464128 placearmies 30 2
Jibs_PC#3436075244940464128 attack 30 16
Jibs_PC#3436075244940464128 roll 3
Jibs_PC#3436075244940464128 roll 1
DICE 3 1 4 3 0 0 
Jibs_PC#3436075244940464128 move 6
Jibs_PC#3436075244940464128 attack 16 15
Jibs_PC#3436075244940464128 roll 3
Jibs_PC#3436075244940464128 roll 1
DICE 3 1 5 4 3 4 
Jibs_PC#3436075244940464128 move 5
Jibs_PC#3436075244940464128 endattack
Jibs_PC#3436075244940464128 nomove
CARD 26
Jibs_PC#3436075244940464128 trade 30 wildcard 42
Jibs_PC#3436075244940464128 placearmies 7 6
Jibs_PC#3436075244940464128 placearmies 25 1
Jibs_PC#3436075244940464128 attack 7 8
Jibs_PC#3436075244940464128 roll 3
Jibs_PC#3436075244940464128 roll 2
DICE 3 2 4 4 1 5 3 
Jibs_PC#3436075244940464128 roll 3
Jibs_PC#3436075244940464128 roll 2
DICE 3 2 5 1 0 3 1 
Jibs_PC#3436075244940464128 roll 3
Jibs_PC#3436075244940464128 roll 1
DICE 3 1 5 1 0 4 
Jibs_PC#3436075244940464128 move 3
Jibs_PC#3436075244940464128 endattack
Jibs_PC#3436075244940464128 movearmies 8 6 2
CARD 35
Jibs_PC#3436075244940464128 placearmies 40 3
Jibs_PC#3436075244940464128 attack 40 42
Jibs_PC#3436075244940464128 roll 3
Jibs_PC#3436075244940464128 roll 2
DICE 3 2 5 4 2 5 0 
Jibs_PC#3436075244940464128 roll 3
Jibs_PC#3436075244940464128 roll 1
DICE 3 1 5 4 1 1 
Jibs_PC#3436075244940464128 endattack
Jibs_PC#3436075244940464128 movearmies 42 40 1
CARD 2
Jibs_PC#3436075244940464128 placearmies 38 3
Jibs_PC#3436075244940464128 attack 38 1
Jibs_PC#3436075244940464128 roll 3
Jibs_PC#3436075244940464128 roll 1
DICE 3 1 3 1 0 3 
Jibs_PC#3436075244940464128 roll 2
Jibs_PC#3436075244940464128 roll 1
DICE 2 1 4 3 2 
Jibs_PC#3436075244940464128 endattack
Jibs_PC#3436075244940464128 nomove
CARD 16
Jibs_PC#3436075244940464128 placearmies 10 2
Jibs_PC#3436075244940464128 placearmies 18 3
Jibs_PC#3436075244940464128 attack 18 16
Jibs_PC#3436075244940464128 roll 3
Jibs_PC#3436075244940464128 roll 1
DICE 3 1 3 2 1 1 
Jibs_PC#3436075244940464128 endattack
Jibs_PC#3436075244940464128 nomove
CARD 27
Jibs_PC#3436075244940464128 placearmies 29 3
Jibs_PC#3436075244940464128 attack 29 33
Jibs_PC#3436075244940464128 roll 3
Jibs_PC#3436075244940464128 roll 1
DICE 3 1 4 3 1 2 
Jibs_PC#3436075244940464128 move 6
Jibs_PC#3436075244940464128 attack 33 32
Jibs_PC#3436075244940464128 roll 3
Jibs_PC#3436075244940464128 roll 1
DICE 3 1 5 3 1 2 
Jibs_PC#3436075244940464128 move 5
Jibs_PC#3436075244940464128 attack 32 31
Jibs_PC#3436075244940464128 roll 3
Jibs_PC#3436075244940464128 roll 1
DICE 3 1 4 3 2 5 
Jibs_PC#3436075244940464128 roll 3
Jibs_PC#3436075244940464128 roll 1
DICE 3 1 2 1 1 4 
Jibs_PC#3436075244940464128 retreat
Jibs_PC#3436075244940464128 attack 15 18
Jibs_PC#3436075244940464128 roll 3
Jibs_PC#3436075244940464128 roll 1
DICE 3 1 3 2 1 4 
Jibs_PC#3436075244940464128 roll 3
Jibs_PC#3436075244940464128 roll 1
DICE 3 1 3 3 3 3 
Jibs_PC#3436075244940464128 retreat
Jibs_PC#3436075244940464128 endattack
Jibs_PC#3436075244940464128 nomove
CARD 5
Jibs_PC#3436075244940464128 trade 29 3 25
Jibs_PC#3436075244940464128 placearmies 2 2
Jibs_PC#3436075244940464128 placearmies 5 8
Jibs_PC#3436075244940464128 placearmies 3 3
Jibs_PC#3436075244940464128 attack 5 10
Jibs_PC#3436075244940464128 roll 3
Jibs_PC#3436075244940464128 roll 2
DICE 3 2 4 4 1 2 2 
Jibs_PC#3436075244940464128 roll 3
Jibs_PC#3436075244940464128 roll 2
DICE 3 2 2 1 0 2 1 
Jibs_PC#3436075244940464128 roll 3
Jibs_PC#3436075244940464128 roll 2
DICE 3 2 3 3 1 0 0 
Jibs_PC#3436075244940464128 move 6
Jibs_PC#3436075244940464128 attack 3 1
Jibs_PC#3436075244940464128 roll 3
Jibs_PC#3436075244940464128 roll 2
DICE 3 2 5 4 1 0 0 
Jibs_PC#3436075244940464128 move 5
Jibs_PC#3436075244940464128 attack 10 12
Jibs_PC#3436075244940464128 roll 3
Jibs_PC#3436075244940464128 roll 1
DICE 3 1 4 3 0 1 
Jibs_PC#3436075244940464128 move 4
Jibs_PC#3436075244940464128 attack 12 13
Jibs_PC#3436075244940464128 roll 3
Jibs_PC#3436075244940464128 roll 1
DICE 3 1 5 3 2 3 
Jibs_PC#3436075244940464128 attack 13 11
Jibs_PC#3436075244940464128 roll 2
Jibs_PC#3436075244940464128 roll 1
DICE 2 1 4 2 3 
Jibs_PC#3436075244940464128 attack 1 38
Jibs_PC#3436075244940464128 roll 3
Jibs_PC#3436075244940464128 roll 1
DICE 3 1 4 3 2 5 
Jibs_PC#3436075244940464128 roll 3
Jibs_PC#3436075244940464128 roll 1
DICE 3 1 5 4 4 3 
Jibs_PC#3436075244940464128 endattack
Jibs_PC#3436075244940464128 movearmies 11 12 1
CARD 34
Jibs_PC#3436075244940464128 placearmies 24 3
Jibs_PC#3436075244940464128 placearmies 39 1
Jibs_PC#3436075244940464128 placearmies 24 1
Jibs_PC#3436075244940464128 attack 24 21
Jibs_PC#3436075244940464128 roll 3
Jibs_PC#3436075244940464128 roll 2
DICE 3 2 5 5 3 5 3 
Jibs_PC#3436075244940464128 roll 3
Jibs_PC#3436075244940464128 roll 1
DICE 3 1 4 4 2 3 
Jibs_PC#3436075244940464128 endattack
Jibs_PC#3436075244940464128 movearmies 40 39 1
CARD 6
Jibs_PC#3436075244940464128 trade 8 31 16
Jibs_PC#3436075244940464128 placearmies 26 3
Jibs_PC#3436075244940464128 placearmies 26 7
Jibs_PC#3436075244940464128 placearmies 35 1
Jibs_PC#3436075244940464128 attack 26 24
Jibs_PC#3436075244940464128 roll 3
Jibs_PC#3436075244940464128 roll 1
DICE 3 1 4 1 1 5 
Jibs_PC#3436075244940464128 roll 3
Jibs_PC#3436075244940464128 roll 1
DICE 3 1 5 3 1 5 
Jibs_PC#3436075244940464128 roll 3
Jibs_PC#3436075244940464128 roll 1
DICE 3 1 5 2 1 5 
Jibs_PC#3436075244940464128 roll 3
Jibs_PC#3436075244940464128 roll 1
DICE 3 1 4 4 0 1 
Jibs_PC#3436075244940464128 move 7
Jibs_PC#3436075244940464128 attack 24 21
Jibs_PC#3436075244940464128 roll 3
Jibs_PC#3436075244940464128 roll 2
DICE 3 2 5 5 2 4 0 
Jibs_PC#3436075244940464128 roll 3
Jibs_PC#3436075244940464128 roll 1
DICE 3 1 3 1 0 1 
Jibs_PC#3436075244940464128 move 6
Jibs_PC#3436075244940464128 attack 21 12
Jibs_PC#3436075244940464128 roll 3
Jibs_PC#3436075244940464128 roll 2
DICE 3 2 5 2 0 3 1 
Jibs_PC#3436075244940464128 move 5
Jibs_PC#3436075244940464128 attack 12 10
Jibs_PC#3436075244940464128 roll 3
Jibs_PC#3436075244940464128 roll 2
DICE 3 2 3 3 1 4 0 
Jibs_PC#3436075244940464128 roll 3
Jibs_PC#3436075244940464128 roll 1
DICE 3 1 5 5 3 0 
Jibs_PC#3436075244940464128 attack 10 5
Jibs_PC#3436075244940464128 roll 2
Jibs_PC#3436075244940464128 roll 1
DICE 2 1 4 3 4 
Jibs_PC#3436075244940464128 retreat
Jibs_PC#3436075244940464128 endattack
Jibs_PC#3436075244940464128 nomove
CARD 19
Jibs_PC#3436075244940464128 placearmies 16 1
Jibs_PC#3436075244940464128 placearmies 16 2
Jibs_PC#3436075244940464128 attack 16 15
Jibs_PC#3436075244940464128 roll 3
Jibs_PC#3436075244940464128 roll 2
DICE 3 2 3 3 1 3 3 
Jibs_PC#3436075244940464128 roll 3
Jibs_PC#3436075244940464128 roll 2
DICE 3 2 5 4 0 5 1 
Jibs_PC#3436075244940464128 retreat
Jibs_PC#3436075244940464128 attack 16 31
Jibs_PC#3436075244940464128 roll 2
Jibs_PC#3436075244940464128 roll 1
DICE 2 1 3 2 5 
Jibs_PC#3436075244940464128 retreat
Jibs_PC#3436075244940464128 endattack
Jibs_PC#3436075244940464128 nomove
CARD 
Jibs_PC#3436075244940464128 trade 9 26 5
Jibs_PC#3436075244940464128 placearmies 32 1
Jibs_PC#3436075244940464128 placearmies 33 12
Jibs_PC#3436075244940464128 attack 32 31
Jibs_PC#3436075244940464128 roll 3
Jibs_PC#3436075244940464128 roll 1
DICE 3 1 5 4 1 5 
Jibs_PC#3436075244940464128 roll 2
Jibs_PC#3436075244940464128 roll 1
DICE 2 1 5 0 5 
Jibs_PC#3436075244940464128 retreat
Jibs_PC#3436075244940464128 endattack
Jibs_PC#3436075244940464128 nomove
CARD 
Jibs_PC#3436075244940464128 placearmies 5 1
Jibs_PC#3436075244940464128 placearmies 13 8
Jibs_PC#3436075244940464128 attack 13 12
Jibs_PC#3436075244940464128 roll 3
Jibs_PC#3436075244940464128 roll 1
DICE 3 1 4 2 2 2 
Jibs_PC#3436075244940464128 move 8
Jibs_PC#3436075244940464128 attack 12 10
Jibs_PC#3436075244940464128 roll 3
Jibs_PC#3436075244940464128 roll 2
DICE 3 2 5 2 0 2 0 
Jibs_PC#3436075244940464128 move 3
Jibs_PC#3436075244940464128 attack 12 21
Jibs_PC#3436075244940464128 roll 3
Jibs_PC#3436075244940464128 roll 1
DICE 3 1 1 0 0 2 
Jibs_PC#3436075244940464128 roll 3
Jibs_PC#3436075244940464128 roll 1
DICE 3 1 2 1 1 5 
Jibs_PC#3436075244940464128 retreat
Jibs_PC#3436075244940464128 endattack
Jibs_PC#3436075244940464128 movearmies 2 6 2
CARD 37
Jibs_PC#3436075244940464128 placearmies 23 2
Jibs_PC#3436075244940464128 placearmies 39 3
Jibs_PC#3436075244940464128 attack 23 21
Jibs_PC#3436075244940464128 roll 3
Jibs_PC#3436075244940464128 roll 1
DICE 3 1 5 4 3 2 
Jibs_PC#3436075244940464128 endattack
Jibs_PC#3436075244940464128 nomove
CARD 24
Jibs_PC#3436075244940464128 placearmies 35 2
Jibs_PC#3436075244940464128 placearmies 24 1
Jibs_PC#3436075244940464128 attack 35 34
Jibs_PC#3436075244940464128 roll 3
Jibs_PC#3436075244940464128 roll 1
DICE 3 1 4 3 0 0 
Jibs_PC#3436075244940464128 endattack
Jibs_PC#3436075244940464128 nomove
CARD 15
Jibs_PC#3436075244940464128 placearmies 16 2
Jibs_PC#3436075244940464128 placearmies 16 1
Jibs_PC#3436075244940464128 attack 16 15
Jibs_PC#3436075244940464128 roll 3
Jibs_PC#3436075244940464128 roll 2
DICE 3 2 5 2 0 3 0 
Jibs_PC#3436075244940464128 move 3
Jibs_PC#3436075244940464128 endattack
Jibs_PC#3436075244940464128 movearmies 15 14 2
CARD 23
Jibs_PC#3436075244940464128 placearmies 32 3
Jibs_PC#3436075244940464128 attack 32 31
Jibs_PC#3436075244940464128 roll 3
Jibs_PC#3436075244940464128 roll 1
DICE 3 1 1 1 0 3 
Jibs_PC#3436075244940464128 roll 3
Jibs_PC#3436075244940464128 roll 1
DICE 3 1 5 1 0 1 
Jibs_PC#3436075244940464128 endattack
Jibs_PC#3436075244940464128 nomove
CARD 13
Jibs_PC#3436075244940464128 placearmies 38 1
Jibs_PC#3436075244940464128 placearmies 25 7
Jibs_PC#3436075244940464128 placearmies 25 3
Jibs_PC#3436075244940464128 placearmies 38 1
Jibs_PC#3436075244940464128 attack 25 24
Jibs_PC#3436075244940464128 roll 3
Jibs_PC#3436075244940464128 roll 2
DICE 3 2 5 3 2 4 4 
Jibs_PC#3436075244940464128 roll 3
Jibs_PC#3436075244940464128 roll 1
DICE 3 1 3 0 0 0 
Jibs_PC#3436075244940464128 move 10
Jibs_PC#3436075244940464128 attack 24 22
Jibs_PC#3436075244940464128 roll 3
Jibs_PC#3436075244940464128 roll 1
DICE 3 1 3 3 2 2 
Jibs_PC#3436075244940464128 move 9
Jibs_PC#3436075244940464128 attack 22 20
Jibs_PC#3436075244940464128 roll 3
Jibs_PC#3436075244940464128 roll 1
DICE 3 1 4 3 1 0 
Jibs_PC#3436075244940464128 move 8
Jibs_PC#3436075244940464128 attack 20 21
Jibs_PC#3436075244940464128 roll 3
Jibs_PC#3436075244940464128 roll 2
DICE 3 2 2 1 0 5 5 
Jibs_PC#3436075244940464128 roll 3
Jibs_PC#3436075244940464128 roll 2
DICE 3 2 2 0 0 4 1 
Jibs_PC#3436075244940464128 retreat
Jibs_PC#3436075244940464128 attack 38 37
Jibs_PC#3436075244940464128 roll 3
Jibs_PC#3436075244940464128 roll 1
DICE 3 1 3 2 2 0 
Jibs_PC#3436075244940464128 move 3
Jibs_PC#3436075244940464128 attack 6 14
Jibs_PC#3436075244940464128 roll 3
Jibs_PC#3436075244940464128 roll 2
DICE 3 2 4 2 1 4 4 
Jibs_PC#3436075244940464128 retreat
Jibs_PC#3436075244940464128 endattack
Jibs_PC#3436075244940464128 movearmies 37 38 2
CARD 41
Jibs_PC#3436075244940464128 trade 12 2 24
Jibs_PC#3436075244940464128 placearmies 21 1
Jibs_PC#3436075244940464128 placearmies 21 4
Jibs_PC#3436075244940464128 placearmies 39 7
Jibs_PC#3436075244940464128 placearmies 21 1
Jibs_PC#3436075244940464128 attack 21 12
Jibs_PC#3436075244940464128 roll 3
Jibs_PC#3436075244940464128 roll 2
DICE 3 2 4 0 0 5 5 
Jibs_PC#3436075244940464128 roll 3
Jibs_PC#3436075244940464128 roll 2
DICE 3 2 4 1 0 5 3 
Jibs_PC#3436075244940464128 roll 3
Jibs_PC#3436075244940464128 roll 2
DICE 3 2 5 1 0 5 1 
Jibs_PC#3436075244940464128 retreat
Jibs_PC#3436075244940464128 attack 21 22
Jibs_PC#3436075244940464128 roll 2
Jibs_PC#3436075244940464128 roll 1
DICE 2 1 2 0 3 
Jibs_PC#3436075244940464128 retreat
Jibs_PC#3436075244940464128 attack 39 33
Jibs_PC#3436075244940464128 roll 3
Jibs_PC#3436075244940464128 roll 2
DICE 3 2 5 4 2 5 3 
Jibs_PC#3436075244940464128 roll 3
Jibs_PC#3436075244940464128 roll 2
DICE 3 2 5 0 0 5 2 
Jibs_PC#3436075244940464128 roll 3
Jibs_PC#3436075244940464128 roll 2
DICE 3 2 2 2 1 5 0 
Jibs_PC#3436075244940464128 roll 3
Jibs_PC#3436075244940464128 roll 2
DICE 3 2 3 2 2 5 5 
Jibs_PC#3436075244940464128 roll 3
Jibs_PC#3436075244940464128 roll 2
DICE 3 2 3 3 0 3 0 
Jibs_PC#3436075244940464128 retreat
Jibs_PC#3436075244940464128 endattack
Jibs_PC#3436075244940464128 nomove
CARD 
Jibs_PC#3436075244940464128 trade 28 19 15
Jibs_PC#3436075244940464128 placearmies 34 1
Jibs_PC#3436075244940464128 placearmies 34 9
Jibs_PC#3436075244940464128 placearmies 34 1
Jibs_PC#3436075244940464128 placearmies 34 2
Jibs_PC#3436075244940464128 attack 34 38
Jibs_PC#3436075244940464128 roll 3
Jibs_PC#3436075244940464128 roll 2
DICE 3 2 3 2 1 1 0 
Jibs_PC#3436075244940464128 roll 3
Jibs_PC#3436075244940464128 roll 2
DICE 3 2 3 1 0 3 2 
Jibs_PC#3436075244940464128 roll 3
Jibs_PC#3436075244940464128 roll 2
DICE 3 2 3 2 1 5 3 
Jibs_PC#3436075244940464128 roll 3
Jibs_PC#3436075244940464128 roll 2
DICE 3 2 4 3 3 1 1 
Jibs_PC#3436075244940464128 move 11
Jibs_PC#3436075244940464128 attack 38 1
Jibs_PC#3436075244940464128 roll 3
Jibs_PC#3436075244940464128 roll 1
DICE 3 1 5 3 1 2 
Jibs_PC#3436075244940464128 move 10
Jibs_PC#3436075244940464128 endattack
Jibs_PC#3436075244940464128 nomove
CARD 40
Jibs_PC#3436075244940464128 placearmies 16 2
Jibs_PC#3436075244940464128 placearmies 16 1
Jibs_PC#3436075244940464128 attack 16 31
Jibs_PC#3436075244940464128 roll 3
Jibs_PC#3436075244940464128 roll 2
DICE 3 2 3 3 0 3 0 
Jibs_PC#3436075244940464128 roll 3
Jibs_PC#3436075244940464128 roll 2
DICE 3 2 5 2 1 5 2 
Jibs_PC#3436075244940464128 retreat
Jibs_PC#3436075244940464128 attack 14 6
Jibs_PC#3436075244940464128 roll 3
Jibs_PC#3436075244940464128 roll 2
DICE 3 2 5 5 2 2 0 
Jibs_PC#3436075244940464128 roll 3
Jibs_PC#3436075244940464128 roll 1
DICE 3 1 5 2 2 0 
Jibs_PC#3436075244940464128 endattack
Jibs_PC#3436075244940464128 movearmies 6 14 2
CARD 11
Jibs_PC#3436075244940464128 placearmies 27 3
Jibs_PC#3436075244940464128 attack 27 34
Jibs_PC#3436075244940464128 roll 3
Jibs_PC#3436075244940464128 roll 1
DICE 3 1 3 2 1 0 
Jibs_PC#3436075244940464128 attack 34 35
Jibs_PC#3436075244940464128 roll 2
Jibs_PC#3436075244940464128 roll 1
DICE 2 1 5 2 1 
Jibs_PC#3436075244940464128 endattack
Jibs_PC#3436075244940464128 nomove
CARD 39
Jibs_PC#3436075244940464128 trade 7 35 41
Jibs_PC#3436075244940464128 placearmies 3 1
Jibs_PC#3436075244940464128 placearmies 8 1
Jibs_PC#3436075244940464128 placearmies 3 8
Jibs_PC#3436075244940464128 placearmies 8 3
Jibs_PC#3436075244940464128 placearmies 20 4
Jibs_PC#3436075244940464128 attack 7 6
Jibs_PC#3436075244940464128 roll 3
Jibs_PC#3436075244940464128 roll 1
DICE 3 1 5 2 1 2 
Jibs_PC#3436075244940464128 move 4
Jibs_PC#3436075244940464128 attack 20 21
Jibs_PC#3436075244940464128 roll 3
Jibs_PC#3436075244940464128 roll 2
DICE 3 2 4 4 0 3 1 
Jibs_PC#3436075244940464128 move 7
Jibs_PC#3436075244940464128 attack 21 23
Jibs_PC#3436075244940464128 roll 3
Jibs_PC#3436075244940464128 roll 1
DICE 3 1 5 4 1 1 
Jibs_PC#3436075244940464128 move 3
Jibs_PC#3436075244940464128 attack 3 1
Jibs_PC#3436075244940464128 roll 3
Jibs_PC#3436075244940464128 roll 2
DICE 3 2 4 4 0 3 0 
Jibs_PC#3436075244940464128 roll 3
Jibs_PC#3436075244940464128 roll 2
DICE 3 2 5 2 2 2 1 
Jibs_PC#3436075244940464128 roll 3
Jibs_PC#3436075244940464128 roll 2
DICE 3 2 2 2 2 4 3 
Jibs_PC#3436075244940464128 roll 3
Jibs_PC#3436075244940464128 roll 2
DICE 3 2 4 3 2 5 2 
Jibs_PC#3436075244940464128 roll 3
Jibs_PC#3436075244940464128 roll 2
DICE 3 2 5 2 0 2 1 
Jibs_PC#3436075244940464128 roll 3
Jibs_PC#3436075244940464128 roll 2
DICE 3 2 5 3 3 0 0 
Jibs_PC#3436075244940464128 roll 3
Jibs_PC#3436075244940464128 roll 1
DICE 3 1 5 3 2 3 
Jibs_PC#3436075244940464128 move 6
Jibs_PC#3436075244940464128 attack 1 38
Jibs_PC#3436075244940464128 roll 3
Jibs_PC#3436075244940464128 roll 1
DICE 3 1 3 1 0 2 
Jibs_PC#3436075244940464128 move 5
Jibs_PC#3436075244940464128 attack 38 36
Jibs_PC#3436075244940464128 roll 3
Jibs_PC#3436075244940464128 roll 1
DICE 3 1 5 2 0 3 
Jibs_PC#3436075244940464128 move 3
Jibs_PC#3436075244940464128 endattack
Jibs_PC#3436075244940464128 movearmies 36 38 2
CARD 4
Jibs_PC#3436075244940464128 placearmies 39 5
Jibs_PC#3436075244940464128 attack 39 33
Jibs_PC#3436075244940464128 roll 3
Jibs_PC#3436075244940464128 roll 2
DICE 3 2 5 3 0 2 0 
Jibs_PC#3436075244940464128 roll 3
Jibs_PC#3436075244940464128 roll 2
DICE 3 2 5 4 2 4 2 
Jibs_PC#3436075244940464128 roll 3
Jibs_PC#3436075244940464128 roll 2
DICE 3 2 0 0 0 1 0 
Jibs_PC#3436075244940464128 roll 3
Jibs_PC#3436075244940464128 roll 2
DICE 3 2 3 2 0 4 3 
Jibs_PC#3436075244940464128 roll 3
Jibs_PC#3436075244940464128 roll 2
DICE 3 2 4 4 0 4 4 
Jibs_PC#3436075244940464128 roll 3
Jibs_PC#3436075244940464128 roll 2
DICE 3 2 3 2 1 5 5 
Jibs_PC#3436075244940464128 retreat
Jibs_PC#3436075244940464128 endattack
Jibs_PC#3436075244940464128 nomove
CARD 
Jibs_PC#3436075244940464128 placearmies 26 3
Jibs_PC#3436075244940464128 attack 26 24
Jibs_PC#3436075244940464128 roll 3
Jibs_PC#3436075244940464128 roll 1
DICE 3 1 3 3 2 0 
Jibs_PC#3436075244940464128 endattack
Jibs_PC#3436075244940464128 nomove
CARD 38
Jibs_PC#3436075244940464128 trade 20 23 11
Jibs_PC#3436075244940464128 placearmies 16 2
Jibs_PC#3436075244940464128 placearmies 14 6
Jibs_PC#3436075244940464128 placearmies 16 1
Jibs_PC#3436075244940464128 attack 14 6
Jibs_PC#3436075244940464128 roll 3
Jibs_PC#3436075244940464128 roll 2
DICE 3 2 3 2 1 3 0 
Jibs_PC#3436075244940464128 roll 3
Jibs_PC#3436075244940464128 roll 2
DICE 3 2 3 1 0 5 1 
Jibs_PC#3436075244940464128 roll 3
Jibs_PC#3436075244940464128 roll 2
DICE 3 2 4 3 1 5 2 
Jibs_PC#3436075244940464128 roll 3
Jibs_PC#3436075244940464128 roll 2
DICE 3 2 3 1 1 5 0 
Jibs_PC#3436075244940464128 roll 3
Jibs_PC#3436075244940464128 roll 1
DICE 3 1 4 0 0 0 
Jibs_PC#3436075244940464128 attack 16 20
Jibs_PC#3436075244940464128 roll 3
Jibs_PC#3436075244940464128 roll 1
DICE 3 1 3 2 0 4 
Jibs_PC#3436075244940464128 roll 3
Jibs_PC#3436075244940464128 roll 1
DICE 3 1 5 4 0 0 
Jibs_PC#3436075244940464128 endattack
Jibs_PC#3436075244940464128 nomove
CARD 32
Jibs_PC#3436075244940464128 placearmies 35 3
Jibs_PC#3436075244940464128 attack 35 36
Jibs_PC#3436075244940464128 roll 3
Jibs_PC#3436075244940464128 roll 1
DICE 3 1 4 1 0 5 
Jibs_PC#3436075244940464128 roll 3
Jibs_PC#3436075244940464128 roll 1
DICE 3 1 5 4 3 3 
Jibs_PC#3436075244940464128 attack 36 37
Jibs_PC#3436075244940464128 roll 2
Jibs_PC#3436075244940464128 roll 1
DICE 2 1 3 0 5 
Jibs_PC#3436075244940464128 retreat
Jibs_PC#3436075244940464128 endattack
Jibs_PC#3436075244940464128 nomove
CARD 22
Jibs_PC#3436075244940464128 placearmies 25 4
Jibs_PC#3436075244940464128 placearmies 8 3
Jibs_PC#3436075244940464128 placearmies 7 1
Jibs_PC#3436075244940464128 attack 21 19
Jibs_PC#3436075244940464128 roll 3
Jibs_PC#3436075244940464128 roll 1
DICE 3 1 5 4 2 5 
Jibs_PC#3436075244940464128 roll 2
Jibs_PC#3436075244940464128 roll 1
DICE 2 1 3 2 2 
Jibs_PC#3436075244940464128 attack 8 6
Jibs_PC#3436075244940464128 roll 3
Jibs_PC#3436075244940464128 roll 2
DICE 3 2 4 4 1 3 1 
Jibs_PC#3436075244940464128 roll 3
Jibs_PC#3436075244940464128 roll 1
DICE 3 1 5 4 3 0 
Jibs_PC#3436075244940464128 move 7
Jibs_PC#3436075244940464128 attack 6 14
Jibs_PC#3436075244940464128 roll 3
Jibs_PC#3436075244940464128 roll 1
DICE 3 1 5 5 3 1 
Jibs_PC#3436075244940464128 move 6
Jibs_PC#3436075244940464128 attack 14 17
Jibs_PC#3436075244940464128 roll 3
Jibs_PC#3436075244940464128 roll 1
DICE 3 1 4 4 2 2 
Jibs_PC#3436075244940464128 move 4
Jibs_PC#3436075244940464128 attack 17 18
Jibs_PC#3436075244940464128 roll 3
Jibs_PC#3436075244940464128 roll 1
DICE 3 1 4 4 2 3 
Jibs_PC#3436075244940464128 attack 18 16
Jibs_PC#3436075244940464128 roll 2
Jibs_PC#3436075244940464128 roll 1
DICE 2 1 3 2 0 
Jibs_PC#3436075244940464128 attack 25 26
Jibs_PC#3436075244940464128 roll 3
Jibs_PC#3436075244940464128 roll 1
DICE 3 1 5 4 1 2 
Jibs_PC#3436075244940464128 move 4
Jibs_PC#3436075244940464128 endattack
Jibs_PC#3436075244940464128 movearmies 23 21 2
CARD 8
Jibs_PC#3436075244940464128 placearmies 39 5
Jibs_PC#3436075244940464128 attack 39 33
Jibs_PC#3436075244940464128 roll 3
Jibs_PC#3436075244940464128 roll 2
DICE 3 2 5 5 2 2 1 
Jibs_PC#3436075244940464128 roll 3
Jibs_PC#3436075244940464128 roll 2
DICE 3 2 4 4 1 4 0 
Jibs_PC#3436075244940464128 roll 3
Jibs_PC#3436075244940464128 roll 2
DICE 3 2 4 1 0 3 0 
Jibs_PC#3436075244940464128 roll 3
Jibs_PC#3436075244940464128 roll 1
DICE 3 1 4 3 0 3 
Jibs_PC#3436075244940464128 move 6
Jibs_PC#3436075244940464128 endattack
Jibs_PC#3436075244940464128 movearmies 33 39 5
CARD 25
Jibs_PC#3436075244940464128 placearmies 24 1
Jibs_PC#3436075244940464128 placearmies 24 1
Jibs_PC#3436075244940464128 placearmies 24 1
Jibs_PC#3436075244940464128 attack 24 21
Jibs_PC#3436075244940464128 roll 3
Jibs_PC#3436075244940464128 roll 2
DICE 3 2 4 4 0 5 2 
Jibs_PC#3436075244940464128 roll 3
Jibs_PC#3436075244940464128 roll 2
DICE 3 2 5 2 0 5 1 
Jibs_PC#3436075244940464128 roll 3
Jibs_PC#3436075244940464128 roll 1
DICE 3 1 5 0 0 2 
Jibs_PC#3436075244940464128 endattack
Jibs_PC#3436075244940464128 nomove
CARD 26
Jibs_PC#3436075244940464128 placearmies 20 1
Jibs_PC#3436075244940464128 placearmies 20 1
Jibs_PC#3436075244940464128 placearmies 15 1
Jibs_PC#3436075244940464128 attack 20 16
Jibs_PC#3436075244940464128 roll 3
Jibs_PC#3436075244940464128 roll 2
DICE 3 2 3 2 0 4 0 
Jibs_PC#3436075244940464128 roll 3
Jibs_PC#3436075244940464128 roll 1
DICE 3 1 5 5 3 2 
Jibs_PC#3436075244940464128 endattack
Jibs_PC#3436075244940464128 nomove
CARD 19
Jibs_PC#3436075244940464128 placearmies 36 2
Jibs_PC#3436075244940464128 placearmies 36 1
Jibs_PC#3436075244940464128 attack 36 37
Jibs_PC#3436075244940464128 roll 3
Jibs_PC#3436075244940464128 roll 1
DICE 3 1 5 3 1 3 
Jibs_PC#3436075244940464128 move 4
Jibs_PC#3436075244940464128 endattack
Jibs_PC#3436075244940464128 nomove
CARD 3
Jibs_PC#3436075244940464128 trade 34 37 8
Jibs_PC#3436075244940464128 placearmies 19 14
Jibs_PC#3436075244940464128 placearmies 19 8
Jibs_PC#3436075244940464128 placearmies 19 1
Jibs_PC#3436075244940464128 placearmies 19 1
Jibs_PC#3436075244940464128 attack 19 20
Jibs_PC#3436075244940464128 roll 3
Jibs_PC#3436075244940464128 roll 1
DICE 3 1 4 4 0 2 
Jibs_PC#3436075244940464128 move 25
Jibs_PC#3436075244940464128 attack 20 16
Jibs_PC#3436075244940464128 roll 3
Jibs_PC#3436075244940464128 roll 2
DICE 3 2 4 3 1 1 0 
Jibs_PC#3436075244940464128 roll 3
Jibs_PC#3436075244940464128 roll 1
DICE 3 1 5 5 0 5 
Jibs_PC#3436075244940464128 roll 3
Jibs_PC#3436075244940464128 roll 1
DICE 3 1 4 3 2 2 
Jibs_PC#3436075244940464128 move 23
Jibs_PC#3436075244940464128 attack 16 15
Jibs_PC#3436075244940464128 roll 3
Jibs_PC#3436075244940464128 roll 2
DICE 3 2 4 4 1 2 0 
Jibs_PC#3436075244940464128 move 3
Jibs_PC#3436075244940464128 attack 16 31
Jibs_PC#3436075244940464128 roll 3
Jibs_PC#3436075244940464128 roll 2
DICE 3 2 4 4 0 3 0 
Jibs_PC#3436075244940464128 move 18
Jibs_PC#3436075244940464128 attack 31 32
Jibs_PC#3436075244940464128 roll 3
Jibs_PC#3436075244940464128 roll 1
DICE 3 1 5 1 1 3 
Jibs_PC#3436075244940464128 move 17
Jibs_PC#3436075244940464128 attack 32 33
Jibs_PC#3436075244940464128 roll 3
Jibs_PC#3436075244940464128 roll 1
DICE 3 1 5 4 0 0 
Jibs_PC#3436075244940464128 move 16
Jibs_PC#3436075244940464128 attack 33 39
Jibs_PC#3436075244940464128 roll 3
Jibs_PC#3436075244940464128 roll 2
DICE 3 2 5 4 2 4 0 
Jibs_PC#3436075244940464128 roll 3
Jibs_PC#3436075244940464128 roll 2
DICE 3 2 4 4 1 2 2 
Jibs_PC#3436075244940464128 roll 3
Jibs_PC#3436075244940464128 roll 2
DICE 3 2 3 1 0 3 0 
Jibs_PC#3436075244940464128 roll 3
Jibs_PC#3436075244940464128 roll 1
DICE 3 1 4 4 4 2 
Jibs_PC#3436075244940464128 move 14
Jibs_PC#3436075244940464128 attack 39 41
Jibs_PC#3436075244940464128 roll 3
Jibs_PC#3436075244940464128 roll 1
DICE 3 1 3 1 0 4 
Jibs_PC#3436075244940464128 roll 3
Jibs_PC#3436075244940464128 roll 1
DICE 3 1 5 2 0 5 
Jibs_PC#3436075244940464128 roll 3
Jibs_PC#3436075244940464128 roll 1
DICE 3 1 3 2 0 0 
Jibs_PC#3436075244940464128 move 10
Jibs_PC#3436075244940464128 attack 41 42
Jibs_PC#3436075244940464128 roll 3
Jibs_PC#3436075244940464128 roll 2
DICE 3 2 5 2 0 5 0 
Jibs_PC#3436075244940464128 roll 3
Jibs_PC#3436075244940464128 roll 1
DICE 3 1 5 4 3 4 
Jibs_PC#3436075244940464128 move 5
Jibs_PC#3436075244940464128 attack 42 40
Jibs_PC#3436075244940464128 roll 3
Jibs_PC#3436075244940464128 roll 1
DICE 3 1 3 2 1 5 
Jibs_PC#3436075244940464128 roll 3
Jibs_PC#3436075244940464128 roll 1
DICE 3 1 3 3 2 0 
Jibs_PC#3436075244940464128 trade 4 32 19
Jibs_PC#3436075244940464128 placearmies 26 1
Jibs_PC#3436075244940464128 placearmies 19 1
Jibs_PC#3436075244940464128 placearmies 20 1
Jibs_PC#3436075244940464128 placearmies 33 1
Jibs_PC#3436075244940464128 attack 26 24
Jibs_PC#3436075244940464128 roll 3
Jibs_PC#3436075244940464128 roll 1
DICE 3 1 3 3 2 1 
Jibs_PC#3436075244940464128 move 4
Jibs_PC#3436075244940464128 endattack
Jibs_PC#3436075244940464128 movearmies 10 12 2
CARD 7
Jibs_PC#3436075244940464128 placearmies 21 1
Jibs_PC#3436075244940464128 placearmies 21 2
Jibs_PC#3436075244940464128 attack 21 19
Jibs_PC#3436075244940464128 roll 3
Jibs_PC#3436075244940464128 roll 2
DICE 3 2 5 3 0 3 0 
Jibs_PC#3436075244940464128 move 5
Jibs_PC#3436075244940464128 attack 19 18
Jibs_PC#3436075244940464128 roll 3
Jibs_PC#3436075244940464128 roll 1
DICE 3 1 3 2 1 0 
Jibs_PC#3436075244940464128 move 4
Jibs_PC#3436075244940464128 endattack
Jibs_PC#3436075244940464128 nomove
CARD wildcard
Jibs_PC#3436075244940464128 trade 13 22 3
Jibs_PC#3436075244940464128 placearmies 30 3
Jibs_PC#3436075244940464128 placearmies 30 4
Jibs_PC#3436075244940464128 attack 30 31
Jibs_PC#3436075244940464128 roll 3
Jibs_PC#3436075244940464128 roll 1
DICE 3 1 4 1 0 0 
Jibs_PC#3436075244940464128 move 7
Jibs_PC#3436075244940464128 attack 31 32
Jibs_PC#3436075244940464128 roll 3
Jibs_PC#3436075244940464128 roll 1
DICE 3 1 4 3 1 0 
Jibs_PC#3436075244940464128 move 6
Jibs_PC#3436075244940464128 attack 32 33
Jibs_PC#3436075244940464128 roll 3
Jibs_PC#3436075244940464128 roll 2
DICE 3 2 2 1 0 5 0 
Jibs_PC#3436075244940464128 roll 3
Jibs_PC#3436075244940464128 roll 1
DICE 3 1 2 1 0 0 
Jibs_PC#3436075244940464128 move 4
Jibs_PC#3436075244940464128 attack 33 39
Jibs_PC#3436075244940464128 roll 3
Jibs_PC#3436075244940464128 roll 2
DICE 3 2 4 1 0 4 2 
Jibs_PC#3436075244940464128 retreat
Jibs_PC#3436075244940464128 endattack
Jibs_PC#3436075244940464128 nomove
CARD 17
Jibs_PC#3436075244940464128 trade 10 27 25
Jibs_PC#3436075244940464128 placearmies 12 10
Jibs_PC#3436075244940464128 placearmies 17 1
Jibs_PC#3436075244940464128 placearmies 15 1
Jibs_PC#3436075244940464128 placearmies 17 2
Jibs_PC#3436075244940464128 placearmies 16 12
Jibs_PC#3436075244940464128 attack 12 21
Jibs_PC#3436075244940464128 roll 3
Jibs_PC#3436075244940464128 roll 1
DICE 3 1 5 3 2 5 
Jibs_PC#3436075244940464128 roll 3
Jibs_PC#3436075244940464128 roll 1
DICE 3 1 5 2 0 4 
Jibs_PC#3436075244940464128 move 13
