Jibs_PC#3796315899537724416 newplayer ai hard green s0914007
Jibs_PC#3796315899537724416 newplayer ai hard blue bob
Jibs_PC#3796315899537724416 newplayer ai hard red fred
Jibs_PC#3796315899537724416 newplayer ai hard cyan ted
Jibs_PC#3796315899537724416 newplayer ai hard magenta yura
Jibs_PC#3796315899537724416 newplayer ai hard yellow lala
Jibs_PC#3796315899537724416 startgame mission fixed autoplaceall recycle
PLAYER ted
MISSION 3 4 0 1 1 0
PLACEALL 23 38 32 40 9 37 10 21 35 26 36 7 1 8 19 16 2 30 5 15 17 22 4 25 3 18 29 20 42 31 28 13 39 14 12 11 33 27 24 6 34 41
Jibs_PC#3796315899537724416 placearmies 33 1
CARD 
Jibs_PC#3796315899537724416 placearmies 8 1
CARD 
Jibs_PC#3796315899537724416 placearmies 39 1
CARD 
Jibs_PC#3796315899537724416 placearmies 40 1
CARD 
Jibs_PC#3796315899537724416 placearmies 9 1
CARD 
Jibs_PC#3796315899537724416 placearmies 11 1
CARD 
Jibs_PC#3796315899537724416 placearmies 3 1
CARD 
Jibs_PC#3796315899537724416 placearmies 21 1
CARD 
Jibs_PC#3796315899537724416 placearmies 39 1
CARD 
Jibs_PC#3796315899537724416 placearmies 40 1
CARD 
Jibs_PC#3796315899537724416 placearmies 9 1
CARD 
Jibs_PC#3796315899537724416 placearmies 11 1
CARD 
Jibs_PC#3796315899537724416 placearmies 3 1
CARD 
Jibs_PC#3796315899537724416 placearmies 21 1
CARD 
Jibs_PC#3796315899537724416 placearmies 39 1
CARD 
Jibs_PC#3796315899537724416 placearmies 40 1
CARD 
Jibs_PC#3796315899537724416 placearmies 9 1
CARD 
Jibs_PC#3796315899537724416 placearmies 11 1
CARD 
Jibs_PC#3796315899537724416 placearmies 3 1
CARD 
Jibs_PC#3796315899537724416 placearmies 21 1
CARD 
Jibs_PC#3796315899537724416 placearmies 39 1
CARD 
Jibs_PC#3796315899537724416 placearmies 40 1
CARD 
Jibs_PC#3796315899537724416 placearmies 9 1
CARD 
Jibs_PC#3796315899537724416 placearmies 11 1
CARD 
Jibs_PC#3796315899537724416 placearmies 3 1
CARD 
Jibs_PC#3796315899537724416 placearmies 21 1
CARD 
Jibs_PC#3796315899537724416 placearmies 39 1
CARD 
Jibs_PC#3796315899537724416 placearmies 40 1
CARD 
Jibs_PC#3796315899537724416 placearmies 9 1
CARD 
Jibs_PC#3796315899537724416 placearmies 11 1
CARD 
Jibs_PC#3796315899537724416 placearmies 3 1
CARD 
Jibs_PC#3796315899537724416 placearmies 21 1
CARD 
Jibs_PC#3796315899537724416 placearmies 39 1
CARD 
Jibs_PC#3796315899537724416 placearmies 40 1
CARD 
Jibs_PC#3796315899537724416 placearmies 9 1
CARD 
Jibs_PC#3796315899537724416 placearmies 11 1
CARD 
Jibs_PC#3796315899537724416 placearmies 3 1
CARD 
Jibs_PC#3796315899537724416 placearmies 21 1
CARD 
Jibs_PC#3796315899537724416 placearmies 39 1
CARD 
Jibs_PC#3796315899537724416 placearmies 40 1
CARD 
Jibs_PC#3796315899537724416 placearmies 9 1
CARD 
Jibs_PC#3796315899537724416 placearmies 11 1
CARD 
Jibs_PC#3796315899537724416 placearmies 3 1
CARD 
Jibs_PC#3796315899537724416 placearmies 21 1
CARD 
Jibs_PC#3796315899537724416 placearmies 19 1
CARD 
Jibs_PC#3796315899537724416 placearmies 16 1
CARD 
Jibs_PC#3796315899537724416 placearmies 9 1
CARD 
Jibs_PC#3796315899537724416 placearmies 11 1
CARD 
Jibs_PC#3796315899537724416 placearmies 3 1
CARD 
Jibs_PC#3796315899537724416 placearmies 21 1
CARD 
Jibs_PC#3796315899537724416 placearmies 19 1
CARD 
Jibs_PC#3796315899537724416 placearmies 16 1
CARD 
Jibs_PC#3796315899537724416 placearmies 9 1
CARD 
Jibs_PC#3796315899537724416 placearmies 11 1
CARD 
Jibs_PC#3796315899537724416 placearmies 3 1
CARD 
Jibs_PC#3796315899537724416 placearmies 21 1
CARD 
Jibs_PC#3796315899537724416 placearmies 19 1
CARD 
Jibs_PC#3796315899537724416 placearmies 16 1
CARD 
Jibs_PC#3796315899537724416 placearmies 9 1
CARD 
Jibs_PC#3796315899537724416 placearmies 11 1
CARD 
Jibs_PC#3796315899537724416 placearmies 3 1
CARD 
Jibs_PC#3796315899537724416 placearmies 21 1
CARD 
Jibs_PC#3796315899537724416 placearmies 19 1
CARD 
Jibs_PC#3796315899537724416 placearmies 16 1
CARD 
Jibs_PC#3796315899537724416 placearmies 42 1
CARD 
Jibs_PC#3796315899537724416 placearmies 37 1
CARD 
Jibs_PC#3796315899537724416 placearmies 33 1
CARD 
Jibs_PC#3796315899537724416 placearmies 21 1
CARD 
Jibs_PC#3796315899537724416 placearmies 19 1
CARD 
Jibs_PC#3796315899537724416 placearmies 16 1
CARD 
Jibs_PC#3796315899537724416 placearmies 42 1
CARD 
Jibs_PC#3796315899537724416 placearmies 37 1
CARD 
Jibs_PC#3796315899537724416 placearmies 33 1
CARD 
Jibs_PC#3796315899537724416 placearmies 21 1
CARD 
Jibs_PC#3796315899537724416 placearmies 19 1
CARD 
Jibs_PC#3796315899537724416 placearmies 16 1
CARD 
Jibs_PC#3796315899537724416 placearmies 42 1
CARD 
Jibs_PC#3796315899537724416 placearmies 37 1
CARD 
Jibs_PC#3796315899537724416 placearmies 3 3
Jibs_PC#3796315899537724416 attack 3 2
Jibs_PC#3796315899537724416 roll 3
Jibs_PC#3796315899537724416 roll 1
DICE 3 1 1 0 0 5 
Jibs_PC#3796315899537724416 roll 3
Jibs_PC#3796315899537724416 roll 1
DICE 3 1 4 3 1 2 
Jibs_PC#3796315899537724416 move 12
Jibs_PC#3796315899537724416 attack 2 6
Jibs_PC#3796315899537724416 roll 3
Jibs_PC#3796315899537724416 roll 1
DICE 3 1 4 2 2 1 
Jibs_PC#3796315899537724416 move 11
Jibs_PC#3796315899537724416 attack 6 7
Jibs_PC#3796315899537724416 roll 3
Jibs_PC#3796315899537724416 roll 1
DICE 3 1 4 3 1 1 
Jibs_PC#3796315899537724416 move 10
Jibs_PC#3796315899537724416 attack 7 4
Jibs_PC#3796315899537724416 roll 3
Jibs_PC#3796315899537724416 roll 1
DICE 3 1 5 5 3 2 
Jibs_PC#3796315899537724416 move 9
Jibs_PC#3796315899537724416 endattack
Jibs_PC#3796315899537724416 nomove
CARD 19
Jibs_PC#3796315899537724416 placearmies 21 1
Jibs_PC#3796315899537724416 placearmies 21 2
Jibs_PC#3796315899537724416 attack 21 12
Jibs_PC#3796315899537724416 roll 3
Jibs_PC#3796315899537724416 roll 1
DICE 3 1 4 0 0 4 
Jibs_PC#3796315899537724416 roll 3
Jibs_PC#3796315899537724416 roll 1
DICE 3 1 3 1 0 3 
Jibs_PC#3796315899537724416 retreat
Jibs_PC#3796315899537724416 attack 21 22
Jibs_PC#3796315899537724416 roll 3
Jibs_PC#3796315899537724416 roll 1
DICE 3 1 1 0 0 5 
Jibs_PC#3796315899537724416 roll 3
Jibs_PC#3796315899537724416 roll 1
DICE 3 1 2 1 1 5 
Jibs_PC#3796315899537724416 roll 3
Jibs_PC#3796315899537724416 roll 1
DICE 3 1 4 3 3 3 
Jibs_PC#3796315899537724416 move 11
Jibs_PC#3796315899537724416 attack 22 24
Jibs_PC#3796315899537724416 roll 3
Jibs_PC#3796315899537724416 roll 1
DICE 3 1 3 2 2 0 
Jibs_PC#3796315899537724416 move 10
Jibs_PC#3796315899537724416 attack 24 23
Jibs_PC#3796315899537724416 roll 3
Jibs_PC#3796315899537724416 roll 1
DICE 3 1 5 5 2 0 
Jibs_PC#3796315899537724416 move 9
Jibs_PC#3796315899537724416 attack 23 25
Jibs_PC#3796315899537724416 roll 3
Jibs_PC#3796315899537724416 roll 1
DICE 3 1 4 4 3 3 
Jibs_PC#3796315899537724416 move 8
Jibs_PC#3796315899537724416 attack 25 26
Jibs_PC#3796315899537724416 roll 3
Jibs_PC#3796315899537724416 roll 1
DICE 3 1 2 1 0 3 
Jibs_PC#3796315899537724416 roll 3
Jibs_PC#3796315899537724416 roll 1
DICE 3 1 5 3 1 2 
Jibs_PC#3796315899537724416 move 3
Jibs_PC#3796315899537724416 endattack
Jibs_PC#3796315899537724416 movearmies 25 23 2
CARD 40
Jibs_PC#3796315899537724416 placearmies 19 3
Jibs_PC#3796315899537724416 attack 39 41
Jibs_PC#3796315899537724416 roll 3
Jibs_PC#3796315899537724416 roll 1
DICE 3 1 3 3 2 1 
Jibs_PC#3796315899537724416 move 7
Jibs_PC#3796315899537724416 attack 19 18
Jibs_PC#3796315899537724416 roll 3
Jibs_PC#3796315899537724416 roll 1
DICE 3 1 5 4 0 2 
Jibs_PC#3796315899537724416 move 9
Jibs_PC#3796315899537724416 attack 18 16
Jibs_PC#3796315899537724416 roll 3
Jibs_PC#3796315899537724416 roll 2
DICE 3 2 2 1 0 2 2 
Jibs_PC#3796315899537724416 roll 3
Jibs_PC#3796315899537724416 roll 2
DICE 3 2 4 3 2 4 4 
Jibs_PC#3796315899537724416 retreat
Jibs_PC#3796315899537724416 endattack
Jibs_PC#3796315899537724416 nomove
CARD 12
Jibs_PC#3796315899537724416 placearmies 20 3
Jibs_PC#3796315899537724416 attack 16 18
Jibs_PC#3796315899537724416 roll 3
Jibs_PC#3796315899537724416 roll 2
DICE 3 2 5 4 3 4 1 
Jibs_PC#3796315899537724416 roll 3
Jibs_PC#3796315899537724416 roll 2
DICE 3 2 5 4 2 5 4 
Jibs_PC#3796315899537724416 roll 3
Jibs_PC#3796315899537724416 roll 2
DICE 3 2 5 2 1 3 2 
Jibs_PC#3796315899537724416 roll 3
Jibs_PC#3796315899537724416 roll 2
DICE 3 2 5 4 3 4 0 
Jibs_PC#3796315899537724416 attack 18 15
Jibs_PC#3796315899537724416 roll 2
Jibs_PC#3796315899537724416 roll 1
DICE 2 1 1 1 5 
Jibs_PC#3796315899537724416 retreat
Jibs_PC#3796315899537724416 attack 20 19
Jibs_PC#3796315899537724416 roll 3
Jibs_PC#3796315899537724416 roll 1
DICE 3 1 3 1 0 5 
Jibs_PC#3796315899537724416 roll 2
Jibs_PC#3796315899537724416 roll 1
DICE 2 1 3 2 2 
Jibs_PC#3796315899537724416 endattack
Jibs_PC#3796315899537724416 nomove
CARD 28
Jibs_PC#3796315899537724416 placearmies 9 3
Jibs_PC#3796315899537724416 attack 9 4
Jibs_PC#3796315899537724416 roll 3
Jibs_PC#3796315899537724416 roll 2
DICE 3 2 5 2 1 4 1 
Jibs_PC#3796315899537724416 roll 3
Jibs_PC#3796315899537724416 roll 2
DICE 3 2 4 3 0 4 3 
Jibs_PC#3796315899537724416 roll 3
Jibs_PC#3796315899537724416 roll 2
DICE 3 2 4 3 1 5 2 
Jibs_PC#3796315899537724416 roll 3
Jibs_PC#3796315899537724416 roll 2
DICE 3 2 5 4 3 1 0 
Jibs_PC#3796315899537724416 roll 3
Jibs_PC#3796315899537724416 roll 2
DICE 3 2 5 0 0 5 4 
Jibs_PC#3796315899537724416 roll 3
Jibs_PC#3796315899537724416 roll 2
DICE 3 2 4 4 4 5 4 
Jibs_PC#3796315899537724416 roll 3
Jibs_PC#3796315899537724416 roll 2
DICE 3 2 4 4 1 0 0 
Jibs_PC#3796315899537724416 roll 3
Jibs_PC#3796315899537724416 roll 2
DICE 3 2 5 3 0 5 0 
Jibs_PC#3796315899537724416 roll 3
Jibs_PC#3796315899537724416 roll 1
DICE 3 1 4 2 1 4 
Jibs_PC#3796315899537724416 roll 3
Jibs_PC#3796315899537724416 roll 1
DICE 3 1 2 0 0 0 
Jibs_PC#3796315899537724416 move 4
Jibs_PC#3796315899537724416 endattack
Jibs_PC#3796315899537724416 nomove
CARD 41
Jibs_PC#3796315899537724416 placearmies 37 3
Jibs_PC#3796315899537724416 attack 11 12
Jibs_PC#3796315899537724416 roll 3
Jibs_PC#3796315899537724416 roll 1
DICE 3 1 5 1 0 4 
Jibs_PC#3796315899537724416 move 10
Jibs_PC#3796315899537724416 attack 12 21
Jibs_PC#3796315899537724416 roll 3
Jibs_PC#3796315899537724416 roll 1
DICE 3 1 2 1 0 1 
Jibs_PC#3796315899537724416 move 9
Jibs_PC#3796315899537724416 attack 21 24
Jibs_PC#3796315899537724416 roll 3
Jibs_PC#3796315899537724416 roll 1
DICE 3 1 5 2 1 4 
Jibs_PC#3796315899537724416 move 8
Jibs_PC#3796315899537724416 attack 24 23
Jibs_PC#3796315899537724416 roll 3
Jibs_PC#3796315899537724416 roll 2
DICE 3 2 2 1 0 1 0 
Jibs_PC#3796315899537724416 roll 3
Jibs_PC#3796315899537724416 roll 1
DICE 3 1 5 4 0 2 
Jibs_PC#3796315899537724416 move 7
Jibs_PC#3796315899537724416 attack 23 25
Jibs_PC#3796315899537724416 roll 3
Jibs_PC#3796315899537724416 roll 2
DICE 3 2 3 2 0 2 1 
Jibs_PC#3796315899537724416 move 6
Jibs_PC#3796315899537724416 attack 25 26
Jibs_PC#3796315899537724416 roll 3
Jibs_PC#3796315899537724416 roll 2
DICE 3 2 4 2 0 4 0 
Jibs_PC#3796315899537724416 roll 3
Jibs_PC#3796315899537724416 roll 2
DICE 3 2 5 4 1 4 1 
Jibs_PC#3796315899537724416 move 3
Jibs_PC#3796315899537724416 attack 37 38
Jibs_PC#3796315899537724416 roll 3
Jibs_PC#3796315899537724416 roll 1
DICE 3 1 4 4 1 5 
Jibs_PC#3796315899537724416 roll 3
Jibs_PC#3796315899537724416 roll 1
DICE 3 1 3 1 0 0 
Jibs_PC#3796315899537724416 move 5
Jibs_PC#3796315899537724416 attack 38 36
Jibs_PC#3796315899537724416 roll 3
Jibs_PC#3796315899537724416 roll 1
DICE 3 1 5 2 0 3 
Jibs_PC#3796315899537724416 move 4
Jibs_PC#3796315899537724416 endattack
Jibs_PC#3796315899537724416 movearmies 26 24 2
CARD 15
Jibs_PC#3796315899537724416 placearmies 5 3
Jibs_PC#3796315899537724416 attack 5 9
Jibs_PC#3796315899537724416 roll 3
Jibs_PC#3796315899537724416 roll 1
DICE 3 1 5 3 1 3 
Jibs_PC#3796315899537724416 endattack
Jibs_PC#3796315899537724416 nomove
CARD 11
Jibs_PC#3796315899537724416 placearmies 8 2
Jibs_PC#3796315899537724416 placearmies 13 1
Jibs_PC#3796315899537724416 attack 8 6
Jibs_PC#3796315899537724416 roll 3
Jibs_PC#3796315899537724416 roll 1
DICE 3 1 4 4 1 5 
Jibs_PC#3796315899537724416 roll 2
Jibs_PC#3796315899537724416 roll 1
DICE 2 1 5 4 5 
Jibs_PC#3796315899537724416 retreat
Jibs_PC#3796315899537724416 endattack
Jibs_PC#3796315899537724416 nomove
CARD 
Jibs_PC#3796315899537724416 placearmies 41 1
Jibs_PC#3796315899537724416 placearmies 41 2
Jibs_PC#3796315899537724416 attack 41 42
Jibs_PC#3796315899537724416 roll 3
Jibs_PC#3796315899537724416 roll 2
DICE 3 2 3 3 0 3 1 
Jibs_PC#3796315899537724416 roll 3
Jibs_PC#3796315899537724416 roll 2
DICE 3 2 5 2 0 5 4 
Jibs_PC#3796315899537724416 roll 3
Jibs_PC#3796315899537724416 roll 2
DICE 3 2 5 4 1 2 2 
Jibs_PC#3796315899537724416 roll 3
Jibs_PC#3796315899537724416 roll 1
DICE 3 1 2 1 0 0 
Jibs_PC#3796315899537724416 move 6
Jibs_PC#3796315899537724416 endattack
Jibs_PC#3796315899537724416 nomove
CARD 7
Jibs_PC#3796315899537724416 placearmies 18 3
Jibs_PC#3796315899537724416 attack 40 41
Jibs_PC#3796315899537724416 roll 3
Jibs_PC#3796315899537724416 roll 1
DICE 3 1 5 1 1 0 
Jibs_PC#3796315899537724416 move 7
Jibs_PC#3796315899537724416 attack 41 39
Jibs_PC#3796315899537724416 roll 3
Jibs_PC#3796315899537724416 roll 1
DICE 3 1 5 2 0 3 
Jibs_PC#3796315899537724416 move 6
Jibs_PC#3796315899537724416 attack 18 15
Jibs_PC#3796315899537724416 roll 3
Jibs_PC#3796315899537724416 roll 1
DICE 3 1 3 2 1 3 
Jibs_PC#3796315899537724416 roll 3
Jibs_PC#3796315899537724416 roll 1
DICE 3 1 2 0 0 4 
Jibs_PC#3796315899537724416 retreat
Jibs_PC#3796315899537724416 attack 18 15
Jibs_PC#3796315899537724416 roll 2
Jibs_PC#3796315899537724416 roll 1
DICE 2 1 4 2 4 
Jibs_PC#3796315899537724416 retreat
Jibs_PC#3796315899537724416 endattack
Jibs_PC#3796315899537724416 nomove
CARD 42
Jibs_PC#3796315899537724416 placearmies 4 3
Jibs_PC#3796315899537724416 attack 4 9
Jibs_PC#3796315899537724416 roll 3
Jibs_PC#3796315899537724416 roll 2
DICE 3 2 3 3 0 5 4 
Jibs_PC#3796315899537724416 roll 3
Jibs_PC#3796315899537724416 roll 2
DICE 3 2 4 4 0 2 2 
Jibs_PC#3796315899537724416 retreat
Jibs_PC#3796315899537724416 attack 4 3
Jibs_PC#3796315899537724416 roll 3
Jibs_PC#3796315899537724416 roll 1
DICE 3 1 3 3 2 3 
Jibs_PC#3796315899537724416 roll 3
Jibs_PC#3796315899537724416 roll 1
DICE 3 1 4 1 1 1 
Jibs_PC#3796315899537724416 endattack
Jibs_PC#3796315899537724416 nomove
CARD 8
Jibs_PC#3796315899537724416 placearmies 11 4
Jibs_PC#3796315899537724416 attack 11 10
Jibs_PC#3796315899537724416 roll 3
Jibs_PC#3796315899537724416 roll 1
DICE 3 1 4 4 2 0 
Jibs_PC#3796315899537724416 move 4
Jibs_PC#3796315899537724416 attack 24 22
Jibs_PC#3796315899537724416 roll 2
Jibs_PC#3796315899537724416 roll 1
DICE 2 1 4 0 2 
Jibs_PC#3796315899537724416 endattack
Jibs_PC#3796315899537724416 nomove
CARD 6
Jibs_PC#3796315899537724416 placearmies 5 3
Jibs_PC#3796315899537724416 attack 5 4
Jibs_PC#3796315899537724416 roll 3
Jibs_PC#3796315899537724416 roll 1
DICE 3 1 3 3 1 2 
Jibs_PC#3796315899537724416 endattack
Jibs_PC#3796315899537724416 nomove
CARD 25
Jibs_PC#3796315899537724416 placearmies 13 2
Jibs_PC#3796315899537724416 placearmies 13 1
Jibs_PC#3796315899537724416 attack 13 11
Jibs_PC#3796315899537724416 roll 3
Jibs_PC#3796315899537724416 roll 1
DICE 3 1 3 2 0 2 
Jibs_PC#3796315899537724416 move 4
Jibs_PC#3796315899537724416 attack 11 12
Jibs_PC#3796315899537724416 roll 3
Jibs_PC#3796315899537724416 roll 1
DICE 3 1 4 0 0 3 
Jibs_PC#3796315899537724416 attack 12 21
Jibs_PC#3796315899537724416 roll 2
Jibs_PC#3796315899537724416 roll 1
DICE 2 1 4 1 3 
Jibs_PC#3796315899537724416 endattack
Jibs_PC#3796315899537724416 nomove
CARD 21
Jibs_PC#3796315899537724416 placearmies 42 3
Jibs_PC#3796315899537724416 attack 42 40
Jibs_PC#3796315899537724416 roll 3
Jibs_PC#3796315899537724416 roll 1
DICE 3 1 5 3 3 5 
Jibs_PC#3796315899537724416 roll 3
Jibs_PC#3796315899537724416 roll 1
DICE 3 1 3 2 1 3 
Jibs_PC#3796315899537724416 roll 3
Jibs_PC#3796315899537724416 roll 1
DICE 3 1 5 5 4 4 
Jibs_PC#3796315899537724416 move 6
Jibs_PC#3796315899537724416 attack 40 41
Jibs_PC#3796315899537724416 roll 3
Jibs_PC#3796315899537724416 roll 1
DICE 3 1 5 5 3 5 
Jibs_PC#3796315899537724416 roll 3
Jibs_PC#3796315899537724416 roll 1
DICE 3 1 5 5 2 1 
Jibs_PC#3796315899537724416 move 4
Jibs_PC#3796315899537724416 endattack
Jibs_PC#3796315899537724416 nomove
CARD 22
Jibs_PC#3796315899537724416 placearmies 18 3
Jibs_PC#3796315899537724416 attack 18 17
Jibs_PC#3796315899537724416 roll 3
Jibs_PC#3796315899537724416 roll 1
DICE 3 1 2 1 1 2 
Jibs_PC#3796315899537724416 roll 3
Jibs_PC#3796315899537724416 roll 1
DICE 3 1 5 4 1 2 
Jibs_PC#3796315899537724416 attack 17 15
Jibs_PC#3796315899537724416 roll 2
Jibs_PC#3796315899537724416 roll 1
DICE 2 1 3 1 2 
Jibs_PC#3796315899537724416 attack 39 40
Jibs_PC#3796315899537724416 roll 3
Jibs_PC#3796315899537724416 roll 1
DICE 3 1 4 3 3 4 
Jibs_PC#3796315899537724416 roll 3
Jibs_PC#3796315899537724416 roll 1
DICE 3 1 4 2 0 3 
Jibs_PC#3796315899537724416 move 4
Jibs_PC#3796315899537724416 endattack
Jibs_PC#3796315899537724416 movearmies 15 14 1
CARD 38
Jibs_PC#3796315899537724416 placearmies 3 1
Jibs_PC#3796315899537724416 placearmies 3 1
Jibs_PC#3796315899537724416 placearmies 3 1
Jibs_PC#3796315899537724416 attack 3 4
Jibs_PC#3796315899537724416 roll 3
Jibs_PC#3796315899537724416 roll 2
DICE 3 2 3 2 0 4 0 
Jibs_PC#3796315899537724416 roll 3
Jibs_PC#3796315899537724416 roll 2
DICE 3 2 5 5 0 1 0 
Jibs_PC#3796315899537724416 move 4
Jibs_PC#3796315899537724416 endattack
Jibs_PC#3796315899537724416 nomove
CARD 24
Jibs_PC#3796315899537724416 placearmies 10 3
Jibs_PC#3796315899537724416 attack 10 12
Jibs_PC#3796315899537724416 roll 3
Jibs_PC#3796315899537724416 roll 1
DICE 3 1 4 3 2 4 
Jibs_PC#3796315899537724416 roll 3
Jibs_PC#3796315899537724416 roll 1
DICE 3 1 5 5 4 5 
Jibs_PC#3796315899537724416 retreat
Jibs_PC#3796315899537724416 attack 10 12
Jibs_PC#3796315899537724416 roll 3
Jibs_PC#3796315899537724416 roll 1
DICE 3 1 2 1 0 5 
Jibs_PC#3796315899537724416 roll 3
Jibs_PC#3796315899537724416 roll 1
DICE 3 1 1 0 0 3 
Jibs_PC#3796315899537724416 retreat
Jibs_PC#3796315899537724416 attack 10 11
Jibs_PC#3796315899537724416 roll 2
Jibs_PC#3796315899537724416 roll 1
DICE 2 1 4 1 3 
Jibs_PC#3796315899537724416 endattack
Jibs_PC#3796315899537724416 movearmies 25 24 1
CARD 5
Jibs_PC#3796315899537724416 trade 19 11 25
Jibs_PC#3796315899537724416 placearmies 33 8
Jibs_PC#3796315899537724416 placearmies 33 5
Jibs_PC#3796315899537724416 attack 33 39
Jibs_PC#3796315899537724416 roll 3
Jibs_PC#3796315899537724416 roll 1
DICE 3 1 4 2 0 3 
Jibs_PC#3796315899537724416 move 16
Jibs_PC#3796315899537724416 attack 39 41
Jibs_PC#3796315899537724416 roll 3
Jibs_PC#3796315899537724416 roll 2
DICE 3 2 5 4 4 2 2 
Jibs_PC#3796315899537724416 roll 3
Jibs_PC#3796315899537724416 roll 2
DICE 3 2 4 4 3 4 3 
Jibs_PC#3796315899537724416 roll 3
Jibs_PC#3796315899537724416 roll 1
DICE 3 1 3 2 1 5 
Jibs_PC#3796315899537724416 roll 3
Jibs_PC#3796315899537724416 roll 1
DICE 3 1 5 3 2 2 
Jibs_PC#3796315899537724416 move 13
Jibs_PC#3796315899537724416 attack 41 42
Jibs_PC#3796315899537724416 roll 3
Jibs_PC#3796315899537724416 roll 1
DICE 3 1 3 2 1 1 
Jibs_PC#3796315899537724416 move 9
Jibs_PC#3796315899537724416 attack 42 40
Jibs_PC#3796315899537724416 roll 3
Jibs_PC#3796315899537724416 roll 2
DICE 3 2 4 0 0 5 1 
Jibs_PC#3796315899537724416 roll 3
Jibs_PC#3796315899537724416 roll 2
DICE 3 2 4 2 0 2 1 
Jibs_PC#3796315899537724416 roll 3
Jibs_PC#3796315899537724416 roll 2
DICE 3 2 1 1 0 2 0 
Jibs_PC#3796315899537724416 roll 3
Jibs_PC#3796315899537724416 roll 1
DICE 3 1 5 5 0 2 
Jibs_PC#3796315899537724416 move 3
Jibs_PC#3796315899537724416 endattack
Jibs_PC#3796315899537724416 movearmies 41 39 2
CARD 20
Jibs_PC#3796315899537724416 placearmies 8 2
Jibs_PC#3796315899537724416 placearmies 8 1
Jibs_PC#3796315899537724416 attack 8 6
Jibs_PC#3796315899537724416 roll 3
Jibs_PC#3796315899537724416 roll 1
DICE 3 1 2 2 1 4 
Jibs_PC#3796315899537724416 roll 3
Jibs_PC#3796315899537724416 roll 1
DICE 3 1 3 1 0 5 
Jibs_PC#3796315899537724416 roll 2
Jibs_PC#3796315899537724416 roll 1
DICE 2 1 5 3 3 
Jibs_PC#3796315899537724416 endattack
Jibs_PC#3796315899537724416 nomove
CARD 35
Jibs_PC#3796315899537724416 trade 12 7 22
Jibs_PC#3796315899537724416 placearmies 32 3
Jibs_PC#3796315899537724416 placearmies 32 1
Jibs_PC#3796315899537724416 placearmies 32 9
Jibs_PC#3796315899537724416 attack 32 33
Jibs_PC#3796315899537724416 roll 3
Jibs_PC#3796315899537724416 roll 1
DICE 3 1 2 1 0 1 
Jibs_PC#3796315899537724416 move 13
Jibs_PC#3796315899537724416 attack 33 39
Jibs_PC#3796315899537724416 roll 3
Jibs_PC#3796315899537724416 roll 2
DICE 3 2 3 1 0 4 0 
Jibs_PC#3796315899537724416 roll 3
Jibs_PC#3796315899537724416 roll 2
DICE 3 2 5 5 1 0 0 
Jibs_PC#3796315899537724416 move 11
Jibs_PC#3796315899537724416 attack 39 40
Jibs_PC#3796315899537724416 roll 3
Jibs_PC#3796315899537724416 roll 2
DICE 3 2 5 1 1 3 1 
Jibs_PC#3796315899537724416 roll 3
Jibs_PC#3796315899537724416 roll 2
DICE 3 2 5 5 2 4 1 
Jibs_PC#3796315899537724416 move 9
Jibs_PC#3796315899537724416 attack 40 42
Jibs_PC#3796315899537724416 roll 3
Jibs_PC#3796315899537724416 roll 2
DICE 3 2 4 4 1 4 1 
Jibs_PC#3796315899537724416 roll 3
Jibs_PC#3796315899537724416 roll 2
DICE 3 2 0 0 0 1 0 
Jibs_PC#3796315899537724416 retreat
Jibs_PC#3796315899537724416 attack 40 41
Jibs_PC#3796315899537724416 roll 3
Jibs_PC#3796315899537724416 roll 2
DICE 3 2 2 0 0 4 0 
Jibs_PC#3796315899537724416 roll 3
Jibs_PC#3796315899537724416 roll 2
DICE 3 2 4 4 0 5 2 
Jibs_PC#3796315899537724416 roll 2
Jibs_PC#3796315899537724416 roll 1
DICE 2 1 5 0 1 
Jibs_PC#3796315899537724416 endattack
Jibs_PC#3796315899537724416 nomove
CARD 31
Jibs_PC#3796315899537724416 placearmies 19 3
Jibs_PC#3796315899537724416 placearmies 16 1
Jibs_PC#3796315899537724416 placearmies 20 1
Jibs_PC#3796315899537724416 placearmies 19 1
Jibs_PC#3796315899537724416 placearmies 19 2
Jibs_PC#3796315899537724416 attack 19 21
Jibs_PC#3796315899537724416 roll 3
Jibs_PC#3796315899537724416 roll 2
DICE 3 2 2 1 0 3 3 
Jibs_PC#3796315899537724416 roll 3
Jibs_PC#3796315899537724416 roll 2
DICE 3 2 5 5 0 5 2 
Jibs_PC#3796315899537724416 roll 3
Jibs_PC#3796315899537724416 roll 1
DICE 3 1 3 3 0 3 
Jibs_PC#3796315899537724416 roll 3
Jibs_PC#3796315899537724416 roll 1
DICE 3 1 5 4 2 1 
Jibs_PC#3796315899537724416 endattack
Jibs_PC#3796315899537724416 nomove
CARD 27
Jibs_PC#3796315899537724416 trade 41 8 24
Jibs_PC#3796315899537724416 placearmies 4 4
Jibs_PC#3796315899537724416 placearmies 4 3
Jibs_PC#3796315899537724416 placearmies 4 1
Jibs_PC#3796315899537724416 placearmies 4 1
Jibs_PC#3796315899537724416 placearmies 4 1
Jibs_PC#3796315899537724416 placearmies 4 1
Jibs_PC#3796315899537724416 attack 4 5
Jibs_PC#3796315899537724416 roll 3
Jibs_PC#3796315899537724416 roll 1
DICE 3 1 4 4 1 3 
Jibs_PC#3796315899537724416 move 14
Jibs_PC#3796315899537724416 attack 5 10
Jibs_PC#3796315899537724416 roll 3
Jibs_PC#3796315899537724416 roll 1
DICE 3 1 4 1 0 0 
Jibs_PC#3796315899537724416 move 13
Jibs_PC#3796315899537724416 attack 10 12
Jibs_PC#3796315899537724416 roll 3
Jibs_PC#3796315899537724416 roll 1
DICE 3 1 3 2 0 3 
Jibs_PC#3796315899537724416 roll 3
Jibs_PC#3796315899537724416 roll 1
DICE 3 1 5 3 1 4 
Jibs_PC#3796315899537724416 move 11
Jibs_PC#3796315899537724416 attack 12 21
Jibs_PC#3796315899537724416 roll 3
Jibs_PC#3796315899537724416 roll 2
DICE 3 2 1 1 0 5 4 
Jibs_PC#3796315899537724416 roll 3
Jibs_PC#3796315899537724416 roll 2
DICE 3 2 5 2 0 1 0 
Jibs_PC#3796315899537724416 roll 3
Jibs_PC#3796315899537724416 roll 1
DICE 3 1 5 1 1 0 
Jibs_PC#3796315899537724416 move 8
Jibs_PC#3796315899537724416 attack 21 19
Jibs_PC#3796315899537724416 roll 3
Jibs_PC#3796315899537724416 roll 1
DICE 3 1 3 2 0 3 
Jibs_PC#3796315899537724416 roll 3
Jibs_PC#3796315899537724416 roll 1
DICE 3 1 5 1 0 1 
Jibs_PC#3796315899537724416 move 6
Jibs_PC#3796315899537724416 endattack
Jibs_PC#3796315899537724416 nomove
CARD 36
Jibs_PC#3796315899537724416 placearmies 11 3
Jibs_PC#3796315899537724416 attack 11 13
Jibs_PC#3796315899537724416 roll 3
Jibs_PC#3796315899537724416 roll 1
DICE 3 1 5 4 2 1 
Jibs_PC#3796315899537724416 move 4
Jibs_PC#3796315899537724416 attack 13 12
Jibs_PC#3796315899537724416 roll 3
Jibs_PC#3796315899537724416 roll 1
DICE 3 1 5 1 0 2 
Jibs_PC#3796315899537724416 attack 12 10
Jibs_PC#3796315899537724416 roll 2
Jibs_PC#3796315899537724416 roll 1
DICE 2 1 5 3 5 
Jibs_PC#3796315899537724416 retreat
Jibs_PC#3796315899537724416 endattack
Jibs_PC#3796315899537724416 nomove
CARD 37
Jibs_PC#3796315899537724416 placearmies 42 2
Jibs_PC#3796315899537724416 placearmies 42 1
Jibs_PC#3796315899537724416 attack 42 41
Jibs_PC#3796315899537724416 roll 3
Jibs_PC#3796315899537724416 roll 2
DICE 3 2 2 0 0 3 1 
Jibs_PC#3796315899537724416 retreat
Jibs_PC#3796315899537724416 attack 42 40
Jibs_PC#3796315899537724416 roll 2
Jibs_PC#3796315899537724416 roll 1
DICE 2 1 3 3 2 
Jibs_PC#3796315899537724416 endattack
Jibs_PC#3796315899537724416 nomove
CARD 4
Jibs_PC#3796315899537724416 placearmies 6 2
Jibs_PC#3796315899537724416 placearmies 6 1
Jibs_PC#3796315899537724416 attack 6 2
Jibs_PC#3796315899537724416 roll 3
Jibs_PC#3796315899537724416 roll 1
DICE 3 1 5 2 0 0 
Jibs_PC#3796315899537724416 move 4
Jibs_PC#3796315899537724416 endattack
Jibs_PC#3796315899537724416 nomove
CARD 13
Jibs_PC#3796315899537724416 placearmies 41 2
Jibs_PC#3796315899537724416 placearmies 41 1
Jibs_PC#3796315899537724416 attack 41 40
Jibs_PC#3796315899537724416 roll 3
Jibs_PC#3796315899537724416 roll 2
DICE 3 2 4 4 2 5 4 
Jibs_PC#3796315899537724416 retreat
Jibs_PC#3796315899537724416 attack 41 42
Jibs_PC#3796315899537724416 roll 2
Jibs_PC#3796315899537724416 roll 1
DICE 2 1 2 2 4 
Jibs_PC#3796315899537724416 retreat
Jibs_PC#3796315899537724416 endattack
Jibs_PC#3796315899537724416 nomove
CARD 
Jibs_PC#3796315899537724416 trade 28 42 27
Jibs_PC#3796315899537724416 placearmies 14 2
Jibs_PC#3796315899537724416 placearmies 20 9
Jibs_PC#3796315899537724416 placearmies 20 2
Jibs_PC#3796315899537724416 attack 20 19
Jibs_PC#3796315899537724416 roll 3
Jibs_PC#3796315899537724416 roll 2
DICE 3 2 4 3 2 2 2 
Jibs_PC#3796315899537724416 roll 3
Jibs_PC#3796315899537724416 roll 2
DICE 3 2 4 1 0 5 1 
Jibs_PC#3796315899537724416 roll 3
Jibs_PC#3796315899537724416 roll 2
DICE 3 2 4 2 0 3 2 
Jibs_PC#3796315899537724416 roll 3
Jibs_PC#3796315899537724416 roll 2
DICE 3 2 3 2 0 3 2 
Jibs_PC#3796315899537724416 roll 3
Jibs_PC#3796315899537724416 roll 2
DICE 3 2 5 2 0 5 4 
Jibs_PC#3796315899537724416 roll 3
Jibs_PC#3796315899537724416 roll 2
DICE 3 2 5 1 1 4 4 
Jibs_PC#3796315899537724416 roll 3
Jibs_PC#3796315899537724416 roll 2
DICE 3 2 4 2 2 4 2 
Jibs_PC#3796315899537724416 retreat
Jibs_PC#3796315899537724416 attack 20 31
Jibs_PC#3796315899537724416 roll 2
Jibs_PC#3796315899537724416 roll 1
DICE 2 1 4 2 5 
Jibs_PC#3796315899537724416 retreat
Jibs_PC#3796315899537724416 attack 14 6
Jibs_PC#3796315899537724416 roll 3
Jibs_PC#3796315899537724416 roll 1
DICE 3 1 5 4 3 5 
Jibs_PC#3796315899537724416 roll 2
Jibs_PC#3796315899537724416 roll 1
DICE 2 1 5 2 2 
Jibs_PC#3796315899537724416 endattack
Jibs_PC#3796315899537724416 nomove
CARD 33
Jibs_PC#3796315899537724416 placearmies 19 2
Jibs_PC#3796315899537724416 placearmies 10 1
Jibs_PC#3796315899537724416 attack 19 20
Jibs_PC#3796315899537724416 roll 3
Jibs_PC#3796315899537724416 roll 2
DICE 3 2 5 3 1 5 0 
Jibs_PC#3796315899537724416 roll 2
Jibs_PC#3796315899537724416 roll 1
DICE 2 1 2 1 5 
Jibs_PC#3796315899537724416 retreat
Jibs_PC#3796315899537724416 endattack
Jibs_PC#3796315899537724416 nomove
CARD 
Jibs_PC#3796315899537724416 trade 15 6 37
Jibs_PC#3796315899537724416 placearmies 12 4
Jibs_PC#3796315899537724416 placearmies 38 10
Jibs_PC#3796315899537724416 attack 12 10
Jibs_PC#3796315899537724416 roll 3
Jibs_PC#3796315899537724416 roll 2
DICE 3 2 5 4 2 4 1 
Jibs_PC#3796315899537724416 move 4
Jibs_PC#3796315899537724416 attack 36 29
Jibs_PC#3796315899537724416 roll 3
Jibs_PC#3796315899537724416 roll 1
DICE 3 1 5 3 0 5 
Jibs_PC#3796315899537724416 roll 2
Jibs_PC#3796315899537724416 roll 1
DICE 2 1 5 2 5 
Jibs_PC#3796315899537724416 retreat
Jibs_PC#3796315899537724416 attack 38 35
Jibs_PC#3796315899537724416 roll 3
Jibs_PC#3796315899537724416 roll 1
DICE 3 1 5 1 0 2 
Jibs_PC#3796315899537724416 move 10
Jibs_PC#3796315899537724416 attack 35 34
Jibs_PC#3796315899537724416 roll 3
Jibs_PC#3796315899537724416 roll 1
DICE 3 1 5 0 0 4 
Jibs_PC#3796315899537724416 move 9
Jibs_PC#3796315899537724416 attack 34 27
Jibs_PC#3796315899537724416 roll 3
Jibs_PC#3796315899537724416 roll 1
DICE 3 1 0 0 0 2 
Jibs_PC#3796315899537724416 roll 3
Jibs_PC#3796315899537724416 roll 1
DICE 3 1 4 2 0 0 
Jibs_PC#3796315899537724416 move 7
Jibs_PC#3796315899537724416 attack 27 29
Jibs_PC#3796315899537724416 roll 3
Jibs_PC#3796315899537724416 roll 1
DICE 3 1 4 0 0 2 
Jibs_PC#3796315899537724416 move 6
Jibs_PC#3796315899537724416 attack 29 33
Jibs_PC#3796315899537724416 roll 3
Jibs_PC#3796315899537724416 roll 1
DICE 3 1 5 3 0 1 
Jibs_PC#3796315899537724416 move 5
Jibs_PC#3796315899537724416 attack 33 32
Jibs_PC#3796315899537724416 roll 3
Jibs_PC#3796315899537724416 roll 1
DICE 3 1 2 0 0 4 
Jibs_PC#3796315899537724416 roll 3
Jibs_PC#3796315899537724416 roll 1
DICE 3 1 4 2 2 5 
Jibs_PC#3796315899537724416 roll 2
Jibs_PC#3796315899537724416 roll 1
DICE 2 1 5 5 3 
Jibs_PC#3796315899537724416 endattack
Jibs_PC#3796315899537724416 movearmies 37 38 2
CARD 23
Jibs_PC#3796315899537724416 placearmies 40 2
Jibs_PC#3796315899537724416 placearmies 40 1
Jibs_PC#3796315899537724416 attack 40 41
Jibs_PC#3796315899537724416 roll 3
Jibs_PC#3796315899537724416 roll 2
DICE 3 2 5 4 2 1 1 
Jibs_PC#3796315899537724416 move 4
Jibs_PC#3796315899537724416 attack 41 39
Jibs_PC#3796315899537724416 roll 3
Jibs_PC#3796315899537724416 roll 1
DICE 3 1 5 0 0 3 
Jibs_PC#3796315899537724416 endattack
Jibs_PC#3796315899537724416 nomove
CARD 3
Jibs_PC#3796315899537724416 trade 21 35 13
Jibs_PC#3796315899537724416 placearmies 2 7
Jibs_PC#3796315899537724416 attack 2 1
Jibs_PC#3796315899537724416 roll 3
Jibs_PC#3796315899537724416 roll 1
DICE 3 1 4 3 0 5 
Jibs_PC#3796315899537724416 roll 3
Jibs_PC#3796315899537724416 roll 1
DICE 3 1 2 1 0 5 
Jibs_PC#3796315899537724416 roll 3
Jibs_PC#3796315899537724416 roll 1
DICE 3 1 5 4 2 0 
Jibs_PC#3796315899537724416 move 8
Jibs_PC#3796315899537724416 attack 1 3
Jibs_PC#3796315899537724416 roll 3
Jibs_PC#3796315899537724416 roll 1
DICE 3 1 4 3 1 2 
Jibs_PC#3796315899537724416 move 7
Jibs_PC#3796315899537724416 attack 3 4
Jibs_PC#3796315899537724416 roll 3
Jibs_PC#3796315899537724416 roll 1
DICE 3 1 2 1 1 2 
Jibs_PC#3796315899537724416 roll 3
Jibs_PC#3796315899537724416 roll 1
DICE 3 1 5 5 4 3 
Jibs_PC#3796315899537724416 move 5
Jibs_PC#3796315899537724416 attack 4 5
Jibs_PC#3796315899537724416 roll 3
Jibs_PC#3796315899537724416 roll 1
DICE 3 1 5 4 1 0 
Jibs_PC#3796315899537724416 move 4
Jibs_PC#3796315899537724416 attack 5 9
Jibs_PC#3796315899537724416 roll 3
Jibs_PC#3796315899537724416 roll 1
DICE 3 1 3 3 2 0 
Jibs_PC#3796315899537724416 attack 9 7
Jibs_PC#3796315899537724416 roll 2
Jibs_PC#3796315899537724416 roll 1
DICE 2 1 2 1 4 
Jibs_PC#3796315899537724416 retreat
Jibs_PC#3796315899537724416 endattack
Jibs_PC#3796315899537724416 nomove
CARD 32
Jibs_PC#3796315899537724416 placearmies 6 2
Jibs_PC#3796315899537724416 placearmies 17 1
Jibs_PC#3796315899537724416 attack 6 8
Jibs_PC#3796315899537724416 roll 3
Jibs_PC#3796315899537724416 roll 1
DICE 3 1 3 2 1 0 
Jibs_PC#3796315899537724416 endattack
Jibs_PC#3796315899537724416 nomove
CARD 39
Jibs_PC#3796315899537724416 placearmies 19 2
Jibs_PC#3796315899537724416 placearmies 19 1
Jibs_PC#3796315899537724416 attack 19 17
Jibs_PC#3796315899537724416 roll 3
Jibs_PC#3796315899537724416 roll 2
DICE 3 2 4 4 1 3 0 
Jibs_PC#3796315899537724416 move 4
Jibs_PC#3796315899537724416 endattack
Jibs_PC#3796315899537724416 nomove
CARD 26
Jibs_PC#3796315899537724416 placearmies 30 4
Jibs_PC#3796315899537724416 placearmies 24 3
Jibs_PC#3796315899537724416 placearmies 10 1
Jibs_PC#3796315899537724416 attack 30 28
Jibs_PC#3796315899537724416 roll 3
Jibs_PC#3796315899537724416 roll 1
DICE 3 1 4 2 2 0 
Jibs_PC#3796315899537724416 move 3
