Jibs_PC#6446153554876684288 newplayer human green s0914007
Jibs_PC#6446153554876684288 newplayer human blue bob
Jibs_PC#6446153554876684288 newplayer human red fred
Jibs_PC#6446153554876684288 newplayer human cyan ted
Jibs_PC#6446153554876684288 newplayer human magenta yura
Jibs_PC#6446153554876684288 newplayer human yellow lala
Jibs_PC#6446153554876684288 startgame mission fixed autoplaceall recycle
PLAYER fred
MISSION 1 4 0 0 0 0
PLACEALL 16 17 28 4 35 30 8 38 39 41 36 19 33 22 29 23 31 15 40 6 34 25 12 26 9 18 1 3 37 27 24 14 2 21 5 32 10 42 11 7 13 20
Jibs_PC#6446153554876684288 placearmies 10 1
CARD 
Jibs_PC#6446153554876684288 placearmies 22 1
CARD 
Jibs_PC#6446153554876684288 placearmies 11 1
CARD 
Jibs_PC#6446153554876684288 placearmies 41 1
CARD 
Jibs_PC#6446153554876684288 placearmies 37 1
CARD 
Jibs_PC#6446153554876684288 placearmies 26 1
CARD 
Jibs_PC#6446153554876684288 placearmies 33 1
CARD 
Jibs_PC#6446153554876684288 placearmies 38 1
CARD 
Jibs_PC#6446153554876684288 placearmies 2 1
CARD 
Jibs_PC#6446153554876684288 placearmies 4 1
CARD 
Jibs_PC#6446153554876684288 placearmies 36 1
CARD 
Jibs_PC#6446153554876684288 placearmies 15 1
CARD 
Jibs_PC#6446153554876684288 placearmies 33 1
CARD 
Jibs_PC#6446153554876684288 placearmies 38 1
CARD 
Jibs_PC#6446153554876684288 placearmies 11 1
CARD 
Jibs_PC#6446153554876684288 placearmies 41 1
CARD 
Jibs_PC#6446153554876684288 placearmies 36 1
CARD 
Jibs_PC#6446153554876684288 placearmies 26 1
CARD 
Jibs_PC#6446153554876684288 placearmies 10 1
CARD 
Jibs_PC#6446153554876684288 placearmies 22 1
CARD 
Jibs_PC#6446153554876684288 placearmies 2 1
CARD 
Jibs_PC#6446153554876684288 placearmies 4 1
CARD 
Jibs_PC#6446153554876684288 placearmies 36 1
CARD 
Jibs_PC#6446153554876684288 placearmies 15 1
CARD 
Jibs_PC#6446153554876684288 placearmies 10 1
CARD 
Jibs_PC#6446153554876684288 placearmies 22 1
CARD 
Jibs_PC#6446153554876684288 placearmies 11 1
CARD 
Jibs_PC#6446153554876684288 placearmies 4 1
CARD 
Jibs_PC#6446153554876684288 placearmies 37 1
CARD 
Jibs_PC#6446153554876684288 placearmies 15 1
CARD 
Jibs_PC#6446153554876684288 placearmies 33 1
CARD 
Jibs_PC#6446153554876684288 placearmies 38 1
CARD 
Jibs_PC#6446153554876684288 placearmies 2 1
CARD 
Jibs_PC#6446153554876684288 placearmies 41 1
CARD 
Jibs_PC#6446153554876684288 placearmies 36 1
CARD 
Jibs_PC#6446153554876684288 placearmies 26 1
CARD 
Jibs_PC#6446153554876684288 placearmies 33 1
CARD 
Jibs_PC#6446153554876684288 placearmies 22 1
CARD 
Jibs_PC#6446153554876684288 placearmies 2 1
CARD 
Jibs_PC#6446153554876684288 placearmies 41 1
CARD 
Jibs_PC#6446153554876684288 placearmies 37 1
CARD 
Jibs_PC#6446153554876684288 placearmies 26 1
CARD 
Jibs_PC#6446153554876684288 placearmies 10 1
CARD 
Jibs_PC#6446153554876684288 placearmies 38 1
CARD 
Jibs_PC#6446153554876684288 placearmies 11 1
CARD 
Jibs_PC#6446153554876684288 placearmies 4 1
CARD 
Jibs_PC#6446153554876684288 placearmies 36 1
CARD 
Jibs_PC#6446153554876684288 placearmies 26 1
CARD 
Jibs_PC#6446153554876684288 placearmies 33 1
CARD 
Jibs_PC#6446153554876684288 placearmies 38 1
CARD 
Jibs_PC#6446153554876684288 placearmies 2 1
CARD 
Jibs_PC#6446153554876684288 placearmies 4 1
CARD 
Jibs_PC#6446153554876684288 placearmies 36 1
CARD 
Jibs_PC#6446153554876684288 placearmies 15 1
CARD 
Jibs_PC#6446153554876684288 placearmies 10 1
CARD 
Jibs_PC#6446153554876684288 placearmies 22 1
CARD 
Jibs_PC#6446153554876684288 placearmies 2 1
CARD 
Jibs_PC#6446153554876684288 placearmies 41 1
CARD 
Jibs_PC#6446153554876684288 placearmies 36 1
CARD 
Jibs_PC#6446153554876684288 placearmies 15 1
CARD 
Jibs_PC#6446153554876684288 placearmies 33 1
CARD 
Jibs_PC#6446153554876684288 placearmies 22 1
CARD 
Jibs_PC#6446153554876684288 placearmies 2 1
CARD 
Jibs_PC#6446153554876684288 placearmies 41 1
CARD 
Jibs_PC#6446153554876684288 placearmies 36 1
CARD 
Jibs_PC#6446153554876684288 placearmies 15 1
CARD 
Jibs_PC#6446153554876684288 placearmies 33 1
CARD 
Jibs_PC#6446153554876684288 placearmies 22 1
CARD 
Jibs_PC#6446153554876684288 placearmies 2 1
CARD 
Jibs_PC#6446153554876684288 placearmies 41 1
CARD 
Jibs_PC#6446153554876684288 placearmies 36 1
CARD 
Jibs_PC#6446153554876684288 placearmies 15 1
CARD 
Jibs_PC#6446153554876684288 placearmies 10 1
CARD 
Jibs_PC#6446153554876684288 placearmies 38 1
CARD 
Jibs_PC#6446153554876684288 placearmies 11 1
CARD 
Jibs_PC#6446153554876684288 placearmies 4 1
CARD 
Jibs_PC#6446153554876684288 placearmies 36 1
CARD 
Jibs_PC#6446153554876684288 placearmies 26 1
CARD 
Jibs_PC#6446153554876684288 placearmies 10 1
Jibs_PC#6446153554876684288 placearmies 10 1
Jibs_PC#6446153554876684288 placearmies 10 1
Jibs_PC#6446153554876684288 attack 10 11
Jibs_PC#6446153554876684288 roll 3
Jibs_PC#6446153554876684288 roll 2
DICE 3 2 2 1 0 3 2 
Jibs_PC#6446153554876684288 roll 3
Jibs_PC#6446153554876684288 roll 2
DICE 3 2 3 3 1 4 1 
Jibs_PC#6446153554876684288 roll 3
Jibs_PC#6446153554876684288 roll 2
DICE 3 2 5 2 1 5 3 
Jibs_PC#6446153554876684288 roll 3
Jibs_PC#6446153554876684288 roll 2
DICE 3 2 4 3 2 2 0 
Jibs_PC#6446153554876684288 roll 3
Jibs_PC#6446153554876684288 roll 2
DICE 3 2 5 3 1 5 5 
Jibs_PC#6446153554876684288 roll 2
Jibs_PC#6446153554876684288 roll 2
DICE 2 2 4 1 5 4 
Jibs_PC#6446153554876684288 attack 33 32
Jibs_PC#6446153554876684288 roll 3
Jibs_PC#6446153554876684288 roll 1
DICE 3 1 5 2 0 5 
Jibs_PC#6446153554876684288 roll 3
Jibs_PC#6446153554876684288 roll 1
DICE 3 1 2 2 0 5 
Jibs_PC#6446153554876684288 roll 3
Jibs_PC#6446153554876684288 roll 1
DICE 3 1 3 2 0 1 
Jibs_PC#6446153554876684288 move all
Jibs_PC#6446153554876684288 attack 32 31
Jibs_PC#6446153554876684288 roll 3
Jibs_PC#6446153554876684288 roll 1
DICE 3 1 5 3 3 4 
Jibs_PC#6446153554876684288 move all
Jibs_PC#6446153554876684288 attack 31 30
Jibs_PC#6446153554876684288 roll 3
Jibs_PC#6446153554876684288 roll 1
DICE 3 1 3 2 1 0 
Jibs_PC#6446153554876684288 attack 30 29
Jibs_PC#6446153554876684288 roll 2
Jibs_PC#6446153554876684288 roll 1
DICE 2 1 4 0 0 
Jibs_PC#6446153554876684288 attack 29 28
Jibs_PC#6446153554876684288 roll 1
Jibs_PC#6446153554876684288 roll 1
DICE 1 1 2 1 
Jibs_PC#6446153554876684288 endattack
Jibs_PC#6446153554876684288 nomove
CARD 5
Jibs_PC#6446153554876684288 placearmies 38 1
Jibs_PC#6446153554876684288 placearmies 22 1
Jibs_PC#6446153554876684288 placearmies 22 1
Jibs_PC#6446153554876684288 attack 22 21
Jibs_PC#6446153554876684288 roll 3
Jibs_PC#6446153554876684288 roll 1
DICE 3 1 2 2 0 2 
Jibs_PC#6446153554876684288 roll 3
Jibs_PC#6446153554876684288 roll 1
DICE 3 1 3 1 0 4 
Jibs_PC#6446153554876684288 roll 3
Jibs_PC#6446153554876684288 roll 1
DICE 3 1 4 3 1 0 
Jibs_PC#6446153554876684288 move all
Jibs_PC#6446153554876684288 attack 21 23
Jibs_PC#6446153554876684288 roll 3
Jibs_PC#6446153554876684288 roll 1
DICE 3 1 5 5 1 3 
Jibs_PC#6446153554876684288 move all
Jibs_PC#6446153554876684288 attack 23 25
Jibs_PC#6446153554876684288 roll 3
Jibs_PC#6446153554876684288 roll 1
DICE 3 1 5 3 0 3 
Jibs_PC#6446153554876684288 move all
Jibs_PC#6446153554876684288 attack 25 26
Jibs_PC#6446153554876684288 roll 3
Jibs_PC#6446153554876684288 roll 2
DICE 3 2 5 4 2 4 3 
Jibs_PC#6446153554876684288 roll 3
Jibs_PC#6446153554876684288 roll 2
DICE 3 2 2 1 0 2 1 
Jibs_PC#6446153554876684288 roll 2
Jibs_PC#6446153554876684288 roll 2
DICE 2 2 5 1 4 1 
Jibs_PC#6446153554876684288 roll 1
Jibs_PC#6446153554876684288 roll 2
DICE 1 2 5 4 1 
Jibs_PC#6446153554876684288 roll 1
Jibs_PC#6446153554876684288 roll 2
DICE 1 2 1 4 3 
Jibs_PC#6446153554876684288 attack 38 34
Jibs_PC#6446153554876684288 roll 3
Jibs_PC#6446153554876684288 roll 1
DICE 3 1 4 3 0 4 
Jibs_PC#6446153554876684288 roll 3
Jibs_PC#6446153554876684288 roll 1
DICE 3 1 4 4 1 1 
Jibs_PC#6446153554876684288 move all
Jibs_PC#6446153554876684288 attack 34 27
Jibs_PC#6446153554876684288 roll 3
Jibs_PC#6446153554876684288 roll 1
DICE 3 1 5 4 1 5 
Jibs_PC#6446153554876684288 roll 3
Jibs_PC#6446153554876684288 roll 1
DICE 3 1 3 0 0 0 
Jibs_PC#6446153554876684288 move all
Jibs_PC#6446153554876684288 attack 27 28
Jibs_PC#6446153554876684288 roll 3
Jibs_PC#6446153554876684288 roll 1
DICE 3 1 4 0 0 4 
Jibs_PC#6446153554876684288 roll 2
Jibs_PC#6446153554876684288 roll 1
DICE 2 1 4 3 3 
Jibs_PC#6446153554876684288 attack 28 30
Jibs_PC#6446153554876684288 roll 1
Jibs_PC#6446153554876684288 roll 1
DICE 1 1 0 4 
Jibs_PC#6446153554876684288 endattack
Jibs_PC#6446153554876684288 nomove
CARD wildcard
Jibs_PC#6446153554876684288 placearmies 11 1
Jibs_PC#6446153554876684288 placearmies 11 1
Jibs_PC#6446153554876684288 placearmies 11 1
Jibs_PC#6446153554876684288 attack 11 13
Jibs_PC#6446153554876684288 roll 3
Jibs_PC#6446153554876684288 roll 1
DICE 3 1 3 3 2 2 
Jibs_PC#6446153554876684288 move all
Jibs_PC#6446153554876684288 attack 13 12
Jibs_PC#6446153554876684288 roll 3
Jibs_PC#6446153554876684288 roll 1
DICE 3 1 5 4 1 5 
Jibs_PC#6446153554876684288 roll 3
Jibs_PC#6446153554876684288 roll 1
DICE 3 1 5 2 1 5 
Jibs_PC#6446153554876684288 roll 2
Jibs_PC#6446153554876684288 roll 1
DICE 2 1 3 2 3 
Jibs_PC#6446153554876684288 roll 1
Jibs_PC#6446153554876684288 roll 1
DICE 1 1 1 5 
Jibs_PC#6446153554876684288 attack 2 3
Jibs_PC#6446153554876684288 roll 3
Jibs_PC#6446153554876684288 roll 1
DICE 3 1 5 5 3 3 
Jibs_PC#6446153554876684288 move all
Jibs_PC#6446153554876684288 attack 3 7
Jibs_PC#6446153554876684288 roll 3
Jibs_PC#6446153554876684288 roll 1
DICE 3 1 4 1 0 1 
Jibs_PC#6446153554876684288 move all
Jibs_PC#6446153554876684288 attack 7 6
Jibs_PC#6446153554876684288 roll 3
Jibs_PC#6446153554876684288 roll 1
DICE 3 1 3 0 0 2 
Jibs_PC#6446153554876684288 move all
Jibs_PC#6446153554876684288 attack 6 14
Jibs_PC#6446153554876684288 roll 3
Jibs_PC#6446153554876684288 roll 1
DICE 3 1 5 5 0 1 
Jibs_PC#6446153554876684288 move all
Jibs_PC#6446153554876684288 attack 14 17
Jibs_PC#6446153554876684288 roll 3
Jibs_PC#6446153554876684288 roll 1
DICE 3 1 5 3 3 2 
Jibs_PC#6446153554876684288 move all
Jibs_PC#6446153554876684288 attack 17 19
Jibs_PC#6446153554876684288 roll 3
Jibs_PC#6446153554876684288 roll 1
DICE 3 1 5 3 1 3 
Jibs_PC#6446153554876684288 attack 19 20
Jibs_PC#6446153554876684288 roll 2
Jibs_PC#6446153554876684288 roll 1
DICE 2 1 5 2 3 
Jibs_PC#6446153554876684288 attack 20 18
Jibs_PC#6446153554876684288 roll 1
Jibs_PC#6446153554876684288 roll 1
DICE 1 1 1 2 
Jibs_PC#6446153554876684288 endattack
Jibs_PC#6446153554876684288 nomove
CARD 33
Jibs_PC#6446153554876684288 placearmies 41 1
Jibs_PC#6446153554876684288 placearmies 4 1
Jibs_PC#6446153554876684288 placearmies 4 1
Jibs_PC#6446153554876684288 attack 4 5
Jibs_PC#6446153554876684288 roll 3
Jibs_PC#6446153554876684288 roll 1
DICE 3 1 4 3 0 5 
Jibs_PC#6446153554876684288 roll 3
Jibs_PC#6446153554876684288 roll 1
DICE 3 1 5 5 3 5 
Jibs_PC#6446153554876684288 roll 3
Jibs_PC#6446153554876684288 roll 1
DICE 3 1 5 2 1 4 
Jibs_PC#6446153554876684288 move all
Jibs_PC#6446153554876684288 attack 5 9
Jibs_PC#6446153554876684288 roll 3
Jibs_PC#6446153554876684288 roll 1
DICE 3 1 4 1 0 4 
Jibs_PC#6446153554876684288 roll 3
Jibs_PC#6446153554876684288 roll 1
DICE 3 1 2 0 0 0 
Jibs_PC#6446153554876684288 move all
Jibs_PC#6446153554876684288 attack 9 8
Jibs_PC#6446153554876684288 roll 3
Jibs_PC#6446153554876684288 roll 1
DICE 3 1 3 2 0 2 
Jibs_PC#6446153554876684288 attack 8 6
Jibs_PC#6446153554876684288 roll 2
Jibs_PC#6446153554876684288 roll 1
DICE 2 1 0 0 1 
Jibs_PC#6446153554876684288 roll 1
Jibs_PC#6446153554876684288 roll 1
DICE 1 1 4 0 
Jibs_PC#6446153554876684288 attack 41 42
Jibs_PC#6446153554876684288 roll 3
Jibs_PC#6446153554876684288 roll 1
DICE 3 1 5 4 2 2 
Jibs_PC#6446153554876684288 move all
Jibs_PC#6446153554876684288 attack 42 40
Jibs_PC#6446153554876684288 roll 3
Jibs_PC#6446153554876684288 roll 1
DICE 3 1 4 3 0 3 
Jibs_PC#6446153554876684288 move all
Jibs_PC#6446153554876684288 attack 40 39
Jibs_PC#6446153554876684288 roll 3
Jibs_PC#6446153554876684288 roll 1
DICE 3 1 5 4 1 1 
Jibs_PC#6446153554876684288 move all
Jibs_PC#6446153554876684288 endattack
Jibs_PC#6446153554876684288 nomove
CARD 20
Jibs_PC#6446153554876684288 placearmies 37 1
Jibs_PC#6446153554876684288 placearmies 37 1
Jibs_PC#6446153554876684288 placearmies 37 1
Jibs_PC#6446153554876684288 attack 37 38
Jibs_PC#6446153554876684288 roll 3
Jibs_PC#6446153554876684288 roll 1
DICE 3 1 5 4 1 1 
Jibs_PC#6446153554876684288 move all
Jibs_PC#6446153554876684288 attack 36 29
Jibs_PC#6446153554876684288 roll 3
Jibs_PC#6446153554876684288 roll 1
DICE 3 1 5 5 5 5 
Jibs_PC#6446153554876684288 roll 3
Jibs_PC#6446153554876684288 roll 1
DICE 3 1 3 2 1 0 
Jibs_PC#6446153554876684288 move all
Jibs_PC#6446153554876684288 attack 29 33
Jibs_PC#6446153554876684288 roll 3
Jibs_PC#6446153554876684288 roll 1
DICE 3 1 3 2 2 3 
Jibs_PC#6446153554876684288 roll 3
Jibs_PC#6446153554876684288 roll 1
DICE 3 1 4 2 0 1 
Jibs_PC#6446153554876684288 move all
Jibs_PC#6446153554876684288 attack 33 39
Jibs_PC#6446153554876684288 roll 3
Jibs_PC#6446153554876684288 roll 2
DICE 3 2 4 4 4 4 0 
Jibs_PC#6446153554876684288 roll 3
Jibs_PC#6446153554876684288 roll 2
DICE 3 2 4 4 1 5 2 
Jibs_PC#6446153554876684288 roll 3
Jibs_PC#6446153554876684288 roll 2
DICE 3 2 3 2 1 1 1 
Jibs_PC#6446153554876684288 roll 3
Jibs_PC#6446153554876684288 roll 2
DICE 3 2 5 4 0 3 1 
Jibs_PC#6446153554876684288 move all
Jibs_PC#6446153554876684288 attack 39 41
Jibs_PC#6446153554876684288 roll 3
Jibs_PC#6446153554876684288 roll 1
DICE 3 1 5 4 3 5 
Jibs_PC#6446153554876684288 roll 2
Jibs_PC#6446153554876684288 roll 1
DICE 2 1 3 1 5 
Jibs_PC#6446153554876684288 roll 1
Jibs_PC#6446153554876684288 roll 1
DICE 1 1 1 4 
Jibs_PC#6446153554876684288 attack 38 34
Jibs_PC#6446153554876684288 roll 3
Jibs_PC#6446153554876684288 roll 1
DICE 3 1 4 3 0 3 
Jibs_PC#6446153554876684288 move all
Jibs_PC#6446153554876684288 attack 34 27
Jibs_PC#6446153554876684288 roll 3
Jibs_PC#6446153554876684288 roll 1
DICE 3 1 4 3 1 1 
Jibs_PC#6446153554876684288 move all
Jibs_PC#6446153554876684288 attack 27 28
Jibs_PC#6446153554876684288 roll 3
Jibs_PC#6446153554876684288 roll 1
DICE 3 1 5 3 2 4 
Jibs_PC#6446153554876684288 attack 28 16
Jibs_PC#6446153554876684288 roll 2
Jibs_PC#6446153554876684288 roll 1
DICE 2 1 4 2 3 
Jibs_PC#6446153554876684288 attack 16 20
Jibs_PC#6446153554876684288 roll 1
Jibs_PC#6446153554876684288 roll 1
DICE 1 1 3 1 
Jibs_PC#6446153554876684288 endattack
Jibs_PC#6446153554876684288 nomove
CARD 10
Jibs_PC#6446153554876684288 placearmies 26 1
Jibs_PC#6446153554876684288 placearmies 26 1
Jibs_PC#6446153554876684288 placearmies 26 1
Jibs_PC#6446153554876684288 attack 26 25
Jibs_PC#6446153554876684288 roll 3
Jibs_PC#6446153554876684288 roll 1
DICE 3 1 5 2 0 3 
Jibs_PC#6446153554876684288 move all
Jibs_PC#6446153554876684288 attack 25 23
Jibs_PC#6446153554876684288 roll 3
Jibs_PC#6446153554876684288 roll 1
DICE 3 1 4 3 2 3 
Jibs_PC#6446153554876684288 move all
Jibs_PC#6446153554876684288 attack 23 24
Jibs_PC#6446153554876684288 roll 3
Jibs_PC#6446153554876684288 roll 1
DICE 3 1 5 5 0 1 
Jibs_PC#6446153554876684288 attack 24 22
Jibs_PC#6446153554876684288 roll 2
Jibs_PC#6446153554876684288 roll 1
DICE 2 1 5 4 2 
Jibs_PC#6446153554876684288 attack 22 21
Jibs_PC#6446153554876684288 roll 1
Jibs_PC#6446153554876684288 roll 1
DICE 1 1 2 0 
Jibs_PC#6446153554876684288 attack 15 14
Jibs_PC#6446153554876684288 roll 3
Jibs_PC#6446153554876684288 roll 1
DICE 3 1 5 3 0 0 
Jibs_PC#6446153554876684288 move all
Jibs_PC#6446153554876684288 attack 14 6
Jibs_PC#6446153554876684288 roll 3
Jibs_PC#6446153554876684288 roll 1
DICE 3 1 5 5 1 4 
Jibs_PC#6446153554876684288 move all
Jibs_PC#6446153554876684288 attack 6 8
Jibs_PC#6446153554876684288 roll 3
Jibs_PC#6446153554876684288 roll 1
DICE 3 1 5 5 2 0 
Jibs_PC#6446153554876684288 move all
Jibs_PC#6446153554876684288 attack 8 9
Jibs_PC#6446153554876684288 roll 3
Jibs_PC#6446153554876684288 roll 1
DICE 3 1 3 3 2 1 
Jibs_PC#6446153554876684288 move all
Jibs_PC#6446153554876684288 attack 9 5
Jibs_PC#6446153554876684288 roll 3
Jibs_PC#6446153554876684288 roll 1
DICE 3 1 3 0 0 0 
Jibs_PC#6446153554876684288 attack 5 4
Jibs_PC#6446153554876684288 roll 2
Jibs_PC#6446153554876684288 roll 1
DICE 2 1 3 1 2 
Jibs_PC#6446153554876684288 attack 4 3
Jibs_PC#6446153554876684288 roll 1
Jibs_PC#6446153554876684288 roll 1
DICE 1 1 1 5 
Jibs_PC#6446153554876684288 endattack
Jibs_PC#6446153554876684288 nomove
CARD 17
Jibs_PC#6446153554876684288 placearmies 10 1
Jibs_PC#6446153554876684288 placearmies 10 1
Jibs_PC#6446153554876684288 placearmies 10 1
Jibs_PC#6446153554876684288 attack 10 11
Jibs_PC#6446153554876684288 roll 3
Jibs_PC#6446153554876684288 roll 1
DICE 3 1 1 0 0 4 
Jibs_PC#6446153554876684288 roll 2
Jibs_PC#6446153554876684288 roll 1
DICE 2 1 5 3 4 
Jibs_PC#6446153554876684288 attack 11 13
Jibs_PC#6446153554876684288 roll 1
Jibs_PC#6446153554876684288 roll 1
DICE 1 1 5 0 
Jibs_PC#6446153554876684288 endattack
Jibs_PC#6446153554876684288 nomove
CARD 24
Jibs_PC#6446153554876684288 placearmies 18 1
Jibs_PC#6446153554876684288 placearmies 18 1
Jibs_PC#6446153554876684288 placearmies 18 1
Jibs_PC#6446153554876684288 attack 18 16
Jibs_PC#6446153554876684288 roll 3
Jibs_PC#6446153554876684288 roll 1
DICE 3 1 5 3 2 1 
Jibs_PC#6446153554876684288 attack 16 30
Jibs_PC#6446153554876684288 roll 2
Jibs_PC#6446153554876684288 roll 1
DICE 2 1 4 3 4 
Jibs_PC#6446153554876684288 roll 1
Jibs_PC#6446153554876684288 roll 1
DICE 1 1 3 2 
Jibs_PC#6446153554876684288 endattack
Jibs_PC#6446153554876684288 nomove
CARD 12
Jibs_PC#6446153554876684288 placearmies 19 1
Jibs_PC#6446153554876684288 placearmies 19 1
Jibs_PC#6446153554876684288 placearmies 19 1
Jibs_PC#6446153554876684288 attack 19 20
Jibs_PC#6446153554876684288 roll 3
Jibs_PC#6446153554876684288 roll 1
DICE 3 1 4 3 1 2 
Jibs_PC#6446153554876684288 attack 20 16
Jibs_PC#6446153554876684288 roll 2
Jibs_PC#6446153554876684288 roll 1
DICE 2 1 2 1 2 
Jibs_PC#6446153554876684288 roll 1
Jibs_PC#6446153554876684288 roll 1
DICE 1 1 0 3 
Jibs_PC#6446153554876684288 endattack
Jibs_PC#6446153554876684288 nomove
CARD 6
Jibs_PC#6446153554876684288 placearmies 41 1
Jibs_PC#6446153554876684288 placearmies 41 1
Jibs_PC#6446153554876684288 placearmies 41 1
Jibs_PC#6446153554876684288 attack 41 39
Jibs_PC#6446153554876684288 roll 3
Jibs_PC#6446153554876684288 roll 1
DICE 3 1 3 2 1 4 
Jibs_PC#6446153554876684288 roll 2
Jibs_PC#6446153554876684288 roll 1
DICE 2 1 4 3 1 
Jibs_PC#6446153554876684288 attack 39 33
Jibs_PC#6446153554876684288 roll 1
Jibs_PC#6446153554876684288 roll 1
DICE 1 1 0 0 
Jibs_PC#6446153554876684288 endattack
Jibs_PC#6446153554876684288 nomove
CARD wildcard
Jibs_PC#6446153554876684288 placearmies 28 1
Jibs_PC#6446153554876684288 placearmies 28 1
Jibs_PC#6446153554876684288 placearmies 28 1
Jibs_PC#6446153554876684288 attack 28 16
Jibs_PC#6446153554876684288 roll 3
Jibs_PC#6446153554876684288 roll 1
DICE 3 1 5 4 0 5 
Jibs_PC#6446153554876684288 roll 2
Jibs_PC#6446153554876684288 roll 1
DICE 2 1 3 3 0 
Jibs_PC#6446153554876684288 attack 16 15
Jibs_PC#6446153554876684288 roll 1
Jibs_PC#6446153554876684288 roll 1
DICE 1 1 3 5 
Jibs_PC#6446153554876684288 endattack
Jibs_PC#6446153554876684288 nomove
CARD 4
Jibs_PC#6446153554876684288 placearmies 4 1
Jibs_PC#6446153554876684288 placearmies 4 1
Jibs_PC#6446153554876684288 placearmies 4 1
Jibs_PC#6446153554876684288 placearmies 4 1
Jibs_PC#6446153554876684288 placearmies 4 1
Jibs_PC#6446153554876684288 placearmies 4 1
Jibs_PC#6446153554876684288 placearmies 4 1
Jibs_PC#6446153554876684288 attack 4 7
Jibs_PC#6446153554876684288 roll 3
Jibs_PC#6446153554876684288 roll 1
DICE 3 1 2 1 1 5 
Jibs_PC#6446153554876684288 roll 3
Jibs_PC#6446153554876684288 roll 1
DICE 3 1 3 2 0 4 
Jibs_PC#6446153554876684288 roll 3
Jibs_PC#6446153554876684288 roll 1
DICE 3 1 4 2 1 3 
Jibs_PC#6446153554876684288 move all
Jibs_PC#6446153554876684288 attack 7 3
Jibs_PC#6446153554876684288 roll 3
Jibs_PC#6446153554876684288 roll 1
DICE 3 1 2 1 1 1 
Jibs_PC#6446153554876684288 move all
Jibs_PC#6446153554876684288 attack 3 2
Jibs_PC#6446153554876684288 roll 3
Jibs_PC#6446153554876684288 roll 1
DICE 3 1 5 2 2 5 
Jibs_PC#6446153554876684288 roll 2
Jibs_PC#6446153554876684288 roll 1
DICE 2 1 2 2 3 
Jibs_PC#6446153554876684288 roll 1
Jibs_PC#6446153554876684288 roll 1
DICE 1 1 1 3 
Jibs_PC#6446153554876684288 endattack
Jibs_PC#6446153554876684288 nomove
CARD 32
Jibs_PC#6446153554876684288 placearmies 31 1
Jibs_PC#6446153554876684288 placearmies 31 1
Jibs_PC#6446153554876684288 placearmies 31 1
Jibs_PC#6446153554876684288 attack 31 30
Jibs_PC#6446153554876684288 roll 3
Jibs_PC#6446153554876684288 roll 1
DICE 3 1 4 4 3 0 
Jibs_PC#6446153554876684288 attack 30 28
Jibs_PC#6446153554876684288 roll 2
Jibs_PC#6446153554876684288 roll 1
DICE 2 1 5 3 5 
Jibs_PC#6446153554876684288 roll 1
Jibs_PC#6446153554876684288 roll 1
DICE 1 1 4 0 
Jibs_PC#6446153554876684288 endattack
Jibs_PC#6446153554876684288 nomove
CARD 1
Jibs_PC#6446153554876684288 placearmies 18 1
Jibs_PC#6446153554876684288 placearmies 18 1
Jibs_PC#6446153554876684288 placearmies 18 1
Jibs_PC#6446153554876684288 attack 18 16
Jibs_PC#6446153554876684288 roll 3
Jibs_PC#6446153554876684288 roll 1
DICE 3 1 5 5 1 5 
Jibs_PC#6446153554876684288 roll 2
Jibs_PC#6446153554876684288 roll 1
DICE 2 1 1 0 5 
Jibs_PC#6446153554876684288 roll 1
Jibs_PC#6446153554876684288 roll 1
DICE 1 1 1 4 
Jibs_PC#6446153554876684288 endattack
Jibs_PC#6446153554876684288 nomove
CARD 
Jibs_PC#6446153554876684288 placearmies 17 1
Jibs_PC#6446153554876684288 placearmies 17 1
Jibs_PC#6446153554876684288 placearmies 17 1
Jibs_PC#6446153554876684288 attack 17 14
Jibs_PC#6446153554876684288 roll 3
Jibs_PC#6446153554876684288 roll 1
DICE 3 1 1 0 0 1 
Jibs_PC#6446153554876684288 roll 2
Jibs_PC#6446153554876684288 roll 1
DICE 2 1 3 1 4 
Jibs_PC#6446153554876684288 roll 1
Jibs_PC#6446153554876684288 roll 1
DICE 1 1 1 3 
Jibs_PC#6446153554876684288 endattack
Jibs_PC#6446153554876684288 nomove
CARD 
Jibs_PC#6446153554876684288 placearmies 39 1
Jibs_PC#6446153554876684288 placearmies 39 1
Jibs_PC#6446153554876684288 placearmies 39 1
Jibs_PC#6446153554876684288 placearmies 39 1
Jibs_PC#6446153554876684288 placearmies 39 1
Jibs_PC#6446153554876684288 attack 39 33
Jibs_PC#6446153554876684288 retreat
Jibs_PC#6446153554876684288 endattack
Jibs_PC#6446153554876684288 nomove
CARD 
Jibs_PC#6446153554876684288 placearmies 33 1
Jibs_PC#6446153554876684288 placearmies 33 1
Jibs_PC#6446153554876684288 placearmies 33 1
Jibs_PC#6446153554876684288 endattack
Jibs_PC#6446153554876684288 nomove
CARD 
Jibs_PC#6446153554876684288 placearmies 3 1
Jibs_PC#6446153554876684288 placearmies 3 1
Jibs_PC#6446153554876684288 placearmies 3 1
Jibs_PC#6446153554876684288 placearmies 3 1
Jibs_PC#6446153554876684288 placearmies 3 1
Jibs_PC#6446153554876684288 placearmies 3 1
Jibs_PC#6446153554876684288 placearmies 3 1
Jibs_PC#6446153554876684288 placearmies 3 1
Jibs_PC#6446153554876684288 attack 3 2
Jibs_PC#6446153554876684288 roll 3
Jibs_PC#6446153554876684288 roll 1
DICE 3 1 5 3 3 2 
Jibs_PC#6446153554876684288 move all
Jibs_PC#6446153554876684288 attack 2 1
Jibs_PC#6446153554876684288 roll 3
Jibs_PC#6446153554876684288 roll 1
DICE 3 1 5 5 1 1 
Jibs_PC#6446153554876684288 move all
