Jibs_PC#2823446565623319552 newplayer ai hard green s0914007
Jibs_PC#2823446565623319552 newplayer ai hard blue bob
Jibs_PC#2823446565623319552 newplayer ai hard red fred
Jibs_PC#2823446565623319552 newplayer ai hard cyan ted
Jibs_PC#2823446565623319552 newplayer ai hard magenta yura
Jibs_PC#2823446565623319552 newplayer ai hard yellow lala
Jibs_PC#2823446565623319552 startgame mission fixed autoplaceall recycle
PLAYER ted
MISSION 5 1 1 2 1 0
PLACEALL 3 12 32 29 15 40 26 31 34 9 2 1 11 6 17 36 30 14 13 19 8 22 7 23 38 28 33 5 24 27 20 41 37 35 42 25 21 4 10 39 18 16
Jibs_PC#2823446565623319552 placearmies 3 1
CARD 
Jibs_PC#2823446565623319552 placearmies 12 1
CARD 
Jibs_PC#2823446565623319552 placearmies 10 1
CARD 
Jibs_PC#2823446565623319552 placearmies 9 1
CARD 
Jibs_PC#2823446565623319552 placearmies 42 1
CARD 
Jibs_PC#2823446565623319552 placearmies 25 1
CARD 
Jibs_PC#2823446565623319552 placearmies 3 1
CARD 
Jibs_PC#2823446565623319552 placearmies 12 1
CARD 
Jibs_PC#2823446565623319552 placearmies 10 1
CARD 
Jibs_PC#2823446565623319552 placearmies 39 1
CARD 
Jibs_PC#2823446565623319552 placearmies 42 1
CARD 
Jibs_PC#2823446565623319552 placearmies 25 1
CARD 
Jibs_PC#2823446565623319552 placearmies 3 1
CARD 
Jibs_PC#2823446565623319552 placearmies 12 1
CARD 
Jibs_PC#2823446565623319552 placearmies 10 1
CARD 
Jibs_PC#2823446565623319552 placearmies 39 1
CARD 
Jibs_PC#2823446565623319552 placearmies 42 1
CARD 
Jibs_PC#2823446565623319552 placearmies 25 1
CARD 
Jibs_PC#2823446565623319552 placearmies 3 1
CARD 
Jibs_PC#2823446565623319552 placearmies 12 1
CARD 
Jibs_PC#2823446565623319552 placearmies 10 1
CARD 
Jibs_PC#2823446565623319552 placearmies 39 1
CARD 
Jibs_PC#2823446565623319552 placearmies 42 1
CARD 
Jibs_PC#2823446565623319552 placearmies 25 1
CARD 
Jibs_PC#2823446565623319552 placearmies 3 1
CARD 
Jibs_PC#2823446565623319552 placearmies 12 1
CARD 
Jibs_PC#2823446565623319552 placearmies 10 1
CARD 
Jibs_PC#2823446565623319552 placearmies 39 1
CARD 
Jibs_PC#2823446565623319552 placearmies 42 1
CARD 
Jibs_PC#2823446565623319552 placearmies 25 1
CARD 
Jibs_PC#2823446565623319552 placearmies 3 1
CARD 
Jibs_PC#2823446565623319552 placearmies 12 1
CARD 
Jibs_PC#2823446565623319552 placearmies 10 1
CARD 
Jibs_PC#2823446565623319552 placearmies 39 1
CARD 
Jibs_PC#2823446565623319552 placearmies 42 1
CARD 
Jibs_PC#2823446565623319552 placearmies 25 1
CARD 
Jibs_PC#2823446565623319552 placearmies 3 1
CARD 
Jibs_PC#2823446565623319552 placearmies 12 1
CARD 
Jibs_PC#2823446565623319552 placearmies 34 1
CARD 
Jibs_PC#2823446565623319552 placearmies 39 1
CARD 
Jibs_PC#2823446565623319552 placearmies 42 1
CARD 
Jibs_PC#2823446565623319552 placearmies 25 1
CARD 
Jibs_PC#2823446565623319552 placearmies 3 1
CARD 
Jibs_PC#2823446565623319552 placearmies 12 1
CARD 
Jibs_PC#2823446565623319552 placearmies 34 1
CARD 
Jibs_PC#2823446565623319552 placearmies 39 1
CARD 
Jibs_PC#2823446565623319552 placearmies 18 1
CARD 
Jibs_PC#2823446565623319552 placearmies 25 1
CARD 
Jibs_PC#2823446565623319552 placearmies 3 1
CARD 
Jibs_PC#2823446565623319552 placearmies 12 1
CARD 
Jibs_PC#2823446565623319552 placearmies 34 1
CARD 
Jibs_PC#2823446565623319552 placearmies 39 1
CARD 
Jibs_PC#2823446565623319552 placearmies 18 1
CARD 
Jibs_PC#2823446565623319552 placearmies 25 1
CARD 
Jibs_PC#2823446565623319552 placearmies 3 1
CARD 
Jibs_PC#2823446565623319552 placearmies 12 1
CARD 
Jibs_PC#2823446565623319552 placearmies 34 1
CARD 
Jibs_PC#2823446565623319552 placearmies 39 1
CARD 
Jibs_PC#2823446565623319552 placearmies 18 1
CARD 
Jibs_PC#2823446565623319552 placearmies 25 1
CARD 
Jibs_PC#2823446565623319552 placearmies 3 1
CARD 
Jibs_PC#2823446565623319552 placearmies 12 1
CARD 
Jibs_PC#2823446565623319552 placearmies 34 1
CARD 
Jibs_PC#2823446565623319552 placearmies 39 1
CARD 
Jibs_PC#2823446565623319552 placearmies 18 1
CARD 
Jibs_PC#2823446565623319552 placearmies 25 1
CARD 
Jibs_PC#2823446565623319552 placearmies 3 1
CARD 
Jibs_PC#2823446565623319552 placearmies 12 1
CARD 
Jibs_PC#2823446565623319552 placearmies 34 1
CARD 
Jibs_PC#2823446565623319552 placearmies 39 1
CARD 
Jibs_PC#2823446565623319552 placearmies 18 1
CARD 
Jibs_PC#2823446565623319552 placearmies 25 1
CARD 
Jibs_PC#2823446565623319552 placearmies 3 1
CARD 
Jibs_PC#2823446565623319552 placearmies 12 1
CARD 
Jibs_PC#2823446565623319552 placearmies 34 1
CARD 
Jibs_PC#2823446565623319552 placearmies 39 1
CARD 
Jibs_PC#2823446565623319552 placearmies 18 1
CARD 
Jibs_PC#2823446565623319552 placearmies 25 1
CARD 
Jibs_PC#2823446565623319552 placearmies 3 3
Jibs_PC#2823446565623319552 attack 3 1
Jibs_PC#2823446565623319552 roll 3
Jibs_PC#2823446565623319552 roll 1
DICE 3 1 1 1 0 3 
Jibs_PC#2823446565623319552 roll 3
Jibs_PC#2823446565623319552 roll 1
DICE 3 1 4 2 1 5 
Jibs_PC#2823446565623319552 roll 3
Jibs_PC#2823446565623319552 roll 1
DICE 3 1 3 2 1 3 
Jibs_PC#2823446565623319552 roll 3
Jibs_PC#2823446565623319552 roll 1
DICE 3 1 5 5 3 1 
Jibs_PC#2823446565623319552 move 13
Jibs_PC#2823446565623319552 attack 1 2
Jibs_PC#2823446565623319552 roll 3
Jibs_PC#2823446565623319552 roll 1
DICE 3 1 4 2 0 4 
Jibs_PC#2823446565623319552 roll 3
Jibs_PC#2823446565623319552 roll 1
DICE 3 1 3 1 0 2 
Jibs_PC#2823446565623319552 move 11
Jibs_PC#2823446565623319552 attack 2 6
Jibs_PC#2823446565623319552 roll 3
Jibs_PC#2823446565623319552 roll 1
DICE 3 1 5 2 0 5 
Jibs_PC#2823446565623319552 roll 3
Jibs_PC#2823446565623319552 roll 1
DICE 3 1 4 2 2 4 
Jibs_PC#2823446565623319552 roll 3
Jibs_PC#2823446565623319552 roll 1
DICE 3 1 5 3 2 2 
Jibs_PC#2823446565623319552 move 8
Jibs_PC#2823446565623319552 attack 6 7
Jibs_PC#2823446565623319552 roll 3
Jibs_PC#2823446565623319552 roll 1
DICE 3 1 5 4 0 3 
Jibs_PC#2823446565623319552 move 7
Jibs_PC#2823446565623319552 attack 7 4
Jibs_PC#2823446565623319552 roll 3
Jibs_PC#2823446565623319552 roll 1
DICE 3 1 3 3 2 2 
Jibs_PC#2823446565623319552 move 6
Jibs_PC#2823446565623319552 attack 4 5
Jibs_PC#2823446565623319552 roll 3
Jibs_PC#2823446565623319552 roll 1
DICE 3 1 4 1 0 0 
Jibs_PC#2823446565623319552 move 5
Jibs_PC#2823446565623319552 attack 5 9
Jibs_PC#2823446565623319552 roll 3
Jibs_PC#2823446565623319552 roll 2
DICE 3 2 4 3 3 4 3 
Jibs_PC#2823446565623319552 retreat
Jibs_PC#2823446565623319552 endattack
Jibs_PC#2823446565623319552 nomove
CARD 6
Jibs_PC#2823446565623319552 placearmies 12 3
Jibs_PC#2823446565623319552 attack 12 10
Jibs_PC#2823446565623319552 roll 3
Jibs_PC#2823446565623319552 roll 2
DICE 3 2 4 3 1 5 3 
Jibs_PC#2823446565623319552 roll 3
Jibs_PC#2823446565623319552 roll 2
DICE 3 2 3 3 1 4 4 
Jibs_PC#2823446565623319552 roll 3
Jibs_PC#2823446565623319552 roll 2
DICE 3 2 4 3 1 4 3 
Jibs_PC#2823446565623319552 roll 3
Jibs_PC#2823446565623319552 roll 2
DICE 3 2 5 5 4 4 0 
Jibs_PC#2823446565623319552 roll 3
Jibs_PC#2823446565623319552 roll 2
DICE 3 2 5 3 1 5 5 
Jibs_PC#2823446565623319552 roll 3
Jibs_PC#2823446565623319552 roll 2
DICE 3 2 5 4 1 3 0 
Jibs_PC#2823446565623319552 roll 3
Jibs_PC#2823446565623319552 roll 2
DICE 3 2 4 2 0 2 1 
Jibs_PC#2823446565623319552 roll 3
Jibs_PC#2823446565623319552 roll 1
DICE 3 1 5 4 0 0 
Jibs_PC#2823446565623319552 move 8
Jibs_PC#2823446565623319552 attack 10 11
Jibs_PC#2823446565623319552 roll 3
Jibs_PC#2823446565623319552 roll 1
DICE 3 1 5 4 2 3 
Jibs_PC#2823446565623319552 move 5
Jibs_PC#2823446565623319552 attack 11 13
Jibs_PC#2823446565623319552 roll 3
Jibs_PC#2823446565623319552 roll 1
DICE 3 1 5 3 1 1 
Jibs_PC#2823446565623319552 move 3
Jibs_PC#2823446565623319552 endattack
Jibs_PC#2823446565623319552 movearmies 13 12 2
CARD 2
Jibs_PC#2823446565623319552 placearmies 34 3
Jibs_PC#2823446565623319552 attack 34 27
Jibs_PC#2823446565623319552 roll 3
Jibs_PC#2823446565623319552 roll 1
DICE 3 1 2 1 0 2 
Jibs_PC#2823446565623319552 roll 3
Jibs_PC#2823446565623319552 roll 1
DICE 3 1 5 3 0 0 
Jibs_PC#2823446565623319552 move 9
Jibs_PC#2823446565623319552 endattack
Jibs_PC#2823446565623319552 nomove
CARD 32
Jibs_PC#2823446565623319552 placearmies 9 3
Jibs_PC#2823446565623319552 attack 9 8
Jibs_PC#2823446565623319552 roll 3
Jibs_PC#2823446565623319552 roll 1
DICE 3 1 4 3 2 0 
Jibs_PC#2823446565623319552 move 4
Jibs_PC#2823446565623319552 attack 39 40
Jibs_PC#2823446565623319552 roll 3
Jibs_PC#2823446565623319552 roll 1
DICE 3 1 3 3 1 5 
Jibs_PC#2823446565623319552 roll 3
Jibs_PC#2823446565623319552 roll 1
DICE 3 1 4 0 0 3 
Jibs_PC#2823446565623319552 move 11
Jibs_PC#2823446565623319552 attack 40 42
Jibs_PC#2823446565623319552 roll 3
Jibs_PC#2823446565623319552 roll 2
DICE 3 2 5 3 2 4 2 
Jibs_PC#2823446565623319552 roll 3
Jibs_PC#2823446565623319552 roll 2
DICE 3 2 2 0 0 2 1 
Jibs_PC#2823446565623319552 roll 3
Jibs_PC#2823446565623319552 roll 2
DICE 3 2 5 2 1 5 3 
Jibs_PC#2823446565623319552 roll 3
Jibs_PC#2823446565623319552 roll 2
DICE 3 2 5 3 1 4 0 
Jibs_PC#2823446565623319552 roll 3
Jibs_PC#2823446565623319552 roll 2
DICE 3 2 3 1 0 4 3 
Jibs_PC#2823446565623319552 retreat
Jibs_PC#2823446565623319552 attack 40 41
Jibs_PC#2823446565623319552 roll 3
Jibs_PC#2823446565623319552 roll 1
DICE 3 1 3 3 0 4 
Jibs_PC#2823446565623319552 roll 3
Jibs_PC#2823446565623319552 roll 1
DICE 3 1 5 4 2 1 
Jibs_PC#2823446565623319552 endattack
Jibs_PC#2823446565623319552 nomove
CARD 25
Jibs_PC#2823446565623319552 placearmies 42 3
Jibs_PC#2823446565623319552 attack 42 41
Jibs_PC#2823446565623319552 roll 3
Jibs_PC#2823446565623319552 roll 2
DICE 3 2 5 4 2 0 0 
Jibs_PC#2823446565623319552 roll 3
Jibs_PC#2823446565623319552 roll 1
DICE 3 1 3 1 0 0 
Jibs_PC#2823446565623319552 move 6
Jibs_PC#2823446565623319552 attack 41 39
Jibs_PC#2823446565623319552 roll 3
Jibs_PC#2823446565623319552 roll 1
DICE 3 1 4 1 0 5 
Jibs_PC#2823446565623319552 roll 3
Jibs_PC#2823446565623319552 roll 1
DICE 3 1 5 3 0 0 
Jibs_PC#2823446565623319552 move 4
Jibs_PC#2823446565623319552 attack 39 40
Jibs_PC#2823446565623319552 roll 3
Jibs_PC#2823446565623319552 roll 1
DICE 3 1 4 2 1 3 
Jibs_PC#2823446565623319552 attack 18 16
Jibs_PC#2823446565623319552 roll 3
Jibs_PC#2823446565623319552 roll 1
DICE 3 1 0 0 0 2 
Jibs_PC#2823446565623319552 roll 3
Jibs_PC#2823446565623319552 roll 1
DICE 3 1 3 3 1 0 
Jibs_PC#2823446565623319552 move 5
Jibs_PC#2823446565623319552 attack 16 20
Jibs_PC#2823446565623319552 roll 3
Jibs_PC#2823446565623319552 roll 1
DICE 3 1 5 5 0 2 
Jibs_PC#2823446565623319552 move 4
Jibs_PC#2823446565623319552 attack 20 19
Jibs_PC#2823446565623319552 roll 3
Jibs_PC#2823446565623319552 roll 1
DICE 3 1 5 4 1 0 
Jibs_PC#2823446565623319552 attack 19 17
Jibs_PC#2823446565623319552 roll 2
Jibs_PC#2823446565623319552 roll 1
DICE 2 1 1 0 1 
Jibs_PC#2823446565623319552 retreat
Jibs_PC#2823446565623319552 endattack
Jibs_PC#2823446565623319552 movearmies 40 39 2
CARD 1
Jibs_PC#2823446565623319552 placearmies 25 3
Jibs_PC#2823446565623319552 attack 25 24
Jibs_PC#2823446565623319552 roll 3
Jibs_PC#2823446565623319552 roll 1
DICE 3 1 5 4 0 4 
Jibs_PC#2823446565623319552 move 16
Jibs_PC#2823446565623319552 attack 24 26
Jibs_PC#2823446565623319552 roll 3
Jibs_PC#2823446565623319552 roll 1
DICE 3 1 3 2 0 5 
Jibs_PC#2823446565623319552 roll 3
Jibs_PC#2823446565623319552 roll 1
DICE 3 1 4 2 1 3 
Jibs_PC#2823446565623319552 move 3
Jibs_PC#2823446565623319552 attack 24 22
Jibs_PC#2823446565623319552 roll 3
Jibs_PC#2823446565623319552 roll 1
DICE 3 1 4 1 0 3 
Jibs_PC#2823446565623319552 move 11
Jibs_PC#2823446565623319552 attack 22 21
Jibs_PC#2823446565623319552 roll 3
Jibs_PC#2823446565623319552 roll 1
DICE 3 1 4 1 0 2 
Jibs_PC#2823446565623319552 move 9
Jibs_PC#2823446565623319552 attack 21 20
Jibs_PC#2823446565623319552 roll 3
Jibs_PC#2823446565623319552 roll 1
DICE 3 1 3 1 0 1 
Jibs_PC#2823446565623319552 move 7
Jibs_PC#2823446565623319552 attack 20 19
Jibs_PC#2823446565623319552 roll 3
Jibs_PC#2823446565623319552 roll 2
DICE 3 2 2 1 0 0 0 
Jibs_PC#2823446565623319552 move 6
Jibs_PC#2823446565623319552 attack 19 17
Jibs_PC#2823446565623319552 roll 3
Jibs_PC#2823446565623319552 roll 1
DICE 3 1 0 0 0 0 
Jibs_PC#2823446565623319552 roll 3
Jibs_PC#2823446565623319552 roll 1
DICE 3 1 5 2 0 0 
Jibs_PC#2823446565623319552 move 4
Jibs_PC#2823446565623319552 attack 17 15
Jibs_PC#2823446565623319552 roll 3
Jibs_PC#2823446565623319552 roll 1
DICE 3 1 5 1 1 2 
Jibs_PC#2823446565623319552 attack 15 18
Jibs_PC#2823446565623319552 roll 2
Jibs_PC#2823446565623319552 roll 1
DICE 2 1 4 0 4 
Jibs_PC#2823446565623319552 retreat
Jibs_PC#2823446565623319552 endattack
Jibs_PC#2823446565623319552 movearmies 26 24 1
CARD 11
Jibs_PC#2823446565623319552 placearmies 5 1
Jibs_PC#2823446565623319552 placearmies 5 1
Jibs_PC#2823446565623319552 placearmies 5 1
Jibs_PC#2823446565623319552 attack 5 9
Jibs_PC#2823446565623319552 roll 3
Jibs_PC#2823446565623319552 roll 1
DICE 3 1 4 1 1 1 
Jibs_PC#2823446565623319552 move 5
Jibs_PC#2823446565623319552 endattack
Jibs_PC#2823446565623319552 nomove
CARD 21
Jibs_PC#2823446565623319552 placearmies 10 1
Jibs_PC#2823446565623319552 placearmies 31 4
Jibs_PC#2823446565623319552 attack 31 22
Jibs_PC#2823446565623319552 roll 3
Jibs_PC#2823446565623319552 roll 2
DICE 3 2 2 0 0 2 0 
Jibs_PC#2823446565623319552 retreat
Jibs_PC#2823446565623319552 attack 31 20
Jibs_PC#2823446565623319552 roll 2
Jibs_PC#2823446565623319552 roll 1
DICE 2 1 3 2 1 
Jibs_PC#2823446565623319552 endattack
Jibs_PC#2823446565623319552 movearmies 11 12 1
CARD 38
Jibs_PC#2823446565623319552 placearmies 27 2
Jibs_PC#2823446565623319552 placearmies 33 1
Jibs_PC#2823446565623319552 attack 27 36
Jibs_PC#2823446565623319552 roll 3
Jibs_PC#2823446565623319552 roll 1
DICE 3 1 3 3 0 4 
Jibs_PC#2823446565623319552 roll 3
Jibs_PC#2823446565623319552 roll 1
DICE 3 1 5 1 1 1 
Jibs_PC#2823446565623319552 move 9
Jibs_PC#2823446565623319552 attack 36 29
Jibs_PC#2823446565623319552 roll 3
Jibs_PC#2823446565623319552 roll 1
DICE 3 1 5 2 0 3 
Jibs_PC#2823446565623319552 move 8
Jibs_PC#2823446565623319552 attack 29 30
Jibs_PC#2823446565623319552 roll 3
Jibs_PC#2823446565623319552 roll 1
DICE 3 1 2 2 0 0 
Jibs_PC#2823446565623319552 move 7
Jibs_PC#2823446565623319552 attack 30 31
Jibs_PC#2823446565623319552 roll 3
Jibs_PC#2823446565623319552 roll 1
DICE 3 1 4 3 0 1 
Jibs_PC#2823446565623319552 move 6
Jibs_PC#2823446565623319552 attack 31 22
Jibs_PC#2823446565623319552 roll 3
Jibs_PC#2823446565623319552 roll 2
DICE 3 2 4 4 4 3 3 
Jibs_PC#2823446565623319552 move 5
Jibs_PC#2823446565623319552 attack 22 24
Jibs_PC#2823446565623319552 roll 3
Jibs_PC#2823446565623319552 roll 2
DICE 3 2 5 5 2 4 2 
Jibs_PC#2823446565623319552 move 4
Jibs_PC#2823446565623319552 endattack
Jibs_PC#2823446565623319552 nomove
CARD 31
Jibs_PC#2823446565623319552 placearmies 8 3
Jibs_PC#2823446565623319552 attack 8 9
Jibs_PC#2823446565623319552 roll 3
Jibs_PC#2823446565623319552 roll 2
DICE 3 2 5 4 2 3 2 
Jibs_PC#2823446565623319552 roll 3
Jibs_PC#2823446565623319552 roll 2
DICE 3 2 4 3 2 2 1 
Jibs_PC#2823446565623319552 retreat
Jibs_PC#2823446565623319552 attack 8 6
Jibs_PC#2823446565623319552 roll 3
Jibs_PC#2823446565623319552 roll 1
DICE 3 1 2 1 0 3 
Jibs_PC#2823446565623319552 roll 3
Jibs_PC#2823446565623319552 roll 1
DICE 3 1 5 4 2 5 
Jibs_PC#2823446565623319552 roll 3
Jibs_PC#2823446565623319552 roll 1
DICE 3 1 4 4 1 0 
Jibs_PC#2823446565623319552 move 4
Jibs_PC#2823446565623319552 endattack
Jibs_PC#2823446565623319552 nomove
CARD 12
Jibs_PC#2823446565623319552 placearmies 39 2
Jibs_PC#2823446565623319552 placearmies 18 3
Jibs_PC#2823446565623319552 attack 18 15
Jibs_PC#2823446565623319552 roll 3
Jibs_PC#2823446565623319552 roll 2
DICE 3 2 1 0 0 1 0 
Jibs_PC#2823446565623319552 retreat
Jibs_PC#2823446565623319552 attack 39 33
Jibs_PC#2823446565623319552 roll 3
Jibs_PC#2823446565623319552 roll 2
DICE 3 2 2 1 0 1 0 
Jibs_PC#2823446565623319552 move 4
Jibs_PC#2823446565623319552 endattack
Jibs_PC#2823446565623319552 nomove
CARD 41
Jibs_PC#2823446565623319552 placearmies 21 3
Jibs_PC#2823446565623319552 attack 21 22
Jibs_PC#2823446565623319552 roll 3
Jibs_PC#2823446565623319552 roll 1
DICE 3 1 4 2 1 1 
Jibs_PC#2823446565623319552 move 4
Jibs_PC#2823446565623319552 attack 22 20
Jibs_PC#2823446565623319552 roll 3
Jibs_PC#2823446565623319552 roll 2
DICE 3 2 5 5 0 5 0 
Jibs_PC#2823446565623319552 roll 2
Jibs_PC#2823446565623319552 roll 1
DICE 2 1 3 2 1 
Jibs_PC#2823446565623319552 endattack
Jibs_PC#2823446565623319552 nomove
CARD 16
Jibs_PC#2823446565623319552 placearmies 7 3
Jibs_PC#2823446565623319552 attack 7 8
Jibs_PC#2823446565623319552 roll 3
Jibs_PC#2823446565623319552 roll 1
DICE 3 1 5 3 2 4 
Jibs_PC#2823446565623319552 endattack
Jibs_PC#2823446565623319552 nomove
CARD 4
Jibs_PC#2823446565623319552 placearmies 10 4
Jibs_PC#2823446565623319552 placearmies 10 1
Jibs_PC#2823446565623319552 attack 10 5
Jibs_PC#2823446565623319552 roll 3
Jibs_PC#2823446565623319552 roll 1
DICE 3 1 4 4 2 5 
Jibs_PC#2823446565623319552 roll 3
Jibs_PC#2823446565623319552 roll 1
DICE 3 1 4 3 1 3 
Jibs_PC#2823446565623319552 move 7
Jibs_PC#2823446565623319552 endattack
Jibs_PC#2823446565623319552 nomove
CARD 19
Jibs_PC#2823446565623319552 placearmies 34 3
Jibs_PC#2823446565623319552 attack 34 35
Jibs_PC#2823446565623319552 roll 3
Jibs_PC#2823446565623319552 roll 1
DICE 3 1 4 4 3 5 
Jibs_PC#2823446565623319552 roll 2
Jibs_PC#2823446565623319552 roll 1
DICE 2 1 5 3 1 
Jibs_PC#2823446565623319552 endattack
Jibs_PC#2823446565623319552 nomove
CARD 5
Jibs_PC#2823446565623319552 placearmies 6 3
Jibs_PC#2823446565623319552 attack 6 8
Jibs_PC#2823446565623319552 roll 3
Jibs_PC#2823446565623319552 roll 2
DICE 3 2 5 3 2 2 0 
Jibs_PC#2823446565623319552 roll 3
Jibs_PC#2823446565623319552 roll 1
DICE 3 1 4 3 1 5 
Jibs_PC#2823446565623319552 retreat
Jibs_PC#2823446565623319552 attack 6 2
Jibs_PC#2823446565623319552 roll 3
Jibs_PC#2823446565623319552 roll 1
DICE 3 1 4 3 0 1 
Jibs_PC#2823446565623319552 move 5
Jibs_PC#2823446565623319552 endattack
Jibs_PC#2823446565623319552 nomove
CARD wildcard
Jibs_PC#2823446565623319552 placearmies 18 5
Jibs_PC#2823446565623319552 attack 18 15
Jibs_PC#2823446565623319552 roll 3
Jibs_PC#2823446565623319552 roll 2
DICE 3 2 1 1 0 5 2 
Jibs_PC#2823446565623319552 roll 3
Jibs_PC#2823446565623319552 roll 2
DICE 3 2 1 1 0 4 0 
Jibs_PC#2823446565623319552 retreat
Jibs_PC#2823446565623319552 attack 18 15
Jibs_PC#2823446565623319552 roll 3
Jibs_PC#2823446565623319552 roll 1
DICE 3 1 5 5 5 1 
Jibs_PC#2823446565623319552 endattack
Jibs_PC#2823446565623319552 nomove
CARD 3
Jibs_PC#2823446565623319552 placearmies 20 2
Jibs_PC#2823446565623319552 placearmies 20 1
Jibs_PC#2823446565623319552 attack 20 31
Jibs_PC#2823446565623319552 roll 3
Jibs_PC#2823446565623319552 roll 1
DICE 3 1 3 3 1 0 
Jibs_PC#2823446565623319552 move 4
Jibs_PC#2823446565623319552 attack 31 16
Jibs_PC#2823446565623319552 roll 3
Jibs_PC#2823446565623319552 roll 1
DICE 3 1 3 1 1 4 
Jibs_PC#2823446565623319552 roll 2
Jibs_PC#2823446565623319552 roll 1
DICE 2 1 5 0 2 
Jibs_PC#2823446565623319552 endattack
Jibs_PC#2823446565623319552 nomove
CARD 28
Jibs_PC#2823446565623319552 placearmies 7 3
Jibs_PC#2823446565623319552 attack 7 6
Jibs_PC#2823446565623319552 roll 3
Jibs_PC#2823446565623319552 roll 1
DICE 3 1 5 4 2 4 
Jibs_PC#2823446565623319552 endattack
Jibs_PC#2823446565623319552 nomove
CARD 42
Jibs_PC#2823446565623319552 trade 2 38 19
Jibs_PC#2823446565623319552 placearmies 5 9
Jibs_PC#2823446565623319552 placearmies 5 6
Jibs_PC#2823446565623319552 attack 5 4
Jibs_PC#2823446565623319552 roll 3
Jibs_PC#2823446565623319552 roll 1
DICE 3 1 5 1 0 3 
Jibs_PC#2823446565623319552 move 20
Jibs_PC#2823446565623319552 attack 4 3
Jibs_PC#2823446565623319552 roll 3
Jibs_PC#2823446565623319552 roll 1
DICE 3 1 1 1 0 1 
Jibs_PC#2823446565623319552 roll 3
Jibs_PC#2823446565623319552 roll 1
DICE 3 1 5 1 1 3 
Jibs_PC#2823446565623319552 move 18
Jibs_PC#2823446565623319552 attack 3 2
Jibs_PC#2823446565623319552 roll 3
Jibs_PC#2823446565623319552 roll 2
DICE 3 2 2 2 0 5 2 
Jibs_PC#2823446565623319552 roll 3
Jibs_PC#2823446565623319552 roll 2
DICE 3 2 5 4 1 4 0 
Jibs_PC#2823446565623319552 roll 3
Jibs_PC#2823446565623319552 roll 2
DICE 3 2 4 3 0 5 1 
Jibs_PC#2823446565623319552 roll 3
Jibs_PC#2823446565623319552 roll 2
DICE 3 2 5 2 0 2 1 
Jibs_PC#2823446565623319552 move 14
Jibs_PC#2823446565623319552 attack 2 7
Jibs_PC#2823446565623319552 roll 3
Jibs_PC#2823446565623319552 roll 1
DICE 3 1 5 4 0 2 
Jibs_PC#2823446565623319552 move 13
Jibs_PC#2823446565623319552 attack 7 9
Jibs_PC#2823446565623319552 roll 3
Jibs_PC#2823446565623319552 roll 1
DICE 3 1 5 4 2 1 
Jibs_PC#2823446565623319552 move 11
Jibs_PC#2823446565623319552 attack 9 8
Jibs_PC#2823446565623319552 roll 3
Jibs_PC#2823446565623319552 roll 1
DICE 3 1 5 4 3 0 
Jibs_PC#2823446565623319552 move 10
Jibs_PC#2823446565623319552 attack 8 6
Jibs_PC#2823446565623319552 roll 3
Jibs_PC#2823446565623319552 roll 2
DICE 3 2 5 4 1 5 2 
Jibs_PC#2823446565623319552 roll 3
Jibs_PC#2823446565623319552 roll 2
DICE 3 2 4 3 2 2 0 
Jibs_PC#2823446565623319552 move 8
Jibs_PC#2823446565623319552 attack 6 14
Jibs_PC#2823446565623319552 roll 3
Jibs_PC#2823446565623319552 roll 1
DICE 3 1 3 2 2 4 
Jibs_PC#2823446565623319552 roll 3
Jibs_PC#2823446565623319552 roll 1
DICE 3 1 2 2 1 1 
Jibs_PC#2823446565623319552 move 6
Jibs_PC#2823446565623319552 attack 14 17
Jibs_PC#2823446565623319552 roll 3
Jibs_PC#2823446565623319552 roll 1
DICE 3 1 3 2 2 1 
Jibs_PC#2823446565623319552 move 4
Jibs_PC#2823446565623319552 endattack
Jibs_PC#2823446565623319552 movearmies 17 14 3
CARD 10
Jibs_PC#2823446565623319552 trade 32 31 5
Jibs_PC#2823446565623319552 placearmies 35 6
Jibs_PC#2823446565623319552 placearmies 24 7
Jibs_PC#2823446565623319552 attack 35 38
Jibs_PC#2823446565623319552 roll 3
Jibs_PC#2823446565623319552 roll 1
DICE 3 1 5 4 0 4 
Jibs_PC#2823446565623319552 move 7
Jibs_PC#2823446565623319552 attack 38 1
Jibs_PC#2823446565623319552 roll 3
Jibs_PC#2823446565623319552 roll 1
DICE 3 1 5 4 3 4 
Jibs_PC#2823446565623319552 move 6
Jibs_PC#2823446565623319552 attack 24 21
Jibs_PC#2823446565623319552 roll 3
Jibs_PC#2823446565623319552 roll 1
DICE 3 1 5 3 1 5 
Jibs_PC#2823446565623319552 roll 3
Jibs_PC#2823446565623319552 roll 1
DICE 3 1 5 1 0 2 
Jibs_PC#2823446565623319552 move 9
Jibs_PC#2823446565623319552 attack 21 12
Jibs_PC#2823446565623319552 roll 3
Jibs_PC#2823446565623319552 roll 2
DICE 3 2 5 1 0 1 0 
Jibs_PC#2823446565623319552 roll 3
Jibs_PC#2823446565623319552 roll 2
DICE 3 2 4 3 2 4 0 
Jibs_PC#2823446565623319552 roll 3
Jibs_PC#2823446565623319552 roll 1
DICE 3 1 5 5 4 2 
Jibs_PC#2823446565623319552 move 7
Jibs_PC#2823446565623319552 attack 12 13
Jibs_PC#2823446565623319552 roll 3
Jibs_PC#2823446565623319552 roll 1
DICE 3 1 2 1 0 0 
Jibs_PC#2823446565623319552 move 6
Jibs_PC#2823446565623319552 attack 13 11
Jibs_PC#2823446565623319552 roll 3
Jibs_PC#2823446565623319552 roll 1
DICE 3 1 4 1 0 5 
Jibs_PC#2823446565623319552 roll 3
Jibs_PC#2823446565623319552 roll 1
DICE 3 1 3 1 1 5 
Jibs_PC#2823446565623319552 roll 3
Jibs_PC#2823446565623319552 roll 1
DICE 3 1 5 3 2 3 
Jibs_PC#2823446565623319552 attack 11 10
Jibs_PC#2823446565623319552 roll 2
Jibs_PC#2823446565623319552 roll 1
DICE 2 1 1 0 2 
Jibs_PC#2823446565623319552 retreat
Jibs_PC#2823446565623319552 attack 32 31
Jibs_PC#2823446565623319552 roll 2
Jibs_PC#2823446565623319552 roll 1
DICE 2 1 2 0 4 
Jibs_PC#2823446565623319552 retreat
Jibs_PC#2823446565623319552 attack 1 3
Jibs_PC#2823446565623319552 roll 3
Jibs_PC#2823446565623319552 roll 1
DICE 3 1 4 3 0 4 
Jibs_PC#2823446565623319552 roll 3
Jibs_PC#2823446565623319552 roll 1
DICE 3 1 4 3 0 1 
Jibs_PC#2823446565623319552 move 4
Jibs_PC#2823446565623319552 endattack
Jibs_PC#2823446565623319552 nomove
CARD 40
Jibs_PC#2823446565623319552 placearmies 15 2
Jibs_PC#2823446565623319552 placearmies 33 3
Jibs_PC#2823446565623319552 attack 33 29
Jibs_PC#2823446565623319552 roll 3
Jibs_PC#2823446565623319552 roll 1
DICE 3 1 5 2 1 5 
Jibs_PC#2823446565623319552 roll 3
Jibs_PC#2823446565623319552 roll 1
DICE 3 1 4 3 2 1 
Jibs_PC#2823446565623319552 move 4
Jibs_PC#2823446565623319552 endattack
Jibs_PC#2823446565623319552 movearmies 29 33 3
CARD 9
Jibs_PC#2823446565623319552 placearmies 26 2
Jibs_PC#2823446565623319552 placearmies 26 1
Jibs_PC#2823446565623319552 attack 26 24
Jibs_PC#2823446565623319552 roll 3
Jibs_PC#2823446565623319552 roll 1
DICE 3 1 5 5 0 5 
Jibs_PC#2823446565623319552 roll 3
Jibs_PC#2823446565623319552 roll 1
DICE 3 1 4 1 0 5 
Jibs_PC#2823446565623319552 roll 2
Jibs_PC#2823446565623319552 roll 1
DICE 2 1 3 0 2 
Jibs_PC#2823446565623319552 endattack
Jibs_PC#2823446565623319552 nomove
CARD 15
Jibs_PC#2823446565623319552 trade 25 12 wildcard
Jibs_PC#2823446565623319552 placearmies 10 11
Jibs_PC#2823446565623319552 attack 10 12
Jibs_PC#2823446565623319552 roll 3
Jibs_PC#2823446565623319552 roll 1
DICE 3 1 3 2 1 4 
Jibs_PC#2823446565623319552 roll 3
Jibs_PC#2823446565623319552 roll 1
DICE 3 1 4 2 1 2 
Jibs_PC#2823446565623319552 move 10
Jibs_PC#2823446565623319552 attack 12 13
Jibs_PC#2823446565623319552 roll 3
Jibs_PC#2823446565623319552 roll 1
DICE 3 1 4 1 0 0 
Jibs_PC#2823446565623319552 move 6
Jibs_PC#2823446565623319552 attack 13 11
Jibs_PC#2823446565623319552 roll 3
Jibs_PC#2823446565623319552 roll 2
DICE 3 2 4 3 2 0 0 
Jibs_PC#2823446565623319552 move 3
Jibs_PC#2823446565623319552 attack 14 15
Jibs_PC#2823446565623319552 roll 3
Jibs_PC#2823446565623319552 roll 2
DICE 3 2 3 2 0 5 5 
Jibs_PC#2823446565623319552 retreat
Jibs_PC#2823446565623319552 endattack
Jibs_PC#2823446565623319552 movearmies 5 4 1
CARD 33
Jibs_PC#2823446565623319552 trade 21 4 42
Jibs_PC#2823446565623319552 placearmies 32 3
Jibs_PC#2823446565623319552 placearmies 3 4
Jibs_PC#2823446565623319552 attack 3 7
Jibs_PC#2823446565623319552 roll 3
Jibs_PC#2823446565623319552 roll 2
DICE 3 2 5 0 0 3 2 
Jibs_PC#2823446565623319552 roll 3
Jibs_PC#2823446565623319552 roll 1
DICE 3 1 5 0 0 3 
Jibs_PC#2823446565623319552 move 6
Jibs_PC#2823446565623319552 attack 32 31
Jibs_PC#2823446565623319552 roll 3
Jibs_PC#2823446565623319552 roll 1
DICE 3 1 4 1 0 2 
Jibs_PC#2823446565623319552 move 4
Jibs_PC#2823446565623319552 attack 7 9
Jibs_PC#2823446565623319552 roll 3
Jibs_PC#2823446565623319552 roll 1
DICE 3 1 3 3 2 5 
Jibs_PC#2823446565623319552 roll 3
Jibs_PC#2823446565623319552 roll 1
DICE 3 1 2 0 0 4 
Jibs_PC#2823446565623319552 roll 3
Jibs_PC#2823446565623319552 roll 1
DICE 3 1 3 2 2 2 
Jibs_PC#2823446565623319552 endattack
Jibs_PC#2823446565623319552 nomove
CARD 27
Jibs_PC#2823446565623319552 placearmies 15 5
Jibs_PC#2823446565623319552 attack 15 17
Jibs_PC#2823446565623319552 roll 3
Jibs_PC#2823446565623319552 roll 1
DICE 3 1 4 2 0 0 
Jibs_PC#2823446565623319552 move 9
Jibs_PC#2823446565623319552 attack 17 19
Jibs_PC#2823446565623319552 roll 3
Jibs_PC#2823446565623319552 roll 1
DICE 3 1 4 0 0 1 
Jibs_PC#2823446565623319552 move 8
Jibs_PC#2823446565623319552 attack 19 20
Jibs_PC#2823446565623319552 roll 3
Jibs_PC#2823446565623319552 roll 1
DICE 3 1 5 5 0 3 
Jibs_PC#2823446565623319552 move 7
Jibs_PC#2823446565623319552 attack 20 16
Jibs_PC#2823446565623319552 roll 3
Jibs_PC#2823446565623319552 roll 2
DICE 3 2 5 1 0 3 0 
Jibs_PC#2823446565623319552 move 6
Jibs_PC#2823446565623319552 endattack
Jibs_PC#2823446565623319552 nomove
CARD 26
Jibs_PC#2823446565623319552 placearmies 22 3
Jibs_PC#2823446565623319552 attack 22 20
Jibs_PC#2823446565623319552 roll 3
Jibs_PC#2823446565623319552 roll 1
DICE 3 1 1 1 0 3 
Jibs_PC#2823446565623319552 roll 2
Jibs_PC#2823446565623319552 roll 1
DICE 2 1 5 2 4 
Jibs_PC#2823446565623319552 endattack
Jibs_PC#2823446565623319552 nomove
CARD 13
Jibs_PC#2823446565623319552 placearmies 14 1
Jibs_PC#2823446565623319552 placearmies 5 1
Jibs_PC#2823446565623319552 placearmies 5 1
Jibs_PC#2823446565623319552 placearmies 4 2
Jibs_PC#2823446565623319552 attack 4 3
Jibs_PC#2823446565623319552 roll 3
Jibs_PC#2823446565623319552 roll 1
DICE 3 1 5 5 5 3 
Jibs_PC#2823446565623319552 attack 3 7
Jibs_PC#2823446565623319552 roll 2
Jibs_PC#2823446565623319552 roll 1
DICE 2 1 1 0 3 
Jibs_PC#2823446565623319552 retreat
Jibs_PC#2823446565623319552 endattack
Jibs_PC#2823446565623319552 movearmies 13 12 2
CARD 7
Jibs_PC#2823446565623319552 placearmies 32 4
Jibs_PC#2823446565623319552 attack 32 29
Jibs_PC#2823446565623319552 roll 3
Jibs_PC#2823446565623319552 roll 1
DICE 3 1 2 2 0 1 
Jibs_PC#2823446565623319552 move 4
Jibs_PC#2823446565623319552 attack 29 28
Jibs_PC#2823446565623319552 roll 3
Jibs_PC#2823446565623319552 roll 1
DICE 3 1 4 3 0 1 
Jibs_PC#2823446565623319552 endattack
Jibs_PC#2823446565623319552 nomove
CARD 8
Jibs_PC#2823446565623319552 trade 1 3 26
Jibs_PC#2823446565623319552 placearmies 18 5
Jibs_PC#2823446565623319552 placearmies 16 4
Jibs_PC#2823446565623319552 attack 18 20
Jibs_PC#2823446565623319552 roll 3
Jibs_PC#2823446565623319552 roll 2
DICE 3 2 5 3 0 5 3 
Jibs_PC#2823446565623319552 roll 3
Jibs_PC#2823446565623319552 roll 2
DICE 3 2 5 3 3 2 1 
Jibs_PC#2823446565623319552 attack 33 32
Jibs_PC#2823446565623319552 roll 3
Jibs_PC#2823446565623319552 roll 1
DICE 3 1 5 2 0 2 
Jibs_PC#2823446565623319552 move 3
Jibs_PC#2823446565623319552 attack 32 29
Jibs_PC#2823446565623319552 roll 2
Jibs_PC#2823446565623319552 roll 1
DICE 2 1 1 0 0 
Jibs_PC#2823446565623319552 attack 16 30
Jibs_PC#2823446565623319552 roll 3
Jibs_PC#2823446565623319552 roll 1
DICE 3 1 2 2 1 5 
Jibs_PC#2823446565623319552 roll 3
Jibs_PC#2823446565623319552 roll 1
DICE 3 1 4 4 3 2 
Jibs_PC#2823446565623319552 move 8
Jibs_PC#2823446565623319552 attack 30 31
Jibs_PC#2823446565623319552 roll 3
Jibs_PC#2823446565623319552 roll 2
DICE 3 2 4 1 0 3 3 
Jibs_PC#2823446565623319552 roll 3
Jibs_PC#2823446565623319552 roll 2
DICE 3 2 5 3 0 3 2 
Jibs_PC#2823446565623319552 retreat
Jibs_PC#2823446565623319552 attack 20 31
Jibs_PC#2823446565623319552 roll 2
Jibs_PC#2823446565623319552 roll 1
DICE 2 1 5 5 5 
Jibs_PC#2823446565623319552 retreat
Jibs_PC#2823446565623319552 attack 30 28
Jibs_PC#2823446565623319552 roll 3
Jibs_PC#2823446565623319552 roll 2
DICE 3 2 1 0 0 2 2 
Jibs_PC#2823446565623319552 roll 3
Jibs_PC#2823446565623319552 roll 2
DICE 3 2 4 2 0 1 0 
Jibs_PC#2823446565623319552 retreat
Jibs_PC#2823446565623319552 attack 30 31
Jibs_PC#2823446565623319552 roll 3
Jibs_PC#2823446565623319552 roll 1
DICE 3 1 3 2 1 4 
Jibs_PC#2823446565623319552 roll 3
Jibs_PC#2823446565623319552 roll 1
DICE 3 1 2 0 0 3 
Jibs_PC#2823446565623319552 retreat
Jibs_PC#2823446565623319552 endattack
Jibs_PC#2823446565623319552 movearmies 30 16 2
CARD 24
Jibs_PC#2823446565623319552 trade 11 16 13
Jibs_PC#2823446565623319552 placearmies 22 3
Jibs_PC#2823446565623319552 placearmies 22 4
Jibs_PC#2823446565623319552 placearmies 22 6
Jibs_PC#2823446565623319552 attack 22 31
Jibs_PC#2823446565623319552 roll 3
Jibs_PC#2823446565623319552 roll 1
DICE 3 1 4 3 1 0 
Jibs_PC#2823446565623319552 move 13
Jibs_PC#2823446565623319552 attack 31 32
Jibs_PC#2823446565623319552 roll 3
Jibs_PC#2823446565623319552 roll 1
DICE 3 1 3 2 1 2 
Jibs_PC#2823446565623319552 move 12
Jibs_PC#2823446565623319552 attack 32 33
Jibs_PC#2823446565623319552 roll 3
Jibs_PC#2823446565623319552 roll 2
DICE 3 2 4 0 0 5 3 
Jibs_PC#2823446565623319552 roll 3
Jibs_PC#2823446565623319552 roll 2
DICE 3 2 4 3 2 3 3 
Jibs_PC#2823446565623319552 roll 3
Jibs_PC#2823446565623319552 roll 1
DICE 3 1 4 3 3 0 
Jibs_PC#2823446565623319552 move 8
Jibs_PC#2823446565623319552 attack 33 39
Jibs_PC#2823446565623319552 roll 3
Jibs_PC#2823446565623319552 roll 1
DICE 3 1 5 1 0 0 
Jibs_PC#2823446565623319552 move 7
Jibs_PC#2823446565623319552 attack 39 41
Jibs_PC#2823446565623319552 roll 3
Jibs_PC#2823446565623319552 roll 1
DICE 3 1 3 2 0 4 
Jibs_PC#2823446565623319552 roll 3
Jibs_PC#2823446565623319552 roll 1
DICE 3 1 2 2 0 2 
Jibs_PC#2823446565623319552 retreat
Jibs_PC#2823446565623319552 attack 39 40
Jibs_PC#2823446565623319552 roll 3
Jibs_PC#2823446565623319552 roll 1
DICE 3 1 1 1 0 2 
Jibs_PC#2823446565623319552 roll 3
Jibs_PC#2823446565623319552 roll 1
DICE 3 1 3 0 0 3 
Jibs_PC#2823446565623319552 retreat
Jibs_PC#2823446565623319552 endattack
Jibs_PC#2823446565623319552 nomove
CARD 39
Jibs_PC#2823446565623319552 placearmies 3 3
Jibs_PC#2823446565623319552 placearmies 14 1
Jibs_PC#2823446565623319552 placearmies 12 1
Jibs_PC#2823446565623319552 attack 3 7
Jibs_PC#2823446565623319552 roll 3
Jibs_PC#2823446565623319552 roll 1
DICE 3 1 5 5 2 1 
Jibs_PC#2823446565623319552 move 4
Jibs_PC#2823446565623319552 attack 12 21
Jibs_PC#2823446565623319552 roll 3
Jibs_PC#2823446565623319552 roll 2
DICE 3 2 4 4 0 3 2 
Jibs_PC#2823446565623319552 roll 3
Jibs_PC#2823446565623319552 roll 1
DICE 3 1 4 2 1 4 
Jibs_PC#2823446565623319552 roll 3
Jibs_PC#2823446565623319552 roll 1
DICE 3 1 3 1 0 3 
Jibs_PC#2823446565623319552 roll 3
Jibs_PC#2823446565623319552 roll 1
DICE 3 1 5 2 2 1 
Jibs_PC#2823446565623319552 move 4
Jibs_PC#2823446565623319552 attack 14 17
Jibs_PC#2823446565623319552 roll 3
Jibs_PC#2823446565623319552 roll 1
DICE 3 1 4 1 1 5 
Jibs_PC#2823446565623319552 roll 3
Jibs_PC#2823446565623319552 roll 1
DICE 3 1 3 2 2 5 
Jibs_PC#2823446565623319552 retreat
Jibs_PC#2823446565623319552 endattack
Jibs_PC#2823446565623319552 movearmies 11 10 1
CARD 34
Jibs_PC#2823446565623319552 placearmies 28 3
Jibs_PC#2823446565623319552 attack 28 30
Jibs_PC#2823446565623319552 roll 3
Jibs_PC#2823446565623319552 roll 1
DICE 3 1 3 3 0 2 
Jibs_PC#2823446565623319552 attack 30 32
Jibs_PC#2823446565623319552 roll 2
Jibs_PC#2823446565623319552 roll 1
DICE 2 1 1 0 4 
Jibs_PC#2823446565623319552 retreat
Jibs_PC#2823446565623319552 endattack
Jibs_PC#2823446565623319552 nomove
CARD 29
Jibs_PC#2823446565623319552 trade 41 9 24
Jibs_PC#2823446565623319552 placearmies 20 11
Jibs_PC#2823446565623319552 attack 20 21
Jibs_PC#2823446565623319552 roll 3
Jibs_PC#2823446565623319552 roll 2
DICE 3 2 5 2 0 3 1 
Jibs_PC#2823446565623319552 roll 3
Jibs_PC#2823446565623319552 roll 2
DICE 3 2 4 3 2 3 1 
Jibs_PC#2823446565623319552 move 12
Jibs_PC#2823446565623319552 attack 21 12
Jibs_PC#2823446565623319552 roll 3
Jibs_PC#2823446565623319552 roll 1
DICE 3 1 2 2 0 3 
Jibs_PC#2823446565623319552 roll 3
Jibs_PC#2823446565623319552 roll 1
DICE 3 1 3 1 0 3 
Jibs_PC#2823446565623319552 roll 3
Jibs_PC#2823446565623319552 roll 1
DICE 3 1 5 3 1 3 
Jibs_PC#2823446565623319552 move 9
Jibs_PC#2823446565623319552 attack 12 13
Jibs_PC#2823446565623319552 roll 3
Jibs_PC#2823446565623319552 roll 1
DICE 3 1 5 4 0 3 
Jibs_PC#2823446565623319552 move 8
Jibs_PC#2823446565623319552 attack 13 11
Jibs_PC#2823446565623319552 roll 3
Jibs_PC#2823446565623319552 roll 2
DICE 3 2 4 3 0 4 1 
Jibs_PC#2823446565623319552 roll 3
Jibs_PC#2823446565623319552 roll 1
DICE 3 1 5 4 3 4 
Jibs_PC#2823446565623319552 move 6
Jibs_PC#2823446565623319552 attack 11 10
Jibs_PC#2823446565623319552 roll 3
Jibs_PC#2823446565623319552 roll 2
DICE 3 2 5 5 2 1 1 
Jibs_PC#2823446565623319552 move 5
Jibs_PC#2823446565623319552 attack 10 5
Jibs_PC#2823446565623319552 roll 3
Jibs_PC#2823446565623319552 roll 2
DICE 3 2 2 1 1 4 2 
Jibs_PC#2823446565623319552 retreat
Jibs_PC#2823446565623319552 endattack
Jibs_PC#2823446565623319552 nomove
CARD 18
Jibs_PC#2823446565623319552 placearmies 39 1
Jibs_PC#2823446565623319552 placearmies 24 2
Jibs_PC#2823446565623319552 attack 24 21
Jibs_PC#2823446565623319552 roll 3
Jibs_PC#2823446565623319552 roll 1
DICE 3 1 2 0 0 0 
Jibs_PC#2823446565623319552 attack 21 12
Jibs_PC#2823446565623319552 roll 2
Jibs_PC#2823446565623319552 roll 1
DICE 2 1 4 2 0 
Jibs_PC#2823446565623319552 endattack
Jibs_PC#2823446565623319552 movearmies 12 21 1
CARD 36
Jibs_PC#2823446565623319552 placearmies 7 3
Jibs_PC#2823446565623319552 attack 7 9
Jibs_PC#2823446565623319552 roll 3
Jibs_PC#2823446565623319552 roll 2
DICE 3 2 4 2 1 4 2 
Jibs_PC#2823446565623319552 roll 3
Jibs_PC#2823446565623319552 roll 2
DICE 3 2 4 2 0 5 1 
Jibs_PC#2823446565623319552 roll 3
Jibs_PC#2823446565623319552 roll 2
DICE 3 2 4 2 0 3 2 
Jibs_PC#2823446565623319552 roll 2
Jibs_PC#2823446565623319552 roll 1
DICE 2 1 5 1 2 
Jibs_PC#2823446565623319552 endattack
Jibs_PC#2823446565623319552 movearmies 9 5 1
CARD wildcard
Jibs_PC#2823446565623319552 trade 6 40 29
Jibs_PC#2823446565623319552 placearmies 30 2
Jibs_PC#2823446565623319552 placearmies 30 5
Jibs_PC#2823446565623319552 placearmies 30 2
Jibs_PC#2823446565623319552 attack 30 31
Jibs_PC#2823446565623319552 roll 3
Jibs_PC#2823446565623319552 roll 1
DICE 3 1 4 1 1 5 
Jibs_PC#2823446565623319552 roll 3
Jibs_PC#2823446565623319552 roll 1
DICE 3 1 3 2 2 1 
Jibs_PC#2823446565623319552 move 9
Jibs_PC#2823446565623319552 attack 31 32
Jibs_PC#2823446565623319552 roll 3
Jibs_PC#2823446565623319552 roll 1
DICE 3 1 3 3 3 5 
Jibs_PC#2823446565623319552 roll 3
Jibs_PC#2823446565623319552 roll 1
DICE 3 1 3 2 1 0 
Jibs_PC#2823446565623319552 move 7
Jibs_PC#2823446565623319552 attack 32 29
Jibs_PC#2823446565623319552 roll 3
Jibs_PC#2823446565623319552 roll 2
DICE 3 2 5 4 3 5 4 
Jibs_PC#2823446565623319552 roll 3
Jibs_PC#2823446565623319552 roll 2
DICE 3 2 4 2 2 4 3 
Jibs_PC#2823446565623319552 retreat
Jibs_PC#2823446565623319552 attack 32 33
Jibs_PC#2823446565623319552 roll 2
Jibs_PC#2823446565623319552 roll 1
DICE 2 1 1 1 1 
Jibs_PC#2823446565623319552 retreat
Jibs_PC#2823446565623319552 endattack
Jibs_PC#2823446565623319552 nomove
CARD 30
Jibs_PC#2823446565623319552 placearmies 10 2
Jibs_PC#2823446565623319552 placearmies 16 2
Jibs_PC#2823446565623319552 attack 10 12
Jibs_PC#2823446565623319552 roll 3
Jibs_PC#2823446565623319552 roll 1
DICE 3 1 5 5 2 1 
Jibs_PC#2823446565623319552 move 3
Jibs_PC#2823446565623319552 attack 16 31
Jibs_PC#2823446565623319552 roll 3
Jibs_PC#2823446565623319552 roll 1
DICE 3 1 2 1 1 5 
Jibs_PC#2823446565623319552 roll 3
Jibs_PC#2823446565623319552 roll 1
DICE 3 1 1 0 0 4 
Jibs_PC#2823446565623319552 retreat
Jibs_PC#2823446565623319552 endattack
Jibs_PC#2823446565623319552 nomove
CARD 22
Jibs_PC#2823446565623319552 placearmies 21 6
Jibs_PC#2823446565623319552 attack 21 12
Jibs_PC#2823446565623319552 roll 3
Jibs_PC#2823446565623319552 roll 2
DICE 3 2 5 4 3 4 1 
Jibs_PC#2823446565623319552 roll 3
Jibs_PC#2823446565623319552 roll 1
DICE 3 1 5 4 3 2 
Jibs_PC#2823446565623319552 move 6
Jibs_PC#2823446565623319552 attack 12 13
Jibs_PC#2823446565623319552 roll 3
Jibs_PC#2823446565623319552 roll 1
DICE 3 1 2 1 0 2 
Jibs_PC#2823446565623319552 roll 3
Jibs_PC#2823446565623319552 roll 1
DICE 3 1 5 2 1 0 
Jibs_PC#2823446565623319552 move 4
Jibs_PC#2823446565623319552 attack 13 11
Jibs_PC#2823446565623319552 roll 3
Jibs_PC#2823446565623319552 roll 1
DICE 3 1 5 2 0 4 
Jibs_PC#2823446565623319552 endattack
Jibs_PC#2823446565623319552 nomove
CARD 35
Jibs_PC#2823446565623319552 trade 10 7 wildcard
Jibs_PC#2823446565623319552 placearmies 14 1
Jibs_PC#2823446565623319552 placearmies 14 8
Jibs_PC#2823446565623319552 placearmies 2 4
Jibs_PC#2823446565623319552 attack 14 17
Jibs_PC#2823446565623319552 roll 3
Jibs_PC#2823446565623319552 roll 1
DICE 3 1 0 0 0 3 
Jibs_PC#2823446565623319552 roll 3
Jibs_PC#2823446565623319552 roll 1
DICE 3 1 5 3 3 5 
Jibs_PC#2823446565623319552 roll 3
Jibs_PC#2823446565623319552 roll 1
DICE 3 1 4 3 1 1 
Jibs_PC#2823446565623319552 move 9
Jibs_PC#2823446565623319552 attack 17 19
Jibs_PC#2823446565623319552 roll 3
Jibs_PC#2823446565623319552 roll 1
DICE 3 1 5 1 0 1 
Jibs_PC#2823446565623319552 move 8
Jibs_PC#2823446565623319552 attack 19 21
Jibs_PC#2823446565623319552 roll 3
Jibs_PC#2823446565623319552 roll 2
DICE 3 2 2 0 0 4 0 
Jibs_PC#2823446565623319552 roll 3
Jibs_PC#2823446565623319552 roll 2
DICE 3 2 4 3 1 3 0 
Jibs_PC#2823446565623319552 move 5
Jibs_PC#2823446565623319552 attack 21 12
Jibs_PC#2823446565623319552 roll 3
Jibs_PC#2823446565623319552 roll 1
DICE 3 1 4 4 1 0 
Jibs_PC#2823446565623319552 move 4
Jibs_PC#2823446565623319552 attack 5 10
Jibs_PC#2823446565623319552 roll 3
Jibs_PC#2823446565623319552 roll 2
DICE 3 2 4 3 2 1 0 
Jibs_PC#2823446565623319552 attack 12 13
Jibs_PC#2823446565623319552 roll 3
Jibs_PC#2823446565623319552 roll 1
DICE 3 1 5 4 3 0 
Jibs_PC#2823446565623319552 attack 2 1
Jibs_PC#2823446565623319552 roll 3
Jibs_PC#2823446565623319552 roll 1
DICE 3 1 4 0 0 5 
Jibs_PC#2823446565623319552 roll 3
Jibs_PC#2823446565623319552 roll 1
DICE 3 1 5 1 0 1 
Jibs_PC#2823446565623319552 endattack
Jibs_PC#2823446565623319552 movearmies 7 2 1
CARD 23
Jibs_PC#2823446565623319552 placearmies 32 2
Jibs_PC#2823446565623319552 placearmies 32 1
Jibs_PC#2823446565623319552 attack 32 29
Jibs_PC#2823446565623319552 roll 3
Jibs_PC#2823446565623319552 roll 2
DICE 3 2 3 2 0 3 2 
Jibs_PC#2823446565623319552 retreat
Jibs_PC#2823446565623319552 attack 32 33
Jibs_PC#2823446565623319552 roll 2
Jibs_PC#2823446565623319552 roll 1
DICE 2 1 4 0 3 
Jibs_PC#2823446565623319552 endattack
Jibs_PC#2823446565623319552 nomove
CARD 14
Jibs_PC#2823446565623319552 placearmies 16 1
Jibs_PC#2823446565623319552 placearmies 41 2
Jibs_PC#2823446565623319552 attack 16 31
Jibs_PC#2823446565623319552 roll 3
Jibs_PC#2823446565623319552 roll 1
DICE 3 1 5 4 1 4 
Jibs_PC#2823446565623319552 endattack
Jibs_PC#2823446565623319552 movearmies 31 16 2
CARD 17
Jibs_PC#2823446565623319552 trade 28 15 35
Jibs_PC#2823446565623319552 placearmies 23 4
Jibs_PC#2823446565623319552 placearmies 39 9
Jibs_PC#2823446565623319552 attack 23 21
Jibs_PC#2823446565623319552 roll 3
Jibs_PC#2823446565623319552 roll 1
DICE 3 1 5 4 0 5 
Jibs_PC#2823446565623319552 roll 3
Jibs_PC#2823446565623319552 roll 1
DICE 3 1 4 3 1 4 
Jibs_PC#2823446565623319552 roll 2
Jibs_PC#2823446565623319552 roll 1
DICE 2 1 5 5 5 
Jibs_PC#2823446565623319552 retreat
Jibs_PC#2823446565623319552 attack 39 40
Jibs_PC#2823446565623319552 roll 3
Jibs_PC#2823446565623319552 roll 1
DICE 3 1 5 3 0 1 
Jibs_PC#2823446565623319552 move 12
Jibs_PC#2823446565623319552 attack 40 42
Jibs_PC#2823446565623319552 roll 3
Jibs_PC#2823446565623319552 roll 1
DICE 3 1 4 2 2 1 
Jibs_PC#2823446565623319552 move 11
Jibs_PC#2823446565623319552 attack 42 41
Jibs_PC#2823446565623319552 roll 3
Jibs_PC#2823446565623319552 roll 2
DICE 3 2 5 4 2 3 0 
Jibs_PC#2823446565623319552 roll 3
Jibs_PC#2823446565623319552 roll 2
DICE 3 2 2 0 0 1 0 
Jibs_PC#2823446565623319552 roll 3
Jibs_PC#2823446565623319552 roll 2
DICE 3 2 5 4 4 5 0 
Jibs_PC#2823446565623319552 roll 3
Jibs_PC#2823446565623319552 roll 1
DICE 3 1 3 1 0 3 
Jibs_PC#2823446565623319552 roll 3
Jibs_PC#2823446565623319552 roll 1
DICE 3 1 4 4 0 4 
Jibs_PC#2823446565623319552 roll 3
Jibs_PC#2823446565623319552 roll 1
DICE 3 1 3 3 1 3 
Jibs_PC#2823446565623319552 roll 3
Jibs_PC#2823446565623319552 roll 1
DICE 3 1 5 1 0 4 
Jibs_PC#2823446565623319552 move 3
Jibs_PC#2823446565623319552 attack 11 12
Jibs_PC#2823446565623319552 roll 2
Jibs_PC#2823446565623319552 roll 1
DICE 2 1 5 2 0 
Jibs_PC#2823446565623319552 endattack
Jibs_PC#2823446565623319552 movearmies 41 39 2
CARD 20
Jibs_PC#2823446565623319552 placearmies 10 6
Jibs_PC#2823446565623319552 placearmies 14 1
Jibs_PC#2823446565623319552 placearmies 10 2
Jibs_PC#2823446565623319552 placearmies 1 1
Jibs_PC#2823446565623319552 attack 10 11
Jibs_PC#2823446565623319552 roll 3
Jibs_PC#2823446565623319552 roll 1
DICE 3 1 3 2 1 5 
Jibs_PC#2823446565623319552 roll 3
Jibs_PC#2823446565623319552 roll 1
DICE 3 1 5 4 1 2 
Jibs_PC#2823446565623319552 move 6
Jibs_PC#2823446565623319552 attack 11 12
Jibs_PC#2823446565623319552 roll 3
Jibs_PC#2823446565623319552 roll 2
DICE 3 2 5 4 2 5 2 
Jibs_PC#2823446565623319552 roll 3
Jibs_PC#2823446565623319552 roll 1
DICE 3 1 2 2 1 5 
Jibs_PC#2823446565623319552 retreat
Jibs_PC#2823446565623319552 attack 13 12
Jibs_PC#2823446565623319552 roll 2
Jibs_PC#2823446565623319552 roll 1
DICE 2 1 3 1 0 
Jibs_PC#2823446565623319552 endattack
Jibs_PC#2823446565623319552 movearmies 12 21 1
CARD 37
Jibs_PC#2823446565623319552 placearmies 30 3
Jibs_PC#2823446565623319552 attack 30 29
Jibs_PC#2823446565623319552 roll 3
Jibs_PC#2823446565623319552 roll 2
DICE 3 2 5 5 1 5 2 
Jibs_PC#2823446565623319552 roll 2
Jibs_PC#2823446565623319552 roll 1
DICE 2 1 4 1 1 
Jibs_PC#2823446565623319552 endattack
Jibs_PC#2823446565623319552 movearmies 29 28 1
CARD 5
Jibs_PC#2823446565623319552 placearmies 16 1
Jibs_PC#2823446565623319552 placearmies 15 2
Jibs_PC#2823446565623319552 attack 15 17
Jibs_PC#2823446565623319552 roll 2
Jibs_PC#2823446565623319552 roll 1
DICE 2 1 5 5 5 
Jibs_PC#2823446565623319552 retreat
Jibs_PC#2823446565623319552 attack 16 30
Jibs_PC#2823446565623319552 roll 3
Jibs_PC#2823446565623319552 roll 1
DICE 3 1 3 1 1 1 
Jibs_PC#2823446565623319552 endattack
Jibs_PC#2823446565623319552 movearmies 30 16 2
CARD 41
Jibs_PC#2823446565623319552 placearmies 39 2
Jibs_PC#2823446565623319552 placearmies 23 3
Jibs_PC#2823446565623319552 attack 23 21
Jibs_PC#2823446565623319552 roll 3
Jibs_PC#2823446565623319552 roll 2
DICE 3 2 5 1 1 3 2 
Jibs_PC#2823446565623319552 roll 3
Jibs_PC#2823446565623319552 roll 1
DICE 3 1 1 1 1 4 
Jibs_PC#2823446565623319552 roll 2
Jibs_PC#2823446565623319552 roll 1
DICE 2 1 5 1 3 
Jibs_PC#2823446565623319552 endattack
Jibs_PC#2823446565623319552 movearmies 42 40 1
CARD 28
Jibs_PC#2823446565623319552 trade 33 34 37
Jibs_PC#2823446565623319552 placearmies 17 18
Jibs_PC#2823446565623319552 placearmies 19 4
Jibs_PC#2823446565623319552 attack 17 18
Jibs_PC#2823446565623319552 roll 3
Jibs_PC#2823446565623319552 roll 1
DICE 3 1 5 2 1 5 
Jibs_PC#2823446565623319552 roll 3
Jibs_PC#2823446565623319552 roll 1
DICE 3 1 3 2 1 5 
Jibs_PC#2823446565623319552 roll 3
Jibs_PC#2823446565623319552 roll 1
DICE 3 1 3 1 0 4 
Jibs_PC#2823446565623319552 roll 3
Jibs_PC#2823446565623319552 roll 1
DICE 3 1 4 2 1 2 
Jibs_PC#2823446565623319552 move 15
Jibs_PC#2823446565623319552 attack 19 20
Jibs_PC#2823446565623319552 roll 3
Jibs_PC#2823446565623319552 roll 1
DICE 3 1 5 2 1 5 
Jibs_PC#2823446565623319552 roll 3
Jibs_PC#2823446565623319552 roll 1
DICE 3 1 4 1 0 4 
Jibs_PC#2823446565623319552 roll 2
Jibs_PC#2823446565623319552 roll 1
DICE 2 1 0 0 3 
Jibs_PC#2823446565623319552 retreat
Jibs_PC#2823446565623319552 attack 18 20
Jibs_PC#2823446565623319552 roll 3
Jibs_PC#2823446565623319552 roll 1
DICE 3 1 5 4 3 0 
Jibs_PC#2823446565623319552 move 14
Jibs_PC#2823446565623319552 attack 20 21
Jibs_PC#2823446565623319552 roll 3
Jibs_PC#2823446565623319552 roll 2
DICE 3 2 1 1 0 2 0 
Jibs_PC#2823446565623319552 roll 3
Jibs_PC#2823446565623319552 roll 1
DICE 3 1 5 1 0 5 
Jibs_PC#2823446565623319552 roll 3
Jibs_PC#2823446565623319552 roll 1
DICE 3 1 3 1 0 5 
Jibs_PC#2823446565623319552 roll 3
Jibs_PC#2823446565623319552 roll 1
DICE 3 1 5 4 2 3 
Jibs_PC#2823446565623319552 move 10
Jibs_PC#2823446565623319552 attack 21 24
Jibs_PC#2823446565623319552 roll 3
Jibs_PC#2823446565623319552 roll 1
DICE 3 1 4 2 0 4 
Jibs_PC#2823446565623319552 roll 3
Jibs_PC#2823446565623319552 roll 1
DICE 3 1 4 2 1 4 
Jibs_PC#2823446565623319552 roll 3
Jibs_PC#2823446565623319552 roll 1
DICE 3 1 2 2 0 5 
Jibs_PC#2823446565623319552 roll 3
Jibs_PC#2823446565623319552 roll 1
DICE 3 1 3 3 0 2 
Jibs_PC#2823446565623319552 move 5
Jibs_PC#2823446565623319552 attack 24 26
Jibs_PC#2823446565623319552 roll 3
Jibs_PC#2823446565623319552 roll 1
DICE 3 1 5 5 0 0 
Jibs_PC#2823446565623319552 move 4
Jibs_PC#2823446565623319552 attack 26 25
Jibs_PC#2823446565623319552 roll 3
Jibs_PC#2823446565623319552 roll 1
DICE 3 1 1 1 0 5 
Jibs_PC#2823446565623319552 roll 2
Jibs_PC#2823446565623319552 roll 1
DICE 2 1 5 1 0 
Jibs_PC#2823446565623319552 endattack
Jibs_PC#2823446565623319552 movearmies 19 21 1
CARD 21
Jibs_PC#2823446565623319552 trade 27 30 5
Jibs_PC#2823446565623319552 placearmies 38 8
Jibs_PC#2823446565623319552 placearmies 28 5
Jibs_PC#2823446565623319552 attack 38 1
Jibs_PC#2823446565623319552 roll 3
Jibs_PC#2823446565623319552 roll 2
DICE 3 2 4 3 1 3 3 
Jibs_PC#2823446565623319552 roll 3
Jibs_PC#2823446565623319552 roll 2
DICE 3 2 4 2 1 2 1 
Jibs_PC#2823446565623319552 roll 3
Jibs_PC#2823446565623319552 roll 1
DICE 3 1 5 4 0 0 
Jibs_PC#2823446565623319552 move 7
Jibs_PC#2823446565623319552 attack 28 30
Jibs_PC#2823446565623319552 roll 3
Jibs_PC#2823446565623319552 roll 1
DICE 3 1 4 1 1 4 
Jibs_PC#2823446565623319552 roll 3
Jibs_PC#2823446565623319552 roll 1
DICE 3 1 4 1 1 2 
Jibs_PC#2823446565623319552 move 5
Jibs_PC#2823446565623319552 attack 30 31
Jibs_PC#2823446565623319552 roll 3
Jibs_PC#2823446565623319552 roll 1
DICE 3 1 5 5 0 0 
Jibs_PC#2823446565623319552 move 3
Jibs_PC#2823446565623319552 attack 1 3
Jibs_PC#2823446565623319552 roll 3
Jibs_PC#2823446565623319552 roll 1
DICE 3 1 2 0 0 5 
Jibs_PC#2823446565623319552 roll 3
Jibs_PC#2823446565623319552 roll 1
DICE 3 1 1 0 0 4 
Jibs_PC#2823446565623319552 roll 3
Jibs_PC#2823446565623319552 roll 1
DICE 3 1 5 2 1 4 
Jibs_PC#2823446565623319552 move 3
Jibs_PC#2823446565623319552 endattack
Jibs_PC#2823446565623319552 movearmies 3 1 2
CARD 32
Jibs_PC#2823446565623319552 trade 18 22 41
Jibs_PC#2823446565623319552 placearmies 16 1
Jibs_PC#2823446565623319552 placearmies 16 11
Jibs_PC#2823446565623319552 placearmies 16 1
Jibs_PC#2823446565623319552 attack 16 28
Jibs_PC#2823446565623319552 roll 3
Jibs_PC#2823446565623319552 roll 1
DICE 3 1 4 1 1 0 
Jibs_PC#2823446565623319552 move 15
Jibs_PC#2823446565623319552 attack 28 29
Jibs_PC#2823446565623319552 roll 3
Jibs_PC#2823446565623319552 roll 1
DICE 3 1 5 1 0 2 
Jibs_PC#2823446565623319552 move 14
Jibs_PC#2823446565623319552 attack 29 33
Jibs_PC#2823446565623319552 roll 3
Jibs_PC#2823446565623319552 roll 2
DICE 3 2 5 5 0 3 0 
Jibs_PC#2823446565623319552 move 13
Jibs_PC#2823446565623319552 attack 33 39
Jibs_PC#2823446565623319552 roll 3
Jibs_PC#2823446565623319552 roll 2
DICE 3 2 5 5 0 5 5 
Jibs_PC#2823446565623319552 roll 3
Jibs_PC#2823446565623319552 roll 2
DICE 3 2 5 1 0 2 0 
Jibs_PC#2823446565623319552 roll 3
Jibs_PC#2823446565623319552 roll 2
DICE 3 2 4 1 1 5 1 
Jibs_PC#2823446565623319552 roll 3
Jibs_PC#2823446565623319552 roll 2
DICE 3 2 5 1 0 5 4 
Jibs_PC#2823446565623319552 roll 3
Jibs_PC#2823446565623319552 roll 2
DICE 3 2 4 1 0 4 0 
Jibs_PC#2823446565623319552 retreat
Jibs_PC#2823446565623319552 endattack
Jibs_PC#2823446565623319552 nomove
CARD 9
Jibs_PC#2823446565623319552 trade 39 20 28
Jibs_PC#2823446565623319552 placearmies 23 3
Jibs_PC#2823446565623319552 placearmies 39 2
Jibs_PC#2823446565623319552 placearmies 23 6
Jibs_PC#2823446565623319552 attack 23 21
Jibs_PC#2823446565623319552 roll 3
Jibs_PC#2823446565623319552 roll 2
DICE 3 2 5 4 2 5 3 
Jibs_PC#2823446565623319552 roll 3
Jibs_PC#2823446565623319552 roll 2
DICE 3 2 5 3 2 3 2 
Jibs_PC#2823446565623319552 move 8
Jibs_PC#2823446565623319552 attack 21 12
Jibs_PC#2823446565623319552 roll 3
Jibs_PC#2823446565623319552 roll 1
DICE 3 1 4 3 2 0 
Jibs_PC#2823446565623319552 move 7
Jibs_PC#2823446565623319552 attack 12 10
Jibs_PC#2823446565623319552 roll 3
Jibs_PC#2823446565623319552 roll 2
DICE 3 2 4 2 1 4 0 
Jibs_PC#2823446565623319552 roll 3
Jibs_PC#2823446565623319552 roll 2
DICE 3 2 5 4 2 2 0 
Jibs_PC#2823446565623319552 retreat
Jibs_PC#2823446565623319552 attack 12 13
Jibs_PC#2823446565623319552 roll 3
Jibs_PC#2823446565623319552 roll 1
DICE 3 1 3 2 0 0 
Jibs_PC#2823446565623319552 move 5
Jibs_PC#2823446565623319552 attack 13 11
Jibs_PC#2823446565623319552 roll 3
Jibs_PC#2823446565623319552 roll 2
DICE 3 2 5 4 3 4 0 
Jibs_PC#2823446565623319552 roll 3
Jibs_PC#2823446565623319552 roll 2
DICE 3 2 0 0 0 3 2 
Jibs_PC#2823446565623319552 retreat
Jibs_PC#2823446565623319552 attack 39 33
Jibs_PC#2823446565623319552 roll 3
Jibs_PC#2823446565623319552 roll 2
DICE 3 2 5 4 0 5 1 
Jibs_PC#2823446565623319552 roll 3
Jibs_PC#2823446565623319552 roll 2
DICE 3 2 4 4 3 3 1 
Jibs_PC#2823446565623319552 roll 3
Jibs_PC#2823446565623319552 roll 2
DICE 3 2 5 3 2 1 0 
Jibs_PC#2823446565623319552 roll 3
Jibs_PC#2823446565623319552 roll 1
DICE 3 1 5 5 4 1 
Jibs_PC#2823446565623319552 move 4
Jibs_PC#2823446565623319552 endattack
Jibs_PC#2823446565623319552 nomove
CARD 24
Jibs_PC#2823446565623319552 placearmies 11 3
Jibs_PC#2823446565623319552 placearmies 2 2
Jibs_PC#2823446565623319552 attack 11 12
Jibs_PC#2823446565623319552 roll 3
Jibs_PC#2823446565623319552 roll 1
DICE 3 1 5 3 0 0 
Jibs_PC#2823446565623319552 move 4
Jibs_PC#2823446565623319552 attack 2 3
Jibs_PC#2823446565623319552 roll 3
Jibs_PC#2823446565623319552 roll 1
DICE 3 1 2 1 0 3 
Jibs_PC#2823446565623319552 roll 2
Jibs_PC#2823446565623319552 roll 1
DICE 2 1 1 0 0 
Jibs_PC#2823446565623319552 attack 12 21
Jibs_PC#2823446565623319552 roll 3
Jibs_PC#2823446565623319552 roll 1
DICE 3 1 4 4 1 0 
Jibs_PC#2823446565623319552 attack 21 23
Jibs_PC#2823446565623319552 roll 2
Jibs_PC#2823446565623319552 roll 1
DICE 2 1 2 1 2 
Jibs_PC#2823446565623319552 retreat
Jibs_PC#2823446565623319552 endattack
Jibs_PC#2823446565623319552 movearmies 7 3 1
CARD 2
Jibs_PC#2823446565623319552 placearmies 27 2
Jibs_PC#2823446565623319552 placearmies 1 1
Jibs_PC#2823446565623319552 attack 27 29
Jibs_PC#2823446565623319552 roll 3
Jibs_PC#2823446565623319552 roll 1
DICE 3 1 4 3 0 3 
Jibs_PC#2823446565623319552 move 4
Jibs_PC#2823446565623319552 attack 29 28
Jibs_PC#2823446565623319552 roll 3
Jibs_PC#2823446565623319552 roll 1
DICE 3 1 4 2 0 5 
Jibs_PC#2823446565623319552 roll 2
Jibs_PC#2823446565623319552 roll 1
DICE 2 1 4 2 0 
Jibs_PC#2823446565623319552 attack 1 2
Jibs_PC#2823446565623319552 roll 3
Jibs_PC#2823446565623319552 roll 1
DICE 3 1 5 1 1 0 
Jibs_PC#2823446565623319552 move 4
Jibs_PC#2823446565623319552 attack 2 7
Jibs_PC#2823446565623319552 roll 3
Jibs_PC#2823446565623319552 roll 1
DICE 3 1 4 1 0 3 
Jibs_PC#2823446565623319552 attack 7 9
Jibs_PC#2823446565623319552 roll 2
Jibs_PC#2823446565623319552 roll 1
DICE 2 1 2 1 2 
Jibs_PC#2823446565623319552 retreat
Jibs_PC#2823446565623319552 endattack
Jibs_PC#2823446565623319552 nomove
CARD 31
Jibs_PC#2823446565623319552 placearmies 15 2
Jibs_PC#2823446565623319552 placearmies 15 1
Jibs_PC#2823446565623319552 attack 15 14
Jibs_PC#2823446565623319552 roll 3
Jibs_PC#2823446565623319552 roll 2
DICE 3 2 4 4 2 5 1 
Jibs_PC#2823446565623319552 roll 3
Jibs_PC#2823446565623319552 roll 1
DICE 3 1 4 4 0 0 
Jibs_PC#2823446565623319552 endattack
Jibs_PC#2823446565623319552 nomove
CARD 25
Jibs_PC#2823446565623319552 placearmies 13 5
Jibs_PC#2823446565623319552 attack 13 12
Jibs_PC#2823446565623319552 roll 3
Jibs_PC#2823446565623319552 roll 1
DICE 3 1 3 2 0 0 
Jibs_PC#2823446565623319552 move 7
Jibs_PC#2823446565623319552 attack 12 21
Jibs_PC#2823446565623319552 roll 3
Jibs_PC#2823446565623319552 roll 2
DICE 3 2 4 4 3 2 1 
Jibs_PC#2823446565623319552 move 6
Jibs_PC#2823446565623319552 attack 21 24
Jibs_PC#2823446565623319552 roll 3
Jibs_PC#2823446565623319552 roll 1
DICE 3 1 4 2 2 2 
Jibs_PC#2823446565623319552 move 5
Jibs_PC#2823446565623319552 attack 24 26
Jibs_PC#2823446565623319552 roll 3
Jibs_PC#2823446565623319552 roll 1
DICE 3 1 2 1 0 1 
Jibs_PC#2823446565623319552 move 4
Jibs_PC#2823446565623319552 attack 26 25
Jibs_PC#2823446565623319552 roll 3
Jibs_PC#2823446565623319552 roll 2
DICE 3 2 3 0 0 5 2 
Jibs_PC#2823446565623319552 retreat
Jibs_PC#2823446565623319552 endattack
Jibs_PC#2823446565623319552 nomove
CARD 16
Jibs_PC#2823446565623319552 trade 23 21 2
Jibs_PC#2823446565623319552 placearmies 18 13
Jibs_PC#2823446565623319552 placearmies 18 1
Jibs_PC#2823446565623319552 attack 18 16
Jibs_PC#2823446565623319552 roll 3
Jibs_PC#2823446565623319552 roll 1
DICE 3 1 3 1 1 2 
Jibs_PC#2823446565623319552 move 14
Jibs_PC#2823446565623319552 attack 16 15
Jibs_PC#2823446565623319552 roll 3
Jibs_PC#2823446565623319552 roll 1
DICE 3 1 5 5 4 1 
Jibs_PC#2823446565623319552 move 8
Jibs_PC#2823446565623319552 attack 15 14
Jibs_PC#2823446565623319552 roll 3
Jibs_PC#2823446565623319552 roll 2
DICE 3 2 4 3 3 5 4 
Jibs_PC#2823446565623319552 roll 3
Jibs_PC#2823446565623319552 roll 2
DICE 3 2 3 3 1 1 0 
Jibs_PC#2823446565623319552 roll 3
Jibs_PC#2823446565623319552 roll 1
DICE 3 1 3 2 1 3 
Jibs_PC#2823446565623319552 roll 3
Jibs_PC#2823446565623319552 roll 1
DICE 3 1 5 4 3 0 
Jibs_PC#2823446565623319552 move 3
Jibs_PC#2823446565623319552 attack 3 2
Jibs_PC#2823446565623319552 roll 2
Jibs_PC#2823446565623319552 roll 1
DICE 2 1 4 0 1 
Jibs_PC#2823446565623319552 attack 16 30
Jibs_PC#2823446565623319552 roll 3
Jibs_PC#2823446565623319552 roll 2
DICE 3 2 4 4 1 4 1 
Jibs_PC#2823446565623319552 roll 3
Jibs_PC#2823446565623319552 roll 1
DICE 3 1 4 3 1 3 
Jibs_PC#2823446565623319552 move 3
Jibs_PC#2823446565623319552 endattack
Jibs_PC#2823446565623319552 movearmies 30 16 2
CARD 11
Jibs_PC#2823446565623319552 placearmies 31 2
Jibs_PC#2823446565623319552 placearmies 7 2
Jibs_PC#2823446565623319552 attack 31 20
Jibs_PC#2823446565623319552 roll 3
Jibs_PC#2823446565623319552 roll 1
DICE 3 1 5 5 0 5 
Jibs_PC#2823446565623319552 roll 3
Jibs_PC#2823446565623319552 roll 1
DICE 3 1 5 3 1 1 
Jibs_PC#2823446565623319552 attack 7 9
Jibs_PC#2823446565623319552 roll 3
Jibs_PC#2823446565623319552 roll 1
DICE 3 1 5 4 0 0 
Jibs_PC#2823446565623319552 endattack
Jibs_PC#2823446565623319552 nomove
CARD 19
Jibs_PC#2823446565623319552 trade 36 24 16
Jibs_PC#2823446565623319552 placearmies 24 3
Jibs_PC#2823446565623319552 placearmies 13 7
Jibs_PC#2823446565623319552 placearmies 33 4
Jibs_PC#2823446565623319552 attack 24 25
Jibs_PC#2823446565623319552 roll 3
Jibs_PC#2823446565623319552 roll 2
DICE 3 2 4 2 1 5 2 
Jibs_PC#2823446565623319552 roll 3
Jibs_PC#2823446565623319552 roll 2
DICE 3 2 4 3 3 5 2 
Jibs_PC#2823446565623319552 roll 2
Jibs_PC#2823446565623319552 roll 1
DICE 2 1 5 3 4 
Jibs_PC#2823446565623319552 attack 13 11
Jibs_PC#2823446565623319552 roll 3
Jibs_PC#2823446565623319552 roll 1
DICE 3 1 4 4 0 3 
Jibs_PC#2823446565623319552 move 7
Jibs_PC#2823446565623319552 attack 11 10
Jibs_PC#2823446565623319552 roll 3
Jibs_PC#2823446565623319552 roll 1
DICE 3 1 5 2 0 3 
Jibs_PC#2823446565623319552 move 6
Jibs_PC#2823446565623319552 attack 33 32
Jibs_PC#2823446565623319552 roll 3
Jibs_PC#2823446565623319552 roll 1
DICE 3 1 2 1 0 2 
Jibs_PC#2823446565623319552 roll 3
Jibs_PC#2823446565623319552 roll 1
DICE 3 1 5 3 2 0 
Jibs_PC#2823446565623319552 move 5
Jibs_PC#2823446565623319552 attack 10 5
Jibs_PC#2823446565623319552 roll 3
Jibs_PC#2823446565623319552 roll 1
DICE 3 1 4 3 2 2 
Jibs_PC#2823446565623319552 move 5
Jibs_PC#2823446565623319552 attack 32 31
Jibs_PC#2823446565623319552 roll 3
Jibs_PC#2823446565623319552 roll 1
DICE 3 1 3 3 3 1 
Jibs_PC#2823446565623319552 move 4
Jibs_PC#2823446565623319552 attack 5 4
Jibs_PC#2823446565623319552 roll 3
Jibs_PC#2823446565623319552 roll 1
DICE 3 1 3 1 0 0 
Jibs_PC#2823446565623319552 move 3
Jibs_PC#2823446565623319552 endattack
Jibs_PC#2823446565623319552 movearmies 4 5 2
CARD 4
Jibs_PC#2823446565623319552 placearmies 16 1
Jibs_PC#2823446565623319552 placearmies 16 2
Jibs_PC#2823446565623319552 attack 16 20
Jibs_PC#2823446565623319552 roll 3
Jibs_PC#2823446565623319552 roll 2
DICE 3 2 5 1 0 3 2 
Jibs_PC#2823446565623319552 roll 3
Jibs_PC#2823446565623319552 roll 2
DICE 3 2 4 1 1 4 3 
Jibs_PC#2823446565623319552 roll 3
Jibs_PC#2823446565623319552 roll 2
DICE 3 2 3 2 0 5 0 
Jibs_PC#2823446565623319552 roll 2
Jibs_PC#2823446565623319552 roll 1
DICE 2 1 4 1 3 
Jibs_PC#2823446565623319552 endattack
Jibs_PC#2823446565623319552 movearmies 2 6 1
CARD 1
Jibs_PC#2823446565623319552 trade 14 32 19
Jibs_PC#2823446565623319552 placearmies 9 1
Jibs_PC#2823446565623319552 placearmies 28 3
Jibs_PC#2823446565623319552 placearmies 9 1
Jibs_PC#2823446565623319552 placearmies 28 2
Jibs_PC#2823446565623319552 attack 28 30
Jibs_PC#2823446565623319552 roll 3
Jibs_PC#2823446565623319552 roll 1
DICE 3 1 3 2 0 0 
Jibs_PC#2823446565623319552 move 6
Jibs_PC#2823446565623319552 attack 30 31
Jibs_PC#2823446565623319552 roll 3
Jibs_PC#2823446565623319552 roll 2
DICE 3 2 5 1 0 5 4 
Jibs_PC#2823446565623319552 roll 3
Jibs_PC#2823446565623319552 roll 2
DICE 3 2 4 3 3 2 0 
Jibs_PC#2823446565623319552 roll 3
Jibs_PC#2823446565623319552 roll 2
DICE 3 2 5 5 2 4 3 
Jibs_PC#2823446565623319552 attack 31 22
Jibs_PC#2823446565623319552 roll 2
Jibs_PC#2823446565623319552 roll 1
DICE 2 1 3 2 5 
Jibs_PC#2823446565623319552 retreat
Jibs_PC#2823446565623319552 attack 9 4
Jibs_PC#2823446565623319552 roll 3
Jibs_PC#2823446565623319552 roll 1
DICE 3 1 1 0 0 0 
Jibs_PC#2823446565623319552 move 4
Jibs_PC#2823446565623319552 endattack
Jibs_PC#2823446565623319552 nomove
CARD 10
Jibs_PC#2823446565623319552 placearmies 33 12
Jibs_PC#2823446565623319552 attack 33 29
Jibs_PC#2823446565623319552 roll 3
Jibs_PC#2823446565623319552 roll 1
DICE 3 1 5 1 0 3 
Jibs_PC#2823446565623319552 move 13
Jibs_PC#2823446565623319552 attack 29 28
Jibs_PC#2823446565623319552 roll 3
Jibs_PC#2823446565623319552 roll 1
DICE 3 1 4 4 1 4 
Jibs_PC#2823446565623319552 roll 3
Jibs_PC#2823446565623319552 roll 1
DICE 3 1 4 1 0 0 
Jibs_PC#2823446565623319552 move 10
Jibs_PC#2823446565623319552 attack 28 16
Jibs_PC#2823446565623319552 roll 3
Jibs_PC#2823446565623319552 roll 1
DICE 3 1 3 2 1 4 
Jibs_PC#2823446565623319552 roll 3
Jibs_PC#2823446565623319552 roll 1
DICE 3 1 5 5 3 4 
Jibs_PC#2823446565623319552 move 8
Jibs_PC#2823446565623319552 attack 16 31
Jibs_PC#2823446565623319552 roll 3
Jibs_PC#2823446565623319552 roll 2
DICE 3 2 1 1 0 5 1 
Jibs_PC#2823446565623319552 roll 3
Jibs_PC#2823446565623319552 roll 2
DICE 3 2 3 2 1 5 1 
Jibs_PC#2823446565623319552 roll 3
Jibs_PC#2823446565623319552 roll 1
DICE 3 1 3 3 2 0 
Jibs_PC#2823446565623319552 move 4
Jibs_PC#2823446565623319552 endattack
Jibs_PC#2823446565623319552 movearmies 31 22 3
CARD 40
Jibs_PC#2823446565623319552 trade 17 9 1
Jibs_PC#2823446565623319552 placearmies 20 6
Jibs_PC#2823446565623319552 placearmies 20 6
Jibs_PC#2823446565623319552 placearmies 3 1
Jibs_PC#2823446565623319552 attack 20 21
Jibs_PC#2823446565623319552 roll 3
Jibs_PC#2823446565623319552 roll 1
DICE 3 1 4 2 1 3 
Jibs_PC#2823446565623319552 move 13
Jibs_PC#2823446565623319552 attack 21 12
Jibs_PC#2823446565623319552 roll 3
Jibs_PC#2823446565623319552 roll 1
DICE 3 1 5 3 0 1 
Jibs_PC#2823446565623319552 move 12
Jibs_PC#2823446565623319552 attack 12 13
Jibs_PC#2823446565623319552 roll 3
Jibs_PC#2823446565623319552 roll 1
DICE 3 1 5 4 3 0 
Jibs_PC#2823446565623319552 move 11
Jibs_PC#2823446565623319552 attack 13 11
Jibs_PC#2823446565623319552 roll 3
Jibs_PC#2823446565623319552 roll 1
DICE 3 1 3 1 1 3 
Jibs_PC#2823446565623319552 roll 3
Jibs_PC#2823446565623319552 roll 1
DICE 3 1 5 4 2 1 
Jibs_PC#2823446565623319552 move 9
Jibs_PC#2823446565623319552 attack 11 10
Jibs_PC#2823446565623319552 roll 3
Jibs_PC#2823446565623319552 roll 1
DICE 3 1 4 3 2 3 
Jibs_PC#2823446565623319552 move 8
Jibs_PC#2823446565623319552 attack 10 5
Jibs_PC#2823446565623319552 roll 3
Jibs_PC#2823446565623319552 roll 2
DICE 3 2 2 1 0 5 1 
Jibs_PC#2823446565623319552 roll 3
Jibs_PC#2823446565623319552 roll 2
DICE 3 2 5 2 1 1 0 
Jibs_PC#2823446565623319552 roll 3
Jibs_PC#2823446565623319552 roll 2
DICE 3 2 4 2 1 2 2 
Jibs_PC#2823446565623319552 roll 3
Jibs_PC#2823446565623319552 roll 1
DICE 3 1 4 1 0 1 
Jibs_PC#2823446565623319552 move 4
Jibs_PC#2823446565623319552 attack 5 9
Jibs_PC#2823446565623319552 roll 3
Jibs_PC#2823446565623319552 roll 1
DICE 3 1 5 3 1 4 
Jibs_PC#2823446565623319552 attack 9 7
Jibs_PC#2823446565623319552 roll 2
Jibs_PC#2823446565623319552 roll 1
DICE 2 1 3 2 3 
Jibs_PC#2823446565623319552 retreat
Jibs_PC#2823446565623319552 endattack
Jibs_PC#2823446565623319552 movearmies 9 5 1
CARD 15
Jibs_PC#2823446565623319552 trade 8 31 10
Jibs_PC#2823446565623319552 placearmies 4 11
Jibs_PC#2823446565623319552 attack 4 5
Jibs_PC#2823446565623319552 roll 3
Jibs_PC#2823446565623319552 roll 2
DICE 3 2 5 4 2 5 3 
Jibs_PC#2823446565623319552 roll 3
Jibs_PC#2823446565623319552 roll 1
DICE 3 1 4 4 3 4 
Jibs_PC#2823446565623319552 roll 3
Jibs_PC#2823446565623319552 roll 1
DICE 3 1 4 2 1 3 
Jibs_PC#2823446565623319552 move 12
Jibs_PC#2823446565623319552 attack 5 10
Jibs_PC#2823446565623319552 roll 3
Jibs_PC#2823446565623319552 roll 1
DICE 3 1 2 2 1 1 
Jibs_PC#2823446565623319552 move 11
Jibs_PC#2823446565623319552 attack 10 12
Jibs_PC#2823446565623319552 roll 3
Jibs_PC#2823446565623319552 roll 1
DICE 3 1 4 3 0 5 
Jibs_PC#2823446565623319552 roll 3
Jibs_PC#2823446565623319552 roll 1
DICE 3 1 4 1 0 0 
Jibs_PC#2823446565623319552 move 9
Jibs_PC#2823446565623319552 attack 12 13
Jibs_PC#2823446565623319552 roll 3
Jibs_PC#2823446565623319552 roll 1
DICE 3 1 1 1 1 1 
Jibs_PC#2823446565623319552 roll 3
Jibs_PC#2823446565623319552 roll 1
DICE 3 1 5 3 0 1 
Jibs_PC#2823446565623319552 move 5
Jibs_PC#2823446565623319552 attack 13 11
Jibs_PC#2823446565623319552 roll 3
Jibs_PC#2823446565623319552 roll 1
DICE 3 1 4 3 0 1 
Jibs_PC#2823446565623319552 move 3
Jibs_PC#2823446565623319552 endattack
Jibs_PC#2823446565623319552 movearmies 13 12 1
CARD 3
Jibs_PC#2823446565623319552 placearmies 22 1
Jibs_PC#2823446565623319552 placearmies 32 1
Jibs_PC#2823446565623319552 placearmies 29 5
Jibs_PC#2823446565623319552 attack 22 21
Jibs_PC#2823446565623319552 roll 3
Jibs_PC#2823446565623319552 roll 1
DICE 3 1 4 4 1 0 
Jibs_PC#2823446565623319552 move 3
Jibs_PC#2823446565623319552 attack 29 36
Jibs_PC#2823446565623319552 roll 3
Jibs_PC#2823446565623319552 roll 1
DICE 3 1 4 2 1 1 
Jibs_PC#2823446565623319552 move 5
Jibs_PC#2823446565623319552 attack 36 38
Jibs_PC#2823446565623319552 roll 3
Jibs_PC#2823446565623319552 roll 1
DICE 3 1 5 3 2 4 
Jibs_PC#2823446565623319552 move 4
Jibs_PC#2823446565623319552 attack 38 37
Jibs_PC#2823446565623319552 roll 3
Jibs_PC#2823446565623319552 roll 1
DICE 3 1 5 1 0 1 
Jibs_PC#2823446565623319552 endattack
Jibs_PC#2823446565623319552 movearmies 37 36 2
CARD 42
Jibs_PC#2823446565623319552 placearmies 15 3
Jibs_PC#2823446565623319552 attack 15 16
Jibs_PC#2823446565623319552 roll 3
Jibs_PC#2823446565623319552 roll 1
DICE 3 1 4 1 1 1 
Jibs_PC#2823446565623319552 move 4
Jibs_PC#2823446565623319552 endattack
Jibs_PC#2823446565623319552 movearmies 14 6 2
CARD wildcard
Jibs_PC#2823446565623319552 placearmies 7 3
Jibs_PC#2823446565623319552 placearmies 5 1
Jibs_PC#2823446565623319552 placearmies 7 1
Jibs_PC#2823446565623319552 placearmies 30 1
Jibs_PC#2823446565623319552 attack 7 9
Jibs_PC#2823446565623319552 roll 3
Jibs_PC#2823446565623319552 roll 1
DICE 3 1 3 2 1 5 
Jibs_PC#2823446565623319552 roll 3
Jibs_PC#2823446565623319552 roll 1
DICE 3 1 4 1 1 2 
Jibs_PC#2823446565623319552 endattack
Jibs_PC#2823446565623319552 movearmies 11 12 2
CARD 26
Jibs_PC#2823446565623319552 placearmies 36 8
Jibs_PC#2823446565623319552 placearmies 21 3
Jibs_PC#2823446565623319552 attack 21 19
Jibs_PC#2823446565623319552 roll 3
Jibs_PC#2823446565623319552 roll 1
DICE 3 1 2 0 0 3 
Jibs_PC#2823446565623319552 roll 3
Jibs_PC#2823446565623319552 roll 1
DICE 3 1 5 3 0 0 
Jibs_PC#2823446565623319552 move 3
Jibs_PC#2823446565623319552 attack 36 35
Jibs_PC#2823446565623319552 roll 3
Jibs_PC#2823446565623319552 roll 1
DICE 3 1 5 3 0 0 
Jibs_PC#2823446565623319552 move 9
Jibs_PC#2823446565623319552 attack 35 34
Jibs_PC#2823446565623319552 roll 3
Jibs_PC#2823446565623319552 roll 1
DICE 3 1 5 4 0 0 
Jibs_PC#2823446565623319552 move 5
Jibs_PC#2823446565623319552 attack 34 27
Jibs_PC#2823446565623319552 roll 3
Jibs_PC#2823446565623319552 roll 1
DICE 3 1 5 3 2 5 
Jibs_PC#2823446565623319552 roll 3
Jibs_PC#2823446565623319552 roll 1
DICE 3 1 4 3 0 5 
Jibs_PC#2823446565623319552 roll 2
Jibs_PC#2823446565623319552 roll 1
DICE 2 1 5 5 0 
Jibs_PC#2823446565623319552 endattack
Jibs_PC#2823446565623319552 movearmies 19 21 2
CARD 7
Jibs_PC#2823446565623319552 trade 25 11 wildcard
Jibs_PC#2823446565623319552 placearmies 16 12
Jibs_PC#2823446565623319552 placearmies 17 1
Jibs_PC#2823446565623319552 attack 16 31
Jibs_PC#2823446565623319552 roll 3
Jibs_PC#2823446565623319552 roll 1
DICE 3 1 2 2 1 5 
Jibs_PC#2823446565623319552 roll 3
Jibs_PC#2823446565623319552 roll 1
DICE 3 1 5 4 0 4 
Jibs_PC#2823446565623319552 move 14
Jibs_PC#2823446565623319552 attack 31 32
Jibs_PC#2823446565623319552 roll 3
Jibs_PC#2823446565623319552 roll 2
DICE 3 2 4 3 0 5 4 
Jibs_PC#2823446565623319552 roll 3
Jibs_PC#2823446565623319552 roll 2
DICE 3 2 4 0 0 4 0 
Jibs_PC#2823446565623319552 roll 3
Jibs_PC#2823446565623319552 roll 2
DICE 3 2 5 3 3 5 1 
Jibs_PC#2823446565623319552 roll 3
Jibs_PC#2823446565623319552 roll 1
DICE 3 1 3 2 2 5 
Jibs_PC#2823446565623319552 roll 3
Jibs_PC#2823446565623319552 roll 1
DICE 3 1 1 1 0 2 
Jibs_PC#2823446565623319552 retreat
Jibs_PC#2823446565623319552 attack 31 22
Jibs_PC#2823446565623319552 roll 3
Jibs_PC#2823446565623319552 roll 2
DICE 3 2 5 5 4 2 0 
Jibs_PC#2823446565623319552 move 6
Jibs_PC#2823446565623319552 attack 17 19
Jibs_PC#2823446565623319552 roll 3
Jibs_PC#2823446565623319552 roll 1
DICE 3 1 2 1 0 3 
Jibs_PC#2823446565623319552 roll 2
Jibs_PC#2823446565623319552 roll 1
DICE 2 1 5 0 4 
Jibs_PC#2823446565623319552 attack 22 24
Jibs_PC#2823446565623319552 roll 3
Jibs_PC#2823446565623319552 roll 1
DICE 3 1 4 4 0 5 
Jibs_PC#2823446565623319552 roll 3
Jibs_PC#2823446565623319552 roll 1
DICE 3 1 2 2 2 4 
Jibs_PC#2823446565623319552 retreat
Jibs_PC#2823446565623319552 endattack
Jibs_PC#2823446565623319552 movearmies 22 20 3
CARD 12
Jibs_PC#2823446565623319552 placearmies 9 1
Jibs_PC#2823446565623319552 placearmies 4 1
Jibs_PC#2823446565623319552 placearmies 9 1
Jibs_PC#2823446565623319552 placearmies 12 2
Jibs_PC#2823446565623319552 attack 9 8
Jibs_PC#2823446565623319552 roll 3
Jibs_PC#2823446565623319552 roll 1
DICE 3 1 2 1 0 0 
Jibs_PC#2823446565623319552 move 4
Jibs_PC#2823446565623319552 attack 12 21
Jibs_PC#2823446565623319552 roll 3
Jibs_PC#2823446565623319552 roll 2
DICE 3 2 1 1 0 3 3 
Jibs_PC#2823446565623319552 roll 3
Jibs_PC#2823446565623319552 roll 2
DICE 3 2 4 3 1 5 1 
Jibs_PC#2823446565623319552 roll 3
Jibs_PC#2823446565623319552 roll 2
DICE 3 2 3 0 0 4 1 
Jibs_PC#2823446565623319552 retreat
Jibs_PC#2823446565623319552 endattack
Jibs_PC#2823446565623319552 movearmies 5 4 1
CARD wildcard
Jibs_PC#2823446565623319552 placearmies 32 8
Jibs_PC#2823446565623319552 attack 32 30
Jibs_PC#2823446565623319552 roll 3
Jibs_PC#2823446565623319552 roll 2
DICE 3 2 4 4 0 4 4 
Jibs_PC#2823446565623319552 roll 3
Jibs_PC#2823446565623319552 roll 2
DICE 3 2 4 4 3 0 0 
Jibs_PC#2823446565623319552 move 5
Jibs_PC#2823446565623319552 attack 30 16
Jibs_PC#2823446565623319552 roll 3
Jibs_PC#2823446565623319552 roll 1
DICE 3 1 3 3 1 4 
Jibs_PC#2823446565623319552 roll 3
Jibs_PC#2823446565623319552 roll 1
DICE 3 1 5 4 1 2 
Jibs_PC#2823446565623319552 attack 16 31
Jibs_PC#2823446565623319552 roll 2
Jibs_PC#2823446565623319552 roll 1
DICE 2 1 4 0 2 
Jibs_PC#2823446565623319552 attack 21 22
Jibs_PC#2823446565623319552 roll 2
Jibs_PC#2823446565623319552 roll 1
DICE 2 1 5 3 2 
