Jibs_PC#6006355499388170240 newplayer ai hard green s0914007
Jibs_PC#6006355499388170240 newplayer ai hard blue bob
Jibs_PC#6006355499388170240 newplayer ai hard red fred
Jibs_PC#6006355499388170240 newplayer ai hard cyan ted
Jibs_PC#6006355499388170240 newplayer ai hard magenta yura
Jibs_PC#6006355499388170240 newplayer ai hard yellow lala
Jibs_PC#6006355499388170240 startgame mission fixed autoplaceall recycle
PLAYER lala
MISSION 3 1 2 2 0 0
PLACEALL 27 21 6 31 32 2 17 18 35 3 1 23 39 30 29 19 14 33 8 26 42 13 7 25 41 34 40 15 20 10 37 28 12 38 24 36 22 11 9 5 16 4
Jibs_PC#6006355499388170240 placearmies 41 1
CARD 
Jibs_PC#6006355499388170240 placearmies 11 1
CARD 
Jibs_PC#6006355499388170240 placearmies 40 1
CARD 
Jibs_PC#6006355499388170240 placearmies 5 1
CARD 
Jibs_PC#6006355499388170240 placearmies 7 1
CARD 
Jibs_PC#6006355499388170240 placearmies 10 1
CARD 
Jibs_PC#6006355499388170240 placearmies 37 1
CARD 
Jibs_PC#6006355499388170240 placearmies 11 1
CARD 
Jibs_PC#6006355499388170240 placearmies 40 1
CARD 
Jibs_PC#6006355499388170240 placearmies 5 1
CARD 
Jibs_PC#6006355499388170240 placearmies 24 1
CARD 
Jibs_PC#6006355499388170240 placearmies 10 1
CARD 
Jibs_PC#6006355499388170240 placearmies 37 1
CARD 
Jibs_PC#6006355499388170240 placearmies 11 1
CARD 
Jibs_PC#6006355499388170240 placearmies 40 1
CARD 
Jibs_PC#6006355499388170240 placearmies 5 1
CARD 
Jibs_PC#6006355499388170240 placearmies 24 1
CARD 
Jibs_PC#6006355499388170240 placearmies 10 1
CARD 
Jibs_PC#6006355499388170240 placearmies 37 1
CARD 
Jibs_PC#6006355499388170240 placearmies 11 1
CARD 
Jibs_PC#6006355499388170240 placearmies 40 1
CARD 
Jibs_PC#6006355499388170240 placearmies 5 1
CARD 
Jibs_PC#6006355499388170240 placearmies 24 1
CARD 
Jibs_PC#6006355499388170240 placearmies 10 1
CARD 
Jibs_PC#6006355499388170240 placearmies 37 1
CARD 
Jibs_PC#6006355499388170240 placearmies 11 1
CARD 
Jibs_PC#6006355499388170240 placearmies 40 1
CARD 
Jibs_PC#6006355499388170240 placearmies 5 1
CARD 
Jibs_PC#6006355499388170240 placearmies 24 1
CARD 
Jibs_PC#6006355499388170240 placearmies 10 1
CARD 
Jibs_PC#6006355499388170240 placearmies 37 1
CARD 
Jibs_PC#6006355499388170240 placearmies 11 1
CARD 
Jibs_PC#6006355499388170240 placearmies 40 1
CARD 
Jibs_PC#6006355499388170240 placearmies 5 1
CARD 
Jibs_PC#6006355499388170240 placearmies 24 1
CARD 
Jibs_PC#6006355499388170240 placearmies 10 1
CARD 
Jibs_PC#6006355499388170240 placearmies 37 1
CARD 
Jibs_PC#6006355499388170240 placearmies 11 1
CARD 
Jibs_PC#6006355499388170240 placearmies 40 1
CARD 
Jibs_PC#6006355499388170240 placearmies 5 1
CARD 
Jibs_PC#6006355499388170240 placearmies 24 1
CARD 
Jibs_PC#6006355499388170240 placearmies 4 1
CARD 
Jibs_PC#6006355499388170240 placearmies 37 1
CARD 
Jibs_PC#6006355499388170240 placearmies 21 1
CARD 
Jibs_PC#6006355499388170240 placearmies 6 1
CARD 
Jibs_PC#6006355499388170240 placearmies 5 1
CARD 
Jibs_PC#6006355499388170240 placearmies 24 1
CARD 
Jibs_PC#6006355499388170240 placearmies 4 1
CARD 
Jibs_PC#6006355499388170240 placearmies 37 1
CARD 
Jibs_PC#6006355499388170240 placearmies 21 1
CARD 
Jibs_PC#6006355499388170240 placearmies 6 1
CARD 
Jibs_PC#6006355499388170240 placearmies 5 1
CARD 
Jibs_PC#6006355499388170240 placearmies 24 1
CARD 
Jibs_PC#6006355499388170240 placearmies 4 1
CARD 
Jibs_PC#6006355499388170240 placearmies 37 1
CARD 
Jibs_PC#6006355499388170240 placearmies 21 1
CARD 
Jibs_PC#6006355499388170240 placearmies 6 1
CARD 
Jibs_PC#6006355499388170240 placearmies 5 1
CARD 
Jibs_PC#6006355499388170240 placearmies 24 1
CARD 
Jibs_PC#6006355499388170240 placearmies 4 1
CARD 
Jibs_PC#6006355499388170240 placearmies 37 1
CARD 
Jibs_PC#6006355499388170240 placearmies 21 1
CARD 
Jibs_PC#6006355499388170240 placearmies 6 1
CARD 
Jibs_PC#6006355499388170240 placearmies 5 1
CARD 
Jibs_PC#6006355499388170240 placearmies 24 1
CARD 
Jibs_PC#6006355499388170240 placearmies 10 1
CARD 
Jibs_PC#6006355499388170240 placearmies 37 1
CARD 
Jibs_PC#6006355499388170240 placearmies 21 1
CARD 
Jibs_PC#6006355499388170240 placearmies 6 1
CARD 
Jibs_PC#6006355499388170240 placearmies 5 1
CARD 
Jibs_PC#6006355499388170240 placearmies 7 1
CARD 
Jibs_PC#6006355499388170240 placearmies 10 1
CARD 
Jibs_PC#6006355499388170240 placearmies 37 1
CARD 
Jibs_PC#6006355499388170240 placearmies 21 1
CARD 
Jibs_PC#6006355499388170240 placearmies 6 1
CARD 
Jibs_PC#6006355499388170240 placearmies 13 1
CARD 
Jibs_PC#6006355499388170240 placearmies 7 1
CARD 
Jibs_PC#6006355499388170240 placearmies 10 1
CARD 
Jibs_PC#6006355499388170240 placearmies 37 3
Jibs_PC#6006355499388170240 attack 37 36
Jibs_PC#6006355499388170240 roll 3
Jibs_PC#6006355499388170240 roll 1
DICE 3 1 5 1 0 2 
Jibs_PC#6006355499388170240 move 15
Jibs_PC#6006355499388170240 attack 36 29
Jibs_PC#6006355499388170240 roll 3
Jibs_PC#6006355499388170240 roll 1
DICE 3 1 4 4 2 0 
Jibs_PC#6006355499388170240 move 14
Jibs_PC#6006355499388170240 attack 29 28
Jibs_PC#6006355499388170240 roll 3
Jibs_PC#6006355499388170240 roll 1
DICE 3 1 1 0 0 1 
Jibs_PC#6006355499388170240 roll 3
Jibs_PC#6006355499388170240 roll 1
DICE 3 1 3 0 0 3 
Jibs_PC#6006355499388170240 roll 3
Jibs_PC#6006355499388170240 roll 1
DICE 3 1 4 3 3 2 
Jibs_PC#6006355499388170240 move 11
Jibs_PC#6006355499388170240 attack 28 30
Jibs_PC#6006355499388170240 roll 3
Jibs_PC#6006355499388170240 roll 1
DICE 3 1 4 2 1 4 
Jibs_PC#6006355499388170240 roll 3
Jibs_PC#6006355499388170240 roll 1
DICE 3 1 2 1 0 4 
Jibs_PC#6006355499388170240 roll 3
Jibs_PC#6006355499388170240 roll 1
DICE 3 1 4 3 1 5 
Jibs_PC#6006355499388170240 roll 3
Jibs_PC#6006355499388170240 roll 1
DICE 3 1 4 4 0 2 
Jibs_PC#6006355499388170240 move 7
Jibs_PC#6006355499388170240 attack 30 31
Jibs_PC#6006355499388170240 roll 3
Jibs_PC#6006355499388170240 roll 1
DICE 3 1 2 1 0 2 
Jibs_PC#6006355499388170240 roll 3
Jibs_PC#6006355499388170240 roll 1
DICE 3 1 3 2 0 0 
Jibs_PC#6006355499388170240 move 5
Jibs_PC#6006355499388170240 attack 31 32
Jibs_PC#6006355499388170240 roll 3
Jibs_PC#6006355499388170240 roll 1
DICE 3 1 5 5 4 1 
Jibs_PC#6006355499388170240 move 4
Jibs_PC#6006355499388170240 attack 32 33
Jibs_PC#6006355499388170240 roll 3
Jibs_PC#6006355499388170240 roll 1
DICE 3 1 5 4 0 1 
Jibs_PC#6006355499388170240 endattack
Jibs_PC#6006355499388170240 movearmies 33 39 2
CARD 28
Jibs_PC#6006355499388170240 placearmies 21 3
Jibs_PC#6006355499388170240 attack 21 12
Jibs_PC#6006355499388170240 roll 3
Jibs_PC#6006355499388170240 roll 1
DICE 3 1 5 4 3 4 
Jibs_PC#6006355499388170240 move 9
Jibs_PC#6006355499388170240 attack 11 13
Jibs_PC#6006355499388170240 roll 3
Jibs_PC#6006355499388170240 roll 2
DICE 3 2 4 2 0 4 3 
Jibs_PC#6006355499388170240 roll 3
Jibs_PC#6006355499388170240 roll 2
DICE 3 2 4 4 2 5 4 
Jibs_PC#6006355499388170240 retreat
Jibs_PC#6006355499388170240 endattack
Jibs_PC#6006355499388170240 nomove
CARD 13
Jibs_PC#6006355499388170240 placearmies 40 3
Jibs_PC#6006355499388170240 attack 40 39
Jibs_PC#6006355499388170240 roll 3
Jibs_PC#6006355499388170240 roll 2
DICE 3 2 5 3 2 2 1 
Jibs_PC#6006355499388170240 roll 3
Jibs_PC#6006355499388170240 roll 1
DICE 3 1 3 3 2 3 
Jibs_PC#6006355499388170240 roll 3
Jibs_PC#6006355499388170240 roll 1
DICE 3 1 5 4 4 0 
Jibs_PC#6006355499388170240 move 9
Jibs_PC#6006355499388170240 attack 39 41
Jibs_PC#6006355499388170240 roll 3
Jibs_PC#6006355499388170240 roll 2
DICE 3 2 5 1 0 5 2 
Jibs_PC#6006355499388170240 roll 3
Jibs_PC#6006355499388170240 roll 2
DICE 3 2 3 3 0 3 1 
Jibs_PC#6006355499388170240 roll 3
Jibs_PC#6006355499388170240 roll 1
DICE 3 1 2 1 0 4 
Jibs_PC#6006355499388170240 roll 3
Jibs_PC#6006355499388170240 roll 1
DICE 3 1 5 1 0 2 
Jibs_PC#6006355499388170240 move 3
Jibs_PC#6006355499388170240 endattack
Jibs_PC#6006355499388170240 movearmies 41 39 2
CARD 15
Jibs_PC#6006355499388170240 placearmies 5 1
Jibs_PC#6006355499388170240 placearmies 13 2
Jibs_PC#6006355499388170240 attack 5 4
Jibs_PC#6006355499388170240 roll 3
Jibs_PC#6006355499388170240 roll 2
DICE 3 2 4 2 1 5 2 
Jibs_PC#6006355499388170240 roll 3
Jibs_PC#6006355499388170240 roll 2
DICE 3 2 5 1 1 5 1 
Jibs_PC#6006355499388170240 roll 3
Jibs_PC#6006355499388170240 roll 2
DICE 3 2 1 1 0 2 1 
Jibs_PC#6006355499388170240 roll 3
Jibs_PC#6006355499388170240 roll 2
DICE 3 2 4 4 1 4 1 
Jibs_PC#6006355499388170240 roll 3
Jibs_PC#6006355499388170240 roll 2
DICE 3 2 5 5 4 5 1 
Jibs_PC#6006355499388170240 roll 3
Jibs_PC#6006355499388170240 roll 2
DICE 3 2 2 1 0 5 2 
Jibs_PC#6006355499388170240 roll 3
Jibs_PC#6006355499388170240 roll 2
DICE 3 2 4 2 2 2 1 
Jibs_PC#6006355499388170240 roll 3
Jibs_PC#6006355499388170240 roll 1
DICE 3 1 2 1 0 3 
Jibs_PC#6006355499388170240 roll 2
Jibs_PC#6006355499388170240 roll 1
DICE 2 1 0 0 3 
Jibs_PC#6006355499388170240 retreat
Jibs_PC#6006355499388170240 attack 13 11
Jibs_PC#6006355499388170240 roll 3
Jibs_PC#6006355499388170240 roll 2
DICE 3 2 2 1 1 3 1 
Jibs_PC#6006355499388170240 retreat
Jibs_PC#6006355499388170240 endattack
Jibs_PC#6006355499388170240 nomove
CARD 
Jibs_PC#6006355499388170240 placearmies 24 3
Jibs_PC#6006355499388170240 attack 24 21
Jibs_PC#6006355499388170240 roll 3
Jibs_PC#6006355499388170240 roll 1
DICE 3 1 5 2 2 1 
Jibs_PC#6006355499388170240 move 13
Jibs_PC#6006355499388170240 attack 21 23
Jibs_PC#6006355499388170240 roll 3
Jibs_PC#6006355499388170240 roll 1
DICE 3 1 5 3 2 5 
Jibs_PC#6006355499388170240 roll 3
Jibs_PC#6006355499388170240 roll 1
DICE 3 1 5 4 3 2 
Jibs_PC#6006355499388170240 move 9
Jibs_PC#6006355499388170240 attack 21 22
Jibs_PC#6006355499388170240 roll 2
Jibs_PC#6006355499388170240 roll 1
DICE 2 1 4 4 2 
Jibs_PC#6006355499388170240 attack 23 25
Jibs_PC#6006355499388170240 roll 3
Jibs_PC#6006355499388170240 roll 1
DICE 3 1 4 2 2 5 
Jibs_PC#6006355499388170240 roll 3
Jibs_PC#6006355499388170240 roll 1
DICE 3 1 5 4 4 5 
Jibs_PC#6006355499388170240 roll 3
Jibs_PC#6006355499388170240 roll 1
DICE 3 1 5 5 1 3 
Jibs_PC#6006355499388170240 move 6
Jibs_PC#6006355499388170240 attack 25 26
Jibs_PC#6006355499388170240 roll 3
Jibs_PC#6006355499388170240 roll 1
DICE 3 1 4 3 1 2 
Jibs_PC#6006355499388170240 move 3
Jibs_PC#6006355499388170240 endattack
Jibs_PC#6006355499388170240 movearmies 26 24 1
CARD 41
Jibs_PC#6006355499388170240 placearmies 2 3
Jibs_PC#6006355499388170240 attack 2 1
Jibs_PC#6006355499388170240 roll 3
Jibs_PC#6006355499388170240 roll 1
DICE 3 1 5 4 1 3 
Jibs_PC#6006355499388170240 endattack
Jibs_PC#6006355499388170240 nomove
CARD wildcard
Jibs_PC#6006355499388170240 placearmies 37 3
Jibs_PC#6006355499388170240 attack 37 38
Jibs_PC#6006355499388170240 roll 3
Jibs_PC#6006355499388170240 roll 1
DICE 3 1 4 2 0 5 
Jibs_PC#6006355499388170240 roll 2
Jibs_PC#6006355499388170240 roll 1
DICE 2 1 2 1 5 
Jibs_PC#6006355499388170240 retreat
Jibs_PC#6006355499388170240 endattack
Jibs_PC#6006355499388170240 nomove
CARD 
Jibs_PC#6006355499388170240 placearmies 12 3
Jibs_PC#6006355499388170240 attack 12 21
Jibs_PC#6006355499388170240 roll 3
Jibs_PC#6006355499388170240 roll 1
DICE 3 1 2 1 0 4 
Jibs_PC#6006355499388170240 roll 3
Jibs_PC#6006355499388170240 roll 1
DICE 3 1 5 2 1 2 
Jibs_PC#6006355499388170240 move 10
Jibs_PC#6006355499388170240 attack 21 19
Jibs_PC#6006355499388170240 roll 3
Jibs_PC#6006355499388170240 roll 1
DICE 3 1 3 2 1 3 
Jibs_PC#6006355499388170240 roll 3
Jibs_PC#6006355499388170240 roll 1
DICE 3 1 4 3 0 3 
Jibs_PC#6006355499388170240 move 8
Jibs_PC#6006355499388170240 attack 19 20
Jibs_PC#6006355499388170240 roll 3
Jibs_PC#6006355499388170240 roll 1
DICE 3 1 4 3 1 1 
Jibs_PC#6006355499388170240 move 7
Jibs_PC#6006355499388170240 attack 20 16
Jibs_PC#6006355499388170240 roll 3
Jibs_PC#6006355499388170240 roll 1
DICE 3 1 3 2 1 1 
Jibs_PC#6006355499388170240 move 6
Jibs_PC#6006355499388170240 attack 16 15
Jibs_PC#6006355499388170240 roll 3
Jibs_PC#6006355499388170240 roll 1
DICE 3 1 3 1 0 1 
Jibs_PC#6006355499388170240 move 5
Jibs_PC#6006355499388170240 attack 15 14
Jibs_PC#6006355499388170240 roll 3
Jibs_PC#6006355499388170240 roll 1
DICE 3 1 4 1 1 3 
Jibs_PC#6006355499388170240 move 4
Jibs_PC#6006355499388170240 attack 14 17
Jibs_PC#6006355499388170240 roll 3
Jibs_PC#6006355499388170240 roll 1
DICE 3 1 4 2 0 3 
Jibs_PC#6006355499388170240 endattack
Jibs_PC#6006355499388170240 movearmies 17 14 2
CARD 24
Jibs_PC#6006355499388170240 placearmies 6 5
Jibs_PC#6006355499388170240 attack 6 14
Jibs_PC#6006355499388170240 roll 3
Jibs_PC#6006355499388170240 roll 2
DICE 3 2 3 3 2 3 2 
Jibs_PC#6006355499388170240 roll 3
Jibs_PC#6006355499388170240 roll 2
DICE 3 2 5 4 3 4 3 
Jibs_PC#6006355499388170240 move 10
Jibs_PC#6006355499388170240 attack 14 17
Jibs_PC#6006355499388170240 roll 3
Jibs_PC#6006355499388170240 roll 1
DICE 3 1 4 4 3 3 
Jibs_PC#6006355499388170240 move 9
Jibs_PC#6006355499388170240 attack 17 19
Jibs_PC#6006355499388170240 roll 3
Jibs_PC#6006355499388170240 roll 1
DICE 3 1 4 3 1 5 
Jibs_PC#6006355499388170240 roll 3
Jibs_PC#6006355499388170240 roll 1
DICE 3 1 5 2 1 5 
Jibs_PC#6006355499388170240 roll 3
Jibs_PC#6006355499388170240 roll 1
DICE 3 1 5 4 3 5 
Jibs_PC#6006355499388170240 roll 3
Jibs_PC#6006355499388170240 roll 1
DICE 3 1 1 1 1 5 
Jibs_PC#6006355499388170240 roll 3
Jibs_PC#6006355499388170240 roll 1
DICE 3 1 5 4 2 0 
Jibs_PC#6006355499388170240 move 4
Jibs_PC#6006355499388170240 attack 19 20
Jibs_PC#6006355499388170240 roll 3
Jibs_PC#6006355499388170240 roll 1
DICE 3 1 2 2 1 1 
Jibs_PC#6006355499388170240 attack 20 18
Jibs_PC#6006355499388170240 roll 2
Jibs_PC#6006355499388170240 roll 1
DICE 2 1 4 0 3 
Jibs_PC#6006355499388170240 endattack
Jibs_PC#6006355499388170240 nomove
CARD 6
Jibs_PC#6006355499388170240 placearmies 5 2
Jibs_PC#6006355499388170240 placearmies 5 1
Jibs_PC#6006355499388170240 attack 5 4
Jibs_PC#6006355499388170240 roll 3
Jibs_PC#6006355499388170240 roll 1
DICE 3 1 5 4 0 0 
Jibs_PC#6006355499388170240 move 4
Jibs_PC#6006355499388170240 endattack
Jibs_PC#6006355499388170240 nomove
CARD 29
Jibs_PC#6006355499388170240 placearmies 24 3
Jibs_PC#6006355499388170240 attack 24 21
Jibs_PC#6006355499388170240 roll 3
Jibs_PC#6006355499388170240 roll 1
DICE 3 1 5 1 0 0 
Jibs_PC#6006355499388170240 move 4
Jibs_PC#6006355499388170240 endattack
Jibs_PC#6006355499388170240 movearmies 25 23 1
CARD 3
Jibs_PC#6006355499388170240 placearmies 10 1
Jibs_PC#6006355499388170240 placearmies 10 2
Jibs_PC#6006355499388170240 attack 10 12
Jibs_PC#6006355499388170240 roll 3
Jibs_PC#6006355499388170240 roll 1
DICE 3 1 3 2 0 2 
Jibs_PC#6006355499388170240 move 12
Jibs_PC#6006355499388170240 attack 12 21
Jibs_PC#6006355499388170240 roll 3
Jibs_PC#6006355499388170240 roll 2
DICE 3 2 4 3 2 5 3 
Jibs_PC#6006355499388170240 roll 3
Jibs_PC#6006355499388170240 roll 2
DICE 3 2 4 2 1 5 0 
Jibs_PC#6006355499388170240 roll 3
Jibs_PC#6006355499388170240 roll 2
DICE 3 2 5 4 1 2 0 
Jibs_PC#6006355499388170240 roll 3
Jibs_PC#6006355499388170240 roll 1
DICE 3 1 4 4 2 0 
Jibs_PC#6006355499388170240 move 8
Jibs_PC#6006355499388170240 attack 21 19
Jibs_PC#6006355499388170240 roll 3
Jibs_PC#6006355499388170240 roll 1
DICE 3 1 5 5 0 1 
Jibs_PC#6006355499388170240 move 7
Jibs_PC#6006355499388170240 attack 19 20
Jibs_PC#6006355499388170240 roll 3
Jibs_PC#6006355499388170240 roll 1
DICE 3 1 3 3 0 2 
Jibs_PC#6006355499388170240 move 6
Jibs_PC#6006355499388170240 attack 20 31
Jibs_PC#6006355499388170240 roll 3
Jibs_PC#6006355499388170240 roll 1
DICE 3 1 3 3 1 4 
Jibs_PC#6006355499388170240 roll 3
Jibs_PC#6006355499388170240 roll 1
DICE 3 1 4 3 1 2 
Jibs_PC#6006355499388170240 move 4
Jibs_PC#6006355499388170240 attack 31 16
Jibs_PC#6006355499388170240 roll 3
Jibs_PC#6006355499388170240 roll 1
DICE 3 1 4 1 1 3 
Jibs_PC#6006355499388170240 attack 16 15
Jibs_PC#6006355499388170240 roll 2
Jibs_PC#6006355499388170240 roll 1
DICE 2 1 2 0 2 
Jibs_PC#6006355499388170240 retreat
Jibs_PC#6006355499388170240 endattack
Jibs_PC#6006355499388170240 nomove
CARD 35
Jibs_PC#6006355499388170240 placearmies 37 2
Jibs_PC#6006355499388170240 placearmies 37 1
Jibs_PC#6006355499388170240 attack 37 38
Jibs_PC#6006355499388170240 roll 3
Jibs_PC#6006355499388170240 roll 1
DICE 3 1 4 3 0 2 
Jibs_PC#6006355499388170240 move 4
Jibs_PC#6006355499388170240 attack 38 34
Jibs_PC#6006355499388170240 roll 3
Jibs_PC#6006355499388170240 roll 1
DICE 3 1 5 4 2 1 
Jibs_PC#6006355499388170240 attack 34 35
Jibs_PC#6006355499388170240 roll 2
Jibs_PC#6006355499388170240 roll 1
DICE 2 1 5 0 5 
Jibs_PC#6006355499388170240 retreat
Jibs_PC#6006355499388170240 endattack
Jibs_PC#6006355499388170240 nomove
CARD 18
Jibs_PC#6006355499388170240 placearmies 11 3
Jibs_PC#6006355499388170240 attack 11 10
Jibs_PC#6006355499388170240 roll 3
Jibs_PC#6006355499388170240 roll 1
DICE 3 1 5 5 3 4 
Jibs_PC#6006355499388170240 move 6
Jibs_PC#6006355499388170240 attack 10 12
Jibs_PC#6006355499388170240 roll 3
Jibs_PC#6006355499388170240 roll 1
DICE 3 1 2 2 1 5 
Jibs_PC#6006355499388170240 roll 3
Jibs_PC#6006355499388170240 roll 1
DICE 3 1 5 5 1 4 
Jibs_PC#6006355499388170240 move 4
Jibs_PC#6006355499388170240 attack 12 13
Jibs_PC#6006355499388170240 roll 3
Jibs_PC#6006355499388170240 roll 2
DICE 3 2 3 2 0 3 2 
Jibs_PC#6006355499388170240 retreat
Jibs_PC#6006355499388170240 endattack
Jibs_PC#6006355499388170240 nomove
CARD 10
Jibs_PC#6006355499388170240 placearmies 18 3
Jibs_PC#6006355499388170240 placearmies 39 1
Jibs_PC#6006355499388170240 placearmies 35 1
Jibs_PC#6006355499388170240 attack 18 20
Jibs_PC#6006355499388170240 roll 3
Jibs_PC#6006355499388170240 roll 1
DICE 3 1 5 4 4 1 
Jibs_PC#6006355499388170240 move 4
Jibs_PC#6006355499388170240 attack 20 19
Jibs_PC#6006355499388170240 roll 3
Jibs_PC#6006355499388170240 roll 1
DICE 3 1 5 2 1 2 
Jibs_PC#6006355499388170240 attack 39 33
Jibs_PC#6006355499388170240 roll 3
Jibs_PC#6006355499388170240 roll 1
DICE 3 1 5 1 0 2 
Jibs_PC#6006355499388170240 move 4
Jibs_PC#6006355499388170240 endattack
Jibs_PC#6006355499388170240 nomove
CARD 38
Jibs_PC#6006355499388170240 placearmies 4 1
Jibs_PC#6006355499388170240 placearmies 13 2
Jibs_PC#6006355499388170240 attack 13 11
Jibs_PC#6006355499388170240 roll 3
Jibs_PC#6006355499388170240 roll 1
DICE 3 1 4 1 0 5 
Jibs_PC#6006355499388170240 roll 2
Jibs_PC#6006355499388170240 roll 1
DICE 2 1 4 2 3 
Jibs_PC#6006355499388170240 attack 4 9
Jibs_PC#6006355499388170240 roll 3
Jibs_PC#6006355499388170240 roll 1
DICE 3 1 3 3 3 4 
Jibs_PC#6006355499388170240 roll 3
Jibs_PC#6006355499388170240 roll 1
DICE 3 1 5 3 1 1 
Jibs_PC#6006355499388170240 endattack
Jibs_PC#6006355499388170240 nomove
CARD 7
Jibs_PC#6006355499388170240 placearmies 23 3
Jibs_PC#6006355499388170240 attack 23 21
Jibs_PC#6006355499388170240 roll 3
Jibs_PC#6006355499388170240 roll 1
DICE 3 1 4 1 0 5 
Jibs_PC#6006355499388170240 roll 3
Jibs_PC#6006355499388170240 roll 1
DICE 3 1 3 2 1 4 
Jibs_PC#6006355499388170240 roll 2
Jibs_PC#6006355499388170240 roll 1
DICE 2 1 1 0 1 
Jibs_PC#6006355499388170240 retreat
Jibs_PC#6006355499388170240 attack 7 8
Jibs_PC#6006355499388170240 roll 3
Jibs_PC#6006355499388170240 roll 1
DICE 3 1 4 3 0 1 
Jibs_PC#6006355499388170240 endattack
Jibs_PC#6006355499388170240 movearmies 26 24 1
CARD 19
Jibs_PC#6006355499388170240 placearmies 1 1
Jibs_PC#6006355499388170240 placearmies 16 2
Jibs_PC#6006355499388170240 attack 16 15
Jibs_PC#6006355499388170240 roll 3
Jibs_PC#6006355499388170240 roll 1
DICE 3 1 3 3 0 2 
Jibs_PC#6006355499388170240 attack 15 14
Jibs_PC#6006355499388170240 roll 2
Jibs_PC#6006355499388170240 roll 1
DICE 2 1 5 3 2 
Jibs_PC#6006355499388170240 endattack
Jibs_PC#6006355499388170240 nomove
CARD 25
Jibs_PC#6006355499388170240 placearmies 34 3
Jibs_PC#6006355499388170240 attack 34 35
Jibs_PC#6006355499388170240 roll 3
Jibs_PC#6006355499388170240 roll 2
DICE 3 2 5 2 0 5 3 
Jibs_PC#6006355499388170240 retreat
Jibs_PC#6006355499388170240 attack 34 35
Jibs_PC#6006355499388170240 roll 2
Jibs_PC#6006355499388170240 roll 2
DICE 2 2 4 3 4 0 
Jibs_PC#6006355499388170240 retreat
Jibs_PC#6006355499388170240 endattack
Jibs_PC#6006355499388170240 nomove
CARD 
Jibs_PC#6006355499388170240 placearmies 12 2
Jibs_PC#6006355499388170240 placearmies 12 1
Jibs_PC#6006355499388170240 attack 12 11
Jibs_PC#6006355499388170240 roll 3
Jibs_PC#6006355499388170240 roll 2
DICE 3 2 5 5 4 4 0 
Jibs_PC#6006355499388170240 move 4
Jibs_PC#6006355499388170240 attack 11 13
Jibs_PC#6006355499388170240 roll 3
Jibs_PC#6006355499388170240 roll 1
DICE 3 1 4 4 1 4 
Jibs_PC#6006355499388170240 roll 2
Jibs_PC#6006355499388170240 roll 1
DICE 2 1 5 1 4 
Jibs_PC#6006355499388170240 endattack
Jibs_PC#6006355499388170240 movearmies 13 12 1
CARD 26
Jibs_PC#6006355499388170240 placearmies 18 4
Jibs_PC#6006355499388170240 placearmies 33 1
Jibs_PC#6006355499388170240 attack 18 16
Jibs_PC#6006355499388170240 roll 3
Jibs_PC#6006355499388170240 roll 1
DICE 3 1 3 3 1 0 
Jibs_PC#6006355499388170240 move 4
Jibs_PC#6006355499388170240 attack 16 15
Jibs_PC#6006355499388170240 roll 3
Jibs_PC#6006355499388170240 roll 1
DICE 3 1 5 4 2 4 
Jibs_PC#6006355499388170240 attack 33 32
Jibs_PC#6006355499388170240 roll 3
Jibs_PC#6006355499388170240 roll 1
DICE 3 1 5 4 0 3 
Jibs_PC#6006355499388170240 move 3
Jibs_PC#6006355499388170240 endattack
Jibs_PC#6006355499388170240 movearmies 32 33 2
CARD 5
Jibs_PC#6006355499388170240 placearmies 9 1
Jibs_PC#6006355499388170240 placearmies 9 1
Jibs_PC#6006355499388170240 placearmies 3 1
Jibs_PC#6006355499388170240 attack 9 8
Jibs_PC#6006355499388170240 roll 3
Jibs_PC#6006355499388170240 roll 2
DICE 3 2 4 3 0 4 1 
Jibs_PC#6006355499388170240 roll 3
Jibs_PC#6006355499388170240 roll 2
DICE 3 2 4 4 2 0 0 
Jibs_PC#6006355499388170240 attack 8 6
Jibs_PC#6006355499388170240 roll 2
Jibs_PC#6006355499388170240 roll 1
DICE 2 1 1 0 5 
Jibs_PC#6006355499388170240 retreat
Jibs_PC#6006355499388170240 endattack
Jibs_PC#6006355499388170240 nomove
CARD 27
Jibs_PC#6006355499388170240 placearmies 24 2
Jibs_PC#6006355499388170240 placearmies 24 1
Jibs_PC#6006355499388170240 attack 24 21
Jibs_PC#6006355499388170240 roll 3
Jibs_PC#6006355499388170240 roll 1
DICE 3 1 5 4 1 1 
Jibs_PC#6006355499388170240 move 4
Jibs_PC#6006355499388170240 endattack
Jibs_PC#6006355499388170240 movearmies 23 21 1
CARD 9
Jibs_PC#6006355499388170240 trade wildcard 35 25
Jibs_PC#6006355499388170240 placearmies 14 12
Jibs_PC#6006355499388170240 placearmies 14 1
Jibs_PC#6006355499388170240 attack 14 15
Jibs_PC#6006355499388170240 roll 3
Jibs_PC#6006355499388170240 roll 2
DICE 3 2 4 2 1 3 1 
Jibs_PC#6006355499388170240 roll 3
Jibs_PC#6006355499388170240 roll 1
DICE 3 1 4 4 0 0 
Jibs_PC#6006355499388170240 move 14
Jibs_PC#6006355499388170240 attack 15 16
Jibs_PC#6006355499388170240 roll 3
Jibs_PC#6006355499388170240 roll 1
DICE 3 1 4 1 0 3 
Jibs_PC#6006355499388170240 move 13
Jibs_PC#6006355499388170240 attack 16 28
Jibs_PC#6006355499388170240 roll 3
Jibs_PC#6006355499388170240 roll 1
DICE 3 1 5 1 0 3 
Jibs_PC#6006355499388170240 move 12
Jibs_PC#6006355499388170240 attack 28 29
Jibs_PC#6006355499388170240 roll 3
Jibs_PC#6006355499388170240 roll 1
DICE 3 1 5 3 1 3 
Jibs_PC#6006355499388170240 move 11
Jibs_PC#6006355499388170240 attack 29 33
Jibs_PC#6006355499388170240 roll 3
Jibs_PC#6006355499388170240 roll 2
DICE 3 2 3 3 0 3 2 
Jibs_PC#6006355499388170240 roll 3
Jibs_PC#6006355499388170240 roll 2
DICE 3 2 5 3 3 1 1 
Jibs_PC#6006355499388170240 roll 3
Jibs_PC#6006355499388170240 roll 1
DICE 3 1 3 2 2 1 
Jibs_PC#6006355499388170240 move 9
Jibs_PC#6006355499388170240 attack 33 39
Jibs_PC#6006355499388170240 roll 3
Jibs_PC#6006355499388170240 roll 1
DICE 3 1 4 1 1 2 
Jibs_PC#6006355499388170240 move 8
Jibs_PC#6006355499388170240 attack 39 41
Jibs_PC#6006355499388170240 roll 3
Jibs_PC#6006355499388170240 roll 1
DICE 3 1 5 3 0 0 
Jibs_PC#6006355499388170240 move 7
Jibs_PC#6006355499388170240 attack 41 40
Jibs_PC#6006355499388170240 roll 3
Jibs_PC#6006355499388170240 roll 1
DICE 3 1 4 2 1 3 
Jibs_PC#6006355499388170240 move 5
Jibs_PC#6006355499388170240 attack 40 42
Jibs_PC#6006355499388170240 roll 3
Jibs_PC#6006355499388170240 roll 1
DICE 3 1 4 3 0 4 
Jibs_PC#6006355499388170240 roll 3
Jibs_PC#6006355499388170240 roll 1
DICE 3 1 4 4 0 4 
Jibs_PC#6006355499388170240 roll 2
Jibs_PC#6006355499388170240 roll 1
DICE 2 1 4 1 3 
Jibs_PC#6006355499388170240 endattack
Jibs_PC#6006355499388170240 nomove
CARD 16
Jibs_PC#6006355499388170240 placearmies 34 2
Jibs_PC#6006355499388170240 placearmies 34 1
Jibs_PC#6006355499388170240 attack 34 35
Jibs_PC#6006355499388170240 roll 3
Jibs_PC#6006355499388170240 roll 1
DICE 3 1 5 2 2 0 
Jibs_PC#6006355499388170240 move 3
Jibs_PC#6006355499388170240 endattack
Jibs_PC#6006355499388170240 movearmies 34 38 1
CARD 12
Jibs_PC#6006355499388170240 placearmies 10 3
Jibs_PC#6006355499388170240 placearmies 12 2
Jibs_PC#6006355499388170240 attack 10 5
Jibs_PC#6006355499388170240 roll 3
Jibs_PC#6006355499388170240 roll 1
DICE 3 1 3 3 2 1 
Jibs_PC#6006355499388170240 endattack
Jibs_PC#6006355499388170240 movearmies 5 10 2
CARD 11
Jibs_PC#6006355499388170240 trade 6 38 5
Jibs_PC#6006355499388170240 placearmies 6 1
Jibs_PC#6006355499388170240 placearmies 32 7
Jibs_PC#6006355499388170240 placearmies 32 1
Jibs_PC#6006355499388170240 attack 32 33
Jibs_PC#6006355499388170240 roll 3
Jibs_PC#6006355499388170240 roll 1
DICE 3 1 2 2 1 4 
Jibs_PC#6006355499388170240 roll 3
Jibs_PC#6006355499388170240 roll 1
DICE 3 1 4 2 1 0 
Jibs_PC#6006355499388170240 move 7
Jibs_PC#6006355499388170240 attack 33 39
Jibs_PC#6006355499388170240 roll 3
Jibs_PC#6006355499388170240 roll 1
DICE 3 1 4 3 2 1 
Jibs_PC#6006355499388170240 move 6
Jibs_PC#6006355499388170240 attack 39 40
Jibs_PC#6006355499388170240 roll 3
Jibs_PC#6006355499388170240 roll 1
DICE 3 1 5 1 0 5 
Jibs_PC#6006355499388170240 roll 3
Jibs_PC#6006355499388170240 roll 1
DICE 3 1 4 2 1 5 
Jibs_PC#6006355499388170240 retreat
Jibs_PC#6006355499388170240 attack 6 14
Jibs_PC#6006355499388170240 roll 3
Jibs_PC#6006355499388170240 roll 1
DICE 3 1 4 3 0 2 
Jibs_PC#6006355499388170240 attack 14 15
Jibs_PC#6006355499388170240 roll 2
Jibs_PC#6006355499388170240 roll 1
DICE 2 1 5 0 3 
Jibs_PC#6006355499388170240 endattack
Jibs_PC#6006355499388170240 nomove
CARD 37
Jibs_PC#6006355499388170240 placearmies 3 2
Jibs_PC#6006355499388170240 placearmies 3 1
Jibs_PC#6006355499388170240 attack 3 2
Jibs_PC#6006355499388170240 roll 3
Jibs_PC#6006355499388170240 roll 1
DICE 3 1 4 3 3 4 
Jibs_PC#6006355499388170240 roll 3
Jibs_PC#6006355499388170240 roll 1
DICE 3 1 4 1 1 5 
Jibs_PC#6006355499388170240 roll 2
Jibs_PC#6006355499388170240 roll 1
DICE 2 1 3 1 5 
Jibs_PC#6006355499388170240 retreat
Jibs_PC#6006355499388170240 endattack
Jibs_PC#6006355499388170240 nomove
CARD 
Jibs_PC#6006355499388170240 placearmies 21 4
Jibs_PC#6006355499388170240 placearmies 21 2
Jibs_PC#6006355499388170240 attack 21 12
Jibs_PC#6006355499388170240 roll 3
Jibs_PC#6006355499388170240 roll 2
DICE 3 2 5 2 1 2 0 
Jibs_PC#6006355499388170240 roll 3
Jibs_PC#6006355499388170240 roll 2
DICE 3 2 2 2 0 4 3 
Jibs_PC#6006355499388170240 roll 3
Jibs_PC#6006355499388170240 roll 2
DICE 3 2 5 0 0 4 2 
Jibs_PC#6006355499388170240 roll 3
Jibs_PC#6006355499388170240 roll 1
DICE 3 1 5 5 3 5 
Jibs_PC#6006355499388170240 roll 3
Jibs_PC#6006355499388170240 roll 1
DICE 3 1 5 1 0 2 
Jibs_PC#6006355499388170240 move 5
Jibs_PC#6006355499388170240 attack 12 10
Jibs_PC#6006355499388170240 roll 3
Jibs_PC#6006355499388170240 roll 2
DICE 3 2 4 3 1 2 1 
Jibs_PC#6006355499388170240 roll 3
Jibs_PC#6006355499388170240 roll 1
DICE 3 1 3 3 1 4 
Jibs_PC#6006355499388170240 roll 3
Jibs_PC#6006355499388170240 roll 1
DICE 3 1 5 4 1 0 
Jibs_PC#6006355499388170240 attack 10 11
Jibs_PC#6006355499388170240 roll 2
Jibs_PC#6006355499388170240 roll 1
DICE 2 1 5 2 1 
Jibs_PC#6006355499388170240 endattack
Jibs_PC#6006355499388170240 nomove
CARD 2
Jibs_PC#6006355499388170240 placearmies 1 1
Jibs_PC#6006355499388170240 placearmies 1 1
Jibs_PC#6006355499388170240 placearmies 1 1
Jibs_PC#6006355499388170240 attack 1 38
Jibs_PC#6006355499388170240 roll 3
Jibs_PC#6006355499388170240 roll 2
DICE 3 2 4 3 0 3 0 
Jibs_PC#6006355499388170240 move 6
Jibs_PC#6006355499388170240 endattack
Jibs_PC#6006355499388170240 movearmies 42 40 1
CARD 4
Jibs_PC#6006355499388170240 placearmies 30 3
Jibs_PC#6006355499388170240 attack 30 28
Jibs_PC#6006355499388170240 roll 3
Jibs_PC#6006355499388170240 roll 1
DICE 3 1 5 5 4 5 
Jibs_PC#6006355499388170240 roll 2
Jibs_PC#6006355499388170240 roll 1
DICE 2 1 1 0 3 
Jibs_PC#6006355499388170240 retreat
Jibs_PC#6006355499388170240 endattack
Jibs_PC#6006355499388170240 nomove
CARD 
Jibs_PC#6006355499388170240 trade 13 24 11
Jibs_PC#6006355499388170240 placearmies 13 1
Jibs_PC#6006355499388170240 placearmies 13 8
Jibs_PC#6006355499388170240 placearmies 13 3
Jibs_PC#6006355499388170240 placearmies 13 1
Jibs_PC#6006355499388170240 attack 13 12
Jibs_PC#6006355499388170240 roll 3
Jibs_PC#6006355499388170240 roll 1
DICE 3 1 3 1 0 1 
Jibs_PC#6006355499388170240 move 15
Jibs_PC#6006355499388170240 attack 12 21
Jibs_PC#6006355499388170240 roll 3
Jibs_PC#6006355499388170240 roll 2
DICE 3 2 4 1 0 4 0 
Jibs_PC#6006355499388170240 roll 3
Jibs_PC#6006355499388170240 roll 1
DICE 3 1 4 3 1 5 
Jibs_PC#6006355499388170240 roll 3
Jibs_PC#6006355499388170240 roll 1
DICE 3 1 5 4 2 0 
Jibs_PC#6006355499388170240 move 12
Jibs_PC#6006355499388170240 attack 21 22
Jibs_PC#6006355499388170240 roll 3
Jibs_PC#6006355499388170240 roll 2
DICE 3 2 4 2 1 2 0 
Jibs_PC#6006355499388170240 move 11
Jibs_PC#6006355499388170240 attack 22 24
Jibs_PC#6006355499388170240 roll 3
Jibs_PC#6006355499388170240 roll 1
DICE 3 1 3 2 1 5 
Jibs_PC#6006355499388170240 roll 3
Jibs_PC#6006355499388170240 roll 1
DICE 3 1 2 1 0 5 
Jibs_PC#6006355499388170240 roll 3
Jibs_PC#6006355499388170240 roll 1
DICE 3 1 4 1 1 3 
Jibs_PC#6006355499388170240 move 8
Jibs_PC#6006355499388170240 attack 24 23
Jibs_PC#6006355499388170240 roll 3
Jibs_PC#6006355499388170240 roll 1
DICE 3 1 3 3 2 1 
Jibs_PC#6006355499388170240 move 7
Jibs_PC#6006355499388170240 attack 23 25
Jibs_PC#6006355499388170240 roll 3
Jibs_PC#6006355499388170240 roll 2
DICE 3 2 5 4 1 5 2 
Jibs_PC#6006355499388170240 roll 3
Jibs_PC#6006355499388170240 roll 1
DICE 3 1 4 4 0 5 
Jibs_PC#6006355499388170240 roll 3
Jibs_PC#6006355499388170240 roll 1
DICE 3 1 5 3 1 2 
Jibs_PC#6006355499388170240 move 4
Jibs_PC#6006355499388170240 attack 25 26
Jibs_PC#6006355499388170240 roll 3
Jibs_PC#6006355499388170240 roll 1
DICE 3 1 4 0 0 0 
Jibs_PC#6006355499388170240 endattack
Jibs_PC#6006355499388170240 movearmies 26 24 1
CARD 23
Jibs_PC#6006355499388170240 placearmies 39 1
Jibs_PC#6006355499388170240 placearmies 39 1
Jibs_PC#6006355499388170240 placearmies 19 1
Jibs_PC#6006355499388170240 attack 39 41
Jibs_PC#6006355499388170240 roll 3
Jibs_PC#6006355499388170240 roll 2
DICE 3 2 4 3 1 5 0 
Jibs_PC#6006355499388170240 roll 3
Jibs_PC#6006355499388170240 roll 1
DICE 3 1 1 1 0 4 
Jibs_PC#6006355499388170240 retreat
Jibs_PC#6006355499388170240 attack 39 41
Jibs_PC#6006355499388170240 roll 3
Jibs_PC#6006355499388170240 roll 1
DICE 3 1 4 4 2 1 
Jibs_PC#6006355499388170240 attack 41 42
Jibs_PC#6006355499388170240 roll 2
Jibs_PC#6006355499388170240 roll 1
DICE 2 1 4 3 1 
Jibs_PC#6006355499388170240 attack 19 21
Jibs_PC#6006355499388170240 roll 3
Jibs_PC#6006355499388170240 roll 1
DICE 3 1 3 2 1 0 
Jibs_PC#6006355499388170240 endattack
Jibs_PC#6006355499388170240 nomove
CARD 20
Jibs_PC#6006355499388170240 placearmies 3 2
Jibs_PC#6006355499388170240 placearmies 3 1
Jibs_PC#6006355499388170240 attack 3 1
Jibs_PC#6006355499388170240 roll 3
Jibs_PC#6006355499388170240 roll 1
DICE 3 1 4 2 1 4 
Jibs_PC#6006355499388170240 roll 3
Jibs_PC#6006355499388170240 roll 1
DICE 3 1 3 1 0 4 
Jibs_PC#6006355499388170240 roll 2
Jibs_PC#6006355499388170240 roll 1
DICE 2 1 4 1 0 
Jibs_PC#6006355499388170240 endattack
Jibs_PC#6006355499388170240 nomove
CARD 22
Jibs_PC#6006355499388170240 trade 41 9 2
Jibs_PC#6006355499388170240 placearmies 11 2
Jibs_PC#6006355499388170240 placearmies 11 4
Jibs_PC#6006355499388170240 placearmies 11 1
Jibs_PC#6006355499388170240 placearmies 11 1
Jibs_PC#6006355499388170240 placearmies 11 1
Jibs_PC#6006355499388170240 placearmies 11 1
Jibs_PC#6006355499388170240 placearmies 11 1
Jibs_PC#6006355499388170240 attack 11 12
Jibs_PC#6006355499388170240 roll 3
Jibs_PC#6006355499388170240 roll 1
DICE 3 1 4 4 4 4 
Jibs_PC#6006355499388170240 roll 3
Jibs_PC#6006355499388170240 roll 1
DICE 3 1 4 2 0 2 
Jibs_PC#6006355499388170240 move 11
Jibs_PC#6006355499388170240 attack 12 13
Jibs_PC#6006355499388170240 roll 3
Jibs_PC#6006355499388170240 roll 1
DICE 3 1 4 2 0 2 
Jibs_PC#6006355499388170240 move 3
Jibs_PC#6006355499388170240 endattack
Jibs_PC#6006355499388170240 movearmies 12 10 1
CARD 31
Jibs_PC#6006355499388170240 placearmies 40 3
Jibs_PC#6006355499388170240 attack 40 42
Jibs_PC#6006355499388170240 roll 3
Jibs_PC#6006355499388170240 roll 2
DICE 3 2 2 1 0 4 0 
Jibs_PC#6006355499388170240 roll 3
Jibs_PC#6006355499388170240 roll 1
DICE 3 1 4 1 0 0 
Jibs_PC#6006355499388170240 attack 42 41
Jibs_PC#6006355499388170240 roll 2
Jibs_PC#6006355499388170240 roll 1
DICE 2 1 4 0 2 
Jibs_PC#6006355499388170240 endattack
Jibs_PC#6006355499388170240 nomove
CARD 8
Jibs_PC#6006355499388170240 placearmies 30 2
Jibs_PC#6006355499388170240 placearmies 30 1
Jibs_PC#6006355499388170240 attack 30 28
Jibs_PC#6006355499388170240 roll 3
Jibs_PC#6006355499388170240 roll 1
DICE 3 1 5 2 0 4 
Jibs_PC#6006355499388170240 move 4
Jibs_PC#6006355499388170240 attack 28 29
Jibs_PC#6006355499388170240 roll 3
Jibs_PC#6006355499388170240 roll 1
DICE 3 1 2 2 0 4 
Jibs_PC#6006355499388170240 roll 2
Jibs_PC#6006355499388170240 roll 1
DICE 2 1 5 1 2 
Jibs_PC#6006355499388170240 endattack
Jibs_PC#6006355499388170240 nomove
CARD 42
Jibs_PC#6006355499388170240 trade 10 26 23
Jibs_PC#6006355499388170240 placearmies 5 3
Jibs_PC#6006355499388170240 placearmies 5 5
Jibs_PC#6006355499388170240 placearmies 5 5
Jibs_PC#6006355499388170240 attack 5 10
Jibs_PC#6006355499388170240 roll 3
Jibs_PC#6006355499388170240 roll 2
DICE 3 2 5 1 0 4 1 
Jibs_PC#6006355499388170240 roll 3
Jibs_PC#6006355499388170240 roll 1
DICE 3 1 1 1 0 2 
Jibs_PC#6006355499388170240 roll 3
Jibs_PC#6006355499388170240 roll 1
DICE 3 1 3 1 1 4 
Jibs_PC#6006355499388170240 roll 3
Jibs_PC#6006355499388170240 roll 1
DICE 3 1 4 3 0 1 
Jibs_PC#6006355499388170240 move 10
Jibs_PC#6006355499388170240 attack 10 11
Jibs_PC#6006355499388170240 roll 3
Jibs_PC#6006355499388170240 roll 1
DICE 3 1 3 2 0 1 
Jibs_PC#6006355499388170240 move 9
Jibs_PC#6006355499388170240 attack 11 12
Jibs_PC#6006355499388170240 roll 3
Jibs_PC#6006355499388170240 roll 2
DICE 3 2 4 3 1 4 2 
Jibs_PC#6006355499388170240 roll 3
Jibs_PC#6006355499388170240 roll 2
DICE 3 2 5 4 2 4 0 
Jibs_PC#6006355499388170240 roll 3
Jibs_PC#6006355499388170240 roll 2
DICE 3 2 5 2 1 3 1 
Jibs_PC#6006355499388170240 roll 3
Jibs_PC#6006355499388170240 roll 2
DICE 3 2 5 3 1 5 4 
Jibs_PC#6006355499388170240 roll 3
Jibs_PC#6006355499388170240 roll 2
DICE 3 2 3 1 1 4 3 
Jibs_PC#6006355499388170240 retreat
Jibs_PC#6006355499388170240 endattack
Jibs_PC#6006355499388170240 movearmies 26 24 3
CARD 32
Jibs_PC#6006355499388170240 trade 15 37 20
Jibs_PC#6006355499388170240 placearmies 21 9
Jibs_PC#6006355499388170240 placearmies 39 4
Jibs_PC#6006355499388170240 attack 39 40
Jibs_PC#6006355499388170240 roll 3
Jibs_PC#6006355499388170240 roll 1
DICE 3 1 2 2 1 4 
Jibs_PC#6006355499388170240 roll 3
Jibs_PC#6006355499388170240 roll 1
DICE 3 1 5 1 0 5 
Jibs_PC#6006355499388170240 roll 2
Jibs_PC#6006355499388170240 roll 1
DICE 2 1 4 4 4 
Jibs_PC#6006355499388170240 retreat
Jibs_PC#6006355499388170240 attack 15 16
Jibs_PC#6006355499388170240 roll 3
Jibs_PC#6006355499388170240 roll 1
DICE 3 1 4 3 2 3 
Jibs_PC#6006355499388170240 attack 21 12
Jibs_PC#6006355499388170240 roll 3
Jibs_PC#6006355499388170240 roll 2
DICE 3 2 4 3 0 2 0 
Jibs_PC#6006355499388170240 move 10
Jibs_PC#6006355499388170240 attack 12 10
Jibs_PC#6006355499388170240 roll 3
Jibs_PC#6006355499388170240 roll 1
DICE 3 1 4 3 1 2 
Jibs_PC#6006355499388170240 move 9
Jibs_PC#6006355499388170240 attack 10 11
Jibs_PC#6006355499388170240 roll 3
Jibs_PC#6006355499388170240 roll 2
DICE 3 2 5 3 0 3 1 
Jibs_PC#6006355499388170240 roll 3
Jibs_PC#6006355499388170240 roll 2
DICE 3 2 5 2 2 4 3 
Jibs_PC#6006355499388170240 roll 3
Jibs_PC#6006355499388170240 roll 1
DICE 3 1 1 1 0 0 
Jibs_PC#6006355499388170240 move 7
Jibs_PC#6006355499388170240 attack 11 13
Jibs_PC#6006355499388170240 roll 3
Jibs_PC#6006355499388170240 roll 2
DICE 3 2 3 3 0 3 1 
Jibs_PC#6006355499388170240 roll 3
Jibs_PC#6006355499388170240 roll 2
DICE 3 2 5 4 0 5 3 
Jibs_PC#6006355499388170240 roll 3
Jibs_PC#6006355499388170240 roll 1
DICE 3 1 3 2 1 0 
Jibs_PC#6006355499388170240 move 3
Jibs_PC#6006355499388170240 endattack
Jibs_PC#6006355499388170240 movearmies 11 10 1
CARD 30
Jibs_PC#6006355499388170240 trade 29 27 22
Jibs_PC#6006355499388170240 placearmies 8 3
Jibs_PC#6006355499388170240 placearmies 4 8
Jibs_PC#6006355499388170240 placearmies 4 2
Jibs_PC#6006355499388170240 attack 4 7
Jibs_PC#6006355499388170240 roll 3
Jibs_PC#6006355499388170240 roll 1
DICE 3 1 4 4 3 0 
Jibs_PC#6006355499388170240 move 10
Jibs_PC#6006355499388170240 attack 7 6
Jibs_PC#6006355499388170240 roll 3
Jibs_PC#6006355499388170240 roll 1
DICE 3 1 4 1 0 3 
Jibs_PC#6006355499388170240 move 9
Jibs_PC#6006355499388170240 attack 6 14
Jibs_PC#6006355499388170240 roll 3
Jibs_PC#6006355499388170240 roll 1
DICE 3 1 5 1 0 0 
Jibs_PC#6006355499388170240 move 8
Jibs_PC#6006355499388170240 endattack
Jibs_PC#6006355499388170240 movearmies 8 7 4
CARD 36
Jibs_PC#6006355499388170240 placearmies 41 3
Jibs_PC#6006355499388170240 attack 41 39
Jibs_PC#6006355499388170240 roll 3
Jibs_PC#6006355499388170240 roll 2
DICE 3 2 5 2 1 0 0 
Jibs_PC#6006355499388170240 move 4
Jibs_PC#6006355499388170240 endattack
Jibs_PC#6006355499388170240 nomove
CARD 17
Jibs_PC#6006355499388170240 trade 28 12 42
Jibs_PC#6006355499388170240 placearmies 29 2
Jibs_PC#6006355499388170240 placearmies 29 7
Jibs_PC#6006355499388170240 placearmies 29 4
Jibs_PC#6006355499388170240 attack 29 32
Jibs_PC#6006355499388170240 roll 3
Jibs_PC#6006355499388170240 roll 1
DICE 3 1 4 3 2 1 
Jibs_PC#6006355499388170240 move 14
Jibs_PC#6006355499388170240 attack 32 31
Jibs_PC#6006355499388170240 roll 3
Jibs_PC#6006355499388170240 roll 1
DICE 3 1 5 5 2 0 
Jibs_PC#6006355499388170240 move 13
Jibs_PC#6006355499388170240 attack 31 22
Jibs_PC#6006355499388170240 roll 3
Jibs_PC#6006355499388170240 roll 1
DICE 3 1 2 1 0 4 
Jibs_PC#6006355499388170240 roll 3
Jibs_PC#6006355499388170240 roll 1
DICE 3 1 5 4 4 4 
Jibs_PC#6006355499388170240 move 11
Jibs_PC#6006355499388170240 attack 22 21
Jibs_PC#6006355499388170240 roll 3
Jibs_PC#6006355499388170240 roll 2
DICE 3 2 5 3 1 5 3 
Jibs_PC#6006355499388170240 roll 3
Jibs_PC#6006355499388170240 roll 2
DICE 3 2 4 3 1 4 0 
Jibs_PC#6006355499388170240 retreat
Jibs_PC#6006355499388170240 endattack
Jibs_PC#6006355499388170240 nomove
CARD 1
Jibs_PC#6006355499388170240 placearmies 24 3
Jibs_PC#6006355499388170240 attack 24 21
Jibs_PC#6006355499388170240 roll 3
Jibs_PC#6006355499388170240 roll 1
DICE 3 1 5 4 2 1 
Jibs_PC#6006355499388170240 move 7
Jibs_PC#6006355499388170240 attack 21 12
Jibs_PC#6006355499388170240 roll 3
Jibs_PC#6006355499388170240 roll 1
DICE 3 1 4 3 1 3 
Jibs_PC#6006355499388170240 move 6
Jibs_PC#6006355499388170240 attack 12 13
Jibs_PC#6006355499388170240 roll 3
Jibs_PC#6006355499388170240 roll 2
DICE 3 2 2 1 1 1 1 
Jibs_PC#6006355499388170240 roll 3
Jibs_PC#6006355499388170240 roll 2
DICE 3 2 5 3 0 5 1 
Jibs_PC#6006355499388170240 retreat
Jibs_PC#6006355499388170240 endattack
Jibs_PC#6006355499388170240 nomove
CARD 33
Jibs_PC#6006355499388170240 placearmies 16 1
Jibs_PC#6006355499388170240 placearmies 10 2
Jibs_PC#6006355499388170240 attack 10 5
Jibs_PC#6006355499388170240 roll 3
Jibs_PC#6006355499388170240 roll 1
DICE 3 1 5 4 1 2 
Jibs_PC#6006355499388170240 endattack
Jibs_PC#6006355499388170240 nomove
CARD 39
Jibs_PC#6006355499388170240 trade 7 3 31
Jibs_PC#6006355499388170240 placearmies 14 10
Jibs_PC#6006355499388170240 placearmies 14 3
Jibs_PC#6006355499388170240 attack 7 2
Jibs_PC#6006355499388170240 roll 3
Jibs_PC#6006355499388170240 roll 1
DICE 3 1 5 5 2 5 
Jibs_PC#6006355499388170240 roll 3
Jibs_PC#6006355499388170240 roll 1
DICE 3 1 5 4 1 5 
Jibs_PC#6006355499388170240 roll 3
Jibs_PC#6006355499388170240 roll 1
DICE 3 1 3 2 1 4 
Jibs_PC#6006355499388170240 roll 3
Jibs_PC#6006355499388170240 roll 1
DICE 3 1 3 2 0 5 
Jibs_PC#6006355499388170240 roll 2
Jibs_PC#6006355499388170240 roll 1
DICE 2 1 4 0 4 
Jibs_PC#6006355499388170240 retreat
Jibs_PC#6006355499388170240 attack 14 17
Jibs_PC#6006355499388170240 roll 3
Jibs_PC#6006355499388170240 roll 1
DICE 3 1 2 1 1 4 
Jibs_PC#6006355499388170240 roll 3
Jibs_PC#6006355499388170240 roll 1
DICE 3 1 1 0 0 2 
Jibs_PC#6006355499388170240 roll 3
Jibs_PC#6006355499388170240 roll 1
DICE 3 1 5 4 2 0 
Jibs_PC#6006355499388170240 move 18
Jibs_PC#6006355499388170240 attack 17 19
Jibs_PC#6006355499388170240 roll 3
Jibs_PC#6006355499388170240 roll 1
DICE 3 1 4 1 1 5 
Jibs_PC#6006355499388170240 roll 3
Jibs_PC#6006355499388170240 roll 1
DICE 3 1 5 0 0 5 
Jibs_PC#6006355499388170240 roll 3
Jibs_PC#6006355499388170240 roll 1
DICE 3 1 5 3 2 3 
Jibs_PC#6006355499388170240 move 15
Jibs_PC#6006355499388170240 attack 19 20
Jibs_PC#6006355499388170240 roll 3
Jibs_PC#6006355499388170240 roll 1
DICE 3 1 5 4 3 4 
Jibs_PC#6006355499388170240 move 14
Jibs_PC#6006355499388170240 attack 20 16
Jibs_PC#6006355499388170240 roll 3
Jibs_PC#6006355499388170240 roll 2
DICE 3 2 5 4 1 3 0 
Jibs_PC#6006355499388170240 roll 3
Jibs_PC#6006355499388170240 roll 2
DICE 3 2 5 4 1 3 1 
Jibs_PC#6006355499388170240 move 13
Jibs_PC#6006355499388170240 attack 16 18
Jibs_PC#6006355499388170240 roll 3
Jibs_PC#6006355499388170240 roll 1
DICE 3 1 3 2 2 2 
Jibs_PC#6006355499388170240 move 5
Jibs_PC#6006355499388170240 attack 16 15
Jibs_PC#6006355499388170240 roll 3
Jibs_PC#6006355499388170240 roll 1
DICE 3 1 5 5 0 3 
Jibs_PC#6006355499388170240 move 3
Jibs_PC#6006355499388170240 attack 16 31
Jibs_PC#6006355499388170240 roll 3
Jibs_PC#6006355499388170240 roll 1
DICE 3 1 4 3 0 3 
Jibs_PC#6006355499388170240 move 3
Jibs_PC#6006355499388170240 endattack
Jibs_PC#6006355499388170240 movearmies 31 16 2
CARD 34
Jibs_PC#6006355499388170240 trade 16 4 17
Jibs_PC#6006355499388170240 placearmies 38 15
Jibs_PC#6006355499388170240 attack 38 36
Jibs_PC#6006355499388170240 roll 3
Jibs_PC#6006355499388170240 roll 1
DICE 3 1 5 3 1 0 
Jibs_PC#6006355499388170240 move 20
Jibs_PC#6006355499388170240 attack 36 29
Jibs_PC#6006355499388170240 roll 3
Jibs_PC#6006355499388170240 roll 1
DICE 3 1 3 1 0 3 
Jibs_PC#6006355499388170240 roll 3
Jibs_PC#6006355499388170240 roll 1
DICE 3 1 5 5 1 2 
Jibs_PC#6006355499388170240 move 18
Jibs_PC#6006355499388170240 attack 29 30
Jibs_PC#6006355499388170240 roll 3
Jibs_PC#6006355499388170240 roll 1
DICE 3 1 5 4 1 3 
Jibs_PC#6006355499388170240 move 17
Jibs_PC#6006355499388170240 attack 30 16
Jibs_PC#6006355499388170240 roll 3
Jibs_PC#6006355499388170240 roll 2
DICE 3 2 5 3 2 5 1 
Jibs_PC#6006355499388170240 roll 3
Jibs_PC#6006355499388170240 roll 2
DICE 3 2 5 1 1 3 0 
Jibs_PC#6006355499388170240 roll 3
Jibs_PC#6006355499388170240 roll 1
DICE 3 1 5 2 2 5 
Jibs_PC#6006355499388170240 roll 3
Jibs_PC#6006355499388170240 roll 1
DICE 3 1 5 2 1 0 
Jibs_PC#6006355499388170240 move 14
Jibs_PC#6006355499388170240 attack 16 31
Jibs_PC#6006355499388170240 roll 3
Jibs_PC#6006355499388170240 roll 1
DICE 3 1 3 2 0 3 
Jibs_PC#6006355499388170240 roll 3
Jibs_PC#6006355499388170240 roll 1
DICE 3 1 2 0 0 0 
Jibs_PC#6006355499388170240 move 12
Jibs_PC#6006355499388170240 attack 31 32
Jibs_PC#6006355499388170240 roll 3
Jibs_PC#6006355499388170240 roll 1
DICE 3 1 5 5 2 2 
Jibs_PC#6006355499388170240 move 5
Jibs_PC#6006355499388170240 attack 32 33
Jibs_PC#6006355499388170240 roll 3
Jibs_PC#6006355499388170240 roll 1
DICE 3 1 4 2 2 1 
Jibs_PC#6006355499388170240 move 3
Jibs_PC#6006355499388170240 attack 31 20
Jibs_PC#6006355499388170240 roll 3
Jibs_PC#6006355499388170240 roll 1
DICE 3 1 4 4 2 5 
Jibs_PC#6006355499388170240 roll 3
Jibs_PC#6006355499388170240 roll 1
DICE 3 1 5 4 2 2 
Jibs_PC#6006355499388170240 move 4
Jibs_PC#6006355499388170240 endattack
Jibs_PC#6006355499388170240 movearmies 20 31 3
CARD 14
Jibs_PC#6006355499388170240 placearmies 22 3
Jibs_PC#6006355499388170240 attack 28 29
Jibs_PC#6006355499388170240 roll 2
Jibs_PC#6006355499388170240 roll 1
DICE 2 1 5 5 0 
Jibs_PC#6006355499388170240 attack 35 38
Jibs_PC#6006355499388170240 roll 2
Jibs_PC#6006355499388170240 roll 1
DICE 2 1 3 3 4 
Jibs_PC#6006355499388170240 retreat
Jibs_PC#6006355499388170240 attack 22 31
Jibs_PC#6006355499388170240 roll 3
Jibs_PC#6006355499388170240 roll 2
DICE 3 2 5 5 0 4 2 
Jibs_PC#6006355499388170240 roll 3
Jibs_PC#6006355499388170240 roll 2
DICE 3 2 4 3 0 5 4 
Jibs_PC#6006355499388170240 roll 3
Jibs_PC#6006355499388170240 roll 2
DICE 3 2 4 2 0 4 2 
Jibs_PC#6006355499388170240 roll 3
Jibs_PC#6006355499388170240 roll 2
DICE 3 2 5 2 1 5 2 
Jibs_PC#6006355499388170240 roll 3
Jibs_PC#6006355499388170240 roll 2
DICE 3 2 5 1 0 5 4 
Jibs_PC#6006355499388170240 retreat
Jibs_PC#6006355499388170240 endattack
Jibs_PC#6006355499388170240 nomove
CARD wildcard
Jibs_PC#6006355499388170240 placearmies 12 3
Jibs_PC#6006355499388170240 attack 12 10
Jibs_PC#6006355499388170240 roll 3
Jibs_PC#6006355499388170240 roll 1
DICE 3 1 5 2 0 3 
Jibs_PC#6006355499388170240 move 6
Jibs_PC#6006355499388170240 attack 10 11
Jibs_PC#6006355499388170240 roll 3
Jibs_PC#6006355499388170240 roll 1
DICE 3 1 4 1 0 1 
Jibs_PC#6006355499388170240 move 5
Jibs_PC#6006355499388170240 attack 11 13
Jibs_PC#6006355499388170240 roll 3
Jibs_PC#6006355499388170240 roll 1
DICE 3 1 5 1 0 1 
Jibs_PC#6006355499388170240 move 3
Jibs_PC#6006355499388170240 endattack
Jibs_PC#6006355499388170240 movearmies 11 10 1
CARD 21
Jibs_PC#6006355499388170240 placearmies 5 1
Jibs_PC#6006355499388170240 placearmies 5 1
Jibs_PC#6006355499388170240 placearmies 5 1
Jibs_PC#6006355499388170240 attack 5 10
Jibs_PC#6006355499388170240 roll 3
Jibs_PC#6006355499388170240 roll 2
DICE 3 2 3 2 2 5 2 
Jibs_PC#6006355499388170240 roll 3
Jibs_PC#6006355499388170240 roll 2
DICE 3 2 4 3 1 4 3 
Jibs_PC#6006355499388170240 retreat
Jibs_PC#6006355499388170240 endattack
Jibs_PC#6006355499388170240 nomove
CARD 
Jibs_PC#6006355499388170240 trade 19 36 34
Jibs_PC#6006355499388170240 placearmies 4 5
Jibs_PC#6006355499388170240 placearmies 18 3
Jibs_PC#6006355499388170240 placearmies 18 6
Jibs_PC#6006355499388170240 attack 4 5
Jibs_PC#6006355499388170240 roll 3
Jibs_PC#6006355499388170240 roll 2
DICE 3 2 5 2 1 1 0 
Jibs_PC#6006355499388170240 move 5
Jibs_PC#6006355499388170240 attack 5 10
Jibs_PC#6006355499388170240 roll 3
Jibs_PC#6006355499388170240 roll 2
DICE 3 2 4 2 0 4 2 
Jibs_PC#6006355499388170240 retreat
Jibs_PC#6006355499388170240 attack 18 20
Jibs_PC#6006355499388170240 roll 3
Jibs_PC#6006355499388170240 roll 1
DICE 3 1 5 5 0 0 
Jibs_PC#6006355499388170240 move 13
Jibs_PC#6006355499388170240 attack 20 21
Jibs_PC#6006355499388170240 roll 3
Jibs_PC#6006355499388170240 roll 1
DICE 3 1 4 3 1 4 
Jibs_PC#6006355499388170240 roll 3
Jibs_PC#6006355499388170240 roll 1
DICE 3 1 2 2 1 5 
Jibs_PC#6006355499388170240 roll 3
Jibs_PC#6006355499388170240 roll 1
DICE 3 1 4 1 0 1 
Jibs_PC#6006355499388170240 move 10
Jibs_PC#6006355499388170240 attack 21 12
Jibs_PC#6006355499388170240 roll 3
Jibs_PC#6006355499388170240 roll 1
DICE 3 1 3 1 0 2 
Jibs_PC#6006355499388170240 move 9
Jibs_PC#6006355499388170240 attack 12 11
Jibs_PC#6006355499388170240 roll 3
Jibs_PC#6006355499388170240 roll 1
DICE 3 1 0 0 0 5 
Jibs_PC#6006355499388170240 roll 3
Jibs_PC#6006355499388170240 roll 1
DICE 3 1 3 1 1 2 
Jibs_PC#6006355499388170240 move 7
Jibs_PC#6006355499388170240 attack 11 10
Jibs_PC#6006355499388170240 roll 3
Jibs_PC#6006355499388170240 roll 2
DICE 3 2 4 2 1 3 2 
Jibs_PC#6006355499388170240 roll 3
Jibs_PC#6006355499388170240 roll 1
DICE 3 1 3 2 1 4 
Jibs_PC#6006355499388170240 retreat
Jibs_PC#6006355499388170240 attack 5 10
Jibs_PC#6006355499388170240 roll 2
Jibs_PC#6006355499388170240 roll 1
DICE 2 1 4 3 4 
Jibs_PC#6006355499388170240 retreat
Jibs_PC#6006355499388170240 attack 11 10
Jibs_PC#6006355499388170240 roll 3
Jibs_PC#6006355499388170240 roll 1
DICE 3 1 3 3 0 4 
Jibs_PC#6006355499388170240 roll 3
Jibs_PC#6006355499388170240 roll 1
DICE 3 1 5 2 1 1 
Jibs_PC#6006355499388170240 attack 15 16
Jibs_PC#6006355499388170240 roll 2
Jibs_PC#6006355499388170240 roll 1
DICE 2 1 5 2 2 
Jibs_PC#6006355499388170240 endattack
Jibs_PC#6006355499388170240 movearmies 7 6 1
CARD 40
Jibs_PC#6006355499388170240 placearmies 31 2
Jibs_PC#6006355499388170240 placearmies 33 3
Jibs_PC#6006355499388170240 attack 31 20
Jibs_PC#6006355499388170240 roll 3
Jibs_PC#6006355499388170240 roll 1
DICE 3 1 3 3 2 2 
Jibs_PC#6006355499388170240 move 4
Jibs_PC#6006355499388170240 attack 33 29
Jibs_PC#6006355499388170240 roll 3
Jibs_PC#6006355499388170240 roll 2
DICE 3 2 5 5 0 5 3 
Jibs_PC#6006355499388170240 roll 3
Jibs_PC#6006355499388170240 roll 1
DICE 3 1 4 3 0 5 
Jibs_PC#6006355499388170240 roll 3
Jibs_PC#6006355499388170240 roll 1
DICE 3 1 4 0 0 3 
Jibs_PC#6006355499388170240 attack 29 28
Jibs_PC#6006355499388170240 roll 2
Jibs_PC#6006355499388170240 roll 1
DICE 2 1 5 0 4 
Jibs_PC#6006355499388170240 attack 20 18
Jibs_PC#6006355499388170240 roll 3
Jibs_PC#6006355499388170240 roll 1
DICE 3 1 0 0 0 4 
Jibs_PC#6006355499388170240 roll 2
Jibs_PC#6006355499388170240 roll 1
DICE 2 1 5 0 0 
Jibs_PC#6006355499388170240 endattack
Jibs_PC#6006355499388170240 movearmies 28 29 1
CARD wildcard
Jibs_PC#6006355499388170240 trade 18 1 wildcard
Jibs_PC#6006355499388170240 placearmies 22 1
Jibs_PC#6006355499388170240 placearmies 22 11
Jibs_PC#6006355499388170240 placearmies 22 1
Jibs_PC#6006355499388170240 attack 22 31
Jibs_PC#6006355499388170240 roll 3
Jibs_PC#6006355499388170240 roll 1
DICE 3 1 5 2 0 3 
Jibs_PC#6006355499388170240 move 15
Jibs_PC#6006355499388170240 attack 31 32
Jibs_PC#6006355499388170240 roll 3
Jibs_PC#6006355499388170240 roll 2
DICE 3 2 5 3 0 3 2 
Jibs_PC#6006355499388170240 move 14
Jibs_PC#6006355499388170240 attack 32 33
Jibs_PC#6006355499388170240 roll 3
Jibs_PC#6006355499388170240 roll 1
DICE 3 1 4 2 0 5 
Jibs_PC#6006355499388170240 roll 3
Jibs_PC#6006355499388170240 roll 1
DICE 3 1 5 4 2 4 
Jibs_PC#6006355499388170240 move 12
Jibs_PC#6006355499388170240 attack 33 39
Jibs_PC#6006355499388170240 roll 3
Jibs_PC#6006355499388170240 roll 2
DICE 3 2 4 4 0 1 1 
Jibs_PC#6006355499388170240 roll 3
Jibs_PC#6006355499388170240 roll 2
DICE 3 2 4 0 0 5 3 
Jibs_PC#6006355499388170240 roll 3
Jibs_PC#6006355499388170240 roll 2
DICE 3 2 4 4 3 2 1 
Jibs_PC#6006355499388170240 move 9
Jibs_PC#6006355499388170240 attack 39 41
Jibs_PC#6006355499388170240 roll 3
Jibs_PC#6006355499388170240 roll 1
DICE 3 1 5 4 2 2 
Jibs_PC#6006355499388170240 move 8
Jibs_PC#6006355499388170240 attack 41 42
Jibs_PC#6006355499388170240 roll 3
Jibs_PC#6006355499388170240 roll 1
DICE 3 1 5 3 0 0 
Jibs_PC#6006355499388170240 move 5
Jibs_PC#6006355499388170240 attack 42 40
Jibs_PC#6006355499388170240 roll 3
Jibs_PC#6006355499388170240 roll 1
DICE 3 1 5 3 1 2 
Jibs_PC#6006355499388170240 move 3
Jibs_PC#6006355499388170240 endattack
Jibs_PC#6006355499388170240 movearmies 40 39 1
CARD 19
Jibs_PC#6006355499388170240 placearmies 13 1
Jibs_PC#6006355499388170240 placearmies 13 1
Jibs_PC#6006355499388170240 placearmies 13 1
Jibs_PC#6006355499388170240 attack 13 11
Jibs_PC#6006355499388170240 roll 3
Jibs_PC#6006355499388170240 roll 1
DICE 3 1 4 4 3 2 
Jibs_PC#6006355499388170240 move 5
Jibs_PC#6006355499388170240 attack 11 10
Jibs_PC#6006355499388170240 roll 3
Jibs_PC#6006355499388170240 roll 2
DICE 3 2 5 2 2 5 0 
Jibs_PC#6006355499388170240 roll 3
Jibs_PC#6006355499388170240 roll 2
DICE 3 2 5 3 0 4 2 
Jibs_PC#6006355499388170240 attack 10 12
Jibs_PC#6006355499388170240 roll 2
Jibs_PC#6006355499388170240 roll 1
DICE 2 1 2 1 0 
Jibs_PC#6006355499388170240 endattack
Jibs_PC#6006355499388170240 nomove
CARD 16
Jibs_PC#6006355499388170240 placearmies 1 3
Jibs_PC#6006355499388170240 placearmies 19 1
Jibs_PC#6006355499388170240 attack 1 2
Jibs_PC#6006355499388170240 roll 3
Jibs_PC#6006355499388170240 roll 1
DICE 3 1 5 3 1 2 
Jibs_PC#6006355499388170240 move 3
Jibs_PC#6006355499388170240 attack 19 20
Jibs_PC#6006355499388170240 roll 3
Jibs_PC#6006355499388170240 roll 1
DICE 3 1 5 4 2 1 
Jibs_PC#6006355499388170240 endattack
Jibs_PC#6006355499388170240 movearmies 16 15 1
CARD 2
Jibs_PC#6006355499388170240 trade 8 14 wildcard
Jibs_PC#6006355499388170240 placearmies 18 2
Jibs_PC#6006355499388170240 placearmies 38 5
Jibs_PC#6006355499388170240 placearmies 18 6
Jibs_PC#6006355499388170240 attack 38 1
Jibs_PC#6006355499388170240 roll 3
Jibs_PC#6006355499388170240 roll 2
DICE 3 2 5 3 0 4 0 
Jibs_PC#6006355499388170240 move 5
Jibs_PC#6006355499388170240 attack 18 19
Jibs_PC#6006355499388170240 roll 3
Jibs_PC#6006355499388170240 roll 1
DICE 3 1 5 3 3 2 
Jibs_PC#6006355499388170240 move 9
Jibs_PC#6006355499388170240 attack 19 17
Jibs_PC#6006355499388170240 roll 3
Jibs_PC#6006355499388170240 roll 1
DICE 3 1 0 0 0 2 
Jibs_PC#6006355499388170240 roll 3
Jibs_PC#6006355499388170240 roll 1
DICE 3 1 4 4 3 1 
Jibs_PC#6006355499388170240 move 7
Jibs_PC#6006355499388170240 attack 17 14
Jibs_PC#6006355499388170240 roll 3
Jibs_PC#6006355499388170240 roll 1
DICE 3 1 5 0 0 1 
Jibs_PC#6006355499388170240 move 6
Jibs_PC#6006355499388170240 attack 14 15
Jibs_PC#6006355499388170240 roll 3
Jibs_PC#6006355499388170240 roll 2
DICE 3 2 3 3 2 3 1 
Jibs_PC#6006355499388170240 roll 3
Jibs_PC#6006355499388170240 roll 1
DICE 3 1 4 3 0 2 
Jibs_PC#6006355499388170240 move 4
Jibs_PC#6006355499388170240 attack 15 16
Jibs_PC#6006355499388170240 roll 3
Jibs_PC#6006355499388170240 roll 1
DICE 3 1 2 1 1 4 
Jibs_PC#6006355499388170240 roll 2
Jibs_PC#6006355499388170240 roll 1
DICE 2 1 3 0 0 
Jibs_PC#6006355499388170240 attack 1 3
Jibs_PC#6006355499388170240 roll 3
Jibs_PC#6006355499388170240 roll 1
DICE 3 1 5 5 2 0 
Jibs_PC#6006355499388170240 move 4
Jibs_PC#6006355499388170240 endattack
Jibs_PC#6006355499388170240 nomove
CARD 41
Jibs_PC#6006355499388170240 placearmies 35 6
Jibs_PC#6006355499388170240 attack 35 38
Jibs_PC#6006355499388170240 roll 3
Jibs_PC#6006355499388170240 roll 1
DICE 3 1 5 3 0 4 
Jibs_PC#6006355499388170240 move 7
Jibs_PC#6006355499388170240 attack 38 36
Jibs_PC#6006355499388170240 roll 3
Jibs_PC#6006355499388170240 roll 1
DICE 3 1 4 4 2 3 
Jibs_PC#6006355499388170240 move 6
Jibs_PC#6006355499388170240 attack 36 29
Jibs_PC#6006355499388170240 roll 3
Jibs_PC#6006355499388170240 roll 2
DICE 3 2 5 1 0 3 3 
Jibs_PC#6006355499388170240 roll 3
Jibs_PC#6006355499388170240 roll 1
DICE 3 1 2 1 0 0 
Jibs_PC#6006355499388170240 move 4
Jibs_PC#6006355499388170240 attack 29 30
Jibs_PC#6006355499388170240 roll 3
Jibs_PC#6006355499388170240 roll 1
DICE 3 1 1 1 0 0 
Jibs_PC#6006355499388170240 attack 30 28
Jibs_PC#6006355499388170240 roll 2
Jibs_PC#6006355499388170240 roll 1
DICE 2 1 5 3 3 
Jibs_PC#6006355499388170240 endattack
Jibs_PC#6006355499388170240 movearmies 41 39 1
CARD 20
Jibs_PC#6006355499388170240 placearmies 12 2
Jibs_PC#6006355499388170240 placearmies 10 1
Jibs_PC#6006355499388170240 placearmies 12 1
Jibs_PC#6006355499388170240 placearmies 12 1
Jibs_PC#6006355499388170240 attack 12 21
Jibs_PC#6006355499388170240 roll 3
Jibs_PC#6006355499388170240 roll 1
DICE 3 1 5 2 1 4 
Jibs_PC#6006355499388170240 move 5
Jibs_PC#6006355499388170240 attack 21 22
Jibs_PC#6006355499388170240 roll 3
Jibs_PC#6006355499388170240 roll 1
DICE 3 1 4 2 1 3 
Jibs_PC#6006355499388170240 move 3
Jibs_PC#6006355499388170240 attack 22 31
Jibs_PC#6006355499388170240 roll 2
Jibs_PC#6006355499388170240 roll 1
DICE 2 1 4 2 2 
Jibs_PC#6006355499388170240 endattack
Jibs_PC#6006355499388170240 movearmies 31 22 1
CARD 42
Jibs_PC#6006355499388170240 trade 30 39 2
Jibs_PC#6006355499388170240 placearmies 2 7
Jibs_PC#6006355499388170240 placearmies 5 6
Jibs_PC#6006355499388170240 attack 5 10
Jibs_PC#6006355499388170240 roll 3
Jibs_PC#6006355499388170240 roll 2
DICE 3 2 5 3 0 0 0 
Jibs_PC#6006355499388170240 move 7
Jibs_PC#6006355499388170240 attack 10 12
Jibs_PC#6006355499388170240 roll 3
Jibs_PC#6006355499388170240 roll 1
DICE 3 1 4 3 3 5 
Jibs_PC#6006355499388170240 roll 3
Jibs_PC#6006355499388170240 roll 1
DICE 3 1 5 5 0 0 
Jibs_PC#6006355499388170240 move 5
Jibs_PC#6006355499388170240 attack 12 21
Jibs_PC#6006355499388170240 roll 3
Jibs_PC#6006355499388170240 roll 2
DICE 3 2 5 1 1 3 3 
Jibs_PC#6006355499388170240 roll 3
Jibs_PC#6006355499388170240 roll 1
DICE 3 1 5 4 0 0 
Jibs_PC#6006355499388170240 attack 2 1
Jibs_PC#6006355499388170240 roll 3
Jibs_PC#6006355499388170240 roll 1
DICE 3 1 3 2 2 5 
Jibs_PC#6006355499388170240 roll 3
Jibs_PC#6006355499388170240 roll 1
DICE 3 1 4 2 0 2 
Jibs_PC#6006355499388170240 move 10
Jibs_PC#6006355499388170240 attack 1 3
Jibs_PC#6006355499388170240 roll 3
Jibs_PC#6006355499388170240 roll 2
DICE 3 2 5 4 3 5 0 
Jibs_PC#6006355499388170240 roll 3
Jibs_PC#6006355499388170240 roll 2
DICE 3 2 5 1 1 4 3 
Jibs_PC#6006355499388170240 roll 3
Jibs_PC#6006355499388170240 roll 2
DICE 3 2 4 1 0 5 3 
Jibs_PC#6006355499388170240 roll 3
Jibs_PC#6006355499388170240 roll 2
DICE 3 2 5 5 4 5 3 
Jibs_PC#6006355499388170240 roll 3
Jibs_PC#6006355499388170240 roll 1
DICE 3 1 5 4 1 4 
Jibs_PC#6006355499388170240 move 3
Jibs_PC#6006355499388170240 endattack
Jibs_PC#6006355499388170240 movearmies 3 1 2
CARD 34
Jibs_PC#6006355499388170240 placearmies 16 2
Jibs_PC#6006355499388170240 placearmies 16 1
Jibs_PC#6006355499388170240 attack 16 20
Jibs_PC#6006355499388170240 roll 3
Jibs_PC#6006355499388170240 roll 2
DICE 3 2 5 1 1 0 0 
Jibs_PC#6006355499388170240 roll 3
Jibs_PC#6006355499388170240 roll 1
DICE 3 1 4 4 0 0 
Jibs_PC#6006355499388170240 move 3
Jibs_PC#6006355499388170240 endattack
Jibs_PC#6006355499388170240 nomove
CARD 12
Jibs_PC#6006355499388170240 placearmies 32 4
Jibs_PC#6006355499388170240 placearmies 30 1
Jibs_PC#6006355499388170240 placearmies 38 1
Jibs_PC#6006355499388170240 placearmies 38 1
Jibs_PC#6006355499388170240 attack 32 31
Jibs_PC#6006355499388170240 roll 3
Jibs_PC#6006355499388170240 roll 1
DICE 3 1 2 2 1 3 
Jibs_PC#6006355499388170240 roll 3
Jibs_PC#6006355499388170240 roll 1
DICE 3 1 3 2 0 5 
Jibs_PC#6006355499388170240 roll 2
Jibs_PC#6006355499388170240 roll 1
DICE 2 1 5 5 5 
Jibs_PC#6006355499388170240 retreat
Jibs_PC#6006355499388170240 attack 38 1
Jibs_PC#6006355499388170240 roll 2
Jibs_PC#6006355499388170240 roll 2
DICE 2 2 1 1 3 2 
Jibs_PC#6006355499388170240 endattack
Jibs_PC#6006355499388170240 movearmies 39 33 1
CARD 
Jibs_PC#6006355499388170240 trade 32 21 42
Jibs_PC#6006355499388170240 placearmies 13 3
Jibs_PC#6006355499388170240 placearmies 13 4
Jibs_PC#6006355499388170240 attack 13 12
Jibs_PC#6006355499388170240 roll 3
Jibs_PC#6006355499388170240 roll 1
DICE 3 1 5 3 1 2 
Jibs_PC#6006355499388170240 move 7
Jibs_PC#6006355499388170240 attack 12 10
Jibs_PC#6006355499388170240 roll 3
Jibs_PC#6006355499388170240 roll 1
DICE 3 1 1 0 0 2 
Jibs_PC#6006355499388170240 roll 3
Jibs_PC#6006355499388170240 roll 1
DICE 3 1 4 3 1 5 
Jibs_PC#6006355499388170240 roll 3
Jibs_PC#6006355499388170240 roll 1
DICE 3 1 3 1 0 4 
Jibs_PC#6006355499388170240 roll 3
Jibs_PC#6006355499388170240 roll 1
DICE 3 1 5 5 3 0 
Jibs_PC#6006355499388170240 endattack
Jibs_PC#6006355499388170240 nomove
CARD 23
Jibs_PC#6006355499388170240 placearmies 5 1
Jibs_PC#6006355499388170240 placearmies 5 1
Jibs_PC#6006355499388170240 placearmies 21 2
Jibs_PC#6006355499388170240 placearmies 21 4
Jibs_PC#6006355499388170240 attack 21 12
Jibs_PC#6006355499388170240 roll 3
Jibs_PC#6006355499388170240 roll 1
DICE 3 1 5 5 0 0 
Jibs_PC#6006355499388170240 move 8
Jibs_PC#6006355499388170240 attack 12 13
Jibs_PC#6006355499388170240 roll 3
Jibs_PC#6006355499388170240 roll 1
DICE 3 1 2 1 0 3 
Jibs_PC#6006355499388170240 roll 3
Jibs_PC#6006355499388170240 roll 1
DICE 3 1 4 1 1 1 
Jibs_PC#6006355499388170240 move 6
Jibs_PC#6006355499388170240 attack 13 11
Jibs_PC#6006355499388170240 roll 3
Jibs_PC#6006355499388170240 roll 1
DICE 3 1 4 1 1 2 
Jibs_PC#6006355499388170240 move 5
Jibs_PC#6006355499388170240 attack 11 10
Jibs_PC#6006355499388170240 roll 3
Jibs_PC#6006355499388170240 roll 2
DICE 3 2 4 4 0 4 1 
Jibs_PC#6006355499388170240 roll 3
Jibs_PC#6006355499388170240 roll 2
DICE 3 2 2 1 1 2 1 
Jibs_PC#6006355499388170240 retreat
Jibs_PC#6006355499388170240 endattack
Jibs_PC#6006355499388170240 nomove
CARD 37
Jibs_PC#6006355499388170240 placearmies 20 1
Jibs_PC#6006355499388170240 placearmies 14 1
Jibs_PC#6006355499388170240 placearmies 19 1
Jibs_PC#6006355499388170240 placearmies 20 5
Jibs_PC#6006355499388170240 attack 20 21
Jibs_PC#6006355499388170240 roll 3
Jibs_PC#6006355499388170240 roll 1
DICE 3 1 5 3 2 3 
Jibs_PC#6006355499388170240 move 7
Jibs_PC#6006355499388170240 attack 21 12
Jibs_PC#6006355499388170240 roll 3
Jibs_PC#6006355499388170240 roll 1
DICE 3 1 2 1 0 0 
Jibs_PC#6006355499388170240 move 5
Jibs_PC#6006355499388170240 endattack
Jibs_PC#6006355499388170240 movearmies 12 21 4
CARD 22
Jibs_PC#6006355499388170240 placearmies 32 3
Jibs_PC#6006355499388170240 placearmies 38 1
Jibs_PC#6006355499388170240 placearmies 38 2
Jibs_PC#6006355499388170240 placearmies 38 1
Jibs_PC#6006355499388170240 attack 32 31
Jibs_PC#6006355499388170240 roll 3
Jibs_PC#6006355499388170240 roll 1
DICE 3 1 5 2 0 2 
Jibs_PC#6006355499388170240 move 4
Jibs_PC#6006355499388170240 attack 31 20
Jibs_PC#6006355499388170240 roll 3
Jibs_PC#6006355499388170240 roll 2
DICE 3 2 4 3 2 5 1 
Jibs_PC#6006355499388170240 roll 2
Jibs_PC#6006355499388170240 roll 1
DICE 2 1 5 1 1 
Jibs_PC#6006355499388170240 attack 38 1
Jibs_PC#6006355499388170240 roll 3
Jibs_PC#6006355499388170240 roll 2
DICE 3 2 4 1 0 5 2 
Jibs_PC#6006355499388170240 retreat
Jibs_PC#6006355499388170240 endattack
Jibs_PC#6006355499388170240 movearmies 20 31 1
CARD 36
Jibs_PC#6006355499388170240 placearmies 22 2
Jibs_PC#6006355499388170240 placearmies 22 1
Jibs_PC#6006355499388170240 attack 22 31
Jibs_PC#6006355499388170240 roll 3
Jibs_PC#6006355499388170240 roll 2
DICE 3 2 4 2 1 5 4 
Jibs_PC#6006355499388170240 retreat
Jibs_PC#6006355499388170240 attack 22 20
Jibs_PC#6006355499388170240 roll 2
Jibs_PC#6006355499388170240 roll 1
DICE 2 1 1 1 3 
Jibs_PC#6006355499388170240 retreat
Jibs_PC#6006355499388170240 endattack
Jibs_PC#6006355499388170240 nomove
CARD 
Jibs_PC#6006355499388170240 placearmies 1 4
Jibs_PC#6006355499388170240 placearmies 11 3
Jibs_PC#6006355499388170240 placearmies 1 1
Jibs_PC#6006355499388170240 attack 1 38
Jibs_PC#6006355499388170240 roll 3
Jibs_PC#6006355499388170240 roll 2
DICE 3 2 4 0 0 4 0 
Jibs_PC#6006355499388170240 roll 3
Jibs_PC#6006355499388170240 roll 2
DICE 3 2 3 2 2 3 1 
Jibs_PC#6006355499388170240 roll 3
Jibs_PC#6006355499388170240 roll 2
DICE 3 2 5 2 0 4 0 
Jibs_PC#6006355499388170240 move 5
Jibs_PC#6006355499388170240 attack 11 12
Jibs_PC#6006355499388170240 roll 3
Jibs_PC#6006355499388170240 roll 1
DICE 3 1 3 2 0 2 
Jibs_PC#6006355499388170240 move 4
Jibs_PC#6006355499388170240 attack 12 10
Jibs_PC#6006355499388170240 roll 3
Jibs_PC#6006355499388170240 roll 2
DICE 3 2 2 1 1 2 1 
Jibs_PC#6006355499388170240 retreat
Jibs_PC#6006355499388170240 attack 38 37
Jibs_PC#6006355499388170240 roll 3
Jibs_PC#6006355499388170240 roll 1
DICE 3 1 4 4 3 3 
Jibs_PC#6006355499388170240 move 3
Jibs_PC#6006355499388170240 endattack
Jibs_PC#6006355499388170240 movearmies 37 38 2
CARD 26
Jibs_PC#6006355499388170240 placearmies 21 3
Jibs_PC#6006355499388170240 attack 21 12
Jibs_PC#6006355499388170240 roll 3
Jibs_PC#6006355499388170240 roll 2
DICE 3 2 5 1 0 2 1 
Jibs_PC#6006355499388170240 roll 3
Jibs_PC#6006355499388170240 roll 1
DICE 3 1 4 3 0 3 
Jibs_PC#6006355499388170240 move 7
Jibs_PC#6006355499388170240 attack 12 10
Jibs_PC#6006355499388170240 roll 3
Jibs_PC#6006355499388170240 roll 2
DICE 3 2 3 3 0 2 2 
Jibs_PC#6006355499388170240 move 6
Jibs_PC#6006355499388170240 attack 10 5
Jibs_PC#6006355499388170240 roll 3
Jibs_PC#6006355499388170240 roll 2
DICE 3 2 2 0 0 4 1 
Jibs_PC#6006355499388170240 roll 3
Jibs_PC#6006355499388170240 roll 2
DICE 3 2 4 2 2 3 0 
Jibs_PC#6006355499388170240 retreat
Jibs_PC#6006355499388170240 attack 10 11
Jibs_PC#6006355499388170240 roll 3
Jibs_PC#6006355499388170240 roll 1
DICE 3 1 2 2 1 3 
Jibs_PC#6006355499388170240 roll 2
Jibs_PC#6006355499388170240 roll 1
DICE 2 1 5 3 1 
Jibs_PC#6006355499388170240 endattack
Jibs_PC#6006355499388170240 nomove
CARD 28
Jibs_PC#6006355499388170240 trade 19 20 36
Jibs_PC#6006355499388170240 placearmies 20 15
Jibs_PC#6006355499388170240 placearmies 36 1
Jibs_PC#6006355499388170240 placearmies 34 1
Jibs_PC#6006355499388170240 attack 20 22
Jibs_PC#6006355499388170240 roll 3
Jibs_PC#6006355499388170240 roll 2
DICE 3 2 4 3 1 4 4 
Jibs_PC#6006355499388170240 roll 3
Jibs_PC#6006355499388170240 roll 2
DICE 3 2 5 4 2 3 2 
Jibs_PC#6006355499388170240 move 15
Jibs_PC#6006355499388170240 attack 22 21
Jibs_PC#6006355499388170240 roll 3
Jibs_PC#6006355499388170240 roll 1
DICE 3 1 2 0 0 2 
Jibs_PC#6006355499388170240 roll 3
Jibs_PC#6006355499388170240 roll 1
DICE 3 1 4 0 0 5 
Jibs_PC#6006355499388170240 roll 3
Jibs_PC#6006355499388170240 roll 1
DICE 3 1 5 4 2 0 
Jibs_PC#6006355499388170240 move 12
Jibs_PC#6006355499388170240 attack 21 12
Jibs_PC#6006355499388170240 roll 3
Jibs_PC#6006355499388170240 roll 1
DICE 3 1 5 4 3 2 
Jibs_PC#6006355499388170240 move 11
Jibs_PC#6006355499388170240 attack 12 10
Jibs_PC#6006355499388170240 roll 3
Jibs_PC#6006355499388170240 roll 1
DICE 3 1 4 3 1 1 
Jibs_PC#6006355499388170240 move 10
Jibs_PC#6006355499388170240 attack 10 5
Jibs_PC#6006355499388170240 roll 3
Jibs_PC#6006355499388170240 roll 1
DICE 3 1 5 4 0 3 
Jibs_PC#6006355499388170240 move 9
Jibs_PC#6006355499388170240 attack 5 9
Jibs_PC#6006355499388170240 roll 3
Jibs_PC#6006355499388170240 roll 1
DICE 3 1 2 2 1 1 
Jibs_PC#6006355499388170240 move 8
Jibs_PC#6006355499388170240 attack 9 8
Jibs_PC#6006355499388170240 roll 3
Jibs_PC#6006355499388170240 roll 1
DICE 3 1 4 2 0 2 
Jibs_PC#6006355499388170240 move 7
Jibs_PC#6006355499388170240 attack 8 7
Jibs_PC#6006355499388170240 roll 3
Jibs_PC#6006355499388170240 roll 1
DICE 3 1 1 1 0 4 
Jibs_PC#6006355499388170240 roll 3
Jibs_PC#6006355499388170240 roll 1
DICE 3 1 4 3 2 0 
Jibs_PC#6006355499388170240 move 5
Jibs_PC#6006355499388170240 attack 7 4
Jibs_PC#6006355499388170240 roll 3
Jibs_PC#6006355499388170240 roll 1
DICE 3 1 5 5 4 5 
Jibs_PC#6006355499388170240 roll 3
Jibs_PC#6006355499388170240 roll 1
DICE 3 1 4 4 1 1 
Jibs_PC#6006355499388170240 endattack
Jibs_PC#6006355499388170240 nomove
CARD 9
Jibs_PC#6006355499388170240 placearmies 24 3
Jibs_PC#6006355499388170240 attack 24 21
Jibs_PC#6006355499388170240 roll 3
Jibs_PC#6006355499388170240 roll 1
DICE 3 1 4 3 0 3 
Jibs_PC#6006355499388170240 attack 21 22
Jibs_PC#6006355499388170240 roll 2
Jibs_PC#6006355499388170240 roll 1
DICE 2 1 5 1 0 
Jibs_PC#6006355499388170240 endattack
Jibs_PC#6006355499388170240 nomove
CARD 25
Jibs_PC#6006355499388170240 placearmies 6 3
Jibs_PC#6006355499388170240 attack 6 7
Jibs_PC#6006355499388170240 roll 3
Jibs_PC#6006355499388170240 roll 1
DICE 3 1 5 2 1 3 
Jibs_PC#6006355499388170240 move 4
Jibs_PC#6006355499388170240 attack 7 8
Jibs_PC#6006355499388170240 roll 3
Jibs_PC#6006355499388170240 roll 1
DICE 3 1 5 2 0 2 
Jibs_PC#6006355499388170240 attack 8 9
Jibs_PC#6006355499388170240 roll 2
Jibs_PC#6006355499388170240 roll 1
DICE 2 1 5 2 0 
Jibs_PC#6006355499388170240 endattack
Jibs_PC#6006355499388170240 movearmies 38 1 3
CARD 29
Jibs_PC#6006355499388170240 trade 41 22 28
Jibs_PC#6006355499388170240 placearmies 19 2
Jibs_PC#6006355499388170240 placearmies 19 1
Jibs_PC#6006355499388170240 placearmies 11 9
Jibs_PC#6006355499388170240 placearmies 19 1
Jibs_PC#6006355499388170240 attack 11 10
Jibs_PC#6006355499388170240 roll 3
Jibs_PC#6006355499388170240 roll 1
DICE 3 1 4 2 0 0 
Jibs_PC#6006355499388170240 move 10
Jibs_PC#6006355499388170240 attack 19 20
Jibs_PC#6006355499388170240 roll 3
Jibs_PC#6006355499388170240 roll 1
DICE 3 1 5 1 1 0 
Jibs_PC#6006355499388170240 move 4
Jibs_PC#6006355499388170240 attack 10 12
Jibs_PC#6006355499388170240 roll 3
Jibs_PC#6006355499388170240 roll 1
DICE 3 1 5 3 3 2 
Jibs_PC#6006355499388170240 move 9
Jibs_PC#6006355499388170240 attack 12 13
Jibs_PC#6006355499388170240 roll 3
Jibs_PC#6006355499388170240 roll 1
DICE 3 1 5 3 3 0 
Jibs_PC#6006355499388170240 move 3
Jibs_PC#6006355499388170240 attack 12 21
Jibs_PC#6006355499388170240 roll 3
Jibs_PC#6006355499388170240 roll 1
DICE 3 1 4 3 2 3 
Jibs_PC#6006355499388170240 move 5
Jibs_PC#6006355499388170240 attack 21 24
Jibs_PC#6006355499388170240 roll 3
Jibs_PC#6006355499388170240 roll 1
DICE 3 1 3 2 0 0 
Jibs_PC#6006355499388170240 move 3
Jibs_PC#6006355499388170240 endattack
Jibs_PC#6006355499388170240 movearmies 24 21 2
CARD 38
Jibs_PC#6006355499388170240 placearmies 34 6
Jibs_PC#6006355499388170240 placearmies 35 1
Jibs_PC#6006355499388170240 attack 34 38
Jibs_PC#6006355499388170240 roll 3
Jibs_PC#6006355499388170240 roll 1
DICE 3 1 2 2 0 0 
Jibs_PC#6006355499388170240 move 7
Jibs_PC#6006355499388170240 attack 38 37
Jibs_PC#6006355499388170240 roll 3
Jibs_PC#6006355499388170240 roll 1
DICE 3 1 4 2 1 0 
Jibs_PC#6006355499388170240 move 3
Jibs_PC#6006355499388170240 endattack
Jibs_PC#6006355499388170240 movearmies 37 38 2
CARD 31
Jibs_PC#6006355499388170240 trade 33 16 25
Jibs_PC#6006355499388170240 placearmies 25 1
Jibs_PC#6006355499388170240 placearmies 22 4
Jibs_PC#6006355499388170240 placearmies 22 6
Jibs_PC#6006355499388170240 attack 22 21
Jibs_PC#6006355499388170240 roll 3
Jibs_PC#6006355499388170240 roll 2
DICE 3 2 3 1 0 3 1 
Jibs_PC#6006355499388170240 roll 3
Jibs_PC#6006355499388170240 roll 2
DICE 3 2 5 4 0 4 4 
Jibs_PC#6006355499388170240 roll 3
Jibs_PC#6006355499388170240 roll 2
DICE 3 2 4 3 0 3 0 
Jibs_PC#6006355499388170240 roll 3
Jibs_PC#6006355499388170240 roll 1
DICE 3 1 5 1 1 2 
Jibs_PC#6006355499388170240 move 8
Jibs_PC#6006355499388170240 attack 25 24
Jibs_PC#6006355499388170240 roll 3
Jibs_PC#6006355499388170240 roll 1
DICE 3 1 4 3 1 1 
Jibs_PC#6006355499388170240 attack 21 12
Jibs_PC#6006355499388170240 roll 3
Jibs_PC#6006355499388170240 roll 1
DICE 3 1 4 1 1 3 
Jibs_PC#6006355499388170240 move 6
Jibs_PC#6006355499388170240 attack 12 13
Jibs_PC#6006355499388170240 roll 3
Jibs_PC#6006355499388170240 roll 2
DICE 3 2 5 1 1 5 1 
Jibs_PC#6006355499388170240 roll 3
Jibs_PC#6006355499388170240 roll 2
DICE 3 2 5 2 0 4 2 
Jibs_PC#6006355499388170240 retreat
Jibs_PC#6006355499388170240 endattack
Jibs_PC#6006355499388170240 movearmies 12 21 2
CARD 17
Jibs_PC#6006355499388170240 trade 40 34 29
Jibs_PC#6006355499388170240 placearmies 9 2
Jibs_PC#6006355499388170240 placearmies 1 7
Jibs_PC#6006355499388170240 attack 1 38
Jibs_PC#6006355499388170240 roll 3
Jibs_PC#6006355499388170240 roll 2
DICE 3 2 4 1 0 1 0 
Jibs_PC#6006355499388170240 roll 3
Jibs_PC#6006355499388170240 roll 2
DICE 3 2 5 1 1 3 1 
Jibs_PC#6006355499388170240 roll 3
Jibs_PC#6006355499388170240 roll 2
DICE 3 2 3 1 0 3 1 
Jibs_PC#6006355499388170240 roll 3
Jibs_PC#6006355499388170240 roll 2
DICE 3 2 5 4 2 0 0 
Jibs_PC#6006355499388170240 roll 3
Jibs_PC#6006355499388170240 roll 1
DICE 3 1 4 1 0 2 
Jibs_PC#6006355499388170240 move 7
Jibs_PC#6006355499388170240 attack 9 5
Jibs_PC#6006355499388170240 roll 3
Jibs_PC#6006355499388170240 roll 1
DICE 3 1 5 4 4 3 
Jibs_PC#6006355499388170240 endattack
Jibs_PC#6006355499388170240 nomove
CARD 24
Jibs_PC#6006355499388170240 placearmies 19 2
Jibs_PC#6006355499388170240 placearmies 13 3
Jibs_PC#6006355499388170240 placearmies 20 1
Jibs_PC#6006355499388170240 placearmies 20 1
Jibs_PC#6006355499388170240 placearmies 10 1
Jibs_PC#6006355499388170240 attack 13 12
Jibs_PC#6006355499388170240 roll 3
Jibs_PC#6006355499388170240 roll 1
DICE 3 1 2 2 2 5 
Jibs_PC#6006355499388170240 roll 3
Jibs_PC#6006355499388170240 roll 1
DICE 3 1 4 3 0 4 
Jibs_PC#6006355499388170240 roll 2
Jibs_PC#6006355499388170240 roll 1
DICE 2 1 4 1 0 
Jibs_PC#6006355499388170240 attack 20 31
Jibs_PC#6006355499388170240 roll 3
Jibs_PC#6006355499388170240 roll 2
DICE 3 2 4 3 1 1 1 
Jibs_PC#6006355499388170240 move 4
Jibs_PC#6006355499388170240 attack 31 22
Jibs_PC#6006355499388170240 roll 3
Jibs_PC#6006355499388170240 roll 1
DICE 3 1 4 3 1 3 
Jibs_PC#6006355499388170240 endattack
Jibs_PC#6006355499388170240 movearmies 22 20 2
CARD 7
Jibs_PC#6006355499388170240 placearmies 30 3
Jibs_PC#6006355499388170240 placearmies 34 1
Jibs_PC#6006355499388170240 placearmies 32 1
Jibs_PC#6006355499388170240 placearmies 36 2
Jibs_PC#6006355499388170240 attack 30 16
Jibs_PC#6006355499388170240 roll 3
Jibs_PC#6006355499388170240 roll 2
DICE 3 2 5 4 0 5 1 
Jibs_PC#6006355499388170240 roll 3
Jibs_PC#6006355499388170240 roll 1
DICE 3 1 3 1 0 5 
Jibs_PC#6006355499388170240 roll 2
Jibs_PC#6006355499388170240 roll 1
DICE 2 1 4 3 4 
Jibs_PC#6006355499388170240 retreat
Jibs_PC#6006355499388170240 attack 4 9
Jibs_PC#6006355499388170240 roll 2
Jibs_PC#6006355499388170240 roll 1
DICE 2 1 3 3 2 
Jibs_PC#6006355499388170240 endattack
Jibs_PC#6006355499388170240 movearmies 33 32 1
CARD 6
Jibs_PC#6006355499388170240 placearmies 21 2
Jibs_PC#6006355499388170240 placearmies 21 1
Jibs_PC#6006355499388170240 attack 21 12
Jibs_PC#6006355499388170240 roll 3
Jibs_PC#6006355499388170240 roll 2
DICE 3 2 4 3 2 3 3 
Jibs_PC#6006355499388170240 roll 3
Jibs_PC#6006355499388170240 roll 1
DICE 3 1 5 4 1 1 
Jibs_PC#6006355499388170240 move 5
Jibs_PC#6006355499388170240 attack 12 10
Jibs_PC#6006355499388170240 roll 3
Jibs_PC#6006355499388170240 roll 2
DICE 3 2 5 0 0 3 0 
Jibs_PC#6006355499388170240 roll 3
Jibs_PC#6006355499388170240 roll 1
DICE 3 1 2 2 0 0 
Jibs_PC#6006355499388170240 attack 10 11
Jibs_PC#6006355499388170240 roll 2
Jibs_PC#6006355499388170240 roll 1
DICE 2 1 5 2 5 
Jibs_PC#6006355499388170240 retreat
Jibs_PC#6006355499388170240 attack 24 22
Jibs_PC#6006355499388170240 roll 2
Jibs_PC#6006355499388170240 roll 1
DICE 2 1 5 3 1 
Jibs_PC#6006355499388170240 endattack
Jibs_PC#6006355499388170240 nomove
CARD 5
Jibs_PC#6006355499388170240 placearmies 5 2
Jibs_PC#6006355499388170240 placearmies 5 1
Jibs_PC#6006355499388170240 attack 5 4
Jibs_PC#6006355499388170240 roll 3
Jibs_PC#6006355499388170240 roll 1
DICE 3 1 3 2 0 0 
Jibs_PC#6006355499388170240 move 5
Jibs_PC#6006355499388170240 attack 4 9
Jibs_PC#6006355499388170240 roll 3
Jibs_PC#6006355499388170240 roll 2
DICE 3 2 4 3 0 5 1 
Jibs_PC#6006355499388170240 roll 3
Jibs_PC#6006355499388170240 roll 1
DICE 3 1 3 3 0 1 
Jibs_PC#6006355499388170240 endattack
Jibs_PC#6006355499388170240 movearmies 9 5 2
CARD 27
Jibs_PC#6006355499388170240 placearmies 16 1
Jibs_PC#6006355499388170240 placearmies 19 7
Jibs_PC#6006355499388170240 attack 19 21
Jibs_PC#6006355499388170240 roll 3
Jibs_PC#6006355499388170240 roll 1
DICE 3 1 1 0 0 1 
Jibs_PC#6006355499388170240 roll 3
Jibs_PC#6006355499388170240 roll 1
DICE 3 1 5 3 1 0 
Jibs_PC#6006355499388170240 move 9
Jibs_PC#6006355499388170240 attack 21 12
Jibs_PC#6006355499388170240 roll 3
Jibs_PC#6006355499388170240 roll 1
DICE 3 1 2 2 0 5 
Jibs_PC#6006355499388170240 roll 3
Jibs_PC#6006355499388170240 roll 1
DICE 3 1 5 3 0 1 
Jibs_PC#6006355499388170240 move 6
Jibs_PC#6006355499388170240 attack 12 10
Jibs_PC#6006355499388170240 roll 3
Jibs_PC#6006355499388170240 roll 2
DICE 3 2 4 3 1 5 1 
Jibs_PC#6006355499388170240 roll 3
Jibs_PC#6006355499388170240 roll 1
DICE 3 1 2 1 0 5 
Jibs_PC#6006355499388170240 roll 3
Jibs_PC#6006355499388170240 roll 1
DICE 3 1 4 4 1 2 
Jibs_PC#6006355499388170240 endattack
Jibs_PC#6006355499388170240 nomove
CARD 11
Jibs_PC#6006355499388170240 placearmies 36 3
Jibs_PC#6006355499388170240 placearmies 32 2
Jibs_PC#6006355499388170240 placearmies 34 1
Jibs_PC#6006355499388170240 attack 32 31
Jibs_PC#6006355499388170240 roll 3
Jibs_PC#6006355499388170240 roll 1
DICE 3 1 2 2 0 2 
Jibs_PC#6006355499388170240 roll 3
Jibs_PC#6006355499388170240 roll 1
DICE 3 1 4 1 0 0 
Jibs_PC#6006355499388170240 attack 36 38
Jibs_PC#6006355499388170240 roll 3
Jibs_PC#6006355499388170240 roll 2
DICE 3 2 5 4 3 5 5 
Jibs_PC#6006355499388170240 roll 3
Jibs_PC#6006355499388170240 roll 2
DICE 3 2 5 5 3 5 4 
Jibs_PC#6006355499388170240 retreat
Jibs_PC#6006355499388170240 endattack
Jibs_PC#6006355499388170240 nomove
CARD 35
Jibs_PC#6006355499388170240 trade 23 17 5
Jibs_PC#6006355499388170240 placearmies 23 2
Jibs_PC#6006355499388170240 placearmies 23 5
Jibs_PC#6006355499388170240 placearmies 23 2
Jibs_PC#6006355499388170240 attack 23 21
Jibs_PC#6006355499388170240 roll 3
Jibs_PC#6006355499388170240 roll 2
DICE 3 2 3 1 0 3 3 
Jibs_PC#6006355499388170240 roll 3
Jibs_PC#6006355499388170240 roll 2
DICE 3 2 5 4 3 5 5 
Jibs_PC#6006355499388170240 roll 3
Jibs_PC#6006355499388170240 roll 2
DICE 3 2 4 3 0 4 3 
Jibs_PC#6006355499388170240 roll 3
Jibs_PC#6006355499388170240 roll 2
DICE 3 2 3 0 0 4 2 
Jibs_PC#6006355499388170240 roll 3
Jibs_PC#6006355499388170240 roll 2
DICE 3 2 3 2 0 1 1 
Jibs_PC#6006355499388170240 attack 21 12
Jibs_PC#6006355499388170240 roll 2
Jibs_PC#6006355499388170240 roll 1
DICE 2 1 4 4 2 
Jibs_PC#6006355499388170240 endattack
Jibs_PC#6006355499388170240 movearmies 12 21 1
CARD 4
Jibs_PC#6006355499388170240 placearmies 6 1
Jibs_PC#6006355499388170240 placearmies 38 6
Jibs_PC#6006355499388170240 placearmies 38 1
Jibs_PC#6006355499388170240 attack 38 35
Jibs_PC#6006355499388170240 roll 3
Jibs_PC#6006355499388170240 roll 2
DICE 3 2 5 4 1 2 2 
Jibs_PC#6006355499388170240 move 11
Jibs_PC#6006355499388170240 attack 35 27
Jibs_PC#6006355499388170240 roll 3
Jibs_PC#6006355499388170240 roll 1
DICE 3 1 4 2 0 5 
Jibs_PC#6006355499388170240 roll 3
Jibs_PC#6006355499388170240 roll 1
DICE 3 1 5 3 1 2 
Jibs_PC#6006355499388170240 move 9
Jibs_PC#6006355499388170240 attack 27 28
Jibs_PC#6006355499388170240 roll 3
Jibs_PC#6006355499388170240 roll 2
DICE 3 2 5 3 3 5 2 
Jibs_PC#6006355499388170240 roll 3
Jibs_PC#6006355499388170240 roll 1
DICE 3 1 5 3 0 3 
Jibs_PC#6006355499388170240 move 7
Jibs_PC#6006355499388170240 attack 28 16
Jibs_PC#6006355499388170240 roll 3
Jibs_PC#6006355499388170240 roll 2
DICE 3 2 5 1 0 3 2 
Jibs_PC#6006355499388170240 roll 3
Jibs_PC#6006355499388170240 roll 1
DICE 3 1 4 3 0 1 
Jibs_PC#6006355499388170240 move 5
Jibs_PC#6006355499388170240 endattack
Jibs_PC#6006355499388170240 nomove
CARD 13
Jibs_PC#6006355499388170240 trade 38 7 11
Jibs_PC#6006355499388170240 placearmies 14 4
Jibs_PC#6006355499388170240 placearmies 20 5
Jibs_PC#6006355499388170240 attack 14 6
Jibs_PC#6006355499388170240 roll 3
Jibs_PC#6006355499388170240 roll 2
DICE 3 2 5 4 2 5 1 
Jibs_PC#6006355499388170240 roll 3
Jibs_PC#6006355499388170240 roll 1
DICE 3 1 4 3 0 2 
Jibs_PC#6006355499388170240 move 4
Jibs_PC#6006355499388170240 attack 11 12
Jibs_PC#6006355499388170240 roll 2
Jibs_PC#6006355499388170240 roll 1
DICE 2 1 5 4 3 
Jibs_PC#6006355499388170240 attack 20 16
Jibs_PC#6006355499388170240 roll 3
Jibs_PC#6006355499388170240 roll 2
DICE 3 2 4 3 1 2 1 
Jibs_PC#6006355499388170240 roll 3
Jibs_PC#6006355499388170240 roll 2
DICE 3 2 5 4 0 0 0 
Jibs_PC#6006355499388170240 roll 3
Jibs_PC#6006355499388170240 roll 1
DICE 3 1 5 3 1 1 
Jibs_PC#6006355499388170240 move 7
Jibs_PC#6006355499388170240 attack 16 30
Jibs_PC#6006355499388170240 roll 3
Jibs_PC#6006355499388170240 roll 2
DICE 3 2 5 4 3 5 0 
Jibs_PC#6006355499388170240 roll 3
Jibs_PC#6006355499388170240 roll 1
DICE 3 1 5 4 2 5 
Jibs_PC#6006355499388170240 roll 3
Jibs_PC#6006355499388170240 roll 1
DICE 3 1 5 1 0 0 
Jibs_PC#6006355499388170240 move 3
Jibs_PC#6006355499388170240 endattack
Jibs_PC#6006355499388170240 movearmies 30 16 2
CARD 10
Jibs_PC#6006355499388170240 trade 9 6 35
Jibs_PC#6006355499388170240 placearmies 31 3
Jibs_PC#6006355499388170240 placearmies 29 1
Jibs_PC#6006355499388170240 placearmies 32 1
Jibs_PC#6006355499388170240 placearmies 31 8
Jibs_PC#6006355499388170240 placearmies 31 2
Jibs_PC#6006355499388170240 attack 31 22
Jibs_PC#6006355499388170240 roll 3
Jibs_PC#6006355499388170240 roll 2
DICE 3 2 5 3 0 1 0 
Jibs_PC#6006355499388170240 move 15
Jibs_PC#6006355499388170240 attack 22 21
Jibs_PC#6006355499388170240 roll 3
Jibs_PC#6006355499388170240 roll 2
DICE 3 2 3 2 1 5 1 
Jibs_PC#6006355499388170240 roll 3
Jibs_PC#6006355499388170240 roll 1
DICE 3 1 4 1 0 4 
Jibs_PC#6006355499388170240 roll 3
Jibs_PC#6006355499388170240 roll 1
DICE 3 1 2 1 0 3 
Jibs_PC#6006355499388170240 roll 3
Jibs_PC#6006355499388170240 roll 1
DICE 3 1 5 5 3 3 
Jibs_PC#6006355499388170240 move 11
Jibs_PC#6006355499388170240 attack 21 12
Jibs_PC#6006355499388170240 roll 3
Jibs_PC#6006355499388170240 roll 2
DICE 3 2 5 2 0 5 3 
Jibs_PC#6006355499388170240 roll 3
Jibs_PC#6006355499388170240 roll 2
DICE 3 2 4 2 0 4 3 
Jibs_PC#6006355499388170240 roll 3
Jibs_PC#6006355499388170240 roll 2
DICE 3 2 4 3 2 5 1 
Jibs_PC#6006355499388170240 roll 3
Jibs_PC#6006355499388170240 roll 1
DICE 3 1 3 2 1 3 
Jibs_PC#6006355499388170240 roll 3
Jibs_PC#6006355499388170240 roll 1
DICE 3 1 5 2 0 4 
Jibs_PC#6006355499388170240 move 4
Jibs_PC#6006355499388170240 attack 34 35
Jibs_PC#6006355499388170240 roll 2
Jibs_PC#6006355499388170240 roll 1
DICE 2 1 3 0 3 
Jibs_PC#6006355499388170240 retreat
Jibs_PC#6006355499388170240 attack 36 38
Jibs_PC#6006355499388170240 roll 3
Jibs_PC#6006355499388170240 roll 2
DICE 3 2 4 2 2 4 0 
Jibs_PC#6006355499388170240 roll 2
Jibs_PC#6006355499388170240 roll 1
DICE 2 1 4 0 0 
Jibs_PC#6006355499388170240 endattack
Jibs_PC#6006355499388170240 nomove
CARD 3
Jibs_PC#6006355499388170240 placearmies 24 3
Jibs_PC#6006355499388170240 attack 24 21
Jibs_PC#6006355499388170240 roll 3
Jibs_PC#6006355499388170240 roll 1
DICE 3 1 4 3 0 0 
Jibs_PC#6006355499388170240 attack 21 19
Jibs_PC#6006355499388170240 roll 2
Jibs_PC#6006355499388170240 roll 1
DICE 2 1 3 2 1 
Jibs_PC#6006355499388170240 endattack
Jibs_PC#6006355499388170240 nomove
CARD 15
Jibs_PC#6006355499388170240 trade 37 26 13
Jibs_PC#6006355499388170240 placearmies 2 7
Jibs_PC#6006355499388170240 attack 2 6
Jibs_PC#6006355499388170240 roll 3
Jibs_PC#6006355499388170240 roll 2
DICE 3 2 4 2 1 2 1 
Jibs_PC#6006355499388170240 roll 3
Jibs_PC#6006355499388170240 roll 2
DICE 3 2 5 3 0 0 0 
Jibs_PC#6006355499388170240 move 7
Jibs_PC#6006355499388170240 attack 6 14
Jibs_PC#6006355499388170240 roll 3
Jibs_PC#6006355499388170240 roll 1
DICE 3 1 5 3 1 5 
Jibs_PC#6006355499388170240 roll 3
Jibs_PC#6006355499388170240 roll 1
DICE 3 1 4 3 3 1 
Jibs_PC#6006355499388170240 move 5
Jibs_PC#6006355499388170240 attack 14 17
Jibs_PC#6006355499388170240 roll 3
Jibs_PC#6006355499388170240 roll 1
DICE 3 1 3 3 2 4 
Jibs_PC#6006355499388170240 roll 3
Jibs_PC#6006355499388170240 roll 1
DICE 3 1 5 2 1 1 
Jibs_PC#6006355499388170240 endattack
Jibs_PC#6006355499388170240 movearmies 17 14 2
CARD wildcard
Jibs_PC#6006355499388170240 placearmies 16 1
Jibs_PC#6006355499388170240 placearmies 16 2
Jibs_PC#6006355499388170240 attack 16 28
Jibs_PC#6006355499388170240 roll 3
Jibs_PC#6006355499388170240 roll 1
DICE 3 1 4 3 0 4 
Jibs_PC#6006355499388170240 roll 3
Jibs_PC#6006355499388170240 roll 1
DICE 3 1 3 3 1 1 
Jibs_PC#6006355499388170240 move 5
Jibs_PC#6006355499388170240 attack 28 27
Jibs_PC#6006355499388170240 roll 3
Jibs_PC#6006355499388170240 roll 1
DICE 3 1 5 5 0 0 
Jibs_PC#6006355499388170240 move 4
Jibs_PC#6006355499388170240 endattack
Jibs_PC#6006355499388170240 nomove
CARD 18
Jibs_PC#6006355499388170240 placearmies 34 3
Jibs_PC#6006355499388170240 placearmies 29 2
Jibs_PC#6006355499388170240 placearmies 12 1
Jibs_PC#6006355499388170240 attack 34 35
Jibs_PC#6006355499388170240 roll 3
Jibs_PC#6006355499388170240 roll 1
DICE 3 1 4 2 2 2 
Jibs_PC#6006355499388170240 move 4
Jibs_PC#6006355499388170240 attack 29 30
Jibs_PC#6006355499388170240 roll 3
Jibs_PC#6006355499388170240 roll 1
DICE 3 1 2 0 0 3 
Jibs_PC#6006355499388170240 roll 2
Jibs_PC#6006355499388170240 roll 1
DICE 2 1 2 1 0 
Jibs_PC#6006355499388170240 attack 12 21
Jibs_PC#6006355499388170240 roll 3
Jibs_PC#6006355499388170240 roll 1
DICE 3 1 5 5 4 1 
Jibs_PC#6006355499388170240 move 4
Jibs_PC#6006355499388170240 endattack
Jibs_PC#6006355499388170240 movearmies 32 29 1
CARD 25
Jibs_PC#6006355499388170240 placearmies 19 2
Jibs_PC#6006355499388170240 placearmies 19 1
Jibs_PC#6006355499388170240 attack 19 18
Jibs_PC#6006355499388170240 roll 3
Jibs_PC#6006355499388170240 roll 1
DICE 3 1 5 5 4 1 
Jibs_PC#6006355499388170240 move 4
Jibs_PC#6006355499388170240 endattack
Jibs_PC#6006355499388170240 nomove
CARD 11
Jibs_PC#6006355499388170240 trade 24 27 wildcard
Jibs_PC#6006355499388170240 placearmies 1 1
Jibs_PC#6006355499388170240 placearmies 5 14
Jibs_PC#6006355499388170240 placearmies 5 1
Jibs_PC#6006355499388170240 attack 5 10
Jibs_PC#6006355499388170240 roll 3
Jibs_PC#6006355499388170240 roll 2
DICE 3 2 4 2 0 1 0 
Jibs_PC#6006355499388170240 roll 3
Jibs_PC#6006355499388170240 roll 1
DICE 3 1 5 3 0 5 
Jibs_PC#6006355499388170240 roll 3
Jibs_PC#6006355499388170240 roll 1
DICE 3 1 3 2 1 1 
Jibs_PC#6006355499388170240 move 16
Jibs_PC#6006355499388170240 attack 10 12
Jibs_PC#6006355499388170240 roll 3
Jibs_PC#6006355499388170240 roll 1
DICE 3 1 4 1 0 0 
Jibs_PC#6006355499388170240 move 14
Jibs_PC#6006355499388170240 attack 12 13
Jibs_PC#6006355499388170240 roll 3
Jibs_PC#6006355499388170240 roll 1
DICE 3 1 1 1 0 1 
Jibs_PC#6006355499388170240 roll 3
Jibs_PC#6006355499388170240 roll 1
DICE 3 1 5 1 0 1 
Jibs_PC#6006355499388170240 move 5
Jibs_PC#6006355499388170240 attack 12 11
Jibs_PC#6006355499388170240 roll 3
Jibs_PC#6006355499388170240 roll 1
DICE 3 1 5 4 2 4 
Jibs_PC#6006355499388170240 move 3
Jibs_PC#6006355499388170240 attack 12 21
Jibs_PC#6006355499388170240 roll 3
Jibs_PC#6006355499388170240 roll 2
DICE 3 2 5 4 4 5 0 
Jibs_PC#6006355499388170240 roll 3
Jibs_PC#6006355499388170240 roll 2
DICE 3 2 5 3 1 3 3 
Jibs_PC#6006355499388170240 retreat
Jibs_PC#6006355499388170240 endattack
Jibs_PC#6006355499388170240 movearmies 13 12 4
CARD 34
Jibs_PC#6006355499388170240 placearmies 20 3
Jibs_PC#6006355499388170240 attack 20 19
Jibs_PC#6006355499388170240 roll 3
Jibs_PC#6006355499388170240 roll 1
DICE 3 1 4 4 3 0 
Jibs_PC#6006355499388170240 move 4
Jibs_PC#6006355499388170240 attack 19 17
Jibs_PC#6006355499388170240 roll 3
Jibs_PC#6006355499388170240 roll 1
DICE 3 1 3 1 0 1 
Jibs_PC#6006355499388170240 endattack
Jibs_PC#6006355499388170240 nomove
CARD 36
Jibs_PC#6006355499388170240 placearmies 30 3
Jibs_PC#6006355499388170240 placearmies 31 1
Jibs_PC#6006355499388170240 placearmies 29 2
Jibs_PC#6006355499388170240 placearmies 30 1
Jibs_PC#6006355499388170240 attack 29 28
Jibs_PC#6006355499388170240 roll 3
Jibs_PC#6006355499388170240 roll 1
DICE 3 1 4 0 0 3 
Jibs_PC#6006355499388170240 attack 30 16
Jibs_PC#6006355499388170240 roll 3
Jibs_PC#6006355499388170240 roll 1
DICE 3 1 4 1 1 0 
Jibs_PC#6006355499388170240 move 5
Jibs_PC#6006355499388170240 attack 16 20
Jibs_PC#6006355499388170240 roll 3
Jibs_PC#6006355499388170240 roll 1
DICE 3 1 4 3 2 2 
Jibs_PC#6006355499388170240 move 3
Jibs_PC#6006355499388170240 endattack
Jibs_PC#6006355499388170240 movearmies 21 20 1
CARD 9
Jibs_PC#6006355499388170240 trade 4 15 11
Jibs_PC#6006355499388170240 placearmies 18 13
Jibs_PC#6006355499388170240 attack 18 19
Jibs_PC#6006355499388170240 roll 3
Jibs_PC#6006355499388170240 roll 1
DICE 3 1 5 2 0 3 
Jibs_PC#6006355499388170240 move 16
Jibs_PC#6006355499388170240 attack 19 21
Jibs_PC#6006355499388170240 roll 3
Jibs_PC#6006355499388170240 roll 1
DICE 3 1 5 1 0 0 
Jibs_PC#6006355499388170240 move 15
Jibs_PC#6006355499388170240 attack 21 12
Jibs_PC#6006355499388170240 roll 3
Jibs_PC#6006355499388170240 roll 2
DICE 3 2 4 4 2 4 1 
Jibs_PC#6006355499388170240 roll 3
Jibs_PC#6006355499388170240 roll 2
DICE 3 2 5 2 2 5 3 
Jibs_PC#6006355499388170240 roll 3
Jibs_PC#6006355499388170240 roll 2
DICE 3 2 5 4 2 2 1 
Jibs_PC#6006355499388170240 roll 3
Jibs_PC#6006355499388170240 roll 2
DICE 3 2 5 2 1 2 1 
Jibs_PC#6006355499388170240 roll 3
Jibs_PC#6006355499388170240 roll 2
DICE 3 2 4 4 2 3 1 
Jibs_PC#6006355499388170240 move 11
Jibs_PC#6006355499388170240 attack 12 11
Jibs_PC#6006355499388170240 roll 3
Jibs_PC#6006355499388170240 roll 2
DICE 3 2 2 2 1 5 0 
Jibs_PC#6006355499388170240 roll 3
Jibs_PC#6006355499388170240 roll 2
DICE 3 2 5 3 3 4 0 
Jibs_PC#6006355499388170240 move 9
Jibs_PC#6006355499388170240 attack 11 13
Jibs_PC#6006355499388170240 roll 3
Jibs_PC#6006355499388170240 roll 1
DICE 3 1 5 2 0 5 
Jibs_PC#6006355499388170240 roll 3
Jibs_PC#6006355499388170240 roll 1
DICE 3 1 5 3 2 0 
Jibs_PC#6006355499388170240 move 3
Jibs_PC#6006355499388170240 attack 11 10
Jibs_PC#6006355499388170240 roll 3
Jibs_PC#6006355499388170240 roll 2
DICE 3 2 3 3 1 4 2 
Jibs_PC#6006355499388170240 roll 3
Jibs_PC#6006355499388170240 roll 1
DICE 3 1 4 3 1 2 
Jibs_PC#6006355499388170240 endattack
Jibs_PC#6006355499388170240 movearmies 13 11 1
CARD 7
Jibs_PC#6006355499388170240 placearmies 5 1
Jibs_PC#6006355499388170240 placearmies 14 1
Jibs_PC#6006355499388170240 placearmies 5 1
Jibs_PC#6006355499388170240 placearmies 1 4
Jibs_PC#6006355499388170240 placearmies 1 1
Jibs_PC#6006355499388170240 attack 1 38
Jibs_PC#6006355499388170240 roll 3
Jibs_PC#6006355499388170240 roll 2
DICE 3 2 3 2 1 2 0 
Jibs_PC#6006355499388170240 move 6
Jibs_PC#6006355499388170240 attack 38 37
Jibs_PC#6006355499388170240 roll 3
Jibs_PC#6006355499388170240 roll 1
DICE 3 1 4 2 2 5 
Jibs_PC#6006355499388170240 roll 3
Jibs_PC#6006355499388170240 roll 1
DICE 3 1 3 3 1 1 
Jibs_PC#6006355499388170240 move 3
Jibs_PC#6006355499388170240 endattack
Jibs_PC#6006355499388170240 movearmies 14 6 3
CARD 23
Jibs_PC#6006355499388170240 trade 12 10 36
Jibs_PC#6006355499388170240 placearmies 27 8
Jibs_PC#6006355499388170240 placearmies 27 1
Jibs_PC#6006355499388170240 placearmies 27 1
Jibs_PC#6006355499388170240 placearmies 27 1
Jibs_PC#6006355499388170240 attack 27 29
Jibs_PC#6006355499388170240 roll 3
Jibs_PC#6006355499388170240 roll 1
DICE 3 1 5 1 0 0 
Jibs_PC#6006355499388170240 move 14
Jibs_PC#6006355499388170240 attack 29 33
Jibs_PC#6006355499388170240 roll 3
Jibs_PC#6006355499388170240 roll 1
DICE 3 1 4 2 0 3 
Jibs_PC#6006355499388170240 move 13
Jibs_PC#6006355499388170240 attack 33 39
Jibs_PC#6006355499388170240 roll 3
Jibs_PC#6006355499388170240 roll 2
DICE 3 2 4 2 0 5 3 
Jibs_PC#6006355499388170240 roll 3
Jibs_PC#6006355499388170240 roll 2
DICE 3 2 4 2 2 3 0 
Jibs_PC#6006355499388170240 move 10
Jibs_PC#6006355499388170240 attack 39 40
Jibs_PC#6006355499388170240 roll 3
Jibs_PC#6006355499388170240 roll 2
DICE 3 2 2 0 0 2 0 
Jibs_PC#6006355499388170240 roll 3
Jibs_PC#6006355499388170240 roll 2
DICE 3 2 5 3 0 5 3 
Jibs_PC#6006355499388170240 roll 3
Jibs_PC#6006355499388170240 roll 2
DICE 3 2 5 0 0 3 0 
Jibs_PC#6006355499388170240 roll 3
Jibs_PC#6006355499388170240 roll 1
DICE 3 1 5 5 0 2 
Jibs_PC#6006355499388170240 move 4
Jibs_PC#6006355499388170240 attack 40 41
Jibs_PC#6006355499388170240 roll 3
Jibs_PC#6006355499388170240 roll 2
DICE 3 2 5 3 2 2 2 
Jibs_PC#6006355499388170240 endattack
Jibs_PC#6006355499388170240 nomove
CARD 40
Jibs_PC#6006355499388170240 trade 31 25 9
Jibs_PC#6006355499388170240 placearmies 28 8
Jibs_PC#6006355499388170240 placearmies 20 3
Jibs_PC#6006355499388170240 attack 20 21
Jibs_PC#6006355499388170240 roll 3
Jibs_PC#6006355499388170240 roll 1
DICE 3 1 2 2 1 0 
Jibs_PC#6006355499388170240 move 6
Jibs_PC#6006355499388170240 attack 21 12
Jibs_PC#6006355499388170240 roll 3
Jibs_PC#6006355499388170240 roll 1
DICE 3 1 5 5 2 3 
Jibs_PC#6006355499388170240 move 5
Jibs_PC#6006355499388170240 attack 35 27
Jibs_PC#6006355499388170240 roll 3
Jibs_PC#6006355499388170240 roll 1
DICE 3 1 3 1 0 1 
Jibs_PC#6006355499388170240 attack 28 29
Jibs_PC#6006355499388170240 roll 3
Jibs_PC#6006355499388170240 roll 1
DICE 3 1 3 3 1 4 
Jibs_PC#6006355499388170240 roll 3
Jibs_PC#6006355499388170240 roll 1
DICE 3 1 5 4 3 5 
Jibs_PC#6006355499388170240 roll 3
Jibs_PC#6006355499388170240 roll 1
DICE 3 1 3 1 0 5 
Jibs_PC#6006355499388170240 roll 3
Jibs_PC#6006355499388170240 roll 1
DICE 3 1 5 4 0 4 
Jibs_PC#6006355499388170240 move 7
Jibs_PC#6006355499388170240 attack 29 33
Jibs_PC#6006355499388170240 roll 3
Jibs_PC#6006355499388170240 roll 1
DICE 3 1 5 3 1 2 
Jibs_PC#6006355499388170240 move 6
Jibs_PC#6006355499388170240 attack 33 39
Jibs_PC#6006355499388170240 roll 3
Jibs_PC#6006355499388170240 roll 1
DICE 3 1 3 1 0 3 
Jibs_PC#6006355499388170240 roll 3
Jibs_PC#6006355499388170240 roll 1
DICE 3 1 3 0 0 0 
Jibs_PC#6006355499388170240 move 4
Jibs_PC#6006355499388170240 attack 39 40
Jibs_PC#6006355499388170240 roll 3
Jibs_PC#6006355499388170240 roll 1
DICE 3 1 5 1 0 3 
Jibs_PC#6006355499388170240 attack 12 13
Jibs_PC#6006355499388170240 roll 3
Jibs_PC#6006355499388170240 roll 2
DICE 3 2 4 3 2 5 1 
Jibs_PC#6006355499388170240 roll 3
Jibs_PC#6006355499388170240 roll 1
DICE 3 1 4 1 1 3 
Jibs_PC#6006355499388170240 endattack
Jibs_PC#6006355499388170240 movearmies 31 16 3
CARD 5
Jibs_PC#6006355499388170240 placearmies 10 1
Jibs_PC#6006355499388170240 placearmies 10 1
Jibs_PC#6006355499388170240 placearmies 10 1
Jibs_PC#6006355499388170240 attack 10 12
Jibs_PC#6006355499388170240 roll 3
Jibs_PC#6006355499388170240 roll 1
DICE 3 1 5 3 2 0 
Jibs_PC#6006355499388170240 move 5
Jibs_PC#6006355499388170240 attack 12 21
Jibs_PC#6006355499388170240 roll 3
Jibs_PC#6006355499388170240 roll 1
DICE 3 1 5 2 1 1 
Jibs_PC#6006355499388170240 move 4
Jibs_PC#6006355499388170240 attack 21 22
Jibs_PC#6006355499388170240 roll 3
Jibs_PC#6006355499388170240 roll 1
DICE 3 1 4 1 0 5 
Jibs_PC#6006355499388170240 roll 2
Jibs_PC#6006355499388170240 roll 1
DICE 2 1 5 2 1 
Jibs_PC#6006355499388170240 endattack
Jibs_PC#6006355499388170240 nomove
CARD 1
Jibs_PC#6006355499388170240 placearmies 37 5
Jibs_PC#6006355499388170240 placearmies 14 1
Jibs_PC#6006355499388170240 placearmies 14 1
Jibs_PC#6006355499388170240 placearmies 37 2
Jibs_PC#6006355499388170240 attack 37 36
Jibs_PC#6006355499388170240 roll 3
Jibs_PC#6006355499388170240 roll 1
DICE 3 1 5 2 2 0 
Jibs_PC#6006355499388170240 move 9
Jibs_PC#6006355499388170240 attack 36 35
Jibs_PC#6006355499388170240 roll 3
Jibs_PC#6006355499388170240 roll 1
DICE 3 1 3 2 1 5 
Jibs_PC#6006355499388170240 roll 3
Jibs_PC#6006355499388170240 roll 1
DICE 3 1 5 4 1 1 
Jibs_PC#6006355499388170240 move 7
Jibs_PC#6006355499388170240 attack 35 34
Jibs_PC#6006355499388170240 roll 3
Jibs_PC#6006355499388170240 roll 1
DICE 3 1 5 2 0 5 
Jibs_PC#6006355499388170240 roll 3
Jibs_PC#6006355499388170240 roll 1
DICE 3 1 5 3 1 4 
Jibs_PC#6006355499388170240 move 4
Jibs_PC#6006355499388170240 endattack
Jibs_PC#6006355499388170240 movearmies 6 14 3
CARD 38
Jibs_PC#6006355499388170240 placearmies 41 1
Jibs_PC#6006355499388170240 placearmies 41 1
Jibs_PC#6006355499388170240 placearmies 41 1
Jibs_PC#6006355499388170240 attack 41 40
Jibs_PC#6006355499388170240 roll 3
Jibs_PC#6006355499388170240 roll 2
DICE 3 2 3 1 0 3 0 
Jibs_PC#6006355499388170240 roll 3
Jibs_PC#6006355499388170240 roll 2
DICE 3 2 3 1 0 5 2 
Jibs_PC#6006355499388170240 retreat
Jibs_PC#6006355499388170240 attack 41 39
Jibs_PC#6006355499388170240 roll 2
Jibs_PC#6006355499388170240 roll 1
DICE 2 1 3 2 2 
Jibs_PC#6006355499388170240 endattack
Jibs_PC#6006355499388170240 nomove
CARD 32
Jibs_PC#6006355499388170240 placearmies 27 2
Jibs_PC#6006355499388170240 placearmies 42 2
Jibs_PC#6006355499388170240 attack 27 36
Jibs_PC#6006355499388170240 roll 3
Jibs_PC#6006355499388170240 roll 1
DICE 3 1 4 3 2 3 
Jibs_PC#6006355499388170240 move 4
Jibs_PC#6006355499388170240 attack 36 38
Jibs_PC#6006355499388170240 roll 3
Jibs_PC#6006355499388170240 roll 2
DICE 3 2 3 1 0 0 0 
Jibs_PC#6006355499388170240 attack 38 1
Jibs_PC#6006355499388170240 roll 2
Jibs_PC#6006355499388170240 roll 1
DICE 2 1 0 0 4 
Jibs_PC#6006355499388170240 retreat
Jibs_PC#6006355499388170240 attack 42 41
Jibs_PC#6006355499388170240 roll 3
Jibs_PC#6006355499388170240 roll 1
DICE 3 1 4 2 1 0 
Jibs_PC#6006355499388170240 endattack
Jibs_PC#6006355499388170240 movearmies 16 28 4
CARD 29
Jibs_PC#6006355499388170240 placearmies 22 2
Jibs_PC#6006355499388170240 placearmies 21 1
Jibs_PC#6006355499388170240 placearmies 22 3
Jibs_PC#6006355499388170240 attack 22 20
Jibs_PC#6006355499388170240 roll 3
Jibs_PC#6006355499388170240 roll 1
DICE 3 1 4 3 0 2 
Jibs_PC#6006355499388170240 move 5
Jibs_PC#6006355499388170240 attack 20 31
Jibs_PC#6006355499388170240 roll 3
Jibs_PC#6006355499388170240 roll 1
DICE 3 1 2 0 0 3 
Jibs_PC#6006355499388170240 roll 3
Jibs_PC#6006355499388170240 roll 1
DICE 3 1 4 0 0 4 
Jibs_PC#6006355499388170240 retreat
Jibs_PC#6006355499388170240 endattack
Jibs_PC#6006355499388170240 movearmies 11 12 1
CARD 33
Jibs_PC#6006355499388170240 trade 34 23 38
Jibs_PC#6006355499388170240 placearmies 14 5
Jibs_PC#6006355499388170240 placearmies 34 9
Jibs_PC#6006355499388170240 placearmies 1 1
Jibs_PC#6006355499388170240 attack 14 15
Jibs_PC#6006355499388170240 roll 3
Jibs_PC#6006355499388170240 roll 1
DICE 3 1 5 3 2 4 
Jibs_PC#6006355499388170240 move 9
Jibs_PC#6006355499388170240 attack 15 17
Jibs_PC#6006355499388170240 roll 3
Jibs_PC#6006355499388170240 roll 2
DICE 3 2 5 4 3 3 3 
Jibs_PC#6006355499388170240 roll 3
Jibs_PC#6006355499388170240 roll 1
DICE 3 1 4 3 2 1 
Jibs_PC#6006355499388170240 move 7
Jibs_PC#6006355499388170240 attack 34 27
Jibs_PC#6006355499388170240 roll 3
Jibs_PC#6006355499388170240 roll 1
DICE 3 1 5 3 2 0 
Jibs_PC#6006355499388170240 move 14
Jibs_PC#6006355499388170240 attack 27 29
Jibs_PC#6006355499388170240 roll 3
Jibs_PC#6006355499388170240 roll 1
DICE 3 1 4 4 1 3 
Jibs_PC#6006355499388170240 move 13
Jibs_PC#6006355499388170240 attack 29 33
Jibs_PC#6006355499388170240 roll 3
Jibs_PC#6006355499388170240 roll 1
DICE 3 1 5 4 2 1 
Jibs_PC#6006355499388170240 move 12
Jibs_PC#6006355499388170240 attack 33 39
Jibs_PC#6006355499388170240 roll 3
Jibs_PC#6006355499388170240 roll 2
DICE 3 2 5 5 2 1 1 
Jibs_PC#6006355499388170240 move 11
Jibs_PC#6006355499388170240 attack 17 19
Jibs_PC#6006355499388170240 roll 3
Jibs_PC#6006355499388170240 roll 1
DICE 3 1 3 2 0 3 
Jibs_PC#6006355499388170240 roll 3
Jibs_PC#6006355499388170240 roll 1
DICE 3 1 5 4 3 5 
Jibs_PC#6006355499388170240 retreat
Jibs_PC#6006355499388170240 attack 39 40
Jibs_PC#6006355499388170240 roll 3
Jibs_PC#6006355499388170240 roll 2
DICE 3 2 4 2 1 3 0 
Jibs_PC#6006355499388170240 move 10
Jibs_PC#6006355499388170240 attack 40 42
Jibs_PC#6006355499388170240 roll 3
Jibs_PC#6006355499388170240 roll 1
DICE 3 1 4 3 1 3 
Jibs_PC#6006355499388170240 move 8
Jibs_PC#6006355499388170240 attack 42 41
Jibs_PC#6006355499388170240 roll 3
Jibs_PC#6006355499388170240 roll 2
DICE 3 2 5 3 3 3 0 
Jibs_PC#6006355499388170240 roll 3
Jibs_PC#6006355499388170240 roll 1
DICE 3 1 5 4 1 0 
Jibs_PC#6006355499388170240 move 3
