Jibs_PC#1485993201122764800 newplayer ai hard green s0914007
Jibs_PC#1485993201122764800 newplayer ai hard blue bob
Jibs_PC#1485993201122764800 newplayer ai hard red fred
Jibs_PC#1485993201122764800 newplayer ai hard cyan ted
Jibs_PC#1485993201122764800 newplayer ai hard magenta yura
Jibs_PC#1485993201122764800 newplayer ai hard yellow lala
Jibs_PC#1485993201122764800 startgame mission fixed autoplaceall recycle
PLAYER lala
MISSION 2 3 1 0 0 0
PLACEALL 34 42 30 14 37 23 26 36 12 17 4 1 22 9 27 19 29 31 24 15 18 33 3 40 32 11 16 21 6 39 35 13 7 20 38 2 25 28 10 8 5 41
Jibs_PC#1485993201122764800 placearmies 32 1
CARD 
Jibs_PC#1485993201122764800 placearmies 42 1
CARD 
Jibs_PC#1485993201122764800 placearmies 27 1
CARD 
Jibs_PC#1485993201122764800 placearmies 33 1
CARD 
Jibs_PC#1485993201122764800 placearmies 5 1
CARD 
Jibs_PC#1485993201122764800 placearmies 40 1
CARD 
Jibs_PC#1485993201122764800 placearmies 24 1
CARD 
Jibs_PC#1485993201122764800 placearmies 42 1
CARD 
Jibs_PC#1485993201122764800 placearmies 7 1
CARD 
Jibs_PC#1485993201122764800 placearmies 17 1
CARD 
Jibs_PC#1485993201122764800 placearmies 5 1
CARD 
Jibs_PC#1485993201122764800 placearmies 40 1
CARD 
Jibs_PC#1485993201122764800 placearmies 24 1
CARD 
Jibs_PC#1485993201122764800 placearmies 42 1
CARD 
Jibs_PC#1485993201122764800 placearmies 12 1
CARD 
Jibs_PC#1485993201122764800 placearmies 17 1
CARD 
Jibs_PC#1485993201122764800 placearmies 5 1
CARD 
Jibs_PC#1485993201122764800 placearmies 40 1
CARD 
Jibs_PC#1485993201122764800 placearmies 24 1
CARD 
Jibs_PC#1485993201122764800 placearmies 42 1
CARD 
Jibs_PC#1485993201122764800 placearmies 12 1
CARD 
Jibs_PC#1485993201122764800 placearmies 17 1
CARD 
Jibs_PC#1485993201122764800 placearmies 5 1
CARD 
Jibs_PC#1485993201122764800 placearmies 40 1
CARD 
Jibs_PC#1485993201122764800 placearmies 24 1
CARD 
Jibs_PC#1485993201122764800 placearmies 42 1
CARD 
Jibs_PC#1485993201122764800 placearmies 12 1
CARD 
Jibs_PC#1485993201122764800 placearmies 17 1
CARD 
Jibs_PC#1485993201122764800 placearmies 5 1
CARD 
Jibs_PC#1485993201122764800 placearmies 40 1
CARD 
Jibs_PC#1485993201122764800 placearmies 24 1
CARD 
Jibs_PC#1485993201122764800 placearmies 42 1
CARD 
Jibs_PC#1485993201122764800 placearmies 12 1
CARD 
Jibs_PC#1485993201122764800 placearmies 17 1
CARD 
Jibs_PC#1485993201122764800 placearmies 5 1
CARD 
Jibs_PC#1485993201122764800 placearmies 40 1
CARD 
Jibs_PC#1485993201122764800 placearmies 24 1
CARD 
Jibs_PC#1485993201122764800 placearmies 42 1
CARD 
Jibs_PC#1485993201122764800 placearmies 12 1
CARD 
Jibs_PC#1485993201122764800 placearmies 17 1
CARD 
Jibs_PC#1485993201122764800 placearmies 5 1
CARD 
Jibs_PC#1485993201122764800 placearmies 40 1
CARD 
Jibs_PC#1485993201122764800 placearmies 24 1
CARD 
Jibs_PC#1485993201122764800 placearmies 36 1
CARD 
Jibs_PC#1485993201122764800 placearmies 12 1
CARD 
Jibs_PC#1485993201122764800 placearmies 17 1
CARD 
Jibs_PC#1485993201122764800 placearmies 5 1
CARD 
Jibs_PC#1485993201122764800 placearmies 40 1
CARD 
Jibs_PC#1485993201122764800 placearmies 24 1
CARD 
Jibs_PC#1485993201122764800 placearmies 36 1
CARD 
Jibs_PC#1485993201122764800 placearmies 12 1
CARD 
Jibs_PC#1485993201122764800 placearmies 17 1
CARD 
Jibs_PC#1485993201122764800 placearmies 5 1
CARD 
Jibs_PC#1485993201122764800 placearmies 40 1
CARD 
Jibs_PC#1485993201122764800 placearmies 24 1
CARD 
Jibs_PC#1485993201122764800 placearmies 36 1
CARD 
Jibs_PC#1485993201122764800 placearmies 7 1
CARD 
Jibs_PC#1485993201122764800 placearmies 17 1
CARD 
Jibs_PC#1485993201122764800 placearmies 5 1
CARD 
Jibs_PC#1485993201122764800 placearmies 40 1
CARD 
Jibs_PC#1485993201122764800 placearmies 24 1
CARD 
Jibs_PC#1485993201122764800 placearmies 36 1
CARD 
Jibs_PC#1485993201122764800 placearmies 7 1
CARD 
Jibs_PC#1485993201122764800 placearmies 17 1
CARD 
Jibs_PC#1485993201122764800 placearmies 5 1
CARD 
Jibs_PC#1485993201122764800 placearmies 40 1
CARD 
Jibs_PC#1485993201122764800 placearmies 24 1
CARD 
Jibs_PC#1485993201122764800 placearmies 36 1
CARD 
Jibs_PC#1485993201122764800 placearmies 7 1
CARD 
Jibs_PC#1485993201122764800 placearmies 33 1
CARD 
Jibs_PC#1485993201122764800 placearmies 38 1
CARD 
Jibs_PC#1485993201122764800 placearmies 2 1
CARD 
Jibs_PC#1485993201122764800 placearmies 24 1
CARD 
Jibs_PC#1485993201122764800 placearmies 36 1
CARD 
Jibs_PC#1485993201122764800 placearmies 7 1
CARD 
Jibs_PC#1485993201122764800 placearmies 33 1
CARD 
Jibs_PC#1485993201122764800 placearmies 5 1
CARD 
Jibs_PC#1485993201122764800 placearmies 2 1
CARD 
Jibs_PC#1485993201122764800 placearmies 24 3
Jibs_PC#1485993201122764800 attack 24 21
Jibs_PC#1485993201122764800 roll 3
Jibs_PC#1485993201122764800 roll 1
DICE 3 1 5 5 2 1 
Jibs_PC#1485993201122764800 move 15
Jibs_PC#1485993201122764800 attack 21 23
Jibs_PC#1485993201122764800 roll 3
Jibs_PC#1485993201122764800 roll 1
DICE 3 1 3 0 0 4 
Jibs_PC#1485993201122764800 roll 3
Jibs_PC#1485993201122764800 roll 1
DICE 3 1 4 4 0 0 
Jibs_PC#1485993201122764800 move 3
Jibs_PC#1485993201122764800 endattack
Jibs_PC#1485993201122764800 movearmies 23 21 2
CARD 19
Jibs_PC#1485993201122764800 placearmies 36 1
Jibs_PC#1485993201122764800 placearmies 42 2
Jibs_PC#1485993201122764800 attack 42 41
Jibs_PC#1485993201122764800 roll 3
Jibs_PC#1485993201122764800 roll 1
DICE 3 1 4 4 0 4 
Jibs_PC#1485993201122764800 roll 3
Jibs_PC#1485993201122764800 roll 1
DICE 3 1 4 4 3 5 
Jibs_PC#1485993201122764800 retreat
Jibs_PC#1485993201122764800 attack 36 27
Jibs_PC#1485993201122764800 roll 3
Jibs_PC#1485993201122764800 roll 2
DICE 3 2 4 4 3 3 2 
Jibs_PC#1485993201122764800 move 7
Jibs_PC#1485993201122764800 attack 27 35
Jibs_PC#1485993201122764800 roll 3
Jibs_PC#1485993201122764800 roll 1
DICE 3 1 2 1 0 3 
Jibs_PC#1485993201122764800 roll 3
Jibs_PC#1485993201122764800 roll 1
DICE 3 1 5 1 1 1 
Jibs_PC#1485993201122764800 move 5
Jibs_PC#1485993201122764800 endattack
Jibs_PC#1485993201122764800 nomove
CARD 5
Jibs_PC#1485993201122764800 placearmies 7 2
Jibs_PC#1485993201122764800 placearmies 7 1
Jibs_PC#1485993201122764800 attack 12 11
Jibs_PC#1485993201122764800 roll 3
Jibs_PC#1485993201122764800 roll 1
DICE 3 1 1 0 0 5 
Jibs_PC#1485993201122764800 roll 3
Jibs_PC#1485993201122764800 roll 1
DICE 3 1 4 2 1 0 
Jibs_PC#1485993201122764800 move 5
Jibs_PC#1485993201122764800 endattack
Jibs_PC#1485993201122764800 nomove
CARD 27
Jibs_PC#1485993201122764800 placearmies 33 3
Jibs_PC#1485993201122764800 attack 17 15
Jibs_PC#1485993201122764800 roll 3
Jibs_PC#1485993201122764800 roll 1
DICE 3 1 3 1 1 2 
Jibs_PC#1485993201122764800 move 10
Jibs_PC#1485993201122764800 attack 15 16
Jibs_PC#1485993201122764800 roll 3
Jibs_PC#1485993201122764800 roll 1
DICE 3 1 4 2 2 1 
Jibs_PC#1485993201122764800 move 9
Jibs_PC#1485993201122764800 attack 16 31
Jibs_PC#1485993201122764800 roll 3
Jibs_PC#1485993201122764800 roll 1
DICE 3 1 5 5 3 3 
Jibs_PC#1485993201122764800 move 8
Jibs_PC#1485993201122764800 attack 31 22
Jibs_PC#1485993201122764800 roll 3
Jibs_PC#1485993201122764800 roll 1
DICE 3 1 5 1 0 3 
Jibs_PC#1485993201122764800 move 7
Jibs_PC#1485993201122764800 endattack
Jibs_PC#1485993201122764800 nomove
CARD 14
Jibs_PC#1485993201122764800 placearmies 5 3
Jibs_PC#1485993201122764800 attack 5 10
Jibs_PC#1485993201122764800 roll 3
Jibs_PC#1485993201122764800 roll 1
DICE 3 1 4 4 3 1 
Jibs_PC#1485993201122764800 move 15
Jibs_PC#1485993201122764800 attack 10 11
Jibs_PC#1485993201122764800 roll 3
Jibs_PC#1485993201122764800 roll 2
DICE 3 2 5 3 2 5 5 
Jibs_PC#1485993201122764800 roll 3
Jibs_PC#1485993201122764800 roll 2
DICE 3 2 4 2 2 3 2 
Jibs_PC#1485993201122764800 roll 3
Jibs_PC#1485993201122764800 roll 2
DICE 3 2 5 4 1 5 2 
Jibs_PC#1485993201122764800 roll 3
Jibs_PC#1485993201122764800 roll 2
DICE 3 2 5 4 4 1 0 
Jibs_PC#1485993201122764800 roll 3
Jibs_PC#1485993201122764800 roll 1
DICE 3 1 4 3 3 4 
Jibs_PC#1485993201122764800 roll 3
Jibs_PC#1485993201122764800 roll 1
DICE 3 1 4 2 0 2 
Jibs_PC#1485993201122764800 move 9
Jibs_PC#1485993201122764800 attack 11 12
Jibs_PC#1485993201122764800 roll 3
Jibs_PC#1485993201122764800 roll 2
DICE 3 2 4 4 3 4 2 
Jibs_PC#1485993201122764800 roll 3
Jibs_PC#1485993201122764800 roll 1
DICE 3 1 1 1 1 5 
Jibs_PC#1485993201122764800 roll 3
Jibs_PC#1485993201122764800 roll 1
DICE 3 1 4 3 2 4 
Jibs_PC#1485993201122764800 roll 3
Jibs_PC#1485993201122764800 roll 1
DICE 3 1 5 4 3 1 
Jibs_PC#1485993201122764800 move 5
Jibs_PC#1485993201122764800 attack 12 13
Jibs_PC#1485993201122764800 roll 3
Jibs_PC#1485993201122764800 roll 1
DICE 3 1 5 3 0 1 
Jibs_PC#1485993201122764800 move 3
Jibs_PC#1485993201122764800 endattack
Jibs_PC#1485993201122764800 movearmies 13 12 2
CARD 39
Jibs_PC#1485993201122764800 placearmies 40 1
Jibs_PC#1485993201122764800 placearmies 40 1
Jibs_PC#1485993201122764800 placearmies 40 1
Jibs_PC#1485993201122764800 attack 40 42
Jibs_PC#1485993201122764800 roll 3
Jibs_PC#1485993201122764800 roll 2
DICE 3 2 4 2 1 4 0 
Jibs_PC#1485993201122764800 roll 3
Jibs_PC#1485993201122764800 roll 2
DICE 3 2 5 5 2 5 1 
Jibs_PC#1485993201122764800 roll 3
Jibs_PC#1485993201122764800 roll 2
DICE 3 2 5 5 2 0 0 
Jibs_PC#1485993201122764800 roll 3
Jibs_PC#1485993201122764800 roll 2
DICE 3 2 3 1 1 3 0 
Jibs_PC#1485993201122764800 roll 3
Jibs_PC#1485993201122764800 roll 2
DICE 3 2 2 1 0 5 2 
Jibs_PC#1485993201122764800 roll 3
Jibs_PC#1485993201122764800 roll 2
DICE 3 2 5 0 0 2 1 
Jibs_PC#1485993201122764800 roll 3
Jibs_PC#1485993201122764800 roll 2
DICE 3 2 5 4 3 2 2 
Jibs_PC#1485993201122764800 move 3
Jibs_PC#1485993201122764800 endattack
Jibs_PC#1485993201122764800 movearmies 40 39 5
CARD 31
Jibs_PC#1485993201122764800 placearmies 21 3
Jibs_PC#1485993201122764800 attack 21 12
Jibs_PC#1485993201122764800 roll 3
Jibs_PC#1485993201122764800 roll 2
DICE 3 2 3 2 0 5 0 
Jibs_PC#1485993201122764800 roll 3
Jibs_PC#1485993201122764800 roll 2
DICE 3 2 5 4 1 3 0 
Jibs_PC#1485993201122764800 roll 3
Jibs_PC#1485993201122764800 roll 1
DICE 3 1 5 4 0 4 
Jibs_PC#1485993201122764800 move 14
Jibs_PC#1485993201122764800 attack 12 13
Jibs_PC#1485993201122764800 roll 3
Jibs_PC#1485993201122764800 roll 1
DICE 3 1 5 3 0 2 
Jibs_PC#1485993201122764800 move 13
Jibs_PC#1485993201122764800 attack 13 11
Jibs_PC#1485993201122764800 roll 3
Jibs_PC#1485993201122764800 roll 1
DICE 3 1 2 0 0 0 
Jibs_PC#1485993201122764800 move 12
Jibs_PC#1485993201122764800 attack 11 10
Jibs_PC#1485993201122764800 roll 3
Jibs_PC#1485993201122764800 roll 1
DICE 3 1 3 3 1 2 
Jibs_PC#1485993201122764800 move 11
Jibs_PC#1485993201122764800 endattack
Jibs_PC#1485993201122764800 nomove
CARD 37
Jibs_PC#1485993201122764800 placearmies 35 3
Jibs_PC#1485993201122764800 attack 35 34
Jibs_PC#1485993201122764800 roll 3
Jibs_PC#1485993201122764800 roll 1
DICE 3 1 3 1 0 5 
Jibs_PC#1485993201122764800 roll 3
Jibs_PC#1485993201122764800 roll 1
DICE 3 1 5 0 0 2 
Jibs_PC#1485993201122764800 move 6
Jibs_PC#1485993201122764800 endattack
Jibs_PC#1485993201122764800 nomove
CARD 1
Jibs_PC#1485993201122764800 placearmies 7 2
Jibs_PC#1485993201122764800 placearmies 18 1
Jibs_PC#1485993201122764800 attack 7 2
Jibs_PC#1485993201122764800 roll 3
Jibs_PC#1485993201122764800 roll 2
DICE 3 2 4 1 0 4 1 
Jibs_PC#1485993201122764800 roll 3
Jibs_PC#1485993201122764800 roll 2
DICE 3 2 5 5 3 4 4 
Jibs_PC#1485993201122764800 roll 3
Jibs_PC#1485993201122764800 roll 1
DICE 3 1 4 3 1 3 
Jibs_PC#1485993201122764800 move 8
Jibs_PC#1485993201122764800 endattack
Jibs_PC#1485993201122764800 nomove
CARD 35
Jibs_PC#1485993201122764800 placearmies 33 3
Jibs_PC#1485993201122764800 attack 22 21
Jibs_PC#1485993201122764800 roll 3
Jibs_PC#1485993201122764800 roll 1
DICE 3 1 2 2 0 0 
Jibs_PC#1485993201122764800 move 6
Jibs_PC#1485993201122764800 attack 21 12
Jibs_PC#1485993201122764800 roll 3
Jibs_PC#1485993201122764800 roll 1
DICE 3 1 3 3 2 3 
Jibs_PC#1485993201122764800 roll 3
Jibs_PC#1485993201122764800 roll 1
DICE 3 1 2 1 0 3 
Jibs_PC#1485993201122764800 roll 3
Jibs_PC#1485993201122764800 roll 1
DICE 3 1 5 4 0 1 
Jibs_PC#1485993201122764800 attack 33 39
Jibs_PC#1485993201122764800 roll 3
Jibs_PC#1485993201122764800 roll 2
DICE 3 2 5 2 0 1 0 
Jibs_PC#1485993201122764800 roll 3
Jibs_PC#1485993201122764800 roll 2
DICE 3 2 4 0 0 5 3 
Jibs_PC#1485993201122764800 retreat
Jibs_PC#1485993201122764800 attack 33 32
Jibs_PC#1485993201122764800 roll 3
Jibs_PC#1485993201122764800 roll 2
DICE 3 2 3 3 0 5 4 
Jibs_PC#1485993201122764800 roll 3
Jibs_PC#1485993201122764800 roll 2
DICE 3 2 3 0 0 2 0 
Jibs_PC#1485993201122764800 roll 3
Jibs_PC#1485993201122764800 roll 1
DICE 3 1 5 4 1 4 
Jibs_PC#1485993201122764800 move 4
Jibs_PC#1485993201122764800 endattack
Jibs_PC#1485993201122764800 nomove
CARD 32
Jibs_PC#1485993201122764800 placearmies 38 2
Jibs_PC#1485993201122764800 placearmies 38 1
Jibs_PC#1485993201122764800 attack 38 1
Jibs_PC#1485993201122764800 roll 3
Jibs_PC#1485993201122764800 roll 1
DICE 3 1 4 2 0 3 
Jibs_PC#1485993201122764800 move 4
Jibs_PC#1485993201122764800 endattack
Jibs_PC#1485993201122764800 nomove
CARD 3
Jibs_PC#1485993201122764800 placearmies 39 4
Jibs_PC#1485993201122764800 placearmies 39 1
Jibs_PC#1485993201122764800 attack 39 33
Jibs_PC#1485993201122764800 roll 3
Jibs_PC#1485993201122764800 roll 1
DICE 3 1 5 5 0 0 
Jibs_PC#1485993201122764800 move 8
Jibs_PC#1485993201122764800 endattack
Jibs_PC#1485993201122764800 movearmies 42 40 1
CARD 8
Jibs_PC#1485993201122764800 placearmies 10 3
Jibs_PC#1485993201122764800 attack 10 12
Jibs_PC#1485993201122764800 roll 3
Jibs_PC#1485993201122764800 roll 2
DICE 3 2 4 2 1 4 2 
Jibs_PC#1485993201122764800 roll 3
Jibs_PC#1485993201122764800 roll 2
DICE 3 2 4 3 2 4 2 
Jibs_PC#1485993201122764800 roll 3
Jibs_PC#1485993201122764800 roll 2
DICE 3 2 4 3 2 3 0 
Jibs_PC#1485993201122764800 move 9
Jibs_PC#1485993201122764800 attack 12 21
Jibs_PC#1485993201122764800 roll 3
Jibs_PC#1485993201122764800 roll 1
DICE 3 1 5 5 3 1 
Jibs_PC#1485993201122764800 move 8
Jibs_PC#1485993201122764800 attack 21 22
Jibs_PC#1485993201122764800 roll 3
Jibs_PC#1485993201122764800 roll 1
DICE 3 1 3 2 0 5 
Jibs_PC#1485993201122764800 roll 3
Jibs_PC#1485993201122764800 roll 1
DICE 3 1 5 5 4 0 
Jibs_PC#1485993201122764800 move 5
Jibs_PC#1485993201122764800 attack 22 31
Jibs_PC#1485993201122764800 roll 3
Jibs_PC#1485993201122764800 roll 1
DICE 3 1 2 1 0 3 
Jibs_PC#1485993201122764800 roll 3
Jibs_PC#1485993201122764800 roll 1
DICE 3 1 3 3 1 1 
Jibs_PC#1485993201122764800 endattack
Jibs_PC#1485993201122764800 movearmies 31 22 2
CARD 33
Jibs_PC#1485993201122764800 placearmies 34 2
Jibs_PC#1485993201122764800 placearmies 28 1
Jibs_PC#1485993201122764800 attack 34 38
Jibs_PC#1485993201122764800 roll 3
Jibs_PC#1485993201122764800 roll 1
DICE 3 1 2 2 0 4 
Jibs_PC#1485993201122764800 roll 3
Jibs_PC#1485993201122764800 roll 1
DICE 3 1 3 3 3 2 
Jibs_PC#1485993201122764800 move 6
Jibs_PC#1485993201122764800 endattack
Jibs_PC#1485993201122764800 nomove
CARD 15
Jibs_PC#1485993201122764800 placearmies 2 3
Jibs_PC#1485993201122764800 attack 2 1
Jibs_PC#1485993201122764800 roll 3
Jibs_PC#1485993201122764800 roll 2
DICE 3 2 5 0 0 1 0 
Jibs_PC#1485993201122764800 roll 3
Jibs_PC#1485993201122764800 roll 2
DICE 3 2 5 2 2 5 5 
Jibs_PC#1485993201122764800 roll 3
Jibs_PC#1485993201122764800 roll 2
DICE 3 2 2 0 0 5 0 
Jibs_PC#1485993201122764800 roll 3
Jibs_PC#1485993201122764800 roll 2
DICE 3 2 5 1 0 5 1 
Jibs_PC#1485993201122764800 roll 3
Jibs_PC#1485993201122764800 roll 2
DICE 3 2 1 1 1 1 1 
Jibs_PC#1485993201122764800 retreat
Jibs_PC#1485993201122764800 endattack
Jibs_PC#1485993201122764800 nomove
CARD 
Jibs_PC#1485993201122764800 placearmies 16 3
Jibs_PC#1485993201122764800 attack 16 18
Jibs_PC#1485993201122764800 roll 3
Jibs_PC#1485993201122764800 roll 2
DICE 3 2 5 2 0 4 4 
Jibs_PC#1485993201122764800 roll 2
Jibs_PC#1485993201122764800 roll 1
DICE 2 1 4 1 2 
Jibs_PC#1485993201122764800 endattack
Jibs_PC#1485993201122764800 movearmies 18 19 1
CARD 12
Jibs_PC#1485993201122764800 placearmies 1 2
Jibs_PC#1485993201122764800 placearmies 1 1
Jibs_PC#1485993201122764800 attack 1 2
Jibs_PC#1485993201122764800 roll 3
Jibs_PC#1485993201122764800 roll 2
DICE 3 2 4 4 1 4 1 
Jibs_PC#1485993201122764800 roll 3
Jibs_PC#1485993201122764800 roll 1
DICE 3 1 3 2 1 5 
Jibs_PC#1485993201122764800 roll 3
Jibs_PC#1485993201122764800 roll 1
DICE 3 1 1 1 0 5 
Jibs_PC#1485993201122764800 roll 2
Jibs_PC#1485993201122764800 roll 1
DICE 2 1 4 0 2 
Jibs_PC#1485993201122764800 endattack
Jibs_PC#1485993201122764800 nomove
CARD 2
Jibs_PC#1485993201122764800 placearmies 33 5
Jibs_PC#1485993201122764800 attack 33 32
Jibs_PC#1485993201122764800 roll 3
Jibs_PC#1485993201122764800 roll 2
DICE 3 2 5 3 1 2 1 
Jibs_PC#1485993201122764800 roll 3
Jibs_PC#1485993201122764800 roll 2
DICE 3 2 5 3 2 5 5 
Jibs_PC#1485993201122764800 roll 3
Jibs_PC#1485993201122764800 roll 2
DICE 3 2 4 4 0 4 0 
Jibs_PC#1485993201122764800 roll 3
Jibs_PC#1485993201122764800 roll 1
DICE 3 1 4 2 1 5 
Jibs_PC#1485993201122764800 roll 3
Jibs_PC#1485993201122764800 roll 1
DICE 3 1 4 4 3 2 
Jibs_PC#1485993201122764800 move 7
Jibs_PC#1485993201122764800 attack 32 31
Jibs_PC#1485993201122764800 roll 3
Jibs_PC#1485993201122764800 roll 1
DICE 3 1 5 3 2 3 
Jibs_PC#1485993201122764800 move 6
Jibs_PC#1485993201122764800 attack 31 22
Jibs_PC#1485993201122764800 roll 3
Jibs_PC#1485993201122764800 roll 2
DICE 3 2 5 2 1 5 2 
Jibs_PC#1485993201122764800 roll 3
Jibs_PC#1485993201122764800 roll 2
DICE 3 2 3 2 1 3 1 
Jibs_PC#1485993201122764800 retreat
Jibs_PC#1485993201122764800 endattack
Jibs_PC#1485993201122764800 nomove
CARD 10
Jibs_PC#1485993201122764800 placearmies 22 1
Jibs_PC#1485993201122764800 placearmies 22 1
Jibs_PC#1485993201122764800 placearmies 22 6
Jibs_PC#1485993201122764800 attack 22 20
Jibs_PC#1485993201122764800 roll 3
Jibs_PC#1485993201122764800 roll 1
DICE 3 1 5 4 3 4 
Jibs_PC#1485993201122764800 move 8
Jibs_PC#1485993201122764800 attack 20 19
Jibs_PC#1485993201122764800 roll 3
Jibs_PC#1485993201122764800 roll 2
DICE 3 2 4 2 1 4 3 
Jibs_PC#1485993201122764800 roll 3
Jibs_PC#1485993201122764800 roll 2
DICE 3 2 4 4 1 5 2 
Jibs_PC#1485993201122764800 roll 3
Jibs_PC#1485993201122764800 roll 1
DICE 3 1 4 3 1 2 
Jibs_PC#1485993201122764800 move 3
Jibs_PC#1485993201122764800 endattack
Jibs_PC#1485993201122764800 movearmies 21 22 1
CARD wildcard
Jibs_PC#1485993201122764800 trade 5 1 15
Jibs_PC#1485993201122764800 placearmies 28 3
Jibs_PC#1485993201122764800 placearmies 9 8
Jibs_PC#1485993201122764800 placearmies 9 2
Jibs_PC#1485993201122764800 attack 9 7
Jibs_PC#1485993201122764800 roll 3
Jibs_PC#1485993201122764800 roll 1
DICE 3 1 4 0 0 4 
Jibs_PC#1485993201122764800 roll 3
Jibs_PC#1485993201122764800 roll 1
DICE 3 1 4 4 2 0 
Jibs_PC#1485993201122764800 move 9
Jibs_PC#1485993201122764800 attack 28 30
Jibs_PC#1485993201122764800 roll 3
Jibs_PC#1485993201122764800 roll 1
DICE 3 1 4 3 1 3 
Jibs_PC#1485993201122764800 move 4
Jibs_PC#1485993201122764800 attack 38 1
Jibs_PC#1485993201122764800 roll 3
Jibs_PC#1485993201122764800 roll 1
DICE 3 1 5 2 0 4 
Jibs_PC#1485993201122764800 move 5
Jibs_PC#1485993201122764800 attack 7 3
Jibs_PC#1485993201122764800 roll 3
Jibs_PC#1485993201122764800 roll 1
DICE 3 1 5 4 2 3 
Jibs_PC#1485993201122764800 move 8
Jibs_PC#1485993201122764800 attack 1 2
Jibs_PC#1485993201122764800 roll 3
Jibs_PC#1485993201122764800 roll 2
DICE 3 2 4 2 1 2 2 
Jibs_PC#1485993201122764800 roll 3
Jibs_PC#1485993201122764800 roll 1
DICE 3 1 5 5 4 2 
Jibs_PC#1485993201122764800 attack 3 4
Jibs_PC#1485993201122764800 roll 3
Jibs_PC#1485993201122764800 roll 1
DICE 3 1 5 3 2 4 
Jibs_PC#1485993201122764800 move 7
Jibs_PC#1485993201122764800 attack 4 5
Jibs_PC#1485993201122764800 roll 3
Jibs_PC#1485993201122764800 roll 1
DICE 3 1 5 0 0 3 
Jibs_PC#1485993201122764800 move 6
Jibs_PC#1485993201122764800 attack 5 10
Jibs_PC#1485993201122764800 roll 3
Jibs_PC#1485993201122764800 roll 2
DICE 3 2 5 4 2 4 3 
Jibs_PC#1485993201122764800 move 5
Jibs_PC#1485993201122764800 attack 10 12
Jibs_PC#1485993201122764800 roll 3
Jibs_PC#1485993201122764800 roll 1
DICE 3 1 2 2 1 0 
Jibs_PC#1485993201122764800 move 4
Jibs_PC#1485993201122764800 attack 12 21
Jibs_PC#1485993201122764800 roll 3
Jibs_PC#1485993201122764800 roll 1
DICE 3 1 5 2 1 3 
Jibs_PC#1485993201122764800 attack 2 6
Jibs_PC#1485993201122764800 roll 2
Jibs_PC#1485993201122764800 roll 1
DICE 2 1 5 4 4 
Jibs_PC#1485993201122764800 endattack
Jibs_PC#1485993201122764800 nomove
CARD 7
Jibs_PC#1485993201122764800 placearmies 8 3
Jibs_PC#1485993201122764800 attack 8 6
Jibs_PC#1485993201122764800 roll 3
Jibs_PC#1485993201122764800 roll 2
DICE 3 2 3 1 0 2 0 
Jibs_PC#1485993201122764800 attack 6 2
Jibs_PC#1485993201122764800 roll 2
Jibs_PC#1485993201122764800 roll 1
DICE 2 1 1 1 4 
Jibs_PC#1485993201122764800 retreat
Jibs_PC#1485993201122764800 endattack
Jibs_PC#1485993201122764800 nomove
CARD 26
Jibs_PC#1485993201122764800 trade 39 3 2
Jibs_PC#1485993201122764800 placearmies 29 3
Jibs_PC#1485993201122764800 placearmies 29 10
Jibs_PC#1485993201122764800 attack 29 30
Jibs_PC#1485993201122764800 roll 3
Jibs_PC#1485993201122764800 roll 2
DICE 3 2 4 3 2 0 0 
Jibs_PC#1485993201122764800 roll 3
Jibs_PC#1485993201122764800 roll 2
DICE 3 2 5 5 1 1 1 
Jibs_PC#1485993201122764800 move 13
Jibs_PC#1485993201122764800 attack 30 31
Jibs_PC#1485993201122764800 roll 3
Jibs_PC#1485993201122764800 roll 2
DICE 3 2 2 2 1 4 0 
Jibs_PC#1485993201122764800 roll 3
Jibs_PC#1485993201122764800 roll 2
DICE 3 2 4 3 0 3 2 
Jibs_PC#1485993201122764800 move 11
Jibs_PC#1485993201122764800 attack 31 32
Jibs_PC#1485993201122764800 roll 3
Jibs_PC#1485993201122764800 roll 1
DICE 3 1 5 2 0 3 
Jibs_PC#1485993201122764800 move 10
Jibs_PC#1485993201122764800 attack 32 33
Jibs_PC#1485993201122764800 roll 3
Jibs_PC#1485993201122764800 roll 2
DICE 3 2 3 2 0 3 3 
Jibs_PC#1485993201122764800 roll 3
Jibs_PC#1485993201122764800 roll 2
DICE 3 2 4 1 0 4 0 
Jibs_PC#1485993201122764800 roll 3
Jibs_PC#1485993201122764800 roll 1
DICE 3 1 5 3 2 2 
Jibs_PC#1485993201122764800 move 6
Jibs_PC#1485993201122764800 endattack
Jibs_PC#1485993201122764800 nomove
CARD 30
Jibs_PC#1485993201122764800 trade 31 8 10
Jibs_PC#1485993201122764800 placearmies 39 9
Jibs_PC#1485993201122764800 placearmies 39 4
Jibs_PC#1485993201122764800 attack 39 33
Jibs_PC#1485993201122764800 roll 3
Jibs_PC#1485993201122764800 roll 2
DICE 3 2 5 3 2 4 2 
Jibs_PC#1485993201122764800 roll 3
Jibs_PC#1485993201122764800 roll 2
DICE 3 2 4 2 0 5 3 
Jibs_PC#1485993201122764800 roll 3
Jibs_PC#1485993201122764800 roll 2
DICE 3 2 4 4 2 2 2 
Jibs_PC#1485993201122764800 roll 3
Jibs_PC#1485993201122764800 roll 2
DICE 3 2 4 1 0 5 1 
Jibs_PC#1485993201122764800 roll 3
Jibs_PC#1485993201122764800 roll 2
DICE 3 2 2 2 1 2 2 
Jibs_PC#1485993201122764800 roll 3
Jibs_PC#1485993201122764800 roll 2
DICE 3 2 5 2 2 5 3 
Jibs_PC#1485993201122764800 roll 3
Jibs_PC#1485993201122764800 roll 2
DICE 3 2 4 3 0 4 2 
Jibs_PC#1485993201122764800 roll 3
Jibs_PC#1485993201122764800 roll 1
DICE 3 1 5 4 1 0 
Jibs_PC#1485993201122764800 move 4
Jibs_PC#1485993201122764800 endattack
Jibs_PC#1485993201122764800 movearmies 33 39 3
CARD 29
Jibs_PC#1485993201122764800 trade 19 33 wildcard
Jibs_PC#1485993201122764800 placearmies 19 3
Jibs_PC#1485993201122764800 placearmies 19 6
Jibs_PC#1485993201122764800 placearmies 19 3
Jibs_PC#1485993201122764800 placearmies 19 1
Jibs_PC#1485993201122764800 attack 19 21
Jibs_PC#1485993201122764800 roll 3
Jibs_PC#1485993201122764800 roll 2
DICE 3 2 5 2 1 3 1 
Jibs_PC#1485993201122764800 roll 3
Jibs_PC#1485993201122764800 roll 1
DICE 3 1 3 0 0 0 
Jibs_PC#1485993201122764800 move 17
Jibs_PC#1485993201122764800 attack 21 12
Jibs_PC#1485993201122764800 roll 3
Jibs_PC#1485993201122764800 roll 1
DICE 3 1 5 5 5 3 
Jibs_PC#1485993201122764800 move 16
Jibs_PC#1485993201122764800 attack 12 10
Jibs_PC#1485993201122764800 roll 3
Jibs_PC#1485993201122764800 roll 1
DICE 3 1 3 3 0 3 
Jibs_PC#1485993201122764800 roll 3
Jibs_PC#1485993201122764800 roll 1
DICE 3 1 5 4 3 3 
Jibs_PC#1485993201122764800 move 14
Jibs_PC#1485993201122764800 attack 10 5
Jibs_PC#1485993201122764800 roll 3
Jibs_PC#1485993201122764800 roll 1
DICE 3 1 4 3 2 1 
Jibs_PC#1485993201122764800 move 13
Jibs_PC#1485993201122764800 attack 5 9
Jibs_PC#1485993201122764800 roll 3
Jibs_PC#1485993201122764800 roll 1
DICE 3 1 3 2 1 2 
Jibs_PC#1485993201122764800 move 11
Jibs_PC#1485993201122764800 attack 9 8
Jibs_PC#1485993201122764800 roll 3
Jibs_PC#1485993201122764800 roll 1
DICE 3 1 3 2 0 0 
Jibs_PC#1485993201122764800 move 10
Jibs_PC#1485993201122764800 attack 8 7
Jibs_PC#1485993201122764800 roll 3
Jibs_PC#1485993201122764800 roll 1
DICE 3 1 5 3 2 3 
Jibs_PC#1485993201122764800 move 9
Jibs_PC#1485993201122764800 attack 7 6
Jibs_PC#1485993201122764800 roll 3
Jibs_PC#1485993201122764800 roll 2
DICE 3 2 5 2 1 4 3 
Jibs_PC#1485993201122764800 roll 3
Jibs_PC#1485993201122764800 roll 1
DICE 3 1 5 4 2 0 
Jibs_PC#1485993201122764800 move 7
Jibs_PC#1485993201122764800 attack 6 2
Jibs_PC#1485993201122764800 roll 3
Jibs_PC#1485993201122764800 roll 1
DICE 3 1 5 0 0 5 
Jibs_PC#1485993201122764800 roll 3
Jibs_PC#1485993201122764800 roll 1
DICE 3 1 5 4 3 4 
Jibs_PC#1485993201122764800 move 5
Jibs_PC#1485993201122764800 attack 2 3
Jibs_PC#1485993201122764800 roll 3
Jibs_PC#1485993201122764800 roll 1
DICE 3 1 1 1 0 2 
Jibs_PC#1485993201122764800 roll 3
Jibs_PC#1485993201122764800 roll 1
DICE 3 1 3 3 1 4 
Jibs_PC#1485993201122764800 roll 2
Jibs_PC#1485993201122764800 roll 1
DICE 2 1 4 1 2 
Jibs_PC#1485993201122764800 endattack
Jibs_PC#1485993201122764800 nomove
CARD 18
Jibs_PC#1485993201122764800 trade 27 35 7
Jibs_PC#1485993201122764800 placearmies 4 9
Jibs_PC#1485993201122764800 placearmies 4 4
Jibs_PC#1485993201122764800 attack 4 5
Jibs_PC#1485993201122764800 roll 3
Jibs_PC#1485993201122764800 roll 2
DICE 3 2 3 2 0 2 0 
Jibs_PC#1485993201122764800 move 13
Jibs_PC#1485993201122764800 attack 5 10
Jibs_PC#1485993201122764800 roll 3
Jibs_PC#1485993201122764800 roll 1
DICE 3 1 4 4 2 2 
Jibs_PC#1485993201122764800 move 12
Jibs_PC#1485993201122764800 attack 10 12
Jibs_PC#1485993201122764800 roll 3
Jibs_PC#1485993201122764800 roll 1
DICE 3 1 4 2 2 4 
Jibs_PC#1485993201122764800 roll 3
Jibs_PC#1485993201122764800 roll 1
DICE 3 1 5 4 4 1 
Jibs_PC#1485993201122764800 move 10
Jibs_PC#1485993201122764800 attack 12 21
Jibs_PC#1485993201122764800 roll 3
Jibs_PC#1485993201122764800 roll 1
DICE 3 1 3 2 1 5 
Jibs_PC#1485993201122764800 roll 3
Jibs_PC#1485993201122764800 roll 1
DICE 3 1 3 3 3 2 
Jibs_PC#1485993201122764800 move 8
Jibs_PC#1485993201122764800 attack 21 24
Jibs_PC#1485993201122764800 roll 3
Jibs_PC#1485993201122764800 roll 1
DICE 3 1 5 4 2 2 
Jibs_PC#1485993201122764800 move 7
Jibs_PC#1485993201122764800 attack 24 26
Jibs_PC#1485993201122764800 roll 3
Jibs_PC#1485993201122764800 roll 1
DICE 3 1 4 3 1 5 
Jibs_PC#1485993201122764800 roll 3
Jibs_PC#1485993201122764800 roll 1
DICE 3 1 5 5 3 5 
Jibs_PC#1485993201122764800 roll 3
Jibs_PC#1485993201122764800 roll 1
DICE 3 1 3 2 0 1 
Jibs_PC#1485993201122764800 move 4
Jibs_PC#1485993201122764800 endattack
Jibs_PC#1485993201122764800 nomove
CARD 17
Jibs_PC#1485993201122764800 trade 14 32 26
Jibs_PC#1485993201122764800 placearmies 14 1
Jibs_PC#1485993201122764800 placearmies 17 4
Jibs_PC#1485993201122764800 placearmies 14 1
Jibs_PC#1485993201122764800 placearmies 17 1
Jibs_PC#1485993201122764800 attack 17 19
Jibs_PC#1485993201122764800 roll 3
Jibs_PC#1485993201122764800 roll 1
DICE 3 1 1 1 0 5 
Jibs_PC#1485993201122764800 roll 3
Jibs_PC#1485993201122764800 roll 1
DICE 3 1 4 3 0 0 
Jibs_PC#1485993201122764800 move 4
Jibs_PC#1485993201122764800 attack 19 20
Jibs_PC#1485993201122764800 roll 3
Jibs_PC#1485993201122764800 roll 2
DICE 3 2 5 1 0 5 0 
Jibs_PC#1485993201122764800 roll 2
Jibs_PC#1485993201122764800 roll 1
DICE 2 1 2 0 2 
Jibs_PC#1485993201122764800 retreat
Jibs_PC#1485993201122764800 endattack
Jibs_PC#1485993201122764800 nomove
CARD 6
Jibs_PC#1485993201122764800 placearmies 37 3
Jibs_PC#1485993201122764800 attack 37 36
Jibs_PC#1485993201122764800 roll 3
Jibs_PC#1485993201122764800 roll 1
DICE 3 1 3 3 2 4 
Jibs_PC#1485993201122764800 roll 2
Jibs_PC#1485993201122764800 roll 1
DICE 2 1 3 1 4 
Jibs_PC#1485993201122764800 retreat
Jibs_PC#1485993201122764800 endattack
Jibs_PC#1485993201122764800 nomove
CARD 
Jibs_PC#1485993201122764800 placearmies 33 3
Jibs_PC#1485993201122764800 placearmies 33 2
Jibs_PC#1485993201122764800 attack 33 32
Jibs_PC#1485993201122764800 roll 3
Jibs_PC#1485993201122764800 roll 1
DICE 3 1 5 5 0 5 
Jibs_PC#1485993201122764800 roll 3
Jibs_PC#1485993201122764800 roll 1
DICE 3 1 5 4 1 0 
Jibs_PC#1485993201122764800 move 3
Jibs_PC#1485993201122764800 endattack
Jibs_PC#1485993201122764800 movearmies 32 33 2
CARD 24
Jibs_PC#1485993201122764800 placearmies 3 3
Jibs_PC#1485993201122764800 placearmies 22 1
Jibs_PC#1485993201122764800 attack 3 4
Jibs_PC#1485993201122764800 roll 3
Jibs_PC#1485993201122764800 roll 1
DICE 3 1 3 1 0 4 
Jibs_PC#1485993201122764800 roll 3
Jibs_PC#1485993201122764800 roll 1
DICE 3 1 3 3 0 4 
Jibs_PC#1485993201122764800 roll 2
Jibs_PC#1485993201122764800 roll 1
DICE 2 1 5 4 1 
Jibs_PC#1485993201122764800 endattack
Jibs_PC#1485993201122764800 nomove
CARD 20
Jibs_PC#1485993201122764800 placearmies 12 4
Jibs_PC#1485993201122764800 attack 12 13
Jibs_PC#1485993201122764800 roll 3
Jibs_PC#1485993201122764800 roll 1
DICE 3 1 4 3 2 2 
Jibs_PC#1485993201122764800 move 4
Jibs_PC#1485993201122764800 attack 13 11
Jibs_PC#1485993201122764800 roll 3
Jibs_PC#1485993201122764800 roll 1
DICE 3 1 5 1 1 5 
Jibs_PC#1485993201122764800 roll 2
Jibs_PC#1485993201122764800 roll 1
DICE 2 1 4 2 3 
Jibs_PC#1485993201122764800 endattack
Jibs_PC#1485993201122764800 nomove
CARD 4
Jibs_PC#1485993201122764800 placearmies 19 3
Jibs_PC#1485993201122764800 attack 19 20
Jibs_PC#1485993201122764800 roll 3
Jibs_PC#1485993201122764800 roll 1
DICE 3 1 5 3 2 3 
Jibs_PC#1485993201122764800 move 3
Jibs_PC#1485993201122764800 endattack
Jibs_PC#1485993201122764800 nomove
CARD wildcard
Jibs_PC#1485993201122764800 placearmies 37 2
Jibs_PC#1485993201122764800 placearmies 37 1
Jibs_PC#1485993201122764800 attack 37 36
Jibs_PC#1485993201122764800 roll 3
Jibs_PC#1485993201122764800 roll 1
DICE 3 1 1 1 1 0 
Jibs_PC#1485993201122764800 move 4
Jibs_PC#1485993201122764800 endattack
Jibs_PC#1485993201122764800 nomove
CARD 21
Jibs_PC#1485993201122764800 placearmies 33 1
Jibs_PC#1485993201122764800 placearmies 32 4
Jibs_PC#1485993201122764800 attack 33 29
Jibs_PC#1485993201122764800 roll 3
Jibs_PC#1485993201122764800 roll 1
DICE 3 1 3 3 1 3 
Jibs_PC#1485993201122764800 roll 3
Jibs_PC#1485993201122764800 roll 1
DICE 3 1 5 2 0 5 
Jibs_PC#1485993201122764800 retreat
Jibs_PC#1485993201122764800 attack 32 30
Jibs_PC#1485993201122764800 roll 3
Jibs_PC#1485993201122764800 roll 1
DICE 3 1 4 1 1 2 
Jibs_PC#1485993201122764800 move 4
Jibs_PC#1485993201122764800 attack 30 16
Jibs_PC#1485993201122764800 roll 3
Jibs_PC#1485993201122764800 roll 1
DICE 3 1 3 2 1 3 
Jibs_PC#1485993201122764800 roll 2
Jibs_PC#1485993201122764800 roll 1
DICE 2 1 4 1 4 
Jibs_PC#1485993201122764800 retreat
Jibs_PC#1485993201122764800 endattack
Jibs_PC#1485993201122764800 movearmies 39 33 3
CARD 16
Jibs_PC#1485993201122764800 placearmies 4 3
Jibs_PC#1485993201122764800 attack 4 5
Jibs_PC#1485993201122764800 roll 3
Jibs_PC#1485993201122764800 roll 1
DICE 3 1 5 5 4 4 
Jibs_PC#1485993201122764800 move 4
Jibs_PC#1485993201122764800 attack 5 10
Jibs_PC#1485993201122764800 roll 3
Jibs_PC#1485993201122764800 roll 1
DICE 3 1 1 1 0 3 
Jibs_PC#1485993201122764800 roll 2
Jibs_PC#1485993201122764800 roll 1
DICE 2 1 5 1 0 
Jibs_PC#1485993201122764800 endattack
Jibs_PC#1485993201122764800 nomove
CARD 9
Jibs_PC#1485993201122764800 placearmies 11 4
Jibs_PC#1485993201122764800 attack 11 10
Jibs_PC#1485993201122764800 roll 3
Jibs_PC#1485993201122764800 roll 2
DICE 3 2 4 4 0 5 0 
Jibs_PC#1485993201122764800 roll 3
Jibs_PC#1485993201122764800 roll 1
DICE 3 1 4 4 2 0 
Jibs_PC#1485993201122764800 move 4
Jibs_PC#1485993201122764800 endattack
Jibs_PC#1485993201122764800 nomove
CARD 25
Jibs_PC#1485993201122764800 trade 12 6 wildcard
Jibs_PC#1485993201122764800 placearmies 20 5
Jibs_PC#1485993201122764800 placearmies 16 1
Jibs_PC#1485993201122764800 placearmies 20 11
Jibs_PC#1485993201122764800 placearmies 20 1
Jibs_PC#1485993201122764800 attack 20 31
Jibs_PC#1485993201122764800 roll 3
Jibs_PC#1485993201122764800 roll 1
DICE 3 1 5 4 1 0 
Jibs_PC#1485993201122764800 move 18
Jibs_PC#1485993201122764800 attack 31 30
Jibs_PC#1485993201122764800 roll 3
Jibs_PC#1485993201122764800 roll 2
DICE 3 2 5 4 1 3 0 
Jibs_PC#1485993201122764800 move 17
Jibs_PC#1485993201122764800 attack 30 29
Jibs_PC#1485993201122764800 roll 3
Jibs_PC#1485993201122764800 roll 1
DICE 3 1 3 2 0 0 
Jibs_PC#1485993201122764800 move 16
Jibs_PC#1485993201122764800 attack 29 36
Jibs_PC#1485993201122764800 roll 3
Jibs_PC#1485993201122764800 roll 2
DICE 3 2 3 1 1 1 0 
Jibs_PC#1485993201122764800 roll 3
Jibs_PC#1485993201122764800 roll 2
DICE 3 2 4 4 1 5 0 
Jibs_PC#1485993201122764800 roll 3
Jibs_PC#1485993201122764800 roll 1
DICE 3 1 5 4 1 3 
Jibs_PC#1485993201122764800 move 14
Jibs_PC#1485993201122764800 attack 36 37
Jibs_PC#1485993201122764800 roll 3
Jibs_PC#1485993201122764800 roll 1
DICE 3 1 5 1 0 3 
Jibs_PC#1485993201122764800 move 13
Jibs_PC#1485993201122764800 attack 37 38
Jibs_PC#1485993201122764800 roll 3
Jibs_PC#1485993201122764800 roll 1
DICE 3 1 4 2 0 3 
Jibs_PC#1485993201122764800 move 12
Jibs_PC#1485993201122764800 attack 14 6
Jibs_PC#1485993201122764800 roll 3
Jibs_PC#1485993201122764800 roll 1
DICE 3 1 5 3 3 3 
Jibs_PC#1485993201122764800 move 4
Jibs_PC#1485993201122764800 attack 6 2
Jibs_PC#1485993201122764800 roll 3
Jibs_PC#1485993201122764800 roll 1
DICE 3 1 2 1 1 2 
Jibs_PC#1485993201122764800 roll 2
Jibs_PC#1485993201122764800 roll 1
DICE 2 1 2 0 3 
Jibs_PC#1485993201122764800 retreat
Jibs_PC#1485993201122764800 attack 38 1
Jibs_PC#1485993201122764800 roll 3
Jibs_PC#1485993201122764800 roll 1
DICE 3 1 3 3 1 5 
Jibs_PC#1485993201122764800 roll 3
Jibs_PC#1485993201122764800 roll 1
DICE 3 1 3 2 0 0 
Jibs_PC#1485993201122764800 move 10
Jibs_PC#1485993201122764800 attack 1 3
Jibs_PC#1485993201122764800 roll 3
Jibs_PC#1485993201122764800 roll 1
DICE 3 1 5 1 1 4 
Jibs_PC#1485993201122764800 move 9
Jibs_PC#1485993201122764800 attack 3 7
Jibs_PC#1485993201122764800 roll 3
Jibs_PC#1485993201122764800 roll 1
DICE 3 1 3 2 0 5 
Jibs_PC#1485993201122764800 roll 3
Jibs_PC#1485993201122764800 roll 1
DICE 3 1 5 4 1 0 
Jibs_PC#1485993201122764800 move 7
Jibs_PC#1485993201122764800 attack 7 9
Jibs_PC#1485993201122764800 roll 3
Jibs_PC#1485993201122764800 roll 1
DICE 3 1 4 4 0 0 
Jibs_PC#1485993201122764800 move 6
Jibs_PC#1485993201122764800 attack 9 8
Jibs_PC#1485993201122764800 roll 3
Jibs_PC#1485993201122764800 roll 1
DICE 3 1 5 3 2 1 
Jibs_PC#1485993201122764800 move 3
Jibs_PC#1485993201122764800 attack 9 5
Jibs_PC#1485993201122764800 roll 2
Jibs_PC#1485993201122764800 roll 1
DICE 2 1 4 2 3 
Jibs_PC#1485993201122764800 endattack
Jibs_PC#1485993201122764800 movearmies 8 6 2
CARD 23
Jibs_PC#1485993201122764800 placearmies 33 5
Jibs_PC#1485993201122764800 attack 33 29
Jibs_PC#1485993201122764800 roll 3
Jibs_PC#1485993201122764800 roll 1
DICE 3 1 5 5 0 1 
Jibs_PC#1485993201122764800 move 10
Jibs_PC#1485993201122764800 attack 29 28
Jibs_PC#1485993201122764800 roll 3
Jibs_PC#1485993201122764800 roll 1
DICE 3 1 5 4 3 3 
Jibs_PC#1485993201122764800 move 8
Jibs_PC#1485993201122764800 attack 28 16
Jibs_PC#1485993201122764800 roll 3
Jibs_PC#1485993201122764800 roll 2
DICE 3 2 4 3 2 1 0 
Jibs_PC#1485993201122764800 move 7
Jibs_PC#1485993201122764800 attack 16 20
Jibs_PC#1485993201122764800 roll 3
Jibs_PC#1485993201122764800 roll 2
DICE 3 2 5 4 1 2 1 
Jibs_PC#1485993201122764800 move 6
Jibs_PC#1485993201122764800 attack 20 19
Jibs_PC#1485993201122764800 roll 3
Jibs_PC#1485993201122764800 roll 2
DICE 3 2 5 3 2 2 0 
Jibs_PC#1485993201122764800 move 5
Jibs_PC#1485993201122764800 attack 19 21
Jibs_PC#1485993201122764800 roll 3
Jibs_PC#1485993201122764800 roll 1
DICE 3 1 4 2 1 2 
Jibs_PC#1485993201122764800 move 4
Jibs_PC#1485993201122764800 endattack
Jibs_PC#1485993201122764800 nomove
CARD 41
Jibs_PC#1485993201122764800 trade 37 18 9
Jibs_PC#1485993201122764800 placearmies 22 8
Jibs_PC#1485993201122764800 placearmies 22 5
Jibs_PC#1485993201122764800 attack 22 31
Jibs_PC#1485993201122764800 roll 3
Jibs_PC#1485993201122764800 roll 1
DICE 3 1 4 3 0 1 
Jibs_PC#1485993201122764800 move 16
Jibs_PC#1485993201122764800 attack 31 32
Jibs_PC#1485993201122764800 roll 3
Jibs_PC#1485993201122764800 roll 1
DICE 3 1 3 2 2 3 
Jibs_PC#1485993201122764800 roll 3
Jibs_PC#1485993201122764800 roll 1
DICE 3 1 5 3 2 1 
Jibs_PC#1485993201122764800 move 14
Jibs_PC#1485993201122764800 attack 32 33
Jibs_PC#1485993201122764800 roll 3
Jibs_PC#1485993201122764800 roll 1
DICE 3 1 3 1 0 1 
Jibs_PC#1485993201122764800 move 13
Jibs_PC#1485993201122764800 attack 33 29
Jibs_PC#1485993201122764800 roll 3
Jibs_PC#1485993201122764800 roll 2
DICE 3 2 2 1 0 2 0 
Jibs_PC#1485993201122764800 roll 3
Jibs_PC#1485993201122764800 roll 1
DICE 3 1 5 5 3 5 
Jibs_PC#1485993201122764800 retreat
Jibs_PC#1485993201122764800 attack 33 39
Jibs_PC#1485993201122764800 roll 3
Jibs_PC#1485993201122764800 roll 1
DICE 3 1 4 1 0 1 
Jibs_PC#1485993201122764800 move 10
Jibs_PC#1485993201122764800 attack 39 41
Jibs_PC#1485993201122764800 roll 3
Jibs_PC#1485993201122764800 roll 1
DICE 3 1 5 5 3 2 
Jibs_PC#1485993201122764800 move 9
Jibs_PC#1485993201122764800 attack 41 42
Jibs_PC#1485993201122764800 roll 3
Jibs_PC#1485993201122764800 roll 2
DICE 3 2 4 1 1 5 3 
Jibs_PC#1485993201122764800 roll 3
Jibs_PC#1485993201122764800 roll 2
DICE 3 2 4 4 0 4 1 
Jibs_PC#1485993201122764800 roll 3
Jibs_PC#1485993201122764800 roll 1
DICE 3 1 4 1 0 0 
Jibs_PC#1485993201122764800 move 5
Jibs_PC#1485993201122764800 attack 42 40
Jibs_PC#1485993201122764800 roll 3
Jibs_PC#1485993201122764800 roll 2
DICE 3 2 2 1 0 2 0 
Jibs_PC#1485993201122764800 roll 3
Jibs_PC#1485993201122764800 roll 1
DICE 3 1 3 1 1 4 
Jibs_PC#1485993201122764800 roll 2
Jibs_PC#1485993201122764800 roll 1
DICE 2 1 1 0 0 
Jibs_PC#1485993201122764800 endattack
Jibs_PC#1485993201122764800 nomove
CARD 42
Jibs_PC#1485993201122764800 trade 17 4 25
Jibs_PC#1485993201122764800 placearmies 26 15
Jibs_PC#1485993201122764800 attack 26 25
Jibs_PC#1485993201122764800 roll 3
Jibs_PC#1485993201122764800 roll 1
DICE 3 1 5 2 1 2 
Jibs_PC#1485993201122764800 move 18
Jibs_PC#1485993201122764800 attack 25 23
Jibs_PC#1485993201122764800 roll 3
Jibs_PC#1485993201122764800 roll 1
DICE 3 1 5 5 3 4 
Jibs_PC#1485993201122764800 move 17
Jibs_PC#1485993201122764800 attack 23 21
Jibs_PC#1485993201122764800 roll 3
Jibs_PC#1485993201122764800 roll 2
DICE 3 2 4 3 2 2 0 
Jibs_PC#1485993201122764800 roll 3
Jibs_PC#1485993201122764800 roll 2
DICE 3 2 5 4 0 4 0 
Jibs_PC#1485993201122764800 move 16
Jibs_PC#1485993201122764800 attack 21 22
Jibs_PC#1485993201122764800 roll 3
Jibs_PC#1485993201122764800 roll 1
DICE 3 1 4 2 1 2 
Jibs_PC#1485993201122764800 move 14
Jibs_PC#1485993201122764800 attack 22 31
Jibs_PC#1485993201122764800 roll 3
Jibs_PC#1485993201122764800 roll 1
DICE 3 1 5 1 1 0 
Jibs_PC#1485993201122764800 move 12
Jibs_PC#1485993201122764800 attack 31 32
Jibs_PC#1485993201122764800 roll 3
Jibs_PC#1485993201122764800 roll 1
DICE 3 1 2 2 1 1 
Jibs_PC#1485993201122764800 move 11
Jibs_PC#1485993201122764800 attack 32 33
Jibs_PC#1485993201122764800 roll 3
Jibs_PC#1485993201122764800 roll 1
DICE 3 1 5 2 2 2 
Jibs_PC#1485993201122764800 move 10
Jibs_PC#1485993201122764800 attack 33 39
Jibs_PC#1485993201122764800 roll 3
Jibs_PC#1485993201122764800 roll 1
DICE 3 1 5 5 3 0 
Jibs_PC#1485993201122764800 move 9
Jibs_PC#1485993201122764800 attack 39 41
Jibs_PC#1485993201122764800 roll 3
Jibs_PC#1485993201122764800 roll 1
DICE 3 1 2 1 0 2 
Jibs_PC#1485993201122764800 roll 3
Jibs_PC#1485993201122764800 roll 1
DICE 3 1 4 1 0 2 
Jibs_PC#1485993201122764800 move 7
Jibs_PC#1485993201122764800 attack 41 42
Jibs_PC#1485993201122764800 roll 3
Jibs_PC#1485993201122764800 roll 1
DICE 3 1 5 5 0 4 
Jibs_PC#1485993201122764800 move 6
Jibs_PC#1485993201122764800 attack 42 40
Jibs_PC#1485993201122764800 roll 3
Jibs_PC#1485993201122764800 roll 2
DICE 3 2 4 4 2 5 4 
Jibs_PC#1485993201122764800 roll 3
Jibs_PC#1485993201122764800 roll 2
DICE 3 2 3 2 2 5 1 
Jibs_PC#1485993201122764800 roll 2
Jibs_PC#1485993201122764800 roll 1
DICE 2 1 3 1 5 
Jibs_PC#1485993201122764800 retreat
Jibs_PC#1485993201122764800 endattack
Jibs_PC#1485993201122764800 nomove
CARD 38
Jibs_PC#1485993201122764800 placearmies 6 1
Jibs_PC#1485993201122764800 placearmies 18 4
Jibs_PC#1485993201122764800 attack 6 2
Jibs_PC#1485993201122764800 roll 3
Jibs_PC#1485993201122764800 roll 1
DICE 3 1 3 1 0 1 
Jibs_PC#1485993201122764800 move 3
Jibs_PC#1485993201122764800 attack 18 20
Jibs_PC#1485993201122764800 roll 3
Jibs_PC#1485993201122764800 roll 1
DICE 3 1 3 0 0 5 
Jibs_PC#1485993201122764800 roll 3
Jibs_PC#1485993201122764800 roll 1
DICE 3 1 4 3 1 5 
Jibs_PC#1485993201122764800 roll 2
Jibs_PC#1485993201122764800 roll 1
DICE 2 1 5 4 4 
Jibs_PC#1485993201122764800 endattack
Jibs_PC#1485993201122764800 movearmies 2 7 2
CARD 28
Jibs_PC#1485993201122764800 trade 24 16 41
Jibs_PC#1485993201122764800 placearmies 16 1
Jibs_PC#1485993201122764800 placearmies 29 10
Jibs_PC#1485993201122764800 attack 29 30
Jibs_PC#1485993201122764800 roll 3
Jibs_PC#1485993201122764800 roll 1
DICE 3 1 5 4 1 3 
Jibs_PC#1485993201122764800 move 10
Jibs_PC#1485993201122764800 attack 30 31
Jibs_PC#1485993201122764800 roll 3
Jibs_PC#1485993201122764800 roll 1
DICE 3 1 5 4 3 2 
Jibs_PC#1485993201122764800 move 9
Jibs_PC#1485993201122764800 attack 31 22
Jibs_PC#1485993201122764800 roll 3
Jibs_PC#1485993201122764800 roll 2
DICE 3 2 4 3 1 5 0 
Jibs_PC#1485993201122764800 roll 3
Jibs_PC#1485993201122764800 roll 1
DICE 3 1 5 3 2 4 
Jibs_PC#1485993201122764800 move 7
Jibs_PC#1485993201122764800 attack 22 21
Jibs_PC#1485993201122764800 roll 3
Jibs_PC#1485993201122764800 roll 2
DICE 3 2 5 3 0 4 0 
Jibs_PC#1485993201122764800 move 6
Jibs_PC#1485993201122764800 attack 21 12
Jibs_PC#1485993201122764800 roll 3
Jibs_PC#1485993201122764800 roll 1
DICE 3 1 4 4 0 0 
Jibs_PC#1485993201122764800 move 5
Jibs_PC#1485993201122764800 attack 12 13
Jibs_PC#1485993201122764800 roll 3
Jibs_PC#1485993201122764800 roll 1
DICE 3 1 5 2 0 1 
Jibs_PC#1485993201122764800 move 4
Jibs_PC#1485993201122764800 endattack
Jibs_PC#1485993201122764800 nomove
CARD 13
Jibs_PC#1485993201122764800 placearmies 40 3
Jibs_PC#1485993201122764800 attack 40 39
Jibs_PC#1485993201122764800 roll 3
Jibs_PC#1485993201122764800 roll 1
DICE 3 1 5 4 0 2 
Jibs_PC#1485993201122764800 attack 39 41
Jibs_PC#1485993201122764800 roll 2
Jibs_PC#1485993201122764800 roll 1
DICE 2 1 2 2 1 
Jibs_PC#1485993201122764800 endattack
Jibs_PC#1485993201122764800 nomove
CARD 22
Jibs_PC#1485993201122764800 placearmies 24 4
Jibs_PC#1485993201122764800 attack 24 22
Jibs_PC#1485993201122764800 roll 3
Jibs_PC#1485993201122764800 roll 1
DICE 3 1 5 4 1 3 
Jibs_PC#1485993201122764800 move 4
Jibs_PC#1485993201122764800 attack 22 21
Jibs_PC#1485993201122764800 roll 3
Jibs_PC#1485993201122764800 roll 1
DICE 3 1 2 1 1 3 
Jibs_PC#1485993201122764800 roll 2
Jibs_PC#1485993201122764800 roll 1
DICE 2 1 5 3 3 
Jibs_PC#1485993201122764800 attack 10 12
Jibs_PC#1485993201122764800 roll 3
Jibs_PC#1485993201122764800 roll 1
DICE 3 1 5 2 1 5 
Jibs_PC#1485993201122764800 roll 2
Jibs_PC#1485993201122764800 roll 1
DICE 2 1 5 2 5 
Jibs_PC#1485993201122764800 retreat
Jibs_PC#1485993201122764800 endattack
Jibs_PC#1485993201122764800 nomove
CARD 11
Jibs_PC#1485993201122764800 placearmies 7 2
Jibs_PC#1485993201122764800 placearmies 20 3
Jibs_PC#1485993201122764800 attack 20 22
Jibs_PC#1485993201122764800 roll 3
Jibs_PC#1485993201122764800 roll 1
DICE 3 1 5 4 2 3 
Jibs_PC#1485993201122764800 move 4
Jibs_PC#1485993201122764800 attack 7 4
Jibs_PC#1485993201122764800 roll 3
Jibs_PC#1485993201122764800 roll 1
DICE 3 1 5 5 1 0 
Jibs_PC#1485993201122764800 move 3
Jibs_PC#1485993201122764800 endattack
Jibs_PC#1485993201122764800 movearmies 4 5 2
CARD 36
Jibs_PC#1485993201122764800 placearmies 16 3
Jibs_PC#1485993201122764800 attack 16 20
Jibs_PC#1485993201122764800 roll 3
Jibs_PC#1485993201122764800 roll 1
DICE 3 1 4 1 1 0 
Jibs_PC#1485993201122764800 move 6
Jibs_PC#1485993201122764800 attack 20 18
Jibs_PC#1485993201122764800 roll 3
Jibs_PC#1485993201122764800 roll 1
DICE 3 1 5 4 4 2 
Jibs_PC#1485993201122764800 move 5
Jibs_PC#1485993201122764800 attack 18 17
Jibs_PC#1485993201122764800 roll 3
Jibs_PC#1485993201122764800 roll 1
DICE 3 1 4 4 3 5 
Jibs_PC#1485993201122764800 roll 3
Jibs_PC#1485993201122764800 roll 1
DICE 3 1 4 2 1 3 
Jibs_PC#1485993201122764800 attack 17 15
Jibs_PC#1485993201122764800 roll 2
Jibs_PC#1485993201122764800 roll 1
DICE 2 1 4 3 1 
Jibs_PC#1485993201122764800 attack 13 11
Jibs_PC#1485993201122764800 roll 3
Jibs_PC#1485993201122764800 roll 1
DICE 3 1 0 0 0 1 
Jibs_PC#1485993201122764800 roll 2
Jibs_PC#1485993201122764800 roll 1
DICE 2 1 2 1 4 
Jibs_PC#1485993201122764800 retreat
Jibs_PC#1485993201122764800 endattack
Jibs_PC#1485993201122764800 nomove
CARD 40
Jibs_PC#1485993201122764800 placearmies 41 3
Jibs_PC#1485993201122764800 attack 41 42
Jibs_PC#1485993201122764800 roll 3
Jibs_PC#1485993201122764800 roll 2
DICE 3 2 5 3 0 2 1 
Jibs_PC#1485993201122764800 move 3
Jibs_PC#1485993201122764800 endattack
Jibs_PC#1485993201122764800 movearmies 41 39 1
CARD 34
Jibs_PC#1485993201122764800 placearmies 10 3
Jibs_PC#1485993201122764800 placearmies 27 1
Jibs_PC#1485993201122764800 attack 10 12
Jibs_PC#1485993201122764800 roll 3
Jibs_PC#1485993201122764800 roll 1
DICE 3 1 4 3 2 2 
Jibs_PC#1485993201122764800 move 4
Jibs_PC#1485993201122764800 attack 12 13
Jibs_PC#1485993201122764800 roll 3
Jibs_PC#1485993201122764800 roll 2
DICE 3 2 3 1 0 1 1 
Jibs_PC#1485993201122764800 roll 2
Jibs_PC#1485993201122764800 roll 1
DICE 2 1 4 4 1 
Jibs_PC#1485993201122764800 attack 27 36
Jibs_PC#1485993201122764800 roll 3
Jibs_PC#1485993201122764800 roll 1
DICE 3 1 4 4 0 0 
Jibs_PC#1485993201122764800 attack 36 29
Jibs_PC#1485993201122764800 roll 2
Jibs_PC#1485993201122764800 roll 1
DICE 2 1 3 0 4 
Jibs_PC#1485993201122764800 retreat
Jibs_PC#1485993201122764800 endattack
Jibs_PC#1485993201122764800 nomove
CARD 37
Jibs_PC#1485993201122764800 trade 30 23 36
Jibs_PC#1485993201122764800 placearmies 38 19
Jibs_PC#1485993201122764800 attack 38 36
Jibs_PC#1485993201122764800 roll 3
Jibs_PC#1485993201122764800 roll 2
DICE 3 2 5 5 2 5 2 
Jibs_PC#1485993201122764800 roll 3
Jibs_PC#1485993201122764800 roll 1
DICE 3 1 4 3 1 2 
Jibs_PC#1485993201122764800 move 17
Jibs_PC#1485993201122764800 attack 36 29
Jibs_PC#1485993201122764800 roll 3
Jibs_PC#1485993201122764800 roll 1
DICE 3 1 5 3 3 2 
Jibs_PC#1485993201122764800 move 16
Jibs_PC#1485993201122764800 attack 29 33
Jibs_PC#1485993201122764800 roll 3
Jibs_PC#1485993201122764800 roll 1
DICE 3 1 5 5 2 1 
Jibs_PC#1485993201122764800 move 15
Jibs_PC#1485993201122764800 attack 33 39
Jibs_PC#1485993201122764800 roll 3
Jibs_PC#1485993201122764800 roll 2
DICE 3 2 5 5 3 5 0 
Jibs_PC#1485993201122764800 roll 3
Jibs_PC#1485993201122764800 roll 1
DICE 3 1 5 3 0 1 
Jibs_PC#1485993201122764800 move 13
Jibs_PC#1485993201122764800 attack 5 10
Jibs_PC#1485993201122764800 roll 3
Jibs_PC#1485993201122764800 roll 1
DICE 3 1 4 1 0 1 
Jibs_PC#1485993201122764800 attack 39 41
Jibs_PC#1485993201122764800 roll 3
Jibs_PC#1485993201122764800 roll 1
DICE 3 1 3 3 1 0 
Jibs_PC#1485993201122764800 move 12
Jibs_PC#1485993201122764800 attack 41 40
Jibs_PC#1485993201122764800 roll 3
Jibs_PC#1485993201122764800 roll 1
DICE 3 1 4 2 1 5 
Jibs_PC#1485993201122764800 roll 3
Jibs_PC#1485993201122764800 roll 1
DICE 3 1 5 4 0 4 
Jibs_PC#1485993201122764800 move 8
Jibs_PC#1485993201122764800 attack 40 42
Jibs_PC#1485993201122764800 roll 3
Jibs_PC#1485993201122764800 roll 2
DICE 3 2 5 4 2 2 0 
Jibs_PC#1485993201122764800 roll 3
Jibs_PC#1485993201122764800 roll 1
DICE 3 1 3 3 1 4 
Jibs_PC#1485993201122764800 roll 3
Jibs_PC#1485993201122764800 roll 1
DICE 3 1 1 1 0 0 
Jibs_PC#1485993201122764800 move 3
Jibs_PC#1485993201122764800 trade 21 42 22
Jibs_PC#1485993201122764800 placearmies 10 4
Jibs_PC#1485993201122764800 attack 10 12
Jibs_PC#1485993201122764800 roll 3
Jibs_PC#1485993201122764800 roll 1
DICE 3 1 5 5 1 3 
Jibs_PC#1485993201122764800 move 5
Jibs_PC#1485993201122764800 attack 12 11
Jibs_PC#1485993201122764800 roll 3
Jibs_PC#1485993201122764800 roll 1
DICE 3 1 5 5 3 0 
Jibs_PC#1485993201122764800 move 3
Jibs_PC#1485993201122764800 endattack
Jibs_PC#1485993201122764800 movearmies 10 11 1
CARD 24
Jibs_PC#1485993201122764800 placearmies 15 2
Jibs_PC#1485993201122764800 placearmies 15 1
Jibs_PC#1485993201122764800 attack 15 14
Jibs_PC#1485993201122764800 roll 3
Jibs_PC#1485993201122764800 roll 1
DICE 3 1 1 1 0 1 
Jibs_PC#1485993201122764800 roll 3
Jibs_PC#1485993201122764800 roll 1
DICE 3 1 3 2 1 5 
Jibs_PC#1485993201122764800 roll 2
Jibs_PC#1485993201122764800 roll 1
DICE 2 1 5 5 2 
Jibs_PC#1485993201122764800 endattack
Jibs_PC#1485993201122764800 nomove
CARD 8
Jibs_PC#1485993201122764800 placearmies 21 2
Jibs_PC#1485993201122764800 placearmies 21 1
Jibs_PC#1485993201122764800 attack 21 12
Jibs_PC#1485993201122764800 roll 3
Jibs_PC#1485993201122764800 roll 2
DICE 3 2 5 3 1 4 3 
Jibs_PC#1485993201122764800 roll 3
Jibs_PC#1485993201122764800 roll 1
DICE 3 1 4 1 0 2 
Jibs_PC#1485993201122764800 endattack
Jibs_PC#1485993201122764800 movearmies 12 21 2
CARD 32
Jibs_PC#1485993201122764800 trade 28 20 34
Jibs_PC#1485993201122764800 placearmies 11 5
Jibs_PC#1485993201122764800 placearmies 10 8
Jibs_PC#1485993201122764800 placearmies 33 1
Jibs_PC#1485993201122764800 placearmies 22 1
Jibs_PC#1485993201122764800 placearmies 10 3
Jibs_PC#1485993201122764800 placearmies 22 2
Jibs_PC#1485993201122764800 attack 22 20
Jibs_PC#1485993201122764800 roll 3
Jibs_PC#1485993201122764800 roll 1
DICE 3 1 5 4 1 0 
Jibs_PC#1485993201122764800 move 6
Jibs_PC#1485993201122764800 attack 10 12
Jibs_PC#1485993201122764800 roll 3
Jibs_PC#1485993201122764800 roll 1
DICE 3 1 3 2 2 1 
Jibs_PC#1485993201122764800 move 11
Jibs_PC#1485993201122764800 attack 11 13
Jibs_PC#1485993201122764800 roll 3
Jibs_PC#1485993201122764800 roll 2
DICE 3 2 5 5 4 5 0 
Jibs_PC#1485993201122764800 roll 3
Jibs_PC#1485993201122764800 roll 1
DICE 3 1 5 2 0 5 
Jibs_PC#1485993201122764800 roll 3
Jibs_PC#1485993201122764800 roll 1
DICE 3 1 5 3 2 3 
Jibs_PC#1485993201122764800 move 3
Jibs_PC#1485993201122764800 attack 12 21
Jibs_PC#1485993201122764800 roll 3
Jibs_PC#1485993201122764800 roll 2
DICE 3 2 5 3 0 2 0 
Jibs_PC#1485993201122764800 roll 3
Jibs_PC#1485993201122764800 roll 1
DICE 3 1 5 5 1 2 
Jibs_PC#1485993201122764800 move 10
Jibs_PC#1485993201122764800 attack 21 24
Jibs_PC#1485993201122764800 roll 3
Jibs_PC#1485993201122764800 roll 1
DICE 3 1 3 2 0 1 
Jibs_PC#1485993201122764800 move 8
Jibs_PC#1485993201122764800 attack 24 26
Jibs_PC#1485993201122764800 roll 3
Jibs_PC#1485993201122764800 roll 1
DICE 3 1 3 2 0 1 
Jibs_PC#1485993201122764800 move 7
Jibs_PC#1485993201122764800 attack 26 25
Jibs_PC#1485993201122764800 roll 3
Jibs_PC#1485993201122764800 roll 1
DICE 3 1 5 5 3 5 
Jibs_PC#1485993201122764800 roll 3
Jibs_PC#1485993201122764800 roll 1
DICE 3 1 4 4 4 5 
Jibs_PC#1485993201122764800 roll 3
Jibs_PC#1485993201122764800 roll 1
DICE 3 1 5 3 0 3 
Jibs_PC#1485993201122764800 move 4
Jibs_PC#1485993201122764800 attack 25 23
Jibs_PC#1485993201122764800 roll 3
Jibs_PC#1485993201122764800 roll 1
DICE 3 1 5 5 2 4 
Jibs_PC#1485993201122764800 attack 20 31
Jibs_PC#1485993201122764800 roll 3
Jibs_PC#1485993201122764800 roll 1
DICE 3 1 5 5 3 4 
Jibs_PC#1485993201122764800 move 4
Jibs_PC#1485993201122764800 attack 31 32
Jibs_PC#1485993201122764800 roll 3
Jibs_PC#1485993201122764800 roll 1
DICE 3 1 5 1 0 4 
Jibs_PC#1485993201122764800 attack 32 30
Jibs_PC#1485993201122764800 roll 2
Jibs_PC#1485993201122764800 roll 1
DICE 2 1 5 1 5 
Jibs_PC#1485993201122764800 retreat
Jibs_PC#1485993201122764800 endattack
Jibs_PC#1485993201122764800 movearmies 23 21 2
CARD 16
Jibs_PC#1485993201122764800 trade 29 13 8
Jibs_PC#1485993201122764800 placearmies 14 3
Jibs_PC#1485993201122764800 placearmies 14 1
Jibs_PC#1485993201122764800 placearmies 30 7
Jibs_PC#1485993201122764800 placearmies 30 1
Jibs_PC#1485993201122764800 placearmies 30 1
Jibs_PC#1485993201122764800 attack 30 29
Jibs_PC#1485993201122764800 roll 3
Jibs_PC#1485993201122764800 roll 1
DICE 3 1 3 2 0 3 
Jibs_PC#1485993201122764800 roll 3
Jibs_PC#1485993201122764800 roll 1
DICE 3 1 4 2 2 1 
Jibs_PC#1485993201122764800 move 8
Jibs_PC#1485993201122764800 attack 29 33
Jibs_PC#1485993201122764800 roll 3
Jibs_PC#1485993201122764800 roll 2
DICE 3 2 5 3 0 3 2 
Jibs_PC#1485993201122764800 move 7
Jibs_PC#1485993201122764800 attack 33 39
Jibs_PC#1485993201122764800 roll 3
Jibs_PC#1485993201122764800 roll 1
DICE 3 1 5 3 3 5 
Jibs_PC#1485993201122764800 roll 3
Jibs_PC#1485993201122764800 roll 1
DICE 3 1 5 3 3 1 
Jibs_PC#1485993201122764800 move 5
Jibs_PC#1485993201122764800 attack 14 6
Jibs_PC#1485993201122764800 roll 3
Jibs_PC#1485993201122764800 roll 2
DICE 3 2 5 1 0 4 4 
Jibs_PC#1485993201122764800 roll 3
Jibs_PC#1485993201122764800 roll 1
DICE 3 1 3 3 2 3 
Jibs_PC#1485993201122764800 roll 3
Jibs_PC#1485993201122764800 roll 1
DICE 3 1 1 0 0 5 
Jibs_PC#1485993201122764800 roll 2
Jibs_PC#1485993201122764800 roll 1
DICE 2 1 2 1 3 
Jibs_PC#1485993201122764800 retreat
Jibs_PC#1485993201122764800 attack 39 41
Jibs_PC#1485993201122764800 roll 3
Jibs_PC#1485993201122764800 roll 2
DICE 3 2 5 5 0 3 0 
Jibs_PC#1485993201122764800 roll 3
Jibs_PC#1485993201122764800 roll 1
DICE 3 1 5 3 1 1 
Jibs_PC#1485993201122764800 move 4
Jibs_PC#1485993201122764800 endattack
Jibs_PC#1485993201122764800 nomove
CARD 41
Jibs_PC#1485993201122764800 placearmies 27 3
Jibs_PC#1485993201122764800 attack 27 28
Jibs_PC#1485993201122764800 roll 3
Jibs_PC#1485993201122764800 roll 1
DICE 3 1 3 0 0 1 
Jibs_PC#1485993201122764800 endattack
Jibs_PC#1485993201122764800 nomove
CARD 17
Jibs_PC#1485993201122764800 placearmies 32 13
Jibs_PC#1485993201122764800 placearmies 6 1
Jibs_PC#1485993201122764800 placearmies 31 1
Jibs_PC#1485993201122764800 placearmies 32 4
Jibs_PC#1485993201122764800 attack 40 39
Jibs_PC#1485993201122764800 roll 3
Jibs_PC#1485993201122764800 roll 1
DICE 3 1 5 0 0 4 
Jibs_PC#1485993201122764800 attack 39 33
Jibs_PC#1485993201122764800 roll 2
Jibs_PC#1485993201122764800 roll 1
DICE 2 1 3 0 4 
Jibs_PC#1485993201122764800 retreat
Jibs_PC#1485993201122764800 attack 32 33
Jibs_PC#1485993201122764800 roll 3
Jibs_PC#1485993201122764800 roll 1
DICE 3 1 4 2 0 4 
Jibs_PC#1485993201122764800 roll 3
Jibs_PC#1485993201122764800 roll 1
DICE 3 1 5 4 2 1 
Jibs_PC#1485993201122764800 move 17
Jibs_PC#1485993201122764800 attack 33 29
Jibs_PC#1485993201122764800 roll 3
Jibs_PC#1485993201122764800 roll 1
DICE 3 1 4 3 2 2 
Jibs_PC#1485993201122764800 move 16
Jibs_PC#1485993201122764800 attack 29 30
Jibs_PC#1485993201122764800 roll 3
Jibs_PC#1485993201122764800 roll 1
DICE 3 1 3 1 0 3 
Jibs_PC#1485993201122764800 roll 3
Jibs_PC#1485993201122764800 roll 1
DICE 3 1 3 2 2 1 
Jibs_PC#1485993201122764800 move 14
Jibs_PC#1485993201122764800 attack 30 28
Jibs_PC#1485993201122764800 roll 3
Jibs_PC#1485993201122764800 roll 2
DICE 3 2 3 2 1 3 1 
Jibs_PC#1485993201122764800 roll 3
Jibs_PC#1485993201122764800 roll 2
DICE 3 2 5 4 3 5 0 
Jibs_PC#1485993201122764800 roll 3
Jibs_PC#1485993201122764800 roll 1
DICE 3 1 5 1 1 5 
Jibs_PC#1485993201122764800 roll 3
Jibs_PC#1485993201122764800 roll 1
DICE 3 1 4 3 3 4 
Jibs_PC#1485993201122764800 roll 3
Jibs_PC#1485993201122764800 roll 1
DICE 3 1 5 2 0 0 
Jibs_PC#1485993201122764800 move 9
Jibs_PC#1485993201122764800 attack 28 27
Jibs_PC#1485993201122764800 roll 3
Jibs_PC#1485993201122764800 roll 1
DICE 3 1 5 4 1 5 
Jibs_PC#1485993201122764800 roll 3
Jibs_PC#1485993201122764800 roll 1
DICE 3 1 4 2 1 2 
Jibs_PC#1485993201122764800 move 7
Jibs_PC#1485993201122764800 attack 27 35
Jibs_PC#1485993201122764800 roll 3
Jibs_PC#1485993201122764800 roll 1
DICE 3 1 5 0 0 4 
Jibs_PC#1485993201122764800 move 5
Jibs_PC#1485993201122764800 attack 35 34
Jibs_PC#1485993201122764800 roll 3
Jibs_PC#1485993201122764800 roll 1
DICE 3 1 5 4 1 5 
Jibs_PC#1485993201122764800 roll 3
Jibs_PC#1485993201122764800 roll 1
DICE 3 1 5 4 4 0 
Jibs_PC#1485993201122764800 trade 24 38 37
Jibs_PC#1485993201122764800 placearmies 21 8
Jibs_PC#1485993201122764800 placearmies 21 2
Jibs_PC#1485993201122764800 attack 21 19
Jibs_PC#1485993201122764800 roll 3
Jibs_PC#1485993201122764800 roll 1
DICE 3 1 5 3 3 0 
Jibs_PC#1485993201122764800 move 13
Jibs_PC#1485993201122764800 attack 19 18
Jibs_PC#1485993201122764800 roll 3
Jibs_PC#1485993201122764800 roll 1
DICE 3 1 4 4 1 3 
Jibs_PC#1485993201122764800 move 11
Jibs_PC#1485993201122764800 attack 18 17
Jibs_PC#1485993201122764800 roll 3
Jibs_PC#1485993201122764800 roll 1
DICE 3 1 5 3 3 2 
Jibs_PC#1485993201122764800 move 9
Jibs_PC#1485993201122764800 attack 17 15
Jibs_PC#1485993201122764800 roll 3
Jibs_PC#1485993201122764800 roll 1
DICE 3 1 5 4 1 3 
Jibs_PC#1485993201122764800 move 7
Jibs_PC#1485993201122764800 attack 15 16
Jibs_PC#1485993201122764800 roll 3
Jibs_PC#1485993201122764800 roll 1
DICE 3 1 4 3 1 1 
Jibs_PC#1485993201122764800 move 3
Jibs_PC#1485993201122764800 attack 15 14
Jibs_PC#1485993201122764800 roll 3
Jibs_PC#1485993201122764800 roll 2
DICE 3 2 5 2 1 4 3 
Jibs_PC#1485993201122764800 roll 2
Jibs_PC#1485993201122764800 roll 1
DICE 2 1 3 2 1 
Jibs_PC#1485993201122764800 attack 42 41
Jibs_PC#1485993201122764800 roll 3
Jibs_PC#1485993201122764800 roll 2
DICE 3 2 3 2 0 5 1 
Jibs_PC#1485993201122764800 roll 3
Jibs_PC#1485993201122764800 roll 2
DICE 3 2 4 3 0 5 2 
Jibs_PC#1485993201122764800 retreat
Jibs_PC#1485993201122764800 endattack
Jibs_PC#1485993201122764800 movearmies 11 10 2
CARD 26
Jibs_PC#1485993201122764800 placearmies 41 3
Jibs_PC#1485993201122764800 attack 41 40
Jibs_PC#1485993201122764800 roll 3
Jibs_PC#1485993201122764800 roll 1
DICE 3 1 5 3 0 0 
Jibs_PC#1485993201122764800 move 4
Jibs_PC#1485993201122764800 attack 40 39
Jibs_PC#1485993201122764800 roll 3
Jibs_PC#1485993201122764800 roll 2
DICE 3 2 5 2 0 5 4 
Jibs_PC#1485993201122764800 retreat
Jibs_PC#1485993201122764800 endattack
Jibs_PC#1485993201122764800 nomove
CARD wildcard
Jibs_PC#1485993201122764800 trade 16 11 32
Jibs_PC#1485993201122764800 placearmies 42 6
Jibs_PC#1485993201122764800 placearmies 42 3
Jibs_PC#1485993201122764800 placearmies 42 3
Jibs_PC#1485993201122764800 placearmies 42 11
Jibs_PC#1485993201122764800 placearmies 42 7
Jibs_PC#1485993201122764800 placearmies 42 5
Jibs_PC#1485993201122764800 placearmies 42 3
Jibs_PC#1485993201122764800 placearmies 42 2
Jibs_PC#1485993201122764800 placearmies 42 1
Jibs_PC#1485993201122764800 placearmies 42 1
Jibs_PC#1485993201122764800 placearmies 42 1
Jibs_PC#1485993201122764800 placearmies 42 1
Jibs_PC#1485993201122764800 placearmies 42 1
Jibs_PC#1485993201122764800 attack 42 41
Jibs_PC#1485993201122764800 roll 3
Jibs_PC#1485993201122764800 roll 1
DICE 3 1 3 1 0 2 
Jibs_PC#1485993201122764800 move 6
Jibs_PC#1485993201122764800 attack 42 40
Jibs_PC#1485993201122764800 roll 3
Jibs_PC#1485993201122764800 roll 2
DICE 3 2 5 4 1 4 3 
Jibs_PC#1485993201122764800 move 3
