Jibs_PC#8630580799960416256 newplayer ai hard green s0914007
Jibs_PC#8630580799960416256 newplayer ai hard blue bob
Jibs_PC#8630580799960416256 newplayer ai hard red fred
Jibs_PC#8630580799960416256 newplayer ai hard cyan ted
Jibs_PC#8630580799960416256 newplayer ai hard magenta yura
Jibs_PC#8630580799960416256 newplayer ai hard yellow lala
Jibs_PC#8630580799960416256 startgame mission fixed autoplaceall recycle
PLAYER yura
MISSION 1 3 2 0 1 0
PLACEALL 36 6 18 42 39 4 41 27 12 7 32 40 28 8 29 20 16 5 14 19 25 15 38 10 13 2 21 22 37 17 3 34 1 9 35 24 33 26 11 23 30 31
Jibs_PC#8630580799960416256 placearmies 41 1
CARD 
Jibs_PC#8630580799960416256 placearmies 27 1
CARD 
Jibs_PC#8630580799960416256 placearmies 29 1
CARD 
Jibs_PC#8630580799960416256 placearmies 42 1
CARD 
Jibs_PC#8630580799960416256 placearmies 39 1
CARD 
Jibs_PC#8630580799960416256 placearmies 10 1
CARD 
Jibs_PC#8630580799960416256 placearmies 41 1
CARD 
Jibs_PC#8630580799960416256 placearmies 8 1
CARD 
Jibs_PC#8630580799960416256 placearmies 12 1
CARD 
Jibs_PC#8630580799960416256 placearmies 42 1
CARD 
Jibs_PC#8630580799960416256 placearmies 39 1
CARD 
Jibs_PC#8630580799960416256 placearmies 10 1
CARD 
Jibs_PC#8630580799960416256 placearmies 41 1
CARD 
Jibs_PC#8630580799960416256 placearmies 8 1
CARD 
Jibs_PC#8630580799960416256 placearmies 12 1
CARD 
Jibs_PC#8630580799960416256 placearmies 42 1
CARD 
Jibs_PC#8630580799960416256 placearmies 39 1
CARD 
Jibs_PC#8630580799960416256 placearmies 10 1
CARD 
Jibs_PC#8630580799960416256 placearmies 41 1
CARD 
Jibs_PC#8630580799960416256 placearmies 8 1
CARD 
Jibs_PC#8630580799960416256 placearmies 12 1
CARD 
Jibs_PC#8630580799960416256 placearmies 42 1
CARD 
Jibs_PC#8630580799960416256 placearmies 39 1
CARD 
Jibs_PC#8630580799960416256 placearmies 10 1
CARD 
Jibs_PC#8630580799960416256 placearmies 41 1
CARD 
Jibs_PC#8630580799960416256 placearmies 8 1
CARD 
Jibs_PC#8630580799960416256 placearmies 12 1
CARD 
Jibs_PC#8630580799960416256 placearmies 42 1
CARD 
Jibs_PC#8630580799960416256 placearmies 39 1
CARD 
Jibs_PC#8630580799960416256 placearmies 10 1
CARD 
Jibs_PC#8630580799960416256 placearmies 41 1
CARD 
Jibs_PC#8630580799960416256 placearmies 8 1
CARD 
Jibs_PC#8630580799960416256 placearmies 18 1
CARD 
Jibs_PC#8630580799960416256 placearmies 23 1
CARD 
Jibs_PC#8630580799960416256 placearmies 39 1
CARD 
Jibs_PC#8630580799960416256 placearmies 10 1
CARD 
Jibs_PC#8630580799960416256 placearmies 41 1
CARD 
Jibs_PC#8630580799960416256 placearmies 8 1
CARD 
Jibs_PC#8630580799960416256 placearmies 18 1
CARD 
Jibs_PC#8630580799960416256 placearmies 23 1
CARD 
Jibs_PC#8630580799960416256 placearmies 39 1
CARD 
Jibs_PC#8630580799960416256 placearmies 10 1
CARD 
Jibs_PC#8630580799960416256 placearmies 14 1
CARD 
Jibs_PC#8630580799960416256 placearmies 8 1
CARD 
Jibs_PC#8630580799960416256 placearmies 18 1
CARD 
Jibs_PC#8630580799960416256 placearmies 23 1
CARD 
Jibs_PC#8630580799960416256 placearmies 39 1
CARD 
Jibs_PC#8630580799960416256 placearmies 10 1
CARD 
Jibs_PC#8630580799960416256 placearmies 14 1
CARD 
Jibs_PC#8630580799960416256 placearmies 8 1
CARD 
Jibs_PC#8630580799960416256 placearmies 18 1
CARD 
Jibs_PC#8630580799960416256 placearmies 23 1
CARD 
Jibs_PC#8630580799960416256 placearmies 39 1
CARD 
Jibs_PC#8630580799960416256 placearmies 10 1
CARD 
Jibs_PC#8630580799960416256 placearmies 41 1
CARD 
Jibs_PC#8630580799960416256 placearmies 8 1
CARD 
Jibs_PC#8630580799960416256 placearmies 18 1
CARD 
Jibs_PC#8630580799960416256 placearmies 23 1
CARD 
Jibs_PC#8630580799960416256 placearmies 39 1
CARD 
Jibs_PC#8630580799960416256 placearmies 10 1
CARD 
Jibs_PC#8630580799960416256 placearmies 14 1
CARD 
Jibs_PC#8630580799960416256 placearmies 8 1
CARD 
Jibs_PC#8630580799960416256 placearmies 18 1
CARD 
Jibs_PC#8630580799960416256 placearmies 23 1
CARD 
Jibs_PC#8630580799960416256 placearmies 39 1
CARD 
Jibs_PC#8630580799960416256 placearmies 10 1
CARD 
Jibs_PC#8630580799960416256 placearmies 41 1
CARD 
Jibs_PC#8630580799960416256 placearmies 8 1
CARD 
Jibs_PC#8630580799960416256 placearmies 18 1
CARD 
Jibs_PC#8630580799960416256 placearmies 23 1
CARD 
Jibs_PC#8630580799960416256 placearmies 39 1
CARD 
Jibs_PC#8630580799960416256 placearmies 31 1
CARD 
Jibs_PC#8630580799960416256 placearmies 41 1
CARD 
Jibs_PC#8630580799960416256 placearmies 8 1
CARD 
Jibs_PC#8630580799960416256 placearmies 12 1
CARD 
Jibs_PC#8630580799960416256 placearmies 42 1
CARD 
Jibs_PC#8630580799960416256 placearmies 16 1
CARD 
Jibs_PC#8630580799960416256 placearmies 10 1
CARD 
Jibs_PC#8630580799960416256 placearmies 14 3
Jibs_PC#8630580799960416256 attack 41 42
Jibs_PC#8630580799960416256 roll 3
Jibs_PC#8630580799960416256 roll 2
DICE 3 2 2 1 1 4 0 
Jibs_PC#8630580799960416256 roll 3
Jibs_PC#8630580799960416256 roll 2
DICE 3 2 3 3 2 3 1 
Jibs_PC#8630580799960416256 roll 3
Jibs_PC#8630580799960416256 roll 2
DICE 3 2 5 5 1 4 3 
Jibs_PC#8630580799960416256 roll 3
Jibs_PC#8630580799960416256 roll 2
DICE 3 2 5 5 1 3 1 
Jibs_PC#8630580799960416256 roll 3
Jibs_PC#8630580799960416256 roll 1
DICE 3 1 5 1 0 5 
Jibs_PC#8630580799960416256 retreat
Jibs_PC#8630580799960416256 attack 41 40
Jibs_PC#8630580799960416256 roll 3
Jibs_PC#8630580799960416256 roll 1
DICE 3 1 5 4 4 4 
Jibs_PC#8630580799960416256 move 7
Jibs_PC#8630580799960416256 endattack
Jibs_PC#8630580799960416256 nomove
CARD 5
Jibs_PC#8630580799960416256 placearmies 8 1
Jibs_PC#8630580799960416256 placearmies 8 2
Jibs_PC#8630580799960416256 attack 8 7
Jibs_PC#8630580799960416256 roll 3
Jibs_PC#8630580799960416256 roll 1
DICE 3 1 2 2 0 2 
Jibs_PC#8630580799960416256 roll 3
Jibs_PC#8630580799960416256 roll 1
DICE 3 1 5 3 0 2 
Jibs_PC#8630580799960416256 move 14
Jibs_PC#8630580799960416256 attack 7 3
Jibs_PC#8630580799960416256 roll 3
Jibs_PC#8630580799960416256 roll 1
DICE 3 1 3 3 1 2 
Jibs_PC#8630580799960416256 move 13
Jibs_PC#8630580799960416256 attack 3 1
Jibs_PC#8630580799960416256 roll 3
Jibs_PC#8630580799960416256 roll 1
DICE 3 1 1 1 0 2 
Jibs_PC#8630580799960416256 roll 3
Jibs_PC#8630580799960416256 roll 1
DICE 3 1 5 0 0 4 
Jibs_PC#8630580799960416256 move 11
Jibs_PC#8630580799960416256 endattack
Jibs_PC#8630580799960416256 nomove
CARD 37
Jibs_PC#8630580799960416256 placearmies 18 1
Jibs_PC#8630580799960416256 placearmies 18 2
Jibs_PC#8630580799960416256 attack 12 13
Jibs_PC#8630580799960416256 roll 3
Jibs_PC#8630580799960416256 roll 1
DICE 3 1 4 3 0 3 
Jibs_PC#8630580799960416256 move 3
Jibs_PC#8630580799960416256 endattack
Jibs_PC#8630580799960416256 movearmies 13 12 2
CARD 27
Jibs_PC#8630580799960416256 placearmies 23 3
Jibs_PC#8630580799960416256 attack 23 21
Jibs_PC#8630580799960416256 roll 3
Jibs_PC#8630580799960416256 roll 1
DICE 3 1 5 3 0 1 
Jibs_PC#8630580799960416256 move 10
Jibs_PC#8630580799960416256 attack 21 24
Jibs_PC#8630580799960416256 roll 3
Jibs_PC#8630580799960416256 roll 1
DICE 3 1 5 4 0 4 
Jibs_PC#8630580799960416256 move 9
Jibs_PC#8630580799960416256 attack 24 25
Jibs_PC#8630580799960416256 roll 3
Jibs_PC#8630580799960416256 roll 1
DICE 3 1 5 3 0 1 
Jibs_PC#8630580799960416256 move 5
Jibs_PC#8630580799960416256 attack 25 26
Jibs_PC#8630580799960416256 roll 3
Jibs_PC#8630580799960416256 roll 1
DICE 3 1 2 1 1 5 
Jibs_PC#8630580799960416256 roll 3
Jibs_PC#8630580799960416256 roll 1
DICE 3 1 5 5 2 5 
Jibs_PC#8630580799960416256 roll 2
Jibs_PC#8630580799960416256 roll 1
DICE 2 1 5 5 1 
Jibs_PC#8630580799960416256 endattack
Jibs_PC#8630580799960416256 movearmies 24 21 3
CARD 19
Jibs_PC#8630580799960416256 placearmies 39 1
Jibs_PC#8630580799960416256 placearmies 39 2
Jibs_PC#8630580799960416256 attack 39 40
Jibs_PC#8630580799960416256 roll 3
Jibs_PC#8630580799960416256 roll 2
DICE 3 2 5 3 0 4 0 
Jibs_PC#8630580799960416256 roll 3
Jibs_PC#8630580799960416256 roll 2
DICE 3 2 5 4 3 5 2 
Jibs_PC#8630580799960416256 roll 3
Jibs_PC#8630580799960416256 roll 2
DICE 3 2 5 4 2 4 2 
Jibs_PC#8630580799960416256 roll 3
Jibs_PC#8630580799960416256 roll 2
DICE 3 2 3 2 1 3 1 
Jibs_PC#8630580799960416256 roll 3
Jibs_PC#8630580799960416256 roll 1
DICE 3 1 5 4 4 1 
Jibs_PC#8630580799960416256 move 9
Jibs_PC#8630580799960416256 attack 40 42
Jibs_PC#8630580799960416256 roll 3
Jibs_PC#8630580799960416256 roll 1
DICE 3 1 4 3 1 2 
Jibs_PC#8630580799960416256 move 5
Jibs_PC#8630580799960416256 attack 39 41
Jibs_PC#8630580799960416256 roll 3
Jibs_PC#8630580799960416256 roll 1
DICE 3 1 3 2 1 2 
Jibs_PC#8630580799960416256 move 3
Jibs_PC#8630580799960416256 endattack
Jibs_PC#8630580799960416256 movearmies 41 39 2
CARD 34
Jibs_PC#8630580799960416256 placearmies 10 3
Jibs_PC#8630580799960416256 attack 10 12
Jibs_PC#8630580799960416256 roll 3
Jibs_PC#8630580799960416256 roll 2
DICE 3 2 4 4 3 5 3 
Jibs_PC#8630580799960416256 roll 3
Jibs_PC#8630580799960416256 roll 2
DICE 3 2 4 3 3 5 2 
Jibs_PC#8630580799960416256 roll 3
Jibs_PC#8630580799960416256 roll 2
DICE 3 2 1 0 0 4 4 
Jibs_PC#8630580799960416256 roll 3
Jibs_PC#8630580799960416256 roll 2
DICE 3 2 3 2 0 5 2 
Jibs_PC#8630580799960416256 roll 3
Jibs_PC#8630580799960416256 roll 2
DICE 3 2 5 4 0 5 3 
Jibs_PC#8630580799960416256 retreat
Jibs_PC#8630580799960416256 attack 10 11
Jibs_PC#8630580799960416256 roll 3
Jibs_PC#8630580799960416256 roll 1
DICE 3 1 5 4 1 2 
Jibs_PC#8630580799960416256 move 8
Jibs_PC#8630580799960416256 attack 11 12
Jibs_PC#8630580799960416256 roll 3
Jibs_PC#8630580799960416256 roll 2
DICE 3 2 2 2 0 5 3 
Jibs_PC#8630580799960416256 roll 3
Jibs_PC#8630580799960416256 roll 2
DICE 3 2 5 3 2 5 4 
Jibs_PC#8630580799960416256 roll 3
Jibs_PC#8630580799960416256 roll 2
DICE 3 2 5 4 0 1 0 
Jibs_PC#8630580799960416256 attack 12 13
Jibs_PC#8630580799960416256 roll 2
Jibs_PC#8630580799960416256 roll 1
DICE 2 1 4 1 5 
Jibs_PC#8630580799960416256 retreat
Jibs_PC#8630580799960416256 endattack
Jibs_PC#8630580799960416256 nomove
CARD 40
Jibs_PC#8630580799960416256 placearmies 36 3
Jibs_PC#8630580799960416256 attack 36 27
Jibs_PC#8630580799960416256 roll 3
Jibs_PC#8630580799960416256 roll 2
DICE 3 2 4 1 0 3 1 
Jibs_PC#8630580799960416256 roll 2
Jibs_PC#8630580799960416256 roll 1
DICE 2 1 4 2 1 
Jibs_PC#8630580799960416256 endattack
Jibs_PC#8630580799960416256 nomove
CARD 25
Jibs_PC#8630580799960416256 placearmies 8 3
Jibs_PC#8630580799960416256 attack 8 9
Jibs_PC#8630580799960416256 roll 3
Jibs_PC#8630580799960416256 roll 1
DICE 3 1 5 1 0 3 
Jibs_PC#8630580799960416256 attack 9 4
Jibs_PC#8630580799960416256 roll 2
Jibs_PC#8630580799960416256 roll 1
DICE 2 1 2 0 2 
Jibs_PC#8630580799960416256 retreat
Jibs_PC#8630580799960416256 attack 1 38
Jibs_PC#8630580799960416256 roll 3
Jibs_PC#8630580799960416256 roll 1
DICE 3 1 3 2 1 3 
Jibs_PC#8630580799960416256 roll 3
Jibs_PC#8630580799960416256 roll 1
DICE 3 1 5 4 4 5 
Jibs_PC#8630580799960416256 roll 3
Jibs_PC#8630580799960416256 roll 1
DICE 3 1 5 3 0 4 
Jibs_PC#8630580799960416256 move 8
Jibs_PC#8630580799960416256 endattack
Jibs_PC#8630580799960416256 nomove
CARD 39
Jibs_PC#8630580799960416256 placearmies 18 1
Jibs_PC#8630580799960416256 placearmies 18 2
Jibs_PC#8630580799960416256 attack 18 20
Jibs_PC#8630580799960416256 roll 3
Jibs_PC#8630580799960416256 roll 1
DICE 3 1 3 2 2 1 
Jibs_PC#8630580799960416256 move 13
Jibs_PC#8630580799960416256 attack 20 22
Jibs_PC#8630580799960416256 roll 3
Jibs_PC#8630580799960416256 roll 1
DICE 3 1 4 1 0 1 
Jibs_PC#8630580799960416256 move 12
Jibs_PC#8630580799960416256 attack 22 24
Jibs_PC#8630580799960416256 roll 3
Jibs_PC#8630580799960416256 roll 1
DICE 3 1 4 2 1 3 
Jibs_PC#8630580799960416256 move 11
Jibs_PC#8630580799960416256 attack 24 21
Jibs_PC#8630580799960416256 roll 3
Jibs_PC#8630580799960416256 roll 2
DICE 3 2 4 4 1 0 0 
Jibs_PC#8630580799960416256 roll 3
Jibs_PC#8630580799960416256 roll 2
DICE 3 2 4 3 2 5 0 
Jibs_PC#8630580799960416256 retreat
Jibs_PC#8630580799960416256 attack 24 21
Jibs_PC#8630580799960416256 roll 3
Jibs_PC#8630580799960416256 roll 1
DICE 3 1 4 4 3 2 
Jibs_PC#8630580799960416256 move 9
Jibs_PC#8630580799960416256 attack 21 12
Jibs_PC#8630580799960416256 roll 3
Jibs_PC#8630580799960416256 roll 2
DICE 3 2 4 4 1 5 2 
Jibs_PC#8630580799960416256 roll 3
Jibs_PC#8630580799960416256 roll 1
DICE 3 1 4 3 1 3 
Jibs_PC#8630580799960416256 move 7
Jibs_PC#8630580799960416256 attack 12 10
Jibs_PC#8630580799960416256 roll 3
Jibs_PC#8630580799960416256 roll 1
DICE 3 1 2 1 0 5 
Jibs_PC#8630580799960416256 roll 3
Jibs_PC#8630580799960416256 roll 1
DICE 3 1 5 5 2 5 
Jibs_PC#8630580799960416256 roll 3
Jibs_PC#8630580799960416256 roll 1
DICE 3 1 5 1 0 1 
Jibs_PC#8630580799960416256 move 4
Jibs_PC#8630580799960416256 attack 10 11
Jibs_PC#8630580799960416256 roll 3
Jibs_PC#8630580799960416256 roll 1
DICE 3 1 5 3 1 0 
Jibs_PC#8630580799960416256 endattack
Jibs_PC#8630580799960416256 movearmies 11 10 2
CARD 38
Jibs_PC#8630580799960416256 placearmies 26 2
Jibs_PC#8630580799960416256 placearmies 26 1
Jibs_PC#8630580799960416256 attack 26 24
Jibs_PC#8630580799960416256 roll 3
Jibs_PC#8630580799960416256 roll 1
DICE 3 1 2 2 0 3 
Jibs_PC#8630580799960416256 roll 3
Jibs_PC#8630580799960416256 roll 1
DICE 3 1 2 1 1 0 
Jibs_PC#8630580799960416256 attack 24 21
Jibs_PC#8630580799960416256 roll 2
Jibs_PC#8630580799960416256 roll 1
DICE 2 1 4 2 3 
Jibs_PC#8630580799960416256 endattack
Jibs_PC#8630580799960416256 nomove
CARD 30
Jibs_PC#8630580799960416256 placearmies 39 5
Jibs_PC#8630580799960416256 attack 39 33
Jibs_PC#8630580799960416256 roll 3
Jibs_PC#8630580799960416256 roll 1
DICE 3 1 5 3 1 1 
Jibs_PC#8630580799960416256 move 8
Jibs_PC#8630580799960416256 attack 33 29
Jibs_PC#8630580799960416256 roll 3
Jibs_PC#8630580799960416256 roll 2
DICE 3 2 2 0 0 3 0 
Jibs_PC#8630580799960416256 roll 3
Jibs_PC#8630580799960416256 roll 2
DICE 3 2 5 1 0 5 3 
Jibs_PC#8630580799960416256 retreat
Jibs_PC#8630580799960416256 endattack
Jibs_PC#8630580799960416256 movearmies 42 41 3
CARD 20
Jibs_PC#8630580799960416256 placearmies 31 2
Jibs_PC#8630580799960416256 placearmies 31 1
Jibs_PC#8630580799960416256 attack 31 22
Jibs_PC#8630580799960416256 roll 3
Jibs_PC#8630580799960416256 roll 1
DICE 3 1 5 2 0 5 
Jibs_PC#8630580799960416256 roll 3
Jibs_PC#8630580799960416256 roll 1
DICE 3 1 4 3 1 0 
Jibs_PC#8630580799960416256 endattack
Jibs_PC#8630580799960416256 nomove
CARD 8
Jibs_PC#8630580799960416256 placearmies 14 3
Jibs_PC#8630580799960416256 attack 14 6
Jibs_PC#8630580799960416256 roll 3
Jibs_PC#8630580799960416256 roll 1
DICE 3 1 3 1 0 5 
Jibs_PC#8630580799960416256 roll 3
Jibs_PC#8630580799960416256 roll 1
DICE 3 1 5 2 0 3 
Jibs_PC#8630580799960416256 move 8
Jibs_PC#8630580799960416256 endattack
Jibs_PC#8630580799960416256 nomove
CARD 29
Jibs_PC#8630580799960416256 placearmies 9 3
Jibs_PC#8630580799960416256 attack 9 4
Jibs_PC#8630580799960416256 roll 3
Jibs_PC#8630580799960416256 roll 1
DICE 3 1 2 2 0 0 
Jibs_PC#8630580799960416256 move 4
Jibs_PC#8630580799960416256 endattack
Jibs_PC#8630580799960416256 nomove
CARD 26
Jibs_PC#8630580799960416256 placearmies 10 1
Jibs_PC#8630580799960416256 placearmies 12 1
Jibs_PC#8630580799960416256 placearmies 12 3
Jibs_PC#8630580799960416256 attack 12 21
Jibs_PC#8630580799960416256 roll 3
Jibs_PC#8630580799960416256 roll 2
DICE 3 2 5 4 1 3 1 
Jibs_PC#8630580799960416256 move 4
Jibs_PC#8630580799960416256 endattack
Jibs_PC#8630580799960416256 nomove
CARD 13
Jibs_PC#8630580799960416256 placearmies 15 3
Jibs_PC#8630580799960416256 attack 15 14
Jibs_PC#8630580799960416256 roll 3
Jibs_PC#8630580799960416256 roll 1
DICE 3 1 4 3 1 1 
Jibs_PC#8630580799960416256 endattack
Jibs_PC#8630580799960416256 nomove
CARD wildcard
Jibs_PC#8630580799960416256 placearmies 33 5
Jibs_PC#8630580799960416256 attack 33 29
Jibs_PC#8630580799960416256 roll 3
Jibs_PC#8630580799960416256 roll 2
DICE 3 2 3 0 0 4 3 
Jibs_PC#8630580799960416256 roll 3
Jibs_PC#8630580799960416256 roll 2
DICE 3 2 4 1 0 4 0 
Jibs_PC#8630580799960416256 roll 3
Jibs_PC#8630580799960416256 roll 1
DICE 3 1 3 2 0 1 
Jibs_PC#8630580799960416256 move 5
Jibs_PC#8630580799960416256 attack 29 36
Jibs_PC#8630580799960416256 roll 3
Jibs_PC#8630580799960416256 roll 1
DICE 3 1 5 4 3 3 
Jibs_PC#8630580799960416256 move 3
Jibs_PC#8630580799960416256 endattack
Jibs_PC#8630580799960416256 movearmies 36 29 2
CARD 35
Jibs_PC#8630580799960416256 placearmies 22 1
Jibs_PC#8630580799960416256 placearmies 5 2
Jibs_PC#8630580799960416256 attack 22 24
Jibs_PC#8630580799960416256 roll 3
Jibs_PC#8630580799960416256 roll 1
DICE 3 1 3 1 1 1 
Jibs_PC#8630580799960416256 endattack
Jibs_PC#8630580799960416256 nomove
CARD 24
Jibs_PC#8630580799960416256 placearmies 6 3
Jibs_PC#8630580799960416256 attack 6 14
Jibs_PC#8630580799960416256 roll 3
Jibs_PC#8630580799960416256 roll 2
DICE 3 2 3 0 0 1 0 
Jibs_PC#8630580799960416256 roll 3
Jibs_PC#8630580799960416256 roll 2
DICE 3 2 5 5 3 4 0 
Jibs_PC#8630580799960416256 move 9
Jibs_PC#8630580799960416256 attack 14 17
Jibs_PC#8630580799960416256 roll 3
Jibs_PC#8630580799960416256 roll 1
DICE 3 1 5 4 1 3 
Jibs_PC#8630580799960416256 move 8
Jibs_PC#8630580799960416256 attack 17 18
Jibs_PC#8630580799960416256 roll 3
Jibs_PC#8630580799960416256 roll 1
DICE 3 1 5 5 3 1 
Jibs_PC#8630580799960416256 move 7
Jibs_PC#8630580799960416256 attack 18 16
Jibs_PC#8630580799960416256 roll 3
Jibs_PC#8630580799960416256 roll 2
DICE 3 2 4 3 0 2 2 
Jibs_PC#8630580799960416256 move 6
Jibs_PC#8630580799960416256 attack 16 15
Jibs_PC#8630580799960416256 roll 3
Jibs_PC#8630580799960416256 roll 1
DICE 3 1 1 1 0 5 
Jibs_PC#8630580799960416256 roll 3
Jibs_PC#8630580799960416256 roll 1
DICE 3 1 5 3 0 4 
Jibs_PC#8630580799960416256 move 3
Jibs_PC#8630580799960416256 endattack
Jibs_PC#8630580799960416256 movearmies 15 17 2
CARD 9
Jibs_PC#8630580799960416256 placearmies 8 3
Jibs_PC#8630580799960416256 attack 8 6
Jibs_PC#8630580799960416256 roll 3
Jibs_PC#8630580799960416256 roll 1
DICE 3 1 3 1 0 1 
Jibs_PC#8630580799960416256 attack 38 37
Jibs_PC#8630580799960416256 roll 3
Jibs_PC#8630580799960416256 roll 1
DICE 3 1 5 4 1 5 
Jibs_PC#8630580799960416256 roll 3
Jibs_PC#8630580799960416256 roll 1
DICE 3 1 2 2 0 4 
Jibs_PC#8630580799960416256 retreat
Jibs_PC#8630580799960416256 attack 38 37
Jibs_PC#8630580799960416256 roll 3
Jibs_PC#8630580799960416256 roll 1
DICE 3 1 4 4 4 0 
Jibs_PC#8630580799960416256 move 5
Jibs_PC#8630580799960416256 endattack
Jibs_PC#8630580799960416256 nomove
CARD 14
Jibs_PC#8630580799960416256 trade 27 38 13
Jibs_PC#8630580799960416256 placearmies 21 7
Jibs_PC#8630580799960416256 placearmies 21 6
Jibs_PC#8630580799960416256 placearmies 21 2
Jibs_PC#8630580799960416256 attack 21 23
Jibs_PC#8630580799960416256 roll 3
Jibs_PC#8630580799960416256 roll 1
DICE 3 1 5 4 0 1 
Jibs_PC#8630580799960416256 move 17
Jibs_PC#8630580799960416256 attack 23 25
Jibs_PC#8630580799960416256 roll 3
Jibs_PC#8630580799960416256 roll 1
DICE 3 1 5 5 2 4 
Jibs_PC#8630580799960416256 move 16
Jibs_PC#8630580799960416256 attack 25 26
Jibs_PC#8630580799960416256 roll 3
Jibs_PC#8630580799960416256 roll 1
DICE 3 1 4 1 1 1 
Jibs_PC#8630580799960416256 move 15
Jibs_PC#8630580799960416256 endattack
Jibs_PC#8630580799960416256 movearmies 13 11 1
CARD 18
Jibs_PC#8630580799960416256 placearmies 32 1
Jibs_PC#8630580799960416256 placearmies 29 4
Jibs_PC#8630580799960416256 attack 29 27
Jibs_PC#8630580799960416256 roll 3
Jibs_PC#8630580799960416256 roll 2
DICE 3 2 5 5 0 4 2 
Jibs_PC#8630580799960416256 move 6
Jibs_PC#8630580799960416256 attack 27 34
Jibs_PC#8630580799960416256 roll 3
Jibs_PC#8630580799960416256 roll 1
DICE 3 1 4 0 0 5 
Jibs_PC#8630580799960416256 roll 3
Jibs_PC#8630580799960416256 roll 1
DICE 3 1 4 4 3 4 
Jibs_PC#8630580799960416256 roll 3
Jibs_PC#8630580799960416256 roll 1
DICE 3 1 5 4 4 0 
Jibs_PC#8630580799960416256 attack 34 38
Jibs_PC#8630580799960416256 roll 2
Jibs_PC#8630580799960416256 roll 1
DICE 2 1 2 0 3 
Jibs_PC#8630580799960416256 retreat
Jibs_PC#8630580799960416256 endattack
Jibs_PC#8630580799960416256 movearmies 41 39 2
CARD 15
Jibs_PC#8630580799960416256 placearmies 5 1
Jibs_PC#8630580799960416256 placearmies 5 1
Jibs_PC#8630580799960416256 placearmies 5 1
Jibs_PC#8630580799960416256 attack 5 10
Jibs_PC#8630580799960416256 roll 3
Jibs_PC#8630580799960416256 roll 2
DICE 3 2 2 2 2 5 2 
Jibs_PC#8630580799960416256 roll 3
Jibs_PC#8630580799960416256 roll 2
DICE 3 2 4 4 0 5 0 
Jibs_PC#8630580799960416256 retreat
Jibs_PC#8630580799960416256 attack 24 25
Jibs_PC#8630580799960416256 roll 2
Jibs_PC#8630580799960416256 roll 1
DICE 2 1 0 0 4 
Jibs_PC#8630580799960416256 retreat
Jibs_PC#8630580799960416256 attack 5 9
Jibs_PC#8630580799960416256 roll 2
Jibs_PC#8630580799960416256 roll 1
DICE 2 1 4 1 1 
Jibs_PC#8630580799960416256 endattack
Jibs_PC#8630580799960416256 nomove
CARD 3
Jibs_PC#8630580799960416256 placearmies 17 1
Jibs_PC#8630580799960416256 placearmies 17 1
Jibs_PC#8630580799960416256 placearmies 14 1
Jibs_PC#8630580799960416256 attack 17 19
Jibs_PC#8630580799960416256 roll 3
Jibs_PC#8630580799960416256 roll 1
DICE 3 1 5 1 0 2 
Jibs_PC#8630580799960416256 move 4
Jibs_PC#8630580799960416256 attack 19 20
Jibs_PC#8630580799960416256 roll 3
Jibs_PC#8630580799960416256 roll 1
DICE 3 1 5 1 0 0 
Jibs_PC#8630580799960416256 endattack
Jibs_PC#8630580799960416256 nomove
CARD 4
Jibs_PC#8630580799960416256 trade 37 26 14
Jibs_PC#8630580799960416256 placearmies 4 5
Jibs_PC#8630580799960416256 placearmies 37 2
Jibs_PC#8630580799960416256 attack 4 5
Jibs_PC#8630580799960416256 roll 3
Jibs_PC#8630580799960416256 roll 1
DICE 3 1 1 0 0 5 
Jibs_PC#8630580799960416256 roll 3
Jibs_PC#8630580799960416256 roll 1
DICE 3 1 4 2 1 0 
Jibs_PC#8630580799960416256 move 7
Jibs_PC#8630580799960416256 attack 5 10
Jibs_PC#8630580799960416256 roll 3
Jibs_PC#8630580799960416256 roll 2
DICE 3 2 5 3 0 3 3 
Jibs_PC#8630580799960416256 roll 3
Jibs_PC#8630580799960416256 roll 2
DICE 3 2 3 3 1 4 2 
Jibs_PC#8630580799960416256 roll 3
Jibs_PC#8630580799960416256 roll 1
DICE 3 1 3 2 1 2 
Jibs_PC#8630580799960416256 move 4
Jibs_PC#8630580799960416256 endattack
Jibs_PC#8630580799960416256 nomove
CARD 16
Jibs_PC#8630580799960416256 trade 19 wildcard 18
Jibs_PC#8630580799960416256 placearmies 11 7
Jibs_PC#8630580799960416256 placearmies 11 5
Jibs_PC#8630580799960416256 placearmies 11 1
Jibs_PC#8630580799960416256 attack 26 24
Jibs_PC#8630580799960416256 roll 3
Jibs_PC#8630580799960416256 roll 2
DICE 3 2 3 3 0 2 0 
Jibs_PC#8630580799960416256 move 14
Jibs_PC#8630580799960416256 attack 24 22
Jibs_PC#8630580799960416256 roll 3
Jibs_PC#8630580799960416256 roll 1
DICE 3 1 4 1 0 0 
Jibs_PC#8630580799960416256 move 13
Jibs_PC#8630580799960416256 attack 22 31
Jibs_PC#8630580799960416256 roll 3
Jibs_PC#8630580799960416256 roll 1
DICE 3 1 4 2 2 2 
Jibs_PC#8630580799960416256 move 11
Jibs_PC#8630580799960416256 attack 11 10
Jibs_PC#8630580799960416256 roll 3
Jibs_PC#8630580799960416256 roll 2
DICE 3 2 4 3 3 4 0 
Jibs_PC#8630580799960416256 roll 3
Jibs_PC#8630580799960416256 roll 2
DICE 3 2 2 0 0 3 1 
Jibs_PC#8630580799960416256 roll 3
Jibs_PC#8630580799960416256 roll 2
DICE 3 2 2 2 0 4 3 
Jibs_PC#8630580799960416256 roll 3
Jibs_PC#8630580799960416256 roll 2
DICE 3 2 5 3 2 2 0 
Jibs_PC#8630580799960416256 roll 3
Jibs_PC#8630580799960416256 roll 1
DICE 3 1 5 1 1 4 
Jibs_PC#8630580799960416256 move 9
Jibs_PC#8630580799960416256 attack 10 5
Jibs_PC#8630580799960416256 roll 3
Jibs_PC#8630580799960416256 roll 1
DICE 3 1 5 2 2 2 
Jibs_PC#8630580799960416256 move 8
Jibs_PC#8630580799960416256 attack 5 9
Jibs_PC#8630580799960416256 roll 3
Jibs_PC#8630580799960416256 roll 2
DICE 3 2 5 1 1 4 1 
Jibs_PC#8630580799960416256 roll 3
Jibs_PC#8630580799960416256 roll 1
DICE 3 1 4 4 3 1 
Jibs_PC#8630580799960416256 move 5
Jibs_PC#8630580799960416256 attack 31 32
Jibs_PC#8630580799960416256 roll 3
Jibs_PC#8630580799960416256 roll 2
DICE 3 2 3 2 0 5 1 
Jibs_PC#8630580799960416256 roll 3
Jibs_PC#8630580799960416256 roll 1
DICE 3 1 5 4 3 3 
Jibs_PC#8630580799960416256 move 9
Jibs_PC#8630580799960416256 attack 32 33
Jibs_PC#8630580799960416256 roll 3
Jibs_PC#8630580799960416256 roll 1
DICE 3 1 4 1 0 5 
Jibs_PC#8630580799960416256 roll 3
Jibs_PC#8630580799960416256 roll 1
DICE 3 1 4 0 0 4 
Jibs_PC#8630580799960416256 roll 3
Jibs_PC#8630580799960416256 roll 1
DICE 3 1 5 5 5 5 
Jibs_PC#8630580799960416256 roll 3
Jibs_PC#8630580799960416256 roll 1
DICE 3 1 5 5 4 5 
Jibs_PC#8630580799960416256 roll 3
Jibs_PC#8630580799960416256 roll 1
DICE 3 1 5 3 1 2 
Jibs_PC#8630580799960416256 move 4
Jibs_PC#8630580799960416256 attack 9 8
Jibs_PC#8630580799960416256 roll 3
Jibs_PC#8630580799960416256 roll 1
DICE 3 1 4 2 2 2 
Jibs_PC#8630580799960416256 move 4
Jibs_PC#8630580799960416256 endattack
Jibs_PC#8630580799960416256 nomove
CARD 36
Jibs_PC#8630580799960416256 trade 34 35 15
Jibs_PC#8630580799960416256 placearmies 30 8
Jibs_PC#8630580799960416256 placearmies 30 7
Jibs_PC#8630580799960416256 attack 30 31
Jibs_PC#8630580799960416256 roll 3
Jibs_PC#8630580799960416256 roll 1
DICE 3 1 4 2 0 4 
Jibs_PC#8630580799960416256 roll 3
Jibs_PC#8630580799960416256 roll 1
DICE 3 1 4 3 1 0 
Jibs_PC#8630580799960416256 move 14
Jibs_PC#8630580799960416256 attack 31 22
Jibs_PC#8630580799960416256 roll 3
Jibs_PC#8630580799960416256 roll 2
DICE 3 2 5 5 3 5 1 
Jibs_PC#8630580799960416256 roll 3
Jibs_PC#8630580799960416256 roll 1
DICE 3 1 4 1 0 0 
Jibs_PC#8630580799960416256 move 12
Jibs_PC#8630580799960416256 attack 22 21
Jibs_PC#8630580799960416256 roll 3
Jibs_PC#8630580799960416256 roll 2
DICE 3 2 5 3 0 5 0 
Jibs_PC#8630580799960416256 roll 3
Jibs_PC#8630580799960416256 roll 1
DICE 3 1 4 0 0 2 
Jibs_PC#8630580799960416256 move 10
Jibs_PC#8630580799960416256 attack 21 12
Jibs_PC#8630580799960416256 roll 3
Jibs_PC#8630580799960416256 roll 1
DICE 3 1 4 3 2 5 
Jibs_PC#8630580799960416256 roll 3
Jibs_PC#8630580799960416256 roll 1
DICE 3 1 4 1 0 1 
Jibs_PC#8630580799960416256 move 8
Jibs_PC#8630580799960416256 attack 12 13
Jibs_PC#8630580799960416256 roll 3
Jibs_PC#8630580799960416256 roll 2
DICE 3 2 3 3 2 0 0 
Jibs_PC#8630580799960416256 move 7
Jibs_PC#8630580799960416256 attack 13 11
Jibs_PC#8630580799960416256 roll 3
Jibs_PC#8630580799960416256 roll 1
DICE 3 1 3 1 1 3 
Jibs_PC#8630580799960416256 roll 3
Jibs_PC#8630580799960416256 roll 1
DICE 3 1 5 4 1 1 
Jibs_PC#8630580799960416256 move 5
Jibs_PC#8630580799960416256 attack 11 10
Jibs_PC#8630580799960416256 roll 3
Jibs_PC#8630580799960416256 roll 1
DICE 3 1 2 2 0 4 
Jibs_PC#8630580799960416256 roll 3
Jibs_PC#8630580799960416256 roll 1
DICE 3 1 4 4 1 2 
Jibs_PC#8630580799960416256 endattack
Jibs_PC#8630580799960416256 movearmies 41 39 1
CARD 33
Jibs_PC#8630580799960416256 trade 5 25 4
Jibs_PC#8630580799960416256 placearmies 20 1
Jibs_PC#8630580799960416256 placearmies 19 1
Jibs_PC#8630580799960416256 placearmies 14 1
Jibs_PC#8630580799960416256 placearmies 20 4
Jibs_PC#8630580799960416256 placearmies 20 11
Jibs_PC#8630580799960416256 attack 20 21
Jibs_PC#8630580799960416256 roll 3
Jibs_PC#8630580799960416256 roll 1
DICE 3 1 3 1 0 4 
Jibs_PC#8630580799960416256 roll 3
Jibs_PC#8630580799960416256 roll 1
DICE 3 1 5 3 2 2 
Jibs_PC#8630580799960416256 move 16
Jibs_PC#8630580799960416256 attack 21 12
Jibs_PC#8630580799960416256 roll 3
Jibs_PC#8630580799960416256 roll 1
DICE 3 1 1 0 0 5 
Jibs_PC#8630580799960416256 roll 3
Jibs_PC#8630580799960416256 roll 1
DICE 3 1 5 5 1 2 
Jibs_PC#8630580799960416256 move 13
Jibs_PC#8630580799960416256 attack 12 10
Jibs_PC#8630580799960416256 roll 3
Jibs_PC#8630580799960416256 roll 2
DICE 3 2 4 4 0 3 2 
Jibs_PC#8630580799960416256 roll 3
Jibs_PC#8630580799960416256 roll 1
DICE 3 1 5 5 2 1 
Jibs_PC#8630580799960416256 move 12
Jibs_PC#8630580799960416256 attack 10 11
Jibs_PC#8630580799960416256 roll 3
Jibs_PC#8630580799960416256 roll 1
DICE 3 1 5 4 1 3 
Jibs_PC#8630580799960416256 move 5
Jibs_PC#8630580799960416256 attack 11 13
Jibs_PC#8630580799960416256 roll 3
Jibs_PC#8630580799960416256 roll 1
DICE 3 1 5 1 0 5 
Jibs_PC#8630580799960416256 roll 3
Jibs_PC#8630580799960416256 roll 1
DICE 3 1 2 0 0 2 
Jibs_PC#8630580799960416256 roll 2
Jibs_PC#8630580799960416256 roll 1
DICE 2 1 5 5 4 
Jibs_PC#8630580799960416256 attack 10 5
Jibs_PC#8630580799960416256 roll 3
Jibs_PC#8630580799960416256 roll 2
DICE 3 2 5 1 0 1 1 
Jibs_PC#8630580799960416256 roll 3
Jibs_PC#8630580799960416256 roll 1
DICE 3 1 5 4 4 2 
Jibs_PC#8630580799960416256 move 5
Jibs_PC#8630580799960416256 endattack
Jibs_PC#8630580799960416256 movearmies 19 20 1
CARD 2
Jibs_PC#8630580799960416256 placearmies 7 3
Jibs_PC#8630580799960416256 attack 7 9
Jibs_PC#8630580799960416256 roll 3
Jibs_PC#8630580799960416256 roll 1
DICE 3 1 5 0 0 1 
Jibs_PC#8630580799960416256 endattack
Jibs_PC#8630580799960416256 nomove
CARD 21
Jibs_PC#8630580799960416256 trade 30 40 8
Jibs_PC#8630580799960416256 placearmies 24 9
Jibs_PC#8630580799960416256 placearmies 24 1
Jibs_PC#8630580799960416256 placearmies 24 1
Jibs_PC#8630580799960416256 placearmies 24 1
Jibs_PC#8630580799960416256 placearmies 24 1
Jibs_PC#8630580799960416256 attack 24 21
Jibs_PC#8630580799960416256 roll 3
Jibs_PC#8630580799960416256 roll 2
DICE 3 2 4 0 0 5 3 
Jibs_PC#8630580799960416256 roll 3
Jibs_PC#8630580799960416256 roll 2
DICE 3 2 2 0 0 4 3 
Jibs_PC#8630580799960416256 roll 3
Jibs_PC#8630580799960416256 roll 2
DICE 3 2 4 0 0 3 2 
Jibs_PC#8630580799960416256 roll 3
Jibs_PC#8630580799960416256 roll 1
DICE 3 1 4 2 2 3 
Jibs_PC#8630580799960416256 move 8
Jibs_PC#8630580799960416256 attack 21 12
Jibs_PC#8630580799960416256 roll 3
Jibs_PC#8630580799960416256 roll 1
DICE 3 1 5 5 1 4 
Jibs_PC#8630580799960416256 move 7
Jibs_PC#8630580799960416256 attack 12 10
Jibs_PC#8630580799960416256 roll 3
Jibs_PC#8630580799960416256 roll 1
DICE 3 1 4 1 0 1 
Jibs_PC#8630580799960416256 move 6
Jibs_PC#8630580799960416256 attack 10 11
Jibs_PC#8630580799960416256 roll 3
Jibs_PC#8630580799960416256 roll 1
DICE 3 1 5 4 3 1 
Jibs_PC#8630580799960416256 move 5
Jibs_PC#8630580799960416256 attack 11 13
Jibs_PC#8630580799960416256 roll 3
Jibs_PC#8630580799960416256 roll 2
DICE 3 2 3 2 0 2 0 
Jibs_PC#8630580799960416256 move 3
Jibs_PC#8630580799960416256 endattack
Jibs_PC#8630580799960416256 movearmies 11 10 1
CARD 6
Jibs_PC#8630580799960416256 placearmies 34 1
Jibs_PC#8630580799960416256 placearmies 22 4
Jibs_PC#8630580799960416256 placearmies 34 1
Jibs_PC#8630580799960416256 attack 22 20
Jibs_PC#8630580799960416256 roll 3
Jibs_PC#8630580799960416256 roll 2
DICE 3 2 5 3 1 0 0 
Jibs_PC#8630580799960416256 roll 3
Jibs_PC#8630580799960416256 roll 1
DICE 3 1 3 1 1 5 
Jibs_PC#8630580799960416256 roll 3
Jibs_PC#8630580799960416256 roll 1
DICE 3 1 5 4 2 3 
Jibs_PC#8630580799960416256 attack 34 38
Jibs_PC#8630580799960416256 roll 3
Jibs_PC#8630580799960416256 roll 1
DICE 3 1 3 2 1 0 
Jibs_PC#8630580799960416256 move 5
Jibs_PC#8630580799960416256 attack 38 1
Jibs_PC#8630580799960416256 roll 3
Jibs_PC#8630580799960416256 roll 1
DICE 3 1 4 1 0 3 
Jibs_PC#8630580799960416256 move 4
Jibs_PC#8630580799960416256 endattack
Jibs_PC#8630580799960416256 movearmies 40 39 3
CARD 7
Jibs_PC#8630580799960416256 placearmies 5 3
Jibs_PC#8630580799960416256 attack 5 10
Jibs_PC#8630580799960416256 roll 3
Jibs_PC#8630580799960416256 roll 2
DICE 3 2 5 0 0 1 0 
Jibs_PC#8630580799960416256 roll 3
Jibs_PC#8630580799960416256 roll 1
DICE 3 1 4 4 2 1 
Jibs_PC#8630580799960416256 move 6
Jibs_PC#8630580799960416256 attack 10 11
Jibs_PC#8630580799960416256 roll 3
Jibs_PC#8630580799960416256 roll 1
DICE 3 1 4 0 0 5 
Jibs_PC#8630580799960416256 roll 3
Jibs_PC#8630580799960416256 roll 1
DICE 3 1 5 2 2 5 
Jibs_PC#8630580799960416256 retreat
Jibs_PC#8630580799960416256 endattack
Jibs_PC#8630580799960416256 nomove
CARD 11
Jibs_PC#8630580799960416256 trade 39 16 21
Jibs_PC#8630580799960416256 placearmies 9 2
Jibs_PC#8630580799960416256 placearmies 37 11
Jibs_PC#8630580799960416256 attack 9 5
Jibs_PC#8630580799960416256 roll 3
Jibs_PC#8630580799960416256 roll 1
DICE 3 1 5 1 1 5 
Jibs_PC#8630580799960416256 roll 3
Jibs_PC#8630580799960416256 roll 1
DICE 3 1 4 3 2 5 
Jibs_PC#8630580799960416256 roll 2
Jibs_PC#8630580799960416256 roll 1
DICE 2 1 4 0 5 
Jibs_PC#8630580799960416256 retreat
Jibs_PC#8630580799960416256 attack 37 36
Jibs_PC#8630580799960416256 roll 3
Jibs_PC#8630580799960416256 roll 1
DICE 3 1 5 2 0 3 
Jibs_PC#8630580799960416256 move 19
Jibs_PC#8630580799960416256 attack 36 29
Jibs_PC#8630580799960416256 roll 3
Jibs_PC#8630580799960416256 roll 2
DICE 3 2 3 2 0 4 4 
Jibs_PC#8630580799960416256 roll 3
Jibs_PC#8630580799960416256 roll 2
DICE 3 2 5 4 0 3 2 
Jibs_PC#8630580799960416256 move 16
Jibs_PC#8630580799960416256 attack 29 33
Jibs_PC#8630580799960416256 roll 3
Jibs_PC#8630580799960416256 roll 2
DICE 3 2 5 5 1 1 0 
Jibs_PC#8630580799960416256 roll 3
Jibs_PC#8630580799960416256 roll 2
DICE 3 2 5 4 0 4 4 
Jibs_PC#8630580799960416256 roll 3
Jibs_PC#8630580799960416256 roll 1
DICE 3 1 5 3 2 4 
Jibs_PC#8630580799960416256 move 14
Jibs_PC#8630580799960416256 attack 33 39
Jibs_PC#8630580799960416256 roll 3
Jibs_PC#8630580799960416256 roll 2
DICE 3 2 2 1 0 3 3 
Jibs_PC#8630580799960416256 roll 3
Jibs_PC#8630580799960416256 roll 2
DICE 3 2 5 4 3 0 0 
Jibs_PC#8630580799960416256 roll 3
Jibs_PC#8630580799960416256 roll 2
DICE 3 2 1 0 0 4 3 
Jibs_PC#8630580799960416256 roll 3
Jibs_PC#8630580799960416256 roll 2
DICE 3 2 4 3 0 4 2 
Jibs_PC#8630580799960416256 roll 3
Jibs_PC#8630580799960416256 roll 2
DICE 3 2 4 1 0 3 3 
Jibs_PC#8630580799960416256 roll 3
Jibs_PC#8630580799960416256 roll 2
DICE 3 2 5 3 2 5 3 
Jibs_PC#8630580799960416256 roll 3
Jibs_PC#8630580799960416256 roll 2
DICE 3 2 4 3 1 0 0 
Jibs_PC#8630580799960416256 roll 3
Jibs_PC#8630580799960416256 roll 1
DICE 3 1 3 1 0 5 
Jibs_PC#8630580799960416256 roll 3
Jibs_PC#8630580799960416256 roll 1
DICE 3 1 5 3 1 2 
Jibs_PC#8630580799960416256 move 4
Jibs_PC#8630580799960416256 endattack
Jibs_PC#8630580799960416256 nomove
CARD 22
Jibs_PC#8630580799960416256 trade 24 3 6
Jibs_PC#8630580799960416256 placearmies 12 8
Jibs_PC#8630580799960416256 placearmies 24 2
Jibs_PC#8630580799960416256 placearmies 8 2
Jibs_PC#8630580799960416256 placearmies 8 1
Jibs_PC#8630580799960416256 attack 12 10
Jibs_PC#8630580799960416256 roll 3
Jibs_PC#8630580799960416256 roll 2
DICE 3 2 4 4 1 4 3 
Jibs_PC#8630580799960416256 roll 3
Jibs_PC#8630580799960416256 roll 2
DICE 3 2 5 5 2 3 3 
Jibs_PC#8630580799960416256 roll 3
Jibs_PC#8630580799960416256 roll 1
DICE 3 1 4 3 0 0 
Jibs_PC#8630580799960416256 move 7
Jibs_PC#8630580799960416256 attack 24 22
Jibs_PC#8630580799960416256 roll 3
Jibs_PC#8630580799960416256 roll 1
DICE 3 1 5 3 3 3 
Jibs_PC#8630580799960416256 move 4
Jibs_PC#8630580799960416256 attack 10 5
Jibs_PC#8630580799960416256 roll 3
Jibs_PC#8630580799960416256 roll 1
DICE 3 1 3 2 0 1 
Jibs_PC#8630580799960416256 move 6
Jibs_PC#8630580799960416256 attack 8 9
Jibs_PC#8630580799960416256 roll 3
Jibs_PC#8630580799960416256 roll 2
DICE 3 2 3 1 0 1 0 
Jibs_PC#8630580799960416256 move 8
Jibs_PC#8630580799960416256 attack 5 4
Jibs_PC#8630580799960416256 roll 3
Jibs_PC#8630580799960416256 roll 1
DICE 3 1 4 3 1 0 
Jibs_PC#8630580799960416256 move 5
Jibs_PC#8630580799960416256 attack 4 3
Jibs_PC#8630580799960416256 roll 3
Jibs_PC#8630580799960416256 roll 1
DICE 3 1 5 3 3 3 
Jibs_PC#8630580799960416256 move 3
Jibs_PC#8630580799960416256 attack 9 7
Jibs_PC#8630580799960416256 roll 3
Jibs_PC#8630580799960416256 roll 1
DICE 3 1 3 3 1 0 
Jibs_PC#8630580799960416256 move 7
Jibs_PC#8630580799960416256 attack 3 2
Jibs_PC#8630580799960416256 roll 2
Jibs_PC#8630580799960416256 roll 1
DICE 2 1 5 0 0 
Jibs_PC#8630580799960416256 attack 7 6
Jibs_PC#8630580799960416256 roll 3
Jibs_PC#8630580799960416256 roll 2
DICE 3 2 5 2 0 4 1 
Jibs_PC#8630580799960416256 roll 3
Jibs_PC#8630580799960416256 roll 1
DICE 3 1 3 3 0 4 
Jibs_PC#8630580799960416256 roll 3
Jibs_PC#8630580799960416256 roll 1
DICE 3 1 5 2 0 4 
Jibs_PC#8630580799960416256 move 5
Jibs_PC#8630580799960416256 attack 6 14
Jibs_PC#8630580799960416256 roll 3
Jibs_PC#8630580799960416256 roll 2
DICE 3 2 1 1 0 5 5 
Jibs_PC#8630580799960416256 retreat
Jibs_PC#8630580799960416256 endattack
Jibs_PC#8630580799960416256 movearmies 4 3 1
CARD 17
Jibs_PC#8630580799960416256 placearmies 20 2
Jibs_PC#8630580799960416256 placearmies 1 1
Jibs_PC#8630580799960416256 attack 20 21
Jibs_PC#8630580799960416256 roll 3
Jibs_PC#8630580799960416256 roll 1
DICE 3 1 2 2 1 2 
Jibs_PC#8630580799960416256 roll 3
Jibs_PC#8630580799960416256 roll 1
DICE 3 1 4 4 2 4 
Jibs_PC#8630580799960416256 roll 2
Jibs_PC#8630580799960416256 roll 1
DICE 2 1 1 1 2 
Jibs_PC#8630580799960416256 retreat
Jibs_PC#8630580799960416256 attack 1 3
Jibs_PC#8630580799960416256 roll 3
Jibs_PC#8630580799960416256 roll 2
DICE 3 2 2 2 0 5 1 
Jibs_PC#8630580799960416256 roll 3
Jibs_PC#8630580799960416256 roll 1
DICE 3 1 4 4 3 2 
Jibs_PC#8630580799960416256 endattack
Jibs_PC#8630580799960416256 movearmies 42 40 1
CARD 32
Jibs_PC#8630580799960416256 placearmies 16 2
Jibs_PC#8630580799960416256 placearmies 16 1
Jibs_PC#8630580799960416256 attack 16 20
Jibs_PC#8630580799960416256 roll 3
Jibs_PC#8630580799960416256 roll 2
DICE 3 2 1 1 1 3 2 
Jibs_PC#8630580799960416256 retreat
Jibs_PC#8630580799960416256 attack 16 30
Jibs_PC#8630580799960416256 roll 2
Jibs_PC#8630580799960416256 roll 1
DICE 2 1 3 0 5 
Jibs_PC#8630580799960416256 retreat
Jibs_PC#8630580799960416256 attack 14 6
Jibs_PC#8630580799960416256 roll 2
Jibs_PC#8630580799960416256 roll 2
DICE 2 2 2 0 1 0 
Jibs_PC#8630580799960416256 retreat
Jibs_PC#8630580799960416256 endattack
Jibs_PC#8630580799960416256 nomove
CARD 
Jibs_PC#8630580799960416256 placearmies 39 1
Jibs_PC#8630580799960416256 placearmies 36 2
Jibs_PC#8630580799960416256 attack 39 40
Jibs_PC#8630580799960416256 roll 3
Jibs_PC#8630580799960416256 roll 2
DICE 3 2 5 4 4 4 3 
Jibs_PC#8630580799960416256 move 4
Jibs_PC#8630580799960416256 attack 40 41
Jibs_PC#8630580799960416256 roll 3
Jibs_PC#8630580799960416256 roll 1
DICE 3 1 4 3 1 2 
Jibs_PC#8630580799960416256 attack 41 42
Jibs_PC#8630580799960416256 roll 2
Jibs_PC#8630580799960416256 roll 1
DICE 2 1 2 1 1 
Jibs_PC#8630580799960416256 endattack
Jibs_PC#8630580799960416256 nomove
CARD 31
Jibs_PC#8630580799960416256 placearmies 2 9
Jibs_PC#8630580799960416256 placearmies 21 1
Jibs_PC#8630580799960416256 placearmies 7 1
Jibs_PC#8630580799960416256 attack 2 1
Jibs_PC#8630580799960416256 roll 3
Jibs_PC#8630580799960416256 roll 1
DICE 3 1 4 2 0 1 
Jibs_PC#8630580799960416256 move 10
Jibs_PC#8630580799960416256 attack 1 3
Jibs_PC#8630580799960416256 roll 3
Jibs_PC#8630580799960416256 roll 2
DICE 3 2 5 3 0 4 0 
Jibs_PC#8630580799960416256 roll 3
Jibs_PC#8630580799960416256 roll 1
DICE 3 1 5 4 2 4 
Jibs_PC#8630580799960416256 move 3
Jibs_PC#8630580799960416256 attack 1 38
Jibs_PC#8630580799960416256 roll 3
Jibs_PC#8630580799960416256 roll 1
DICE 3 1 4 1 1 4 
Jibs_PC#8630580799960416256 roll 3
Jibs_PC#8630580799960416256 roll 1
DICE 3 1 4 4 2 2 
Jibs_PC#8630580799960416256 move 5
Jibs_PC#8630580799960416256 attack 38 37
Jibs_PC#8630580799960416256 roll 3
Jibs_PC#8630580799960416256 roll 1
DICE 3 1 4 2 1 5 
Jibs_PC#8630580799960416256 roll 3
Jibs_PC#8630580799960416256 roll 1
DICE 3 1 3 1 1 5 
Jibs_PC#8630580799960416256 retreat
Jibs_PC#8630580799960416256 endattack
Jibs_PC#8630580799960416256 movearmies 7 6 1
CARD 1
Jibs_PC#8630580799960416256 trade 20 33 32
Jibs_PC#8630580799960416256 placearmies 20 6
Jibs_PC#8630580799960416256 placearmies 20 5
Jibs_PC#8630580799960416256 placearmies 20 2
Jibs_PC#8630580799960416256 attack 20 21
Jibs_PC#8630580799960416256 roll 3
Jibs_PC#8630580799960416256 roll 2
DICE 3 2 4 2 0 4 3 
Jibs_PC#8630580799960416256 roll 3
Jibs_PC#8630580799960416256 roll 2
DICE 3 2 5 5 0 4 1 
Jibs_PC#8630580799960416256 move 14
Jibs_PC#8630580799960416256 attack 21 12
Jibs_PC#8630580799960416256 roll 3
Jibs_PC#8630580799960416256 roll 1
DICE 3 1 5 4 0 0 
Jibs_PC#8630580799960416256 move 13
Jibs_PC#8630580799960416256 attack 12 10
Jibs_PC#8630580799960416256 roll 3
Jibs_PC#8630580799960416256 roll 1
DICE 3 1 5 1 1 4 
Jibs_PC#8630580799960416256 move 12
Jibs_PC#8630580799960416256 attack 10 5
Jibs_PC#8630580799960416256 roll 3
Jibs_PC#8630580799960416256 roll 1
DICE 3 1 5 1 1 2 
Jibs_PC#8630580799960416256 move 11
Jibs_PC#8630580799960416256 attack 5 9
Jibs_PC#8630580799960416256 roll 3
Jibs_PC#8630580799960416256 roll 1
DICE 3 1 5 4 3 0 
Jibs_PC#8630580799960416256 move 10
Jibs_PC#8630580799960416256 attack 9 8
Jibs_PC#8630580799960416256 roll 3
Jibs_PC#8630580799960416256 roll 1
DICE 3 1 5 5 4 4 
Jibs_PC#8630580799960416256 move 9
Jibs_PC#8630580799960416256 attack 8 7
Jibs_PC#8630580799960416256 roll 3
Jibs_PC#8630580799960416256 roll 1
DICE 3 1 4 2 2 0 
Jibs_PC#8630580799960416256 move 8
Jibs_PC#8630580799960416256 attack 7 4
Jibs_PC#8630580799960416256 roll 3
Jibs_PC#8630580799960416256 roll 1
DICE 3 1 5 2 1 0 
Jibs_PC#8630580799960416256 move 7
Jibs_PC#8630580799960416256 attack 4 3
Jibs_PC#8630580799960416256 roll 3
Jibs_PC#8630580799960416256 roll 2
DICE 3 2 5 1 0 2 2 
Jibs_PC#8630580799960416256 roll 3
Jibs_PC#8630580799960416256 roll 2
DICE 3 2 4 4 2 5 1 
Jibs_PC#8630580799960416256 roll 3
Jibs_PC#8630580799960416256 roll 1
DICE 3 1 4 3 0 1 
Jibs_PC#8630580799960416256 move 4
Jibs_PC#8630580799960416256 attack 3 2
Jibs_PC#8630580799960416256 roll 3
Jibs_PC#8630580799960416256 roll 1
DICE 3 1 2 2 2 2 
Jibs_PC#8630580799960416256 roll 2
Jibs_PC#8630580799960416256 roll 1
DICE 2 1 2 1 5 
Jibs_PC#8630580799960416256 retreat
Jibs_PC#8630580799960416256 endattack
Jibs_PC#8630580799960416256 nomove
CARD 10
Jibs_PC#8630580799960416256 placearmies 16 2
Jibs_PC#8630580799960416256 placearmies 16 1
Jibs_PC#8630580799960416256 attack 16 20
Jibs_PC#8630580799960416256 roll 3
Jibs_PC#8630580799960416256 roll 1
DICE 3 1 5 0 0 1 
Jibs_PC#8630580799960416256 move 3
Jibs_PC#8630580799960416256 endattack
Jibs_PC#8630580799960416256 nomove
CARD 12
Jibs_PC#8630580799960416256 placearmies 36 1
Jibs_PC#8630580799960416256 placearmies 33 1
Jibs_PC#8630580799960416256 placearmies 36 3
Jibs_PC#8630580799960416256 attack 36 35
Jibs_PC#8630580799960416256 roll 3
Jibs_PC#8630580799960416256 roll 1
DICE 3 1 5 0 0 2 
Jibs_PC#8630580799960416256 move 6
Jibs_PC#8630580799960416256 attack 35 34
Jibs_PC#8630580799960416256 roll 3
Jibs_PC#8630580799960416256 roll 1
DICE 3 1 4 4 3 2 
Jibs_PC#8630580799960416256 move 5
Jibs_PC#8630580799960416256 attack 34 27
Jibs_PC#8630580799960416256 roll 3
Jibs_PC#8630580799960416256 roll 1
DICE 3 1 5 4 1 4 
Jibs_PC#8630580799960416256 move 4
Jibs_PC#8630580799960416256 attack 27 28
Jibs_PC#8630580799960416256 roll 3
Jibs_PC#8630580799960416256 roll 1
DICE 3 1 4 2 0 3 
Jibs_PC#8630580799960416256 attack 28 30
Jibs_PC#8630580799960416256 roll 2
Jibs_PC#8630580799960416256 roll 1
DICE 2 1 5 0 4 
Jibs_PC#8630580799960416256 endattack
Jibs_PC#8630580799960416256 nomove
CARD 41
Jibs_PC#8630580799960416256 trade 36 17 1
Jibs_PC#8630580799960416256 placearmies 13 5
Jibs_PC#8630580799960416256 placearmies 32 9
Jibs_PC#8630580799960416256 attack 32 33
Jibs_PC#8630580799960416256 roll 3
Jibs_PC#8630580799960416256 roll 2
DICE 3 2 1 1 0 1 0 
Jibs_PC#8630580799960416256 roll 3
Jibs_PC#8630580799960416256 roll 1
DICE 3 1 2 2 1 4 
Jibs_PC#8630580799960416256 roll 3
Jibs_PC#8630580799960416256 roll 1
DICE 3 1 4 1 0 1 
Jibs_PC#8630580799960416256 move 7
Jibs_PC#8630580799960416256 attack 33 39
Jibs_PC#8630580799960416256 roll 3
Jibs_PC#8630580799960416256 roll 1
DICE 3 1 3 0 0 4 
Jibs_PC#8630580799960416256 roll 3
Jibs_PC#8630580799960416256 roll 1
DICE 3 1 5 4 3 2 
Jibs_PC#8630580799960416256 move 5
Jibs_PC#8630580799960416256 attack 39 41
Jibs_PC#8630580799960416256 roll 3
Jibs_PC#8630580799960416256 roll 1
DICE 3 1 3 3 0 1 
Jibs_PC#8630580799960416256 move 4
Jibs_PC#8630580799960416256 attack 41 42
Jibs_PC#8630580799960416256 roll 3
Jibs_PC#8630580799960416256 roll 2
DICE 3 2 4 3 3 3 0 
Jibs_PC#8630580799960416256 attack 42 40
Jibs_PC#8630580799960416256 roll 2
Jibs_PC#8630580799960416256 roll 1
DICE 2 1 3 1 2 
Jibs_PC#8630580799960416256 attack 13 12
Jibs_PC#8630580799960416256 roll 3
Jibs_PC#8630580799960416256 roll 1
DICE 3 1 5 5 3 3 
Jibs_PC#8630580799960416256 move 7
Jibs_PC#8630580799960416256 attack 12 21
Jibs_PC#8630580799960416256 roll 3
Jibs_PC#8630580799960416256 roll 1
DICE 3 1 3 2 0 4 
Jibs_PC#8630580799960416256 roll 3
Jibs_PC#8630580799960416256 roll 1
DICE 3 1 5 3 0 3 
Jibs_PC#8630580799960416256 move 5
Jibs_PC#8630580799960416256 attack 21 19
Jibs_PC#8630580799960416256 roll 3
Jibs_PC#8630580799960416256 roll 1
DICE 3 1 4 2 1 3 
Jibs_PC#8630580799960416256 move 3
Jibs_PC#8630580799960416256 endattack
Jibs_PC#8630580799960416256 movearmies 19 21 2
CARD 42
Jibs_PC#8630580799960416256 placearmies 3 2
Jibs_PC#8630580799960416256 placearmies 3 1
Jibs_PC#8630580799960416256 attack 3 1
Jibs_PC#8630580799960416256 roll 3
Jibs_PC#8630580799960416256 roll 2
DICE 3 2 4 3 1 4 0 
Jibs_PC#8630580799960416256 roll 3
Jibs_PC#8630580799960416256 roll 2
DICE 3 2 5 0 0 4 2 
Jibs_PC#8630580799960416256 roll 2
Jibs_PC#8630580799960416256 roll 1
DICE 2 1 3 2 3 
Jibs_PC#8630580799960416256 retreat
Jibs_PC#8630580799960416256 endattack
Jibs_PC#8630580799960416256 nomove
CARD 
Jibs_PC#8630580799960416256 trade 9 2 12
Jibs_PC#8630580799960416256 placearmies 20 11
Jibs_PC#8630580799960416256 attack 20 31
Jibs_PC#8630580799960416256 roll 3
Jibs_PC#8630580799960416256 roll 1
DICE 3 1 3 1 0 2 
Jibs_PC#8630580799960416256 move 13
Jibs_PC#8630580799960416256 attack 31 32
Jibs_PC#8630580799960416256 roll 3
Jibs_PC#8630580799960416256 roll 1
DICE 3 1 3 3 2 5 
Jibs_PC#8630580799960416256 roll 3
Jibs_PC#8630580799960416256 roll 1
DICE 3 1 5 2 0 5 
Jibs_PC#8630580799960416256 roll 3
Jibs_PC#8630580799960416256 roll 1
DICE 3 1 4 4 0 1 
Jibs_PC#8630580799960416256 move 10
Jibs_PC#8630580799960416256 attack 32 33
Jibs_PC#8630580799960416256 roll 3
Jibs_PC#8630580799960416256 roll 1
DICE 3 1 5 3 0 5 
Jibs_PC#8630580799960416256 roll 3
Jibs_PC#8630580799960416256 roll 1
DICE 3 1 5 4 2 3 
Jibs_PC#8630580799960416256 move 8
Jibs_PC#8630580799960416256 attack 33 39
Jibs_PC#8630580799960416256 roll 3
Jibs_PC#8630580799960416256 roll 1
DICE 3 1 5 3 2 4 
Jibs_PC#8630580799960416256 move 7
Jibs_PC#8630580799960416256 attack 39 41
Jibs_PC#8630580799960416256 roll 3
Jibs_PC#8630580799960416256 roll 1
DICE 3 1 3 3 0 0 
Jibs_PC#8630580799960416256 move 6
Jibs_PC#8630580799960416256 attack 41 42
Jibs_PC#8630580799960416256 roll 3
Jibs_PC#8630580799960416256 roll 1
DICE 3 1 0 0 0 5 
Jibs_PC#8630580799960416256 roll 3
Jibs_PC#8630580799960416256 roll 1
DICE 3 1 5 2 1 1 
Jibs_PC#8630580799960416256 move 4
Jibs_PC#8630580799960416256 attack 42 40
Jibs_PC#8630580799960416256 roll 3
Jibs_PC#8630580799960416256 roll 2
DICE 3 2 5 3 3 2 1 
Jibs_PC#8630580799960416256 endattack
Jibs_PC#8630580799960416256 movearmies 40 39 1
CARD 28
Jibs_PC#8630580799960416256 placearmies 30 2
Jibs_PC#8630580799960416256 placearmies 30 1
Jibs_PC#8630580799960416256 attack 30 31
Jibs_PC#8630580799960416256 roll 3
Jibs_PC#8630580799960416256 roll 1
DICE 3 1 5 4 0 4 
Jibs_PC#8630580799960416256 move 4
Jibs_PC#8630580799960416256 attack 31 32
Jibs_PC#8630580799960416256 roll 3
Jibs_PC#8630580799960416256 roll 1
DICE 3 1 3 3 0 4 
Jibs_PC#8630580799960416256 roll 2
Jibs_PC#8630580799960416256 roll 1
DICE 2 1 4 2 3 
Jibs_PC#8630580799960416256 endattack
Jibs_PC#8630580799960416256 nomove
CARD 23
Jibs_PC#8630580799960416256 placearmies 11 4
Jibs_PC#8630580799960416256 placearmies 11 3
Jibs_PC#8630580799960416256 attack 11 10
Jibs_PC#8630580799960416256 roll 3
Jibs_PC#8630580799960416256 roll 1
DICE 3 1 5 5 1 0 
Jibs_PC#8630580799960416256 move 7
Jibs_PC#8630580799960416256 attack 6 8
Jibs_PC#8630580799960416256 roll 2
Jibs_PC#8630580799960416256 roll 1
DICE 2 1 2 0 3 
Jibs_PC#8630580799960416256 retreat
Jibs_PC#8630580799960416256 attack 10 5
Jibs_PC#8630580799960416256 roll 3
Jibs_PC#8630580799960416256 roll 1
DICE 3 1 5 4 2 0 
Jibs_PC#8630580799960416256 move 6
Jibs_PC#8630580799960416256 attack 5 9
Jibs_PC#8630580799960416256 roll 3
Jibs_PC#8630580799960416256 roll 1
DICE 3 1 5 4 2 2 
Jibs_PC#8630580799960416256 move 4
Jibs_PC#8630580799960416256 attack 9 8
Jibs_PC#8630580799960416256 roll 3
Jibs_PC#8630580799960416256 roll 1
DICE 3 1 3 3 2 3 
Jibs_PC#8630580799960416256 roll 2
Jibs_PC#8630580799960416256 roll 1
DICE 2 1 4 2 4 
Jibs_PC#8630580799960416256 retreat
Jibs_PC#8630580799960416256 endattack
Jibs_PC#8630580799960416256 movearmies 9 5 1
CARD wildcard
Jibs_PC#8630580799960416256 placearmies 3 2
Jibs_PC#8630580799960416256 placearmies 3 1
Jibs_PC#8630580799960416256 attack 3 1
Jibs_PC#8630580799960416256 roll 3
Jibs_PC#8630580799960416256 roll 1
DICE 3 1 2 0 0 3 
Jibs_PC#8630580799960416256 roll 3
Jibs_PC#8630580799960416256 roll 1
DICE 3 1 3 2 1 4 
Jibs_PC#8630580799960416256 roll 2
Jibs_PC#8630580799960416256 roll 1
DICE 2 1 4 2 0 
Jibs_PC#8630580799960416256 endattack
Jibs_PC#8630580799960416256 nomove
CARD 38
Jibs_PC#8630580799960416256 trade 29 11 28
Jibs_PC#8630580799960416256 placearmies 16 2
Jibs_PC#8630580799960416256 placearmies 20 8
Jibs_PC#8630580799960416256 placearmies 20 1
Jibs_PC#8630580799960416256 attack 20 21
Jibs_PC#8630580799960416256 roll 3
Jibs_PC#8630580799960416256 roll 2
DICE 3 2 5 5 4 3 1 
Jibs_PC#8630580799960416256 roll 3
Jibs_PC#8630580799960416256 roll 2
DICE 3 2 2 2 1 2 1 
Jibs_PC#8630580799960416256 roll 3
Jibs_PC#8630580799960416256 roll 1
DICE 3 1 3 3 3 4 
Jibs_PC#8630580799960416256 roll 3
Jibs_PC#8630580799960416256 roll 1
DICE 3 1 4 3 1 0 
Jibs_PC#8630580799960416256 move 7
Jibs_PC#8630580799960416256 attack 21 12
Jibs_PC#8630580799960416256 roll 3
Jibs_PC#8630580799960416256 roll 1
DICE 3 1 5 4 0 5 
Jibs_PC#8630580799960416256 roll 3
Jibs_PC#8630580799960416256 roll 1
DICE 3 1 3 3 2 5 
Jibs_PC#8630580799960416256 roll 3
Jibs_PC#8630580799960416256 roll 1
DICE 3 1 4 3 0 0 
Jibs_PC#8630580799960416256 move 4
Jibs_PC#8630580799960416256 endattack
Jibs_PC#8630580799960416256 movearmies 39 33 1
CARD 21
Jibs_PC#8630580799960416256 trade 22 31 23
Jibs_PC#8630580799960416256 placearmies 31 1
Jibs_PC#8630580799960416256 placearmies 32 4
Jibs_PC#8630580799960416256 placearmies 32 3
Jibs_PC#8630580799960416256 placearmies 32 3
Jibs_PC#8630580799960416256 placearmies 31 1
Jibs_PC#8630580799960416256 placearmies 34 1
Jibs_PC#8630580799960416256 attack 32 33
Jibs_PC#8630580799960416256 roll 3
Jibs_PC#8630580799960416256 roll 2
DICE 3 2 4 1 1 4 1 
Jibs_PC#8630580799960416256 roll 3
Jibs_PC#8630580799960416256 roll 2
DICE 3 2 5 1 1 3 3 
Jibs_PC#8630580799960416256 roll 3
Jibs_PC#8630580799960416256 roll 1
DICE 3 1 5 4 1 0 
Jibs_PC#8630580799960416256 move 8
Jibs_PC#8630580799960416256 attack 33 39
Jibs_PC#8630580799960416256 roll 3
Jibs_PC#8630580799960416256 roll 1
DICE 3 1 5 3 0 1 
Jibs_PC#8630580799960416256 move 7
Jibs_PC#8630580799960416256 attack 39 41
Jibs_PC#8630580799960416256 roll 3
Jibs_PC#8630580799960416256 roll 1
DICE 3 1 5 2 0 4 
Jibs_PC#8630580799960416256 move 6
Jibs_PC#8630580799960416256 attack 41 42
Jibs_PC#8630580799960416256 roll 3
Jibs_PC#8630580799960416256 roll 1
DICE 3 1 2 0 0 0 
Jibs_PC#8630580799960416256 move 5
Jibs_PC#8630580799960416256 attack 42 40
Jibs_PC#8630580799960416256 roll 3
Jibs_PC#8630580799960416256 roll 2
DICE 3 2 5 1 0 4 1 
Jibs_PC#8630580799960416256 roll 3
Jibs_PC#8630580799960416256 roll 1
DICE 3 1 5 5 0 5 
Jibs_PC#8630580799960416256 roll 2
Jibs_PC#8630580799960416256 roll 1
DICE 2 1 5 4 1 
Jibs_PC#8630580799960416256 attack 31 20
Jibs_PC#8630580799960416256 roll 3
Jibs_PC#8630580799960416256 roll 1
DICE 3 1 4 2 1 1 
Jibs_PC#8630580799960416256 move 3
Jibs_PC#8630580799960416256 endattack
Jibs_PC#8630580799960416256 movearmies 20 31 2
CARD 26
Jibs_PC#8630580799960416256 placearmies 9 4
Jibs_PC#8630580799960416256 attack 5 4
Jibs_PC#8630580799960416256 roll 2
Jibs_PC#8630580799960416256 roll 1
DICE 2 1 2 2 2 
Jibs_PC#8630580799960416256 retreat
Jibs_PC#8630580799960416256 attack 9 8
Jibs_PC#8630580799960416256 roll 3
Jibs_PC#8630580799960416256 roll 1
DICE 3 1 5 1 0 2 
Jibs_PC#8630580799960416256 move 4
Jibs_PC#8630580799960416256 attack 8 7
Jibs_PC#8630580799960416256 roll 3
Jibs_PC#8630580799960416256 roll 1
DICE 3 1 5 4 0 3 
Jibs_PC#8630580799960416256 attack 7 4
Jibs_PC#8630580799960416256 roll 2
Jibs_PC#8630580799960416256 roll 1
DICE 2 1 1 0 4 
Jibs_PC#8630580799960416256 retreat
Jibs_PC#8630580799960416256 attack 22 21
Jibs_PC#8630580799960416256 roll 3
Jibs_PC#8630580799960416256 roll 1
DICE 3 1 4 1 1 3 
Jibs_PC#8630580799960416256 endattack
Jibs_PC#8630580799960416256 nomove
CARD 15
Jibs_PC#8630580799960416256 placearmies 1 2
Jibs_PC#8630580799960416256 placearmies 1 1
Jibs_PC#8630580799960416256 attack 1 2
Jibs_PC#8630580799960416256 roll 3
Jibs_PC#8630580799960416256 roll 1
DICE 3 1 4 3 2 5 
Jibs_PC#8630580799960416256 roll 3
Jibs_PC#8630580799960416256 roll 1
DICE 3 1 1 1 1 1 
Jibs_PC#8630580799960416256 roll 2
Jibs_PC#8630580799960416256 roll 1
DICE 2 1 2 0 2 
Jibs_PC#8630580799960416256 retreat
Jibs_PC#8630580799960416256 endattack
Jibs_PC#8630580799960416256 nomove
CARD 
Jibs_PC#8630580799960416256 placearmies 12 3
Jibs_PC#8630580799960416256 attack 12 21
Jibs_PC#8630580799960416256 roll 3
Jibs_PC#8630580799960416256 roll 2
DICE 3 2 4 2 0 1 0 
Jibs_PC#8630580799960416256 roll 3
Jibs_PC#8630580799960416256 roll 1
DICE 3 1 5 2 2 5 
Jibs_PC#8630580799960416256 roll 3
Jibs_PC#8630580799960416256 roll 1
DICE 3 1 5 1 0 5 
Jibs_PC#8630580799960416256 roll 3
Jibs_PC#8630580799960416256 roll 1
DICE 3 1 2 1 1 0 
Jibs_PC#8630580799960416256 move 4
Jibs_PC#8630580799960416256 attack 16 20
Jibs_PC#8630580799960416256 roll 3
Jibs_PC#8630580799960416256 roll 1
DICE 3 1 3 3 0 4 
Jibs_PC#8630580799960416256 roll 2
Jibs_PC#8630580799960416256 roll 1
DICE 2 1 5 2 3 
Jibs_PC#8630580799960416256 attack 21 19
Jibs_PC#8630580799960416256 roll 3
Jibs_PC#8630580799960416256 roll 1
DICE 3 1 3 2 1 0 
Jibs_PC#8630580799960416256 endattack
Jibs_PC#8630580799960416256 movearmies 19 20 2
CARD 32
Jibs_PC#8630580799960416256 placearmies 34 6
Jibs_PC#8630580799960416256 placearmies 35 1
Jibs_PC#8630580799960416256 attack 31 16
Jibs_PC#8630580799960416256 roll 3
Jibs_PC#8630580799960416256 roll 1
DICE 3 1 4 2 1 1 
Jibs_PC#8630580799960416256 attack 34 38
Jibs_PC#8630580799960416256 roll 3
Jibs_PC#8630580799960416256 roll 2
DICE 3 2 4 3 2 3 2 
Jibs_PC#8630580799960416256 roll 3
Jibs_PC#8630580799960416256 roll 1
DICE 3 1 4 4 3 4 
Jibs_PC#8630580799960416256 roll 3
Jibs_PC#8630580799960416256 roll 1
DICE 3 1 5 3 1 2 
Jibs_PC#8630580799960416256 move 6
Jibs_PC#8630580799960416256 attack 38 1
Jibs_PC#8630580799960416256 roll 3
Jibs_PC#8630580799960416256 roll 2
DICE 3 2 5 2 0 1 0 
Jibs_PC#8630580799960416256 move 5
Jibs_PC#8630580799960416256 attack 1 3
Jibs_PC#8630580799960416256 roll 3
Jibs_PC#8630580799960416256 roll 1
DICE 3 1 4 2 0 2 
Jibs_PC#8630580799960416256 move 3
Jibs_PC#8630580799960416256 attack 3 4
Jibs_PC#8630580799960416256 roll 2
Jibs_PC#8630580799960416256 roll 1
DICE 2 1 3 0 0 
Jibs_PC#8630580799960416256 endattack
Jibs_PC#8630580799960416256 nomove
CARD 37
Jibs_PC#8630580799960416256 trade 42 wildcard 15
Jibs_PC#8630580799960416256 placearmies 22 13
Jibs_PC#8630580799960416256 placearmies 22 1
Jibs_PC#8630580799960416256 attack 22 31
Jibs_PC#8630580799960416256 roll 3
Jibs_PC#8630580799960416256 roll 1
DICE 3 1 5 4 0 0 
Jibs_PC#8630580799960416256 move 14
Jibs_PC#8630580799960416256 attack 31 32
Jibs_PC#8630580799960416256 roll 3
Jibs_PC#8630580799960416256 roll 1
DICE 3 1 4 4 4 2 
Jibs_PC#8630580799960416256 move 13
Jibs_PC#8630580799960416256 attack 32 33
Jibs_PC#8630580799960416256 roll 3
Jibs_PC#8630580799960416256 roll 1
DICE 3 1 4 2 2 4 
Jibs_PC#8630580799960416256 roll 3
Jibs_PC#8630580799960416256 roll 1
DICE 3 1 5 4 0 0 
Jibs_PC#8630580799960416256 move 11
Jibs_PC#8630580799960416256 attack 33 39
Jibs_PC#8630580799960416256 roll 3
Jibs_PC#8630580799960416256 roll 1
DICE 3 1 4 3 3 0 
Jibs_PC#8630580799960416256 move 10
Jibs_PC#8630580799960416256 attack 39 41
Jibs_PC#8630580799960416256 roll 3
Jibs_PC#8630580799960416256 roll 1
DICE 3 1 4 2 1 3 
Jibs_PC#8630580799960416256 move 9
Jibs_PC#8630580799960416256 attack 41 42
Jibs_PC#8630580799960416256 roll 3
Jibs_PC#8630580799960416256 roll 1
DICE 3 1 4 3 0 2 
Jibs_PC#8630580799960416256 move 6
Jibs_PC#8630580799960416256 attack 42 40
Jibs_PC#8630580799960416256 roll 3
Jibs_PC#8630580799960416256 roll 2
DICE 3 2 5 3 2 3 2 
Jibs_PC#8630580799960416256 move 3
Jibs_PC#8630580799960416256 endattack
Jibs_PC#8630580799960416256 movearmies 40 39 1
CARD 4
Jibs_PC#8630580799960416256 placearmies 12 3
Jibs_PC#8630580799960416256 attack 12 10
Jibs_PC#8630580799960416256 roll 3
Jibs_PC#8630580799960416256 roll 1
DICE 3 1 5 5 3 5 
Jibs_PC#8630580799960416256 roll 2
Jibs_PC#8630580799960416256 roll 1
DICE 2 1 3 2 4 
Jibs_PC#8630580799960416256 retreat
Jibs_PC#8630580799960416256 attack 20 22
Jibs_PC#8630580799960416256 roll 3
Jibs_PC#8630580799960416256 roll 1
DICE 3 1 3 2 0 2 
Jibs_PC#8630580799960416256 endattack
Jibs_PC#8630580799960416256 nomove
CARD 3
Jibs_PC#8630580799960416256 trade 41 26 7
Jibs_PC#8630580799960416256 trade 10 38 37
Jibs_PC#8630580799960416256 placearmies 29 8
Jibs_PC#8630580799960416256 placearmies 29 2
Jibs_PC#8630580799960416256 placearmies 29 6
Jibs_PC#8630580799960416256 placearmies 4 7
Jibs_PC#8630580799960416256 placearmies 29 1
Jibs_PC#8630580799960416256 attack 29 33
Jibs_PC#8630580799960416256 roll 3
Jibs_PC#8630580799960416256 roll 1
DICE 3 1 4 3 2 1 
Jibs_PC#8630580799960416256 move 17
Jibs_PC#8630580799960416256 attack 33 39
Jibs_PC#8630580799960416256 roll 3
Jibs_PC#8630580799960416256 roll 2
DICE 3 2 4 3 2 0 0 
Jibs_PC#8630580799960416256 move 16
Jibs_PC#8630580799960416256 attack 39 40
Jibs_PC#8630580799960416256 roll 3
Jibs_PC#8630580799960416256 roll 2
DICE 3 2 4 3 0 0 0 
Jibs_PC#8630580799960416256 move 15
Jibs_PC#8630580799960416256 attack 40 42
Jibs_PC#8630580799960416256 roll 3
Jibs_PC#8630580799960416256 roll 2
DICE 3 2 3 3 3 4 1 
Jibs_PC#8630580799960416256 roll 3
Jibs_PC#8630580799960416256 roll 2
DICE 3 2 5 5 3 3 0 
Jibs_PC#8630580799960416256 move 8
Jibs_PC#8630580799960416256 attack 42 41
Jibs_PC#8630580799960416256 roll 3
Jibs_PC#8630580799960416256 roll 2
DICE 3 2 5 1 0 5 1 
Jibs_PC#8630580799960416256 roll 3
Jibs_PC#8630580799960416256 roll 2
DICE 3 2 3 3 3 2 1 
Jibs_PC#8630580799960416256 retreat
Jibs_PC#8630580799960416256 attack 40 41
Jibs_PC#8630580799960416256 roll 3
Jibs_PC#8630580799960416256 roll 1
DICE 3 1 5 4 3 3 
Jibs_PC#8630580799960416256 move 3
Jibs_PC#8630580799960416256 attack 16 31
Jibs_PC#8630580799960416256 roll 2
Jibs_PC#8630580799960416256 roll 1
DICE 2 1 4 2 3 
Jibs_PC#8630580799960416256 attack 4 9
Jibs_PC#8630580799960416256 roll 3
Jibs_PC#8630580799960416256 roll 1
DICE 3 1 4 2 1 4 
Jibs_PC#8630580799960416256 roll 3
Jibs_PC#8630580799960416256 roll 1
DICE 3 1 5 2 0 3 
Jibs_PC#8630580799960416256 move 7
Jibs_PC#8630580799960416256 attack 9 8
Jibs_PC#8630580799960416256 roll 3
Jibs_PC#8630580799960416256 roll 1
DICE 3 1 3 0 0 4 
Jibs_PC#8630580799960416256 roll 3
Jibs_PC#8630580799960416256 roll 1
DICE 3 1 4 4 2 1 
Jibs_PC#8630580799960416256 move 5
Jibs_PC#8630580799960416256 attack 8 7
Jibs_PC#8630580799960416256 roll 3
Jibs_PC#8630580799960416256 roll 2
DICE 3 2 5 2 1 4 4 
Jibs_PC#8630580799960416256 roll 3
Jibs_PC#8630580799960416256 roll 1
DICE 3 1 5 3 1 3 
Jibs_PC#8630580799960416256 attack 7 2
Jibs_PC#8630580799960416256 roll 2
Jibs_PC#8630580799960416256 roll 1
DICE 2 1 5 1 1 
Jibs_PC#8630580799960416256 endattack
Jibs_PC#8630580799960416256 movearmies 1 2 1
CARD 13
Jibs_PC#8630580799960416256 placearmies 23 3
Jibs_PC#8630580799960416256 attack 23 21
Jibs_PC#8630580799960416256 roll 3
Jibs_PC#8630580799960416256 roll 1
DICE 3 1 5 4 4 5 
Jibs_PC#8630580799960416256 roll 2
Jibs_PC#8630580799960416256 roll 1
DICE 2 1 4 4 1 
Jibs_PC#8630580799960416256 endattack
Jibs_PC#8630580799960416256 nomove
CARD 30
Jibs_PC#8630580799960416256 trade 21 32 3
Jibs_PC#8630580799960416256 placearmies 22 1
Jibs_PC#8630580799960416256 placearmies 18 4
Jibs_PC#8630580799960416256 placearmies 22 1
Jibs_PC#8630580799960416256 placearmies 22 1
Jibs_PC#8630580799960416256 attack 18 16
Jibs_PC#8630580799960416256 roll 3
Jibs_PC#8630580799960416256 roll 1
DICE 3 1 1 1 1 0 
Jibs_PC#8630580799960416256 move 4
Jibs_PC#8630580799960416256 attack 22 24
Jibs_PC#8630580799960416256 roll 3
Jibs_PC#8630580799960416256 roll 1
DICE 3 1 5 4 0 5 
Jibs_PC#8630580799960416256 roll 3
Jibs_PC#8630580799960416256 roll 1
DICE 3 1 3 2 2 3 
Jibs_PC#8630580799960416256 retreat
Jibs_PC#8630580799960416256 endattack
Jibs_PC#8630580799960416256 movearmies 22 20 3
CARD 25
Jibs_PC#8630580799960416256 placearmies 31 3
Jibs_PC#8630580799960416256 placearmies 33 1
Jibs_PC#8630580799960416256 placearmies 31 4
Jibs_PC#8630580799960416256 placearmies 9 1
Jibs_PC#8630580799960416256 attack 31 20
Jibs_PC#8630580799960416256 roll 3
Jibs_PC#8630580799960416256 roll 2
DICE 3 2 5 4 3 5 5 
Jibs_PC#8630580799960416256 roll 3
Jibs_PC#8630580799960416256 roll 2
DICE 3 2 5 4 2 5 3 
Jibs_PC#8630580799960416256 retreat
Jibs_PC#8630580799960416256 attack 31 20
Jibs_PC#8630580799960416256 roll 3
Jibs_PC#8630580799960416256 roll 2
DICE 3 2 3 3 3 3 0 
Jibs_PC#8630580799960416256 roll 3
Jibs_PC#8630580799960416256 roll 2
DICE 3 2 4 3 2 5 2 
Jibs_PC#8630580799960416256 roll 3
Jibs_PC#8630580799960416256 roll 1
DICE 3 1 5 1 0 5 
Jibs_PC#8630580799960416256 roll 2
Jibs_PC#8630580799960416256 roll 1
DICE 2 1 1 0 3 
Jibs_PC#8630580799960416256 retreat
Jibs_PC#8630580799960416256 attack 2 6
Jibs_PC#8630580799960416256 roll 2
Jibs_PC#8630580799960416256 roll 2
DICE 2 2 3 0 4 3 
Jibs_PC#8630580799960416256 endattack
Jibs_PC#8630580799960416256 movearmies 42 40 4
CARD 
Jibs_PC#8630580799960416256 placearmies 21 3
Jibs_PC#8630580799960416256 attack 21 20
Jibs_PC#8630580799960416256 roll 3
Jibs_PC#8630580799960416256 roll 1
DICE 3 1 3 1 1 1 
Jibs_PC#8630580799960416256 move 4
Jibs_PC#8630580799960416256 attack 20 22
Jibs_PC#8630580799960416256 roll 3
Jibs_PC#8630580799960416256 roll 1
DICE 3 1 4 3 0 1 
Jibs_PC#8630580799960416256 endattack
Jibs_PC#8630580799960416256 nomove
CARD 20
Jibs_PC#8630580799960416256 placearmies 16 1
Jibs_PC#8630580799960416256 placearmies 12 2
Jibs_PC#8630580799960416256 attack 16 20
Jibs_PC#8630580799960416256 roll 3
Jibs_PC#8630580799960416256 roll 1
DICE 3 1 1 1 0 0 
Jibs_PC#8630580799960416256 move 3
Jibs_PC#8630580799960416256 attack 12 13
Jibs_PC#8630580799960416256 roll 3
Jibs_PC#8630580799960416256 roll 1
DICE 3 1 3 1 0 3 
Jibs_PC#8630580799960416256 roll 2
Jibs_PC#8630580799960416256 roll 1
DICE 2 1 3 2 3 
Jibs_PC#8630580799960416256 retreat
Jibs_PC#8630580799960416256 endattack
Jibs_PC#8630580799960416256 nomove
CARD 2
Jibs_PC#8630580799960416256 placearmies 33 3
Jibs_PC#8630580799960416256 placearmies 31 6
Jibs_PC#8630580799960416256 attack 31 22
Jibs_PC#8630580799960416256 roll 3
Jibs_PC#8630580799960416256 roll 2
DICE 3 2 3 1 0 3 2 
Jibs_PC#8630580799960416256 roll 3
Jibs_PC#8630580799960416256 roll 2
DICE 3 2 1 0 0 2 2 
Jibs_PC#8630580799960416256 retreat
Jibs_PC#8630580799960416256 attack 31 16
Jibs_PC#8630580799960416256 roll 3
Jibs_PC#8630580799960416256 roll 2
DICE 3 2 5 4 0 5 2 
Jibs_PC#8630580799960416256 roll 2
Jibs_PC#8630580799960416256 roll 1
DICE 2 1 4 1 0 
Jibs_PC#8630580799960416256 attack 33 32
Jibs_PC#8630580799960416256 roll 3
Jibs_PC#8630580799960416256 roll 1
DICE 3 1 5 5 0 0 
Jibs_PC#8630580799960416256 move 3
Jibs_PC#8630580799960416256 endattack
Jibs_PC#8630580799960416256 movearmies 9 7 1
CARD 5
Jibs_PC#8630580799960416256 placearmies 22 2
Jibs_PC#8630580799960416256 placearmies 21 1
Jibs_PC#8630580799960416256 placearmies 21 1
Jibs_PC#8630580799960416256 placearmies 21 2
Jibs_PC#8630580799960416256 attack 22 31
Jibs_PC#8630580799960416256 roll 3
Jibs_PC#8630580799960416256 roll 1
DICE 3 1 4 0 0 0 
Jibs_PC#8630580799960416256 move 3
Jibs_PC#8630580799960416256 attack 21 12
Jibs_PC#8630580799960416256 roll 3
Jibs_PC#8630580799960416256 roll 2
DICE 3 2 5 5 0 5 0 
Jibs_PC#8630580799960416256 roll 3
Jibs_PC#8630580799960416256 roll 1
DICE 3 1 5 4 3 2 
Jibs_PC#8630580799960416256 endattack
Jibs_PC#8630580799960416256 movearmies 31 22 2
CARD wildcard
Jibs_PC#8630580799960416256 placearmies 20 1
Jibs_PC#8630580799960416256 placearmies 20 2
Jibs_PC#8630580799960416256 attack 20 16
Jibs_PC#8630580799960416256 roll 3
Jibs_PC#8630580799960416256 roll 2
DICE 3 2 2 1 1 4 1 
Jibs_PC#8630580799960416256 roll 3
Jibs_PC#8630580799960416256 roll 2
DICE 3 2 5 3 2 4 1 
Jibs_PC#8630580799960416256 endattack
Jibs_PC#8630580799960416256 nomove
CARD 12
Jibs_PC#8630580799960416256 placearmies 32 2
Jibs_PC#8630580799960416256 placearmies 30 1
Jibs_PC#8630580799960416256 placearmies 4 1
Jibs_PC#8630580799960416256 placearmies 28 1
Jibs_PC#8630580799960416256 placearmies 2 1
Jibs_PC#8630580799960416256 placearmies 30 1
Jibs_PC#8630580799960416256 placearmies 28 1
Jibs_PC#8630580799960416256 placearmies 32 1
Jibs_PC#8630580799960416256 attack 32 31
Jibs_PC#8630580799960416256 roll 3
Jibs_PC#8630580799960416256 roll 1
DICE 3 1 3 2 2 0 
Jibs_PC#8630580799960416256 move 5
Jibs_PC#8630580799960416256 attack 31 20
Jibs_PC#8630580799960416256 roll 3
Jibs_PC#8630580799960416256 roll 1
DICE 3 1 5 2 1 1 
Jibs_PC#8630580799960416256 move 3
Jibs_PC#8630580799960416256 attack 20 21
Jibs_PC#8630580799960416256 roll 2
Jibs_PC#8630580799960416256 roll 1
DICE 2 1 2 1 5 
Jibs_PC#8630580799960416256 retreat
Jibs_PC#8630580799960416256 endattack
Jibs_PC#8630580799960416256 movearmies 20 31 1
CARD 16
Jibs_PC#8630580799960416256 trade 4 20 wildcard
Jibs_PC#8630580799960416256 placearmies 22 16
Jibs_PC#8630580799960416256 placearmies 22 3
Jibs_PC#8630580799960416256 attack 22 31
Jibs_PC#8630580799960416256 roll 3
Jibs_PC#8630580799960416256 roll 2
DICE 3 2 2 1 0 2 2 
Jibs_PC#8630580799960416256 roll 3
Jibs_PC#8630580799960416256 roll 2
DICE 3 2 4 2 0 2 0 
Jibs_PC#8630580799960416256 roll 3
Jibs_PC#8630580799960416256 roll 1
DICE 3 1 3 2 0 1 
Jibs_PC#8630580799960416256 move 19
Jibs_PC#8630580799960416256 attack 31 32
Jibs_PC#8630580799960416256 roll 3
Jibs_PC#8630580799960416256 roll 1
DICE 3 1 5 5 4 4 
Jibs_PC#8630580799960416256 move 18
Jibs_PC#8630580799960416256 attack 32 33
Jibs_PC#8630580799960416256 roll 3
Jibs_PC#8630580799960416256 roll 2
DICE 3 2 5 3 2 5 2 
Jibs_PC#8630580799960416256 roll 3
Jibs_PC#8630580799960416256 roll 1
DICE 3 1 5 2 0 2 
Jibs_PC#8630580799960416256 move 16
Jibs_PC#8630580799960416256 attack 33 39
Jibs_PC#8630580799960416256 roll 3
Jibs_PC#8630580799960416256 roll 1
DICE 3 1 2 0 0 3 
Jibs_PC#8630580799960416256 roll 3
Jibs_PC#8630580799960416256 roll 1
DICE 3 1 5 2 1 2 
Jibs_PC#8630580799960416256 move 14
Jibs_PC#8630580799960416256 attack 39 41
Jibs_PC#8630580799960416256 roll 3
Jibs_PC#8630580799960416256 roll 2
DICE 3 2 4 2 2 3 0 
Jibs_PC#8630580799960416256 roll 3
Jibs_PC#8630580799960416256 roll 1
DICE 3 1 5 2 0 0 
Jibs_PC#8630580799960416256 move 13
Jibs_PC#8630580799960416256 attack 41 42
Jibs_PC#8630580799960416256 roll 3
Jibs_PC#8630580799960416256 roll 2
DICE 3 2 5 3 2 2 2 
Jibs_PC#8630580799960416256 move 12
Jibs_PC#8630580799960416256 attack 42 40
Jibs_PC#8630580799960416256 roll 3
Jibs_PC#8630580799960416256 roll 2
DICE 3 2 5 2 1 5 1 
Jibs_PC#8630580799960416256 roll 3
Jibs_PC#8630580799960416256 roll 2
DICE 3 2 2 2 2 4 2 
Jibs_PC#8630580799960416256 roll 3
Jibs_PC#8630580799960416256 roll 2
DICE 3 2 3 3 0 2 0 
Jibs_PC#8630580799960416256 roll 3
Jibs_PC#8630580799960416256 roll 2
DICE 3 2 2 2 0 4 4 
Jibs_PC#8630580799960416256 roll 3
Jibs_PC#8630580799960416256 roll 2
DICE 3 2 4 1 0 5 2 
Jibs_PC#8630580799960416256 roll 3
Jibs_PC#8630580799960416256 roll 2
DICE 3 2 4 3 2 5 4 
Jibs_PC#8630580799960416256 retreat
Jibs_PC#8630580799960416256 endattack
Jibs_PC#8630580799960416256 movearmies 12 21 2
CARD 14
Jibs_PC#8630580799960416256 trade 25 2 12
Jibs_PC#8630580799960416256 placearmies 16 1
Jibs_PC#8630580799960416256 placearmies 19 10
Jibs_PC#8630580799960416256 attack 19 21
Jibs_PC#8630580799960416256 roll 3
Jibs_PC#8630580799960416256 roll 2
DICE 3 2 5 3 1 4 0 
Jibs_PC#8630580799960416256 roll 3
Jibs_PC#8630580799960416256 roll 1
DICE 3 1 1 1 0 4 
Jibs_PC#8630580799960416256 roll 3
Jibs_PC#8630580799960416256 roll 1
DICE 3 1 3 1 0 5 
Jibs_PC#8630580799960416256 roll 3
Jibs_PC#8630580799960416256 roll 1
DICE 3 1 4 1 1 0 
Jibs_PC#8630580799960416256 move 8
Jibs_PC#8630580799960416256 attack 21 12
Jibs_PC#8630580799960416256 roll 3
Jibs_PC#8630580799960416256 roll 1
DICE 3 1 4 3 0 1 
Jibs_PC#8630580799960416256 move 7
Jibs_PC#8630580799960416256 attack 12 13
Jibs_PC#8630580799960416256 roll 3
Jibs_PC#8630580799960416256 roll 1
DICE 3 1 5 5 1 2 
Jibs_PC#8630580799960416256 move 6
Jibs_PC#8630580799960416256 attack 13 11
Jibs_PC#8630580799960416256 roll 3
Jibs_PC#8630580799960416256 roll 1
DICE 3 1 4 3 1 5 
Jibs_PC#8630580799960416256 roll 3
Jibs_PC#8630580799960416256 roll 1
DICE 3 1 5 2 0 5 
Jibs_PC#8630580799960416256 roll 3
Jibs_PC#8630580799960416256 roll 1
DICE 3 1 5 4 3 4 
Jibs_PC#8630580799960416256 attack 11 10
Jibs_PC#8630580799960416256 roll 2
Jibs_PC#8630580799960416256 roll 1
DICE 2 1 2 1 5 
Jibs_PC#8630580799960416256 retreat
Jibs_PC#8630580799960416256 attack 16 20
Jibs_PC#8630580799960416256 roll 3
Jibs_PC#8630580799960416256 roll 1
DICE 3 1 4 3 0 0 
Jibs_PC#8630580799960416256 endattack
Jibs_PC#8630580799960416256 nomove
CARD 17
Jibs_PC#8630580799960416256 trade 13 5 16
Jibs_PC#8630580799960416256 placearmies 40 4
Jibs_PC#8630580799960416256 placearmies 40 3
Jibs_PC#8630580799960416256 placearmies 7 4
Jibs_PC#8630580799960416256 placearmies 40 3
Jibs_PC#8630580799960416256 placearmies 28 1
Jibs_PC#8630580799960416256 attack 30 16
Jibs_PC#8630580799960416256 roll 2
Jibs_PC#8630580799960416256 roll 1
DICE 2 1 5 0 5 
Jibs_PC#8630580799960416256 retreat
Jibs_PC#8630580799960416256 attack 28 16
Jibs_PC#8630580799960416256 roll 3
Jibs_PC#8630580799960416256 roll 1
DICE 3 1 4 3 0 1 
Jibs_PC#8630580799960416256 attack 40 41
Jibs_PC#8630580799960416256 roll 3
Jibs_PC#8630580799960416256 roll 1
DICE 3 1 4 3 0 3 
Jibs_PC#8630580799960416256 move 13
Jibs_PC#8630580799960416256 attack 41 39
Jibs_PC#8630580799960416256 roll 3
Jibs_PC#8630580799960416256 roll 1
DICE 3 1 3 1 1 2 
Jibs_PC#8630580799960416256 move 12
Jibs_PC#8630580799960416256 attack 7 6
Jibs_PC#8630580799960416256 roll 3
Jibs_PC#8630580799960416256 roll 2
DICE 3 2 5 0 0 3 1 
Jibs_PC#8630580799960416256 roll 3
Jibs_PC#8630580799960416256 roll 1
DICE 3 1 3 2 2 2 
Jibs_PC#8630580799960416256 move 4
Jibs_PC#8630580799960416256 attack 39 33
Jibs_PC#8630580799960416256 roll 3
Jibs_PC#8630580799960416256 roll 1
DICE 3 1 3 0 0 4 
Jibs_PC#8630580799960416256 roll 3
Jibs_PC#8630580799960416256 roll 1
DICE 3 1 3 2 1 1 
Jibs_PC#8630580799960416256 move 10
Jibs_PC#8630580799960416256 attack 33 32
Jibs_PC#8630580799960416256 roll 3
Jibs_PC#8630580799960416256 roll 1
DICE 3 1 5 0 0 2 
Jibs_PC#8630580799960416256 move 9
Jibs_PC#8630580799960416256 attack 32 31
Jibs_PC#8630580799960416256 roll 3
Jibs_PC#8630580799960416256 roll 1
DICE 3 1 4 2 0 5 
Jibs_PC#8630580799960416256 roll 3
Jibs_PC#8630580799960416256 roll 1
DICE 3 1 5 5 4 2 
Jibs_PC#8630580799960416256 move 7
Jibs_PC#8630580799960416256 attack 31 22
Jibs_PC#8630580799960416256 roll 3
Jibs_PC#8630580799960416256 roll 2
DICE 3 2 3 2 0 4 0 
Jibs_PC#8630580799960416256 roll 3
Jibs_PC#8630580799960416256 roll 1
DICE 3 1 5 4 1 5 
Jibs_PC#8630580799960416256 roll 3
Jibs_PC#8630580799960416256 roll 1
DICE 3 1 5 4 0 2 
Jibs_PC#8630580799960416256 move 3
Jibs_PC#8630580799960416256 endattack
Jibs_PC#8630580799960416256 movearmies 22 31 2
CARD 27
Jibs_PC#8630580799960416256 placearmies 42 1
Jibs_PC#8630580799960416256 placearmies 42 1
Jibs_PC#8630580799960416256 placearmies 24 1
Jibs_PC#8630580799960416256 attack 42 40
Jibs_PC#8630580799960416256 roll 3
Jibs_PC#8630580799960416256 roll 1
DICE 3 1 4 2 1 0 
Jibs_PC#8630580799960416256 move 4
Jibs_PC#8630580799960416256 attack 40 41
Jibs_PC#8630580799960416256 roll 3
Jibs_PC#8630580799960416256 roll 1
DICE 3 1 4 3 0 1 
Jibs_PC#8630580799960416256 endattack
Jibs_PC#8630580799960416256 nomove
CARD 6
Jibs_PC#8630580799960416256 placearmies 11 3
Jibs_PC#8630580799960416256 attack 11 10
Jibs_PC#8630580799960416256 roll 3
Jibs_PC#8630580799960416256 roll 1
DICE 3 1 5 2 0 1 
Jibs_PC#8630580799960416256 move 4
Jibs_PC#8630580799960416256 endattack
Jibs_PC#8630580799960416256 movearmies 20 21 2
CARD 39
Jibs_PC#8630580799960416256 placearmies 4 4
Jibs_PC#8630580799960416256 placearmies 39 1
Jibs_PC#8630580799960416256 placearmies 9 1
Jibs_PC#8630580799960416256 placearmies 39 1
Jibs_PC#8630580799960416256 placearmies 39 7
Jibs_PC#8630580799960416256 attack 4 5
Jibs_PC#8630580799960416256 roll 3
Jibs_PC#8630580799960416256 roll 2
DICE 3 2 5 4 4 3 1 
Jibs_PC#8630580799960416256 move 5
Jibs_PC#8630580799960416256 attack 39 40
Jibs_PC#8630580799960416256 roll 3
Jibs_PC#8630580799960416256 roll 1
DICE 3 1 5 3 2 2 
Jibs_PC#8630580799960416256 move 8
Jibs_PC#8630580799960416256 attack 40 42
Jibs_PC#8630580799960416256 roll 3
Jibs_PC#8630580799960416256 roll 1
DICE 3 1 5 5 2 3 
Jibs_PC#8630580799960416256 move 7
Jibs_PC#8630580799960416256 attack 42 41
Jibs_PC#8630580799960416256 roll 3
Jibs_PC#8630580799960416256 roll 2
DICE 3 2 1 1 1 1 0 
Jibs_PC#8630580799960416256 roll 3
Jibs_PC#8630580799960416256 roll 2
DICE 3 2 4 1 1 4 1 
Jibs_PC#8630580799960416256 roll 3
Jibs_PC#8630580799960416256 roll 2
DICE 3 2 3 2 0 5 0 
Jibs_PC#8630580799960416256 roll 2
Jibs_PC#8630580799960416256 roll 1
DICE 2 1 1 1 1 
Jibs_PC#8630580799960416256 retreat
Jibs_PC#8630580799960416256 attack 5 10
Jibs_PC#8630580799960416256 roll 3
Jibs_PC#8630580799960416256 roll 2
DICE 3 2 5 4 3 4 2 
Jibs_PC#8630580799960416256 roll 3
Jibs_PC#8630580799960416256 roll 2
DICE 3 2 5 4 0 4 1 
Jibs_PC#8630580799960416256 move 4
Jibs_PC#8630580799960416256 endattack
Jibs_PC#8630580799960416256 movearmies 2 6 1
CARD 18
Jibs_PC#8630580799960416256 placearmies 24 2
Jibs_PC#8630580799960416256 placearmies 24 1
Jibs_PC#8630580799960416256 attack 24 21
Jibs_PC#8630580799960416256 roll 3
Jibs_PC#8630580799960416256 roll 2
DICE 3 2 5 3 2 5 1 
Jibs_PC#8630580799960416256 roll 3
Jibs_PC#8630580799960416256 roll 2
DICE 3 2 3 2 2 5 2 
Jibs_PC#8630580799960416256 retreat
Jibs_PC#8630580799960416256 endattack
Jibs_PC#8630580799960416256 nomove
CARD 
Jibs_PC#8630580799960416256 placearmies 21 2
Jibs_PC#8630580799960416256 placearmies 21 1
Jibs_PC#8630580799960416256 attack 21 23
Jibs_PC#8630580799960416256 roll 3
Jibs_PC#8630580799960416256 roll 1
DICE 3 1 1 1 0 5 
Jibs_PC#8630580799960416256 roll 3
Jibs_PC#8630580799960416256 roll 1
DICE 3 1 5 1 0 4 
Jibs_PC#8630580799960416256 endattack
Jibs_PC#8630580799960416256 nomove
CARD 1
Jibs_PC#8630580799960416256 placearmies 39 3
Jibs_PC#8630580799960416256 placearmies 10 7
Jibs_PC#8630580799960416256 placearmies 10 6
Jibs_PC#8630580799960416256 placearmies 10 4
Jibs_PC#8630580799960416256 placearmies 39 1
Jibs_PC#8630580799960416256 attack 39 41
Jibs_PC#8630580799960416256 roll 3
Jibs_PC#8630580799960416256 roll 1
DICE 3 1 3 1 1 2 
Jibs_PC#8630580799960416256 move 3
Jibs_PC#8630580799960416256 attack 10 12
Jibs_PC#8630580799960416256 roll 3
Jibs_PC#8630580799960416256 roll 1
DICE 3 1 2 2 1 2 
Jibs_PC#8630580799960416256 roll 3
Jibs_PC#8630580799960416256 roll 1
DICE 3 1 4 3 1 3 
Jibs_PC#8630580799960416256 move 18
Jibs_PC#8630580799960416256 attack 12 13
Jibs_PC#8630580799960416256 roll 3
Jibs_PC#8630580799960416256 roll 1
DICE 3 1 1 1 0 1 
Jibs_PC#8630580799960416256 roll 3
Jibs_PC#8630580799960416256 roll 1
DICE 3 1 5 4 2 3 
Jibs_PC#8630580799960416256 move 5
Jibs_PC#8630580799960416256 attack 12 11
Jibs_PC#8630580799960416256 roll 3
Jibs_PC#8630580799960416256 roll 1
DICE 3 1 3 2 2 3 
Jibs_PC#8630580799960416256 roll 3
Jibs_PC#8630580799960416256 roll 1
DICE 3 1 4 2 0 3 
Jibs_PC#8630580799960416256 move 3
Jibs_PC#8630580799960416256 attack 12 21
Jibs_PC#8630580799960416256 roll 3
Jibs_PC#8630580799960416256 roll 1
DICE 3 1 3 3 2 2 
Jibs_PC#8630580799960416256 move 7
Jibs_PC#8630580799960416256 attack 21 23
Jibs_PC#8630580799960416256 roll 3
Jibs_PC#8630580799960416256 roll 2
DICE 3 2 5 4 2 5 4 
Jibs_PC#8630580799960416256 roll 3
Jibs_PC#8630580799960416256 roll 2
DICE 3 2 5 5 4 1 0 
Jibs_PC#8630580799960416256 roll 3
Jibs_PC#8630580799960416256 roll 1
DICE 3 1 5 5 2 1 
Jibs_PC#8630580799960416256 move 3
Jibs_PC#8630580799960416256 attack 23 25
Jibs_PC#8630580799960416256 roll 2
Jibs_PC#8630580799960416256 roll 1
DICE 2 1 3 0 5 
Jibs_PC#8630580799960416256 retreat
Jibs_PC#8630580799960416256 attack 16 20
Jibs_PC#8630580799960416256 roll 2
Jibs_PC#8630580799960416256 roll 1
DICE 2 1 5 4 0 
Jibs_PC#8630580799960416256 attack 6 14
Jibs_PC#8630580799960416256 roll 3
Jibs_PC#8630580799960416256 roll 2
DICE 3 2 5 4 0 5 3 
Jibs_PC#8630580799960416256 roll 3
Jibs_PC#8630580799960416256 roll 1
DICE 3 1 3 0 0 4 
Jibs_PC#8630580799960416256 roll 2
Jibs_PC#8630580799960416256 roll 1
DICE 2 1 4 0 3 
Jibs_PC#8630580799960416256 endattack
Jibs_PC#8630580799960416256 movearmies 23 21 1
CARD 19
Jibs_PC#8630580799960416256 placearmies 24 2
Jibs_PC#8630580799960416256 placearmies 24 1
Jibs_PC#8630580799960416256 attack 24 21
Jibs_PC#8630580799960416256 roll 3
Jibs_PC#8630580799960416256 roll 2
DICE 3 2 2 1 1 2 1 
Jibs_PC#8630580799960416256 retreat
Jibs_PC#8630580799960416256 attack 24 22
Jibs_PC#8630580799960416256 roll 2
Jibs_PC#8630580799960416256 roll 1
DICE 2 1 5 4 0 
Jibs_PC#8630580799960416256 endattack
Jibs_PC#8630580799960416256 nomove
CARD 36
Jibs_PC#8630580799960416256 placearmies 18 3
Jibs_PC#8630580799960416256 attack 18 16
Jibs_PC#8630580799960416256 roll 3
Jibs_PC#8630580799960416256 roll 1
DICE 3 1 5 4 3 0 
Jibs_PC#8630580799960416256 attack 16 28
Jibs_PC#8630580799960416256 roll 2
Jibs_PC#8630580799960416256 roll 1
DICE 2 1 1 1 0 
Jibs_PC#8630580799960416256 endattack
Jibs_PC#8630580799960416256 nomove
CARD 34
Jibs_PC#8630580799960416256 trade 27 18 19
Jibs_PC#8630580799960416256 placearmies 21 6
Jibs_PC#8630580799960416256 placearmies 21 12
Jibs_PC#8630580799960416256 placearmies 29 1
Jibs_PC#8630580799960416256 placearmies 21 10
Jibs_PC#8630580799960416256 attack 21 19
Jibs_PC#8630580799960416256 roll 3
Jibs_PC#8630580799960416256 roll 1
DICE 3 1 5 3 0 5 
Jibs_PC#8630580799960416256 roll 3
Jibs_PC#8630580799960416256 roll 1
DICE 3 1 5 5 3 5 
Jibs_PC#8630580799960416256 roll 3
Jibs_PC#8630580799960416256 roll 1
DICE 3 1 4 3 1 5 
Jibs_PC#8630580799960416256 roll 3
Jibs_PC#8630580799960416256 roll 1
DICE 3 1 3 2 2 2 
Jibs_PC#8630580799960416256 move 22
Jibs_PC#8630580799960416256 attack 19 18
Jibs_PC#8630580799960416256 roll 3
Jibs_PC#8630580799960416256 roll 1
DICE 3 1 4 4 1 4 
Jibs_PC#8630580799960416256 roll 3
Jibs_PC#8630580799960416256 roll 1
DICE 3 1 4 1 1 2 
Jibs_PC#8630580799960416256 move 18
Jibs_PC#8630580799960416256 attack 18 16
Jibs_PC#8630580799960416256 roll 3
Jibs_PC#8630580799960416256 roll 1
DICE 3 1 4 2 1 5 
Jibs_PC#8630580799960416256 roll 3
Jibs_PC#8630580799960416256 roll 1
DICE 3 1 1 1 1 0 
Jibs_PC#8630580799960416256 move 14
Jibs_PC#8630580799960416256 attack 18 15
Jibs_PC#8630580799960416256 roll 2
Jibs_PC#8630580799960416256 roll 1
DICE 2 1 5 1 3 
Jibs_PC#8630580799960416256 attack 19 17
Jibs_PC#8630580799960416256 roll 2
Jibs_PC#8630580799960416256 roll 1
DICE 2 1 5 4 3 
Jibs_PC#8630580799960416256 attack 16 28
Jibs_PC#8630580799960416256 roll 3
Jibs_PC#8630580799960416256 roll 2
DICE 3 2 4 3 0 3 2 
Jibs_PC#8630580799960416256 move 3
Jibs_PC#8630580799960416256 attack 31 22
Jibs_PC#8630580799960416256 roll 3
Jibs_PC#8630580799960416256 roll 2
DICE 3 2 5 3 2 4 3 
Jibs_PC#8630580799960416256 roll 2
Jibs_PC#8630580799960416256 roll 1
DICE 2 1 2 2 4 
Jibs_PC#8630580799960416256 retreat
Jibs_PC#8630580799960416256 attack 21 24
Jibs_PC#8630580799960416256 roll 3
Jibs_PC#8630580799960416256 roll 1
DICE 3 1 5 2 0 2 
Jibs_PC#8630580799960416256 move 4
Jibs_PC#8630580799960416256 attack 24 26
Jibs_PC#8630580799960416256 roll 3
Jibs_PC#8630580799960416256 roll 1
DICE 3 1 5 2 1 1 
Jibs_PC#8630580799960416256 attack 26 25
Jibs_PC#8630580799960416256 roll 2
Jibs_PC#8630580799960416256 roll 1
DICE 2 1 1 1 3 
Jibs_PC#8630580799960416256 retreat
Jibs_PC#8630580799960416256 endattack
Jibs_PC#8630580799960416256 movearmies 30 31 1
CARD 9
Jibs_PC#8630580799960416256 trade 30 6 36
Jibs_PC#8630580799960416256 placearmies 25 12
Jibs_PC#8630580799960416256 placearmies 25 1
Jibs_PC#8630580799960416256 attack 25 23
Jibs_PC#8630580799960416256 roll 3
Jibs_PC#8630580799960416256 roll 1
DICE 3 1 5 1 0 4 
Jibs_PC#8630580799960416256 move 13
Jibs_PC#8630580799960416256 attack 23 21
Jibs_PC#8630580799960416256 roll 3
Jibs_PC#8630580799960416256 roll 2
DICE 3 2 4 2 2 5 4 
Jibs_PC#8630580799960416256 roll 3
Jibs_PC#8630580799960416256 roll 2
DICE 3 2 3 1 0 2 0 
Jibs_PC#8630580799960416256 move 10
Jibs_PC#8630580799960416256 attack 21 12
Jibs_PC#8630580799960416256 roll 3
Jibs_PC#8630580799960416256 roll 1
DICE 3 1 5 5 1 0 
Jibs_PC#8630580799960416256 move 9
Jibs_PC#8630580799960416256 attack 12 10
Jibs_PC#8630580799960416256 roll 3
Jibs_PC#8630580799960416256 roll 2
DICE 3 2 3 3 3 5 5 
Jibs_PC#8630580799960416256 roll 3
Jibs_PC#8630580799960416256 roll 2
DICE 3 2 5 2 2 5 0 
Jibs_PC#8630580799960416256 roll 3
Jibs_PC#8630580799960416256 roll 1
DICE 3 1 3 2 0 1 
Jibs_PC#8630580799960416256 move 5
Jibs_PC#8630580799960416256 attack 10 5
Jibs_PC#8630580799960416256 roll 3
Jibs_PC#8630580799960416256 roll 1
DICE 3 1 4 4 0 0 
Jibs_PC#8630580799960416256 move 4
Jibs_PC#8630580799960416256 endattack
Jibs_PC#8630580799960416256 nomove
CARD 24
Jibs_PC#8630580799960416256 trade 17 1 9
Jibs_PC#8630580799960416256 placearmies 13 10
Jibs_PC#8630580799960416256 placearmies 13 1
Jibs_PC#8630580799960416256 placearmies 19 1
Jibs_PC#8630580799960416256 placearmies 4 1
Jibs_PC#8630580799960416256 placearmies 9 2
Jibs_PC#8630580799960416256 placearmies 4 2
Jibs_PC#8630580799960416256 placearmies 13 6
Jibs_PC#8630580799960416256 placearmies 13 4
Jibs_PC#8630580799960416256 placearmies 13 2
Jibs_PC#8630580799960416256 placearmies 13 2
Jibs_PC#8630580799960416256 placearmies 13 1
Jibs_PC#8630580799960416256 placearmies 13 1
Jibs_PC#8630580799960416256 placearmies 13 1
Jibs_PC#8630580799960416256 placearmies 13 1
Jibs_PC#8630580799960416256 attack 31 22
Jibs_PC#8630580799960416256 roll 2
Jibs_PC#8630580799960416256 roll 1
DICE 2 1 4 3 0 
Jibs_PC#8630580799960416256 attack 13 12
Jibs_PC#8630580799960416256 roll 3
Jibs_PC#8630580799960416256 roll 1
DICE 3 1 5 2 0 2 
Jibs_PC#8630580799960416256 move 33
Jibs_PC#8630580799960416256 attack 11 10
Jibs_PC#8630580799960416256 roll 2
Jibs_PC#8630580799960416256 roll 1
DICE 2 1 5 1 3 
Jibs_PC#8630580799960416256 attack 12 21
Jibs_PC#8630580799960416256 roll 3
Jibs_PC#8630580799960416256 roll 1
DICE 3 1 3 0 0 1 
Jibs_PC#8630580799960416256 move 32
Jibs_PC#8630580799960416256 attack 21 23
Jibs_PC#8630580799960416256 roll 3
Jibs_PC#8630580799960416256 roll 1
DICE 3 1 4 3 1 0 
Jibs_PC#8630580799960416256 move 31
Jibs_PC#8630580799960416256 attack 23 25
Jibs_PC#8630580799960416256 roll 3
Jibs_PC#8630580799960416256 roll 1
DICE 3 1 2 0 0 4 
Jibs_PC#8630580799960416256 roll 3
Jibs_PC#8630580799960416256 roll 1
DICE 3 1 5 3 0 4 
Jibs_PC#8630580799960416256 move 3
