Jibs_PC#3805395665778982912 newplayer ai hard green s0914007
Jibs_PC#3805395665778982912 newplayer ai hard blue bob
Jibs_PC#3805395665778982912 newplayer ai hard red fred
Jibs_PC#3805395665778982912 newplayer ai hard cyan ted
Jibs_PC#3805395665778982912 newplayer ai hard magenta yura
Jibs_PC#3805395665778982912 newplayer ai hard yellow lala
Jibs_PC#3805395665778982912 startgame mission fixed autoplaceall recycle
PLAYER fred
MISSION 2 3 0 1 0 0
PLACEALL 11 7 19 21 10 13 17 41 2 3 29 20 34 26 25 33 31 4 37 12 36 27 40 1 6 5 9 15 28 32 35 30 24 23 8 14 39 42 18 22 16 38
Jibs_PC#3805395665778982912 placearmies 11 1
CARD 
Jibs_PC#3805395665778982912 placearmies 12 1
CARD 
Jibs_PC#3805395665778982912 placearmies 36 1
CARD 
Jibs_PC#3805395665778982912 placearmies 3 1
CARD 
Jibs_PC#3805395665778982912 placearmies 29 1
CARD 
Jibs_PC#3805395665778982912 placearmies 32 1
CARD 
Jibs_PC#3805395665778982912 placearmies 11 1
CARD 
Jibs_PC#3805395665778982912 placearmies 12 1
CARD 
Jibs_PC#3805395665778982912 placearmies 19 1
CARD 
Jibs_PC#3805395665778982912 placearmies 3 1
CARD 
Jibs_PC#3805395665778982912 placearmies 40 1
CARD 
Jibs_PC#3805395665778982912 placearmies 32 1
CARD 
Jibs_PC#3805395665778982912 placearmies 11 1
CARD 
Jibs_PC#3805395665778982912 placearmies 12 1
CARD 
Jibs_PC#3805395665778982912 placearmies 19 1
CARD 
Jibs_PC#3805395665778982912 placearmies 3 1
CARD 
Jibs_PC#3805395665778982912 placearmies 40 1
CARD 
Jibs_PC#3805395665778982912 placearmies 32 1
CARD 
Jibs_PC#3805395665778982912 placearmies 11 1
CARD 
Jibs_PC#3805395665778982912 placearmies 12 1
CARD 
Jibs_PC#3805395665778982912 placearmies 19 1
CARD 
Jibs_PC#3805395665778982912 placearmies 3 1
CARD 
Jibs_PC#3805395665778982912 placearmies 40 1
CARD 
Jibs_PC#3805395665778982912 placearmies 32 1
CARD 
Jibs_PC#3805395665778982912 placearmies 11 1
CARD 
Jibs_PC#3805395665778982912 placearmies 12 1
CARD 
Jibs_PC#3805395665778982912 placearmies 19 1
CARD 
Jibs_PC#3805395665778982912 placearmies 3 1
CARD 
Jibs_PC#3805395665778982912 placearmies 40 1
CARD 
Jibs_PC#3805395665778982912 placearmies 32 1
CARD 
Jibs_PC#3805395665778982912 placearmies 11 1
CARD 
Jibs_PC#3805395665778982912 placearmies 12 1
CARD 
Jibs_PC#3805395665778982912 placearmies 19 1
CARD 
Jibs_PC#3805395665778982912 placearmies 3 1
CARD 
Jibs_PC#3805395665778982912 placearmies 40 1
CARD 
Jibs_PC#3805395665778982912 placearmies 32 1
CARD 
Jibs_PC#3805395665778982912 placearmies 11 1
CARD 
Jibs_PC#3805395665778982912 placearmies 41 1
CARD 
Jibs_PC#3805395665778982912 placearmies 19 1
CARD 
Jibs_PC#3805395665778982912 placearmies 3 1
CARD 
Jibs_PC#3805395665778982912 placearmies 40 1
CARD 
Jibs_PC#3805395665778982912 placearmies 32 1
CARD 
Jibs_PC#3805395665778982912 placearmies 11 1
CARD 
Jibs_PC#3805395665778982912 placearmies 41 1
CARD 
Jibs_PC#3805395665778982912 placearmies 19 1
CARD 
Jibs_PC#3805395665778982912 placearmies 3 1
CARD 
Jibs_PC#3805395665778982912 placearmies 40 1
CARD 
Jibs_PC#3805395665778982912 placearmies 32 1
CARD 
Jibs_PC#3805395665778982912 placearmies 11 1
CARD 
Jibs_PC#3805395665778982912 placearmies 41 1
CARD 
Jibs_PC#3805395665778982912 placearmies 19 1
CARD 
Jibs_PC#3805395665778982912 placearmies 3 1
CARD 
Jibs_PC#3805395665778982912 placearmies 40 1
CARD 
Jibs_PC#3805395665778982912 placearmies 32 1
CARD 
Jibs_PC#3805395665778982912 placearmies 11 1
CARD 
Jibs_PC#3805395665778982912 placearmies 41 1
CARD 
Jibs_PC#3805395665778982912 placearmies 19 1
CARD 
Jibs_PC#3805395665778982912 placearmies 3 1
CARD 
Jibs_PC#3805395665778982912 placearmies 40 1
CARD 
Jibs_PC#3805395665778982912 placearmies 32 1
CARD 
Jibs_PC#3805395665778982912 placearmies 11 1
CARD 
Jibs_PC#3805395665778982912 placearmies 12 1
CARD 
Jibs_PC#3805395665778982912 placearmies 19 1
CARD 
Jibs_PC#3805395665778982912 placearmies 23 1
CARD 
Jibs_PC#3805395665778982912 placearmies 40 1
CARD 
Jibs_PC#3805395665778982912 placearmies 32 1
CARD 
Jibs_PC#3805395665778982912 placearmies 35 1
CARD 
Jibs_PC#3805395665778982912 placearmies 12 1
CARD 
Jibs_PC#3805395665778982912 placearmies 19 1
CARD 
Jibs_PC#3805395665778982912 placearmies 23 1
CARD 
Jibs_PC#3805395665778982912 placearmies 40 1
CARD 
Jibs_PC#3805395665778982912 placearmies 32 1
CARD 
Jibs_PC#3805395665778982912 placearmies 35 1
CARD 
Jibs_PC#3805395665778982912 placearmies 12 1
CARD 
Jibs_PC#3805395665778982912 placearmies 19 1
CARD 
Jibs_PC#3805395665778982912 placearmies 23 1
CARD 
Jibs_PC#3805395665778982912 placearmies 40 1
CARD 
Jibs_PC#3805395665778982912 placearmies 32 1
CARD 
Jibs_PC#3805395665778982912 placearmies 35 2
Jibs_PC#3805395665778982912 placearmies 39 1
Jibs_PC#3805395665778982912 attack 11 12
Jibs_PC#3805395665778982912 roll 3
Jibs_PC#3805395665778982912 roll 2
DICE 3 2 3 3 2 1 0 
Jibs_PC#3805395665778982912 roll 3
Jibs_PC#3805395665778982912 roll 2
DICE 3 2 4 1 1 3 1 
Jibs_PC#3805395665778982912 roll 3
Jibs_PC#3805395665778982912 roll 2
DICE 3 2 3 2 1 4 4 
Jibs_PC#3805395665778982912 roll 3
Jibs_PC#3805395665778982912 roll 2
DICE 3 2 4 1 0 1 0 
Jibs_PC#3805395665778982912 roll 3
Jibs_PC#3805395665778982912 roll 2
DICE 3 2 3 3 1 1 0 
Jibs_PC#3805395665778982912 roll 3
Jibs_PC#3805395665778982912 roll 2
DICE 3 2 2 1 0 2 1 
Jibs_PC#3805395665778982912 roll 3
Jibs_PC#3805395665778982912 roll 2
DICE 3 2 3 3 2 3 3 
Jibs_PC#3805395665778982912 roll 3
Jibs_PC#3805395665778982912 roll 2
DICE 3 2 4 3 2 5 3 
Jibs_PC#3805395665778982912 retreat
Jibs_PC#3805395665778982912 attack 11 10
Jibs_PC#3805395665778982912 roll 2
Jibs_PC#3805395665778982912 roll 1
DICE 2 1 5 3 0 
Jibs_PC#3805395665778982912 endattack
Jibs_PC#3805395665778982912 nomove
CARD 23
Jibs_PC#3805395665778982912 placearmies 12 2
Jibs_PC#3805395665778982912 placearmies 41 1
Jibs_PC#3805395665778982912 attack 12 10
Jibs_PC#3805395665778982912 roll 3
Jibs_PC#3805395665778982912 roll 2
DICE 3 2 5 4 2 1 1 
Jibs_PC#3805395665778982912 move 4
Jibs_PC#3805395665778982912 attack 10 11
Jibs_PC#3805395665778982912 roll 3
Jibs_PC#3805395665778982912 roll 1
DICE 3 1 1 1 1 5 
Jibs_PC#3805395665778982912 roll 2
Jibs_PC#3805395665778982912 roll 1
DICE 2 1 5 5 1 
Jibs_PC#3805395665778982912 endattack
Jibs_PC#3805395665778982912 nomove
CARD 28
Jibs_PC#3805395665778982912 placearmies 19 3
Jibs_PC#3805395665778982912 attack 19 17
Jibs_PC#3805395665778982912 roll 3
Jibs_PC#3805395665778982912 roll 1
DICE 3 1 4 3 0 5 
Jibs_PC#3805395665778982912 roll 3
Jibs_PC#3805395665778982912 roll 1
DICE 3 1 5 5 4 1 
Jibs_PC#3805395665778982912 move 14
Jibs_PC#3805395665778982912 attack 17 14
Jibs_PC#3805395665778982912 roll 3
Jibs_PC#3805395665778982912 roll 1
DICE 3 1 4 3 1 4 
Jibs_PC#3805395665778982912 roll 3
Jibs_PC#3805395665778982912 roll 1
DICE 3 1 5 4 1 4 
Jibs_PC#3805395665778982912 move 12
Jibs_PC#3805395665778982912 attack 14 15
Jibs_PC#3805395665778982912 roll 3
Jibs_PC#3805395665778982912 roll 1
DICE 3 1 2 2 0 1 
Jibs_PC#3805395665778982912 move 11
Jibs_PC#3805395665778982912 attack 15 16
Jibs_PC#3805395665778982912 roll 3
Jibs_PC#3805395665778982912 roll 1
DICE 3 1 4 3 3 0 
Jibs_PC#3805395665778982912 move 10
Jibs_PC#3805395665778982912 attack 16 20
Jibs_PC#3805395665778982912 roll 3
Jibs_PC#3805395665778982912 roll 1
DICE 3 1 5 2 0 1 
Jibs_PC#3805395665778982912 move 8
Jibs_PC#3805395665778982912 attack 20 21
Jibs_PC#3805395665778982912 roll 3
Jibs_PC#3805395665778982912 roll 1
DICE 3 1 5 1 1 2 
Jibs_PC#3805395665778982912 move 6
Jibs_PC#3805395665778982912 attack 21 12
Jibs_PC#3805395665778982912 roll 3
Jibs_PC#3805395665778982912 roll 1
DICE 3 1 5 5 0 5 
Jibs_PC#3805395665778982912 roll 3
Jibs_PC#3805395665778982912 roll 1
DICE 3 1 5 3 2 2 
Jibs_PC#3805395665778982912 move 3
Jibs_PC#3805395665778982912 endattack
Jibs_PC#3805395665778982912 movearmies 12 21 2
CARD wildcard
Jibs_PC#3805395665778982912 placearmies 23 3
Jibs_PC#3805395665778982912 attack 3 2
Jibs_PC#3805395665778982912 roll 3
Jibs_PC#3805395665778982912 roll 1
DICE 3 1 4 3 2 0 
Jibs_PC#3805395665778982912 move 10
Jibs_PC#3805395665778982912 attack 2 6
Jibs_PC#3805395665778982912 roll 3
Jibs_PC#3805395665778982912 roll 1
DICE 3 1 3 1 1 2 
Jibs_PC#3805395665778982912 move 9
Jibs_PC#3805395665778982912 attack 6 14
Jibs_PC#3805395665778982912 roll 3
Jibs_PC#3805395665778982912 roll 1
DICE 3 1 5 4 1 3 
Jibs_PC#3805395665778982912 move 8
Jibs_PC#3805395665778982912 attack 23 24
Jibs_PC#3805395665778982912 roll 3
Jibs_PC#3805395665778982912 roll 1
DICE 3 1 3 1 0 2 
Jibs_PC#3805395665778982912 move 6
Jibs_PC#3805395665778982912 attack 24 21
Jibs_PC#3805395665778982912 roll 3
Jibs_PC#3805395665778982912 roll 2
DICE 3 2 3 3 1 3 2 
Jibs_PC#3805395665778982912 roll 3
Jibs_PC#3805395665778982912 roll 2
DICE 3 2 2 1 0 4 3 
Jibs_PC#3805395665778982912 retreat
Jibs_PC#3805395665778982912 endattack
Jibs_PC#3805395665778982912 nomove
CARD 35
Jibs_PC#3805395665778982912 placearmies 40 3
Jibs_PC#3805395665778982912 attack 40 41
Jibs_PC#3805395665778982912 roll 3
Jibs_PC#3805395665778982912 roll 2
DICE 3 2 2 2 1 2 2 
Jibs_PC#3805395665778982912 roll 3
Jibs_PC#3805395665778982912 roll 2
DICE 3 2 3 0 0 4 0 
Jibs_PC#3805395665778982912 roll 3
Jibs_PC#3805395665778982912 roll 2
DICE 3 2 5 2 1 5 1 
Jibs_PC#3805395665778982912 roll 3
Jibs_PC#3805395665778982912 roll 2
DICE 3 2 5 1 1 0 0 
Jibs_PC#3805395665778982912 roll 3
Jibs_PC#3805395665778982912 roll 2
DICE 3 2 5 1 0 4 4 
Jibs_PC#3805395665778982912 retreat
Jibs_PC#3805395665778982912 attack 40 39
Jibs_PC#3805395665778982912 roll 3
Jibs_PC#3805395665778982912 roll 2
DICE 3 2 3 0 0 5 2 
Jibs_PC#3805395665778982912 roll 3
Jibs_PC#3805395665778982912 roll 2
DICE 3 2 5 4 2 2 0 
Jibs_PC#3805395665778982912 move 7
Jibs_PC#3805395665778982912 attack 39 41
Jibs_PC#3805395665778982912 roll 3
Jibs_PC#3805395665778982912 roll 2
DICE 3 2 3 1 1 4 0 
Jibs_PC#3805395665778982912 roll 3
Jibs_PC#3805395665778982912 roll 1
DICE 3 1 5 1 0 0 
Jibs_PC#3805395665778982912 move 5
Jibs_PC#3805395665778982912 attack 41 42
Jibs_PC#3805395665778982912 roll 3
Jibs_PC#3805395665778982912 roll 1
DICE 3 1 1 0 0 4 
Jibs_PC#3805395665778982912 roll 3
Jibs_PC#3805395665778982912 roll 1
DICE 3 1 4 1 1 0 
Jibs_PC#3805395665778982912 endattack
Jibs_PC#3805395665778982912 movearmies 42 40 1
CARD 18
Jibs_PC#3805395665778982912 placearmies 32 1
Jibs_PC#3805395665778982912 placearmies 4 2
Jibs_PC#3805395665778982912 attack 4 3
Jibs_PC#3805395665778982912 roll 2
Jibs_PC#3805395665778982912 roll 1
DICE 2 1 2 2 1 
Jibs_PC#3805395665778982912 attack 32 33
Jibs_PC#3805395665778982912 roll 3
Jibs_PC#3805395665778982912 roll 1
DICE 3 1 5 2 0 2 
Jibs_PC#3805395665778982912 move 14
Jibs_PC#3805395665778982912 attack 33 39
Jibs_PC#3805395665778982912 roll 3
Jibs_PC#3805395665778982912 roll 1
DICE 3 1 4 3 2 5 
Jibs_PC#3805395665778982912 roll 3
Jibs_PC#3805395665778982912 roll 1
DICE 3 1 3 1 0 5 
Jibs_PC#3805395665778982912 roll 3
Jibs_PC#3805395665778982912 roll 1
DICE 3 1 3 2 1 0 
Jibs_PC#3805395665778982912 move 11
Jibs_PC#3805395665778982912 attack 39 41
Jibs_PC#3805395665778982912 roll 3
Jibs_PC#3805395665778982912 roll 1
DICE 3 1 5 4 1 5 
Jibs_PC#3805395665778982912 roll 3
Jibs_PC#3805395665778982912 roll 1
DICE 3 1 4 3 1 5 
Jibs_PC#3805395665778982912 roll 3
Jibs_PC#3805395665778982912 roll 1
DICE 3 1 3 3 2 5 
Jibs_PC#3805395665778982912 roll 3
Jibs_PC#3805395665778982912 roll 1
DICE 3 1 4 2 1 1 
Jibs_PC#3805395665778982912 move 7
Jibs_PC#3805395665778982912 attack 41 42
Jibs_PC#3805395665778982912 roll 3
Jibs_PC#3805395665778982912 roll 2
DICE 3 2 2 0 0 1 0 
Jibs_PC#3805395665778982912 roll 3
Jibs_PC#3805395665778982912 roll 1
DICE 3 1 4 3 1 2 
Jibs_PC#3805395665778982912 move 5
Jibs_PC#3805395665778982912 attack 42 40
Jibs_PC#3805395665778982912 roll 3
Jibs_PC#3805395665778982912 roll 2
DICE 3 2 5 3 0 5 1 
Jibs_PC#3805395665778982912 roll 3
Jibs_PC#3805395665778982912 roll 1
DICE 3 1 3 3 1 5 
Jibs_PC#3805395665778982912 roll 2
Jibs_PC#3805395665778982912 roll 1
DICE 2 1 3 2 3 
Jibs_PC#3805395665778982912 retreat
Jibs_PC#3805395665778982912 endattack
Jibs_PC#3805395665778982912 nomove
CARD 29
Jibs_PC#3805395665778982912 placearmies 35 3
Jibs_PC#3805395665778982912 attack 35 27
Jibs_PC#3805395665778982912 roll 3
Jibs_PC#3805395665778982912 roll 1
DICE 3 1 5 3 0 2 
Jibs_PC#3805395665778982912 move 7
Jibs_PC#3805395665778982912 endattack
Jibs_PC#3805395665778982912 nomove
CARD 9
Jibs_PC#3805395665778982912 placearmies 11 2
Jibs_PC#3805395665778982912 placearmies 11 1
Jibs_PC#3805395665778982912 attack 11 12
Jibs_PC#3805395665778982912 roll 3
Jibs_PC#3805395665778982912 roll 1
DICE 3 1 2 2 0 4 
Jibs_PC#3805395665778982912 roll 3
Jibs_PC#3805395665778982912 roll 1
DICE 3 1 5 2 0 1 
Jibs_PC#3805395665778982912 attack 12 13
Jibs_PC#3805395665778982912 roll 2
Jibs_PC#3805395665778982912 roll 1
DICE 2 1 2 0 1 
Jibs_PC#3805395665778982912 endattack
Jibs_PC#3805395665778982912 movearmies 13 12 1
CARD 31
Jibs_PC#3805395665778982912 placearmies 21 1
Jibs_PC#3805395665778982912 placearmies 21 2
Jibs_PC#3805395665778982912 attack 21 12
Jibs_PC#3805395665778982912 roll 3
Jibs_PC#3805395665778982912 roll 2
DICE 3 2 1 1 1 5 3 
Jibs_PC#3805395665778982912 roll 3
Jibs_PC#3805395665778982912 roll 2
DICE 3 2 3 2 1 5 0 
Jibs_PC#3805395665778982912 roll 2
Jibs_PC#3805395665778982912 roll 1
DICE 2 1 4 0 1 
Jibs_PC#3805395665778982912 endattack
Jibs_PC#3805395665778982912 nomove
CARD 38
Jibs_PC#3805395665778982912 placearmies 6 3
Jibs_PC#3805395665778982912 attack 6 8
Jibs_PC#3805395665778982912 roll 3
Jibs_PC#3805395665778982912 roll 1
DICE 3 1 3 2 0 0 
Jibs_PC#3805395665778982912 attack 14 17
Jibs_PC#3805395665778982912 roll 3
Jibs_PC#3805395665778982912 roll 1
DICE 3 1 5 3 0 5 
Jibs_PC#3805395665778982912 roll 3
Jibs_PC#3805395665778982912 roll 1
DICE 3 1 5 5 2 3 
Jibs_PC#3805395665778982912 move 6
Jibs_PC#3805395665778982912 attack 17 19
Jibs_PC#3805395665778982912 roll 3
Jibs_PC#3805395665778982912 roll 1
DICE 3 1 5 0 0 3 
Jibs_PC#3805395665778982912 move 5
Jibs_PC#3805395665778982912 attack 24 21
Jibs_PC#3805395665778982912 roll 2
Jibs_PC#3805395665778982912 roll 1
DICE 2 1 1 0 0 
Jibs_PC#3805395665778982912 attack 19 18
Jibs_PC#3805395665778982912 roll 3
Jibs_PC#3805395665778982912 roll 1
DICE 3 1 4 1 0 2 
Jibs_PC#3805395665778982912 move 4
Jibs_PC#3805395665778982912 attack 18 20
Jibs_PC#3805395665778982912 roll 3
Jibs_PC#3805395665778982912 roll 2
DICE 3 2 5 4 4 2 0 
Jibs_PC#3805395665778982912 endattack
Jibs_PC#3805395665778982912 nomove
CARD 7
Jibs_PC#3805395665778982912 placearmies 29 2
Jibs_PC#3805395665778982912 placearmies 29 1
Jibs_PC#3805395665778982912 attack 29 33
Jibs_PC#3805395665778982912 roll 3
Jibs_PC#3805395665778982912 roll 1
DICE 3 1 4 3 0 1 
Jibs_PC#3805395665778982912 move 4
Jibs_PC#3805395665778982912 endattack
Jibs_PC#3805395665778982912 nomove
CARD 40
Jibs_PC#3805395665778982912 placearmies 42 2
Jibs_PC#3805395665778982912 placearmies 42 1
Jibs_PC#3805395665778982912 attack 42 40
Jibs_PC#3805395665778982912 roll 3
Jibs_PC#3805395665778982912 roll 1
DICE 3 1 4 3 0 3 
Jibs_PC#3805395665778982912 move 3
Jibs_PC#3805395665778982912 endattack
Jibs_PC#3805395665778982912 movearmies 40 39 2
CARD 30
Jibs_PC#3805395665778982912 placearmies 27 3
Jibs_PC#3805395665778982912 attack 27 28
Jibs_PC#3805395665778982912 roll 3
Jibs_PC#3805395665778982912 roll 1
DICE 3 1 5 5 0 4 
Jibs_PC#3805395665778982912 move 9
Jibs_PC#3805395665778982912 endattack
Jibs_PC#3805395665778982912 nomove
CARD 17
Jibs_PC#3805395665778982912 placearmies 7 3
Jibs_PC#3805395665778982912 attack 7 2
Jibs_PC#3805395665778982912 roll 3
Jibs_PC#3805395665778982912 roll 1
DICE 3 1 5 4 1 5 
Jibs_PC#3805395665778982912 roll 2
Jibs_PC#3805395665778982912 roll 1
DICE 2 1 2 0 1 
Jibs_PC#3805395665778982912 endattack
Jibs_PC#3805395665778982912 nomove
CARD 32
Jibs_PC#3805395665778982912 placearmies 12 2
Jibs_PC#3805395665778982912 placearmies 12 1
Jibs_PC#3805395665778982912 attack 12 10
Jibs_PC#3805395665778982912 roll 3
Jibs_PC#3805395665778982912 roll 1
DICE 3 1 1 0 0 5 
Jibs_PC#3805395665778982912 roll 3
Jibs_PC#3805395665778982912 roll 1
DICE 3 1 4 2 2 1 
Jibs_PC#3805395665778982912 attack 10 11
Jibs_PC#3805395665778982912 roll 2
Jibs_PC#3805395665778982912 roll 1
DICE 2 1 5 2 5 
Jibs_PC#3805395665778982912 retreat
Jibs_PC#3805395665778982912 endattack
Jibs_PC#3805395665778982912 nomove
CARD 12
Jibs_PC#3805395665778982912 placearmies 8 1
Jibs_PC#3805395665778982912 placearmies 8 1
Jibs_PC#3805395665778982912 placearmies 8 1
Jibs_PC#3805395665778982912 attack 8 9
Jibs_PC#3805395665778982912 roll 3
Jibs_PC#3805395665778982912 roll 1
DICE 3 1 5 0 0 3 
Jibs_PC#3805395665778982912 move 5
Jibs_PC#3805395665778982912 attack 9 7
Jibs_PC#3805395665778982912 roll 3
Jibs_PC#3805395665778982912 roll 1
DICE 3 1 5 5 4 0 
Jibs_PC#3805395665778982912 move 4
Jibs_PC#3805395665778982912 endattack
Jibs_PC#3805395665778982912 nomove
CARD wildcard
Jibs_PC#3805395665778982912 placearmies 31 3
Jibs_PC#3805395665778982912 attack 31 22
Jibs_PC#3805395665778982912 roll 3
Jibs_PC#3805395665778982912 roll 1
DICE 3 1 4 3 2 0 
Jibs_PC#3805395665778982912 endattack
Jibs_PC#3805395665778982912 nomove
CARD 4
Jibs_PC#3805395665778982912 placearmies 39 1
Jibs_PC#3805395665778982912 placearmies 4 3
Jibs_PC#3805395665778982912 placearmies 4 1
Jibs_PC#3805395665778982912 attack 4 9
Jibs_PC#3805395665778982912 roll 3
Jibs_PC#3805395665778982912 roll 1
DICE 3 1 5 5 2 5 
Jibs_PC#3805395665778982912 roll 3
Jibs_PC#3805395665778982912 roll 1
DICE 3 1 3 2 0 0 
Jibs_PC#3805395665778982912 endattack
Jibs_PC#3805395665778982912 nomove
CARD 42
Jibs_PC#3805395665778982912 placearmies 28 2
Jibs_PC#3805395665778982912 placearmies 28 1
Jibs_PC#3805395665778982912 attack 28 29
Jibs_PC#3805395665778982912 roll 3
Jibs_PC#3805395665778982912 roll 1
DICE 3 1 3 3 1 1 
Jibs_PC#3805395665778982912 move 11
Jibs_PC#3805395665778982912 attack 29 33
Jibs_PC#3805395665778982912 roll 3
Jibs_PC#3805395665778982912 roll 2
DICE 3 2 2 0 0 3 0 
Jibs_PC#3805395665778982912 roll 3
Jibs_PC#3805395665778982912 roll 2
DICE 3 2 2 2 1 4 2 
Jibs_PC#3805395665778982912 retreat
Jibs_PC#3805395665778982912 endattack
Jibs_PC#3805395665778982912 nomove
CARD 6
Jibs_PC#3805395665778982912 trade 28 31 32
Jibs_PC#3805395665778982912 placearmies 2 2
Jibs_PC#3805395665778982912 placearmies 11 8
Jibs_PC#3805395665778982912 placearmies 2 1
Jibs_PC#3805395665778982912 placearmies 5 2
Jibs_PC#3805395665778982912 attack 11 10
Jibs_PC#3805395665778982912 roll 3
Jibs_PC#3805395665778982912 roll 2
DICE 3 2 1 1 0 4 1 
Jibs_PC#3805395665778982912 roll 3
Jibs_PC#3805395665778982912 roll 2
DICE 3 2 4 0 0 5 2 
Jibs_PC#3805395665778982912 roll 3
Jibs_PC#3805395665778982912 roll 2
DICE 3 2 5 5 1 5 0 
Jibs_PC#3805395665778982912 roll 3
Jibs_PC#3805395665778982912 roll 1
DICE 3 1 3 2 1 2 
Jibs_PC#3805395665778982912 attack 10 12
Jibs_PC#3805395665778982912 roll 2
Jibs_PC#3805395665778982912 roll 1
DICE 2 1 5 0 1 
Jibs_PC#3805395665778982912 endattack
Jibs_PC#3805395665778982912 nomove
CARD 25
Jibs_PC#3805395665778982912 trade wildcard 38 12
Jibs_PC#3805395665778982912 placearmies 16 2
Jibs_PC#3805395665778982912 placearmies 16 7
Jibs_PC#3805395665778982912 placearmies 16 4
Jibs_PC#3805395665778982912 attack 16 20
Jibs_PC#3805395665778982912 roll 3
Jibs_PC#3805395665778982912 roll 2
DICE 3 2 5 4 0 2 0 
Jibs_PC#3805395665778982912 roll 3
Jibs_PC#3805395665778982912 roll 1
DICE 3 1 5 5 0 3 
Jibs_PC#3805395665778982912 move 14
Jibs_PC#3805395665778982912 attack 20 18
Jibs_PC#3805395665778982912 roll 3
Jibs_PC#3805395665778982912 roll 1
DICE 3 1 5 1 0 4 
Jibs_PC#3805395665778982912 move 13
Jibs_PC#3805395665778982912 attack 18 17
Jibs_PC#3805395665778982912 roll 3
Jibs_PC#3805395665778982912 roll 1
DICE 3 1 3 1 0 3 
Jibs_PC#3805395665778982912 roll 3
Jibs_PC#3805395665778982912 roll 1
DICE 3 1 2 1 0 5 
Jibs_PC#3805395665778982912 retreat
Jibs_PC#3805395665778982912 attack 18 19
Jibs_PC#3805395665778982912 roll 3
Jibs_PC#3805395665778982912 roll 1
DICE 3 1 5 4 0 4 
Jibs_PC#3805395665778982912 move 10
Jibs_PC#3805395665778982912 attack 19 21
Jibs_PC#3805395665778982912 roll 3
Jibs_PC#3805395665778982912 roll 2
DICE 3 2 4 1 1 0 0 
Jibs_PC#3805395665778982912 move 9
Jibs_PC#3805395665778982912 attack 21 12
Jibs_PC#3805395665778982912 roll 3
Jibs_PC#3805395665778982912 roll 2
DICE 3 2 3 2 0 3 1 
Jibs_PC#3805395665778982912 roll 3
Jibs_PC#3805395665778982912 roll 1
DICE 3 1 3 3 0 1 
Jibs_PC#3805395665778982912 move 7
Jibs_PC#3805395665778982912 attack 12 10
Jibs_PC#3805395665778982912 roll 3
Jibs_PC#3805395665778982912 roll 1
DICE 3 1 1 1 0 4 
Jibs_PC#3805395665778982912 roll 3
Jibs_PC#3805395665778982912 roll 1
DICE 3 1 5 3 1 1 
Jibs_PC#3805395665778982912 move 5
Jibs_PC#3805395665778982912 attack 10 11
Jibs_PC#3805395665778982912 roll 3
Jibs_PC#3805395665778982912 roll 1
DICE 3 1 4 2 2 0 
Jibs_PC#3805395665778982912 move 4
Jibs_PC#3805395665778982912 attack 11 13
Jibs_PC#3805395665778982912 roll 3
Jibs_PC#3805395665778982912 roll 1
DICE 3 1 5 4 0 5 
Jibs_PC#3805395665778982912 roll 2
Jibs_PC#3805395665778982912 roll 1
DICE 2 1 4 1 1 
Jibs_PC#3805395665778982912 endattack
Jibs_PC#3805395665778982912 nomove
CARD 39
Jibs_PC#3805395665778982912 trade 35 7 wildcard
Jibs_PC#3805395665778982912 placearmies 7 7
Jibs_PC#3805395665778982912 placearmies 7 6
Jibs_PC#3805395665778982912 attack 7 4
Jibs_PC#3805395665778982912 roll 3
Jibs_PC#3805395665778982912 roll 1
DICE 3 1 4 4 2 5 
Jibs_PC#3805395665778982912 roll 3
Jibs_PC#3805395665778982912 roll 1
DICE 3 1 3 1 0 3 
Jibs_PC#3805395665778982912 roll 3
Jibs_PC#3805395665778982912 roll 1
DICE 3 1 5 1 1 5 
Jibs_PC#3805395665778982912 roll 3
Jibs_PC#3805395665778982912 roll 1
DICE 3 1 2 1 1 2 
Jibs_PC#3805395665778982912 roll 3
Jibs_PC#3805395665778982912 roll 1
DICE 3 1 5 5 0 0 
Jibs_PC#3805395665778982912 move 14
Jibs_PC#3805395665778982912 attack 4 5
Jibs_PC#3805395665778982912 roll 3
Jibs_PC#3805395665778982912 roll 2
DICE 3 2 1 1 0 4 3 
Jibs_PC#3805395665778982912 roll 3
Jibs_PC#3805395665778982912 roll 2
DICE 3 2 3 2 1 1 0 
Jibs_PC#3805395665778982912 roll 3
Jibs_PC#3805395665778982912 roll 1
DICE 3 1 5 3 0 4 
Jibs_PC#3805395665778982912 move 11
Jibs_PC#3805395665778982912 attack 5 9
Jibs_PC#3805395665778982912 roll 3
Jibs_PC#3805395665778982912 roll 2
DICE 3 2 5 2 0 4 4 
Jibs_PC#3805395665778982912 roll 3
Jibs_PC#3805395665778982912 roll 2
DICE 3 2 1 1 0 5 1 
Jibs_PC#3805395665778982912 retreat
Jibs_PC#3805395665778982912 attack 5 10
Jibs_PC#3805395665778982912 roll 3
Jibs_PC#3805395665778982912 roll 1
DICE 3 1 5 3 0 2 
Jibs_PC#3805395665778982912 move 7
Jibs_PC#3805395665778982912 attack 10 11
Jibs_PC#3805395665778982912 roll 3
Jibs_PC#3805395665778982912 roll 1
DICE 3 1 1 1 1 0 
Jibs_PC#3805395665778982912 move 6
Jibs_PC#3805395665778982912 attack 11 13
Jibs_PC#3805395665778982912 roll 3
Jibs_PC#3805395665778982912 roll 2
DICE 3 2 4 4 2 1 0 
Jibs_PC#3805395665778982912 move 5
Jibs_PC#3805395665778982912 attack 13 12
Jibs_PC#3805395665778982912 roll 3
Jibs_PC#3805395665778982912 roll 1
DICE 3 1 3 3 0 5 
Jibs_PC#3805395665778982912 roll 3
Jibs_PC#3805395665778982912 roll 1
DICE 3 1 5 4 1 5 
Jibs_PC#3805395665778982912 roll 2
Jibs_PC#3805395665778982912 roll 1
DICE 2 1 5 3 0 
Jibs_PC#3805395665778982912 endattack
Jibs_PC#3805395665778982912 nomove
CARD 41
Jibs_PC#3805395665778982912 placearmies 22 2
Jibs_PC#3805395665778982912 placearmies 33 1
Jibs_PC#3805395665778982912 attack 22 21
Jibs_PC#3805395665778982912 roll 3
Jibs_PC#3805395665778982912 roll 1
DICE 3 1 5 5 0 4 
Jibs_PC#3805395665778982912 move 4
Jibs_PC#3805395665778982912 attack 21 12
Jibs_PC#3805395665778982912 roll 3
Jibs_PC#3805395665778982912 roll 2
DICE 3 2 3 1 0 5 2 
Jibs_PC#3805395665778982912 retreat
Jibs_PC#3805395665778982912 endattack
Jibs_PC#3805395665778982912 nomove
CARD 36
Jibs_PC#3805395665778982912 placearmies 9 2
Jibs_PC#3805395665778982912 placearmies 39 1
Jibs_PC#3805395665778982912 placearmies 9 1
Jibs_PC#3805395665778982912 placearmies 9 1
Jibs_PC#3805395665778982912 attack 9 5
Jibs_PC#3805395665778982912 roll 3
Jibs_PC#3805395665778982912 roll 1
DICE 3 1 2 1 1 4 
Jibs_PC#3805395665778982912 roll 3
Jibs_PC#3805395665778982912 roll 1
DICE 3 1 3 2 1 2 
Jibs_PC#3805395665778982912 move 4
Jibs_PC#3805395665778982912 attack 5 10
Jibs_PC#3805395665778982912 roll 3
Jibs_PC#3805395665778982912 roll 1
DICE 3 1 5 3 3 1 
Jibs_PC#3805395665778982912 attack 39 33
Jibs_PC#3805395665778982912 roll 3
Jibs_PC#3805395665778982912 roll 2
DICE 3 2 5 4 1 4 2 
Jibs_PC#3805395665778982912 roll 3
Jibs_PC#3805395665778982912 roll 2
DICE 3 2 4 0 0 2 0 
Jibs_PC#3805395665778982912 retreat
Jibs_PC#3805395665778982912 endattack
Jibs_PC#3805395665778982912 nomove
CARD 24
Jibs_PC#3805395665778982912 trade 23 17 6
Jibs_PC#3805395665778982912 placearmies 29 6
Jibs_PC#3805395665778982912 placearmies 29 1
Jibs_PC#3805395665778982912 placearmies 29 1
Jibs_PC#3805395665778982912 placearmies 29 1
Jibs_PC#3805395665778982912 attack 29 33
Jibs_PC#3805395665778982912 roll 3
Jibs_PC#3805395665778982912 roll 2
DICE 3 2 2 2 0 1 0 
Jibs_PC#3805395665778982912 move 15
Jibs_PC#3805395665778982912 attack 33 32
Jibs_PC#3805395665778982912 roll 3
Jibs_PC#3805395665778982912 roll 1
DICE 3 1 3 0 0 1 
Jibs_PC#3805395665778982912 move 14
Jibs_PC#3805395665778982912 attack 32 31
Jibs_PC#3805395665778982912 roll 3
Jibs_PC#3805395665778982912 roll 1
DICE 3 1 4 2 1 1 
Jibs_PC#3805395665778982912 move 13
Jibs_PC#3805395665778982912 attack 31 22
Jibs_PC#3805395665778982912 roll 3
Jibs_PC#3805395665778982912 roll 1
DICE 3 1 2 1 0 2 
Jibs_PC#3805395665778982912 roll 3
Jibs_PC#3805395665778982912 roll 1
DICE 3 1 3 2 1 5 
Jibs_PC#3805395665778982912 roll 3
Jibs_PC#3805395665778982912 roll 1
DICE 3 1 4 4 0 5 
Jibs_PC#3805395665778982912 roll 3
Jibs_PC#3805395665778982912 roll 1
DICE 3 1 2 2 2 3 
Jibs_PC#3805395665778982912 roll 3
Jibs_PC#3805395665778982912 roll 1
DICE 3 1 5 5 4 5 
Jibs_PC#3805395665778982912 roll 3
Jibs_PC#3805395665778982912 roll 1
DICE 3 1 4 2 0 0 
Jibs_PC#3805395665778982912 move 7
Jibs_PC#3805395665778982912 attack 22 21
Jibs_PC#3805395665778982912 roll 3
Jibs_PC#3805395665778982912 roll 2
DICE 3 2 5 4 3 1 0 
Jibs_PC#3805395665778982912 move 6
Jibs_PC#3805395665778982912 attack 21 24
Jibs_PC#3805395665778982912 roll 3
Jibs_PC#3805395665778982912 roll 1
DICE 3 1 5 1 0 5 
Jibs_PC#3805395665778982912 roll 3
Jibs_PC#3805395665778982912 roll 1
DICE 3 1 5 3 0 1 
Jibs_PC#3805395665778982912 move 4
Jibs_PC#3805395665778982912 attack 24 26
Jibs_PC#3805395665778982912 roll 3
Jibs_PC#3805395665778982912 roll 1
DICE 3 1 1 1 1 3 
Jibs_PC#3805395665778982912 roll 2
Jibs_PC#3805395665778982912 roll 1
DICE 2 1 0 0 4 
Jibs_PC#3805395665778982912 retreat
Jibs_PC#3805395665778982912 endattack
Jibs_PC#3805395665778982912 nomove
CARD 37
Jibs_PC#3805395665778982912 placearmies 2 3
Jibs_PC#3805395665778982912 attack 2 1
Jibs_PC#3805395665778982912 roll 3
Jibs_PC#3805395665778982912 roll 1
DICE 3 1 5 2 1 4 
Jibs_PC#3805395665778982912 move 7
Jibs_PC#3805395665778982912 endattack
Jibs_PC#3805395665778982912 nomove
CARD 21
Jibs_PC#3805395665778982912 placearmies 36 2
Jibs_PC#3805395665778982912 placearmies 36 1
Jibs_PC#3805395665778982912 attack 36 27
Jibs_PC#3805395665778982912 roll 3
Jibs_PC#3805395665778982912 roll 1
DICE 3 1 4 3 1 4 
Jibs_PC#3805395665778982912 roll 3
Jibs_PC#3805395665778982912 roll 1
DICE 3 1 4 2 0 4 
Jibs_PC#3805395665778982912 roll 2
Jibs_PC#3805395665778982912 roll 1
DICE 2 1 3 2 0 
Jibs_PC#3805395665778982912 endattack
Jibs_PC#3805395665778982912 nomove
CARD 13
Jibs_PC#3805395665778982912 placearmies 12 2
Jibs_PC#3805395665778982912 placearmies 12 1
Jibs_PC#3805395665778982912 attack 12 21
Jibs_PC#3805395665778982912 roll 3
Jibs_PC#3805395665778982912 roll 1
DICE 3 1 4 4 0 2 
Jibs_PC#3805395665778982912 move 4
Jibs_PC#3805395665778982912 endattack
Jibs_PC#3805395665778982912 nomove
CARD 22
Jibs_PC#3805395665778982912 trade 29 30 24
Jibs_PC#3805395665778982912 placearmies 3 15
Jibs_PC#3805395665778982912 attack 3 7
Jibs_PC#3805395665778982912 roll 3
Jibs_PC#3805395665778982912 roll 1
DICE 3 1 3 3 3 1 
Jibs_PC#3805395665778982912 move 16
Jibs_PC#3805395665778982912 attack 7 8
Jibs_PC#3805395665778982912 roll 3
Jibs_PC#3805395665778982912 roll 1
DICE 3 1 5 2 2 0 
Jibs_PC#3805395665778982912 move 15
Jibs_PC#3805395665778982912 attack 8 6
Jibs_PC#3805395665778982912 roll 3
Jibs_PC#3805395665778982912 roll 1
DICE 3 1 2 1 0 5 
Jibs_PC#3805395665778982912 roll 3
Jibs_PC#3805395665778982912 roll 1
DICE 3 1 5 4 1 2 
Jibs_PC#3805395665778982912 move 13
Jibs_PC#3805395665778982912 attack 6 2
Jibs_PC#3805395665778982912 roll 3
Jibs_PC#3805395665778982912 roll 1
DICE 3 1 5 3 1 1 
Jibs_PC#3805395665778982912 move 12
Jibs_PC#3805395665778982912 attack 2 1
Jibs_PC#3805395665778982912 roll 3
Jibs_PC#3805395665778982912 roll 2
DICE 3 2 5 4 1 3 0 
Jibs_PC#3805395665778982912 roll 3
Jibs_PC#3805395665778982912 roll 2
DICE 3 2 5 4 2 3 1 
Jibs_PC#3805395665778982912 roll 3
Jibs_PC#3805395665778982912 roll 2
DICE 3 2 5 4 4 3 1 
Jibs_PC#3805395665778982912 roll 3
Jibs_PC#3805395665778982912 roll 1
DICE 3 1 3 2 0 0 
Jibs_PC#3805395665778982912 move 3
Jibs_PC#3805395665778982912 endattack
Jibs_PC#3805395665778982912 movearmies 2 7 8
CARD 16
Jibs_PC#3805395665778982912 trade 9 18 4
Jibs_PC#3805395665778982912 trade 40 36 37
Jibs_PC#3805395665778982912 placearmies 24 3
Jibs_PC#3805395665778982912 placearmies 33 8
Jibs_PC#3805395665778982912 placearmies 37 9
Jibs_PC#3805395665778982912 placearmies 37 2
Jibs_PC#3805395665778982912 placearmies 33 1
Jibs_PC#3805395665778982912 attack 33 39
Jibs_PC#3805395665778982912 roll 3
Jibs_PC#3805395665778982912 roll 2
DICE 3 2 5 2 1 5 0 
Jibs_PC#3805395665778982912 roll 3
Jibs_PC#3805395665778982912 roll 2
DICE 3 2 2 1 0 5 3 
Jibs_PC#3805395665778982912 roll 3
Jibs_PC#3805395665778982912 roll 2
DICE 3 2 3 2 0 4 3 
Jibs_PC#3805395665778982912 roll 3
Jibs_PC#3805395665778982912 roll 2
DICE 3 2 3 1 1 3 2 
Jibs_PC#3805395665778982912 retreat
Jibs_PC#3805395665778982912 attack 37 38
Jibs_PC#3805395665778982912 roll 3
Jibs_PC#3805395665778982912 roll 1
DICE 3 1 4 3 1 3 
Jibs_PC#3805395665778982912 move 13
Jibs_PC#3805395665778982912 attack 38 36
Jibs_PC#3805395665778982912 roll 3
Jibs_PC#3805395665778982912 roll 1
DICE 3 1 4 4 1 1 
Jibs_PC#3805395665778982912 move 6
Jibs_PC#3805395665778982912 attack 36 27
Jibs_PC#3805395665778982912 roll 3
Jibs_PC#3805395665778982912 roll 2
DICE 3 2 1 0 0 3 0 
Jibs_PC#3805395665778982912 roll 3
Jibs_PC#3805395665778982912 roll 2
DICE 3 2 5 2 2 4 1 
Jibs_PC#3805395665778982912 attack 24 26
Jibs_PC#3805395665778982912 roll 3
Jibs_PC#3805395665778982912 roll 1
DICE 3 1 4 2 1 1 
Jibs_PC#3805395665778982912 move 4
Jibs_PC#3805395665778982912 attack 38 1
Jibs_PC#3805395665778982912 roll 3
Jibs_PC#3805395665778982912 roll 2
DICE 3 2 4 4 2 4 2 
Jibs_PC#3805395665778982912 roll 3
Jibs_PC#3805395665778982912 roll 2
DICE 3 2 4 1 1 5 4 
Jibs_PC#3805395665778982912 retreat
Jibs_PC#3805395665778982912 endattack
Jibs_PC#3805395665778982912 movearmies 27 29 2
CARD 10
Jibs_PC#3805395665778982912 placearmies 30 3
Jibs_PC#3805395665778982912 attack 30 32
Jibs_PC#3805395665778982912 roll 3
Jibs_PC#3805395665778982912 roll 1
DICE 3 1 4 3 0 1 
Jibs_PC#3805395665778982912 endattack
Jibs_PC#3805395665778982912 nomove
CARD 20
Jibs_PC#3805395665778982912 placearmies 15 3
Jibs_PC#3805395665778982912 attack 15 14
Jibs_PC#3805395665778982912 roll 3
Jibs_PC#3805395665778982912 roll 1
DICE 3 1 3 2 0 2 
Jibs_PC#3805395665778982912 attack 14 17
Jibs_PC#3805395665778982912 roll 2
Jibs_PC#3805395665778982912 roll 1
DICE 2 1 3 1 0 
Jibs_PC#3805395665778982912 endattack
Jibs_PC#3805395665778982912 movearmies 17 19 1
CARD 27
Jibs_PC#3805395665778982912 placearmies 21 3
Jibs_PC#3805395665778982912 attack 21 22
Jibs_PC#3805395665778982912 roll 3
Jibs_PC#3805395665778982912 roll 1
DICE 3 1 5 3 1 1 
Jibs_PC#3805395665778982912 move 6
Jibs_PC#3805395665778982912 attack 22 24
Jibs_PC#3805395665778982912 roll 3
Jibs_PC#3805395665778982912 roll 1
DICE 3 1 5 3 1 5 
Jibs_PC#3805395665778982912 roll 3
Jibs_PC#3805395665778982912 roll 1
DICE 3 1 5 4 2 4 
Jibs_PC#3805395665778982912 move 4
Jibs_PC#3805395665778982912 attack 24 25
Jibs_PC#3805395665778982912 roll 3
Jibs_PC#3805395665778982912 roll 1
DICE 3 1 4 3 3 4 
Jibs_PC#3805395665778982912 roll 2
Jibs_PC#3805395665778982912 roll 1
DICE 2 1 5 2 5 
Jibs_PC#3805395665778982912 retreat
Jibs_PC#3805395665778982912 endattack
Jibs_PC#3805395665778982912 nomove
CARD 8
Jibs_PC#3805395665778982912 placearmies 10 5
Jibs_PC#3805395665778982912 placearmies 1 1
Jibs_PC#3805395665778982912 attack 7 4
Jibs_PC#3805395665778982912 roll 3
Jibs_PC#3805395665778982912 roll 1
DICE 3 1 5 5 3 0 
Jibs_PC#3805395665778982912 move 3
