Aneesh-HP#2219400052215833600 newplayer human black Arkadev
Aneesh-HP#2219400052215833600 newplayer human orange Jibran
Aneesh-HP#2219400052215833600 newplayer human red Aditya
Aneesh-HP#2219400052215833600 newplayer human blue Aneesh
Aneesh-HP#2219400052215833600 startgame mission fixed autoplaceall recycle
PLAYER Arkadev
MISSION 0 0 1 2
PLACEALL 28 12 25 38 31 35 36 39 34 7 17 15 29 30 41 32 2 26 8 19 22 42 27 11 6 9 1 5 21 23 24 4 14 18 40 16 20 33 10 37 3 13
Aneesh-HP#2219400052215833600 placearmies 10 1
CARD 
Aneesh-HP#2219400052215833600 placearmies 16 1
CARD 
Aneesh-HP#2219400052215833600 placearmies 3 1
CARD 
Aneesh-HP#2219400052215833600 placearmies 42 1
CARD 
Aneesh-HP#2219400052215833600 placearmies 10 1
CARD 
Aneesh-HP#2219400052215833600 placearmies 19 1
CARD 
Aneesh-HP#2219400052215833600 placearmies 3 1
CARD 
Aneesh-HP#2219400052215833600 placearmies 42 1
CARD 
Aneesh-HP#2219400052215833600 placearmies 10 1
CARD 
Aneesh-HP#2219400052215833600 placearmies 5 1
CARD 
Aneesh-HP#2219400052215833600 placearmies 3 1
CARD 
Aneesh-HP#2219400052215833600 placearmies 42 1
CARD 
Aneesh-HP#2219400052215833600 placearmies 10 1
CARD 
Aneesh-HP#2219400052215833600 placearmies 32 1
CARD 
Aneesh-HP#2219400052215833600 placearmies 3 1
CARD 
Aneesh-HP#2219400052215833600 placearmies 42 1
CARD 
Aneesh-HP#2219400052215833600 placearmies 17 1
CARD 
Aneesh-HP#2219400052215833600 placearmies 38 1
CARD 
Aneesh-HP#2219400052215833600 placearmies 31 1
CARD 
Aneesh-HP#2219400052215833600 placearmies 33 1
CARD 
Aneesh-HP#2219400052215833600 placearmies 17 1
CARD 
Aneesh-HP#2219400052215833600 placearmies 37 1
CARD 
Aneesh-HP#2219400052215833600 placearmies 31 1
CARD 
Aneesh-HP#2219400052215833600 placearmies 33 1
CARD 
Aneesh-HP#2219400052215833600 placearmies 17 1
CARD 
Aneesh-HP#2219400052215833600 placearmies 16 1
CARD 
Aneesh-HP#2219400052215833600 placearmies 31 1
CARD 
Aneesh-HP#2219400052215833600 placearmies 33 1
CARD 
Aneesh-HP#2219400052215833600 placearmies 40 1
CARD 
Aneesh-HP#2219400052215833600 placearmies 16 1
CARD 
Aneesh-HP#2219400052215833600 placearmies 31 1
CARD 
Aneesh-HP#2219400052215833600 placearmies 33 1
CARD 
Aneesh-HP#2219400052215833600 placearmies 40 1
CARD 
Aneesh-HP#2219400052215833600 placearmies 32 1
CARD 
Aneesh-HP#2219400052215833600 placearmies 31 1
CARD 
Aneesh-HP#2219400052215833600 placearmies 33 1
CARD 
Aneesh-HP#2219400052215833600 placearmies 40 1
CARD 
Aneesh-HP#2219400052215833600 placearmies 16 1
CARD 
Aneesh-HP#2219400052215833600 placearmies 31 1
CARD 
Aneesh-HP#2219400052215833600 placearmies 33 1
CARD 
Aneesh-HP#2219400052215833600 placearmies 17 1
CARD 
Aneesh-HP#2219400052215833600 placearmies 32 1
CARD 
Aneesh-HP#2219400052215833600 placearmies 31 1
CARD 
Aneesh-HP#2219400052215833600 placearmies 33 1
CARD 
Aneesh-HP#2219400052215833600 placearmies 40 1
CARD 
Aneesh-HP#2219400052215833600 placearmies 37 1
CARD 
Aneesh-HP#2219400052215833600 placearmies 3 1
CARD 
Aneesh-HP#2219400052215833600 placearmies 42 1
CARD 
Aneesh-HP#2219400052215833600 placearmies 40 1
CARD 
Aneesh-HP#2219400052215833600 placearmies 16 1
CARD 
Aneesh-HP#2219400052215833600 placearmies 3 1
CARD 
Aneesh-HP#2219400052215833600 placearmies 42 1
CARD 
Aneesh-HP#2219400052215833600 placearmies 10 1
CARD 
Aneesh-HP#2219400052215833600 placearmies 19 1
CARD 
Aneesh-HP#2219400052215833600 placearmies 21 1
CARD 
Aneesh-HP#2219400052215833600 placearmies 33 1
CARD 
Aneesh-HP#2219400052215833600 placearmies 40 1
CARD 
Aneesh-HP#2219400052215833600 placearmies 32 1
CARD 
Aneesh-HP#2219400052215833600 placearmies 3 1
CARD 
Aneesh-HP#2219400052215833600 placearmies 42 1
CARD 
Aneesh-HP#2219400052215833600 placearmies 40 1
CARD 
Aneesh-HP#2219400052215833600 placearmies 16 1
CARD 
Aneesh-HP#2219400052215833600 placearmies 3 1
CARD 
Aneesh-HP#2219400052215833600 placearmies 26 1
CARD 
Aneesh-HP#2219400052215833600 placearmies 10 1
CARD 
Aneesh-HP#2219400052215833600 placearmies 5 1
CARD 
Aneesh-HP#2219400052215833600 placearmies 31 1
CARD 
Aneesh-HP#2219400052215833600 placearmies 33 1
CARD 
Aneesh-HP#2219400052215833600 placearmies 40 1
CARD 
Aneesh-HP#2219400052215833600 placearmies 16 1
CARD 
Aneesh-HP#2219400052215833600 placearmies 3 1
CARD 
Aneesh-HP#2219400052215833600 placearmies 42 1
CARD 
Aneesh-HP#2219400052215833600 placearmies 40 1
CARD 
Aneesh-HP#2219400052215833600 placearmies 16 1
CARD 
Aneesh-HP#2219400052215833600 placearmies 3 1
CARD 
Aneesh-HP#2219400052215833600 placearmies 26 1
CARD 
Aneesh-HP#2219400052215833600 placearmies 17 1
CARD 
Aneesh-HP#2219400052215833600 placearmies 16 1
CARD 
Aneesh-HP#2219400052215833600 placearmies 3 1
Aneesh-HP#2219400052215833600 placearmies 21 1
Aneesh-HP#2219400052215833600 placearmies 21 1
Aneesh-HP#2219400052215833600 attack 21 12
Aneesh-HP#2219400052215833600 roll 3
Aneesh-HP#2219400052215833600 roll 1
DICE 3 1 4 1 1 5 
Aneesh-HP#2219400052215833600 roll 2
Aneesh-HP#2219400052215833600 roll 1
DICE 2 1 5 3 1 
Aneesh-HP#2219400052215833600 attack 12 11
Aneesh-HP#2219400052215833600 retreat
Aneesh-HP#2219400052215833600 attack 12 13
Aneesh-HP#2219400052215833600 roll 1
Aneesh-HP#2219400052215833600 roll 1
DICE 1 1 5 1 
Aneesh-HP#2219400052215833600 attack 3 4
Aneesh-HP#2219400052215833600 roll 3
Aneesh-HP#2219400052215833600 roll 1
DICE 3 1 5 3 2 4 
Aneesh-HP#2219400052215833600 move all
Aneesh-HP#2219400052215833600 attack 4 5
Aneesh-HP#2219400052215833600 roll 3
Aneesh-HP#2219400052215833600 roll 2
DICE 3 2 5 5 2 2 1 
Aneesh-HP#2219400052215833600 roll 3
Aneesh-HP#2219400052215833600 roll 1
DICE 3 1 3 3 0 2 
Aneesh-HP#2219400052215833600 move all
Aneesh-HP#2219400052215833600 attack 5 10
Aneesh-HP#2219400052215833600 roll 3
Aneesh-HP#2219400052215833600 roll 2
DICE 3 2 2 1 0 4 2 
Aneesh-HP#2219400052215833600 roll 3
Aneesh-HP#2219400052215833600 roll 2
DICE 3 2 4 1 0 4 1 
Aneesh-HP#2219400052215833600 roll 3
Aneesh-HP#2219400052215833600 roll 2
DICE 3 2 5 3 0 3 2 
Aneesh-HP#2219400052215833600 roll 3
Aneesh-HP#2219400052215833600 roll 2
DICE 3 2 4 0 0 2 0 
Aneesh-HP#2219400052215833600 roll 3
Aneesh-HP#2219400052215833600 roll 2
DICE 3 2 4 3 0 2 0 
Aneesh-HP#2219400052215833600 roll 3
Aneesh-HP#2219400052215833600 roll 2
DICE 3 2 5 3 2 5 1 
Aneesh-HP#2219400052215833600 roll 3
Aneesh-HP#2219400052215833600 roll 1
DICE 3 1 5 3 3 1 
Aneesh-HP#2219400052215833600 attack 10 11
Aneesh-HP#2219400052215833600 roll 2
Aneesh-HP#2219400052215833600 roll 1
DICE 2 1 3 2 5 
Aneesh-HP#2219400052215833600 roll 1
Aneesh-HP#2219400052215833600 roll 1
DICE 1 1 4 2 
Aneesh-HP#2219400052215833600 attack 31 30
Aneesh-HP#2219400052215833600 roll 3
Aneesh-HP#2219400052215833600 roll 1
DICE 3 1 4 3 1 1 
Aneesh-HP#2219400052215833600 move all
Aneesh-HP#2219400052215833600 attack 30 32
Aneesh-HP#2219400052215833600 roll 3
Aneesh-HP#2219400052215833600 roll 2
DICE 3 2 2 1 0 5 2 
Aneesh-HP#2219400052215833600 roll 3
Aneesh-HP#2219400052215833600 roll 2
DICE 3 2 5 4 4 2 1 
Aneesh-HP#2219400052215833600 roll 3
Aneesh-HP#2219400052215833600 roll 2
DICE 3 2 2 2 0 5 3 
Aneesh-HP#2219400052215833600 roll 3
Aneesh-HP#2219400052215833600 roll 2
DICE 3 2 3 2 0 5 0 
Aneesh-HP#2219400052215833600 roll 2
Aneesh-HP#2219400052215833600 roll 2
DICE 2 2 2 0 2 0 
Aneesh-HP#2219400052215833600 endattack
Aneesh-HP#2219400052215833600 nomove
CARD 19
Aneesh-HP#2219400052215833600 placearmies 26 1
Aneesh-HP#2219400052215833600 placearmies 26 1
Aneesh-HP#2219400052215833600 placearmies 26 1
Aneesh-HP#2219400052215833600 attack 26 24
Aneesh-HP#2219400052215833600 roll 3
Aneesh-HP#2219400052215833600 roll 1
DICE 3 1 5 5 0 3 
Aneesh-HP#2219400052215833600 move all
Aneesh-HP#2219400052215833600 attack 24 21
Aneesh-HP#2219400052215833600 roll 3
Aneesh-HP#2219400052215833600 roll 1
DICE 3 1 3 1 0 3 
Aneesh-HP#2219400052215833600 roll 3
Aneesh-HP#2219400052215833600 roll 1
DICE 3 1 3 3 2 3 
Aneesh-HP#2219400052215833600 roll 2
Aneesh-HP#2219400052215833600 roll 1
DICE 2 1 2 1 5 
Aneesh-HP#2219400052215833600 roll 1
Aneesh-HP#2219400052215833600 roll 1
DICE 1 1 2 3 
Aneesh-HP#2219400052215833600 attack 33 32
Aneesh-HP#2219400052215833600 roll 3
Aneesh-HP#2219400052215833600 roll 2
DICE 3 2 5 5 3 4 2 
Aneesh-HP#2219400052215833600 move all
Aneesh-HP#2219400052215833600 endattack
Aneesh-HP#2219400052215833600 nomove
CARD 37
Aneesh-HP#2219400052215833600 placearmies 17 1
Aneesh-HP#2219400052215833600 placearmies 40 1
Aneesh-HP#2219400052215833600 placearmies 40 1
Aneesh-HP#2219400052215833600 attack 40 39
Aneesh-HP#2219400052215833600 roll 3
Aneesh-HP#2219400052215833600 roll 1
DICE 3 1 0 0 0 3 
Aneesh-HP#2219400052215833600 roll 3
Aneesh-HP#2219400052215833600 roll 1
DICE 3 1 5 4 3 3 
Aneesh-HP#2219400052215833600 move all
Aneesh-HP#2219400052215833600 attack 39 33
Aneesh-HP#2219400052215833600 roll 3
Aneesh-HP#2219400052215833600 roll 1
DICE 3 1 5 5 0 0 
Aneesh-HP#2219400052215833600 move all
Aneesh-HP#2219400052215833600 attack 33 29
Aneesh-HP#2219400052215833600 roll 3
Aneesh-HP#2219400052215833600 roll 1
DICE 3 1 2 1 0 4 
Aneesh-HP#2219400052215833600 roll 3
Aneesh-HP#2219400052215833600 roll 1
DICE 3 1 4 4 2 0 
Aneesh-HP#2219400052215833600 move 3
Aneesh-HP#2219400052215833600 attack 17 19
Aneesh-HP#2219400052215833600 roll 3
Aneesh-HP#2219400052215833600 roll 2
DICE 3 2 5 4 1 3 1 
Aneesh-HP#2219400052215833600 roll 3
Aneesh-HP#2219400052215833600 roll 1
DICE 3 1 5 4 0 4 
Aneesh-HP#2219400052215833600 move all
Aneesh-HP#2219400052215833600 attack 19 18
Aneesh-HP#2219400052215833600 roll 3
Aneesh-HP#2219400052215833600 roll 1
DICE 3 1 5 5 5 3 
Aneesh-HP#2219400052215833600 move all
Aneesh-HP#2219400052215833600 attack 18 15
Aneesh-HP#2219400052215833600 roll 3
Aneesh-HP#2219400052215833600 roll 1
DICE 3 1 4 2 2 2 
Aneesh-HP#2219400052215833600 move all
Aneesh-HP#2219400052215833600 attack 15 14
Aneesh-HP#2219400052215833600 roll 3
Aneesh-HP#2219400052215833600 roll 1
DICE 3 1 5 4 2 0 
Aneesh-HP#2219400052215833600 endattack
Aneesh-HP#2219400052215833600 nomove
CARD 22
Aneesh-HP#2219400052215833600 placearmies 37 1
Aneesh-HP#2219400052215833600 placearmies 38 1
Aneesh-HP#2219400052215833600 placearmies 16 1
Aneesh-HP#2219400052215833600 attack 38 34
Aneesh-HP#2219400052215833600 roll 2
Aneesh-HP#2219400052215833600 roll 1
DICE 2 1 2 1 4 
Aneesh-HP#2219400052215833600 roll 1
Aneesh-HP#2219400052215833600 roll 1
DICE 1 1 3 1 
Aneesh-HP#2219400052215833600 attack 37 36
Aneesh-HP#2219400052215833600 roll 3
Aneesh-HP#2219400052215833600 roll 1
DICE 3 1 3 1 1 3 
Aneesh-HP#2219400052215833600 roll 2
Aneesh-HP#2219400052215833600 roll 1
DICE 2 1 3 0 5 
Aneesh-HP#2219400052215833600 roll 1
Aneesh-HP#2219400052215833600 roll 1
DICE 1 1 2 5 
Aneesh-HP#2219400052215833600 attack 16 28
Aneesh-HP#2219400052215833600 roll 3
Aneesh-HP#2219400052215833600 roll 1
DICE 3 1 3 2 0 1 
Aneesh-HP#2219400052215833600 move 3
Aneesh-HP#2219400052215833600 attack 28 27
Aneesh-HP#2219400052215833600 roll 2
Aneesh-HP#2219400052215833600 roll 1
DICE 2 1 1 0 0 
Aneesh-HP#2219400052215833600 attack 27 35
Aneesh-HP#2219400052215833600 roll 1
Aneesh-HP#2219400052215833600 roll 1
DICE 1 1 4 3 
Aneesh-HP#2219400052215833600 attack 16 30
Aneesh-HP#2219400052215833600 roll 3
Aneesh-HP#2219400052215833600 roll 1
DICE 3 1 4 3 2 1 
Aneesh-HP#2219400052215833600 move 4
Aneesh-HP#2219400052215833600 attack 30 31
Aneesh-HP#2219400052215833600 roll 3
Aneesh-HP#2219400052215833600 roll 1
DICE 3 1 5 4 0 5 
Aneesh-HP#2219400052215833600 roll 2
Aneesh-HP#2219400052215833600 roll 1
DICE 2 1 5 1 2 
Aneesh-HP#2219400052215833600 attack 31 20
Aneesh-HP#2219400052215833600 roll 1
Aneesh-HP#2219400052215833600 roll 1
DICE 1 1 1 5 
Aneesh-HP#2219400052215833600 endattack
Aneesh-HP#2219400052215833600 nomove
CARD 40
Aneesh-HP#2219400052215833600 placearmies 10 1
Aneesh-HP#2219400052215833600 placearmies 2 1
Aneesh-HP#2219400052215833600 placearmies 2 1
Aneesh-HP#2219400052215833600 placearmies 2 1
Aneesh-HP#2219400052215833600 placearmies 2 1
Aneesh-HP#2219400052215833600 placearmies 2 1
Aneesh-HP#2219400052215833600 attack 2 1
Aneesh-HP#2219400052215833600 roll 3
Aneesh-HP#2219400052215833600 roll 1
DICE 3 1 5 5 0 1 
Aneesh-HP#2219400052215833600 move all
Aneesh-HP#2219400052215833600 attack 1 38
Aneesh-HP#2219400052215833600 roll 3
Aneesh-HP#2219400052215833600 roll 1
DICE 3 1 5 0 0 3 
Aneesh-HP#2219400052215833600 move all
Aneesh-HP#2219400052215833600 attack 38 34
Aneesh-HP#2219400052215833600 roll 3
Aneesh-HP#2219400052215833600 roll 1
DICE 3 1 2 1 0 0 
Aneesh-HP#2219400052215833600 attack 34 35
Aneesh-HP#2219400052215833600 roll 2
Aneesh-HP#2219400052215833600 roll 1
DICE 2 1 2 1 3 
Aneesh-HP#2219400052215833600 roll 1
Aneesh-HP#2219400052215833600 roll 1
DICE 1 1 2 1 
Aneesh-HP#2219400052215833600 endattack
Aneesh-HP#2219400052215833600 nomove
CARD 5
Aneesh-HP#2219400052215833600 placearmies 23 1
Aneesh-HP#2219400052215833600 placearmies 23 1
Aneesh-HP#2219400052215833600 placearmies 23 1
Aneesh-HP#2219400052215833600 attack 23 21
Aneesh-HP#2219400052215833600 roll 3
Aneesh-HP#2219400052215833600 roll 1
DICE 3 1 4 2 2 1 
Aneesh-HP#2219400052215833600 attack 21 12
Aneesh-HP#2219400052215833600 roll 2
Aneesh-HP#2219400052215833600 roll 1
DICE 2 1 4 3 3 
Aneesh-HP#2219400052215833600 attack 12 13
Aneesh-HP#2219400052215833600 roll 1
Aneesh-HP#2219400052215833600 roll 1
DICE 1 1 5 3 
Aneesh-HP#2219400052215833600 attack 42 41
Aneesh-HP#2219400052215833600 roll 3
Aneesh-HP#2219400052215833600 roll 1
DICE 3 1 5 4 2 1 
Aneesh-HP#2219400052215833600 move all
Aneesh-HP#2219400052215833600 attack 41 39
Aneesh-HP#2219400052215833600 roll 3
Aneesh-HP#2219400052215833600 roll 1
DICE 3 1 5 4 2 2 
Aneesh-HP#2219400052215833600 move all
Aneesh-HP#2219400052215833600 attack 39 40
Aneesh-HP#2219400052215833600 roll 3
Aneesh-HP#2219400052215833600 roll 1
DICE 3 1 2 1 0 5 
Aneesh-HP#2219400052215833600 roll 3
Aneesh-HP#2219400052215833600 roll 1
DICE 3 1 5 3 1 0 
Aneesh-HP#2219400052215833600 move 3
Aneesh-HP#2219400052215833600 attack 32 33
Aneesh-HP#2219400052215833600 roll 3
Aneesh-HP#2219400052215833600 roll 2
DICE 3 2 3 2 0 1 0 
Aneesh-HP#2219400052215833600 roll 3
Aneesh-HP#2219400052215833600 roll 2
DICE 3 2 4 3 1 5 3 
Aneesh-HP#2219400052215833600 roll 3
Aneesh-HP#2219400052215833600 roll 2
DICE 3 2 5 3 1 4 3 
Aneesh-HP#2219400052215833600 roll 3
Aneesh-HP#2219400052215833600 roll 2
DICE 3 2 3 1 1 4 3 
Aneesh-HP#2219400052215833600 roll 3
Aneesh-HP#2219400052215833600 roll 2
DICE 3 2 4 3 0 5 4 
Aneesh-HP#2219400052215833600 roll 1
Aneesh-HP#2219400052215833600 roll 2
DICE 1 2 2 0 0 
Aneesh-HP#2219400052215833600 roll 1
Aneesh-HP#2219400052215833600 roll 1
DICE 1 1 1 5 
Aneesh-HP#2219400052215833600 endattack
Aneesh-HP#2219400052215833600 movearmies 40 39 2
CARD 26
Aneesh-HP#2219400052215833600 placearmies 18 1
Aneesh-HP#2219400052215833600 placearmies 18 1
Aneesh-HP#2219400052215833600 placearmies 18 1
Aneesh-HP#2219400052215833600 attack 18 20
Aneesh-HP#2219400052215833600 roll 3
Aneesh-HP#2219400052215833600 roll 1
DICE 3 1 4 3 0 4 
Aneesh-HP#2219400052215833600 roll 2
Aneesh-HP#2219400052215833600 roll 1
DICE 2 1 5 1 1 
Aneesh-HP#2219400052215833600 attack 20 22
Aneesh-HP#2219400052215833600 roll 1
Aneesh-HP#2219400052215833600 roll 1
DICE 1 1 2 5 
Aneesh-HP#2219400052215833600 attack 14 6
Aneesh-HP#2219400052215833600 roll 2
Aneesh-HP#2219400052215833600 roll 1
DICE 2 1 3 0 3 
Aneesh-HP#2219400052215833600 roll 1
Aneesh-HP#2219400052215833600 roll 1
DICE 1 1 2 1 
Aneesh-HP#2219400052215833600 endattack
Aneesh-HP#2219400052215833600 nomove
CARD 18
Aneesh-HP#2219400052215833600 placearmies 27 1
Aneesh-HP#2219400052215833600 placearmies 27 1
Aneesh-HP#2219400052215833600 placearmies 16 1
Aneesh-HP#2219400052215833600 attack 27 29
Aneesh-HP#2219400052215833600 roll 2
Aneesh-HP#2219400052215833600 roll 2
DICE 2 2 4 2 3 3 
Aneesh-HP#2219400052215833600 roll 1
Aneesh-HP#2219400052215833600 roll 2
DICE 1 2 1 5 4 
Aneesh-HP#2219400052215833600 endattack
Aneesh-HP#2219400052215833600 nomove
CARD 
Aneesh-HP#2219400052215833600 placearmies 10 1
Aneesh-HP#2219400052215833600 placearmies 10 1
Aneesh-HP#2219400052215833600 placearmies 10 1
Aneesh-HP#2219400052215833600 attack 10 12
Aneesh-HP#2219400052215833600 roll 3
Aneesh-HP#2219400052215833600 roll 1
DICE 3 1 4 2 1 2 
Aneesh-HP#2219400052215833600 move all
Aneesh-HP#2219400052215833600 attack 12 13
Aneesh-HP#2219400052215833600 roll 3
Aneesh-HP#2219400052215833600 roll 1
DICE 3 1 3 0 0 0 
Aneesh-HP#2219400052215833600 endattack
Aneesh-HP#2219400052215833600 movearmies 13 12 2
CARD 24
Aneesh-HP#2219400052215833600 placearmies 39 1
Aneesh-HP#2219400052215833600 placearmies 39 1
Aneesh-HP#2219400052215833600 placearmies 9 1
Aneesh-HP#2219400052215833600 placearmies 9 1
Aneesh-HP#2219400052215833600 placearmies 9 1
Aneesh-HP#2219400052215833600 attack 9 5
Aneesh-HP#2219400052215833600 roll 3
Aneesh-HP#2219400052215833600 roll 1
DICE 3 1 5 2 0 3 
Aneesh-HP#2219400052215833600 attack 5 10
Aneesh-HP#2219400052215833600 roll 2
Aneesh-HP#2219400052215833600 roll 1
DICE 2 1 1 0 5 
Aneesh-HP#2219400052215833600 roll 1
Aneesh-HP#2219400052215833600 roll 1
DICE 1 1 1 5 
Aneesh-HP#2219400052215833600 attack 39 33
Aneesh-HP#2219400052215833600 roll 3
Aneesh-HP#2219400052215833600 roll 1
DICE 3 1 4 3 2 5 
Aneesh-HP#2219400052215833600 roll 3
Aneesh-HP#2219400052215833600 roll 1
DICE 3 1 0 0 0 0 
Aneesh-HP#2219400052215833600 roll 3
Aneesh-HP#2219400052215833600 roll 1
DICE 3 1 4 2 1 1 
Aneesh-HP#2219400052215833600 move all
Aneesh-HP#2219400052215833600 endattack
Aneesh-HP#2219400052215833600 nomove
CARD 23
Aneesh-HP#2219400052215833600 placearmies 29 1
Aneesh-HP#2219400052215833600 placearmies 29 1
Aneesh-HP#2219400052215833600 placearmies 29 1
Aneesh-HP#2219400052215833600 attack 29 33
Aneesh-HP#2219400052215833600 roll 3
Aneesh-HP#2219400052215833600 roll 2
DICE 3 2 4 4 2 3 2 
Aneesh-HP#2219400052215833600 roll 3
Aneesh-HP#2219400052215833600 roll 2
DICE 3 2 3 1 0 3 1 
Aneesh-HP#2219400052215833600 roll 2
Aneesh-HP#2219400052215833600 roll 2
DICE 2 2 4 1 4 1 
Aneesh-HP#2219400052215833600 endattack
Aneesh-HP#2219400052215833600 nomove
CARD 
Aneesh-HP#2219400052215833600 placearmies 31 1
Aneesh-HP#2219400052215833600 placearmies 31 1
Aneesh-HP#2219400052215833600 placearmies 31 1
Aneesh-HP#2219400052215833600 attack 31 32
Aneesh-HP#2219400052215833600 roll 2
Aneesh-HP#2219400052215833600 roll 1
DICE 2 1 1 1 5 
Aneesh-HP#2219400052215833600 roll 2
Aneesh-HP#2219400052215833600 roll 1
DICE 2 1 5 1 0 
Aneesh-HP#2219400052215833600 attack 32 29
Aneesh-HP#2219400052215833600 roll 1
Aneesh-HP#2219400052215833600 roll 1
DICE 1 1 2 0 
Aneesh-HP#2219400052215833600 endattack
Aneesh-HP#2219400052215833600 movearmies 16 28 2
CARD 11
Aneesh-HP#2219400052215833600 trade 19 24 5
Aneesh-HP#2219400052215833600 placearmies 12 1
Aneesh-HP#2219400052215833600 placearmies 12 1
Aneesh-HP#2219400052215833600 placearmies 10 1
Aneesh-HP#2219400052215833600 placearmies 10 1
Aneesh-HP#2219400052215833600 placearmies 10 1
Aneesh-HP#2219400052215833600 placearmies 10 1
Aneesh-HP#2219400052215833600 placearmies 35 1
Aneesh-HP#2219400052215833600 placearmies 35 1
Aneesh-HP#2219400052215833600 placearmies 35 1
Aneesh-HP#2219400052215833600 placearmies 35 1
Aneesh-HP#2219400052215833600 placearmies 35 1
Aneesh-HP#2219400052215833600 placearmies 35 1
Aneesh-HP#2219400052215833600 placearmies 35 1
Aneesh-HP#2219400052215833600 placearmies 35 1
Aneesh-HP#2219400052215833600 placearmies 35 1
Aneesh-HP#2219400052215833600 placearmies 35 1
Aneesh-HP#2219400052215833600 attack 35 27
Aneesh-HP#2219400052215833600 roll 3
Aneesh-HP#2219400052215833600 roll 1
DICE 3 1 5 4 2 4 
Aneesh-HP#2219400052215833600 move all
Aneesh-HP#2219400052215833600 attack 27 28
Aneesh-HP#2219400052215833600 roll 3
Aneesh-HP#2219400052215833600 roll 2
DICE 3 2 3 2 1 5 1 
Aneesh-HP#2219400052215833600 roll 3
Aneesh-HP#2219400052215833600 roll 2
DICE 3 2 2 1 0 2 0 
Aneesh-HP#2219400052215833600 roll 3
Aneesh-HP#2219400052215833600 roll 1
DICE 3 1 4 4 3 1 
Aneesh-HP#2219400052215833600 move all
Aneesh-HP#2219400052215833600 attack 28 30
Aneesh-HP#2219400052215833600 roll 3
Aneesh-HP#2219400052215833600 roll 1
DICE 3 1 5 3 2 0 
Aneesh-HP#2219400052215833600 move all
Aneesh-HP#2219400052215833600 attack 30 31
Aneesh-HP#2219400052215833600 roll 3
Aneesh-HP#2219400052215833600 roll 1
DICE 3 1 4 2 2 3 
Aneesh-HP#2219400052215833600 move all
Aneesh-HP#2219400052215833600 attack 31 32
Aneesh-HP#2219400052215833600 roll 3
Aneesh-HP#2219400052215833600 roll 1
DICE 3 1 5 4 1 2 
Aneesh-HP#2219400052215833600 move all
Aneesh-HP#2219400052215833600 attack 32 29
Aneesh-HP#2219400052215833600 roll 3
Aneesh-HP#2219400052215833600 roll 1
DICE 3 1 2 2 1 3 
Aneesh-HP#2219400052215833600 roll 2
Aneesh-HP#2219400052215833600 roll 1
DICE 2 1 4 1 5 
Aneesh-HP#2219400052215833600 roll 1
Aneesh-HP#2219400052215833600 roll 1
DICE 1 1 3 1 
Aneesh-HP#2219400052215833600 endattack
Aneesh-HP#2219400052215833600 nomove
CARD 42
Aneesh-HP#2219400052215833600 placearmies 5 1
Aneesh-HP#2219400052215833600 placearmies 5 1
Aneesh-HP#2219400052215833600 placearmies 5 1
Aneesh-HP#2219400052215833600 placearmies 5 1
Aneesh-HP#2219400052215833600 placearmies 5 1
Aneesh-HP#2219400052215833600 placearmies 5 1
Aneesh-HP#2219400052215833600 attack 5 10
Aneesh-HP#2219400052215833600 roll 3
Aneesh-HP#2219400052215833600 roll 2
DICE 3 2 4 3 1 1 0 
Aneesh-HP#2219400052215833600 roll 3
Aneesh-HP#2219400052215833600 roll 2
DICE 3 2 5 1 1 4 4 
Aneesh-HP#2219400052215833600 roll 3
Aneesh-HP#2219400052215833600 roll 2
DICE 3 2 5 3 0 5 4 
Aneesh-HP#2219400052215833600 roll 3
Aneesh-HP#2219400052215833600 roll 2
DICE 3 2 5 1 0 3 3 
Aneesh-HP#2219400052215833600 roll 2
Aneesh-HP#2219400052215833600 roll 1
DICE 2 1 5 1 0 
Aneesh-HP#2219400052215833600 attack 10 11
Aneesh-HP#2219400052215833600 roll 1
Aneesh-HP#2219400052215833600 roll 1
DICE 1 1 5 1 
Aneesh-HP#2219400052215833600 endattack
Aneesh-HP#2219400052215833600 nomove
CARD 38
Aneesh-HP#2219400052215833600 placearmies 15 1
Aneesh-HP#2219400052215833600 placearmies 15 1
Aneesh-HP#2219400052215833600 placearmies 15 1
Aneesh-HP#2219400052215833600 attack 15 16
Aneesh-HP#2219400052215833600 roll 3
Aneesh-HP#2219400052215833600 roll 2
DICE 3 2 2 2 1 2 1 
Aneesh-HP#2219400052215833600 roll 2
Aneesh-HP#2219400052215833600 roll 2
DICE 2 2 2 0 4 1 
Aneesh-HP#2219400052215833600 endattack
Aneesh-HP#2219400052215833600 nomove
CARD 
Aneesh-HP#2219400052215833600 placearmies 16 1
Aneesh-HP#2219400052215833600 placearmies 16 1
Aneesh-HP#2219400052215833600 placearmies 16 1
Aneesh-HP#2219400052215833600 attack 16 28
Aneesh-HP#2219400052215833600 roll 3
Aneesh-HP#2219400052215833600 roll 1
DICE 3 1 5 5 4 2 
Aneesh-HP#2219400052215833600 move all
Aneesh-HP#2219400052215833600 attack 28 27
Aneesh-HP#2219400052215833600 roll 3
Aneesh-HP#2219400052215833600 roll 1
DICE 3 1 5 5 1 4 
Aneesh-HP#2219400052215833600 attack 27 34
Aneesh-HP#2219400052215833600 roll 2
Aneesh-HP#2219400052215833600 roll 1
DICE 2 1 0 0 2 
Aneesh-HP#2219400052215833600 roll 1
Aneesh-HP#2219400052215833600 roll 1
DICE 1 1 1 1 
Aneesh-HP#2219400052215833600 endattack
Aneesh-HP#2219400052215833600 nomove
CARD 25
Aneesh-HP#2219400052215833600 placearmies 35 1
Aneesh-HP#2219400052215833600 placearmies 35 1
Aneesh-HP#2219400052215833600 placearmies 35 1
Aneesh-HP#2219400052215833600 placearmies 12 1
Aneesh-HP#2219400052215833600 attack 12 11
Aneesh-HP#2219400052215833600 roll 3
Aneesh-HP#2219400052215833600 roll 1
DICE 3 1 5 1 0 0 
Aneesh-HP#2219400052215833600 move all
Aneesh-HP#2219400052215833600 attack 11 10
Aneesh-HP#2219400052215833600 roll 3
Aneesh-HP#2219400052215833600 roll 1
DICE 3 1 1 0 0 0 
Aneesh-HP#2219400052215833600 move all
Aneesh-HP#2219400052215833600 attack 35 27
Aneesh-HP#2219400052215833600 roll 3
Aneesh-HP#2219400052215833600 roll 1
DICE 3 1 4 3 2 0 
Aneesh-HP#2219400052215833600 attack 27 28
Aneesh-HP#2219400052215833600 roll 2
Aneesh-HP#2219400052215833600 roll 1
DICE 2 1 5 1 1 
Aneesh-HP#2219400052215833600 endattack
Aneesh-HP#2219400052215833600 movearmies 10 12 2
CARD 17
Aneesh-HP#2219400052215833600 placearmies 33 1
Aneesh-HP#2219400052215833600 placearmies 5 1
Aneesh-HP#2219400052215833600 placearmies 5 1
Aneesh-HP#2219400052215833600 placearmies 33 1
Aneesh-HP#2219400052215833600 placearmies 5 1
Aneesh-HP#2219400052215833600 placearmies 5 1
Aneesh-HP#2219400052215833600 attack 5 10
Aneesh-HP#2219400052215833600 roll 3
Aneesh-HP#2219400052215833600 roll 2
DICE 3 2 5 4 1 1 0 
Aneesh-HP#2219400052215833600 move all
Aneesh-HP#2219400052215833600 attack 10 12
Aneesh-HP#2219400052215833600 retreat
Aneesh-HP#2219400052215833600 attack 10 11
Aneesh-HP#2219400052215833600 roll 3
Aneesh-HP#2219400052215833600 roll 1
DICE 3 1 5 4 1 0 
Aneesh-HP#2219400052215833600 attack 11 13
Aneesh-HP#2219400052215833600 roll 2
Aneesh-HP#2219400052215833600 roll 1
DICE 2 1 5 4 3 
Aneesh-HP#2219400052215833600 attack 13 12
Aneesh-HP#2219400052215833600 roll 1
Aneesh-HP#2219400052215833600 roll 2
DICE 1 2 2 2 1 
Aneesh-HP#2219400052215833600 endattack
Aneesh-HP#2219400052215833600 nomove
CARD 10
Aneesh-HP#2219400052215833600 placearmies 15 1
Aneesh-HP#2219400052215833600 placearmies 15 1
Aneesh-HP#2219400052215833600 placearmies 15 1
Aneesh-HP#2219400052215833600 attack 15 16
Aneesh-HP#2219400052215833600 roll 3
Aneesh-HP#2219400052215833600 roll 1
DICE 3 1 4 3 2 0 
Aneesh-HP#2219400052215833600 endattack
Aneesh-HP#2219400052215833600 nomove
CARD 36
Aneesh-HP#2219400052215833600 placearmies 37 1
Aneesh-HP#2219400052215833600 placearmies 37 1
Aneesh-HP#2219400052215833600 placearmies 37 1
Aneesh-HP#2219400052215833600 attack 37 36
Aneesh-HP#2219400052215833600 roll 3
Aneesh-HP#2219400052215833600 roll 1
DICE 3 1 5 3 3 3 
Aneesh-HP#2219400052215833600 attack 36 38
Aneesh-HP#2219400052215833600 roll 2
Aneesh-HP#2219400052215833600 roll 1
DICE 2 1 4 0 1 
Aneesh-HP#2219400052215833600 endattack
Aneesh-HP#2219400052215833600 nomove
CARD 7
Aneesh-HP#2219400052215833600 placearmies 12 1
Aneesh-HP#2219400052215833600 placearmies 12 1
Aneesh-HP#2219400052215833600 placearmies 12 1
Aneesh-HP#2219400052215833600 placearmies 12 1
Aneesh-HP#2219400052215833600 attack 12 13
Aneesh-HP#2219400052215833600 roll 3
Aneesh-HP#2219400052215833600 roll 1
DICE 3 1 3 3 2 4 
Aneesh-HP#2219400052215833600 roll 3
Aneesh-HP#2219400052215833600 roll 1
DICE 3 1 4 3 1 4 
Aneesh-HP#2219400052215833600 roll 3
Aneesh-HP#2219400052215833600 roll 1
DICE 3 1 5 2 1 4 
Aneesh-HP#2219400052215833600 move all
Aneesh-HP#2219400052215833600 attack 13 11
Aneesh-HP#2219400052215833600 roll 3
Aneesh-HP#2219400052215833600 roll 1
DICE 3 1 5 4 1 5 
Aneesh-HP#2219400052215833600 roll 2
Aneesh-HP#2219400052215833600 roll 1
DICE 2 1 5 0 0 
Aneesh-HP#2219400052215833600 attack 11 10
Aneesh-HP#2219400052215833600 roll 1
Aneesh-HP#2219400052215833600 roll 1
DICE 1 1 5 0 
Aneesh-HP#2219400052215833600 attack 28 16
Aneesh-HP#2219400052215833600 roll 1
Aneesh-HP#2219400052215833600 roll 2
DICE 1 2 2 4 2 
Aneesh-HP#2219400052215833600 endattack
Aneesh-HP#2219400052215833600 nomove
CARD wildcard
Aneesh-HP#2219400052215833600 trade 10 26 23
Aneesh-HP#2219400052215833600 placearmies 5 1
Aneesh-HP#2219400052215833600 placearmies 5 1
Aneesh-HP#2219400052215833600 placearmies 5 1
Aneesh-HP#2219400052215833600 placearmies 5 1
Aneesh-HP#2219400052215833600 placearmies 21 1
Aneesh-HP#2219400052215833600 placearmies 21 1
Aneesh-HP#2219400052215833600 placearmies 21 1
Aneesh-HP#2219400052215833600 placearmies 33 1
Aneesh-HP#2219400052215833600 placearmies 33 1
Aneesh-HP#2219400052215833600 placearmies 33 1
Aneesh-HP#2219400052215833600 placearmies 33 1
Aneesh-HP#2219400052215833600 placearmies 33 1
Aneesh-HP#2219400052215833600 placearmies 33 1
Aneesh-HP#2219400052215833600 placearmies 33 1
Aneesh-HP#2219400052215833600 placearmies 33 1
Aneesh-HP#2219400052215833600 placearmies 33 1
Aneesh-HP#2219400052215833600 attack 33 32
Aneesh-HP#2219400052215833600 roll 3
Aneesh-HP#2219400052215833600 roll 1
DICE 3 1 2 1 1 4 
Aneesh-HP#2219400052215833600 roll 3
Aneesh-HP#2219400052215833600 roll 1
DICE 3 1 5 2 2 1 
Aneesh-HP#2219400052215833600 move 6
Aneesh-HP#2219400052215833600 attack 33 29
Aneesh-HP#2219400052215833600 roll 3
Aneesh-HP#2219400052215833600 roll 1
DICE 3 1 3 0 0 0 
Aneesh-HP#2219400052215833600 move all
Aneesh-HP#2219400052215833600 attack 5 10
Aneesh-HP#2219400052215833600 roll 3
Aneesh-HP#2219400052215833600 roll 1
DICE 3 1 5 1 0 5 
Aneesh-HP#2219400052215833600 roll 3
Aneesh-HP#2219400052215833600 roll 1
DICE 3 1 3 1 0 5 
Aneesh-HP#2219400052215833600 roll 2
Aneesh-HP#2219400052215833600 roll 1
DICE 2 1 0 0 2 
Aneesh-HP#2219400052215833600 roll 1
Aneesh-HP#2219400052215833600 roll 1
DICE 1 1 4 5 
Aneesh-HP#2219400052215833600 attack 21 12
Aneesh-HP#2219400052215833600 roll 3
Aneesh-HP#2219400052215833600 roll 1
DICE 3 1 4 2 1 5 
Aneesh-HP#2219400052215833600 roll 2
Aneesh-HP#2219400052215833600 roll 1
DICE 2 1 5 2 5 
Aneesh-HP#2219400052215833600 roll 1
Aneesh-HP#2219400052215833600 roll 1
DICE 1 1 5 5 
Aneesh-HP#2219400052215833600 attack 26 25
Aneesh-HP#2219400052215833600 roll 2
Aneesh-HP#2219400052215833600 roll 1
DICE 2 1 3 1 5 
Aneesh-HP#2219400052215833600 roll 1
Aneesh-HP#2219400052215833600 roll 1
DICE 1 1 5 1 
Aneesh-HP#2219400052215833600 endattack
Aneesh-HP#2219400052215833600 nomove
CARD 20
Aneesh-HP#2219400052215833600 trade 18 22 36
Aneesh-HP#2219400052215833600 placearmies 6 1
Aneesh-HP#2219400052215833600 placearmies 6 1
Aneesh-HP#2219400052215833600 placearmies 6 1
Aneesh-HP#2219400052215833600 placearmies 6 1
Aneesh-HP#2219400052215833600 placearmies 6 1
Aneesh-HP#2219400052215833600 placearmies 6 1
Aneesh-HP#2219400052215833600 placearmies 6 1
Aneesh-HP#2219400052215833600 placearmies 6 1
Aneesh-HP#2219400052215833600 placearmies 6 1
Aneesh-HP#2219400052215833600 placearmies 6 1
Aneesh-HP#2219400052215833600 placearmies 6 1
Aneesh-HP#2219400052215833600 placearmies 6 1
Aneesh-HP#2219400052215833600 placearmies 6 1
Aneesh-HP#2219400052215833600 placearmies 6 1
Aneesh-HP#2219400052215833600 placearmies 6 1
Aneesh-HP#2219400052215833600 placearmies 6 1
Aneesh-HP#2219400052215833600 placearmies 6 1
Aneesh-HP#2219400052215833600 placearmies 6 1
Aneesh-HP#2219400052215833600 attack 6 2
Aneesh-HP#2219400052215833600 roll 3
Aneesh-HP#2219400052215833600 roll 1
DICE 3 1 2 0 0 2 
Aneesh-HP#2219400052215833600 roll 3
Aneesh-HP#2219400052215833600 roll 1
DICE 3 1 4 4 1 1 
Aneesh-HP#2219400052215833600 move all
Aneesh-HP#2219400052215833600 attack 2 1
Aneesh-HP#2219400052215833600 roll 3
Aneesh-HP#2219400052215833600 roll 1
DICE 3 1 4 4 2 1 
Aneesh-HP#2219400052215833600 move all
Aneesh-HP#2219400052215833600 attack 1 3
Aneesh-HP#2219400052215833600 roll 3
Aneesh-HP#2219400052215833600 roll 1
DICE 3 1 5 3 2 5 
Aneesh-HP#2219400052215833600 roll 3
Aneesh-HP#2219400052215833600 roll 1
DICE 3 1 5 3 1 1 
Aneesh-HP#2219400052215833600 move all
Aneesh-HP#2219400052215833600 attack 3 7
Aneesh-HP#2219400052215833600 roll 3
Aneesh-HP#2219400052215833600 roll 1
DICE 3 1 4 4 2 4 
Aneesh-HP#2219400052215833600 roll 3
Aneesh-HP#2219400052215833600 roll 1
DICE 3 1 4 1 0 1 
Aneesh-HP#2219400052215833600 move all
Aneesh-HP#2219400052215833600 attack 7 9
Aneesh-HP#2219400052215833600 roll 3
Aneesh-HP#2219400052215833600 roll 1
DICE 3 1 3 2 0 0 
Aneesh-HP#2219400052215833600 move all
Aneesh-HP#2219400052215833600 attack 9 4
Aneesh-HP#2219400052215833600 roll 3
Aneesh-HP#2219400052215833600 roll 1
DICE 3 1 5 4 4 4 
Aneesh-HP#2219400052215833600 move all
Aneesh-HP#2219400052215833600 attack 4 5
Aneesh-HP#2219400052215833600 roll 3
Aneesh-HP#2219400052215833600 roll 1
DICE 3 1 5 5 2 5 
Aneesh-HP#2219400052215833600 roll 3
Aneesh-HP#2219400052215833600 roll 1
DICE 3 1 5 2 0 2 
Aneesh-HP#2219400052215833600 move all
Aneesh-HP#2219400052215833600 attack 5 10
Aneesh-HP#2219400052215833600 roll 3
Aneesh-HP#2219400052215833600 roll 1
DICE 3 1 2 1 1 3 
Aneesh-HP#2219400052215833600 roll 3
Aneesh-HP#2219400052215833600 roll 1
DICE 3 1 4 2 0 5 
Aneesh-HP#2219400052215833600 roll 3
Aneesh-HP#2219400052215833600 roll 1
DICE 3 1 3 0 0 4 
Aneesh-HP#2219400052215833600 roll 3
Aneesh-HP#2219400052215833600 roll 1
DICE 3 1 3 2 0 2 
Aneesh-HP#2219400052215833600 move all
Aneesh-HP#2219400052215833600 attack 10 12
Aneesh-HP#2219400052215833600 roll 3
Aneesh-HP#2219400052215833600 roll 1
DICE 3 1 2 2 1 4 
Aneesh-HP#2219400052215833600 roll 2
Aneesh-HP#2219400052215833600 roll 1
DICE 2 1 1 0 5 
Aneesh-HP#2219400052215833600 roll 1
Aneesh-HP#2219400052215833600 roll 1
DICE 1 1 1 4 
Aneesh-HP#2219400052215833600 endattack
Aneesh-HP#2219400052215833600 movearmies 18 16 2
CARD 39
Aneesh-HP#2219400052215833600 trade 40 11 7
Aneesh-HP#2219400052215833600 placearmies 38 1
Aneesh-HP#2219400052215833600 placearmies 38 1
Aneesh-HP#2219400052215833600 placearmies 38 1
Aneesh-HP#2219400052215833600 placearmies 38 1
Aneesh-HP#2219400052215833600 placearmies 38 1
Aneesh-HP#2219400052215833600 placearmies 38 1
Aneesh-HP#2219400052215833600 placearmies 38 1
Aneesh-HP#2219400052215833600 placearmies 38 1
Aneesh-HP#2219400052215833600 placearmies 38 1
Aneesh-HP#2219400052215833600 attack 38 34
Aneesh-HP#2219400052215833600 roll 3
Aneesh-HP#2219400052215833600 roll 1
DICE 3 1 4 2 1 2 
Aneesh-HP#2219400052215833600 move all
Aneesh-HP#2219400052215833600 attack 34 35
Aneesh-HP#2219400052215833600 roll 3
Aneesh-HP#2219400052215833600 roll 1
DICE 3 1 4 4 2 2 
Aneesh-HP#2219400052215833600 move all
Aneesh-HP#2219400052215833600 attack 35 27
Aneesh-HP#2219400052215833600 roll 3
Aneesh-HP#2219400052215833600 roll 1
DICE 3 1 3 1 0 1 
Aneesh-HP#2219400052215833600 move all
Aneesh-HP#2219400052215833600 attack 27 28
Aneesh-HP#2219400052215833600 roll 3
Aneesh-HP#2219400052215833600 roll 1
DICE 3 1 5 4 1 0 
Aneesh-HP#2219400052215833600 move all
Aneesh-HP#2219400052215833600 attack 28 29
Aneesh-HP#2219400052215833600 roll 3
Aneesh-HP#2219400052215833600 roll 2
DICE 3 2 5 3 0 4 1 
Aneesh-HP#2219400052215833600 roll 3
Aneesh-HP#2219400052215833600 roll 2
DICE 3 2 5 1 0 3 0 
Aneesh-HP#2219400052215833600 roll 3
Aneesh-HP#2219400052215833600 roll 1
DICE 3 1 4 2 1 2 
Aneesh-HP#2219400052215833600 move all
Aneesh-HP#2219400052215833600 attack 29 30
Aneesh-HP#2219400052215833600 roll 3
Aneesh-HP#2219400052215833600 roll 1
DICE 3 1 5 3 3 3 
Aneesh-HP#2219400052215833600 move all
Aneesh-HP#2219400052215833600 endattack
Aneesh-HP#2219400052215833600 nomove
CARD 29
Aneesh-HP#2219400052215833600 trade wildcard 17 42
Aneesh-HP#2219400052215833600 placearmies 12 1
Aneesh-HP#2219400052215833600 placearmies 12 1
Aneesh-HP#2219400052215833600 placearmies 12 1
Aneesh-HP#2219400052215833600 placearmies 12 1
Aneesh-HP#2219400052215833600 placearmies 12 1
Aneesh-HP#2219400052215833600 placearmies 12 1
Aneesh-HP#2219400052215833600 placearmies 12 1
Aneesh-HP#2219400052215833600 placearmies 12 1
Aneesh-HP#2219400052215833600 placearmies 12 1
Aneesh-HP#2219400052215833600 placearmies 12 1
Aneesh-HP#2219400052215833600 placearmies 12 1
Aneesh-HP#2219400052215833600 placearmies 12 1
Aneesh-HP#2219400052215833600 placearmies 12 1
Aneesh-HP#2219400052215833600 attack 12 10
Aneesh-HP#2219400052215833600 roll 3
Aneesh-HP#2219400052215833600 roll 1
DICE 3 1 4 3 1 0 
Aneesh-HP#2219400052215833600 move all
Aneesh-HP#2219400052215833600 attack 10 5
Aneesh-HP#2219400052215833600 roll 3
Aneesh-HP#2219400052215833600 roll 1
DICE 3 1 4 4 0 5 
Aneesh-HP#2219400052215833600 roll 3
Aneesh-HP#2219400052215833600 roll 1
DICE 3 1 3 2 1 1 
Aneesh-HP#2219400052215833600 move all
Aneesh-HP#2219400052215833600 attack 5 9
Aneesh-HP#2219400052215833600 roll 3
Aneesh-HP#2219400052215833600 roll 1
DICE 3 1 5 4 4 2 
Aneesh-HP#2219400052215833600 move all
Aneesh-HP#2219400052215833600 attack 9 4
Aneesh-HP#2219400052215833600 roll 3
Aneesh-HP#2219400052215833600 roll 1
DICE 3 1 5 4 0 5 
Aneesh-HP#2219400052215833600 roll 3
Aneesh-HP#2219400052215833600 roll 1
DICE 3 1 3 1 0 1 
Aneesh-HP#2219400052215833600 move all
Aneesh-HP#2219400052215833600 attack 4 3
Aneesh-HP#2219400052215833600 roll 3
Aneesh-HP#2219400052215833600 roll 1
DICE 3 1 3 1 0 5 
Aneesh-HP#2219400052215833600 roll 3
Aneesh-HP#2219400052215833600 roll 1
DICE 3 1 4 2 0 1 
Aneesh-HP#2219400052215833600 move all
Aneesh-HP#2219400052215833600 attack 3 2
Aneesh-HP#2219400052215833600 roll 3
Aneesh-HP#2219400052215833600 roll 1
DICE 3 1 4 2 0 4 
Aneesh-HP#2219400052215833600 roll 3
Aneesh-HP#2219400052215833600 roll 1
DICE 3 1 4 4 2 4 
Aneesh-HP#2219400052215833600 roll 3
Aneesh-HP#2219400052215833600 roll 1
DICE 3 1 5 2 1 1 
Aneesh-HP#2219400052215833600 attack 2 1
Aneesh-HP#2219400052215833600 roll 2
Aneesh-HP#2219400052215833600 roll 1
DICE 2 1 4 3 0 
Aneesh-HP#2219400052215833600 endattack
Aneesh-HP#2219400052215833600 nomove
CARD 14
Aneesh-HP#2219400052215833600 placearmies 24 1
Aneesh-HP#2219400052215833600 placearmies 24 1
Aneesh-HP#2219400052215833600 placearmies 24 1
Aneesh-HP#2219400052215833600 placearmies 24 1
Aneesh-HP#2219400052215833600 placearmies 24 1
Aneesh-HP#2219400052215833600 attack 24 22
Aneesh-HP#2219400052215833600 roll 3
Aneesh-HP#2219400052215833600 roll 1
DICE 3 1 5 4 2 2 
Aneesh-HP#2219400052215833600 move all
Aneesh-HP#2219400052215833600 attack 22 20
Aneesh-HP#2219400052215833600 roll 3
Aneesh-HP#2219400052215833600 roll 1
DICE 3 1 5 5 4 2 
Aneesh-HP#2219400052215833600 move all
Aneesh-HP#2219400052215833600 attack 20 19
Aneesh-HP#2219400052215833600 roll 3
Aneesh-HP#2219400052215833600 roll 1
DICE 3 1 5 4 1 5 
Aneesh-HP#2219400052215833600 roll 2
Aneesh-HP#2219400052215833600 roll 1
DICE 2 1 5 4 0 
Aneesh-HP#2219400052215833600 attack 19 18
Aneesh-HP#2219400052215833600 roll 1
Aneesh-HP#2219400052215833600 roll 1
DICE 1 1 2 0 
Aneesh-HP#2219400052215833600 endattack
Aneesh-HP#2219400052215833600 movearmies 32 33 5
CARD 13
Aneesh-HP#2219400052215833600 placearmies 16 1
Aneesh-HP#2219400052215833600 placearmies 16 1
Aneesh-HP#2219400052215833600 placearmies 16 1
Aneesh-HP#2219400052215833600 attack 16 18
Aneesh-HP#2219400052215833600 roll 3
Aneesh-HP#2219400052215833600 roll 1
DICE 3 1 5 1 0 2 
Aneesh-HP#2219400052215833600 move all
Aneesh-HP#2219400052215833600 attack 18 19
Aneesh-HP#2219400052215833600 roll 3
Aneesh-HP#2219400052215833600 roll 1
DICE 3 1 4 2 1 3 
Aneesh-HP#2219400052215833600 move all
Aneesh-HP#2219400052215833600 attack 19 20
Aneesh-HP#2219400052215833600 roll 3
Aneesh-HP#2219400052215833600 roll 1
DICE 3 1 5 5 0 1 
Aneesh-HP#2219400052215833600 move all
Aneesh-HP#2219400052215833600 attack 20 31
Aneesh-HP#2219400052215833600 roll 3
Aneesh-HP#2219400052215833600 roll 1
DICE 3 1 5 4 2 3 
Aneesh-HP#2219400052215833600 move all
Aneesh-HP#2219400052215833600 endattack
Aneesh-HP#2219400052215833600 movearmies 31 16 3
CARD 35
Aneesh-HP#2219400052215833600 placearmies 30 1
Aneesh-HP#2219400052215833600 placearmies 30 1
Aneesh-HP#2219400052215833600 placearmies 30 1
Aneesh-HP#2219400052215833600 attack 30 16
Aneesh-HP#2219400052215833600 roll 3
Aneesh-HP#2219400052215833600 roll 2
DICE 3 2 3 1 1 4 1 
Aneesh-HP#2219400052215833600 roll 3
Aneesh-HP#2219400052215833600 roll 2
DICE 3 2 3 2 0 2 0 
Aneesh-HP#2219400052215833600 roll 3
Aneesh-HP#2219400052215833600 roll 2
DICE 3 2 1 1 0 3 0 
Aneesh-HP#2219400052215833600 roll 3
Aneesh-HP#2219400052215833600 roll 1
DICE 3 1 3 1 1 3 
Aneesh-HP#2219400052215833600 roll 3
Aneesh-HP#2219400052215833600 roll 1
DICE 3 1 1 1 0 5 
Aneesh-HP#2219400052215833600 retreat
Aneesh-HP#2219400052215833600 attack 30 16
Aneesh-HP#2219400052215833600 roll 2
Aneesh-HP#2219400052215833600 roll 1
DICE 2 1 5 4 4 
Aneesh-HP#2219400052215833600 attack 16 31
Aneesh-HP#2219400052215833600 roll 1
Aneesh-HP#2219400052215833600 roll 1
DICE 1 1 4 0 
Aneesh-HP#2219400052215833600 endattack
Aneesh-HP#2219400052215833600 nomove
CARD 33
Aneesh-HP#2219400052215833600 placearmies 12 1
Aneesh-HP#2219400052215833600 placearmies 12 1
Aneesh-HP#2219400052215833600 placearmies 12 1
Aneesh-HP#2219400052215833600 placearmies 12 1
Aneesh-HP#2219400052215833600 placearmies 1 1
Aneesh-HP#2219400052215833600 attack 1 38
Aneesh-HP#2219400052215833600 roll 2
Aneesh-HP#2219400052215833600 roll 1
DICE 2 1 5 2 4 
Aneesh-HP#2219400052215833600 attack 38 34
Aneesh-HP#2219400052215833600 roll 1
Aneesh-HP#2219400052215833600 roll 1
DICE 1 1 0 5 
Aneesh-HP#2219400052215833600 endattack
Aneesh-HP#2219400052215833600 nomove
CARD 16
Aneesh-HP#2219400052215833600 placearmies 33 1
Aneesh-HP#2219400052215833600 placearmies 21 1
Aneesh-HP#2219400052215833600 placearmies 21 1
Aneesh-HP#2219400052215833600 placearmies 21 1
Aneesh-HP#2219400052215833600 placearmies 21 1
Aneesh-HP#2219400052215833600 placearmies 21 1
Aneesh-HP#2219400052215833600 placearmies 21 1
Aneesh-HP#2219400052215833600 placearmies 22 1
Aneesh-HP#2219400052215833600 placearmies 22 1
Aneesh-HP#2219400052215833600 attack 22 20
Aneesh-HP#2219400052215833600 roll 2
Aneesh-HP#2219400052215833600 roll 1
DICE 2 1 5 1 1 
Aneesh-HP#2219400052215833600 attack 20 19
Aneesh-HP#2219400052215833600 roll 1
Aneesh-HP#2219400052215833600 roll 1
DICE 1 1 2 5 
Aneesh-HP#2219400052215833600 attack 21 12
Aneesh-HP#2219400052215833600 roll 3
Aneesh-HP#2219400052215833600 roll 2
DICE 3 2 5 4 0 5 3 
Aneesh-HP#2219400052215833600 roll 3
Aneesh-HP#2219400052215833600 roll 2
DICE 3 2 4 1 0 2 2 
Aneesh-HP#2219400052215833600 roll 3
Aneesh-HP#2219400052215833600 roll 2
DICE 3 2 3 1 1 3 3 
Aneesh-HP#2219400052215833600 roll 2
Aneesh-HP#2219400052215833600 roll 2
DICE 2 2 3 1 2 1 
Aneesh-HP#2219400052215833600 roll 1
Aneesh-HP#2219400052215833600 roll 2
DICE 1 2 5 1 1 
Aneesh-HP#2219400052215833600 roll 1
Aneesh-HP#2219400052215833600 roll 1
DICE 1 1 5 3 
Aneesh-HP#2219400052215833600 endattack
Aneesh-HP#2219400052215833600 nomove
CARD 2
Aneesh-HP#2219400052215833600 placearmies 18 1
Aneesh-HP#2219400052215833600 placearmies 18 1
Aneesh-HP#2219400052215833600 placearmies 18 1
Aneesh-HP#2219400052215833600 attack 18 16
Aneesh-HP#2219400052215833600 roll 3
Aneesh-HP#2219400052215833600 roll 1
DICE 3 1 5 2 0 4 
Aneesh-HP#2219400052215833600 attack 16 20
Aneesh-HP#2219400052215833600 roll 2
Aneesh-HP#2219400052215833600 roll 1
DICE 2 1 4 0 3 
Aneesh-HP#2219400052215833600 endattack
Aneesh-HP#2219400052215833600 nomove
CARD 12
Aneesh-HP#2219400052215833600 placearmies 28 1
Aneesh-HP#2219400052215833600 placearmies 28 1
Aneesh-HP#2219400052215833600 placearmies 28 1
Aneesh-HP#2219400052215833600 attack 28 16
Aneesh-HP#2219400052215833600 roll 3
Aneesh-HP#2219400052215833600 roll 1
DICE 3 1 5 1 0 1 
Aneesh-HP#2219400052215833600 attack 16 15
Aneesh-HP#2219400052215833600 roll 2
Aneesh-HP#2219400052215833600 roll 1
DICE 2 1 4 0 0 
Aneesh-HP#2219400052215833600 attack 15 18
Aneesh-HP#2219400052215833600 roll 1
Aneesh-HP#2219400052215833600 roll 1
DICE 1 1 5 3 
Aneesh-HP#2219400052215833600 endattack
Aneesh-HP#2219400052215833600 nomove
CARD 1
Aneesh-HP#2219400052215833600 placearmies 11 1
Aneesh-HP#2219400052215833600 placearmies 11 1
Aneesh-HP#2219400052215833600 placearmies 11 1
Aneesh-HP#2219400052215833600 attack 11 12
Aneesh-HP#2219400052215833600 roll 3
Aneesh-HP#2219400052215833600 roll 1
DICE 3 1 3 0 0 0 
Aneesh-HP#2219400052215833600 endattack
Aneesh-HP#2219400052215833600 nomove
CARD 6
Aneesh-HP#2219400052215833600 trade 2 37 38
Aneesh-HP#2219400052215833600 placearmies 21 1
Aneesh-HP#2219400052215833600 placearmies 21 1
Aneesh-HP#2219400052215833600 placearmies 21 1
Aneesh-HP#2219400052215833600 placearmies 21 1
Aneesh-HP#2219400052215833600 placearmies 21 1
Aneesh-HP#2219400052215833600 placearmies 21 1
Aneesh-HP#2219400052215833600 placearmies 21 1
Aneesh-HP#2219400052215833600 placearmies 21 1
Aneesh-HP#2219400052215833600 placearmies 21 1
Aneesh-HP#2219400052215833600 placearmies 21 1
Aneesh-HP#2219400052215833600 placearmies 21 1
Aneesh-HP#2219400052215833600 placearmies 21 1
Aneesh-HP#2219400052215833600 placearmies 21 1
Aneesh-HP#2219400052215833600 placearmies 21 1
Aneesh-HP#2219400052215833600 placearmies 21 1
Aneesh-HP#2219400052215833600 placearmies 21 1
Aneesh-HP#2219400052215833600 placearmies 21 1
Aneesh-HP#2219400052215833600 placearmies 21 1
Aneesh-HP#2219400052215833600 placearmies 21 1
Aneesh-HP#2219400052215833600 attack 21 19
Aneesh-HP#2219400052215833600 roll 3
Aneesh-HP#2219400052215833600 roll 1
DICE 3 1 5 4 1 4 
Aneesh-HP#2219400052215833600 move all
Aneesh-HP#2219400052215833600 attack 19 17
Aneesh-HP#2219400052215833600 roll 3
Aneesh-HP#2219400052215833600 roll 1
DICE 3 1 4 2 0 0 
Aneesh-HP#2219400052215833600 move all
Aneesh-HP#2219400052215833600 attack 17 14
Aneesh-HP#2219400052215833600 roll 3
Aneesh-HP#2219400052215833600 roll 1
DICE 3 1 5 2 1 5 
Aneesh-HP#2219400052215833600 roll 3
Aneesh-HP#2219400052215833600 roll 1
DICE 3 1 5 3 2 0 
Aneesh-HP#2219400052215833600 move all
Aneesh-HP#2219400052215833600 attack 14 15
Aneesh-HP#2219400052215833600 roll 3
Aneesh-HP#2219400052215833600 roll 1
DICE 3 1 4 3 1 1 
Aneesh-HP#2219400052215833600 move all
Aneesh-HP#2219400052215833600 attack 15 18
Aneesh-HP#2219400052215833600 roll 3
Aneesh-HP#2219400052215833600 roll 1
DICE 3 1 4 4 1 0 
Aneesh-HP#2219400052215833600 move all
Aneesh-HP#2219400052215833600 attack 18 20
Aneesh-HP#2219400052215833600 roll 3
Aneesh-HP#2219400052215833600 roll 2
DICE 3 2 4 4 0 5 5 
Aneesh-HP#2219400052215833600 roll 3
Aneesh-HP#2219400052215833600 roll 2
DICE 3 2 4 2 0 5 2 
Aneesh-HP#2219400052215833600 roll 3
Aneesh-HP#2219400052215833600 roll 2
DICE 3 2 1 1 0 4 2 
Aneesh-HP#2219400052215833600 roll 3
Aneesh-HP#2219400052215833600 roll 2
DICE 3 2 5 3 1 1 1 
Aneesh-HP#2219400052215833600 move all
Aneesh-HP#2219400052215833600 attack 20 16
Aneesh-HP#2219400052215833600 roll 3
Aneesh-HP#2219400052215833600 roll 1
DICE 3 1 4 2 1 4 
Aneesh-HP#2219400052215833600 roll 3
Aneesh-HP#2219400052215833600 roll 1
DICE 3 1 3 3 0 1 
Aneesh-HP#2219400052215833600 move all
