Jibs_PC#6855740537137509376 newplayer human red s0914007
Jibs_PC#6855740537137509376 newplayer human black bob
Jibs_PC#6855740537137509376 newplayer human yellow fred
Jibs_PC#6855740537137509376 startgame mission fixed autoplaceall recycle
PLAYER bob
MISSION 3 0 0
PLACEALL 35 25 34 36 23 30 32 7 24 16 40 3 6 26 10 15 21 42 9 4 11 8 22 39 33 28 14 5 13 17 18 31 27 29 12 1 37 41 38 19 2 20
Jibs_PC#6855740537137509376 placearmies 5 1
CARD 
Jibs_PC#6855740537137509376 placearmies 41 1
CARD 
Jibs_PC#6855740537137509376 placearmies 10 1
CARD 
Jibs_PC#6855740537137509376 placearmies 5 1
CARD 
Jibs_PC#6855740537137509376 placearmies 41 1
CARD 
Jibs_PC#6855740537137509376 placearmies 11 1
CARD 
Jibs_PC#6855740537137509376 placearmies 5 1
CARD 
Jibs_PC#6855740537137509376 placearmies 31 1
CARD 
Jibs_PC#6855740537137509376 placearmies 17 1
CARD 
Jibs_PC#6855740537137509376 placearmies 5 1
CARD 
Jibs_PC#6855740537137509376 placearmies 31 1
CARD 
Jibs_PC#6855740537137509376 placearmies 42 1
CARD 
Jibs_PC#6855740537137509376 placearmies 5 1
CARD 
Jibs_PC#6855740537137509376 placearmies 41 1
CARD 
Jibs_PC#6855740537137509376 placearmies 42 1
CARD 
Jibs_PC#6855740537137509376 placearmies 16 1
CARD 
Jibs_PC#6855740537137509376 placearmies 28 1
CARD 
Jibs_PC#6855740537137509376 placearmies 42 1
CARD 
Jibs_PC#6855740537137509376 placearmies 35 1
CARD 
Jibs_PC#6855740537137509376 placearmies 41 1
CARD 
Jibs_PC#6855740537137509376 placearmies 10 1
CARD 
Jibs_PC#6855740537137509376 placearmies 5 1
CARD 
Jibs_PC#6855740537137509376 placearmies 28 1
CARD 
Jibs_PC#6855740537137509376 placearmies 42 1
CARD 
Jibs_PC#6855740537137509376 placearmies 16 1
CARD 
Jibs_PC#6855740537137509376 placearmies 40 1
CARD 
Jibs_PC#6855740537137509376 placearmies 42 1
CARD 
Jibs_PC#6855740537137509376 placearmies 5 1
CARD 
Jibs_PC#6855740537137509376 placearmies 31 1
CARD 
Jibs_PC#6855740537137509376 placearmies 10 1
CARD 
Jibs_PC#6855740537137509376 placearmies 16 1
CARD 
Jibs_PC#6855740537137509376 placearmies 41 1
CARD 
Jibs_PC#6855740537137509376 placearmies 42 1
CARD 
Jibs_PC#6855740537137509376 placearmies 5 1
CARD 
Jibs_PC#6855740537137509376 placearmies 31 1
CARD 
Jibs_PC#6855740537137509376 placearmies 39 1
CARD 
Jibs_PC#6855740537137509376 placearmies 5 1
CARD 
Jibs_PC#6855740537137509376 placearmies 40 1
CARD 
Jibs_PC#6855740537137509376 placearmies 42 1
CARD 
Jibs_PC#6855740537137509376 placearmies 16 1
CARD 
Jibs_PC#6855740537137509376 placearmies 28 1
CARD 
Jibs_PC#6855740537137509376 placearmies 11 1
CARD 
Jibs_PC#6855740537137509376 placearmies 16 1
CARD 
Jibs_PC#6855740537137509376 placearmies 31 1
CARD 
Jibs_PC#6855740537137509376 placearmies 39 1
CARD 
Jibs_PC#6855740537137509376 placearmies 16 1
CARD 
Jibs_PC#6855740537137509376 placearmies 31 1
CARD 
Jibs_PC#6855740537137509376 placearmies 42 1
CARD 
Jibs_PC#6855740537137509376 placearmies 16 1
CARD 
Jibs_PC#6855740537137509376 placearmies 41 1
CARD 
Jibs_PC#6855740537137509376 placearmies 42 1
CARD 
Jibs_PC#6855740537137509376 placearmies 16 1
CARD 
Jibs_PC#6855740537137509376 placearmies 31 1
CARD 
Jibs_PC#6855740537137509376 placearmies 20 1
CARD 
Jibs_PC#6855740537137509376 placearmies 5 1
CARD 
Jibs_PC#6855740537137509376 placearmies 28 1
CARD 
Jibs_PC#6855740537137509376 placearmies 39 1
CARD 
Jibs_PC#6855740537137509376 placearmies 16 1
CARD 
Jibs_PC#6855740537137509376 placearmies 41 1
CARD 
Jibs_PC#6855740537137509376 placearmies 11 1
CARD 
Jibs_PC#6855740537137509376 placearmies 5 1
CARD 
Jibs_PC#6855740537137509376 placearmies 31 1
CARD 
Jibs_PC#6855740537137509376 placearmies 39 1
CARD 
Jibs_PC#6855740537137509376 placearmies 5 1
Jibs_PC#6855740537137509376 placearmies 5 1
Jibs_PC#6855740537137509376 placearmies 5 1
Jibs_PC#6855740537137509376 placearmies 16 1
Jibs_PC#6855740537137509376 attack 5 10
Jibs_PC#6855740537137509376 roll 3
Jibs_PC#6855740537137509376 roll 2
DICE 3 2 5 2 2 4 4 
Jibs_PC#6855740537137509376 roll 3
Jibs_PC#6855740537137509376 roll 2
DICE 3 2 4 4 3 4 3 
Jibs_PC#6855740537137509376 roll 3
Jibs_PC#6855740537137509376 roll 2
DICE 3 2 5 4 4 5 1 
Jibs_PC#6855740537137509376 roll 3
Jibs_PC#6855740537137509376 roll 1
DICE 3 1 5 3 2 4 
Jibs_PC#6855740537137509376 move 8
Jibs_PC#6855740537137509376 attack 10 11
Jibs_PC#6855740537137509376 roll 3
Jibs_PC#6855740537137509376 roll 2
DICE 3 2 4 4 0 5 4 
Jibs_PC#6855740537137509376 roll 3
Jibs_PC#6855740537137509376 roll 2
DICE 3 2 5 3 3 4 3 
Jibs_PC#6855740537137509376 roll 3
Jibs_PC#6855740537137509376 roll 2
DICE 3 2 2 0 0 1 0 
Jibs_PC#6855740537137509376 roll 3
Jibs_PC#6855740537137509376 roll 2
DICE 3 2 4 2 0 2 0 
Jibs_PC#6855740537137509376 attack 11 13
Jibs_PC#6855740537137509376 roll 2
Jibs_PC#6855740537137509376 roll 1
DICE 2 1 4 3 3 
Jibs_PC#6855740537137509376 attack 16 28
Jibs_PC#6855740537137509376 roll 3
Jibs_PC#6855740537137509376 roll 2
DICE 3 2 4 2 0 2 2 
Jibs_PC#6855740537137509376 roll 3
Jibs_PC#6855740537137509376 roll 2
DICE 3 2 4 3 0 4 1 
Jibs_PC#6855740537137509376 roll 3
Jibs_PC#6855740537137509376 roll 2
DICE 3 2 4 2 1 3 2 
Jibs_PC#6855740537137509376 roll 3
Jibs_PC#6855740537137509376 roll 2
DICE 3 2 3 2 1 4 3 
Jibs_PC#6855740537137509376 roll 3
Jibs_PC#6855740537137509376 roll 2
DICE 3 2 5 4 2 2 2 
Jibs_PC#6855740537137509376 move 4
Jibs_PC#6855740537137509376 attack 16 30
Jibs_PC#6855740537137509376 roll 1
Jibs_PC#6855740537137509376 roll 1
DICE 1 1 4 4 
Jibs_PC#6855740537137509376 attack 28 30
Jibs_PC#6855740537137509376 roll 3
Jibs_PC#6855740537137509376 roll 1
DICE 3 1 4 2 0 3 
Jibs_PC#6855740537137509376 endattack
Jibs_PC#6855740537137509376 nomove
CARD 41
Jibs_PC#6855740537137509376 placearmies 31 1
Jibs_PC#6855740537137509376 placearmies 41 1
Jibs_PC#6855740537137509376 placearmies 41 1
Jibs_PC#6855740537137509376 placearmies 41 1
Jibs_PC#6855740537137509376 attack 31 16
Jibs_PC#6855740537137509376 roll 3
Jibs_PC#6855740537137509376 roll 1
DICE 3 1 1 1 0 1 
Jibs_PC#6855740537137509376 roll 3
Jibs_PC#6855740537137509376 roll 1
DICE 3 1 1 0 0 2 
Jibs_PC#6855740537137509376 roll 3
Jibs_PC#6855740537137509376 roll 1
DICE 3 1 4 1 0 4 
Jibs_PC#6855740537137509376 roll 3
Jibs_PC#6855740537137509376 roll 1
DICE 3 1 4 2 1 2 
Jibs_PC#6855740537137509376 move 6
Jibs_PC#6855740537137509376 attack 16 18
Jibs_PC#6855740537137509376 roll 3
Jibs_PC#6855740537137509376 roll 1
DICE 3 1 5 2 0 3 
Jibs_PC#6855740537137509376 move 5
Jibs_PC#6855740537137509376 attack 18 19
Jibs_PC#6855740537137509376 roll 3
Jibs_PC#6855740537137509376 roll 1
DICE 3 1 5 3 3 1 
Jibs_PC#6855740537137509376 move 3
Jibs_PC#6855740537137509376 attack 41 39
Jibs_PC#6855740537137509376 retreat
Jibs_PC#6855740537137509376 attack 41 42
Jibs_PC#6855740537137509376 roll 3
Jibs_PC#6855740537137509376 roll 2
DICE 3 2 5 4 2 4 2 
Jibs_PC#6855740537137509376 roll 3
Jibs_PC#6855740537137509376 roll 2
DICE 3 2 4 1 0 3 3 
Jibs_PC#6855740537137509376 roll 3
Jibs_PC#6855740537137509376 roll 2
DICE 3 2 5 4 0 5 2 
Jibs_PC#6855740537137509376 roll 3
Jibs_PC#6855740537137509376 roll 2
DICE 3 2 5 1 0 2 1 
Jibs_PC#6855740537137509376 roll 3
Jibs_PC#6855740537137509376 roll 2
DICE 3 2 5 4 1 4 1 
Jibs_PC#6855740537137509376 retreat
Jibs_PC#6855740537137509376 endattack
Jibs_PC#6855740537137509376 nomove
CARD 19
Jibs_PC#6855740537137509376 placearmies 39 1
Jibs_PC#6855740537137509376 placearmies 42 1
Jibs_PC#6855740537137509376 placearmies 42 1
Jibs_PC#6855740537137509376 attack 39 40
Jibs_PC#6855740537137509376 roll 3
Jibs_PC#6855740537137509376 roll 2
DICE 3 2 2 1 0 3 3 
Jibs_PC#6855740537137509376 roll 3
Jibs_PC#6855740537137509376 roll 2
DICE 3 2 4 4 1 3 2 
Jibs_PC#6855740537137509376 roll 3
Jibs_PC#6855740537137509376 roll 1
DICE 3 1 5 3 1 5 
Jibs_PC#6855740537137509376 roll 2
Jibs_PC#6855740537137509376 roll 1
DICE 2 1 5 1 1 
Jibs_PC#6855740537137509376 attack 17 15
Jibs_PC#6855740537137509376 retreat
Jibs_PC#6855740537137509376 endattack
Jibs_PC#6855740537137509376 nomove
CARD 26
Jibs_PC#6855740537137509376 placearmies 35 1
Jibs_PC#6855740537137509376 placearmies 35 1
Jibs_PC#6855740537137509376 placearmies 35 1
Jibs_PC#6855740537137509376 placearmies 35 1
Jibs_PC#6855740537137509376 placearmies 11 1
Jibs_PC#6855740537137509376 attack 11 12
Jibs_PC#6855740537137509376 roll 1
Jibs_PC#6855740537137509376 roll 1
DICE 1 1 4 5 
Jibs_PC#6855740537137509376 attack 13 12
Jibs_PC#6855740537137509376 roll 1
Jibs_PC#6855740537137509376 roll 1
DICE 1 1 5 0 
Jibs_PC#6855740537137509376 attack 35 27
Jibs_PC#6855740537137509376 roll 3
Jibs_PC#6855740537137509376 roll 1
DICE 3 1 5 5 1 2 
Jibs_PC#6855740537137509376 move 3
Jibs_PC#6855740537137509376 attack 27 34
Jibs_PC#6855740537137509376 roll 2
Jibs_PC#6855740537137509376 roll 1
DICE 2 1 3 0 0 
Jibs_PC#6855740537137509376 attack 30 31
Jibs_PC#6855740537137509376 roll 2
Jibs_PC#6855740537137509376 roll 1
DICE 2 1 3 0 1 
Jibs_PC#6855740537137509376 attack 35 38
Jibs_PC#6855740537137509376 roll 2
Jibs_PC#6855740537137509376 roll 1
DICE 2 1 1 0 4 
Jibs_PC#6855740537137509376 roll 1
Jibs_PC#6855740537137509376 roll 1
DICE 1 1 5 2 
