Jibs_PC#2038919612994898944 newplayer ai hard green s0914007
Jibs_PC#2038919612994898944 newplayer ai hard blue bob
Jibs_PC#2038919612994898944 newplayer ai hard red fred
Jibs_PC#2038919612994898944 newplayer ai hard cyan ted
Jibs_PC#2038919612994898944 newplayer ai hard magenta yura
Jibs_PC#2038919612994898944 newplayer ai hard yellow lala
Jibs_PC#2038919612994898944 startgame mission fixed autoplaceall recycle
PLAYER lala
MISSION 3 4 1 1 0 0
PLACEALL 11 1 22 35 32 26 41 15 20 13 14 40 30 25 23 29 10 27 36 28 39 7 6 4 17 2 24 9 12 33 8 5 18 37 3 16 34 38 21 42 31 19
Jibs_PC#2038919612994898944 placearmies 41 1
CARD 
Jibs_PC#2038919612994898944 placearmies 5 1
CARD 
Jibs_PC#2038919612994898944 placearmies 24 1
CARD 
Jibs_PC#2038919612994898944 placearmies 42 1
CARD 
Jibs_PC#2038919612994898944 placearmies 32 1
CARD 
Jibs_PC#2038919612994898944 placearmies 19 1
CARD 
Jibs_PC#2038919612994898944 placearmies 41 1
CARD 
Jibs_PC#2038919612994898944 placearmies 5 1
CARD 
Jibs_PC#2038919612994898944 placearmies 24 1
CARD 
Jibs_PC#2038919612994898944 placearmies 42 1
CARD 
Jibs_PC#2038919612994898944 placearmies 32 1
CARD 
Jibs_PC#2038919612994898944 placearmies 19 1
CARD 
Jibs_PC#2038919612994898944 placearmies 41 1
CARD 
Jibs_PC#2038919612994898944 placearmies 5 1
CARD 
Jibs_PC#2038919612994898944 placearmies 24 1
CARD 
Jibs_PC#2038919612994898944 placearmies 42 1
CARD 
Jibs_PC#2038919612994898944 placearmies 32 1
CARD 
Jibs_PC#2038919612994898944 placearmies 19 1
CARD 
Jibs_PC#2038919612994898944 placearmies 41 1
CARD 
Jibs_PC#2038919612994898944 placearmies 5 1
CARD 
Jibs_PC#2038919612994898944 placearmies 24 1
CARD 
Jibs_PC#2038919612994898944 placearmies 42 1
CARD 
Jibs_PC#2038919612994898944 placearmies 32 1
CARD 
Jibs_PC#2038919612994898944 placearmies 19 1
CARD 
Jibs_PC#2038919612994898944 placearmies 41 1
CARD 
Jibs_PC#2038919612994898944 placearmies 5 1
CARD 
Jibs_PC#2038919612994898944 placearmies 24 1
CARD 
Jibs_PC#2038919612994898944 placearmies 42 1
CARD 
Jibs_PC#2038919612994898944 placearmies 32 1
CARD 
Jibs_PC#2038919612994898944 placearmies 19 1
CARD 
Jibs_PC#2038919612994898944 placearmies 41 1
CARD 
Jibs_PC#2038919612994898944 placearmies 5 1
CARD 
Jibs_PC#2038919612994898944 placearmies 24 1
CARD 
Jibs_PC#2038919612994898944 placearmies 42 1
CARD 
Jibs_PC#2038919612994898944 placearmies 32 1
CARD 
Jibs_PC#2038919612994898944 placearmies 19 1
CARD 
Jibs_PC#2038919612994898944 placearmies 41 1
CARD 
Jibs_PC#2038919612994898944 placearmies 5 1
CARD 
Jibs_PC#2038919612994898944 placearmies 24 1
CARD 
Jibs_PC#2038919612994898944 placearmies 42 1
CARD 
Jibs_PC#2038919612994898944 placearmies 32 1
CARD 
Jibs_PC#2038919612994898944 placearmies 19 1
CARD 
Jibs_PC#2038919612994898944 placearmies 8 1
CARD 
Jibs_PC#2038919612994898944 placearmies 5 1
CARD 
Jibs_PC#2038919612994898944 placearmies 21 1
CARD 
Jibs_PC#2038919612994898944 placearmies 13 1
CARD 
Jibs_PC#2038919612994898944 placearmies 32 1
CARD 
Jibs_PC#2038919612994898944 placearmies 19 1
CARD 
Jibs_PC#2038919612994898944 placearmies 8 1
CARD 
Jibs_PC#2038919612994898944 placearmies 5 1
CARD 
Jibs_PC#2038919612994898944 placearmies 21 1
CARD 
Jibs_PC#2038919612994898944 placearmies 13 1
CARD 
Jibs_PC#2038919612994898944 placearmies 32 1
CARD 
Jibs_PC#2038919612994898944 placearmies 19 1
CARD 
Jibs_PC#2038919612994898944 placearmies 8 1
CARD 
Jibs_PC#2038919612994898944 placearmies 5 1
CARD 
Jibs_PC#2038919612994898944 placearmies 21 1
CARD 
Jibs_PC#2038919612994898944 placearmies 13 1
CARD 
Jibs_PC#2038919612994898944 placearmies 32 1
CARD 
Jibs_PC#2038919612994898944 placearmies 19 1
CARD 
Jibs_PC#2038919612994898944 placearmies 8 1
CARD 
Jibs_PC#2038919612994898944 placearmies 5 1
CARD 
Jibs_PC#2038919612994898944 placearmies 21 1
CARD 
Jibs_PC#2038919612994898944 placearmies 13 1
CARD 
Jibs_PC#2038919612994898944 placearmies 32 1
CARD 
Jibs_PC#2038919612994898944 placearmies 19 1
CARD 
Jibs_PC#2038919612994898944 placearmies 8 1
CARD 
Jibs_PC#2038919612994898944 placearmies 5 1
CARD 
Jibs_PC#2038919612994898944 placearmies 21 1
CARD 
Jibs_PC#2038919612994898944 placearmies 13 1
CARD 
Jibs_PC#2038919612994898944 placearmies 32 1
CARD 
Jibs_PC#2038919612994898944 placearmies 19 1
CARD 
Jibs_PC#2038919612994898944 placearmies 8 1
CARD 
Jibs_PC#2038919612994898944 placearmies 5 1
CARD 
Jibs_PC#2038919612994898944 placearmies 21 1
CARD 
Jibs_PC#2038919612994898944 placearmies 13 1
CARD 
Jibs_PC#2038919612994898944 placearmies 32 1
CARD 
Jibs_PC#2038919612994898944 placearmies 19 1
CARD 
Jibs_PC#2038919612994898944 placearmies 8 3
Jibs_PC#2038919612994898944 attack 41 39
Jibs_PC#2038919612994898944 roll 3
Jibs_PC#2038919612994898944 roll 1
DICE 3 1 5 4 1 4 
Jibs_PC#2038919612994898944 move 7
Jibs_PC#2038919612994898944 attack 39 40
Jibs_PC#2038919612994898944 roll 3
Jibs_PC#2038919612994898944 roll 1
DICE 3 1 5 5 3 2 
Jibs_PC#2038919612994898944 move 6
Jibs_PC#2038919612994898944 endattack
Jibs_PC#2038919612994898944 nomove
CARD 18
Jibs_PC#2038919612994898944 placearmies 5 3
Jibs_PC#2038919612994898944 attack 5 10
Jibs_PC#2038919612994898944 roll 3
Jibs_PC#2038919612994898944 roll 1
DICE 3 1 5 4 2 1 
Jibs_PC#2038919612994898944 move 16
Jibs_PC#2038919612994898944 attack 10 11
Jibs_PC#2038919612994898944 roll 3
Jibs_PC#2038919612994898944 roll 1
DICE 3 1 5 3 2 2 
Jibs_PC#2038919612994898944 move 15
Jibs_PC#2038919612994898944 attack 11 13
Jibs_PC#2038919612994898944 roll 3
Jibs_PC#2038919612994898944 roll 2
DICE 3 2 3 1 0 5 4 
Jibs_PC#2038919612994898944 roll 3
Jibs_PC#2038919612994898944 roll 2
DICE 3 2 4 3 0 4 1 
Jibs_PC#2038919612994898944 roll 3
Jibs_PC#2038919612994898944 roll 2
DICE 3 2 5 4 2 4 1 
Jibs_PC#2038919612994898944 roll 3
Jibs_PC#2038919612994898944 roll 2
DICE 3 2 5 1 0 1 1 
Jibs_PC#2038919612994898944 roll 3
Jibs_PC#2038919612994898944 roll 2
DICE 3 2 3 2 1 4 0 
Jibs_PC#2038919612994898944 retreat
Jibs_PC#2038919612994898944 attack 11 12
Jibs_PC#2038919612994898944 roll 3
Jibs_PC#2038919612994898944 roll 1
DICE 3 1 4 2 0 4 
Jibs_PC#2038919612994898944 roll 3
Jibs_PC#2038919612994898944 roll 1
DICE 3 1 5 2 1 3 
Jibs_PC#2038919612994898944 move 8
Jibs_PC#2038919612994898944 attack 12 13
Jibs_PC#2038919612994898944 roll 3
Jibs_PC#2038919612994898944 roll 2
DICE 3 2 3 3 2 4 1 
Jibs_PC#2038919612994898944 roll 3
Jibs_PC#2038919612994898944 roll 1
DICE 3 1 3 2 1 0 
Jibs_PC#2038919612994898944 move 3
Jibs_PC#2038919612994898944 endattack
Jibs_PC#2038919612994898944 movearmies 13 12 2
CARD 8
Jibs_PC#2038919612994898944 placearmies 24 1
Jibs_PC#2038919612994898944 placearmies 24 1
Jibs_PC#2038919612994898944 placearmies 24 1
Jibs_PC#2038919612994898944 attack 24 25
Jibs_PC#2038919612994898944 roll 3
Jibs_PC#2038919612994898944 roll 1
DICE 3 1 3 0 0 2 
Jibs_PC#2038919612994898944 move 5
Jibs_PC#2038919612994898944 attack 24 26
Jibs_PC#2038919612994898944 roll 3
Jibs_PC#2038919612994898944 roll 1
DICE 3 1 5 2 1 1 
Jibs_PC#2038919612994898944 move 3
Jibs_PC#2038919612994898944 endattack
Jibs_PC#2038919612994898944 movearmies 24 22 2
CARD 26
Jibs_PC#2038919612994898944 placearmies 7 3
Jibs_PC#2038919612994898944 attack 42 40
Jibs_PC#2038919612994898944 roll 3
Jibs_PC#2038919612994898944 roll 2
DICE 3 2 5 3 2 3 0 
Jibs_PC#2038919612994898944 roll 3
Jibs_PC#2038919612994898944 roll 2
DICE 3 2 5 1 1 3 1 
Jibs_PC#2038919612994898944 roll 3
Jibs_PC#2038919612994898944 roll 2
DICE 3 2 2 2 1 1 0 
Jibs_PC#2038919612994898944 roll 3
Jibs_PC#2038919612994898944 roll 1
DICE 3 1 5 4 4 0 
Jibs_PC#2038919612994898944 move 6
Jibs_PC#2038919612994898944 attack 40 39
Jibs_PC#2038919612994898944 roll 3
Jibs_PC#2038919612994898944 roll 1
DICE 3 1 3 3 2 3 
Jibs_PC#2038919612994898944 roll 3
Jibs_PC#2038919612994898944 roll 1
DICE 3 1 5 3 0 5 
Jibs_PC#2038919612994898944 roll 3
Jibs_PC#2038919612994898944 roll 1
DICE 3 1 3 3 0 1 
Jibs_PC#2038919612994898944 attack 39 41
Jibs_PC#2038919612994898944 roll 2
Jibs_PC#2038919612994898944 roll 1
DICE 2 1 5 2 4 
Jibs_PC#2038919612994898944 endattack
Jibs_PC#2038919612994898944 movearmies 41 39 1
CARD 23
Jibs_PC#2038919612994898944 placearmies 32 3
Jibs_PC#2038919612994898944 attack 32 30
Jibs_PC#2038919612994898944 roll 3
Jibs_PC#2038919612994898944 roll 1
DICE 3 1 4 2 1 4 
Jibs_PC#2038919612994898944 roll 3
Jibs_PC#2038919612994898944 roll 1
DICE 3 1 4 3 3 0 
Jibs_PC#2038919612994898944 move 15
Jibs_PC#2038919612994898944 attack 30 16
Jibs_PC#2038919612994898944 roll 3
Jibs_PC#2038919612994898944 roll 1
DICE 3 1 4 1 1 5 
Jibs_PC#2038919612994898944 roll 3
Jibs_PC#2038919612994898944 roll 1
DICE 3 1 5 4 3 5 
Jibs_PC#2038919612994898944 roll 3
Jibs_PC#2038919612994898944 roll 1
DICE 3 1 4 4 3 3 
Jibs_PC#2038919612994898944 move 12
Jibs_PC#2038919612994898944 attack 16 20
Jibs_PC#2038919612994898944 roll 3
Jibs_PC#2038919612994898944 roll 1
DICE 3 1 3 2 1 2 
Jibs_PC#2038919612994898944 move 11
Jibs_PC#2038919612994898944 attack 20 22
Jibs_PC#2038919612994898944 roll 3
Jibs_PC#2038919612994898944 roll 2
DICE 3 2 5 4 2 1 0 
Jibs_PC#2038919612994898944 roll 3
Jibs_PC#2038919612994898944 roll 1
DICE 3 1 2 2 1 5 
Jibs_PC#2038919612994898944 roll 3
Jibs_PC#2038919612994898944 roll 1
DICE 3 1 2 2 0 1 
Jibs_PC#2038919612994898944 move 9
Jibs_PC#2038919612994898944 endattack
Jibs_PC#2038919612994898944 nomove
CARD 35
Jibs_PC#2038919612994898944 placearmies 19 3
Jibs_PC#2038919612994898944 attack 19 21
Jibs_PC#2038919612994898944 roll 3
Jibs_PC#2038919612994898944 roll 2
DICE 3 2 4 1 0 5 2 
Jibs_PC#2038919612994898944 roll 3
Jibs_PC#2038919612994898944 roll 2
DICE 3 2 5 3 2 4 4 
Jibs_PC#2038919612994898944 retreat
Jibs_PC#2038919612994898944 attack 19 17
Jibs_PC#2038919612994898944 roll 3
Jibs_PC#2038919612994898944 roll 1
DICE 3 1 4 1 0 2 
Jibs_PC#2038919612994898944 move 13
Jibs_PC#2038919612994898944 attack 17 14
Jibs_PC#2038919612994898944 roll 3
Jibs_PC#2038919612994898944 roll 1
DICE 3 1 3 1 1 1 
Jibs_PC#2038919612994898944 move 12
Jibs_PC#2038919612994898944 attack 14 15
Jibs_PC#2038919612994898944 roll 3
Jibs_PC#2038919612994898944 roll 1
DICE 3 1 5 4 1 2 
Jibs_PC#2038919612994898944 move 11
Jibs_PC#2038919612994898944 attack 15 16
Jibs_PC#2038919612994898944 roll 3
Jibs_PC#2038919612994898944 roll 1
DICE 3 1 2 0 0 2 
Jibs_PC#2038919612994898944 roll 3
Jibs_PC#2038919612994898944 roll 1
DICE 3 1 4 4 2 5 
Jibs_PC#2038919612994898944 roll 3
Jibs_PC#2038919612994898944 roll 1
DICE 3 1 4 4 1 1 
Jibs_PC#2038919612994898944 move 8
Jibs_PC#2038919612994898944 attack 16 18
Jibs_PC#2038919612994898944 roll 3
Jibs_PC#2038919612994898944 roll 1
DICE 3 1 3 3 3 1 
Jibs_PC#2038919612994898944 move 7
Jibs_PC#2038919612994898944 attack 18 20
Jibs_PC#2038919612994898944 roll 3
Jibs_PC#2038919612994898944 roll 1
DICE 3 1 4 1 0 1 
Jibs_PC#2038919612994898944 move 6
Jibs_PC#2038919612994898944 attack 20 31
Jibs_PC#2038919612994898944 roll 3
Jibs_PC#2038919612994898944 roll 1
DICE 3 1 3 1 0 0 
Jibs_PC#2038919612994898944 move 4
Jibs_PC#2038919612994898944 endattack
Jibs_PC#2038919612994898944 movearmies 31 16 3
CARD 39
Jibs_PC#2038919612994898944 placearmies 8 3
Jibs_PC#2038919612994898944 attack 8 9
Jibs_PC#2038919612994898944 roll 3
Jibs_PC#2038919612994898944 roll 1
DICE 3 1 5 4 1 0 
Jibs_PC#2038919612994898944 move 12
Jibs_PC#2038919612994898944 attack 9 5
Jibs_PC#2038919612994898944 roll 3
Jibs_PC#2038919612994898944 roll 1
DICE 3 1 5 1 1 0 
Jibs_PC#2038919612994898944 move 11
Jibs_PC#2038919612994898944 attack 5 4
Jibs_PC#2038919612994898944 roll 3
Jibs_PC#2038919612994898944 roll 1
DICE 3 1 4 3 2 4 
Jibs_PC#2038919612994898944 roll 3
Jibs_PC#2038919612994898944 roll 1
DICE 3 1 5 2 1 3 
Jibs_PC#2038919612994898944 move 9
Jibs_PC#2038919612994898944 attack 4 7
Jibs_PC#2038919612994898944 roll 3
Jibs_PC#2038919612994898944 roll 2
DICE 3 2 4 3 0 2 2 
Jibs_PC#2038919612994898944 roll 3
Jibs_PC#2038919612994898944 roll 2
DICE 3 2 4 3 1 5 4 
Jibs_PC#2038919612994898944 retreat
Jibs_PC#2038919612994898944 attack 4 3
Jibs_PC#2038919612994898944 roll 3
Jibs_PC#2038919612994898944 roll 1
DICE 3 1 3 2 1 1 
Jibs_PC#2038919612994898944 move 6
Jibs_PC#2038919612994898944 attack 3 1
Jibs_PC#2038919612994898944 roll 3
Jibs_PC#2038919612994898944 roll 1
DICE 3 1 4 3 0 1 
Jibs_PC#2038919612994898944 move 5
Jibs_PC#2038919612994898944 attack 1 2
Jibs_PC#2038919612994898944 roll 3
Jibs_PC#2038919612994898944 roll 1
DICE 3 1 4 4 2 0 
Jibs_PC#2038919612994898944 move 4
Jibs_PC#2038919612994898944 attack 2 6
Jibs_PC#2038919612994898944 roll 3
Jibs_PC#2038919612994898944 roll 1
DICE 3 1 3 3 0 4 
Jibs_PC#2038919612994898944 roll 2
Jibs_PC#2038919612994898944 roll 1
DICE 2 1 3 2 2 
Jibs_PC#2038919612994898944 endattack
Jibs_PC#2038919612994898944 nomove
CARD 37
Jibs_PC#2038919612994898944 placearmies 10 3
Jibs_PC#2038919612994898944 placearmies 10 1
Jibs_PC#2038919612994898944 placearmies 38 1
Jibs_PC#2038919612994898944 attack 10 5
Jibs_PC#2038919612994898944 roll 3
Jibs_PC#2038919612994898944 roll 1
DICE 3 1 5 3 3 4 
Jibs_PC#2038919612994898944 move 4
Jibs_PC#2038919612994898944 endattack
Jibs_PC#2038919612994898944 nomove
CARD 28
Jibs_PC#2038919612994898944 placearmies 21 3
Jibs_PC#2038919612994898944 attack 21 20
Jibs_PC#2038919612994898944 roll 3
Jibs_PC#2038919612994898944 roll 2
DICE 3 2 2 1 0 3 1 
Jibs_PC#2038919612994898944 roll 3
Jibs_PC#2038919612994898944 roll 2
DICE 3 2 4 2 0 3 1 
Jibs_PC#2038919612994898944 move 6
Jibs_PC#2038919612994898944 endattack
Jibs_PC#2038919612994898944 movearmies 26 24 2
CARD 40
Jibs_PC#2038919612994898944 placearmies 7 2
Jibs_PC#2038919612994898944 placearmies 7 3
Jibs_PC#2038919612994898944 attack 7 2
Jibs_PC#2038919612994898944 roll 3
Jibs_PC#2038919612994898944 roll 1
DICE 3 1 1 0 0 5 
Jibs_PC#2038919612994898944 roll 3
Jibs_PC#2038919612994898944 roll 1
DICE 3 1 1 1 0 4 
Jibs_PC#2038919612994898944 retreat
Jibs_PC#2038919612994898944 attack 7 6
Jibs_PC#2038919612994898944 roll 3
Jibs_PC#2038919612994898944 roll 2
DICE 3 2 5 3 3 4 4 
Jibs_PC#2038919612994898944 roll 3
Jibs_PC#2038919612994898944 roll 1
DICE 3 1 3 3 3 1 
Jibs_PC#2038919612994898944 endattack
Jibs_PC#2038919612994898944 nomove
CARD 20
Jibs_PC#2038919612994898944 placearmies 22 3
Jibs_PC#2038919612994898944 attack 22 21
Jibs_PC#2038919612994898944 roll 3
Jibs_PC#2038919612994898944 roll 1
DICE 3 1 5 1 1 4 
Jibs_PC#2038919612994898944 move 11
Jibs_PC#2038919612994898944 attack 21 12
Jibs_PC#2038919612994898944 roll 3
Jibs_PC#2038919612994898944 roll 2
DICE 3 2 5 3 2 2 0 
Jibs_PC#2038919612994898944 roll 3
Jibs_PC#2038919612994898944 roll 2
DICE 3 2 3 3 0 4 1 
Jibs_PC#2038919612994898944 roll 3
Jibs_PC#2038919612994898944 roll 2
DICE 3 2 4 3 0 5 0 
Jibs_PC#2038919612994898944 roll 3
Jibs_PC#2038919612994898944 roll 2
DICE 3 2 5 2 2 5 1 
Jibs_PC#2038919612994898944 roll 3
Jibs_PC#2038919612994898944 roll 1
DICE 3 1 5 1 0 1 
Jibs_PC#2038919612994898944 move 7
Jibs_PC#2038919612994898944 attack 12 13
Jibs_PC#2038919612994898944 roll 3
Jibs_PC#2038919612994898944 roll 1
DICE 3 1 5 2 1 1 
Jibs_PC#2038919612994898944 move 6
Jibs_PC#2038919612994898944 attack 13 11
Jibs_PC#2038919612994898944 roll 3
Jibs_PC#2038919612994898944 roll 1
DICE 3 1 5 3 3 3 
Jibs_PC#2038919612994898944 move 5
Jibs_PC#2038919612994898944 attack 11 10
Jibs_PC#2038919612994898944 roll 3
Jibs_PC#2038919612994898944 roll 1
DICE 3 1 5 4 2 3 
Jibs_PC#2038919612994898944 move 4
Jibs_PC#2038919612994898944 endattack
Jibs_PC#2038919612994898944 nomove
CARD wildcard
Jibs_PC#2038919612994898944 placearmies 16 3
Jibs_PC#2038919612994898944 attack 16 30
Jibs_PC#2038919612994898944 roll 3
Jibs_PC#2038919612994898944 roll 1
DICE 3 1 2 2 0 5 
Jibs_PC#2038919612994898944 roll 3
Jibs_PC#2038919612994898944 roll 1
DICE 3 1 4 2 1 1 
Jibs_PC#2038919612994898944 move 5
Jibs_PC#2038919612994898944 attack 30 32
Jibs_PC#2038919612994898944 roll 3
Jibs_PC#2038919612994898944 roll 1
DICE 3 1 5 5 2 0 
Jibs_PC#2038919612994898944 move 4
Jibs_PC#2038919612994898944 endattack
Jibs_PC#2038919612994898944 nomove
CARD 9
Jibs_PC#2038919612994898944 placearmies 8 3
Jibs_PC#2038919612994898944 attack 8 7
Jibs_PC#2038919612994898944 roll 3
Jibs_PC#2038919612994898944 roll 1
DICE 3 1 3 3 0 2 
Jibs_PC#2038919612994898944 endattack
Jibs_PC#2038919612994898944 nomove
CARD 22
Jibs_PC#2038919612994898944 placearmies 5 3
Jibs_PC#2038919612994898944 attack 5 10
Jibs_PC#2038919612994898944 roll 3
Jibs_PC#2038919612994898944 roll 2
DICE 3 2 5 5 2 1 1 
Jibs_PC#2038919612994898944 roll 3
Jibs_PC#2038919612994898944 roll 2
DICE 3 2 3 3 0 4 1 
Jibs_PC#2038919612994898944 roll 3
Jibs_PC#2038919612994898944 roll 1
DICE 3 1 3 3 2 2 
Jibs_PC#2038919612994898944 move 5
Jibs_PC#2038919612994898944 attack 10 11
Jibs_PC#2038919612994898944 roll 3
Jibs_PC#2038919612994898944 roll 1
DICE 3 1 3 0 0 3 
Jibs_PC#2038919612994898944 roll 3
Jibs_PC#2038919612994898944 roll 1
DICE 3 1 5 1 1 2 
Jibs_PC#2038919612994898944 attack 11 12
Jibs_PC#2038919612994898944 roll 2
Jibs_PC#2038919612994898944 roll 1
DICE 2 1 5 2 0 
Jibs_PC#2038919612994898944 endattack
Jibs_PC#2038919612994898944 nomove
CARD 21
Jibs_PC#2038919612994898944 placearmies 20 2
Jibs_PC#2038919612994898944 placearmies 20 1
Jibs_PC#2038919612994898944 attack 24 22
Jibs_PC#2038919612994898944 roll 2
Jibs_PC#2038919612994898944 roll 1
DICE 2 1 4 1 0 
Jibs_PC#2038919612994898944 attack 20 21
Jibs_PC#2038919612994898944 roll 3
Jibs_PC#2038919612994898944 roll 1
DICE 3 1 5 5 1 2 
Jibs_PC#2038919612994898944 move 8
Jibs_PC#2038919612994898944 attack 21 12
Jibs_PC#2038919612994898944 roll 3
Jibs_PC#2038919612994898944 roll 2
DICE 3 2 5 1 1 4 0 
Jibs_PC#2038919612994898944 move 6
Jibs_PC#2038919612994898944 attack 12 13
Jibs_PC#2038919612994898944 roll 3
Jibs_PC#2038919612994898944 roll 1
DICE 3 1 5 1 1 1 
Jibs_PC#2038919612994898944 move 5
Jibs_PC#2038919612994898944 attack 13 11
Jibs_PC#2038919612994898944 roll 3
Jibs_PC#2038919612994898944 roll 1
DICE 3 1 5 5 0 4 
Jibs_PC#2038919612994898944 move 4
Jibs_PC#2038919612994898944 attack 11 10
Jibs_PC#2038919612994898944 roll 3
Jibs_PC#2038919612994898944 roll 1
DICE 3 1 5 4 2 5 
Jibs_PC#2038919612994898944 roll 2
Jibs_PC#2038919612994898944 roll 1
DICE 2 1 1 0 4 
Jibs_PC#2038919612994898944 retreat
Jibs_PC#2038919612994898944 endattack
Jibs_PC#2038919612994898944 movearmies 25 23 3
CARD 3
Jibs_PC#2038919612994898944 placearmies 6 1
Jibs_PC#2038919612994898944 placearmies 39 3
Jibs_PC#2038919612994898944 placearmies 39 1
Jibs_PC#2038919612994898944 attack 39 33
Jibs_PC#2038919612994898944 roll 3
Jibs_PC#2038919612994898944 roll 1
DICE 3 1 4 2 2 2 
Jibs_PC#2038919612994898944 move 5
Jibs_PC#2038919612994898944 endattack
Jibs_PC#2038919612994898944 nomove
CARD 2
Jibs_PC#2038919612994898944 placearmies 19 3
Jibs_PC#2038919612994898944 attack 19 21
Jibs_PC#2038919612994898944 roll 3
Jibs_PC#2038919612994898944 roll 2
DICE 3 2 3 1 1 4 0 
Jibs_PC#2038919612994898944 roll 2
Jibs_PC#2038919612994898944 roll 1
DICE 2 1 4 1 3 
Jibs_PC#2038919612994898944 endattack
Jibs_PC#2038919612994898944 nomove
CARD 4
Jibs_PC#2038919612994898944 placearmies 9 3
Jibs_PC#2038919612994898944 attack 9 5
Jibs_PC#2038919612994898944 roll 3
Jibs_PC#2038919612994898944 roll 1
DICE 3 1 2 2 0 3 
Jibs_PC#2038919612994898944 roll 2
Jibs_PC#2038919612994898944 roll 1
DICE 2 1 5 2 0 
Jibs_PC#2038919612994898944 endattack
Jibs_PC#2038919612994898944 nomove
CARD 5
Jibs_PC#2038919612994898944 trade 8 28 21
Jibs_PC#2038919612994898944 placearmies 28 1
Jibs_PC#2038919612994898944 placearmies 10 12
Jibs_PC#2038919612994898944 attack 10 11
Jibs_PC#2038919612994898944 roll 3
Jibs_PC#2038919612994898944 roll 2
DICE 3 2 5 1 0 0 0 
Jibs_PC#2038919612994898944 move 12
Jibs_PC#2038919612994898944 attack 11 12
Jibs_PC#2038919612994898944 roll 3
Jibs_PC#2038919612994898944 roll 1
DICE 3 1 5 4 4 4 
Jibs_PC#2038919612994898944 move 11
Jibs_PC#2038919612994898944 attack 12 13
Jibs_PC#2038919612994898944 roll 3
Jibs_PC#2038919612994898944 roll 1
DICE 3 1 5 4 0 4 
Jibs_PC#2038919612994898944 move 3
Jibs_PC#2038919612994898944 attack 12 21
Jibs_PC#2038919612994898944 roll 3
Jibs_PC#2038919612994898944 roll 2
DICE 3 2 5 2 1 5 4 
Jibs_PC#2038919612994898944 roll 3
Jibs_PC#2038919612994898944 roll 2
DICE 3 2 4 2 2 5 0 
Jibs_PC#2038919612994898944 retreat
Jibs_PC#2038919612994898944 endattack
Jibs_PC#2038919612994898944 movearmies 12 10 1
CARD 14
Jibs_PC#2038919612994898944 trade 26 40 wildcard
Jibs_PC#2038919612994898944 placearmies 23 1
Jibs_PC#2038919612994898944 placearmies 23 11
Jibs_PC#2038919612994898944 placearmies 23 1
Jibs_PC#2038919612994898944 attack 23 21
Jibs_PC#2038919612994898944 roll 3
Jibs_PC#2038919612994898944 roll 1
DICE 3 1 3 2 1 0 
Jibs_PC#2038919612994898944 move 16
Jibs_PC#2038919612994898944 attack 21 12
Jibs_PC#2038919612994898944 roll 3
Jibs_PC#2038919612994898944 roll 2
DICE 3 2 5 4 0 4 3 
Jibs_PC#2038919612994898944 roll 3
Jibs_PC#2038919612994898944 roll 2
DICE 3 2 4 2 2 3 1 
Jibs_PC#2038919612994898944 move 14
Jibs_PC#2038919612994898944 attack 12 11
Jibs_PC#2038919612994898944 roll 3
Jibs_PC#2038919612994898944 roll 1
DICE 3 1 3 2 0 1 
Jibs_PC#2038919612994898944 move 13
Jibs_PC#2038919612994898944 attack 11 10
Jibs_PC#2038919612994898944 roll 3
Jibs_PC#2038919612994898944 roll 2
DICE 3 2 4 3 1 5 4 
Jibs_PC#2038919612994898944 roll 3
Jibs_PC#2038919612994898944 roll 2
DICE 3 2 3 1 1 4 3 
Jibs_PC#2038919612994898944 roll 3
Jibs_PC#2038919612994898944 roll 2
DICE 3 2 4 0 0 1 0 
Jibs_PC#2038919612994898944 roll 3
Jibs_PC#2038919612994898944 roll 1
DICE 3 1 2 0 0 1 
Jibs_PC#2038919612994898944 move 7
Jibs_PC#2038919612994898944 attack 10 5
Jibs_PC#2038919612994898944 roll 3
Jibs_PC#2038919612994898944 roll 2
DICE 3 2 5 3 3 3 0 
Jibs_PC#2038919612994898944 move 6
Jibs_PC#2038919612994898944 attack 5 9
Jibs_PC#2038919612994898944 roll 3
Jibs_PC#2038919612994898944 roll 1
DICE 3 1 3 2 2 4 
Jibs_PC#2038919612994898944 roll 3
Jibs_PC#2038919612994898944 roll 1
DICE 3 1 3 1 0 1 
Jibs_PC#2038919612994898944 move 4
Jibs_PC#2038919612994898944 endattack
Jibs_PC#2038919612994898944 movearmies 26 24 1
CARD 11
Jibs_PC#2038919612994898944 placearmies 35 4
Jibs_PC#2038919612994898944 placearmies 6 1
Jibs_PC#2038919612994898944 attack 35 36
Jibs_PC#2038919612994898944 roll 3
Jibs_PC#2038919612994898944 roll 1
DICE 3 1 5 1 1 0 
Jibs_PC#2038919612994898944 move 4
Jibs_PC#2038919612994898944 endattack
Jibs_PC#2038919612994898944 nomove
CARD 33
Jibs_PC#2038919612994898944 trade 39 9 4
Jibs_PC#2038919612994898944 placearmies 32 8
Jibs_PC#2038919612994898944 placearmies 32 4
Jibs_PC#2038919612994898944 placearmies 14 1
Jibs_PC#2038919612994898944 attack 32 33
Jibs_PC#2038919612994898944 roll 3
Jibs_PC#2038919612994898944 roll 2
DICE 3 2 4 4 2 1 0 
Jibs_PC#2038919612994898944 roll 3
Jibs_PC#2038919612994898944 roll 2
DICE 3 2 5 1 0 5 1 
Jibs_PC#2038919612994898944 roll 3
Jibs_PC#2038919612994898944 roll 2
DICE 3 2 5 5 5 3 0 
Jibs_PC#2038919612994898944 roll 3
Jibs_PC#2038919612994898944 roll 1
DICE 3 1 5 3 1 1 
Jibs_PC#2038919612994898944 move 13
Jibs_PC#2038919612994898944 attack 33 29
Jibs_PC#2038919612994898944 roll 3
Jibs_PC#2038919612994898944 roll 1
DICE 3 1 5 1 0 0 
Jibs_PC#2038919612994898944 move 12
Jibs_PC#2038919612994898944 attack 29 28
Jibs_PC#2038919612994898944 roll 3
Jibs_PC#2038919612994898944 roll 2
DICE 3 2 5 4 4 4 3 
Jibs_PC#2038919612994898944 roll 3
Jibs_PC#2038919612994898944 roll 2
DICE 3 2 1 1 0 4 1 
Jibs_PC#2038919612994898944 roll 3
Jibs_PC#2038919612994898944 roll 2
DICE 3 2 3 2 0 4 0 
Jibs_PC#2038919612994898944 roll 3
Jibs_PC#2038919612994898944 roll 1
DICE 3 1 5 1 0 2 
Jibs_PC#2038919612994898944 move 3
Jibs_PC#2038919612994898944 attack 29 36
Jibs_PC#2038919612994898944 roll 3
Jibs_PC#2038919612994898944 roll 2
DICE 3 2 4 2 0 5 3 
Jibs_PC#2038919612994898944 roll 3
Jibs_PC#2038919612994898944 roll 2
DICE 3 2 4 3 2 4 1 
Jibs_PC#2038919612994898944 retreat
Jibs_PC#2038919612994898944 endattack
Jibs_PC#2038919612994898944 movearmies 28 29 2
CARD wildcard
Jibs_PC#2038919612994898944 placearmies 4 3
Jibs_PC#2038919612994898944 attack 4 5
Jibs_PC#2038919612994898944 roll 3
Jibs_PC#2038919612994898944 roll 1
DICE 3 1 4 4 1 5 
Jibs_PC#2038919612994898944 roll 2
Jibs_PC#2038919612994898944 roll 1
DICE 2 1 2 1 5 
Jibs_PC#2038919612994898944 retreat
Jibs_PC#2038919612994898944 attack 7 9
Jibs_PC#2038919612994898944 roll 2
Jibs_PC#2038919612994898944 roll 2
DICE 2 2 5 3 5 1 
Jibs_PC#2038919612994898944 retreat
Jibs_PC#2038919612994898944 endattack
Jibs_PC#2038919612994898944 nomove
CARD 
Jibs_PC#2038919612994898944 placearmies 13 1
Jibs_PC#2038919612994898944 placearmies 13 1
Jibs_PC#2038919612994898944 placearmies 13 1
Jibs_PC#2038919612994898944 attack 13 11
Jibs_PC#2038919612994898944 roll 3
Jibs_PC#2038919612994898944 roll 1
DICE 3 1 4 3 0 5 
Jibs_PC#2038919612994898944 roll 3
Jibs_PC#2038919612994898944 roll 1
DICE 3 1 5 4 1 3 
Jibs_PC#2038919612994898944 move 4
Jibs_PC#2038919612994898944 attack 11 10
Jibs_PC#2038919612994898944 roll 3
Jibs_PC#2038919612994898944 roll 1
DICE 3 1 5 1 0 3 
Jibs_PC#2038919612994898944 attack 10 12
Jibs_PC#2038919612994898944 roll 2
Jibs_PC#2038919612994898944 roll 1
DICE 2 1 5 5 2 
Jibs_PC#2038919612994898944 endattack
Jibs_PC#2038919612994898944 nomove
CARD 12
Jibs_PC#2038919612994898944 placearmies 21 6
Jibs_PC#2038919612994898944 attack 21 12
Jibs_PC#2038919612994898944 roll 3
Jibs_PC#2038919612994898944 roll 2
DICE 3 2 5 1 0 5 1 
Jibs_PC#2038919612994898944 roll 3
Jibs_PC#2038919612994898944 roll 2
DICE 3 2 5 4 0 5 0 
Jibs_PC#2038919612994898944 roll 3
Jibs_PC#2038919612994898944 roll 1
DICE 3 1 4 3 2 0 
Jibs_PC#2038919612994898944 move 3
Jibs_PC#2038919612994898944 endattack
Jibs_PC#2038919612994898944 movearmies 12 21 2
CARD 7
Jibs_PC#2038919612994898944 placearmies 39 1
Jibs_PC#2038919612994898944 placearmies 6 4
Jibs_PC#2038919612994898944 attack 6 14
Jibs_PC#2038919612994898944 roll 3
Jibs_PC#2038919612994898944 roll 2
DICE 3 2 4 3 2 5 1 
Jibs_PC#2038919612994898944 roll 3
Jibs_PC#2038919612994898944 roll 1
DICE 3 1 5 4 1 3 
Jibs_PC#2038919612994898944 move 7
Jibs_PC#2038919612994898944 attack 14 15
Jibs_PC#2038919612994898944 roll 3
Jibs_PC#2038919612994898944 roll 1
DICE 3 1 5 4 2 0 
Jibs_PC#2038919612994898944 move 6
Jibs_PC#2038919612994898944 endattack
Jibs_PC#2038919612994898944 nomove
CARD 13
Jibs_PC#2038919612994898944 placearmies 29 2
Jibs_PC#2038919612994898944 placearmies 18 1
Jibs_PC#2038919612994898944 attack 29 36
Jibs_PC#2038919612994898944 roll 3
Jibs_PC#2038919612994898944 roll 2
DICE 3 2 3 3 2 2 0 
Jibs_PC#2038919612994898944 roll 3
Jibs_PC#2038919612994898944 roll 1
DICE 3 1 4 4 0 4 
Jibs_PC#2038919612994898944 roll 3
Jibs_PC#2038919612994898944 roll 1
DICE 3 1 4 1 0 3 
Jibs_PC#2038919612994898944 move 5
Jibs_PC#2038919612994898944 attack 36 35
Jibs_PC#2038919612994898944 roll 3
Jibs_PC#2038919612994898944 roll 1
DICE 3 1 5 1 1 5 
Jibs_PC#2038919612994898944 roll 3
Jibs_PC#2038919612994898944 roll 1
DICE 3 1 5 3 0 1 
Jibs_PC#2038919612994898944 attack 35 34
Jibs_PC#2038919612994898944 roll 2
Jibs_PC#2038919612994898944 roll 1
DICE 2 1 4 3 0 
Jibs_PC#2038919612994898944 endattack
Jibs_PC#2038919612994898944 nomove
CARD 17
Jibs_PC#2038919612994898944 placearmies 7 2
Jibs_PC#2038919612994898944 placearmies 7 1
Jibs_PC#2038919612994898944 attack 7 9
Jibs_PC#2038919612994898944 roll 3
Jibs_PC#2038919612994898944 roll 2
DICE 3 2 5 2 2 4 1 
Jibs_PC#2038919612994898944 roll 3
Jibs_PC#2038919612994898944 roll 1
DICE 3 1 4 2 0 4 
Jibs_PC#2038919612994898944 retreat
Jibs_PC#2038919612994898944 attack 7 6
Jibs_PC#2038919612994898944 roll 3
Jibs_PC#2038919612994898944 roll 1
DICE 3 1 4 3 2 3 
Jibs_PC#2038919612994898944 endattack
Jibs_PC#2038919612994898944 nomove
CARD 1
Jibs_PC#2038919612994898944 placearmies 38 2
Jibs_PC#2038919612994898944 placearmies 10 1
Jibs_PC#2038919612994898944 attack 38 37
Jibs_PC#2038919612994898944 roll 3
Jibs_PC#2038919612994898944 roll 1
DICE 3 1 5 2 0 5 
Jibs_PC#2038919612994898944 roll 2
Jibs_PC#2038919612994898944 roll 1
DICE 2 1 5 0 4 
Jibs_PC#2038919612994898944 endattack
Jibs_PC#2038919612994898944 nomove
CARD 30
Jibs_PC#2038919612994898944 placearmies 12 6
Jibs_PC#2038919612994898944 attack 12 10
Jibs_PC#2038919612994898944 roll 3
Jibs_PC#2038919612994898944 roll 2
DICE 3 2 5 4 1 3 0 
Jibs_PC#2038919612994898944 move 6
Jibs_PC#2038919612994898944 attack 10 11
Jibs_PC#2038919612994898944 roll 3
Jibs_PC#2038919612994898944 roll 1
DICE 3 1 3 2 0 2 
Jibs_PC#2038919612994898944 move 5
Jibs_PC#2038919612994898944 attack 11 13
Jibs_PC#2038919612994898944 roll 3
Jibs_PC#2038919612994898944 roll 1
DICE 3 1 5 5 3 3 
Jibs_PC#2038919612994898944 move 3
Jibs_PC#2038919612994898944 endattack
Jibs_PC#2038919612994898944 movearmies 24 22 1
CARD 27
Jibs_PC#2038919612994898944 trade 23 2 13
Jibs_PC#2038919612994898944 placearmies 15 15
Jibs_PC#2038919612994898944 attack 15 16
Jibs_PC#2038919612994898944 roll 3
Jibs_PC#2038919612994898944 roll 1
DICE 3 1 5 3 1 0 
Jibs_PC#2038919612994898944 move 20
Jibs_PC#2038919612994898944 attack 16 28
Jibs_PC#2038919612994898944 roll 3
Jibs_PC#2038919612994898944 roll 1
DICE 3 1 5 5 2 3 
Jibs_PC#2038919612994898944 move 19
Jibs_PC#2038919612994898944 attack 28 27
Jibs_PC#2038919612994898944 roll 3
Jibs_PC#2038919612994898944 roll 1
DICE 3 1 4 3 1 2 
Jibs_PC#2038919612994898944 move 18
Jibs_PC#2038919612994898944 attack 27 36
Jibs_PC#2038919612994898944 roll 3
Jibs_PC#2038919612994898944 roll 1
DICE 3 1 5 2 0 0 
Jibs_PC#2038919612994898944 move 17
Jibs_PC#2038919612994898944 attack 36 38
Jibs_PC#2038919612994898944 roll 3
Jibs_PC#2038919612994898944 roll 1
DICE 3 1 4 3 1 3 
Jibs_PC#2038919612994898944 move 16
Jibs_PC#2038919612994898944 attack 38 37
Jibs_PC#2038919612994898944 roll 3
Jibs_PC#2038919612994898944 roll 2
DICE 3 2 5 4 0 0 0 
Jibs_PC#2038919612994898944 move 3
Jibs_PC#2038919612994898944 attack 38 1
Jibs_PC#2038919612994898944 roll 3
Jibs_PC#2038919612994898944 roll 1
DICE 3 1 5 3 2 1 
Jibs_PC#2038919612994898944 move 12
Jibs_PC#2038919612994898944 attack 1 3
Jibs_PC#2038919612994898944 roll 3
Jibs_PC#2038919612994898944 roll 1
DICE 3 1 5 4 0 5 
Jibs_PC#2038919612994898944 roll 3
Jibs_PC#2038919612994898944 roll 1
DICE 3 1 4 3 1 1 
Jibs_PC#2038919612994898944 move 10
Jibs_PC#2038919612994898944 attack 3 4
Jibs_PC#2038919612994898944 roll 3
Jibs_PC#2038919612994898944 roll 2
DICE 3 2 5 4 2 3 1 
Jibs_PC#2038919612994898944 move 9
Jibs_PC#2038919612994898944 attack 4 5
Jibs_PC#2038919612994898944 roll 3
Jibs_PC#2038919612994898944 roll 1
DICE 3 1 5 4 0 0 
Jibs_PC#2038919612994898944 move 8
Jibs_PC#2038919612994898944 attack 5 10
Jibs_PC#2038919612994898944 roll 3
Jibs_PC#2038919612994898944 roll 1
DICE 3 1 5 3 0 1 
Jibs_PC#2038919612994898944 move 7
Jibs_PC#2038919612994898944 attack 10 12
Jibs_PC#2038919612994898944 roll 3
Jibs_PC#2038919612994898944 roll 1
DICE 3 1 5 5 5 4 
Jibs_PC#2038919612994898944 move 6
Jibs_PC#2038919612994898944 attack 12 21
Jibs_PC#2038919612994898944 roll 3
Jibs_PC#2038919612994898944 roll 2
DICE 3 2 5 3 0 5 3 
Jibs_PC#2038919612994898944 roll 3
Jibs_PC#2038919612994898944 roll 2
DICE 3 2 2 0 0 3 2 
Jibs_PC#2038919612994898944 retreat
Jibs_PC#2038919612994898944 endattack
Jibs_PC#2038919612994898944 movearmies 37 38 2
CARD 10
Jibs_PC#2038919612994898944 placearmies 34 2
Jibs_PC#2038919612994898944 placearmies 34 1
Jibs_PC#2038919612994898944 attack 34 38
Jibs_PC#2038919612994898944 roll 3
Jibs_PC#2038919612994898944 roll 2
DICE 3 2 5 3 3 4 4 
Jibs_PC#2038919612994898944 roll 3
Jibs_PC#2038919612994898944 roll 2
DICE 3 2 3 0 0 1 0 
Jibs_PC#2038919612994898944 retreat
Jibs_PC#2038919612994898944 attack 34 27
Jibs_PC#2038919612994898944 roll 2
Jibs_PC#2038919612994898944 roll 1
DICE 2 1 3 0 1 
Jibs_PC#2038919612994898944 endattack
Jibs_PC#2038919612994898944 nomove
CARD 25
Jibs_PC#2038919612994898944 trade 37 22 1
Jibs_PC#2038919612994898944 placearmies 6 1
Jibs_PC#2038919612994898944 placearmies 8 6
Jibs_PC#2038919612994898944 attack 8 9
Jibs_PC#2038919612994898944 roll 3
Jibs_PC#2038919612994898944 roll 1
DICE 3 1 4 3 0 5 
Jibs_PC#2038919612994898944 roll 3
Jibs_PC#2038919612994898944 roll 1
DICE 3 1 5 3 1 2 
Jibs_PC#2038919612994898944 move 5
Jibs_PC#2038919612994898944 attack 9 4
Jibs_PC#2038919612994898944 roll 3
Jibs_PC#2038919612994898944 roll 1
DICE 3 1 5 4 1 2 
Jibs_PC#2038919612994898944 move 4
Jibs_PC#2038919612994898944 attack 4 3
Jibs_PC#2038919612994898944 roll 3
Jibs_PC#2038919612994898944 roll 1
DICE 3 1 5 5 2 3 
Jibs_PC#2038919612994898944 attack 3 1
Jibs_PC#2038919612994898944 roll 2
Jibs_PC#2038919612994898944 roll 1
DICE 2 1 5 4 1 
Jibs_PC#2038919612994898944 endattack
Jibs_PC#2038919612994898944 nomove
CARD 36
Jibs_PC#2038919612994898944 trade 35 11 27
Jibs_PC#2038919612994898944 placearmies 11 5
Jibs_PC#2038919612994898944 placearmies 11 2
Jibs_PC#2038919612994898944 placearmies 21 9
Jibs_PC#2038919612994898944 attack 21 12
Jibs_PC#2038919612994898944 roll 3
Jibs_PC#2038919612994898944 roll 2
DICE 3 2 5 4 2 3 3 
Jibs_PC#2038919612994898944 move 11
Jibs_PC#2038919612994898944 attack 11 10
Jibs_PC#2038919612994898944 roll 3
Jibs_PC#2038919612994898944 roll 1
DICE 3 1 3 2 1 0 
Jibs_PC#2038919612994898944 move 10
Jibs_PC#2038919612994898944 attack 10 5
Jibs_PC#2038919612994898944 roll 3
Jibs_PC#2038919612994898944 roll 1
DICE 3 1 5 2 2 0 
Jibs_PC#2038919612994898944 move 9
Jibs_PC#2038919612994898944 attack 5 9
Jibs_PC#2038919612994898944 roll 3
Jibs_PC#2038919612994898944 roll 1
DICE 3 1 4 3 3 2 
Jibs_PC#2038919612994898944 move 7
Jibs_PC#2038919612994898944 attack 9 8
Jibs_PC#2038919612994898944 roll 3
Jibs_PC#2038919612994898944 roll 1
DICE 3 1 5 5 3 3 
Jibs_PC#2038919612994898944 move 6
Jibs_PC#2038919612994898944 attack 8 7
Jibs_PC#2038919612994898944 roll 3
Jibs_PC#2038919612994898944 roll 1
DICE 3 1 5 4 2 4 
Jibs_PC#2038919612994898944 move 5
Jibs_PC#2038919612994898944 attack 7 4
Jibs_PC#2038919612994898944 roll 3
Jibs_PC#2038919612994898944 roll 1
DICE 3 1 4 2 1 1 
Jibs_PC#2038919612994898944 move 3
Jibs_PC#2038919612994898944 attack 4 3
Jibs_PC#2038919612994898944 roll 2
Jibs_PC#2038919612994898944 roll 1
DICE 2 1 3 1 0 
Jibs_PC#2038919612994898944 endattack
Jibs_PC#2038919612994898944 movearmies 12 21 10
CARD 16
Jibs_PC#2038919612994898944 trade 20 33 14
Jibs_PC#2038919612994898944 placearmies 38 15
Jibs_PC#2038919612994898944 attack 38 1
Jibs_PC#2038919612994898944 roll 3
Jibs_PC#2038919612994898944 roll 2
DICE 3 2 5 1 0 4 2 
Jibs_PC#2038919612994898944 roll 3
Jibs_PC#2038919612994898944 roll 1
DICE 3 1 3 2 1 2 
Jibs_PC#2038919612994898944 move 14
Jibs_PC#2038919612994898944 attack 1 2
Jibs_PC#2038919612994898944 roll 3
Jibs_PC#2038919612994898944 roll 1
DICE 3 1 4 2 1 0 
Jibs_PC#2038919612994898944 move 13
Jibs_PC#2038919612994898944 attack 2 6
Jibs_PC#2038919612994898944 roll 3
Jibs_PC#2038919612994898944 roll 2
DICE 3 2 5 4 3 4 0 
Jibs_PC#2038919612994898944 roll 3
Jibs_PC#2038919612994898944 roll 2
DICE 3 2 4 3 1 2 1 
Jibs_PC#2038919612994898944 move 12
Jibs_PC#2038919612994898944 trade 12 30 18
Jibs_PC#2038919612994898944 placearmies 6 5
Jibs_PC#2038919612994898944 placearmies 6 3
Jibs_PC#2038919612994898944 placearmies 6 2
Jibs_PC#2038919612994898944 attack 6 7
Jibs_PC#2038919612994898944 roll 3
Jibs_PC#2038919612994898944 roll 2
DICE 3 2 2 2 0 1 1 
Jibs_PC#2038919612994898944 move 21
Jibs_PC#2038919612994898944 attack 7 9
Jibs_PC#2038919612994898944 roll 3
Jibs_PC#2038919612994898944 roll 1
DICE 3 1 5 1 0 4 
Jibs_PC#2038919612994898944 move 20
Jibs_PC#2038919612994898944 attack 9 5
Jibs_PC#2038919612994898944 roll 3
Jibs_PC#2038919612994898944 roll 2
DICE 3 2 4 1 0 2 1 
Jibs_PC#2038919612994898944 roll 3
Jibs_PC#2038919612994898944 roll 1
DICE 3 1 3 3 2 5 
Jibs_PC#2038919612994898944 roll 3
Jibs_PC#2038919612994898944 roll 1
DICE 3 1 3 3 1 2 
Jibs_PC#2038919612994898944 move 17
Jibs_PC#2038919612994898944 attack 5 10
Jibs_PC#2038919612994898944 roll 3
Jibs_PC#2038919612994898944 roll 1
DICE 3 1 3 1 0 1 
Jibs_PC#2038919612994898944 move 16
Jibs_PC#2038919612994898944 attack 10 12
Jibs_PC#2038919612994898944 roll 3
Jibs_PC#2038919612994898944 roll 1
DICE 3 1 4 4 3 2 
Jibs_PC#2038919612994898944 move 15
Jibs_PC#2038919612994898944 attack 12 21
Jibs_PC#2038919612994898944 roll 3
Jibs_PC#2038919612994898944 roll 2
DICE 3 2 1 1 0 3 0 
Jibs_PC#2038919612994898944 roll 3
Jibs_PC#2038919612994898944 roll 2
DICE 3 2 4 3 1 1 0 
Jibs_PC#2038919612994898944 roll 3
Jibs_PC#2038919612994898944 roll 2
DICE 3 2 3 2 0 5 4 
Jibs_PC#2038919612994898944 roll 3
Jibs_PC#2038919612994898944 roll 2
DICE 3 2 5 5 4 5 0 
Jibs_PC#2038919612994898944 roll 3
Jibs_PC#2038919612994898944 roll 2
DICE 3 2 5 4 0 3 0 
Jibs_PC#2038919612994898944 roll 3
Jibs_PC#2038919612994898944 roll 2
DICE 3 2 5 1 0 5 3 
Jibs_PC#2038919612994898944 roll 3
Jibs_PC#2038919612994898944 roll 2
DICE 3 2 5 5 4 1 1 
Jibs_PC#2038919612994898944 roll 3
Jibs_PC#2038919612994898944 roll 2
DICE 3 2 2 1 1 1 1 
Jibs_PC#2038919612994898944 roll 3
Jibs_PC#2038919612994898944 roll 2
DICE 3 2 5 3 3 4 2 
Jibs_PC#2038919612994898944 roll 3
Jibs_PC#2038919612994898944 roll 1
DICE 3 1 5 3 1 2 
Jibs_PC#2038919612994898944 move 7
Jibs_PC#2038919612994898944 attack 14 17
Jibs_PC#2038919612994898944 roll 2
Jibs_PC#2038919612994898944 roll 1
DICE 2 1 4 1 2 
Jibs_PC#2038919612994898944 attack 21 20
Jibs_PC#2038919612994898944 roll 3
Jibs_PC#2038919612994898944 roll 1
DICE 3 1 4 3 0 3 
Jibs_PC#2038919612994898944 move 6
Jibs_PC#2038919612994898944 attack 20 19
Jibs_PC#2038919612994898944 roll 3
Jibs_PC#2038919612994898944 roll 1
DICE 3 1 5 3 1 0 
Jibs_PC#2038919612994898944 move 5
Jibs_PC#2038919612994898944 attack 19 18
Jibs_PC#2038919612994898944 roll 3
Jibs_PC#2038919612994898944 roll 2
DICE 3 2 5 5 1 5 2 
Jibs_PC#2038919612994898944 roll 3
Jibs_PC#2038919612994898944 roll 1
DICE 3 1 5 4 2 1 
Jibs_PC#2038919612994898944 endattack
Jibs_PC#2038919612994898944 movearmies 18 16 2
CARD 19
Jibs_PC#2038919612994898944 trade wildcard 17 25
Jibs_PC#2038919612994898944 placearmies 27 2
Jibs_PC#2038919612994898944 placearmies 33 5
Jibs_PC#2038919612994898944 placearmies 31 4
Jibs_PC#2038919612994898944 placearmies 27 1
Jibs_PC#2038919612994898944 placearmies 33 1
Jibs_PC#2038919612994898944 attack 33 39
Jibs_PC#2038919612994898944 roll 3
Jibs_PC#2038919612994898944 roll 2
DICE 3 2 5 3 3 4 4 
Jibs_PC#2038919612994898944 roll 3
Jibs_PC#2038919612994898944 roll 1
DICE 3 1 4 3 1 5 
Jibs_PC#2038919612994898944 roll 3
Jibs_PC#2038919612994898944 roll 1
DICE 3 1 2 1 1 2 
Jibs_PC#2038919612994898944 roll 3
Jibs_PC#2038919612994898944 roll 1
DICE 3 1 5 1 0 4 
Jibs_PC#2038919612994898944 attack 31 20
Jibs_PC#2038919612994898944 roll 3
Jibs_PC#2038919612994898944 roll 1
DICE 3 1 3 2 2 3 
Jibs_PC#2038919612994898944 roll 3
Jibs_PC#2038919612994898944 roll 1
DICE 3 1 4 3 1 1 
Jibs_PC#2038919612994898944 attack 27 36
Jibs_PC#2038919612994898944 roll 3
Jibs_PC#2038919612994898944 roll 1
DICE 3 1 5 4 3 5 
Jibs_PC#2038919612994898944 roll 3
Jibs_PC#2038919612994898944 roll 1
DICE 3 1 2 1 0 1 
Jibs_PC#2038919612994898944 attack 36 38
Jibs_PC#2038919612994898944 roll 2
Jibs_PC#2038919612994898944 roll 1
DICE 2 1 5 5 4 
Jibs_PC#2038919612994898944 attack 39 41
Jibs_PC#2038919612994898944 roll 2
Jibs_PC#2038919612994898944 roll 1
DICE 2 1 2 1 0 
Jibs_PC#2038919612994898944 endattack
Jibs_PC#2038919612994898944 movearmies 20 31 2
CARD 38
Jibs_PC#2038919612994898944 trade 3 7 16
Jibs_PC#2038919612994898944 placearmies 22 2
Jibs_PC#2038919612994898944 placearmies 13 5
Jibs_PC#2038919612994898944 placearmies 3 6
Jibs_PC#2038919612994898944 attack 3 7
Jibs_PC#2038919612994898944 roll 3
Jibs_PC#2038919612994898944 roll 1
DICE 3 1 4 2 1 4 
Jibs_PC#2038919612994898944 roll 3
Jibs_PC#2038919612994898944 roll 1
DICE 3 1 3 1 0 1 
Jibs_PC#2038919612994898944 move 8
Jibs_PC#2038919612994898944 attack 7 9
Jibs_PC#2038919612994898944 roll 3
Jibs_PC#2038919612994898944 roll 1
DICE 3 1 3 1 0 2 
Jibs_PC#2038919612994898944 move 7
Jibs_PC#2038919612994898944 attack 9 5
Jibs_PC#2038919612994898944 roll 3
Jibs_PC#2038919612994898944 roll 1
DICE 3 1 4 3 2 2 
Jibs_PC#2038919612994898944 move 6
Jibs_PC#2038919612994898944 attack 22 21
Jibs_PC#2038919612994898944 roll 3
Jibs_PC#2038919612994898944 roll 1
DICE 3 1 2 2 0 5 
Jibs_PC#2038919612994898944 roll 3
Jibs_PC#2038919612994898944 roll 1
DICE 3 1 5 2 1 2 
Jibs_PC#2038919612994898944 attack 13 12
Jibs_PC#2038919612994898944 roll 3
Jibs_PC#2038919612994898944 roll 1
DICE 3 1 5 3 1 2 
Jibs_PC#2038919612994898944 move 7
Jibs_PC#2038919612994898944 attack 12 10
Jibs_PC#2038919612994898944 roll 3
Jibs_PC#2038919612994898944 roll 1
DICE 3 1 3 2 0 5 
Jibs_PC#2038919612994898944 roll 3
Jibs_PC#2038919612994898944 roll 1
DICE 3 1 3 2 0 2 
Jibs_PC#2038919612994898944 move 3
Jibs_PC#2038919612994898944 endattack
Jibs_PC#2038919612994898944 movearmies 12 21 2
CARD 42
Jibs_PC#2038919612994898944 trade 10 5 19
Jibs_PC#2038919612994898944 placearmies 19 11
Jibs_PC#2038919612994898944 placearmies 40 3
Jibs_PC#2038919612994898944 attack 19 21
Jibs_PC#2038919612994898944 roll 3
Jibs_PC#2038919612994898944 roll 2
DICE 3 2 4 3 1 5 5 
Jibs_PC#2038919612994898944 roll 3
Jibs_PC#2038919612994898944 roll 2
DICE 3 2 1 1 0 4 3 
Jibs_PC#2038919612994898944 retreat
Jibs_PC#2038919612994898944 attack 19 20
Jibs_PC#2038919612994898944 roll 3
Jibs_PC#2038919612994898944 roll 1
DICE 3 1 2 1 0 0 
Jibs_PC#2038919612994898944 move 8
Jibs_PC#2038919612994898944 attack 20 22
Jibs_PC#2038919612994898944 roll 3
Jibs_PC#2038919612994898944 roll 1
DICE 3 1 5 5 0 1 
Jibs_PC#2038919612994898944 move 6
Jibs_PC#2038919612994898944 attack 40 41
Jibs_PC#2038919612994898944 roll 3
Jibs_PC#2038919612994898944 roll 2
DICE 3 2 1 0 0 5 0 
Jibs_PC#2038919612994898944 retreat
Jibs_PC#2038919612994898944 attack 22 24
Jibs_PC#2038919612994898944 roll 3
Jibs_PC#2038919612994898944 roll 1
DICE 3 1 5 4 2 5 
Jibs_PC#2038919612994898944 roll 3
Jibs_PC#2038919612994898944 roll 1
DICE 3 1 4 4 0 2 
Jibs_PC#2038919612994898944 move 4
Jibs_PC#2038919612994898944 endattack
Jibs_PC#2038919612994898944 movearmies 17 19 1
CARD 34
Jibs_PC#2038919612994898944 placearmies 38 3
Jibs_PC#2038919612994898944 placearmies 31 1
Jibs_PC#2038919612994898944 attack 31 20
Jibs_PC#2038919612994898944 roll 3
Jibs_PC#2038919612994898944 roll 2
DICE 3 2 3 2 0 4 3 
Jibs_PC#2038919612994898944 retreat
Jibs_PC#2038919612994898944 attack 38 37
Jibs_PC#2038919612994898944 roll 3
Jibs_PC#2038919612994898944 roll 1
DICE 3 1 5 5 1 4 
Jibs_PC#2038919612994898944 move 3
Jibs_PC#2038919612994898944 endattack
Jibs_PC#2038919612994898944 movearmies 37 38 2
CARD 15
Jibs_PC#2038919612994898944 placearmies 8 6
Jibs_PC#2038919612994898944 attack 21 20
Jibs_PC#2038919612994898944 roll 3
Jibs_PC#2038919612994898944 roll 2
DICE 3 2 3 3 1 2 0 
Jibs_PC#2038919612994898944 move 3
Jibs_PC#2038919612994898944 attack 8 6
Jibs_PC#2038919612994898944 roll 3
Jibs_PC#2038919612994898944 roll 1
DICE 3 1 5 1 0 3 
Jibs_PC#2038919612994898944 move 6
Jibs_PC#2038919612994898944 attack 6 2
Jibs_PC#2038919612994898944 roll 3
Jibs_PC#2038919612994898944 roll 1
DICE 3 1 4 2 0 1 
Jibs_PC#2038919612994898944 move 4
Jibs_PC#2038919612994898944 attack 2 1
Jibs_PC#2038919612994898944 roll 3
Jibs_PC#2038919612994898944 roll 1
DICE 3 1 5 1 0 4 
Jibs_PC#2038919612994898944 attack 20 22
Jibs_PC#2038919612994898944 roll 2
Jibs_PC#2038919612994898944 roll 1
DICE 2 1 3 1 3 
Jibs_PC#2038919612994898944 retreat
Jibs_PC#2038919612994898944 endattack
Jibs_PC#2038919612994898944 movearmies 20 21 1
CARD 31
Jibs_PC#2038919612994898944 placearmies 16 2
Jibs_PC#2038919612994898944 placearmies 24 1
Jibs_PC#2038919612994898944 attack 16 20
Jibs_PC#2038919612994898944 roll 3
Jibs_PC#2038919612994898944 roll 1
DICE 3 1 1 0 0 5 
Jibs_PC#2038919612994898944 roll 3
Jibs_PC#2038919612994898944 roll 1
DICE 3 1 0 0 0 1 
Jibs_PC#2038919612994898944 roll 2
Jibs_PC#2038919612994898944 roll 1
DICE 2 1 5 5 4 
Jibs_PC#2038919612994898944 attack 24 23
Jibs_PC#2038919612994898944 roll 3
Jibs_PC#2038919612994898944 roll 1
DICE 3 1 5 1 0 1 
Jibs_PC#2038919612994898944 move 4
Jibs_PC#2038919612994898944 attack 23 25
Jibs_PC#2038919612994898944 roll 3
Jibs_PC#2038919612994898944 roll 2
DICE 3 2 4 0 0 4 1 
Jibs_PC#2038919612994898944 retreat
Jibs_PC#2038919612994898944 endattack
Jibs_PC#2038919612994898944 nomove
CARD 6
Jibs_PC#2038919612994898944 placearmies 30 4
Jibs_PC#2038919612994898944 attack 30 16
Jibs_PC#2038919612994898944 roll 3
Jibs_PC#2038919612994898944 roll 1
DICE 3 1 2 1 1 2 
Jibs_PC#2038919612994898944 roll 3
Jibs_PC#2038919612994898944 roll 1
DICE 3 1 4 0 0 1 
Jibs_PC#2038919612994898944 attack 16 28
Jibs_PC#2038919612994898944 roll 2
Jibs_PC#2038919612994898944 roll 1
DICE 2 1 3 1 3 
Jibs_PC#2038919612994898944 retreat
Jibs_PC#2038919612994898944 endattack
Jibs_PC#2038919612994898944 nomove
CARD 32
Jibs_PC#2038919612994898944 placearmies 21 5
Jibs_PC#2038919612994898944 placearmies 1 1
Jibs_PC#2038919612994898944 placearmies 21 3
Jibs_PC#2038919612994898944 placearmies 21 3
Jibs_PC#2038919612994898944 attack 21 24
Jibs_PC#2038919612994898944 roll 3
Jibs_PC#2038919612994898944 roll 1
DICE 3 1 5 3 0 4 
Jibs_PC#2038919612994898944 move 12
Jibs_PC#2038919612994898944 attack 24 23
Jibs_PC#2038919612994898944 roll 3
Jibs_PC#2038919612994898944 roll 2
DICE 3 2 4 3 1 4 1 
Jibs_PC#2038919612994898944 roll 3
Jibs_PC#2038919612994898944 roll 1
DICE 3 1 5 4 1 4 
Jibs_PC#2038919612994898944 move 3
Jibs_PC#2038919612994898944 attack 24 22
Jibs_PC#2038919612994898944 roll 3
Jibs_PC#2038919612994898944 roll 1
DICE 3 1 3 2 0 0 
Jibs_PC#2038919612994898944 move 7
