Jibs_PC#2754652935899777024 newplayer human green s0914007
Jibs_PC#2754652935899777024 newplayer human blue bob
Jibs_PC#2754652935899777024 newplayer ai hard red fred
Jibs_PC#2754652935899777024 newplayer ai hard cyan ted
Jibs_PC#2754652935899777024 newplayer ai hard magenta yura
Jibs_PC#2754652935899777024 newplayer ai hard yellow lala
Jibs_PC#2754652935899777024 startgame mission increasing recycle
PLAYER ted
MISSION 13 11 9 10 8 7
PLACEALL 24 35 1 12 41 11 23 7 14 29 33 6 37 19 17 40 25 42 36 18 30 21 15 20 31 3 26 32 28 16 10 38 27 4 13 5 8 2 34 9 39 22
Jibs_PC#2754652935899777024 placearmies 36 1
CARD 
Jibs_PC#2754652935899777024 placearmies 7 1
CARD 
Jibs_PC#2754652935899777024 placearmies 30 1
CARD 
Jibs_PC#2754652935899777024 placearmies 12 1
CARD 
Jibs_PC#2754652935899777024 placearmies 25 1
CARD 
Jibs_PC#2754652935899777024 placearmies 42 1
CARD 
Jibs_PC#2754652935899777024 placearmies 36 1
CARD 
Jibs_PC#2754652935899777024 placearmies 7 1
CARD 
Jibs_PC#2754652935899777024 placearmies 30 1
CARD 
Jibs_PC#2754652935899777024 placearmies 12 1
CARD 
Jibs_PC#2754652935899777024 placearmies 25 1
CARD 
Jibs_PC#2754652935899777024 placearmies 42 1
CARD 
Jibs_PC#2754652935899777024 placearmies 36 1
CARD 
Jibs_PC#2754652935899777024 placearmies 7 1
CARD 
Jibs_PC#2754652935899777024 placearmies 30 1
CARD 
Jibs_PC#2754652935899777024 placearmies 12 1
CARD 
Jibs_PC#2754652935899777024 placearmies 25 1
CARD 
Jibs_PC#2754652935899777024 placearmies 42 1
CARD 
Jibs_PC#2754652935899777024 placearmies 36 1
CARD 
Jibs_PC#2754652935899777024 placearmies 7 1
CARD 
Jibs_PC#2754652935899777024 placearmies 30 1
CARD 
Jibs_PC#2754652935899777024 placearmies 12 1
CARD 
Jibs_PC#2754652935899777024 placearmies 25 1
CARD 
Jibs_PC#2754652935899777024 placearmies 42 1
CARD 
Jibs_PC#2754652935899777024 placearmies 36 1
CARD 
Jibs_PC#2754652935899777024 placearmies 7 1
CARD 
Jibs_PC#2754652935899777024 placearmies 30 1
CARD 
Jibs_PC#2754652935899777024 placearmies 12 1
CARD 
Jibs_PC#2754652935899777024 placearmies 25 1
CARD 
Jibs_PC#2754652935899777024 placearmies 42 1
CARD 
Jibs_PC#2754652935899777024 placearmies 36 1
CARD 
Jibs_PC#2754652935899777024 placearmies 7 1
CARD 
Jibs_PC#2754652935899777024 placearmies 30 1
CARD 
Jibs_PC#2754652935899777024 placearmies 12 1
CARD 
Jibs_PC#2754652935899777024 placearmies 33 1
CARD 
Jibs_PC#2754652935899777024 placearmies 42 1
CARD 
Jibs_PC#2754652935899777024 placearmies 36 1
CARD 
Jibs_PC#2754652935899777024 placearmies 7 1
CARD 
Jibs_PC#2754652935899777024 placearmies 30 1
CARD 
Jibs_PC#2754652935899777024 placearmies 12 1
CARD 
Jibs_PC#2754652935899777024 placearmies 33 1
CARD 
Jibs_PC#2754652935899777024 placearmies 42 1
CARD 
Jibs_PC#2754652935899777024 placearmies 36 1
CARD 
Jibs_PC#2754652935899777024 placearmies 7 1
CARD 
Jibs_PC#2754652935899777024 placearmies 30 1
CARD 
Jibs_PC#2754652935899777024 placearmies 12 1
CARD 
Jibs_PC#2754652935899777024 placearmies 33 1
CARD 
Jibs_PC#2754652935899777024 placearmies 42 1
CARD 
Jibs_PC#2754652935899777024 placearmies 36 1
CARD 
Jibs_PC#2754652935899777024 placearmies 7 1
CARD 
Jibs_PC#2754652935899777024 placearmies 30 1
CARD 
Jibs_PC#2754652935899777024 placearmies 12 1
CARD 
Jibs_PC#2754652935899777024 placearmies 25 1
CARD 
Jibs_PC#2754652935899777024 placearmies 42 1
CARD 
Jibs_PC#2754652935899777024 placearmies 36 1
CARD 
Jibs_PC#2754652935899777024 placearmies 7 1
CARD 
Jibs_PC#2754652935899777024 placearmies 30 1
CARD 
Jibs_PC#2754652935899777024 placearmies 12 1
CARD 
Jibs_PC#2754652935899777024 placearmies 25 1
CARD 
Jibs_PC#2754652935899777024 placearmies 42 1
CARD 
Jibs_PC#2754652935899777024 placearmies 36 1
CARD 
Jibs_PC#2754652935899777024 placearmies 7 1
CARD 
Jibs_PC#2754652935899777024 placearmies 30 1
CARD 
Jibs_PC#2754652935899777024 placearmies 12 1
CARD 
Jibs_PC#2754652935899777024 placearmies 33 1
CARD 
Jibs_PC#2754652935899777024 placearmies 5 1
CARD 
Jibs_PC#2754652935899777024 placearmies 36 1
CARD 
Jibs_PC#2754652935899777024 placearmies 7 1
CARD 
Jibs_PC#2754652935899777024 placearmies 30 1
CARD 
Jibs_PC#2754652935899777024 placearmies 12 1
CARD 
Jibs_PC#2754652935899777024 placearmies 33 1
CARD 
Jibs_PC#2754652935899777024 placearmies 5 1
CARD 
Jibs_PC#2754652935899777024 placearmies 36 1
CARD 
Jibs_PC#2754652935899777024 placearmies 7 1
CARD 
Jibs_PC#2754652935899777024 placearmies 30 1
CARD 
Jibs_PC#2754652935899777024 placearmies 12 1
CARD 
Jibs_PC#2754652935899777024 placearmies 25 1
CARD 
Jibs_PC#2754652935899777024 placearmies 5 1
CARD 
Jibs_PC#2754652935899777024 placearmies 36 3
Jibs_PC#2754652935899777024 attack 36 27
Jibs_PC#2754652935899777024 roll 3
Jibs_PC#2754652935899777024 roll 1
DICE 3 1 5 4 2 3 
Jibs_PC#2754652935899777024 move 16
Jibs_PC#2754652935899777024 endattack
Jibs_PC#2754652935899777024 nomove
CARD 13
Jibs_PC#2754652935899777024 placearmies 2 3
Jibs_PC#2754652935899777024 attack 2 1
Jibs_PC#2754652935899777024 roll 3
Jibs_PC#2754652935899777024 roll 1
DICE 3 1 3 3 0 4 
Jibs_PC#2754652935899777024 roll 2
Jibs_PC#2754652935899777024 roll 1
DICE 2 1 4 2 2 
Jibs_PC#2754652935899777024 attack 7 4
Jibs_PC#2754652935899777024 roll 3
Jibs_PC#2754652935899777024 roll 1
DICE 3 1 4 3 3 3 
Jibs_PC#2754652935899777024 move 13
Jibs_PC#2754652935899777024 attack 4 5
Jibs_PC#2754652935899777024 roll 3
Jibs_PC#2754652935899777024 roll 2
DICE 3 2 4 4 4 5 3 
Jibs_PC#2754652935899777024 roll 3
Jibs_PC#2754652935899777024 roll 2
DICE 3 2 4 1 0 1 0 
Jibs_PC#2754652935899777024 roll 3
Jibs_PC#2754652935899777024 roll 1
DICE 3 1 4 3 1 1 
Jibs_PC#2754652935899777024 move 11
Jibs_PC#2754652935899777024 attack 5 9
Jibs_PC#2754652935899777024 roll 3
Jibs_PC#2754652935899777024 roll 1
DICE 3 1 2 0 0 2 
Jibs_PC#2754652935899777024 roll 3
Jibs_PC#2754652935899777024 roll 1
DICE 3 1 4 3 1 1 
Jibs_PC#2754652935899777024 move 9
Jibs_PC#2754652935899777024 attack 9 8
Jibs_PC#2754652935899777024 roll 3
Jibs_PC#2754652935899777024 roll 1
DICE 3 1 2 2 1 4 
Jibs_PC#2754652935899777024 roll 3
Jibs_PC#2754652935899777024 roll 1
DICE 3 1 5 2 1 0 
Jibs_PC#2754652935899777024 move 7
Jibs_PC#2754652935899777024 attack 8 6
Jibs_PC#2754652935899777024 roll 3
Jibs_PC#2754652935899777024 roll 1
DICE 3 1 4 3 0 3 
Jibs_PC#2754652935899777024 move 6
Jibs_PC#2754652935899777024 endattack
Jibs_PC#2754652935899777024 movearmies 1 38 1
CARD 1
Jibs_PC#2754652935899777024 placearmies 30 3
Jibs_PC#2754652935899777024 attack 30 29
Jibs_PC#2754652935899777024 roll 3
Jibs_PC#2754652935899777024 roll 1
DICE 3 1 5 0 0 1 
Jibs_PC#2754652935899777024 move 16
Jibs_PC#2754652935899777024 attack 29 36
Jibs_PC#2754652935899777024 roll 3
Jibs_PC#2754652935899777024 roll 1
DICE 3 1 5 5 4 5 
Jibs_PC#2754652935899777024 roll 3
Jibs_PC#2754652935899777024 roll 1
DICE 3 1 2 1 0 2 
Jibs_PC#2754652935899777024 roll 3
Jibs_PC#2754652935899777024 roll 1
DICE 3 1 5 4 3 5 
Jibs_PC#2754652935899777024 roll 3
Jibs_PC#2754652935899777024 roll 1
DICE 3 1 3 2 0 2 
Jibs_PC#2754652935899777024 move 12
Jibs_PC#2754652935899777024 attack 36 38
Jibs_PC#2754652935899777024 roll 3
Jibs_PC#2754652935899777024 roll 2
DICE 3 2 3 3 2 5 3 
Jibs_PC#2754652935899777024 roll 3
Jibs_PC#2754652935899777024 roll 2
DICE 3 2 3 2 0 3 2 
Jibs_PC#2754652935899777024 roll 3
Jibs_PC#2754652935899777024 roll 2
DICE 3 2 5 1 0 3 3 
Jibs_PC#2754652935899777024 roll 3
Jibs_PC#2754652935899777024 roll 1
DICE 3 1 1 0 0 3 
Jibs_PC#2754652935899777024 roll 3
Jibs_PC#2754652935899777024 roll 1
DICE 3 1 4 0 0 1 
Jibs_PC#2754652935899777024 move 5
Jibs_PC#2754652935899777024 attack 38 1
Jibs_PC#2754652935899777024 roll 3
Jibs_PC#2754652935899777024 roll 1
DICE 3 1 4 2 0 2 
Jibs_PC#2754652935899777024 move 4
Jibs_PC#2754652935899777024 endattack
Jibs_PC#2754652935899777024 nomove
CARD 19
Jibs_PC#2754652935899777024 placearmies 12 1
Jibs_PC#2754652935899777024 placearmies 12 1
Jibs_PC#2754652935899777024 placearmies 12 1
Jibs_PC#2754652935899777024 attack 12 13
Jibs_PC#2754652935899777024 roll 3
Jibs_PC#2754652935899777024 roll 1
DICE 3 1 1 0 0 3 
Jibs_PC#2754652935899777024 roll 3
Jibs_PC#2754652935899777024 roll 1
DICE 3 1 5 4 0 5 
Jibs_PC#2754652935899777024 roll 3
Jibs_PC#2754652935899777024 roll 1
DICE 3 1 5 5 1 3 
Jibs_PC#2754652935899777024 move all
Jibs_PC#2754652935899777024 attack 13 11
Jibs_PC#2754652935899777024 roll 3
Jibs_PC#2754652935899777024 roll 1
DICE 3 1 5 4 1 2 
Jibs_PC#2754652935899777024 move all
Jibs_PC#2754652935899777024 attack 11 10
Jibs_PC#2754652935899777024 roll 3
Jibs_PC#2754652935899777024 roll 1
DICE 3 1 5 3 1 5 
Jibs_PC#2754652935899777024 roll 3
Jibs_PC#2754652935899777024 roll 1
DICE 3 1 5 0 0 3 
Jibs_PC#2754652935899777024 move all
Jibs_PC#2754652935899777024 attack 10 5
Jibs_PC#2754652935899777024 roll 3
Jibs_PC#2754652935899777024 roll 1
DICE 3 1 1 0 0 2 
Jibs_PC#2754652935899777024 roll 3
Jibs_PC#2754652935899777024 roll 1
DICE 3 1 5 3 2 1 
Jibs_PC#2754652935899777024 move all
Jibs_PC#2754652935899777024 endattack
Jibs_PC#2754652935899777024 nomove
CARD 22
Jibs_PC#2754652935899777024 placearmies 25 1
Jibs_PC#2754652935899777024 placearmies 25 1
Jibs_PC#2754652935899777024 placearmies 25 1
Jibs_PC#2754652935899777024 attack 25 23
Jibs_PC#2754652935899777024 roll 1
Jibs_PC#2754652935899777024 roll 1
DICE 1 1 4 1 
Jibs_PC#2754652935899777024 move all
Jibs_PC#2754652935899777024 attack 23 24
Jibs_PC#2754652935899777024 roll 3
Jibs_PC#2754652935899777024 roll 1
DICE 3 1 5 3 3 0 
Jibs_PC#2754652935899777024 move all
Jibs_PC#2754652935899777024 attack 24 26
Jibs_PC#2754652935899777024 roll 3
Jibs_PC#2754652935899777024 roll 1
DICE 3 1 4 4 1 3 
Jibs_PC#2754652935899777024 move 3
Jibs_PC#2754652935899777024 attack 24 21
Jibs_PC#2754652935899777024 roll 3
Jibs_PC#2754652935899777024 roll 1
DICE 3 1 4 3 2 4 
Jibs_PC#2754652935899777024 roll 3
Jibs_PC#2754652935899777024 roll 1
DICE 3 1 3 1 1 0 
Jibs_PC#2754652935899777024 move all
Jibs_PC#2754652935899777024 attack 21 22
Jibs_PC#2754652935899777024 roll 3
Jibs_PC#2754652935899777024 roll 1
DICE 3 1 4 3 0 0 
Jibs_PC#2754652935899777024 move all
Jibs_PC#2754652935899777024 attack 22 31
Jibs_PC#2754652935899777024 retreat
Jibs_PC#2754652935899777024 attack 33 32
Jibs_PC#2754652935899777024 roll 3
Jibs_PC#2754652935899777024 roll 1
DICE 3 1 3 1 0 5 
Jibs_PC#2754652935899777024 roll 3
Jibs_PC#2754652935899777024 roll 1
DICE 3 1 1 1 0 4 
Jibs_PC#2754652935899777024 roll 3
Jibs_PC#2754652935899777024 roll 1
DICE 3 1 5 3 2 2 
Jibs_PC#2754652935899777024 attack 32 29
Jibs_PC#2754652935899777024 roll 2
Jibs_PC#2754652935899777024 roll 1
DICE 2 1 5 4 0 
Jibs_PC#2754652935899777024 attack 29 36
Jibs_PC#2754652935899777024 roll 1
Jibs_PC#2754652935899777024 roll 1
DICE 1 1 2 5 
Jibs_PC#2754652935899777024 endattack
Jibs_PC#2754652935899777024 movearmies 26 24 2
CARD 12
Jibs_PC#2754652935899777024 placearmies 20 3
Jibs_PC#2754652935899777024 attack 20 21
Jibs_PC#2754652935899777024 roll 3
Jibs_PC#2754652935899777024 roll 1
DICE 3 1 4 3 1 1 
Jibs_PC#2754652935899777024 attack 21 12
Jibs_PC#2754652935899777024 roll 2
Jibs_PC#2754652935899777024 roll 1
DICE 2 1 2 0 0 
Jibs_PC#2754652935899777024 attack 42 40
Jibs_PC#2754652935899777024 roll 3
Jibs_PC#2754652935899777024 roll 1
DICE 3 1 5 2 0 3 
Jibs_PC#2754652935899777024 move 10
Jibs_PC#2754652935899777024 attack 40 39
Jibs_PC#2754652935899777024 roll 3
Jibs_PC#2754652935899777024 roll 1
DICE 3 1 3 0 0 2 
Jibs_PC#2754652935899777024 move 9
Jibs_PC#2754652935899777024 attack 39 41
Jibs_PC#2754652935899777024 roll 3
Jibs_PC#2754652935899777024 roll 1
DICE 3 1 4 3 0 5 
Jibs_PC#2754652935899777024 roll 3
Jibs_PC#2754652935899777024 roll 1
DICE 3 1 4 3 1 1 
Jibs_PC#2754652935899777024 move 3
Jibs_PC#2754652935899777024 endattack
Jibs_PC#2754652935899777024 movearmies 41 39 2
CARD 25
Jibs_PC#2754652935899777024 placearmies 27 3
Jibs_PC#2754652935899777024 attack 27 29
Jibs_PC#2754652935899777024 roll 3
Jibs_PC#2754652935899777024 roll 1
DICE 3 1 5 3 2 3 
Jibs_PC#2754652935899777024 move 18
Jibs_PC#2754652935899777024 attack 29 33
Jibs_PC#2754652935899777024 roll 3
Jibs_PC#2754652935899777024 roll 1
DICE 3 1 5 1 1 0 
Jibs_PC#2754652935899777024 move 17
Jibs_PC#2754652935899777024 attack 33 39
Jibs_PC#2754652935899777024 roll 3
Jibs_PC#2754652935899777024 roll 2
DICE 3 2 4 1 0 5 3 
Jibs_PC#2754652935899777024 roll 3
Jibs_PC#2754652935899777024 roll 2
DICE 3 2 4 4 2 5 0 
Jibs_PC#2754652935899777024 roll 3
Jibs_PC#2754652935899777024 roll 2
DICE 3 2 5 4 2 4 3 
Jibs_PC#2754652935899777024 roll 3
Jibs_PC#2754652935899777024 roll 2
DICE 3 2 5 4 0 4 1 
Jibs_PC#2754652935899777024 roll 3
Jibs_PC#2754652935899777024 roll 2
DICE 3 2 4 3 2 4 3 
Jibs_PC#2754652935899777024 roll 3
Jibs_PC#2754652935899777024 roll 2
DICE 3 2 4 4 1 4 1 
Jibs_PC#2754652935899777024 roll 3
Jibs_PC#2754652935899777024 roll 1
DICE 3 1 3 2 0 2 
Jibs_PC#2754652935899777024 move 10
Jibs_PC#2754652935899777024 attack 39 41
Jibs_PC#2754652935899777024 roll 3
Jibs_PC#2754652935899777024 roll 1
DICE 3 1 3 2 1 5 
Jibs_PC#2754652935899777024 roll 3
Jibs_PC#2754652935899777024 roll 1
DICE 3 1 3 1 0 5 
Jibs_PC#2754652935899777024 roll 3
Jibs_PC#2754652935899777024 roll 1
DICE 3 1 2 1 0 3 
Jibs_PC#2754652935899777024 roll 3
Jibs_PC#2754652935899777024 roll 1
DICE 3 1 1 0 0 3 
Jibs_PC#2754652935899777024 roll 3
Jibs_PC#2754652935899777024 roll 1
DICE 3 1 3 2 0 4 
Jibs_PC#2754652935899777024 retreat
Jibs_PC#2754652935899777024 attack 39 40
Jibs_PC#2754652935899777024 roll 3
Jibs_PC#2754652935899777024 roll 1
DICE 3 1 5 3 1 2 
Jibs_PC#2754652935899777024 move 4
Jibs_PC#2754652935899777024 attack 40 41
Jibs_PC#2754652935899777024 roll 3
Jibs_PC#2754652935899777024 roll 1
DICE 3 1 4 3 2 4 
Jibs_PC#2754652935899777024 roll 2
Jibs_PC#2754652935899777024 roll 1
DICE 2 1 3 2 0 
Jibs_PC#2754652935899777024 endattack
Jibs_PC#2754652935899777024 nomove
CARD 37
Jibs_PC#2754652935899777024 placearmies 6 2
Jibs_PC#2754652935899777024 placearmies 9 1
Jibs_PC#2754652935899777024 attack 6 14
Jibs_PC#2754652935899777024 roll 3
Jibs_PC#2754652935899777024 roll 1
DICE 3 1 2 1 1 5 
Jibs_PC#2754652935899777024 roll 3
Jibs_PC#2754652935899777024 roll 1
DICE 3 1 5 4 3 3 
Jibs_PC#2754652935899777024 move 6
Jibs_PC#2754652935899777024 attack 14 17
Jibs_PC#2754652935899777024 roll 3
Jibs_PC#2754652935899777024 roll 1
DICE 3 1 5 3 0 4 
Jibs_PC#2754652935899777024 move 5
Jibs_PC#2754652935899777024 attack 17 15
Jibs_PC#2754652935899777024 roll 3
Jibs_PC#2754652935899777024 roll 1
DICE 3 1 2 0 0 1 
Jibs_PC#2754652935899777024 move 4
Jibs_PC#2754652935899777024 attack 15 16
Jibs_PC#2754652935899777024 roll 3
Jibs_PC#2754652935899777024 roll 1
DICE 3 1 3 3 3 2 
Jibs_PC#2754652935899777024 attack 16 20
Jibs_PC#2754652935899777024 roll 2
Jibs_PC#2754652935899777024 roll 1
DICE 2 1 5 0 5 
Jibs_PC#2754652935899777024 retreat
Jibs_PC#2754652935899777024 endattack
Jibs_PC#2754652935899777024 nomove
CARD 28
Jibs_PC#2754652935899777024 placearmies 36 3
Jibs_PC#2754652935899777024 attack 36 27
Jibs_PC#2754652935899777024 roll 3
Jibs_PC#2754652935899777024 roll 1
DICE 3 1 4 2 0 4 
Jibs_PC#2754652935899777024 roll 2
Jibs_PC#2754652935899777024 roll 1
DICE 2 1 5 3 2 
Jibs_PC#2754652935899777024 endattack
Jibs_PC#2754652935899777024 movearmies 1 38 3
CARD wildcard
Jibs_PC#2754652935899777024 placearmies 11 1
Jibs_PC#2754652935899777024 placearmies 11 1
Jibs_PC#2754652935899777024 placearmies 11 1
Jibs_PC#2754652935899777024 attack 11 12
Jibs_PC#2754652935899777024 roll 3
Jibs_PC#2754652935899777024 roll 2
DICE 3 2 2 2 0 5 1 
Jibs_PC#2754652935899777024 roll 2
Jibs_PC#2754652935899777024 roll 1
DICE 2 1 5 5 0 
Jibs_PC#2754652935899777024 attack 5 9
Jibs_PC#2754652935899777024 roll 3
Jibs_PC#2754652935899777024 roll 2
DICE 3 2 2 2 0 5 2 
Jibs_PC#2754652935899777024 roll 3
Jibs_PC#2754652935899777024 roll 2
DICE 3 2 5 3 3 2 2 
Jibs_PC#2754652935899777024 move all
Jibs_PC#2754652935899777024 attack 9 4
Jibs_PC#2754652935899777024 roll 3
Jibs_PC#2754652935899777024 roll 1
DICE 3 1 4 4 0 5 
Jibs_PC#2754652935899777024 roll 3
Jibs_PC#2754652935899777024 roll 1
DICE 3 1 5 5 2 5 
Jibs_PC#2754652935899777024 roll 3
Jibs_PC#2754652935899777024 roll 1
DICE 3 1 5 5 1 2 
Jibs_PC#2754652935899777024 endattack
Jibs_PC#2754652935899777024 movearmies 4 9 1
CARD 7
Jibs_PC#2754652935899777024 placearmies 22 1
Jibs_PC#2754652935899777024 placearmies 22 1
Jibs_PC#2754652935899777024 placearmies 22 1
Jibs_PC#2754652935899777024 placearmies 22 1
Jibs_PC#2754652935899777024 attack 22 31
Jibs_PC#2754652935899777024 roll 3
Jibs_PC#2754652935899777024 roll 1
DICE 3 1 5 5 4 3 
Jibs_PC#2754652935899777024 move 5
Jibs_PC#2754652935899777024 attack 22 21
Jibs_PC#2754652935899777024 roll 1
Jibs_PC#2754652935899777024 roll 1
DICE 1 1 4 1 
Jibs_PC#2754652935899777024 attack 31 30
Jibs_PC#2754652935899777024 roll 3
Jibs_PC#2754652935899777024 roll 1
DICE 3 1 2 0 0 1 
Jibs_PC#2754652935899777024 move all
Jibs_PC#2754652935899777024 attack 30 29
Jibs_PC#2754652935899777024 roll 3
Jibs_PC#2754652935899777024 roll 1
DICE 3 1 5 3 1 3 
Jibs_PC#2754652935899777024 attack 29 33
Jibs_PC#2754652935899777024 roll 2
Jibs_PC#2754652935899777024 roll 1
DICE 2 1 5 2 5 
Jibs_PC#2754652935899777024 roll 1
Jibs_PC#2754652935899777024 roll 1
DICE 1 1 5 2 
Jibs_PC#2754652935899777024 endattack
Jibs_PC#2754652935899777024 movearmies 24 22 2
CARD 14
Jibs_PC#2754652935899777024 placearmies 20 3
Jibs_PC#2754652935899777024 attack 20 21
Jibs_PC#2754652935899777024 roll 3
Jibs_PC#2754652935899777024 roll 1
DICE 3 1 3 1 1 2 
Jibs_PC#2754652935899777024 endattack
Jibs_PC#2754652935899777024 nomove
CARD 42
Jibs_PC#2754652935899777024 placearmies 41 2
Jibs_PC#2754652935899777024 placearmies 41 1
Jibs_PC#2754652935899777024 attack 41 42
Jibs_PC#2754652935899777024 roll 3
Jibs_PC#2754652935899777024 roll 1
DICE 3 1 5 4 3 5 
Jibs_PC#2754652935899777024 roll 3
Jibs_PC#2754652935899777024 roll 1
DICE 3 1 5 0 0 2 
Jibs_PC#2754652935899777024 endattack
Jibs_PC#2754652935899777024 movearmies 42 40 1
CARD 39
Jibs_PC#2754652935899777024 placearmies 16 2
Jibs_PC#2754652935899777024 placearmies 16 1
Jibs_PC#2754652935899777024 placearmies 35 1
Jibs_PC#2754652935899777024 attack 16 20
Jibs_PC#2754652935899777024 roll 3
Jibs_PC#2754652935899777024 roll 1
DICE 3 1 4 0 0 3 
Jibs_PC#2754652935899777024 move 3
Jibs_PC#2754652935899777024 endattack
Jibs_PC#2754652935899777024 nomove
CARD 24
Jibs_PC#2754652935899777024 placearmies 38 1
Jibs_PC#2754652935899777024 placearmies 27 2
Jibs_PC#2754652935899777024 attack 27 28
Jibs_PC#2754652935899777024 roll 3
Jibs_PC#2754652935899777024 roll 1
DICE 3 1 4 2 0 0 
Jibs_PC#2754652935899777024 attack 28 29
Jibs_PC#2754652935899777024 roll 2
Jibs_PC#2754652935899777024 roll 1
DICE 2 1 5 0 4 
Jibs_PC#2754652935899777024 attack 38 35
Jibs_PC#2754652935899777024 roll 3
Jibs_PC#2754652935899777024 roll 2
DICE 3 2 3 0 0 5 0 
Jibs_PC#2754652935899777024 retreat
Jibs_PC#2754652935899777024 attack 38 37
Jibs_PC#2754652935899777024 roll 2
Jibs_PC#2754652935899777024 roll 1
DICE 2 1 1 0 0 
Jibs_PC#2754652935899777024 endattack
Jibs_PC#2754652935899777024 movearmies 37 38 1
CARD 17
Jibs_PC#2754652935899777024 placearmies 12 1
Jibs_PC#2754652935899777024 placearmies 9 1
Jibs_PC#2754652935899777024 placearmies 4 1
Jibs_PC#2754652935899777024 placearmies 12 1
Jibs_PC#2754652935899777024 placearmies 12 1
Jibs_PC#2754652935899777024 attack 4 3
Jibs_PC#2754652935899777024 roll 2
Jibs_PC#2754652935899777024 roll 1
DICE 2 1 3 2 0 
Jibs_PC#2754652935899777024 attack 9 7
Jibs_PC#2754652935899777024 roll 2
Jibs_PC#2754652935899777024 roll 1
DICE 2 1 4 2 0 
Jibs_PC#2754652935899777024 attack 7 8
Jibs_PC#2754652935899777024 roll 1
Jibs_PC#2754652935899777024 roll 1
DICE 1 1 5 3 
Jibs_PC#2754652935899777024 attack 3 2
Jibs_PC#2754652935899777024 roll 1
Jibs_PC#2754652935899777024 roll 1
DICE 1 1 1 4 
Jibs_PC#2754652935899777024 endattack
Jibs_PC#2754652935899777024 nomove
CARD 9
Jibs_PC#2754652935899777024 placearmies 33 1
Jibs_PC#2754652935899777024 placearmies 33 1
Jibs_PC#2754652935899777024 placearmies 33 1
Jibs_PC#2754652935899777024 attack 22 21
Jibs_PC#2754652935899777024 roll 2
Jibs_PC#2754652935899777024 roll 2
DICE 2 2 5 1 1 0 
Jibs_PC#2754652935899777024 roll 2
Jibs_PC#2754652935899777024 roll 1
DICE 2 1 4 0 4 
Jibs_PC#2754652935899777024 roll 1
Jibs_PC#2754652935899777024 roll 1
DICE 1 1 0 1 
Jibs_PC#2754652935899777024 attack 33 39
Jibs_PC#2754652935899777024 roll 3
Jibs_PC#2754652935899777024 roll 1
DICE 3 1 3 3 0 1 
Jibs_PC#2754652935899777024 attack 39 40
Jibs_PC#2754652935899777024 retreat
Jibs_PC#2754652935899777024 attack 39 41
Jibs_PC#2754652935899777024 roll 2
Jibs_PC#2754652935899777024 roll 1
DICE 2 1 0 0 4 
Jibs_PC#2754652935899777024 roll 1
Jibs_PC#2754652935899777024 roll 1
DICE 1 1 0 5 
Jibs_PC#2754652935899777024 endattack
Jibs_PC#2754652935899777024 nomove
CARD 10
Jibs_PC#2754652935899777024 placearmies 21 3
Jibs_PC#2754652935899777024 attack 21 19
Jibs_PC#2754652935899777024 roll 3
Jibs_PC#2754652935899777024 roll 1
DICE 3 1 4 3 1 4 
Jibs_PC#2754652935899777024 roll 2
Jibs_PC#2754652935899777024 roll 1
DICE 2 1 1 0 1 
Jibs_PC#2754652935899777024 retreat
Jibs_PC#2754652935899777024 endattack
Jibs_PC#2754652935899777024 nomove
CARD 
Jibs_PC#2754652935899777024 placearmies 40 2
Jibs_PC#2754652935899777024 placearmies 40 1
Jibs_PC#2754652935899777024 attack 40 39
Jibs_PC#2754652935899777024 roll 3
Jibs_PC#2754652935899777024 roll 1
DICE 3 1 4 2 0 4 
Jibs_PC#2754652935899777024 roll 3
Jibs_PC#2754652935899777024 roll 1
DICE 3 1 4 1 0 4 
Jibs_PC#2754652935899777024 roll 2
Jibs_PC#2754652935899777024 roll 1
DICE 2 1 5 3 4 
Jibs_PC#2754652935899777024 endattack
Jibs_PC#2754652935899777024 nomove
CARD 30
Jibs_PC#2754652935899777024 endtrade
Jibs_PC#2754652935899777024 placearmies 20 3
Jibs_PC#2754652935899777024 placearmies 19 1
Jibs_PC#2754652935899777024 placearmies 6 4
Jibs_PC#2754652935899777024 attack 20 21
Jibs_PC#2754652935899777024 roll 3
Jibs_PC#2754652935899777024 roll 2
DICE 3 2 4 4 1 2 0 
Jibs_PC#2754652935899777024 move 4
Jibs_PC#2754652935899777024 attack 6 8
Jibs_PC#2754652935899777024 roll 3
Jibs_PC#2754652935899777024 roll 1
DICE 3 1 4 1 0 1 
Jibs_PC#2754652935899777024 move 3
Jibs_PC#2754652935899777024 endattack
Jibs_PC#2754652935899777024 movearmies 8 6 2
CARD wildcard
Jibs_PC#2754652935899777024 trade 19 wildcard 17
Jibs_PC#2754652935899777024 placearmies 29 2
Jibs_PC#2754652935899777024 placearmies 28 5
Jibs_PC#2754652935899777024 attack 28 16
Jibs_PC#2754652935899777024 roll 3
Jibs_PC#2754652935899777024 roll 2
DICE 3 2 5 1 0 2 1 
Jibs_PC#2754652935899777024 roll 3
Jibs_PC#2754652935899777024 roll 1
DICE 3 1 2 2 1 3 
Jibs_PC#2754652935899777024 roll 3
Jibs_PC#2754652935899777024 roll 1
DICE 3 1 5 1 1 3 
Jibs_PC#2754652935899777024 attack 16 30
Jibs_PC#2754652935899777024 roll 2
Jibs_PC#2754652935899777024 roll 1
DICE 2 1 3 0 4 
Jibs_PC#2754652935899777024 retreat
Jibs_PC#2754652935899777024 attack 29 30
Jibs_PC#2754652935899777024 roll 3
Jibs_PC#2754652935899777024 roll 1
DICE 3 1 5 4 3 4 
Jibs_PC#2754652935899777024 attack 30 31
Jibs_PC#2754652935899777024 roll 2
Jibs_PC#2754652935899777024 roll 1
DICE 2 1 3 1 5 
Jibs_PC#2754652935899777024 retreat
Jibs_PC#2754652935899777024 endattack
Jibs_PC#2754652935899777024 nomove
CARD 27
Jibs_PC#2754652935899777024 trade 22 7 9
Jibs_PC#2754652935899777024 placearmies 12 1
Jibs_PC#2754652935899777024 placearmies 12 1
Jibs_PC#2754652935899777024 placearmies 3 1
Jibs_PC#2754652935899777024 placearmies 3 1
Jibs_PC#2754652935899777024 placearmies 3 1
Jibs_PC#2754652935899777024 placearmies 7 1
Jibs_PC#2754652935899777024 placearmies 3 1
Jibs_PC#2754652935899777024 placearmies 7 1
Jibs_PC#2754652935899777024 placearmies 12 1
Jibs_PC#2754652935899777024 placearmies 7 1
Jibs_PC#2754652935899777024 placearmies 3 1
Jibs_PC#2754652935899777024 attack 7 8
Jibs_PC#2754652935899777024 roll 3
Jibs_PC#2754652935899777024 roll 1
DICE 3 1 5 4 3 1 
Jibs_PC#2754652935899777024 move all
Jibs_PC#2754652935899777024 attack 3 2
Jibs_PC#2754652935899777024 roll 3
Jibs_PC#2754652935899777024 roll 1
DICE 3 1 4 4 3 1 
Jibs_PC#2754652935899777024 move all
Jibs_PC#2754652935899777024 attack 2 1
Jibs_PC#2754652935899777024 roll 3
Jibs_PC#2754652935899777024 roll 1
DICE 3 1 4 3 0 0 
Jibs_PC#2754652935899777024 move all
Jibs_PC#2754652935899777024 attack 8 6
Jibs_PC#2754652935899777024 roll 3
Jibs_PC#2754652935899777024 roll 2
DICE 3 2 4 1 0 1 1 
Jibs_PC#2754652935899777024 roll 3
Jibs_PC#2754652935899777024 roll 2
DICE 3 2 5 2 0 4 2 
Jibs_PC#2754652935899777024 roll 2
Jibs_PC#2754652935899777024 roll 2
DICE 2 2 1 0 5 1 
Jibs_PC#2754652935899777024 endattack
Jibs_PC#2754652935899777024 nomove
CARD 5
Jibs_PC#2754652935899777024 placearmies 22 1
Jibs_PC#2754652935899777024 placearmies 22 1
Jibs_PC#2754652935899777024 placearmies 22 1
Jibs_PC#2754652935899777024 attack 22 21
Jibs_PC#2754652935899777024 roll 3
Jibs_PC#2754652935899777024 roll 2
DICE 3 2 1 0 0 5 5 
Jibs_PC#2754652935899777024 roll 1
Jibs_PC#2754652935899777024 roll 2
DICE 1 2 4 4 1 
Jibs_PC#2754652935899777024 endattack
Jibs_PC#2754652935899777024 nomove
CARD 
Jibs_PC#2754652935899777024 trade 13 37 30
Jibs_PC#2754652935899777024 placearmies 39 2
Jibs_PC#2754652935899777024 placearmies 39 10
Jibs_PC#2754652935899777024 placearmies 39 1
Jibs_PC#2754652935899777024 attack 39 33
Jibs_PC#2754652935899777024 roll 3
Jibs_PC#2754652935899777024 roll 1
DICE 3 1 4 4 0 3 
Jibs_PC#2754652935899777024 move 14
Jibs_PC#2754652935899777024 endattack
Jibs_PC#2754652935899777024 nomove
CARD 29
Jibs_PC#2754652935899777024 trade 1 28 24
Jibs_PC#2754652935899777024 trade 25 42 wildcard
Jibs_PC#2754652935899777024 placearmies 21 18
Jibs_PC#2754652935899777024 placearmies 21 7
Jibs_PC#2754652935899777024 attack 21 22
Jibs_PC#2754652935899777024 roll 3
Jibs_PC#2754652935899777024 roll 1
DICE 3 1 4 3 1 0 
Jibs_PC#2754652935899777024 move 28
Jibs_PC#2754652935899777024 attack 22 31
Jibs_PC#2754652935899777024 roll 3
Jibs_PC#2754652935899777024 roll 1
DICE 3 1 4 3 2 3 
Jibs_PC#2754652935899777024 move 27
Jibs_PC#2754652935899777024 attack 31 32
Jibs_PC#2754652935899777024 roll 3
Jibs_PC#2754652935899777024 roll 1
DICE 3 1 5 3 1 2 
Jibs_PC#2754652935899777024 move 26
Jibs_PC#2754652935899777024 attack 32 33
Jibs_PC#2754652935899777024 roll 3
Jibs_PC#2754652935899777024 roll 2
DICE 3 2 4 3 0 5 5 
Jibs_PC#2754652935899777024 roll 3
Jibs_PC#2754652935899777024 roll 2
DICE 3 2 1 1 0 1 0 
Jibs_PC#2754652935899777024 roll 3
Jibs_PC#2754652935899777024 roll 2
DICE 3 2 5 0 0 0 0 
Jibs_PC#2754652935899777024 roll 3
Jibs_PC#2754652935899777024 roll 2
DICE 3 2 4 1 0 4 2 
Jibs_PC#2754652935899777024 roll 3
Jibs_PC#2754652935899777024 roll 2
DICE 3 2 5 4 2 4 0 
Jibs_PC#2754652935899777024 roll 3
Jibs_PC#2754652935899777024 roll 2
DICE 3 2 4 4 2 0 0 
Jibs_PC#2754652935899777024 roll 3
Jibs_PC#2754652935899777024 roll 2
DICE 3 2 4 4 3 2 0 
Jibs_PC#2754652935899777024 roll 3
Jibs_PC#2754652935899777024 roll 2
DICE 3 2 5 4 4 4 4 
Jibs_PC#2754652935899777024 roll 3
Jibs_PC#2754652935899777024 roll 2
DICE 3 2 2 0 0 1 0 
Jibs_PC#2754652935899777024 roll 3
Jibs_PC#2754652935899777024 roll 2
DICE 3 2 5 4 0 5 0 
Jibs_PC#2754652935899777024 roll 3
Jibs_PC#2754652935899777024 roll 2
DICE 3 2 3 3 3 5 1 
Jibs_PC#2754652935899777024 roll 3
Jibs_PC#2754652935899777024 roll 2
DICE 3 2 4 0 0 5 4 
Jibs_PC#2754652935899777024 roll 3
Jibs_PC#2754652935899777024 roll 2
DICE 3 2 3 2 0 4 0 
Jibs_PC#2754652935899777024 roll 3
Jibs_PC#2754652935899777024 roll 1
DICE 3 1 5 4 2 3 
Jibs_PC#2754652935899777024 move 12
Jibs_PC#2754652935899777024 attack 33 39
Jibs_PC#2754652935899777024 roll 3
Jibs_PC#2754652935899777024 roll 1
DICE 3 1 5 0 0 1 
Jibs_PC#2754652935899777024 move 11
Jibs_PC#2754652935899777024 attack 39 41
Jibs_PC#2754652935899777024 roll 3
Jibs_PC#2754652935899777024 roll 1
DICE 3 1 3 2 0 2 
Jibs_PC#2754652935899777024 move 10
Jibs_PC#2754652935899777024 attack 41 42
Jibs_PC#2754652935899777024 roll 3
Jibs_PC#2754652935899777024 roll 2
DICE 3 2 5 3 2 5 4 
Jibs_PC#2754652935899777024 roll 3
Jibs_PC#2754652935899777024 roll 2
DICE 3 2 2 2 1 3 1 
Jibs_PC#2754652935899777024 roll 3
Jibs_PC#2754652935899777024 roll 1
DICE 3 1 5 4 4 4 
Jibs_PC#2754652935899777024 move 5
Jibs_PC#2754652935899777024 attack 42 40
Jibs_PC#2754652935899777024 roll 3
Jibs_PC#2754652935899777024 roll 1
DICE 3 1 2 2 0 0 
Jibs_PC#2754652935899777024 move 3
Jibs_PC#2754652935899777024 endattack
Jibs_PC#2754652935899777024 movearmies 19 20 1
CARD 41
Jibs_PC#2754652935899777024 placearmies 30 2
Jibs_PC#2754652935899777024 placearmies 30 1
Jibs_PC#2754652935899777024 attack 30 31
Jibs_PC#2754652935899777024 roll 3
Jibs_PC#2754652935899777024 roll 1
DICE 3 1 4 2 0 0 
Jibs_PC#2754652935899777024 move 4
Jibs_PC#2754652935899777024 attack 31 32
Jibs_PC#2754652935899777024 roll 3
Jibs_PC#2754652935899777024 roll 1
DICE 3 1 5 4 0 2 
Jibs_PC#2754652935899777024 attack 32 33
Jibs_PC#2754652935899777024 roll 2
Jibs_PC#2754652935899777024 roll 1
DICE 2 1 4 3 0 
Jibs_PC#2754652935899777024 endattack
Jibs_PC#2754652935899777024 nomove
CARD 33
Jibs_PC#2754652935899777024 placearmies 8 1
Jibs_PC#2754652935899777024 placearmies 8 1
Jibs_PC#2754652935899777024 placearmies 12 1
Jibs_PC#2754652935899777024 placearmies 1 1
Jibs_PC#2754652935899777024 placearmies 8 1
Jibs_PC#2754652935899777024 placearmies 8 1
Jibs_PC#2754652935899777024 attack 8 6
Jibs_PC#2754652935899777024 roll 3
Jibs_PC#2754652935899777024 roll 2
DICE 3 2 4 2 0 5 1 
Jibs_PC#2754652935899777024 roll 3
Jibs_PC#2754652935899777024 roll 1
DICE 3 1 4 2 0 0 
Jibs_PC#2754652935899777024 endattack
Jibs_PC#2754652935899777024 nomove
CARD 23
Jibs_PC#2754652935899777024 placearmies 24 1
Jibs_PC#2754652935899777024 placearmies 24 1
Jibs_PC#2754652935899777024 placearmies 24 1
Jibs_PC#2754652935899777024 attack 24 22
Jibs_PC#2754652935899777024 roll 3
Jibs_PC#2754652935899777024 roll 1
DICE 3 1 4 1 0 2 
Jibs_PC#2754652935899777024 attack 22 21
Jibs_PC#2754652935899777024 roll 2
Jibs_PC#2754652935899777024 roll 1
DICE 2 1 2 1 4 
Jibs_PC#2754652935899777024 roll 1
Jibs_PC#2754652935899777024 roll 1
DICE 1 1 5 3 
Jibs_PC#2754652935899777024 endattack
Jibs_PC#2754652935899777024 nomove
CARD 15
Jibs_PC#2754652935899777024 placearmies 20 1
Jibs_PC#2754652935899777024 placearmies 39 1
Jibs_PC#2754652935899777024 placearmies 20 2
Jibs_PC#2754652935899777024 placearmies 20 1
Jibs_PC#2754652935899777024 attack 20 16
Jibs_PC#2754652935899777024 roll 3
Jibs_PC#2754652935899777024 roll 2
DICE 3 2 5 3 2 1 0 
Jibs_PC#2754652935899777024 move 5
Jibs_PC#2754652935899777024 endattack
Jibs_PC#2754652935899777024 movearmies 16 20 1
CARD 16
Jibs_PC#2754652935899777024 placearmies 38 3
Jibs_PC#2754652935899777024 attack 38 35
Jibs_PC#2754652935899777024 roll 3
Jibs_PC#2754652935899777024 roll 2
DICE 3 2 5 4 2 1 0 
Jibs_PC#2754652935899777024 move 3
Jibs_PC#2754652935899777024 endattack
Jibs_PC#2754652935899777024 movearmies 35 38 2
CARD 36
Jibs_PC#2754652935899777024 placearmies 6 1
Jibs_PC#2754652935899777024 placearmies 6 1
Jibs_PC#2754652935899777024 placearmies 1 1
Jibs_PC#2754652935899777024 placearmies 6 1
Jibs_PC#2754652935899777024 placearmies 1 1
Jibs_PC#2754652935899777024 placearmies 12 1
Jibs_PC#2754652935899777024 placearmies 6 1
Jibs_PC#2754652935899777024 placearmies 1 1
Jibs_PC#2754652935899777024 placearmies 6 1
Jibs_PC#2754652935899777024 placearmies 1 1
Jibs_PC#2754652935899777024 placearmies 1 1
Jibs_PC#2754652935899777024 attack 6 14
Jibs_PC#2754652935899777024 roll 3
Jibs_PC#2754652935899777024 roll 1
DICE 3 1 5 3 1 5 
Jibs_PC#2754652935899777024 roll 3
Jibs_PC#2754652935899777024 roll 1
DICE 3 1 3 2 2 4 
Jibs_PC#2754652935899777024 roll 3
Jibs_PC#2754652935899777024 roll 1
DICE 3 1 5 1 1 4 
Jibs_PC#2754652935899777024 move all
Jibs_PC#2754652935899777024 attack 1 38
Jibs_PC#2754652935899777024 roll 3
Jibs_PC#2754652935899777024 roll 2
DICE 3 2 5 5 4 4 2 
Jibs_PC#2754652935899777024 roll 3
Jibs_PC#2754652935899777024 roll 2
DICE 3 2 3 2 2 5 1 
Jibs_PC#2754652935899777024 roll 3
Jibs_PC#2754652935899777024 roll 1
DICE 3 1 4 4 2 3 
Jibs_PC#2754652935899777024 move all
Jibs_PC#2754652935899777024 endattack
Jibs_PC#2754652935899777024 nomove
CARD 8
Jibs_PC#2754652935899777024 trade 12 10 15
Jibs_PC#2754652935899777024 placearmies 22 1
Jibs_PC#2754652935899777024 placearmies 21 1
Jibs_PC#2754652935899777024 placearmies 22 1
Jibs_PC#2754652935899777024 placearmies 21 1
Jibs_PC#2754652935899777024 placearmies 22 1
Jibs_PC#2754652935899777024 placearmies 21 1
Jibs_PC#2754652935899777024 placearmies 22 1
Jibs_PC#2754652935899777024 placearmies 21 1
Jibs_PC#2754652935899777024 placearmies 22 1
Jibs_PC#2754652935899777024 placearmies 21 1
Jibs_PC#2754652935899777024 placearmies 22 1
Jibs_PC#2754652935899777024 placearmies 21 1
Jibs_PC#2754652935899777024 placearmies 22 1
Jibs_PC#2754652935899777024 placearmies 21 1
Jibs_PC#2754652935899777024 placearmies 22 1
Jibs_PC#2754652935899777024 placearmies 21 1
Jibs_PC#2754652935899777024 placearmies 22 1
Jibs_PC#2754652935899777024 placearmies 21 1
Jibs_PC#2754652935899777024 placearmies 22 1
Jibs_PC#2754652935899777024 placearmies 21 1
Jibs_PC#2754652935899777024 placearmies 22 1
Jibs_PC#2754652935899777024 attack 22 31
Jibs_PC#2754652935899777024 roll 3
Jibs_PC#2754652935899777024 roll 1
DICE 3 1 5 3 2 5 
Jibs_PC#2754652935899777024 roll 3
Jibs_PC#2754652935899777024 roll 1
DICE 3 1 2 0 0 4 
Jibs_PC#2754652935899777024 roll 3
Jibs_PC#2754652935899777024 roll 1
DICE 3 1 4 4 2 1 
Jibs_PC#2754652935899777024 move all
Jibs_PC#2754652935899777024 attack 31 32
Jibs_PC#2754652935899777024 roll 3
Jibs_PC#2754652935899777024 roll 1
DICE 3 1 5 4 2 5 
Jibs_PC#2754652935899777024 roll 3
Jibs_PC#2754652935899777024 roll 1
DICE 3 1 2 1 0 3 
Jibs_PC#2754652935899777024 roll 3
Jibs_PC#2754652935899777024 roll 1
DICE 3 1 4 2 1 1 
Jibs_PC#2754652935899777024 move all
Jibs_PC#2754652935899777024 attack 32 29
Jibs_PC#2754652935899777024 roll 3
Jibs_PC#2754652935899777024 roll 1
DICE 3 1 3 0 0 0 
Jibs_PC#2754652935899777024 move all
Jibs_PC#2754652935899777024 attack 29 30
Jibs_PC#2754652935899777024 retreat
Jibs_PC#2754652935899777024 attack 29 36
Jibs_PC#2754652935899777024 roll 3
Jibs_PC#2754652935899777024 roll 1
DICE 3 1 5 5 2 3 
Jibs_PC#2754652935899777024 move all
Jibs_PC#2754652935899777024 attack 36 35
Jibs_PC#2754652935899777024 roll 3
Jibs_PC#2754652935899777024 roll 1
DICE 3 1 4 1 1 5 
Jibs_PC#2754652935899777024 roll 2
Jibs_PC#2754652935899777024 roll 1
DICE 2 1 5 2 1 
Jibs_PC#2754652935899777024 attack 35 27
Jibs_PC#2754652935899777024 roll 1
Jibs_PC#2754652935899777024 roll 1
DICE 1 1 2 3 
Jibs_PC#2754652935899777024 attack 21 19
Jibs_PC#2754652935899777024 roll 3
Jibs_PC#2754652935899777024 roll 1
DICE 3 1 5 2 0 4 
Jibs_PC#2754652935899777024 move 6
Jibs_PC#2754652935899777024 attack 19 20
Jibs_PC#2754652935899777024 roll 3
Jibs_PC#2754652935899777024 roll 2
DICE 3 2 5 4 2 2 0 
Jibs_PC#2754652935899777024 roll 3
Jibs_PC#2754652935899777024 roll 1
DICE 3 1 4 3 0 2 
Jibs_PC#2754652935899777024 move all
Jibs_PC#2754652935899777024 attack 20 16
Jibs_PC#2754652935899777024 roll 3
Jibs_PC#2754652935899777024 roll 2
DICE 3 2 4 4 3 5 1 
Jibs_PC#2754652935899777024 roll 3
Jibs_PC#2754652935899777024 roll 2
DICE 3 2 5 5 4 1 0 
Jibs_PC#2754652935899777024 roll 3
Jibs_PC#2754652935899777024 roll 1
DICE 3 1 4 2 2 1 
Jibs_PC#2754652935899777024 attack 16 18
Jibs_PC#2754652935899777024 roll 2
Jibs_PC#2754652935899777024 roll 1
DICE 2 1 3 3 2 
Jibs_PC#2754652935899777024 attack 18 17
Jibs_PC#2754652935899777024 roll 1
Jibs_PC#2754652935899777024 roll 1
DICE 1 1 4 2 
Jibs_PC#2754652935899777024 endattack
Jibs_PC#2754652935899777024 movearmies 21 22 3
CARD 6
Jibs_PC#2754652935899777024 placearmies 15 3
Jibs_PC#2754652935899777024 placearmies 15 1
Jibs_PC#2754652935899777024 placearmies 15 1
Jibs_PC#2754652935899777024 attack 15 16
Jibs_PC#2754652935899777024 roll 3
Jibs_PC#2754652935899777024 roll 1
DICE 3 1 5 1 0 5 
Jibs_PC#2754652935899777024 roll 3
Jibs_PC#2754652935899777024 roll 1
DICE 3 1 5 4 1 0 
Jibs_PC#2754652935899777024 move 4
Jibs_PC#2754652935899777024 endattack
Jibs_PC#2754652935899777024 movearmies 41 39 1
CARD 35
Jibs_PC#2754652935899777024 trade 27 33 36
Jibs_PC#2754652935899777024 placearmies 27 1
Jibs_PC#2754652935899777024 placearmies 37 16
Jibs_PC#2754652935899777024 placearmies 37 2
Jibs_PC#2754652935899777024 placearmies 37 1
Jibs_PC#2754652935899777024 placearmies 37 1
Jibs_PC#2754652935899777024 placearmies 37 1
Jibs_PC#2754652935899777024 placearmies 37 1
Jibs_PC#2754652935899777024 attack 37 38
Jibs_PC#2754652935899777024 roll 3
Jibs_PC#2754652935899777024 roll 2
DICE 3 2 5 3 1 3 2 
Jibs_PC#2754652935899777024 roll 3
Jibs_PC#2754652935899777024 roll 2
DICE 3 2 5 4 3 3 0 
Jibs_PC#2754652935899777024 roll 3
Jibs_PC#2754652935899777024 roll 2
DICE 3 2 5 5 3 1 0 
Jibs_PC#2754652935899777024 roll 3
Jibs_PC#2754652935899777024 roll 2
DICE 3 2 2 1 1 5 4 
Jibs_PC#2754652935899777024 roll 3
Jibs_PC#2754652935899777024 roll 2
DICE 3 2 5 5 1 4 0 
Jibs_PC#2754652935899777024 move 20
Jibs_PC#2754652935899777024 attack 38 1
Jibs_PC#2754652935899777024 roll 3
Jibs_PC#2754652935899777024 roll 1
DICE 3 1 1 1 1 1 
Jibs_PC#2754652935899777024 roll 3
Jibs_PC#2754652935899777024 roll 1
DICE 3 1 5 0 0 0 
Jibs_PC#2754652935899777024 move 18
Jibs_PC#2754652935899777024 attack 1 3
Jibs_PC#2754652935899777024 roll 3
Jibs_PC#2754652935899777024 roll 1
DICE 3 1 5 5 3 4 
Jibs_PC#2754652935899777024 move 17
Jibs_PC#2754652935899777024 attack 3 4
Jibs_PC#2754652935899777024 roll 3
Jibs_PC#2754652935899777024 roll 1
DICE 3 1 5 3 2 1 
Jibs_PC#2754652935899777024 move 16
Jibs_PC#2754652935899777024 attack 4 5
Jibs_PC#2754652935899777024 roll 3
Jibs_PC#2754652935899777024 roll 1
DICE 3 1 3 1 0 4 
Jibs_PC#2754652935899777024 roll 3
Jibs_PC#2754652935899777024 roll 1
DICE 3 1 5 3 0 5 
Jibs_PC#2754652935899777024 roll 3
Jibs_PC#2754652935899777024 roll 1
DICE 3 1 3 2 1 2 
Jibs_PC#2754652935899777024 move 13
Jibs_PC#2754652935899777024 attack 5 10
Jibs_PC#2754652935899777024 roll 3
Jibs_PC#2754652935899777024 roll 1
DICE 3 1 5 4 3 1 
Jibs_PC#2754652935899777024 move 12
Jibs_PC#2754652935899777024 attack 10 12
Jibs_PC#2754652935899777024 roll 3
Jibs_PC#2754652935899777024 roll 2
DICE 3 2 4 2 1 3 2 
Jibs_PC#2754652935899777024 roll 3
Jibs_PC#2754652935899777024 roll 2
DICE 3 2 5 3 1 4 3 
Jibs_PC#2754652935899777024 roll 3
Jibs_PC#2754652935899777024 roll 2
DICE 3 2 5 5 0 3 0 
Jibs_PC#2754652935899777024 roll 3
Jibs_PC#2754652935899777024 roll 2
DICE 3 2 3 2 1 1 0 
Jibs_PC#2754652935899777024 roll 3
Jibs_PC#2754652935899777024 roll 2
DICE 3 2 3 3 1 5 4 
Jibs_PC#2754652935899777024 roll 3
Jibs_PC#2754652935899777024 roll 2
DICE 3 2 5 4 3 0 0 
Jibs_PC#2754652935899777024 roll 3
Jibs_PC#2754652935899777024 roll 2
DICE 3 2 5 1 1 2 0 
Jibs_PC#2754652935899777024 move 7
Jibs_PC#2754652935899777024 attack 12 21
Jibs_PC#2754652935899777024 roll 3
Jibs_PC#2754652935899777024 roll 2
DICE 3 2 5 5 3 5 3 
Jibs_PC#2754652935899777024 roll 3
Jibs_PC#2754652935899777024 roll 1
DICE 3 1 2 1 1 1 
Jibs_PC#2754652935899777024 move 5
Jibs_PC#2754652935899777024 endattack
Jibs_PC#2754652935899777024 nomove
CARD 11
Jibs_PC#2754652935899777024 placearmies 11 1
Jibs_PC#2754652935899777024 placearmies 11 1
Jibs_PC#2754652935899777024 placearmies 11 1
Jibs_PC#2754652935899777024 attack 11 12
Jibs_PC#2754652935899777024 roll 3
Jibs_PC#2754652935899777024 roll 1
DICE 3 1 5 1 0 4 
Jibs_PC#2754652935899777024 attack 12 10
Jibs_PC#2754652935899777024 roll 2
Jibs_PC#2754652935899777024 roll 1
DICE 2 1 2 2 0 
Jibs_PC#2754652935899777024 attack 10 5
Jibs_PC#2754652935899777024 roll 1
Jibs_PC#2754652935899777024 roll 1
DICE 1 1 4 4 
Jibs_PC#2754652935899777024 endattack
Jibs_PC#2754652935899777024 nomove
CARD 4
Jibs_PC#2754652935899777024 placearmies 22 1
Jibs_PC#2754652935899777024 placearmies 22 1
Jibs_PC#2754652935899777024 placearmies 22 1
Jibs_PC#2754652935899777024 placearmies 22 1
Jibs_PC#2754652935899777024 attack 22 21
Jibs_PC#2754652935899777024 roll 3
Jibs_PC#2754652935899777024 roll 2
DICE 3 2 5 4 0 2 0 
Jibs_PC#2754652935899777024 roll 3
Jibs_PC#2754652935899777024 roll 2
DICE 3 2 2 2 1 4 2 
Jibs_PC#2754652935899777024 roll 3
Jibs_PC#2754652935899777024 roll 2
DICE 3 2 5 2 0 3 1 
Jibs_PC#2754652935899777024 roll 3
Jibs_PC#2754652935899777024 roll 1
DICE 3 1 2 0 0 1 
Jibs_PC#2754652935899777024 move all
Jibs_PC#2754652935899777024 endattack
Jibs_PC#2754652935899777024 nomove
CARD 34
Jibs_PC#2754652935899777024 trade 39 41 35
Jibs_PC#2754652935899777024 placearmies 16 14
Jibs_PC#2754652935899777024 placearmies 16 8
Jibs_PC#2754652935899777024 placearmies 39 8
Jibs_PC#2754652935899777024 attack 16 20
Jibs_PC#2754652935899777024 roll 3
Jibs_PC#2754652935899777024 roll 1
DICE 3 1 1 1 0 4 
Jibs_PC#2754652935899777024 roll 3
Jibs_PC#2754652935899777024 roll 1
DICE 3 1 4 4 1 4 
Jibs_PC#2754652935899777024 roll 3
Jibs_PC#2754652935899777024 roll 1
DICE 3 1 5 5 2 2 
Jibs_PC#2754652935899777024 move 23
Jibs_PC#2754652935899777024 attack 20 21
Jibs_PC#2754652935899777024 roll 3
Jibs_PC#2754652935899777024 roll 2
DICE 3 2 4 2 0 4 2 
Jibs_PC#2754652935899777024 roll 3
Jibs_PC#2754652935899777024 roll 2
DICE 3 2 4 1 0 3 1 
Jibs_PC#2754652935899777024 roll 3
Jibs_PC#2754652935899777024 roll 2
DICE 3 2 5 2 0 5 2 
Jibs_PC#2754652935899777024 roll 3
Jibs_PC#2754652935899777024 roll 2
DICE 3 2 4 2 0 3 0 
Jibs_PC#2754652935899777024 roll 3
Jibs_PC#2754652935899777024 roll 2
DICE 3 2 4 0 0 2 2 
Jibs_PC#2754652935899777024 roll 3
Jibs_PC#2754652935899777024 roll 1
DICE 3 1 2 2 2 2 
Jibs_PC#2754652935899777024 roll 3
Jibs_PC#2754652935899777024 roll 1
DICE 3 1 5 4 0 0 
Jibs_PC#2754652935899777024 move 15
Jibs_PC#2754652935899777024 attack 21 12
Jibs_PC#2754652935899777024 roll 3
Jibs_PC#2754652935899777024 roll 1
DICE 3 1 1 1 0 0 
Jibs_PC#2754652935899777024 move 14
Jibs_PC#2754652935899777024 attack 12 13
Jibs_PC#2754652935899777024 roll 3
Jibs_PC#2754652935899777024 roll 1
DICE 3 1 5 4 3 2 
Jibs_PC#2754652935899777024 move 13
Jibs_PC#2754652935899777024 attack 13 11
Jibs_PC#2754652935899777024 roll 3
Jibs_PC#2754652935899777024 roll 1
DICE 3 1 4 2 0 3 
Jibs_PC#2754652935899777024 move 12
Jibs_PC#2754652935899777024 attack 11 10
Jibs_PC#2754652935899777024 roll 3
Jibs_PC#2754652935899777024 roll 1
DICE 3 1 4 3 2 1 
Jibs_PC#2754652935899777024 move 11
Jibs_PC#2754652935899777024 attack 39 33
Jibs_PC#2754652935899777024 roll 3
Jibs_PC#2754652935899777024 roll 2
DICE 3 2 4 3 2 4 0 
Jibs_PC#2754652935899777024 roll 3
Jibs_PC#2754652935899777024 roll 1
DICE 3 1 5 2 1 5 
Jibs_PC#2754652935899777024 roll 3
Jibs_PC#2754652935899777024 roll 1
DICE 3 1 3 2 2 1 
Jibs_PC#2754652935899777024 move 10
Jibs_PC#2754652935899777024 attack 10 5
Jibs_PC#2754652935899777024 roll 3
Jibs_PC#2754652935899777024 roll 1
DICE 3 1 4 3 2 1 
Jibs_PC#2754652935899777024 move 10
Jibs_PC#2754652935899777024 attack 33 32
Jibs_PC#2754652935899777024 roll 3
Jibs_PC#2754652935899777024 roll 1
DICE 3 1 3 2 0 3 
Jibs_PC#2754652935899777024 roll 3
Jibs_PC#2754652935899777024 roll 1
DICE 3 1 5 0 0 5 
Jibs_PC#2754652935899777024 retreat
Jibs_PC#2754652935899777024 attack 5 9
Jibs_PC#2754652935899777024 roll 3
Jibs_PC#2754652935899777024 roll 1
DICE 3 1 5 5 2 2 
Jibs_PC#2754652935899777024 move 8
Jibs_PC#2754652935899777024 attack 9 8
Jibs_PC#2754652935899777024 roll 3
Jibs_PC#2754652935899777024 roll 1
DICE 3 1 3 2 1 0 
Jibs_PC#2754652935899777024 move 7
Jibs_PC#2754652935899777024 attack 8 7
Jibs_PC#2754652935899777024 roll 3
Jibs_PC#2754652935899777024 roll 1
DICE 3 1 4 3 2 5 
Jibs_PC#2754652935899777024 roll 3
Jibs_PC#2754652935899777024 roll 1
DICE 3 1 3 0 0 4 
Jibs_PC#2754652935899777024 retreat
Jibs_PC#2754652935899777024 attack 33 32
Jibs_PC#2754652935899777024 roll 3
Jibs_PC#2754652935899777024 roll 1
DICE 3 1 3 3 1 4 
Jibs_PC#2754652935899777024 roll 3
Jibs_PC#2754652935899777024 roll 1
DICE 3 1 4 4 2 5 
Jibs_PC#2754652935899777024 roll 3
Jibs_PC#2754652935899777024 roll 1
DICE 3 1 1 1 0 5 
Jibs_PC#2754652935899777024 roll 3
Jibs_PC#2754652935899777024 roll 1
DICE 3 1 5 5 5 4 
Jibs_PC#2754652935899777024 move 3
Jibs_PC#2754652935899777024 attack 8 7
Jibs_PC#2754652935899777024 roll 3
Jibs_PC#2754652935899777024 roll 1
DICE 3 1 5 2 0 0 
Jibs_PC#2754652935899777024 move 4
Jibs_PC#2754652935899777024 endattack
Jibs_PC#2754652935899777024 movearmies 32 33 2
CARD 18
Jibs_PC#2754652935899777024 placearmies 27 3
Jibs_PC#2754652935899777024 attack 27 29
Jibs_PC#2754652935899777024 roll 3
Jibs_PC#2754652935899777024 roll 1
DICE 3 1 5 4 0 1 
Jibs_PC#2754652935899777024 move 6
Jibs_PC#2754652935899777024 attack 29 33
Jibs_PC#2754652935899777024 roll 3
Jibs_PC#2754652935899777024 roll 2
DICE 3 2 5 3 1 3 2 
Jibs_PC#2754652935899777024 roll 3
Jibs_PC#2754652935899777024 roll 2
DICE 3 2 3 1 1 0 0 
Jibs_PC#2754652935899777024 move 5
Jibs_PC#2754652935899777024 attack 33 39
Jibs_PC#2754652935899777024 roll 3
Jibs_PC#2754652935899777024 roll 1
DICE 3 1 4 4 2 2 
Jibs_PC#2754652935899777024 move 4
Jibs_PC#2754652935899777024 attack 39 41
Jibs_PC#2754652935899777024 roll 3
Jibs_PC#2754652935899777024 roll 1
DICE 3 1 5 4 3 3 
Jibs_PC#2754652935899777024 endattack
Jibs_PC#2754652935899777024 nomove
CARD 20
Jibs_PC#2754652935899777024 trade 8 23 4
Jibs_PC#2754652935899777024 placearmies 6 1
Jibs_PC#2754652935899777024 placearmies 6 1
Jibs_PC#2754652935899777024 placearmies 6 1
Jibs_PC#2754652935899777024 placearmies 6 1
Jibs_PC#2754652935899777024 placearmies 6 1
Jibs_PC#2754652935899777024 placearmies 6 1
Jibs_PC#2754652935899777024 placearmies 6 1
Jibs_PC#2754652935899777024 placearmies 6 1
Jibs_PC#2754652935899777024 placearmies 6 1
Jibs_PC#2754652935899777024 placearmies 6 1
Jibs_PC#2754652935899777024 placearmies 6 1
Jibs_PC#2754652935899777024 placearmies 6 1
Jibs_PC#2754652935899777024 placearmies 6 1
Jibs_PC#2754652935899777024 placearmies 6 1
Jibs_PC#2754652935899777024 placearmies 6 1
Jibs_PC#2754652935899777024 placearmies 6 1
Jibs_PC#2754652935899777024 placearmies 6 1
Jibs_PC#2754652935899777024 placearmies 6 1
Jibs_PC#2754652935899777024 placearmies 2 1
Jibs_PC#2754652935899777024 placearmies 2 1
Jibs_PC#2754652935899777024 placearmies 2 1
Jibs_PC#2754652935899777024 placearmies 2 1
Jibs_PC#2754652935899777024 placearmies 2 1
Jibs_PC#2754652935899777024 placearmies 2 1
Jibs_PC#2754652935899777024 placearmies 2 1
Jibs_PC#2754652935899777024 placearmies 6 1
Jibs_PC#2754652935899777024 placearmies 6 1
Jibs_PC#2754652935899777024 placearmies 6 1
Jibs_PC#2754652935899777024 placearmies 6 1
Jibs_PC#2754652935899777024 placearmies 14 1
Jibs_PC#2754652935899777024 placearmies 14 1
Jibs_PC#2754652935899777024 placearmies 6 1
Jibs_PC#2754652935899777024 placearmies 6 1
Jibs_PC#2754652935899777024 attack 6 8
Jibs_PC#2754652935899777024 roll 3
Jibs_PC#2754652935899777024 roll 1
DICE 3 1 5 4 2 5 
Jibs_PC#2754652935899777024 roll 3
Jibs_PC#2754652935899777024 roll 1
DICE 3 1 5 5 3 1 
Jibs_PC#2754652935899777024 move all
Jibs_PC#2754652935899777024 attack 8 7
Jibs_PC#2754652935899777024 roll 3
Jibs_PC#2754652935899777024 roll 2
DICE 3 2 5 2 1 1 1 
Jibs_PC#2754652935899777024 roll 3
Jibs_PC#2754652935899777024 roll 2
DICE 3 2 3 2 1 2 0 
Jibs_PC#2754652935899777024 move all
Jibs_PC#2754652935899777024 attack 7 3
Jibs_PC#2754652935899777024 roll 3
Jibs_PC#2754652935899777024 roll 1
DICE 3 1 4 2 2 4 
Jibs_PC#2754652935899777024 roll 3
Jibs_PC#2754652935899777024 roll 1
DICE 3 1 5 4 0 3 
Jibs_PC#2754652935899777024 move all
Jibs_PC#2754652935899777024 attack 3 4
Jibs_PC#2754652935899777024 roll 3
Jibs_PC#2754652935899777024 roll 1
DICE 3 1 5 5 1 3 
Jibs_PC#2754652935899777024 move all
Jibs_PC#2754652935899777024 attack 4 9
Jibs_PC#2754652935899777024 roll 3
Jibs_PC#2754652935899777024 roll 1
DICE 3 1 3 2 0 0 
Jibs_PC#2754652935899777024 move all
Jibs_PC#2754652935899777024 attack 9 5
Jibs_PC#2754652935899777024 roll 3
Jibs_PC#2754652935899777024 roll 2
DICE 3 2 4 4 1 1 1 
Jibs_PC#2754652935899777024 move all
Jibs_PC#2754652935899777024 attack 5 10
Jibs_PC#2754652935899777024 roll 3
Jibs_PC#2754652935899777024 roll 1
DICE 3 1 4 3 1 4 
Jibs_PC#2754652935899777024 roll 3
Jibs_PC#2754652935899777024 roll 1
DICE 3 1 4 3 0 1 
Jibs_PC#2754652935899777024 move all
Jibs_PC#2754652935899777024 attack 10 11
Jibs_PC#2754652935899777024 roll 3
Jibs_PC#2754652935899777024 roll 1
DICE 3 1 5 4 3 3 
Jibs_PC#2754652935899777024 move all
Jibs_PC#2754652935899777024 attack 11 13
Jibs_PC#2754652935899777024 roll 3
Jibs_PC#2754652935899777024 roll 1
DICE 3 1 5 2 1 5 
Jibs_PC#2754652935899777024 roll 3
Jibs_PC#2754652935899777024 roll 1
DICE 3 1 5 4 2 5 
Jibs_PC#2754652935899777024 roll 3
Jibs_PC#2754652935899777024 roll 1
DICE 3 1 5 5 5 1 
Jibs_PC#2754652935899777024 move all
Jibs_PC#2754652935899777024 attack 13 12
Jibs_PC#2754652935899777024 roll 3
Jibs_PC#2754652935899777024 roll 1
DICE 3 1 5 3 3 4 
Jibs_PC#2754652935899777024 move all
Jibs_PC#2754652935899777024 attack 2 1
Jibs_PC#2754652935899777024 roll 3
Jibs_PC#2754652935899777024 roll 1
DICE 3 1 5 3 1 4 
Jibs_PC#2754652935899777024 move all
Jibs_PC#2754652935899777024 attack 1 38
Jibs_PC#2754652935899777024 roll 3
Jibs_PC#2754652935899777024 roll 1
DICE 3 1 5 4 1 5 
Jibs_PC#2754652935899777024 roll 3
Jibs_PC#2754652935899777024 roll 1
DICE 3 1 5 4 2 1 
Jibs_PC#2754652935899777024 move all
Jibs_PC#2754652935899777024 attack 38 37
Jibs_PC#2754652935899777024 roll 3
Jibs_PC#2754652935899777024 roll 1
DICE 3 1 4 3 1 3 
Jibs_PC#2754652935899777024 move 3
Jibs_PC#2754652935899777024 endattack
Jibs_PC#2754652935899777024 movearmies 37 38 2
CARD 2
Jibs_PC#2754652935899777024 placearmies 22 1
Jibs_PC#2754652935899777024 placearmies 22 1
Jibs_PC#2754652935899777024 placearmies 22 1
Jibs_PC#2754652935899777024 attack 22 21
Jibs_PC#2754652935899777024 roll 3
Jibs_PC#2754652935899777024 roll 1
DICE 3 1 5 5 4 5 
Jibs_PC#2754652935899777024 roll 2
Jibs_PC#2754652935899777024 roll 1
DICE 2 1 5 0 2 
Jibs_PC#2754652935899777024 attack 21 20
Jibs_PC#2754652935899777024 roll 1
Jibs_PC#2754652935899777024 roll 1
DICE 1 1 3 1 
Jibs_PC#2754652935899777024 endattack
Jibs_PC#2754652935899777024 nomove
CARD 26
Jibs_PC#2754652935899777024 placearmies 40 1
Jibs_PC#2754652935899777024 placearmies 40 1
Jibs_PC#2754652935899777024 placearmies 40 1
Jibs_PC#2754652935899777024 attack 40 41
Jibs_PC#2754652935899777024 roll 3
Jibs_PC#2754652935899777024 roll 2
DICE 3 2 1 1 1 5 4 
Jibs_PC#2754652935899777024 roll 3
Jibs_PC#2754652935899777024 roll 2
DICE 3 2 2 1 0 1 0 
Jibs_PC#2754652935899777024 retreat
Jibs_PC#2754652935899777024 attack 40 39
Jibs_PC#2754652935899777024 roll 3
Jibs_PC#2754652935899777024 roll 1
DICE 3 1 5 2 1 3 
Jibs_PC#2754652935899777024 attack 39 41
Jibs_PC#2754652935899777024 roll 2
Jibs_PC#2754652935899777024 roll 1
DICE 2 1 2 0 3 
Jibs_PC#2754652935899777024 retreat
Jibs_PC#2754652935899777024 endattack
Jibs_PC#2754652935899777024 nomove
CARD 40
Jibs_PC#2754652935899777024 placearmies 27 3
Jibs_PC#2754652935899777024 attack 27 35
Jibs_PC#2754652935899777024 roll 3
Jibs_PC#2754652935899777024 roll 1
DICE 3 1 5 4 3 0 
Jibs_PC#2754652935899777024 attack 35 36
Jibs_PC#2754652935899777024 roll 2
Jibs_PC#2754652935899777024 roll 1
DICE 2 1 5 0 3 
Jibs_PC#2754652935899777024 endattack
Jibs_PC#2754652935899777024 nomove
CARD 32
Jibs_PC#2754652935899777024 placearmies 38 1
Jibs_PC#2754652935899777024 placearmies 38 1
Jibs_PC#2754652935899777024 placearmies 38 1
Jibs_PC#2754652935899777024 placearmies 38 1
Jibs_PC#2754652935899777024 placearmies 38 1
Jibs_PC#2754652935899777024 placearmies 38 1
Jibs_PC#2754652935899777024 placearmies 38 1
Jibs_PC#2754652935899777024 placearmies 38 1
Jibs_PC#2754652935899777024 placearmies 38 1
Jibs_PC#2754652935899777024 placearmies 38 1
Jibs_PC#2754652935899777024 placearmies 38 1
Jibs_PC#2754652935899777024 placearmies 38 1
Jibs_PC#2754652935899777024 attack 38 34
Jibs_PC#2754652935899777024 roll 3
Jibs_PC#2754652935899777024 roll 1
DICE 3 1 4 2 0 1 
Jibs_PC#2754652935899777024 move all
Jibs_PC#2754652935899777024 attack 34 27
Jibs_PC#2754652935899777024 roll 3
Jibs_PC#2754652935899777024 roll 1
DICE 3 1 5 2 0 0 
Jibs_PC#2754652935899777024 move all
Jibs_PC#2754652935899777024 attack 27 28
Jibs_PC#2754652935899777024 roll 3
Jibs_PC#2754652935899777024 roll 1
DICE 3 1 4 4 2 5 
Jibs_PC#2754652935899777024 roll 3
Jibs_PC#2754652935899777024 roll 1
DICE 3 1 4 3 1 5 
Jibs_PC#2754652935899777024 roll 3
Jibs_PC#2754652935899777024 roll 1
DICE 3 1 0 0 0 1 
Jibs_PC#2754652935899777024 roll 3
Jibs_PC#2754652935899777024 roll 1
DICE 3 1 5 3 1 3 
Jibs_PC#2754652935899777024 move all
Jibs_PC#2754652935899777024 attack 28 30
Jibs_PC#2754652935899777024 roll 3
Jibs_PC#2754652935899777024 roll 1
DICE 3 1 3 1 0 4 
Jibs_PC#2754652935899777024 roll 3
Jibs_PC#2754652935899777024 roll 1
DICE 3 1 5 3 1 2 
Jibs_PC#2754652935899777024 move all
Jibs_PC#2754652935899777024 attack 30 32
Jibs_PC#2754652935899777024 roll 3
Jibs_PC#2754652935899777024 roll 1
DICE 3 1 4 0 0 1 
Jibs_PC#2754652935899777024 move all
Jibs_PC#2754652935899777024 attack 32 29
Jibs_PC#2754652935899777024 roll 3
Jibs_PC#2754652935899777024 roll 1
DICE 3 1 5 3 1 5 
Jibs_PC#2754652935899777024 roll 3
Jibs_PC#2754652935899777024 roll 1
DICE 3 1 5 2 2 5 
Jibs_PC#2754652935899777024 roll 3
Jibs_PC#2754652935899777024 roll 1
DICE 3 1 4 4 1 4 
Jibs_PC#2754652935899777024 roll 3
Jibs_PC#2754652935899777024 roll 1
DICE 3 1 3 3 3 2 
Jibs_PC#2754652935899777024 attack 29 33
Jibs_PC#2754652935899777024 roll 2
Jibs_PC#2754652935899777024 roll 1
DICE 2 1 4 4 0 
Jibs_PC#2754652935899777024 attack 33 39
Jibs_PC#2754652935899777024 roll 1
Jibs_PC#2754652935899777024 roll 2
DICE 1 2 4 2 0 
Jibs_PC#2754652935899777024 roll 1
Jibs_PC#2754652935899777024 roll 1
DICE 1 1 4 0 
Jibs_PC#2754652935899777024 endattack
Jibs_PC#2754652935899777024 nomove
CARD 38
Jibs_PC#2754652935899777024 placearmies 20 1
Jibs_PC#2754652935899777024 placearmies 20 1
Jibs_PC#2754652935899777024 placearmies 20 1
Jibs_PC#2754652935899777024 placearmies 20 1
Jibs_PC#2754652935899777024 placearmies 20 1
Jibs_PC#2754652935899777024 placearmies 20 1
Jibs_PC#2754652935899777024 attack 20 16
Jibs_PC#2754652935899777024 roll 3
Jibs_PC#2754652935899777024 roll 1
DICE 3 1 2 1 1 5 
Jibs_PC#2754652935899777024 roll 3
Jibs_PC#2754652935899777024 roll 1
DICE 3 1 5 4 2 4 
Jibs_PC#2754652935899777024 move all
Jibs_PC#2754652935899777024 attack 16 15
Jibs_PC#2754652935899777024 roll 3
Jibs_PC#2754652935899777024 roll 1
DICE 3 1 3 2 2 4 
Jibs_PC#2754652935899777024 roll 3
Jibs_PC#2754652935899777024 roll 1
DICE 3 1 5 3 2 4 
Jibs_PC#2754652935899777024 attack 15 14
Jibs_PC#2754652935899777024 roll 2
Jibs_PC#2754652935899777024 roll 2
DICE 2 2 2 1 2 0 
Jibs_PC#2754652935899777024 roll 1
Jibs_PC#2754652935899777024 roll 2
DICE 1 2 3 4 1 
Jibs_PC#2754652935899777024 endattack
Jibs_PC#2754652935899777024 nomove
CARD 21
Jibs_PC#2754652935899777024 trade 29 18 40
Jibs_PC#2754652935899777024 placearmies 40 19
Jibs_PC#2754652935899777024 placearmies 40 11
Jibs_PC#2754652935899777024 placearmies 40 2
Jibs_PC#2754652935899777024 placearmies 40 2
Jibs_PC#2754652935899777024 placearmies 40 1
Jibs_PC#2754652935899777024 placearmies 40 1
Jibs_PC#2754652935899777024 placearmies 40 1
Jibs_PC#2754652935899777024 placearmies 40 1
Jibs_PC#2754652935899777024 attack 40 41
Jibs_PC#2754652935899777024 roll 3
Jibs_PC#2754652935899777024 roll 1
DICE 3 1 5 3 2 1 
Jibs_PC#2754652935899777024 move 40
Jibs_PC#2754652935899777024 attack 41 39
Jibs_PC#2754652935899777024 roll 3
Jibs_PC#2754652935899777024 roll 1
DICE 3 1 3 0 0 1 
Jibs_PC#2754652935899777024 move 39
Jibs_PC#2754652935899777024 attack 39 33
Jibs_PC#2754652935899777024 roll 3
Jibs_PC#2754652935899777024 roll 1
DICE 3 1 5 3 2 1 
Jibs_PC#2754652935899777024 move 38
Jibs_PC#2754652935899777024 attack 33 29
Jibs_PC#2754652935899777024 roll 3
Jibs_PC#2754652935899777024 roll 1
DICE 3 1 5 4 4 2 
Jibs_PC#2754652935899777024 move 36
Jibs_PC#2754652935899777024 attack 29 36
Jibs_PC#2754652935899777024 roll 3
Jibs_PC#2754652935899777024 roll 2
DICE 3 2 5 2 0 4 0 
Jibs_PC#2754652935899777024 move 35
Jibs_PC#2754652935899777024 attack 36 35
Jibs_PC#2754652935899777024 roll 3
Jibs_PC#2754652935899777024 roll 1
DICE 3 1 5 4 0 0 
Jibs_PC#2754652935899777024 move 34
Jibs_PC#2754652935899777024 attack 35 38
Jibs_PC#2754652935899777024 roll 3
Jibs_PC#2754652935899777024 roll 1
DICE 3 1 4 4 2 1 
Jibs_PC#2754652935899777024 move 33
Jibs_PC#2754652935899777024 attack 38 1
Jibs_PC#2754652935899777024 roll 3
Jibs_PC#2754652935899777024 roll 1
DICE 3 1 5 2 2 3 
Jibs_PC#2754652935899777024 move 32
Jibs_PC#2754652935899777024 attack 1 3
Jibs_PC#2754652935899777024 roll 3
Jibs_PC#2754652935899777024 roll 1
DICE 3 1 5 1 0 1 
Jibs_PC#2754652935899777024 move 31
Jibs_PC#2754652935899777024 attack 3 4
Jibs_PC#2754652935899777024 roll 3
Jibs_PC#2754652935899777024 roll 1
DICE 3 1 5 3 3 4 
Jibs_PC#2754652935899777024 move 30
Jibs_PC#2754652935899777024 attack 4 5
Jibs_PC#2754652935899777024 roll 3
Jibs_PC#2754652935899777024 roll 1
DICE 3 1 4 2 2 4 
Jibs_PC#2754652935899777024 roll 3
Jibs_PC#2754652935899777024 roll 1
DICE 3 1 5 5 4 2 
Jibs_PC#2754652935899777024 move 28
Jibs_PC#2754652935899777024 attack 5 10
Jibs_PC#2754652935899777024 roll 3
Jibs_PC#2754652935899777024 roll 1
DICE 3 1 5 2 0 5 
Jibs_PC#2754652935899777024 roll 3
Jibs_PC#2754652935899777024 roll 1
DICE 3 1 4 1 0 0 
Jibs_PC#2754652935899777024 move 26
Jibs_PC#2754652935899777024 attack 10 11
Jibs_PC#2754652935899777024 roll 3
Jibs_PC#2754652935899777024 roll 1
DICE 3 1 5 4 1 2 
Jibs_PC#2754652935899777024 move 25
Jibs_PC#2754652935899777024 attack 11 12
Jibs_PC#2754652935899777024 roll 3
Jibs_PC#2754652935899777024 roll 2
DICE 3 2 3 3 2 5 2 
Jibs_PC#2754652935899777024 roll 3
Jibs_PC#2754652935899777024 roll 2
DICE 3 2 2 2 0 5 5 
Jibs_PC#2754652935899777024 retreat
Jibs_PC#2754652935899777024 attack 11 12
Jibs_PC#2754652935899777024 roll 3
Jibs_PC#2754652935899777024 roll 2
DICE 3 2 5 2 2 5 4 
Jibs_PC#2754652935899777024 roll 3
Jibs_PC#2754652935899777024 roll 2
DICE 3 2 4 3 3 4 1 
Jibs_PC#2754652935899777024 roll 3
Jibs_PC#2754652935899777024 roll 2
DICE 3 2 5 4 0 4 3 
Jibs_PC#2754652935899777024 roll 3
Jibs_PC#2754652935899777024 roll 2
DICE 3 2 2 2 0 2 1 
Jibs_PC#2754652935899777024 roll 3
Jibs_PC#2754652935899777024 roll 2
DICE 3 2 4 1 0 5 3 
Jibs_PC#2754652935899777024 retreat
Jibs_PC#2754652935899777024 attack 11 13
Jibs_PC#2754652935899777024 roll 3
Jibs_PC#2754652935899777024 roll 1
DICE 3 1 3 1 0 4 
Jibs_PC#2754652935899777024 roll 3
Jibs_PC#2754652935899777024 roll 1
DICE 3 1 5 2 1 4 
Jibs_PC#2754652935899777024 move 14
Jibs_PC#2754652935899777024 attack 13 12
Jibs_PC#2754652935899777024 roll 3
Jibs_PC#2754652935899777024 roll 2
DICE 3 2 5 5 3 3 0 
Jibs_PC#2754652935899777024 roll 3
Jibs_PC#2754652935899777024 roll 2
DICE 3 2 4 2 1 4 3 
Jibs_PC#2754652935899777024 roll 3
Jibs_PC#2754652935899777024 roll 2
DICE 3 2 2 0 0 5 4 
Jibs_PC#2754652935899777024 roll 3
Jibs_PC#2754652935899777024 roll 2
DICE 3 2 5 1 0 2 1 
Jibs_PC#2754652935899777024 roll 3
Jibs_PC#2754652935899777024 roll 2
DICE 3 2 5 3 1 0 0 
Jibs_PC#2754652935899777024 move 8
Jibs_PC#2754652935899777024 attack 12 21
Jibs_PC#2754652935899777024 roll 3
Jibs_PC#2754652935899777024 roll 1
DICE 3 1 4 2 0 5 
Jibs_PC#2754652935899777024 roll 3
Jibs_PC#2754652935899777024 roll 1
DICE 3 1 2 2 2 1 
Jibs_PC#2754652935899777024 move 6
Jibs_PC#2754652935899777024 attack 21 24
Jibs_PC#2754652935899777024 roll 3
Jibs_PC#2754652935899777024 roll 1
DICE 3 1 5 4 2 3 
Jibs_PC#2754652935899777024 move 4
Jibs_PC#2754652935899777024 attack 24 26
Jibs_PC#2754652935899777024 roll 3
Jibs_PC#2754652935899777024 roll 1
DICE 3 1 5 4 3 2 
Jibs_PC#2754652935899777024 attack 26 25
Jibs_PC#2754652935899777024 roll 2
Jibs_PC#2754652935899777024 roll 1
DICE 2 1 4 1 0 
Jibs_PC#2754652935899777024 endattack
Jibs_PC#2754652935899777024 nomove
CARD 31
Jibs_PC#2754652935899777024 placearmies 9 1
Jibs_PC#2754652935899777024 placearmies 9 1
Jibs_PC#2754652935899777024 placearmies 9 1
Jibs_PC#2754652935899777024 placearmies 9 1
Jibs_PC#2754652935899777024 attack 9 5
Jibs_PC#2754652935899777024 roll 3
Jibs_PC#2754652935899777024 roll 1
DICE 3 1 2 2 1 1 
Jibs_PC#2754652935899777024 move all
Jibs_PC#2754652935899777024 attack 5 4
Jibs_PC#2754652935899777024 roll 3
Jibs_PC#2754652935899777024 roll 1
DICE 3 1 4 4 1 5 
Jibs_PC#2754652935899777024 roll 2
Jibs_PC#2754652935899777024 roll 1
DICE 2 1 4 2 1 
Jibs_PC#2754652935899777024 attack 4 3
Jibs_PC#2754652935899777024 roll 1
Jibs_PC#2754652935899777024 roll 1
DICE 1 1 3 5 
Jibs_PC#2754652935899777024 endattack
Jibs_PC#2754652935899777024 nomove
CARD 3
Jibs_PC#2754652935899777024 trade 14 26 21
Jibs_PC#2754652935899777024 placearmies 23 1
Jibs_PC#2754652935899777024 placearmies 23 1
Jibs_PC#2754652935899777024 placearmies 23 1
Jibs_PC#2754652935899777024 placearmies 23 1
Jibs_PC#2754652935899777024 placearmies 23 1
Jibs_PC#2754652935899777024 placearmies 23 1
Jibs_PC#2754652935899777024 placearmies 23 1
Jibs_PC#2754652935899777024 placearmies 23 1
Jibs_PC#2754652935899777024 placearmies 23 1
Jibs_PC#2754652935899777024 placearmies 23 1
Jibs_PC#2754652935899777024 placearmies 23 1
Jibs_PC#2754652935899777024 placearmies 23 1
Jibs_PC#2754652935899777024 placearmies 23 1
Jibs_PC#2754652935899777024 placearmies 23 1
Jibs_PC#2754652935899777024 placearmies 23 1
Jibs_PC#2754652935899777024 placearmies 23 1
Jibs_PC#2754652935899777024 placearmies 23 1
Jibs_PC#2754652935899777024 placearmies 23 1
Jibs_PC#2754652935899777024 placearmies 23 1
Jibs_PC#2754652935899777024 placearmies 23 1
Jibs_PC#2754652935899777024 placearmies 23 1
Jibs_PC#2754652935899777024 placearmies 23 1
Jibs_PC#2754652935899777024 placearmies 16 1
Jibs_PC#2754652935899777024 placearmies 16 1
Jibs_PC#2754652935899777024 placearmies 16 1
Jibs_PC#2754652935899777024 placearmies 16 1
Jibs_PC#2754652935899777024 placearmies 16 1
Jibs_PC#2754652935899777024 placearmies 16 1
Jibs_PC#2754652935899777024 placearmies 16 1
Jibs_PC#2754652935899777024 placearmies 16 1
Jibs_PC#2754652935899777024 placearmies 16 1
Jibs_PC#2754652935899777024 placearmies 16 1
Jibs_PC#2754652935899777024 placearmies 16 1
Jibs_PC#2754652935899777024 placearmies 16 1
Jibs_PC#2754652935899777024 placearmies 16 1
Jibs_PC#2754652935899777024 placearmies 16 1
Jibs_PC#2754652935899777024 placearmies 16 1
Jibs_PC#2754652935899777024 placearmies 16 1
Jibs_PC#2754652935899777024 placearmies 16 1
Jibs_PC#2754652935899777024 placearmies 16 1
Jibs_PC#2754652935899777024 placearmies 16 1
Jibs_PC#2754652935899777024 placearmies 16 1
Jibs_PC#2754652935899777024 placearmies 16 1
Jibs_PC#2754652935899777024 attack 16 28
Jibs_PC#2754652935899777024 roll 3
Jibs_PC#2754652935899777024 roll 1
DICE 3 1 4 3 1 4 
Jibs_PC#2754652935899777024 roll 3
Jibs_PC#2754652935899777024 roll 1
DICE 3 1 5 5 2 2 
Jibs_PC#2754652935899777024 move all
Jibs_PC#2754652935899777024 attack 28 27
Jibs_PC#2754652935899777024 roll 3
Jibs_PC#2754652935899777024 roll 1
DICE 3 1 5 2 1 2 
Jibs_PC#2754652935899777024 move all
Jibs_PC#2754652935899777024 attack 27 34
Jibs_PC#2754652935899777024 roll 3
Jibs_PC#2754652935899777024 roll 1
DICE 3 1 5 4 2 1 
Jibs_PC#2754652935899777024 move all
Jibs_PC#2754652935899777024 attack 34 35
Jibs_PC#2754652935899777024 roll 3
Jibs_PC#2754652935899777024 roll 1
DICE 3 1 4 1 0 5 
Jibs_PC#2754652935899777024 roll 3
Jibs_PC#2754652935899777024 roll 1
DICE 3 1 2 1 1 3 
Jibs_PC#2754652935899777024 roll 3
Jibs_PC#2754652935899777024 roll 1
DICE 3 1 5 4 3 0 
Jibs_PC#2754652935899777024 move all
Jibs_PC#2754652935899777024 attack 35 36
Jibs_PC#2754652935899777024 roll 3
Jibs_PC#2754652935899777024 roll 1
DICE 3 1 4 2 2 1 
Jibs_PC#2754652935899777024 move all
Jibs_PC#2754652935899777024 attack 36 37
Jibs_PC#2754652935899777024 roll 3
Jibs_PC#2754652935899777024 roll 1
DICE 3 1 2 1 0 1 
Jibs_PC#2754652935899777024 move all
Jibs_PC#2754652935899777024 attack 37 38
Jibs_PC#2754652935899777024 roll 3
Jibs_PC#2754652935899777024 roll 1
DICE 3 1 5 4 1 0 
Jibs_PC#2754652935899777024 move all
Jibs_PC#2754652935899777024 attack 38 1
Jibs_PC#2754652935899777024 roll 3
Jibs_PC#2754652935899777024 roll 1
DICE 3 1 5 3 2 1 
Jibs_PC#2754652935899777024 move all
Jibs_PC#2754652935899777024 attack 1 2
Jibs_PC#2754652935899777024 roll 3
Jibs_PC#2754652935899777024 roll 1
DICE 3 1 3 2 1 5 
Jibs_PC#2754652935899777024 roll 3
Jibs_PC#2754652935899777024 roll 1
DICE 3 1 5 3 0 5 
Jibs_PC#2754652935899777024 roll 3
Jibs_PC#2754652935899777024 roll 1
DICE 3 1 3 2 2 4 
Jibs_PC#2754652935899777024 roll 3
Jibs_PC#2754652935899777024 roll 1
DICE 3 1 5 4 3 4 
Jibs_PC#2754652935899777024 move all
Jibs_PC#2754652935899777024 attack 2 3
Jibs_PC#2754652935899777024 roll 3
Jibs_PC#2754652935899777024 roll 1
DICE 3 1 3 2 0 0 
Jibs_PC#2754652935899777024 move all
Jibs_PC#2754652935899777024 attack 3 4
Jibs_PC#2754652935899777024 roll 3
Jibs_PC#2754652935899777024 roll 1
DICE 3 1 5 1 0 3 
Jibs_PC#2754652935899777024 move all
Jibs_PC#2754652935899777024 attack 4 5
Jibs_PC#2754652935899777024 roll 3
Jibs_PC#2754652935899777024 roll 1
DICE 3 1 5 4 1 3 
Jibs_PC#2754652935899777024 move all
Jibs_PC#2754652935899777024 attack 5 9
Jibs_PC#2754652935899777024 roll 3
Jibs_PC#2754652935899777024 roll 1
DICE 3 1 4 3 1 1 
Jibs_PC#2754652935899777024 attack 9 7
Jibs_PC#2754652935899777024 roll 2
Jibs_PC#2754652935899777024 roll 1
DICE 2 1 1 1 3 
Jibs_PC#2754652935899777024 roll 1
Jibs_PC#2754652935899777024 roll 1
DICE 1 1 3 0 
Jibs_PC#2754652935899777024 attack 23 21
Jibs_PC#2754652935899777024 roll 3
Jibs_PC#2754652935899777024 roll 2
DICE 3 2 5 2 2 5 5 
Jibs_PC#2754652935899777024 roll 3
Jibs_PC#2754652935899777024 roll 2
DICE 3 2 5 4 3 2 0 
Jibs_PC#2754652935899777024 move all
