Jibs_PC#3102657766927203328 newplayer ai hard green s0914007
Jibs_PC#3102657766927203328 newplayer ai hard blue bob
Jibs_PC#3102657766927203328 newplayer ai hard red fred
Jibs_PC#3102657766927203328 newplayer ai hard cyan ted
Jibs_PC#3102657766927203328 newplayer ai hard magenta yura
Jibs_PC#3102657766927203328 newplayer ai hard yellow lala
Jibs_PC#3102657766927203328 startgame mission fixed autoplaceall recycle
PLAYER bob
MISSION 4 1 2 2 0 0
PLACEALL 29 28 37 4 14 16 15 25 32 10 35 40 33 27 42 5 39 24 20 26 19 30 38 9 11 13 31 34 21 41 22 12 7 8 17 6 1 2 23 18 3 36
Jibs_PC#3102657766927203328 placearmies 33 1
CARD 
Jibs_PC#3102657766927203328 placearmies 13 1
CARD 
Jibs_PC#3102657766927203328 placearmies 42 1
CARD 
Jibs_PC#3102657766927203328 placearmies 10 1
CARD 
Jibs_PC#3102657766927203328 placearmies 39 1
CARD 
Jibs_PC#3102657766927203328 placearmies 40 1
CARD 
Jibs_PC#3102657766927203328 placearmies 11 1
CARD 
Jibs_PC#3102657766927203328 placearmies 13 1
CARD 
Jibs_PC#3102657766927203328 placearmies 42 1
CARD 
Jibs_PC#3102657766927203328 placearmies 10 1
CARD 
Jibs_PC#3102657766927203328 placearmies 39 1
CARD 
Jibs_PC#3102657766927203328 placearmies 40 1
CARD 
Jibs_PC#3102657766927203328 placearmies 1 1
CARD 
Jibs_PC#3102657766927203328 placearmies 13 1
CARD 
Jibs_PC#3102657766927203328 placearmies 42 1
CARD 
Jibs_PC#3102657766927203328 placearmies 10 1
CARD 
Jibs_PC#3102657766927203328 placearmies 21 1
CARD 
Jibs_PC#3102657766927203328 placearmies 40 1
CARD 
Jibs_PC#3102657766927203328 placearmies 20 1
CARD 
Jibs_PC#3102657766927203328 placearmies 13 1
CARD 
Jibs_PC#3102657766927203328 placearmies 42 1
CARD 
Jibs_PC#3102657766927203328 placearmies 10 1
CARD 
Jibs_PC#3102657766927203328 placearmies 21 1
CARD 
Jibs_PC#3102657766927203328 placearmies 40 1
CARD 
Jibs_PC#3102657766927203328 placearmies 20 1
CARD 
Jibs_PC#3102657766927203328 placearmies 13 1
CARD 
Jibs_PC#3102657766927203328 placearmies 42 1
CARD 
Jibs_PC#3102657766927203328 placearmies 10 1
CARD 
Jibs_PC#3102657766927203328 placearmies 21 1
CARD 
Jibs_PC#3102657766927203328 placearmies 40 1
CARD 
Jibs_PC#3102657766927203328 placearmies 20 1
CARD 
Jibs_PC#3102657766927203328 placearmies 13 1
CARD 
Jibs_PC#3102657766927203328 placearmies 42 1
CARD 
Jibs_PC#3102657766927203328 placearmies 10 1
CARD 
Jibs_PC#3102657766927203328 placearmies 21 1
CARD 
Jibs_PC#3102657766927203328 placearmies 40 1
CARD 
Jibs_PC#3102657766927203328 placearmies 20 1
CARD 
Jibs_PC#3102657766927203328 placearmies 13 1
CARD 
Jibs_PC#3102657766927203328 placearmies 42 1
CARD 
Jibs_PC#3102657766927203328 placearmies 10 1
CARD 
Jibs_PC#3102657766927203328 placearmies 21 1
CARD 
Jibs_PC#3102657766927203328 placearmies 9 1
CARD 
Jibs_PC#3102657766927203328 placearmies 20 1
CARD 
Jibs_PC#3102657766927203328 placearmies 2 1
CARD 
Jibs_PC#3102657766927203328 placearmies 42 1
CARD 
Jibs_PC#3102657766927203328 placearmies 10 1
CARD 
Jibs_PC#3102657766927203328 placearmies 21 1
CARD 
Jibs_PC#3102657766927203328 placearmies 9 1
CARD 
Jibs_PC#3102657766927203328 placearmies 20 1
CARD 
Jibs_PC#3102657766927203328 placearmies 2 1
CARD 
Jibs_PC#3102657766927203328 placearmies 42 1
CARD 
Jibs_PC#3102657766927203328 placearmies 4 1
CARD 
Jibs_PC#3102657766927203328 placearmies 21 1
CARD 
Jibs_PC#3102657766927203328 placearmies 9 1
CARD 
Jibs_PC#3102657766927203328 placearmies 20 1
CARD 
Jibs_PC#3102657766927203328 placearmies 2 1
CARD 
Jibs_PC#3102657766927203328 placearmies 7 1
CARD 
Jibs_PC#3102657766927203328 placearmies 4 1
CARD 
Jibs_PC#3102657766927203328 placearmies 21 1
CARD 
Jibs_PC#3102657766927203328 placearmies 9 1
CARD 
Jibs_PC#3102657766927203328 placearmies 20 1
CARD 
Jibs_PC#3102657766927203328 placearmies 2 1
CARD 
Jibs_PC#3102657766927203328 placearmies 7 1
CARD 
Jibs_PC#3102657766927203328 placearmies 34 1
CARD 
Jibs_PC#3102657766927203328 placearmies 21 1
CARD 
Jibs_PC#3102657766927203328 placearmies 6 1
CARD 
Jibs_PC#3102657766927203328 placearmies 20 1
CARD 
Jibs_PC#3102657766927203328 placearmies 13 1
CARD 
Jibs_PC#3102657766927203328 placearmies 7 1
CARD 
Jibs_PC#3102657766927203328 placearmies 34 1
CARD 
Jibs_PC#3102657766927203328 placearmies 21 1
CARD 
Jibs_PC#3102657766927203328 placearmies 40 1
CARD 
Jibs_PC#3102657766927203328 placearmies 20 1
CARD 
Jibs_PC#3102657766927203328 placearmies 13 1
CARD 
Jibs_PC#3102657766927203328 placearmies 7 1
CARD 
Jibs_PC#3102657766927203328 placearmies 10 1
CARD 
Jibs_PC#3102657766927203328 placearmies 38 1
CARD 
Jibs_PC#3102657766927203328 placearmies 6 1
CARD 
Jibs_PC#3102657766927203328 placearmies 20 3
Jibs_PC#3102657766927203328 attack 20 16
Jibs_PC#3102657766927203328 roll 3
Jibs_PC#3102657766927203328 roll 1
DICE 3 1 3 3 0 4 
Jibs_PC#3102657766927203328 roll 3
Jibs_PC#3102657766927203328 roll 1
DICE 3 1 5 0 0 2 
Jibs_PC#3102657766927203328 move 12
Jibs_PC#3102657766927203328 attack 16 18
Jibs_PC#3102657766927203328 roll 3
Jibs_PC#3102657766927203328 roll 1
DICE 3 1 3 3 3 3 
Jibs_PC#3102657766927203328 roll 3
Jibs_PC#3102657766927203328 roll 1
DICE 3 1 4 4 0 4 
Jibs_PC#3102657766927203328 roll 3
Jibs_PC#3102657766927203328 roll 1
DICE 3 1 5 3 1 0 
Jibs_PC#3102657766927203328 move 9
Jibs_PC#3102657766927203328 attack 18 17
Jibs_PC#3102657766927203328 roll 3
Jibs_PC#3102657766927203328 roll 1
DICE 3 1 5 4 0 5 
Jibs_PC#3102657766927203328 roll 3
Jibs_PC#3102657766927203328 roll 1
DICE 3 1 3 1 0 1 
Jibs_PC#3102657766927203328 move 7
Jibs_PC#3102657766927203328 attack 17 14
Jibs_PC#3102657766927203328 roll 3
Jibs_PC#3102657766927203328 roll 1
DICE 3 1 3 0 0 4 
Jibs_PC#3102657766927203328 roll 3
Jibs_PC#3102657766927203328 roll 1
DICE 3 1 5 4 0 5 
Jibs_PC#3102657766927203328 roll 3
Jibs_PC#3102657766927203328 roll 1
DICE 3 1 5 4 1 4 
Jibs_PC#3102657766927203328 move 4
Jibs_PC#3102657766927203328 endattack
Jibs_PC#3102657766927203328 nomove
CARD wildcard
Jibs_PC#3102657766927203328 placearmies 27 3
Jibs_PC#3102657766927203328 attack 13 11
Jibs_PC#3102657766927203328 roll 3
Jibs_PC#3102657766927203328 roll 2
DICE 3 2 4 3 3 2 0 
Jibs_PC#3102657766927203328 move 9
Jibs_PC#3102657766927203328 endattack
Jibs_PC#3102657766927203328 nomove
CARD 30
Jibs_PC#3102657766927203328 placearmies 42 2
Jibs_PC#3102657766927203328 placearmies 7 1
Jibs_PC#3102657766927203328 attack 42 40
Jibs_PC#3102657766927203328 roll 3
Jibs_PC#3102657766927203328 roll 2
DICE 3 2 4 3 2 5 4 
Jibs_PC#3102657766927203328 roll 3
Jibs_PC#3102657766927203328 roll 2
DICE 3 2 5 3 0 3 0 
Jibs_PC#3102657766927203328 roll 3
Jibs_PC#3102657766927203328 roll 2
DICE 3 2 5 2 0 5 2 
Jibs_PC#3102657766927203328 roll 3
Jibs_PC#3102657766927203328 roll 2
DICE 3 2 1 0 0 5 5 
Jibs_PC#3102657766927203328 roll 3
Jibs_PC#3102657766927203328 roll 2
DICE 3 2 5 3 0 4 1 
Jibs_PC#3102657766927203328 roll 3
Jibs_PC#3102657766927203328 roll 2
DICE 3 2 4 2 2 5 0 
Jibs_PC#3102657766927203328 roll 3
Jibs_PC#3102657766927203328 roll 2
DICE 3 2 4 1 1 3 2 
Jibs_PC#3102657766927203328 roll 3
Jibs_PC#3102657766927203328 roll 2
DICE 3 2 4 1 0 0 0 
Jibs_PC#3102657766927203328 endattack
Jibs_PC#3102657766927203328 nomove
CARD 24
Jibs_PC#3102657766927203328 placearmies 10 3
Jibs_PC#3102657766927203328 attack 10 11
Jibs_PC#3102657766927203328 roll 3
Jibs_PC#3102657766927203328 roll 2
DICE 3 2 4 3 1 5 2 
Jibs_PC#3102657766927203328 roll 3
Jibs_PC#3102657766927203328 roll 2
DICE 3 2 5 4 0 3 0 
Jibs_PC#3102657766927203328 roll 3
Jibs_PC#3102657766927203328 roll 2
DICE 3 2 3 1 0 3 0 
Jibs_PC#3102657766927203328 roll 3
Jibs_PC#3102657766927203328 roll 2
DICE 3 2 2 1 0 3 2 
Jibs_PC#3102657766927203328 roll 3
Jibs_PC#3102657766927203328 roll 2
DICE 3 2 3 0 0 5 3 
Jibs_PC#3102657766927203328 roll 3
Jibs_PC#3102657766927203328 roll 2
DICE 3 2 4 3 0 3 2 
Jibs_PC#3102657766927203328 roll 3
Jibs_PC#3102657766927203328 roll 2
DICE 3 2 4 2 0 5 4 
Jibs_PC#3102657766927203328 roll 3
Jibs_PC#3102657766927203328 roll 2
DICE 3 2 5 3 2 3 2 
Jibs_PC#3102657766927203328 roll 3
Jibs_PC#3102657766927203328 roll 1
DICE 3 1 5 4 3 5 
Jibs_PC#3102657766927203328 roll 3
Jibs_PC#3102657766927203328 roll 1
DICE 3 1 5 4 0 2 
Jibs_PC#3102657766927203328 endattack
Jibs_PC#3102657766927203328 nomove
CARD 12
Jibs_PC#3102657766927203328 placearmies 39 2
Jibs_PC#3102657766927203328 placearmies 21 1
Jibs_PC#3102657766927203328 attack 39 40
Jibs_PC#3102657766927203328 roll 3
Jibs_PC#3102657766927203328 roll 2
DICE 3 2 5 4 4 4 1 
Jibs_PC#3102657766927203328 roll 3
Jibs_PC#3102657766927203328 roll 1
DICE 3 1 4 3 2 3 
Jibs_PC#3102657766927203328 move 4
Jibs_PC#3102657766927203328 attack 40 41
Jibs_PC#3102657766927203328 roll 3
Jibs_PC#3102657766927203328 roll 1
DICE 3 1 2 1 0 5 
Jibs_PC#3102657766927203328 roll 2
Jibs_PC#3102657766927203328 roll 1
DICE 2 1 4 1 4 
Jibs_PC#3102657766927203328 retreat
Jibs_PC#3102657766927203328 attack 21 12
Jibs_PC#3102657766927203328 roll 3
Jibs_PC#3102657766927203328 roll 1
DICE 3 1 4 1 0 5 
Jibs_PC#3102657766927203328 roll 3
Jibs_PC#3102657766927203328 roll 1
DICE 3 1 4 3 2 3 
Jibs_PC#3102657766927203328 move 10
Jibs_PC#3102657766927203328 attack 12 11
Jibs_PC#3102657766927203328 roll 3
Jibs_PC#3102657766927203328 roll 2
DICE 3 2 5 2 0 2 0 
Jibs_PC#3102657766927203328 roll 3
Jibs_PC#3102657766927203328 roll 1
DICE 3 1 5 4 2 2 
Jibs_PC#3102657766927203328 move 9
Jibs_PC#3102657766927203328 attack 11 10
Jibs_PC#3102657766927203328 roll 3
Jibs_PC#3102657766927203328 roll 1
DICE 3 1 4 1 0 1 
Jibs_PC#3102657766927203328 move 8
Jibs_PC#3102657766927203328 attack 10 5
Jibs_PC#3102657766927203328 roll 3
Jibs_PC#3102657766927203328 roll 1
DICE 3 1 1 0 0 5 
Jibs_PC#3102657766927203328 roll 3
Jibs_PC#3102657766927203328 roll 1
DICE 3 1 5 3 2 1 
Jibs_PC#3102657766927203328 move 6
Jibs_PC#3102657766927203328 endattack
Jibs_PC#3102657766927203328 nomove
CARD 28
Jibs_PC#3102657766927203328 placearmies 41 3
Jibs_PC#3102657766927203328 attack 41 42
Jibs_PC#3102657766927203328 roll 3
Jibs_PC#3102657766927203328 roll 1
DICE 3 1 4 0 0 5 
Jibs_PC#3102657766927203328 roll 2
Jibs_PC#3102657766927203328 roll 1
DICE 2 1 2 0 3 
Jibs_PC#3102657766927203328 retreat
Jibs_PC#3102657766927203328 attack 9 8
Jibs_PC#3102657766927203328 roll 3
Jibs_PC#3102657766927203328 roll 1
DICE 3 1 2 0 0 2 
Jibs_PC#3102657766927203328 roll 3
Jibs_PC#3102657766927203328 roll 1
DICE 3 1 5 3 0 2 
Jibs_PC#3102657766927203328 endattack
Jibs_PC#3102657766927203328 nomove
CARD 20
Jibs_PC#3102657766927203328 placearmies 1 2
Jibs_PC#3102657766927203328 placearmies 17 1
Jibs_PC#3102657766927203328 attack 1 38
Jibs_PC#3102657766927203328 roll 3
Jibs_PC#3102657766927203328 roll 2
DICE 3 2 5 3 2 5 2 
Jibs_PC#3102657766927203328 roll 2
Jibs_PC#3102657766927203328 roll 1
DICE 2 1 5 1 1 
Jibs_PC#3102657766927203328 endattack
Jibs_PC#3102657766927203328 nomove
CARD 36
Jibs_PC#3102657766927203328 placearmies 13 3
Jibs_PC#3102657766927203328 attack 13 11
Jibs_PC#3102657766927203328 roll 3
Jibs_PC#3102657766927203328 roll 1
DICE 3 1 3 3 1 4 
Jibs_PC#3102657766927203328 roll 2
Jibs_PC#3102657766927203328 roll 1
DICE 2 1 4 4 2 
Jibs_PC#3102657766927203328 endattack
Jibs_PC#3102657766927203328 nomove
CARD 35
Jibs_PC#3102657766927203328 placearmies 42 3
Jibs_PC#3102657766927203328 attack 42 41
Jibs_PC#3102657766927203328 roll 3
Jibs_PC#3102657766927203328 roll 2
DICE 3 2 4 3 2 3 2 
Jibs_PC#3102657766927203328 endattack
Jibs_PC#3102657766927203328 nomove
CARD 29
Jibs_PC#3102657766927203328 placearmies 34 1
Jibs_PC#3102657766927203328 placearmies 34 1
Jibs_PC#3102657766927203328 placearmies 30 1
Jibs_PC#3102657766927203328 attack 34 38
Jibs_PC#3102657766927203328 roll 3
Jibs_PC#3102657766927203328 roll 2
DICE 3 2 5 2 2 3 0 
Jibs_PC#3102657766927203328 move 4
Jibs_PC#3102657766927203328 endattack
Jibs_PC#3102657766927203328 nomove
CARD 33
Jibs_PC#3102657766927203328 placearmies 40 3
Jibs_PC#3102657766927203328 attack 40 41
Jibs_PC#3102657766927203328 roll 3
Jibs_PC#3102657766927203328 roll 2
DICE 3 2 2 1 0 5 1 
Jibs_PC#3102657766927203328 retreat
Jibs_PC#3102657766927203328 attack 40 42
Jibs_PC#3102657766927203328 roll 2
Jibs_PC#3102657766927203328 roll 1
DICE 2 1 4 2 1 
Jibs_PC#3102657766927203328 endattack
Jibs_PC#3102657766927203328 nomove
CARD 13
Jibs_PC#3102657766927203328 placearmies 24 3
Jibs_PC#3102657766927203328 attack 24 21
Jibs_PC#3102657766927203328 roll 3
Jibs_PC#3102657766927203328 roll 1
DICE 3 1 5 5 2 4 
Jibs_PC#3102657766927203328 endattack
Jibs_PC#3102657766927203328 nomove
CARD 34
Jibs_PC#3102657766927203328 placearmies 17 2
Jibs_PC#3102657766927203328 placearmies 17 1
Jibs_PC#3102657766927203328 attack 17 19
Jibs_PC#3102657766927203328 roll 3
Jibs_PC#3102657766927203328 roll 1
DICE 3 1 4 1 0 5 
Jibs_PC#3102657766927203328 roll 3
Jibs_PC#3102657766927203328 roll 1
DICE 3 1 5 2 1 3 
Jibs_PC#3102657766927203328 endattack
Jibs_PC#3102657766927203328 nomove
CARD 40
Jibs_PC#3102657766927203328 placearmies 28 3
Jibs_PC#3102657766927203328 attack 28 16
Jibs_PC#3102657766927203328 roll 3
Jibs_PC#3102657766927203328 roll 1
DICE 3 1 5 3 1 3 
Jibs_PC#3102657766927203328 attack 2 3
Jibs_PC#3102657766927203328 roll 3
Jibs_PC#3102657766927203328 roll 1
DICE 3 1 5 5 3 2 
Jibs_PC#3102657766927203328 move 4
Jibs_PC#3102657766927203328 endattack
Jibs_PC#3102657766927203328 nomove
CARD 39
Jibs_PC#3102657766927203328 placearmies 41 2
Jibs_PC#3102657766927203328 placearmies 41 1
Jibs_PC#3102657766927203328 attack 41 39
Jibs_PC#3102657766927203328 roll 3
Jibs_PC#3102657766927203328 roll 1
DICE 3 1 4 4 4 5 
Jibs_PC#3102657766927203328 roll 3
Jibs_PC#3102657766927203328 roll 1
DICE 3 1 5 0 0 4 
Jibs_PC#3102657766927203328 move 4
Jibs_PC#3102657766927203328 attack 39 40
Jibs_PC#3102657766927203328 roll 3
Jibs_PC#3102657766927203328 roll 1
DICE 3 1 5 4 0 2 
Jibs_PC#3102657766927203328 attack 7 2
Jibs_PC#3102657766927203328 roll 3
Jibs_PC#3102657766927203328 roll 1
DICE 3 1 4 2 0 1 
Jibs_PC#3102657766927203328 move 5
Jibs_PC#3102657766927203328 endattack
Jibs_PC#3102657766927203328 nomove
CARD 25
Jibs_PC#3102657766927203328 placearmies 38 3
Jibs_PC#3102657766927203328 attack 38 35
Jibs_PC#3102657766927203328 roll 3
Jibs_PC#3102657766927203328 roll 1
DICE 3 1 5 4 2 4 
Jibs_PC#3102657766927203328 move 6
Jibs_PC#3102657766927203328 endattack
Jibs_PC#3102657766927203328 nomove
CARD wildcard
Jibs_PC#3102657766927203328 placearmies 12 3
Jibs_PC#3102657766927203328 attack 12 11
Jibs_PC#3102657766927203328 roll 3
Jibs_PC#3102657766927203328 roll 2
DICE 3 2 5 4 2 0 0 
Jibs_PC#3102657766927203328 attack 11 13
Jibs_PC#3102657766927203328 roll 2
Jibs_PC#3102657766927203328 roll 1
DICE 2 1 4 0 0 
Jibs_PC#3102657766927203328 endattack
Jibs_PC#3102657766927203328 movearmies 13 12 1
CARD 27
Jibs_PC#3102657766927203328 placearmies 21 1
Jibs_PC#3102657766927203328 placearmies 21 1
Jibs_PC#3102657766927203328 placearmies 21 1
Jibs_PC#3102657766927203328 attack 21 12
Jibs_PC#3102657766927203328 roll 3
Jibs_PC#3102657766927203328 roll 2
DICE 3 2 3 2 0 2 1 
Jibs_PC#3102657766927203328 move 5
Jibs_PC#3102657766927203328 endattack
Jibs_PC#3102657766927203328 nomove
CARD 31
Jibs_PC#3102657766927203328 trade wildcard 36 40
Jibs_PC#3102657766927203328 placearmies 19 1
Jibs_PC#3102657766927203328 placearmies 15 7
Jibs_PC#3102657766927203328 placearmies 33 5
Jibs_PC#3102657766927203328 attack 33 39
Jibs_PC#3102657766927203328 roll 3
Jibs_PC#3102657766927203328 roll 1
DICE 3 1 2 1 0 1 
Jibs_PC#3102657766927203328 move 6
Jibs_PC#3102657766927203328 attack 39 41
Jibs_PC#3102657766927203328 roll 3
Jibs_PC#3102657766927203328 roll 1
DICE 3 1 3 3 0 5 
Jibs_PC#3102657766927203328 roll 3
Jibs_PC#3102657766927203328 roll 1
DICE 3 1 4 3 1 1 
Jibs_PC#3102657766927203328 move 4
Jibs_PC#3102657766927203328 attack 41 42
Jibs_PC#3102657766927203328 roll 3
Jibs_PC#3102657766927203328 roll 2
DICE 3 2 5 5 4 2 0 
Jibs_PC#3102657766927203328 attack 15 16
Jibs_PC#3102657766927203328 roll 3
Jibs_PC#3102657766927203328 roll 2
DICE 3 2 4 3 1 4 0 
Jibs_PC#3102657766927203328 roll 3
Jibs_PC#3102657766927203328 roll 2
DICE 3 2 5 5 2 2 1 
Jibs_PC#3102657766927203328 move 6
Jibs_PC#3102657766927203328 attack 16 31
Jibs_PC#3102657766927203328 roll 3
Jibs_PC#3102657766927203328 roll 1
DICE 3 1 2 1 0 3 
Jibs_PC#3102657766927203328 roll 3
Jibs_PC#3102657766927203328 roll 1
DICE 3 1 4 2 0 0 
Jibs_PC#3102657766927203328 move 3
Jibs_PC#3102657766927203328 endattack
Jibs_PC#3102657766927203328 movearmies 31 20 2
CARD 22
Jibs_PC#3102657766927203328 placearmies 25 3
Jibs_PC#3102657766927203328 attack 25 23
Jibs_PC#3102657766927203328 roll 3
Jibs_PC#3102657766927203328 roll 1
DICE 3 1 3 3 2 5 
Jibs_PC#3102657766927203328 roll 2
Jibs_PC#3102657766927203328 roll 1
DICE 2 1 3 1 0 
Jibs_PC#3102657766927203328 endattack
Jibs_PC#3102657766927203328 nomove
CARD 42
Jibs_PC#3102657766927203328 placearmies 40 2
Jibs_PC#3102657766927203328 placearmies 40 1
Jibs_PC#3102657766927203328 attack 40 42
Jibs_PC#3102657766927203328 roll 3
Jibs_PC#3102657766927203328 roll 2
DICE 3 2 4 4 2 5 2 
Jibs_PC#3102657766927203328 roll 3
Jibs_PC#3102657766927203328 roll 2
DICE 3 2 5 5 1 4 2 
Jibs_PC#3102657766927203328 move 4
Jibs_PC#3102657766927203328 attack 42 41
Jibs_PC#3102657766927203328 roll 3
Jibs_PC#3102657766927203328 roll 1
DICE 3 1 3 2 0 0 
Jibs_PC#3102657766927203328 attack 41 39
Jibs_PC#3102657766927203328 roll 2
Jibs_PC#3102657766927203328 roll 1
DICE 2 1 4 0 1 
Jibs_PC#3102657766927203328 attack 2 1
Jibs_PC#3102657766927203328 roll 3
Jibs_PC#3102657766927203328 roll 1
DICE 3 1 5 3 2 3 
Jibs_PC#3102657766927203328 move 4
Jibs_PC#3102657766927203328 endattack
Jibs_PC#3102657766927203328 nomove
CARD 21
Jibs_PC#3102657766927203328 trade 12 33 wildcard
Jibs_PC#3102657766927203328 placearmies 35 11
Jibs_PC#3102657766927203328 attack 35 27
Jibs_PC#3102657766927203328 roll 3
Jibs_PC#3102657766927203328 roll 2
DICE 3 2 5 3 1 5 4 
Jibs_PC#3102657766927203328 roll 3
Jibs_PC#3102657766927203328 roll 2
DICE 3 2 4 1 0 1 0 
Jibs_PC#3102657766927203328 roll 3
Jibs_PC#3102657766927203328 roll 2
DICE 3 2 5 3 1 3 0 
Jibs_PC#3102657766927203328 move 14
Jibs_PC#3102657766927203328 attack 27 28
Jibs_PC#3102657766927203328 roll 3
Jibs_PC#3102657766927203328 roll 1
DICE 3 1 3 2 2 1 
Jibs_PC#3102657766927203328 move 13
Jibs_PC#3102657766927203328 attack 28 16
Jibs_PC#3102657766927203328 roll 3
Jibs_PC#3102657766927203328 roll 2
DICE 3 2 5 4 2 4 0 
Jibs_PC#3102657766927203328 move 12
Jibs_PC#3102657766927203328 endattack
Jibs_PC#3102657766927203328 nomove
CARD 2
Jibs_PC#3102657766927203328 trade 28 13 27
Jibs_PC#3102657766927203328 placearmies 13 7
Jibs_PC#3102657766927203328 placearmies 5 5
Jibs_PC#3102657766927203328 placearmies 5 1
Jibs_PC#3102657766927203328 attack 13 12
Jibs_PC#3102657766927203328 roll 3
Jibs_PC#3102657766927203328 roll 2
DICE 3 2 4 3 3 3 2 
Jibs_PC#3102657766927203328 roll 3
Jibs_PC#3102657766927203328 roll 2
DICE 3 2 4 4 1 1 0 
Jibs_PC#3102657766927203328 roll 3
Jibs_PC#3102657766927203328 roll 1
DICE 3 1 5 4 3 3 
Jibs_PC#3102657766927203328 move 9
Jibs_PC#3102657766927203328 attack 5 9
Jibs_PC#3102657766927203328 roll 3
Jibs_PC#3102657766927203328 roll 1
DICE 3 1 4 4 0 3 
Jibs_PC#3102657766927203328 move 10
Jibs_PC#3102657766927203328 endattack
Jibs_PC#3102657766927203328 movearmies 9 5 9
CARD 19
Jibs_PC#3102657766927203328 placearmies 8 1
Jibs_PC#3102657766927203328 placearmies 8 1
Jibs_PC#3102657766927203328 placearmies 8 1
Jibs_PC#3102657766927203328 attack 8 9
Jibs_PC#3102657766927203328 roll 3
Jibs_PC#3102657766927203328 roll 1
DICE 3 1 5 4 1 2 
Jibs_PC#3102657766927203328 move 5
Jibs_PC#3102657766927203328 endattack
Jibs_PC#3102657766927203328 nomove
CARD 32
Jibs_PC#3102657766927203328 placearmies 19 1
Jibs_PC#3102657766927203328 placearmies 20 2
Jibs_PC#3102657766927203328 attack 20 21
Jibs_PC#3102657766927203328 roll 3
Jibs_PC#3102657766927203328 roll 1
DICE 3 1 5 5 1 0 
Jibs_PC#3102657766927203328 move 4
Jibs_PC#3102657766927203328 endattack
Jibs_PC#3102657766927203328 movearmies 19 20 4
CARD 6
Jibs_PC#3102657766927203328 trade 30 35 42
Jibs_PC#3102657766927203328 placearmies 23 3
Jibs_PC#3102657766927203328 placearmies 3 4
Jibs_PC#3102657766927203328 attack 23 24
Jibs_PC#3102657766927203328 roll 3
Jibs_PC#3102657766927203328 roll 1
DICE 3 1 5 4 4 5 
Jibs_PC#3102657766927203328 roll 3
Jibs_PC#3102657766927203328 roll 1
DICE 3 1 5 5 3 2 
Jibs_PC#3102657766927203328 endattack
Jibs_PC#3102657766927203328 nomove
CARD 3
Jibs_PC#3102657766927203328 trade 24 29 21
Jibs_PC#3102657766927203328 placearmies 1 13
Jibs_PC#3102657766927203328 placearmies 1 2
Jibs_PC#3102657766927203328 attack 1 3
Jibs_PC#3102657766927203328 roll 3
Jibs_PC#3102657766927203328 roll 2
DICE 3 2 5 1 0 1 1 
Jibs_PC#3102657766927203328 roll 3
Jibs_PC#3102657766927203328 roll 2
DICE 3 2 3 0 0 3 2 
Jibs_PC#3102657766927203328 roll 3
Jibs_PC#3102657766927203328 roll 2
DICE 3 2 5 4 1 3 1 
Jibs_PC#3102657766927203328 roll 3
Jibs_PC#3102657766927203328 roll 2
DICE 3 2 4 1 1 3 0 
Jibs_PC#3102657766927203328 roll 3
Jibs_PC#3102657766927203328 roll 2
DICE 3 2 2 1 0 5 3 
Jibs_PC#3102657766927203328 roll 3
Jibs_PC#3102657766927203328 roll 2
DICE 3 2 5 4 1 4 0 
Jibs_PC#3102657766927203328 roll 3
Jibs_PC#3102657766927203328 roll 1
DICE 3 1 2 1 0 3 
Jibs_PC#3102657766927203328 roll 3
Jibs_PC#3102657766927203328 roll 1
DICE 3 1 4 3 2 3 
Jibs_PC#3102657766927203328 move 12
Jibs_PC#3102657766927203328 endattack
Jibs_PC#3102657766927203328 nomove
CARD 14
Jibs_PC#3102657766927203328 placearmies 16 2
Jibs_PC#3102657766927203328 placearmies 16 1
Jibs_PC#3102657766927203328 attack 16 31
Jibs_PC#3102657766927203328 roll 3
Jibs_PC#3102657766927203328 roll 1
DICE 3 1 5 4 3 3 
Jibs_PC#3102657766927203328 move 14
Jibs_PC#3102657766927203328 attack 31 32
Jibs_PC#3102657766927203328 roll 3
Jibs_PC#3102657766927203328 roll 1
DICE 3 1 3 2 1 1 
Jibs_PC#3102657766927203328 move 13
Jibs_PC#3102657766927203328 attack 32 29
Jibs_PC#3102657766927203328 roll 3
Jibs_PC#3102657766927203328 roll 1
DICE 3 1 5 3 2 5 
Jibs_PC#3102657766927203328 roll 3
Jibs_PC#3102657766927203328 roll 1
DICE 3 1 2 2 0 0 
Jibs_PC#3102657766927203328 move 11
Jibs_PC#3102657766927203328 attack 29 33
Jibs_PC#3102657766927203328 roll 3
Jibs_PC#3102657766927203328 roll 1
DICE 3 1 5 1 0 2 
Jibs_PC#3102657766927203328 move 10
Jibs_PC#3102657766927203328 attack 33 39
Jibs_PC#3102657766927203328 roll 3
Jibs_PC#3102657766927203328 roll 2
DICE 3 2 4 3 1 3 2 
Jibs_PC#3102657766927203328 move 9
Jibs_PC#3102657766927203328 attack 39 40
Jibs_PC#3102657766927203328 roll 3
Jibs_PC#3102657766927203328 roll 1
DICE 3 1 4 3 1 5 
Jibs_PC#3102657766927203328 roll 3
Jibs_PC#3102657766927203328 roll 1
DICE 3 1 5 1 0 5 
Jibs_PC#3102657766927203328 roll 3
Jibs_PC#3102657766927203328 roll 1
DICE 3 1 5 4 1 4 
Jibs_PC#3102657766927203328 move 6
Jibs_PC#3102657766927203328 attack 40 41
Jibs_PC#3102657766927203328 roll 3
Jibs_PC#3102657766927203328 roll 1
DICE 3 1 5 1 0 0 
Jibs_PC#3102657766927203328 move 5
Jibs_PC#3102657766927203328 attack 41 42
Jibs_PC#3102657766927203328 roll 3
Jibs_PC#3102657766927203328 roll 1
DICE 3 1 4 4 3 2 
Jibs_PC#3102657766927203328 move 3
Jibs_PC#3102657766927203328 endattack
Jibs_PC#3102657766927203328 movearmies 30 29 1
CARD 11
Jibs_PC#3102657766927203328 placearmies 12 1
Jibs_PC#3102657766927203328 placearmies 12 4
Jibs_PC#3102657766927203328 attack 12 21
Jibs_PC#3102657766927203328 roll 3
Jibs_PC#3102657766927203328 roll 2
DICE 3 2 1 1 1 2 0 
Jibs_PC#3102657766927203328 roll 3
Jibs_PC#3102657766927203328 roll 2
DICE 3 2 4 3 0 5 0 
Jibs_PC#3102657766927203328 roll 3
Jibs_PC#3102657766927203328 roll 2
DICE 3 2 5 4 3 3 2 
Jibs_PC#3102657766927203328 move 11
Jibs_PC#3102657766927203328 attack 21 23
Jibs_PC#3102657766927203328 roll 3
Jibs_PC#3102657766927203328 roll 1
DICE 3 1 4 2 2 0 
Jibs_PC#3102657766927203328 move 9
Jibs_PC#3102657766927203328 attack 23 25
Jibs_PC#3102657766927203328 roll 3
Jibs_PC#3102657766927203328 roll 1
DICE 3 1 1 0 0 4 
Jibs_PC#3102657766927203328 roll 3
Jibs_PC#3102657766927203328 roll 1
DICE 3 1 4 2 0 3 
Jibs_PC#3102657766927203328 move 7
Jibs_PC#3102657766927203328 attack 25 26
Jibs_PC#3102657766927203328 roll 3
Jibs_PC#3102657766927203328 roll 1
DICE 3 1 4 1 1 2 
Jibs_PC#3102657766927203328 move 6
Jibs_PC#3102657766927203328 attack 26 24
Jibs_PC#3102657766927203328 roll 3
Jibs_PC#3102657766927203328 roll 2
DICE 3 2 5 2 1 4 2 
Jibs_PC#3102657766927203328 roll 3
Jibs_PC#3102657766927203328 roll 2
DICE 3 2 2 2 1 5 1 
Jibs_PC#3102657766927203328 roll 3
Jibs_PC#3102657766927203328 roll 1
DICE 3 1 4 2 0 4 
Jibs_PC#3102657766927203328 roll 2
Jibs_PC#3102657766927203328 roll 1
DICE 2 1 5 5 2 
Jibs_PC#3102657766927203328 attack 5 4
Jibs_PC#3102657766927203328 roll 3
Jibs_PC#3102657766927203328 roll 2
DICE 3 2 4 2 0 2 1 
Jibs_PC#3102657766927203328 roll 3
Jibs_PC#3102657766927203328 roll 1
DICE 3 1 4 0 0 0 
Jibs_PC#3102657766927203328 move 9
Jibs_PC#3102657766927203328 attack 4 7
Jibs_PC#3102657766927203328 roll 3
Jibs_PC#3102657766927203328 roll 1
DICE 3 1 4 1 0 3 
Jibs_PC#3102657766927203328 move 8
Jibs_PC#3102657766927203328 attack 7 8
Jibs_PC#3102657766927203328 roll 3
Jibs_PC#3102657766927203328 roll 1
DICE 3 1 3 0 0 5 
Jibs_PC#3102657766927203328 roll 3
Jibs_PC#3102657766927203328 roll 1
DICE 3 1 2 0 0 4 
Jibs_PC#3102657766927203328 roll 3
Jibs_PC#3102657766927203328 roll 1
DICE 3 1 3 1 0 1 
Jibs_PC#3102657766927203328 move 5
Jibs_PC#3102657766927203328 attack 8 6
Jibs_PC#3102657766927203328 roll 3
Jibs_PC#3102657766927203328 roll 2
DICE 3 2 5 3 1 4 3 
Jibs_PC#3102657766927203328 roll 3
Jibs_PC#3102657766927203328 roll 2
DICE 3 2 5 4 0 4 3 
Jibs_PC#3102657766927203328 endattack
Jibs_PC#3102657766927203328 movearmies 24 21 1
CARD 17
Jibs_PC#3102657766927203328 trade 20 31 32
Jibs_PC#3102657766927203328 placearmies 36 12
Jibs_PC#3102657766927203328 placearmies 36 1
Jibs_PC#3102657766927203328 attack 36 29
Jibs_PC#3102657766927203328 roll 3
Jibs_PC#3102657766927203328 roll 2
DICE 3 2 5 5 3 5 1 
Jibs_PC#3102657766927203328 roll 3
Jibs_PC#3102657766927203328 roll 1
DICE 3 1 5 4 4 2 
Jibs_PC#3102657766927203328 move 12
Jibs_PC#3102657766927203328 attack 29 33
Jibs_PC#3102657766927203328 roll 3
Jibs_PC#3102657766927203328 roll 1
DICE 3 1 4 1 1 4 
Jibs_PC#3102657766927203328 roll 3
Jibs_PC#3102657766927203328 roll 1
DICE 3 1 5 3 0 3 
Jibs_PC#3102657766927203328 move 10
Jibs_PC#3102657766927203328 attack 33 39
Jibs_PC#3102657766927203328 roll 3
Jibs_PC#3102657766927203328 roll 1
DICE 3 1 4 1 1 4 
Jibs_PC#3102657766927203328 roll 3
Jibs_PC#3102657766927203328 roll 1
DICE 3 1 2 2 0 0 
Jibs_PC#3102657766927203328 move 8
Jibs_PC#3102657766927203328 attack 39 40
Jibs_PC#3102657766927203328 roll 3
Jibs_PC#3102657766927203328 roll 1
DICE 3 1 5 2 0 2 
Jibs_PC#3102657766927203328 move 7
Jibs_PC#3102657766927203328 attack 40 42
Jibs_PC#3102657766927203328 roll 3
Jibs_PC#3102657766927203328 roll 2
DICE 3 2 1 0 0 2 1 
Jibs_PC#3102657766927203328 roll 3
Jibs_PC#3102657766927203328 roll 2
DICE 3 2 5 4 0 2 0 
Jibs_PC#3102657766927203328 retreat
Jibs_PC#3102657766927203328 attack 40 41
Jibs_PC#3102657766927203328 roll 3
Jibs_PC#3102657766927203328 roll 2
DICE 3 2 4 2 0 4 1 
Jibs_PC#3102657766927203328 roll 3
Jibs_PC#3102657766927203328 roll 1
DICE 3 1 5 5 3 2 
Jibs_PC#3102657766927203328 attack 41 42
Jibs_PC#3102657766927203328 roll 2
Jibs_PC#3102657766927203328 roll 1
DICE 2 1 2 1 1 
Jibs_PC#3102657766927203328 attack 9 8
Jibs_PC#3102657766927203328 roll 3
Jibs_PC#3102657766927203328 roll 1
DICE 3 1 4 3 1 2 
Jibs_PC#3102657766927203328 move 4
Jibs_PC#3102657766927203328 endattack
Jibs_PC#3102657766927203328 nomove
CARD 8
Jibs_PC#3102657766927203328 placearmies 20 3
Jibs_PC#3102657766927203328 attack 20 16
Jibs_PC#3102657766927203328 roll 3
Jibs_PC#3102657766927203328 roll 1
DICE 3 1 5 4 1 5 
Jibs_PC#3102657766927203328 roll 3
Jibs_PC#3102657766927203328 roll 1
DICE 3 1 5 3 0 4 
Jibs_PC#3102657766927203328 move 5
Jibs_PC#3102657766927203328 endattack
Jibs_PC#3102657766927203328 movearmies 16 20 1
CARD 5
Jibs_PC#3102657766927203328 placearmies 3 3
Jibs_PC#3102657766927203328 attack 3 4
Jibs_PC#3102657766927203328 roll 3
Jibs_PC#3102657766927203328 roll 1
DICE 3 1 4 0 0 4 
Jibs_PC#3102657766927203328 roll 3
Jibs_PC#3102657766927203328 roll 1
DICE 3 1 3 2 2 5 
Jibs_PC#3102657766927203328 roll 3
Jibs_PC#3102657766927203328 roll 1
DICE 3 1 4 2 1 2 
Jibs_PC#3102657766927203328 move 12
Jibs_PC#3102657766927203328 attack 4 5
Jibs_PC#3102657766927203328 roll 3
Jibs_PC#3102657766927203328 roll 2
DICE 3 2 5 2 0 5 3 
Jibs_PC#3102657766927203328 roll 3
Jibs_PC#3102657766927203328 roll 2
DICE 3 2 2 1 0 5 4 
Jibs_PC#3102657766927203328 roll 3
Jibs_PC#3102657766927203328 roll 2
DICE 3 2 5 4 0 4 0 
Jibs_PC#3102657766927203328 move 7
Jibs_PC#3102657766927203328 attack 5 10
Jibs_PC#3102657766927203328 roll 3
Jibs_PC#3102657766927203328 roll 1
DICE 3 1 5 5 5 5 
Jibs_PC#3102657766927203328 roll 3
Jibs_PC#3102657766927203328 roll 1
DICE 3 1 5 1 0 2 
Jibs_PC#3102657766927203328 move 5
Jibs_PC#3102657766927203328 attack 10 11
Jibs_PC#3102657766927203328 roll 3
Jibs_PC#3102657766927203328 roll 1
DICE 3 1 5 4 1 5 
Jibs_PC#3102657766927203328 roll 3
Jibs_PC#3102657766927203328 roll 1
DICE 3 1 5 4 2 2 
Jibs_PC#3102657766927203328 attack 11 12
Jibs_PC#3102657766927203328 roll 2
Jibs_PC#3102657766927203328 roll 1
DICE 2 1 0 0 1 
Jibs_PC#3102657766927203328 retreat
Jibs_PC#3102657766927203328 endattack
Jibs_PC#3102657766927203328 nomove
CARD 23
Jibs_PC#3102657766927203328 placearmies 38 3
Jibs_PC#3102657766927203328 attack 38 36
Jibs_PC#3102657766927203328 roll 3
Jibs_PC#3102657766927203328 roll 1
DICE 3 1 4 3 3 5 
Jibs_PC#3102657766927203328 roll 2
Jibs_PC#3102657766927203328 roll 1
DICE 2 1 1 0 1 
Jibs_PC#3102657766927203328 retreat
Jibs_PC#3102657766927203328 endattack
Jibs_PC#3102657766927203328 nomove
CARD 
Jibs_PC#3102657766927203328 placearmies 21 1
Jibs_PC#3102657766927203328 placearmies 21 1
Jibs_PC#3102657766927203328 placearmies 6 1
Jibs_PC#3102657766927203328 attack 21 19
Jibs_PC#3102657766927203328 roll 3
Jibs_PC#3102657766927203328 roll 1
DICE 3 1 4 0 0 1 
Jibs_PC#3102657766927203328 move 4
Jibs_PC#3102657766927203328 endattack
Jibs_PC#3102657766927203328 nomove
CARD 41
Jibs_PC#3102657766927203328 placearmies 33 1
Jibs_PC#3102657766927203328 placearmies 8 4
Jibs_PC#3102657766927203328 attack 8 6
Jibs_PC#3102657766927203328 roll 3
Jibs_PC#3102657766927203328 roll 2
DICE 3 2 3 3 1 3 0 
Jibs_PC#3102657766927203328 roll 3
Jibs_PC#3102657766927203328 roll 2
DICE 3 2 4 1 1 2 0 
Jibs_PC#3102657766927203328 retreat
Jibs_PC#3102657766927203328 attack 8 6
Jibs_PC#3102657766927203328 roll 3
Jibs_PC#3102657766927203328 roll 1
DICE 3 1 5 2 1 2 
Jibs_PC#3102657766927203328 move 6
Jibs_PC#3102657766927203328 attack 6 7
Jibs_PC#3102657766927203328 roll 3
Jibs_PC#3102657766927203328 roll 1
DICE 3 1 1 1 0 2 
Jibs_PC#3102657766927203328 roll 3
Jibs_PC#3102657766927203328 roll 1
DICE 3 1 4 3 1 2 
Jibs_PC#3102657766927203328 move 4
Jibs_PC#3102657766927203328 endattack
Jibs_PC#3102657766927203328 nomove
CARD 4
Jibs_PC#3102657766927203328 placearmies 20 2
Jibs_PC#3102657766927203328 placearmies 20 1
Jibs_PC#3102657766927203328 attack 20 19
Jibs_PC#3102657766927203328 roll 3
Jibs_PC#3102657766927203328 roll 2
DICE 3 2 5 4 4 3 0 
Jibs_PC#3102657766927203328 roll 3
Jibs_PC#3102657766927203328 roll 2
DICE 3 2 1 1 0 3 2 
Jibs_PC#3102657766927203328 roll 3
Jibs_PC#3102657766927203328 roll 2
DICE 3 2 3 2 0 4 3 
Jibs_PC#3102657766927203328 retreat
Jibs_PC#3102657766927203328 attack 16 31
Jibs_PC#3102657766927203328 roll 3
Jibs_PC#3102657766927203328 roll 1
DICE 3 1 2 1 0 1 
Jibs_PC#3102657766927203328 endattack
Jibs_PC#3102657766927203328 movearmies 31 16 2
CARD 18
Jibs_PC#3102657766927203328 trade 25 14 23
Jibs_PC#3102657766927203328 placearmies 11 2
Jibs_PC#3102657766927203328 placearmies 11 4
Jibs_PC#3102657766927203328 placearmies 4 4
Jibs_PC#3102657766927203328 placearmies 11 3
Jibs_PC#3102657766927203328 attack 4 9
Jibs_PC#3102657766927203328 roll 3
Jibs_PC#3102657766927203328 roll 1
DICE 3 1 5 1 0 5 
Jibs_PC#3102657766927203328 roll 3
Jibs_PC#3102657766927203328 roll 1
DICE 3 1 3 0 0 3 
Jibs_PC#3102657766927203328 retreat
Jibs_PC#3102657766927203328 attack 11 13
Jibs_PC#3102657766927203328 roll 3
Jibs_PC#3102657766927203328 roll 1
DICE 3 1 5 2 1 1 
Jibs_PC#3102657766927203328 move 10
Jibs_PC#3102657766927203328 attack 13 12
Jibs_PC#3102657766927203328 roll 3
Jibs_PC#3102657766927203328 roll 1
DICE 3 1 4 2 1 1 
Jibs_PC#3102657766927203328 move 9
Jibs_PC#3102657766927203328 attack 12 21
Jibs_PC#3102657766927203328 roll 3
Jibs_PC#3102657766927203328 roll 1
DICE 3 1 2 2 0 3 
Jibs_PC#3102657766927203328 roll 3
Jibs_PC#3102657766927203328 roll 1
DICE 3 1 5 2 2 5 
Jibs_PC#3102657766927203328 roll 3
Jibs_PC#3102657766927203328 roll 1
DICE 3 1 5 4 3 4 
Jibs_PC#3102657766927203328 move 6
Jibs_PC#3102657766927203328 attack 21 24
Jibs_PC#3102657766927203328 roll 3
Jibs_PC#3102657766927203328 roll 1
DICE 3 1 4 4 2 3 
Jibs_PC#3102657766927203328 move 4
Jibs_PC#3102657766927203328 endattack
Jibs_PC#3102657766927203328 movearmies 4 5 2
CARD 9
Jibs_PC#3102657766927203328 placearmies 38 2
Jibs_PC#3102657766927203328 placearmies 38 1
Jibs_PC#3102657766927203328 attack 38 36
Jibs_PC#3102657766927203328 roll 3
Jibs_PC#3102657766927203328 roll 1
DICE 3 1 5 0 0 1 
Jibs_PC#3102657766927203328 move 4
Jibs_PC#3102657766927203328 attack 36 29
Jibs_PC#3102657766927203328 roll 3
Jibs_PC#3102657766927203328 roll 1
DICE 3 1 1 1 0 3 
Jibs_PC#3102657766927203328 roll 2
Jibs_PC#3102657766927203328 roll 1
DICE 2 1 4 3 3 
Jibs_PC#3102657766927203328 endattack
Jibs_PC#3102657766927203328 nomove
CARD 7
Jibs_PC#3102657766927203328 trade 19 39 41
Jibs_PC#3102657766927203328 placearmies 19 12
Jibs_PC#3102657766927203328 placearmies 19 1
Jibs_PC#3102657766927203328 attack 19 20
Jibs_PC#3102657766927203328 roll 3
Jibs_PC#3102657766927203328 roll 2
DICE 3 2 4 3 1 2 0 
Jibs_PC#3102657766927203328 move 16
Jibs_PC#3102657766927203328 attack 20 31
Jibs_PC#3102657766927203328 roll 3
Jibs_PC#3102657766927203328 roll 1
DICE 3 1 2 1 0 5 
Jibs_PC#3102657766927203328 roll 3
Jibs_PC#3102657766927203328 roll 1
DICE 3 1 5 4 2 1 
Jibs_PC#3102657766927203328 move 14
Jibs_PC#3102657766927203328 attack 31 32
Jibs_PC#3102657766927203328 roll 3
Jibs_PC#3102657766927203328 roll 1
DICE 3 1 5 4 2 0 
Jibs_PC#3102657766927203328 move 13
Jibs_PC#3102657766927203328 attack 32 33
Jibs_PC#3102657766927203328 roll 3
Jibs_PC#3102657766927203328 roll 2
DICE 3 2 4 0 0 4 1 
Jibs_PC#3102657766927203328 roll 3
Jibs_PC#3102657766927203328 roll 2
DICE 3 2 5 5 3 0 0 
Jibs_PC#3102657766927203328 move 10
Jibs_PC#3102657766927203328 attack 33 29
Jibs_PC#3102657766927203328 roll 3
Jibs_PC#3102657766927203328 roll 2
DICE 3 2 5 4 0 5 5 
Jibs_PC#3102657766927203328 roll 3
Jibs_PC#3102657766927203328 roll 2
DICE 3 2 3 2 0 1 0 
Jibs_PC#3102657766927203328 move 7
Jibs_PC#3102657766927203328 attack 29 36
Jibs_PC#3102657766927203328 roll 3
Jibs_PC#3102657766927203328 roll 1
DICE 3 1 3 2 1 4 
Jibs_PC#3102657766927203328 roll 3
Jibs_PC#3102657766927203328 roll 1
DICE 3 1 5 5 2 5 
Jibs_PC#3102657766927203328 retreat
Jibs_PC#3102657766927203328 attack 29 36
Jibs_PC#3102657766927203328 roll 3
Jibs_PC#3102657766927203328 roll 1
DICE 3 1 5 2 1 2 
Jibs_PC#3102657766927203328 move 4
Jibs_PC#3102657766927203328 endattack
Jibs_PC#3102657766927203328 nomove
CARD 10
Jibs_PC#3102657766927203328 trade 34 8 4
Jibs_PC#3102657766927203328 placearmies 7 11
Jibs_PC#3102657766927203328 placearmies 39 1
Jibs_PC#3102657766927203328 placearmies 7 2
Jibs_PC#3102657766927203328 placearmies 7 1
Jibs_PC#3102657766927203328 attack 7 4
Jibs_PC#3102657766927203328 roll 3
Jibs_PC#3102657766927203328 roll 1
DICE 3 1 5 1 0 0 
Jibs_PC#3102657766927203328 move 17
Jibs_PC#3102657766927203328 attack 4 5
Jibs_PC#3102657766927203328 roll 3
Jibs_PC#3102657766927203328 roll 2
DICE 3 2 4 2 1 2 0 
Jibs_PC#3102657766927203328 roll 3
Jibs_PC#3102657766927203328 roll 1
DICE 3 1 4 3 2 1 
Jibs_PC#3102657766927203328 move 16
Jibs_PC#3102657766927203328 attack 5 10
Jibs_PC#3102657766927203328 roll 3
Jibs_PC#3102657766927203328 roll 1
DICE 3 1 4 4 1 1 
Jibs_PC#3102657766927203328 move 15
Jibs_PC#3102657766927203328 attack 10 12
Jibs_PC#3102657766927203328 roll 3
Jibs_PC#3102657766927203328 roll 1
DICE 3 1 3 1 1 2 
Jibs_PC#3102657766927203328 move 14
Jibs_PC#3102657766927203328 attack 12 13
Jibs_PC#3102657766927203328 roll 3
Jibs_PC#3102657766927203328 roll 1
DICE 3 1 5 3 1 4 
Jibs_PC#3102657766927203328 move 5
Jibs_PC#3102657766927203328 attack 12 11
Jibs_PC#3102657766927203328 roll 3
Jibs_PC#3102657766927203328 roll 1
DICE 3 1 5 5 4 2 
Jibs_PC#3102657766927203328 move 3
Jibs_PC#3102657766927203328 attack 12 21
Jibs_PC#3102657766927203328 roll 3
Jibs_PC#3102657766927203328 roll 2
DICE 3 2 5 5 2 3 2 
Jibs_PC#3102657766927203328 move 5
Jibs_PC#3102657766927203328 attack 21 23
Jibs_PC#3102657766927203328 roll 3
Jibs_PC#3102657766927203328 roll 1
DICE 3 1 3 2 0 1 
Jibs_PC#3102657766927203328 move 3
Jibs_PC#3102657766927203328 endattack
Jibs_PC#3102657766927203328 movearmies 8 7 2
CARD 1
Jibs_PC#3102657766927203328 trade 6 5 18
Jibs_PC#3102657766927203328 placearmies 22 9
Jibs_PC#3102657766927203328 attack 22 21
Jibs_PC#3102657766927203328 roll 3
Jibs_PC#3102657766927203328 roll 2
DICE 3 2 4 3 0 2 0 
Jibs_PC#3102657766927203328 move 9
Jibs_PC#3102657766927203328 attack 21 12
Jibs_PC#3102657766927203328 roll 3
Jibs_PC#3102657766927203328 roll 1
DICE 3 1 5 4 0 1 
Jibs_PC#3102657766927203328 move 8
Jibs_PC#3102657766927203328 attack 18 20
Jibs_PC#3102657766927203328 roll 2
Jibs_PC#3102657766927203328 roll 1
DICE 2 1 0 0 3 
Jibs_PC#3102657766927203328 retreat
Jibs_PC#3102657766927203328 attack 16 20
Jibs_PC#3102657766927203328 roll 2
Jibs_PC#3102657766927203328 roll 1
DICE 2 1 2 2 0 
Jibs_PC#3102657766927203328 attack 12 10
Jibs_PC#3102657766927203328 roll 3
Jibs_PC#3102657766927203328 roll 1
DICE 3 1 4 2 0 2 
Jibs_PC#3102657766927203328 move 7
Jibs_PC#3102657766927203328 attack 10 11
Jibs_PC#3102657766927203328 roll 3
Jibs_PC#3102657766927203328 roll 2
DICE 3 2 4 4 3 3 3 
Jibs_PC#3102657766927203328 roll 3
Jibs_PC#3102657766927203328 roll 1
DICE 3 1 4 1 0 3 
Jibs_PC#3102657766927203328 move 6
Jibs_PC#3102657766927203328 attack 11 13
Jibs_PC#3102657766927203328 roll 3
Jibs_PC#3102657766927203328 roll 2
DICE 3 2 5 5 1 3 3 
Jibs_PC#3102657766927203328 roll 3
Jibs_PC#3102657766927203328 roll 2
DICE 3 2 5 4 1 4 2 
Jibs_PC#3102657766927203328 roll 3
Jibs_PC#3102657766927203328 roll 1
DICE 3 1 2 1 0 0 
Jibs_PC#3102657766927203328 move 3
Jibs_PC#3102657766927203328 endattack
Jibs_PC#3102657766927203328 movearmies 11 10 2
CARD 26
Jibs_PC#3102657766927203328 placearmies 2 3
Jibs_PC#3102657766927203328 attack 2 6
Jibs_PC#3102657766927203328 roll 3
Jibs_PC#3102657766927203328 roll 1
DICE 3 1 1 0 0 0 
Jibs_PC#3102657766927203328 endattack
Jibs_PC#3102657766927203328 nomove
CARD 15
Jibs_PC#3102657766927203328 placearmies 38 3
Jibs_PC#3102657766927203328 attack 38 37
Jibs_PC#3102657766927203328 roll 3
Jibs_PC#3102657766927203328 roll 1
DICE 3 1 5 3 0 2 
Jibs_PC#3102657766927203328 endattack
Jibs_PC#3102657766927203328 nomove
CARD 37
Jibs_PC#3102657766927203328 trade 3 17 10
Jibs_PC#3102657766927203328 placearmies 19 7
Jibs_PC#3102657766927203328 placearmies 19 6
Jibs_PC#3102657766927203328 attack 19 21
Jibs_PC#3102657766927203328 roll 3
Jibs_PC#3102657766927203328 roll 1
DICE 3 1 3 2 1 2 
Jibs_PC#3102657766927203328 move 13
Jibs_PC#3102657766927203328 attack 21 12
Jibs_PC#3102657766927203328 roll 3
Jibs_PC#3102657766927203328 roll 1
DICE 3 1 5 4 3 1 
Jibs_PC#3102657766927203328 move 12
Jibs_PC#3102657766927203328 attack 12 11
Jibs_PC#3102657766927203328 roll 3
Jibs_PC#3102657766927203328 roll 1
DICE 3 1 4 2 1 0 
Jibs_PC#3102657766927203328 move 11
Jibs_PC#3102657766927203328 attack 11 13
Jibs_PC#3102657766927203328 roll 3
Jibs_PC#3102657766927203328 roll 2
DICE 3 2 4 4 0 4 1 
Jibs_PC#3102657766927203328 roll 3
Jibs_PC#3102657766927203328 roll 2
DICE 3 2 3 1 0 3 0 
Jibs_PC#3102657766927203328 roll 3
Jibs_PC#3102657766927203328 roll 1
DICE 3 1 4 3 2 2 
Jibs_PC#3102657766927203328 move 3
Jibs_PC#3102657766927203328 attack 11 10
Jibs_PC#3102657766927203328 roll 3
Jibs_PC#3102657766927203328 roll 2
DICE 3 2 1 0 0 3 2 
Jibs_PC#3102657766927203328 roll 3
Jibs_PC#3102657766927203328 roll 2
DICE 3 2 2 1 1 0 0 
Jibs_PC#3102657766927203328 roll 3
Jibs_PC#3102657766927203328 roll 1
DICE 3 1 2 1 0 0 
Jibs_PC#3102657766927203328 endattack
Jibs_PC#3102657766927203328 movearmies 13 11 1
CARD 16
Jibs_PC#3102657766927203328 placearmies 23 5
Jibs_PC#3102657766927203328 attack 23 21
Jibs_PC#3102657766927203328 roll 3
Jibs_PC#3102657766927203328 roll 1
DICE 3 1 2 2 1 5 
Jibs_PC#3102657766927203328 roll 3
Jibs_PC#3102657766927203328 roll 1
DICE 3 1 2 1 1 3 
Jibs_PC#3102657766927203328 roll 3
Jibs_PC#3102657766927203328 roll 1
DICE 3 1 2 1 0 0 
Jibs_PC#3102657766927203328 move 5
Jibs_PC#3102657766927203328 attack 21 12
Jibs_PC#3102657766927203328 roll 3
Jibs_PC#3102657766927203328 roll 1
DICE 3 1 5 2 1 5 
Jibs_PC#3102657766927203328 roll 3
Jibs_PC#3102657766927203328 roll 1
DICE 3 1 3 3 1 3 
Jibs_PC#3102657766927203328 roll 2
Jibs_PC#3102657766927203328 roll 1
DICE 2 1 4 0 1 
Jibs_PC#3102657766927203328 endattack
Jibs_PC#3102657766927203328 nomove
CARD 38
Jibs_PC#3102657766927203328 placearmies 18 2
Jibs_PC#3102657766927203328 placearmies 18 1
Jibs_PC#3102657766927203328 attack 18 19
Jibs_PC#3102657766927203328 roll 3
Jibs_PC#3102657766927203328 roll 1
DICE 3 1 5 5 4 5 
Jibs_PC#3102657766927203328 roll 3
Jibs_PC#3102657766927203328 roll 1
DICE 3 1 5 3 0 4 
Jibs_PC#3102657766927203328 endattack
Jibs_PC#3102657766927203328 nomove
CARD 29
Jibs_PC#3102657766927203328 placearmies 6 2
Jibs_PC#3102657766927203328 placearmies 24 1
Jibs_PC#3102657766927203328 attack 6 7
Jibs_PC#3102657766927203328 roll 3
Jibs_PC#3102657766927203328 roll 2
DICE 3 2 5 2 2 5 2 
Jibs_PC#3102657766927203328 retreat
Jibs_PC#3102657766927203328 attack 6 8
Jibs_PC#3102657766927203328 roll 2
Jibs_PC#3102657766927203328 roll 1
DICE 2 1 4 1 0 
Jibs_PC#3102657766927203328 endattack
Jibs_PC#3102657766927203328 nomove
CARD 10
Jibs_PC#3102657766927203328 trade 2 11 37
Jibs_PC#3102657766927203328 placearmies 37 3
Jibs_PC#3102657766927203328 placearmies 37 8
Jibs_PC#3102657766927203328 placearmies 37 2
Jibs_PC#3102657766927203328 attack 37 36
Jibs_PC#3102657766927203328 roll 3
Jibs_PC#3102657766927203328 roll 2
DICE 3 2 4 4 0 4 1 
Jibs_PC#3102657766927203328 roll 3
Jibs_PC#3102657766927203328 roll 2
DICE 3 2 4 1 0 3 1 
Jibs_PC#3102657766927203328 roll 3
Jibs_PC#3102657766927203328 roll 2
DICE 3 2 4 2 0 5 4 
Jibs_PC#3102657766927203328 roll 3
Jibs_PC#3102657766927203328 roll 2
DICE 3 2 5 4 0 4 2 
Jibs_PC#3102657766927203328 move 13
Jibs_PC#3102657766927203328 attack 36 29
Jibs_PC#3102657766927203328 roll 3
Jibs_PC#3102657766927203328 roll 1
DICE 3 1 5 3 0 2 
Jibs_PC#3102657766927203328 move 12
Jibs_PC#3102657766927203328 attack 29 32
Jibs_PC#3102657766927203328 roll 3
Jibs_PC#3102657766927203328 roll 1
DICE 3 1 2 2 0 5 
Jibs_PC#3102657766927203328 roll 3
Jibs_PC#3102657766927203328 roll 1
DICE 3 1 5 2 2 3 
Jibs_PC#3102657766927203328 move 10
Jibs_PC#3102657766927203328 attack 32 31
Jibs_PC#3102657766927203328 roll 3
Jibs_PC#3102657766927203328 roll 1
DICE 3 1 3 1 0 4 
Jibs_PC#3102657766927203328 roll 3
Jibs_PC#3102657766927203328 roll 1
DICE 3 1 3 1 0 0 
Jibs_PC#3102657766927203328 move 8
Jibs_PC#3102657766927203328 attack 31 20
Jibs_PC#3102657766927203328 roll 3
Jibs_PC#3102657766927203328 roll 2
DICE 3 2 4 1 0 4 4 
Jibs_PC#3102657766927203328 roll 3
Jibs_PC#3102657766927203328 roll 2
DICE 3 2 5 4 2 2 1 
Jibs_PC#3102657766927203328 move 5
Jibs_PC#3102657766927203328 attack 20 22
Jibs_PC#3102657766927203328 roll 3
Jibs_PC#3102657766927203328 roll 1
DICE 3 1 3 1 1 4 
Jibs_PC#3102657766927203328 roll 3
Jibs_PC#3102657766927203328 roll 1
DICE 3 1 5 4 3 5 
Jibs_PC#3102657766927203328 retreat
Jibs_PC#3102657766927203328 endattack
Jibs_PC#3102657766927203328 nomove
CARD 18
Jibs_PC#3102657766927203328 placearmies 10 1
Jibs_PC#3102657766927203328 placearmies 10 2
Jibs_PC#3102657766927203328 attack 10 12
Jibs_PC#3102657766927203328 roll 3
Jibs_PC#3102657766927203328 roll 2
DICE 3 2 2 1 0 2 1 
Jibs_PC#3102657766927203328 roll 3
Jibs_PC#3102657766927203328 roll 2
DICE 3 2 5 3 0 2 1 
Jibs_PC#3102657766927203328 endattack
Jibs_PC#3102657766927203328 movearmies 11 10 1
CARD 17
Jibs_PC#3102657766927203328 placearmies 7 1
Jibs_PC#3102657766927203328 placearmies 7 4
Jibs_PC#3102657766927203328 attack 7 8
Jibs_PC#3102657766927203328 roll 3
Jibs_PC#3102657766927203328 roll 2
DICE 3 2 5 1 0 1 0 
Jibs_PC#3102657766927203328 move 7
Jibs_PC#3102657766927203328 attack 8 6
Jibs_PC#3102657766927203328 roll 3
Jibs_PC#3102657766927203328 roll 1
DICE 3 1 5 4 1 2 
Jibs_PC#3102657766927203328 move 6
Jibs_PC#3102657766927203328 attack 6 2
Jibs_PC#3102657766927203328 roll 3
Jibs_PC#3102657766927203328 roll 1
DICE 3 1 5 5 1 3 
Jibs_PC#3102657766927203328 move 5
Jibs_PC#3102657766927203328 attack 2 3
Jibs_PC#3102657766927203328 roll 3
Jibs_PC#3102657766927203328 roll 1
DICE 3 1 5 4 4 1 
Jibs_PC#3102657766927203328 move 4
Jibs_PC#3102657766927203328 attack 3 1
Jibs_PC#3102657766927203328 roll 3
Jibs_PC#3102657766927203328 roll 1
DICE 3 1 1 0 0 2 
Jibs_PC#3102657766927203328 roll 2
Jibs_PC#3102657766927203328 roll 1
DICE 2 1 3 3 4 
Jibs_PC#3102657766927203328 retreat
Jibs_PC#3102657766927203328 endattack
Jibs_PC#3102657766927203328 nomove
CARD 5
Jibs_PC#3102657766927203328 placearmies 14 3
Jibs_PC#3102657766927203328 attack 14 6
Jibs_PC#3102657766927203328 roll 3
Jibs_PC#3102657766927203328 roll 1
DICE 3 1 3 2 0 1 
Jibs_PC#3102657766927203328 move 6
Jibs_PC#3102657766927203328 attack 6 2
Jibs_PC#3102657766927203328 roll 3
Jibs_PC#3102657766927203328 roll 1
DICE 3 1 3 1 1 4 
Jibs_PC#3102657766927203328 roll 3
Jibs_PC#3102657766927203328 roll 1
DICE 3 1 4 3 1 1 
Jibs_PC#3102657766927203328 move 4
Jibs_PC#3102657766927203328 endattack
Jibs_PC#3102657766927203328 nomove
CARD 31
Jibs_PC#3102657766927203328 trade 9 15 10
Jibs_PC#3102657766927203328 placearmies 24 11
Jibs_PC#3102657766927203328 attack 24 21
Jibs_PC#3102657766927203328 roll 3
Jibs_PC#3102657766927203328 roll 1
DICE 3 1 5 5 1 0 
Jibs_PC#3102657766927203328 move 15
Jibs_PC#3102657766927203328 attack 21 12
Jibs_PC#3102657766927203328 roll 3
Jibs_PC#3102657766927203328 roll 2
DICE 3 2 5 3 1 5 1 
Jibs_PC#3102657766927203328 roll 3
Jibs_PC#3102657766927203328 roll 2
DICE 3 2 4 3 1 5 2 
Jibs_PC#3102657766927203328 roll 3
Jibs_PC#3102657766927203328 roll 1
DICE 3 1 5 5 0 5 
Jibs_PC#3102657766927203328 roll 3
Jibs_PC#3102657766927203328 roll 1
DICE 3 1 4 3 1 2 
Jibs_PC#3102657766927203328 move 11
Jibs_PC#3102657766927203328 attack 12 10
Jibs_PC#3102657766927203328 roll 3
Jibs_PC#3102657766927203328 roll 2
DICE 3 2 5 5 2 1 1 
Jibs_PC#3102657766927203328 move 10
Jibs_PC#3102657766927203328 attack 10 11
Jibs_PC#3102657766927203328 roll 3
Jibs_PC#3102657766927203328 roll 1
DICE 3 1 5 3 0 4 
Jibs_PC#3102657766927203328 move 6
Jibs_PC#3102657766927203328 attack 11 13
Jibs_PC#3102657766927203328 roll 3
Jibs_PC#3102657766927203328 roll 2
DICE 3 2 5 2 2 5 2 
Jibs_PC#3102657766927203328 roll 3
Jibs_PC#3102657766927203328 roll 2
DICE 3 2 4 3 1 3 1 
Jibs_PC#3102657766927203328 endattack
Jibs_PC#3102657766927203328 movearmies 13 11 1
CARD 28
Jibs_PC#3102657766927203328 placearmies 20 1
Jibs_PC#3102657766927203328 placearmies 29 3
Jibs_PC#3102657766927203328 attack 29 33
Jibs_PC#3102657766927203328 roll 3
Jibs_PC#3102657766927203328 roll 1
DICE 3 1 5 5 3 0 
Jibs_PC#3102657766927203328 endattack
Jibs_PC#3102657766927203328 movearmies 20 31 3
CARD 36
Jibs_PC#3102657766927203328 placearmies 25 3
Jibs_PC#3102657766927203328 attack 25 23
Jibs_PC#3102657766927203328 roll 3
Jibs_PC#3102657766927203328 roll 1
DICE 3 1 4 4 0 3 
Jibs_PC#3102657766927203328 attack 23 21
Jibs_PC#3102657766927203328 roll 2
Jibs_PC#3102657766927203328 roll 1
DICE 2 1 4 1 4 
Jibs_PC#3102657766927203328 retreat
Jibs_PC#3102657766927203328 endattack
Jibs_PC#3102657766927203328 nomove
CARD 27
Jibs_PC#3102657766927203328 placearmies 3 2
Jibs_PC#3102657766927203328 placearmies 3 3
Jibs_PC#3102657766927203328 attack 3 1
Jibs_PC#3102657766927203328 roll 3
Jibs_PC#3102657766927203328 roll 1
DICE 3 1 2 1 0 3 
Jibs_PC#3102657766927203328 roll 3
Jibs_PC#3102657766927203328 roll 1
DICE 3 1 4 2 1 5 
Jibs_PC#3102657766927203328 roll 3
Jibs_PC#3102657766927203328 roll 1
DICE 3 1 5 3 3 3 
Jibs_PC#3102657766927203328 move 4
Jibs_PC#3102657766927203328 attack 1 38
Jibs_PC#3102657766927203328 roll 3
Jibs_PC#3102657766927203328 roll 1
DICE 3 1 5 5 3 1 
Jibs_PC#3102657766927203328 endattack
Jibs_PC#3102657766927203328 nomove
CARD 30
Jibs_PC#3102657766927203328 trade 22 29 31
Jibs_PC#3102657766927203328 placearmies 22 12
Jibs_PC#3102657766927203328 placearmies 22 1
Jibs_PC#3102657766927203328 attack 22 24
Jibs_PC#3102657766927203328 roll 3
Jibs_PC#3102657766927203328 roll 1
DICE 3 1 3 1 1 3 
Jibs_PC#3102657766927203328 roll 3
Jibs_PC#3102657766927203328 roll 1
DICE 3 1 4 4 3 0 
Jibs_PC#3102657766927203328 move 14
Jibs_PC#3102657766927203328 attack 24 26
Jibs_PC#3102657766927203328 roll 3
Jibs_PC#3102657766927203328 roll 1
DICE 3 1 4 1 1 5 
Jibs_PC#3102657766927203328 roll 3
Jibs_PC#3102657766927203328 roll 1
DICE 3 1 4 2 2 3 
Jibs_PC#3102657766927203328 move 12
Jibs_PC#3102657766927203328 attack 26 25
Jibs_PC#3102657766927203328 roll 3
Jibs_PC#3102657766927203328 roll 1
DICE 3 1 5 4 4 5 
Jibs_PC#3102657766927203328 roll 3
Jibs_PC#3102657766927203328 roll 1
DICE 3 1 2 1 0 1 
Jibs_PC#3102657766927203328 move 10
Jibs_PC#3102657766927203328 attack 25 23
Jibs_PC#3102657766927203328 roll 3
Jibs_PC#3102657766927203328 roll 2
DICE 3 2 2 2 1 3 2 
Jibs_PC#3102657766927203328 roll 3
Jibs_PC#3102657766927203328 roll 2
DICE 3 2 5 5 0 5 1 
Jibs_PC#3102657766927203328 roll 3
Jibs_PC#3102657766927203328 roll 1
DICE 3 1 3 2 0 3 
Jibs_PC#3102657766927203328 roll 3
Jibs_PC#3102657766927203328 roll 1
DICE 3 1 5 0 0 1 
Jibs_PC#3102657766927203328 move 5
Jibs_PC#3102657766927203328 attack 19 20
Jibs_PC#3102657766927203328 roll 2
Jibs_PC#3102657766927203328 roll 1
DICE 2 1 1 0 5 
Jibs_PC#3102657766927203328 retreat
Jibs_PC#3102657766927203328 attack 23 21
Jibs_PC#3102657766927203328 roll 3
Jibs_PC#3102657766927203328 roll 1
DICE 3 1 5 4 2 5 
Jibs_PC#3102657766927203328 roll 3
Jibs_PC#3102657766927203328 roll 1
DICE 3 1 5 1 0 2 
Jibs_PC#3102657766927203328 attack 21 12
Jibs_PC#3102657766927203328 roll 2
Jibs_PC#3102657766927203328 roll 1
DICE 2 1 4 4 2 
Jibs_PC#3102657766927203328 endattack
Jibs_PC#3102657766927203328 movearmies 12 21 1
CARD 8
Jibs_PC#3102657766927203328 placearmies 10 1
Jibs_PC#3102657766927203328 placearmies 10 2
Jibs_PC#3102657766927203328 attack 10 12
Jibs_PC#3102657766927203328 roll 3
Jibs_PC#3102657766927203328 roll 1
DICE 3 1 2 2 1 2 
Jibs_PC#3102657766927203328 roll 3
Jibs_PC#3102657766927203328 roll 1
DICE 3 1 3 1 0 0 
Jibs_PC#3102657766927203328 move 4
Jibs_PC#3102657766927203328 attack 12 21
Jibs_PC#3102657766927203328 roll 3
Jibs_PC#3102657766927203328 roll 2
DICE 3 2 3 1 0 4 1 
Jibs_PC#3102657766927203328 retreat
Jibs_PC#3102657766927203328 endattack
Jibs_PC#3102657766927203328 movearmies 13 12 1
CARD 41
Jibs_PC#3102657766927203328 placearmies 33 3
Jibs_PC#3102657766927203328 placearmies 31 1
Jibs_PC#3102657766927203328 attack 31 22
Jibs_PC#3102657766927203328 roll 3
Jibs_PC#3102657766927203328 roll 1
DICE 3 1 4 3 2 0 
Jibs_PC#3102657766927203328 move 4
Jibs_PC#3102657766927203328 attack 33 39
Jibs_PC#3102657766927203328 roll 3
Jibs_PC#3102657766927203328 roll 2
DICE 3 2 5 5 4 4 2 
Jibs_PC#3102657766927203328 move 5
Jibs_PC#3102657766927203328 attack 39 41
Jibs_PC#3102657766927203328 roll 3
Jibs_PC#3102657766927203328 roll 1
DICE 3 1 4 4 0 5 
Jibs_PC#3102657766927203328 roll 3
Jibs_PC#3102657766927203328 roll 1
DICE 3 1 2 2 1 5 
Jibs_PC#3102657766927203328 retreat
Jibs_PC#3102657766927203328 endattack
Jibs_PC#3102657766927203328 nomove
CARD 4
Jibs_PC#3102657766927203328 placearmies 7 3
Jibs_PC#3102657766927203328 attack 7 6
Jibs_PC#3102657766927203328 roll 3
Jibs_PC#3102657766927203328 roll 1
DICE 3 1 1 1 0 0 
Jibs_PC#3102657766927203328 endattack
Jibs_PC#3102657766927203328 movearmies 42 40 1
CARD 6
Jibs_PC#3102657766927203328 trade 26 16 17
Jibs_PC#3102657766927203328 placearmies 19 3
Jibs_PC#3102657766927203328 placearmies 19 7
Jibs_PC#3102657766927203328 placearmies 2 4
Jibs_PC#3102657766927203328 attack 19 20
Jibs_PC#3102657766927203328 roll 3
Jibs_PC#3102657766927203328 roll 1
DICE 3 1 4 4 2 3 
Jibs_PC#3102657766927203328 move 11
Jibs_PC#3102657766927203328 attack 20 22
Jibs_PC#3102657766927203328 roll 3
Jibs_PC#3102657766927203328 roll 2
DICE 3 2 3 1 0 5 1 
Jibs_PC#3102657766927203328 roll 3
Jibs_PC#3102657766927203328 roll 2
DICE 3 2 4 2 2 3 0 
Jibs_PC#3102657766927203328 roll 3
Jibs_PC#3102657766927203328 roll 2
DICE 3 2 5 4 4 3 1 
Jibs_PC#3102657766927203328 move 7
Jibs_PC#3102657766927203328 attack 2 7
Jibs_PC#3102657766927203328 roll 3
Jibs_PC#3102657766927203328 roll 1
DICE 3 1 3 1 0 3 
Jibs_PC#3102657766927203328 roll 3
Jibs_PC#3102657766927203328 roll 1
DICE 3 1 1 1 0 3 
Jibs_PC#3102657766927203328 retreat
Jibs_PC#3102657766927203328 attack 22 31
Jibs_PC#3102657766927203328 roll 3
Jibs_PC#3102657766927203328 roll 1
DICE 3 1 3 1 1 1 
Jibs_PC#3102657766927203328 move 6
Jibs_PC#3102657766927203328 attack 31 32
Jibs_PC#3102657766927203328 roll 3
Jibs_PC#3102657766927203328 roll 1
DICE 3 1 5 3 2 0 
Jibs_PC#3102657766927203328 move 4
Jibs_PC#3102657766927203328 attack 2 7
Jibs_PC#3102657766927203328 roll 3
Jibs_PC#3102657766927203328 roll 1
DICE 3 1 4 2 0 0 
Jibs_PC#3102657766927203328 move 5
Jibs_PC#3102657766927203328 attack 7 9
Jibs_PC#3102657766927203328 roll 3
Jibs_PC#3102657766927203328 roll 1
DICE 3 1 3 2 1 2 
Jibs_PC#3102657766927203328 move 4
Jibs_PC#3102657766927203328 endattack
Jibs_PC#3102657766927203328 movearmies 32 31 3
CARD 24
Jibs_PC#3102657766927203328 placearmies 12 2
Jibs_PC#3102657766927203328 placearmies 12 1
Jibs_PC#3102657766927203328 placearmies 12 2
Jibs_PC#3102657766927203328 attack 12 21
Jibs_PC#3102657766927203328 roll 3
Jibs_PC#3102657766927203328 roll 2
DICE 3 2 5 5 4 4 2 
Jibs_PC#3102657766927203328 move 7
Jibs_PC#3102657766927203328 attack 21 19
Jibs_PC#3102657766927203328 roll 3
Jibs_PC#3102657766927203328 roll 1
DICE 3 1 5 4 3 5 
Jibs_PC#3102657766927203328 roll 3
Jibs_PC#3102657766927203328 roll 1
DICE 3 1 5 3 2 4 
Jibs_PC#3102657766927203328 move 4
Jibs_PC#3102657766927203328 attack 19 17
Jibs_PC#3102657766927203328 roll 3
Jibs_PC#3102657766927203328 roll 1
DICE 3 1 5 3 2 5 
Jibs_PC#3102657766927203328 roll 2
Jibs_PC#3102657766927203328 roll 1
DICE 2 1 2 0 4 
Jibs_PC#3102657766927203328 retreat
Jibs_PC#3102657766927203328 endattack
Jibs_PC#3102657766927203328 movearmies 11 10 1
CARD 13
Jibs_PC#3102657766927203328 trade 7 36 4
Jibs_PC#3102657766927203328 placearmies 39 1
Jibs_PC#3102657766927203328 placearmies 30 12
Jibs_PC#3102657766927203328 attack 30 16
Jibs_PC#3102657766927203328 roll 3
Jibs_PC#3102657766927203328 roll 1
DICE 3 1 5 3 2 3 
Jibs_PC#3102657766927203328 move 12
Jibs_PC#3102657766927203328 attack 16 20
Jibs_PC#3102657766927203328 roll 3
Jibs_PC#3102657766927203328 roll 2
DICE 3 2 4 1 0 4 0 
Jibs_PC#3102657766927203328 roll 3
Jibs_PC#3102657766927203328 roll 1
DICE 3 1 3 2 1 0 
Jibs_PC#3102657766927203328 move 10
Jibs_PC#3102657766927203328 attack 20 21
Jibs_PC#3102657766927203328 roll 3
Jibs_PC#3102657766927203328 roll 2
DICE 3 2 5 2 1 4 2 
Jibs_PC#3102657766927203328 roll 3
Jibs_PC#3102657766927203328 roll 1
DICE 3 1 5 2 0 0 
Jibs_PC#3102657766927203328 move 8
Jibs_PC#3102657766927203328 attack 21 12
Jibs_PC#3102657766927203328 roll 3
Jibs_PC#3102657766927203328 roll 1
DICE 3 1 5 1 0 5 
Jibs_PC#3102657766927203328 roll 3
Jibs_PC#3102657766927203328 roll 1
DICE 3 1 2 2 1 0 
Jibs_PC#3102657766927203328 move 6
Jibs_PC#3102657766927203328 attack 12 13
Jibs_PC#3102657766927203328 roll 3
Jibs_PC#3102657766927203328 roll 1
DICE 3 1 3 0 0 3 
Jibs_PC#3102657766927203328 roll 3
Jibs_PC#3102657766927203328 roll 1
DICE 3 1 5 3 3 5 
Jibs_PC#3102657766927203328 retreat
Jibs_PC#3102657766927203328 endattack
Jibs_PC#3102657766927203328 nomove
CARD 39
Jibs_PC#3102657766927203328 trade 38 5 6
Jibs_PC#3102657766927203328 placearmies 40 7
Jibs_PC#3102657766927203328 placearmies 6 2
Jibs_PC#3102657766927203328 attack 40 39
Jibs_PC#3102657766927203328 roll 3
Jibs_PC#3102657766927203328 roll 2
DICE 3 2 1 1 0 4 4 
Jibs_PC#3102657766927203328 roll 3
Jibs_PC#3102657766927203328 roll 2
DICE 3 2 5 4 0 4 1 
Jibs_PC#3102657766927203328 roll 3
Jibs_PC#3102657766927203328 roll 2
DICE 3 2 5 1 0 0 0 
Jibs_PC#3102657766927203328 move 6
Jibs_PC#3102657766927203328 attack 6 7
Jibs_PC#3102657766927203328 roll 3
Jibs_PC#3102657766927203328 roll 1
DICE 3 1 5 5 0 1 
Jibs_PC#3102657766927203328 move 4
Jibs_PC#3102657766927203328 attack 7 2
Jibs_PC#3102657766927203328 roll 3
Jibs_PC#3102657766927203328 roll 1
DICE 3 1 5 1 1 1 
Jibs_PC#3102657766927203328 attack 39 33
Jibs_PC#3102657766927203328 roll 3
Jibs_PC#3102657766927203328 roll 1
DICE 3 1 2 0 0 1 
Jibs_PC#3102657766927203328 move 5
Jibs_PC#3102657766927203328 attack 38 37
Jibs_PC#3102657766927203328 roll 3
Jibs_PC#3102657766927203328 roll 1
DICE 3 1 3 2 0 2 
Jibs_PC#3102657766927203328 move 4
Jibs_PC#3102657766927203328 attack 33 32
Jibs_PC#3102657766927203328 roll 3
Jibs_PC#3102657766927203328 roll 1
DICE 3 1 4 3 0 4 
Jibs_PC#3102657766927203328 roll 3
Jibs_PC#3102657766927203328 roll 1
DICE 3 1 1 0 0 0 
Jibs_PC#3102657766927203328 endattack
Jibs_PC#3102657766927203328 movearmies 32 33 2
CARD 34
Jibs_PC#3102657766927203328 trade 27 8 24
Jibs_PC#3102657766927203328 placearmies 31 10
Jibs_PC#3102657766927203328 placearmies 31 1
Jibs_PC#3102657766927203328 attack 31 32
Jibs_PC#3102657766927203328 roll 3
Jibs_PC#3102657766927203328 roll 1
DICE 3 1 4 2 0 2 
Jibs_PC#3102657766927203328 move 15
Jibs_PC#3102657766927203328 attack 32 33
Jibs_PC#3102657766927203328 roll 3
Jibs_PC#3102657766927203328 roll 2
DICE 3 2 2 1 1 3 0 
Jibs_PC#3102657766927203328 roll 3
Jibs_PC#3102657766927203328 roll 2
DICE 3 2 5 4 4 4 2 
Jibs_PC#3102657766927203328 move 13
Jibs_PC#3102657766927203328 attack 33 39
Jibs_PC#3102657766927203328 roll 3
Jibs_PC#3102657766927203328 roll 1
DICE 3 1 5 3 0 3 
Jibs_PC#3102657766927203328 move 12
Jibs_PC#3102657766927203328 attack 39 41
Jibs_PC#3102657766927203328 roll 3
Jibs_PC#3102657766927203328 roll 1
DICE 3 1 3 3 1 4 
Jibs_PC#3102657766927203328 roll 3
Jibs_PC#3102657766927203328 roll 1
DICE 3 1 4 3 3 3 
Jibs_PC#3102657766927203328 move 9
Jibs_PC#3102657766927203328 attack 41 42
Jibs_PC#3102657766927203328 roll 3
Jibs_PC#3102657766927203328 roll 1
DICE 3 1 4 1 0 3 
Jibs_PC#3102657766927203328 move 5
Jibs_PC#3102657766927203328 attack 42 40
Jibs_PC#3102657766927203328 roll 3
Jibs_PC#3102657766927203328 roll 1
DICE 3 1 1 0 0 3 
Jibs_PC#3102657766927203328 roll 3
Jibs_PC#3102657766927203328 roll 1
DICE 3 1 5 4 2 0 
Jibs_PC#3102657766927203328 attack 24 21
Jibs_PC#3102657766927203328 roll 2
Jibs_PC#3102657766927203328 roll 1
DICE 2 1 3 3 5 
Jibs_PC#3102657766927203328 retreat
Jibs_PC#3102657766927203328 endattack
Jibs_PC#3102657766927203328 movearmies 39 33 1
CARD 23
Jibs_PC#3102657766927203328 trade 28 41 13
Jibs_PC#3102657766927203328 placearmies 10 1
Jibs_PC#3102657766927203328 placearmies 10 5
Jibs_PC#3102657766927203328 placearmies 10 5
Jibs_PC#3102657766927203328 placearmies 10 2
Jibs_PC#3102657766927203328 attack 10 12
Jibs_PC#3102657766927203328 roll 3
Jibs_PC#3102657766927203328 roll 2
DICE 3 2 5 3 2 5 0 
Jibs_PC#3102657766927203328 roll 3
Jibs_PC#3102657766927203328 roll 2
DICE 3 2 5 5 5 3 0 
Jibs_PC#3102657766927203328 roll 3
Jibs_PC#3102657766927203328 roll 1
DICE 3 1 5 4 4 4 
Jibs_PC#3102657766927203328 move 13
Jibs_PC#3102657766927203328 attack 12 21
Jibs_PC#3102657766927203328 roll 3
Jibs_PC#3102657766927203328 roll 1
DICE 3 1 5 2 0 5 
Jibs_PC#3102657766927203328 roll 3
Jibs_PC#3102657766927203328 roll 1
DICE 3 1 3 2 0 4 
Jibs_PC#3102657766927203328 roll 3
Jibs_PC#3102657766927203328 roll 1
DICE 3 1 4 1 0 0 
Jibs_PC#3102657766927203328 move 10
Jibs_PC#3102657766927203328 attack 21 24
Jibs_PC#3102657766927203328 roll 3
Jibs_PC#3102657766927203328 roll 2
DICE 3 2 4 3 3 2 1 
Jibs_PC#3102657766927203328 move 8
Jibs_PC#3102657766927203328 attack 24 25
Jibs_PC#3102657766927203328 roll 3
Jibs_PC#3102657766927203328 roll 1
DICE 3 1 4 3 1 2 
Jibs_PC#3102657766927203328 move 7
Jibs_PC#3102657766927203328 attack 25 23
Jibs_PC#3102657766927203328 roll 3
Jibs_PC#3102657766927203328 roll 1
DICE 3 1 2 0 0 2 
Jibs_PC#3102657766927203328 roll 3
Jibs_PC#3102657766927203328 roll 1
DICE 3 1 4 3 2 0 
Jibs_PC#3102657766927203328 move 3
Jibs_PC#3102657766927203328 endattack
Jibs_PC#3102657766927203328 movearmies 19 21 1
CARD 42
Jibs_PC#3102657766927203328 placearmies 36 1
Jibs_PC#3102657766927203328 placearmies 36 1
Jibs_PC#3102657766927203328 placearmies 20 1
Jibs_PC#3102657766927203328 attack 36 38
Jibs_PC#3102657766927203328 roll 3
Jibs_PC#3102657766927203328 roll 1
DICE 3 1 3 2 1 5 
Jibs_PC#3102657766927203328 roll 3
Jibs_PC#3102657766927203328 roll 1
DICE 3 1 3 2 2 3 
Jibs_PC#3102657766927203328 roll 2
Jibs_PC#3102657766927203328 roll 1
DICE 2 1 2 2 4 
Jibs_PC#3102657766927203328 retreat
Jibs_PC#3102657766927203328 endattack
Jibs_PC#3102657766927203328 nomove
CARD 
Jibs_PC#3102657766927203328 placearmies 37 2
Jibs_PC#3102657766927203328 placearmies 37 1
Jibs_PC#3102657766927203328 attack 37 36
Jibs_PC#3102657766927203328 roll 3
Jibs_PC#3102657766927203328 roll 2
DICE 3 2 3 3 1 5 4 
Jibs_PC#3102657766927203328 roll 3
Jibs_PC#3102657766927203328 roll 2
DICE 3 2 5 2 0 1 1 
Jibs_PC#3102657766927203328 move 4
Jibs_PC#3102657766927203328 endattack
Jibs_PC#3102657766927203328 movearmies 2 7 2
CARD 35
Jibs_PC#3102657766927203328 placearmies 18 4
Jibs_PC#3102657766927203328 placearmies 9 1
Jibs_PC#3102657766927203328 placearmies 9 1
Jibs_PC#3102657766927203328 attack 18 19
Jibs_PC#3102657766927203328 roll 3
Jibs_PC#3102657766927203328 roll 1
DICE 3 1 3 2 0 2 
Jibs_PC#3102657766927203328 move 4
Jibs_PC#3102657766927203328 attack 19 20
Jibs_PC#3102657766927203328 roll 3
Jibs_PC#3102657766927203328 roll 2
DICE 3 2 3 2 1 5 3 
Jibs_PC#3102657766927203328 retreat
Jibs_PC#3102657766927203328 attack 9 8
Jibs_PC#3102657766927203328 roll 3
Jibs_PC#3102657766927203328 roll 1
DICE 3 1 4 1 0 0 
Jibs_PC#3102657766927203328 move 5
Jibs_PC#3102657766927203328 attack 8 6
Jibs_PC#3102657766927203328 roll 3
Jibs_PC#3102657766927203328 roll 1
DICE 3 1 4 1 0 4 
Jibs_PC#3102657766927203328 roll 3
Jibs_PC#3102657766927203328 roll 1
DICE 3 1 5 3 2 4 
Jibs_PC#3102657766927203328 endattack
Jibs_PC#3102657766927203328 movearmies 41 39 2
CARD 14
Jibs_PC#3102657766927203328 placearmies 21 2
Jibs_PC#3102657766927203328 placearmies 21 3
Jibs_PC#3102657766927203328 attack 21 22
Jibs_PC#3102657766927203328 roll 3
Jibs_PC#3102657766927203328 roll 1
DICE 3 1 5 5 3 0 
Jibs_PC#3102657766927203328 move 6
Jibs_PC#3102657766927203328 attack 22 20
Jibs_PC#3102657766927203328 roll 3
Jibs_PC#3102657766927203328 roll 2
DICE 3 2 3 2 1 4 3 
Jibs_PC#3102657766927203328 roll 3
Jibs_PC#3102657766927203328 roll 2
DICE 3 2 3 2 1 1 0 
Jibs_PC#3102657766927203328 endattack
Jibs_PC#3102657766927203328 movearmies 20 21 2
CARD 21
Jibs_PC#3102657766927203328 placearmies 34 3
Jibs_PC#3102657766927203328 attack 34 38
Jibs_PC#3102657766927203328 roll 3
Jibs_PC#3102657766927203328 roll 1
DICE 3 1 3 1 1 0 
Jibs_PC#3102657766927203328 endattack
Jibs_PC#3102657766927203328 nomove
CARD 3
Jibs_PC#3102657766927203328 trade 1 30 35
Jibs_PC#3102657766927203328 placearmies 7 5
Jibs_PC#3102657766927203328 placearmies 36 1
Jibs_PC#3102657766927203328 placearmies 36 1
Jibs_PC#3102657766927203328 attack 7 9
Jibs_PC#3102657766927203328 roll 3
Jibs_PC#3102657766927203328 roll 1
DICE 3 1 3 3 1 3 
Jibs_PC#3102657766927203328 roll 3
Jibs_PC#3102657766927203328 roll 1
DICE 3 1 4 2 0 2 
Jibs_PC#3102657766927203328 move 6
Jibs_PC#3102657766927203328 attack 9 8
Jibs_PC#3102657766927203328 roll 3
Jibs_PC#3102657766927203328 roll 1
DICE 3 1 4 2 2 2 
Jibs_PC#3102657766927203328 move 5
Jibs_PC#3102657766927203328 attack 8 6
Jibs_PC#3102657766927203328 roll 3
Jibs_PC#3102657766927203328 roll 2
DICE 3 2 4 4 1 3 1 
Jibs_PC#3102657766927203328 roll 3
Jibs_PC#3102657766927203328 roll 1
DICE 3 1 4 3 2 3 
Jibs_PC#3102657766927203328 move 4
Jibs_PC#3102657766927203328 attack 36 35
Jibs_PC#3102657766927203328 roll 3
Jibs_PC#3102657766927203328 roll 1
DICE 3 1 5 4 0 2 
Jibs_PC#3102657766927203328 move 5
Jibs_PC#3102657766927203328 attack 35 34
Jibs_PC#3102657766927203328 roll 3
Jibs_PC#3102657766927203328 roll 1
DICE 3 1 5 2 0 5 
Jibs_PC#3102657766927203328 roll 3
Jibs_PC#3102657766927203328 roll 1
DICE 3 1 5 3 0 1 
Jibs_PC#3102657766927203328 endattack
Jibs_PC#3102657766927203328 nomove
CARD wildcard
Jibs_PC#3102657766927203328 placearmies 19 6
Jibs_PC#3102657766927203328 attack 19 20
Jibs_PC#3102657766927203328 roll 3
Jibs_PC#3102657766927203328 roll 1
DICE 3 1 5 5 1 0 
Jibs_PC#3102657766927203328 move 7
Jibs_PC#3102657766927203328 attack 20 16
Jibs_PC#3102657766927203328 roll 3
Jibs_PC#3102657766927203328 roll 1
DICE 3 1 5 4 2 2 
Jibs_PC#3102657766927203328 move 5
Jibs_PC#3102657766927203328 attack 16 30
Jibs_PC#3102657766927203328 roll 3
Jibs_PC#3102657766927203328 roll 1
DICE 3 1 5 1 0 2 
Jibs_PC#3102657766927203328 move 3
Jibs_PC#3102657766927203328 endattack
Jibs_PC#3102657766927203328 movearmies 30 16 2
CARD 20
Jibs_PC#3102657766927203328 placearmies 21 1
Jibs_PC#3102657766927203328 placearmies 25 4
Jibs_PC#3102657766927203328 attack 21 19
Jibs_PC#3102657766927203328 roll 3
Jibs_PC#3102657766927203328 roll 1
DICE 3 1 3 2 0 0 
Jibs_PC#3102657766927203328 move 3
Jibs_PC#3102657766927203328 attack 25 26
Jibs_PC#3102657766927203328 roll 3
Jibs_PC#3102657766927203328 roll 2
DICE 3 2 5 4 3 2 1 
Jibs_PC#3102657766927203328 roll 3
Jibs_PC#3102657766927203328 roll 1
DICE 3 1 4 1 0 4 
Jibs_PC#3102657766927203328 roll 3
Jibs_PC#3102657766927203328 roll 1
DICE 3 1 5 2 1 0 
Jibs_PC#3102657766927203328 move 3
Jibs_PC#3102657766927203328 endattack
Jibs_PC#3102657766927203328 movearmies 19 21 2
CARD 25
Jibs_PC#3102657766927203328 placearmies 38 1
Jibs_PC#3102657766927203328 placearmies 38 1
Jibs_PC#3102657766927203328 placearmies 28 1
Jibs_PC#3102657766927203328 attack 38 1
Jibs_PC#3102657766927203328 roll 3
Jibs_PC#3102657766927203328 roll 2
DICE 3 2 4 3 1 0 0 
Jibs_PC#3102657766927203328 roll 3
Jibs_PC#3102657766927203328 roll 1
DICE 3 1 5 2 1 1 
Jibs_PC#3102657766927203328 move 4
Jibs_PC#3102657766927203328 endattack
Jibs_PC#3102657766927203328 nomove
CARD 32
Jibs_PC#3102657766927203328 placearmies 5 4
Jibs_PC#3102657766927203328 attack 5 10
Jibs_PC#3102657766927203328 roll 3
Jibs_PC#3102657766927203328 roll 2
DICE 3 2 4 3 2 2 1 
Jibs_PC#3102657766927203328 move 4
Jibs_PC#3102657766927203328 endattack
Jibs_PC#3102657766927203328 nomove
CARD 33
Jibs_PC#3102657766927203328 placearmies 20 3
Jibs_PC#3102657766927203328 placearmies 16 2
Jibs_PC#3102657766927203328 placearmies 16 1
Jibs_PC#3102657766927203328 attack 20 22
Jibs_PC#3102657766927203328 roll 3
Jibs_PC#3102657766927203328 roll 1
DICE 3 1 5 4 2 4 
Jibs_PC#3102657766927203328 move 4
Jibs_PC#3102657766927203328 attack 16 28
Jibs_PC#3102657766927203328 roll 3
Jibs_PC#3102657766927203328 roll 2
DICE 3 2 5 2 2 3 0 
Jibs_PC#3102657766927203328 move 6
Jibs_PC#3102657766927203328 attack 28 29
Jibs_PC#3102657766927203328 roll 3
Jibs_PC#3102657766927203328 roll 1
DICE 3 1 5 2 1 3 
Jibs_PC#3102657766927203328 move 4
Jibs_PC#3102657766927203328 endattack
Jibs_PC#3102657766927203328 movearmies 33 29 1
CARD 12
Jibs_PC#3102657766927203328 placearmies 21 3
Jibs_PC#3102657766927203328 attack 21 22
Jibs_PC#3102657766927203328 roll 3
Jibs_PC#3102657766927203328 roll 2
DICE 3 2 4 0 0 3 3 
Jibs_PC#3102657766927203328 roll 3
Jibs_PC#3102657766927203328 roll 2
DICE 3 2 5 5 3 4 3 
Jibs_PC#3102657766927203328 roll 3
Jibs_PC#3102657766927203328 roll 1
DICE 3 1 5 1 1 5 
Jibs_PC#3102657766927203328 roll 3
Jibs_PC#3102657766927203328 roll 1
DICE 3 1 4 3 0 4 
Jibs_PC#3102657766927203328 roll 3
Jibs_PC#3102657766927203328 roll 1
DICE 3 1 0 0 0 1 
Jibs_PC#3102657766927203328 roll 2
Jibs_PC#3102657766927203328 roll 1
DICE 2 1 3 0 5 
Jibs_PC#3102657766927203328 retreat
Jibs_PC#3102657766927203328 endattack
Jibs_PC#3102657766927203328 movearmies 26 24 2
CARD 
Jibs_PC#3102657766927203328 placearmies 38 3
Jibs_PC#3102657766927203328 attack 1 2
Jibs_PC#3102657766927203328 roll 3
Jibs_PC#3102657766927203328 roll 1
DICE 3 1 4 4 1 4 
Jibs_PC#3102657766927203328 roll 2
Jibs_PC#3102657766927203328 roll 1
DICE 2 1 4 0 4 
Jibs_PC#3102657766927203328 retreat
Jibs_PC#3102657766927203328 attack 38 35
Jibs_PC#3102657766927203328 roll 3
Jibs_PC#3102657766927203328 roll 1
DICE 3 1 5 4 0 4 
Jibs_PC#3102657766927203328 endattack
Jibs_PC#3102657766927203328 nomove
CARD 40
Jibs_PC#3102657766927203328 trade 34 wildcard 33
Jibs_PC#3102657766927203328 placearmies 34 4
Jibs_PC#3102657766927203328 placearmies 6 10
Jibs_PC#3102657766927203328 attack 34 38
Jibs_PC#3102657766927203328 roll 3
Jibs_PC#3102657766927203328 roll 1
DICE 3 1 5 3 1 2 
Jibs_PC#3102657766927203328 move 8
Jibs_PC#3102657766927203328 attack 6 14
Jibs_PC#3102657766927203328 roll 3
Jibs_PC#3102657766927203328 roll 1
DICE 3 1 5 1 0 2 
Jibs_PC#3102657766927203328 move 13
Jibs_PC#3102657766927203328 attack 14 17
Jibs_PC#3102657766927203328 roll 3
Jibs_PC#3102657766927203328 roll 1
DICE 3 1 5 3 1 4 
Jibs_PC#3102657766927203328 move 12
Jibs_PC#3102657766927203328 attack 17 19
Jibs_PC#3102657766927203328 roll 3
Jibs_PC#3102657766927203328 roll 1
DICE 3 1 5 1 0 0 
Jibs_PC#3102657766927203328 move 11
Jibs_PC#3102657766927203328 attack 38 1
Jibs_PC#3102657766927203328 roll 3
Jibs_PC#3102657766927203328 roll 2
DICE 3 2 4 2 2 2 1 
Jibs_PC#3102657766927203328 move 3
Jibs_PC#3102657766927203328 attack 19 20
Jibs_PC#3102657766927203328 roll 3
Jibs_PC#3102657766927203328 roll 1
DICE 3 1 5 3 0 0 
Jibs_PC#3102657766927203328 move 10
Jibs_PC#3102657766927203328 attack 38 35
Jibs_PC#3102657766927203328 roll 3
Jibs_PC#3102657766927203328 roll 2
DICE 3 2 5 4 0 4 2 
Jibs_PC#3102657766927203328 roll 3
Jibs_PC#3102657766927203328 roll 1
DICE 3 1 4 3 1 3 
Jibs_PC#3102657766927203328 move 4
Jibs_PC#3102657766927203328 attack 35 27
Jibs_PC#3102657766927203328 roll 3
Jibs_PC#3102657766927203328 roll 1
DICE 3 1 3 3 2 2 
Jibs_PC#3102657766927203328 attack 20 18
Jibs_PC#3102657766927203328 roll 3
Jibs_PC#3102657766927203328 roll 1
DICE 3 1 5 3 0 0 
Jibs_PC#3102657766927203328 move 9
Jibs_PC#3102657766927203328 attack 18 16
Jibs_PC#3102657766927203328 roll 3
Jibs_PC#3102657766927203328 roll 1
DICE 3 1 2 1 0 5 
Jibs_PC#3102657766927203328 roll 3
Jibs_PC#3102657766927203328 roll 1
DICE 3 1 4 3 1 5 
Jibs_PC#3102657766927203328 roll 3
Jibs_PC#3102657766927203328 roll 1
DICE 3 1 3 1 0 4 
Jibs_PC#3102657766927203328 roll 3
Jibs_PC#3102657766927203328 roll 1
DICE 3 1 4 3 2 3 
Jibs_PC#3102657766927203328 move 5
Jibs_PC#3102657766927203328 attack 16 15
Jibs_PC#3102657766927203328 roll 3
Jibs_PC#3102657766927203328 roll 1
DICE 3 1 4 3 2 5 
Jibs_PC#3102657766927203328 roll 3
Jibs_PC#3102657766927203328 roll 1
DICE 3 1 2 1 0 4 
Jibs_PC#3102657766927203328 roll 2
Jibs_PC#3102657766927203328 roll 1
DICE 2 1 4 2 3 
Jibs_PC#3102657766927203328 endattack
Jibs_PC#3102657766927203328 movearmies 15 16 1
CARD 19
Jibs_PC#3102657766927203328 trade 23 14 12
Jibs_PC#3102657766927203328 placearmies 29 9
Jibs_PC#3102657766927203328 placearmies 28 4
Jibs_PC#3102657766927203328 placearmies 29 2
Jibs_PC#3102657766927203328 attack 29 36
Jibs_PC#3102657766927203328 roll 3
Jibs_PC#3102657766927203328 roll 1
DICE 3 1 3 2 0 1 
Jibs_PC#3102657766927203328 move 14
Jibs_PC#3102657766927203328 attack 36 38
Jibs_PC#3102657766927203328 roll 3
Jibs_PC#3102657766927203328 roll 1
DICE 3 1 3 3 2 1 
Jibs_PC#3102657766927203328 move 13
Jibs_PC#3102657766927203328 attack 38 1
Jibs_PC#3102657766927203328 roll 3
Jibs_PC#3102657766927203328 roll 2
DICE 3 2 5 3 0 5 3 
Jibs_PC#3102657766927203328 roll 3
Jibs_PC#3102657766927203328 roll 2
DICE 3 2 5 2 0 2 2 
Jibs_PC#3102657766927203328 roll 3
Jibs_PC#3102657766927203328 roll 2
DICE 3 2 3 1 0 5 0 
Jibs_PC#3102657766927203328 roll 3
Jibs_PC#3102657766927203328 roll 1
DICE 3 1 5 3 3 3 
Jibs_PC#3102657766927203328 move 8
Jibs_PC#3102657766927203328 attack 28 16
Jibs_PC#3102657766927203328 roll 3
Jibs_PC#3102657766927203328 roll 2
DICE 3 2 5 3 0 2 0 
Jibs_PC#3102657766927203328 move 4
Jibs_PC#3102657766927203328 attack 1 3
Jibs_PC#3102657766927203328 roll 3
Jibs_PC#3102657766927203328 roll 1
DICE 3 1 3 3 0 1 
Jibs_PC#3102657766927203328 move 7
Jibs_PC#3102657766927203328 attack 3 7
Jibs_PC#3102657766927203328 roll 3
Jibs_PC#3102657766927203328 roll 1
DICE 3 1 5 5 3 5 
Jibs_PC#3102657766927203328 roll 3
Jibs_PC#3102657766927203328 roll 1
DICE 3 1 4 3 0 0 
Jibs_PC#3102657766927203328 move 5
Jibs_PC#3102657766927203328 attack 7 9
Jibs_PC#3102657766927203328 roll 3
Jibs_PC#3102657766927203328 roll 1
DICE 3 1 3 3 0 3 
Jibs_PC#3102657766927203328 roll 3
Jibs_PC#3102657766927203328 roll 1
DICE 3 1 5 5 3 1 
Jibs_PC#3102657766927203328 endattack
Jibs_PC#3102657766927203328 movearmies 40 42 1
CARD wildcard
Jibs_PC#3102657766927203328 placearmies 24 1
Jibs_PC#3102657766927203328 placearmies 24 1
Jibs_PC#3102657766927203328 placearmies 12 1
Jibs_PC#3102657766927203328 attack 24 22
Jibs_PC#3102657766927203328 roll 3
Jibs_PC#3102657766927203328 roll 1
DICE 3 1 2 2 0 2 
Jibs_PC#3102657766927203328 roll 3
Jibs_PC#3102657766927203328 roll 1
DICE 3 1 5 5 0 1 
Jibs_PC#3102657766927203328 endattack
Jibs_PC#3102657766927203328 movearmies 12 21 1
CARD 37
Jibs_PC#3102657766927203328 trade 18 39 40
Jibs_PC#3102657766927203328 trade 3 32 19
Jibs_PC#3102657766927203328 placearmies 4 10
Jibs_PC#3102657766927203328 placearmies 4 5
Jibs_PC#3102657766927203328 attack 4 7
Jibs_PC#3102657766927203328 roll 3
Jibs_PC#3102657766927203328 roll 1
DICE 3 1 4 2 0 2 
Jibs_PC#3102657766927203328 move 15
Jibs_PC#3102657766927203328 attack 7 3
Jibs_PC#3102657766927203328 roll 3
Jibs_PC#3102657766927203328 roll 1
DICE 3 1 3 3 2 1 
Jibs_PC#3102657766927203328 move 14
Jibs_PC#3102657766927203328 attack 3 1
Jibs_PC#3102657766927203328 roll 3
Jibs_PC#3102657766927203328 roll 1
DICE 3 1 3 3 0 4 
Jibs_PC#3102657766927203328 roll 3
Jibs_PC#3102657766927203328 roll 1
DICE 3 1 3 2 1 4 
Jibs_PC#3102657766927203328 roll 3
Jibs_PC#3102657766927203328 roll 1
DICE 3 1 5 4 4 4 
Jibs_PC#3102657766927203328 move 11
Jibs_PC#3102657766927203328 attack 1 38
Jibs_PC#3102657766927203328 roll 3
Jibs_PC#3102657766927203328 roll 1
DICE 3 1 5 4 2 5 
Jibs_PC#3102657766927203328 roll 3
Jibs_PC#3102657766927203328 roll 1
DICE 3 1 4 3 0 2 
Jibs_PC#3102657766927203328 move 9
Jibs_PC#3102657766927203328 attack 38 36
Jibs_PC#3102657766927203328 roll 3
Jibs_PC#3102657766927203328 roll 1
DICE 3 1 4 3 2 5 
Jibs_PC#3102657766927203328 roll 3
Jibs_PC#3102657766927203328 roll 1
DICE 3 1 5 4 1 4 
Jibs_PC#3102657766927203328 move 7
Jibs_PC#3102657766927203328 attack 36 29
Jibs_PC#3102657766927203328 roll 3
Jibs_PC#3102657766927203328 roll 2
DICE 3 2 5 4 1 1 0 
Jibs_PC#3102657766927203328 move 6
Jibs_PC#3102657766927203328 attack 29 33
Jibs_PC#3102657766927203328 roll 3
Jibs_PC#3102657766927203328 roll 1
DICE 3 1 3 2 1 3 
Jibs_PC#3102657766927203328 roll 3
Jibs_PC#3102657766927203328 roll 1
DICE 3 1 4 3 0 1 
Jibs_PC#3102657766927203328 move 4
Jibs_PC#3102657766927203328 attack 33 32
Jibs_PC#3102657766927203328 roll 3
Jibs_PC#3102657766927203328 roll 1
DICE 3 1 5 2 1 3 
Jibs_PC#3102657766927203328 attack 32 31
Jibs_PC#3102657766927203328 roll 2
Jibs_PC#3102657766927203328 roll 1
DICE 2 1 5 3 5 
Jibs_PC#3102657766927203328 retreat
Jibs_PC#3102657766927203328 endattack
Jibs_PC#3102657766927203328 nomove
CARD 31
Jibs_PC#3102657766927203328 placearmies 39 5
Jibs_PC#3102657766927203328 attack 39 33
Jibs_PC#3102657766927203328 roll 3
Jibs_PC#3102657766927203328 roll 1
DICE 3 1 5 3 2 5 
Jibs_PC#3102657766927203328 roll 3
Jibs_PC#3102657766927203328 roll 1
DICE 3 1 1 0 0 2 
Jibs_PC#3102657766927203328 roll 3
Jibs_PC#3102657766927203328 roll 1
DICE 3 1 5 3 3 1 
Jibs_PC#3102657766927203328 move 5
Jibs_PC#3102657766927203328 attack 33 29
Jibs_PC#3102657766927203328 roll 3
Jibs_PC#3102657766927203328 roll 1
DICE 3 1 3 2 1 3 
Jibs_PC#3102657766927203328 roll 3
Jibs_PC#3102657766927203328 roll 1
DICE 3 1 3 2 0 4 
Jibs_PC#3102657766927203328 roll 2
Jibs_PC#3102657766927203328 roll 1
DICE 2 1 3 2 2 
Jibs_PC#3102657766927203328 endattack
Jibs_PC#3102657766927203328 movearmies 16 28 3
CARD 34
Jibs_PC#3102657766927203328 trade 42 21 37
Jibs_PC#3102657766927203328 placearmies 11 8
Jibs_PC#3102657766927203328 placearmies 21 2
Jibs_PC#3102657766927203328 attack 11 10
Jibs_PC#3102657766927203328 roll 3
Jibs_PC#3102657766927203328 roll 2
DICE 3 2 2 2 0 5 2 
Jibs_PC#3102657766927203328 roll 3
Jibs_PC#3102657766927203328 roll 2
DICE 3 2 4 3 2 3 0 
Jibs_PC#3102657766927203328 roll 3
Jibs_PC#3102657766927203328 roll 2
DICE 3 2 3 3 1 4 0 
Jibs_PC#3102657766927203328 roll 3
Jibs_PC#3102657766927203328 roll 1
DICE 3 1 4 2 0 0 
Jibs_PC#3102657766927203328 move 5
Jibs_PC#3102657766927203328 attack 21 20
Jibs_PC#3102657766927203328 roll 3
Jibs_PC#3102657766927203328 roll 1
DICE 3 1 5 4 4 5 
Jibs_PC#3102657766927203328 roll 3
Jibs_PC#3102657766927203328 roll 1
DICE 3 1 4 0 0 1 
Jibs_PC#3102657766927203328 move 4
Jibs_PC#3102657766927203328 attack 10 5
Jibs_PC#3102657766927203328 roll 3
Jibs_PC#3102657766927203328 roll 1
DICE 3 1 5 4 3 4 
Jibs_PC#3102657766927203328 move 4
Jibs_PC#3102657766927203328 endattack
Jibs_PC#3102657766927203328 movearmies 20 21 3
CARD 30
Jibs_PC#3102657766927203328 placearmies 4 6
Jibs_PC#3102657766927203328 attack 4 9
Jibs_PC#3102657766927203328 roll 3
Jibs_PC#3102657766927203328 roll 2
DICE 3 2 3 1 1 2 0 
Jibs_PC#3102657766927203328 roll 3
Jibs_PC#3102657766927203328 roll 1
DICE 3 1 5 4 2 4 
Jibs_PC#3102657766927203328 move 6
Jibs_PC#3102657766927203328 attack 9 5
Jibs_PC#3102657766927203328 roll 3
Jibs_PC#3102657766927203328 roll 2
DICE 3 2 5 5 0 5 3 
Jibs_PC#3102657766927203328 roll 3
Jibs_PC#3102657766927203328 roll 2
DICE 3 2 4 4 1 2 0 
Jibs_PC#3102657766927203328 roll 3
Jibs_PC#3102657766927203328 roll 1
DICE 3 1 5 4 2 3 
Jibs_PC#3102657766927203328 move 4
Jibs_PC#3102657766927203328 attack 5 10
Jibs_PC#3102657766927203328 roll 3
Jibs_PC#3102657766927203328 roll 1
DICE 3 1 3 3 1 1 
Jibs_PC#3102657766927203328 attack 19 20
Jibs_PC#3102657766927203328 roll 2
Jibs_PC#3102657766927203328 roll 1
DICE 2 1 3 0 3 
Jibs_PC#3102657766927203328 retreat
Jibs_PC#3102657766927203328 attack 18 20
Jibs_PC#3102657766927203328 roll 2
Jibs_PC#3102657766927203328 roll 1
DICE 2 1 3 2 3 
Jibs_PC#3102657766927203328 retreat
Jibs_PC#3102657766927203328 endattack
Jibs_PC#3102657766927203328 nomove
CARD 5
Jibs_PC#3102657766927203328 trade 20 wildcard 34
Jibs_PC#3102657766927203328 placearmies 29 9
Jibs_PC#3102657766927203328 placearmies 29 2
Jibs_PC#3102657766927203328 attack 29 36
Jibs_PC#3102657766927203328 roll 3
Jibs_PC#3102657766927203328 roll 1
DICE 3 1 3 3 2 2 
Jibs_PC#3102657766927203328 move 12
Jibs_PC#3102657766927203328 attack 36 38
Jibs_PC#3102657766927203328 roll 3
Jibs_PC#3102657766927203328 roll 1
DICE 3 1 5 4 1 5 
Jibs_PC#3102657766927203328 roll 3
Jibs_PC#3102657766927203328 roll 1
DICE 3 1 5 5 0 1 
Jibs_PC#3102657766927203328 move 10
Jibs_PC#3102657766927203328 attack 38 1
Jibs_PC#3102657766927203328 roll 3
Jibs_PC#3102657766927203328 roll 1
DICE 3 1 1 1 0 1 
Jibs_PC#3102657766927203328 roll 3
Jibs_PC#3102657766927203328 roll 1
DICE 3 1 4 3 2 4 
Jibs_PC#3102657766927203328 roll 3
Jibs_PC#3102657766927203328 roll 1
DICE 3 1 3 0 0 0 
Jibs_PC#3102657766927203328 move 7
Jibs_PC#3102657766927203328 attack 28 27
Jibs_PC#3102657766927203328 roll 3
Jibs_PC#3102657766927203328 roll 2
DICE 3 2 4 3 2 3 0 
Jibs_PC#3102657766927203328 roll 3
Jibs_PC#3102657766927203328 roll 1
DICE 3 1 1 1 1 5 
Jibs_PC#3102657766927203328 roll 3
Jibs_PC#3102657766927203328 roll 1
DICE 3 1 2 0 0 2 
Jibs_PC#3102657766927203328 roll 2
Jibs_PC#3102657766927203328 roll 1
DICE 2 1 5 5 5 
Jibs_PC#3102657766927203328 retreat
Jibs_PC#3102657766927203328 attack 1 3
Jibs_PC#3102657766927203328 roll 3
Jibs_PC#3102657766927203328 roll 1
DICE 3 1 5 2 1 2 
Jibs_PC#3102657766927203328 move 6
Jibs_PC#3102657766927203328 attack 3 7
Jibs_PC#3102657766927203328 roll 3
Jibs_PC#3102657766927203328 roll 1
DICE 3 1 5 5 4 3 
Jibs_PC#3102657766927203328 move 5
Jibs_PC#3102657766927203328 attack 7 9
Jibs_PC#3102657766927203328 roll 3
Jibs_PC#3102657766927203328 roll 1
DICE 3 1 5 3 3 5 
Jibs_PC#3102657766927203328 roll 3
Jibs_PC#3102657766927203328 roll 1
DICE 3 1 3 2 0 4 
Jibs_PC#3102657766927203328 retreat
Jibs_PC#3102657766927203328 endattack
Jibs_PC#3102657766927203328 nomove
CARD 27
Jibs_PC#3102657766927203328 placearmies 11 6
Jibs_PC#3102657766927203328 attack 11 10
Jibs_PC#3102657766927203328 roll 3
Jibs_PC#3102657766927203328 roll 2
DICE 3 2 4 3 3 4 3 
Jibs_PC#3102657766927203328 roll 3
Jibs_PC#3102657766927203328 roll 2
DICE 3 2 4 4 0 5 3 
Jibs_PC#3102657766927203328 roll 3
Jibs_PC#3102657766927203328 roll 2
DICE 3 2 5 4 2 2 0 
Jibs_PC#3102657766927203328 attack 21 19
Jibs_PC#3102657766927203328 roll 3
Jibs_PC#3102657766927203328 roll 2
DICE 3 2 5 4 1 1 0 
Jibs_PC#3102657766927203328 move 4
Jibs_PC#3102657766927203328 endattack
Jibs_PC#3102657766927203328 movearmies 23 21 1
CARD 15
Jibs_PC#3102657766927203328 placearmies 18 5
Jibs_PC#3102657766927203328 attack 18 20
Jibs_PC#3102657766927203328 roll 3
Jibs_PC#3102657766927203328 roll 1
DICE 3 1 5 2 0 1 
Jibs_PC#3102657766927203328 move 6
Jibs_PC#3102657766927203328 attack 20 21
Jibs_PC#3102657766927203328 roll 3
Jibs_PC#3102657766927203328 roll 2
DICE 3 2 2 0 0 2 0 
Jibs_PC#3102657766927203328 roll 3
Jibs_PC#3102657766927203328 roll 2
DICE 3 2 4 3 0 4 1 
Jibs_PC#3102657766927203328 roll 2
Jibs_PC#3102657766927203328 roll 1
DICE 2 1 3 3 0 
Jibs_PC#3102657766927203328 endattack
Jibs_PC#3102657766927203328 nomove
CARD 23
Jibs_PC#3102657766927203328 placearmies 7 7
Jibs_PC#3102657766927203328 attack 7 9
Jibs_PC#3102657766927203328 roll 3
Jibs_PC#3102657766927203328 roll 1
DICE 3 1 5 4 2 1 
Jibs_PC#3102657766927203328 move 9
Jibs_PC#3102657766927203328 attack 9 5
Jibs_PC#3102657766927203328 roll 3
Jibs_PC#3102657766927203328 roll 1
DICE 3 1 2 2 0 1 
Jibs_PC#3102657766927203328 move 8
Jibs_PC#3102657766927203328 attack 5 10
Jibs_PC#3102657766927203328 roll 3
Jibs_PC#3102657766927203328 roll 2
DICE 3 2 5 2 0 5 3 
Jibs_PC#3102657766927203328 roll 3
Jibs_PC#3102657766927203328 roll 2
DICE 3 2 4 3 3 3 1 
Jibs_PC#3102657766927203328 roll 3
Jibs_PC#3102657766927203328 roll 1
DICE 3 1 5 1 0 2 
Jibs_PC#3102657766927203328 move 5
Jibs_PC#3102657766927203328 attack 10 12
Jibs_PC#3102657766927203328 roll 3
Jibs_PC#3102657766927203328 roll 1
DICE 3 1 3 2 0 5 
Jibs_PC#3102657766927203328 roll 3
Jibs_PC#3102657766927203328 roll 1
DICE 3 1 3 3 1 3 
Jibs_PC#3102657766927203328 retreat
Jibs_PC#3102657766927203328 endattack
Jibs_PC#3102657766927203328 nomove
CARD 16
Jibs_PC#3102657766927203328 placearmies 19 2
Jibs_PC#3102657766927203328 placearmies 19 1
Jibs_PC#3102657766927203328 attack 19 21
Jibs_PC#3102657766927203328 roll 3
Jibs_PC#3102657766927203328 roll 2
DICE 3 2 4 4 1 5 1 
Jibs_PC#3102657766927203328 roll 3
Jibs_PC#3102657766927203328 roll 1
DICE 3 1 5 4 1 4 
Jibs_PC#3102657766927203328 move 5
Jibs_PC#3102657766927203328 attack 21 20
Jibs_PC#3102657766927203328 roll 3
Jibs_PC#3102657766927203328 roll 1
DICE 3 1 2 1 1 1 
Jibs_PC#3102657766927203328 move 4
Jibs_PC#3102657766927203328 endattack
Jibs_PC#3102657766927203328 movearmies 13 12 2
CARD 6
Jibs_PC#3102657766927203328 placearmies 4 4
Jibs_PC#3102657766927203328 attack 4 9
Jibs_PC#3102657766927203328 roll 3
Jibs_PC#3102657766927203328 roll 1
DICE 3 1 4 4 1 5 
Jibs_PC#3102657766927203328 roll 3
Jibs_PC#3102657766927203328 roll 1
DICE 3 1 4 3 1 5 
Jibs_PC#3102657766927203328 roll 2
Jibs_PC#3102657766927203328 roll 1
DICE 2 1 5 4 3 
Jibs_PC#3102657766927203328 endattack
Jibs_PC#3102657766927203328 nomove
CARD 7
Jibs_PC#3102657766927203328 placearmies 10 7
Jibs_PC#3102657766927203328 attack 10 12
Jibs_PC#3102657766927203328 roll 3
Jibs_PC#3102657766927203328 roll 2
DICE 3 2 5 4 0 3 2 
Jibs_PC#3102657766927203328 roll 3
Jibs_PC#3102657766927203328 roll 1
DICE 3 1 5 4 1 4 
Jibs_PC#3102657766927203328 move 9
Jibs_PC#3102657766927203328 attack 12 21
Jibs_PC#3102657766927203328 roll 3
Jibs_PC#3102657766927203328 roll 1
DICE 3 1 3 2 0 3 
Jibs_PC#3102657766927203328 roll 3
Jibs_PC#3102657766927203328 roll 1
DICE 3 1 3 2 0 5 
Jibs_PC#3102657766927203328 roll 3
Jibs_PC#3102657766927203328 roll 1
DICE 3 1 5 5 1 0 
Jibs_PC#3102657766927203328 move 6
Jibs_PC#3102657766927203328 attack 21 24
Jibs_PC#3102657766927203328 roll 3
Jibs_PC#3102657766927203328 roll 1
DICE 3 1 5 3 0 0 
Jibs_PC#3102657766927203328 move 5
Jibs_PC#3102657766927203328 attack 24 26
Jibs_PC#3102657766927203328 roll 3
Jibs_PC#3102657766927203328 roll 1
DICE 3 1 5 4 3 0 
Jibs_PC#3102657766927203328 move 4
Jibs_PC#3102657766927203328 endattack
Jibs_PC#3102657766927203328 nomove
CARD 33
Jibs_PC#3102657766927203328 trade 25 30 6
Jibs_PC#3102657766927203328 placearmies 20 12
Jibs_PC#3102657766927203328 placearmies 20 1
Jibs_PC#3102657766927203328 attack 20 31
Jibs_PC#3102657766927203328 roll 3
Jibs_PC#3102657766927203328 roll 1
DICE 3 1 3 3 3 2 
Jibs_PC#3102657766927203328 move 16
Jibs_PC#3102657766927203328 attack 31 32
Jibs_PC#3102657766927203328 roll 3
Jibs_PC#3102657766927203328 roll 2
DICE 3 2 5 2 1 2 1 
Jibs_PC#3102657766927203328 move 15
Jibs_PC#3102657766927203328 attack 32 33
Jibs_PC#3102657766927203328 roll 3
Jibs_PC#3102657766927203328 roll 1
DICE 3 1 5 3 0 1 
Jibs_PC#3102657766927203328 move 14
Jibs_PC#3102657766927203328 attack 33 39
Jibs_PC#3102657766927203328 roll 3
Jibs_PC#3102657766927203328 roll 1
DICE 3 1 3 3 1 3 
Jibs_PC#3102657766927203328 roll 3
Jibs_PC#3102657766927203328 roll 1
DICE 3 1 4 2 0 4 
Jibs_PC#3102657766927203328 roll 3
Jibs_PC#3102657766927203328 roll 1
DICE 3 1 5 4 3 3 
Jibs_PC#3102657766927203328 move 11
Jibs_PC#3102657766927203328 attack 39 41
Jibs_PC#3102657766927203328 roll 3
Jibs_PC#3102657766927203328 roll 2
DICE 3 2 5 5 4 1 0 
Jibs_PC#3102657766927203328 move 10
Jibs_PC#3102657766927203328 attack 41 42
Jibs_PC#3102657766927203328 roll 3
Jibs_PC#3102657766927203328 roll 2
DICE 3 2 4 3 3 0 0 
Jibs_PC#3102657766927203328 move 6
Jibs_PC#3102657766927203328 attack 42 40
Jibs_PC#3102657766927203328 roll 3
Jibs_PC#3102657766927203328 roll 2
DICE 3 2 4 4 0 4 3 
Jibs_PC#3102657766927203328 roll 3
Jibs_PC#3102657766927203328 roll 1
DICE 3 1 4 0 0 3 
Jibs_PC#3102657766927203328 move 3
Jibs_PC#3102657766927203328 attack 22 21
Jibs_PC#3102657766927203328 roll 2
Jibs_PC#3102657766927203328 roll 1
DICE 2 1 1 1 1 
Jibs_PC#3102657766927203328 retreat
Jibs_PC#3102657766927203328 attack 25 24
Jibs_PC#3102657766927203328 roll 3
Jibs_PC#3102657766927203328 roll 1
DICE 3 1 5 5 1 4 
Jibs_PC#3102657766927203328 move 4
Jibs_PC#3102657766927203328 attack 24 21
Jibs_PC#3102657766927203328 roll 3
Jibs_PC#3102657766927203328 roll 1
DICE 3 1 2 1 0 2 
Jibs_PC#3102657766927203328 roll 2
Jibs_PC#3102657766927203328 roll 1
DICE 2 1 3 3 3 
Jibs_PC#3102657766927203328 retreat
Jibs_PC#3102657766927203328 endattack
Jibs_PC#3102657766927203328 movearmies 41 39 2
CARD 41
Jibs_PC#3102657766927203328 trade 5 23 7
Jibs_PC#3102657766927203328 placearmies 18 7
Jibs_PC#3102657766927203328 placearmies 9 3
Jibs_PC#3102657766927203328 attack 9 7
Jibs_PC#3102657766927203328 roll 3
Jibs_PC#3102657766927203328 roll 1
DICE 3 1 5 4 2 4 
Jibs_PC#3102657766927203328 move 4
Jibs_PC#3102657766927203328 attack 7 3
Jibs_PC#3102657766927203328 roll 3
Jibs_PC#3102657766927203328 roll 1
DICE 3 1 5 1 0 4 
Jibs_PC#3102657766927203328 attack 3 1
Jibs_PC#3102657766927203328 roll 2
Jibs_PC#3102657766927203328 roll 1
DICE 2 1 3 3 1 
Jibs_PC#3102657766927203328 attack 18 20
Jibs_PC#3102657766927203328 roll 3
Jibs_PC#3102657766927203328 roll 1
DICE 3 1 5 3 3 4 
Jibs_PC#3102657766927203328 move 7
Jibs_PC#3102657766927203328 attack 20 19
Jibs_PC#3102657766927203328 roll 3
Jibs_PC#3102657766927203328 roll 1
DICE 3 1 2 2 1 0 
Jibs_PC#3102657766927203328 move 6
Jibs_PC#3102657766927203328 attack 19 21
Jibs_PC#3102657766927203328 roll 3
Jibs_PC#3102657766927203328 roll 1
DICE 3 1 4 4 0 3 
Jibs_PC#3102657766927203328 move 5
Jibs_PC#3102657766927203328 attack 21 12
Jibs_PC#3102657766927203328 roll 3
Jibs_PC#3102657766927203328 roll 1
DICE 3 1 1 0 0 3 
Jibs_PC#3102657766927203328 roll 3
Jibs_PC#3102657766927203328 roll 1
DICE 3 1 2 2 0 4 
Jibs_PC#3102657766927203328 retreat
Jibs_PC#3102657766927203328 endattack
Jibs_PC#3102657766927203328 nomove
CARD 2
Jibs_PC#3102657766927203328 trade 27 16 33
Jibs_PC#3102657766927203328 placearmies 12 7
Jibs_PC#3102657766927203328 placearmies 12 3
Jibs_PC#3102657766927203328 placearmies 16 1
Jibs_PC#3102657766927203328 attack 12 13
Jibs_PC#3102657766927203328 roll 3
Jibs_PC#3102657766927203328 roll 1
DICE 3 1 5 4 3 3 
Jibs_PC#3102657766927203328 move 5
Jibs_PC#3102657766927203328 attack 12 11
Jibs_PC#3102657766927203328 roll 3
Jibs_PC#3102657766927203328 roll 1
DICE 3 1 1 1 0 3 
Jibs_PC#3102657766927203328 roll 3
Jibs_PC#3102657766927203328 roll 1
DICE 3 1 4 1 1 3 
Jibs_PC#3102657766927203328 move 3
Jibs_PC#3102657766927203328 endattack
Jibs_PC#3102657766927203328 movearmies 13 12 4
CARD 36
Jibs_PC#3102657766927203328 placearmies 23 5
Jibs_PC#3102657766927203328 attack 23 21
Jibs_PC#3102657766927203328 roll 3
Jibs_PC#3102657766927203328 roll 2
DICE 3 2 5 3 1 5 2 
Jibs_PC#3102657766927203328 roll 3
Jibs_PC#3102657766927203328 roll 2
DICE 3 2 5 2 0 4 3 
Jibs_PC#3102657766927203328 roll 3
Jibs_PC#3102657766927203328 roll 1
DICE 3 1 4 3 0 4 
Jibs_PC#3102657766927203328 roll 3
Jibs_PC#3102657766927203328 roll 1
DICE 3 1 3 2 2 4 
Jibs_PC#3102657766927203328 roll 2
Jibs_PC#3102657766927203328 roll 1
DICE 2 1 3 2 3 
Jibs_PC#3102657766927203328 retreat
Jibs_PC#3102657766927203328 endattack
Jibs_PC#3102657766927203328 movearmies 39 33 2
CARD 
Jibs_PC#3102657766927203328 placearmies 9 6
Jibs_PC#3102657766927203328 attack 9 5
Jibs_PC#3102657766927203328 roll 3
Jibs_PC#3102657766927203328 roll 1
DICE 3 1 2 2 0 5 
Jibs_PC#3102657766927203328 roll 3
Jibs_PC#3102657766927203328 roll 1
DICE 3 1 4 4 1 1 
Jibs_PC#3102657766927203328 move 5
Jibs_PC#3102657766927203328 attack 5 10
Jibs_PC#3102657766927203328 roll 3
Jibs_PC#3102657766927203328 roll 1
DICE 3 1 4 4 2 4 
Jibs_PC#3102657766927203328 roll 3
Jibs_PC#3102657766927203328 roll 1
DICE 3 1 5 1 0 2 
Jibs_PC#3102657766927203328 endattack
Jibs_PC#3102657766927203328 nomove
CARD 28
Jibs_PC#3102657766927203328 placearmies 12 1
Jibs_PC#3102657766927203328 placearmies 12 1
Jibs_PC#3102657766927203328 placearmies 12 1
Jibs_PC#3102657766927203328 attack 12 10
Jibs_PC#3102657766927203328 roll 3
Jibs_PC#3102657766927203328 roll 2
DICE 3 2 5 1 0 4 2 
Jibs_PC#3102657766927203328 roll 3
Jibs_PC#3102657766927203328 roll 2
DICE 3 2 5 4 1 4 1 
Jibs_PC#3102657766927203328 move 6
Jibs_PC#3102657766927203328 attack 10 5
Jibs_PC#3102657766927203328 roll 3
Jibs_PC#3102657766927203328 roll 1
DICE 3 1 4 2 0 1 
Jibs_PC#3102657766927203328 move 5
Jibs_PC#3102657766927203328 attack 5 9
Jibs_PC#3102657766927203328 roll 3
Jibs_PC#3102657766927203328 roll 1
DICE 3 1 4 2 1 4 
Jibs_PC#3102657766927203328 roll 3
Jibs_PC#3102657766927203328 roll 1
DICE 3 1 2 2 0 2 
Jibs_PC#3102657766927203328 retreat
Jibs_PC#3102657766927203328 endattack
Jibs_PC#3102657766927203328 movearmies 11 12 2
CARD 4
Jibs_PC#3102657766927203328 placearmies 23 3
Jibs_PC#3102657766927203328 placearmies 33 2
Jibs_PC#3102657766927203328 attack 23 21
Jibs_PC#3102657766927203328 roll 3
Jibs_PC#3102657766927203328 roll 1
DICE 3 1 5 1 1 1 
Jibs_PC#3102657766927203328 move 4
Jibs_PC#3102657766927203328 attack 33 29
Jibs_PC#3102657766927203328 roll 3
Jibs_PC#3102657766927203328 roll 1
DICE 3 1 5 5 2 2 
Jibs_PC#3102657766927203328 move 4
Jibs_PC#3102657766927203328 endattack
Jibs_PC#3102657766927203328 movearmies 40 39 1
CARD 26
Jibs_PC#3102657766927203328 placearmies 4 6
Jibs_PC#3102657766927203328 attack 4 5
Jibs_PC#3102657766927203328 roll 3
Jibs_PC#3102657766927203328 roll 2
DICE 3 2 5 2 1 5 3 
Jibs_PC#3102657766927203328 roll 3
Jibs_PC#3102657766927203328 roll 2
DICE 3 2 4 1 1 2 1 
Jibs_PC#3102657766927203328 roll 3
Jibs_PC#3102657766927203328 roll 2
DICE 3 2 3 1 1 2 0 
Jibs_PC#3102657766927203328 attack 5 10
Jibs_PC#3102657766927203328 roll 2
Jibs_PC#3102657766927203328 roll 1
DICE 2 1 3 2 5 
Jibs_PC#3102657766927203328 retreat
Jibs_PC#3102657766927203328 endattack
Jibs_PC#3102657766927203328 nomove
CARD wildcard
Jibs_PC#3102657766927203328 placearmies 10 1
Jibs_PC#3102657766927203328 placearmies 26 4
Jibs_PC#3102657766927203328 attack 26 25
Jibs_PC#3102657766927203328 roll 3
Jibs_PC#3102657766927203328 roll 1
DICE 3 1 5 5 3 3 
Jibs_PC#3102657766927203328 move 7
Jibs_PC#3102657766927203328 attack 16 20
Jibs_PC#3102657766927203328 roll 3
Jibs_PC#3102657766927203328 roll 1
DICE 3 1 2 2 1 1 
Jibs_PC#3102657766927203328 attack 25 24
Jibs_PC#3102657766927203328 roll 3
Jibs_PC#3102657766927203328 roll 2
DICE 3 2 3 2 0 3 0 
Jibs_PC#3102657766927203328 roll 3
Jibs_PC#3102657766927203328 roll 1
DICE 3 1 4 4 0 2 
Jibs_PC#3102657766927203328 move 5
Jibs_PC#3102657766927203328 attack 24 23
Jibs_PC#3102657766927203328 roll 3
Jibs_PC#3102657766927203328 roll 1
DICE 3 1 3 2 0 4 
Jibs_PC#3102657766927203328 roll 3
Jibs_PC#3102657766927203328 roll 1
DICE 3 1 5 4 2 0 
Jibs_PC#3102657766927203328 endattack
Jibs_PC#3102657766927203328 nomove
CARD 29
Jibs_PC#3102657766927203328 placearmies 21 1
Jibs_PC#3102657766927203328 placearmies 32 1
Jibs_PC#3102657766927203328 placearmies 21 3
Jibs_PC#3102657766927203328 attack 21 12
Jibs_PC#3102657766927203328 roll 3
Jibs_PC#3102657766927203328 roll 2
DICE 3 2 4 4 4 4 2 
Jibs_PC#3102657766927203328 roll 3
Jibs_PC#3102657766927203328 roll 2
DICE 3 2 3 0 0 0 0 
Jibs_PC#3102657766927203328 roll 3
Jibs_PC#3102657766927203328 roll 2
DICE 3 2 1 1 1 3 0 
Jibs_PC#3102657766927203328 roll 3
Jibs_PC#3102657766927203328 roll 1
DICE 3 1 5 4 1 3 
Jibs_PC#3102657766927203328 move 4
Jibs_PC#3102657766927203328 endattack
Jibs_PC#3102657766927203328 nomove
CARD 9
Jibs_PC#3102657766927203328 trade 31 28 wildcard
Jibs_PC#3102657766927203328 placearmies 27 20
Jibs_PC#3102657766927203328 placearmies 15 1
Jibs_PC#3102657766927203328 attack 27 29
Jibs_PC#3102657766927203328 roll 3
Jibs_PC#3102657766927203328 roll 2
DICE 3 2 3 2 0 4 1 
Jibs_PC#3102657766927203328 roll 3
Jibs_PC#3102657766927203328 roll 2
DICE 3 2 1 0 0 1 1 
Jibs_PC#3102657766927203328 roll 3
Jibs_PC#3102657766927203328 roll 2
DICE 3 2 5 2 1 2 1 
Jibs_PC#3102657766927203328 roll 3
Jibs_PC#3102657766927203328 roll 1
DICE 3 1 4 3 1 3 
Jibs_PC#3102657766927203328 move 17
Jibs_PC#3102657766927203328 attack 29 33
Jibs_PC#3102657766927203328 roll 3
Jibs_PC#3102657766927203328 roll 1
DICE 3 1 4 3 1 3 
Jibs_PC#3102657766927203328 move 16
Jibs_PC#3102657766927203328 attack 33 39
Jibs_PC#3102657766927203328 roll 3
Jibs_PC#3102657766927203328 roll 2
DICE 3 2 4 3 1 3 1 
Jibs_PC#3102657766927203328 move 15
Jibs_PC#3102657766927203328 attack 39 41
Jibs_PC#3102657766927203328 roll 3
Jibs_PC#3102657766927203328 roll 2
DICE 3 2 3 3 0 4 1 
Jibs_PC#3102657766927203328 roll 3
Jibs_PC#3102657766927203328 roll 1
DICE 3 1 5 4 2 4 
Jibs_PC#3102657766927203328 move 11
Jibs_PC#3102657766927203328 attack 41 42
Jibs_PC#3102657766927203328 roll 3
Jibs_PC#3102657766927203328 roll 2
DICE 3 2 3 2 1 2 1 
Jibs_PC#3102657766927203328 move 6
Jibs_PC#3102657766927203328 attack 42 40
Jibs_PC#3102657766927203328 roll 3
Jibs_PC#3102657766927203328 roll 2
DICE 3 2 5 5 4 4 3 
Jibs_PC#3102657766927203328 move 3
