Jibs_PC#6080657246215154688 newplayer human green s0914007
Jibs_PC#6080657246215154688 newplayer human blue bob
Jibs_PC#6080657246215154688 newplayer human red fred
Jibs_PC#6080657246215154688 newplayer human cyan ted
Jibs_PC#6080657246215154688 newplayer human magenta yura
Jibs_PC#6080657246215154688 newplayer human yellow lala
Jibs_PC#6080657246215154688 startgame mission fixed autoplaceall recycle
PLAYER bob
MISSION 5 0 3 2 0 0
PLACEALL 40 41 42 16 10 28 21 4 23 24 19 38 36 3 8 30 9 6 37 39 32 5 34 17 35 33 26 1 22 2 15 14 18 31 25 20 13 12 27 7 29 11
Jibs_PC#6080657246215154688 placearmies 36 1
CARD 
Jibs_PC#6080657246215154688 placearmies 41 1
CARD 
Jibs_PC#6080657246215154688 placearmies 26 1
CARD 
Jibs_PC#6080657246215154688 placearmies 16 1
CARD 
Jibs_PC#6080657246215154688 placearmies 25 1
CARD 
Jibs_PC#6080657246215154688 placearmies 6 1
CARD 
Jibs_PC#6080657246215154688 placearmies 35 1
CARD 
Jibs_PC#6080657246215154688 placearmies 4 1
CARD 
Jibs_PC#6080657246215154688 placearmies 23 1
CARD 
Jibs_PC#6080657246215154688 placearmies 16 1
CARD 
Jibs_PC#6080657246215154688 placearmies 25 1
CARD 
Jibs_PC#6080657246215154688 placearmies 2 1
CARD 
Jibs_PC#6080657246215154688 placearmies 36 1
CARD 
Jibs_PC#6080657246215154688 placearmies 41 1
CARD 
Jibs_PC#6080657246215154688 placearmies 26 1
CARD 
Jibs_PC#6080657246215154688 placearmies 16 1
CARD 
Jibs_PC#6080657246215154688 placearmies 25 1
CARD 
Jibs_PC#6080657246215154688 placearmies 6 1
CARD 
Jibs_PC#6080657246215154688 placearmies 35 1
CARD 
Jibs_PC#6080657246215154688 placearmies 4 1
CARD 
Jibs_PC#6080657246215154688 placearmies 23 1
CARD 
Jibs_PC#6080657246215154688 placearmies 16 1
CARD 
Jibs_PC#6080657246215154688 placearmies 25 1
CARD 
Jibs_PC#6080657246215154688 placearmies 2 1
CARD 
Jibs_PC#6080657246215154688 placearmies 36 1
CARD 
Jibs_PC#6080657246215154688 placearmies 4 1
CARD 
Jibs_PC#6080657246215154688 placearmies 23 1
CARD 
Jibs_PC#6080657246215154688 placearmies 16 1
CARD 
Jibs_PC#6080657246215154688 placearmies 25 1
CARD 
Jibs_PC#6080657246215154688 placearmies 2 1
CARD 
Jibs_PC#6080657246215154688 placearmies 13 1
CARD 
Jibs_PC#6080657246215154688 placearmies 4 1
CARD 
Jibs_PC#6080657246215154688 placearmies 23 1
CARD 
Jibs_PC#6080657246215154688 placearmies 16 1
CARD 
Jibs_PC#6080657246215154688 placearmies 34 1
CARD 
Jibs_PC#6080657246215154688 placearmies 6 1
CARD 
Jibs_PC#6080657246215154688 placearmies 13 1
CARD 
Jibs_PC#6080657246215154688 placearmies 4 1
CARD 
Jibs_PC#6080657246215154688 placearmies 23 1
CARD 
Jibs_PC#6080657246215154688 placearmies 16 1
CARD 
Jibs_PC#6080657246215154688 placearmies 34 1
CARD 
Jibs_PC#6080657246215154688 placearmies 6 1
CARD 
Jibs_PC#6080657246215154688 placearmies 13 1
CARD 
Jibs_PC#6080657246215154688 placearmies 4 1
CARD 
Jibs_PC#6080657246215154688 placearmies 23 1
CARD 
Jibs_PC#6080657246215154688 placearmies 16 1
CARD 
Jibs_PC#6080657246215154688 placearmies 34 1
CARD 
Jibs_PC#6080657246215154688 placearmies 2 1
CARD 
Jibs_PC#6080657246215154688 placearmies 13 1
CARD 
Jibs_PC#6080657246215154688 placearmies 4 1
CARD 
Jibs_PC#6080657246215154688 placearmies 26 1
CARD 
Jibs_PC#6080657246215154688 placearmies 16 1
CARD 
Jibs_PC#6080657246215154688 placearmies 34 1
CARD 
Jibs_PC#6080657246215154688 placearmies 2 1
CARD 
Jibs_PC#6080657246215154688 placearmies 13 1
CARD 
Jibs_PC#6080657246215154688 placearmies 4 1
CARD 
Jibs_PC#6080657246215154688 placearmies 26 1
CARD 
Jibs_PC#6080657246215154688 placearmies 16 1
CARD 
Jibs_PC#6080657246215154688 placearmies 34 1
CARD 
Jibs_PC#6080657246215154688 placearmies 6 1
CARD 
Jibs_PC#6080657246215154688 placearmies 13 1
CARD 
Jibs_PC#6080657246215154688 placearmies 4 1
CARD 
Jibs_PC#6080657246215154688 placearmies 26 1
CARD 
Jibs_PC#6080657246215154688 placearmies 16 1
CARD 
Jibs_PC#6080657246215154688 placearmies 25 1
CARD 
Jibs_PC#6080657246215154688 placearmies 2 1
CARD 
Jibs_PC#6080657246215154688 placearmies 35 1
CARD 
Jibs_PC#6080657246215154688 placearmies 4 1
CARD 
Jibs_PC#6080657246215154688 placearmies 26 1
CARD 
Jibs_PC#6080657246215154688 placearmies 16 1
CARD 
Jibs_PC#6080657246215154688 placearmies 25 1
CARD 
Jibs_PC#6080657246215154688 placearmies 6 1
CARD 
Jibs_PC#6080657246215154688 placearmies 13 1
CARD 
Jibs_PC#6080657246215154688 placearmies 4 1
CARD 
Jibs_PC#6080657246215154688 placearmies 23 1
CARD 
Jibs_PC#6080657246215154688 placearmies 16 1
CARD 
Jibs_PC#6080657246215154688 placearmies 25 1
CARD 
Jibs_PC#6080657246215154688 placearmies 6 1
CARD 
Jibs_PC#6080657246215154688 placearmies 13 1
Jibs_PC#6080657246215154688 placearmies 13 1
Jibs_PC#6080657246215154688 placearmies 13 1
Jibs_PC#6080657246215154688 attack 13 11
Jibs_PC#6080657246215154688 roll 3
Jibs_PC#6080657246215154688 roll 1
DICE 3 1 4 4 2 5 
Jibs_PC#6080657246215154688 roll 3
Jibs_PC#6080657246215154688 roll 1
DICE 3 1 5 1 0 0 
Jibs_PC#6080657246215154688 move all
Jibs_PC#6080657246215154688 attack 11 10
Jibs_PC#6080657246215154688 roll 3
Jibs_PC#6080657246215154688 roll 1
DICE 3 1 5 5 4 0 
Jibs_PC#6080657246215154688 move all
Jibs_PC#6080657246215154688 attack 10 12
Jibs_PC#6080657246215154688 roll 3
Jibs_PC#6080657246215154688 roll 1
DICE 3 1 4 2 1 4 
Jibs_PC#6080657246215154688 roll 3
Jibs_PC#6080657246215154688 roll 1
DICE 3 1 4 3 0 1 
Jibs_PC#6080657246215154688 move all
Jibs_PC#6080657246215154688 attack 36 38
Jibs_PC#6080657246215154688 roll 3
Jibs_PC#6080657246215154688 roll 1
DICE 3 1 4 1 0 3 
Jibs_PC#6080657246215154688 attack 38 34
Jibs_PC#6080657246215154688 roll 2
Jibs_PC#6080657246215154688 roll 2
DICE 2 2 3 2 3 1 
Jibs_PC#6080657246215154688 roll 1
Jibs_PC#6080657246215154688 roll 2
DICE 1 2 2 5 2 
Jibs_PC#6080657246215154688 attack 35 34
Jibs_PC#6080657246215154688 roll 3
Jibs_PC#6080657246215154688 roll 2
DICE 3 2 5 5 1 0 0 
Jibs_PC#6080657246215154688 roll 3
Jibs_PC#6080657246215154688 roll 2
DICE 3 2 4 2 0 2 2 
Jibs_PC#6080657246215154688 roll 2
Jibs_PC#6080657246215154688 roll 2
DICE 2 2 5 4 3 2 
Jibs_PC#6080657246215154688 attack 34 27
Jibs_PC#6080657246215154688 roll 1
Jibs_PC#6080657246215154688 roll 1
DICE 1 1 5 3 
Jibs_PC#6080657246215154688 endattack
Jibs_PC#6080657246215154688 movearmies 12 21 5
CARD 40
Jibs_PC#6080657246215154688 placearmies 4 1
Jibs_PC#6080657246215154688 placearmies 4 1
Jibs_PC#6080657246215154688 placearmies 4 1
Jibs_PC#6080657246215154688 attack 41 42
Jibs_PC#6080657246215154688 roll 2
Jibs_PC#6080657246215154688 roll 1
DICE 2 1 5 5 4 
Jibs_PC#6080657246215154688 attack 42 40
Jibs_PC#6080657246215154688 roll 1
Jibs_PC#6080657246215154688 roll 1
DICE 1 1 2 3 
Jibs_PC#6080657246215154688 attack 4 5
Jibs_PC#6080657246215154688 roll 3
Jibs_PC#6080657246215154688 roll 1
DICE 3 1 4 2 1 3 
Jibs_PC#6080657246215154688 move all
Jibs_PC#6080657246215154688 attack 5 9
Jibs_PC#6080657246215154688 roll 3
Jibs_PC#6080657246215154688 roll 1
DICE 3 1 5 3 0 4 
Jibs_PC#6080657246215154688 move all
Jibs_PC#6080657246215154688 attack 9 7
Jibs_PC#6080657246215154688 roll 3
Jibs_PC#6080657246215154688 roll 1
DICE 3 1 3 3 0 2 
Jibs_PC#6080657246215154688 move all
Jibs_PC#6080657246215154688 attack 7 8
Jibs_PC#6080657246215154688 roll 3
Jibs_PC#6080657246215154688 roll 1
DICE 3 1 5 1 0 3 
Jibs_PC#6080657246215154688 move all
Jibs_PC#6080657246215154688 attack 8 6
Jibs_PC#6080657246215154688 roll 3
Jibs_PC#6080657246215154688 roll 2
DICE 3 2 5 4 2 3 1 
Jibs_PC#6080657246215154688 roll 3
Jibs_PC#6080657246215154688 roll 2
DICE 3 2 4 3 1 3 0 
Jibs_PC#6080657246215154688 roll 3
Jibs_PC#6080657246215154688 roll 2
DICE 3 2 2 1 0 4 0 
Jibs_PC#6080657246215154688 roll 3
Jibs_PC#6080657246215154688 roll 2
DICE 3 2 4 3 0 3 0 
Jibs_PC#6080657246215154688 roll 3
Jibs_PC#6080657246215154688 roll 1
DICE 3 1 4 0 0 4 
Jibs_PC#6080657246215154688 roll 3
Jibs_PC#6080657246215154688 roll 1
DICE 3 1 2 1 1 2 
Jibs_PC#6080657246215154688 roll 3
Jibs_PC#6080657246215154688 roll 1
DICE 3 1 2 1 0 1 
Jibs_PC#6080657246215154688 move all
Jibs_PC#6080657246215154688 attack 6 2
Jibs_PC#6080657246215154688 roll 3
Jibs_PC#6080657246215154688 roll 2
DICE 3 2 4 3 1 4 1 
Jibs_PC#6080657246215154688 roll 3
Jibs_PC#6080657246215154688 roll 2
DICE 3 2 3 1 1 3 1 
Jibs_PC#6080657246215154688 roll 3
Jibs_PC#6080657246215154688 roll 2
DICE 3 2 3 2 0 4 0 
Jibs_PC#6080657246215154688 roll 2
Jibs_PC#6080657246215154688 roll 2
DICE 2 2 5 0 1 1 
Jibs_PC#6080657246215154688 roll 1
Jibs_PC#6080657246215154688 roll 2
DICE 1 2 3 5 5 
Jibs_PC#6080657246215154688 endattack
Jibs_PC#6080657246215154688 nomove
CARD 2
Jibs_PC#6080657246215154688 placearmies 26 1
Jibs_PC#6080657246215154688 placearmies 26 1
Jibs_PC#6080657246215154688 placearmies 26 1
Jibs_PC#6080657246215154688 attack 26 25
Jibs_PC#6080657246215154688 roll 3
Jibs_PC#6080657246215154688 roll 2
DICE 3 2 4 2 2 4 3 
Jibs_PC#6080657246215154688 roll 3
Jibs_PC#6080657246215154688 roll 2
DICE 3 2 5 3 1 2 0 
Jibs_PC#6080657246215154688 roll 3
Jibs_PC#6080657246215154688 roll 2
DICE 3 2 3 3 1 2 0 
Jibs_PC#6080657246215154688 roll 3
Jibs_PC#6080657246215154688 roll 2
DICE 3 2 5 3 1 2 2 
Jibs_PC#6080657246215154688 roll 3
Jibs_PC#6080657246215154688 roll 2
DICE 3 2 5 2 1 1 0 
Jibs_PC#6080657246215154688 roll 3
Jibs_PC#6080657246215154688 roll 1
DICE 3 1 3 1 0 2 
Jibs_PC#6080657246215154688 move all
Jibs_PC#6080657246215154688 attack 25 24
Jibs_PC#6080657246215154688 roll 3
Jibs_PC#6080657246215154688 roll 1
DICE 3 1 4 1 0 3 
Jibs_PC#6080657246215154688 move all
Jibs_PC#6080657246215154688 attack 24 22
Jibs_PC#6080657246215154688 roll 3
Jibs_PC#6080657246215154688 roll 1
DICE 3 1 5 4 4 4 
Jibs_PC#6080657246215154688 move all
Jibs_PC#6080657246215154688 attack 23 21
Jibs_PC#6080657246215154688 roll 3
Jibs_PC#6080657246215154688 roll 2
DICE 3 2 3 2 0 3 0 
Jibs_PC#6080657246215154688 roll 3
Jibs_PC#6080657246215154688 roll 2
DICE 3 2 5 3 1 4 1 
Jibs_PC#6080657246215154688 roll 3
Jibs_PC#6080657246215154688 roll 2
DICE 3 2 5 5 4 4 4 
Jibs_PC#6080657246215154688 roll 3
Jibs_PC#6080657246215154688 roll 1
DICE 3 1 5 4 4 1 
Jibs_PC#6080657246215154688 move all
Jibs_PC#6080657246215154688 endattack
Jibs_PC#6080657246215154688 nomove
CARD wildcard
Jibs_PC#6080657246215154688 placearmies 31 1
Jibs_PC#6080657246215154688 placearmies 31 1
Jibs_PC#6080657246215154688 placearmies 31 1
Jibs_PC#6080657246215154688 attack 31 32
Jibs_PC#6080657246215154688 roll 3
Jibs_PC#6080657246215154688 roll 1
DICE 3 1 4 4 1 1 
Jibs_PC#6080657246215154688 attack 32 33
Jibs_PC#6080657246215154688 roll 2
Jibs_PC#6080657246215154688 roll 1
DICE 2 1 4 2 4 
Jibs_PC#6080657246215154688 roll 1
Jibs_PC#6080657246215154688 roll 1
DICE 1 1 2 3 
Jibs_PC#6080657246215154688 attack 16 20
Jibs_PC#6080657246215154688 roll 3
Jibs_PC#6080657246215154688 roll 1
DICE 3 1 4 3 3 3 
Jibs_PC#6080657246215154688 move all
Jibs_PC#6080657246215154688 attack 20 19
Jibs_PC#6080657246215154688 roll 3
Jibs_PC#6080657246215154688 roll 1
DICE 3 1 4 3 2 0 
Jibs_PC#6080657246215154688 move all
Jibs_PC#6080657246215154688 attack 19 18
Jibs_PC#6080657246215154688 roll 3
Jibs_PC#6080657246215154688 roll 1
DICE 3 1 5 5 3 0 
Jibs_PC#6080657246215154688 move all
Jibs_PC#6080657246215154688 attack 18 15
Jibs_PC#6080657246215154688 roll 3
Jibs_PC#6080657246215154688 roll 1
DICE 3 1 4 2 1 5 
Jibs_PC#6080657246215154688 roll 3
Jibs_PC#6080657246215154688 roll 1
DICE 3 1 5 4 2 1 
Jibs_PC#6080657246215154688 move all
Jibs_PC#6080657246215154688 attack 15 17
Jibs_PC#6080657246215154688 roll 3
Jibs_PC#6080657246215154688 roll 1
DICE 3 1 5 1 0 1 
Jibs_PC#6080657246215154688 move all
Jibs_PC#6080657246215154688 attack 17 14
Jibs_PC#6080657246215154688 roll 3
Jibs_PC#6080657246215154688 roll 1
DICE 3 1 4 3 1 3 
Jibs_PC#6080657246215154688 move all
Jibs_PC#6080657246215154688 attack 14 6
Jibs_PC#6080657246215154688 roll 3
Jibs_PC#6080657246215154688 roll 1
DICE 3 1 3 3 3 1 
Jibs_PC#6080657246215154688 move all
Jibs_PC#6080657246215154688 attack 6 8
Jibs_PC#6080657246215154688 roll 3
Jibs_PC#6080657246215154688 roll 1
DICE 3 1 3 0 0 5 
Jibs_PC#6080657246215154688 roll 3
Jibs_PC#6080657246215154688 roll 1
DICE 3 1 4 3 3 4 
Jibs_PC#6080657246215154688 roll 3
Jibs_PC#6080657246215154688 roll 1
DICE 3 1 5 1 0 5 
Jibs_PC#6080657246215154688 roll 2
Jibs_PC#6080657246215154688 roll 1
DICE 2 1 3 0 0 
Jibs_PC#6080657246215154688 attack 8 7
Jibs_PC#6080657246215154688 roll 1
Jibs_PC#6080657246215154688 roll 1
DICE 1 1 3 4 
Jibs_PC#6080657246215154688 endattack
Jibs_PC#6080657246215154688 nomove
CARD 16
Jibs_PC#6080657246215154688 placearmies 29 1
Jibs_PC#6080657246215154688 placearmies 29 1
Jibs_PC#6080657246215154688 placearmies 29 1
Jibs_PC#6080657246215154688 attack 29 36
Jibs_PC#6080657246215154688 roll 3
Jibs_PC#6080657246215154688 roll 1
DICE 3 1 1 1 1 0 
Jibs_PC#6080657246215154688 attack 36 37
Jibs_PC#6080657246215154688 roll 2
Jibs_PC#6080657246215154688 roll 1
DICE 2 1 1 0 1 
Jibs_PC#6080657246215154688 roll 1
Jibs_PC#6080657246215154688 roll 1
DICE 1 1 1 4 
Jibs_PC#6080657246215154688 endattack
Jibs_PC#6080657246215154688 nomove
CARD 32
Jibs_PC#6080657246215154688 placearmies 2 1
Jibs_PC#6080657246215154688 placearmies 2 1
Jibs_PC#6080657246215154688 placearmies 2 1
Jibs_PC#6080657246215154688 attack 2 1
Jibs_PC#6080657246215154688 roll 3
Jibs_PC#6080657246215154688 roll 1
DICE 3 1 5 2 0 2 
Jibs_PC#6080657246215154688 move all
Jibs_PC#6080657246215154688 attack 1 3
Jibs_PC#6080657246215154688 roll 3
Jibs_PC#6080657246215154688 roll 1
DICE 3 1 1 1 0 2 
Jibs_PC#6080657246215154688 roll 3
Jibs_PC#6080657246215154688 roll 1
DICE 3 1 4 1 0 1 
Jibs_PC#6080657246215154688 move all
Jibs_PC#6080657246215154688 attack 3 4
Jibs_PC#6080657246215154688 roll 3
Jibs_PC#6080657246215154688 roll 1
DICE 3 1 5 2 1 1 
Jibs_PC#6080657246215154688 endattack
Jibs_PC#6080657246215154688 nomove
CARD 11
Jibs_PC#6080657246215154688 placearmies 37 1
Jibs_PC#6080657246215154688 placearmies 37 1
Jibs_PC#6080657246215154688 placearmies 37 1
Jibs_PC#6080657246215154688 placearmies 37 1
Jibs_PC#6080657246215154688 placearmies 37 1
Jibs_PC#6080657246215154688 attack 37 36
Jibs_PC#6080657246215154688 roll 3
Jibs_PC#6080657246215154688 roll 1
DICE 3 1 2 1 1 3 
Jibs_PC#6080657246215154688 roll 3
Jibs_PC#6080657246215154688 roll 1
DICE 3 1 1 0 0 2 
Jibs_PC#6080657246215154688 roll 3
Jibs_PC#6080657246215154688 roll 1
DICE 3 1 2 1 1 1 
Jibs_PC#6080657246215154688 attack 36 29
Jibs_PC#6080657246215154688 roll 2
Jibs_PC#6080657246215154688 roll 1
DICE 2 1 2 1 5 
Jibs_PC#6080657246215154688 roll 1
Jibs_PC#6080657246215154688 roll 1
DICE 1 1 2 5 
Jibs_PC#6080657246215154688 endattack
Jibs_PC#6080657246215154688 nomove
CARD 10
Jibs_PC#6080657246215154688 placearmies 42 1
Jibs_PC#6080657246215154688 placearmies 42 1
Jibs_PC#6080657246215154688 placearmies 5 1
Jibs_PC#6080657246215154688 attack 42 40
Jibs_PC#6080657246215154688 roll 2
Jibs_PC#6080657246215154688 roll 1
DICE 2 1 3 3 5 
Jibs_PC#6080657246215154688 roll 1
Jibs_PC#6080657246215154688 roll 1
DICE 1 1 0 0 
Jibs_PC#6080657246215154688 attack 5 4
Jibs_PC#6080657246215154688 roll 1
Jibs_PC#6080657246215154688 roll 2
DICE 1 2 0 3 0 
Jibs_PC#6080657246215154688 endattack
Jibs_PC#6080657246215154688 nomove
CARD 
Jibs_PC#6080657246215154688 placearmies 21 1
Jibs_PC#6080657246215154688 placearmies 21 1
Jibs_PC#6080657246215154688 placearmies 21 1
Jibs_PC#6080657246215154688 placearmies 22 1
Jibs_PC#6080657246215154688 placearmies 22 1
Jibs_PC#6080657246215154688 placearmies 22 1
Jibs_PC#6080657246215154688 attack 21 12
Jibs_PC#6080657246215154688 roll 3
Jibs_PC#6080657246215154688 roll 1
DICE 3 1 3 2 1 0 
Jibs_PC#6080657246215154688 move all
Jibs_PC#6080657246215154688 attack 12 13
Jibs_PC#6080657246215154688 roll 3
Jibs_PC#6080657246215154688 roll 1
DICE 3 1 0 0 0 1 
Jibs_PC#6080657246215154688 roll 3
Jibs_PC#6080657246215154688 roll 1
DICE 3 1 3 3 2 0 
Jibs_PC#6080657246215154688 move all
Jibs_PC#6080657246215154688 attack 13 11
Jibs_PC#6080657246215154688 roll 3
Jibs_PC#6080657246215154688 roll 1
DICE 3 1 4 2 0 2 
Jibs_PC#6080657246215154688 move all
Jibs_PC#6080657246215154688 attack 11 10
Jibs_PC#6080657246215154688 roll 3
Jibs_PC#6080657246215154688 roll 1
DICE 3 1 4 0 0 2 
Jibs_PC#6080657246215154688 move all
Jibs_PC#6080657246215154688 attack 22 20
Jibs_PC#6080657246215154688 roll 3
Jibs_PC#6080657246215154688 roll 1
DICE 3 1 3 3 1 2 
Jibs_PC#6080657246215154688 move all
Jibs_PC#6080657246215154688 attack 20 16
Jibs_PC#6080657246215154688 roll 3
Jibs_PC#6080657246215154688 roll 1
DICE 3 1 5 4 3 5 
Jibs_PC#6080657246215154688 roll 3
Jibs_PC#6080657246215154688 roll 1
DICE 3 1 3 3 0 5 
Jibs_PC#6080657246215154688 roll 3
Jibs_PC#6080657246215154688 roll 1
DICE 3 1 5 3 0 3 
Jibs_PC#6080657246215154688 move all
Jibs_PC#6080657246215154688 attack 16 15
Jibs_PC#6080657246215154688 roll 3
Jibs_PC#6080657246215154688 roll 1
DICE 3 1 5 4 4 1 
Jibs_PC#6080657246215154688 attack 15 18
Jibs_PC#6080657246215154688 roll 2
Jibs_PC#6080657246215154688 roll 1
DICE 2 1 5 3 3 
Jibs_PC#6080657246215154688 attack 18 19
Jibs_PC#6080657246215154688 roll 1
Jibs_PC#6080657246215154688 roll 1
DICE 1 1 1 3 
Jibs_PC#6080657246215154688 endattack
Jibs_PC#6080657246215154688 nomove
CARD 25
Jibs_PC#6080657246215154688 placearmies 8 1
Jibs_PC#6080657246215154688 placearmies 19 1
Jibs_PC#6080657246215154688 placearmies 19 1
Jibs_PC#6080657246215154688 attack 19 20
Jibs_PC#6080657246215154688 roll 2
Jibs_PC#6080657246215154688 roll 1
DICE 2 1 3 1 0 
Jibs_PC#6080657246215154688 attack 20 18
Jibs_PC#6080657246215154688 roll 1
Jibs_PC#6080657246215154688 roll 1
DICE 1 1 2 1 
Jibs_PC#6080657246215154688 attack 8 9
Jibs_PC#6080657246215154688 roll 1
Jibs_PC#6080657246215154688 roll 1
DICE 1 1 3 1 
Jibs_PC#6080657246215154688 endattack
Jibs_PC#6080657246215154688 nomove
CARD 31
Jibs_PC#6080657246215154688 placearmies 29 1
Jibs_PC#6080657246215154688 placearmies 29 1
Jibs_PC#6080657246215154688 placearmies 29 1
Jibs_PC#6080657246215154688 attack 29 32
Jibs_PC#6080657246215154688 roll 3
Jibs_PC#6080657246215154688 roll 1
DICE 3 1 5 3 1 4 
Jibs_PC#6080657246215154688 attack 32 31
Jibs_PC#6080657246215154688 roll 2
Jibs_PC#6080657246215154688 roll 1
DICE 2 1 4 3 1 
Jibs_PC#6080657246215154688 attack 31 22
Jibs_PC#6080657246215154688 roll 1
Jibs_PC#6080657246215154688 roll 1
DICE 1 1 4 0 
Jibs_PC#6080657246215154688 endattack
Jibs_PC#6080657246215154688 nomove
CARD 35
Jibs_PC#6080657246215154688 placearmies 4 1
Jibs_PC#6080657246215154688 placearmies 4 1
Jibs_PC#6080657246215154688 placearmies 4 1
Jibs_PC#6080657246215154688 attack 4 5
Jibs_PC#6080657246215154688 roll 3
Jibs_PC#6080657246215154688 roll 1
DICE 3 1 4 3 2 0 
Jibs_PC#6080657246215154688 move all
Jibs_PC#6080657246215154688 attack 5 9
Jibs_PC#6080657246215154688 roll 3
Jibs_PC#6080657246215154688 roll 1
DICE 3 1 3 2 0 1 
Jibs_PC#6080657246215154688 move all
Jibs_PC#6080657246215154688 attack 9 7
Jibs_PC#6080657246215154688 roll 3
Jibs_PC#6080657246215154688 roll 1
DICE 3 1 3 0 0 3 
Jibs_PC#6080657246215154688 roll 2
Jibs_PC#6080657246215154688 roll 1
DICE 2 1 2 1 0 
Jibs_PC#6080657246215154688 attack 7 8
Jibs_PC#6080657246215154688 roll 1
Jibs_PC#6080657246215154688 roll 1
DICE 1 1 2 5 
Jibs_PC#6080657246215154688 endattack
Jibs_PC#6080657246215154688 nomove
CARD 21
Jibs_PC#6080657246215154688 placearmies 36 1
Jibs_PC#6080657246215154688 placearmies 36 1
Jibs_PC#6080657246215154688 placearmies 36 1
Jibs_PC#6080657246215154688 attack 36 29
Jibs_PC#6080657246215154688 roll 3
Jibs_PC#6080657246215154688 roll 1
DICE 3 1 2 1 0 3 
Jibs_PC#6080657246215154688 retreat
Jibs_PC#6080657246215154688 attack 36 29
Jibs_PC#6080657246215154688 roll 2
Jibs_PC#6080657246215154688 roll 1
DICE 2 1 4 3 0 
Jibs_PC#6080657246215154688 attack 29 33
Jibs_PC#6080657246215154688 roll 1
Jibs_PC#6080657246215154688 roll 1
DICE 1 1 3 3 
Jibs_PC#6080657246215154688 endattack
Jibs_PC#6080657246215154688 nomove
CARD 6
Jibs_PC#6080657246215154688 placearmies 42 1
Jibs_PC#6080657246215154688 placearmies 42 1
Jibs_PC#6080657246215154688 placearmies 42 1
Jibs_PC#6080657246215154688 attack 42 40
Jibs_PC#6080657246215154688 roll 3
Jibs_PC#6080657246215154688 roll 1
DICE 3 1 3 3 0 1 
Jibs_PC#6080657246215154688 endattack
Jibs_PC#6080657246215154688 movearmies 40 39 2
CARD 30
Jibs_PC#6080657246215154688 placearmies 24 1
Jibs_PC#6080657246215154688 placearmies 24 1
Jibs_PC#6080657246215154688 placearmies 24 1
Jibs_PC#6080657246215154688 placearmies 24 1
Jibs_PC#6080657246215154688 placearmies 24 1
Jibs_PC#6080657246215154688 attack 24 22
Jibs_PC#6080657246215154688 roll 3
Jibs_PC#6080657246215154688 roll 1
DICE 3 1 5 0 0 0 
Jibs_PC#6080657246215154688 move all
Jibs_PC#6080657246215154688 attack 22 20
Jibs_PC#6080657246215154688 roll 3
Jibs_PC#6080657246215154688 roll 1
DICE 3 1 5 4 0 0 
Jibs_PC#6080657246215154688 move all
Jibs_PC#6080657246215154688 attack 20 18
Jibs_PC#6080657246215154688 roll 3
Jibs_PC#6080657246215154688 roll 1
DICE 3 1 4 1 1 5 
Jibs_PC#6080657246215154688 roll 2
Jibs_PC#6080657246215154688 roll 1
DICE 2 1 3 2 3 
Jibs_PC#6080657246215154688 roll 1
Jibs_PC#6080657246215154688 roll 1
DICE 1 1 3 4 
Jibs_PC#6080657246215154688 endattack
Jibs_PC#6080657246215154688 nomove
CARD 33
Jibs_PC#6080657246215154688 placearmies 19 1
Jibs_PC#6080657246215154688 placearmies 19 1
Jibs_PC#6080657246215154688 placearmies 19 1
Jibs_PC#6080657246215154688 attack 19 20
Jibs_PC#6080657246215154688 roll 3
Jibs_PC#6080657246215154688 roll 1
DICE 3 1 4 3 2 3 
Jibs_PC#6080657246215154688 attack 20 16
Jibs_PC#6080657246215154688 roll 2
Jibs_PC#6080657246215154688 roll 1
DICE 2 1 4 0 1 
Jibs_PC#6080657246215154688 attack 16 15
Jibs_PC#6080657246215154688 roll 1
Jibs_PC#6080657246215154688 roll 1
DICE 1 1 0 2 
Jibs_PC#6080657246215154688 endattack
Jibs_PC#6080657246215154688 nomove
CARD 20
Jibs_PC#6080657246215154688 placearmies 31 1
Jibs_PC#6080657246215154688 placearmies 31 1
Jibs_PC#6080657246215154688 placearmies 32 1
Jibs_PC#6080657246215154688 attack 32 29
Jibs_PC#6080657246215154688 roll 1
Jibs_PC#6080657246215154688 roll 1
DICE 1 1 0 4 
Jibs_PC#6080657246215154688 attack 31 22
Jibs_PC#6080657246215154688 roll 2
Jibs_PC#6080657246215154688 roll 1
DICE 2 1 5 3 2 
Jibs_PC#6080657246215154688 attack 22 24
Jibs_PC#6080657246215154688 roll 1
Jibs_PC#6080657246215154688 roll 1
DICE 1 1 3 4 
Jibs_PC#6080657246215154688 endattack
Jibs_PC#6080657246215154688 nomove
CARD 29
Jibs_PC#6080657246215154688 placearmies 9 1
Jibs_PC#6080657246215154688 placearmies 9 1
Jibs_PC#6080657246215154688 placearmies 9 1
Jibs_PC#6080657246215154688 attack 9 8
Jibs_PC#6080657246215154688 roll 3
Jibs_PC#6080657246215154688 roll 1
DICE 3 1 5 4 2 5 
Jibs_PC#6080657246215154688 roll 2
Jibs_PC#6080657246215154688 roll 1
DICE 2 1 1 0 1 
Jibs_PC#6080657246215154688 roll 1
Jibs_PC#6080657246215154688 roll 1
DICE 1 1 2 2 
Jibs_PC#6080657246215154688 endattack
Jibs_PC#6080657246215154688 nomove
CARD 
Jibs_PC#6080657246215154688 placearmies 29 1
Jibs_PC#6080657246215154688 placearmies 29 1
Jibs_PC#6080657246215154688 placearmies 29 1
Jibs_PC#6080657246215154688 attack 29 33
Jibs_PC#6080657246215154688 roll 3
Jibs_PC#6080657246215154688 roll 1
DICE 3 1 2 1 0 3 
Jibs_PC#6080657246215154688 roll 2
Jibs_PC#6080657246215154688 roll 1
DICE 2 1 4 1 5 
Jibs_PC#6080657246215154688 roll 1
Jibs_PC#6080657246215154688 roll 1
DICE 1 1 2 3 
Jibs_PC#6080657246215154688 endattack
Jibs_PC#6080657246215154688 nomove
CARD 
Jibs_PC#6080657246215154688 placearmies 33 1
Jibs_PC#6080657246215154688 placearmies 33 1
Jibs_PC#6080657246215154688 placearmies 33 1
Jibs_PC#6080657246215154688 placearmies 33 1
Jibs_PC#6080657246215154688 placearmies 33 1
Jibs_PC#6080657246215154688 attack 33 29
Jibs_PC#6080657246215154688 roll 3
Jibs_PC#6080657246215154688 roll 1
DICE 3 1 5 2 0 3 
Jibs_PC#6080657246215154688 move all
Jibs_PC#6080657246215154688 attack 29 36
Jibs_PC#6080657246215154688 roll 3
Jibs_PC#6080657246215154688 roll 1
DICE 3 1 5 4 0 5 
Jibs_PC#6080657246215154688 roll 3
Jibs_PC#6080657246215154688 roll 1
DICE 3 1 5 1 1 5 
Jibs_PC#6080657246215154688 roll 2
Jibs_PC#6080657246215154688 roll 1
DICE 2 1 4 0 3 
Jibs_PC#6080657246215154688 attack 36 38
Jibs_PC#6080657246215154688 roll 1
Jibs_PC#6080657246215154688 roll 1
DICE 1 1 0 5 
Jibs_PC#6080657246215154688 endattack
Jibs_PC#6080657246215154688 nomove
CARD 13
Jibs_PC#6080657246215154688 trade 33 25 wildcard
Jibs_PC#6080657246215154688 placearmies 24 1
Jibs_PC#6080657246215154688 placearmies 24 1
Jibs_PC#6080657246215154688 placearmies 24 1
Jibs_PC#6080657246215154688 placearmies 24 1
Jibs_PC#6080657246215154688 placearmies 21 1
Jibs_PC#6080657246215154688 placearmies 21 1
Jibs_PC#6080657246215154688 placearmies 21 1
Jibs_PC#6080657246215154688 placearmies 21 1
Jibs_PC#6080657246215154688 placearmies 21 1
Jibs_PC#6080657246215154688 placearmies 24 1
Jibs_PC#6080657246215154688 placearmies 24 1
Jibs_PC#6080657246215154688 placearmies 21 1
Jibs_PC#6080657246215154688 placearmies 21 1
Jibs_PC#6080657246215154688 attack 24 22
Jibs_PC#6080657246215154688 roll 3
Jibs_PC#6080657246215154688 roll 1
DICE 3 1 5 4 0 0 
Jibs_PC#6080657246215154688 move all
Jibs_PC#6080657246215154688 attack 22 20
Jibs_PC#6080657246215154688 roll 3
Jibs_PC#6080657246215154688 roll 1
DICE 3 1 4 2 0 5 
Jibs_PC#6080657246215154688 roll 3
Jibs_PC#6080657246215154688 roll 1
DICE 3 1 5 3 3 0 
Jibs_PC#6080657246215154688 move all
Jibs_PC#6080657246215154688 attack 20 16
Jibs_PC#6080657246215154688 roll 3
Jibs_PC#6080657246215154688 roll 1
DICE 3 1 3 1 0 3 
Jibs_PC#6080657246215154688 roll 2
Jibs_PC#6080657246215154688 roll 1
DICE 2 1 2 2 0 
Jibs_PC#6080657246215154688 attack 16 18
Jibs_PC#6080657246215154688 roll 1
Jibs_PC#6080657246215154688 roll 1
DICE 1 1 1 0 
Jibs_PC#6080657246215154688 attack 21 19
Jibs_PC#6080657246215154688 roll 3
Jibs_PC#6080657246215154688 roll 1
DICE 3 1 5 2 1 2 
Jibs_PC#6080657246215154688 move all
Jibs_PC#6080657246215154688 attack 19 17
Jibs_PC#6080657246215154688 roll 3
Jibs_PC#6080657246215154688 roll 1
DICE 3 1 2 1 0 0 
Jibs_PC#6080657246215154688 move all
Jibs_PC#6080657246215154688 attack 17 14
Jibs_PC#6080657246215154688 roll 3
Jibs_PC#6080657246215154688 roll 1
DICE 3 1 2 2 0 2 
Jibs_PC#6080657246215154688 roll 3
Jibs_PC#6080657246215154688 roll 1
DICE 3 1 5 3 3 3 
Jibs_PC#6080657246215154688 move all
