Jibs_PC#7811558190991963136 newplayer human green s0914007
Jibs_PC#7811558190991963136 newplayer human blue bob
Jibs_PC#7811558190991963136 newplayer human red fred
Jibs_PC#7811558190991963136 newplayer human black newplayer
Jibs_PC#7811558190991963136 startgame mission fixed autoplaceall recycle
PLAYER newplayer
MISSION 3 4 2 1
PLACEALL 37 13 14 42 23 11 30 35 2 17 40 31 8 6 21 20 27 29 22 4 34 10 9 25 41 3 36 18 39 33 16 7 12 38 26 5 24 32 1 19 28 15
Jibs_PC#7811558190991963136 placearmies 26 1
CARD 
Jibs_PC#7811558190991963136 placearmies 5 1
CARD 
Jibs_PC#7811558190991963136 placearmies 41 1
CARD 
Jibs_PC#7811558190991963136 placearmies 13 1
CARD 
Jibs_PC#7811558190991963136 placearmies 26 1
CARD 
Jibs_PC#7811558190991963136 placearmies 7 1
CARD 
Jibs_PC#7811558190991963136 placearmies 41 1
CARD 
Jibs_PC#7811558190991963136 placearmies 10 1
CARD 
Jibs_PC#7811558190991963136 placearmies 26 1
CARD 
Jibs_PC#7811558190991963136 placearmies 5 1
CARD 
Jibs_PC#7811558190991963136 placearmies 41 1
CARD 
Jibs_PC#7811558190991963136 placearmies 17 1
CARD 
Jibs_PC#7811558190991963136 placearmies 26 1
CARD 
Jibs_PC#7811558190991963136 placearmies 7 1
CARD 
Jibs_PC#7811558190991963136 placearmies 39 1
CARD 
Jibs_PC#7811558190991963136 placearmies 17 1
CARD 
Jibs_PC#7811558190991963136 placearmies 21 1
CARD 
Jibs_PC#7811558190991963136 placearmies 19 1
CARD 
Jibs_PC#7811558190991963136 placearmies 39 1
CARD 
Jibs_PC#7811558190991963136 placearmies 13 1
CARD 
Jibs_PC#7811558190991963136 placearmies 22 1
CARD 
Jibs_PC#7811558190991963136 placearmies 7 1
CARD 
Jibs_PC#7811558190991963136 placearmies 39 1
CARD 
Jibs_PC#7811558190991963136 placearmies 17 1
CARD 
Jibs_PC#7811558190991963136 placearmies 26 1
CARD 
Jibs_PC#7811558190991963136 placearmies 25 1
CARD 
Jibs_PC#7811558190991963136 placearmies 37 1
CARD 
Jibs_PC#7811558190991963136 placearmies 13 1
CARD 
Jibs_PC#7811558190991963136 placearmies 21 1
CARD 
Jibs_PC#7811558190991963136 placearmies 19 1
CARD 
Jibs_PC#7811558190991963136 placearmies 39 1
CARD 
Jibs_PC#7811558190991963136 placearmies 10 1
CARD 
Jibs_PC#7811558190991963136 placearmies 22 1
CARD 
Jibs_PC#7811558190991963136 placearmies 25 1
CARD 
Jibs_PC#7811558190991963136 placearmies 39 1
CARD 
Jibs_PC#7811558190991963136 placearmies 13 1
CARD 
Jibs_PC#7811558190991963136 placearmies 22 1
CARD 
Jibs_PC#7811558190991963136 placearmies 5 1
CARD 
Jibs_PC#7811558190991963136 placearmies 37 1
CARD 
Jibs_PC#7811558190991963136 placearmies 10 1
CARD 
Jibs_PC#7811558190991963136 placearmies 21 1
CARD 
Jibs_PC#7811558190991963136 placearmies 25 1
CARD 
Jibs_PC#7811558190991963136 placearmies 41 1
CARD 
Jibs_PC#7811558190991963136 placearmies 17 1
CARD 
Jibs_PC#7811558190991963136 placearmies 21 1
CARD 
Jibs_PC#7811558190991963136 placearmies 19 1
CARD 
Jibs_PC#7811558190991963136 placearmies 37 1
CARD 
Jibs_PC#7811558190991963136 placearmies 10 1
CARD 
Jibs_PC#7811558190991963136 placearmies 22 1
CARD 
Jibs_PC#7811558190991963136 placearmies 25 1
CARD 
Jibs_PC#7811558190991963136 placearmies 37 1
CARD 
Jibs_PC#7811558190991963136 placearmies 15 1
CARD 
Jibs_PC#7811558190991963136 placearmies 22 1
CARD 
Jibs_PC#7811558190991963136 placearmies 5 1
CARD 
Jibs_PC#7811558190991963136 placearmies 39 1
CARD 
Jibs_PC#7811558190991963136 placearmies 15 1
CARD 
Jibs_PC#7811558190991963136 placearmies 21 1
CARD 
Jibs_PC#7811558190991963136 placearmies 7 1
CARD 
Jibs_PC#7811558190991963136 placearmies 37 1
CARD 
Jibs_PC#7811558190991963136 placearmies 15 1
CARD 
Jibs_PC#7811558190991963136 placearmies 26 1
CARD 
Jibs_PC#7811558190991963136 placearmies 25 1
CARD 
Jibs_PC#7811558190991963136 placearmies 39 1
CARD 
Jibs_PC#7811558190991963136 placearmies 15 1
CARD 
Jibs_PC#7811558190991963136 placearmies 21 1
CARD 
Jibs_PC#7811558190991963136 placearmies 7 1
CARD 
Jibs_PC#7811558190991963136 placearmies 37 1
CARD 
Jibs_PC#7811558190991963136 placearmies 13 1
CARD 
Jibs_PC#7811558190991963136 placearmies 22 1
CARD 
Jibs_PC#7811558190991963136 placearmies 19 1
CARD 
Jibs_PC#7811558190991963136 placearmies 39 1
CARD 
Jibs_PC#7811558190991963136 placearmies 15 1
CARD 
Jibs_PC#7811558190991963136 placearmies 21 1
CARD 
Jibs_PC#7811558190991963136 placearmies 5 1
CARD 
Jibs_PC#7811558190991963136 placearmies 39 1
CARD 
Jibs_PC#7811558190991963136 placearmies 17 1
CARD 
Jibs_PC#7811558190991963136 placearmies 22 1
CARD 
Jibs_PC#7811558190991963136 placearmies 19 1
CARD 
Jibs_PC#7811558190991963136 placearmies 37 1
Jibs_PC#7811558190991963136 placearmies 37 1
Jibs_PC#7811558190991963136 placearmies 37 1
Jibs_PC#7811558190991963136 attack 41 42
Jibs_PC#7811558190991963136 roll 3
Jibs_PC#7811558190991963136 roll 1
DICE 3 1 4 4 2 5 
Jibs_PC#7811558190991963136 roll 3
Jibs_PC#7811558190991963136 roll 1
DICE 3 1 3 1 0 1 
Jibs_PC#7811558190991963136 attack 42 40
Jibs_PC#7811558190991963136 roll 2
Jibs_PC#7811558190991963136 roll 1
DICE 2 1 4 3 1 
Jibs_PC#7811558190991963136 attack 39 33
Jibs_PC#7811558190991963136 roll 3
Jibs_PC#7811558190991963136 roll 1
DICE 3 1 5 5 0 2 
Jibs_PC#7811558190991963136 move all
Jibs_PC#7811558190991963136 attack 37 38
Jibs_PC#7811558190991963136 roll 3
Jibs_PC#7811558190991963136 roll 1
DICE 3 1 2 2 2 4 
Jibs_PC#7811558190991963136 roll 1
Jibs_PC#7811558190991963136 roll 1
DICE 1 1 4 3 
Jibs_PC#7811558190991963136 move 1
Jibs_PC#7811558190991963136 attack 37 36
Jibs_PC#7811558190991963136 roll 3
Jibs_PC#7811558190991963136 roll 1
DICE 3 1 4 4 1 0 
Jibs_PC#7811558190991963136 move all
Jibs_PC#7811558190991963136 attack 33 32
Jibs_PC#7811558190991963136 roll 3
Jibs_PC#7811558190991963136 roll 1
DICE 3 1 1 1 0 5 
Jibs_PC#7811558190991963136 roll 3
Jibs_PC#7811558190991963136 roll 1
DICE 3 1 5 2 0 2 
Jibs_PC#7811558190991963136 move all
Jibs_PC#7811558190991963136 attack 32 29
Jibs_PC#7811558190991963136 retreat
Jibs_PC#7811558190991963136 attack 32 31
Jibs_PC#7811558190991963136 roll 3
Jibs_PC#7811558190991963136 roll 1
DICE 3 1 4 2 2 5 
Jibs_PC#7811558190991963136 roll 3
Jibs_PC#7811558190991963136 roll 1
DICE 3 1 5 5 0 4 
Jibs_PC#7811558190991963136 move all
Jibs_PC#7811558190991963136 attack 36 35
Jibs_PC#7811558190991963136 roll 1
Jibs_PC#7811558190991963136 roll 1
DICE 1 1 4 1 
Jibs_PC#7811558190991963136 move 1
Jibs_PC#7811558190991963136 attack 36 29
Jibs_PC#7811558190991963136 roll 3
Jibs_PC#7811558190991963136 roll 1
DICE 3 1 2 2 1 0 
Jibs_PC#7811558190991963136 move all
Jibs_PC#7811558190991963136 attack 29 30
Jibs_PC#7811558190991963136 roll 3
Jibs_PC#7811558190991963136 roll 1
DICE 3 1 3 1 1 4 
Jibs_PC#7811558190991963136 roll 3
Jibs_PC#7811558190991963136 roll 1
DICE 3 1 3 3 0 0 
Jibs_PC#7811558190991963136 endattack
Jibs_PC#7811558190991963136 movearmies 40 39 1
CARD 14
Jibs_PC#7811558190991963136 placearmies 13 1
Jibs_PC#7811558190991963136 placearmies 10 1
Jibs_PC#7811558190991963136 placearmies 15 1
Jibs_PC#7811558190991963136 attack 13 12
Jibs_PC#7811558190991963136 roll 3
Jibs_PC#7811558190991963136 roll 1
DICE 3 1 3 1 1 1 
Jibs_PC#7811558190991963136 move all
Jibs_PC#7811558190991963136 attack 15 16
Jibs_PC#7811558190991963136 roll 3
Jibs_PC#7811558190991963136 roll 1
DICE 3 1 5 4 1 0 
Jibs_PC#7811558190991963136 move all
Jibs_PC#7811558190991963136 attack 16 28
Jibs_PC#7811558190991963136 roll 1
Jibs_PC#7811558190991963136 roll 1
DICE 1 1 1 1 
Jibs_PC#7811558190991963136 roll 1
Jibs_PC#7811558190991963136 roll 1
DICE 1 1 4 0 
Jibs_PC#7811558190991963136 move 1
Jibs_PC#7811558190991963136 attack 17 14
Jibs_PC#7811558190991963136 roll 1
Jibs_PC#7811558190991963136 roll 1
DICE 1 1 4 0 
Jibs_PC#7811558190991963136 move 1
Jibs_PC#7811558190991963136 attack 16 20
Jibs_PC#7811558190991963136 roll 3
Jibs_PC#7811558190991963136 roll 1
DICE 3 1 4 3 0 1 
Jibs_PC#7811558190991963136 attack 20 18
Jibs_PC#7811558190991963136 roll 2
Jibs_PC#7811558190991963136 roll 1
DICE 2 1 3 0 2 
Jibs_PC#7811558190991963136 endattack
Jibs_PC#7811558190991963136 nomove
CARD 19
Jibs_PC#7811558190991963136 placearmies 1 1
Jibs_PC#7811558190991963136 placearmies 1 1
Jibs_PC#7811558190991963136 placearmies 1 1
Jibs_PC#7811558190991963136 attack 26 25
Jibs_PC#7811558190991963136 roll 3
Jibs_PC#7811558190991963136 roll 2
DICE 3 2 4 0 0 5 1 
Jibs_PC#7811558190991963136 roll 3
Jibs_PC#7811558190991963136 roll 2
DICE 3 2 4 4 0 4 2 
Jibs_PC#7811558190991963136 roll 3
Jibs_PC#7811558190991963136 roll 2
DICE 3 2 5 2 0 5 1 
Jibs_PC#7811558190991963136 roll 2
Jibs_PC#7811558190991963136 roll 2
DICE 2 2 4 1 1 0 
Jibs_PC#7811558190991963136 roll 2
Jibs_PC#7811558190991963136 roll 2
DICE 2 2 4 1 5 3 
Jibs_PC#7811558190991963136 endattack
Jibs_PC#7811558190991963136 nomove
CARD 
Jibs_PC#7811558190991963136 placearmies 25 1
Jibs_PC#7811558190991963136 placearmies 25 1
Jibs_PC#7811558190991963136 placearmies 7 1
Jibs_PC#7811558190991963136 attack 7 9
Jibs_PC#7811558190991963136 roll 3
Jibs_PC#7811558190991963136 roll 1
DICE 3 1 3 3 0 4 
Jibs_PC#7811558190991963136 roll 3
Jibs_PC#7811558190991963136 roll 1
DICE 3 1 3 2 0 0 
Jibs_PC#7811558190991963136 move all
Jibs_PC#7811558190991963136 attack 9 8
Jibs_PC#7811558190991963136 roll 3
Jibs_PC#7811558190991963136 roll 1
DICE 3 1 3 0 0 3 
Jibs_PC#7811558190991963136 roll 3
Jibs_PC#7811558190991963136 roll 1
DICE 3 1 5 2 0 3 
Jibs_PC#7811558190991963136 attack 8 6
Jibs_PC#7811558190991963136 roll 2
Jibs_PC#7811558190991963136 roll 1
DICE 2 1 2 1 1 
Jibs_PC#7811558190991963136 endattack
Jibs_PC#7811558190991963136 nomove
CARD 2
Jibs_PC#7811558190991963136 placearmies 27 1
Jibs_PC#7811558190991963136 placearmies 27 1
Jibs_PC#7811558190991963136 placearmies 27 1
Jibs_PC#7811558190991963136 placearmies 27 1
Jibs_PC#7811558190991963136 placearmies 27 1
Jibs_PC#7811558190991963136 placearmies 27 1
Jibs_PC#7811558190991963136 placearmies 27 1
Jibs_PC#7811558190991963136 placearmies 27 1
Jibs_PC#7811558190991963136 attack 27 28
Jibs_PC#7811558190991963136 roll 3
Jibs_PC#7811558190991963136 roll 1
DICE 3 1 4 3 1 3 
Jibs_PC#7811558190991963136 move all
Jibs_PC#7811558190991963136 attack 28 16
Jibs_PC#7811558190991963136 roll 3
Jibs_PC#7811558190991963136 roll 1
DICE 3 1 4 1 0 2 
Jibs_PC#7811558190991963136 move all
Jibs_PC#7811558190991963136 endattack
Jibs_PC#7811558190991963136 movearmies 39 33 1
CARD 8
Jibs_PC#7811558190991963136 placearmies 20 1
Jibs_PC#7811558190991963136 placearmies 20 1
Jibs_PC#7811558190991963136 placearmies 15 1
Jibs_PC#7811558190991963136 placearmies 15 1
Jibs_PC#7811558190991963136 placearmies 20 1
Jibs_PC#7811558190991963136 endattack
Jibs_PC#7811558190991963136 nomove
CARD 
Jibs_PC#7811558190991963136 placearmies 1 1
Jibs_PC#7811558190991963136 placearmies 1 1
Jibs_PC#7811558190991963136 placearmies 1 1
Jibs_PC#7811558190991963136 placearmies 1 1
Jibs_PC#7811558190991963136 attack 1 38
Jibs_PC#7811558190991963136 roll 3
Jibs_PC#7811558190991963136 roll 1
DICE 3 1 5 3 2 0 
Jibs_PC#7811558190991963136 move all
Jibs_PC#7811558190991963136 attack 38 36
Jibs_PC#7811558190991963136 roll 3
Jibs_PC#7811558190991963136 roll 1
DICE 3 1 4 3 3 4 
Jibs_PC#7811558190991963136 roll 3
Jibs_PC#7811558190991963136 roll 1
DICE 3 1 5 5 5 5 
Jibs_PC#7811558190991963136 roll 3
Jibs_PC#7811558190991963136 roll 1
DICE 3 1 1 1 0 2 
Jibs_PC#7811558190991963136 retreat
Jibs_PC#7811558190991963136 attack 38 36
Jibs_PC#7811558190991963136 retreat
Jibs_PC#7811558190991963136 endattack
Jibs_PC#7811558190991963136 nomove
CARD 18
Jibs_PC#7811558190991963136 placearmies 4 1
Jibs_PC#7811558190991963136 placearmies 4 1
Jibs_PC#7811558190991963136 placearmies 4 1
Jibs_PC#7811558190991963136 attack 4 3
Jibs_PC#7811558190991963136 roll 3
Jibs_PC#7811558190991963136 roll 1
DICE 3 1 5 4 4 5 
Jibs_PC#7811558190991963136 retreat
Jibs_PC#7811558190991963136 attack 4 3
Jibs_PC#7811558190991963136 roll 2
Jibs_PC#7811558190991963136 roll 1
DICE 2 1 5 3 2 
Jibs_PC#7811558190991963136 attack 3 1
Jibs_PC#7811558190991963136 roll 1
Jibs_PC#7811558190991963136 roll 1
DICE 1 1 3 0 
Jibs_PC#7811558190991963136 attack 6 2
Jibs_PC#7811558190991963136 roll 1
Jibs_PC#7811558190991963136 roll 1
DICE 1 1 5 0 
Jibs_PC#7811558190991963136 attack 25 26
Jibs_PC#7811558190991963136 roll 2
Jibs_PC#7811558190991963136 roll 1
DICE 2 1 4 1 3 
Jibs_PC#7811558190991963136 move 2
Jibs_PC#7811558190991963136 endattack
Jibs_PC#7811558190991963136 nomove
CARD 38
Jibs_PC#7811558190991963136 placearmies 36 1
Jibs_PC#7811558190991963136 placearmies 36 1
Jibs_PC#7811558190991963136 placearmies 36 1
Jibs_PC#7811558190991963136 placearmies 36 1
Jibs_PC#7811558190991963136 placearmies 36 1
Jibs_PC#7811558190991963136 placearmies 36 1
Jibs_PC#7811558190991963136 placearmies 36 1
Jibs_PC#7811558190991963136 placearmies 36 1
Jibs_PC#7811558190991963136 attack 36 38
Jibs_PC#7811558190991963136 roll 3
Jibs_PC#7811558190991963136 roll 2
DICE 3 2 5 3 2 2 0 
Jibs_PC#7811558190991963136 roll 3
Jibs_PC#7811558190991963136 roll 1
DICE 3 1 3 2 2 3 
Jibs_PC#7811558190991963136 roll 3
Jibs_PC#7811558190991963136 roll 1
DICE 3 1 5 3 0 4 
Jibs_PC#7811558190991963136 move all
Jibs_PC#7811558190991963136 endattack
Jibs_PC#7811558190991963136 nomove
CARD 33
Jibs_PC#7811558190991963136 placearmies 14 1
Jibs_PC#7811558190991963136 placearmies 14 1
Jibs_PC#7811558190991963136 placearmies 18 1
Jibs_PC#7811558190991963136 placearmies 18 1
Jibs_PC#7811558190991963136 placearmies 15 1
Jibs_PC#7811558190991963136 endattack
Jibs_PC#7811558190991963136 nomove
CARD 
Jibs_PC#7811558190991963136 placearmies 22 1
Jibs_PC#7811558190991963136 placearmies 21 1
Jibs_PC#7811558190991963136 placearmies 22 1
Jibs_PC#7811558190991963136 attack 22 24
Jibs_PC#7811558190991963136 roll 3
Jibs_PC#7811558190991963136 roll 1
DICE 3 1 3 2 0 1 
Jibs_PC#7811558190991963136 move all
Jibs_PC#7811558190991963136 attack 24 23
Jibs_PC#7811558190991963136 roll 3
Jibs_PC#7811558190991963136 roll 1
DICE 3 1 4 4 2 2 
Jibs_PC#7811558190991963136 move all
Jibs_PC#7811558190991963136 attack 23 25
Jibs_PC#7811558190991963136 roll 3
Jibs_PC#7811558190991963136 roll 2
DICE 3 2 5 3 2 2 2 
Jibs_PC#7811558190991963136 move all
Jibs_PC#7811558190991963136 attack 25 26
Jibs_PC#7811558190991963136 roll 3
Jibs_PC#7811558190991963136 roll 2
DICE 3 2 3 3 1 1 0 
Jibs_PC#7811558190991963136 move all
Jibs_PC#7811558190991963136 endattack
Jibs_PC#7811558190991963136 movearmies 26 24 5
CARD 30
Jibs_PC#7811558190991963136 placearmies 1 1
Jibs_PC#7811558190991963136 placearmies 1 1
Jibs_PC#7811558190991963136 placearmies 1 1
Jibs_PC#7811558190991963136 placearmies 1 1
Jibs_PC#7811558190991963136 placearmies 1 1
Jibs_PC#7811558190991963136 placearmies 1 1
Jibs_PC#7811558190991963136 placearmies 1 1
Jibs_PC#7811558190991963136 placearmies 1 1
Jibs_PC#7811558190991963136 attack 1 38
Jibs_PC#7811558190991963136 roll 3
Jibs_PC#7811558190991963136 roll 2
DICE 3 2 5 5 4 0 0 
Jibs_PC#7811558190991963136 roll 3
Jibs_PC#7811558190991963136 roll 2
DICE 3 2 5 2 1 3 3 
Jibs_PC#7811558190991963136 roll 3
Jibs_PC#7811558190991963136 roll 2
DICE 3 2 5 2 1 4 3 
Jibs_PC#7811558190991963136 roll 3
Jibs_PC#7811558190991963136 roll 2
DICE 3 2 3 2 1 1 0 
Jibs_PC#7811558190991963136 roll 3
Jibs_PC#7811558190991963136 roll 1
DICE 3 1 3 2 0 3 
Jibs_PC#7811558190991963136 roll 3
Jibs_PC#7811558190991963136 roll 1
DICE 3 1 5 1 0 0 
Jibs_PC#7811558190991963136 move all
Jibs_PC#7811558190991963136 attack 38 36
Jibs_PC#7811558190991963136 roll 3
Jibs_PC#7811558190991963136 roll 1
DICE 3 1 5 4 4 3 
Jibs_PC#7811558190991963136 move all
Jibs_PC#7811558190991963136 attack 36 29
Jibs_PC#7811558190991963136 roll 3
Jibs_PC#7811558190991963136 roll 1
DICE 3 1 4 2 2 5 
Jibs_PC#7811558190991963136 roll 2
Jibs_PC#7811558190991963136 roll 1
DICE 2 1 3 3 5 
Jibs_PC#7811558190991963136 retreat
Jibs_PC#7811558190991963136 attack 36 29
Jibs_PC#7811558190991963136 roll 1
Jibs_PC#7811558190991963136 roll 1
DICE 1 1 2 0 
Jibs_PC#7811558190991963136 endattack
Jibs_PC#7811558190991963136 nomove
CARD 9
Jibs_PC#7811558190991963136 placearmies 32 1
Jibs_PC#7811558190991963136 placearmies 32 1
Jibs_PC#7811558190991963136 placearmies 32 1
Jibs_PC#7811558190991963136 placearmies 32 1
Jibs_PC#7811558190991963136 placearmies 32 1
Jibs_PC#7811558190991963136 placearmies 32 1
Jibs_PC#7811558190991963136 attack 32 29
Jibs_PC#7811558190991963136 roll 3
Jibs_PC#7811558190991963136 roll 1
DICE 3 1 4 3 1 0 
Jibs_PC#7811558190991963136 move all
Jibs_PC#7811558190991963136 attack 29 36
Jibs_PC#7811558190991963136 roll 3
Jibs_PC#7811558190991963136 roll 1
DICE 3 1 5 4 2 0 
Jibs_PC#7811558190991963136 move all
Jibs_PC#7811558190991963136 attack 36 38
Jibs_PC#7811558190991963136 roll 3
Jibs_PC#7811558190991963136 roll 1
DICE 3 1 5 4 1 0 
Jibs_PC#7811558190991963136 move all
Jibs_PC#7811558190991963136 endattack
Jibs_PC#7811558190991963136 nomove
CARD 1
Jibs_PC#7811558190991963136 placearmies 14 1
Jibs_PC#7811558190991963136 placearmies 17 1
Jibs_PC#7811558190991963136 placearmies 18 1
Jibs_PC#7811558190991963136 placearmies 15 1
Jibs_PC#7811558190991963136 placearmies 20 1
Jibs_PC#7811558190991963136 endattack
Jibs_PC#7811558190991963136 nomove
CARD 
Jibs_PC#7811558190991963136 placearmies 22 1
Jibs_PC#7811558190991963136 placearmies 22 1
Jibs_PC#7811558190991963136 placearmies 22 1
Jibs_PC#7811558190991963136 placearmies 22 1
Jibs_PC#7811558190991963136 placearmies 22 1
Jibs_PC#7811558190991963136 placearmies 22 1
Jibs_PC#7811558190991963136 attack 22 31
Jibs_PC#7811558190991963136 roll 3
Jibs_PC#7811558190991963136 roll 2
DICE 3 2 4 1 1 5 4 
Jibs_PC#7811558190991963136 roll 3
Jibs_PC#7811558190991963136 roll 2
DICE 3 2 3 1 0 4 1 
Jibs_PC#7811558190991963136 roll 2
Jibs_PC#7811558190991963136 roll 2
DICE 2 2 5 3 2 1 
Jibs_PC#7811558190991963136 roll 2
Jibs_PC#7811558190991963136 roll 2
DICE 2 2 1 0 4 2 
Jibs_PC#7811558190991963136 endattack
Jibs_PC#7811558190991963136 nomove
CARD 
Jibs_PC#7811558190991963136 placearmies 6 1
Jibs_PC#7811558190991963136 placearmies 6 1
Jibs_PC#7811558190991963136 placearmies 1 1
Jibs_PC#7811558190991963136 placearmies 1 1
Jibs_PC#7811558190991963136 placearmies 1 1
Jibs_PC#7811558190991963136 placearmies 1 1
Jibs_PC#7811558190991963136 placearmies 1 1
Jibs_PC#7811558190991963136 placearmies 1 1
Jibs_PC#7811558190991963136 attack 1 38
Jibs_PC#7811558190991963136 roll 3
Jibs_PC#7811558190991963136 roll 2
DICE 3 2 4 2 0 4 2 
Jibs_PC#7811558190991963136 roll 3
Jibs_PC#7811558190991963136 roll 2
DICE 3 2 3 3 2 3 0 
Jibs_PC#7811558190991963136 roll 3
Jibs_PC#7811558190991963136 roll 2
DICE 3 2 5 5 3 2 0 
Jibs_PC#7811558190991963136 roll 3
Jibs_PC#7811558190991963136 roll 1
DICE 3 1 3 2 0 2 
Jibs_PC#7811558190991963136 attack 38 37
Jibs_PC#7811558190991963136 roll 2
Jibs_PC#7811558190991963136 roll 1
DICE 2 1 5 5 3 
Jibs_PC#7811558190991963136 attack 37 36
Jibs_PC#7811558190991963136 roll 1
Jibs_PC#7811558190991963136 roll 1
DICE 1 1 3 3 
Jibs_PC#7811558190991963136 endattack
Jibs_PC#7811558190991963136 nomove
CARD 35
Jibs_PC#7811558190991963136 placearmies 31 1
Jibs_PC#7811558190991963136 placearmies 31 1
Jibs_PC#7811558190991963136 placearmies 36 1
Jibs_PC#7811558190991963136 placearmies 36 1
Jibs_PC#7811558190991963136 placearmies 36 1
Jibs_PC#7811558190991963136 placearmies 36 1
Jibs_PC#7811558190991963136 placearmies 36 1
Jibs_PC#7811558190991963136 attack 36 37
Jibs_PC#7811558190991963136 roll 3
Jibs_PC#7811558190991963136 roll 1
DICE 3 1 5 5 2 2 
Jibs_PC#7811558190991963136 move all
Jibs_PC#7811558190991963136 attack 37 38
Jibs_PC#7811558190991963136 roll 3
Jibs_PC#7811558190991963136 roll 1
DICE 3 1 4 2 0 0 
Jibs_PC#7811558190991963136 move all
Jibs_PC#7811558190991963136 attack 31 22
Jibs_PC#7811558190991963136 roll 3
Jibs_PC#7811558190991963136 roll 1
DICE 3 1 4 1 0 4 
Jibs_PC#7811558190991963136 roll 1
Jibs_PC#7811558190991963136 roll 1
DICE 1 1 2 5 
Jibs_PC#7811558190991963136 roll 1
Jibs_PC#7811558190991963136 roll 1
DICE 1 1 3 2 
Jibs_PC#7811558190991963136 move 1
Jibs_PC#7811558190991963136 attack 38 1
Jibs_PC#7811558190991963136 roll 3
Jibs_PC#7811558190991963136 roll 1
DICE 3 1 4 2 0 3 
Jibs_PC#7811558190991963136 endattack
Jibs_PC#7811558190991963136 nomove
CARD 20
Jibs_PC#7811558190991963136 placearmies 20 1
Jibs_PC#7811558190991963136 placearmies 20 1
Jibs_PC#7811558190991963136 placearmies 20 1
Jibs_PC#7811558190991963136 placearmies 20 1
Jibs_PC#7811558190991963136 placearmies 20 1
Jibs_PC#7811558190991963136 attack 20 31
Jibs_PC#7811558190991963136 roll 3
Jibs_PC#7811558190991963136 roll 2
DICE 3 2 3 1 1 3 2 
Jibs_PC#7811558190991963136 roll 3
Jibs_PC#7811558190991963136 roll 2
DICE 3 2 1 0 0 2 0 
Jibs_PC#7811558190991963136 roll 3
Jibs_PC#7811558190991963136 roll 2
DICE 3 2 5 3 1 1 0 
Jibs_PC#7811558190991963136 move all
Jibs_PC#7811558190991963136 attack 31 32
Jibs_PC#7811558190991963136 roll 3
Jibs_PC#7811558190991963136 roll 1
DICE 3 1 5 3 3 5 
Jibs_PC#7811558190991963136 roll 3
Jibs_PC#7811558190991963136 roll 1
DICE 3 1 5 3 2 2 
Jibs_PC#7811558190991963136 attack 32 33
Jibs_PC#7811558190991963136 roll 2
Jibs_PC#7811558190991963136 roll 2
DICE 2 2 5 0 1 0 
Jibs_PC#7811558190991963136 retreat
Jibs_PC#7811558190991963136 attack 32 33
Jibs_PC#7811558190991963136 roll 1
Jibs_PC#7811558190991963136 roll 1
DICE 1 1 1 0 
Jibs_PC#7811558190991963136 attack 17 19
Jibs_PC#7811558190991963136 roll 3
Jibs_PC#7811558190991963136 roll 2
DICE 3 2 5 1 0 5 2 
Jibs_PC#7811558190991963136 roll 3
Jibs_PC#7811558190991963136 roll 2
DICE 3 2 5 4 1 4 0 
Jibs_PC#7811558190991963136 roll 3
Jibs_PC#7811558190991963136 roll 2
DICE 3 2 4 3 1 4 0 
Jibs_PC#7811558190991963136 roll 2
Jibs_PC#7811558190991963136 roll 2
DICE 2 2 2 0 2 1 
Jibs_PC#7811558190991963136 attack 18 19
Jibs_PC#7811558190991963136 roll 3
Jibs_PC#7811558190991963136 roll 2
DICE 3 2 5 4 0 2 1 
Jibs_PC#7811558190991963136 roll 3
Jibs_PC#7811558190991963136 roll 1
DICE 3 1 4 3 0 3 
Jibs_PC#7811558190991963136 move 3
Jibs_PC#7811558190991963136 endattack
Jibs_PC#7811558190991963136 nomove
CARD 15
Jibs_PC#7811558190991963136 placearmies 24 1
Jibs_PC#7811558190991963136 placearmies 24 1
Jibs_PC#7811558190991963136 placearmies 21 1
Jibs_PC#7811558190991963136 attack 24 22
Jibs_PC#7811558190991963136 roll 3
Jibs_PC#7811558190991963136 roll 1
DICE 3 1 5 4 3 0 
Jibs_PC#7811558190991963136 move all
Jibs_PC#7811558190991963136 endattack
Jibs_PC#7811558190991963136 nomove
CARD 22
Jibs_PC#7811558190991963136 trade 2 35 38
Jibs_PC#7811558190991963136 placearmies 2 1
Jibs_PC#7811558190991963136 placearmies 2 1
Jibs_PC#7811558190991963136 placearmies 2 1
Jibs_PC#7811558190991963136 placearmies 6 1
Jibs_PC#7811558190991963136 placearmies 6 1
Jibs_PC#7811558190991963136 placearmies 6 1
Jibs_PC#7811558190991963136 placearmies 5 1
Jibs_PC#7811558190991963136 placearmies 2 1
Jibs_PC#7811558190991963136 placearmies 2 1
Jibs_PC#7811558190991963136 placearmies 2 1
Jibs_PC#7811558190991963136 placearmies 2 1
Jibs_PC#7811558190991963136 placearmies 2 1
Jibs_PC#7811558190991963136 placearmies 2 1
Jibs_PC#7811558190991963136 attack 2 1
Jibs_PC#7811558190991963136 roll 3
Jibs_PC#7811558190991963136 roll 2
DICE 3 2 1 1 1 4 0 
Jibs_PC#7811558190991963136 roll 3
Jibs_PC#7811558190991963136 roll 2
DICE 3 2 4 0 0 2 2 
Jibs_PC#7811558190991963136 roll 3
Jibs_PC#7811558190991963136 roll 1
DICE 3 1 5 2 2 2 
Jibs_PC#7811558190991963136 move all
Jibs_PC#7811558190991963136 attack 1 38
Jibs_PC#7811558190991963136 roll 3
Jibs_PC#7811558190991963136 roll 1
DICE 3 1 4 3 1 0 
Jibs_PC#7811558190991963136 move all
Jibs_PC#7811558190991963136 attack 38 36
Jibs_PC#7811558190991963136 roll 1
Jibs_PC#7811558190991963136 roll 1
DICE 1 1 0 1 
Jibs_PC#7811558190991963136 roll 1
Jibs_PC#7811558190991963136 roll 1
DICE 1 1 4 3 
Jibs_PC#7811558190991963136 move 1
Jibs_PC#7811558190991963136 attack 38 37
Jibs_PC#7811558190991963136 roll 1
Jibs_PC#7811558190991963136 roll 1
DICE 1 1 4 3 
Jibs_PC#7811558190991963136 move 1
Jibs_PC#7811558190991963136 attack 38 34
Jibs_PC#7811558190991963136 roll 3
Jibs_PC#7811558190991963136 roll 1
DICE 3 1 4 0 0 4 
Jibs_PC#7811558190991963136 roll 1
Jibs_PC#7811558190991963136 roll 1
DICE 1 1 5 3 
Jibs_PC#7811558190991963136 move 1
Jibs_PC#7811558190991963136 attack 38 35
Jibs_PC#7811558190991963136 roll 2
Jibs_PC#7811558190991963136 roll 1
DICE 2 1 5 1 0 
Jibs_PC#7811558190991963136 attack 35 27
Jibs_PC#7811558190991963136 roll 1
Jibs_PC#7811558190991963136 roll 1
DICE 1 1 5 5 
Jibs_PC#7811558190991963136 endattack
Jibs_PC#7811558190991963136 nomove
CARD 5
Jibs_PC#7811558190991963136 trade 33 14 20
Jibs_PC#7811558190991963136 placearmies 39 1
Jibs_PC#7811558190991963136 placearmies 39 1
Jibs_PC#7811558190991963136 placearmies 39 1
Jibs_PC#7811558190991963136 placearmies 39 1
Jibs_PC#7811558190991963136 placearmies 29 1
Jibs_PC#7811558190991963136 placearmies 29 1
Jibs_PC#7811558190991963136 placearmies 27 1
Jibs_PC#7811558190991963136 placearmies 27 1
Jibs_PC#7811558190991963136 placearmies 27 1
Jibs_PC#7811558190991963136 placearmies 39 1
Jibs_PC#7811558190991963136 placearmies 29 1
Jibs_PC#7811558190991963136 placearmies 27 1
Jibs_PC#7811558190991963136 placearmies 30 1
Jibs_PC#7811558190991963136 placearmies 39 1
Jibs_PC#7811558190991963136 placearmies 29 1
Jibs_PC#7811558190991963136 attack 39 33
Jibs_PC#7811558190991963136 roll 3
Jibs_PC#7811558190991963136 roll 1
DICE 3 1 4 3 0 5 
Jibs_PC#7811558190991963136 roll 3
Jibs_PC#7811558190991963136 roll 1
DICE 3 1 4 2 1 5 
Jibs_PC#7811558190991963136 roll 3
Jibs_PC#7811558190991963136 roll 1
DICE 3 1 5 4 1 3 
Jibs_PC#7811558190991963136 move all
Jibs_PC#7811558190991963136 attack 33 32
Jibs_PC#7811558190991963136 roll 3
Jibs_PC#7811558190991963136 roll 1
DICE 3 1 5 5 1 0 
Jibs_PC#7811558190991963136 attack 30 31
Jibs_PC#7811558190991963136 roll 3
Jibs_PC#7811558190991963136 roll 1
DICE 3 1 4 3 1 2 
Jibs_PC#7811558190991963136 attack 29 36
Jibs_PC#7811558190991963136 roll 3
Jibs_PC#7811558190991963136 roll 1
DICE 3 1 4 4 1 4 
Jibs_PC#7811558190991963136 roll 3
Jibs_PC#7811558190991963136 roll 1
DICE 3 1 4 2 1 4 
Jibs_PC#7811558190991963136 roll 2
Jibs_PC#7811558190991963136 roll 1
DICE 2 1 4 1 1 
Jibs_PC#7811558190991963136 attack 36 37
Jibs_PC#7811558190991963136 roll 1
Jibs_PC#7811558190991963136 roll 1
DICE 1 1 4 4 
Jibs_PC#7811558190991963136 attack 27 35
Jibs_PC#7811558190991963136 roll 3
Jibs_PC#7811558190991963136 roll 1
DICE 3 1 5 5 4 2 
Jibs_PC#7811558190991963136 move all
Jibs_PC#7811558190991963136 attack 35 34
Jibs_PC#7811558190991963136 roll 3
Jibs_PC#7811558190991963136 roll 1
DICE 3 1 4 3 2 1 
Jibs_PC#7811558190991963136 attack 34 38
Jibs_PC#7811558190991963136 roll 2
Jibs_PC#7811558190991963136 roll 1
DICE 2 1 5 1 0 
Jibs_PC#7811558190991963136 attack 38 1
Jibs_PC#7811558190991963136 roll 1
Jibs_PC#7811558190991963136 roll 1
DICE 1 1 2 4 
Jibs_PC#7811558190991963136 endattack
Jibs_PC#7811558190991963136 movearmies 32 31 2
CARD 31
Jibs_PC#7811558190991963136 placearmies 15 1
Jibs_PC#7811558190991963136 placearmies 15 1
Jibs_PC#7811558190991963136 placearmies 15 1
Jibs_PC#7811558190991963136 placearmies 15 1
Jibs_PC#7811558190991963136 placearmies 15 1
Jibs_PC#7811558190991963136 placearmies 15 1
Jibs_PC#7811558190991963136 attack 15 16
Jibs_PC#7811558190991963136 roll 3
Jibs_PC#7811558190991963136 roll 2
DICE 3 2 2 2 0 5 5 
Jibs_PC#7811558190991963136 roll 3
Jibs_PC#7811558190991963136 roll 2
DICE 3 2 4 3 3 2 2 
Jibs_PC#7811558190991963136 roll 3
Jibs_PC#7811558190991963136 roll 2
DICE 3 2 5 2 1 3 1 
Jibs_PC#7811558190991963136 roll 3
Jibs_PC#7811558190991963136 roll 2
DICE 3 2 4 1 0 1 0 
Jibs_PC#7811558190991963136 roll 3
Jibs_PC#7811558190991963136 roll 1
DICE 3 1 1 0 0 5 
Jibs_PC#7811558190991963136 roll 3
Jibs_PC#7811558190991963136 roll 1
DICE 3 1 4 2 0 2 
Jibs_PC#7811558190991963136 move all
Jibs_PC#7811558190991963136 endattack
Jibs_PC#7811558190991963136 movearmies 18 20 1
CARD 3
Jibs_PC#7811558190991963136 placearmies 22 1
Jibs_PC#7811558190991963136 placearmies 22 1
Jibs_PC#7811558190991963136 placearmies 22 1
Jibs_PC#7811558190991963136 placearmies 21 1
Jibs_PC#7811558190991963136 placearmies 21 1
Jibs_PC#7811558190991963136 placearmies 22 1
Jibs_PC#7811558190991963136 attack 21 19
Jibs_PC#7811558190991963136 roll 2
Jibs_PC#7811558190991963136 roll 2
DICE 2 2 2 0 3 0 
Jibs_PC#7811558190991963136 roll 2
Jibs_PC#7811558190991963136 roll 2
DICE 2 2 5 3 5 2 
Jibs_PC#7811558190991963136 roll 3
Jibs_PC#7811558190991963136 roll 2
DICE 3 2 4 1 0 5 2 
Jibs_PC#7811558190991963136 roll 3
Jibs_PC#7811558190991963136 roll 2
DICE 3 2 2 2 2 5 4 
Jibs_PC#7811558190991963136 roll 3
Jibs_PC#7811558190991963136 roll 2
DICE 3 2 5 5 1 5 4 
Jibs_PC#7811558190991963136 roll 3
Jibs_PC#7811558190991963136 roll 1
DICE 3 1 3 2 1 2 
Jibs_PC#7811558190991963136 endattack
Jibs_PC#7811558190991963136 movearmies 22 21 5
CARD 26
Jibs_PC#7811558190991963136 placearmies 1 1
Jibs_PC#7811558190991963136 placearmies 1 1
Jibs_PC#7811558190991963136 placearmies 1 1
Jibs_PC#7811558190991963136 placearmies 1 1
Jibs_PC#7811558190991963136 placearmies 1 1
Jibs_PC#7811558190991963136 placearmies 1 1
Jibs_PC#7811558190991963136 placearmies 1 1
Jibs_PC#7811558190991963136 placearmies 1 1
Jibs_PC#7811558190991963136 attack 1 38
Jibs_PC#7811558190991963136 roll 3
Jibs_PC#7811558190991963136 roll 1
DICE 3 1 3 1 1 4 
Jibs_PC#7811558190991963136 roll 3
Jibs_PC#7811558190991963136 roll 1
DICE 3 1 4 3 2 1 
Jibs_PC#7811558190991963136 move all
Jibs_PC#7811558190991963136 attack 38 36
Jibs_PC#7811558190991963136 roll 3
Jibs_PC#7811558190991963136 roll 1
DICE 3 1 1 0 0 0 
Jibs_PC#7811558190991963136 move all
Jibs_PC#7811558190991963136 attack 36 29
Jibs_PC#7811558190991963136 roll 3
Jibs_PC#7811558190991963136 roll 1
DICE 3 1 5 2 1 4 
Jibs_PC#7811558190991963136 move all
Jibs_PC#7811558190991963136 attack 29 33
Jibs_PC#7811558190991963136 roll 3
Jibs_PC#7811558190991963136 roll 1
DICE 3 1 5 3 3 0 
Jibs_PC#7811558190991963136 move all
Jibs_PC#7811558190991963136 attack 33 39
Jibs_PC#7811558190991963136 roll 1
Jibs_PC#7811558190991963136 roll 1
DICE 1 1 4 5 
Jibs_PC#7811558190991963136 roll 1
Jibs_PC#7811558190991963136 roll 1
DICE 1 1 0 1 
Jibs_PC#7811558190991963136 roll 1
Jibs_PC#7811558190991963136 roll 1
DICE 1 1 0 4 
Jibs_PC#7811558190991963136 attack 5 10
Jibs_PC#7811558190991963136 roll 3
Jibs_PC#7811558190991963136 roll 2
DICE 3 2 4 1 0 3 0 
Jibs_PC#7811558190991963136 roll 3
Jibs_PC#7811558190991963136 roll 2
DICE 3 2 5 2 0 4 4 
Jibs_PC#7811558190991963136 roll 3
Jibs_PC#7811558190991963136 roll 2
DICE 3 2 5 1 0 4 2 
Jibs_PC#7811558190991963136 roll 3
Jibs_PC#7811558190991963136 roll 2
DICE 3 2 5 5 4 3 1 
Jibs_PC#7811558190991963136 move all
Jibs_PC#7811558190991963136 endattack
Jibs_PC#7811558190991963136 nomove
CARD 36
Jibs_PC#7811558190991963136 placearmies 39 1
Jibs_PC#7811558190991963136 placearmies 39 1
Jibs_PC#7811558190991963136 placearmies 39 1
Jibs_PC#7811558190991963136 placearmies 39 1
Jibs_PC#7811558190991963136 placearmies 39 1
Jibs_PC#7811558190991963136 attack 39 33
Jibs_PC#7811558190991963136 roll 3
Jibs_PC#7811558190991963136 roll 1
DICE 3 1 2 2 0 5 
Jibs_PC#7811558190991963136 roll 3
Jibs_PC#7811558190991963136 roll 1
DICE 3 1 2 1 0 3 
Jibs_PC#7811558190991963136 roll 3
Jibs_PC#7811558190991963136 roll 1
DICE 3 1 2 1 0 5 
Jibs_PC#7811558190991963136 retreat
Jibs_PC#7811558190991963136 endattack
Jibs_PC#7811558190991963136 nomove
CARD 
Jibs_PC#7811558190991963136 placearmies 18 1
Jibs_PC#7811558190991963136 placearmies 18 1
Jibs_PC#7811558190991963136 placearmies 18 1
Jibs_PC#7811558190991963136 attack 18 19
Jibs_PC#7811558190991963136 roll 3
Jibs_PC#7811558190991963136 roll 2
DICE 3 2 4 1 0 5 0 
Jibs_PC#7811558190991963136 roll 2
Jibs_PC#7811558190991963136 roll 2
DICE 2 2 3 3 4 0 
Jibs_PC#7811558190991963136 roll 1
Jibs_PC#7811558190991963136 roll 1
DICE 1 1 4 5 
Jibs_PC#7811558190991963136 endattack
Jibs_PC#7811558190991963136 nomove
CARD 
Jibs_PC#7811558190991963136 trade 30 22 26
Jibs_PC#7811558190991963136 placearmies 21 1
Jibs_PC#7811558190991963136 placearmies 21 1
Jibs_PC#7811558190991963136 placearmies 21 1
Jibs_PC#7811558190991963136 placearmies 21 1
Jibs_PC#7811558190991963136 placearmies 19 1
Jibs_PC#7811558190991963136 placearmies 19 1
Jibs_PC#7811558190991963136 placearmies 19 1
Jibs_PC#7811558190991963136 placearmies 19 1
Jibs_PC#7811558190991963136 placearmies 22 1
Jibs_PC#7811558190991963136 placearmies 21 1
Jibs_PC#7811558190991963136 attack 21 12
Jibs_PC#7811558190991963136 roll 3
Jibs_PC#7811558190991963136 roll 2
DICE 3 2 5 4 3 5 4 
Jibs_PC#7811558190991963136 roll 3
Jibs_PC#7811558190991963136 roll 2
DICE 3 2 5 3 1 5 4 
Jibs_PC#7811558190991963136 roll 3
Jibs_PC#7811558190991963136 roll 2
DICE 3 2 4 3 3 2 1 
Jibs_PC#7811558190991963136 roll 3
Jibs_PC#7811558190991963136 roll 2
DICE 3 2 5 2 1 4 0 
Jibs_PC#7811558190991963136 roll 3
Jibs_PC#7811558190991963136 roll 2
DICE 3 2 3 0 0 3 1 
Jibs_PC#7811558190991963136 roll 3
Jibs_PC#7811558190991963136 roll 2
DICE 3 2 4 3 2 3 1 
Jibs_PC#7811558190991963136 move all
Jibs_PC#7811558190991963136 attack 19 20
Jibs_PC#7811558190991963136 roll 2
Jibs_PC#7811558190991963136 roll 2
DICE 2 2 5 4 3 1 
Jibs_PC#7811558190991963136 move 2
Jibs_PC#7811558190991963136 attack 19 18
Jibs_PC#7811558190991963136 roll 1
Jibs_PC#7811558190991963136 roll 1
DICE 1 1 4 2 
Jibs_PC#7811558190991963136 move 1
Jibs_PC#7811558190991963136 attack 19 17
Jibs_PC#7811558190991963136 roll 1
Jibs_PC#7811558190991963136 roll 1
DICE 1 1 1 4 
Jibs_PC#7811558190991963136 endattack
Jibs_PC#7811558190991963136 nomove
CARD 16
Jibs_PC#7811558190991963136 placearmies 38 1
Jibs_PC#7811558190991963136 placearmies 38 1
Jibs_PC#7811558190991963136 placearmies 38 1
Jibs_PC#7811558190991963136 placearmies 10 1
Jibs_PC#7811558190991963136 placearmies 10 1
Jibs_PC#7811558190991963136 placearmies 38 1
Jibs_PC#7811558190991963136 placearmies 10 1
Jibs_PC#7811558190991963136 placearmies 10 1
Jibs_PC#7811558190991963136 placearmies 10 1
Jibs_PC#7811558190991963136 placearmies 10 1
Jibs_PC#7811558190991963136 placearmies 10 1
Jibs_PC#7811558190991963136 attack 10 11
Jibs_PC#7811558190991963136 roll 3
Jibs_PC#7811558190991963136 roll 1
DICE 3 1 5 4 2 0 
Jibs_PC#7811558190991963136 move all
Jibs_PC#7811558190991963136 attack 11 13
Jibs_PC#7811558190991963136 roll 3
Jibs_PC#7811558190991963136 roll 1
DICE 3 1 4 2 0 0 
Jibs_PC#7811558190991963136 move all
Jibs_PC#7811558190991963136 attack 13 12
Jibs_PC#7811558190991963136 roll 3
Jibs_PC#7811558190991963136 roll 2
DICE 3 2 4 2 1 3 1 
Jibs_PC#7811558190991963136 roll 3
Jibs_PC#7811558190991963136 roll 2
DICE 3 2 5 3 0 4 1 
Jibs_PC#7811558190991963136 move all
Jibs_PC#7811558190991963136 attack 12 21
Jibs_PC#7811558190991963136 roll 3
Jibs_PC#7811558190991963136 roll 1
DICE 3 1 5 3 1 4 
Jibs_PC#7811558190991963136 move all
Jibs_PC#7811558190991963136 endattack
Jibs_PC#7811558190991963136 nomove
CARD 10
Jibs_PC#7811558190991963136 placearmies 39 1
Jibs_PC#7811558190991963136 placearmies 39 1
Jibs_PC#7811558190991963136 placearmies 39 1
Jibs_PC#7811558190991963136 placearmies 30 1
Jibs_PC#7811558190991963136 placearmies 28 1
Jibs_PC#7811558190991963136 attack 39 33
Jibs_PC#7811558190991963136 roll 3
Jibs_PC#7811558190991963136 roll 1
DICE 3 1 2 2 0 3 
Jibs_PC#7811558190991963136 roll 3
Jibs_PC#7811558190991963136 roll 1
DICE 3 1 2 1 1 4 
Jibs_PC#7811558190991963136 roll 3
Jibs_PC#7811558190991963136 roll 1
DICE 3 1 1 0 0 2 
Jibs_PC#7811558190991963136 roll 2
Jibs_PC#7811558190991963136 roll 1
DICE 2 1 5 0 5 
Jibs_PC#7811558190991963136 roll 1
Jibs_PC#7811558190991963136 roll 1
DICE 1 1 0 3 
Jibs_PC#7811558190991963136 endattack
Jibs_PC#7811558190991963136 nomove
CARD 
Jibs_PC#7811558190991963136 placearmies 14 1
Jibs_PC#7811558190991963136 placearmies 14 1
Jibs_PC#7811558190991963136 placearmies 14 1
Jibs_PC#7811558190991963136 attack 14 6
Jibs_PC#7811558190991963136 roll 3
Jibs_PC#7811558190991963136 roll 2
DICE 3 2 4 3 0 2 0 
Jibs_PC#7811558190991963136 roll 3
Jibs_PC#7811558190991963136 roll 2
DICE 3 2 4 2 1 5 0 
Jibs_PC#7811558190991963136 roll 3
Jibs_PC#7811558190991963136 roll 2
DICE 3 2 4 3 2 3 0 
Jibs_PC#7811558190991963136 roll 3
Jibs_PC#7811558190991963136 roll 1
DICE 3 1 5 1 0 5 
Jibs_PC#7811558190991963136 roll 3
Jibs_PC#7811558190991963136 roll 1
DICE 3 1 4 3 1 2 
Jibs_PC#7811558190991963136 move all
Jibs_PC#7811558190991963136 attack 16 20
Jibs_PC#7811558190991963136 roll 3
Jibs_PC#7811558190991963136 roll 2
DICE 3 2 3 3 0 4 3 
Jibs_PC#7811558190991963136 roll 3
Jibs_PC#7811558190991963136 roll 2
DICE 3 2 4 3 0 5 3 
Jibs_PC#7811558190991963136 retreat
Jibs_PC#7811558190991963136 endattack
Jibs_PC#7811558190991963136 nomove
CARD 12
Jibs_PC#7811558190991963136 placearmies 22 1
Jibs_PC#7811558190991963136 placearmies 22 1
Jibs_PC#7811558190991963136 placearmies 22 1
Jibs_PC#7811558190991963136 attack 22 21
Jibs_PC#7811558190991963136 roll 3
Jibs_PC#7811558190991963136 roll 2
DICE 3 2 4 4 1 5 4 
Jibs_PC#7811558190991963136 roll 3
Jibs_PC#7811558190991963136 roll 2
DICE 3 2 5 4 2 0 0 
Jibs_PC#7811558190991963136 roll 3
Jibs_PC#7811558190991963136 roll 2
DICE 3 2 4 0 0 3 2 
Jibs_PC#7811558190991963136 roll 3
Jibs_PC#7811558190991963136 roll 2
DICE 3 2 5 2 2 3 1 
Jibs_PC#7811558190991963136 roll 3
Jibs_PC#7811558190991963136 roll 1
DICE 3 1 5 2 0 1 
Jibs_PC#7811558190991963136 move all
Jibs_PC#7811558190991963136 attack 21 12
Jibs_PC#7811558190991963136 roll 3
Jibs_PC#7811558190991963136 roll 1
DICE 3 1 3 0 0 4 
Jibs_PC#7811558190991963136 roll 3
Jibs_PC#7811558190991963136 roll 1
DICE 3 1 2 2 1 2 
Jibs_PC#7811558190991963136 roll 3
Jibs_PC#7811558190991963136 roll 1
DICE 3 1 0 0 0 5 
Jibs_PC#7811558190991963136 roll 3
Jibs_PC#7811558190991963136 roll 1
DICE 3 1 1 0 0 0 
Jibs_PC#7811558190991963136 move all
Jibs_PC#7811558190991963136 attack 12 10
Jibs_PC#7811558190991963136 roll 3
Jibs_PC#7811558190991963136 roll 1
DICE 3 1 1 1 0 0 
Jibs_PC#7811558190991963136 attack 10 5
Jibs_PC#7811558190991963136 roll 2
Jibs_PC#7811558190991963136 roll 1
DICE 2 1 5 0 0 
Jibs_PC#7811558190991963136 endattack
Jibs_PC#7811558190991963136 nomove
CARD wildcard
Jibs_PC#7811558190991963136 trade 9 36 10
Jibs_PC#7811558190991963136 placearmies 9 1
Jibs_PC#7811558190991963136 placearmies 9 1
Jibs_PC#7811558190991963136 placearmies 9 1
Jibs_PC#7811558190991963136 placearmies 9 1
Jibs_PC#7811558190991963136 placearmies 36 1
Jibs_PC#7811558190991963136 placearmies 36 1
Jibs_PC#7811558190991963136 placearmies 36 1
Jibs_PC#7811558190991963136 placearmies 33 1
Jibs_PC#7811558190991963136 placearmies 33 1
Jibs_PC#7811558190991963136 placearmies 36 1
Jibs_PC#7811558190991963136 placearmies 38 1
Jibs_PC#7811558190991963136 placearmies 36 1
Jibs_PC#7811558190991963136 attack 38 34
Jibs_PC#7811558190991963136 roll 3
Jibs_PC#7811558190991963136 roll 1
DICE 3 1 3 3 2 5 
Jibs_PC#7811558190991963136 roll 3
Jibs_PC#7811558190991963136 roll 1
DICE 3 1 4 3 0 4 
Jibs_PC#7811558190991963136 roll 3
Jibs_PC#7811558190991963136 roll 1
DICE 3 1 4 2 2 5 
Jibs_PC#7811558190991963136 roll 2
Jibs_PC#7811558190991963136 roll 1
DICE 2 1 4 0 2 
Jibs_PC#7811558190991963136 attack 36 35
Jibs_PC#7811558190991963136 roll 3
Jibs_PC#7811558190991963136 roll 1
DICE 3 1 4 3 1 5 
Jibs_PC#7811558190991963136 roll 3
Jibs_PC#7811558190991963136 roll 1
DICE 3 1 5 2 0 5 
Jibs_PC#7811558190991963136 roll 3
Jibs_PC#7811558190991963136 roll 1
DICE 3 1 5 2 1 2 
Jibs_PC#7811558190991963136 attack 35 27
Jibs_PC#7811558190991963136 roll 2
Jibs_PC#7811558190991963136 roll 1
DICE 2 1 1 0 4 
Jibs_PC#7811558190991963136 roll 1
Jibs_PC#7811558190991963136 roll 1
DICE 1 1 1 0 
Jibs_PC#7811558190991963136 attack 33 39
Jibs_PC#7811558190991963136 roll 2
Jibs_PC#7811558190991963136 roll 1
DICE 2 1 4 0 2 
Jibs_PC#7811558190991963136 attack 39 41
Jibs_PC#7811558190991963136 roll 1
Jibs_PC#7811558190991963136 roll 1
DICE 1 1 3 3 
Jibs_PC#7811558190991963136 attack 9 5
Jibs_PC#7811558190991963136 roll 3
Jibs_PC#7811558190991963136 roll 2
DICE 3 2 5 4 0 3 3 
Jibs_PC#7811558190991963136 move all
Jibs_PC#7811558190991963136 attack 5 10
Jibs_PC#7811558190991963136 roll 3
Jibs_PC#7811558190991963136 roll 1
DICE 3 1 4 1 0 1 
Jibs_PC#7811558190991963136 move all
Jibs_PC#7811558190991963136 attack 10 12
Jibs_PC#7811558190991963136 roll 3
Jibs_PC#7811558190991963136 roll 1
DICE 3 1 1 0 0 2 
Jibs_PC#7811558190991963136 roll 3
Jibs_PC#7811558190991963136 roll 1
DICE 3 1 2 2 1 5 
Jibs_PC#7811558190991963136 retreat
Jibs_PC#7811558190991963136 attack 10 12
Jibs_PC#7811558190991963136 roll 2
Jibs_PC#7811558190991963136 roll 1
DICE 2 1 4 4 0 
Jibs_PC#7811558190991963136 attack 12 21
Jibs_PC#7811558190991963136 roll 1
Jibs_PC#7811558190991963136 roll 1
DICE 1 1 5 0 
Jibs_PC#7811558190991963136 endattack
Jibs_PC#7811558190991963136 nomove
CARD 7
Jibs_PC#7811558190991963136 placearmies 41 1
Jibs_PC#7811558190991963136 placearmies 41 1
Jibs_PC#7811558190991963136 placearmies 41 1
Jibs_PC#7811558190991963136 placearmies 41 1
Jibs_PC#7811558190991963136 attack 41 39
Jibs_PC#7811558190991963136 roll 3
Jibs_PC#7811558190991963136 roll 1
DICE 3 1 5 0 0 4 
Jibs_PC#7811558190991963136 attack 39 33
Jibs_PC#7811558190991963136 roll 2
Jibs_PC#7811558190991963136 roll 1
DICE 2 1 2 1 0 
Jibs_PC#7811558190991963136 endattack
Jibs_PC#7811558190991963136 movearmies 30 28 1
CARD 27
Jibs_PC#7811558190991963136 placearmies 17 1
Jibs_PC#7811558190991963136 placearmies 17 1
Jibs_PC#7811558190991963136 placearmies 17 1
Jibs_PC#7811558190991963136 attack 17 19
Jibs_PC#7811558190991963136 roll 3
Jibs_PC#7811558190991963136 roll 1
DICE 3 1 4 4 2 0 
Jibs_PC#7811558190991963136 attack 19 18
Jibs_PC#7811558190991963136 roll 2
Jibs_PC#7811558190991963136 roll 1
DICE 2 1 5 3 4 
Jibs_PC#7811558190991963136 endattack
Jibs_PC#7811558190991963136 nomove
CARD 39
Jibs_PC#7811558190991963136 trade 18 16 wildcard
Jibs_PC#7811558190991963136 placearmies 22 1
Jibs_PC#7811558190991963136 placearmies 22 1
Jibs_PC#7811558190991963136 placearmies 22 1
Jibs_PC#7811558190991963136 placearmies 22 1
Jibs_PC#7811558190991963136 placearmies 22 1
Jibs_PC#7811558190991963136 placearmies 22 1
Jibs_PC#7811558190991963136 placearmies 22 1
Jibs_PC#7811558190991963136 placearmies 22 1
Jibs_PC#7811558190991963136 placearmies 22 1
Jibs_PC#7811558190991963136 placearmies 22 1
Jibs_PC#7811558190991963136 placearmies 22 1
Jibs_PC#7811558190991963136 placearmies 22 1
Jibs_PC#7811558190991963136 placearmies 22 1
Jibs_PC#7811558190991963136 attack 22 21
Jibs_PC#7811558190991963136 roll 3
Jibs_PC#7811558190991963136 roll 1
DICE 3 1 4 3 2 0 
Jibs_PC#7811558190991963136 move 9
Jibs_PC#7811558190991963136 attack 21 12
Jibs_PC#7811558190991963136 roll 3
Jibs_PC#7811558190991963136 roll 1
DICE 3 1 4 1 0 5 
Jibs_PC#7811558190991963136 roll 3
Jibs_PC#7811558190991963136 roll 1
DICE 3 1 4 4 4 3 
Jibs_PC#7811558190991963136 move all
Jibs_PC#7811558190991963136 attack 12 13
Jibs_PC#7811558190991963136 roll 3
Jibs_PC#7811558190991963136 roll 1
DICE 3 1 5 3 3 0 
Jibs_PC#7811558190991963136 move all
Jibs_PC#7811558190991963136 attack 13 11
Jibs_PC#7811558190991963136 roll 3
Jibs_PC#7811558190991963136 roll 1
DICE 3 1 5 2 1 5 
Jibs_PC#7811558190991963136 roll 3
Jibs_PC#7811558190991963136 roll 1
DICE 3 1 5 2 2 2 
Jibs_PC#7811558190991963136 move all
Jibs_PC#7811558190991963136 attack 11 10
Jibs_PC#7811558190991963136 roll 3
Jibs_PC#7811558190991963136 roll 1
DICE 3 1 5 3 0 2 
Jibs_PC#7811558190991963136 attack 10 5
Jibs_PC#7811558190991963136 roll 2
Jibs_PC#7811558190991963136 roll 1
DICE 2 1 5 0 1 
Jibs_PC#7811558190991963136 endattack
Jibs_PC#7811558190991963136 movearmies 20 21 1
CARD 42
Jibs_PC#7811558190991963136 placearmies 9 1
Jibs_PC#7811558190991963136 placearmies 4 1
Jibs_PC#7811558190991963136 placearmies 9 1
Jibs_PC#7811558190991963136 placearmies 4 1
Jibs_PC#7811558190991963136 endattack
Jibs_PC#7811558190991963136 nomove
CARD 
Jibs_PC#7811558190991963136 trade 31 27 8
Jibs_PC#7811558190991963136 placearmies 32 1
Jibs_PC#7811558190991963136 placearmies 32 1
Jibs_PC#7811558190991963136 placearmies 32 1
Jibs_PC#7811558190991963136 placearmies 32 1
Jibs_PC#7811558190991963136 placearmies 32 1
Jibs_PC#7811558190991963136 placearmies 32 1
Jibs_PC#7811558190991963136 placearmies 30 1
Jibs_PC#7811558190991963136 placearmies 30 1
Jibs_PC#7811558190991963136 placearmies 30 1
Jibs_PC#7811558190991963136 placearmies 32 1
Jibs_PC#7811558190991963136 placearmies 32 1
Jibs_PC#7811558190991963136 placearmies 32 1
Jibs_PC#7811558190991963136 placearmies 30 1
Jibs_PC#7811558190991963136 attack 32 29
Jibs_PC#7811558190991963136 roll 3
Jibs_PC#7811558190991963136 roll 1
DICE 3 1 3 3 0 2 
Jibs_PC#7811558190991963136 move all
Jibs_PC#7811558190991963136 attack 29 27
Jibs_PC#7811558190991963136 roll 3
Jibs_PC#7811558190991963136 roll 1
DICE 3 1 4 4 1 4 
Jibs_PC#7811558190991963136 roll 3
Jibs_PC#7811558190991963136 roll 1
DICE 3 1 5 5 4 1 
Jibs_PC#7811558190991963136 move all
Jibs_PC#7811558190991963136 attack 27 35
Jibs_PC#7811558190991963136 roll 3
Jibs_PC#7811558190991963136 roll 1
DICE 3 1 5 2 2 3 
Jibs_PC#7811558190991963136 move all
Jibs_PC#7811558190991963136 attack 35 36
Jibs_PC#7811558190991963136 roll 1
Jibs_PC#7811558190991963136 roll 1
DICE 1 1 3 2 
Jibs_PC#7811558190991963136 move 1
Jibs_PC#7811558190991963136 attack 35 34
Jibs_PC#7811558190991963136 roll 3
Jibs_PC#7811558190991963136 roll 2
DICE 3 2 4 0 0 2 0 
Jibs_PC#7811558190991963136 roll 3
Jibs_PC#7811558190991963136 roll 1
DICE 3 1 5 4 0 3 
Jibs_PC#7811558190991963136 attack 34 38
Jibs_PC#7811558190991963136 roll 2
Jibs_PC#7811558190991963136 roll 1
DICE 2 1 5 2 5 
Jibs_PC#7811558190991963136 roll 1
Jibs_PC#7811558190991963136 roll 1
DICE 1 1 0 2 
Jibs_PC#7811558190991963136 endattack
Jibs_PC#7811558190991963136 nomove
CARD 6
Jibs_PC#7811558190991963136 trade 15 19 39
Jibs_PC#7811558190991963136 placearmies 18 1
Jibs_PC#7811558190991963136 placearmies 18 1
Jibs_PC#7811558190991963136 placearmies 16 1
Jibs_PC#7811558190991963136 placearmies 16 1
Jibs_PC#7811558190991963136 placearmies 16 1
Jibs_PC#7811558190991963136 placearmies 18 1
Jibs_PC#7811558190991963136 placearmies 19 1
Jibs_PC#7811558190991963136 placearmies 19 1
Jibs_PC#7811558190991963136 placearmies 19 1
Jibs_PC#7811558190991963136 placearmies 16 1
Jibs_PC#7811558190991963136 placearmies 18 1
Jibs_PC#7811558190991963136 placearmies 19 1
Jibs_PC#7811558190991963136 placearmies 19 1
Jibs_PC#7811558190991963136 attack 18 20
Jibs_PC#7811558190991963136 roll 3
Jibs_PC#7811558190991963136 roll 1
DICE 3 1 4 4 3 3 
Jibs_PC#7811558190991963136 move all
Jibs_PC#7811558190991963136 attack 19 21
Jibs_PC#7811558190991963136 roll 1
Jibs_PC#7811558190991963136 roll 2
DICE 1 2 3 5 5 
Jibs_PC#7811558190991963136 roll 2
Jibs_PC#7811558190991963136 roll 2
DICE 2 2 1 1 5 0 
Jibs_PC#7811558190991963136 roll 1
Jibs_PC#7811558190991963136 roll 1
DICE 1 1 4 4 
Jibs_PC#7811558190991963136 roll 1
Jibs_PC#7811558190991963136 roll 1
DICE 1 1 3 5 
Jibs_PC#7811558190991963136 roll 1
Jibs_PC#7811558190991963136 roll 1
DICE 1 1 0 0 
Jibs_PC#7811558190991963136 attack 20 21
Jibs_PC#7811558190991963136 roll 1
Jibs_PC#7811558190991963136 roll 1
DICE 1 1 1 0 
Jibs_PC#7811558190991963136 move 1
Jibs_PC#7811558190991963136 endattack
Jibs_PC#7811558190991963136 nomove
CARD 34
Jibs_PC#7811558190991963136 placearmies 12 1
Jibs_PC#7811558190991963136 placearmies 12 1
Jibs_PC#7811558190991963136 placearmies 5 1
Jibs_PC#7811558190991963136 placearmies 5 1
Jibs_PC#7811558190991963136 placearmies 5 1
Jibs_PC#7811558190991963136 attack 12 21
Jibs_PC#7811558190991963136 roll 2
Jibs_PC#7811558190991963136 roll 1
DICE 2 1 4 4 1 
Jibs_PC#7811558190991963136 endattack
Jibs_PC#7811558190991963136 nomove
CARD 24
Jibs_PC#7811558190991963136 placearmies 38 1
Jibs_PC#7811558190991963136 placearmies 38 1
Jibs_PC#7811558190991963136 placearmies 38 1
Jibs_PC#7811558190991963136 attack 38 34
Jibs_PC#7811558190991963136 roll 3
Jibs_PC#7811558190991963136 roll 1
DICE 3 1 5 3 1 0 
Jibs_PC#7811558190991963136 attack 34 35
Jibs_PC#7811558190991963136 roll 2
Jibs_PC#7811558190991963136 roll 1
DICE 2 1 5 1 4 
Jibs_PC#7811558190991963136 endattack
Jibs_PC#7811558190991963136 nomove
CARD 37
Jibs_PC#7811558190991963136 placearmies 27 1
Jibs_PC#7811558190991963136 placearmies 27 1
Jibs_PC#7811558190991963136 placearmies 27 1
Jibs_PC#7811558190991963136 placearmies 27 1
Jibs_PC#7811558190991963136 placearmies 27 1
Jibs_PC#7811558190991963136 placearmies 27 1
Jibs_PC#7811558190991963136 attack 27 35
Jibs_PC#7811558190991963136 roll 3
Jibs_PC#7811558190991963136 roll 2
DICE 3 2 5 1 0 5 1 
Jibs_PC#7811558190991963136 roll 3
Jibs_PC#7811558190991963136 roll 2
DICE 3 2 5 2 1 5 4 
Jibs_PC#7811558190991963136 roll 2
Jibs_PC#7811558190991963136 roll 2
DICE 2 2 4 1 5 2 
Jibs_PC#7811558190991963136 endattack
Jibs_PC#7811558190991963136 nomove
CARD 
Jibs_PC#7811558190991963136 trade 3 12 34
Jibs_PC#7811558190991963136 placearmies 19 1
Jibs_PC#7811558190991963136 placearmies 19 1
Jibs_PC#7811558190991963136 placearmies 19 1
Jibs_PC#7811558190991963136 placearmies 19 1
Jibs_PC#7811558190991963136 placearmies 20 1
Jibs_PC#7811558190991963136 placearmies 16 1
Jibs_PC#7811558190991963136 placearmies 6 1
Jibs_PC#7811558190991963136 placearmies 19 1
Jibs_PC#7811558190991963136 placearmies 20 1
Jibs_PC#7811558190991963136 placearmies 16 1
Jibs_PC#7811558190991963136 placearmies 20 1
Jibs_PC#7811558190991963136 placearmies 19 1
Jibs_PC#7811558190991963136 placearmies 6 1
Jibs_PC#7811558190991963136 placearmies 19 1
Jibs_PC#7811558190991963136 placearmies 19 1
Jibs_PC#7811558190991963136 placearmies 20 1
Jibs_PC#7811558190991963136 placearmies 16 1
Jibs_PC#7811558190991963136 placearmies 6 1
Jibs_PC#7811558190991963136 attack 19 21
Jibs_PC#7811558190991963136 roll 1
Jibs_PC#7811558190991963136 roll 2
DICE 1 2 0 3 2 
Jibs_PC#7811558190991963136 roll 1
Jibs_PC#7811558190991963136 roll 2
DICE 1 2 0 2 1 
Jibs_PC#7811558190991963136 roll 3
Jibs_PC#7811558190991963136 roll 2
DICE 3 2 4 3 0 3 0 
Jibs_PC#7811558190991963136 move 3
Jibs_PC#7811558190991963136 endattack
Jibs_PC#7811558190991963136 movearmies 21 19 2
CARD 4
Jibs_PC#7811558190991963136 placearmies 23 1
Jibs_PC#7811558190991963136 placearmies 23 1
Jibs_PC#7811558190991963136 placearmies 23 1
Jibs_PC#7811558190991963136 placearmies 23 1
Jibs_PC#7811558190991963136 placearmies 23 1
Jibs_PC#7811558190991963136 attack 23 21
Jibs_PC#7811558190991963136 roll 3
Jibs_PC#7811558190991963136 roll 1
DICE 3 1 3 2 1 2 
Jibs_PC#7811558190991963136 move all
Jibs_PC#7811558190991963136 endattack
Jibs_PC#7811558190991963136 nomove
CARD 32
Jibs_PC#7811558190991963136 placearmies 9 1
Jibs_PC#7811558190991963136 placearmies 9 1
Jibs_PC#7811558190991963136 placearmies 4 1
Jibs_PC#7811558190991963136 attack 9 5
Jibs_PC#7811558190991963136 roll 3
Jibs_PC#7811558190991963136 roll 2
DICE 3 2 5 2 0 5 4 
Jibs_PC#7811558190991963136 roll 2
Jibs_PC#7811558190991963136 roll 2
DICE 2 2 1 1 3 0 
Jibs_PC#7811558190991963136 roll 1
Jibs_PC#7811558190991963136 roll 2
DICE 1 2 0 3 2 
Jibs_PC#7811558190991963136 attack 4 5
Jibs_PC#7811558190991963136 roll 3
Jibs_PC#7811558190991963136 roll 2
DICE 3 2 5 4 0 5 0 
Jibs_PC#7811558190991963136 roll 2
Jibs_PC#7811558190991963136 roll 2
DICE 2 2 5 4 5 0 
Jibs_PC#7811558190991963136 roll 1
Jibs_PC#7811558190991963136 roll 2
DICE 1 2 5 1 0 
Jibs_PC#7811558190991963136 roll 1
Jibs_PC#7811558190991963136 roll 1
DICE 1 1 2 0 
Jibs_PC#7811558190991963136 endattack
Jibs_PC#7811558190991963136 nomove
CARD 29
Jibs_PC#7811558190991963136 placearmies 28 1
Jibs_PC#7811558190991963136 placearmies 27 1
Jibs_PC#7811558190991963136 placearmies 27 1
Jibs_PC#7811558190991963136 placearmies 27 1
Jibs_PC#7811558190991963136 placearmies 27 1
Jibs_PC#7811558190991963136 placearmies 27 1
Jibs_PC#7811558190991963136 attack 27 35
Jibs_PC#7811558190991963136 roll 3
Jibs_PC#7811558190991963136 roll 2
DICE 3 2 2 1 0 2 2 
Jibs_PC#7811558190991963136 roll 3
Jibs_PC#7811558190991963136 roll 2
DICE 3 2 4 0 0 5 3 
Jibs_PC#7811558190991963136 roll 1
Jibs_PC#7811558190991963136 roll 2
DICE 1 2 5 5 1 
Jibs_PC#7811558190991963136 endattack
Jibs_PC#7811558190991963136 nomove
CARD 
Jibs_PC#7811558190991963136 placearmies 19 1
Jibs_PC#7811558190991963136 placearmies 20 1
Jibs_PC#7811558190991963136 placearmies 16 1
Jibs_PC#7811558190991963136 placearmies 19 1
Jibs_PC#7811558190991963136 placearmies 19 1
Jibs_PC#7811558190991963136 placearmies 19 1
Jibs_PC#7811558190991963136 placearmies 19 1
Jibs_PC#7811558190991963136 placearmies 19 1
Jibs_PC#7811558190991963136 attack 19 21
Jibs_PC#7811558190991963136 roll 3
Jibs_PC#7811558190991963136 roll 2
DICE 3 2 5 5 4 3 0 
Jibs_PC#7811558190991963136 roll 3
Jibs_PC#7811558190991963136 roll 2
DICE 3 2 5 4 1 5 3 
Jibs_PC#7811558190991963136 roll 3
Jibs_PC#7811558190991963136 roll 2
DICE 3 2 5 2 0 3 0 
Jibs_PC#7811558190991963136 move all
Jibs_PC#7811558190991963136 attack 21 12
Jibs_PC#7811558190991963136 roll 1
Jibs_PC#7811558190991963136 roll 1
DICE 1 1 1 2 
Jibs_PC#7811558190991963136 roll 1
Jibs_PC#7811558190991963136 roll 1
DICE 1 1 4 0 
Jibs_PC#7811558190991963136 move 1
Jibs_PC#7811558190991963136 attack 21 22
Jibs_PC#7811558190991963136 roll 3
Jibs_PC#7811558190991963136 roll 2
DICE 3 2 2 2 0 5 3 
Jibs_PC#7811558190991963136 roll 3
Jibs_PC#7811558190991963136 roll 2
DICE 3 2 5 2 0 4 2 
Jibs_PC#7811558190991963136 roll 3
Jibs_PC#7811558190991963136 roll 2
DICE 3 2 5 5 1 5 5 
Jibs_PC#7811558190991963136 roll 2
Jibs_PC#7811558190991963136 roll 2
DICE 2 2 2 2 5 4 
Jibs_PC#7811558190991963136 endattack
Jibs_PC#7811558190991963136 nomove
CARD 28
Jibs_PC#7811558190991963136 placearmies 23 1
Jibs_PC#7811558190991963136 placearmies 13 1
Jibs_PC#7811558190991963136 placearmies 23 1
Jibs_PC#7811558190991963136 attack 23 21
Jibs_PC#7811558190991963136 roll 2
Jibs_PC#7811558190991963136 roll 1
DICE 2 1 5 4 3 
Jibs_PC#7811558190991963136 attack 13 12
Jibs_PC#7811558190991963136 roll 1
Jibs_PC#7811558190991963136 roll 1
DICE 1 1 4 1 
Jibs_PC#7811558190991963136 attack 21 19
Jibs_PC#7811558190991963136 roll 1
Jibs_PC#7811558190991963136 roll 1
DICE 1 1 1 2 
Jibs_PC#7811558190991963136 endattack
Jibs_PC#7811558190991963136 nomove
CARD 17
Jibs_PC#7811558190991963136 trade 7 5 29
Jibs_PC#7811558190991963136 placearmies 5 1
Jibs_PC#7811558190991963136 placearmies 5 1
Jibs_PC#7811558190991963136 placearmies 5 1
Jibs_PC#7811558190991963136 placearmies 5 1
Jibs_PC#7811558190991963136 placearmies 5 1
Jibs_PC#7811558190991963136 placearmies 5 1
Jibs_PC#7811558190991963136 placearmies 5 1
Jibs_PC#7811558190991963136 placearmies 5 1
Jibs_PC#7811558190991963136 placearmies 5 1
Jibs_PC#7811558190991963136 placearmies 5 1
Jibs_PC#7811558190991963136 attack 5 10
Jibs_PC#7811558190991963136 roll 3
Jibs_PC#7811558190991963136 roll 1
DICE 3 1 5 5 3 3 
Jibs_PC#7811558190991963136 move all
Jibs_PC#7811558190991963136 attack 10 11
Jibs_PC#7811558190991963136 roll 3
Jibs_PC#7811558190991963136 roll 1
DICE 3 1 5 3 0 5 
Jibs_PC#7811558190991963136 roll 3
Jibs_PC#7811558190991963136 roll 1
DICE 3 1 5 3 1 4 
Jibs_PC#7811558190991963136 move all
Jibs_PC#7811558190991963136 attack 11 13
Jibs_PC#7811558190991963136 roll 3
Jibs_PC#7811558190991963136 roll 1
DICE 3 1 4 4 2 1 
Jibs_PC#7811558190991963136 move all
Jibs_PC#7811558190991963136 attack 13 12
Jibs_PC#7811558190991963136 roll 3
Jibs_PC#7811558190991963136 roll 1
DICE 3 1 4 1 0 3 
Jibs_PC#7811558190991963136 move all
Jibs_PC#7811558190991963136 attack 7 6
Jibs_PC#7811558190991963136 roll 2
Jibs_PC#7811558190991963136 roll 2
DICE 2 2 4 1 5 5 
Jibs_PC#7811558190991963136 endattack
Jibs_PC#7811558190991963136 nomove
CARD 11
Jibs_PC#7811558190991963136 placearmies 27 1
Jibs_PC#7811558190991963136 placearmies 27 1
Jibs_PC#7811558190991963136 placearmies 27 1
Jibs_PC#7811558190991963136 placearmies 27 1
Jibs_PC#7811558190991963136 placearmies 27 1
Jibs_PC#7811558190991963136 placearmies 27 1
Jibs_PC#7811558190991963136 attack 27 35
Jibs_PC#7811558190991963136 roll 3
Jibs_PC#7811558190991963136 roll 2
DICE 3 2 2 0 0 5 4 
Jibs_PC#7811558190991963136 roll 3
Jibs_PC#7811558190991963136 roll 2
DICE 3 2 5 5 1 3 3 
Jibs_PC#7811558190991963136 move all
Jibs_PC#7811558190991963136 attack 35 34
Jibs_PC#7811558190991963136 roll 3
Jibs_PC#7811558190991963136 roll 1
DICE 3 1 5 5 2 1 
Jibs_PC#7811558190991963136 endattack
Jibs_PC#7811558190991963136 nomove
CARD wildcard
Jibs_PC#7811558190991963136 placearmies 19 1
Jibs_PC#7811558190991963136 placearmies 19 1
Jibs_PC#7811558190991963136 placearmies 19 1
Jibs_PC#7811558190991963136 placearmies 19 1
Jibs_PC#7811558190991963136 placearmies 19 1
Jibs_PC#7811558190991963136 placearmies 19 1
Jibs_PC#7811558190991963136 placearmies 19 1
Jibs_PC#7811558190991963136 placearmies 19 1
Jibs_PC#7811558190991963136 attack 19 21
Jibs_PC#7811558190991963136 roll 3
Jibs_PC#7811558190991963136 roll 1
DICE 3 1 5 3 0 4 
Jibs_PC#7811558190991963136 move all
Jibs_PC#7811558190991963136 endattack
Jibs_PC#7811558190991963136 nomove
CARD 13
Jibs_PC#7811558190991963136 trade 24 32 17
Jibs_PC#7811558190991963136 placearmies 23 1
Jibs_PC#7811558190991963136 placearmies 23 1
Jibs_PC#7811558190991963136 placearmies 23 1
Jibs_PC#7811558190991963136 placearmies 23 1
Jibs_PC#7811558190991963136 placearmies 23 1
Jibs_PC#7811558190991963136 placearmies 23 1
Jibs_PC#7811558190991963136 placearmies 22 1
Jibs_PC#7811558190991963136 placearmies 22 1
Jibs_PC#7811558190991963136 placearmies 22 1
Jibs_PC#7811558190991963136 placearmies 23 1
Jibs_PC#7811558190991963136 placearmies 23 1
Jibs_PC#7811558190991963136 placearmies 22 1
Jibs_PC#7811558190991963136 placearmies 22 1
Jibs_PC#7811558190991963136 attack 23 21
Jibs_PC#7811558190991963136 roll 3
Jibs_PC#7811558190991963136 roll 2
DICE 3 2 4 2 1 4 2 
Jibs_PC#7811558190991963136 roll 3
Jibs_PC#7811558190991963136 roll 2
DICE 3 2 5 2 0 2 0 
Jibs_PC#7811558190991963136 roll 3
Jibs_PC#7811558190991963136 roll 2
DICE 3 2 5 4 3 3 0 
Jibs_PC#7811558190991963136 roll 3
Jibs_PC#7811558190991963136 roll 2
DICE 3 2 4 3 0 3 3 
Jibs_PC#7811558190991963136 roll 3
Jibs_PC#7811558190991963136 roll 2
DICE 3 2 4 4 3 5 3 
Jibs_PC#7811558190991963136 roll 3
Jibs_PC#7811558190991963136 roll 2
DICE 3 2 3 2 1 2 1 
Jibs_PC#7811558190991963136 move all
Jibs_PC#7811558190991963136 attack 21 19
Jibs_PC#7811558190991963136 roll 3
Jibs_PC#7811558190991963136 roll 1
DICE 3 1 3 2 0 1 
Jibs_PC#7811558190991963136 endattack
Jibs_PC#7811558190991963136 movearmies 19 21 2
CARD 40
Jibs_PC#7811558190991963136 placearmies 8 1
Jibs_PC#7811558190991963136 placearmies 8 1
Jibs_PC#7811558190991963136 placearmies 8 1
Jibs_PC#7811558190991963136 placearmies 8 1
Jibs_PC#7811558190991963136 placearmies 8 1
Jibs_PC#7811558190991963136 placearmies 8 1
Jibs_PC#7811558190991963136 attack 8 6
Jibs_PC#7811558190991963136 roll 3
Jibs_PC#7811558190991963136 roll 2
DICE 3 2 5 5 0 5 2 
Jibs_PC#7811558190991963136 roll 3
Jibs_PC#7811558190991963136 roll 2
DICE 3 2 5 5 0 4 3 
Jibs_PC#7811558190991963136 roll 3
Jibs_PC#7811558190991963136 roll 2
DICE 3 2 5 4 0 3 1 
Jibs_PC#7811558190991963136 roll 3
Jibs_PC#7811558190991963136 roll 2
DICE 3 2 5 4 4 4 2 
Jibs_PC#7811558190991963136 move all
Jibs_PC#7811558190991963136 attack 6 14
Jibs_PC#7811558190991963136 roll 3
Jibs_PC#7811558190991963136 roll 1
DICE 3 1 4 3 0 1 
Jibs_PC#7811558190991963136 move all
Jibs_PC#7811558190991963136 endattack
Jibs_PC#7811558190991963136 nomove
CARD 23
Jibs_PC#7811558190991963136 trade 6 wildcard 1
Jibs_PC#7811558190991963136 placearmies 28 1
Jibs_PC#7811558190991963136 placearmies 30 1
Jibs_PC#7811558190991963136 placearmies 28 1
Jibs_PC#7811558190991963136 placearmies 30 1
Jibs_PC#7811558190991963136 placearmies 30 1
Jibs_PC#7811558190991963136 placearmies 28 1
Jibs_PC#7811558190991963136 placearmies 31 1
Jibs_PC#7811558190991963136 placearmies 28 1
Jibs_PC#7811558190991963136 placearmies 28 1
Jibs_PC#7811558190991963136 placearmies 30 1
Jibs_PC#7811558190991963136 placearmies 31 1
Jibs_PC#7811558190991963136 placearmies 36 1
Jibs_PC#7811558190991963136 placearmies 36 1
Jibs_PC#7811558190991963136 placearmies 36 1
Jibs_PC#7811558190991963136 placearmies 36 1
Jibs_PC#7811558190991963136 placearmies 36 1
Jibs_PC#7811558190991963136 placearmies 36 1
Jibs_PC#7811558190991963136 attack 36 37
Jibs_PC#7811558190991963136 roll 3
Jibs_PC#7811558190991963136 roll 1
DICE 3 1 5 2 2 2 
Jibs_PC#7811558190991963136 move all
Jibs_PC#7811558190991963136 attack 34 38
Jibs_PC#7811558190991963136 roll 2
Jibs_PC#7811558190991963136 roll 1
DICE 2 1 0 0 0 
Jibs_PC#7811558190991963136 roll 1
Jibs_PC#7811558190991963136 roll 1
DICE 1 1 1 3 
Jibs_PC#7811558190991963136 attack 37 38
Jibs_PC#7811558190991963136 roll 3
Jibs_PC#7811558190991963136 roll 1
DICE 3 1 5 3 0 4 
Jibs_PC#7811558190991963136 move all
Jibs_PC#7811558190991963136 attack 38 1
Jibs_PC#7811558190991963136 roll 3
Jibs_PC#7811558190991963136 roll 1
DICE 3 1 3 3 2 0 
Jibs_PC#7811558190991963136 endattack
Jibs_PC#7811558190991963136 nomove
CARD 25
Jibs_PC#7811558190991963136 placearmies 20 1
Jibs_PC#7811558190991963136 placearmies 15 1
Jibs_PC#7811558190991963136 placearmies 15 1
Jibs_PC#7811558190991963136 attack 15 14
Jibs_PC#7811558190991963136 roll 3
Jibs_PC#7811558190991963136 roll 2
DICE 3 2 3 1 0 3 3 
Jibs_PC#7811558190991963136 roll 2
Jibs_PC#7811558190991963136 roll 2
DICE 2 2 4 0 1 1 
Jibs_PC#7811558190991963136 roll 1
Jibs_PC#7811558190991963136 roll 2
DICE 1 2 2 2 1 
Jibs_PC#7811558190991963136 attack 20 19
Jibs_PC#7811558190991963136 roll 3
Jibs_PC#7811558190991963136 roll 1
DICE 3 1 5 4 0 3 
Jibs_PC#7811558190991963136 move all
Jibs_PC#7811558190991963136 endattack
Jibs_PC#7811558190991963136 movearmies 19 20 4
CARD 41
Jibs_PC#7811558190991963136 placearmies 21 1
Jibs_PC#7811558190991963136 placearmies 21 1
Jibs_PC#7811558190991963136 placearmies 21 1
Jibs_PC#7811558190991963136 placearmies 22 1
Jibs_PC#7811558190991963136 placearmies 21 1
Jibs_PC#7811558190991963136 placearmies 21 1
Jibs_PC#7811558190991963136 endattack
Jibs_PC#7811558190991963136 movearmies 24 21 2
CARD 
Jibs_PC#7811558190991963136 placearmies 2 1
Jibs_PC#7811558190991963136 placearmies 2 1
Jibs_PC#7811558190991963136 placearmies 14 1
Jibs_PC#7811558190991963136 placearmies 2 1
Jibs_PC#7811558190991963136 placearmies 2 1
Jibs_PC#7811558190991963136 placearmies 2 1
Jibs_PC#7811558190991963136 placearmies 2 1
Jibs_PC#7811558190991963136 attack 2 1
Jibs_PC#7811558190991963136 roll 3
Jibs_PC#7811558190991963136 roll 2
DICE 3 2 4 2 1 2 1 
Jibs_PC#7811558190991963136 roll 3
Jibs_PC#7811558190991963136 roll 1
DICE 3 1 3 0 0 1 
Jibs_PC#7811558190991963136 move all
Jibs_PC#7811558190991963136 attack 1 38
Jibs_PC#7811558190991963136 roll 3
Jibs_PC#7811558190991963136 roll 1
DICE 3 1 2 0 0 5 
Jibs_PC#7811558190991963136 roll 3
Jibs_PC#7811558190991963136 roll 1
DICE 3 1 5 3 2 5 
Jibs_PC#7811558190991963136 retreat
Jibs_PC#7811558190991963136 endattack
Jibs_PC#7811558190991963136 nomove
CARD 21
Jibs_PC#7811558190991963136 placearmies 38 1
Jibs_PC#7811558190991963136 placearmies 38 1
Jibs_PC#7811558190991963136 placearmies 38 1
Jibs_PC#7811558190991963136 placearmies 38 1
Jibs_PC#7811558190991963136 placearmies 28 1
Jibs_PC#7811558190991963136 placearmies 28 1
Jibs_PC#7811558190991963136 placearmies 28 1
Jibs_PC#7811558190991963136 placearmies 28 1
Jibs_PC#7811558190991963136 placearmies 28 1
Jibs_PC#7811558190991963136 placearmies 28 1
Jibs_PC#7811558190991963136 placearmies 28 1
Jibs_PC#7811558190991963136 placearmies 28 1
Jibs_PC#7811558190991963136 placearmies 28 1
Jibs_PC#7811558190991963136 placearmies 28 1
Jibs_PC#7811558190991963136 attack 28 16
Jibs_PC#7811558190991963136 roll 3
Jibs_PC#7811558190991963136 roll 2
DICE 3 2 5 2 2 5 3 
Jibs_PC#7811558190991963136 roll 3
Jibs_PC#7811558190991963136 roll 2
DICE 3 2 4 3 0 5 3 
Jibs_PC#7811558190991963136 roll 3
Jibs_PC#7811558190991963136 roll 2
DICE 3 2 5 4 3 3 0 
Jibs_PC#7811558190991963136 roll 3
Jibs_PC#7811558190991963136 roll 2
DICE 3 2 4 3 2 4 1 
Jibs_PC#7811558190991963136 roll 3
Jibs_PC#7811558190991963136 roll 2
DICE 3 2 2 1 1 2 1 
Jibs_PC#7811558190991963136 roll 3
Jibs_PC#7811558190991963136 roll 2
DICE 3 2 4 3 0 3 0 
Jibs_PC#7811558190991963136 roll 3
Jibs_PC#7811558190991963136 roll 2
DICE 3 2 5 1 0 4 1 
Jibs_PC#7811558190991963136 roll 3
Jibs_PC#7811558190991963136 roll 2
DICE 3 2 5 2 0 4 1 
Jibs_PC#7811558190991963136 roll 3
Jibs_PC#7811558190991963136 roll 2
DICE 3 2 3 1 1 1 0 
Jibs_PC#7811558190991963136 move all
Jibs_PC#7811558190991963136 endattack
Jibs_PC#7811558190991963136 nomove
CARD 30
Jibs_PC#7811558190991963136 trade 4 28 41
Jibs_PC#7811558190991963136 placearmies 17 1
Jibs_PC#7811558190991963136 placearmies 17 1
Jibs_PC#7811558190991963136 placearmies 17 1
Jibs_PC#7811558190991963136 placearmies 17 1
Jibs_PC#7811558190991963136 placearmies 17 1
Jibs_PC#7811558190991963136 placearmies 17 1
Jibs_PC#7811558190991963136 placearmies 17 1
Jibs_PC#7811558190991963136 placearmies 20 1
Jibs_PC#7811558190991963136 placearmies 20 1
Jibs_PC#7811558190991963136 placearmies 20 1
Jibs_PC#7811558190991963136 placearmies 20 1
Jibs_PC#7811558190991963136 placearmies 20 1
Jibs_PC#7811558190991963136 placearmies 20 1
Jibs_PC#7811558190991963136 attack 17 14
Jibs_PC#7811558190991963136 roll 3
Jibs_PC#7811558190991963136 roll 2
DICE 3 2 5 2 0 4 0 
Jibs_PC#7811558190991963136 roll 3
Jibs_PC#7811558190991963136 roll 2
DICE 3 2 3 2 1 2 0 
Jibs_PC#7811558190991963136 move all
Jibs_PC#7811558190991963136 attack 14 6
Jibs_PC#7811558190991963136 roll 3
Jibs_PC#7811558190991963136 roll 1
DICE 3 1 1 1 0 0 
Jibs_PC#7811558190991963136 move all
Jibs_PC#7811558190991963136 attack 20 16
Jibs_PC#7811558190991963136 roll 3
Jibs_PC#7811558190991963136 roll 2
DICE 3 2 4 1 0 5 2 
Jibs_PC#7811558190991963136 roll 3
Jibs_PC#7811558190991963136 roll 2
DICE 3 2 4 3 1 4 1 
Jibs_PC#7811558190991963136 roll 3
Jibs_PC#7811558190991963136 roll 2
DICE 3 2 4 4 0 5 2 
Jibs_PC#7811558190991963136 roll 3
Jibs_PC#7811558190991963136 roll 2
DICE 3 2 5 2 0 4 2 
Jibs_PC#7811558190991963136 roll 3
Jibs_PC#7811558190991963136 roll 2
DICE 3 2 4 4 0 3 0 
Jibs_PC#7811558190991963136 roll 3
Jibs_PC#7811558190991963136 roll 2
DICE 3 2 4 4 1 4 3 
Jibs_PC#7811558190991963136 roll 3
Jibs_PC#7811558190991963136 roll 2
DICE 3 2 4 3 1 4 3 
Jibs_PC#7811558190991963136 roll 2
Jibs_PC#7811558190991963136 roll 2
DICE 2 2 4 4 3 2 
Jibs_PC#7811558190991963136 roll 2
Jibs_PC#7811558190991963136 roll 2
DICE 2 2 4 1 0 0 
Jibs_PC#7811558190991963136 endattack
Jibs_PC#7811558190991963136 nomove
CARD 18
Jibs_PC#7811558190991963136 placearmies 21 1
Jibs_PC#7811558190991963136 placearmies 21 1
Jibs_PC#7811558190991963136 placearmies 22 1
Jibs_PC#7811558190991963136 placearmies 22 1
Jibs_PC#7811558190991963136 placearmies 21 1
Jibs_PC#7811558190991963136 placearmies 21 1
Jibs_PC#7811558190991963136 attack 22 20
Jibs_PC#7811558190991963136 roll 1
Jibs_PC#7811558190991963136 roll 1
DICE 1 1 3 0 
Jibs_PC#7811558190991963136 move 1
Jibs_PC#7811558190991963136 attack 21 12
Jibs_PC#7811558190991963136 roll 3
Jibs_PC#7811558190991963136 roll 2
DICE 3 2 3 2 0 4 3 
Jibs_PC#7811558190991963136 roll 3
Jibs_PC#7811558190991963136 roll 2
DICE 3 2 5 2 1 3 2 
Jibs_PC#7811558190991963136 roll 3
Jibs_PC#7811558190991963136 roll 2
DICE 3 2 4 1 0 3 2 
Jibs_PC#7811558190991963136 roll 3
Jibs_PC#7811558190991963136 roll 2
DICE 3 2 3 2 2 3 0 
Jibs_PC#7811558190991963136 roll 3
Jibs_PC#7811558190991963136 roll 2
DICE 3 2 4 3 3 4 3 
Jibs_PC#7811558190991963136 roll 3
Jibs_PC#7811558190991963136 roll 2
DICE 3 2 4 3 0 4 4 
Jibs_PC#7811558190991963136 roll 3
Jibs_PC#7811558190991963136 roll 2
DICE 3 2 5 2 1 3 1 
Jibs_PC#7811558190991963136 roll 3
Jibs_PC#7811558190991963136 roll 1
DICE 3 1 5 4 2 3 
Jibs_PC#7811558190991963136 move all
Jibs_PC#7811558190991963136 endattack
Jibs_PC#7811558190991963136 nomove
CARD 12
Jibs_PC#7811558190991963136 placearmies 13 1
Jibs_PC#7811558190991963136 placearmies 13 1
Jibs_PC#7811558190991963136 placearmies 13 1
Jibs_PC#7811558190991963136 attack 13 12
Jibs_PC#7811558190991963136 roll 3
Jibs_PC#7811558190991963136 roll 2
DICE 3 2 4 1 1 1 0 
Jibs_PC#7811558190991963136 roll 3
Jibs_PC#7811558190991963136 roll 2
DICE 3 2 2 2 1 5 3 
Jibs_PC#7811558190991963136 retreat
Jibs_PC#7811558190991963136 endattack
Jibs_PC#7811558190991963136 nomove
CARD 
Jibs_PC#7811558190991963136 placearmies 28 1
Jibs_PC#7811558190991963136 placearmies 28 1
Jibs_PC#7811558190991963136 placearmies 28 1
Jibs_PC#7811558190991963136 placearmies 28 1
Jibs_PC#7811558190991963136 placearmies 28 1
Jibs_PC#7811558190991963136 placearmies 28 1
Jibs_PC#7811558190991963136 placearmies 28 1
Jibs_PC#7811558190991963136 placearmies 28 1
Jibs_PC#7811558190991963136 placearmies 28 1
Jibs_PC#7811558190991963136 placearmies 28 1
Jibs_PC#7811558190991963136 placearmies 28 1
Jibs_PC#7811558190991963136 placearmies 28 1
Jibs_PC#7811558190991963136 placearmies 28 1
Jibs_PC#7811558190991963136 placearmies 28 1
Jibs_PC#7811558190991963136 attack 28 16
Jibs_PC#7811558190991963136 roll 3
Jibs_PC#7811558190991963136 roll 2
DICE 3 2 5 2 0 3 2 
Jibs_PC#7811558190991963136 roll 3
Jibs_PC#7811558190991963136 roll 1
DICE 3 1 5 2 2 1 
Jibs_PC#7811558190991963136 move all
Jibs_PC#7811558190991963136 attack 16 20
Jibs_PC#7811558190991963136 roll 3
Jibs_PC#7811558190991963136 roll 1
DICE 3 1 5 4 2 1 
Jibs_PC#7811558190991963136 move all
Jibs_PC#7811558190991963136 attack 20 19
Jibs_PC#7811558190991963136 roll 3
Jibs_PC#7811558190991963136 roll 2
DICE 3 2 2 0 0 3 0 
Jibs_PC#7811558190991963136 roll 3
Jibs_PC#7811558190991963136 roll 2
DICE 3 2 5 3 0 3 0 
Jibs_PC#7811558190991963136 roll 3
Jibs_PC#7811558190991963136 roll 2
DICE 3 2 5 2 0 1 0 
Jibs_PC#7811558190991963136 roll 3
Jibs_PC#7811558190991963136 roll 1
DICE 3 1 4 2 0 2 
Jibs_PC#7811558190991963136 move all
Jibs_PC#7811558190991963136 attack 19 18
Jibs_PC#7811558190991963136 roll 3
Jibs_PC#7811558190991963136 roll 1
DICE 3 1 5 3 2 5 
Jibs_PC#7811558190991963136 roll 3
Jibs_PC#7811558190991963136 roll 1
DICE 3 1 4 2 0 5 
Jibs_PC#7811558190991963136 roll 3
Jibs_PC#7811558190991963136 roll 1
DICE 3 1 5 3 3 1 
Jibs_PC#7811558190991963136 move all
Jibs_PC#7811558190991963136 attack 18 15
Jibs_PC#7811558190991963136 roll 3
Jibs_PC#7811558190991963136 roll 1
DICE 3 1 5 2 1 5 
Jibs_PC#7811558190991963136 roll 3
Jibs_PC#7811558190991963136 roll 1
DICE 3 1 5 5 1 0 
Jibs_PC#7811558190991963136 move all
Jibs_PC#7811558190991963136 endattack
Jibs_PC#7811558190991963136 nomove
CARD 6
Jibs_PC#7811558190991963136 placearmies 17 1
Jibs_PC#7811558190991963136 placearmies 17 1
Jibs_PC#7811558190991963136 placearmies 17 1
Jibs_PC#7811558190991963136 attack 17 19
Jibs_PC#7811558190991963136 roll 3
Jibs_PC#7811558190991963136 roll 1
DICE 3 1 5 3 2 2 
Jibs_PC#7811558190991963136 attack 19 21
Jibs_PC#7811558190991963136 roll 2
Jibs_PC#7811558190991963136 roll 1
DICE 2 1 5 3 2 
Jibs_PC#7811558190991963136 endattack
Jibs_PC#7811558190991963136 nomove
CARD 31
Jibs_PC#7811558190991963136 trade 42 40 12
Jibs_PC#7811558190991963136 placearmies 23 1
Jibs_PC#7811558190991963136 placearmies 23 1
Jibs_PC#7811558190991963136 placearmies 23 1
Jibs_PC#7811558190991963136 placearmies 23 1
Jibs_PC#7811558190991963136 placearmies 12 1
Jibs_PC#7811558190991963136 placearmies 12 1
Jibs_PC#7811558190991963136 placearmies 12 1
Jibs_PC#7811558190991963136 placearmies 12 1
Jibs_PC#7811558190991963136 placearmies 12 1
Jibs_PC#7811558190991963136 placearmies 12 1
Jibs_PC#7811558190991963136 placearmies 12 1
Jibs_PC#7811558190991963136 placearmies 12 1
Jibs_PC#7811558190991963136 placearmies 12 1
Jibs_PC#7811558190991963136 attack 12 10
Jibs_PC#7811558190991963136 retreat
Jibs_PC#7811558190991963136 attack 12 13
Jibs_PC#7811558190991963136 roll 3
Jibs_PC#7811558190991963136 roll 2
DICE 3 2 5 3 1 3 0 
Jibs_PC#7811558190991963136 move all
Jibs_PC#7811558190991963136 attack 13 11
Jibs_PC#7811558190991963136 roll 3
Jibs_PC#7811558190991963136 roll 1
DICE 3 1 4 1 1 2 
Jibs_PC#7811558190991963136 move all
Jibs_PC#7811558190991963136 attack 11 10
Jibs_PC#7811558190991963136 roll 3
Jibs_PC#7811558190991963136 roll 1
DICE 3 1 5 5 3 1 
Jibs_PC#7811558190991963136 move all
Jibs_PC#7811558190991963136 attack 10 5
Jibs_PC#7811558190991963136 roll 3
Jibs_PC#7811558190991963136 roll 1
DICE 3 1 5 1 1 4 
Jibs_PC#7811558190991963136 move all
Jibs_PC#7811558190991963136 attack 23 21
Jibs_PC#7811558190991963136 roll 3
Jibs_PC#7811558190991963136 roll 2
DICE 3 2 4 4 0 3 1 
Jibs_PC#7811558190991963136 move all
Jibs_PC#7811558190991963136 attack 5 9
Jibs_PC#7811558190991963136 roll 3
Jibs_PC#7811558190991963136 roll 1
DICE 3 1 4 2 1 4 
Jibs_PC#7811558190991963136 roll 3
Jibs_PC#7811558190991963136 roll 1
DICE 3 1 3 2 0 1 
Jibs_PC#7811558190991963136 move all
Jibs_PC#7811558190991963136 attack 9 4
Jibs_PC#7811558190991963136 roll 3
Jibs_PC#7811558190991963136 roll 1
DICE 3 1 5 3 1 2 
Jibs_PC#7811558190991963136 move 3
Jibs_PC#7811558190991963136 endattack
Jibs_PC#7811558190991963136 movearmies 22 21 2
CARD 8
Jibs_PC#7811558190991963136 placearmies 2 1
Jibs_PC#7811558190991963136 placearmies 2 1
Jibs_PC#7811558190991963136 placearmies 1 1
Jibs_PC#7811558190991963136 placearmies 1 1
Jibs_PC#7811558190991963136 endattack
Jibs_PC#7811558190991963136 nomove
CARD 
Jibs_PC#7811558190991963136 trade 25 30 6
Jibs_PC#7811558190991963136 placearmies 15 1
Jibs_PC#7811558190991963136 placearmies 15 1
Jibs_PC#7811558190991963136 placearmies 15 1
Jibs_PC#7811558190991963136 placearmies 15 1
Jibs_PC#7811558190991963136 placearmies 15 1
Jibs_PC#7811558190991963136 placearmies 15 1
Jibs_PC#7811558190991963136 placearmies 15 1
Jibs_PC#7811558190991963136 placearmies 15 1
Jibs_PC#7811558190991963136 placearmies 15 1
Jibs_PC#7811558190991963136 placearmies 15 1
Jibs_PC#7811558190991963136 placearmies 15 1
Jibs_PC#7811558190991963136 placearmies 15 1
Jibs_PC#7811558190991963136 placearmies 15 1
Jibs_PC#7811558190991963136 placearmies 15 1
Jibs_PC#7811558190991963136 placearmies 15 1
Jibs_PC#7811558190991963136 placearmies 15 1
Jibs_PC#7811558190991963136 placearmies 15 1
Jibs_PC#7811558190991963136 placearmies 15 1
Jibs_PC#7811558190991963136 placearmies 15 1
Jibs_PC#7811558190991963136 placearmies 15 1
Jibs_PC#7811558190991963136 placearmies 15 1
Jibs_PC#7811558190991963136 placearmies 15 1
Jibs_PC#7811558190991963136 placearmies 15 1
Jibs_PC#7811558190991963136 placearmies 15 1
Jibs_PC#7811558190991963136 placearmies 15 1
Jibs_PC#7811558190991963136 attack 15 14
Jibs_PC#7811558190991963136 roll 3
Jibs_PC#7811558190991963136 roll 1
DICE 3 1 4 4 1 1 
Jibs_PC#7811558190991963136 move all
Jibs_PC#7811558190991963136 attack 14 17
Jibs_PC#7811558190991963136 roll 3
Jibs_PC#7811558190991963136 roll 1
DICE 3 1 3 1 0 5 
Jibs_PC#7811558190991963136 roll 3
Jibs_PC#7811558190991963136 roll 1
DICE 3 1 5 4 3 0 
Jibs_PC#7811558190991963136 move all
Jibs_PC#7811558190991963136 attack 17 19
Jibs_PC#7811558190991963136 roll 3
Jibs_PC#7811558190991963136 roll 1
DICE 3 1 2 2 0 4 
Jibs_PC#7811558190991963136 roll 3
Jibs_PC#7811558190991963136 roll 1
DICE 3 1 2 2 1 2 
Jibs_PC#7811558190991963136 roll 3
Jibs_PC#7811558190991963136 roll 1
DICE 3 1 5 4 1 0 
Jibs_PC#7811558190991963136 move all
