Jibs_PC#4572448852971358208 newplayer ai hard red maithu
Jibs_PC#4572448852971358208 newplayer ai hard blue aneesh
Jibs_PC#4572448852971358208 newplayer ai hard black arka
Jibs_PC#4572448852971358208 newplayer ai hard green rushi
Jibs_PC#4572448852971358208 newplayer ai hard yellow popat
Jibs_PC#4572448852971358208 startgame mission fixed autoplaceall recycle
PLAYER rushi
MISSION 2 4 1 2 1
PLACEALL 16 33 18 37 41 9 22 20 28 38 6 19 27 21 25 3 1 13 8 10 40 7 24 29 15 31 14 36 35 4 11 26 39 17 42 34 5 30 12 23 2 32
Jibs_PC#4572448852971358208 placearmies 36 1
CARD 
Jibs_PC#4572448852971358208 placearmies 8 1
CARD 
Jibs_PC#4572448852971358208 placearmies 41 1
CARD 
Jibs_PC#4572448852971358208 placearmies 40 1
CARD 
Jibs_PC#4572448852971358208 placearmies 5 1
CARD 
Jibs_PC#4572448852971358208 placearmies 36 1
CARD 
Jibs_PC#4572448852971358208 placearmies 8 1
CARD 
Jibs_PC#4572448852971358208 placearmies 41 1
CARD 
Jibs_PC#4572448852971358208 placearmies 40 1
CARD 
Jibs_PC#4572448852971358208 placearmies 5 1
CARD 
Jibs_PC#4572448852971358208 placearmies 36 1
CARD 
Jibs_PC#4572448852971358208 placearmies 8 1
CARD 
Jibs_PC#4572448852971358208 placearmies 41 1
CARD 
Jibs_PC#4572448852971358208 placearmies 40 1
CARD 
Jibs_PC#4572448852971358208 placearmies 5 1
CARD 
Jibs_PC#4572448852971358208 placearmies 36 1
CARD 
Jibs_PC#4572448852971358208 placearmies 21 1
CARD 
Jibs_PC#4572448852971358208 placearmies 41 1
CARD 
Jibs_PC#4572448852971358208 placearmies 40 1
CARD 
Jibs_PC#4572448852971358208 placearmies 5 1
CARD 
Jibs_PC#4572448852971358208 placearmies 36 1
CARD 
Jibs_PC#4572448852971358208 placearmies 21 1
CARD 
Jibs_PC#4572448852971358208 placearmies 41 1
CARD 
Jibs_PC#4572448852971358208 placearmies 40 1
CARD 
Jibs_PC#4572448852971358208 placearmies 5 1
CARD 
Jibs_PC#4572448852971358208 placearmies 36 1
CARD 
Jibs_PC#4572448852971358208 placearmies 21 1
CARD 
Jibs_PC#4572448852971358208 placearmies 41 1
CARD 
Jibs_PC#4572448852971358208 placearmies 40 1
CARD 
Jibs_PC#4572448852971358208 placearmies 5 1
CARD 
Jibs_PC#4572448852971358208 placearmies 36 1
CARD 
Jibs_PC#4572448852971358208 placearmies 21 1
CARD 
Jibs_PC#4572448852971358208 placearmies 41 1
CARD 
Jibs_PC#4572448852971358208 placearmies 40 1
CARD 
Jibs_PC#4572448852971358208 placearmies 5 1
CARD 
Jibs_PC#4572448852971358208 placearmies 36 1
CARD 
Jibs_PC#4572448852971358208 placearmies 21 1
CARD 
Jibs_PC#4572448852971358208 placearmies 41 1
CARD 
Jibs_PC#4572448852971358208 placearmies 40 1
CARD 
Jibs_PC#4572448852971358208 placearmies 5 1
CARD 
Jibs_PC#4572448852971358208 placearmies 36 1
CARD 
Jibs_PC#4572448852971358208 placearmies 21 1
CARD 
Jibs_PC#4572448852971358208 placearmies 41 1
CARD 
Jibs_PC#4572448852971358208 placearmies 40 1
CARD 
Jibs_PC#4572448852971358208 placearmies 5 1
CARD 
Jibs_PC#4572448852971358208 placearmies 36 1
CARD 
Jibs_PC#4572448852971358208 placearmies 21 1
CARD 
Jibs_PC#4572448852971358208 placearmies 41 1
CARD 
Jibs_PC#4572448852971358208 placearmies 9 1
CARD 
Jibs_PC#4572448852971358208 placearmies 5 1
CARD 
Jibs_PC#4572448852971358208 placearmies 36 1
CARD 
Jibs_PC#4572448852971358208 placearmies 21 1
CARD 
Jibs_PC#4572448852971358208 placearmies 41 1
CARD 
Jibs_PC#4572448852971358208 placearmies 9 1
CARD 
Jibs_PC#4572448852971358208 placearmies 5 1
CARD 
Jibs_PC#4572448852971358208 placearmies 36 1
CARD 
Jibs_PC#4572448852971358208 placearmies 21 1
CARD 
Jibs_PC#4572448852971358208 placearmies 41 1
CARD 
Jibs_PC#4572448852971358208 placearmies 9 1
CARD 
Jibs_PC#4572448852971358208 placearmies 5 1
CARD 
Jibs_PC#4572448852971358208 placearmies 36 1
CARD 
Jibs_PC#4572448852971358208 placearmies 21 1
CARD 
Jibs_PC#4572448852971358208 placearmies 41 1
CARD 
Jibs_PC#4572448852971358208 placearmies 9 1
CARD 
Jibs_PC#4572448852971358208 placearmies 5 1
CARD 
Jibs_PC#4572448852971358208 placearmies 36 1
CARD 
Jibs_PC#4572448852971358208 placearmies 21 1
CARD 
Jibs_PC#4572448852971358208 placearmies 41 1
CARD 
Jibs_PC#4572448852971358208 placearmies 9 1
CARD 
Jibs_PC#4572448852971358208 placearmies 22 1
CARD 
Jibs_PC#4572448852971358208 placearmies 13 1
CARD 
Jibs_PC#4572448852971358208 placearmies 21 1
CARD 
Jibs_PC#4572448852971358208 placearmies 41 1
CARD 
Jibs_PC#4572448852971358208 placearmies 9 1
CARD 
Jibs_PC#4572448852971358208 placearmies 5 1
CARD 
Jibs_PC#4572448852971358208 placearmies 13 1
CARD 
Jibs_PC#4572448852971358208 placearmies 21 1
CARD 
Jibs_PC#4572448852971358208 placearmies 41 1
CARD 
Jibs_PC#4572448852971358208 placearmies 9 1
CARD 
Jibs_PC#4572448852971358208 placearmies 5 1
CARD 
Jibs_PC#4572448852971358208 placearmies 13 1
CARD 
Jibs_PC#4572448852971358208 placearmies 8 1
CARD 
Jibs_PC#4572448852971358208 placearmies 15 1
CARD 
Jibs_PC#4572448852971358208 placearmies 11 3
Jibs_PC#4572448852971358208 attack 40 39
Jibs_PC#4572448852971358208 roll 3
Jibs_PC#4572448852971358208 roll 1
DICE 3 1 5 3 1 0 
Jibs_PC#4572448852971358208 move 9
Jibs_PC#4572448852971358208 endattack
Jibs_PC#4572448852971358208 nomove
CARD 18
Jibs_PC#4572448852971358208 placearmies 22 3
Jibs_PC#4572448852971358208 attack 5 10
Jibs_PC#4572448852971358208 roll 3
Jibs_PC#4572448852971358208 roll 1
DICE 3 1 3 3 0 3 
Jibs_PC#4572448852971358208 roll 3
Jibs_PC#4572448852971358208 roll 1
DICE 3 1 4 3 2 2 
Jibs_PC#4572448852971358208 move 14
Jibs_PC#4572448852971358208 attack 10 11
Jibs_PC#4572448852971358208 roll 3
Jibs_PC#4572448852971358208 roll 2
DICE 3 2 5 2 0 4 0 
Jibs_PC#4572448852971358208 roll 3
Jibs_PC#4572448852971358208 roll 2
DICE 3 2 5 4 3 4 0 
Jibs_PC#4572448852971358208 move 13
Jibs_PC#4572448852971358208 attack 11 13
Jibs_PC#4572448852971358208 roll 3
Jibs_PC#4572448852971358208 roll 2
DICE 3 2 3 3 2 3 0 
Jibs_PC#4572448852971358208 roll 3
Jibs_PC#4572448852971358208 roll 2
DICE 3 2 3 3 2 2 1 
Jibs_PC#4572448852971358208 retreat
Jibs_PC#4572448852971358208 attack 11 12
Jibs_PC#4572448852971358208 roll 3
Jibs_PC#4572448852971358208 roll 1
DICE 3 1 5 3 0 2 
Jibs_PC#4572448852971358208 move 11
Jibs_PC#4572448852971358208 attack 12 13
Jibs_PC#4572448852971358208 roll 3
Jibs_PC#4572448852971358208 roll 1
DICE 3 1 3 2 1 2 
Jibs_PC#4572448852971358208 move 3
Jibs_PC#4572448852971358208 endattack
Jibs_PC#4572448852971358208 movearmies 13 12 2
CARD 15
Jibs_PC#4572448852971358208 placearmies 36 3
Jibs_PC#4572448852971358208 attack 36 38
Jibs_PC#4572448852971358208 roll 3
Jibs_PC#4572448852971358208 roll 1
DICE 3 1 2 1 0 0 
Jibs_PC#4572448852971358208 move 17
Jibs_PC#4572448852971358208 attack 38 1
Jibs_PC#4572448852971358208 roll 3
Jibs_PC#4572448852971358208 roll 1
DICE 3 1 3 2 2 1 
Jibs_PC#4572448852971358208 move 16
Jibs_PC#4572448852971358208 attack 1 3
Jibs_PC#4572448852971358208 roll 3
Jibs_PC#4572448852971358208 roll 1
DICE 3 1 2 1 0 0 
Jibs_PC#4572448852971358208 move 15
Jibs_PC#4572448852971358208 attack 3 4
Jibs_PC#4572448852971358208 roll 3
Jibs_PC#4572448852971358208 roll 1
DICE 3 1 3 2 0 3 
Jibs_PC#4572448852971358208 roll 3
Jibs_PC#4572448852971358208 roll 1
DICE 3 1 3 3 1 4 
Jibs_PC#4572448852971358208 roll 3
Jibs_PC#4572448852971358208 roll 1
DICE 3 1 5 4 2 2 
Jibs_PC#4572448852971358208 move 12
Jibs_PC#4572448852971358208 attack 4 5
Jibs_PC#4572448852971358208 roll 3
Jibs_PC#4572448852971358208 roll 1
DICE 3 1 3 2 2 0 
Jibs_PC#4572448852971358208 move 11
Jibs_PC#4572448852971358208 attack 5 10
Jibs_PC#4572448852971358208 roll 3
Jibs_PC#4572448852971358208 roll 1
DICE 3 1 5 3 2 0 
Jibs_PC#4572448852971358208 move 10
Jibs_PC#4572448852971358208 endattack
Jibs_PC#4572448852971358208 nomove
CARD 27
Jibs_PC#4572448852971358208 placearmies 8 3
Jibs_PC#4572448852971358208 attack 21 24
Jibs_PC#4572448852971358208 roll 3
Jibs_PC#4572448852971358208 roll 1
DICE 3 1 5 2 0 3 
Jibs_PC#4572448852971358208 move 13
Jibs_PC#4572448852971358208 attack 24 22
Jibs_PC#4572448852971358208 roll 3
Jibs_PC#4572448852971358208 roll 2
DICE 3 2 5 2 0 2 0 
Jibs_PC#4572448852971358208 roll 3
Jibs_PC#4572448852971358208 roll 2
DICE 3 2 5 3 3 5 2 
Jibs_PC#4572448852971358208 roll 3
Jibs_PC#4572448852971358208 roll 2
DICE 3 2 5 3 1 5 2 
Jibs_PC#4572448852971358208 roll 3
Jibs_PC#4572448852971358208 roll 1
DICE 3 1 4 4 0 4 
Jibs_PC#4572448852971358208 roll 3
Jibs_PC#4572448852971358208 roll 1
DICE 3 1 4 3 0 5 
Jibs_PC#4572448852971358208 roll 3
Jibs_PC#4572448852971358208 roll 1
DICE 3 1 5 5 3 2 
Jibs_PC#4572448852971358208 move 8
Jibs_PC#4572448852971358208 attack 22 20
Jibs_PC#4572448852971358208 roll 3
Jibs_PC#4572448852971358208 roll 1
DICE 3 1 3 1 0 0 
Jibs_PC#4572448852971358208 move 7
Jibs_PC#4572448852971358208 attack 20 16
Jibs_PC#4572448852971358208 roll 3
Jibs_PC#4572448852971358208 roll 1
DICE 3 1 5 5 1 5 
Jibs_PC#4572448852971358208 roll 3
Jibs_PC#4572448852971358208 roll 1
DICE 3 1 2 2 0 2 
Jibs_PC#4572448852971358208 retreat
Jibs_PC#4572448852971358208 endattack
Jibs_PC#4572448852971358208 nomove
CARD 26
Jibs_PC#4572448852971358208 placearmies 15 3
Jibs_PC#4572448852971358208 attack 41 39
Jibs_PC#4572448852971358208 roll 3
Jibs_PC#4572448852971358208 roll 2
DICE 3 2 4 3 2 5 3 
Jibs_PC#4572448852971358208 roll 3
Jibs_PC#4572448852971358208 roll 2
DICE 3 2 5 3 1 5 1 
Jibs_PC#4572448852971358208 roll 3
Jibs_PC#4572448852971358208 roll 2
DICE 3 2 4 4 3 4 2 
Jibs_PC#4572448852971358208 roll 3
Jibs_PC#4572448852971358208 roll 2
DICE 3 2 1 1 1 4 4 
Jibs_PC#4572448852971358208 roll 3
Jibs_PC#4572448852971358208 roll 2
DICE 3 2 4 1 0 5 1 
Jibs_PC#4572448852971358208 roll 3
Jibs_PC#4572448852971358208 roll 2
DICE 3 2 4 1 1 5 0 
Jibs_PC#4572448852971358208 roll 3
Jibs_PC#4572448852971358208 roll 2
DICE 3 2 5 5 3 1 1 
Jibs_PC#4572448852971358208 roll 3
Jibs_PC#4572448852971358208 roll 2
DICE 3 2 5 4 0 5 3 
Jibs_PC#4572448852971358208 roll 3
Jibs_PC#4572448852971358208 roll 2
DICE 3 2 5 4 3 5 2 
Jibs_PC#4572448852971358208 roll 3
Jibs_PC#4572448852971358208 roll 2
DICE 3 2 5 5 5 0 0 
Jibs_PC#4572448852971358208 move 5
Jibs_PC#4572448852971358208 attack 39 40
Jibs_PC#4572448852971358208 roll 3
Jibs_PC#4572448852971358208 roll 1
DICE 3 1 5 4 4 2 
Jibs_PC#4572448852971358208 move 3
Jibs_PC#4572448852971358208 endattack
Jibs_PC#4572448852971358208 movearmies 40 39 2
CARD 13
Jibs_PC#4572448852971358208 placearmies 9 3
Jibs_PC#4572448852971358208 attack 9 8
Jibs_PC#4572448852971358208 roll 3
Jibs_PC#4572448852971358208 roll 2
DICE 3 2 4 1 1 2 0 
Jibs_PC#4572448852971358208 roll 3
Jibs_PC#4572448852971358208 roll 2
DICE 3 2 5 4 2 3 1 
Jibs_PC#4572448852971358208 roll 3
Jibs_PC#4572448852971358208 roll 2
DICE 3 2 2 1 0 1 0 
Jibs_PC#4572448852971358208 roll 3
Jibs_PC#4572448852971358208 roll 2
DICE 3 2 5 4 0 2 0 
Jibs_PC#4572448852971358208 move 10
Jibs_PC#4572448852971358208 attack 8 7
Jibs_PC#4572448852971358208 roll 3
Jibs_PC#4572448852971358208 roll 1
DICE 3 1 5 4 3 2 
Jibs_PC#4572448852971358208 move 9
Jibs_PC#4572448852971358208 attack 7 3
Jibs_PC#4572448852971358208 roll 3
Jibs_PC#4572448852971358208 roll 1
DICE 3 1 3 2 0 5 
Jibs_PC#4572448852971358208 roll 3
Jibs_PC#4572448852971358208 roll 1
DICE 3 1 3 2 1 3 
Jibs_PC#4572448852971358208 roll 3
Jibs_PC#4572448852971358208 roll 1
DICE 3 1 5 2 0 2 
Jibs_PC#4572448852971358208 move 6
Jibs_PC#4572448852971358208 attack 3 1
Jibs_PC#4572448852971358208 roll 3
Jibs_PC#4572448852971358208 roll 1
DICE 3 1 3 3 1 0 
Jibs_PC#4572448852971358208 move 5
Jibs_PC#4572448852971358208 attack 1 38
Jibs_PC#4572448852971358208 roll 3
Jibs_PC#4572448852971358208 roll 1
DICE 3 1 3 0 0 3 
Jibs_PC#4572448852971358208 roll 3
Jibs_PC#4572448852971358208 roll 1
DICE 3 1 5 5 4 2 
Jibs_PC#4572448852971358208 endattack
Jibs_PC#4572448852971358208 nomove
CARD 16
Jibs_PC#4572448852971358208 placearmies 12 3
Jibs_PC#4572448852971358208 attack 12 10
Jibs_PC#4572448852971358208 roll 3
Jibs_PC#4572448852971358208 roll 2
DICE 3 2 4 3 2 3 2 
Jibs_PC#4572448852971358208 roll 3
Jibs_PC#4572448852971358208 roll 2
DICE 3 2 4 3 1 1 1 
Jibs_PC#4572448852971358208 roll 3
Jibs_PC#4572448852971358208 roll 2
DICE 3 2 5 3 0 3 1 
Jibs_PC#4572448852971358208 roll 3
Jibs_PC#4572448852971358208 roll 2
DICE 3 2 3 3 0 1 0 
Jibs_PC#4572448852971358208 roll 3
Jibs_PC#4572448852971358208 roll 2
DICE 3 2 5 0 0 4 3 
Jibs_PC#4572448852971358208 roll 3
Jibs_PC#4572448852971358208 roll 1
DICE 3 1 4 4 0 1 
Jibs_PC#4572448852971358208 move 10
Jibs_PC#4572448852971358208 attack 10 5
Jibs_PC#4572448852971358208 roll 3
Jibs_PC#4572448852971358208 roll 1
DICE 3 1 4 4 3 4 
Jibs_PC#4572448852971358208 roll 3
Jibs_PC#4572448852971358208 roll 1
DICE 3 1 3 1 0 5 
Jibs_PC#4572448852971358208 roll 3
Jibs_PC#4572448852971358208 roll 1
DICE 3 1 5 5 2 2 
Jibs_PC#4572448852971358208 move 7
Jibs_PC#4572448852971358208 attack 5 9
Jibs_PC#4572448852971358208 roll 3
Jibs_PC#4572448852971358208 roll 1
DICE 3 1 5 2 0 0 
Jibs_PC#4572448852971358208 move 5
Jibs_PC#4572448852971358208 attack 9 8
Jibs_PC#4572448852971358208 roll 3
Jibs_PC#4572448852971358208 roll 1
DICE 3 1 5 5 0 3 
Jibs_PC#4572448852971358208 move 4
Jibs_PC#4572448852971358208 endattack
Jibs_PC#4572448852971358208 nomove
CARD 25
Jibs_PC#4572448852971358208 placearmies 4 3
Jibs_PC#4572448852971358208 attack 4 9
Jibs_PC#4572448852971358208 roll 3
Jibs_PC#4572448852971358208 roll 1
DICE 3 1 4 4 2 3 
Jibs_PC#4572448852971358208 endattack
Jibs_PC#4572448852971358208 nomove
CARD 14
Jibs_PC#4572448852971358208 placearmies 24 3
Jibs_PC#4572448852971358208 attack 24 26
Jibs_PC#4572448852971358208 roll 3
Jibs_PC#4572448852971358208 roll 1
DICE 3 1 3 2 0 0 
Jibs_PC#4572448852971358208 attack 26 25
Jibs_PC#4572448852971358208 roll 2
Jibs_PC#4572448852971358208 roll 1
DICE 2 1 5 2 0 
Jibs_PC#4572448852971358208 attack 20 31
Jibs_PC#4572448852971358208 roll 3
Jibs_PC#4572448852971358208 roll 1
DICE 3 1 4 2 1 4 
Jibs_PC#4572448852971358208 roll 3
Jibs_PC#4572448852971358208 roll 1
DICE 3 1 5 4 0 4 
Jibs_PC#4572448852971358208 endattack
Jibs_PC#4572448852971358208 nomove
CARD 24
Jibs_PC#4572448852971358208 placearmies 15 5
Jibs_PC#4572448852971358208 attack 15 18
Jibs_PC#4572448852971358208 roll 3
Jibs_PC#4572448852971358208 roll 1
DICE 3 1 4 3 1 4 
Jibs_PC#4572448852971358208 roll 3
Jibs_PC#4572448852971358208 roll 1
DICE 3 1 3 2 1 2 
Jibs_PC#4572448852971358208 move 8
Jibs_PC#4572448852971358208 attack 18 20
Jibs_PC#4572448852971358208 roll 3
Jibs_PC#4572448852971358208 roll 1
DICE 3 1 2 2 1 0 
Jibs_PC#4572448852971358208 move 7
Jibs_PC#4572448852971358208 attack 20 21
Jibs_PC#4572448852971358208 roll 3
Jibs_PC#4572448852971358208 roll 1
DICE 3 1 3 3 0 1 
Jibs_PC#4572448852971358208 move 6
Jibs_PC#4572448852971358208 attack 21 12
Jibs_PC#4572448852971358208 roll 3
Jibs_PC#4572448852971358208 roll 2
DICE 3 2 1 1 0 4 0 
Jibs_PC#4572448852971358208 roll 3
Jibs_PC#4572448852971358208 roll 1
DICE 3 1 3 1 0 4 
Jibs_PC#4572448852971358208 roll 3
Jibs_PC#4572448852971358208 roll 1
DICE 3 1 5 5 4 5 
Jibs_PC#4572448852971358208 roll 2
Jibs_PC#4572448852971358208 roll 1
DICE 2 1 1 1 4 
Jibs_PC#4572448852971358208 retreat
Jibs_PC#4572448852971358208 endattack
Jibs_PC#4572448852971358208 nomove
CARD 1
Jibs_PC#4572448852971358208 placearmies 38 1
Jibs_PC#4572448852971358208 placearmies 38 1
Jibs_PC#4572448852971358208 placearmies 7 1
Jibs_PC#4572448852971358208 attack 38 35
Jibs_PC#4572448852971358208 roll 3
Jibs_PC#4572448852971358208 roll 1
DICE 3 1 4 4 0 1 
Jibs_PC#4572448852971358208 move 4
Jibs_PC#4572448852971358208 endattack
Jibs_PC#4572448852971358208 nomove
CARD 36
Jibs_PC#4572448852971358208 placearmies 12 1
Jibs_PC#4572448852971358208 placearmies 8 4
Jibs_PC#4572448852971358208 attack 8 7
Jibs_PC#4572448852971358208 roll 3
Jibs_PC#4572448852971358208 roll 2
DICE 3 2 5 3 2 3 1 
Jibs_PC#4572448852971358208 move 7
Jibs_PC#4572448852971358208 attack 7 6
Jibs_PC#4572448852971358208 roll 3
Jibs_PC#4572448852971358208 roll 1
DICE 3 1 3 1 0 0 
Jibs_PC#4572448852971358208 move 6
Jibs_PC#4572448852971358208 attack 6 2
Jibs_PC#4572448852971358208 roll 3
Jibs_PC#4572448852971358208 roll 1
DICE 3 1 3 2 1 0 
Jibs_PC#4572448852971358208 move 5
Jibs_PC#4572448852971358208 attack 2 3
Jibs_PC#4572448852971358208 roll 3
Jibs_PC#4572448852971358208 roll 1
DICE 3 1 5 2 2 3 
Jibs_PC#4572448852971358208 move 4
Jibs_PC#4572448852971358208 attack 3 4
Jibs_PC#4572448852971358208 roll 3
Jibs_PC#4572448852971358208 roll 1
DICE 3 1 5 4 0 2 
Jibs_PC#4572448852971358208 endattack
Jibs_PC#4572448852971358208 movearmies 4 5 2
CARD 42
Jibs_PC#4572448852971358208 placearmies 9 1
Jibs_PC#4572448852971358208 placearmies 9 1
Jibs_PC#4572448852971358208 placearmies 9 1
Jibs_PC#4572448852971358208 attack 9 5
Jibs_PC#4572448852971358208 roll 3
Jibs_PC#4572448852971358208 roll 2
DICE 3 2 5 5 0 2 1 
Jibs_PC#4572448852971358208 roll 3
Jibs_PC#4572448852971358208 roll 2
DICE 3 2 4 2 0 4 0 
Jibs_PC#4572448852971358208 retreat
Jibs_PC#4572448852971358208 attack 9 4
Jibs_PC#4572448852971358208 roll 3
Jibs_PC#4572448852971358208 roll 1
DICE 3 1 2 2 1 3 
Jibs_PC#4572448852971358208 roll 3
Jibs_PC#4572448852971358208 roll 1
DICE 3 1 5 4 1 0 
Jibs_PC#4572448852971358208 endattack
Jibs_PC#4572448852971358208 nomove
CARD 12
Jibs_PC#4572448852971358208 placearmies 31 1
Jibs_PC#4572448852971358208 placearmies 25 2
Jibs_PC#4572448852971358208 attack 25 23
Jibs_PC#4572448852971358208 roll 3
Jibs_PC#4572448852971358208 roll 1
DICE 3 1 5 1 0 3 
Jibs_PC#4572448852971358208 endattack
Jibs_PC#4572448852971358208 movearmies 31 22 3
CARD 39
Jibs_PC#4572448852971358208 placearmies 21 4
Jibs_PC#4572448852971358208 placearmies 21 1
Jibs_PC#4572448852971358208 attack 21 12
Jibs_PC#4572448852971358208 roll 3
Jibs_PC#4572448852971358208 roll 2
DICE 3 2 3 2 2 5 4 
Jibs_PC#4572448852971358208 roll 3
Jibs_PC#4572448852971358208 roll 2
DICE 3 2 4 3 3 4 4 
Jibs_PC#4572448852971358208 retreat
Jibs_PC#4572448852971358208 attack 21 19
Jibs_PC#4572448852971358208 roll 2
Jibs_PC#4572448852971358208 roll 1
DICE 2 1 3 3 5 
Jibs_PC#4572448852971358208 retreat
Jibs_PC#4572448852971358208 attack 39 33
Jibs_PC#4572448852971358208 roll 3
Jibs_PC#4572448852971358208 roll 1
DICE 3 1 4 3 2 4 
Jibs_PC#4572448852971358208 roll 2
Jibs_PC#4572448852971358208 roll 1
DICE 2 1 5 2 3 
Jibs_PC#4572448852971358208 endattack
Jibs_PC#4572448852971358208 nomove
CARD 38
Jibs_PC#4572448852971358208 placearmies 1 3
Jibs_PC#4572448852971358208 attack 1 2
Jibs_PC#4572448852971358208 roll 3
Jibs_PC#4572448852971358208 roll 1
DICE 3 1 5 2 0 2 
Jibs_PC#4572448852971358208 endattack
Jibs_PC#4572448852971358208 nomove
CARD 17
Jibs_PC#4572448852971358208 placearmies 5 1
Jibs_PC#4572448852971358208 placearmies 5 2
Jibs_PC#4572448852971358208 placearmies 5 1
Jibs_PC#4572448852971358208 placearmies 3 2
Jibs_PC#4572448852971358208 attack 3 1
Jibs_PC#4572448852971358208 roll 2
Jibs_PC#4572448852971358208 roll 1
DICE 2 1 1 0 1 
Jibs_PC#4572448852971358208 retreat
Jibs_PC#4572448852971358208 attack 5 9
Jibs_PC#4572448852971358208 roll 3
Jibs_PC#4572448852971358208 roll 1
DICE 3 1 0 0 0 1 
Jibs_PC#4572448852971358208 roll 3
Jibs_PC#4572448852971358208 roll 1
DICE 3 1 5 3 0 2 
Jibs_PC#4572448852971358208 endattack
Jibs_PC#4572448852971358208 movearmies 9 5 2
CARD 32
Jibs_PC#4572448852971358208 placearmies 4 1
Jibs_PC#4572448852971358208 placearmies 4 1
Jibs_PC#4572448852971358208 placearmies 4 1
Jibs_PC#4572448852971358208 attack 4 5
Jibs_PC#4572448852971358208 roll 3
Jibs_PC#4572448852971358208 roll 2
DICE 3 2 2 2 1 4 2 
Jibs_PC#4572448852971358208 roll 3
Jibs_PC#4572448852971358208 roll 2
DICE 3 2 4 3 1 2 1 
Jibs_PC#4572448852971358208 retreat
Jibs_PC#4572448852971358208 attack 4 3
Jibs_PC#4572448852971358208 roll 3
Jibs_PC#4572448852971358208 roll 2
DICE 3 2 5 4 1 5 0 
Jibs_PC#4572448852971358208 roll 2
Jibs_PC#4572448852971358208 roll 1
DICE 2 1 4 4 0 
Jibs_PC#4572448852971358208 endattack
Jibs_PC#4572448852971358208 nomove
CARD 33
Jibs_PC#4572448852971358208 trade 26 24 39
Jibs_PC#4572448852971358208 placearmies 22 2
Jibs_PC#4572448852971358208 placearmies 17 7
Jibs_PC#4572448852971358208 placearmies 22 4
Jibs_PC#4572448852971358208 attack 22 21
Jibs_PC#4572448852971358208 roll 3
Jibs_PC#4572448852971358208 roll 2
DICE 3 2 5 4 4 5 4 
Jibs_PC#4572448852971358208 roll 3
Jibs_PC#4572448852971358208 roll 2
DICE 3 2 5 2 2 3 1 
Jibs_PC#4572448852971358208 move 6
Jibs_PC#4572448852971358208 attack 21 12
Jibs_PC#4572448852971358208 roll 3
Jibs_PC#4572448852971358208 roll 2
DICE 3 2 5 3 2 3 0 
Jibs_PC#4572448852971358208 move 4
Jibs_PC#4572448852971358208 attack 12 13
Jibs_PC#4572448852971358208 roll 3
Jibs_PC#4572448852971358208 roll 1
DICE 3 1 1 1 0 1 
Jibs_PC#4572448852971358208 roll 2
Jibs_PC#4572448852971358208 roll 1
DICE 2 1 3 1 1 
Jibs_PC#4572448852971358208 attack 17 19
Jibs_PC#4572448852971358208 roll 3
Jibs_PC#4572448852971358208 roll 1
DICE 3 1 5 4 0 3 
Jibs_PC#4572448852971358208 move 7
Jibs_PC#4572448852971358208 attack 19 20
Jibs_PC#4572448852971358208 roll 3
Jibs_PC#4572448852971358208 roll 1
DICE 3 1 5 5 3 5 
Jibs_PC#4572448852971358208 roll 3
Jibs_PC#4572448852971358208 roll 1
DICE 3 1 5 4 4 1 
Jibs_PC#4572448852971358208 move 4
Jibs_PC#4572448852971358208 attack 20 18
Jibs_PC#4572448852971358208 roll 3
Jibs_PC#4572448852971358208 roll 1
DICE 3 1 5 3 1 5 
Jibs_PC#4572448852971358208 roll 2
Jibs_PC#4572448852971358208 roll 1
DICE 2 1 2 1 1 
Jibs_PC#4572448852971358208 endattack
Jibs_PC#4572448852971358208 movearmies 22 20 1
CARD 35
Jibs_PC#4572448852971358208 placearmies 33 2
Jibs_PC#4572448852971358208 placearmies 33 3
Jibs_PC#4572448852971358208 attack 33 32
Jibs_PC#4572448852971358208 roll 3
Jibs_PC#4572448852971358208 roll 1
DICE 3 1 5 0 0 3 
Jibs_PC#4572448852971358208 move 5
Jibs_PC#4572448852971358208 attack 32 31
Jibs_PC#4572448852971358208 roll 3
Jibs_PC#4572448852971358208 roll 1
DICE 3 1 3 2 1 1 
Jibs_PC#4572448852971358208 move 4
Jibs_PC#4572448852971358208 attack 31 22
Jibs_PC#4572448852971358208 roll 3
Jibs_PC#4572448852971358208 roll 1
DICE 3 1 5 1 0 5 
Jibs_PC#4572448852971358208 roll 2
Jibs_PC#4572448852971358208 roll 1
DICE 2 1 5 4 2 
Jibs_PC#4572448852971358208 endattack
Jibs_PC#4572448852971358208 nomove
CARD 6
Jibs_PC#4572448852971358208 placearmies 38 3
Jibs_PC#4572448852971358208 attack 35 27
Jibs_PC#4572448852971358208 roll 3
Jibs_PC#4572448852971358208 roll 1
DICE 3 1 4 4 2 2 
Jibs_PC#4572448852971358208 attack 27 28
Jibs_PC#4572448852971358208 roll 2
Jibs_PC#4572448852971358208 roll 1
DICE 2 1 4 1 1 
Jibs_PC#4572448852971358208 attack 38 36
Jibs_PC#4572448852971358208 roll 3
Jibs_PC#4572448852971358208 roll 1
DICE 3 1 3 1 0 1 
Jibs_PC#4572448852971358208 attack 36 29
Jibs_PC#4572448852971358208 roll 2
Jibs_PC#4572448852971358208 roll 1
DICE 2 1 2 0 4 
Jibs_PC#4572448852971358208 retreat
Jibs_PC#4572448852971358208 endattack
Jibs_PC#4572448852971358208 nomove
CARD 11
Jibs_PC#4572448852971358208 placearmies 11 3
Jibs_PC#4572448852971358208 attack 11 12
Jibs_PC#4572448852971358208 roll 3
Jibs_PC#4572448852971358208 roll 1
DICE 3 1 5 2 1 3 
Jibs_PC#4572448852971358208 endattack
Jibs_PC#4572448852971358208 nomove
CARD 4
Jibs_PC#4572448852971358208 trade 27 12 33
Jibs_PC#4572448852971358208 placearmies 3 2
Jibs_PC#4572448852971358208 placearmies 3 7
Jibs_PC#4572448852971358208 placearmies 3 2
Jibs_PC#4572448852971358208 attack 3 2
Jibs_PC#4572448852971358208 roll 3
Jibs_PC#4572448852971358208 roll 2
DICE 3 2 2 1 0 1 1 
Jibs_PC#4572448852971358208 roll 3
Jibs_PC#4572448852971358208 roll 2
DICE 3 2 4 1 1 4 1 
Jibs_PC#4572448852971358208 retreat
Jibs_PC#4572448852971358208 attack 3 1
Jibs_PC#4572448852971358208 roll 3
Jibs_PC#4572448852971358208 roll 1
DICE 3 1 3 3 3 1 
Jibs_PC#4572448852971358208 move 9
Jibs_PC#4572448852971358208 attack 1 2
Jibs_PC#4572448852971358208 roll 3
Jibs_PC#4572448852971358208 roll 2
DICE 3 2 5 3 2 2 0 
Jibs_PC#4572448852971358208 move 8
Jibs_PC#4572448852971358208 attack 2 6
Jibs_PC#4572448852971358208 roll 3
Jibs_PC#4572448852971358208 roll 1
DICE 3 1 5 2 2 0 
Jibs_PC#4572448852971358208 move 7
Jibs_PC#4572448852971358208 attack 6 7
Jibs_PC#4572448852971358208 roll 3
Jibs_PC#4572448852971358208 roll 1
DICE 3 1 5 4 0 3 
Jibs_PC#4572448852971358208 move 6
Jibs_PC#4572448852971358208 attack 7 8
Jibs_PC#4572448852971358208 roll 3
Jibs_PC#4572448852971358208 roll 1
DICE 3 1 2 0 0 2 
Jibs_PC#4572448852971358208 roll 3
Jibs_PC#4572448852971358208 roll 1
DICE 3 1 2 2 1 4 
Jibs_PC#4572448852971358208 roll 3
Jibs_PC#4572448852971358208 roll 1
DICE 3 1 3 1 1 2 
Jibs_PC#4572448852971358208 attack 8 9
Jibs_PC#4572448852971358208 roll 2
Jibs_PC#4572448852971358208 roll 1
DICE 2 1 1 0 1 
Jibs_PC#4572448852971358208 retreat
Jibs_PC#4572448852971358208 endattack
Jibs_PC#4572448852971358208 nomove
CARD 7
Jibs_PC#4572448852971358208 placearmies 21 4
Jibs_PC#4572448852971358208 attack 21 22
Jibs_PC#4572448852971358208 roll 3
Jibs_PC#4572448852971358208 roll 2
DICE 3 2 5 4 0 2 0 
Jibs_PC#4572448852971358208 move 4
Jibs_PC#4572448852971358208 endattack
Jibs_PC#4572448852971358208 movearmies 23 21 2
CARD 40
Jibs_PC#4572448852971358208 placearmies 33 2
Jibs_PC#4572448852971358208 placearmies 33 3
Jibs_PC#4572448852971358208 attack 33 29
Jibs_PC#4572448852971358208 roll 3
Jibs_PC#4572448852971358208 roll 1
DICE 3 1 2 1 0 3 
Jibs_PC#4572448852971358208 roll 3
Jibs_PC#4572448852971358208 roll 1
DICE 3 1 5 4 0 1 
Jibs_PC#4572448852971358208 move 5
Jibs_PC#4572448852971358208 endattack
Jibs_PC#4572448852971358208 nomove
CARD wildcard
Jibs_PC#4572448852971358208 trade 18 17 11
Jibs_PC#4572448852971358208 placearmies 36 2
Jibs_PC#4572448852971358208 placearmies 36 1
Jibs_PC#4572448852971358208 placearmies 36 6
Jibs_PC#4572448852971358208 attack 36 29
Jibs_PC#4572448852971358208 roll 3
Jibs_PC#4572448852971358208 roll 2
DICE 3 2 5 2 1 4 2 
Jibs_PC#4572448852971358208 roll 3
Jibs_PC#4572448852971358208 roll 2
DICE 3 2 5 5 1 5 4 
Jibs_PC#4572448852971358208 roll 3
Jibs_PC#4572448852971358208 roll 2
DICE 3 2 4 2 2 5 5 
Jibs_PC#4572448852971358208 roll 3
Jibs_PC#4572448852971358208 roll 2
DICE 3 2 5 3 2 5 2 
Jibs_PC#4572448852971358208 roll 3
Jibs_PC#4572448852971358208 roll 2
DICE 3 2 3 1 1 4 0 
Jibs_PC#4572448852971358208 roll 3
Jibs_PC#4572448852971358208 roll 1
DICE 3 1 4 2 1 1 
Jibs_PC#4572448852971358208 move 4
Jibs_PC#4572448852971358208 attack 29 30
Jibs_PC#4572448852971358208 roll 3
Jibs_PC#4572448852971358208 roll 1
DICE 3 1 5 3 1 2 
Jibs_PC#4572448852971358208 attack 30 31
Jibs_PC#4572448852971358208 roll 2
Jibs_PC#4572448852971358208 roll 1
DICE 2 1 4 0 5 
Jibs_PC#4572448852971358208 retreat
Jibs_PC#4572448852971358208 endattack
Jibs_PC#4572448852971358208 movearmies 28 29 1
CARD 2
Jibs_PC#4572448852971358208 trade 42 32 4
Jibs_PC#4572448852971358208 placearmies 12 2
Jibs_PC#4572448852971358208 placearmies 12 4
Jibs_PC#4572448852971358208 placearmies 12 1
Jibs_PC#4572448852971358208 attack 12 21
Jibs_PC#4572448852971358208 roll 3
Jibs_PC#4572448852971358208 roll 2
DICE 3 2 3 3 1 4 4 
Jibs_PC#4572448852971358208 roll 3
Jibs_PC#4572448852971358208 roll 2
DICE 3 2 5 5 2 5 3 
Jibs_PC#4572448852971358208 roll 3
Jibs_PC#4572448852971358208 roll 2
DICE 3 2 5 4 4 2 1 
Jibs_PC#4572448852971358208 roll 3
Jibs_PC#4572448852971358208 roll 1
DICE 3 1 4 2 1 3 
Jibs_PC#4572448852971358208 move 6
Jibs_PC#4572448852971358208 attack 21 22
Jibs_PC#4572448852971358208 roll 3
Jibs_PC#4572448852971358208 roll 2
DICE 3 2 5 4 2 3 0 
Jibs_PC#4572448852971358208 roll 3
Jibs_PC#4572448852971358208 roll 2
DICE 3 2 5 1 0 2 0 
Jibs_PC#4572448852971358208 move 5
Jibs_PC#4572448852971358208 endattack
Jibs_PC#4572448852971358208 nomove
CARD 23
Jibs_PC#4572448852971358208 placearmies 8 2
Jibs_PC#4572448852971358208 placearmies 8 1
Jibs_PC#4572448852971358208 attack 8 9
Jibs_PC#4572448852971358208 roll 3
Jibs_PC#4572448852971358208 roll 1
DICE 3 1 5 5 1 4 
Jibs_PC#4572448852971358208 move 4
Jibs_PC#4572448852971358208 attack 9 5
Jibs_PC#4572448852971358208 roll 3
Jibs_PC#4572448852971358208 roll 1
DICE 3 1 5 2 0 1 
Jibs_PC#4572448852971358208 endattack
Jibs_PC#4572448852971358208 nomove
CARD 19
Jibs_PC#4572448852971358208 placearmies 19 2
Jibs_PC#4572448852971358208 placearmies 19 1
Jibs_PC#4572448852971358208 attack 19 21
Jibs_PC#4572448852971358208 roll 3
Jibs_PC#4572448852971358208 roll 1
DICE 3 1 3 3 1 0 
Jibs_PC#4572448852971358208 move 4
Jibs_PC#4572448852971358208 attack 21 12
Jibs_PC#4572448852971358208 roll 3
Jibs_PC#4572448852971358208 roll 1
DICE 3 1 5 4 2 3 
Jibs_PC#4572448852971358208 attack 12 11
Jibs_PC#4572448852971358208 roll 2
Jibs_PC#4572448852971358208 roll 1
DICE 2 1 5 0 1 
Jibs_PC#4572448852971358208 endattack
Jibs_PC#4572448852971358208 movearmies 13 12 1
CARD wildcard
Jibs_PC#4572448852971358208 trade 13 38 wildcard
Jibs_PC#4572448852971358208 placearmies 15 3
Jibs_PC#4572448852971358208 placearmies 33 1
Jibs_PC#4572448852971358208 placearmies 15 4
Jibs_PC#4572448852971358208 placearmies 15 7
Jibs_PC#4572448852971358208 attack 15 18
Jibs_PC#4572448852971358208 roll 3
Jibs_PC#4572448852971358208 roll 2
DICE 3 2 5 3 2 2 0 
Jibs_PC#4572448852971358208 move 14
Jibs_PC#4572448852971358208 attack 18 17
Jibs_PC#4572448852971358208 roll 3
Jibs_PC#4572448852971358208 roll 1
DICE 3 1 5 4 2 2 
Jibs_PC#4572448852971358208 move 13
Jibs_PC#4572448852971358208 attack 17 14
Jibs_PC#4572448852971358208 roll 3
Jibs_PC#4572448852971358208 roll 1
DICE 3 1 4 2 0 1 
Jibs_PC#4572448852971358208 move 12
Jibs_PC#4572448852971358208 attack 14 6
Jibs_PC#4572448852971358208 roll 3
Jibs_PC#4572448852971358208 roll 1
DICE 3 1 1 0 0 3 
Jibs_PC#4572448852971358208 roll 3
Jibs_PC#4572448852971358208 roll 1
DICE 3 1 4 3 0 5 
Jibs_PC#4572448852971358208 roll 3
Jibs_PC#4572448852971358208 roll 1
DICE 3 1 3 2 1 1 
Jibs_PC#4572448852971358208 move 9
Jibs_PC#4572448852971358208 attack 6 8
Jibs_PC#4572448852971358208 roll 3
Jibs_PC#4572448852971358208 roll 1
DICE 3 1 5 5 5 0 
Jibs_PC#4572448852971358208 move 8
Jibs_PC#4572448852971358208 attack 8 9
Jibs_PC#4572448852971358208 roll 3
Jibs_PC#4572448852971358208 roll 1
DICE 3 1 5 4 1 2 
Jibs_PC#4572448852971358208 move 7
Jibs_PC#4572448852971358208 attack 9 7
Jibs_PC#4572448852971358208 roll 3
Jibs_PC#4572448852971358208 roll 1
DICE 3 1 5 3 1 5 
Jibs_PC#4572448852971358208 roll 3
Jibs_PC#4572448852971358208 roll 1
DICE 3 1 5 3 1 3 
Jibs_PC#4572448852971358208 move 5
Jibs_PC#4572448852971358208 attack 7 4
Jibs_PC#4572448852971358208 roll 3
Jibs_PC#4572448852971358208 roll 1
DICE 3 1 4 1 0 3 
Jibs_PC#4572448852971358208 move 4
Jibs_PC#4572448852971358208 attack 4 3
Jibs_PC#4572448852971358208 roll 3
Jibs_PC#4572448852971358208 roll 1
DICE 3 1 5 3 0 2 
Jibs_PC#4572448852971358208 attack 3 2
Jibs_PC#4572448852971358208 roll 2
Jibs_PC#4572448852971358208 roll 1
DICE 2 1 3 2 3 
Jibs_PC#4572448852971358208 retreat
Jibs_PC#4572448852971358208 endattack
Jibs_PC#4572448852971358208 nomove
CARD 34
Jibs_PC#4572448852971358208 trade 16 36 2
Jibs_PC#4572448852971358208 placearmies 16 1
Jibs_PC#4572448852971358208 placearmies 29 10
Jibs_PC#4572448852971358208 attack 29 33
Jibs_PC#4572448852971358208 roll 3
Jibs_PC#4572448852971358208 roll 2
DICE 3 2 5 2 1 5 4 
Jibs_PC#4572448852971358208 roll 3
Jibs_PC#4572448852971358208 roll 2
DICE 3 2 5 4 1 2 0 
Jibs_PC#4572448852971358208 move 9
Jibs_PC#4572448852971358208 attack 33 39
Jibs_PC#4572448852971358208 roll 3
Jibs_PC#4572448852971358208 roll 1
DICE 3 1 3 2 1 2 
Jibs_PC#4572448852971358208 move 8
Jibs_PC#4572448852971358208 attack 39 41
Jibs_PC#4572448852971358208 roll 3
Jibs_PC#4572448852971358208 roll 1
DICE 3 1 4 1 1 3 
Jibs_PC#4572448852971358208 move 7
Jibs_PC#4572448852971358208 attack 41 42
Jibs_PC#4572448852971358208 roll 3
Jibs_PC#4572448852971358208 roll 1
DICE 3 1 3 2 1 3 
Jibs_PC#4572448852971358208 roll 3
Jibs_PC#4572448852971358208 roll 1
DICE 3 1 2 2 1 1 
Jibs_PC#4572448852971358208 move 5
Jibs_PC#4572448852971358208 attack 42 40
Jibs_PC#4572448852971358208 roll 3
Jibs_PC#4572448852971358208 roll 1
DICE 3 1 3 2 1 0 
Jibs_PC#4572448852971358208 move 3
Jibs_PC#4572448852971358208 attack 16 31
Jibs_PC#4572448852971358208 roll 3
Jibs_PC#4572448852971358208 roll 1
DICE 3 1 3 2 1 0 
Jibs_PC#4572448852971358208 attack 31 32
Jibs_PC#4572448852971358208 roll 2
Jibs_PC#4572448852971358208 roll 1
DICE 2 1 5 2 3 
Jibs_PC#4572448852971358208 endattack
Jibs_PC#4572448852971358208 movearmies 32 31 1
CARD 10
Jibs_PC#4572448852971358208 placearmies 22 3
Jibs_PC#4572448852971358208 attack 22 20
Jibs_PC#4572448852971358208 roll 3
Jibs_PC#4572448852971358208 roll 2
DICE 3 2 3 3 1 5 0 
Jibs_PC#4572448852971358208 roll 3
Jibs_PC#4572448852971358208 roll 1
DICE 3 1 3 1 0 1 
Jibs_PC#4572448852971358208 move 6
Jibs_PC#4572448852971358208 attack 20 16
Jibs_PC#4572448852971358208 roll 3
Jibs_PC#4572448852971358208 roll 1
DICE 3 1 4 3 3 0 
Jibs_PC#4572448852971358208 move 5
Jibs_PC#4572448852971358208 attack 16 15
Jibs_PC#4572448852971358208 roll 3
Jibs_PC#4572448852971358208 roll 1
DICE 3 1 4 2 1 5 
Jibs_PC#4572448852971358208 roll 3
Jibs_PC#4572448852971358208 roll 1
DICE 3 1 5 1 0 2 
Jibs_PC#4572448852971358208 endattack
Jibs_PC#4572448852971358208 nomove
CARD 9
Jibs_PC#4572448852971358208 placearmies 5 1
Jibs_PC#4572448852971358208 placearmies 5 1
Jibs_PC#4572448852971358208 placearmies 2 1
Jibs_PC#4572448852971358208 attack 5 4
Jibs_PC#4572448852971358208 roll 3
Jibs_PC#4572448852971358208 roll 1
DICE 3 1 4 0 0 0 
Jibs_PC#4572448852971358208 move 4
Jibs_PC#4572448852971358208 attack 4 3
Jibs_PC#4572448852971358208 roll 3
Jibs_PC#4572448852971358208 roll 2
DICE 3 2 4 3 0 4 2 
Jibs_PC#4572448852971358208 roll 2
Jibs_PC#4572448852971358208 roll 1
DICE 2 1 2 2 2 
Jibs_PC#4572448852971358208 retreat
Jibs_PC#4572448852971358208 endattack
Jibs_PC#4572448852971358208 nomove
CARD 28
Jibs_PC#4572448852971358208 trade 35 40 wildcard
Jibs_PC#4572448852971358208 placearmies 12 2
Jibs_PC#4572448852971358208 placearmies 21 4
Jibs_PC#4572448852971358208 placearmies 24 4
Jibs_PC#4572448852971358208 placearmies 12 1
Jibs_PC#4572448852971358208 placearmies 12 2
Jibs_PC#4572448852971358208 attack 24 22
Jibs_PC#4572448852971358208 roll 3
Jibs_PC#4572448852971358208 roll 1
DICE 3 1 5 1 0 2 
Jibs_PC#4572448852971358208 move 4
Jibs_PC#4572448852971358208 attack 12 10
Jibs_PC#4572448852971358208 roll 3
Jibs_PC#4572448852971358208 roll 1
DICE 3 1 3 2 0 0 
Jibs_PC#4572448852971358208 move 6
Jibs_PC#4572448852971358208 attack 21 20
Jibs_PC#4572448852971358208 roll 3
Jibs_PC#4572448852971358208 roll 1
DICE 3 1 5 2 1 1 
Jibs_PC#4572448852971358208 move 4
Jibs_PC#4572448852971358208 attack 10 5
Jibs_PC#4572448852971358208 roll 3
Jibs_PC#4572448852971358208 roll 1
DICE 3 1 5 4 2 3 
Jibs_PC#4572448852971358208 move 5
Jibs_PC#4572448852971358208 attack 5 9
Jibs_PC#4572448852971358208 roll 3
Jibs_PC#4572448852971358208 roll 1
DICE 3 1 2 1 1 1 
Jibs_PC#4572448852971358208 move 3
Jibs_PC#4572448852971358208 endattack
Jibs_PC#4572448852971358208 movearmies 9 5 2
CARD 20
Jibs_PC#4572448852971358208 placearmies 8 3
Jibs_PC#4572448852971358208 attack 8 9
Jibs_PC#4572448852971358208 roll 3
Jibs_PC#4572448852971358208 roll 1
DICE 3 1 5 3 0 1 
Jibs_PC#4572448852971358208 endattack
Jibs_PC#4572448852971358208 nomove
CARD 21
Jibs_PC#4572448852971358208 placearmies 30 2
Jibs_PC#4572448852971358208 placearmies 38 1
Jibs_PC#4572448852971358208 placearmies 28 1
Jibs_PC#4572448852971358208 placearmies 36 1
Jibs_PC#4572448852971358208 placearmies 31 2
Jibs_PC#4572448852971358208 attack 30 16
Jibs_PC#4572448852971358208 roll 3
Jibs_PC#4572448852971358208 roll 1
DICE 3 1 4 1 0 4 
Jibs_PC#4572448852971358208 roll 2
Jibs_PC#4572448852971358208 roll 1
DICE 2 1 5 4 4 
Jibs_PC#4572448852971358208 endattack
Jibs_PC#4572448852971358208 movearmies 28 16 1
CARD 5
Jibs_PC#4572448852971358208 trade 15 25 9
Jibs_PC#4572448852971358208 placearmies 15 11
Jibs_PC#4572448852971358208 attack 15 18
Jibs_PC#4572448852971358208 roll 3
Jibs_PC#4572448852971358208 roll 1
DICE 3 1 3 2 1 4 
Jibs_PC#4572448852971358208 roll 3
Jibs_PC#4572448852971358208 roll 1
DICE 3 1 3 0 0 5 
Jibs_PC#4572448852971358208 roll 3
Jibs_PC#4572448852971358208 roll 1
DICE 3 1 1 0 0 0 
Jibs_PC#4572448852971358208 move 13
Jibs_PC#4572448852971358208 attack 18 19
Jibs_PC#4572448852971358208 roll 3
Jibs_PC#4572448852971358208 roll 1
DICE 3 1 4 2 0 5 
Jibs_PC#4572448852971358208 roll 3
Jibs_PC#4572448852971358208 roll 1
DICE 3 1 5 4 3 5 
Jibs_PC#4572448852971358208 roll 3
Jibs_PC#4572448852971358208 roll 1
DICE 3 1 4 3 1 5 
Jibs_PC#4572448852971358208 roll 3
Jibs_PC#4572448852971358208 roll 1
DICE 3 1 5 3 1 1 
Jibs_PC#4572448852971358208 move 9
Jibs_PC#4572448852971358208 attack 19 21
Jibs_PC#4572448852971358208 roll 3
Jibs_PC#4572448852971358208 roll 1
DICE 3 1 4 3 2 4 
Jibs_PC#4572448852971358208 roll 3
Jibs_PC#4572448852971358208 roll 1
DICE 3 1 3 0 0 4 
Jibs_PC#4572448852971358208 roll 3
Jibs_PC#4572448852971358208 roll 1
DICE 3 1 5 1 1 2 
Jibs_PC#4572448852971358208 move 6
Jibs_PC#4572448852971358208 endattack
Jibs_PC#4572448852971358208 nomove
CARD 41
Jibs_PC#4572448852971358208 placearmies 2 2
Jibs_PC#4572448852971358208 placearmies 2 1
Jibs_PC#4572448852971358208 attack 2 3
Jibs_PC#4572448852971358208 roll 3
Jibs_PC#4572448852971358208 roll 1
DICE 3 1 5 3 3 5 
Jibs_PC#4572448852971358208 roll 3
Jibs_PC#4572448852971358208 roll 1
DICE 3 1 3 3 1 5 
Jibs_PC#4572448852971358208 roll 2
Jibs_PC#4572448852971358208 roll 1
DICE 2 1 4 1 0 
Jibs_PC#4572448852971358208 endattack
Jibs_PC#4572448852971358208 nomove
CARD 30
Jibs_PC#4572448852971358208 placearmies 12 1
Jibs_PC#4572448852971358208 placearmies 12 4
Jibs_PC#4572448852971358208 placearmies 5 1
Jibs_PC#4572448852971358208 attack 5 9
Jibs_PC#4572448852971358208 roll 3
Jibs_PC#4572448852971358208 roll 2
DICE 3 2 5 2 2 2 1 
Jibs_PC#4572448852971358208 roll 3
Jibs_PC#4572448852971358208 roll 1
DICE 3 1 4 4 3 1 
Jibs_PC#4572448852971358208 move 3
Jibs_PC#4572448852971358208 attack 12 21
Jibs_PC#4572448852971358208 roll 3
Jibs_PC#4572448852971358208 roll 2
DICE 3 2 5 3 0 4 0 
Jibs_PC#4572448852971358208 roll 3
Jibs_PC#4572448852971358208 roll 2
DICE 3 2 4 2 1 3 2 
Jibs_PC#4572448852971358208 roll 3
Jibs_PC#4572448852971358208 roll 2
DICE 3 2 5 2 1 5 2 
Jibs_PC#4572448852971358208 retreat
Jibs_PC#4572448852971358208 endattack
Jibs_PC#4572448852971358208 movearmies 9 5 2
CARD 29
Jibs_PC#4572448852971358208 placearmies 17 3
Jibs_PC#4572448852971358208 attack 17 15
Jibs_PC#4572448852971358208 roll 3
Jibs_PC#4572448852971358208 roll 1
DICE 3 1 5 3 0 2 
Jibs_PC#4572448852971358208 endattack
Jibs_PC#4572448852971358208 nomove
CARD 31
Jibs_PC#4572448852971358208 placearmies 16 1
Jibs_PC#4572448852971358208 placearmies 38 3
Jibs_PC#4572448852971358208 placearmies 38 3
Jibs_PC#4572448852971358208 attack 38 37
Jibs_PC#4572448852971358208 roll 3
Jibs_PC#4572448852971358208 roll 1
DICE 3 1 5 1 0 4 
Jibs_PC#4572448852971358208 move 3
Jibs_PC#4572448852971358208 attack 38 1
Jibs_PC#4572448852971358208 roll 3
Jibs_PC#4572448852971358208 roll 1
DICE 3 1 3 1 0 3 
Jibs_PC#4572448852971358208 roll 3
Jibs_PC#4572448852971358208 roll 1
DICE 3 1 4 4 3 2 
Jibs_PC#4572448852971358208 endattack
Jibs_PC#4572448852971358208 movearmies 37 38 1
CARD 8
Jibs_PC#4572448852971358208 placearmies 21 1
Jibs_PC#4572448852971358208 placearmies 19 2
Jibs_PC#4572448852971358208 attack 21 24
Jibs_PC#4572448852971358208 roll 3
Jibs_PC#4572448852971358208 roll 1
DICE 3 1 2 2 1 4 
Jibs_PC#4572448852971358208 roll 2
Jibs_PC#4572448852971358208 roll 1
DICE 2 1 3 1 1 
Jibs_PC#4572448852971358208 endattack
Jibs_PC#4572448852971358208 nomove
CARD 37
Jibs_PC#4572448852971358208 trade 14 19 30
Jibs_PC#4572448852971358208 placearmies 4 2
Jibs_PC#4572448852971358208 placearmies 4 1
Jibs_PC#4572448852971358208 placearmies 3 4
Jibs_PC#4572448852971358208 attack 3 1
Jibs_PC#4572448852971358208 roll 3
Jibs_PC#4572448852971358208 roll 2
DICE 3 2 5 4 3 5 5 
Jibs_PC#4572448852971358208 roll 3
Jibs_PC#4572448852971358208 roll 2
DICE 3 2 5 4 4 4 3 
Jibs_PC#4572448852971358208 roll 3
Jibs_PC#4572448852971358208 roll 1
DICE 3 1 5 4 1 0 
Jibs_PC#4572448852971358208 attack 4 7
Jibs_PC#4572448852971358208 roll 3
Jibs_PC#4572448852971358208 roll 1
DICE 3 1 5 3 2 5 
Jibs_PC#4572448852971358208 roll 3
Jibs_PC#4572448852971358208 roll 1
DICE 3 1 5 4 3 3 
Jibs_PC#4572448852971358208 attack 7 6
Jibs_PC#4572448852971358208 roll 2
Jibs_PC#4572448852971358208 roll 1
DICE 2 1 5 4 2 
Jibs_PC#4572448852971358208 endattack
Jibs_PC#4572448852971358208 nomove
CARD 22
Jibs_PC#4572448852971358208 placearmies 22 5
Jibs_PC#4572448852971358208 attack 22 31
Jibs_PC#4572448852971358208 roll 3
Jibs_PC#4572448852971358208 roll 2
DICE 3 2 5 3 3 5 3 
Jibs_PC#4572448852971358208 roll 3
Jibs_PC#4572448852971358208 roll 2
DICE 3 2 5 5 0 3 1 
Jibs_PC#4572448852971358208 roll 3
Jibs_PC#4572448852971358208 roll 2
DICE 3 2 4 2 1 3 3 
Jibs_PC#4572448852971358208 roll 3
Jibs_PC#4572448852971358208 roll 1
DICE 3 1 2 1 1 0 
Jibs_PC#4572448852971358208 move 5
Jibs_PC#4572448852971358208 attack 12 21
Jibs_PC#4572448852971358208 roll 2
Jibs_PC#4572448852971358208 roll 1
DICE 2 1 3 3 0 
Jibs_PC#4572448852971358208 attack 31 32
Jibs_PC#4572448852971358208 roll 3
Jibs_PC#4572448852971358208 roll 1
DICE 3 1 3 1 0 5 
Jibs_PC#4572448852971358208 roll 3
Jibs_PC#4572448852971358208 roll 1
DICE 3 1 5 5 2 2 
Jibs_PC#4572448852971358208 endattack
Jibs_PC#4572448852971358208 movearmies 20 21 3
CARD 3
Jibs_PC#4572448852971358208 trade 1 6 31
Jibs_PC#4572448852971358208 placearmies 17 1
Jibs_PC#4572448852971358208 placearmies 17 1
Jibs_PC#4572448852971358208 placearmies 15 1
Jibs_PC#4572448852971358208 placearmies 17 9
Jibs_PC#4572448852971358208 placearmies 17 1
Jibs_PC#4572448852971358208 attack 15 16
Jibs_PC#4572448852971358208 roll 3
Jibs_PC#4572448852971358208 roll 2
DICE 3 2 3 1 1 3 2 
Jibs_PC#4572448852971358208 retreat
Jibs_PC#4572448852971358208 attack 17 18
Jibs_PC#4572448852971358208 roll 3
Jibs_PC#4572448852971358208 roll 1
DICE 3 1 4 3 0 1 
Jibs_PC#4572448852971358208 move 12
Jibs_PC#4572448852971358208 attack 18 19
Jibs_PC#4572448852971358208 roll 3
Jibs_PC#4572448852971358208 roll 2
DICE 3 2 5 3 1 3 2 
Jibs_PC#4572448852971358208 roll 3
Jibs_PC#4572448852971358208 roll 1
DICE 3 1 4 4 2 0 
Jibs_PC#4572448852971358208 move 11
Jibs_PC#4572448852971358208 attack 19 21
Jibs_PC#4572448852971358208 roll 3
Jibs_PC#4572448852971358208 roll 2
DICE 3 2 5 4 3 4 3 
Jibs_PC#4572448852971358208 roll 3
Jibs_PC#4572448852971358208 roll 2
DICE 3 2 5 5 1 1 0 
Jibs_PC#4572448852971358208 roll 3
Jibs_PC#4572448852971358208 roll 1
DICE 3 1 5 4 0 2 
Jibs_PC#4572448852971358208 move 10
Jibs_PC#4572448852971358208 attack 21 24
Jibs_PC#4572448852971358208 roll 3
Jibs_PC#4572448852971358208 roll 2
DICE 3 2 5 2 2 1 0 
Jibs_PC#4572448852971358208 move 9
Jibs_PC#4572448852971358208 attack 24 25
Jibs_PC#4572448852971358208 roll 3
Jibs_PC#4572448852971358208 roll 1
DICE 3 1 5 1 0 3 
Jibs_PC#4572448852971358208 move 8
Jibs_PC#4572448852971358208 attack 25 26
Jibs_PC#4572448852971358208 roll 3
Jibs_PC#4572448852971358208 roll 2
DICE 3 2 3 1 0 5 3 
Jibs_PC#4572448852971358208 roll 3
Jibs_PC#4572448852971358208 roll 2
DICE 3 2 4 0 0 4 2 
Jibs_PC#4572448852971358208 retreat
Jibs_PC#4572448852971358208 attack 25 23
Jibs_PC#4572448852971358208 roll 3
Jibs_PC#4572448852971358208 roll 1
DICE 3 1 5 1 0 0 
Jibs_PC#4572448852971358208 endattack
Jibs_PC#4572448852971358208 movearmies 23 24 2
CARD 2
Jibs_PC#4572448852971358208 placearmies 16 7
Jibs_PC#4572448852971358208 attack 16 20
Jibs_PC#4572448852971358208 roll 3
Jibs_PC#4572448852971358208 roll 1
DICE 3 1 4 3 0 5 
Jibs_PC#4572448852971358208 roll 3
Jibs_PC#4572448852971358208 roll 1
DICE 3 1 5 2 1 3 
Jibs_PC#4572448852971358208 move 9
Jibs_PC#4572448852971358208 attack 20 21
Jibs_PC#4572448852971358208 roll 3
Jibs_PC#4572448852971358208 roll 1
DICE 3 1 3 1 0 3 
Jibs_PC#4572448852971358208 roll 3
Jibs_PC#4572448852971358208 roll 1
DICE 3 1 5 1 0 1 
Jibs_PC#4572448852971358208 move 7
Jibs_PC#4572448852971358208 attack 21 12
Jibs_PC#4572448852971358208 roll 3
Jibs_PC#4572448852971358208 roll 1
DICE 3 1 4 3 2 4 
Jibs_PC#4572448852971358208 roll 3
Jibs_PC#4572448852971358208 roll 1
DICE 3 1 5 4 3 5 
Jibs_PC#4572448852971358208 roll 3
Jibs_PC#4572448852971358208 roll 1
DICE 3 1 3 2 2 2 
Jibs_PC#4572448852971358208 move 4
Jibs_PC#4572448852971358208 endattack
Jibs_PC#4572448852971358208 movearmies 37 38 1
CARD 19
Jibs_PC#4572448852971358208 placearmies 6 2
Jibs_PC#4572448852971358208 placearmies 6 1
Jibs_PC#4572448852971358208 attack 6 8
Jibs_PC#4572448852971358208 roll 3
Jibs_PC#4572448852971358208 roll 1
DICE 3 1 2 1 0 4 
Jibs_PC#4572448852971358208 roll 3
Jibs_PC#4572448852971358208 roll 1
DICE 3 1 5 5 3 5 
Jibs_PC#4572448852971358208 roll 2
Jibs_PC#4572448852971358208 roll 1
DICE 2 1 1 0 2 
Jibs_PC#4572448852971358208 retreat
Jibs_PC#4572448852971358208 attack 1 38
Jibs_PC#4572448852971358208 roll 2
Jibs_PC#4572448852971358208 roll 2
DICE 2 2 5 4 1 1 
Jibs_PC#4572448852971358208 roll 2
Jibs_PC#4572448852971358208 roll 1
DICE 2 1 5 4 1 
Jibs_PC#4572448852971358208 endattack
Jibs_PC#4572448852971358208 nomove
CARD 16
Jibs_PC#4572448852971358208 placearmies 26 2
Jibs_PC#4572448852971358208 placearmies 32 1
Jibs_PC#4572448852971358208 attack 26 24
Jibs_PC#4572448852971358208 roll 3
Jibs_PC#4572448852971358208 roll 2
DICE 3 2 5 1 0 2 0 
Jibs_PC#4572448852971358208 roll 3
Jibs_PC#4572448852971358208 roll 1
DICE 3 1 5 2 1 2 
Jibs_PC#4572448852971358208 move 4
Jibs_PC#4572448852971358208 attack 24 21
Jibs_PC#4572448852971358208 roll 3
Jibs_PC#4572448852971358208 roll 1
DICE 3 1 5 3 2 2 
Jibs_PC#4572448852971358208 attack 21 23
Jibs_PC#4572448852971358208 roll 2
Jibs_PC#4572448852971358208 roll 1
DICE 2 1 3 0 3 
Jibs_PC#4572448852971358208 retreat
Jibs_PC#4572448852971358208 endattack
Jibs_PC#4572448852971358208 movearmies 5 10 3
CARD 42
Jibs_PC#4572448852971358208 trade 34 21 41
Jibs_PC#4572448852971358208 trade 23 37 2
Jibs_PC#4572448852971358208 placearmies 23 1
Jibs_PC#4572448852971358208 placearmies 15 18
Jibs_PC#4572448852971358208 placearmies 15 1
Jibs_PC#4572448852971358208 placearmies 15 3
Jibs_PC#4572448852971358208 attack 15 16
Jibs_PC#4572448852971358208 roll 3
Jibs_PC#4572448852971358208 roll 1
DICE 3 1 5 4 2 1 
Jibs_PC#4572448852971358208 move 23
Jibs_PC#4572448852971358208 attack 16 28
Jibs_PC#4572448852971358208 roll 3
Jibs_PC#4572448852971358208 roll 1
DICE 3 1 5 3 2 1 
Jibs_PC#4572448852971358208 move 22
Jibs_PC#4572448852971358208 attack 28 29
Jibs_PC#4572448852971358208 roll 3
Jibs_PC#4572448852971358208 roll 1
DICE 3 1 4 1 0 4 
Jibs_PC#4572448852971358208 roll 3
Jibs_PC#4572448852971358208 roll 1
DICE 3 1 5 3 0 2 
Jibs_PC#4572448852971358208 move 20
Jibs_PC#4572448852971358208 attack 29 33
Jibs_PC#4572448852971358208 roll 3
Jibs_PC#4572448852971358208 roll 1
DICE 3 1 5 3 2 1 
Jibs_PC#4572448852971358208 move 19
Jibs_PC#4572448852971358208 attack 33 39
Jibs_PC#4572448852971358208 roll 3
Jibs_PC#4572448852971358208 roll 1
DICE 3 1 3 2 0 5 
Jibs_PC#4572448852971358208 roll 3
Jibs_PC#4572448852971358208 roll 1
DICE 3 1 5 3 1 5 
Jibs_PC#4572448852971358208 roll 3
Jibs_PC#4572448852971358208 roll 1
DICE 3 1 2 2 1 4 
Jibs_PC#4572448852971358208 roll 3
Jibs_PC#4572448852971358208 roll 1
DICE 3 1 5 3 2 3 
Jibs_PC#4572448852971358208 move 15
Jibs_PC#4572448852971358208 attack 39 41
Jibs_PC#4572448852971358208 roll 3
Jibs_PC#4572448852971358208 roll 1
DICE 3 1 5 5 0 1 
Jibs_PC#4572448852971358208 move 13
Jibs_PC#4572448852971358208 attack 41 42
Jibs_PC#4572448852971358208 roll 3
Jibs_PC#4572448852971358208 roll 2
DICE 3 2 4 3 2 4 0 
Jibs_PC#4572448852971358208 roll 3
Jibs_PC#4572448852971358208 roll 1
DICE 3 1 3 1 0 3 
Jibs_PC#4572448852971358208 roll 3
Jibs_PC#4572448852971358208 roll 1
DICE 3 1 4 3 0 4 
Jibs_PC#4572448852971358208 roll 3
Jibs_PC#4572448852971358208 roll 1
DICE 3 1 5 5 4 3 
Jibs_PC#4572448852971358208 move 8
Jibs_PC#4572448852971358208 attack 42 40
Jibs_PC#4572448852971358208 roll 3
Jibs_PC#4572448852971358208 roll 2
DICE 3 2 4 1 1 5 1 
Jibs_PC#4572448852971358208 roll 3
Jibs_PC#4572448852971358208 roll 2
DICE 3 2 4 3 3 5 4 
Jibs_PC#4572448852971358208 retreat
Jibs_PC#4572448852971358208 endattack
Jibs_PC#4572448852971358208 nomove
CARD wildcard
Jibs_PC#4572448852971358208 trade 10 5 19
Jibs_PC#4572448852971358208 placearmies 40 7
Jibs_PC#4572448852971358208 placearmies 40 5
Jibs_PC#4572448852971358208 placearmies 12 1
Jibs_PC#4572448852971358208 attack 40 41
Jibs_PC#4572448852971358208 roll 3
Jibs_PC#4572448852971358208 roll 2
DICE 3 2 5 1 0 5 2 
Jibs_PC#4572448852971358208 roll 3
Jibs_PC#4572448852971358208 roll 2
DICE 3 2 2 2 0 1 0 
Jibs_PC#4572448852971358208 move 12
Jibs_PC#4572448852971358208 attack 41 39
Jibs_PC#4572448852971358208 roll 3
Jibs_PC#4572448852971358208 roll 2
DICE 3 2 4 4 0 2 1 
Jibs_PC#4572448852971358208 move 11
Jibs_PC#4572448852971358208 attack 39 33
Jibs_PC#4572448852971358208 roll 3
Jibs_PC#4572448852971358208 roll 1
DICE 3 1 1 1 0 0 
Jibs_PC#4572448852971358208 move 10
Jibs_PC#4572448852971358208 attack 33 29
Jibs_PC#4572448852971358208 roll 3
Jibs_PC#4572448852971358208 roll 1
DICE 3 1 5 3 1 1 
Jibs_PC#4572448852971358208 move 9
Jibs_PC#4572448852971358208 attack 29 28
Jibs_PC#4572448852971358208 roll 3
Jibs_PC#4572448852971358208 roll 1
DICE 3 1 5 3 2 1 
Jibs_PC#4572448852971358208 move 8
Jibs_PC#4572448852971358208 attack 28 16
Jibs_PC#4572448852971358208 roll 3
Jibs_PC#4572448852971358208 roll 1
DICE 3 1 5 5 3 3 
Jibs_PC#4572448852971358208 move 7
Jibs_PC#4572448852971358208 attack 16 31
Jibs_PC#4572448852971358208 roll 3
Jibs_PC#4572448852971358208 roll 1
DICE 3 1 3 2 0 0 
Jibs_PC#4572448852971358208 move 6
Jibs_PC#4572448852971358208 attack 31 32
Jibs_PC#4572448852971358208 roll 3
Jibs_PC#4572448852971358208 roll 2
DICE 3 2 3 0 0 4 3 
Jibs_PC#4572448852971358208 roll 3
Jibs_PC#4572448852971358208 roll 2
DICE 3 2 3 0 0 3 3 
Jibs_PC#4572448852971358208 retreat
Jibs_PC#4572448852971358208 attack 12 13
Jibs_PC#4572448852971358208 roll 3
Jibs_PC#4572448852971358208 roll 1
DICE 3 1 5 3 2 5 
Jibs_PC#4572448852971358208 roll 3
Jibs_PC#4572448852971358208 roll 1
DICE 3 1 4 1 0 5 
Jibs_PC#4572448852971358208 retreat
Jibs_PC#4572448852971358208 endattack
Jibs_PC#4572448852971358208 nomove
CARD 11
Jibs_PC#4572448852971358208 trade 7 22 16
Jibs_PC#4572448852971358208 placearmies 7 5
Jibs_PC#4572448852971358208 placearmies 38 7
Jibs_PC#4572448852971358208 placearmies 38 1
Jibs_PC#4572448852971358208 attack 7 9
Jibs_PC#4572448852971358208 roll 3
Jibs_PC#4572448852971358208 roll 1
DICE 3 1 5 2 2 0 
Jibs_PC#4572448852971358208 move 7
Jibs_PC#4572448852971358208 attack 9 8
Jibs_PC#4572448852971358208 roll 3
Jibs_PC#4572448852971358208 roll 1
DICE 3 1 3 2 2 3 
Jibs_PC#4572448852971358208 roll 3
Jibs_PC#4572448852971358208 roll 1
DICE 3 1 1 1 0 2 
Jibs_PC#4572448852971358208 roll 3
Jibs_PC#4572448852971358208 roll 1
DICE 3 1 3 2 0 2 
Jibs_PC#4572448852971358208 move 3
Jibs_PC#4572448852971358208 attack 38 37
Jibs_PC#4572448852971358208 roll 3
Jibs_PC#4572448852971358208 roll 1
DICE 3 1 5 4 1 1 
Jibs_PC#4572448852971358208 move 9
Jibs_PC#4572448852971358208 attack 37 36
Jibs_PC#4572448852971358208 roll 3
Jibs_PC#4572448852971358208 roll 2
DICE 3 2 5 3 0 4 4 
Jibs_PC#4572448852971358208 roll 3
Jibs_PC#4572448852971358208 roll 1
DICE 3 1 2 1 0 0 
Jibs_PC#4572448852971358208 move 7
Jibs_PC#4572448852971358208 attack 36 35
Jibs_PC#4572448852971358208 roll 3
Jibs_PC#4572448852971358208 roll 1
DICE 3 1 4 1 0 3 
Jibs_PC#4572448852971358208 move 6
Jibs_PC#4572448852971358208 attack 35 34
Jibs_PC#4572448852971358208 roll 3
Jibs_PC#4572448852971358208 roll 1
DICE 3 1 3 3 1 1 
Jibs_PC#4572448852971358208 move 5
Jibs_PC#4572448852971358208 attack 34 27
Jibs_PC#4572448852971358208 roll 3
Jibs_PC#4572448852971358208 roll 1
DICE 3 1 5 4 4 0 
Jibs_PC#4572448852971358208 move 4
Jibs_PC#4572448852971358208 endattack
Jibs_PC#4572448852971358208 movearmies 8 6 2
CARD 24
Jibs_PC#4572448852971358208 placearmies 10 3
Jibs_PC#4572448852971358208 attack 10 12
Jibs_PC#4572448852971358208 roll 3
Jibs_PC#4572448852971358208 roll 2
DICE 3 2 2 1 1 4 4 
Jibs_PC#4572448852971358208 roll 3
Jibs_PC#4572448852971358208 roll 2
DICE 3 2 4 1 1 3 3 
Jibs_PC#4572448852971358208 roll 3
Jibs_PC#4572448852971358208 roll 2
DICE 3 2 5 1 0 4 2 
Jibs_PC#4572448852971358208 roll 2
Jibs_PC#4572448852971358208 roll 1
DICE 2 1 3 0 3 
Jibs_PC#4572448852971358208 retreat
Jibs_PC#4572448852971358208 attack 32 33
Jibs_PC#4572448852971358208 roll 3
Jibs_PC#4572448852971358208 roll 1
DICE 3 1 4 3 2 1 
Jibs_PC#4572448852971358208 endattack
Jibs_PC#4572448852971358208 nomove
CARD 17
Jibs_PC#4572448852971358208 placearmies 18 3
Jibs_PC#4572448852971358208 attack 18 20
Jibs_PC#4572448852971358208 roll 3
Jibs_PC#4572448852971358208 roll 1
DICE 3 1 3 0 0 3 
Jibs_PC#4572448852971358208 roll 2
Jibs_PC#4572448852971358208 roll 1
DICE 2 1 5 1 2 
Jibs_PC#4572448852971358208 attack 42 41
Jibs_PC#4572448852971358208 roll 3
Jibs_PC#4572448852971358208 roll 1
DICE 3 1 5 5 1 3 
Jibs_PC#4572448852971358208 attack 41 40
Jibs_PC#4572448852971358208 roll 2
Jibs_PC#4572448852971358208 roll 1
DICE 2 1 3 3 3 
Jibs_PC#4572448852971358208 retreat
Jibs_PC#4572448852971358208 attack 23 24
Jibs_PC#4572448852971358208 roll 3
Jibs_PC#4572448852971358208 roll 1
DICE 3 1 5 2 1 1 
Jibs_PC#4572448852971358208 attack 24 26
Jibs_PC#4572448852971358208 roll 2
Jibs_PC#4572448852971358208 roll 1
DICE 2 1 3 0 0 
Jibs_PC#4572448852971358208 endattack
Jibs_PC#4572448852971358208 movearmies 26 24 1
CARD 32
Jibs_PC#4572448852971358208 placearmies 31 2
Jibs_PC#4572448852971358208 placearmies 31 1
Jibs_PC#4572448852971358208 attack 31 32
Jibs_PC#4572448852971358208 roll 3
Jibs_PC#4572448852971358208 roll 1
DICE 3 1 4 3 3 0 
Jibs_PC#4572448852971358208 move 4
Jibs_PC#4572448852971358208 endattack
Jibs_PC#4572448852971358208 nomove
CARD 9
Jibs_PC#4572448852971358208 placearmies 27 4
Jibs_PC#4572448852971358208 attack 27 29
Jibs_PC#4572448852971358208 roll 3
Jibs_PC#4572448852971358208 roll 1
DICE 3 1 4 3 1 0 
Jibs_PC#4572448852971358208 move 7
Jibs_PC#4572448852971358208 attack 29 30
Jibs_PC#4572448852971358208 roll 3
Jibs_PC#4572448852971358208 roll 1
DICE 3 1 5 4 1 2 
Jibs_PC#4572448852971358208 move 6
Jibs_PC#4572448852971358208 attack 30 31
Jibs_PC#4572448852971358208 roll 3
Jibs_PC#4572448852971358208 roll 1
DICE 3 1 5 2 0 0 
Jibs_PC#4572448852971358208 move 5
Jibs_PC#4572448852971358208 attack 31 22
Jibs_PC#4572448852971358208 roll 3
Jibs_PC#4572448852971358208 roll 1
DICE 3 1 3 2 2 1 
Jibs_PC#4572448852971358208 move 4
Jibs_PC#4572448852971358208 endattack
Jibs_PC#4572448852971358208 nomove
CARD wildcard
Jibs_PC#4572448852971358208 trade 20 29 17
Jibs_PC#4572448852971358208 placearmies 33 1
Jibs_PC#4572448852971358208 placearmies 11 3
Jibs_PC#4572448852971358208 placearmies 33 5
Jibs_PC#4572448852971358208 attack 11 12
Jibs_PC#4572448852971358208 roll 3
Jibs_PC#4572448852971358208 roll 1
DICE 3 1 5 1 1 0 
Jibs_PC#4572448852971358208 move 3
Jibs_PC#4572448852971358208 attack 33 39
Jibs_PC#4572448852971358208 roll 3
Jibs_PC#4572448852971358208 roll 1
DICE 3 1 3 1 0 2 
Jibs_PC#4572448852971358208 move 8
Jibs_PC#4572448852971358208 attack 39 41
Jibs_PC#4572448852971358208 roll 3
Jibs_PC#4572448852971358208 roll 2
DICE 3 2 5 3 2 4 0 
Jibs_PC#4572448852971358208 move 7
Jibs_PC#4572448852971358208 attack 41 42
Jibs_PC#4572448852971358208 roll 3
Jibs_PC#4572448852971358208 roll 1
DICE 3 1 5 4 0 0 
Jibs_PC#4572448852971358208 move 5
Jibs_PC#4572448852971358208 attack 42 40
Jibs_PC#4572448852971358208 roll 3
Jibs_PC#4572448852971358208 roll 1
DICE 3 1 5 3 0 1 
Jibs_PC#4572448852971358208 move 3
Jibs_PC#4572448852971358208 endattack
Jibs_PC#4572448852971358208 movearmies 10 5 1
CARD 12
Jibs_PC#4572448852971358208 placearmies 20 2
Jibs_PC#4572448852971358208 placearmies 20 1
Jibs_PC#4572448852971358208 attack 20 16
Jibs_PC#4572448852971358208 roll 3
Jibs_PC#4572448852971358208 roll 1
DICE 3 1 4 3 2 4 
Jibs_PC#4572448852971358208 roll 3
Jibs_PC#4572448852971358208 roll 1
DICE 3 1 1 0 0 4 
Jibs_PC#4572448852971358208 roll 2
Jibs_PC#4572448852971358208 roll 1
DICE 2 1 3 2 0 
Jibs_PC#4572448852971358208 endattack
Jibs_PC#4572448852971358208 nomove
CARD 13
Jibs_PC#4572448852971358208 placearmies 32 3
Jibs_PC#4572448852971358208 attack 32 33
Jibs_PC#4572448852971358208 roll 3
Jibs_PC#4572448852971358208 roll 1
DICE 3 1 2 1 1 2 
Jibs_PC#4572448852971358208 roll 3
Jibs_PC#4572448852971358208 roll 1
DICE 3 1 2 2 0 2 
Jibs_PC#4572448852971358208 retreat
Jibs_PC#4572448852971358208 attack 32 29
Jibs_PC#4572448852971358208 roll 3
Jibs_PC#4572448852971358208 roll 1
DICE 3 1 5 4 4 5 
Jibs_PC#4572448852971358208 roll 3
Jibs_PC#4572448852971358208 roll 1
DICE 3 1 2 1 0 1 
Jibs_PC#4572448852971358208 endattack
Jibs_PC#4572448852971358208 nomove
CARD 27
Jibs_PC#4572448852971358208 trade 28 24 wildcard
Jibs_PC#4572448852971358208 placearmies 30 14
Jibs_PC#4572448852971358208 placearmies 30 1
Jibs_PC#4572448852971358208 attack 30 32
Jibs_PC#4572448852971358208 roll 3
Jibs_PC#4572448852971358208 roll 1
DICE 3 1 5 2 0 0 
Jibs_PC#4572448852971358208 move 15
Jibs_PC#4572448852971358208 attack 32 29
Jibs_PC#4572448852971358208 roll 3
Jibs_PC#4572448852971358208 roll 2
DICE 3 2 4 3 1 2 1 
Jibs_PC#4572448852971358208 roll 3
Jibs_PC#4572448852971358208 roll 1
DICE 3 1 3 2 0 0 
Jibs_PC#4572448852971358208 move 14
Jibs_PC#4572448852971358208 attack 29 28
Jibs_PC#4572448852971358208 roll 3
Jibs_PC#4572448852971358208 roll 1
DICE 3 1 4 2 0 3 
Jibs_PC#4572448852971358208 move 13
Jibs_PC#4572448852971358208 attack 22 20
Jibs_PC#4572448852971358208 roll 3
Jibs_PC#4572448852971358208 roll 1
DICE 3 1 5 5 1 0 
Jibs_PC#4572448852971358208 attack 20 19
Jibs_PC#4572448852971358208 roll 2
Jibs_PC#4572448852971358208 roll 1
DICE 2 1 1 0 3 
Jibs_PC#4572448852971358208 retreat
Jibs_PC#4572448852971358208 attack 6 14
Jibs_PC#4572448852971358208 roll 3
Jibs_PC#4572448852971358208 roll 1
DICE 3 1 5 3 1 5 
Jibs_PC#4572448852971358208 roll 2
Jibs_PC#4572448852971358208 roll 1
DICE 2 1 5 1 4 
Jibs_PC#4572448852971358208 attack 28 16
Jibs_PC#4572448852971358208 roll 3
Jibs_PC#4572448852971358208 roll 2
DICE 3 2 4 3 2 5 2 
Jibs_PC#4572448852971358208 roll 3
Jibs_PC#4572448852971358208 roll 1
DICE 3 1 4 2 0 4 
Jibs_PC#4572448852971358208 roll 3
Jibs_PC#4572448852971358208 roll 1
DICE 3 1 5 4 2 5 
Jibs_PC#4572448852971358208 roll 3
Jibs_PC#4572448852971358208 roll 1
DICE 3 1 2 1 0 3 
Jibs_PC#4572448852971358208 roll 3
Jibs_PC#4572448852971358208 roll 1
DICE 3 1 4 2 0 5 
Jibs_PC#4572448852971358208 roll 3
Jibs_PC#4572448852971358208 roll 1
DICE 3 1 3 3 1 1 
Jibs_PC#4572448852971358208 move 7
Jibs_PC#4572448852971358208 attack 16 18
Jibs_PC#4572448852971358208 roll 3
Jibs_PC#4572448852971358208 roll 1
DICE 3 1 3 3 2 0 
Jibs_PC#4572448852971358208 move 6
Jibs_PC#4572448852971358208 attack 18 19
Jibs_PC#4572448852971358208 roll 3
Jibs_PC#4572448852971358208 roll 1
DICE 3 1 5 3 3 4 
Jibs_PC#4572448852971358208 move 5
Jibs_PC#4572448852971358208 attack 19 17
Jibs_PC#4572448852971358208 roll 3
Jibs_PC#4572448852971358208 roll 1
DICE 3 1 3 3 1 1 
Jibs_PC#4572448852971358208 move 4
Jibs_PC#4572448852971358208 attack 17 15
Jibs_PC#4572448852971358208 roll 3
Jibs_PC#4572448852971358208 roll 1
DICE 3 1 3 2 2 1 
Jibs_PC#4572448852971358208 endattack
Jibs_PC#4572448852971358208 movearmies 15 16 1
CARD 39
Jibs_PC#4572448852971358208 placearmies 21 3
Jibs_PC#4572448852971358208 placearmies 21 4
Jibs_PC#4572448852971358208 attack 21 20
Jibs_PC#4572448852971358208 roll 3
Jibs_PC#4572448852971358208 roll 2
DICE 3 2 2 2 1 0 0 
Jibs_PC#4572448852971358208 move 7
Jibs_PC#4572448852971358208 attack 20 19
Jibs_PC#4572448852971358208 roll 3
Jibs_PC#4572448852971358208 roll 1
DICE 3 1 5 2 0 4 
Jibs_PC#4572448852971358208 move 6
Jibs_PC#4572448852971358208 attack 19 18
Jibs_PC#4572448852971358208 roll 3
Jibs_PC#4572448852971358208 roll 1
DICE 3 1 4 2 1 3 
Jibs_PC#4572448852971358208 move 5
Jibs_PC#4572448852971358208 attack 18 17
Jibs_PC#4572448852971358208 roll 3
Jibs_PC#4572448852971358208 roll 1
DICE 3 1 2 2 0 3 
Jibs_PC#4572448852971358208 roll 3
Jibs_PC#4572448852971358208 roll 1
DICE 3 1 2 2 0 3 
Jibs_PC#4572448852971358208 roll 2
Jibs_PC#4572448852971358208 roll 1
DICE 2 1 4 4 5 
Jibs_PC#4572448852971358208 retreat
Jibs_PC#4572448852971358208 endattack
Jibs_PC#4572448852971358208 movearmies 12 21 2
CARD 18
Jibs_PC#4572448852971358208 trade wildcard 32 13
Jibs_PC#4572448852971358208 placearmies 24 2
Jibs_PC#4572448852971358208 placearmies 24 1
Jibs_PC#4572448852971358208 placearmies 24 3
Jibs_PC#4572448852971358208 placearmies 24 1
Jibs_PC#4572448852971358208 attack 24 21
Jibs_PC#4572448852971358208 roll 3
Jibs_PC#4572448852971358208 roll 2
DICE 3 2 5 4 1 3 0 
Jibs_PC#4572448852971358208 roll 3
Jibs_PC#4572448852971358208 roll 2
DICE 3 2 4 4 0 4 1 
Jibs_PC#4572448852971358208 roll 3
Jibs_PC#4572448852971358208 roll 1
DICE 3 1 5 5 3 3 
Jibs_PC#4572448852971358208 move 7
Jibs_PC#4572448852971358208 attack 21 12
Jibs_PC#4572448852971358208 roll 3
Jibs_PC#4572448852971358208 roll 1
DICE 3 1 4 2 0 5 
Jibs_PC#4572448852971358208 roll 3
Jibs_PC#4572448852971358208 roll 1
DICE 3 1 5 4 3 2 
Jibs_PC#4572448852971358208 move 5
Jibs_PC#4572448852971358208 endattack
Jibs_PC#4572448852971358208 nomove
CARD 36
Jibs_PC#4572448852971358208 trade 8 9 27
Jibs_PC#4572448852971358208 placearmies 32 4
Jibs_PC#4572448852971358208 placearmies 32 3
Jibs_PC#4572448852971358208 placearmies 9 4
Jibs_PC#4572448852971358208 placearmies 22 4
Jibs_PC#4572448852971358208 placearmies 22 1
Jibs_PC#4572448852971358208 attack 32 33
Jibs_PC#4572448852971358208 roll 3
Jibs_PC#4572448852971358208 roll 1
DICE 3 1 5 4 3 2 
Jibs_PC#4572448852971358208 move 7
Jibs_PC#4572448852971358208 attack 33 39
Jibs_PC#4572448852971358208 roll 3
Jibs_PC#4572448852971358208 roll 1
DICE 3 1 5 2 0 0 
Jibs_PC#4572448852971358208 move 6
Jibs_PC#4572448852971358208 attack 9 5
Jibs_PC#4572448852971358208 roll 3
Jibs_PC#4572448852971358208 roll 2
DICE 3 2 4 4 1 4 3 
Jibs_PC#4572448852971358208 roll 3
Jibs_PC#4572448852971358208 roll 1
DICE 3 1 4 1 0 2 
Jibs_PC#4572448852971358208 move 4
Jibs_PC#4572448852971358208 attack 39 41
Jibs_PC#4572448852971358208 roll 3
Jibs_PC#4572448852971358208 roll 2
DICE 3 2 1 1 0 4 0 
Jibs_PC#4572448852971358208 roll 3
Jibs_PC#4572448852971358208 roll 1
DICE 3 1 5 3 2 4 
Jibs_PC#4572448852971358208 move 3
Jibs_PC#4572448852971358208 attack 22 20
Jibs_PC#4572448852971358208 roll 3
Jibs_PC#4572448852971358208 roll 1
DICE 3 1 5 3 2 3 
Jibs_PC#4572448852971358208 move 4
Jibs_PC#4572448852971358208 attack 20 19
Jibs_PC#4572448852971358208 roll 3
Jibs_PC#4572448852971358208 roll 1
DICE 3 1 5 2 0 3 
Jibs_PC#4572448852971358208 endattack
Jibs_PC#4572448852971358208 movearmies 41 39 2
CARD 40
Jibs_PC#4572448852971358208 trade 3 12 18
Jibs_PC#4572448852971358208 placearmies 10 8
Jibs_PC#4572448852971358208 placearmies 18 4
Jibs_PC#4572448852971358208 placearmies 40 1
Jibs_PC#4572448852971358208 attack 10 5
Jibs_PC#4572448852971358208 roll 3
Jibs_PC#4572448852971358208 roll 2
DICE 3 2 3 3 0 5 1 
Jibs_PC#4572448852971358208 roll 3
Jibs_PC#4572448852971358208 roll 2
DICE 3 2 2 2 0 5 3 
Jibs_PC#4572448852971358208 roll 3
Jibs_PC#4572448852971358208 roll 2
DICE 3 2 5 5 1 4 0 
Jibs_PC#4572448852971358208 roll 3
Jibs_PC#4572448852971358208 roll 1
DICE 3 1 5 2 2 1 
Jibs_PC#4572448852971358208 move 5
Jibs_PC#4572448852971358208 attack 18 16
Jibs_PC#4572448852971358208 roll 3
Jibs_PC#4572448852971358208 roll 2
DICE 3 2 5 4 4 2 2 
Jibs_PC#4572448852971358208 move 7
Jibs_PC#4572448852971358208 attack 16 31
Jibs_PC#4572448852971358208 roll 3
Jibs_PC#4572448852971358208 roll 1
DICE 3 1 3 3 0 1 
Jibs_PC#4572448852971358208 move 6
Jibs_PC#4572448852971358208 attack 40 41
Jibs_PC#4572448852971358208 roll 3
Jibs_PC#4572448852971358208 roll 1
DICE 3 1 5 3 2 1 
Jibs_PC#4572448852971358208 attack 31 32
Jibs_PC#4572448852971358208 roll 3
Jibs_PC#4572448852971358208 roll 1
DICE 3 1 5 1 0 1 
Jibs_PC#4572448852971358208 move 5
Jibs_PC#4572448852971358208 attack 32 33
Jibs_PC#4572448852971358208 roll 3
Jibs_PC#4572448852971358208 roll 1
DICE 3 1 5 4 1 1 
Jibs_PC#4572448852971358208 move 4
Jibs_PC#4572448852971358208 attack 33 29
Jibs_PC#4572448852971358208 roll 3
Jibs_PC#4572448852971358208 roll 1
DICE 3 1 5 1 0 3 
Jibs_PC#4572448852971358208 attack 29 36
Jibs_PC#4572448852971358208 roll 2
Jibs_PC#4572448852971358208 roll 1
DICE 2 1 2 0 3 
Jibs_PC#4572448852971358208 retreat
Jibs_PC#4572448852971358208 attack 5 9
Jibs_PC#4572448852971358208 roll 3
Jibs_PC#4572448852971358208 roll 1
DICE 3 1 4 2 1 4 
Jibs_PC#4572448852971358208 roll 3
Jibs_PC#4572448852971358208 roll 1
DICE 3 1 4 3 3 4 
Jibs_PC#4572448852971358208 retreat
Jibs_PC#4572448852971358208 endattack
Jibs_PC#4572448852971358208 movearmies 5 10 2
CARD 33
Jibs_PC#4572448852971358208 placearmies 12 3
Jibs_PC#4572448852971358208 attack 12 10
Jibs_PC#4572448852971358208 roll 3
Jibs_PC#4572448852971358208 roll 2
DICE 3 2 1 1 0 5 1 
Jibs_PC#4572448852971358208 roll 3
Jibs_PC#4572448852971358208 roll 2
DICE 3 2 4 3 0 3 0 
Jibs_PC#4572448852971358208 roll 3
Jibs_PC#4572448852971358208 roll 1
DICE 3 1 4 3 1 4 
Jibs_PC#4572448852971358208 roll 3
Jibs_PC#4572448852971358208 roll 1
DICE 3 1 5 4 1 5 
Jibs_PC#4572448852971358208 roll 3
Jibs_PC#4572448852971358208 roll 1
DICE 3 1 5 3 3 0 
Jibs_PC#4572448852971358208 endattack
Jibs_PC#4572448852971358208 nomove
CARD 4
Jibs_PC#4572448852971358208 trade 11 39 40
Jibs_PC#4572448852971358208 placearmies 39 10
Jibs_PC#4572448852971358208 placearmies 39 3
Jibs_PC#4572448852971358208 attack 39 33
Jibs_PC#4572448852971358208 roll 3
Jibs_PC#4572448852971358208 roll 1
DICE 3 1 5 4 3 0 
Jibs_PC#4572448852971358208 move 18
Jibs_PC#4572448852971358208 attack 33 32
Jibs_PC#4572448852971358208 roll 3
Jibs_PC#4572448852971358208 roll 1
DICE 3 1 4 1 0 4 
Jibs_PC#4572448852971358208 roll 3
Jibs_PC#4572448852971358208 roll 1
DICE 3 1 3 1 1 5 
Jibs_PC#4572448852971358208 roll 3
Jibs_PC#4572448852971358208 roll 1
DICE 3 1 5 3 0 1 
Jibs_PC#4572448852971358208 move 15
Jibs_PC#4572448852971358208 attack 32 31
Jibs_PC#4572448852971358208 roll 3
Jibs_PC#4572448852971358208 roll 1
DICE 3 1 5 3 2 4 
Jibs_PC#4572448852971358208 move 9
Jibs_PC#4572448852971358208 attack 32 29
Jibs_PC#4572448852971358208 roll 3
Jibs_PC#4572448852971358208 roll 2
DICE 3 2 3 3 2 4 2 
Jibs_PC#4572448852971358208 roll 3
Jibs_PC#4572448852971358208 roll 1
DICE 3 1 2 2 2 0 
Jibs_PC#4572448852971358208 move 3
Jibs_PC#4572448852971358208 attack 31 16
Jibs_PC#4572448852971358208 roll 3
Jibs_PC#4572448852971358208 roll 1
DICE 3 1 4 1 0 1 
Jibs_PC#4572448852971358208 move 8
Jibs_PC#4572448852971358208 attack 16 18
Jibs_PC#4572448852971358208 roll 3
Jibs_PC#4572448852971358208 roll 1
DICE 3 1 4 2 1 2 
Jibs_PC#4572448852971358208 move 3
Jibs_PC#4572448852971358208 endattack
Jibs_PC#4572448852971358208 movearmies 8 9 2
CARD 38
Jibs_PC#4572448852971358208 placearmies 41 1
Jibs_PC#4572448852971358208 placearmies 41 1
Jibs_PC#4572448852971358208 placearmies 11 1
Jibs_PC#4572448852971358208 attack 41 39
Jibs_PC#4572448852971358208 roll 3
Jibs_PC#4572448852971358208 roll 1
DICE 3 1 5 4 0 2 
Jibs_PC#4572448852971358208 move 4
Jibs_PC#4572448852971358208 attack 39 33
Jibs_PC#4572448852971358208 roll 3
Jibs_PC#4572448852971358208 roll 1
DICE 3 1 5 5 3 0 
Jibs_PC#4572448852971358208 endattack
Jibs_PC#4572448852971358208 movearmies 33 39 2
CARD 15
Jibs_PC#4572448852971358208 placearmies 10 1
Jibs_PC#4572448852971358208 placearmies 10 1
Jibs_PC#4572448852971358208 placearmies 10 1
Jibs_PC#4572448852971358208 attack 10 11
Jibs_PC#4572448852971358208 roll 3
Jibs_PC#4572448852971358208 roll 2
DICE 3 2 4 3 0 2 0 
Jibs_PC#4572448852971358208 roll 3
Jibs_PC#4572448852971358208 roll 1
DICE 3 1 5 4 1 1 
Jibs_PC#4572448852971358208 move 5
Jibs_PC#4572448852971358208 endattack
Jibs_PC#4572448852971358208 nomove
CARD 35
Jibs_PC#4572448852971358208 placearmies 32 3
Jibs_PC#4572448852971358208 placearmies 20 1
Jibs_PC#4572448852971358208 placearmies 4 1
Jibs_PC#4572448852971358208 placearmies 32 6
Jibs_PC#4572448852971358208 placearmies 9 2
Jibs_PC#4572448852971358208 placearmies 19 1
Jibs_PC#4572448852971358208 attack 32 33
Jibs_PC#4572448852971358208 roll 3
Jibs_PC#4572448852971358208 roll 1
DICE 3 1 2 1 0 4 
Jibs_PC#4572448852971358208 roll 3
Jibs_PC#4572448852971358208 roll 1
DICE 3 1 5 4 4 5 
Jibs_PC#4572448852971358208 roll 3
Jibs_PC#4572448852971358208 roll 1
DICE 3 1 5 3 0 3 
Jibs_PC#4572448852971358208 move 8
Jibs_PC#4572448852971358208 attack 33 39
Jibs_PC#4572448852971358208 roll 3
Jibs_PC#4572448852971358208 roll 2
DICE 3 2 5 3 3 4 0 
Jibs_PC#4572448852971358208 roll 3
Jibs_PC#4572448852971358208 roll 1
DICE 3 1 5 2 1 3 
Jibs_PC#4572448852971358208 move 7
Jibs_PC#4572448852971358208 attack 9 5
Jibs_PC#4572448852971358208 roll 3
Jibs_PC#4572448852971358208 roll 1
DICE 3 1 5 2 1 1 
Jibs_PC#4572448852971358208 move 4
Jibs_PC#4572448852971358208 attack 39 41
Jibs_PC#4572448852971358208 roll 3
Jibs_PC#4572448852971358208 roll 1
DICE 3 1 4 1 0 0 
Jibs_PC#4572448852971358208 move 5
Jibs_PC#4572448852971358208 attack 41 40
Jibs_PC#4572448852971358208 roll 3
Jibs_PC#4572448852971358208 roll 1
DICE 3 1 3 0 0 0 
Jibs_PC#4572448852971358208 move 3
Jibs_PC#4572448852971358208 attack 19 21
Jibs_PC#4572448852971358208 roll 3
Jibs_PC#4572448852971358208 roll 1
DICE 3 1 3 3 0 3 
Jibs_PC#4572448852971358208 roll 2
Jibs_PC#4572448852971358208 roll 1
DICE 2 1 5 2 5 
Jibs_PC#4572448852971358208 retreat
Jibs_PC#4572448852971358208 endattack
Jibs_PC#4572448852971358208 movearmies 18 20 2
CARD 26
Jibs_PC#4572448852971358208 placearmies 42 3
Jibs_PC#4572448852971358208 attack 42 40
Jibs_PC#4572448852971358208 roll 3
Jibs_PC#4572448852971358208 roll 2
DICE 3 2 4 2 1 3 1 
Jibs_PC#4572448852971358208 roll 3
Jibs_PC#4572448852971358208 roll 1
DICE 3 1 5 4 2 5 
Jibs_PC#4572448852971358208 roll 3
Jibs_PC#4572448852971358208 roll 1
DICE 3 1 4 4 3 4 
Jibs_PC#4572448852971358208 roll 2
Jibs_PC#4572448852971358208 roll 1
DICE 2 1 3 0 5 
Jibs_PC#4572448852971358208 retreat
Jibs_PC#4572448852971358208 endattack
Jibs_PC#4572448852971358208 nomove
CARD 
Jibs_PC#4572448852971358208 placearmies 21 3
Jibs_PC#4572448852971358208 attack 21 19
Jibs_PC#4572448852971358208 roll 3
Jibs_PC#4572448852971358208 roll 2
DICE 3 2 5 5 3 0 0 
Jibs_PC#4572448852971358208 endattack
Jibs_PC#4572448852971358208 movearmies 19 21 2
CARD 14
Jibs_PC#4572448852971358208 placearmies 41 4
Jibs_PC#4572448852971358208 placearmies 18 1
Jibs_PC#4572448852971358208 placearmies 17 1
Jibs_PC#4572448852971358208 placearmies 40 1
Jibs_PC#4572448852971358208 placearmies 22 1
Jibs_PC#4572448852971358208 placearmies 17 3
Jibs_PC#4572448852971358208 placearmies 20 1
Jibs_PC#4572448852971358208 placearmies 22 8
Jibs_PC#4572448852971358208 placearmies 22 2
Jibs_PC#4572448852971358208 attack 41 42
Jibs_PC#4572448852971358208 roll 3
Jibs_PC#4572448852971358208 roll 2
DICE 3 2 3 0 0 4 0 
Jibs_PC#4572448852971358208 roll 3
Jibs_PC#4572448852971358208 roll 2
DICE 3 2 4 3 1 3 0 
Jibs_PC#4572448852971358208 attack 22 21
Jibs_PC#4572448852971358208 roll 3
Jibs_PC#4572448852971358208 roll 2
DICE 3 2 5 4 2 4 3 
Jibs_PC#4572448852971358208 roll 3
Jibs_PC#4572448852971358208 roll 1
DICE 3 1 5 3 3 5 
Jibs_PC#4572448852971358208 roll 3
Jibs_PC#4572448852971358208 roll 1
DICE 3 1 3 2 1 0 
Jibs_PC#4572448852971358208 move 10
Jibs_PC#4572448852971358208 attack 21 12
Jibs_PC#4572448852971358208 roll 3
Jibs_PC#4572448852971358208 roll 1
DICE 3 1 5 2 1 0 
Jibs_PC#4572448852971358208 move 9
Jibs_PC#4572448852971358208 attack 12 13
Jibs_PC#4572448852971358208 roll 3
Jibs_PC#4572448852971358208 roll 1
DICE 3 1 4 0 0 5 
Jibs_PC#4572448852971358208 roll 3
Jibs_PC#4572448852971358208 roll 1
DICE 3 1 3 3 1 4 
Jibs_PC#4572448852971358208 roll 3
Jibs_PC#4572448852971358208 roll 1
DICE 3 1 5 4 3 5 
Jibs_PC#4572448852971358208 roll 3
Jibs_PC#4572448852971358208 roll 1
DICE 3 1 3 2 2 2 
Jibs_PC#4572448852971358208 move 5
Jibs_PC#4572448852971358208 attack 17 19
Jibs_PC#4572448852971358208 roll 3
Jibs_PC#4572448852971358208 roll 1
DICE 3 1 3 3 2 5 
Jibs_PC#4572448852971358208 roll 3
Jibs_PC#4572448852971358208 roll 1
DICE 3 1 1 0 0 2 
Jibs_PC#4572448852971358208 retreat
Jibs_PC#4572448852971358208 attack 20 19
Jibs_PC#4572448852971358208 roll 3
Jibs_PC#4572448852971358208 roll 1
DICE 3 1 5 4 0 4 
Jibs_PC#4572448852971358208 move 3
Jibs_PC#4572448852971358208 attack 5 10
Jibs_PC#4572448852971358208 roll 3
Jibs_PC#4572448852971358208 roll 1
DICE 3 1 5 3 2 3 
Jibs_PC#4572448852971358208 attack 13 11
Jibs_PC#4572448852971358208 roll 3
Jibs_PC#4572448852971358208 roll 2
DICE 3 2 5 4 0 4 3 
Jibs_PC#4572448852971358208 roll 3
Jibs_PC#4572448852971358208 roll 2
DICE 3 2 5 1 0 2 1 
Jibs_PC#4572448852971358208 roll 3
Jibs_PC#4572448852971358208 roll 2
DICE 3 2 5 2 2 1 1 
Jibs_PC#4572448852971358208 endattack
Jibs_PC#4572448852971358208 movearmies 19 21 2
CARD 30
Jibs_PC#4572448852971358208 trade 4 35 14
Jibs_PC#4572448852971358208 placearmies 24 5
Jibs_PC#4572448852971358208 placearmies 24 2
Jibs_PC#4572448852971358208 attack 24 22
Jibs_PC#4572448852971358208 roll 3
Jibs_PC#4572448852971358208 roll 2
DICE 3 2 2 1 0 4 3 
Jibs_PC#4572448852971358208 roll 3
Jibs_PC#4572448852971358208 roll 2
DICE 3 2 4 2 1 3 3 
Jibs_PC#4572448852971358208 roll 3
Jibs_PC#4572448852971358208 roll 1
DICE 3 1 5 1 0 3 
Jibs_PC#4572448852971358208 move 4
Jibs_PC#4572448852971358208 attack 22 20
Jibs_PC#4572448852971358208 roll 3
Jibs_PC#4572448852971358208 roll 2
DICE 3 2 4 2 0 3 3 
Jibs_PC#4572448852971358208 roll 2
Jibs_PC#4572448852971358208 roll 1
DICE 2 1 5 2 1 
Jibs_PC#4572448852971358208 endattack
Jibs_PC#4572448852971358208 nomove
CARD 25
Jibs_PC#4572448852971358208 trade 38 26 33
Jibs_PC#4572448852971358208 placearmies 16 16
Jibs_PC#4572448852971358208 placearmies 31 1
Jibs_PC#4572448852971358208 placearmies 19 1
Jibs_PC#4572448852971358208 placearmies 16 6
Jibs_PC#4572448852971358208 placearmies 16 4
Jibs_PC#4572448852971358208 placearmies 16 3
Jibs_PC#4572448852971358208 placearmies 16 2
Jibs_PC#4572448852971358208 placearmies 16 1
Jibs_PC#4572448852971358208 placearmies 16 1
Jibs_PC#4572448852971358208 placearmies 16 1
Jibs_PC#4572448852971358208 placearmies 16 1
Jibs_PC#4572448852971358208 placearmies 16 1
Jibs_PC#4572448852971358208 attack 16 20
Jibs_PC#4572448852971358208 roll 3
Jibs_PC#4572448852971358208 roll 2
DICE 3 2 5 4 0 4 2 
Jibs_PC#4572448852971358208 move 40
Jibs_PC#4572448852971358208 attack 20 22
Jibs_PC#4572448852971358208 roll 3
Jibs_PC#4572448852971358208 roll 1
DICE 3 1 4 3 0 2 
Jibs_PC#4572448852971358208 move 39
Jibs_PC#4572448852971358208 attack 21 23
Jibs_PC#4572448852971358208 roll 2
Jibs_PC#4572448852971358208 roll 1
DICE 2 1 5 2 0 
Jibs_PC#4572448852971358208 attack 22 24
Jibs_PC#4572448852971358208 roll 3
Jibs_PC#4572448852971358208 roll 1
DICE 3 1 5 5 4 1 
Jibs_PC#4572448852971358208 move 38
Jibs_PC#4572448852971358208 attack 24 26
Jibs_PC#4572448852971358208 roll 3
Jibs_PC#4572448852971358208 roll 1
DICE 3 1 4 1 1 3 
Jibs_PC#4572448852971358208 move 5
Jibs_PC#4572448852971358208 attack 24 25
Jibs_PC#4572448852971358208 roll 3
Jibs_PC#4572448852971358208 roll 1
DICE 3 1 4 1 1 3 
Jibs_PC#4572448852971358208 move 3
