Jibs_PC#4175869913241635840 newplayer ai hard green s0914007
Jibs_PC#4175869913241635840 newplayer ai hard blue bob
Jibs_PC#4175869913241635840 newplayer ai hard red fred
Jibs_PC#4175869913241635840 newplayer ai hard cyan ted
Jibs_PC#4175869913241635840 newplayer ai hard magenta yura
Jibs_PC#4175869913241635840 newplayer ai hard yellow lala
Jibs_PC#4175869913241635840 startgame mission fixed autoplaceall recycle
PLAYER bob
MISSION 5 3 3 0 0 0
PLACEALL 13 39 26 35 36 14 9 37 21 24 8 28 29 20 3 1 19 6 11 15 12 2 33 22 16 32 18 7 27 23 25 40 42 41 5 17 4 31 38 34 30 10
Jibs_PC#4175869913241635840 placearmies 13 1
CARD 
Jibs_PC#4175869913241635840 placearmies 40 1
CARD 
Jibs_PC#4175869913241635840 placearmies 42 1
CARD 
Jibs_PC#4175869913241635840 placearmies 41 1
CARD 
Jibs_PC#4175869913241635840 placearmies 8 1
CARD 
Jibs_PC#4175869913241635840 placearmies 6 1
CARD 
Jibs_PC#4175869913241635840 placearmies 13 1
CARD 
Jibs_PC#4175869913241635840 placearmies 40 1
CARD 
Jibs_PC#4175869913241635840 placearmies 42 1
CARD 
Jibs_PC#4175869913241635840 placearmies 41 1
CARD 
Jibs_PC#4175869913241635840 placearmies 8 1
CARD 
Jibs_PC#4175869913241635840 placearmies 10 1
CARD 
Jibs_PC#4175869913241635840 placearmies 13 1
CARD 
Jibs_PC#4175869913241635840 placearmies 40 1
CARD 
Jibs_PC#4175869913241635840 placearmies 42 1
CARD 
Jibs_PC#4175869913241635840 placearmies 35 1
CARD 
Jibs_PC#4175869913241635840 placearmies 8 1
CARD 
Jibs_PC#4175869913241635840 placearmies 10 1
CARD 
Jibs_PC#4175869913241635840 placearmies 13 1
CARD 
Jibs_PC#4175869913241635840 placearmies 40 1
CARD 
Jibs_PC#4175869913241635840 placearmies 42 1
CARD 
Jibs_PC#4175869913241635840 placearmies 35 1
CARD 
Jibs_PC#4175869913241635840 placearmies 8 1
CARD 
Jibs_PC#4175869913241635840 placearmies 10 1
CARD 
Jibs_PC#4175869913241635840 placearmies 13 1
CARD 
Jibs_PC#4175869913241635840 placearmies 40 1
CARD 
Jibs_PC#4175869913241635840 placearmies 42 1
CARD 
Jibs_PC#4175869913241635840 placearmies 35 1
CARD 
Jibs_PC#4175869913241635840 placearmies 8 1
CARD 
Jibs_PC#4175869913241635840 placearmies 10 1
CARD 
Jibs_PC#4175869913241635840 placearmies 13 1
CARD 
Jibs_PC#4175869913241635840 placearmies 40 1
CARD 
Jibs_PC#4175869913241635840 placearmies 42 1
CARD 
Jibs_PC#4175869913241635840 placearmies 35 1
CARD 
Jibs_PC#4175869913241635840 placearmies 8 1
CARD 
Jibs_PC#4175869913241635840 placearmies 10 1
CARD 
Jibs_PC#4175869913241635840 placearmies 13 1
CARD 
Jibs_PC#4175869913241635840 placearmies 20 1
CARD 
Jibs_PC#4175869913241635840 placearmies 42 1
CARD 
Jibs_PC#4175869913241635840 placearmies 35 1
CARD 
Jibs_PC#4175869913241635840 placearmies 8 1
CARD 
Jibs_PC#4175869913241635840 placearmies 10 1
CARD 
Jibs_PC#4175869913241635840 placearmies 13 1
CARD 
Jibs_PC#4175869913241635840 placearmies 20 1
CARD 
Jibs_PC#4175869913241635840 placearmies 42 1
CARD 
Jibs_PC#4175869913241635840 placearmies 35 1
CARD 
Jibs_PC#4175869913241635840 placearmies 8 1
CARD 
Jibs_PC#4175869913241635840 placearmies 10 1
CARD 
Jibs_PC#4175869913241635840 placearmies 13 1
CARD 
Jibs_PC#4175869913241635840 placearmies 20 1
CARD 
Jibs_PC#4175869913241635840 placearmies 42 1
CARD 
Jibs_PC#4175869913241635840 placearmies 35 1
CARD 
Jibs_PC#4175869913241635840 placearmies 8 1
CARD 
Jibs_PC#4175869913241635840 placearmies 10 1
CARD 
Jibs_PC#4175869913241635840 placearmies 13 1
CARD 
Jibs_PC#4175869913241635840 placearmies 20 1
CARD 
Jibs_PC#4175869913241635840 placearmies 26 1
CARD 
Jibs_PC#4175869913241635840 placearmies 35 1
CARD 
Jibs_PC#4175869913241635840 placearmies 8 1
CARD 
Jibs_PC#4175869913241635840 placearmies 10 1
CARD 
Jibs_PC#4175869913241635840 placearmies 13 1
CARD 
Jibs_PC#4175869913241635840 placearmies 20 1
CARD 
Jibs_PC#4175869913241635840 placearmies 26 1
CARD 
Jibs_PC#4175869913241635840 placearmies 35 1
CARD 
Jibs_PC#4175869913241635840 placearmies 8 1
CARD 
Jibs_PC#4175869913241635840 placearmies 10 1
CARD 
Jibs_PC#4175869913241635840 placearmies 13 1
CARD 
Jibs_PC#4175869913241635840 placearmies 20 1
CARD 
Jibs_PC#4175869913241635840 placearmies 26 1
CARD 
Jibs_PC#4175869913241635840 placearmies 35 1
CARD 
Jibs_PC#4175869913241635840 placearmies 8 1
CARD 
Jibs_PC#4175869913241635840 placearmies 10 1
CARD 
Jibs_PC#4175869913241635840 placearmies 13 1
CARD 
Jibs_PC#4175869913241635840 placearmies 20 1
CARD 
Jibs_PC#4175869913241635840 placearmies 26 1
CARD 
Jibs_PC#4175869913241635840 placearmies 41 1
CARD 
Jibs_PC#4175869913241635840 placearmies 8 1
CARD 
Jibs_PC#4175869913241635840 placearmies 10 1
CARD 
Jibs_PC#4175869913241635840 placearmies 13 3
Jibs_PC#4175869913241635840 attack 13 12
Jibs_PC#4175869913241635840 roll 3
Jibs_PC#4175869913241635840 roll 1
DICE 3 1 5 3 0 4 
Jibs_PC#4175869913241635840 move 16
Jibs_PC#4175869913241635840 attack 12 10
Jibs_PC#4175869913241635840 roll 3
Jibs_PC#4175869913241635840 roll 2
DICE 3 2 5 1 0 3 2 
Jibs_PC#4175869913241635840 roll 3
Jibs_PC#4175869913241635840 roll 2
DICE 3 2 4 3 1 3 1 
Jibs_PC#4175869913241635840 roll 3
Jibs_PC#4175869913241635840 roll 2
DICE 3 2 2 0 0 3 0 
Jibs_PC#4175869913241635840 roll 3
Jibs_PC#4175869913241635840 roll 2
DICE 3 2 4 3 3 2 0 
Jibs_PC#4175869913241635840 roll 3
Jibs_PC#4175869913241635840 roll 2
DICE 3 2 5 4 2 3 1 
Jibs_PC#4175869913241635840 roll 3
Jibs_PC#4175869913241635840 roll 2
DICE 3 2 3 1 0 5 1 
Jibs_PC#4175869913241635840 roll 3
Jibs_PC#4175869913241635840 roll 2
DICE 3 2 5 5 1 4 4 
Jibs_PC#4175869913241635840 roll 3
Jibs_PC#4175869913241635840 roll 2
DICE 3 2 3 0 0 5 3 
Jibs_PC#4175869913241635840 roll 3
Jibs_PC#4175869913241635840 roll 2
DICE 3 2 1 0 0 4 4 
Jibs_PC#4175869913241635840 roll 3
Jibs_PC#4175869913241635840 roll 2
DICE 3 2 4 2 1 4 0 
Jibs_PC#4175869913241635840 roll 3
Jibs_PC#4175869913241635840 roll 2
DICE 3 2 4 3 0 5 5 
Jibs_PC#4175869913241635840 retreat
Jibs_PC#4175869913241635840 endattack
Jibs_PC#4175869913241635840 nomove
CARD 29
Jibs_PC#4175869913241635840 placearmies 40 1
Jibs_PC#4175869913241635840 placearmies 20 2
Jibs_PC#4175869913241635840 attack 40 41
Jibs_PC#4175869913241635840 roll 3
Jibs_PC#4175869913241635840 roll 2
DICE 3 2 5 5 1 5 0 
Jibs_PC#4175869913241635840 roll 3
Jibs_PC#4175869913241635840 roll 2
DICE 3 2 3 3 1 5 3 
Jibs_PC#4175869913241635840 roll 3
Jibs_PC#4175869913241635840 roll 2
DICE 3 2 2 1 1 4 3 
Jibs_PC#4175869913241635840 retreat
Jibs_PC#4175869913241635840 attack 20 16
Jibs_PC#4175869913241635840 roll 3
Jibs_PC#4175869913241635840 roll 1
DICE 3 1 5 4 4 0 
Jibs_PC#4175869913241635840 move 9
Jibs_PC#4175869913241635840 attack 16 18
Jibs_PC#4175869913241635840 roll 3
Jibs_PC#4175869913241635840 roll 1
DICE 3 1 4 3 1 0 
Jibs_PC#4175869913241635840 move 8
Jibs_PC#4175869913241635840 attack 18 17
Jibs_PC#4175869913241635840 roll 3
Jibs_PC#4175869913241635840 roll 1
DICE 3 1 5 1 0 0 
Jibs_PC#4175869913241635840 move 7
Jibs_PC#4175869913241635840 attack 17 14
Jibs_PC#4175869913241635840 roll 3
Jibs_PC#4175869913241635840 roll 1
DICE 3 1 5 1 1 2 
Jibs_PC#4175869913241635840 move 6
Jibs_PC#4175869913241635840 endattack
Jibs_PC#4175869913241635840 nomove
CARD 21
Jibs_PC#4175869913241635840 placearmies 26 3
Jibs_PC#4175869913241635840 attack 42 41
Jibs_PC#4175869913241635840 roll 3
Jibs_PC#4175869913241635840 roll 2
DICE 3 2 3 1 0 2 0 
Jibs_PC#4175869913241635840 roll 3
Jibs_PC#4175869913241635840 roll 1
DICE 3 1 5 4 2 5 
Jibs_PC#4175869913241635840 retreat
Jibs_PC#4175869913241635840 attack 42 40
Jibs_PC#4175869913241635840 roll 3
Jibs_PC#4175869913241635840 roll 2
DICE 3 2 4 4 1 1 1 
Jibs_PC#4175869913241635840 roll 3
Jibs_PC#4175869913241635840 roll 1
DICE 3 1 3 2 0 2 
Jibs_PC#4175869913241635840 move 8
Jibs_PC#4175869913241635840 attack 40 39
Jibs_PC#4175869913241635840 roll 3
Jibs_PC#4175869913241635840 roll 1
DICE 3 1 4 3 0 3 
Jibs_PC#4175869913241635840 move 7
Jibs_PC#4175869913241635840 attack 39 41
Jibs_PC#4175869913241635840 roll 3
Jibs_PC#4175869913241635840 roll 1
DICE 3 1 3 1 0 5 
Jibs_PC#4175869913241635840 roll 3
Jibs_PC#4175869913241635840 roll 1
DICE 3 1 2 2 0 1 
Jibs_PC#4175869913241635840 move 3
Jibs_PC#4175869913241635840 attack 26 24
Jibs_PC#4175869913241635840 roll 3
Jibs_PC#4175869913241635840 roll 1
DICE 3 1 4 0 0 3 
Jibs_PC#4175869913241635840 move 7
Jibs_PC#4175869913241635840 attack 24 25
Jibs_PC#4175869913241635840 roll 3
Jibs_PC#4175869913241635840 roll 1
DICE 3 1 3 2 1 5 
Jibs_PC#4175869913241635840 roll 3
Jibs_PC#4175869913241635840 roll 1
DICE 3 1 5 3 1 4 
Jibs_PC#4175869913241635840 move 5
Jibs_PC#4175869913241635840 attack 25 23
Jibs_PC#4175869913241635840 roll 3
Jibs_PC#4175869913241635840 roll 1
DICE 3 1 5 4 4 1 
Jibs_PC#4175869913241635840 move 3
Jibs_PC#4175869913241635840 endattack
Jibs_PC#4175869913241635840 movearmies 25 24 1
CARD 30
Jibs_PC#4175869913241635840 placearmies 35 3
Jibs_PC#4175869913241635840 attack 35 27
Jibs_PC#4175869913241635840 roll 3
Jibs_PC#4175869913241635840 roll 1
DICE 3 1 4 4 4 1 
Jibs_PC#4175869913241635840 move 13
Jibs_PC#4175869913241635840 attack 27 29
Jibs_PC#4175869913241635840 roll 3
Jibs_PC#4175869913241635840 roll 1
DICE 3 1 5 4 3 5 
Jibs_PC#4175869913241635840 roll 3
Jibs_PC#4175869913241635840 roll 1
DICE 3 1 4 1 1 4 
Jibs_PC#4175869913241635840 roll 3
Jibs_PC#4175869913241635840 roll 1
DICE 3 1 3 0 0 3 
Jibs_PC#4175869913241635840 roll 3
Jibs_PC#4175869913241635840 roll 1
DICE 3 1 5 2 0 5 
Jibs_PC#4175869913241635840 roll 3
Jibs_PC#4175869913241635840 roll 1
DICE 3 1 0 0 0 5 
Jibs_PC#4175869913241635840 retreat
Jibs_PC#4175869913241635840 endattack
Jibs_PC#4175869913241635840 nomove
CARD 34
Jibs_PC#4175869913241635840 placearmies 8 3
Jibs_PC#4175869913241635840 attack 8 9
Jibs_PC#4175869913241635840 roll 3
Jibs_PC#4175869913241635840 roll 1
DICE 3 1 5 4 3 3 
Jibs_PC#4175869913241635840 move 16
Jibs_PC#4175869913241635840 attack 9 7
Jibs_PC#4175869913241635840 roll 3
Jibs_PC#4175869913241635840 roll 1
DICE 3 1 5 3 1 5 
Jibs_PC#4175869913241635840 roll 3
Jibs_PC#4175869913241635840 roll 1
DICE 3 1 5 5 0 3 
Jibs_PC#4175869913241635840 move 14
Jibs_PC#4175869913241635840 attack 7 6
Jibs_PC#4175869913241635840 roll 3
Jibs_PC#4175869913241635840 roll 2
DICE 3 2 5 5 2 4 1 
Jibs_PC#4175869913241635840 move 13
Jibs_PC#4175869913241635840 attack 6 2
Jibs_PC#4175869913241635840 roll 3
Jibs_PC#4175869913241635840 roll 1
DICE 3 1 5 4 3 1 
Jibs_PC#4175869913241635840 move 12
Jibs_PC#4175869913241635840 attack 2 3
Jibs_PC#4175869913241635840 roll 3
Jibs_PC#4175869913241635840 roll 1
DICE 3 1 5 3 0 1 
Jibs_PC#4175869913241635840 move 11
Jibs_PC#4175869913241635840 attack 3 4
Jibs_PC#4175869913241635840 roll 3
Jibs_PC#4175869913241635840 roll 1
DICE 3 1 1 0 0 0 
Jibs_PC#4175869913241635840 move 3
Jibs_PC#4175869913241635840 attack 3 1
Jibs_PC#4175869913241635840 roll 3
Jibs_PC#4175869913241635840 roll 1
DICE 3 1 5 4 0 4 
Jibs_PC#4175869913241635840 move 7
Jibs_PC#4175869913241635840 attack 1 38
Jibs_PC#4175869913241635840 roll 3
Jibs_PC#4175869913241635840 roll 1
DICE 3 1 4 1 0 5 
Jibs_PC#4175869913241635840 roll 3
Jibs_PC#4175869913241635840 roll 1
DICE 3 1 5 3 2 1 
Jibs_PC#4175869913241635840 move 5
Jibs_PC#4175869913241635840 attack 38 37
Jibs_PC#4175869913241635840 roll 3
Jibs_PC#4175869913241635840 roll 1
DICE 3 1 5 4 3 1 
Jibs_PC#4175869913241635840 move 3
Jibs_PC#4175869913241635840 endattack
Jibs_PC#4175869913241635840 movearmies 37 38 2
CARD 27
Jibs_PC#4175869913241635840 placearmies 10 1
Jibs_PC#4175869913241635840 placearmies 10 1
Jibs_PC#4175869913241635840 placearmies 10 1
Jibs_PC#4175869913241635840 attack 10 5
Jibs_PC#4175869913241635840 roll 3
Jibs_PC#4175869913241635840 roll 1
DICE 3 1 2 2 2 5 
Jibs_PC#4175869913241635840 roll 3
Jibs_PC#4175869913241635840 roll 1
DICE 3 1 4 2 1 1 
Jibs_PC#4175869913241635840 move 4
Jibs_PC#4175869913241635840 endattack
Jibs_PC#4175869913241635840 nomove
CARD 10
Jibs_PC#4175869913241635840 placearmies 12 1
Jibs_PC#4175869913241635840 placearmies 12 1
Jibs_PC#4175869913241635840 placearmies 12 1
Jibs_PC#4175869913241635840 attack 12 10
Jibs_PC#4175869913241635840 roll 3
Jibs_PC#4175869913241635840 roll 1
DICE 3 1 3 0 0 3 
Jibs_PC#4175869913241635840 roll 3
Jibs_PC#4175869913241635840 roll 1
DICE 3 1 4 3 2 4 
Jibs_PC#4175869913241635840 roll 3
Jibs_PC#4175869913241635840 roll 1
DICE 3 1 5 4 0 3 
Jibs_PC#4175869913241635840 move 3
Jibs_PC#4175869913241635840 endattack
Jibs_PC#4175869913241635840 nomove
CARD 7
Jibs_PC#4175869913241635840 placearmies 20 3
Jibs_PC#4175869913241635840 attack 20 19
Jibs_PC#4175869913241635840 roll 3
Jibs_PC#4175869913241635840 roll 1
DICE 3 1 4 2 2 5 
Jibs_PC#4175869913241635840 roll 2
Jibs_PC#4175869913241635840 roll 1
DICE 2 1 4 2 2 
Jibs_PC#4175869913241635840 endattack
Jibs_PC#4175869913241635840 nomove
CARD 23
Jibs_PC#4175869913241635840 placearmies 39 1
Jibs_PC#4175869913241635840 placearmies 24 3
Jibs_PC#4175869913241635840 placearmies 21 1
Jibs_PC#4175869913241635840 attack 24 22
Jibs_PC#4175869913241635840 roll 3
Jibs_PC#4175869913241635840 roll 1
DICE 3 1 1 0 0 0 
Jibs_PC#4175869913241635840 move 4
Jibs_PC#4175869913241635840 attack 22 20
Jibs_PC#4175869913241635840 roll 3
Jibs_PC#4175869913241635840 roll 1
DICE 3 1 4 4 2 4 
Jibs_PC#4175869913241635840 roll 2
Jibs_PC#4175869913241635840 roll 1
DICE 2 1 3 1 4 
Jibs_PC#4175869913241635840 retreat
Jibs_PC#4175869913241635840 endattack
Jibs_PC#4175869913241635840 movearmies 23 21 2
CARD 26
Jibs_PC#4175869913241635840 placearmies 27 3
Jibs_PC#4175869913241635840 attack 27 28
Jibs_PC#4175869913241635840 roll 3
Jibs_PC#4175869913241635840 roll 1
DICE 3 1 3 2 0 5 
Jibs_PC#4175869913241635840 roll 3
Jibs_PC#4175869913241635840 roll 1
DICE 3 1 2 2 2 1 
Jibs_PC#4175869913241635840 move 9
Jibs_PC#4175869913241635840 attack 28 16
Jibs_PC#4175869913241635840 roll 3
Jibs_PC#4175869913241635840 roll 1
DICE 3 1 3 3 0 0 
Jibs_PC#4175869913241635840 move 8
Jibs_PC#4175869913241635840 attack 16 20
Jibs_PC#4175869913241635840 roll 3
Jibs_PC#4175869913241635840 roll 1
DICE 3 1 4 4 1 0 
Jibs_PC#4175869913241635840 move 7
Jibs_PC#4175869913241635840 attack 20 22
Jibs_PC#4175869913241635840 roll 3
Jibs_PC#4175869913241635840 roll 2
DICE 3 2 4 4 2 5 1 
Jibs_PC#4175869913241635840 roll 3
Jibs_PC#4175869913241635840 roll 1
DICE 3 1 4 3 1 4 
Jibs_PC#4175869913241635840 roll 3
Jibs_PC#4175869913241635840 roll 1
DICE 3 1 3 3 1 5 
Jibs_PC#4175869913241635840 roll 3
Jibs_PC#4175869913241635840 roll 1
DICE 3 1 5 5 1 3 
Jibs_PC#4175869913241635840 endattack
Jibs_PC#4175869913241635840 nomove
CARD 35
Jibs_PC#4175869913241635840 placearmies 38 4
Jibs_PC#4175869913241635840 attack 38 35
Jibs_PC#4175869913241635840 roll 3
Jibs_PC#4175869913241635840 roll 1
DICE 3 1 2 1 0 4 
Jibs_PC#4175869913241635840 roll 3
Jibs_PC#4175869913241635840 roll 1
DICE 3 1 5 4 4 2 
Jibs_PC#4175869913241635840 move 6
Jibs_PC#4175869913241635840 attack 35 34
Jibs_PC#4175869913241635840 roll 3
Jibs_PC#4175869913241635840 roll 1
DICE 3 1 2 2 0 1 
Jibs_PC#4175869913241635840 move 5
Jibs_PC#4175869913241635840 attack 34 27
Jibs_PC#4175869913241635840 roll 3
Jibs_PC#4175869913241635840 roll 1
DICE 3 1 5 4 0 3 
Jibs_PC#4175869913241635840 move 4
Jibs_PC#4175869913241635840 attack 27 29
Jibs_PC#4175869913241635840 roll 3
Jibs_PC#4175869913241635840 roll 1
DICE 3 1 4 2 1 4 
Jibs_PC#4175869913241635840 roll 2
Jibs_PC#4175869913241635840 roll 1
DICE 2 1 3 1 3 
Jibs_PC#4175869913241635840 retreat
Jibs_PC#4175869913241635840 endattack
Jibs_PC#4175869913241635840 nomove
CARD 18
Jibs_PC#4175869913241635840 placearmies 5 1
Jibs_PC#4175869913241635840 placearmies 5 2
Jibs_PC#4175869913241635840 attack 5 10
Jibs_PC#4175869913241635840 roll 3
Jibs_PC#4175869913241635840 roll 2
DICE 3 2 5 1 1 2 0 
Jibs_PC#4175869913241635840 roll 3
Jibs_PC#4175869913241635840 roll 1
DICE 3 1 5 3 3 4 
Jibs_PC#4175869913241635840 move 6
Jibs_PC#4175869913241635840 attack 10 11
Jibs_PC#4175869913241635840 roll 3
Jibs_PC#4175869913241635840 roll 1
DICE 3 1 3 3 1 5 
Jibs_PC#4175869913241635840 roll 3
Jibs_PC#4175869913241635840 roll 1
DICE 3 1 5 4 2 5 
Jibs_PC#4175869913241635840 retreat
Jibs_PC#4175869913241635840 endattack
Jibs_PC#4175869913241635840 nomove
CARD 9
Jibs_PC#4175869913241635840 placearmies 29 3
Jibs_PC#4175869913241635840 attack 29 27
Jibs_PC#4175869913241635840 roll 3
Jibs_PC#4175869913241635840 roll 2
DICE 3 2 2 1 0 4 2 
Jibs_PC#4175869913241635840 retreat
Jibs_PC#4175869913241635840 endattack
Jibs_PC#4175869913241635840 nomove
CARD 
Jibs_PC#4175869913241635840 placearmies 19 3
Jibs_PC#4175869913241635840 attack 19 20
Jibs_PC#4175869913241635840 roll 3
Jibs_PC#4175869913241635840 roll 1
DICE 3 1 4 4 1 4 
Jibs_PC#4175869913241635840 roll 3
Jibs_PC#4175869913241635840 roll 1
DICE 3 1 4 3 0 3 
Jibs_PC#4175869913241635840 attack 20 16
Jibs_PC#4175869913241635840 roll 2
Jibs_PC#4175869913241635840 roll 1
DICE 2 1 4 2 0 
Jibs_PC#4175869913241635840 attack 14 6
Jibs_PC#4175869913241635840 roll 3
Jibs_PC#4175869913241635840 roll 1
DICE 3 1 5 4 2 0 
Jibs_PC#4175869913241635840 move 5
Jibs_PC#4175869913241635840 endattack
Jibs_PC#4175869913241635840 nomove
CARD 22
Jibs_PC#4175869913241635840 placearmies 21 4
Jibs_PC#4175869913241635840 placearmies 21 1
Jibs_PC#4175869913241635840 attack 21 12
Jibs_PC#4175869913241635840 roll 3
Jibs_PC#4175869913241635840 roll 2
DICE 3 2 3 2 2 2 0 
Jibs_PC#4175869913241635840 move 8
Jibs_PC#4175869913241635840 attack 12 10
Jibs_PC#4175869913241635840 roll 3
Jibs_PC#4175869913241635840 roll 2
DICE 3 2 5 3 1 4 0 
Jibs_PC#4175869913241635840 roll 3
Jibs_PC#4175869913241635840 roll 2
DICE 3 2 4 0 0 3 3 
Jibs_PC#4175869913241635840 roll 3
Jibs_PC#4175869913241635840 roll 1
DICE 3 1 5 5 3 4 
Jibs_PC#4175869913241635840 move 6
Jibs_PC#4175869913241635840 attack 10 5
Jibs_PC#4175869913241635840 roll 3
Jibs_PC#4175869913241635840 roll 1
DICE 3 1 5 4 2 1 
Jibs_PC#4175869913241635840 move 5
Jibs_PC#4175869913241635840 attack 5 9
Jibs_PC#4175869913241635840 roll 3
Jibs_PC#4175869913241635840 roll 1
DICE 3 1 2 1 0 4 
Jibs_PC#4175869913241635840 roll 3
Jibs_PC#4175869913241635840 roll 1
DICE 3 1 3 3 0 4 
Jibs_PC#4175869913241635840 retreat
Jibs_PC#4175869913241635840 endattack
Jibs_PC#4175869913241635840 movearmies 41 39 2
CARD 5
Jibs_PC#4175869913241635840 placearmies 22 1
Jibs_PC#4175869913241635840 placearmies 22 1
Jibs_PC#4175869913241635840 placearmies 22 1
Jibs_PC#4175869913241635840 attack 22 21
Jibs_PC#4175869913241635840 roll 3
Jibs_PC#4175869913241635840 roll 1
DICE 3 1 3 2 0 1 
Jibs_PC#4175869913241635840 move 5
Jibs_PC#4175869913241635840 attack 21 23
Jibs_PC#4175869913241635840 roll 3
Jibs_PC#4175869913241635840 roll 1
DICE 3 1 5 4 4 4 
Jibs_PC#4175869913241635840 move 4
Jibs_PC#4175869913241635840 attack 23 24
Jibs_PC#4175869913241635840 roll 3
Jibs_PC#4175869913241635840 roll 1
DICE 3 1 5 2 0 2 
Jibs_PC#4175869913241635840 attack 24 25
Jibs_PC#4175869913241635840 roll 2
Jibs_PC#4175869913241635840 roll 1
DICE 2 1 4 3 3 
Jibs_PC#4175869913241635840 endattack
Jibs_PC#4175869913241635840 nomove
CARD 31
Jibs_PC#4175869913241635840 placearmies 4 5
Jibs_PC#4175869913241635840 attack 4 5
Jibs_PC#4175869913241635840 roll 3
Jibs_PC#4175869913241635840 roll 2
DICE 3 2 4 4 3 3 0 
Jibs_PC#4175869913241635840 roll 3
Jibs_PC#4175869913241635840 roll 1
DICE 3 1 4 3 1 5 
Jibs_PC#4175869913241635840 roll 3
Jibs_PC#4175869913241635840 roll 1
DICE 3 1 4 3 0 3 
Jibs_PC#4175869913241635840 move 6
Jibs_PC#4175869913241635840 attack 5 10
Jibs_PC#4175869913241635840 roll 3
Jibs_PC#4175869913241635840 roll 1
DICE 3 1 5 3 1 4 
Jibs_PC#4175869913241635840 move 5
Jibs_PC#4175869913241635840 attack 10 12
Jibs_PC#4175869913241635840 roll 3
Jibs_PC#4175869913241635840 roll 1
DICE 3 1 3 1 0 4 
Jibs_PC#4175869913241635840 roll 3
Jibs_PC#4175869913241635840 roll 1
DICE 3 1 5 3 0 3 
Jibs_PC#4175869913241635840 endattack
Jibs_PC#4175869913241635840 nomove
CARD 39
Jibs_PC#4175869913241635840 placearmies 29 2
Jibs_PC#4175869913241635840 placearmies 11 1
Jibs_PC#4175869913241635840 attack 29 36
Jibs_PC#4175869913241635840 roll 3
Jibs_PC#4175869913241635840 roll 1
DICE 3 1 4 3 2 0 
Jibs_PC#4175869913241635840 endattack
Jibs_PC#4175869913241635840 nomove
CARD 37
Jibs_PC#4175869913241635840 placearmies 19 1
Jibs_PC#4175869913241635840 placearmies 20 1
Jibs_PC#4175869913241635840 placearmies 6 6
Jibs_PC#4175869913241635840 attack 6 2
Jibs_PC#4175869913241635840 roll 3
Jibs_PC#4175869913241635840 roll 1
DICE 3 1 5 4 2 4 
Jibs_PC#4175869913241635840 move 9
Jibs_PC#4175869913241635840 attack 2 7
Jibs_PC#4175869913241635840 roll 3
Jibs_PC#4175869913241635840 roll 1
DICE 3 1 3 2 2 2 
Jibs_PC#4175869913241635840 move 8
Jibs_PC#4175869913241635840 attack 7 9
Jibs_PC#4175869913241635840 roll 3
Jibs_PC#4175869913241635840 roll 1
DICE 3 1 5 3 3 0 
Jibs_PC#4175869913241635840 move 7
Jibs_PC#4175869913241635840 attack 9 8
Jibs_PC#4175869913241635840 roll 3
Jibs_PC#4175869913241635840 roll 1
DICE 3 1 5 5 1 4 
Jibs_PC#4175869913241635840 move 3
Jibs_PC#4175869913241635840 attack 9 5
Jibs_PC#4175869913241635840 roll 3
Jibs_PC#4175869913241635840 roll 1
DICE 3 1 5 1 1 1 
Jibs_PC#4175869913241635840 attack 5 4
Jibs_PC#4175869913241635840 roll 2
Jibs_PC#4175869913241635840 roll 1
DICE 2 1 3 0 3 
Jibs_PC#4175869913241635840 retreat
Jibs_PC#4175869913241635840 endattack
Jibs_PC#4175869913241635840 movearmies 5 9 1
CARD 32
Jibs_PC#4175869913241635840 trade 30 10 5
Jibs_PC#4175869913241635840 placearmies 26 15
Jibs_PC#4175869913241635840 attack 26 24
Jibs_PC#4175869913241635840 roll 3
Jibs_PC#4175869913241635840 roll 1
DICE 3 1 5 3 1 2 
Jibs_PC#4175869913241635840 move 15
Jibs_PC#4175869913241635840 attack 24 21
Jibs_PC#4175869913241635840 roll 3
Jibs_PC#4175869913241635840 roll 1
DICE 3 1 5 4 3 2 
Jibs_PC#4175869913241635840 move 14
Jibs_PC#4175869913241635840 attack 21 19
Jibs_PC#4175869913241635840 roll 3
Jibs_PC#4175869913241635840 roll 2
DICE 3 2 4 4 2 5 5 
Jibs_PC#4175869913241635840 roll 3
Jibs_PC#4175869913241635840 roll 2
DICE 3 2 5 3 2 3 0 
Jibs_PC#4175869913241635840 move 11
Jibs_PC#4175869913241635840 attack 19 20
Jibs_PC#4175869913241635840 roll 3
Jibs_PC#4175869913241635840 roll 2
DICE 3 2 5 3 1 4 2 
Jibs_PC#4175869913241635840 move 10
Jibs_PC#4175869913241635840 attack 20 18
Jibs_PC#4175869913241635840 roll 3
Jibs_PC#4175869913241635840 roll 1
DICE 3 1 5 2 1 5 
Jibs_PC#4175869913241635840 roll 3
Jibs_PC#4175869913241635840 roll 1
DICE 3 1 3 2 0 4 
Jibs_PC#4175869913241635840 roll 3
Jibs_PC#4175869913241635840 roll 1
DICE 3 1 5 5 1 5 
Jibs_PC#4175869913241635840 roll 3
Jibs_PC#4175869913241635840 roll 1
DICE 3 1 4 3 2 2 
Jibs_PC#4175869913241635840 move 6
Jibs_PC#4175869913241635840 attack 18 17
Jibs_PC#4175869913241635840 roll 3
Jibs_PC#4175869913241635840 roll 1
DICE 3 1 5 3 0 2 
Jibs_PC#4175869913241635840 move 5
Jibs_PC#4175869913241635840 attack 17 15
Jibs_PC#4175869913241635840 roll 3
Jibs_PC#4175869913241635840 roll 1
DICE 3 1 2 1 0 3 
Jibs_PC#4175869913241635840 roll 3
Jibs_PC#4175869913241635840 roll 1
DICE 3 1 3 1 1 4 
Jibs_PC#4175869913241635840 roll 2
Jibs_PC#4175869913241635840 roll 1
DICE 2 1 5 5 5 
Jibs_PC#4175869913241635840 retreat
Jibs_PC#4175869913241635840 attack 39 33
Jibs_PC#4175869913241635840 roll 3
Jibs_PC#4175869913241635840 roll 1
DICE 3 1 3 3 2 4 
Jibs_PC#4175869913241635840 roll 3
Jibs_PC#4175869913241635840 roll 1
DICE 3 1 5 3 2 4 
Jibs_PC#4175869913241635840 move 4
Jibs_PC#4175869913241635840 endattack
Jibs_PC#4175869913241635840 nomove
CARD 17
Jibs_PC#4175869913241635840 trade 34 35 31
Jibs_PC#4175869913241635840 placearmies 25 2
Jibs_PC#4175869913241635840 placearmies 25 7
Jibs_PC#4175869913241635840 placearmies 25 1
Jibs_PC#4175869913241635840 placearmies 25 1
Jibs_PC#4175869913241635840 placearmies 25 1
Jibs_PC#4175869913241635840 placearmies 25 1
Jibs_PC#4175869913241635840 attack 25 24
Jibs_PC#4175869913241635840 roll 3
Jibs_PC#4175869913241635840 roll 1
DICE 3 1 4 4 0 4 
Jibs_PC#4175869913241635840 roll 3
Jibs_PC#4175869913241635840 roll 1
DICE 3 1 4 4 3 5 
Jibs_PC#4175869913241635840 roll 3
Jibs_PC#4175869913241635840 roll 1
DICE 3 1 1 0 0 2 
Jibs_PC#4175869913241635840 roll 3
Jibs_PC#4175869913241635840 roll 1
DICE 3 1 5 3 2 4 
Jibs_PC#4175869913241635840 move 11
Jibs_PC#4175869913241635840 attack 24 26
Jibs_PC#4175869913241635840 roll 3
Jibs_PC#4175869913241635840 roll 1
DICE 3 1 5 5 0 3 
Jibs_PC#4175869913241635840 move 3
Jibs_PC#4175869913241635840 attack 24 21
Jibs_PC#4175869913241635840 roll 3
Jibs_PC#4175869913241635840 roll 1
DICE 3 1 4 4 4 2 
Jibs_PC#4175869913241635840 move 7
Jibs_PC#4175869913241635840 attack 21 12
Jibs_PC#4175869913241635840 roll 3
Jibs_PC#4175869913241635840 roll 2
DICE 3 2 4 1 0 5 3 
Jibs_PC#4175869913241635840 roll 3
Jibs_PC#4175869913241635840 roll 2
DICE 3 2 5 5 0 4 4 
Jibs_PC#4175869913241635840 retreat
Jibs_PC#4175869913241635840 attack 21 20
Jibs_PC#4175869913241635840 roll 3
Jibs_PC#4175869913241635840 roll 1
DICE 3 1 5 3 0 0 
Jibs_PC#4175869913241635840 move 3
Jibs_PC#4175869913241635840 endattack
Jibs_PC#4175869913241635840 movearmies 20 21 2
CARD wildcard
Jibs_PC#4175869913241635840 placearmies 27 2
Jibs_PC#4175869913241635840 placearmies 27 1
Jibs_PC#4175869913241635840 attack 27 29
Jibs_PC#4175869913241635840 roll 3
Jibs_PC#4175869913241635840 roll 1
DICE 3 1 3 2 1 5 
Jibs_PC#4175869913241635840 roll 3
Jibs_PC#4175869913241635840 roll 1
DICE 3 1 5 3 3 3 
Jibs_PC#4175869913241635840 endattack
Jibs_PC#4175869913241635840 nomove
CARD 19
Jibs_PC#4175869913241635840 placearmies 36 1
Jibs_PC#4175869913241635840 placearmies 11 2
Jibs_PC#4175869913241635840 attack 11 10
Jibs_PC#4175869913241635840 roll 3
Jibs_PC#4175869913241635840 roll 1
DICE 3 1 3 2 1 0 
Jibs_PC#4175869913241635840 attack 10 12
Jibs_PC#4175869913241635840 roll 2
Jibs_PC#4175869913241635840 roll 1
DICE 2 1 3 1 0 
Jibs_PC#4175869913241635840 endattack
Jibs_PC#4175869913241635840 nomove
CARD 25
Jibs_PC#4175869913241635840 trade 21 22 32
Jibs_PC#4175869913241635840 placearmies 32 1
Jibs_PC#4175869913241635840 placearmies 9 6
Jibs_PC#4175869913241635840 attack 9 4
Jibs_PC#4175869913241635840 roll 3
Jibs_PC#4175869913241635840 roll 1
DICE 3 1 4 3 1 0 
Jibs_PC#4175869913241635840 move 7
Jibs_PC#4175869913241635840 attack 4 3
Jibs_PC#4175869913241635840 roll 3
Jibs_PC#4175869913241635840 roll 1
DICE 3 1 5 4 0 4 
Jibs_PC#4175869913241635840 move 6
Jibs_PC#4175869913241635840 attack 3 1
Jibs_PC#4175869913241635840 roll 3
Jibs_PC#4175869913241635840 roll 1
DICE 3 1 1 0 0 5 
Jibs_PC#4175869913241635840 roll 3
Jibs_PC#4175869913241635840 roll 1
DICE 3 1 5 3 2 5 
Jibs_PC#4175869913241635840 roll 3
Jibs_PC#4175869913241635840 roll 1
DICE 3 1 2 2 0 5 
Jibs_PC#4175869913241635840 roll 2
Jibs_PC#4175869913241635840 roll 1
DICE 2 1 5 3 0 
Jibs_PC#4175869913241635840 endattack
Jibs_PC#4175869913241635840 movearmies 6 14 1
CARD 6
Jibs_PC#4175869913241635840 trade 26 9 17
Jibs_PC#4175869913241635840 placearmies 17 6
Jibs_PC#4175869913241635840 placearmies 17 2
Jibs_PC#4175869913241635840 placearmies 17 1
Jibs_PC#4175869913241635840 placearmies 17 2
Jibs_PC#4175869913241635840 placearmies 17 4
Jibs_PC#4175869913241635840 attack 17 14
Jibs_PC#4175869913241635840 roll 3
Jibs_PC#4175869913241635840 roll 2
DICE 3 2 3 1 0 3 0 
Jibs_PC#4175869913241635840 roll 3
Jibs_PC#4175869913241635840 roll 1
DICE 3 1 2 2 1 1 
Jibs_PC#4175869913241635840 move 17
Jibs_PC#4175869913241635840 attack 14 6
Jibs_PC#4175869913241635840 roll 3
Jibs_PC#4175869913241635840 roll 1
DICE 3 1 5 3 1 2 
Jibs_PC#4175869913241635840 move 16
Jibs_PC#4175869913241635840 attack 6 7
Jibs_PC#4175869913241635840 roll 3
Jibs_PC#4175869913241635840 roll 1
DICE 3 1 4 4 2 0 
Jibs_PC#4175869913241635840 move 15
Jibs_PC#4175869913241635840 attack 7 9
Jibs_PC#4175869913241635840 roll 3
Jibs_PC#4175869913241635840 roll 1
DICE 3 1 2 1 0 4 
Jibs_PC#4175869913241635840 roll 3
Jibs_PC#4175869913241635840 roll 1
DICE 3 1 5 5 1 4 
Jibs_PC#4175869913241635840 move 13
Jibs_PC#4175869913241635840 attack 9 5
Jibs_PC#4175869913241635840 roll 3
Jibs_PC#4175869913241635840 roll 1
DICE 3 1 5 2 0 1 
Jibs_PC#4175869913241635840 move 12
Jibs_PC#4175869913241635840 attack 5 10
Jibs_PC#4175869913241635840 roll 3
Jibs_PC#4175869913241635840 roll 1
DICE 3 1 5 4 3 3 
Jibs_PC#4175869913241635840 move 11
Jibs_PC#4175869913241635840 attack 10 12
Jibs_PC#4175869913241635840 roll 3
Jibs_PC#4175869913241635840 roll 2
DICE 3 2 4 3 3 5 2 
Jibs_PC#4175869913241635840 roll 3
Jibs_PC#4175869913241635840 roll 1
DICE 3 1 5 5 2 4 
Jibs_PC#4175869913241635840 move 9
Jibs_PC#4175869913241635840 attack 12 21
Jibs_PC#4175869913241635840 roll 3
Jibs_PC#4175869913241635840 roll 2
DICE 3 2 2 2 0 3 3 
Jibs_PC#4175869913241635840 roll 3
Jibs_PC#4175869913241635840 roll 2
DICE 3 2 3 2 1 5 3 
Jibs_PC#4175869913241635840 retreat
Jibs_PC#4175869913241635840 attack 12 13
Jibs_PC#4175869913241635840 roll 3
Jibs_PC#4175869913241635840 roll 1
DICE 3 1 5 2 0 2 
Jibs_PC#4175869913241635840 move 4
Jibs_PC#4175869913241635840 attack 13 11
Jibs_PC#4175869913241635840 roll 3
Jibs_PC#4175869913241635840 roll 1
DICE 3 1 3 2 0 1 
Jibs_PC#4175869913241635840 endattack
Jibs_PC#4175869913241635840 movearmies 11 12 2
CARD 15
Jibs_PC#4175869913241635840 placearmies 21 4
Jibs_PC#4175869913241635840 placearmies 22 1
Jibs_PC#4175869913241635840 placearmies 21 1
Jibs_PC#4175869913241635840 attack 21 12
Jibs_PC#4175869913241635840 roll 3
Jibs_PC#4175869913241635840 roll 2
DICE 3 2 5 4 3 2 0 
Jibs_PC#4175869913241635840 roll 3
Jibs_PC#4175869913241635840 roll 1
DICE 3 1 2 2 1 2 
Jibs_PC#4175869913241635840 roll 3
Jibs_PC#4175869913241635840 roll 1
DICE 3 1 5 5 2 5 
Jibs_PC#4175869913241635840 roll 3
Jibs_PC#4175869913241635840 roll 1
DICE 3 1 4 4 3 4 
Jibs_PC#4175869913241635840 roll 3
Jibs_PC#4175869913241635840 roll 1
DICE 3 1 5 3 2 5 
Jibs_PC#4175869913241635840 roll 3
Jibs_PC#4175869913241635840 roll 1
DICE 3 1 2 2 1 3 
Jibs_PC#4175869913241635840 roll 3
Jibs_PC#4175869913241635840 roll 1
DICE 3 1 3 3 0 5 
Jibs_PC#4175869913241635840 roll 2
Jibs_PC#4175869913241635840 roll 1
DICE 2 1 3 0 4 
Jibs_PC#4175869913241635840 retreat
Jibs_PC#4175869913241635840 endattack
Jibs_PC#4175869913241635840 movearmies 26 24 1
CARD 
Jibs_PC#4175869913241635840 trade 27 18 19
Jibs_PC#4175869913241635840 placearmies 27 6
Jibs_PC#4175869913241635840 placearmies 27 3
Jibs_PC#4175869913241635840 placearmies 29 4
Jibs_PC#4175869913241635840 attack 27 36
Jibs_PC#4175869913241635840 roll 3
Jibs_PC#4175869913241635840 roll 2
DICE 3 2 3 2 0 5 0 
Jibs_PC#4175869913241635840 roll 3
Jibs_PC#4175869913241635840 roll 2
DICE 3 2 5 3 3 4 3 
Jibs_PC#4175869913241635840 roll 3
Jibs_PC#4175869913241635840 roll 2
DICE 3 2 5 2 2 5 0 
Jibs_PC#4175869913241635840 roll 3
Jibs_PC#4175869913241635840 roll 1
DICE 3 1 5 3 0 3 
Jibs_PC#4175869913241635840 move 3
Jibs_PC#4175869913241635840 attack 27 28
Jibs_PC#4175869913241635840 roll 3
Jibs_PC#4175869913241635840 roll 1
DICE 3 1 5 1 0 2 
Jibs_PC#4175869913241635840 move 5
Jibs_PC#4175869913241635840 attack 29 33
Jibs_PC#4175869913241635840 roll 3
Jibs_PC#4175869913241635840 roll 2
DICE 3 2 4 2 2 5 0 
Jibs_PC#4175869913241635840 roll 3
Jibs_PC#4175869913241635840 roll 2
DICE 3 2 4 3 2 2 2 
Jibs_PC#4175869913241635840 roll 3
Jibs_PC#4175869913241635840 roll 1
DICE 3 1 5 1 1 3 
Jibs_PC#4175869913241635840 move 5
Jibs_PC#4175869913241635840 attack 33 39
Jibs_PC#4175869913241635840 roll 3
Jibs_PC#4175869913241635840 roll 1
DICE 3 1 5 5 4 5 
Jibs_PC#4175869913241635840 roll 3
Jibs_PC#4175869913241635840 roll 1
DICE 3 1 4 3 1 2 
Jibs_PC#4175869913241635840 attack 28 16
Jibs_PC#4175869913241635840 roll 3
Jibs_PC#4175869913241635840 roll 2
DICE 3 2 2 2 0 1 0 
Jibs_PC#4175869913241635840 move 4
Jibs_PC#4175869913241635840 attack 16 31
Jibs_PC#4175869913241635840 roll 3
Jibs_PC#4175869913241635840 roll 1
DICE 3 1 5 0 0 4 
Jibs_PC#4175869913241635840 endattack
Jibs_PC#4175869913241635840 movearmies 36 29 2
CARD 1
Jibs_PC#4175869913241635840 placearmies 8 2
Jibs_PC#4175869913241635840 placearmies 32 1
Jibs_PC#4175869913241635840 attack 8 6
Jibs_PC#4175869913241635840 roll 3
Jibs_PC#4175869913241635840 roll 1
DICE 3 1 4 2 1 3 
Jibs_PC#4175869913241635840 move 4
Jibs_PC#4175869913241635840 attack 6 7
Jibs_PC#4175869913241635840 roll 3
Jibs_PC#4175869913241635840 roll 1
DICE 3 1 4 0 0 4 
Jibs_PC#4175869913241635840 roll 2
Jibs_PC#4175869913241635840 roll 1
DICE 2 1 3 0 4 
Jibs_PC#4175869913241635840 retreat
Jibs_PC#4175869913241635840 attack 32 33
Jibs_PC#4175869913241635840 roll 3
Jibs_PC#4175869913241635840 roll 1
DICE 3 1 5 2 1 0 
Jibs_PC#4175869913241635840 move 4
Jibs_PC#4175869913241635840 endattack
Jibs_PC#4175869913241635840 nomove
CARD 13
Jibs_PC#4175869913241635840 placearmies 12 1
Jibs_PC#4175869913241635840 placearmies 5 1
Jibs_PC#4175869913241635840 placearmies 19 4
Jibs_PC#4175869913241635840 attack 19 21
Jibs_PC#4175869913241635840 roll 3
Jibs_PC#4175869913241635840 roll 2
DICE 3 2 5 3 1 3 3 
Jibs_PC#4175869913241635840 roll 3
Jibs_PC#4175869913241635840 roll 1
DICE 3 1 4 4 0 5 
Jibs_PC#4175869913241635840 roll 2
Jibs_PC#4175869913241635840 roll 1
DICE 2 1 2 2 2 
Jibs_PC#4175869913241635840 retreat
Jibs_PC#4175869913241635840 endattack
Jibs_PC#4175869913241635840 nomove
CARD 
Jibs_PC#4175869913241635840 placearmies 20 3
Jibs_PC#4175869913241635840 placearmies 21 1
Jibs_PC#4175869913241635840 placearmies 22 1
Jibs_PC#4175869913241635840 placearmies 20 1
Jibs_PC#4175869913241635840 attack 20 18
Jibs_PC#4175869913241635840 roll 3
Jibs_PC#4175869913241635840 roll 1
DICE 3 1 5 2 2 0 
Jibs_PC#4175869913241635840 move 4
Jibs_PC#4175869913241635840 attack 18 15
Jibs_PC#4175869913241635840 roll 3
Jibs_PC#4175869913241635840 roll 1
DICE 3 1 3 2 1 1 
Jibs_PC#4175869913241635840 attack 15 14
Jibs_PC#4175869913241635840 roll 2
Jibs_PC#4175869913241635840 roll 1
DICE 2 1 5 1 2 
Jibs_PC#4175869913241635840 endattack
Jibs_PC#4175869913241635840 movearmies 24 21 1
CARD 20
Jibs_PC#4175869913241635840 trade 39 37 25
Jibs_PC#4175869913241635840 placearmies 39 6
Jibs_PC#4175869913241635840 placearmies 39 6
Jibs_PC#4175869913241635840 placearmies 31 2
Jibs_PC#4175869913241635840 attack 31 22
Jibs_PC#4175869913241635840 roll 3
Jibs_PC#4175869913241635840 roll 2
DICE 3 2 5 2 0 5 0 
Jibs_PC#4175869913241635840 roll 3
Jibs_PC#4175869913241635840 roll 2
DICE 3 2 3 1 0 1 0 
Jibs_PC#4175869913241635840 attack 39 41
Jibs_PC#4175869913241635840 roll 3
Jibs_PC#4175869913241635840 roll 1
DICE 3 1 5 3 0 1 
Jibs_PC#4175869913241635840 move 9
Jibs_PC#4175869913241635840 attack 41 40
Jibs_PC#4175869913241635840 roll 3
Jibs_PC#4175869913241635840 roll 1
DICE 3 1 4 4 1 5 
Jibs_PC#4175869913241635840 roll 3
Jibs_PC#4175869913241635840 roll 1
DICE 3 1 3 2 2 1 
Jibs_PC#4175869913241635840 move 5
Jibs_PC#4175869913241635840 attack 40 42
Jibs_PC#4175869913241635840 roll 3
Jibs_PC#4175869913241635840 roll 1
DICE 3 1 5 2 1 0 
Jibs_PC#4175869913241635840 move 3
Jibs_PC#4175869913241635840 attack 39 33
Jibs_PC#4175869913241635840 roll 3
Jibs_PC#4175869913241635840 roll 2
DICE 3 2 3 3 1 2 0 
Jibs_PC#4175869913241635840 roll 3
Jibs_PC#4175869913241635840 roll 2
DICE 3 2 4 2 1 3 3 
Jibs_PC#4175869913241635840 roll 3
Jibs_PC#4175869913241635840 roll 1
DICE 3 1 4 3 0 3 
Jibs_PC#4175869913241635840 move 6
Jibs_PC#4175869913241635840 attack 33 32
Jibs_PC#4175869913241635840 roll 3
Jibs_PC#4175869913241635840 roll 1
DICE 3 1 5 4 4 0 
Jibs_PC#4175869913241635840 move 3
Jibs_PC#4175869913241635840 endattack
Jibs_PC#4175869913241635840 movearmies 22 31 2
CARD 4
Jibs_PC#4175869913241635840 placearmies 6 2
Jibs_PC#4175869913241635840 placearmies 6 1
Jibs_PC#4175869913241635840 attack 6 7
Jibs_PC#4175869913241635840 roll 3
Jibs_PC#4175869913241635840 roll 1
DICE 3 1 5 1 0 5 
Jibs_PC#4175869913241635840 roll 3
Jibs_PC#4175869913241635840 roll 1
DICE 3 1 4 4 0 0 
Jibs_PC#4175869913241635840 attack 7 9
Jibs_PC#4175869913241635840 roll 2
Jibs_PC#4175869913241635840 roll 1
DICE 2 1 4 4 3 
Jibs_PC#4175869913241635840 endattack
Jibs_PC#4175869913241635840 nomove
CARD 38
Jibs_PC#4175869913241635840 placearmies 19 2
Jibs_PC#4175869913241635840 placearmies 12 1
Jibs_PC#4175869913241635840 placearmies 19 1
Jibs_PC#4175869913241635840 placearmies 17 1
Jibs_PC#4175869913241635840 attack 19 18
Jibs_PC#4175869913241635840 roll 3
Jibs_PC#4175869913241635840 roll 1
DICE 3 1 5 4 1 4 
Jibs_PC#4175869913241635840 move 4
Jibs_PC#4175869913241635840 attack 18 20
Jibs_PC#4175869913241635840 roll 3
Jibs_PC#4175869913241635840 roll 1
DICE 3 1 4 4 2 3 
Jibs_PC#4175869913241635840 attack 20 16
Jibs_PC#4175869913241635840 roll 2
Jibs_PC#4175869913241635840 roll 1
DICE 2 1 4 3 3 
Jibs_PC#4175869913241635840 endattack
Jibs_PC#4175869913241635840 nomove
CARD wildcard
Jibs_PC#4175869913241635840 placearmies 21 1
Jibs_PC#4175869913241635840 placearmies 21 1
Jibs_PC#4175869913241635840 placearmies 14 1
Jibs_PC#4175869913241635840 attack 21 22
Jibs_PC#4175869913241635840 roll 3
Jibs_PC#4175869913241635840 roll 1
DICE 3 1 1 0 0 1 
Jibs_PC#4175869913241635840 roll 3
Jibs_PC#4175869913241635840 roll 1
DICE 3 1 2 0 0 0 
Jibs_PC#4175869913241635840 endattack
Jibs_PC#4175869913241635840 nomove
CARD 28
Jibs_PC#4175869913241635840 placearmies 31 14
Jibs_PC#4175869913241635840 attack 31 20
Jibs_PC#4175869913241635840 roll 3
Jibs_PC#4175869913241635840 roll 1
DICE 3 1 5 3 0 5 
Jibs_PC#4175869913241635840 roll 3
Jibs_PC#4175869913241635840 roll 1
DICE 3 1 5 3 1 5 
Jibs_PC#4175869913241635840 roll 3
Jibs_PC#4175869913241635840 roll 1
DICE 3 1 4 4 4 5 
Jibs_PC#4175869913241635840 roll 3
Jibs_PC#4175869913241635840 roll 1
DICE 3 1 4 3 2 3 
Jibs_PC#4175869913241635840 move 12
Jibs_PC#4175869913241635840 attack 20 21
Jibs_PC#4175869913241635840 roll 3
Jibs_PC#4175869913241635840 roll 1
DICE 3 1 5 4 2 4 
Jibs_PC#4175869913241635840 move 11
Jibs_PC#4175869913241635840 attack 21 12
Jibs_PC#4175869913241635840 roll 3
Jibs_PC#4175869913241635840 roll 2
DICE 3 2 1 1 0 4 1 
Jibs_PC#4175869913241635840 roll 3
Jibs_PC#4175869913241635840 roll 2
DICE 3 2 3 2 1 4 3 
Jibs_PC#4175869913241635840 roll 3
Jibs_PC#4175869913241635840 roll 2
DICE 3 2 3 2 0 4 2 
Jibs_PC#4175869913241635840 roll 3
Jibs_PC#4175869913241635840 roll 2
DICE 3 2 4 3 1 4 0 
Jibs_PC#4175869913241635840 roll 3
Jibs_PC#4175869913241635840 roll 2
DICE 3 2 5 5 4 3 2 
Jibs_PC#4175869913241635840 endattack
Jibs_PC#4175869913241635840 movearmies 32 30 2
CARD 42
Jibs_PC#4175869913241635840 trade 23 6 38
Jibs_PC#4175869913241635840 placearmies 1 2
Jibs_PC#4175869913241635840 placearmies 1 1
Jibs_PC#4175869913241635840 placearmies 9 4
Jibs_PC#4175869913241635840 placearmies 9 1
Jibs_PC#4175869913241635840 placearmies 9 1
Jibs_PC#4175869913241635840 attack 1 38
Jibs_PC#4175869913241635840 roll 3
Jibs_PC#4175869913241635840 roll 1
DICE 3 1 4 3 2 4 
Jibs_PC#4175869913241635840 roll 3
Jibs_PC#4175869913241635840 roll 1
DICE 3 1 2 1 0 3 
Jibs_PC#4175869913241635840 roll 2
Jibs_PC#4175869913241635840 roll 1
DICE 2 1 4 1 1 
Jibs_PC#4175869913241635840 attack 9 5
Jibs_PC#4175869913241635840 roll 3
Jibs_PC#4175869913241635840 roll 2
DICE 3 2 5 3 0 0 0 
Jibs_PC#4175869913241635840 move 7
Jibs_PC#4175869913241635840 attack 5 10
Jibs_PC#4175869913241635840 roll 3
Jibs_PC#4175869913241635840 roll 1
DICE 3 1 5 3 0 3 
Jibs_PC#4175869913241635840 move 6
Jibs_PC#4175869913241635840 attack 10 12
Jibs_PC#4175869913241635840 roll 3
Jibs_PC#4175869913241635840 roll 2
DICE 3 2 3 3 2 4 1 
Jibs_PC#4175869913241635840 roll 3
Jibs_PC#4175869913241635840 roll 2
DICE 3 2 2 2 1 4 0 
Jibs_PC#4175869913241635840 roll 3
Jibs_PC#4175869913241635840 roll 1
DICE 3 1 3 2 0 3 
Jibs_PC#4175869913241635840 roll 2
Jibs_PC#4175869913241635840 roll 1
DICE 2 1 4 1 0 
Jibs_PC#4175869913241635840 endattack
Jibs_PC#4175869913241635840 movearmies 12 10 1
CARD 2
Jibs_PC#4175869913241635840 placearmies 16 2
Jibs_PC#4175869913241635840 placearmies 16 1
Jibs_PC#4175869913241635840 attack 16 15
Jibs_PC#4175869913241635840 roll 3
Jibs_PC#4175869913241635840 roll 1
DICE 3 1 4 3 3 4 
Jibs_PC#4175869913241635840 roll 3
Jibs_PC#4175869913241635840 roll 1
DICE 3 1 5 1 0 3 
Jibs_PC#4175869913241635840 endattack
Jibs_PC#4175869913241635840 nomove
CARD 36
Jibs_PC#4175869913241635840 trade wildcard 20 28
Jibs_PC#4175869913241635840 placearmies 22 1
Jibs_PC#4175869913241635840 placearmies 22 1
Jibs_PC#4175869913241635840 placearmies 22 3
Jibs_PC#4175869913241635840 placearmies 22 3
Jibs_PC#4175869913241635840 placearmies 22 1
Jibs_PC#4175869913241635840 attack 22 21
Jibs_PC#4175869913241635840 roll 3
Jibs_PC#4175869913241635840 roll 1
DICE 3 1 3 1 1 3 
Jibs_PC#4175869913241635840 roll 3
Jibs_PC#4175869913241635840 roll 1
DICE 3 1 4 4 2 5 
Jibs_PC#4175869913241635840 roll 3
Jibs_PC#4175869913241635840 roll 1
DICE 3 1 2 0 0 5 
Jibs_PC#4175869913241635840 roll 3
Jibs_PC#4175869913241635840 roll 1
DICE 3 1 5 5 1 1 
Jibs_PC#4175869913241635840 move 7
Jibs_PC#4175869913241635840 attack 21 19
Jibs_PC#4175869913241635840 roll 3
Jibs_PC#4175869913241635840 roll 1
DICE 3 1 5 2 1 3 
Jibs_PC#4175869913241635840 move 5
Jibs_PC#4175869913241635840 attack 19 17
Jibs_PC#4175869913241635840 roll 3
Jibs_PC#4175869913241635840 roll 2
DICE 3 2 5 2 1 4 2 
Jibs_PC#4175869913241635840 roll 3
Jibs_PC#4175869913241635840 roll 1
DICE 3 1 4 4 2 3 
Jibs_PC#4175869913241635840 attack 17 18
Jibs_PC#4175869913241635840 roll 2
Jibs_PC#4175869913241635840 roll 1
DICE 2 1 5 1 1 
Jibs_PC#4175869913241635840 endattack
Jibs_PC#4175869913241635840 nomove
CARD 24
Jibs_PC#4175869913241635840 trade 1 4 42
Jibs_PC#4175869913241635840 placearmies 37 5
Jibs_PC#4175869913241635840 placearmies 28 1
Jibs_PC#4175869913241635840 placearmies 35 1
Jibs_PC#4175869913241635840 placearmies 36 1
Jibs_PC#4175869913241635840 placearmies 34 1
Jibs_PC#4175869913241635840 placearmies 37 2
Jibs_PC#4175869913241635840 attack 37 38
Jibs_PC#4175869913241635840 roll 3
Jibs_PC#4175869913241635840 roll 2
DICE 3 2 4 3 3 5 1 
Jibs_PC#4175869913241635840 roll 3
Jibs_PC#4175869913241635840 roll 1
DICE 3 1 4 3 1 3 
Jibs_PC#4175869913241635840 move 6
Jibs_PC#4175869913241635840 attack 38 1
Jibs_PC#4175869913241635840 roll 3
Jibs_PC#4175869913241635840 roll 1
DICE 3 1 5 3 1 1 
Jibs_PC#4175869913241635840 move 5
Jibs_PC#4175869913241635840 attack 1 3
Jibs_PC#4175869913241635840 roll 3
Jibs_PC#4175869913241635840 roll 1
DICE 3 1 3 2 1 0 
Jibs_PC#4175869913241635840 move 3
Jibs_PC#4175869913241635840 endattack
Jibs_PC#4175869913241635840 movearmies 3 1 2
CARD 16
Jibs_PC#4175869913241635840 placearmies 10 2
Jibs_PC#4175869913241635840 placearmies 10 1
Jibs_PC#4175869913241635840 attack 10 11
Jibs_PC#4175869913241635840 roll 3
Jibs_PC#4175869913241635840 roll 1
DICE 3 1 4 0 0 3 
Jibs_PC#4175869913241635840 move 4
Jibs_PC#4175869913241635840 endattack
Jibs_PC#4175869913241635840 nomove
CARD 33
Jibs_PC#4175869913241635840 trade 15 wildcard 36
Jibs_PC#4175869913241635840 placearmies 16 5
Jibs_PC#4175869913241635840 placearmies 16 2
Jibs_PC#4175869913241635840 placearmies 16 3
Jibs_PC#4175869913241635840 placearmies 16 1
Jibs_PC#4175869913241635840 attack 16 28
Jibs_PC#4175869913241635840 roll 3
Jibs_PC#4175869913241635840 roll 2
DICE 3 2 4 2 1 5 4 
Jibs_PC#4175869913241635840 roll 3
Jibs_PC#4175869913241635840 roll 2
DICE 3 2 3 3 0 4 2 
Jibs_PC#4175869913241635840 retreat
Jibs_PC#4175869913241635840 attack 16 31
Jibs_PC#4175869913241635840 roll 3
Jibs_PC#4175869913241635840 roll 2
DICE 3 2 4 3 1 2 0 
Jibs_PC#4175869913241635840 move 8
Jibs_PC#4175869913241635840 attack 31 32
Jibs_PC#4175869913241635840 roll 3
Jibs_PC#4175869913241635840 roll 1
DICE 3 1 4 2 0 3 
Jibs_PC#4175869913241635840 move 7
Jibs_PC#4175869913241635840 attack 32 33
Jibs_PC#4175869913241635840 roll 3
Jibs_PC#4175869913241635840 roll 2
DICE 3 2 4 3 1 5 5 
Jibs_PC#4175869913241635840 roll 3
Jibs_PC#4175869913241635840 roll 2
DICE 3 2 4 4 3 2 1 
Jibs_PC#4175869913241635840 roll 3
Jibs_PC#4175869913241635840 roll 1
DICE 3 1 4 4 1 4 
Jibs_PC#4175869913241635840 roll 3
Jibs_PC#4175869913241635840 roll 1
DICE 3 1 5 4 1 5 
Jibs_PC#4175869913241635840 roll 2
Jibs_PC#4175869913241635840 roll 1
DICE 2 1 4 1 4 
Jibs_PC#4175869913241635840 retreat
Jibs_PC#4175869913241635840 endattack
Jibs_PC#4175869913241635840 nomove
CARD 12
Jibs_PC#4175869913241635840 placearmies 22 6
Jibs_PC#4175869913241635840 attack 22 20
Jibs_PC#4175869913241635840 roll 3
Jibs_PC#4175869913241635840 roll 1
DICE 3 1 5 3 0 5 
Jibs_PC#4175869913241635840 roll 3
Jibs_PC#4175869913241635840 roll 1
DICE 3 1 1 0 0 4 
Jibs_PC#4175869913241635840 roll 3
Jibs_PC#4175869913241635840 roll 1
DICE 3 1 3 3 1 3 
Jibs_PC#4175869913241635840 roll 3
Jibs_PC#4175869913241635840 roll 1
DICE 3 1 5 4 4 4 
Jibs_PC#4175869913241635840 move 3
Jibs_PC#4175869913241635840 attack 20 16
Jibs_PC#4175869913241635840 roll 2
Jibs_PC#4175869913241635840 roll 1
DICE 2 1 4 3 0 
Jibs_PC#4175869913241635840 endattack
Jibs_PC#4175869913241635840 nomove
CARD 40
Jibs_PC#4175869913241635840 placearmies 30 6
Jibs_PC#4175869913241635840 placearmies 33 1
Jibs_PC#4175869913241635840 attack 30 31
Jibs_PC#4175869913241635840 roll 3
Jibs_PC#4175869913241635840 roll 1
DICE 3 1 4 2 0 5 
Jibs_PC#4175869913241635840 roll 3
Jibs_PC#4175869913241635840 roll 1
DICE 3 1 4 3 1 2 
Jibs_PC#4175869913241635840 move 7
Jibs_PC#4175869913241635840 attack 31 22
Jibs_PC#4175869913241635840 roll 3
Jibs_PC#4175869913241635840 roll 2
DICE 3 2 3 2 1 4 1 
Jibs_PC#4175869913241635840 roll 3
Jibs_PC#4175869913241635840 roll 1
DICE 3 1 5 4 3 1 
Jibs_PC#4175869913241635840 move 5
Jibs_PC#4175869913241635840 attack 22 24
Jibs_PC#4175869913241635840 roll 3
Jibs_PC#4175869913241635840 roll 1
DICE 3 1 4 1 0 2 
Jibs_PC#4175869913241635840 move 4
Jibs_PC#4175869913241635840 endattack
Jibs_PC#4175869913241635840 movearmies 29 33 2
CARD 3
Jibs_PC#4175869913241635840 placearmies 11 1
Jibs_PC#4175869913241635840 placearmies 2 2
Jibs_PC#4175869913241635840 attack 11 13
Jibs_PC#4175869913241635840 roll 3
Jibs_PC#4175869913241635840 roll 1
DICE 3 1 5 2 0 4 
Jibs_PC#4175869913241635840 move 3
Jibs_PC#4175869913241635840 attack 2 3
Jibs_PC#4175869913241635840 roll 2
Jibs_PC#4175869913241635840 roll 1
DICE 2 1 5 4 2 
Jibs_PC#4175869913241635840 endattack
Jibs_PC#4175869913241635840 movearmies 13 12 2
CARD 41
Jibs_PC#4175869913241635840 placearmies 15 2
Jibs_PC#4175869913241635840 placearmies 15 1
Jibs_PC#4175869913241635840 attack 15 14
Jibs_PC#4175869913241635840 roll 3
Jibs_PC#4175869913241635840 roll 2
DICE 3 2 4 3 0 4 3 
Jibs_PC#4175869913241635840 roll 3
Jibs_PC#4175869913241635840 roll 2
DICE 3 2 2 1 1 5 1 
Jibs_PC#4175869913241635840 retreat
Jibs_PC#4175869913241635840 attack 15 18
Jibs_PC#4175869913241635840 roll 3
Jibs_PC#4175869913241635840 roll 2
DICE 3 2 4 3 3 5 0 
Jibs_PC#4175869913241635840 roll 2
Jibs_PC#4175869913241635840 roll 1
DICE 2 1 4 4 1 
Jibs_PC#4175869913241635840 endattack
Jibs_PC#4175869913241635840 nomove
CARD 14
Jibs_PC#4175869913241635840 placearmies 14 1
Jibs_PC#4175869913241635840 placearmies 14 1
Jibs_PC#4175869913241635840 placearmies 21 1
Jibs_PC#4175869913241635840 attack 14 15
Jibs_PC#4175869913241635840 roll 3
Jibs_PC#4175869913241635840 roll 1
DICE 3 1 5 3 0 0 
Jibs_PC#4175869913241635840 move 4
Jibs_PC#4175869913241635840 attack 21 22
Jibs_PC#4175869913241635840 roll 2
Jibs_PC#4175869913241635840 roll 1
DICE 2 1 5 4 1 
Jibs_PC#4175869913241635840 endattack
Jibs_PC#4175869913241635840 nomove
CARD 11
Jibs_PC#4175869913241635840 trade 29 16 3
Jibs_PC#4175869913241635840 placearmies 33 2
Jibs_PC#4175869913241635840 placearmies 24 7
Jibs_PC#4175869913241635840 placearmies 24 3
Jibs_PC#4175869913241635840 placearmies 24 5
Jibs_PC#4175869913241635840 attack 33 32
Jibs_PC#4175869913241635840 roll 3
Jibs_PC#4175869913241635840 roll 2
DICE 3 2 4 4 2 3 3 
Jibs_PC#4175869913241635840 move 3
Jibs_PC#4175869913241635840 attack 24 21
Jibs_PC#4175869913241635840 roll 3
Jibs_PC#4175869913241635840 roll 1
DICE 3 1 3 2 2 2 
Jibs_PC#4175869913241635840 move 18
Jibs_PC#4175869913241635840 attack 21 19
Jibs_PC#4175869913241635840 roll 3
Jibs_PC#4175869913241635840 roll 1
DICE 3 1 4 2 0 1 
Jibs_PC#4175869913241635840 move 17
Jibs_PC#4175869913241635840 attack 19 18
Jibs_PC#4175869913241635840 roll 3
Jibs_PC#4175869913241635840 roll 2
DICE 3 2 4 4 3 4 3 
Jibs_PC#4175869913241635840 roll 3
Jibs_PC#4175869913241635840 roll 1
DICE 3 1 4 1 0 1 
Jibs_PC#4175869913241635840 move 15
Jibs_PC#4175869913241635840 attack 18 20
Jibs_PC#4175869913241635840 roll 3
Jibs_PC#4175869913241635840 roll 1
DICE 3 1 5 4 2 0 
Jibs_PC#4175869913241635840 move 14
Jibs_PC#4175869913241635840 attack 20 16
Jibs_PC#4175869913241635840 roll 3
Jibs_PC#4175869913241635840 roll 2
DICE 3 2 2 2 1 4 4 
Jibs_PC#4175869913241635840 roll 3
Jibs_PC#4175869913241635840 roll 2
DICE 3 2 5 4 3 3 2 
Jibs_PC#4175869913241635840 move 11
Jibs_PC#4175869913241635840 attack 16 15
Jibs_PC#4175869913241635840 roll 3
Jibs_PC#4175869913241635840 roll 2
DICE 3 2 5 5 1 4 1 
Jibs_PC#4175869913241635840 roll 3
Jibs_PC#4175869913241635840 roll 2
DICE 3 2 5 3 2 4 2 
Jibs_PC#4175869913241635840 move 10
Jibs_PC#4175869913241635840 attack 15 17
Jibs_PC#4175869913241635840 roll 3
Jibs_PC#4175869913241635840 roll 1
DICE 3 1 5 3 3 2 
Jibs_PC#4175869913241635840 move 8
Jibs_PC#4175869913241635840 attack 17 14
Jibs_PC#4175869913241635840 roll 3
Jibs_PC#4175869913241635840 roll 1
DICE 3 1 2 2 0 5 
Jibs_PC#4175869913241635840 roll 3
Jibs_PC#4175869913241635840 roll 1
DICE 3 1 2 2 0 3 
Jibs_PC#4175869913241635840 roll 3
Jibs_PC#4175869913241635840 roll 1
DICE 3 1 2 1 0 5 
Jibs_PC#4175869913241635840 roll 3
Jibs_PC#4175869913241635840 roll 1
DICE 3 1 3 2 2 4 
Jibs_PC#4175869913241635840 roll 3
Jibs_PC#4175869913241635840 roll 1
DICE 3 1 2 2 0 1 
Jibs_PC#4175869913241635840 endattack
Jibs_PC#4175869913241635840 movearmies 32 31 2
CARD 8
Jibs_PC#4175869913241635840 trade 2 33 41
Jibs_PC#4175869913241635840 placearmies 2 10
Jibs_PC#4175869913241635840 placearmies 6 4
Jibs_PC#4175869913241635840 attack 2 1
Jibs_PC#4175869913241635840 roll 3
Jibs_PC#4175869913241635840 roll 2
DICE 3 2 4 3 1 1 0 
Jibs_PC#4175869913241635840 roll 3
Jibs_PC#4175869913241635840 roll 2
DICE 3 2 4 3 1 5 3 
Jibs_PC#4175869913241635840 roll 3
Jibs_PC#4175869913241635840 roll 2
DICE 3 2 5 4 3 3 0 
Jibs_PC#4175869913241635840 move 10
Jibs_PC#4175869913241635840 attack 1 38
Jibs_PC#4175869913241635840 roll 3
Jibs_PC#4175869913241635840 roll 1
DICE 3 1 4 4 4 0 
Jibs_PC#4175869913241635840 move 9
Jibs_PC#4175869913241635840 attack 6 14
Jibs_PC#4175869913241635840 roll 3
Jibs_PC#4175869913241635840 roll 2
DICE 3 2 5 4 0 4 3 
Jibs_PC#4175869913241635840 roll 3
Jibs_PC#4175869913241635840 roll 1
DICE 3 1 5 3 2 4 
Jibs_PC#4175869913241635840 move 6
Jibs_PC#4175869913241635840 attack 14 17
Jibs_PC#4175869913241635840 roll 3
Jibs_PC#4175869913241635840 roll 1
DICE 3 1 4 3 0 1 
Jibs_PC#4175869913241635840 move 4
Jibs_PC#4175869913241635840 attack 17 19
Jibs_PC#4175869913241635840 roll 3
Jibs_PC#4175869913241635840 roll 1
DICE 3 1 3 1 0 3 
Jibs_PC#4175869913241635840 roll 2
Jibs_PC#4175869913241635840 roll 1
DICE 2 1 5 5 3 
Jibs_PC#4175869913241635840 attack 38 37
Jibs_PC#4175869913241635840 roll 3
Jibs_PC#4175869913241635840 roll 1
DICE 3 1 5 3 0 2 
Jibs_PC#4175869913241635840 move 7
Jibs_PC#4175869913241635840 attack 37 36
Jibs_PC#4175869913241635840 roll 3
Jibs_PC#4175869913241635840 roll 2
DICE 3 2 2 0 0 5 2 
Jibs_PC#4175869913241635840 roll 3
Jibs_PC#4175869913241635840 roll 2
DICE 3 2 4 1 0 5 5 
Jibs_PC#4175869913241635840 retreat
Jibs_PC#4175869913241635840 endattack
Jibs_PC#4175869913241635840 movearmies 37 38 2
CARD 15
Jibs_PC#4175869913241635840 placearmies 26 2
Jibs_PC#4175869913241635840 placearmies 26 1
Jibs_PC#4175869913241635840 attack 26 24
Jibs_PC#4175869913241635840 roll 3
Jibs_PC#4175869913241635840 roll 1
DICE 3 1 4 4 0 3 
Jibs_PC#4175869913241635840 move 4
Jibs_PC#4175869913241635840 endattack
Jibs_PC#4175869913241635840 nomove
CARD 39
Jibs_PC#4175869913241635840 trade 7 12 14
Jibs_PC#4175869913241635840 placearmies 36 10
Jibs_PC#4175869913241635840 placearmies 20 1
Jibs_PC#4175869913241635840 placearmies 18 1
Jibs_PC#4175869913241635840 placearmies 35 2
Jibs_PC#4175869913241635840 placearmies 34 2
Jibs_PC#4175869913241635840 placearmies 18 2
Jibs_PC#4175869913241635840 attack 36 38
Jibs_PC#4175869913241635840 roll 3
Jibs_PC#4175869913241635840 roll 2
DICE 3 2 2 2 0 2 1 
Jibs_PC#4175869913241635840 roll 3
Jibs_PC#4175869913241635840 roll 2
DICE 3 2 2 0 0 3 0 
Jibs_PC#4175869913241635840 roll 3
Jibs_PC#4175869913241635840 roll 2
DICE 3 2 2 1 1 4 1 
Jibs_PC#4175869913241635840 roll 3
Jibs_PC#4175869913241635840 roll 2
DICE 3 2 3 3 0 1 0 
Jibs_PC#4175869913241635840 roll 3
Jibs_PC#4175869913241635840 roll 1
DICE 3 1 5 3 2 3 
Jibs_PC#4175869913241635840 move 5
Jibs_PC#4175869913241635840 attack 38 1
Jibs_PC#4175869913241635840 roll 3
Jibs_PC#4175869913241635840 roll 1
DICE 3 1 2 0 0 5 
Jibs_PC#4175869913241635840 roll 3
Jibs_PC#4175869913241635840 roll 1
DICE 3 1 3 2 1 0 
Jibs_PC#4175869913241635840 attack 18 19
Jibs_PC#4175869913241635840 roll 3
Jibs_PC#4175869913241635840 roll 2
DICE 3 2 4 4 2 5 0 
Jibs_PC#4175869913241635840 roll 2
Jibs_PC#4175869913241635840 roll 1
DICE 2 1 1 0 4 
Jibs_PC#4175869913241635840 retreat
Jibs_PC#4175869913241635840 endattack
Jibs_PC#4175869913241635840 movearmies 1 38 2
CARD 16
Jibs_PC#4175869913241635840 placearmies 3 3
Jibs_PC#4175869913241635840 placearmies 2 1
Jibs_PC#4175869913241635840 placearmies 14 3
Jibs_PC#4175869913241635840 attack 3 1
Jibs_PC#4175869913241635840 roll 3
Jibs_PC#4175869913241635840 roll 1
DICE 3 1 5 1 1 3 
Jibs_PC#4175869913241635840 move 4
Jibs_PC#4175869913241635840 attack 14 15
Jibs_PC#4175869913241635840 roll 3
Jibs_PC#4175869913241635840 roll 2
DICE 3 2 4 4 0 4 1 
Jibs_PC#4175869913241635840 roll 3
Jibs_PC#4175869913241635840 roll 1
DICE 3 1 4 4 3 2 
Jibs_PC#4175869913241635840 attack 15 16
Jibs_PC#4175869913241635840 roll 2
Jibs_PC#4175869913241635840 roll 1
DICE 2 1 5 0 4 
Jibs_PC#4175869913241635840 endattack
Jibs_PC#4175869913241635840 movearmies 16 15 1
CARD 19
Jibs_PC#4175869913241635840 trade 40 11 39
Jibs_PC#4175869913241635840 placearmies 24 1
Jibs_PC#4175869913241635840 placearmies 24 8
Jibs_PC#4175869913241635840 attack 24 21
Jibs_PC#4175869913241635840 roll 3
Jibs_PC#4175869913241635840 roll 1
DICE 3 1 1 0 0 5 
Jibs_PC#4175869913241635840 roll 3
Jibs_PC#4175869913241635840 roll 1
DICE 3 1 2 2 1 1 
Jibs_PC#4175869913241635840 move 11
Jibs_PC#4175869913241635840 attack 21 12
Jibs_PC#4175869913241635840 roll 3
Jibs_PC#4175869913241635840 roll 2
DICE 3 2 4 1 0 5 3 
Jibs_PC#4175869913241635840 roll 3
Jibs_PC#4175869913241635840 roll 2
DICE 3 2 4 4 2 3 0 
Jibs_PC#4175869913241635840 roll 3
Jibs_PC#4175869913241635840 roll 1
DICE 3 1 5 1 0 3 
Jibs_PC#4175869913241635840 move 7
Jibs_PC#4175869913241635840 attack 12 10
Jibs_PC#4175869913241635840 roll 3
Jibs_PC#4175869913241635840 roll 1
DICE 3 1 3 3 2 0 
Jibs_PC#4175869913241635840 move 6
Jibs_PC#4175869913241635840 attack 10 5
Jibs_PC#4175869913241635840 roll 3
Jibs_PC#4175869913241635840 roll 1
DICE 3 1 4 1 0 0 
Jibs_PC#4175869913241635840 move 5
Jibs_PC#4175869913241635840 attack 5 9
Jibs_PC#4175869913241635840 roll 3
Jibs_PC#4175869913241635840 roll 1
DICE 3 1 1 1 1 3 
Jibs_PC#4175869913241635840 roll 3
Jibs_PC#4175869913241635840 roll 1
DICE 3 1 4 3 2 2 
Jibs_PC#4175869913241635840 endattack
Jibs_PC#4175869913241635840 nomove
CARD 1
Jibs_PC#4175869913241635840 placearmies 38 2
Jibs_PC#4175869913241635840 placearmies 30 1
Jibs_PC#4175869913241635840 placearmies 28 1
Jibs_PC#4175869913241635840 placearmies 31 2
Jibs_PC#4175869913241635840 placearmies 31 1
Jibs_PC#4175869913241635840 attack 31 22
Jibs_PC#4175869913241635840 roll 3
Jibs_PC#4175869913241635840 roll 2
DICE 3 2 5 3 2 3 2 
Jibs_PC#4175869913241635840 move 4
Jibs_PC#4175869913241635840 attack 38 37
Jibs_PC#4175869913241635840 roll 3
Jibs_PC#4175869913241635840 roll 1
DICE 3 1 2 2 1 2 
Jibs_PC#4175869913241635840 roll 3
Jibs_PC#4175869913241635840 roll 1
DICE 3 1 4 0 0 3 
Jibs_PC#4175869913241635840 endattack
Jibs_PC#4175869913241635840 movearmies 20 31 1
CARD 27
Jibs_PC#4175869913241635840 placearmies 1 1
Jibs_PC#4175869913241635840 placearmies 19 3
Jibs_PC#4175869913241635840 attack 1 38
Jibs_PC#4175869913241635840 roll 3
Jibs_PC#4175869913241635840 roll 1
DICE 3 1 3 1 0 4 
Jibs_PC#4175869913241635840 roll 3
Jibs_PC#4175869913241635840 roll 1
DICE 3 1 3 1 1 1 
Jibs_PC#4175869913241635840 attack 19 20
Jibs_PC#4175869913241635840 roll 3
Jibs_PC#4175869913241635840 roll 1
DICE 3 1 4 2 1 0 
Jibs_PC#4175869913241635840 endattack
Jibs_PC#4175869913241635840 movearmies 38 1 2
CARD 36
Jibs_PC#4175869913241635840 placearmies 9 1
Jibs_PC#4175869913241635840 placearmies 21 2
Jibs_PC#4175869913241635840 attack 21 19
Jibs_PC#4175869913241635840 roll 3
Jibs_PC#4175869913241635840 roll 1
DICE 3 1 5 2 1 1 
Jibs_PC#4175869913241635840 endattack
Jibs_PC#4175869913241635840 movearmies 19 21 2
CARD 5
Jibs_PC#4175869913241635840 trade 8 16 27
Jibs_PC#4175869913241635840 placearmies 34 1
Jibs_PC#4175869913241635840 placearmies 35 1
Jibs_PC#4175869913241635840 placearmies 22 13
Jibs_PC#4175869913241635840 attack 35 38
Jibs_PC#4175869913241635840 roll 3
Jibs_PC#4175869913241635840 roll 1
DICE 3 1 5 1 0 2 
Jibs_PC#4175869913241635840 move 4
Jibs_PC#4175869913241635840 attack 22 24
Jibs_PC#4175869913241635840 roll 3
Jibs_PC#4175869913241635840 roll 1
DICE 3 1 3 3 1 2 
Jibs_PC#4175869913241635840 move 16
Jibs_PC#4175869913241635840 attack 24 26
Jibs_PC#4175869913241635840 roll 3
Jibs_PC#4175869913241635840 roll 1
DICE 3 1 3 1 1 1 
Jibs_PC#4175869913241635840 move 15
Jibs_PC#4175869913241635840 attack 26 25
Jibs_PC#4175869913241635840 roll 3
Jibs_PC#4175869913241635840 roll 1
DICE 3 1 4 3 2 5 
Jibs_PC#4175869913241635840 roll 3
Jibs_PC#4175869913241635840 roll 1
DICE 3 1 2 1 0 4 
Jibs_PC#4175869913241635840 roll 3
Jibs_PC#4175869913241635840 roll 1
DICE 3 1 4 3 1 0 
Jibs_PC#4175869913241635840 move 12
Jibs_PC#4175869913241635840 attack 25 23
Jibs_PC#4175869913241635840 roll 3
Jibs_PC#4175869913241635840 roll 1
DICE 3 1 4 1 0 0 
Jibs_PC#4175869913241635840 move 11
Jibs_PC#4175869913241635840 attack 23 21
Jibs_PC#4175869913241635840 roll 3
Jibs_PC#4175869913241635840 roll 2
DICE 3 2 5 2 2 5 3 
Jibs_PC#4175869913241635840 roll 3
Jibs_PC#4175869913241635840 roll 2
DICE 3 2 4 3 1 3 0 
Jibs_PC#4175869913241635840 roll 3
Jibs_PC#4175869913241635840 roll 1
DICE 3 1 5 5 3 5 
Jibs_PC#4175869913241635840 roll 3
Jibs_PC#4175869913241635840 roll 1
DICE 3 1 4 2 1 2 
Jibs_PC#4175869913241635840 move 7
