Jibs_PC#1667971570020408320 newplayer ai hard green s0914007
Jibs_PC#1667971570020408320 newplayer ai hard blue bob
Jibs_PC#1667971570020408320 newplayer ai hard red fred
Jibs_PC#1667971570020408320 newplayer ai hard cyan ted
Jibs_PC#1667971570020408320 newplayer ai hard magenta yura
Jibs_PC#1667971570020408320 newplayer ai hard yellow lala
Jibs_PC#1667971570020408320 startgame mission fixed autoplaceall recycle
PLAYER fred
MISSION 3 0 1 2 0 0
PLACEALL 36 5 34 41 24 10 18 23 26 11 13 29 30 40 1 42 4 17 3 33 20 22 16 31 37 9 19 7 8 15 32 38 27 39 35 21 12 2 25 14 6 28
Jibs_PC#1667971570020408320 placearmies 36 1
CARD 
Jibs_PC#1667971570020408320 placearmies 9 1
CARD 
Jibs_PC#1667971570020408320 placearmies 27 1
CARD 
Jibs_PC#1667971570020408320 placearmies 41 1
CARD 
Jibs_PC#1667971570020408320 placearmies 13 1
CARD 
Jibs_PC#1667971570020408320 placearmies 10 1
CARD 
Jibs_PC#1667971570020408320 placearmies 36 1
CARD 
Jibs_PC#1667971570020408320 placearmies 9 1
CARD 
Jibs_PC#1667971570020408320 placearmies 27 1
CARD 
Jibs_PC#1667971570020408320 placearmies 41 1
CARD 
Jibs_PC#1667971570020408320 placearmies 13 1
CARD 
Jibs_PC#1667971570020408320 placearmies 10 1
CARD 
Jibs_PC#1667971570020408320 placearmies 36 1
CARD 
Jibs_PC#1667971570020408320 placearmies 9 1
CARD 
Jibs_PC#1667971570020408320 placearmies 27 1
CARD 
Jibs_PC#1667971570020408320 placearmies 41 1
CARD 
Jibs_PC#1667971570020408320 placearmies 13 1
CARD 
Jibs_PC#1667971570020408320 placearmies 10 1
CARD 
Jibs_PC#1667971570020408320 placearmies 36 1
CARD 
Jibs_PC#1667971570020408320 placearmies 9 1
CARD 
Jibs_PC#1667971570020408320 placearmies 20 1
CARD 
Jibs_PC#1667971570020408320 placearmies 41 1
CARD 
Jibs_PC#1667971570020408320 placearmies 13 1
CARD 
Jibs_PC#1667971570020408320 placearmies 10 1
CARD 
Jibs_PC#1667971570020408320 placearmies 36 1
CARD 
Jibs_PC#1667971570020408320 placearmies 9 1
CARD 
Jibs_PC#1667971570020408320 placearmies 20 1
CARD 
Jibs_PC#1667971570020408320 placearmies 7 1
CARD 
Jibs_PC#1667971570020408320 placearmies 13 1
CARD 
Jibs_PC#1667971570020408320 placearmies 10 1
CARD 
Jibs_PC#1667971570020408320 placearmies 36 1
CARD 
Jibs_PC#1667971570020408320 placearmies 9 1
CARD 
Jibs_PC#1667971570020408320 placearmies 20 1
CARD 
Jibs_PC#1667971570020408320 placearmies 7 1
CARD 
Jibs_PC#1667971570020408320 placearmies 13 1
CARD 
Jibs_PC#1667971570020408320 placearmies 10 1
CARD 
Jibs_PC#1667971570020408320 placearmies 36 1
CARD 
Jibs_PC#1667971570020408320 placearmies 9 1
CARD 
Jibs_PC#1667971570020408320 placearmies 20 1
CARD 
Jibs_PC#1667971570020408320 placearmies 7 1
CARD 
Jibs_PC#1667971570020408320 placearmies 13 1
CARD 
Jibs_PC#1667971570020408320 placearmies 10 1
CARD 
Jibs_PC#1667971570020408320 placearmies 36 1
CARD 
Jibs_PC#1667971570020408320 placearmies 9 1
CARD 
Jibs_PC#1667971570020408320 placearmies 20 1
CARD 
Jibs_PC#1667971570020408320 placearmies 7 1
CARD 
Jibs_PC#1667971570020408320 placearmies 13 1
CARD 
Jibs_PC#1667971570020408320 placearmies 29 1
CARD 
Jibs_PC#1667971570020408320 placearmies 36 1
CARD 
Jibs_PC#1667971570020408320 placearmies 23 1
CARD 
Jibs_PC#1667971570020408320 placearmies 20 1
CARD 
Jibs_PC#1667971570020408320 placearmies 7 1
CARD 
Jibs_PC#1667971570020408320 placearmies 13 1
CARD 
Jibs_PC#1667971570020408320 placearmies 29 1
CARD 
Jibs_PC#1667971570020408320 placearmies 36 1
CARD 
Jibs_PC#1667971570020408320 placearmies 23 1
CARD 
Jibs_PC#1667971570020408320 placearmies 20 1
CARD 
Jibs_PC#1667971570020408320 placearmies 7 1
CARD 
Jibs_PC#1667971570020408320 placearmies 13 1
CARD 
Jibs_PC#1667971570020408320 placearmies 29 1
CARD 
Jibs_PC#1667971570020408320 placearmies 36 1
CARD 
Jibs_PC#1667971570020408320 placearmies 23 1
CARD 
Jibs_PC#1667971570020408320 placearmies 20 1
CARD 
Jibs_PC#1667971570020408320 placearmies 7 1
CARD 
Jibs_PC#1667971570020408320 placearmies 13 1
CARD 
Jibs_PC#1667971570020408320 placearmies 29 1
CARD 
Jibs_PC#1667971570020408320 placearmies 36 1
CARD 
Jibs_PC#1667971570020408320 placearmies 23 1
CARD 
Jibs_PC#1667971570020408320 placearmies 20 1
CARD 
Jibs_PC#1667971570020408320 placearmies 7 1
CARD 
Jibs_PC#1667971570020408320 placearmies 13 1
CARD 
Jibs_PC#1667971570020408320 placearmies 29 1
CARD 
Jibs_PC#1667971570020408320 placearmies 36 1
CARD 
Jibs_PC#1667971570020408320 placearmies 9 1
CARD 
Jibs_PC#1667971570020408320 placearmies 20 1
CARD 
Jibs_PC#1667971570020408320 placearmies 7 1
CARD 
Jibs_PC#1667971570020408320 placearmies 13 1
CARD 
Jibs_PC#1667971570020408320 placearmies 10 1
CARD 
Jibs_PC#1667971570020408320 placearmies 36 3
Jibs_PC#1667971570020408320 attack 36 29
Jibs_PC#1667971570020408320 roll 3
Jibs_PC#1667971570020408320 roll 2
DICE 3 2 5 4 1 2 1 
Jibs_PC#1667971570020408320 roll 3
Jibs_PC#1667971570020408320 roll 2
DICE 3 2 3 1 0 5 5 
Jibs_PC#1667971570020408320 retreat
Jibs_PC#1667971570020408320 attack 36 27
Jibs_PC#1667971570020408320 roll 3
Jibs_PC#1667971570020408320 roll 2
DICE 3 2 5 4 3 3 1 
Jibs_PC#1667971570020408320 roll 3
Jibs_PC#1667971570020408320 roll 2
DICE 3 2 5 4 1 4 1 
Jibs_PC#1667971570020408320 move 14
Jibs_PC#1667971570020408320 attack 27 29
Jibs_PC#1667971570020408320 roll 3
Jibs_PC#1667971570020408320 roll 2
DICE 3 2 2 0 0 2 0 
Jibs_PC#1667971570020408320 roll 3
Jibs_PC#1667971570020408320 roll 2
DICE 3 2 5 4 4 2 0 
Jibs_PC#1667971570020408320 retreat
Jibs_PC#1667971570020408320 attack 27 28
Jibs_PC#1667971570020408320 roll 3
Jibs_PC#1667971570020408320 roll 1
DICE 3 1 3 2 0 3 
Jibs_PC#1667971570020408320 roll 3
Jibs_PC#1667971570020408320 roll 1
DICE 3 1 4 2 1 1 
Jibs_PC#1667971570020408320 move 10
Jibs_PC#1667971570020408320 attack 28 29
Jibs_PC#1667971570020408320 roll 3
Jibs_PC#1667971570020408320 roll 2
DICE 3 2 5 5 3 4 3 
Jibs_PC#1667971570020408320 move 9
Jibs_PC#1667971570020408320 attack 29 33
Jibs_PC#1667971570020408320 roll 3
Jibs_PC#1667971570020408320 roll 1
DICE 3 1 3 3 2 2 
Jibs_PC#1667971570020408320 move 8
Jibs_PC#1667971570020408320 attack 33 39
Jibs_PC#1667971570020408320 roll 3
Jibs_PC#1667971570020408320 roll 1
DICE 3 1 4 1 0 2 
Jibs_PC#1667971570020408320 move 7
Jibs_PC#1667971570020408320 attack 39 41
Jibs_PC#1667971570020408320 roll 3
Jibs_PC#1667971570020408320 roll 2
DICE 3 2 5 5 5 4 2 
Jibs_PC#1667971570020408320 roll 3
Jibs_PC#1667971570020408320 roll 2
DICE 3 2 2 1 0 3 1 
Jibs_PC#1667971570020408320 roll 3
Jibs_PC#1667971570020408320 roll 2
DICE 3 2 5 2 0 5 3 
Jibs_PC#1667971570020408320 retreat
Jibs_PC#1667971570020408320 endattack
Jibs_PC#1667971570020408320 nomove
CARD 31
Jibs_PC#1667971570020408320 placearmies 23 3
Jibs_PC#1667971570020408320 attack 9 4
Jibs_PC#1667971570020408320 roll 3
Jibs_PC#1667971570020408320 roll 1
DICE 3 1 3 1 0 4 
Jibs_PC#1667971570020408320 roll 3
Jibs_PC#1667971570020408320 roll 1
DICE 3 1 5 1 1 5 
Jibs_PC#1667971570020408320 roll 3
Jibs_PC#1667971570020408320 roll 1
DICE 3 1 3 1 0 0 
Jibs_PC#1667971570020408320 move 7
Jibs_PC#1667971570020408320 endattack
Jibs_PC#1667971570020408320 nomove
CARD 11
Jibs_PC#1667971570020408320 placearmies 20 3
Jibs_PC#1667971570020408320 attack 20 16
Jibs_PC#1667971570020408320 roll 3
Jibs_PC#1667971570020408320 roll 1
DICE 3 1 3 3 2 0 
Jibs_PC#1667971570020408320 move 13
Jibs_PC#1667971570020408320 attack 16 15
Jibs_PC#1667971570020408320 roll 3
Jibs_PC#1667971570020408320 roll 1
DICE 3 1 4 2 0 5 
Jibs_PC#1667971570020408320 roll 3
Jibs_PC#1667971570020408320 roll 1
DICE 3 1 5 4 1 1 
Jibs_PC#1667971570020408320 move 11
Jibs_PC#1667971570020408320 attack 15 14
Jibs_PC#1667971570020408320 roll 3
Jibs_PC#1667971570020408320 roll 1
DICE 3 1 4 3 1 1 
Jibs_PC#1667971570020408320 move 10
Jibs_PC#1667971570020408320 attack 14 17
Jibs_PC#1667971570020408320 roll 3
Jibs_PC#1667971570020408320 roll 1
DICE 3 1 4 0 0 0 
Jibs_PC#1667971570020408320 move 5
Jibs_PC#1667971570020408320 attack 17 18
Jibs_PC#1667971570020408320 roll 3
Jibs_PC#1667971570020408320 roll 1
DICE 3 1 3 2 2 1 
Jibs_PC#1667971570020408320 move 3
Jibs_PC#1667971570020408320 endattack
Jibs_PC#1667971570020408320 movearmies 17 19 1
CARD 23
Jibs_PC#1667971570020408320 placearmies 41 2
Jibs_PC#1667971570020408320 placearmies 41 1
Jibs_PC#1667971570020408320 attack 7 6
Jibs_PC#1667971570020408320 roll 3
Jibs_PC#1667971570020408320 roll 1
DICE 3 1 5 2 0 5 
Jibs_PC#1667971570020408320 roll 3
Jibs_PC#1667971570020408320 roll 1
DICE 3 1 4 2 2 0 
Jibs_PC#1667971570020408320 move 8
Jibs_PC#1667971570020408320 attack 6 14
Jibs_PC#1667971570020408320 roll 3
Jibs_PC#1667971570020408320 roll 2
DICE 3 2 2 1 0 3 2 
Jibs_PC#1667971570020408320 roll 3
Jibs_PC#1667971570020408320 roll 2
DICE 3 2 5 0 0 3 1 
Jibs_PC#1667971570020408320 retreat
Jibs_PC#1667971570020408320 attack 41 39
Jibs_PC#1667971570020408320 roll 3
Jibs_PC#1667971570020408320 roll 2
DICE 3 2 5 4 2 5 1 
Jibs_PC#1667971570020408320 roll 3
Jibs_PC#1667971570020408320 roll 2
DICE 3 2 5 2 2 5 4 
Jibs_PC#1667971570020408320 retreat
Jibs_PC#1667971570020408320 attack 41 40
Jibs_PC#1667971570020408320 roll 2
Jibs_PC#1667971570020408320 roll 1
DICE 2 1 4 0 5 
Jibs_PC#1667971570020408320 retreat
Jibs_PC#1667971570020408320 endattack
Jibs_PC#1667971570020408320 nomove
CARD 18
Jibs_PC#1667971570020408320 placearmies 13 3
Jibs_PC#1667971570020408320 attack 13 12
Jibs_PC#1667971570020408320 roll 3
Jibs_PC#1667971570020408320 roll 1
DICE 3 1 5 5 3 4 
Jibs_PC#1667971570020408320 move 16
Jibs_PC#1667971570020408320 attack 12 21
Jibs_PC#1667971570020408320 roll 3
Jibs_PC#1667971570020408320 roll 1
DICE 3 1 5 3 1 2 
Jibs_PC#1667971570020408320 move 15
Jibs_PC#1667971570020408320 attack 21 20
Jibs_PC#1667971570020408320 roll 3
Jibs_PC#1667971570020408320 roll 1
DICE 3 1 4 3 0 3 
Jibs_PC#1667971570020408320 move 14
Jibs_PC#1667971570020408320 attack 20 18
Jibs_PC#1667971570020408320 roll 3
Jibs_PC#1667971570020408320 roll 2
DICE 3 2 5 3 2 5 0 
Jibs_PC#1667971570020408320 roll 3
Jibs_PC#1667971570020408320 roll 2
DICE 3 2 5 0 0 1 0 
Jibs_PC#1667971570020408320 retreat
Jibs_PC#1667971570020408320 attack 20 19
Jibs_PC#1667971570020408320 roll 3
Jibs_PC#1667971570020408320 roll 2
DICE 3 2 5 5 2 5 4 
Jibs_PC#1667971570020408320 roll 3
Jibs_PC#1667971570020408320 roll 1
DICE 3 1 4 4 1 5 
Jibs_PC#1667971570020408320 retreat
Jibs_PC#1667971570020408320 attack 20 16
Jibs_PC#1667971570020408320 roll 3
Jibs_PC#1667971570020408320 roll 1
DICE 3 1 5 3 2 1 
Jibs_PC#1667971570020408320 move 9
Jibs_PC#1667971570020408320 attack 16 15
Jibs_PC#1667971570020408320 roll 3
Jibs_PC#1667971570020408320 roll 1
DICE 3 1 4 4 4 3 
Jibs_PC#1667971570020408320 move 8
Jibs_PC#1667971570020408320 attack 15 14
Jibs_PC#1667971570020408320 roll 3
Jibs_PC#1667971570020408320 roll 2
DICE 3 2 4 4 0 4 3 
Jibs_PC#1667971570020408320 roll 3
Jibs_PC#1667971570020408320 roll 2
DICE 3 2 5 1 0 3 2 
Jibs_PC#1667971570020408320 roll 3
Jibs_PC#1667971570020408320 roll 2
DICE 3 2 3 3 0 4 1 
Jibs_PC#1667971570020408320 roll 3
Jibs_PC#1667971570020408320 roll 1
DICE 3 1 5 3 1 2 
Jibs_PC#1667971570020408320 move 4
Jibs_PC#1667971570020408320 attack 14 17
Jibs_PC#1667971570020408320 roll 3
Jibs_PC#1667971570020408320 roll 1
DICE 3 1 4 4 0 3 
Jibs_PC#1667971570020408320 attack 17 19
Jibs_PC#1667971570020408320 roll 2
Jibs_PC#1667971570020408320 roll 1
DICE 2 1 4 0 3 
Jibs_PC#1667971570020408320 endattack
Jibs_PC#1667971570020408320 nomove
CARD 13
Jibs_PC#1667971570020408320 placearmies 10 2
Jibs_PC#1667971570020408320 placearmies 10 1
Jibs_PC#1667971570020408320 attack 10 11
Jibs_PC#1667971570020408320 roll 3
Jibs_PC#1667971570020408320 roll 1
DICE 3 1 4 3 1 3 
Jibs_PC#1667971570020408320 move 11
Jibs_PC#1667971570020408320 attack 11 12
Jibs_PC#1667971570020408320 roll 3
Jibs_PC#1667971570020408320 roll 1
DICE 3 1 5 3 2 3 
Jibs_PC#1667971570020408320 move 10
Jibs_PC#1667971570020408320 attack 12 13
Jibs_PC#1667971570020408320 roll 3
Jibs_PC#1667971570020408320 roll 1
DICE 3 1 3 2 0 4 
Jibs_PC#1667971570020408320 roll 3
Jibs_PC#1667971570020408320 roll 1
DICE 3 1 3 3 2 5 
Jibs_PC#1667971570020408320 roll 3
Jibs_PC#1667971570020408320 roll 1
DICE 3 1 5 4 3 5 
Jibs_PC#1667971570020408320 roll 3
Jibs_PC#1667971570020408320 roll 1
DICE 3 1 5 4 3 0 
Jibs_PC#1667971570020408320 move 3
Jibs_PC#1667971570020408320 endattack
Jibs_PC#1667971570020408320 movearmies 13 12 2
CARD 16
Jibs_PC#1667971570020408320 placearmies 39 2
Jibs_PC#1667971570020408320 placearmies 39 1
Jibs_PC#1667971570020408320 attack 39 40
Jibs_PC#1667971570020408320 roll 3
Jibs_PC#1667971570020408320 roll 1
DICE 3 1 5 1 0 3 
Jibs_PC#1667971570020408320 move 4
Jibs_PC#1667971570020408320 attack 40 42
Jibs_PC#1667971570020408320 roll 3
Jibs_PC#1667971570020408320 roll 1
DICE 3 1 3 1 0 5 
Jibs_PC#1667971570020408320 roll 2
Jibs_PC#1667971570020408320 roll 1
DICE 2 1 3 2 5 
Jibs_PC#1667971570020408320 retreat
Jibs_PC#1667971570020408320 endattack
Jibs_PC#1667971570020408320 nomove
CARD 12
Jibs_PC#1667971570020408320 placearmies 4 3
Jibs_PC#1667971570020408320 attack 4 7
Jibs_PC#1667971570020408320 roll 3
Jibs_PC#1667971570020408320 roll 1
DICE 3 1 5 5 1 3 
Jibs_PC#1667971570020408320 move 9
Jibs_PC#1667971570020408320 attack 7 8
Jibs_PC#1667971570020408320 roll 3
Jibs_PC#1667971570020408320 roll 1
DICE 3 1 5 5 4 4 
Jibs_PC#1667971570020408320 move 8
Jibs_PC#1667971570020408320 attack 8 6
Jibs_PC#1667971570020408320 roll 3
Jibs_PC#1667971570020408320 roll 2
DICE 3 2 0 0 0 2 0 
Jibs_PC#1667971570020408320 roll 3
Jibs_PC#1667971570020408320 roll 2
DICE 3 2 4 3 2 4 2 
Jibs_PC#1667971570020408320 retreat
Jibs_PC#1667971570020408320 attack 23 25
Jibs_PC#1667971570020408320 roll 3
Jibs_PC#1667971570020408320 roll 1
DICE 3 1 5 4 1 4 
Jibs_PC#1667971570020408320 move 7
Jibs_PC#1667971570020408320 attack 25 26
Jibs_PC#1667971570020408320 roll 3
Jibs_PC#1667971570020408320 roll 1
DICE 3 1 2 2 1 0 
Jibs_PC#1667971570020408320 move 6
Jibs_PC#1667971570020408320 attack 26 24
Jibs_PC#1667971570020408320 roll 3
Jibs_PC#1667971570020408320 roll 1
DICE 3 1 4 2 1 3 
Jibs_PC#1667971570020408320 move 5
Jibs_PC#1667971570020408320 attack 24 22
Jibs_PC#1667971570020408320 roll 3
Jibs_PC#1667971570020408320 roll 1
DICE 3 1 4 4 3 0 
Jibs_PC#1667971570020408320 move 4
Jibs_PC#1667971570020408320 attack 22 21
Jibs_PC#1667971570020408320 roll 3
Jibs_PC#1667971570020408320 roll 1
DICE 3 1 5 5 1 3 
Jibs_PC#1667971570020408320 attack 8 6
Jibs_PC#1667971570020408320 roll 3
Jibs_PC#1667971570020408320 roll 2
DICE 3 2 4 4 3 3 0 
Jibs_PC#1667971570020408320 roll 3
Jibs_PC#1667971570020408320 roll 2
DICE 3 2 4 2 0 4 4 
Jibs_PC#1667971570020408320 retreat
Jibs_PC#1667971570020408320 endattack
Jibs_PC#1667971570020408320 nomove
CARD 5
Jibs_PC#1667971570020408320 placearmies 1 3
Jibs_PC#1667971570020408320 attack 1 2
Jibs_PC#1667971570020408320 roll 3
Jibs_PC#1667971570020408320 roll 1
DICE 3 1 4 3 0 4 
Jibs_PC#1667971570020408320 roll 2
Jibs_PC#1667971570020408320 roll 1
DICE 2 1 5 2 5 
Jibs_PC#1667971570020408320 retreat
Jibs_PC#1667971570020408320 endattack
Jibs_PC#1667971570020408320 nomove
CARD 
Jibs_PC#1667971570020408320 placearmies 41 2
Jibs_PC#1667971570020408320 placearmies 41 1
Jibs_PC#1667971570020408320 attack 41 40
Jibs_PC#1667971570020408320 roll 3
Jibs_PC#1667971570020408320 roll 2
DICE 3 2 2 2 0 5 3 
Jibs_PC#1667971570020408320 retreat
Jibs_PC#1667971570020408320 attack 41 39
Jibs_PC#1667971570020408320 roll 2
Jibs_PC#1667971570020408320 roll 1
DICE 2 1 2 0 5 
Jibs_PC#1667971570020408320 retreat
Jibs_PC#1667971570020408320 endattack
Jibs_PC#1667971570020408320 nomove
CARD 
Jibs_PC#1667971570020408320 placearmies 19 2
Jibs_PC#1667971570020408320 placearmies 19 1
Jibs_PC#1667971570020408320 attack 19 21
Jibs_PC#1667971570020408320 roll 3
Jibs_PC#1667971570020408320 roll 2
DICE 3 2 5 5 3 5 3 
Jibs_PC#1667971570020408320 roll 3
Jibs_PC#1667971570020408320 roll 2
DICE 3 2 4 1 0 4 1 
Jibs_PC#1667971570020408320 retreat
Jibs_PC#1667971570020408320 endattack
Jibs_PC#1667971570020408320 nomove
CARD 
Jibs_PC#1667971570020408320 placearmies 10 1
Jibs_PC#1667971570020408320 placearmies 12 4
Jibs_PC#1667971570020408320 attack 12 21
Jibs_PC#1667971570020408320 roll 3
Jibs_PC#1667971570020408320 roll 2
DICE 3 2 4 3 0 3 0 
Jibs_PC#1667971570020408320 move 9
Jibs_PC#1667971570020408320 attack 21 24
Jibs_PC#1667971570020408320 roll 3
Jibs_PC#1667971570020408320 roll 1
DICE 3 1 5 2 0 5 
Jibs_PC#1667971570020408320 roll 3
Jibs_PC#1667971570020408320 roll 1
DICE 3 1 4 4 2 3 
Jibs_PC#1667971570020408320 move 6
Jibs_PC#1667971570020408320 attack 24 26
Jibs_PC#1667971570020408320 roll 3
Jibs_PC#1667971570020408320 roll 1
DICE 3 1 4 0 0 1 
Jibs_PC#1667971570020408320 move 5
Jibs_PC#1667971570020408320 attack 26 25
Jibs_PC#1667971570020408320 roll 3
Jibs_PC#1667971570020408320 roll 1
DICE 3 1 3 3 3 5 
Jibs_PC#1667971570020408320 roll 3
Jibs_PC#1667971570020408320 roll 1
DICE 3 1 5 3 1 2 
Jibs_PC#1667971570020408320 attack 25 23
Jibs_PC#1667971570020408320 roll 2
Jibs_PC#1667971570020408320 roll 1
DICE 2 1 5 0 4 
Jibs_PC#1667971570020408320 endattack
Jibs_PC#1667971570020408320 movearmies 23 21 1
CARD 17
Jibs_PC#1667971570020408320 placearmies 36 3
Jibs_PC#1667971570020408320 attack 36 38
Jibs_PC#1667971570020408320 roll 3
Jibs_PC#1667971570020408320 roll 1
DICE 3 1 3 2 2 0 
Jibs_PC#1667971570020408320 attack 38 35
Jibs_PC#1667971570020408320 roll 2
Jibs_PC#1667971570020408320 roll 1
DICE 2 1 3 2 2 
Jibs_PC#1667971570020408320 endattack
Jibs_PC#1667971570020408320 nomove
CARD 10
Jibs_PC#1667971570020408320 placearmies 8 3
Jibs_PC#1667971570020408320 attack 8 6
Jibs_PC#1667971570020408320 roll 3
Jibs_PC#1667971570020408320 roll 2
DICE 3 2 2 2 0 2 1 
Jibs_PC#1667971570020408320 roll 3
Jibs_PC#1667971570020408320 roll 1
DICE 3 1 4 2 0 3 
Jibs_PC#1667971570020408320 move 4
Jibs_PC#1667971570020408320 endattack
Jibs_PC#1667971570020408320 nomove
CARD 38
Jibs_PC#1667971570020408320 placearmies 1 2
Jibs_PC#1667971570020408320 placearmies 1 1
Jibs_PC#1667971570020408320 attack 1 38
Jibs_PC#1667971570020408320 roll 3
Jibs_PC#1667971570020408320 roll 1
DICE 3 1 5 3 2 2 
Jibs_PC#1667971570020408320 move 4
Jibs_PC#1667971570020408320 endattack
Jibs_PC#1667971570020408320 nomove
CARD 14
Jibs_PC#1667971570020408320 placearmies 41 2
Jibs_PC#1667971570020408320 placearmies 41 1
Jibs_PC#1667971570020408320 attack 41 40
Jibs_PC#1667971570020408320 roll 3
Jibs_PC#1667971570020408320 roll 2
DICE 3 2 2 2 0 4 2 
Jibs_PC#1667971570020408320 retreat
Jibs_PC#1667971570020408320 attack 41 39
Jibs_PC#1667971570020408320 roll 2
Jibs_PC#1667971570020408320 roll 1
DICE 2 1 5 2 3 
Jibs_PC#1667971570020408320 endattack
Jibs_PC#1667971570020408320 nomove
CARD 30
Jibs_PC#1667971570020408320 placearmies 19 2
Jibs_PC#1667971570020408320 placearmies 19 1
Jibs_PC#1667971570020408320 attack 19 18
Jibs_PC#1667971570020408320 roll 3
Jibs_PC#1667971570020408320 roll 1
DICE 3 1 3 3 1 1 
Jibs_PC#1667971570020408320 move 3
Jibs_PC#1667971570020408320 endattack
Jibs_PC#1667971570020408320 movearmies 18 19 2
CARD 32
Jibs_PC#1667971570020408320 placearmies 21 1
Jibs_PC#1667971570020408320 placearmies 21 1
Jibs_PC#1667971570020408320 placearmies 31 3
Jibs_PC#1667971570020408320 attack 31 22
Jibs_PC#1667971570020408320 roll 3
Jibs_PC#1667971570020408320 roll 1
DICE 3 1 5 2 0 5 
Jibs_PC#1667971570020408320 roll 2
Jibs_PC#1667971570020408320 roll 1
DICE 2 1 5 3 3 
Jibs_PC#1667971570020408320 attack 21 20
Jibs_PC#1667971570020408320 roll 3
Jibs_PC#1667971570020408320 roll 1
DICE 3 1 4 2 0 5 
Jibs_PC#1667971570020408320 roll 3
Jibs_PC#1667971570020408320 roll 1
DICE 3 1 5 4 3 5 
Jibs_PC#1667971570020408320 retreat
Jibs_PC#1667971570020408320 endattack
Jibs_PC#1667971570020408320 nomove
CARD 42
Jibs_PC#1667971570020408320 trade 31 12 10
Jibs_PC#1667971570020408320 placearmies 40 10
Jibs_PC#1667971570020408320 placearmies 40 1
Jibs_PC#1667971570020408320 attack 40 42
Jibs_PC#1667971570020408320 roll 3
Jibs_PC#1667971570020408320 roll 1
DICE 3 1 3 2 0 2 
Jibs_PC#1667971570020408320 move 10
Jibs_PC#1667971570020408320 attack 42 41
Jibs_PC#1667971570020408320 roll 3
Jibs_PC#1667971570020408320 roll 1
DICE 3 1 3 2 0 5 
Jibs_PC#1667971570020408320 roll 3
Jibs_PC#1667971570020408320 roll 1
DICE 3 1 3 2 0 1 
Jibs_PC#1667971570020408320 move 8
Jibs_PC#1667971570020408320 attack 41 39
Jibs_PC#1667971570020408320 roll 3
Jibs_PC#1667971570020408320 roll 2
DICE 3 2 4 0 0 5 3 
Jibs_PC#1667971570020408320 roll 3
Jibs_PC#1667971570020408320 roll 2
DICE 3 2 4 4 1 3 1 
Jibs_PC#1667971570020408320 move 3
Jibs_PC#1667971570020408320 endattack
Jibs_PC#1667971570020408320 movearmies 35 27 1
CARD wildcard
Jibs_PC#1667971570020408320 trade 11 5 38
Jibs_PC#1667971570020408320 placearmies 2 7
Jibs_PC#1667971570020408320 placearmies 2 1
Jibs_PC#1667971570020408320 placearmies 2 1
Jibs_PC#1667971570020408320 attack 2 1
Jibs_PC#1667971570020408320 roll 3
Jibs_PC#1667971570020408320 roll 1
DICE 3 1 4 2 2 4 
Jibs_PC#1667971570020408320 roll 3
Jibs_PC#1667971570020408320 roll 1
DICE 3 1 2 2 1 5 
Jibs_PC#1667971570020408320 retreat
Jibs_PC#1667971570020408320 attack 2 1
Jibs_PC#1667971570020408320 roll 3
Jibs_PC#1667971570020408320 roll 1
DICE 3 1 5 5 1 4 
Jibs_PC#1667971570020408320 move 7
Jibs_PC#1667971570020408320 attack 1 3
Jibs_PC#1667971570020408320 roll 3
Jibs_PC#1667971570020408320 roll 1
DICE 3 1 4 1 1 0 
Jibs_PC#1667971570020408320 move 3
Jibs_PC#1667971570020408320 endattack
Jibs_PC#1667971570020408320 movearmies 3 1 2
CARD 33
Jibs_PC#1667971570020408320 placearmies 38 3
Jibs_PC#1667971570020408320 attack 38 35
Jibs_PC#1667971570020408320 roll 3
Jibs_PC#1667971570020408320 roll 1
DICE 3 1 5 3 1 3 
Jibs_PC#1667971570020408320 move 6
Jibs_PC#1667971570020408320 attack 35 36
Jibs_PC#1667971570020408320 roll 3
Jibs_PC#1667971570020408320 roll 1
DICE 3 1 3 2 2 0 
Jibs_PC#1667971570020408320 move 5
Jibs_PC#1667971570020408320 endattack
Jibs_PC#1667971570020408320 nomove
CARD 6
Jibs_PC#1667971570020408320 placearmies 19 3
Jibs_PC#1667971570020408320 placearmies 14 1
Jibs_PC#1667971570020408320 placearmies 16 1
Jibs_PC#1667971570020408320 placearmies 20 1
Jibs_PC#1667971570020408320 placearmies 14 2
Jibs_PC#1667971570020408320 attack 19 21
Jibs_PC#1667971570020408320 roll 3
Jibs_PC#1667971570020408320 roll 2
DICE 3 2 5 4 2 4 2 
Jibs_PC#1667971570020408320 roll 3
Jibs_PC#1667971570020408320 roll 1
DICE 3 1 4 1 0 0 
Jibs_PC#1667971570020408320 move 6
Jibs_PC#1667971570020408320 attack 21 12
Jibs_PC#1667971570020408320 roll 3
Jibs_PC#1667971570020408320 roll 1
DICE 3 1 1 1 0 4 
Jibs_PC#1667971570020408320 roll 3
Jibs_PC#1667971570020408320 roll 1
DICE 3 1 5 5 2 2 
Jibs_PC#1667971570020408320 move 3
Jibs_PC#1667971570020408320 endattack
Jibs_PC#1667971570020408320 movearmies 12 21 2
CARD 22
Jibs_PC#1667971570020408320 trade 16 17 42
Jibs_PC#1667971570020408320 placearmies 10 2
Jibs_PC#1667971570020408320 placearmies 10 1
Jibs_PC#1667971570020408320 placearmies 10 7
Jibs_PC#1667971570020408320 placearmies 31 3
Jibs_PC#1667971570020408320 attack 10 5
Jibs_PC#1667971570020408320 roll 3
Jibs_PC#1667971570020408320 roll 2
DICE 3 2 5 5 1 5 1 
Jibs_PC#1667971570020408320 roll 3
Jibs_PC#1667971570020408320 roll 2
DICE 3 2 5 4 4 5 3 
Jibs_PC#1667971570020408320 retreat
Jibs_PC#1667971570020408320 attack 31 16
Jibs_PC#1667971570020408320 roll 3
Jibs_PC#1667971570020408320 roll 2
DICE 3 2 4 3 1 5 2 
Jibs_PC#1667971570020408320 roll 2
Jibs_PC#1667971570020408320 roll 1
DICE 2 1 2 0 1 
Jibs_PC#1667971570020408320 attack 10 5
Jibs_PC#1667971570020408320 roll 3
Jibs_PC#1667971570020408320 roll 1
DICE 3 1 3 3 1 5 
Jibs_PC#1667971570020408320 roll 3
Jibs_PC#1667971570020408320 roll 1
DICE 3 1 5 4 2 1 
Jibs_PC#1667971570020408320 move 8
Jibs_PC#1667971570020408320 attack 5 9
Jibs_PC#1667971570020408320 roll 3
Jibs_PC#1667971570020408320 roll 1
DICE 3 1 5 1 0 1 
Jibs_PC#1667971570020408320 move 7
Jibs_PC#1667971570020408320 attack 9 8
Jibs_PC#1667971570020408320 roll 3
Jibs_PC#1667971570020408320 roll 1
DICE 3 1 3 0 0 0 
Jibs_PC#1667971570020408320 move 6
Jibs_PC#1667971570020408320 attack 8 7
Jibs_PC#1667971570020408320 roll 3
Jibs_PC#1667971570020408320 roll 1
DICE 3 1 5 4 0 4 
Jibs_PC#1667971570020408320 move 5
Jibs_PC#1667971570020408320 attack 7 4
Jibs_PC#1667971570020408320 roll 3
Jibs_PC#1667971570020408320 roll 1
DICE 3 1 4 2 1 1 
Jibs_PC#1667971570020408320 move 4
Jibs_PC#1667971570020408320 endattack
Jibs_PC#1667971570020408320 nomove
CARD 7
Jibs_PC#1667971570020408320 trade 18 30 wildcard
Jibs_PC#1667971570020408320 placearmies 29 1
Jibs_PC#1667971570020408320 placearmies 32 1
Jibs_PC#1667971570020408320 placearmies 29 3
Jibs_PC#1667971570020408320 placearmies 30 2
Jibs_PC#1667971570020408320 placearmies 30 4
Jibs_PC#1667971570020408320 placearmies 30 4
Jibs_PC#1667971570020408320 attack 30 31
Jibs_PC#1667971570020408320 roll 3
Jibs_PC#1667971570020408320 roll 1
DICE 3 1 5 4 2 3 
Jibs_PC#1667971570020408320 move 11
Jibs_PC#1667971570020408320 attack 31 22
Jibs_PC#1667971570020408320 roll 3
Jibs_PC#1667971570020408320 roll 2
DICE 3 2 3 2 1 1 0 
Jibs_PC#1667971570020408320 move 9
Jibs_PC#1667971570020408320 attack 22 24
Jibs_PC#1667971570020408320 roll 3
Jibs_PC#1667971570020408320 roll 1
DICE 3 1 4 3 1 1 
Jibs_PC#1667971570020408320 move 8
Jibs_PC#1667971570020408320 attack 24 26
Jibs_PC#1667971570020408320 roll 3
Jibs_PC#1667971570020408320 roll 1
DICE 3 1 5 1 0 1 
Jibs_PC#1667971570020408320 move 7
Jibs_PC#1667971570020408320 attack 26 25
Jibs_PC#1667971570020408320 roll 3
Jibs_PC#1667971570020408320 roll 1
DICE 3 1 5 2 2 2 
Jibs_PC#1667971570020408320 move 6
Jibs_PC#1667971570020408320 attack 25 23
Jibs_PC#1667971570020408320 roll 3
Jibs_PC#1667971570020408320 roll 1
DICE 3 1 5 4 1 5 
Jibs_PC#1667971570020408320 roll 3
Jibs_PC#1667971570020408320 roll 1
DICE 3 1 5 1 0 0 
Jibs_PC#1667971570020408320 move 4
Jibs_PC#1667971570020408320 attack 29 36
Jibs_PC#1667971570020408320 roll 3
Jibs_PC#1667971570020408320 roll 2
DICE 3 2 5 2 1 3 2 
Jibs_PC#1667971570020408320 roll 3
Jibs_PC#1667971570020408320 roll 2
DICE 3 2 5 2 0 0 0 
Jibs_PC#1667971570020408320 roll 3
Jibs_PC#1667971570020408320 roll 2
DICE 3 2 5 4 1 5 5 
Jibs_PC#1667971570020408320 retreat
Jibs_PC#1667971570020408320 endattack
Jibs_PC#1667971570020408320 movearmies 27 29 1
CARD 21
Jibs_PC#1667971570020408320 placearmies 6 3
Jibs_PC#1667971570020408320 attack 6 7
Jibs_PC#1667971570020408320 roll 3
Jibs_PC#1667971570020408320 roll 1
DICE 3 1 1 1 1 3 
Jibs_PC#1667971570020408320 roll 3
Jibs_PC#1667971570020408320 roll 1
DICE 3 1 4 4 1 3 
Jibs_PC#1667971570020408320 move 5
Jibs_PC#1667971570020408320 attack 7 8
Jibs_PC#1667971570020408320 roll 3
Jibs_PC#1667971570020408320 roll 1
DICE 3 1 1 1 0 0 
Jibs_PC#1667971570020408320 move 4
Jibs_PC#1667971570020408320 attack 8 9
Jibs_PC#1667971570020408320 roll 3
Jibs_PC#1667971570020408320 roll 1
DICE 3 1 4 3 3 5 
Jibs_PC#1667971570020408320 roll 2
Jibs_PC#1667971570020408320 roll 1
DICE 2 1 2 0 1 
Jibs_PC#1667971570020408320 endattack
Jibs_PC#1667971570020408320 nomove
CARD 35
Jibs_PC#1667971570020408320 placearmies 36 2
Jibs_PC#1667971570020408320 placearmies 36 1
Jibs_PC#1667971570020408320 attack 36 29
Jibs_PC#1667971570020408320 roll 3
Jibs_PC#1667971570020408320 roll 2
DICE 3 2 5 4 2 0 0 
Jibs_PC#1667971570020408320 roll 3
Jibs_PC#1667971570020408320 roll 1
DICE 3 1 3 3 0 3 
Jibs_PC#1667971570020408320 retreat
Jibs_PC#1667971570020408320 attack 36 27
Jibs_PC#1667971570020408320 roll 3
Jibs_PC#1667971570020408320 roll 1
DICE 3 1 4 4 1 0 
Jibs_PC#1667971570020408320 attack 27 28
Jibs_PC#1667971570020408320 roll 2
Jibs_PC#1667971570020408320 roll 1
DICE 2 1 2 2 0 
Jibs_PC#1667971570020408320 endattack
Jibs_PC#1667971570020408320 nomove
CARD 40
Jibs_PC#1667971570020408320 trade 13 32 22
Jibs_PC#1667971570020408320 placearmies 20 4
Jibs_PC#1667971570020408320 placearmies 20 2
Jibs_PC#1667971570020408320 placearmies 21 1
Jibs_PC#1667971570020408320 attack 20 16
Jibs_PC#1667971570020408320 roll 3
Jibs_PC#1667971570020408320 roll 2
DICE 3 2 3 2 1 4 3 
Jibs_PC#1667971570020408320 roll 3
Jibs_PC#1667971570020408320 roll 2
DICE 3 2 2 1 0 5 3 
Jibs_PC#1667971570020408320 roll 3
Jibs_PC#1667971570020408320 roll 2
DICE 3 2 2 1 0 5 4 
Jibs_PC#1667971570020408320 retreat
Jibs_PC#1667971570020408320 attack 21 22
Jibs_PC#1667971570020408320 roll 3
Jibs_PC#1667971570020408320 roll 1
DICE 3 1 5 5 1 4 
Jibs_PC#1667971570020408320 move 4
Jibs_PC#1667971570020408320 attack 22 24
Jibs_PC#1667971570020408320 roll 3
Jibs_PC#1667971570020408320 roll 1
DICE 3 1 5 3 1 1 
Jibs_PC#1667971570020408320 attack 24 26
Jibs_PC#1667971570020408320 roll 2
Jibs_PC#1667971570020408320 roll 1
DICE 2 1 5 5 1 
Jibs_PC#1667971570020408320 endattack
Jibs_PC#1667971570020408320 nomove
CARD wildcard
Jibs_PC#1667971570020408320 placearmies 10 3
Jibs_PC#1667971570020408320 attack 10 12
Jibs_PC#1667971570020408320 roll 3
Jibs_PC#1667971570020408320 roll 1
DICE 3 1 3 2 0 0 
Jibs_PC#1667971570020408320 endattack
Jibs_PC#1667971570020408320 movearmies 4 5 3
CARD 19
Jibs_PC#1667971570020408320 placearmies 37 6
Jibs_PC#1667971570020408320 attack 37 38
Jibs_PC#1667971570020408320 roll 3
Jibs_PC#1667971570020408320 roll 1
DICE 3 1 4 1 0 4 
Jibs_PC#1667971570020408320 roll 3
Jibs_PC#1667971570020408320 roll 1
DICE 3 1 5 5 2 2 
Jibs_PC#1667971570020408320 move 5
Jibs_PC#1667971570020408320 attack 38 36
Jibs_PC#1667971570020408320 roll 3
Jibs_PC#1667971570020408320 roll 1
DICE 3 1 3 1 1 3 
Jibs_PC#1667971570020408320 roll 3
Jibs_PC#1667971570020408320 roll 1
DICE 3 1 4 4 2 1 
Jibs_PC#1667971570020408320 attack 36 35
Jibs_PC#1667971570020408320 roll 2
Jibs_PC#1667971570020408320 roll 1
DICE 2 1 4 1 4 
Jibs_PC#1667971570020408320 retreat
Jibs_PC#1667971570020408320 endattack
Jibs_PC#1667971570020408320 movearmies 36 29 1
CARD 36
Jibs_PC#1667971570020408320 placearmies 9 3
Jibs_PC#1667971570020408320 attack 9 4
Jibs_PC#1667971570020408320 roll 3
Jibs_PC#1667971570020408320 roll 1
DICE 3 1 4 3 3 0 
Jibs_PC#1667971570020408320 move 4
Jibs_PC#1667971570020408320 attack 1 38
Jibs_PC#1667971570020408320 roll 3
Jibs_PC#1667971570020408320 roll 1
DICE 3 1 4 1 1 3 
Jibs_PC#1667971570020408320 move 5
Jibs_PC#1667971570020408320 attack 38 37
Jibs_PC#1667971570020408320 roll 3
Jibs_PC#1667971570020408320 roll 1
DICE 3 1 4 3 3 4 
Jibs_PC#1667971570020408320 roll 3
Jibs_PC#1667971570020408320 roll 1
DICE 3 1 5 2 0 2 
Jibs_PC#1667971570020408320 endattack
Jibs_PC#1667971570020408320 nomove
CARD 39
Jibs_PC#1667971570020408320 trade 23 6 40
Jibs_PC#1667971570020408320 placearmies 34 3
Jibs_PC#1667971570020408320 placearmies 34 4
Jibs_PC#1667971570020408320 placearmies 34 2
Jibs_PC#1667971570020408320 attack 34 38
Jibs_PC#1667971570020408320 roll 3
Jibs_PC#1667971570020408320 roll 1
DICE 3 1 4 4 3 2 
Jibs_PC#1667971570020408320 move 9
Jibs_PC#1667971570020408320 attack 38 36
Jibs_PC#1667971570020408320 roll 3
Jibs_PC#1667971570020408320 roll 1
DICE 3 1 5 5 1 4 
Jibs_PC#1667971570020408320 move 8
Jibs_PC#1667971570020408320 attack 36 37
Jibs_PC#1667971570020408320 roll 3
Jibs_PC#1667971570020408320 roll 2
DICE 3 2 2 0 0 4 2 
Jibs_PC#1667971570020408320 roll 3
Jibs_PC#1667971570020408320 roll 2
DICE 3 2 5 3 1 4 2 
Jibs_PC#1667971570020408320 retreat
Jibs_PC#1667971570020408320 attack 36 29
Jibs_PC#1667971570020408320 roll 3
Jibs_PC#1667971570020408320 roll 2
DICE 3 2 2 2 0 5 0 
Jibs_PC#1667971570020408320 roll 3
Jibs_PC#1667971570020408320 roll 1
DICE 3 1 4 3 3 2 
Jibs_PC#1667971570020408320 move 4
Jibs_PC#1667971570020408320 attack 29 30
Jibs_PC#1667971570020408320 roll 3
Jibs_PC#1667971570020408320 roll 2
DICE 3 2 5 4 0 4 3 
Jibs_PC#1667971570020408320 endattack
Jibs_PC#1667971570020408320 nomove
CARD 3
Jibs_PC#1667971570020408320 placearmies 20 3
Jibs_PC#1667971570020408320 attack 20 16
Jibs_PC#1667971570020408320 roll 3
Jibs_PC#1667971570020408320 roll 2
DICE 3 2 2 2 1 5 1 
Jibs_PC#1667971570020408320 roll 3
Jibs_PC#1667971570020408320 roll 1
DICE 3 1 5 4 4 3 
Jibs_PC#1667971570020408320 endattack
Jibs_PC#1667971570020408320 nomove
CARD 20
Jibs_PC#1667971570020408320 placearmies 5 1
Jibs_PC#1667971570020408320 placearmies 12 4
Jibs_PC#1667971570020408320 attack 12 21
Jibs_PC#1667971570020408320 roll 3
Jibs_PC#1667971570020408320 roll 1
DICE 3 1 3 2 0 0 
Jibs_PC#1667971570020408320 move 6
Jibs_PC#1667971570020408320 attack 21 19
Jibs_PC#1667971570020408320 roll 3
Jibs_PC#1667971570020408320 roll 1
DICE 3 1 2 2 1 4 
Jibs_PC#1667971570020408320 roll 3
Jibs_PC#1667971570020408320 roll 1
DICE 3 1 5 5 4 5 
Jibs_PC#1667971570020408320 roll 3
Jibs_PC#1667971570020408320 roll 1
DICE 3 1 2 1 0 5 
Jibs_PC#1667971570020408320 roll 2
Jibs_PC#1667971570020408320 roll 1
DICE 2 1 5 0 3 
Jibs_PC#1667971570020408320 endattack
Jibs_PC#1667971570020408320 movearmies 19 21 1
CARD 34
Jibs_PC#1667971570020408320 placearmies 33 1
Jibs_PC#1667971570020408320 placearmies 23 4
Jibs_PC#1667971570020408320 attack 23 21
Jibs_PC#1667971570020408320 roll 3
Jibs_PC#1667971570020408320 roll 2
DICE 3 2 1 0 0 3 0 
Jibs_PC#1667971570020408320 roll 3
Jibs_PC#1667971570020408320 roll 2
DICE 3 2 4 4 4 3 0 
Jibs_PC#1667971570020408320 move 5
Jibs_PC#1667971570020408320 attack 21 12
Jibs_PC#1667971570020408320 roll 3
Jibs_PC#1667971570020408320 roll 1
DICE 3 1 3 1 1 1 
Jibs_PC#1667971570020408320 move 4
Jibs_PC#1667971570020408320 endattack
Jibs_PC#1667971570020408320 movearmies 32 33 1
CARD 37
Jibs_PC#1667971570020408320 trade 33 35 39
Jibs_PC#1667971570020408320 placearmies 1 3
Jibs_PC#1667971570020408320 placearmies 4 6
Jibs_PC#1667971570020408320 placearmies 4 1
Jibs_PC#1667971570020408320 placearmies 4 1
Jibs_PC#1667971570020408320 placearmies 4 1
Jibs_PC#1667971570020408320 placearmies 1 1
Jibs_PC#1667971570020408320 attack 4 5
Jibs_PC#1667971570020408320 roll 3
Jibs_PC#1667971570020408320 roll 2
DICE 3 2 4 4 0 2 0 
Jibs_PC#1667971570020408320 roll 3
Jibs_PC#1667971570020408320 roll 2
DICE 3 2 5 3 1 4 0 
Jibs_PC#1667971570020408320 roll 3
Jibs_PC#1667971570020408320 roll 1
DICE 3 1 1 1 0 4 
Jibs_PC#1667971570020408320 roll 3
Jibs_PC#1667971570020408320 roll 1
DICE 3 1 5 4 1 5 
Jibs_PC#1667971570020408320 roll 3
Jibs_PC#1667971570020408320 roll 1
DICE 3 1 3 2 1 3 
Jibs_PC#1667971570020408320 roll 3
Jibs_PC#1667971570020408320 roll 1
DICE 3 1 3 0 0 1 
Jibs_PC#1667971570020408320 move 9
Jibs_PC#1667971570020408320 attack 5 10
Jibs_PC#1667971570020408320 roll 3
Jibs_PC#1667971570020408320 roll 1
DICE 3 1 4 2 1 5 
Jibs_PC#1667971570020408320 roll 3
Jibs_PC#1667971570020408320 roll 1
DICE 3 1 5 2 0 5 
Jibs_PC#1667971570020408320 roll 3
Jibs_PC#1667971570020408320 roll 1
DICE 3 1 1 0 0 2 
Jibs_PC#1667971570020408320 roll 3
Jibs_PC#1667971570020408320 roll 1
DICE 3 1 5 2 1 2 
Jibs_PC#1667971570020408320 move 5
Jibs_PC#1667971570020408320 attack 1 38
Jibs_PC#1667971570020408320 roll 3
Jibs_PC#1667971570020408320 roll 1
DICE 3 1 4 2 0 1 
Jibs_PC#1667971570020408320 move 4
Jibs_PC#1667971570020408320 attack 10 11
Jibs_PC#1667971570020408320 roll 3
Jibs_PC#1667971570020408320 roll 1
DICE 3 1 2 2 1 0 
Jibs_PC#1667971570020408320 move 3
Jibs_PC#1667971570020408320 endattack
Jibs_PC#1667971570020408320 movearmies 11 10 2
CARD 25
Jibs_PC#1667971570020408320 placearmies 30 1
Jibs_PC#1667971570020408320 placearmies 30 1
Jibs_PC#1667971570020408320 placearmies 36 1
Jibs_PC#1667971570020408320 attack 30 31
Jibs_PC#1667971570020408320 roll 3
Jibs_PC#1667971570020408320 roll 2
DICE 3 2 5 5 0 4 4 
Jibs_PC#1667971570020408320 move 4
Jibs_PC#1667971570020408320 attack 31 32
Jibs_PC#1667971570020408320 roll 3
Jibs_PC#1667971570020408320 roll 1
DICE 3 1 5 2 0 2 
Jibs_PC#1667971570020408320 endattack
Jibs_PC#1667971570020408320 nomove
CARD 26
Jibs_PC#1667971570020408320 placearmies 20 3
Jibs_PC#1667971570020408320 attack 14 6
Jibs_PC#1667971570020408320 roll 3
Jibs_PC#1667971570020408320 roll 1
DICE 3 1 5 4 0 0 
Jibs_PC#1667971570020408320 attack 20 21
Jibs_PC#1667971570020408320 roll 3
Jibs_PC#1667971570020408320 roll 1
DICE 3 1 2 1 1 1 
Jibs_PC#1667971570020408320 attack 21 23
Jibs_PC#1667971570020408320 roll 2
Jibs_PC#1667971570020408320 roll 1
DICE 2 1 5 4 2 
Jibs_PC#1667971570020408320 endattack
Jibs_PC#1667971570020408320 nomove
CARD 28
Jibs_PC#1667971570020408320 placearmies 13 3
Jibs_PC#1667971570020408320 attack 13 11
Jibs_PC#1667971570020408320 roll 3
Jibs_PC#1667971570020408320 roll 1
DICE 3 1 3 3 0 4 
Jibs_PC#1667971570020408320 roll 2
Jibs_PC#1667971570020408320 roll 1
DICE 2 1 3 0 3 
Jibs_PC#1667971570020408320 retreat
Jibs_PC#1667971570020408320 endattack
Jibs_PC#1667971570020408320 nomove
CARD 
Jibs_PC#1667971570020408320 placearmies 12 4
Jibs_PC#1667971570020408320 placearmies 33 1
Jibs_PC#1667971570020408320 attack 12 21
Jibs_PC#1667971570020408320 roll 3
Jibs_PC#1667971570020408320 roll 1
DICE 3 1 4 4 4 1 
Jibs_PC#1667971570020408320 move 7
Jibs_PC#1667971570020408320 attack 21 24
Jibs_PC#1667971570020408320 roll 3
Jibs_PC#1667971570020408320 roll 1
DICE 3 1 3 2 0 4 
Jibs_PC#1667971570020408320 roll 3
Jibs_PC#1667971570020408320 roll 1
DICE 3 1 4 0 0 2 
Jibs_PC#1667971570020408320 move 5
Jibs_PC#1667971570020408320 attack 24 22
Jibs_PC#1667971570020408320 roll 3
Jibs_PC#1667971570020408320 roll 1
DICE 3 1 5 4 3 5 
Jibs_PC#1667971570020408320 roll 3
Jibs_PC#1667971570020408320 roll 1
DICE 3 1 5 5 1 4 
Jibs_PC#1667971570020408320 endattack
Jibs_PC#1667971570020408320 movearmies 39 33 2
CARD 1
Jibs_PC#1667971570020408320 placearmies 10 4
Jibs_PC#1667971570020408320 attack 10 12
Jibs_PC#1667971570020408320 roll 3
Jibs_PC#1667971570020408320 roll 1
DICE 3 1 4 2 1 4 
Jibs_PC#1667971570020408320 roll 3
Jibs_PC#1667971570020408320 roll 1
DICE 3 1 3 3 2 1 
Jibs_PC#1667971570020408320 move 6
Jibs_PC#1667971570020408320 attack 12 21
Jibs_PC#1667971570020408320 roll 3
Jibs_PC#1667971570020408320 roll 1
DICE 3 1 3 2 0 3 
Jibs_PC#1667971570020408320 roll 3
Jibs_PC#1667971570020408320 roll 1
DICE 3 1 5 2 1 3 
Jibs_PC#1667971570020408320 move 4
Jibs_PC#1667971570020408320 endattack
Jibs_PC#1667971570020408320 nomove
CARD 4
Jibs_PC#1667971570020408320 trade 14 3 26
Jibs_PC#1667971570020408320 placearmies 36 2
Jibs_PC#1667971570020408320 placearmies 36 1
Jibs_PC#1667971570020408320 placearmies 31 4
Jibs_PC#1667971570020408320 attack 36 37
Jibs_PC#1667971570020408320 roll 3
Jibs_PC#1667971570020408320 roll 1
DICE 3 1 5 4 2 0 
Jibs_PC#1667971570020408320 move 4
Jibs_PC#1667971570020408320 endattack
Jibs_PC#1667971570020408320 nomove
CARD 27
Jibs_PC#1667971570020408320 trade wildcard 20 28
Jibs_PC#1667971570020408320 placearmies 20 1
Jibs_PC#1667971570020408320 placearmies 20 1
Jibs_PC#1667971570020408320 placearmies 20 7
Jibs_PC#1667971570020408320 attack 20 19
Jibs_PC#1667971570020408320 roll 3
Jibs_PC#1667971570020408320 roll 1
DICE 3 1 3 2 1 3 
Jibs_PC#1667971570020408320 roll 3
Jibs_PC#1667971570020408320 roll 1
DICE 3 1 3 0 0 1 
Jibs_PC#1667971570020408320 move 9
Jibs_PC#1667971570020408320 attack 19 21
Jibs_PC#1667971570020408320 roll 3
Jibs_PC#1667971570020408320 roll 2
DICE 3 2 3 2 1 3 1 
Jibs_PC#1667971570020408320 roll 3
Jibs_PC#1667971570020408320 roll 2
DICE 3 2 4 1 0 5 1 
Jibs_PC#1667971570020408320 roll 3
Jibs_PC#1667971570020408320 roll 2
DICE 3 2 4 3 2 2 0 
Jibs_PC#1667971570020408320 roll 3
Jibs_PC#1667971570020408320 roll 1
DICE 3 1 5 5 1 5 
Jibs_PC#1667971570020408320 roll 3
Jibs_PC#1667971570020408320 roll 1
DICE 3 1 5 3 0 0 
Jibs_PC#1667971570020408320 move 4
Jibs_PC#1667971570020408320 attack 21 24
Jibs_PC#1667971570020408320 roll 3
Jibs_PC#1667971570020408320 roll 1
DICE 3 1 4 2 2 2 
Jibs_PC#1667971570020408320 attack 24 25
Jibs_PC#1667971570020408320 roll 2
Jibs_PC#1667971570020408320 roll 1
DICE 2 1 2 1 3 
Jibs_PC#1667971570020408320 retreat
Jibs_PC#1667971570020408320 endattack
Jibs_PC#1667971570020408320 movearmies 23 21 1
CARD 2
Jibs_PC#1667971570020408320 placearmies 13 2
Jibs_PC#1667971570020408320 placearmies 13 1
Jibs_PC#1667971570020408320 attack 13 11
Jibs_PC#1667971570020408320 roll 3
Jibs_PC#1667971570020408320 roll 1
DICE 3 1 2 1 0 3 
Jibs_PC#1667971570020408320 roll 3
Jibs_PC#1667971570020408320 roll 1
DICE 3 1 3 2 0 5 
Jibs_PC#1667971570020408320 roll 2
Jibs_PC#1667971570020408320 roll 1
DICE 2 1 1 0 4 
Jibs_PC#1667971570020408320 retreat
Jibs_PC#1667971570020408320 endattack
Jibs_PC#1667971570020408320 nomove
CARD 
Jibs_PC#1667971570020408320 trade 21 37 1
Jibs_PC#1667971570020408320 placearmies 22 7
Jibs_PC#1667971570020408320 placearmies 22 2
Jibs_PC#1667971570020408320 attack 22 21
Jibs_PC#1667971570020408320 roll 3
Jibs_PC#1667971570020408320 roll 2
DICE 3 2 5 4 3 5 0 
Jibs_PC#1667971570020408320 roll 3
Jibs_PC#1667971570020408320 roll 1
DICE 3 1 4 2 1 5 
Jibs_PC#1667971570020408320 roll 3
Jibs_PC#1667971570020408320 roll 1
DICE 3 1 4 3 1 0 
Jibs_PC#1667971570020408320 move 9
Jibs_PC#1667971570020408320 attack 21 12
Jibs_PC#1667971570020408320 roll 3
Jibs_PC#1667971570020408320 roll 1
DICE 3 1 4 4 1 2 
Jibs_PC#1667971570020408320 move 8
Jibs_PC#1667971570020408320 attack 12 13
Jibs_PC#1667971570020408320 roll 3
Jibs_PC#1667971570020408320 roll 2
DICE 3 2 4 2 0 5 0 
Jibs_PC#1667971570020408320 roll 3
Jibs_PC#1667971570020408320 roll 1
DICE 3 1 4 4 0 4 
Jibs_PC#1667971570020408320 roll 3
Jibs_PC#1667971570020408320 roll 1
DICE 3 1 5 4 4 4 
Jibs_PC#1667971570020408320 move 5
Jibs_PC#1667971570020408320 attack 13 11
Jibs_PC#1667971570020408320 roll 3
Jibs_PC#1667971570020408320 roll 1
DICE 3 1 3 2 0 1 
Jibs_PC#1667971570020408320 move 4
Jibs_PC#1667971570020408320 attack 11 10
Jibs_PC#1667971570020408320 roll 3
Jibs_PC#1667971570020408320 roll 1
DICE 3 1 4 1 0 4 
Jibs_PC#1667971570020408320 roll 2
Jibs_PC#1667971570020408320 roll 1
DICE 2 1 2 0 2 
Jibs_PC#1667971570020408320 retreat
Jibs_PC#1667971570020408320 attack 33 29
Jibs_PC#1667971570020408320 roll 3
Jibs_PC#1667971570020408320 roll 1
DICE 3 1 3 1 0 1 
Jibs_PC#1667971570020408320 move 4
Jibs_PC#1667971570020408320 endattack
Jibs_PC#1667971570020408320 movearmies 29 33 3
CARD 15
Jibs_PC#1667971570020408320 placearmies 10 3
Jibs_PC#1667971570020408320 attack 10 11
Jibs_PC#1667971570020408320 roll 3
Jibs_PC#1667971570020408320 roll 2
DICE 3 2 4 1 1 2 1 
Jibs_PC#1667971570020408320 roll 2
Jibs_PC#1667971570020408320 roll 1
DICE 2 1 4 2 2 
Jibs_PC#1667971570020408320 endattack
Jibs_PC#1667971570020408320 nomove
CARD 8
Jibs_PC#1667971570020408320 placearmies 32 2
Jibs_PC#1667971570020408320 placearmies 31 1
Jibs_PC#1667971570020408320 attack 31 20
Jibs_PC#1667971570020408320 roll 3
Jibs_PC#1667971570020408320 roll 2
DICE 3 2 5 5 5 1 0 
Jibs_PC#1667971570020408320 move 5
Jibs_PC#1667971570020408320 attack 32 29
Jibs_PC#1667971570020408320 roll 3
Jibs_PC#1667971570020408320 roll 1
DICE 3 1 3 1 1 2 
Jibs_PC#1667971570020408320 move 4
Jibs_PC#1667971570020408320 attack 20 22
Jibs_PC#1667971570020408320 roll 3
Jibs_PC#1667971570020408320 roll 1
DICE 3 1 3 2 0 3 
Jibs_PC#1667971570020408320 roll 3
Jibs_PC#1667971570020408320 roll 1
DICE 3 1 3 1 0 1 
Jibs_PC#1667971570020408320 endattack
Jibs_PC#1667971570020408320 nomove
CARD 24
Jibs_PC#1667971570020408320 placearmies 16 1
Jibs_PC#1667971570020408320 placearmies 16 1
Jibs_PC#1667971570020408320 placearmies 6 1
Jibs_PC#1667971570020408320 attack 16 20
Jibs_PC#1667971570020408320 roll 3
Jibs_PC#1667971570020408320 roll 1
DICE 3 1 5 5 4 0 
Jibs_PC#1667971570020408320 move 3
Jibs_PC#1667971570020408320 attack 20 21
Jibs_PC#1667971570020408320 roll 2
Jibs_PC#1667971570020408320 roll 1
DICE 2 1 1 1 5 
Jibs_PC#1667971570020408320 retreat
Jibs_PC#1667971570020408320 endattack
Jibs_PC#1667971570020408320 nomove
CARD 9
Jibs_PC#1667971570020408320 trade 36 7 19
Jibs_PC#1667971570020408320 placearmies 25 15
Jibs_PC#1667971570020408320 attack 25 24
Jibs_PC#1667971570020408320 roll 3
Jibs_PC#1667971570020408320 roll 2
DICE 3 2 4 3 2 4 3 
Jibs_PC#1667971570020408320 roll 3
Jibs_PC#1667971570020408320 roll 2
DICE 3 2 3 0 0 5 3 
Jibs_PC#1667971570020408320 retreat
Jibs_PC#1667971570020408320 attack 25 26
Jibs_PC#1667971570020408320 roll 3
Jibs_PC#1667971570020408320 roll 2
DICE 3 2 5 3 3 4 3 
Jibs_PC#1667971570020408320 roll 3
Jibs_PC#1667971570020408320 roll 1
DICE 3 1 5 4 0 3 
Jibs_PC#1667971570020408320 move 10
Jibs_PC#1667971570020408320 attack 26 24
Jibs_PC#1667971570020408320 roll 3
Jibs_PC#1667971570020408320 roll 2
DICE 3 2 4 4 3 4 2 
Jibs_PC#1667971570020408320 roll 3
Jibs_PC#1667971570020408320 roll 1
DICE 3 1 4 2 1 2 
Jibs_PC#1667971570020408320 move 8
Jibs_PC#1667971570020408320 attack 24 23
Jibs_PC#1667971570020408320 roll 3
Jibs_PC#1667971570020408320 roll 1
DICE 3 1 4 4 1 3 
Jibs_PC#1667971570020408320 move 3
Jibs_PC#1667971570020408320 attack 24 22
Jibs_PC#1667971570020408320 roll 3
Jibs_PC#1667971570020408320 roll 2
DICE 3 2 4 2 0 4 4 
Jibs_PC#1667971570020408320 retreat
Jibs_PC#1667971570020408320 attack 33 32
Jibs_PC#1667971570020408320 roll 3
Jibs_PC#1667971570020408320 roll 1
DICE 3 1 3 2 1 0 
Jibs_PC#1667971570020408320 move 3
Jibs_PC#1667971570020408320 endattack
Jibs_PC#1667971570020408320 movearmies 32 33 2
CARD 29
Jibs_PC#1667971570020408320 placearmies 11 3
Jibs_PC#1667971570020408320 attack 11 12
Jibs_PC#1667971570020408320 roll 3
Jibs_PC#1667971570020408320 roll 1
DICE 3 1 2 2 1 3 
Jibs_PC#1667971570020408320 roll 3
Jibs_PC#1667971570020408320 roll 1
DICE 3 1 5 4 0 0 
Jibs_PC#1667971570020408320 attack 12 13
Jibs_PC#1667971570020408320 roll 2
Jibs_PC#1667971570020408320 roll 1
DICE 2 1 5 4 5 
Jibs_PC#1667971570020408320 retreat
Jibs_PC#1667971570020408320 endattack
Jibs_PC#1667971570020408320 nomove
CARD 41
Jibs_PC#1667971570020408320 placearmies 29 1
Jibs_PC#1667971570020408320 placearmies 22 2
Jibs_PC#1667971570020408320 attack 22 20
Jibs_PC#1667971570020408320 roll 3
Jibs_PC#1667971570020408320 roll 2
DICE 3 2 5 5 1 4 2 
Jibs_PC#1667971570020408320 move 4
Jibs_PC#1667971570020408320 attack 29 32
Jibs_PC#1667971570020408320 roll 3
Jibs_PC#1667971570020408320 roll 1
DICE 3 1 5 5 4 1 
Jibs_PC#1667971570020408320 move 4
Jibs_PC#1667971570020408320 endattack
Jibs_PC#1667971570020408320 nomove
CARD 14
Jibs_PC#1667971570020408320 placearmies 6 3
Jibs_PC#1667971570020408320 attack 6 2
Jibs_PC#1667971570020408320 roll 3
Jibs_PC#1667971570020408320 roll 1
DICE 3 1 2 1 0 2 
Jibs_PC#1667971570020408320 roll 3
Jibs_PC#1667971570020408320 roll 1
DICE 3 1 2 2 0 2 
Jibs_PC#1667971570020408320 roll 3
Jibs_PC#1667971570020408320 roll 1
DICE 3 1 5 2 1 4 
Jibs_PC#1667971570020408320 move 4
Jibs_PC#1667971570020408320 endattack
Jibs_PC#1667971570020408320 nomove
CARD 30
Jibs_PC#1667971570020408320 placearmies 24 2
Jibs_PC#1667971570020408320 placearmies 13 3
Jibs_PC#1667971570020408320 attack 24 22
Jibs_PC#1667971570020408320 roll 3
Jibs_PC#1667971570020408320 roll 1
DICE 3 1 5 5 4 0 
Jibs_PC#1667971570020408320 move 4
Jibs_PC#1667971570020408320 endattack
Jibs_PC#1667971570020408320 movearmies 23 21 2
CARD 18
Jibs_PC#1667971570020408320 trade 25 8 41
Jibs_PC#1667971570020408320 placearmies 8 9
Jibs_PC#1667971570020408320 placearmies 12 2
Jibs_PC#1667971570020408320 attack 8 6
Jibs_PC#1667971570020408320 roll 3
Jibs_PC#1667971570020408320 roll 1
DICE 3 1 5 3 0 0 
Jibs_PC#1667971570020408320 move 11
Jibs_PC#1667971570020408320 attack 6 2
Jibs_PC#1667971570020408320 roll 3
Jibs_PC#1667971570020408320 roll 2
DICE 3 2 5 3 3 3 0 
Jibs_PC#1667971570020408320 roll 3
Jibs_PC#1667971570020408320 roll 2
DICE 3 2 5 4 0 4 0 
Jibs_PC#1667971570020408320 move 3
Jibs_PC#1667971570020408320 attack 6 14
Jibs_PC#1667971570020408320 roll 3
Jibs_PC#1667971570020408320 roll 1
DICE 3 1 2 2 2 5 
Jibs_PC#1667971570020408320 roll 3
Jibs_PC#1667971570020408320 roll 1
DICE 3 1 4 3 0 4 
Jibs_PC#1667971570020408320 roll 3
Jibs_PC#1667971570020408320 roll 1
DICE 3 1 2 2 2 5 
Jibs_PC#1667971570020408320 roll 3
Jibs_PC#1667971570020408320 roll 1
DICE 3 1 4 4 1 3 
Jibs_PC#1667971570020408320 move 4
Jibs_PC#1667971570020408320 endattack
Jibs_PC#1667971570020408320 movearmies 38 1 3
CARD 21
Jibs_PC#1667971570020408320 placearmies 37 1
Jibs_PC#1667971570020408320 placearmies 20 1
Jibs_PC#1667971570020408320 placearmies 37 1
Jibs_PC#1667971570020408320 attack 20 21
Jibs_PC#1667971570020408320 roll 3
Jibs_PC#1667971570020408320 roll 2
DICE 3 2 5 5 3 3 3 
Jibs_PC#1667971570020408320 roll 3
Jibs_PC#1667971570020408320 roll 1
DICE 3 1 4 4 0 3 
Jibs_PC#1667971570020408320 move 4
Jibs_PC#1667971570020408320 attack 37 38
Jibs_PC#1667971570020408320 roll 3
Jibs_PC#1667971570020408320 roll 1
DICE 3 1 5 4 1 2 
Jibs_PC#1667971570020408320 move 5
Jibs_PC#1667971570020408320 attack 38 1
Jibs_PC#1667971570020408320 roll 3
Jibs_PC#1667971570020408320 roll 2
DICE 3 2 5 5 3 3 1 
Jibs_PC#1667971570020408320 roll 3
Jibs_PC#1667971570020408320 roll 2
DICE 3 2 4 1 1 2 1 
Jibs_PC#1667971570020408320 roll 3
Jibs_PC#1667971570020408320 roll 1
DICE 3 1 2 1 1 4 
Jibs_PC#1667971570020408320 roll 2
Jibs_PC#1667971570020408320 roll 1
DICE 2 1 1 0 1 
Jibs_PC#1667971570020408320 retreat
Jibs_PC#1667971570020408320 endattack
Jibs_PC#1667971570020408320 nomove
CARD 37
Jibs_PC#1667971570020408320 placearmies 16 2
Jibs_PC#1667971570020408320 placearmies 16 1
Jibs_PC#1667971570020408320 attack 16 20
Jibs_PC#1667971570020408320 roll 3
Jibs_PC#1667971570020408320 roll 1
DICE 3 1 0 0 0 4 
Jibs_PC#1667971570020408320 roll 3
Jibs_PC#1667971570020408320 roll 1
DICE 3 1 5 5 3 5 
Jibs_PC#1667971570020408320 roll 2
Jibs_PC#1667971570020408320 roll 1
DICE 2 1 1 0 4 
Jibs_PC#1667971570020408320 retreat
Jibs_PC#1667971570020408320 endattack
Jibs_PC#1667971570020408320 nomove
CARD 
Jibs_PC#1667971570020408320 trade 34 29 18
Jibs_PC#1667971570020408320 placearmies 22 5
Jibs_PC#1667971570020408320 placearmies 13 6
Jibs_PC#1667971570020408320 attack 13 11
Jibs_PC#1667971570020408320 roll 3
Jibs_PC#1667971570020408320 roll 1
DICE 3 1 5 4 3 3 
Jibs_PC#1667971570020408320 move 9
Jibs_PC#1667971570020408320 attack 11 10
Jibs_PC#1667971570020408320 roll 3
Jibs_PC#1667971570020408320 roll 1
DICE 3 1 5 4 1 2 
Jibs_PC#1667971570020408320 move 8
Jibs_PC#1667971570020408320 attack 10 5
Jibs_PC#1667971570020408320 roll 3
Jibs_PC#1667971570020408320 roll 1
DICE 3 1 5 5 3 2 
Jibs_PC#1667971570020408320 move 7
Jibs_PC#1667971570020408320 attack 22 21
Jibs_PC#1667971570020408320 roll 3
Jibs_PC#1667971570020408320 roll 2
DICE 3 2 3 0 0 4 2 
Jibs_PC#1667971570020408320 roll 3
Jibs_PC#1667971570020408320 roll 2
DICE 3 2 5 2 0 4 3 
Jibs_PC#1667971570020408320 roll 3
Jibs_PC#1667971570020408320 roll 2
DICE 3 2 3 3 0 1 0 
Jibs_PC#1667971570020408320 roll 3
Jibs_PC#1667971570020408320 roll 1
DICE 3 1 4 4 4 3 
Jibs_PC#1667971570020408320 move 4
Jibs_PC#1667971570020408320 attack 5 9
Jibs_PC#1667971570020408320 roll 3
Jibs_PC#1667971570020408320 roll 1
DICE 3 1 4 1 1 1 
Jibs_PC#1667971570020408320 move 6
Jibs_PC#1667971570020408320 attack 9 8
Jibs_PC#1667971570020408320 roll 3
Jibs_PC#1667971570020408320 roll 1
DICE 3 1 3 1 1 3 
Jibs_PC#1667971570020408320 roll 3
Jibs_PC#1667971570020408320 roll 1
DICE 3 1 5 4 4 1 
Jibs_PC#1667971570020408320 move 4
Jibs_PC#1667971570020408320 endattack
Jibs_PC#1667971570020408320 movearmies 41 39 1
CARD 7
Jibs_PC#1667971570020408320 placearmies 12 3
Jibs_PC#1667971570020408320 attack 12 21
Jibs_PC#1667971570020408320 roll 3
Jibs_PC#1667971570020408320 roll 2
DICE 3 2 1 0 0 5 4 
Jibs_PC#1667971570020408320 roll 3
Jibs_PC#1667971570020408320 roll 2
DICE 3 2 3 1 0 4 0 
Jibs_PC#1667971570020408320 retreat
Jibs_PC#1667971570020408320 attack 12 10
Jibs_PC#1667971570020408320 roll 3
Jibs_PC#1667971570020408320 roll 1
DICE 3 1 5 4 0 5 
Jibs_PC#1667971570020408320 roll 2
Jibs_PC#1667971570020408320 roll 1
DICE 2 1 3 1 3 
Jibs_PC#1667971570020408320 retreat
Jibs_PC#1667971570020408320 attack 14 15
Jibs_PC#1667971570020408320 roll 3
Jibs_PC#1667971570020408320 roll 1
DICE 3 1 5 1 0 2 
Jibs_PC#1667971570020408320 endattack
Jibs_PC#1667971570020408320 movearmies 2 7 2
CARD 22
Jibs_PC#1667971570020408320 placearmies 31 4
Jibs_PC#1667971570020408320 attack 31 22
Jibs_PC#1667971570020408320 roll 3
Jibs_PC#1667971570020408320 roll 2
DICE 3 2 5 3 1 4 4 
Jibs_PC#1667971570020408320 roll 3
Jibs_PC#1667971570020408320 roll 1
DICE 3 1 5 5 2 5 
Jibs_PC#1667971570020408320 roll 2
Jibs_PC#1667971570020408320 roll 1
DICE 2 1 4 1 5 
Jibs_PC#1667971570020408320 retreat
Jibs_PC#1667971570020408320 attack 32 33
Jibs_PC#1667971570020408320 roll 3
Jibs_PC#1667971570020408320 roll 2
DICE 3 2 4 3 1 5 1 
Jibs_PC#1667971570020408320 retreat
Jibs_PC#1667971570020408320 attack 32 33
Jibs_PC#1667971570020408320 roll 2
Jibs_PC#1667971570020408320 roll 2
DICE 2 2 3 1 3 0 
Jibs_PC#1667971570020408320 retreat
Jibs_PC#1667971570020408320 endattack
Jibs_PC#1667971570020408320 nomove
CARD 
Jibs_PC#1667971570020408320 placearmies 16 2
Jibs_PC#1667971570020408320 placearmies 16 1
Jibs_PC#1667971570020408320 attack 16 15
Jibs_PC#1667971570020408320 roll 3
Jibs_PC#1667971570020408320 roll 2
DICE 3 2 5 5 3 1 1 
Jibs_PC#1667971570020408320 roll 3
Jibs_PC#1667971570020408320 roll 1
DICE 3 1 5 5 4 4 
Jibs_PC#1667971570020408320 move 4
Jibs_PC#1667971570020408320 attack 15 14
Jibs_PC#1667971570020408320 roll 3
Jibs_PC#1667971570020408320 roll 1
DICE 3 1 2 2 2 1 
Jibs_PC#1667971570020408320 endattack
Jibs_PC#1667971570020408320 nomove
CARD 6
Jibs_PC#1667971570020408320 placearmies 21 3
Jibs_PC#1667971570020408320 placearmies 22 1
Jibs_PC#1667971570020408320 placearmies 8 6
Jibs_PC#1667971570020408320 attack 21 12
Jibs_PC#1667971570020408320 roll 3
Jibs_PC#1667971570020408320 roll 2
DICE 3 2 5 4 2 1 0 
Jibs_PC#1667971570020408320 move 3
Jibs_PC#1667971570020408320 attack 8 6
Jibs_PC#1667971570020408320 roll 3
Jibs_PC#1667971570020408320 roll 1
DICE 3 1 5 2 2 2 
Jibs_PC#1667971570020408320 move 9
Jibs_PC#1667971570020408320 attack 6 2
Jibs_PC#1667971570020408320 roll 3
Jibs_PC#1667971570020408320 roll 1
DICE 3 1 3 1 0 5 
Jibs_PC#1667971570020408320 roll 3
Jibs_PC#1667971570020408320 roll 1
DICE 3 1 5 5 5 0 
Jibs_PC#1667971570020408320 move 7
Jibs_PC#1667971570020408320 attack 2 3
Jibs_PC#1667971570020408320 roll 3
Jibs_PC#1667971570020408320 roll 1
DICE 3 1 5 4 3 5 
Jibs_PC#1667971570020408320 roll 3
Jibs_PC#1667971570020408320 roll 1
DICE 3 1 4 3 1 0 
Jibs_PC#1667971570020408320 move 5
Jibs_PC#1667971570020408320 attack 3 4
Jibs_PC#1667971570020408320 roll 3
Jibs_PC#1667971570020408320 roll 1
DICE 3 1 1 1 1 2 
Jibs_PC#1667971570020408320 roll 3
Jibs_PC#1667971570020408320 roll 1
DICE 3 1 2 1 0 0 
Jibs_PC#1667971570020408320 endattack
Jibs_PC#1667971570020408320 movearmies 39 33 1
CARD 10
Jibs_PC#1667971570020408320 trade 4 21 22
Jibs_PC#1667971570020408320 placearmies 7 1
Jibs_PC#1667971570020408320 placearmies 7 6
Jibs_PC#1667971570020408320 attack 7 9
Jibs_PC#1667971570020408320 roll 3
Jibs_PC#1667971570020408320 roll 1
DICE 3 1 5 2 1 3 
Jibs_PC#1667971570020408320 move 9
Jibs_PC#1667971570020408320 attack 9 5
Jibs_PC#1667971570020408320 roll 3
Jibs_PC#1667971570020408320 roll 1
DICE 3 1 3 3 1 0 
Jibs_PC#1667971570020408320 move 8
Jibs_PC#1667971570020408320 attack 5 10
Jibs_PC#1667971570020408320 roll 3
Jibs_PC#1667971570020408320 roll 1
DICE 3 1 4 2 1 0 
Jibs_PC#1667971570020408320 move 7
Jibs_PC#1667971570020408320 attack 10 12
Jibs_PC#1667971570020408320 roll 3
Jibs_PC#1667971570020408320 roll 2
DICE 3 2 5 4 0 5 4 
Jibs_PC#1667971570020408320 roll 3
Jibs_PC#1667971570020408320 roll 2
DICE 3 2 4 1 0 5 1 
Jibs_PC#1667971570020408320 retreat
Jibs_PC#1667971570020408320 attack 10 11
Jibs_PC#1667971570020408320 roll 2
Jibs_PC#1667971570020408320 roll 1
DICE 2 1 0 0 5 
Jibs_PC#1667971570020408320 retreat
Jibs_PC#1667971570020408320 endattack
Jibs_PC#1667971570020408320 nomove
CARD 19
Jibs_PC#1667971570020408320 placearmies 28 2
Jibs_PC#1667971570020408320 placearmies 28 1
Jibs_PC#1667971570020408320 placearmies 32 1
Jibs_PC#1667971570020408320 attack 28 16
Jibs_PC#1667971570020408320 roll 3
Jibs_PC#1667971570020408320 roll 1
DICE 3 1 2 2 0 4 
Jibs_PC#1667971570020408320 roll 3
Jibs_PC#1667971570020408320 roll 1
DICE 3 1 3 2 1 3 
Jibs_PC#1667971570020408320 roll 2
Jibs_PC#1667971570020408320 roll 1
DICE 2 1 4 3 1 
Jibs_PC#1667971570020408320 endattack
Jibs_PC#1667971570020408320 nomove
CARD 23
Jibs_PC#1667971570020408320 trade 2 30 6
Jibs_PC#1667971570020408320 placearmies 14 1
Jibs_PC#1667971570020408320 placearmies 19 7
Jibs_PC#1667971570020408320 placearmies 19 1
Jibs_PC#1667971570020408320 placearmies 19 4
Jibs_PC#1667971570020408320 attack 19 21
Jibs_PC#1667971570020408320 roll 3
Jibs_PC#1667971570020408320 roll 2
DICE 3 2 4 2 1 3 1 
Jibs_PC#1667971570020408320 roll 3
Jibs_PC#1667971570020408320 roll 1
DICE 3 1 4 3 1 4 
Jibs_PC#1667971570020408320 roll 3
Jibs_PC#1667971570020408320 roll 1
DICE 3 1 3 3 0 3 
Jibs_PC#1667971570020408320 roll 3
Jibs_PC#1667971570020408320 roll 1
DICE 3 1 5 3 1 0 
Jibs_PC#1667971570020408320 move 10
Jibs_PC#1667971570020408320 attack 21 12
Jibs_PC#1667971570020408320 roll 3
Jibs_PC#1667971570020408320 roll 2
DICE 3 2 5 2 0 4 3 
Jibs_PC#1667971570020408320 roll 3
Jibs_PC#1667971570020408320 roll 2
DICE 3 2 3 2 2 3 2 
Jibs_PC#1667971570020408320 roll 3
Jibs_PC#1667971570020408320 roll 2
DICE 3 2 2 2 0 3 2 
Jibs_PC#1667971570020408320 roll 3
Jibs_PC#1667971570020408320 roll 2
DICE 3 2 5 1 1 3 2 
Jibs_PC#1667971570020408320 roll 3
Jibs_PC#1667971570020408320 roll 1
DICE 3 1 5 4 1 2 
Jibs_PC#1667971570020408320 endattack
Jibs_PC#1667971570020408320 nomove
CARD 20
Jibs_PC#1667971570020408320 placearmies 22 3
Jibs_PC#1667971570020408320 placearmies 4 4
Jibs_PC#1667971570020408320 attack 22 21
Jibs_PC#1667971570020408320 roll 3
Jibs_PC#1667971570020408320 roll 1
DICE 3 1 3 3 2 3 
Jibs_PC#1667971570020408320 roll 3
Jibs_PC#1667971570020408320 roll 1
DICE 3 1 4 3 1 1 
Jibs_PC#1667971570020408320 attack 4 9
Jibs_PC#1667971570020408320 roll 3
Jibs_PC#1667971570020408320 roll 1
DICE 3 1 4 2 1 3 
Jibs_PC#1667971570020408320 move 6
Jibs_PC#1667971570020408320 attack 9 7
Jibs_PC#1667971570020408320 roll 3
Jibs_PC#1667971570020408320 roll 1
DICE 3 1 4 3 0 1 
Jibs_PC#1667971570020408320 move 3
Jibs_PC#1667971570020408320 attack 9 5
Jibs_PC#1667971570020408320 roll 2
Jibs_PC#1667971570020408320 roll 1
DICE 2 1 4 1 2 
Jibs_PC#1667971570020408320 endattack
Jibs_PC#1667971570020408320 movearmies 7 6 2
CARD 13
Jibs_PC#1667971570020408320 placearmies 10 2
Jibs_PC#1667971570020408320 placearmies 10 1
Jibs_PC#1667971570020408320 attack 10 12
Jibs_PC#1667971570020408320 roll 3
Jibs_PC#1667971570020408320 roll 2
DICE 3 2 5 0 0 3 1 
Jibs_PC#1667971570020408320 roll 3
Jibs_PC#1667971570020408320 roll 2
DICE 3 2 5 3 2 3 0 
Jibs_PC#1667971570020408320 endattack
Jibs_PC#1667971570020408320 nomove
CARD 31
Jibs_PC#1667971570020408320 trade 27 14 23
Jibs_PC#1667971570020408320 placearmies 32 9
Jibs_PC#1667971570020408320 placearmies 31 3
Jibs_PC#1667971570020408320 placearmies 31 2
Jibs_PC#1667971570020408320 attack 32 33
Jibs_PC#1667971570020408320 roll 3
Jibs_PC#1667971570020408320 roll 2
DICE 3 2 5 4 0 5 4 
Jibs_PC#1667971570020408320 roll 3
Jibs_PC#1667971570020408320 roll 2
DICE 3 2 0 0 0 4 3 
Jibs_PC#1667971570020408320 retreat
Jibs_PC#1667971570020408320 attack 31 22
Jibs_PC#1667971570020408320 roll 3
Jibs_PC#1667971570020408320 roll 1
DICE 3 1 5 1 0 2 
Jibs_PC#1667971570020408320 move 6
Jibs_PC#1667971570020408320 attack 32 33
Jibs_PC#1667971570020408320 roll 3
Jibs_PC#1667971570020408320 roll 2
DICE 3 2 5 0 0 2 1 
Jibs_PC#1667971570020408320 roll 3
Jibs_PC#1667971570020408320 roll 2
DICE 3 2 5 4 1 1 0 
Jibs_PC#1667971570020408320 move 6
Jibs_PC#1667971570020408320 attack 33 39
Jibs_PC#1667971570020408320 roll 3
Jibs_PC#1667971570020408320 roll 1
DICE 3 1 5 3 3 3 
Jibs_PC#1667971570020408320 move 5
Jibs_PC#1667971570020408320 attack 22 24
Jibs_PC#1667971570020408320 roll 3
Jibs_PC#1667971570020408320 roll 1
DICE 3 1 4 4 0 4 
Jibs_PC#1667971570020408320 roll 3
Jibs_PC#1667971570020408320 roll 1
DICE 3 1 3 3 0 2 
Jibs_PC#1667971570020408320 move 3
Jibs_PC#1667971570020408320 attack 39 41
Jibs_PC#1667971570020408320 roll 3
Jibs_PC#1667971570020408320 roll 2
DICE 3 2 4 3 0 2 2 
Jibs_PC#1667971570020408320 move 3
Jibs_PC#1667971570020408320 attack 41 42
Jibs_PC#1667971570020408320 roll 2
Jibs_PC#1667971570020408320 roll 1
DICE 2 1 3 1 4 
Jibs_PC#1667971570020408320 retreat
Jibs_PC#1667971570020408320 endattack
Jibs_PC#1667971570020408320 movearmies 24 22 2
CARD 28
Jibs_PC#1667971570020408320 placearmies 18 3
Jibs_PC#1667971570020408320 attack 18 16
Jibs_PC#1667971570020408320 roll 3
Jibs_PC#1667971570020408320 roll 2
DICE 3 2 5 4 1 3 0 
Jibs_PC#1667971570020408320 attack 16 31
Jibs_PC#1667971570020408320 roll 2
Jibs_PC#1667971570020408320 roll 1
DICE 2 1 3 2 5 
Jibs_PC#1667971570020408320 retreat
Jibs_PC#1667971570020408320 endattack
Jibs_PC#1667971570020408320 nomove
CARD 33
Jibs_PC#1667971570020408320 trade 15 7 13
Jibs_PC#1667971570020408320 placearmies 5 9
Jibs_PC#1667971570020408320 placearmies 21 2
Jibs_PC#1667971570020408320 placearmies 21 3
Jibs_PC#1667971570020408320 placearmies 21 1
Jibs_PC#1667971570020408320 attack 21 20
Jibs_PC#1667971570020408320 roll 3
Jibs_PC#1667971570020408320 roll 1
DICE 3 1 3 0 0 0 
Jibs_PC#1667971570020408320 move 8
Jibs_PC#1667971570020408320 attack 20 31
Jibs_PC#1667971570020408320 roll 3
Jibs_PC#1667971570020408320 roll 1
DICE 3 1 5 2 0 1 
Jibs_PC#1667971570020408320 move 7
Jibs_PC#1667971570020408320 attack 31 22
Jibs_PC#1667971570020408320 roll 3
Jibs_PC#1667971570020408320 roll 2
DICE 3 2 4 1 1 5 1 
Jibs_PC#1667971570020408320 roll 3
Jibs_PC#1667971570020408320 roll 2
DICE 3 2 3 2 1 3 3 
Jibs_PC#1667971570020408320 retreat
Jibs_PC#1667971570020408320 attack 5 10
Jibs_PC#1667971570020408320 roll 3
Jibs_PC#1667971570020408320 roll 1
DICE 3 1 4 4 3 1 
Jibs_PC#1667971570020408320 move 10
Jibs_PC#1667971570020408320 attack 10 12
Jibs_PC#1667971570020408320 roll 3
Jibs_PC#1667971570020408320 roll 2
DICE 3 2 3 2 0 3 3 
Jibs_PC#1667971570020408320 roll 3
Jibs_PC#1667971570020408320 roll 2
DICE 3 2 3 2 2 5 3 
Jibs_PC#1667971570020408320 roll 3
Jibs_PC#1667971570020408320 roll 2
DICE 3 2 5 5 5 3 3 
Jibs_PC#1667971570020408320 roll 3
Jibs_PC#1667971570020408320 roll 1
DICE 3 1 4 4 2 3 
Jibs_PC#1667971570020408320 move 3
Jibs_PC#1667971570020408320 endattack
Jibs_PC#1667971570020408320 movearmies 12 21 2
CARD 11
Jibs_PC#1667971570020408320 placearmies 1 3
Jibs_PC#1667971570020408320 attack 1 2
Jibs_PC#1667971570020408320 roll 3
Jibs_PC#1667971570020408320 roll 1
DICE 3 1 4 4 0 5 
Jibs_PC#1667971570020408320 roll 2
Jibs_PC#1667971570020408320 roll 1
DICE 2 1 4 0 0 
Jibs_PC#1667971570020408320 endattack
Jibs_PC#1667971570020408320 nomove
CARD 16
Jibs_PC#1667971570020408320 trade 24 37 28
Jibs_PC#1667971570020408320 placearmies 38 7
Jibs_PC#1667971570020408320 placearmies 41 8
Jibs_PC#1667971570020408320 attack 38 1
Jibs_PC#1667971570020408320 roll 3
Jibs_PC#1667971570020408320 roll 1
DICE 3 1 5 4 4 5 
Jibs_PC#1667971570020408320 roll 3
Jibs_PC#1667971570020408320 roll 1
DICE 3 1 4 3 0 5 
Jibs_PC#1667971570020408320 roll 3
Jibs_PC#1667971570020408320 roll 1
DICE 3 1 4 2 1 4 
Jibs_PC#1667971570020408320 roll 3
Jibs_PC#1667971570020408320 roll 1
DICE 3 1 5 3 2 0 
Jibs_PC#1667971570020408320 move 5
Jibs_PC#1667971570020408320 attack 1 2
Jibs_PC#1667971570020408320 roll 3
Jibs_PC#1667971570020408320 roll 2
DICE 3 2 3 2 0 2 1 
Jibs_PC#1667971570020408320 move 4
Jibs_PC#1667971570020408320 attack 41 42
Jibs_PC#1667971570020408320 roll 3
Jibs_PC#1667971570020408320 roll 1
DICE 3 1 2 1 1 0 
Jibs_PC#1667971570020408320 move 8
Jibs_PC#1667971570020408320 attack 42 40
Jibs_PC#1667971570020408320 roll 3
Jibs_PC#1667971570020408320 roll 2
DICE 3 2 5 3 2 3 1 
Jibs_PC#1667971570020408320 roll 3
Jibs_PC#1667971570020408320 roll 1
DICE 3 1 2 2 0 5 
Jibs_PC#1667971570020408320 roll 3
Jibs_PC#1667971570020408320 roll 1
DICE 3 1 5 3 1 1 
Jibs_PC#1667971570020408320 move 3
Jibs_PC#1667971570020408320 attack 24 26
Jibs_PC#1667971570020408320 roll 2
Jibs_PC#1667971570020408320 roll 1
DICE 2 1 5 2 0 
Jibs_PC#1667971570020408320 endattack
Jibs_PC#1667971570020408320 movearmies 2 1 3
CARD 5
Jibs_PC#1667971570020408320 placearmies 16 2
Jibs_PC#1667971570020408320 placearmies 16 1
Jibs_PC#1667971570020408320 attack 16 20
Jibs_PC#1667971570020408320 roll 3
Jibs_PC#1667971570020408320 roll 1
DICE 3 1 3 2 2 4 
Jibs_PC#1667971570020408320 roll 3
Jibs_PC#1667971570020408320 roll 1
DICE 3 1 5 4 1 3 
Jibs_PC#1667971570020408320 endattack
Jibs_PC#1667971570020408320 nomove
CARD 40
Jibs_PC#1667971570020408320 placearmies 6 2
Jibs_PC#1667971570020408320 placearmies 3 1
Jibs_PC#1667971570020408320 placearmies 3 2
Jibs_PC#1667971570020408320 placearmies 21 1
Jibs_PC#1667971570020408320 placearmies 21 1
Jibs_PC#1667971570020408320 attack 31 16
Jibs_PC#1667971570020408320 roll 2
Jibs_PC#1667971570020408320 roll 1
DICE 2 1 2 1 0 
Jibs_PC#1667971570020408320 attack 6 2
Jibs_PC#1667971570020408320 roll 3
Jibs_PC#1667971570020408320 roll 1
DICE 3 1 3 3 1 3 
Jibs_PC#1667971570020408320 roll 3
Jibs_PC#1667971570020408320 roll 1
DICE 3 1 3 2 1 5 
Jibs_PC#1667971570020408320 roll 2
Jibs_PC#1667971570020408320 roll 1
DICE 2 1 5 2 0 
Jibs_PC#1667971570020408320 attack 21 24
Jibs_PC#1667971570020408320 roll 3
Jibs_PC#1667971570020408320 roll 1
DICE 3 1 5 5 4 0 
Jibs_PC#1667971570020408320 move 3
Jibs_PC#1667971570020408320 endattack
Jibs_PC#1667971570020408320 movearmies 24 21 2
CARD 39
Jibs_PC#1667971570020408320 trade 19 31 5
Jibs_PC#1667971570020408320 placearmies 22 1
Jibs_PC#1667971570020408320 placearmies 28 1
Jibs_PC#1667971570020408320 placearmies 30 1
Jibs_PC#1667971570020408320 placearmies 32 1
Jibs_PC#1667971570020408320 placearmies 22 8
Jibs_PC#1667971570020408320 placearmies 22 6
Jibs_PC#1667971570020408320 attack 22 21
Jibs_PC#1667971570020408320 roll 3
Jibs_PC#1667971570020408320 roll 2
DICE 3 2 5 3 2 4 3 
Jibs_PC#1667971570020408320 roll 3
Jibs_PC#1667971570020408320 roll 2
DICE 3 2 4 3 2 5 4 
Jibs_PC#1667971570020408320 roll 3
Jibs_PC#1667971570020408320 roll 2
DICE 3 2 5 3 2 0 0 
Jibs_PC#1667971570020408320 roll 3
Jibs_PC#1667971570020408320 roll 1
DICE 3 1 4 0 0 5 
Jibs_PC#1667971570020408320 roll 3
Jibs_PC#1667971570020408320 roll 1
DICE 3 1 4 1 0 1 
Jibs_PC#1667971570020408320 move 14
Jibs_PC#1667971570020408320 attack 21 12
Jibs_PC#1667971570020408320 roll 3
Jibs_PC#1667971570020408320 roll 1
DICE 3 1 5 4 4 2 
Jibs_PC#1667971570020408320 move 13
Jibs_PC#1667971570020408320 attack 12 13
Jibs_PC#1667971570020408320 roll 3
Jibs_PC#1667971570020408320 roll 1
DICE 3 1 5 4 0 4 
Jibs_PC#1667971570020408320 move 12
Jibs_PC#1667971570020408320 attack 13 11
Jibs_PC#1667971570020408320 roll 3
Jibs_PC#1667971570020408320 roll 1
DICE 3 1 5 5 2 0 
Jibs_PC#1667971570020408320 move 11
Jibs_PC#1667971570020408320 attack 11 10
Jibs_PC#1667971570020408320 roll 3
Jibs_PC#1667971570020408320 roll 2
DICE 3 2 3 1 0 5 4 
Jibs_PC#1667971570020408320 roll 3
Jibs_PC#1667971570020408320 roll 2
DICE 3 2 4 0 0 3 0 
Jibs_PC#1667971570020408320 roll 3
Jibs_PC#1667971570020408320 roll 2
DICE 3 2 4 3 0 2 2 
Jibs_PC#1667971570020408320 move 7
Jibs_PC#1667971570020408320 attack 10 5
Jibs_PC#1667971570020408320 roll 3
Jibs_PC#1667971570020408320 roll 1
DICE 3 1 5 4 1 2 
Jibs_PC#1667971570020408320 move 6
Jibs_PC#1667971570020408320 attack 5 9
Jibs_PC#1667971570020408320 roll 3
Jibs_PC#1667971570020408320 roll 1
DICE 3 1 4 4 4 2 
Jibs_PC#1667971570020408320 move 4
Jibs_PC#1667971570020408320 endattack
Jibs_PC#1667971570020408320 movearmies 9 5 3
CARD 35
Jibs_PC#1667971570020408320 placearmies 20 3
Jibs_PC#1667971570020408320 attack 20 21
Jibs_PC#1667971570020408320 roll 3
Jibs_PC#1667971570020408320 roll 1
DICE 3 1 4 2 2 1 
Jibs_PC#1667971570020408320 move 5
Jibs_PC#1667971570020408320 attack 21 12
Jibs_PC#1667971570020408320 roll 3
Jibs_PC#1667971570020408320 roll 1
DICE 3 1 5 2 0 5 
Jibs_PC#1667971570020408320 roll 3
Jibs_PC#1667971570020408320 roll 1
DICE 3 1 5 5 0 5 
Jibs_PC#1667971570020408320 roll 2
Jibs_PC#1667971570020408320 roll 1
DICE 2 1 2 1 3 
Jibs_PC#1667971570020408320 retreat
Jibs_PC#1667971570020408320 endattack
Jibs_PC#1667971570020408320 nomove
CARD wildcard
Jibs_PC#1667971570020408320 placearmies 7 1
Jibs_PC#1667971570020408320 placearmies 7 1
Jibs_PC#1667971570020408320 placearmies 7 1
Jibs_PC#1667971570020408320 attack 7 9
Jibs_PC#1667971570020408320 roll 3
Jibs_PC#1667971570020408320 roll 1
DICE 3 1 1 0 0 1 
Jibs_PC#1667971570020408320 roll 3
Jibs_PC#1667971570020408320 roll 1
DICE 3 1 5 5 3 0 
Jibs_PC#1667971570020408320 move 4
Jibs_PC#1667971570020408320 endattack
Jibs_PC#1667971570020408320 nomove
CARD 36
Jibs_PC#1667971570020408320 placearmies 30 3
Jibs_PC#1667971570020408320 placearmies 32 3
Jibs_PC#1667971570020408320 placearmies 12 1
Jibs_PC#1667971570020408320 placearmies 26 3
Jibs_PC#1667971570020408320 placearmies 30 1
Jibs_PC#1667971570020408320 attack 30 31
Jibs_PC#1667971570020408320 roll 3
Jibs_PC#1667971570020408320 roll 1
DICE 3 1 4 4 4 0 
Jibs_PC#1667971570020408320 move 4
Jibs_PC#1667971570020408320 attack 26 25
Jibs_PC#1667971570020408320 roll 3
Jibs_PC#1667971570020408320 roll 1
DICE 3 1 5 4 1 0 
Jibs_PC#1667971570020408320 move 4
Jibs_PC#1667971570020408320 attack 25 24
Jibs_PC#1667971570020408320 roll 3
Jibs_PC#1667971570020408320 roll 1
DICE 3 1 3 2 0 1 
Jibs_PC#1667971570020408320 attack 24 23
Jibs_PC#1667971570020408320 roll 2
Jibs_PC#1667971570020408320 roll 1
DICE 2 1 5 3 5 
Jibs_PC#1667971570020408320 retreat
Jibs_PC#1667971570020408320 attack 5 4
Jibs_PC#1667971570020408320 roll 3
Jibs_PC#1667971570020408320 roll 1
DICE 3 1 4 1 0 4 
Jibs_PC#1667971570020408320 roll 3
Jibs_PC#1667971570020408320 roll 1
DICE 3 1 5 1 0 4 
Jibs_PC#1667971570020408320 endattack
Jibs_PC#1667971570020408320 movearmies 4 5 2
CARD 1
Jibs_PC#1667971570020408320 trade 9 20 wildcard
Jibs_PC#1667971570020408320 placearmies 21 4
Jibs_PC#1667971570020408320 placearmies 20 8
Jibs_PC#1667971570020408320 placearmies 21 1
Jibs_PC#1667971570020408320 attack 21 12
Jibs_PC#1667971570020408320 roll 3
Jibs_PC#1667971570020408320 roll 2
DICE 3 2 4 3 0 5 1 
Jibs_PC#1667971570020408320 roll 3
Jibs_PC#1667971570020408320 roll 1
DICE 3 1 5 5 1 5 
Jibs_PC#1667971570020408320 roll 3
Jibs_PC#1667971570020408320 roll 1
DICE 3 1 5 4 1 0 
Jibs_PC#1667971570020408320 move 4
Jibs_PC#1667971570020408320 attack 20 31
Jibs_PC#1667971570020408320 roll 3
Jibs_PC#1667971570020408320 roll 2
DICE 3 2 5 4 3 2 0 
Jibs_PC#1667971570020408320 roll 3
Jibs_PC#1667971570020408320 roll 2
DICE 3 2 4 2 0 5 0 
Jibs_PC#1667971570020408320 roll 3
Jibs_PC#1667971570020408320 roll 1
DICE 3 1 5 2 1 2 
Jibs_PC#1667971570020408320 move 9
Jibs_PC#1667971570020408320 attack 31 16
Jibs_PC#1667971570020408320 roll 3
Jibs_PC#1667971570020408320 roll 2
DICE 3 2 4 3 2 3 1 
Jibs_PC#1667971570020408320 move 8
Jibs_PC#1667971570020408320 attack 12 13
Jibs_PC#1667971570020408320 roll 3
Jibs_PC#1667971570020408320 roll 1
DICE 3 1 4 4 1 4 
Jibs_PC#1667971570020408320 roll 2
Jibs_PC#1667971570020408320 roll 1
DICE 2 1 4 2 3 
Jibs_PC#1667971570020408320 attack 16 30
Jibs_PC#1667971570020408320 roll 3
Jibs_PC#1667971570020408320 roll 2
DICE 3 2 5 4 3 5 3 
Jibs_PC#1667971570020408320 roll 3
Jibs_PC#1667971570020408320 roll 1
DICE 3 1 5 1 1 3 
Jibs_PC#1667971570020408320 move 5
Jibs_PC#1667971570020408320 attack 30 29
Jibs_PC#1667971570020408320 roll 3
Jibs_PC#1667971570020408320 roll 1
DICE 3 1 3 1 1 4 
Jibs_PC#1667971570020408320 roll 3
Jibs_PC#1667971570020408320 roll 1
DICE 3 1 5 4 2 5 
Jibs_PC#1667971570020408320 retreat
Jibs_PC#1667971570020408320 endattack
Jibs_PC#1667971570020408320 movearmies 30 16 2
CARD 12
Jibs_PC#1667971570020408320 placearmies 3 1
Jibs_PC#1667971570020408320 placearmies 9 2
Jibs_PC#1667971570020408320 attack 9 5
Jibs_PC#1667971570020408320 roll 3
Jibs_PC#1667971570020408320 roll 2
DICE 3 2 4 3 3 5 2 
Jibs_PC#1667971570020408320 roll 3
Jibs_PC#1667971570020408320 roll 2
DICE 3 2 4 3 3 4 2 
Jibs_PC#1667971570020408320 roll 3
Jibs_PC#1667971570020408320 roll 1
DICE 3 1 5 3 2 0 
Jibs_PC#1667971570020408320 attack 3 4
Jibs_PC#1667971570020408320 roll 3
Jibs_PC#1667971570020408320 roll 1
DICE 3 1 2 1 0 2 
Jibs_PC#1667971570020408320 roll 3
Jibs_PC#1667971570020408320 roll 1
DICE 3 1 4 3 0 0 
Jibs_PC#1667971570020408320 endattack
Jibs_PC#1667971570020408320 movearmies 4 5 2
CARD 42
Jibs_PC#1667971570020408320 placearmies 32 3
Jibs_PC#1667971570020408320 placearmies 29 1
Jibs_PC#1667971570020408320 placearmies 32 3
Jibs_PC#1667971570020408320 placearmies 32 2
Jibs_PC#1667971570020408320 attack 32 31
Jibs_PC#1667971570020408320 roll 3
Jibs_PC#1667971570020408320 roll 1
DICE 3 1 4 4 1 1 
Jibs_PC#1667971570020408320 move 11
Jibs_PC#1667971570020408320 attack 31 20
Jibs_PC#1667971570020408320 roll 3
Jibs_PC#1667971570020408320 roll 1
DICE 3 1 5 3 2 4 
Jibs_PC#1667971570020408320 move 10
Jibs_PC#1667971570020408320 attack 20 16
Jibs_PC#1667971570020408320 roll 3
Jibs_PC#1667971570020408320 roll 2
DICE 3 2 5 4 3 5 2 
Jibs_PC#1667971570020408320 roll 3
Jibs_PC#1667971570020408320 roll 2
DICE 3 2 4 3 2 3 3 
Jibs_PC#1667971570020408320 roll 3
Jibs_PC#1667971570020408320 roll 2
DICE 3 2 3 3 1 1 1 
Jibs_PC#1667971570020408320 move 7
Jibs_PC#1667971570020408320 attack 16 30
Jibs_PC#1667971570020408320 roll 3
Jibs_PC#1667971570020408320 roll 1
DICE 3 1 4 3 0 1 
Jibs_PC#1667971570020408320 move 3
Jibs_PC#1667971570020408320 endattack
Jibs_PC#1667971570020408320 movearmies 24 22 1
CARD wildcard
Jibs_PC#1667971570020408320 placearmies 13 3
Jibs_PC#1667971570020408320 attack 13 11
Jibs_PC#1667971570020408320 roll 3
Jibs_PC#1667971570020408320 roll 1
DICE 3 1 4 3 1 4 
Jibs_PC#1667971570020408320 roll 3
Jibs_PC#1667971570020408320 roll 1
DICE 3 1 5 3 2 3 
Jibs_PC#1667971570020408320 endattack
Jibs_PC#1667971570020408320 nomove
CARD 26
Jibs_PC#1667971570020408320 trade 10 11 42
Jibs_PC#1667971570020408320 placearmies 23 10
Jibs_PC#1667971570020408320 placearmies 23 3
Jibs_PC#1667971570020408320 attack 23 21
Jibs_PC#1667971570020408320 roll 3
Jibs_PC#1667971570020408320 roll 1
DICE 3 1 3 2 1 3 
Jibs_PC#1667971570020408320 roll 3
Jibs_PC#1667971570020408320 roll 1
DICE 3 1 3 1 1 4 
Jibs_PC#1667971570020408320 roll 3
Jibs_PC#1667971570020408320 roll 1
DICE 3 1 3 3 2 0 
Jibs_PC#1667971570020408320 move 11
Jibs_PC#1667971570020408320 attack 21 22
Jibs_PC#1667971570020408320 roll 3
Jibs_PC#1667971570020408320 roll 2
DICE 3 2 5 2 2 3 0 
Jibs_PC#1667971570020408320 move 10
Jibs_PC#1667971570020408320 attack 22 31
Jibs_PC#1667971570020408320 roll 3
Jibs_PC#1667971570020408320 roll 1
DICE 3 1 4 1 0 2 
Jibs_PC#1667971570020408320 move 9
Jibs_PC#1667971570020408320 attack 31 32
Jibs_PC#1667971570020408320 roll 3
Jibs_PC#1667971570020408320 roll 2
DICE 3 2 4 4 3 0 0 
Jibs_PC#1667971570020408320 move 8
Jibs_PC#1667971570020408320 attack 32 33
Jibs_PC#1667971570020408320 roll 3
Jibs_PC#1667971570020408320 roll 1
DICE 3 1 4 2 0 5 
Jibs_PC#1667971570020408320 roll 3
Jibs_PC#1667971570020408320 roll 1
DICE 3 1 4 3 1 4 
Jibs_PC#1667971570020408320 roll 3
Jibs_PC#1667971570020408320 roll 1
DICE 3 1 4 3 2 5 
Jibs_PC#1667971570020408320 roll 3
Jibs_PC#1667971570020408320 roll 1
DICE 3 1 5 4 3 5 
Jibs_PC#1667971570020408320 roll 3
Jibs_PC#1667971570020408320 roll 1
DICE 3 1 3 3 2 3 
Jibs_PC#1667971570020408320 retreat
Jibs_PC#1667971570020408320 attack 5 10
Jibs_PC#1667971570020408320 roll 3
Jibs_PC#1667971570020408320 roll 1
DICE 3 1 2 2 2 1 
Jibs_PC#1667971570020408320 move 4
Jibs_PC#1667971570020408320 endattack
Jibs_PC#1667971570020408320 movearmies 10 5 3
CARD 38
Jibs_PC#1667971570020408320 trade 16 35 wildcard
Jibs_PC#1667971570020408320 placearmies 20 18
Jibs_PC#1667971570020408320 attack 16 15
Jibs_PC#1667971570020408320 roll 3
Jibs_PC#1667971570020408320 roll 1
DICE 3 1 5 2 0 5 
Jibs_PC#1667971570020408320 roll 3
Jibs_PC#1667971570020408320 roll 1
DICE 3 1 5 5 4 0 
Jibs_PC#1667971570020408320 move 4
Jibs_PC#1667971570020408320 attack 15 14
Jibs_PC#1667971570020408320 roll 3
Jibs_PC#1667971570020408320 roll 2
DICE 3 2 4 4 3 0 0 
Jibs_PC#1667971570020408320 roll 3
Jibs_PC#1667971570020408320 roll 2
DICE 3 2 2 1 0 1 0 
Jibs_PC#1667971570020408320 attack 14 17
Jibs_PC#1667971570020408320 roll 2
Jibs_PC#1667971570020408320 roll 1
DICE 2 1 5 5 4 
Jibs_PC#1667971570020408320 attack 20 19
Jibs_PC#1667971570020408320 roll 3
Jibs_PC#1667971570020408320 roll 1
DICE 3 1 5 1 1 4 
Jibs_PC#1667971570020408320 move 18
Jibs_PC#1667971570020408320 attack 19 18
Jibs_PC#1667971570020408320 roll 3
Jibs_PC#1667971570020408320 roll 1
DICE 3 1 4 4 3 3 
Jibs_PC#1667971570020408320 move 3
Jibs_PC#1667971570020408320 attack 19 21
Jibs_PC#1667971570020408320 roll 3
Jibs_PC#1667971570020408320 roll 1
DICE 3 1 4 0 0 4 
Jibs_PC#1667971570020408320 roll 3
Jibs_PC#1667971570020408320 roll 1
DICE 3 1 5 4 4 2 
Jibs_PC#1667971570020408320 move 13
Jibs_PC#1667971570020408320 attack 21 23
Jibs_PC#1667971570020408320 roll 3
Jibs_PC#1667971570020408320 roll 1
DICE 3 1 5 4 0 3 
Jibs_PC#1667971570020408320 move 3
Jibs_PC#1667971570020408320 attack 21 22
Jibs_PC#1667971570020408320 roll 3
Jibs_PC#1667971570020408320 roll 1
DICE 3 1 5 5 0 3 
Jibs_PC#1667971570020408320 move 8
