Jibs_PC#2829793271876096000 newplayer ai hard green s0914007
Jibs_PC#2829793271876096000 newplayer ai hard blue bob
Jibs_PC#2829793271876096000 newplayer ai hard red fred
Jibs_PC#2829793271876096000 newplayer ai hard cyan ted
Jibs_PC#2829793271876096000 newplayer ai hard magenta yura
Jibs_PC#2829793271876096000 newplayer ai hard yellow lala
Jibs_PC#2829793271876096000 startgame mission fixed autoplaceall recycle
PLAYER ted
MISSION 2 4 2 2 0 0
PLACEALL 17 25 31 24 21 11 30 16 15 28 19 7 32 33 1 10 42 4 39 13 20 18 9 40 2 35 14 8 12 38 29 26 36 5 37 41 6 3 23 34 27 22
Jibs_PC#2829793271876096000 placearmies 39 1
CARD 
Jibs_PC#2829793271876096000 placearmies 13 1
CARD 
Jibs_PC#2829793271876096000 placearmies 31 1
CARD 
Jibs_PC#2829793271876096000 placearmies 24 1
CARD 
Jibs_PC#2829793271876096000 placearmies 9 1
CARD 
Jibs_PC#2829793271876096000 placearmies 11 1
CARD 
Jibs_PC#2829793271876096000 placearmies 39 1
CARD 
Jibs_PC#2829793271876096000 placearmies 13 1
CARD 
Jibs_PC#2829793271876096000 placearmies 31 1
CARD 
Jibs_PC#2829793271876096000 placearmies 24 1
CARD 
Jibs_PC#2829793271876096000 placearmies 9 1
CARD 
Jibs_PC#2829793271876096000 placearmies 11 1
CARD 
Jibs_PC#2829793271876096000 placearmies 39 1
CARD 
Jibs_PC#2829793271876096000 placearmies 13 1
CARD 
Jibs_PC#2829793271876096000 placearmies 31 1
CARD 
Jibs_PC#2829793271876096000 placearmies 24 1
CARD 
Jibs_PC#2829793271876096000 placearmies 9 1
CARD 
Jibs_PC#2829793271876096000 placearmies 11 1
CARD 
Jibs_PC#2829793271876096000 placearmies 39 1
CARD 
Jibs_PC#2829793271876096000 placearmies 13 1
CARD 
Jibs_PC#2829793271876096000 placearmies 31 1
CARD 
Jibs_PC#2829793271876096000 placearmies 24 1
CARD 
Jibs_PC#2829793271876096000 placearmies 9 1
CARD 
Jibs_PC#2829793271876096000 placearmies 11 1
CARD 
Jibs_PC#2829793271876096000 placearmies 39 1
CARD 
Jibs_PC#2829793271876096000 placearmies 13 1
CARD 
Jibs_PC#2829793271876096000 placearmies 31 1
CARD 
Jibs_PC#2829793271876096000 placearmies 24 1
CARD 
Jibs_PC#2829793271876096000 placearmies 9 1
CARD 
Jibs_PC#2829793271876096000 placearmies 11 1
CARD 
Jibs_PC#2829793271876096000 placearmies 39 1
CARD 
Jibs_PC#2829793271876096000 placearmies 13 1
CARD 
Jibs_PC#2829793271876096000 placearmies 31 1
CARD 
Jibs_PC#2829793271876096000 placearmies 24 1
CARD 
Jibs_PC#2829793271876096000 placearmies 9 1
CARD 
Jibs_PC#2829793271876096000 placearmies 11 1
CARD 
Jibs_PC#2829793271876096000 placearmies 39 1
CARD 
Jibs_PC#2829793271876096000 placearmies 13 1
CARD 
Jibs_PC#2829793271876096000 placearmies 31 1
CARD 
Jibs_PC#2829793271876096000 placearmies 24 1
CARD 
Jibs_PC#2829793271876096000 placearmies 9 1
CARD 
Jibs_PC#2829793271876096000 placearmies 11 1
CARD 
Jibs_PC#2829793271876096000 placearmies 39 1
CARD 
Jibs_PC#2829793271876096000 placearmies 35 1
CARD 
Jibs_PC#2829793271876096000 placearmies 31 1
CARD 
Jibs_PC#2829793271876096000 placearmies 24 1
CARD 
Jibs_PC#2829793271876096000 placearmies 9 1
CARD 
Jibs_PC#2829793271876096000 placearmies 11 1
CARD 
Jibs_PC#2829793271876096000 placearmies 39 1
CARD 
Jibs_PC#2829793271876096000 placearmies 35 1
CARD 
Jibs_PC#2829793271876096000 placearmies 31 1
CARD 
Jibs_PC#2829793271876096000 placearmies 24 1
CARD 
Jibs_PC#2829793271876096000 placearmies 9 1
CARD 
Jibs_PC#2829793271876096000 placearmies 11 1
CARD 
Jibs_PC#2829793271876096000 placearmies 39 1
CARD 
Jibs_PC#2829793271876096000 placearmies 35 1
CARD 
Jibs_PC#2829793271876096000 placearmies 31 1
CARD 
Jibs_PC#2829793271876096000 placearmies 24 1
CARD 
Jibs_PC#2829793271876096000 placearmies 9 1
CARD 
Jibs_PC#2829793271876096000 placearmies 11 1
CARD 
Jibs_PC#2829793271876096000 placearmies 6 1
CARD 
Jibs_PC#2829793271876096000 placearmies 35 1
CARD 
Jibs_PC#2829793271876096000 placearmies 31 1
CARD 
Jibs_PC#2829793271876096000 placearmies 24 1
CARD 
Jibs_PC#2829793271876096000 placearmies 9 1
CARD 
Jibs_PC#2829793271876096000 placearmies 40 1
CARD 
Jibs_PC#2829793271876096000 placearmies 39 1
CARD 
Jibs_PC#2829793271876096000 placearmies 35 1
CARD 
Jibs_PC#2829793271876096000 placearmies 31 1
CARD 
Jibs_PC#2829793271876096000 placearmies 24 1
CARD 
Jibs_PC#2829793271876096000 placearmies 9 1
CARD 
Jibs_PC#2829793271876096000 placearmies 40 1
CARD 
Jibs_PC#2829793271876096000 placearmies 39 1
CARD 
Jibs_PC#2829793271876096000 placearmies 35 1
CARD 
Jibs_PC#2829793271876096000 placearmies 31 1
CARD 
Jibs_PC#2829793271876096000 placearmies 24 1
CARD 
Jibs_PC#2829793271876096000 placearmies 9 1
CARD 
Jibs_PC#2829793271876096000 placearmies 40 1
CARD 
Jibs_PC#2829793271876096000 placearmies 39 1
Jibs_PC#2829793271876096000 placearmies 6 2
Jibs_PC#2829793271876096000 attack 39 40
Jibs_PC#2829793271876096000 roll 3
Jibs_PC#2829793271876096000 roll 2
DICE 3 2 5 5 0 2 2 
Jibs_PC#2829793271876096000 roll 3
Jibs_PC#2829793271876096000 roll 2
DICE 3 2 5 5 4 5 1 
Jibs_PC#2829793271876096000 roll 3
Jibs_PC#2829793271876096000 roll 1
DICE 3 1 5 5 0 0 
Jibs_PC#2829793271876096000 move 9
Jibs_PC#2829793271876096000 attack 40 42
Jibs_PC#2829793271876096000 roll 3
Jibs_PC#2829793271876096000 roll 1
DICE 3 1 5 2 0 5 
Jibs_PC#2829793271876096000 roll 3
Jibs_PC#2829793271876096000 roll 1
DICE 3 1 4 2 1 3 
Jibs_PC#2829793271876096000 move 5
Jibs_PC#2829793271876096000 attack 42 41
Jibs_PC#2829793271876096000 roll 3
Jibs_PC#2829793271876096000 roll 1
DICE 3 1 4 4 0 1 
Jibs_PC#2829793271876096000 move 3
Jibs_PC#2829793271876096000 endattack
Jibs_PC#2829793271876096000 movearmies 41 39 2
CARD 4
Jibs_PC#2829793271876096000 placearmies 13 3
Jibs_PC#2829793271876096000 attack 13 12
Jibs_PC#2829793271876096000 roll 3
Jibs_PC#2829793271876096000 roll 1
DICE 3 1 5 4 3 5 
Jibs_PC#2829793271876096000 roll 3
Jibs_PC#2829793271876096000 roll 1
DICE 3 1 5 3 1 1 
Jibs_PC#2829793271876096000 move 9
Jibs_PC#2829793271876096000 attack 12 10
Jibs_PC#2829793271876096000 roll 3
Jibs_PC#2829793271876096000 roll 1
DICE 3 1 5 4 3 1 
Jibs_PC#2829793271876096000 move 8
Jibs_PC#2829793271876096000 endattack
Jibs_PC#2829793271876096000 nomove
CARD 30
Jibs_PC#2829793271876096000 placearmies 31 2
Jibs_PC#2829793271876096000 placearmies 31 1
Jibs_PC#2829793271876096000 attack 31 32
Jibs_PC#2829793271876096000 roll 3
Jibs_PC#2829793271876096000 roll 1
DICE 3 1 5 1 0 0 
Jibs_PC#2829793271876096000 move 16
Jibs_PC#2829793271876096000 attack 32 29
Jibs_PC#2829793271876096000 roll 3
Jibs_PC#2829793271876096000 roll 1
DICE 3 1 5 3 0 5 
Jibs_PC#2829793271876096000 roll 3
Jibs_PC#2829793271876096000 roll 1
DICE 3 1 5 3 0 5 
Jibs_PC#2829793271876096000 retreat
Jibs_PC#2829793271876096000 attack 32 33
Jibs_PC#2829793271876096000 roll 3
Jibs_PC#2829793271876096000 roll 1
DICE 3 1 5 4 0 2 
Jibs_PC#2829793271876096000 move 13
Jibs_PC#2829793271876096000 attack 33 39
Jibs_PC#2829793271876096000 roll 3
Jibs_PC#2829793271876096000 roll 2
DICE 3 2 5 4 4 1 0 
Jibs_PC#2829793271876096000 roll 3
Jibs_PC#2829793271876096000 roll 2
DICE 3 2 4 2 1 4 1 
Jibs_PC#2829793271876096000 roll 3
Jibs_PC#2829793271876096000 roll 2
DICE 3 2 5 3 1 2 1 
Jibs_PC#2829793271876096000 roll 3
Jibs_PC#2829793271876096000 roll 1
DICE 3 1 5 1 0 2 
Jibs_PC#2829793271876096000 move 11
Jibs_PC#2829793271876096000 attack 39 40
Jibs_PC#2829793271876096000 roll 3
Jibs_PC#2829793271876096000 roll 2
DICE 3 2 5 3 0 2 0 
Jibs_PC#2829793271876096000 roll 3
Jibs_PC#2829793271876096000 roll 1
DICE 3 1 4 1 0 2 
Jibs_PC#2829793271876096000 move 10
Jibs_PC#2829793271876096000 attack 40 41
Jibs_PC#2829793271876096000 roll 3
Jibs_PC#2829793271876096000 roll 1
DICE 3 1 5 2 1 1 
Jibs_PC#2829793271876096000 move 6
Jibs_PC#2829793271876096000 attack 41 42
Jibs_PC#2829793271876096000 roll 3
Jibs_PC#2829793271876096000 roll 2
DICE 3 2 2 1 0 4 0 
Jibs_PC#2829793271876096000 roll 3
Jibs_PC#2829793271876096000 roll 1
DICE 3 1 5 2 2 2 
Jibs_PC#2829793271876096000 move 3
Jibs_PC#2829793271876096000 endattack
Jibs_PC#2829793271876096000 movearmies 40 39 2
CARD 14
Jibs_PC#2829793271876096000 placearmies 24 3
Jibs_PC#2829793271876096000 attack 24 22
Jibs_PC#2829793271876096000 roll 3
Jibs_PC#2829793271876096000 roll 1
DICE 3 1 5 4 2 2 
Jibs_PC#2829793271876096000 move 16
Jibs_PC#2829793271876096000 attack 22 31
Jibs_PC#2829793271876096000 roll 3
Jibs_PC#2829793271876096000 roll 1
DICE 3 1 3 1 0 4 
Jibs_PC#2829793271876096000 roll 3
Jibs_PC#2829793271876096000 roll 1
DICE 3 1 2 2 2 0 
Jibs_PC#2829793271876096000 move 14
Jibs_PC#2829793271876096000 attack 31 30
Jibs_PC#2829793271876096000 roll 3
Jibs_PC#2829793271876096000 roll 1
DICE 3 1 5 1 0 4 
Jibs_PC#2829793271876096000 move 13
Jibs_PC#2829793271876096000 attack 30 32
Jibs_PC#2829793271876096000 roll 3
Jibs_PC#2829793271876096000 roll 1
DICE 3 1 3 1 0 4 
Jibs_PC#2829793271876096000 roll 3
Jibs_PC#2829793271876096000 roll 1
DICE 3 1 5 2 2 4 
Jibs_PC#2829793271876096000 move 11
Jibs_PC#2829793271876096000 attack 32 29
Jibs_PC#2829793271876096000 roll 3
Jibs_PC#2829793271876096000 roll 1
DICE 3 1 3 3 2 1 
Jibs_PC#2829793271876096000 move 10
Jibs_PC#2829793271876096000 attack 29 27
Jibs_PC#2829793271876096000 roll 3
Jibs_PC#2829793271876096000 roll 1
DICE 3 1 1 0 0 0 
Jibs_PC#2829793271876096000 move 9
Jibs_PC#2829793271876096000 attack 27 36
Jibs_PC#2829793271876096000 roll 3
Jibs_PC#2829793271876096000 roll 1
DICE 3 1 4 2 2 0 
Jibs_PC#2829793271876096000 move 8
Jibs_PC#2829793271876096000 attack 36 37
Jibs_PC#2829793271876096000 roll 3
Jibs_PC#2829793271876096000 roll 1
DICE 3 1 3 1 1 5 
Jibs_PC#2829793271876096000 roll 3
Jibs_PC#2829793271876096000 roll 1
DICE 3 1 3 2 0 3 
Jibs_PC#2829793271876096000 roll 3
Jibs_PC#2829793271876096000 roll 1
DICE 3 1 5 1 1 3 
Jibs_PC#2829793271876096000 move 5
Jibs_PC#2829793271876096000 attack 37 38
Jibs_PC#2829793271876096000 roll 3
Jibs_PC#2829793271876096000 roll 1
DICE 3 1 5 5 2 2 
Jibs_PC#2829793271876096000 move 4
Jibs_PC#2829793271876096000 endattack
Jibs_PC#2829793271876096000 nomove
CARD 9
Jibs_PC#2829793271876096000 placearmies 9 3
Jibs_PC#2829793271876096000 attack 9 4
Jibs_PC#2829793271876096000 roll 3
Jibs_PC#2829793271876096000 roll 1
DICE 3 1 5 4 2 4 
Jibs_PC#2829793271876096000 move 16
Jibs_PC#2829793271876096000 attack 4 3
Jibs_PC#2829793271876096000 roll 3
Jibs_PC#2829793271876096000 roll 1
DICE 3 1 4 2 0 4 
Jibs_PC#2829793271876096000 roll 3
Jibs_PC#2829793271876096000 roll 1
DICE 3 1 4 3 3 2 
Jibs_PC#2829793271876096000 move 14
Jibs_PC#2829793271876096000 attack 3 1
Jibs_PC#2829793271876096000 roll 3
Jibs_PC#2829793271876096000 roll 1
DICE 3 1 5 2 1 0 
Jibs_PC#2829793271876096000 move 13
Jibs_PC#2829793271876096000 attack 1 2
Jibs_PC#2829793271876096000 roll 3
Jibs_PC#2829793271876096000 roll 1
DICE 3 1 2 1 0 5 
Jibs_PC#2829793271876096000 roll 3
Jibs_PC#2829793271876096000 roll 1
DICE 3 1 3 3 1 3 
Jibs_PC#2829793271876096000 roll 3
Jibs_PC#2829793271876096000 roll 1
DICE 3 1 2 2 1 5 
Jibs_PC#2829793271876096000 roll 3
Jibs_PC#2829793271876096000 roll 1
DICE 3 1 5 4 3 1 
Jibs_PC#2829793271876096000 move 9
Jibs_PC#2829793271876096000 attack 2 6
Jibs_PC#2829793271876096000 roll 3
Jibs_PC#2829793271876096000 roll 2
DICE 3 2 5 3 1 5 4 
Jibs_PC#2829793271876096000 roll 3
Jibs_PC#2829793271876096000 roll 2
DICE 3 2 3 0 0 4 4 
Jibs_PC#2829793271876096000 retreat
Jibs_PC#2829793271876096000 endattack
Jibs_PC#2829793271876096000 nomove
CARD 40
Jibs_PC#2829793271876096000 placearmies 11 3
Jibs_PC#2829793271876096000 attack 11 10
Jibs_PC#2829793271876096000 roll 3
Jibs_PC#2829793271876096000 roll 2
DICE 3 2 4 2 0 4 1 
Jibs_PC#2829793271876096000 roll 3
Jibs_PC#2829793271876096000 roll 2
DICE 3 2 5 2 0 5 2 
Jibs_PC#2829793271876096000 roll 3
Jibs_PC#2829793271876096000 roll 2
DICE 3 2 4 2 0 4 3 
Jibs_PC#2829793271876096000 roll 3
Jibs_PC#2829793271876096000 roll 2
DICE 3 2 5 2 0 4 2 
Jibs_PC#2829793271876096000 roll 3
Jibs_PC#2829793271876096000 roll 2
DICE 3 2 5 0 0 3 3 
Jibs_PC#2829793271876096000 roll 3
Jibs_PC#2829793271876096000 roll 2
DICE 3 2 4 2 1 2 2 
Jibs_PC#2829793271876096000 roll 3
Jibs_PC#2829793271876096000 roll 2
DICE 3 2 5 4 3 5 1 
Jibs_PC#2829793271876096000 roll 3
Jibs_PC#2829793271876096000 roll 2
DICE 3 2 4 3 0 5 2 
Jibs_PC#2829793271876096000 roll 3
Jibs_PC#2829793271876096000 roll 2
DICE 3 2 4 3 1 4 0 
Jibs_PC#2829793271876096000 roll 2
Jibs_PC#2829793271876096000 roll 1
DICE 2 1 3 0 3 
Jibs_PC#2829793271876096000 retreat
Jibs_PC#2829793271876096000 endattack
Jibs_PC#2829793271876096000 nomove
CARD 
Jibs_PC#2829793271876096000 placearmies 6 3
Jibs_PC#2829793271876096000 attack 6 2
Jibs_PC#2829793271876096000 roll 3
Jibs_PC#2829793271876096000 roll 2
DICE 3 2 4 2 1 0 0 
Jibs_PC#2829793271876096000 roll 3
Jibs_PC#2829793271876096000 roll 2
DICE 3 2 4 3 0 2 1 
Jibs_PC#2829793271876096000 roll 3
Jibs_PC#2829793271876096000 roll 1
DICE 3 1 1 0 0 4 
Jibs_PC#2829793271876096000 roll 3
Jibs_PC#2829793271876096000 roll 1
DICE 3 1 3 3 2 2 
Jibs_PC#2829793271876096000 move 5
Jibs_PC#2829793271876096000 endattack
Jibs_PC#2829793271876096000 nomove
CARD 17
Jibs_PC#2829793271876096000 placearmies 35 3
Jibs_PC#2829793271876096000 attack 35 38
Jibs_PC#2829793271876096000 roll 3
Jibs_PC#2829793271876096000 roll 2
DICE 3 2 3 2 1 4 1 
Jibs_PC#2829793271876096000 roll 3
Jibs_PC#2829793271876096000 roll 2
DICE 3 2 3 1 0 4 0 
Jibs_PC#2829793271876096000 retreat
Jibs_PC#2829793271876096000 attack 35 38
Jibs_PC#2829793271876096000 roll 3
Jibs_PC#2829793271876096000 roll 2
DICE 3 2 5 3 1 3 3 
Jibs_PC#2829793271876096000 roll 3
Jibs_PC#2829793271876096000 roll 1
DICE 3 1 5 4 3 4 
Jibs_PC#2829793271876096000 move 6
Jibs_PC#2829793271876096000 attack 38 37
Jibs_PC#2829793271876096000 roll 3
Jibs_PC#2829793271876096000 roll 1
DICE 3 1 4 4 1 1 
Jibs_PC#2829793271876096000 move 5
Jibs_PC#2829793271876096000 attack 37 36
Jibs_PC#2829793271876096000 roll 3
Jibs_PC#2829793271876096000 roll 1
DICE 3 1 5 3 3 2 
Jibs_PC#2829793271876096000 move 4
Jibs_PC#2829793271876096000 endattack
Jibs_PC#2829793271876096000 nomove
CARD 13
Jibs_PC#2829793271876096000 placearmies 20 4
Jibs_PC#2829793271876096000 placearmies 33 1
Jibs_PC#2829793271876096000 attack 20 19
Jibs_PC#2829793271876096000 roll 3
Jibs_PC#2829793271876096000 roll 1
DICE 3 1 4 3 0 3 
Jibs_PC#2829793271876096000 move 4
Jibs_PC#2829793271876096000 attack 19 18
Jibs_PC#2829793271876096000 roll 3
Jibs_PC#2829793271876096000 roll 1
DICE 3 1 4 3 2 0 
Jibs_PC#2829793271876096000 attack 18 17
Jibs_PC#2829793271876096000 roll 2
Jibs_PC#2829793271876096000 roll 1
DICE 2 1 4 4 5 
Jibs_PC#2829793271876096000 retreat
Jibs_PC#2829793271876096000 endattack
Jibs_PC#2829793271876096000 movearmies 39 33 2
CARD 3
Jibs_PC#2829793271876096000 placearmies 34 3
Jibs_PC#2829793271876096000 attack 34 38
Jibs_PC#2829793271876096000 roll 3
Jibs_PC#2829793271876096000 roll 1
DICE 3 1 5 1 0 1 
Jibs_PC#2829793271876096000 endattack
Jibs_PC#2829793271876096000 nomove
CARD 22
Jibs_PC#2829793271876096000 placearmies 9 3
Jibs_PC#2829793271876096000 attack 9 5
Jibs_PC#2829793271876096000 roll 3
Jibs_PC#2829793271876096000 roll 1
DICE 3 1 5 2 1 5 
Jibs_PC#2829793271876096000 roll 2
Jibs_PC#2829793271876096000 roll 1
DICE 2 1 3 3 0 
Jibs_PC#2829793271876096000 endattack
Jibs_PC#2829793271876096000 nomove
CARD 31
Jibs_PC#2829793271876096000 placearmies 11 2
Jibs_PC#2829793271876096000 placearmies 11 1
Jibs_PC#2829793271876096000 attack 11 10
Jibs_PC#2829793271876096000 roll 3
Jibs_PC#2829793271876096000 roll 1
DICE 3 1 5 5 0 5 
Jibs_PC#2829793271876096000 roll 3
Jibs_PC#2829793271876096000 roll 1
DICE 3 1 5 4 0 1 
Jibs_PC#2829793271876096000 attack 10 12
Jibs_PC#2829793271876096000 roll 2
Jibs_PC#2829793271876096000 roll 1
DICE 2 1 4 2 2 
Jibs_PC#2829793271876096000 endattack
Jibs_PC#2829793271876096000 nomove
CARD 1
Jibs_PC#2829793271876096000 placearmies 2 3
Jibs_PC#2829793271876096000 attack 2 1
Jibs_PC#2829793271876096000 roll 3
Jibs_PC#2829793271876096000 roll 1
DICE 3 1 5 5 2 3 
Jibs_PC#2829793271876096000 move 7
Jibs_PC#2829793271876096000 attack 1 3
Jibs_PC#2829793271876096000 roll 3
Jibs_PC#2829793271876096000 roll 1
DICE 3 1 5 4 1 5 
Jibs_PC#2829793271876096000 roll 3
Jibs_PC#2829793271876096000 roll 1
DICE 3 1 5 3 2 0 
Jibs_PC#2829793271876096000 move 5
Jibs_PC#2829793271876096000 attack 3 4
Jibs_PC#2829793271876096000 roll 3
Jibs_PC#2829793271876096000 roll 1
DICE 3 1 3 1 0 5 
Jibs_PC#2829793271876096000 roll 3
Jibs_PC#2829793271876096000 roll 1
DICE 3 1 3 2 2 2 
Jibs_PC#2829793271876096000 attack 4 7
Jibs_PC#2829793271876096000 roll 2
Jibs_PC#2829793271876096000 roll 1
DICE 2 1 5 1 3 
Jibs_PC#2829793271876096000 endattack
Jibs_PC#2829793271876096000 nomove
CARD 28
Jibs_PC#2829793271876096000 placearmies 25 3
Jibs_PC#2829793271876096000 attack 25 23
Jibs_PC#2829793271876096000 roll 3
Jibs_PC#2829793271876096000 roll 1
DICE 3 1 3 2 0 0 
Jibs_PC#2829793271876096000 attack 23 24
Jibs_PC#2829793271876096000 roll 2
Jibs_PC#2829793271876096000 roll 1
DICE 2 1 5 5 0 
Jibs_PC#2829793271876096000 endattack
Jibs_PC#2829793271876096000 nomove
CARD 23
Jibs_PC#2829793271876096000 placearmies 18 3
Jibs_PC#2829793271876096000 placearmies 33 1
Jibs_PC#2829793271876096000 placearmies 33 1
Jibs_PC#2829793271876096000 attack 18 17
Jibs_PC#2829793271876096000 roll 3
Jibs_PC#2829793271876096000 roll 1
DICE 3 1 2 2 1 3 
Jibs_PC#2829793271876096000 roll 3
Jibs_PC#2829793271876096000 roll 1
DICE 3 1 5 3 1 2 
Jibs_PC#2829793271876096000 attack 33 32
Jibs_PC#2829793271876096000 roll 3
Jibs_PC#2829793271876096000 roll 1
DICE 3 1 5 3 1 3 
Jibs_PC#2829793271876096000 move 4
Jibs_PC#2829793271876096000 endattack
Jibs_PC#2829793271876096000 movearmies 32 33 3
CARD 18
Jibs_PC#2829793271876096000 placearmies 38 2
Jibs_PC#2829793271876096000 placearmies 29 1
Jibs_PC#2829793271876096000 attack 38 35
Jibs_PC#2829793271876096000 roll 3
Jibs_PC#2829793271876096000 roll 1
DICE 3 1 5 4 3 0 
Jibs_PC#2829793271876096000 move 4
Jibs_PC#2829793271876096000 endattack
Jibs_PC#2829793271876096000 nomove
CARD 26
Jibs_PC#2829793271876096000 placearmies 5 2
Jibs_PC#2829793271876096000 placearmies 5 1
Jibs_PC#2829793271876096000 attack 5 4
Jibs_PC#2829793271876096000 roll 3
Jibs_PC#2829793271876096000 roll 1
DICE 3 1 4 0 0 0 
Jibs_PC#2829793271876096000 move 4
Jibs_PC#2829793271876096000 endattack
Jibs_PC#2829793271876096000 nomove
CARD 20
Jibs_PC#2829793271876096000 placearmies 12 2
Jibs_PC#2829793271876096000 placearmies 12 1
Jibs_PC#2829793271876096000 attack 12 13
Jibs_PC#2829793271876096000 roll 3
Jibs_PC#2829793271876096000 roll 1
DICE 3 1 3 2 0 4 
Jibs_PC#2829793271876096000 roll 3
Jibs_PC#2829793271876096000 roll 1
DICE 3 1 5 4 2 1 
Jibs_PC#2829793271876096000 endattack
Jibs_PC#2829793271876096000 movearmies 13 12 2
CARD 19
Jibs_PC#2829793271876096000 placearmies 7 2
Jibs_PC#2829793271876096000 placearmies 7 1
Jibs_PC#2829793271876096000 attack 7 8
Jibs_PC#2829793271876096000 roll 3
Jibs_PC#2829793271876096000 roll 1
DICE 3 1 5 1 0 4 
Jibs_PC#2829793271876096000 move 4
Jibs_PC#2829793271876096000 attack 8 9
Jibs_PC#2829793271876096000 roll 3
Jibs_PC#2829793271876096000 roll 1
DICE 3 1 5 2 1 5 
Jibs_PC#2829793271876096000 roll 2
Jibs_PC#2829793271876096000 roll 1
DICE 2 1 4 2 2 
Jibs_PC#2829793271876096000 endattack
Jibs_PC#2829793271876096000 nomove
CARD 42
Jibs_PC#2829793271876096000 placearmies 24 3
Jibs_PC#2829793271876096000 attack 24 21
Jibs_PC#2829793271876096000 roll 3
Jibs_PC#2829793271876096000 roll 1
DICE 3 1 4 2 1 3 
Jibs_PC#2829793271876096000 move 4
Jibs_PC#2829793271876096000 attack 21 22
Jibs_PC#2829793271876096000 roll 3
Jibs_PC#2829793271876096000 roll 1
DICE 3 1 5 4 3 1 
Jibs_PC#2829793271876096000 endattack
Jibs_PC#2829793271876096000 nomove
CARD 29
Jibs_PC#2829793271876096000 placearmies 15 4
Jibs_PC#2829793271876096000 placearmies 33 1
Jibs_PC#2829793271876096000 placearmies 33 1
Jibs_PC#2829793271876096000 attack 15 16
Jibs_PC#2829793271876096000 roll 3
Jibs_PC#2829793271876096000 roll 1
DICE 3 1 3 2 2 1 
Jibs_PC#2829793271876096000 move 4
Jibs_PC#2829793271876096000 attack 33 29
Jibs_PC#2829793271876096000 roll 3
Jibs_PC#2829793271876096000 roll 2
DICE 3 2 4 3 0 4 1 
Jibs_PC#2829793271876096000 roll 3
Jibs_PC#2829793271876096000 roll 1
DICE 3 1 5 3 1 5 
Jibs_PC#2829793271876096000 roll 3
Jibs_PC#2829793271876096000 roll 1
DICE 3 1 3 2 0 3 
Jibs_PC#2829793271876096000 roll 3
Jibs_PC#2829793271876096000 roll 1
DICE 3 1 5 4 3 1 
Jibs_PC#2829793271876096000 endattack
Jibs_PC#2829793271876096000 movearmies 17 19 2
CARD wildcard
Jibs_PC#2829793271876096000 placearmies 38 3
Jibs_PC#2829793271876096000 attack 38 37
Jibs_PC#2829793271876096000 roll 3
Jibs_PC#2829793271876096000 roll 1
DICE 3 1 3 2 1 5 
Jibs_PC#2829793271876096000 roll 2
Jibs_PC#2829793271876096000 roll 1
DICE 2 1 4 4 1 
Jibs_PC#2829793271876096000 endattack
Jibs_PC#2829793271876096000 nomove
CARD 11
Jibs_PC#2829793271876096000 placearmies 4 3
Jibs_PC#2829793271876096000 attack 4 3
Jibs_PC#2829793271876096000 roll 3
Jibs_PC#2829793271876096000 roll 1
DICE 3 1 4 0 0 3 
Jibs_PC#2829793271876096000 move 6
Jibs_PC#2829793271876096000 endattack
Jibs_PC#2829793271876096000 nomove
CARD 8
Jibs_PC#2829793271876096000 placearmies 12 1
Jibs_PC#2829793271876096000 placearmies 12 4
Jibs_PC#2829793271876096000 attack 12 21
Jibs_PC#2829793271876096000 roll 3
Jibs_PC#2829793271876096000 roll 1
DICE 3 1 1 1 0 5 
Jibs_PC#2829793271876096000 roll 3
Jibs_PC#2829793271876096000 roll 1
DICE 3 1 2 0 0 3 
Jibs_PC#2829793271876096000 roll 3
Jibs_PC#2829793271876096000 roll 1
DICE 3 1 5 5 4 0 
Jibs_PC#2829793271876096000 move 5
Jibs_PC#2829793271876096000 attack 21 20
Jibs_PC#2829793271876096000 roll 3
Jibs_PC#2829793271876096000 roll 1
DICE 3 1 5 4 1 1 
Jibs_PC#2829793271876096000 move 3
Jibs_PC#2829793271876096000 endattack
Jibs_PC#2829793271876096000 movearmies 20 21 2
CARD 32
Jibs_PC#2829793271876096000 placearmies 9 2
Jibs_PC#2829793271876096000 placearmies 9 1
Jibs_PC#2829793271876096000 attack 9 4
Jibs_PC#2829793271876096000 roll 3
Jibs_PC#2829793271876096000 roll 1
DICE 3 1 5 4 4 5 
Jibs_PC#2829793271876096000 roll 3
Jibs_PC#2829793271876096000 roll 1
DICE 3 1 3 3 1 4 
Jibs_PC#2829793271876096000 roll 2
Jibs_PC#2829793271876096000 roll 1
DICE 2 1 4 4 0 
Jibs_PC#2829793271876096000 endattack
Jibs_PC#2829793271876096000 nomove
CARD 24
Jibs_PC#2829793271876096000 placearmies 22 3
Jibs_PC#2829793271876096000 attack 22 21
Jibs_PC#2829793271876096000 roll 3
Jibs_PC#2829793271876096000 roll 2
DICE 3 2 4 3 2 3 2 
Jibs_PC#2829793271876096000 roll 3
Jibs_PC#2829793271876096000 roll 2
DICE 3 2 3 2 1 3 0 
Jibs_PC#2829793271876096000 roll 3
Jibs_PC#2829793271876096000 roll 1
DICE 3 1 3 2 0 3 
Jibs_PC#2829793271876096000 roll 3
Jibs_PC#2829793271876096000 roll 1
DICE 3 1 3 1 1 4 
Jibs_PC#2829793271876096000 roll 2
Jibs_PC#2829793271876096000 roll 1
DICE 2 1 3 1 4 
Jibs_PC#2829793271876096000 retreat
Jibs_PC#2829793271876096000 attack 36 38
Jibs_PC#2829793271876096000 roll 3
Jibs_PC#2829793271876096000 roll 1
DICE 3 1 4 3 1 0 
Jibs_PC#2829793271876096000 endattack
Jibs_PC#2829793271876096000 nomove
CARD 6
Jibs_PC#2829793271876096000 trade 14 18 wildcard
Jibs_PC#2829793271876096000 placearmies 16 16
Jibs_PC#2829793271876096000 attack 16 20
Jibs_PC#2829793271876096000 roll 3
Jibs_PC#2829793271876096000 roll 1
DICE 3 1 3 2 0 3 
Jibs_PC#2829793271876096000 roll 3
Jibs_PC#2829793271876096000 roll 1
DICE 3 1 5 4 1 3 
Jibs_PC#2829793271876096000 move 17
Jibs_PC#2829793271876096000 attack 20 21
Jibs_PC#2829793271876096000 roll 3
Jibs_PC#2829793271876096000 roll 1
DICE 3 1 5 5 0 4 
Jibs_PC#2829793271876096000 move 15
Jibs_PC#2829793271876096000 attack 21 12
Jibs_PC#2829793271876096000 roll 3
Jibs_PC#2829793271876096000 roll 1
DICE 3 1 4 3 0 2 
Jibs_PC#2829793271876096000 move 13
Jibs_PC#2829793271876096000 attack 12 13
Jibs_PC#2829793271876096000 roll 3
Jibs_PC#2829793271876096000 roll 1
DICE 3 1 5 5 5 0 
Jibs_PC#2829793271876096000 move 12
Jibs_PC#2829793271876096000 attack 13 11
Jibs_PC#2829793271876096000 roll 3
Jibs_PC#2829793271876096000 roll 1
DICE 3 1 4 3 0 2 
Jibs_PC#2829793271876096000 move 11
Jibs_PC#2829793271876096000 attack 11 10
Jibs_PC#2829793271876096000 roll 3
Jibs_PC#2829793271876096000 roll 1
DICE 3 1 3 2 0 1 
Jibs_PC#2829793271876096000 move 10
