Jibs_PC#527345970073109504 newplayer ai hard green s0914007
Jibs_PC#527345970073109504 newplayer ai hard blue bob
Jibs_PC#527345970073109504 newplayer ai hard red fred
Jibs_PC#527345970073109504 newplayer ai hard cyan ted
Jibs_PC#527345970073109504 newplayer ai hard magenta yura
Jibs_PC#527345970073109504 newplayer ai hard yellow lala
Jibs_PC#527345970073109504 startgame mission fixed autoplaceall recycle
PLAYER s0914007
MISSION 1 1 0 0 0 0
PLACEALL 32 40 7 33 29 37 8 34 25 23 10 30 42 35 36 27 16 28 13 15 2 26 14 22 39 24 21 38 3 1 41 4 18 19 11 5 20 31 12 9 17 6
Jibs_PC#527345970073109504 placearmies 42 1
CARD 
Jibs_PC#527345970073109504 placearmies 34 1
CARD 
Jibs_PC#527345970073109504 placearmies 12 1
CARD 
Jibs_PC#527345970073109504 placearmies 9 1
CARD 
Jibs_PC#527345970073109504 placearmies 29 1
CARD 
Jibs_PC#527345970073109504 placearmies 6 1
CARD 
Jibs_PC#527345970073109504 placearmies 42 1
CARD 
Jibs_PC#527345970073109504 placearmies 34 1
CARD 
Jibs_PC#527345970073109504 placearmies 12 1
CARD 
Jibs_PC#527345970073109504 placearmies 9 1
CARD 
Jibs_PC#527345970073109504 placearmies 29 1
CARD 
Jibs_PC#527345970073109504 placearmies 6 1
CARD 
Jibs_PC#527345970073109504 placearmies 42 1
CARD 
Jibs_PC#527345970073109504 placearmies 34 1
CARD 
Jibs_PC#527345970073109504 placearmies 12 1
CARD 
Jibs_PC#527345970073109504 placearmies 19 1
CARD 
Jibs_PC#527345970073109504 placearmies 29 1
CARD 
Jibs_PC#527345970073109504 placearmies 6 1
CARD 
Jibs_PC#527345970073109504 placearmies 42 1
CARD 
Jibs_PC#527345970073109504 placearmies 34 1
CARD 
Jibs_PC#527345970073109504 placearmies 12 1
CARD 
Jibs_PC#527345970073109504 placearmies 19 1
CARD 
Jibs_PC#527345970073109504 placearmies 29 1
CARD 
Jibs_PC#527345970073109504 placearmies 6 1
CARD 
Jibs_PC#527345970073109504 placearmies 20 1
CARD 
Jibs_PC#527345970073109504 placearmies 34 1
CARD 
Jibs_PC#527345970073109504 placearmies 12 1
CARD 
Jibs_PC#527345970073109504 placearmies 9 1
CARD 
Jibs_PC#527345970073109504 placearmies 29 1
CARD 
Jibs_PC#527345970073109504 placearmies 6 1
CARD 
Jibs_PC#527345970073109504 placearmies 20 1
CARD 
Jibs_PC#527345970073109504 placearmies 34 1
CARD 
Jibs_PC#527345970073109504 placearmies 12 1
CARD 
Jibs_PC#527345970073109504 placearmies 19 1
CARD 
Jibs_PC#527345970073109504 placearmies 29 1
CARD 
Jibs_PC#527345970073109504 placearmies 6 1
CARD 
Jibs_PC#527345970073109504 placearmies 20 1
CARD 
Jibs_PC#527345970073109504 placearmies 34 1
CARD 
Jibs_PC#527345970073109504 placearmies 12 1
CARD 
Jibs_PC#527345970073109504 placearmies 19 1
CARD 
Jibs_PC#527345970073109504 placearmies 29 1
CARD 
Jibs_PC#527345970073109504 placearmies 6 1
CARD 
Jibs_PC#527345970073109504 placearmies 20 1
CARD 
Jibs_PC#527345970073109504 placearmies 40 1
CARD 
Jibs_PC#527345970073109504 placearmies 12 1
CARD 
Jibs_PC#527345970073109504 placearmies 19 1
CARD 
Jibs_PC#527345970073109504 placearmies 29 1
CARD 
Jibs_PC#527345970073109504 placearmies 6 1
CARD 
Jibs_PC#527345970073109504 placearmies 42 1
CARD 
Jibs_PC#527345970073109504 placearmies 40 1
CARD 
Jibs_PC#527345970073109504 placearmies 12 1
CARD 
Jibs_PC#527345970073109504 placearmies 19 1
CARD 
Jibs_PC#527345970073109504 placearmies 29 1
CARD 
Jibs_PC#527345970073109504 placearmies 6 1
CARD 
Jibs_PC#527345970073109504 placearmies 42 1
CARD 
Jibs_PC#527345970073109504 placearmies 40 1
CARD 
Jibs_PC#527345970073109504 placearmies 12 1
CARD 
Jibs_PC#527345970073109504 placearmies 19 1
CARD 
Jibs_PC#527345970073109504 placearmies 29 1
CARD 
Jibs_PC#527345970073109504 placearmies 6 1
CARD 
Jibs_PC#527345970073109504 placearmies 42 1
CARD 
Jibs_PC#527345970073109504 placearmies 40 1
CARD 
Jibs_PC#527345970073109504 placearmies 36 1
CARD 
Jibs_PC#527345970073109504 placearmies 19 1
CARD 
Jibs_PC#527345970073109504 placearmies 29 1
CARD 
Jibs_PC#527345970073109504 placearmies 6 1
CARD 
Jibs_PC#527345970073109504 placearmies 42 1
CARD 
Jibs_PC#527345970073109504 placearmies 40 1
CARD 
Jibs_PC#527345970073109504 placearmies 36 1
CARD 
Jibs_PC#527345970073109504 placearmies 19 1
CARD 
Jibs_PC#527345970073109504 placearmies 29 1
CARD 
Jibs_PC#527345970073109504 placearmies 6 1
CARD 
Jibs_PC#527345970073109504 placearmies 42 1
CARD 
Jibs_PC#527345970073109504 placearmies 40 1
CARD 
Jibs_PC#527345970073109504 placearmies 36 1
CARD 
Jibs_PC#527345970073109504 placearmies 19 1
CARD 
Jibs_PC#527345970073109504 placearmies 29 1
CARD 
Jibs_PC#527345970073109504 placearmies 6 1
CARD 
Jibs_PC#527345970073109504 placearmies 42 1
Jibs_PC#527345970073109504 placearmies 20 2
Jibs_PC#527345970073109504 attack 42 40
Jibs_PC#527345970073109504 roll 3
Jibs_PC#527345970073109504 roll 2
DICE 3 2 5 4 1 5 3 
Jibs_PC#527345970073109504 roll 3
Jibs_PC#527345970073109504 roll 2
DICE 3 2 5 1 1 4 3 
Jibs_PC#527345970073109504 roll 3
Jibs_PC#527345970073109504 roll 2
DICE 3 2 1 0 0 3 1 
Jibs_PC#527345970073109504 roll 3
Jibs_PC#527345970073109504 roll 2
DICE 3 2 4 2 2 5 0 
Jibs_PC#527345970073109504 roll 3
Jibs_PC#527345970073109504 roll 2
DICE 3 2 4 0 0 4 3 
Jibs_PC#527345970073109504 retreat
Jibs_PC#527345970073109504 attack 20 16
Jibs_PC#527345970073109504 roll 3
Jibs_PC#527345970073109504 roll 1
DICE 3 1 3 1 0 0 
Jibs_PC#527345970073109504 move 6
Jibs_PC#527345970073109504 endattack
Jibs_PC#527345970073109504 nomove
CARD 5
Jibs_PC#527345970073109504 placearmies 40 3
Jibs_PC#527345970073109504 attack 40 42
Jibs_PC#527345970073109504 roll 3
Jibs_PC#527345970073109504 roll 2
DICE 3 2 5 3 1 2 0 
Jibs_PC#527345970073109504 roll 3
Jibs_PC#527345970073109504 roll 2
DICE 3 2 5 4 1 5 2 
Jibs_PC#527345970073109504 retreat
Jibs_PC#527345970073109504 attack 40 39
Jibs_PC#527345970073109504 roll 3
Jibs_PC#527345970073109504 roll 1
DICE 3 1 2 1 0 3 
Jibs_PC#527345970073109504 roll 3
Jibs_PC#527345970073109504 roll 1
DICE 3 1 4 2 0 0 
Jibs_PC#527345970073109504 move 4
Jibs_PC#527345970073109504 attack 39 41
Jibs_PC#527345970073109504 roll 3
Jibs_PC#527345970073109504 roll 1
DICE 3 1 5 3 1 2 
Jibs_PC#527345970073109504 attack 41 42
Jibs_PC#527345970073109504 roll 2
Jibs_PC#527345970073109504 roll 1
DICE 2 1 4 0 0 
Jibs_PC#527345970073109504 endattack
Jibs_PC#527345970073109504 nomove
CARD 35
Jibs_PC#527345970073109504 placearmies 36 1
Jibs_PC#527345970073109504 placearmies 36 2
Jibs_PC#527345970073109504 attack 12 10
Jibs_PC#527345970073109504 roll 3
Jibs_PC#527345970073109504 roll 1
DICE 3 1 4 4 2 0 
Jibs_PC#527345970073109504 move 10
Jibs_PC#527345970073109504 attack 10 11
Jibs_PC#527345970073109504 roll 3
Jibs_PC#527345970073109504 roll 1
DICE 3 1 5 5 0 4 
Jibs_PC#527345970073109504 move 5
Jibs_PC#527345970073109504 attack 11 13
Jibs_PC#527345970073109504 roll 3
Jibs_PC#527345970073109504 roll 1
DICE 3 1 5 3 2 3 
Jibs_PC#527345970073109504 move 3
Jibs_PC#527345970073109504 endattack
Jibs_PC#527345970073109504 movearmies 11 10 1
CARD 33
Jibs_PC#527345970073109504 placearmies 19 3
Jibs_PC#527345970073109504 attack 19 21
Jibs_PC#527345970073109504 roll 3
Jibs_PC#527345970073109504 roll 1
DICE 3 1 4 2 2 1 
Jibs_PC#527345970073109504 move 13
Jibs_PC#527345970073109504 attack 21 12
Jibs_PC#527345970073109504 roll 3
Jibs_PC#527345970073109504 roll 1
DICE 3 1 5 2 1 4 
Jibs_PC#527345970073109504 move 12
Jibs_PC#527345970073109504 attack 12 10
Jibs_PC#527345970073109504 roll 3
Jibs_PC#527345970073109504 roll 2
DICE 3 2 5 2 2 3 3 
Jibs_PC#527345970073109504 roll 3
Jibs_PC#527345970073109504 roll 2
DICE 3 2 4 3 0 1 0 
Jibs_PC#527345970073109504 roll 3
Jibs_PC#527345970073109504 roll 2
DICE 3 2 5 2 1 3 2 
Jibs_PC#527345970073109504 roll 3
Jibs_PC#527345970073109504 roll 2
DICE 3 2 4 3 1 1 1 
Jibs_PC#527345970073109504 move 9
Jibs_PC#527345970073109504 attack 10 11
Jibs_PC#527345970073109504 roll 3
Jibs_PC#527345970073109504 roll 1
DICE 3 1 5 4 1 3 
Jibs_PC#527345970073109504 move 8
Jibs_PC#527345970073109504 attack 11 13
Jibs_PC#527345970073109504 roll 3
Jibs_PC#527345970073109504 roll 2
DICE 3 2 3 2 0 3 0 
Jibs_PC#527345970073109504 roll 3
Jibs_PC#527345970073109504 roll 2
DICE 3 2 3 2 2 5 3 
Jibs_PC#527345970073109504 roll 3
Jibs_PC#527345970073109504 roll 2
DICE 3 2 2 1 1 5 2 
Jibs_PC#527345970073109504 retreat
Jibs_PC#527345970073109504 endattack
Jibs_PC#527345970073109504 nomove
CARD 21
Jibs_PC#527345970073109504 placearmies 29 3
Jibs_PC#527345970073109504 attack 29 33
Jibs_PC#527345970073109504 roll 3
Jibs_PC#527345970073109504 roll 1
DICE 3 1 3 2 1 5 
Jibs_PC#527345970073109504 roll 3
Jibs_PC#527345970073109504 roll 1
DICE 3 1 3 3 1 4 
Jibs_PC#527345970073109504 roll 3
Jibs_PC#527345970073109504 roll 1
DICE 3 1 4 3 1 1 
Jibs_PC#527345970073109504 move 14
Jibs_PC#527345970073109504 attack 33 39
Jibs_PC#527345970073109504 roll 3
Jibs_PC#527345970073109504 roll 1
DICE 3 1 4 4 1 2 
Jibs_PC#527345970073109504 move 13
Jibs_PC#527345970073109504 attack 39 40
Jibs_PC#527345970073109504 roll 3
Jibs_PC#527345970073109504 roll 1
DICE 3 1 4 2 1 3 
Jibs_PC#527345970073109504 move 10
Jibs_PC#527345970073109504 attack 40 42
Jibs_PC#527345970073109504 roll 3
Jibs_PC#527345970073109504 roll 2
DICE 3 2 4 3 2 4 2 
Jibs_PC#527345970073109504 roll 3
Jibs_PC#527345970073109504 roll 1
DICE 3 1 3 3 0 0 
Jibs_PC#527345970073109504 move 5
Jibs_PC#527345970073109504 attack 42 41
Jibs_PC#527345970073109504 roll 3
Jibs_PC#527345970073109504 roll 1
DICE 3 1 3 1 1 3 
Jibs_PC#527345970073109504 roll 3
Jibs_PC#527345970073109504 roll 1
DICE 3 1 4 3 2 0 
Jibs_PC#527345970073109504 endattack
Jibs_PC#527345970073109504 movearmies 39 33 2
CARD 6
Jibs_PC#527345970073109504 placearmies 6 3
Jibs_PC#527345970073109504 attack 6 8
Jibs_PC#527345970073109504 roll 3
Jibs_PC#527345970073109504 roll 1
DICE 3 1 5 1 1 0 
Jibs_PC#527345970073109504 move 16
Jibs_PC#527345970073109504 attack 8 9
Jibs_PC#527345970073109504 roll 3
Jibs_PC#527345970073109504 roll 2
DICE 3 2 4 2 1 4 1 
Jibs_PC#527345970073109504 roll 3
Jibs_PC#527345970073109504 roll 2
DICE 3 2 4 4 3 2 1 
Jibs_PC#527345970073109504 roll 3
Jibs_PC#527345970073109504 roll 1
DICE 3 1 5 5 4 1 
Jibs_PC#527345970073109504 move 14
Jibs_PC#527345970073109504 attack 9 4
Jibs_PC#527345970073109504 roll 3
Jibs_PC#527345970073109504 roll 1
DICE 3 1 4 2 0 0 
Jibs_PC#527345970073109504 move 13
Jibs_PC#527345970073109504 attack 4 3
Jibs_PC#527345970073109504 roll 3
Jibs_PC#527345970073109504 roll 1
DICE 3 1 3 2 2 4 
Jibs_PC#527345970073109504 roll 3
Jibs_PC#527345970073109504 roll 1
DICE 3 1 4 1 0 3 
Jibs_PC#527345970073109504 move 9
Jibs_PC#527345970073109504 attack 4 7
Jibs_PC#527345970073109504 roll 2
Jibs_PC#527345970073109504 roll 1
DICE 2 1 5 2 0 
Jibs_PC#527345970073109504 attack 3 2
Jibs_PC#527345970073109504 roll 3
Jibs_PC#527345970073109504 roll 1
DICE 3 1 5 5 4 4 
Jibs_PC#527345970073109504 move 3
Jibs_PC#527345970073109504 endattack
Jibs_PC#527345970073109504 movearmies 2 6 2
CARD 13
Jibs_PC#527345970073109504 placearmies 16 2
Jibs_PC#527345970073109504 placearmies 16 1
Jibs_PC#527345970073109504 attack 16 15
Jibs_PC#527345970073109504 roll 3
Jibs_PC#527345970073109504 roll 1
DICE 3 1 5 4 0 0 
Jibs_PC#527345970073109504 move 8
Jibs_PC#527345970073109504 attack 15 14
Jibs_PC#527345970073109504 roll 3
Jibs_PC#527345970073109504 roll 1
DICE 3 1 5 4 0 5 
Jibs_PC#527345970073109504 roll 3
Jibs_PC#527345970073109504 roll 1
DICE 3 1 4 2 1 2 
Jibs_PC#527345970073109504 move 6
Jibs_PC#527345970073109504 attack 14 6
Jibs_PC#527345970073109504 roll 3
Jibs_PC#527345970073109504 roll 2
DICE 3 2 3 0 0 5 4 
Jibs_PC#527345970073109504 roll 3
Jibs_PC#527345970073109504 roll 2
DICE 3 2 5 1 0 4 1 
Jibs_PC#527345970073109504 retreat
Jibs_PC#527345970073109504 attack 14 17
Jibs_PC#527345970073109504 roll 2
Jibs_PC#527345970073109504 roll 1
DICE 2 1 1 1 4 
Jibs_PC#527345970073109504 retreat
Jibs_PC#527345970073109504 endattack
Jibs_PC#527345970073109504 nomove
CARD 1
Jibs_PC#527345970073109504 placearmies 34 3
Jibs_PC#527345970073109504 attack 34 38
Jibs_PC#527345970073109504 roll 3
Jibs_PC#527345970073109504 roll 1
DICE 3 1 5 5 5 1 
Jibs_PC#527345970073109504 move 10
Jibs_PC#527345970073109504 attack 38 1
Jibs_PC#527345970073109504 roll 3
Jibs_PC#527345970073109504 roll 1
DICE 3 1 5 3 3 0 
Jibs_PC#527345970073109504 move 9
Jibs_PC#527345970073109504 attack 1 3
Jibs_PC#527345970073109504 roll 3
Jibs_PC#527345970073109504 roll 2
DICE 3 2 4 2 0 3 0 
Jibs_PC#527345970073109504 roll 3
Jibs_PC#527345970073109504 roll 2
DICE 3 2 5 4 3 2 1 
Jibs_PC#527345970073109504 retreat
Jibs_PC#527345970073109504 endattack
Jibs_PC#527345970073109504 nomove
CARD 37
Jibs_PC#527345970073109504 placearmies 13 3
Jibs_PC#527345970073109504 attack 13 11
Jibs_PC#527345970073109504 roll 3
Jibs_PC#527345970073109504 roll 2
DICE 3 2 5 5 1 4 4 
Jibs_PC#527345970073109504 roll 3
Jibs_PC#527345970073109504 roll 1
DICE 3 1 5 5 3 5 
Jibs_PC#527345970073109504 roll 3
Jibs_PC#527345970073109504 roll 1
DICE 3 1 4 2 0 5 
Jibs_PC#527345970073109504 roll 2
Jibs_PC#527345970073109504 roll 1
DICE 2 1 4 1 1 
Jibs_PC#527345970073109504 endattack
Jibs_PC#527345970073109504 nomove
CARD 12
Jibs_PC#527345970073109504 placearmies 12 3
Jibs_PC#527345970073109504 attack 12 11
Jibs_PC#527345970073109504 roll 3
Jibs_PC#527345970073109504 roll 2
DICE 3 2 2 1 1 4 2 
Jibs_PC#527345970073109504 retreat
Jibs_PC#527345970073109504 endattack
Jibs_PC#527345970073109504 nomove
CARD 
Jibs_PC#527345970073109504 placearmies 33 1
Jibs_PC#527345970073109504 placearmies 33 4
Jibs_PC#527345970073109504 attack 33 32
Jibs_PC#527345970073109504 roll 3
Jibs_PC#527345970073109504 roll 1
DICE 3 1 5 3 2 2 
Jibs_PC#527345970073109504 move 7
Jibs_PC#527345970073109504 attack 32 31
Jibs_PC#527345970073109504 roll 3
Jibs_PC#527345970073109504 roll 1
DICE 3 1 4 3 3 2 
Jibs_PC#527345970073109504 move 5
Jibs_PC#527345970073109504 attack 31 30
Jibs_PC#527345970073109504 roll 3
Jibs_PC#527345970073109504 roll 1
DICE 3 1 5 5 1 5 
Jibs_PC#527345970073109504 roll 3
Jibs_PC#527345970073109504 roll 1
DICE 3 1 3 2 1 0 
Jibs_PC#527345970073109504 endattack
Jibs_PC#527345970073109504 movearmies 32 29 1
CARD 18
Jibs_PC#527345970073109504 placearmies 3 3
Jibs_PC#527345970073109504 endattack
Jibs_PC#527345970073109504 movearmies 7 6 1
CARD 
Jibs_PC#527345970073109504 placearmies 14 2
Jibs_PC#527345970073109504 placearmies 14 1
Jibs_PC#527345970073109504 attack 14 17
Jibs_PC#527345970073109504 roll 3
Jibs_PC#527345970073109504 roll 1
DICE 3 1 5 5 2 1 
Jibs_PC#527345970073109504 move 4
Jibs_PC#527345970073109504 attack 17 18
Jibs_PC#527345970073109504 roll 3
Jibs_PC#527345970073109504 roll 1
DICE 3 1 5 2 1 0 
Jibs_PC#527345970073109504 attack 18 19
Jibs_PC#527345970073109504 roll 2
Jibs_PC#527345970073109504 roll 1
DICE 2 1 2 0 1 
Jibs_PC#527345970073109504 endattack
Jibs_PC#527345970073109504 nomove
CARD 20
Jibs_PC#527345970073109504 placearmies 1 3
Jibs_PC#527345970073109504 attack 1 3
Jibs_PC#527345970073109504 roll 3
Jibs_PC#527345970073109504 roll 2
DICE 3 2 5 4 1 5 2 
Jibs_PC#527345970073109504 roll 3
Jibs_PC#527345970073109504 roll 2
DICE 3 2 2 2 1 1 0 
Jibs_PC#527345970073109504 retreat
Jibs_PC#527345970073109504 attack 1 2
Jibs_PC#527345970073109504 roll 3
Jibs_PC#527345970073109504 roll 1
DICE 3 1 5 1 0 3 
Jibs_PC#527345970073109504 move 10
Jibs_PC#527345970073109504 attack 2 6
Jibs_PC#527345970073109504 roll 3
Jibs_PC#527345970073109504 roll 2
DICE 3 2 3 2 1 5 3 
Jibs_PC#527345970073109504 roll 3
Jibs_PC#527345970073109504 roll 2
DICE 3 2 5 5 0 4 3 
Jibs_PC#527345970073109504 retreat
Jibs_PC#527345970073109504 attack 2 3
Jibs_PC#527345970073109504 roll 3
Jibs_PC#527345970073109504 roll 2
DICE 3 2 3 2 1 3 1 
Jibs_PC#527345970073109504 roll 3
Jibs_PC#527345970073109504 roll 1
DICE 3 1 4 3 0 3 
Jibs_PC#527345970073109504 move 6
Jibs_PC#527345970073109504 attack 3 4
Jibs_PC#527345970073109504 roll 3
Jibs_PC#527345970073109504 roll 1
DICE 3 1 5 1 1 4 
Jibs_PC#527345970073109504 move 5
Jibs_PC#527345970073109504 attack 4 5
Jibs_PC#527345970073109504 roll 3
Jibs_PC#527345970073109504 roll 1
DICE 3 1 3 2 2 1 
Jibs_PC#527345970073109504 move 4
Jibs_PC#527345970073109504 attack 5 9
Jibs_PC#527345970073109504 roll 3
Jibs_PC#527345970073109504 roll 1
DICE 3 1 1 1 0 5 
Jibs_PC#527345970073109504 roll 2
Jibs_PC#527345970073109504 roll 1
DICE 2 1 5 1 2 
Jibs_PC#527345970073109504 endattack
Jibs_PC#527345970073109504 nomove
CARD 42
Jibs_PC#527345970073109504 placearmies 11 3
Jibs_PC#527345970073109504 attack 11 12
Jibs_PC#527345970073109504 roll 3
Jibs_PC#527345970073109504 roll 2
DICE 3 2 4 3 0 0 0 
Jibs_PC#527345970073109504 move 4
Jibs_PC#527345970073109504 attack 12 10
Jibs_PC#527345970073109504 roll 3
Jibs_PC#527345970073109504 roll 1
DICE 3 1 1 1 1 4 
Jibs_PC#527345970073109504 roll 2
Jibs_PC#527345970073109504 roll 1
DICE 2 1 1 0 1 
Jibs_PC#527345970073109504 retreat
Jibs_PC#527345970073109504 endattack
Jibs_PC#527345970073109504 nomove
CARD 3
Jibs_PC#527345970073109504 placearmies 10 3
Jibs_PC#527345970073109504 attack 10 11
Jibs_PC#527345970073109504 roll 3
Jibs_PC#527345970073109504 roll 1
DICE 3 1 5 4 1 3 
Jibs_PC#527345970073109504 attack 11 13
Jibs_PC#527345970073109504 roll 2
Jibs_PC#527345970073109504 roll 1
DICE 2 1 2 1 4 
Jibs_PC#527345970073109504 retreat
Jibs_PC#527345970073109504 endattack
Jibs_PC#527345970073109504 nomove
CARD 34
Jibs_PC#527345970073109504 placearmies 30 1
Jibs_PC#527345970073109504 placearmies 31 1
Jibs_PC#527345970073109504 placearmies 29 3
Jibs_PC#527345970073109504 attack 30 16
Jibs_PC#527345970073109504 roll 3
Jibs_PC#527345970073109504 roll 1
DICE 3 1 4 3 2 0 
Jibs_PC#527345970073109504 attack 29 28
Jibs_PC#527345970073109504 roll 3
Jibs_PC#527345970073109504 roll 1
DICE 3 1 5 1 1 4 
Jibs_PC#527345970073109504 move 3
Jibs_PC#527345970073109504 endattack
Jibs_PC#527345970073109504 movearmies 40 39 2
CARD 19
Jibs_PC#527345970073109504 placearmies 7 3
Jibs_PC#527345970073109504 attack 7 2
Jibs_PC#527345970073109504 roll 3
Jibs_PC#527345970073109504 roll 1
DICE 3 1 4 3 1 3 
Jibs_PC#527345970073109504 endattack
Jibs_PC#527345970073109504 nomove
CARD 26
Jibs_PC#527345970073109504 placearmies 19 2
Jibs_PC#527345970073109504 placearmies 18 1
Jibs_PC#527345970073109504 attack 19 21
Jibs_PC#527345970073109504 roll 3
Jibs_PC#527345970073109504 roll 1
DICE 3 1 5 3 2 4 
Jibs_PC#527345970073109504 endattack
Jibs_PC#527345970073109504 movearmies 21 19 2
CARD 17
Jibs_PC#527345970073109504 trade 35 37 42
Jibs_PC#527345970073109504 placearmies 35 1
Jibs_PC#527345970073109504 placearmies 9 6
Jibs_PC#527345970073109504 attack 9 7
Jibs_PC#527345970073109504 roll 3
Jibs_PC#527345970073109504 roll 1
DICE 3 1 3 1 0 0 
Jibs_PC#527345970073109504 move 7
Jibs_PC#527345970073109504 attack 7 2
Jibs_PC#527345970073109504 roll 3
Jibs_PC#527345970073109504 roll 2
DICE 3 2 3 0 0 3 3 
Jibs_PC#527345970073109504 roll 3
Jibs_PC#527345970073109504 roll 2
DICE 3 2 3 3 2 4 3 
Jibs_PC#527345970073109504 retreat
Jibs_PC#527345970073109504 attack 7 8
Jibs_PC#527345970073109504 roll 2
Jibs_PC#527345970073109504 roll 1
DICE 2 1 3 0 4 
Jibs_PC#527345970073109504 retreat
Jibs_PC#527345970073109504 endattack
Jibs_PC#527345970073109504 nomove
CARD 28
Jibs_PC#527345970073109504 placearmies 12 3
Jibs_PC#527345970073109504 attack 12 11
Jibs_PC#527345970073109504 roll 3
Jibs_PC#527345970073109504 roll 2
DICE 3 2 4 4 3 4 0 
Jibs_PC#527345970073109504 roll 3
Jibs_PC#527345970073109504 roll 1
DICE 3 1 4 0 0 2 
Jibs_PC#527345970073109504 attack 11 10
Jibs_PC#527345970073109504 roll 2
Jibs_PC#527345970073109504 roll 1
DICE 2 1 3 0 0 
Jibs_PC#527345970073109504 attack 36 29
Jibs_PC#527345970073109504 roll 3
Jibs_PC#527345970073109504 roll 2
DICE 3 2 5 4 4 3 3 
Jibs_PC#527345970073109504 move 6
Jibs_PC#527345970073109504 attack 29 33
Jibs_PC#527345970073109504 roll 3
Jibs_PC#527345970073109504 roll 1
DICE 3 1 4 1 1 4 
Jibs_PC#527345970073109504 roll 3
Jibs_PC#527345970073109504 roll 1
DICE 3 1 3 2 1 0 
Jibs_PC#527345970073109504 move 4
Jibs_PC#527345970073109504 endattack
Jibs_PC#527345970073109504 nomove
CARD 36
Jibs_PC#527345970073109504 placearmies 23 3
Jibs_PC#527345970073109504 attack 23 21
Jibs_PC#527345970073109504 roll 3
Jibs_PC#527345970073109504 roll 1
DICE 3 1 3 3 2 0 
Jibs_PC#527345970073109504 attack 21 22
Jibs_PC#527345970073109504 roll 2
Jibs_PC#527345970073109504 roll 1
DICE 2 1 3 0 5 
Jibs_PC#527345970073109504 retreat
Jibs_PC#527345970073109504 endattack
Jibs_PC#527345970073109504 nomove
CARD 25
Jibs_PC#527345970073109504 placearmies 39 1
Jibs_PC#527345970073109504 placearmies 28 4
Jibs_PC#527345970073109504 attack 28 29
Jibs_PC#527345970073109504 roll 3
Jibs_PC#527345970073109504 roll 1
DICE 3 1 5 4 1 0 
Jibs_PC#527345970073109504 move 6
Jibs_PC#527345970073109504 attack 29 36
Jibs_PC#527345970073109504 roll 3
Jibs_PC#527345970073109504 roll 1
DICE 3 1 4 3 1 5 
Jibs_PC#527345970073109504 roll 3
Jibs_PC#527345970073109504 roll 1
DICE 3 1 2 2 0 0 
Jibs_PC#527345970073109504 move 4
Jibs_PC#527345970073109504 attack 36 38
Jibs_PC#527345970073109504 roll 3
Jibs_PC#527345970073109504 roll 1
DICE 3 1 5 1 0 5 
Jibs_PC#527345970073109504 roll 2
Jibs_PC#527345970073109504 roll 1
DICE 2 1 2 2 0 
Jibs_PC#527345970073109504 endattack
Jibs_PC#527345970073109504 movearmies 40 39 1
CARD 4
Jibs_PC#527345970073109504 placearmies 2 1
Jibs_PC#527345970073109504 placearmies 2 1
Jibs_PC#527345970073109504 placearmies 8 1
Jibs_PC#527345970073109504 attack 2 7
Jibs_PC#527345970073109504 roll 3
Jibs_PC#527345970073109504 roll 2
DICE 3 2 3 2 1 4 3 
Jibs_PC#527345970073109504 retreat
Jibs_PC#527345970073109504 attack 2 1
Jibs_PC#527345970073109504 roll 2
Jibs_PC#527345970073109504 roll 1
DICE 2 1 5 3 4 
Jibs_PC#527345970073109504 endattack
Jibs_PC#527345970073109504 nomove
CARD 16
Jibs_PC#527345970073109504 trade 5 20 17
Jibs_PC#527345970073109504 placearmies 20 1
Jibs_PC#527345970073109504 placearmies 20 4
Jibs_PC#527345970073109504 placearmies 20 4
Jibs_PC#527345970073109504 attack 20 16
Jibs_PC#527345970073109504 roll 3
Jibs_PC#527345970073109504 roll 2
DICE 3 2 4 2 0 3 0 
Jibs_PC#527345970073109504 roll 3
Jibs_PC#527345970073109504 roll 1
DICE 3 1 4 4 0 1 
Jibs_PC#527345970073109504 move 10
Jibs_PC#527345970073109504 endattack
Jibs_PC#527345970073109504 movearmies 16 20 3
CARD 14
Jibs_PC#527345970073109504 placearmies 7 3
Jibs_PC#527345970073109504 attack 7 8
Jibs_PC#527345970073109504 roll 3
Jibs_PC#527345970073109504 roll 2
DICE 3 2 5 4 4 2 1 
Jibs_PC#527345970073109504 move 4
Jibs_PC#527345970073109504 attack 8 6
Jibs_PC#527345970073109504 roll 3
Jibs_PC#527345970073109504 roll 1
DICE 3 1 5 3 3 5 
Jibs_PC#527345970073109504 roll 2
Jibs_PC#527345970073109504 roll 1
DICE 2 1 1 0 5 
Jibs_PC#527345970073109504 retreat
Jibs_PC#527345970073109504 endattack
Jibs_PC#527345970073109504 nomove
CARD 27
Jibs_PC#527345970073109504 trade 33 12 36
Jibs_PC#527345970073109504 placearmies 12 1
Jibs_PC#527345970073109504 placearmies 33 10
Jibs_PC#527345970073109504 placearmies 33 2
Jibs_PC#527345970073109504 attack 33 32
Jibs_PC#527345970073109504 roll 3
Jibs_PC#527345970073109504 roll 1
DICE 3 1 5 5 4 1 
Jibs_PC#527345970073109504 move 17
Jibs_PC#527345970073109504 attack 32 31
Jibs_PC#527345970073109504 roll 3
Jibs_PC#527345970073109504 roll 2
DICE 3 2 2 2 1 3 2 
Jibs_PC#527345970073109504 roll 3
Jibs_PC#527345970073109504 roll 2
DICE 3 2 5 5 2 5 0 
Jibs_PC#527345970073109504 roll 3
Jibs_PC#527345970073109504 roll 1
DICE 3 1 5 2 2 4 
Jibs_PC#527345970073109504 move 13
Jibs_PC#527345970073109504 attack 31 20
Jibs_PC#527345970073109504 roll 3
Jibs_PC#527345970073109504 roll 2
DICE 3 2 1 1 0 5 2 
Jibs_PC#527345970073109504 roll 3
Jibs_PC#527345970073109504 roll 2
DICE 3 2 5 2 2 2 1 
Jibs_PC#527345970073109504 roll 3
Jibs_PC#527345970073109504 roll 2
DICE 3 2 5 4 1 2 2 
Jibs_PC#527345970073109504 roll 3
Jibs_PC#527345970073109504 roll 1
DICE 3 1 3 3 1 5 
Jibs_PC#527345970073109504 roll 3
Jibs_PC#527345970073109504 roll 1
DICE 3 1 4 2 0 1 
Jibs_PC#527345970073109504 move 9
Jibs_PC#527345970073109504 attack 20 22
Jibs_PC#527345970073109504 roll 3
Jibs_PC#527345970073109504 roll 1
DICE 3 1 5 2 2 1 
Jibs_PC#527345970073109504 move 8
Jibs_PC#527345970073109504 attack 22 24
Jibs_PC#527345970073109504 roll 3
Jibs_PC#527345970073109504 roll 1
DICE 3 1 4 1 1 0 
Jibs_PC#527345970073109504 move 7
Jibs_PC#527345970073109504 attack 24 23
Jibs_PC#527345970073109504 roll 3
Jibs_PC#527345970073109504 roll 1
DICE 3 1 4 4 3 5 
Jibs_PC#527345970073109504 roll 3
Jibs_PC#527345970073109504 roll 1
DICE 3 1 3 2 1 0 
Jibs_PC#527345970073109504 move 5
Jibs_PC#527345970073109504 endattack
Jibs_PC#527345970073109504 nomove
CARD 11
Jibs_PC#527345970073109504 trade 21 34 25
Jibs_PC#527345970073109504 placearmies 21 13
Jibs_PC#527345970073109504 attack 21 12
Jibs_PC#527345970073109504 roll 3
Jibs_PC#527345970073109504 roll 2
DICE 3 2 5 3 2 5 3 
Jibs_PC#527345970073109504 roll 3
Jibs_PC#527345970073109504 roll 2
DICE 3 2 3 2 1 5 4 
Jibs_PC#527345970073109504 roll 3
Jibs_PC#527345970073109504 roll 2
DICE 3 2 4 3 0 4 2 
Jibs_PC#527345970073109504 roll 3
Jibs_PC#527345970073109504 roll 1
DICE 3 1 4 3 0 5 
Jibs_PC#527345970073109504 roll 3
Jibs_PC#527345970073109504 roll 1
DICE 3 1 5 4 0 1 
Jibs_PC#527345970073109504 move 10
Jibs_PC#527345970073109504 attack 12 10
Jibs_PC#527345970073109504 roll 3
Jibs_PC#527345970073109504 roll 2
DICE 3 2 5 3 2 5 2 
Jibs_PC#527345970073109504 roll 3
Jibs_PC#527345970073109504 roll 1
DICE 3 1 1 0 0 2 
Jibs_PC#527345970073109504 roll 3
Jibs_PC#527345970073109504 roll 1
DICE 3 1 3 1 0 0 
Jibs_PC#527345970073109504 move 7
Jibs_PC#527345970073109504 attack 10 11
Jibs_PC#527345970073109504 roll 3
Jibs_PC#527345970073109504 roll 1
DICE 3 1 4 2 1 2 
Jibs_PC#527345970073109504 move 5
Jibs_PC#527345970073109504 attack 11 13
Jibs_PC#527345970073109504 roll 3
Jibs_PC#527345970073109504 roll 1
DICE 3 1 1 0 0 0 
Jibs_PC#527345970073109504 move 3
Jibs_PC#527345970073109504 endattack
Jibs_PC#527345970073109504 movearmies 11 10 1
CARD 29
Jibs_PC#527345970073109504 placearmies 39 5
Jibs_PC#527345970073109504 attack 39 33
Jibs_PC#527345970073109504 roll 3
Jibs_PC#527345970073109504 roll 1
DICE 3 1 5 1 0 0 
Jibs_PC#527345970073109504 move 9
Jibs_PC#527345970073109504 attack 33 32
Jibs_PC#527345970073109504 roll 3
Jibs_PC#527345970073109504 roll 1
DICE 3 1 4 1 0 4 
Jibs_PC#527345970073109504 roll 3
Jibs_PC#527345970073109504 roll 1
DICE 3 1 3 3 0 5 
Jibs_PC#527345970073109504 retreat
Jibs_PC#527345970073109504 attack 33 32
Jibs_PC#527345970073109504 roll 3
Jibs_PC#527345970073109504 roll 1
DICE 3 1 5 3 1 1 
Jibs_PC#527345970073109504 move 6
Jibs_PC#527345970073109504 attack 32 31
Jibs_PC#527345970073109504 roll 3
Jibs_PC#527345970073109504 roll 1
DICE 3 1 3 0 0 1 
Jibs_PC#527345970073109504 move 5
Jibs_PC#527345970073109504 attack 31 22
Jibs_PC#527345970073109504 roll 3
Jibs_PC#527345970073109504 roll 1
DICE 3 1 4 4 3 4 
Jibs_PC#527345970073109504 roll 3
Jibs_PC#527345970073109504 roll 1
DICE 3 1 5 2 1 4 
Jibs_PC#527345970073109504 endattack
Jibs_PC#527345970073109504 movearmies 22 31 2
CARD wildcard
Jibs_PC#527345970073109504 placearmies 1 2
Jibs_PC#527345970073109504 placearmies 1 1
Jibs_PC#527345970073109504 attack 1 3
Jibs_PC#527345970073109504 roll 3
Jibs_PC#527345970073109504 roll 1
DICE 3 1 3 1 0 3 
Jibs_PC#527345970073109504 roll 3
Jibs_PC#527345970073109504 roll 1
DICE 3 1 3 0 0 1 
Jibs_PC#527345970073109504 endattack
Jibs_PC#527345970073109504 nomove
CARD 38
Jibs_PC#527345970073109504 placearmies 16 1
Jibs_PC#527345970073109504 placearmies 16 2
Jibs_PC#527345970073109504 attack 19 20
Jibs_PC#527345970073109504 roll 2
Jibs_PC#527345970073109504 roll 1
DICE 2 1 3 1 2 
Jibs_PC#527345970073109504 endattack
Jibs_PC#527345970073109504 movearmies 16 20 2
CARD 15
Jibs_PC#527345970073109504 placearmies 8 3
Jibs_PC#527345970073109504 attack 8 6
Jibs_PC#527345970073109504 roll 3
Jibs_PC#527345970073109504 roll 1
DICE 3 1 5 0 0 4 
Jibs_PC#527345970073109504 move 4
Jibs_PC#527345970073109504 attack 6 14
Jibs_PC#527345970073109504 roll 3
Jibs_PC#527345970073109504 roll 1
DICE 3 1 0 0 0 2 
Jibs_PC#527345970073109504 roll 2
Jibs_PC#527345970073109504 roll 1
DICE 2 1 5 1 0 
Jibs_PC#527345970073109504 endattack
Jibs_PC#527345970073109504 nomove
CARD 7
Jibs_PC#527345970073109504 placearmies 23 3
Jibs_PC#527345970073109504 attack 23 21
Jibs_PC#527345970073109504 roll 3
Jibs_PC#527345970073109504 roll 1
DICE 3 1 2 1 0 4 
Jibs_PC#527345970073109504 roll 3
Jibs_PC#527345970073109504 roll 1
DICE 3 1 2 1 0 4 
Jibs_PC#527345970073109504 roll 3
Jibs_PC#527345970073109504 roll 1
DICE 3 1 5 2 0 0 
Jibs_PC#527345970073109504 move 5
Jibs_PC#527345970073109504 attack 21 12
Jibs_PC#527345970073109504 roll 3
Jibs_PC#527345970073109504 roll 1
DICE 3 1 5 3 2 3 
Jibs_PC#527345970073109504 move 4
Jibs_PC#527345970073109504 endattack
Jibs_PC#527345970073109504 nomove
CARD 39
Jibs_PC#527345970073109504 placearmies 10 1
Jibs_PC#527345970073109504 placearmies 10 1
Jibs_PC#527345970073109504 placearmies 10 1
Jibs_PC#527345970073109504 attack 10 12
Jibs_PC#527345970073109504 roll 3
Jibs_PC#527345970073109504 roll 2
DICE 3 2 5 3 2 5 4 
Jibs_PC#527345970073109504 roll 3
Jibs_PC#527345970073109504 roll 2
DICE 3 2 4 2 1 3 2 
Jibs_PC#527345970073109504 retreat
Jibs_PC#527345970073109504 attack 10 5
Jibs_PC#527345970073109504 roll 2
Jibs_PC#527345970073109504 roll 1
DICE 2 1 0 0 0 
Jibs_PC#527345970073109504 retreat
Jibs_PC#527345970073109504 attack 13 12
Jibs_PC#527345970073109504 roll 2
Jibs_PC#527345970073109504 roll 2
DICE 2 2 5 3 1 0 
Jibs_PC#527345970073109504 roll 2
Jibs_PC#527345970073109504 roll 1
DICE 2 1 5 2 1 
Jibs_PC#527345970073109504 endattack
Jibs_PC#527345970073109504 nomove
CARD 40
Jibs_PC#527345970073109504 trade 6 19 wildcard
Jibs_PC#527345970073109504 placearmies 29 1
Jibs_PC#527345970073109504 placearmies 30 1
Jibs_PC#527345970073109504 placearmies 38 2
Jibs_PC#527345970073109504 placearmies 30 6
Jibs_PC#527345970073109504 placearmies 31 5
Jibs_PC#527345970073109504 placearmies 38 1
Jibs_PC#527345970073109504 attack 38 37
Jibs_PC#527345970073109504 roll 3
Jibs_PC#527345970073109504 roll 1
DICE 3 1 5 3 0 1 
Jibs_PC#527345970073109504 move 3
Jibs_PC#527345970073109504 attack 31 20
Jibs_PC#527345970073109504 roll 3
Jibs_PC#527345970073109504 roll 2
DICE 3 2 4 2 1 3 1 
Jibs_PC#527345970073109504 roll 3
Jibs_PC#527345970073109504 roll 2
DICE 3 2 1 1 1 5 5 
Jibs_PC#527345970073109504 roll 3
Jibs_PC#527345970073109504 roll 2
DICE 3 2 3 1 1 3 2 
Jibs_PC#527345970073109504 roll 3
Jibs_PC#527345970073109504 roll 2
DICE 3 2 5 4 2 5 1 
Jibs_PC#527345970073109504 roll 2
Jibs_PC#527345970073109504 roll 1
DICE 2 1 3 0 2 
Jibs_PC#527345970073109504 attack 30 16
Jibs_PC#527345970073109504 roll 3
Jibs_PC#527345970073109504 roll 2
DICE 3 2 3 1 1 5 5 
Jibs_PC#527345970073109504 roll 3
Jibs_PC#527345970073109504 roll 2
DICE 3 2 1 1 0 5 3 
Jibs_PC#527345970073109504 retreat
Jibs_PC#527345970073109504 endattack
Jibs_PC#527345970073109504 movearmies 20 31 1
CARD 30
Jibs_PC#527345970073109504 trade 13 16 38
Jibs_PC#527345970073109504 placearmies 3 1
Jibs_PC#527345970073109504 placearmies 3 12
Jibs_PC#527345970073109504 attack 3 4
Jibs_PC#527345970073109504 roll 3
Jibs_PC#527345970073109504 roll 1
DICE 3 1 4 0 0 0 
Jibs_PC#527345970073109504 move 15
Jibs_PC#527345970073109504 attack 4 5
Jibs_PC#527345970073109504 roll 3
Jibs_PC#527345970073109504 roll 1
DICE 3 1 5 4 0 5 
Jibs_PC#527345970073109504 roll 3
Jibs_PC#527345970073109504 roll 1
DICE 3 1 3 2 0 5 
Jibs_PC#527345970073109504 roll 3
Jibs_PC#527345970073109504 roll 1
DICE 3 1 5 0 0 4 
Jibs_PC#527345970073109504 move 12
Jibs_PC#527345970073109504 attack 5 9
Jibs_PC#527345970073109504 roll 3
Jibs_PC#527345970073109504 roll 1
DICE 3 1 4 1 0 1 
Jibs_PC#527345970073109504 move 11
Jibs_PC#527345970073109504 attack 9 7
Jibs_PC#527345970073109504 roll 3
Jibs_PC#527345970073109504 roll 1
DICE 3 1 5 5 2 1 
Jibs_PC#527345970073109504 move 10
Jibs_PC#527345970073109504 attack 7 6
Jibs_PC#527345970073109504 roll 3
Jibs_PC#527345970073109504 roll 1
DICE 3 1 4 0 0 1 
Jibs_PC#527345970073109504 move 9
Jibs_PC#527345970073109504 attack 6 8
Jibs_PC#527345970073109504 roll 3
Jibs_PC#527345970073109504 roll 1
DICE 3 1 4 1 0 0 
Jibs_PC#527345970073109504 move 3
Jibs_PC#527345970073109504 endattack
Jibs_PC#527345970073109504 movearmies 8 6 2
CARD 23
Jibs_PC#527345970073109504 placearmies 16 3
Jibs_PC#527345970073109504 attack 16 20
Jibs_PC#527345970073109504 roll 3
Jibs_PC#527345970073109504 roll 1
DICE 3 1 4 3 2 1 
Jibs_PC#527345970073109504 move 10
Jibs_PC#527345970073109504 attack 20 21
Jibs_PC#527345970073109504 roll 3
Jibs_PC#527345970073109504 roll 1
DICE 3 1 4 2 2 3 
Jibs_PC#527345970073109504 move 9
Jibs_PC#527345970073109504 attack 21 12
Jibs_PC#527345970073109504 roll 3
Jibs_PC#527345970073109504 roll 2
DICE 3 2 2 1 1 5 3 
Jibs_PC#527345970073109504 roll 3
Jibs_PC#527345970073109504 roll 2
DICE 3 2 5 5 5 3 1 
Jibs_PC#527345970073109504 move 6
Jibs_PC#527345970073109504 attack 12 10
Jibs_PC#527345970073109504 roll 3
Jibs_PC#527345970073109504 roll 2
DICE 3 2 3 2 0 0 0 
Jibs_PC#527345970073109504 move 5
Jibs_PC#527345970073109504 attack 10 5
Jibs_PC#527345970073109504 roll 3
Jibs_PC#527345970073109504 roll 1
DICE 3 1 5 5 4 3 
Jibs_PC#527345970073109504 move 4
Jibs_PC#527345970073109504 endattack
Jibs_PC#527345970073109504 movearmies 18 20 1
CARD 10
Jibs_PC#527345970073109504 placearmies 35 1
Jibs_PC#527345970073109504 placearmies 35 2
Jibs_PC#527345970073109504 attack 35 27
Jibs_PC#527345970073109504 roll 3
Jibs_PC#527345970073109504 roll 1
DICE 3 1 4 2 1 5 
Jibs_PC#527345970073109504 roll 3
Jibs_PC#527345970073109504 roll 1
DICE 3 1 4 2 0 5 
Jibs_PC#527345970073109504 retreat
Jibs_PC#527345970073109504 attack 35 38
Jibs_PC#527345970073109504 roll 3
Jibs_PC#527345970073109504 roll 2
DICE 3 2 2 1 0 5 2 
Jibs_PC#527345970073109504 retreat
Jibs_PC#527345970073109504 attack 35 36
Jibs_PC#527345970073109504 roll 2
Jibs_PC#527345970073109504 roll 1
DICE 2 1 5 3 2 
Jibs_PC#527345970073109504 endattack
Jibs_PC#527345970073109504 nomove
CARD 31
Jibs_PC#527345970073109504 placearmies 25 3
Jibs_PC#527345970073109504 attack 25 26
Jibs_PC#527345970073109504 roll 3
Jibs_PC#527345970073109504 roll 1
DICE 3 1 5 4 1 3 
Jibs_PC#527345970073109504 endattack
Jibs_PC#527345970073109504 movearmies 26 24 2
CARD 9
Jibs_PC#527345970073109504 placearmies 11 3
Jibs_PC#527345970073109504 attack 11 10
Jibs_PC#527345970073109504 roll 3
Jibs_PC#527345970073109504 roll 1
DICE 3 1 5 3 3 3 
Jibs_PC#527345970073109504 attack 10 12
Jibs_PC#527345970073109504 roll 2
Jibs_PC#527345970073109504 roll 1
DICE 2 1 5 3 4 
Jibs_PC#527345970073109504 endattack
Jibs_PC#527345970073109504 nomove
CARD 8
Jibs_PC#527345970073109504 placearmies 29 6
Jibs_PC#527345970073109504 attack 29 36
Jibs_PC#527345970073109504 roll 3
Jibs_PC#527345970073109504 roll 2
DICE 3 2 4 3 2 4 2 
Jibs_PC#527345970073109504 roll 3
Jibs_PC#527345970073109504 roll 1
DICE 3 1 5 4 2 2 
Jibs_PC#527345970073109504 move 5
Jibs_PC#527345970073109504 attack 36 35
Jibs_PC#527345970073109504 roll 3
Jibs_PC#527345970073109504 roll 1
DICE 3 1 5 4 0 4 
Jibs_PC#527345970073109504 move 4
Jibs_PC#527345970073109504 attack 35 34
Jibs_PC#527345970073109504 roll 3
Jibs_PC#527345970073109504 roll 1
DICE 3 1 4 4 1 0 
Jibs_PC#527345970073109504 attack 34 27
Jibs_PC#527345970073109504 roll 2
Jibs_PC#527345970073109504 roll 1
DICE 2 1 5 2 1 
Jibs_PC#527345970073109504 endattack
Jibs_PC#527345970073109504 movearmies 37 38 2
CARD 24
Jibs_PC#527345970073109504 placearmies 6 3
Jibs_PC#527345970073109504 attack 6 14
Jibs_PC#527345970073109504 roll 3
Jibs_PC#527345970073109504 roll 2
DICE 3 2 5 2 2 5 5 
Jibs_PC#527345970073109504 roll 3
Jibs_PC#527345970073109504 roll 2
DICE 3 2 3 1 0 3 2 
Jibs_PC#527345970073109504 roll 3
Jibs_PC#527345970073109504 roll 2
DICE 3 2 2 0 0 2 0 
Jibs_PC#527345970073109504 roll 3
Jibs_PC#527345970073109504 roll 2
DICE 3 2 4 3 2 3 1 
Jibs_PC#527345970073109504 move 4
Jibs_PC#527345970073109504 trade 26 23 27
Jibs_PC#527345970073109504 placearmies 1 8
Jibs_PC#527345970073109504 placearmies 1 1
Jibs_PC#527345970073109504 placearmies 9 1
Jibs_PC#527345970073109504 attack 1 38
Jibs_PC#527345970073109504 roll 3
Jibs_PC#527345970073109504 roll 2
DICE 3 2 4 3 2 4 1 
Jibs_PC#527345970073109504 roll 3
Jibs_PC#527345970073109504 roll 2
DICE 3 2 4 2 2 2 1 
Jibs_PC#527345970073109504 roll 3
Jibs_PC#527345970073109504 roll 1
DICE 3 1 3 1 0 1 
Jibs_PC#527345970073109504 move 8
Jibs_PC#527345970073109504 attack 38 37
Jibs_PC#527345970073109504 roll 3
Jibs_PC#527345970073109504 roll 1
DICE 3 1 4 3 2 5 
Jibs_PC#527345970073109504 roll 3
Jibs_PC#527345970073109504 roll 1
DICE 3 1 2 2 0 4 
Jibs_PC#527345970073109504 roll 3
Jibs_PC#527345970073109504 roll 1
DICE 3 1 2 2 1 0 
Jibs_PC#527345970073109504 move 5
Jibs_PC#527345970073109504 attack 37 36
Jibs_PC#527345970073109504 roll 3
Jibs_PC#527345970073109504 roll 1
DICE 3 1 5 4 1 4 
Jibs_PC#527345970073109504 move 4
Jibs_PC#527345970073109504 endattack
Jibs_PC#527345970073109504 movearmies 14 6 3
CARD 32
Jibs_PC#527345970073109504 placearmies 15 3
Jibs_PC#527345970073109504 attack 15 14
Jibs_PC#527345970073109504 roll 3
Jibs_PC#527345970073109504 roll 1
DICE 3 1 3 1 0 5 
Jibs_PC#527345970073109504 roll 2
Jibs_PC#527345970073109504 roll 1
DICE 2 1 1 0 1 
Jibs_PC#527345970073109504 retreat
Jibs_PC#527345970073109504 attack 5 10
Jibs_PC#527345970073109504 roll 3
Jibs_PC#527345970073109504 roll 1
DICE 3 1 5 2 0 0 
Jibs_PC#527345970073109504 endattack
Jibs_PC#527345970073109504 nomove
CARD 22
Jibs_PC#527345970073109504 trade 3 11 9
Jibs_PC#527345970073109504 placearmies 24 1
Jibs_PC#527345970073109504 placearmies 23 8
Jibs_PC#527345970073109504 placearmies 24 4
Jibs_PC#527345970073109504 attack 23 21
Jibs_PC#527345970073109504 roll 3
Jibs_PC#527345970073109504 roll 1
DICE 3 1 5 4 0 5 
Jibs_PC#527345970073109504 roll 3
Jibs_PC#527345970073109504 roll 1
DICE 3 1 4 4 2 5 
Jibs_PC#527345970073109504 retreat
Jibs_PC#527345970073109504 attack 24 21
Jibs_PC#527345970073109504 roll 3
Jibs_PC#527345970073109504 roll 1
DICE 3 1 3 2 2 5 
Jibs_PC#527345970073109504 roll 3
Jibs_PC#527345970073109504 roll 1
DICE 3 1 5 3 1 5 
Jibs_PC#527345970073109504 retreat
Jibs_PC#527345970073109504 attack 23 21
Jibs_PC#527345970073109504 roll 3
Jibs_PC#527345970073109504 roll 1
DICE 3 1 4 4 1 4 
Jibs_PC#527345970073109504 roll 3
Jibs_PC#527345970073109504 roll 1
DICE 3 1 5 5 3 1 
Jibs_PC#527345970073109504 move 5
Jibs_PC#527345970073109504 attack 24 22
Jibs_PC#527345970073109504 roll 3
Jibs_PC#527345970073109504 roll 1
DICE 3 1 2 1 0 2 
Jibs_PC#527345970073109504 roll 3
Jibs_PC#527345970073109504 roll 1
DICE 3 1 5 0 0 2 
Jibs_PC#527345970073109504 move 4
Jibs_PC#527345970073109504 endattack
Jibs_PC#527345970073109504 nomove
CARD 41
Jibs_PC#527345970073109504 placearmies 12 3
Jibs_PC#527345970073109504 attack 12 10
Jibs_PC#527345970073109504 roll 3
Jibs_PC#527345970073109504 roll 2
DICE 3 2 3 3 1 5 3 
Jibs_PC#527345970073109504 retreat
Jibs_PC#527345970073109504 attack 12 10
Jibs_PC#527345970073109504 roll 2
Jibs_PC#527345970073109504 roll 2
DICE 2 2 5 4 2 2 
Jibs_PC#527345970073109504 roll 2
Jibs_PC#527345970073109504 roll 1
DICE 2 1 5 4 3 
Jibs_PC#527345970073109504 endattack
Jibs_PC#527345970073109504 nomove
CARD 2
Jibs_PC#527345970073109504 trade 18 4 24
Jibs_PC#527345970073109504 placearmies 29 2
Jibs_PC#527345970073109504 placearmies 31 2
Jibs_PC#527345970073109504 placearmies 35 11
Jibs_PC#527345970073109504 placearmies 35 1
Jibs_PC#527345970073109504 attack 29 36
Jibs_PC#527345970073109504 roll 3
Jibs_PC#527345970073109504 roll 2
DICE 3 2 5 1 0 5 3 
Jibs_PC#527345970073109504 retreat
Jibs_PC#527345970073109504 attack 35 38
Jibs_PC#527345970073109504 roll 3
Jibs_PC#527345970073109504 roll 1
DICE 3 1 5 5 2 5 
Jibs_PC#527345970073109504 roll 3
Jibs_PC#527345970073109504 roll 1
DICE 3 1 5 2 0 0 
Jibs_PC#527345970073109504 move 11
Jibs_PC#527345970073109504 attack 38 37
Jibs_PC#527345970073109504 roll 3
Jibs_PC#527345970073109504 roll 1
DICE 3 1 4 3 0 0 
Jibs_PC#527345970073109504 move 9
Jibs_PC#527345970073109504 attack 37 36
Jibs_PC#527345970073109504 roll 3
Jibs_PC#527345970073109504 roll 2
DICE 3 2 4 2 1 2 2 
Jibs_PC#527345970073109504 roll 3
Jibs_PC#527345970073109504 roll 2
DICE 3 2 5 1 0 4 0 
Jibs_PC#527345970073109504 roll 3
Jibs_PC#527345970073109504 roll 1
DICE 3 1 5 3 1 0 
Jibs_PC#527345970073109504 move 3
Jibs_PC#527345970073109504 endattack
Jibs_PC#527345970073109504 movearmies 37 38 4
CARD wildcard
Jibs_PC#527345970073109504 trade 28 31 32
Jibs_PC#527345970073109504 placearmies 9 2
Jibs_PC#527345970073109504 placearmies 1 10
Jibs_PC#527345970073109504 placearmies 9 1
Jibs_PC#527345970073109504 attack 1 38
Jibs_PC#527345970073109504 roll 3
Jibs_PC#527345970073109504 roll 2
DICE 3 2 5 5 1 4 0 
Jibs_PC#527345970073109504 roll 3
Jibs_PC#527345970073109504 roll 2
DICE 3 2 2 1 0 2 1 
Jibs_PC#527345970073109504 roll 3
Jibs_PC#527345970073109504 roll 2
DICE 3 2 4 2 1 1 1 
Jibs_PC#527345970073109504 roll 3
Jibs_PC#527345970073109504 roll 2
DICE 3 2 4 4 3 4 0 
Jibs_PC#527345970073109504 roll 3
Jibs_PC#527345970073109504 roll 1
DICE 3 1 5 5 3 5 
Jibs_PC#527345970073109504 roll 3
Jibs_PC#527345970073109504 roll 1
DICE 3 1 5 0 0 0 
Jibs_PC#527345970073109504 move 6
Jibs_PC#527345970073109504 attack 9 5
Jibs_PC#527345970073109504 roll 3
Jibs_PC#527345970073109504 roll 1
DICE 3 1 5 3 1 3 
Jibs_PC#527345970073109504 move 4
Jibs_PC#527345970073109504 endattack
Jibs_PC#527345970073109504 movearmies 6 14 3
CARD 13
Jibs_PC#527345970073109504 trade 1 14 22
Jibs_PC#527345970073109504 placearmies 16 3
Jibs_PC#527345970073109504 placearmies 16 4
Jibs_PC#527345970073109504 attack 16 30
Jibs_PC#527345970073109504 roll 3
Jibs_PC#527345970073109504 roll 2
DICE 3 2 1 0 0 5 0 
Jibs_PC#527345970073109504 roll 3
Jibs_PC#527345970073109504 roll 2
DICE 3 2 5 3 2 5 1 
Jibs_PC#527345970073109504 roll 3
Jibs_PC#527345970073109504 roll 2
DICE 3 2 5 0 0 1 1 
Jibs_PC#527345970073109504 roll 3
Jibs_PC#527345970073109504 roll 2
DICE 3 2 4 4 2 3 1 
Jibs_PC#527345970073109504 endattack
Jibs_PC#527345970073109504 nomove
CARD 11
Jibs_PC#527345970073109504 placearmies 21 4
Jibs_PC#527345970073109504 placearmies 21 2
Jibs_PC#527345970073109504 attack 21 12
Jibs_PC#527345970073109504 roll 3
Jibs_PC#527345970073109504 roll 1
DICE 3 1 4 0 0 4 
Jibs_PC#527345970073109504 roll 3
Jibs_PC#527345970073109504 roll 1
DICE 3 1 4 1 0 3 
Jibs_PC#527345970073109504 move 8
Jibs_PC#527345970073109504 attack 12 13
Jibs_PC#527345970073109504 roll 3
Jibs_PC#527345970073109504 roll 1
DICE 3 1 5 2 0 0 
Jibs_PC#527345970073109504 move 7
Jibs_PC#527345970073109504 attack 13 11
Jibs_PC#527345970073109504 roll 3
Jibs_PC#527345970073109504 roll 1
DICE 3 1 3 2 1 1 
Jibs_PC#527345970073109504 move 6
Jibs_PC#527345970073109504 attack 11 10
Jibs_PC#527345970073109504 roll 3
Jibs_PC#527345970073109504 roll 2
DICE 3 2 3 2 0 4 2 
Jibs_PC#527345970073109504 roll 3
Jibs_PC#527345970073109504 roll 2
DICE 3 2 5 2 0 5 4 
Jibs_PC#527345970073109504 retreat
Jibs_PC#527345970073109504 endattack
Jibs_PC#527345970073109504 nomove
CARD 25
Jibs_PC#527345970073109504 placearmies 10 2
Jibs_PC#527345970073109504 placearmies 10 1
Jibs_PC#527345970073109504 attack 10 11
Jibs_PC#527345970073109504 roll 3
Jibs_PC#527345970073109504 roll 2
DICE 3 2 5 4 2 3 1 
Jibs_PC#527345970073109504 move 4
Jibs_PC#527345970073109504 endattack
Jibs_PC#527345970073109504 nomove
CARD 17
Jibs_PC#527345970073109504 placearmies 32 1
Jibs_PC#527345970073109504 placearmies 29 1
Jibs_PC#527345970073109504 placearmies 32 1
Jibs_PC#527345970073109504 placearmies 31 3
Jibs_PC#527345970073109504 attack 31 30
Jibs_PC#527345970073109504 roll 3
Jibs_PC#527345970073109504 roll 2
DICE 3 2 5 3 2 3 1 
Jibs_PC#527345970073109504 roll 3
Jibs_PC#527345970073109504 roll 1
DICE 3 1 5 5 4 4 
Jibs_PC#527345970073109504 move 5
Jibs_PC#527345970073109504 attack 30 16
Jibs_PC#527345970073109504 roll 3
Jibs_PC#527345970073109504 roll 1
DICE 3 1 5 5 1 0 
Jibs_PC#527345970073109504 move 4
Jibs_PC#527345970073109504 endattack
Jibs_PC#527345970073109504 movearmies 32 31 2
CARD 33
Jibs_PC#527345970073109504 placearmies 5 8
Jibs_PC#527345970073109504 attack 5 10
Jibs_PC#527345970073109504 roll 3
Jibs_PC#527345970073109504 roll 1
DICE 3 1 3 3 0 2 
Jibs_PC#527345970073109504 move 11
Jibs_PC#527345970073109504 attack 10 11
Jibs_PC#527345970073109504 roll 3
Jibs_PC#527345970073109504 roll 2
DICE 3 2 2 2 0 0 0 
Jibs_PC#527345970073109504 roll 3
Jibs_PC#527345970073109504 roll 2
DICE 3 2 1 0 0 2 0 
Jibs_PC#527345970073109504 roll 3
Jibs_PC#527345970073109504 roll 2
DICE 3 2 5 1 0 4 3 
Jibs_PC#527345970073109504 roll 3
Jibs_PC#527345970073109504 roll 1
DICE 3 1 5 4 0 0 
Jibs_PC#527345970073109504 move 6
Jibs_PC#527345970073109504 trade 7 13 8
Jibs_PC#527345970073109504 placearmies 10 6
Jibs_PC#527345970073109504 placearmies 11 2
Jibs_PC#527345970073109504 placearmies 10 1
Jibs_PC#527345970073109504 placearmies 14 1
Jibs_PC#527345970073109504 attack 10 12
Jibs_PC#527345970073109504 roll 3
Jibs_PC#527345970073109504 roll 1
DICE 3 1 5 5 3 4 
Jibs_PC#527345970073109504 move 8
Jibs_PC#527345970073109504 attack 12 21
Jibs_PC#527345970073109504 roll 3
Jibs_PC#527345970073109504 roll 2
DICE 3 2 5 5 1 5 0 
Jibs_PC#527345970073109504 roll 3
Jibs_PC#527345970073109504 roll 1
DICE 3 1 3 2 0 5 
Jibs_PC#527345970073109504 roll 3
Jibs_PC#527345970073109504 roll 1
DICE 3 1 5 4 0 2 
Jibs_PC#527345970073109504 move 4
Jibs_PC#527345970073109504 attack 11 13
Jibs_PC#527345970073109504 roll 3
Jibs_PC#527345970073109504 roll 1
DICE 3 1 2 2 2 5 
Jibs_PC#527345970073109504 roll 3
Jibs_PC#527345970073109504 roll 1
DICE 3 1 0 0 0 1 
Jibs_PC#527345970073109504 roll 3
Jibs_PC#527345970073109504 roll 1
DICE 3 1 4 3 2 0 
Jibs_PC#527345970073109504 move 3
Jibs_PC#527345970073109504 attack 38 37
Jibs_PC#527345970073109504 roll 3
Jibs_PC#527345970073109504 roll 1
DICE 3 1 5 5 0 2 
Jibs_PC#527345970073109504 move 4
Jibs_PC#527345970073109504 attack 14 17
Jibs_PC#527345970073109504 roll 3
Jibs_PC#527345970073109504 roll 1
DICE 3 1 5 3 0 1 
Jibs_PC#527345970073109504 move 3
Jibs_PC#527345970073109504 endattack
Jibs_PC#527345970073109504 movearmies 17 14 2
CARD 9
Jibs_PC#527345970073109504 placearmies 15 2
Jibs_PC#527345970073109504 placearmies 15 1
Jibs_PC#527345970073109504 attack 15 17
Jibs_PC#527345970073109504 roll 3
Jibs_PC#527345970073109504 roll 1
DICE 3 1 5 4 3 0 
Jibs_PC#527345970073109504 move 4
Jibs_PC#527345970073109504 endattack
Jibs_PC#527345970073109504 nomove
CARD 23
Jibs_PC#527345970073109504 placearmies 22 1
Jibs_PC#527345970073109504 placearmies 22 2
Jibs_PC#527345970073109504 attack 22 21
Jibs_PC#527345970073109504 roll 3
Jibs_PC#527345970073109504 roll 2
DICE 3 2 5 5 0 4 3 
Jibs_PC#527345970073109504 roll 3
Jibs_PC#527345970073109504 roll 2
DICE 3 2 4 1 1 5 0 
Jibs_PC#527345970073109504 roll 3
Jibs_PC#527345970073109504 roll 1
DICE 3 1 3 1 0 2 
Jibs_PC#527345970073109504 move 4
Jibs_PC#527345970073109504 attack 21 12
Jibs_PC#527345970073109504 roll 3
Jibs_PC#527345970073109504 roll 2
DICE 3 2 5 1 0 3 1 
Jibs_PC#527345970073109504 roll 2
Jibs_PC#527345970073109504 roll 1
DICE 2 1 4 2 2 
Jibs_PC#527345970073109504 endattack
Jibs_PC#527345970073109504 movearmies 12 21 1
CARD 20
Jibs_PC#527345970073109504 trade 30 wildcard 33
Jibs_PC#527345970073109504 placearmies 36 7
Jibs_PC#527345970073109504 placearmies 36 1
Jibs_PC#527345970073109504 placearmies 35 1
Jibs_PC#527345970073109504 placearmies 34 1
Jibs_PC#527345970073109504 placearmies 36 6
Jibs_PC#527345970073109504 placearmies 31 1
Jibs_PC#527345970073109504 attack 36 38
Jibs_PC#527345970073109504 roll 3
Jibs_PC#527345970073109504 roll 2
DICE 3 2 4 3 1 1 0 
Jibs_PC#527345970073109504 move 15
Jibs_PC#527345970073109504 attack 38 1
Jibs_PC#527345970073109504 roll 3
Jibs_PC#527345970073109504 roll 1
DICE 3 1 5 2 0 2 
Jibs_PC#527345970073109504 move 13
Jibs_PC#527345970073109504 attack 31 22
Jibs_PC#527345970073109504 roll 3
Jibs_PC#527345970073109504 roll 2
DICE 3 2 1 0 0 1 0 
Jibs_PC#527345970073109504 retreat
Jibs_PC#527345970073109504 attack 1 3
Jibs_PC#527345970073109504 roll 3
Jibs_PC#527345970073109504 roll 1
DICE 3 1 5 3 0 0 
Jibs_PC#527345970073109504 move 12
Jibs_PC#527345970073109504 attack 3 4
Jibs_PC#527345970073109504 roll 3
Jibs_PC#527345970073109504 roll 1
DICE 3 1 3 3 2 0 
Jibs_PC#527345970073109504 move 11
Jibs_PC#527345970073109504 attack 4 9
Jibs_PC#527345970073109504 roll 3
Jibs_PC#527345970073109504 roll 1
DICE 3 1 5 3 2 3 
Jibs_PC#527345970073109504 move 10
Jibs_PC#527345970073109504 attack 9 8
Jibs_PC#527345970073109504 roll 3
Jibs_PC#527345970073109504 roll 1
DICE 3 1 1 1 1 1 
Jibs_PC#527345970073109504 roll 3
Jibs_PC#527345970073109504 roll 1
DICE 3 1 5 3 0 4 
Jibs_PC#527345970073109504 move 8
Jibs_PC#527345970073109504 attack 8 6
Jibs_PC#527345970073109504 roll 3
Jibs_PC#527345970073109504 roll 1
DICE 3 1 3 3 0 0 
Jibs_PC#527345970073109504 move 7
Jibs_PC#527345970073109504 attack 6 2
Jibs_PC#527345970073109504 roll 3
Jibs_PC#527345970073109504 roll 1
DICE 3 1 5 4 0 2 
Jibs_PC#527345970073109504 move 6
Jibs_PC#527345970073109504 attack 2 7
Jibs_PC#527345970073109504 roll 3
Jibs_PC#527345970073109504 roll 2
DICE 3 2 4 4 2 3 2 
Jibs_PC#527345970073109504 roll 3
Jibs_PC#527345970073109504 roll 1
DICE 3 1 1 1 1 1 
Jibs_PC#527345970073109504 roll 3
Jibs_PC#527345970073109504 roll 1
DICE 3 1 2 2 0 3 
Jibs_PC#527345970073109504 roll 3
Jibs_PC#527345970073109504 roll 1
DICE 3 1 5 1 0 0 
Jibs_PC#527345970073109504 endattack
Jibs_PC#527345970073109504 movearmies 34 38 1
CARD 26
Jibs_PC#527345970073109504 trade 29 40 17
Jibs_PC#527345970073109504 placearmies 11 2
Jibs_PC#527345970073109504 placearmies 14 7
Jibs_PC#527345970073109504 attack 11 12
Jibs_PC#527345970073109504 roll 3
Jibs_PC#527345970073109504 roll 1
DICE 3 1 4 2 1 5 
Jibs_PC#527345970073109504 roll 3
Jibs_PC#527345970073109504 roll 1
DICE 3 1 2 2 0 0 
Jibs_PC#527345970073109504 attack 14 6
Jibs_PC#527345970073109504 roll 3
Jibs_PC#527345970073109504 roll 1
DICE 3 1 4 2 0 4 
Jibs_PC#527345970073109504 roll 3
Jibs_PC#527345970073109504 roll 1
DICE 3 1 3 2 0 4 
Jibs_PC#527345970073109504 roll 3
Jibs_PC#527345970073109504 roll 1
DICE 3 1 3 2 1 5 
Jibs_PC#527345970073109504 roll 3
Jibs_PC#527345970073109504 roll 1
DICE 3 1 5 3 3 1 
Jibs_PC#527345970073109504 move 7
Jibs_PC#527345970073109504 attack 6 7
Jibs_PC#527345970073109504 roll 3
Jibs_PC#527345970073109504 roll 2
DICE 3 2 5 0 0 1 1 
Jibs_PC#527345970073109504 roll 3
Jibs_PC#527345970073109504 roll 2
DICE 3 2 5 4 2 5 1 
Jibs_PC#527345970073109504 retreat
Jibs_PC#527345970073109504 attack 6 8
Jibs_PC#527345970073109504 roll 3
Jibs_PC#527345970073109504 roll 1
DICE 3 1 3 1 0 1 
Jibs_PC#527345970073109504 move 4
Jibs_PC#527345970073109504 attack 8 9
Jibs_PC#527345970073109504 roll 3
Jibs_PC#527345970073109504 roll 1
DICE 3 1 5 1 0 1 
Jibs_PC#527345970073109504 attack 9 7
Jibs_PC#527345970073109504 roll 2
Jibs_PC#527345970073109504 roll 1
DICE 2 1 3 1 5 
Jibs_PC#527345970073109504 retreat
Jibs_PC#527345970073109504 endattack
Jibs_PC#527345970073109504 movearmies 9 5 1
CARD 37
Jibs_PC#527345970073109504 placearmies 17 1
Jibs_PC#527345970073109504 placearmies 20 2
Jibs_PC#527345970073109504 attack 17 14
Jibs_PC#527345970073109504 roll 3
Jibs_PC#527345970073109504 roll 1
DICE 3 1 5 5 0 5 
Jibs_PC#527345970073109504 roll 3
Jibs_PC#527345970073109504 roll 1
DICE 3 1 5 5 0 5 
Jibs_PC#527345970073109504 roll 2
Jibs_PC#527345970073109504 roll 1
DICE 2 1 4 2 1 
Jibs_PC#527345970073109504 endattack
Jibs_PC#527345970073109504 nomove
CARD wildcard
Jibs_PC#527345970073109504 placearmies 21 2
Jibs_PC#527345970073109504 placearmies 22 2
Jibs_PC#527345970073109504 placearmies 21 2
Jibs_PC#527345970073109504 attack 21 20
Jibs_PC#527345970073109504 roll 3
Jibs_PC#527345970073109504 roll 2
DICE 3 2 4 2 0 2 1 
Jibs_PC#527345970073109504 roll 3
Jibs_PC#527345970073109504 roll 2
DICE 3 2 3 0 0 4 2 
Jibs_PC#527345970073109504 retreat
Jibs_PC#527345970073109504 attack 22 20
Jibs_PC#527345970073109504 roll 3
Jibs_PC#527345970073109504 roll 2
DICE 3 2 5 2 2 3 0 
Jibs_PC#527345970073109504 endattack
Jibs_PC#527345970073109504 movearmies 20 21 2
CARD 24
Jibs_PC#527345970073109504 placearmies 4 8
Jibs_PC#527345970073109504 placearmies 38 1
Jibs_PC#527345970073109504 attack 4 5
Jibs_PC#527345970073109504 roll 3
Jibs_PC#527345970073109504 roll 2
DICE 3 2 5 3 0 3 1 
Jibs_PC#527345970073109504 move 8
Jibs_PC#527345970073109504 attack 5 10
Jibs_PC#527345970073109504 roll 3
Jibs_PC#527345970073109504 roll 1
DICE 3 1 2 2 2 1 
Jibs_PC#527345970073109504 move 7
Jibs_PC#527345970073109504 attack 31 22
Jibs_PC#527345970073109504 roll 2
Jibs_PC#527345970073109504 roll 1
DICE 2 1 1 0 0 
Jibs_PC#527345970073109504 attack 10 11
Jibs_PC#527345970073109504 roll 3
Jibs_PC#527345970073109504 roll 1
DICE 3 1 3 1 0 5 
Jibs_PC#527345970073109504 roll 3
Jibs_PC#527345970073109504 roll 1
DICE 3 1 5 4 2 2 
Jibs_PC#527345970073109504 move 5
Jibs_PC#527345970073109504 attack 11 13
Jibs_PC#527345970073109504 roll 3
Jibs_PC#527345970073109504 roll 2
DICE 3 2 3 2 2 5 1 
Jibs_PC#527345970073109504 roll 3
Jibs_PC#527345970073109504 roll 2
DICE 3 2 5 3 1 1 0 
Jibs_PC#527345970073109504 endattack
Jibs_PC#527345970073109504 movearmies 22 31 1
CARD 21
Jibs_PC#527345970073109504 placearmies 12 1
Jibs_PC#527345970073109504 placearmies 12 1
Jibs_PC#527345970073109504 placearmies 9 1
Jibs_PC#527345970073109504 attack 12 13
Jibs_PC#527345970073109504 roll 3
Jibs_PC#527345970073109504 roll 2
DICE 3 2 4 3 0 5 1 
Jibs_PC#527345970073109504 roll 3
Jibs_PC#527345970073109504 roll 2
DICE 3 2 4 4 1 4 4 
Jibs_PC#527345970073109504 retreat
Jibs_PC#527345970073109504 attack 37 36
Jibs_PC#527345970073109504 roll 3
Jibs_PC#527345970073109504 roll 2
DICE 3 2 2 1 0 1 0 
Jibs_PC#527345970073109504 endattack
Jibs_PC#527345970073109504 nomove
CARD 4
Jibs_PC#527345970073109504 trade 15 11 wildcard
Jibs_PC#527345970073109504 placearmies 14 2
Jibs_PC#527345970073109504 placearmies 18 11
Jibs_PC#527345970073109504 attack 18 16
Jibs_PC#527345970073109504 roll 3
Jibs_PC#527345970073109504 roll 2
DICE 3 2 3 3 2 2 1 
Jibs_PC#527345970073109504 roll 3
Jibs_PC#527345970073109504 roll 2
DICE 3 2 4 3 2 5 1 
Jibs_PC#527345970073109504 retreat
Jibs_PC#527345970073109504 attack 18 20
Jibs_PC#527345970073109504 roll 3
Jibs_PC#527345970073109504 roll 1
DICE 3 1 5 4 2 2 
Jibs_PC#527345970073109504 move 10
Jibs_PC#527345970073109504 attack 15 16
Jibs_PC#527345970073109504 roll 2
Jibs_PC#527345970073109504 roll 1
DICE 2 1 5 3 4 
Jibs_PC#527345970073109504 attack 20 21
Jibs_PC#527345970073109504 roll 3
Jibs_PC#527345970073109504 roll 2
DICE 3 2 5 3 1 1 1 
Jibs_PC#527345970073109504 roll 3
Jibs_PC#527345970073109504 roll 2
DICE 3 2 5 4 3 5 3 
Jibs_PC#527345970073109504 roll 3
Jibs_PC#527345970073109504 roll 2
DICE 3 2 3 3 0 4 0 
Jibs_PC#527345970073109504 roll 3
Jibs_PC#527345970073109504 roll 2
DICE 3 2 4 3 0 2 0 
Jibs_PC#527345970073109504 move 6
Jibs_PC#527345970073109504 attack 21 22
Jibs_PC#527345970073109504 roll 3
Jibs_PC#527345970073109504 roll 1
DICE 3 1 5 5 3 1 
Jibs_PC#527345970073109504 move 4
Jibs_PC#527345970073109504 attack 22 24
Jibs_PC#527345970073109504 roll 3
Jibs_PC#527345970073109504 roll 1
DICE 3 1 5 4 0 1 
Jibs_PC#527345970073109504 attack 24 23
Jibs_PC#527345970073109504 roll 2
Jibs_PC#527345970073109504 roll 1
DICE 2 1 1 0 3 
Jibs_PC#527345970073109504 retreat
Jibs_PC#527345970073109504 endattack
Jibs_PC#527345970073109504 movearmies 24 21 1
CARD 36
Jibs_PC#527345970073109504 trade 41 25 24
Jibs_PC#527345970073109504 placearmies 25 1
Jibs_PC#527345970073109504 placearmies 25 10
Jibs_PC#527345970073109504 attack 25 24
Jibs_PC#527345970073109504 roll 3
Jibs_PC#527345970073109504 roll 1
DICE 3 1 3 2 0 5 
Jibs_PC#527345970073109504 roll 3
Jibs_PC#527345970073109504 roll 1
DICE 3 1 5 4 0 0 
Jibs_PC#527345970073109504 move 12
Jibs_PC#527345970073109504 attack 24 21
Jibs_PC#527345970073109504 roll 3
Jibs_PC#527345970073109504 roll 2
DICE 3 2 1 0 0 5 2 
Jibs_PC#527345970073109504 roll 3
Jibs_PC#527345970073109504 roll 2
DICE 3 2 4 2 1 3 3 
Jibs_PC#527345970073109504 roll 3
Jibs_PC#527345970073109504 roll 2
DICE 3 2 5 4 2 5 4 
Jibs_PC#527345970073109504 roll 3
Jibs_PC#527345970073109504 roll 2
DICE 3 2 1 0 0 4 1 
Jibs_PC#527345970073109504 roll 3
Jibs_PC#527345970073109504 roll 2
DICE 3 2 4 2 1 5 4 
Jibs_PC#527345970073109504 retreat
Jibs_PC#527345970073109504 attack 24 22
Jibs_PC#527345970073109504 roll 2
Jibs_PC#527345970073109504 roll 1
DICE 2 1 1 1 3 
Jibs_PC#527345970073109504 retreat
Jibs_PC#527345970073109504 endattack
Jibs_PC#527345970073109504 nomove
CARD 18
Jibs_PC#527345970073109504 placearmies 7 7
Jibs_PC#527345970073109504 placearmies 7 2
Jibs_PC#527345970073109504 attack 7 6
Jibs_PC#527345970073109504 roll 3
Jibs_PC#527345970073109504 roll 1
DICE 3 1 3 2 0 2 
Jibs_PC#527345970073109504 move 9
Jibs_PC#527345970073109504 attack 6 14
Jibs_PC#527345970073109504 roll 3
Jibs_PC#527345970073109504 roll 2
DICE 3 2 5 2 2 4 4 
Jibs_PC#527345970073109504 roll 3
Jibs_PC#527345970073109504 roll 2
DICE 3 2 4 1 1 5 1 
Jibs_PC#527345970073109504 roll 3
Jibs_PC#527345970073109504 roll 2
DICE 3 2 3 3 2 2 2 
Jibs_PC#527345970073109504 roll 3
Jibs_PC#527345970073109504 roll 1
DICE 3 1 3 1 1 2 
Jibs_PC#527345970073109504 move 5
Jibs_PC#527345970073109504 attack 38 37
Jibs_PC#527345970073109504 roll 3
Jibs_PC#527345970073109504 roll 1
DICE 3 1 4 4 2 3 
Jibs_PC#527345970073109504 attack 14 17
Jibs_PC#527345970073109504 roll 3
Jibs_PC#527345970073109504 roll 1
DICE 3 1 2 2 0 2 
Jibs_PC#527345970073109504 roll 3
Jibs_PC#527345970073109504 roll 1
DICE 3 1 5 5 0 1 
Jibs_PC#527345970073109504 endattack
Jibs_PC#527345970073109504 movearmies 27 29 1
CARD 12
Jibs_PC#527345970073109504 placearmies 36 1
Jibs_PC#527345970073109504 placearmies 9 2
Jibs_PC#527345970073109504 attack 9 4
Jibs_PC#527345970073109504 roll 3
Jibs_PC#527345970073109504 roll 1
DICE 3 1 5 4 2 0 
Jibs_PC#527345970073109504 attack 4 3
Jibs_PC#527345970073109504 roll 2
Jibs_PC#527345970073109504 roll 1
DICE 2 1 3 2 2 
Jibs_PC#527345970073109504 endattack
Jibs_PC#527345970073109504 nomove
CARD 35
Jibs_PC#527345970073109504 placearmies 21 2
Jibs_PC#527345970073109504 placearmies 21 1
Jibs_PC#527345970073109504 attack 21 24
Jibs_PC#527345970073109504 roll 3
Jibs_PC#527345970073109504 roll 2
DICE 3 2 4 2 0 5 2 
Jibs_PC#527345970073109504 retreat
Jibs_PC#527345970073109504 attack 21 23
Jibs_PC#527345970073109504 roll 2
Jibs_PC#527345970073109504 roll 1
DICE 2 1 4 3 4 
Jibs_PC#527345970073109504 retreat
Jibs_PC#527345970073109504 endattack
Jibs_PC#527345970073109504 nomove
CARD 
Jibs_PC#527345970073109504 trade 39 20 18
Jibs_PC#527345970073109504 placearmies 24 2
Jibs_PC#527345970073109504 placearmies 24 5
Jibs_PC#527345970073109504 placearmies 24 1
Jibs_PC#527345970073109504 placearmies 24 1
Jibs_PC#527345970073109504 attack 24 21
Jibs_PC#527345970073109504 roll 3
Jibs_PC#527345970073109504 roll 2
DICE 3 2 4 2 0 2 1 
Jibs_PC#527345970073109504 move 10
Jibs_PC#527345970073109504 attack 21 22
Jibs_PC#527345970073109504 roll 3
Jibs_PC#527345970073109504 roll 1
DICE 3 1 2 0 0 4 
Jibs_PC#527345970073109504 roll 3
Jibs_PC#527345970073109504 roll 1
DICE 3 1 4 4 0 2 
Jibs_PC#527345970073109504 move 7
Jibs_PC#527345970073109504 endattack
Jibs_PC#527345970073109504 movearmies 22 21 1
CARD 6
Jibs_PC#527345970073109504 placearmies 5 10
Jibs_PC#527345970073109504 attack 5 9
Jibs_PC#527345970073109504 roll 3
Jibs_PC#527345970073109504 roll 1
DICE 3 1 5 4 1 2 
Jibs_PC#527345970073109504 move 10
Jibs_PC#527345970073109504 attack 9 8
Jibs_PC#527345970073109504 roll 3
Jibs_PC#527345970073109504 roll 1
DICE 3 1 2 0 0 2 
Jibs_PC#527345970073109504 roll 3
Jibs_PC#527345970073109504 roll 1
DICE 3 1 5 1 0 1 
Jibs_PC#527345970073109504 move 3
Jibs_PC#527345970073109504 attack 9 4
Jibs_PC#527345970073109504 roll 3
Jibs_PC#527345970073109504 roll 1
DICE 3 1 3 3 2 4 
Jibs_PC#527345970073109504 roll 3
Jibs_PC#527345970073109504 roll 1
DICE 3 1 4 1 1 5 
Jibs_PC#527345970073109504 roll 3
Jibs_PC#527345970073109504 roll 1
DICE 3 1 5 5 3 0 
Jibs_PC#527345970073109504 endattack
Jibs_PC#527345970073109504 movearmies 8 7 2
CARD 5
Jibs_PC#527345970073109504 trade 37 4 35
Jibs_PC#527345970073109504 placearmies 12 6
Jibs_PC#527345970073109504 placearmies 12 1
Jibs_PC#527345970073109504 attack 12 10
Jibs_PC#527345970073109504 roll 3
Jibs_PC#527345970073109504 roll 1
DICE 3 1 1 1 0 1 
Jibs_PC#527345970073109504 roll 3
Jibs_PC#527345970073109504 roll 1
DICE 3 1 5 3 0 2 
Jibs_PC#527345970073109504 move 7
Jibs_PC#527345970073109504 attack 10 11
Jibs_PC#527345970073109504 roll 3
Jibs_PC#527345970073109504 roll 1
DICE 3 1 2 1 1 3 
Jibs_PC#527345970073109504 roll 3
Jibs_PC#527345970073109504 roll 1
DICE 3 1 5 3 0 5 
Jibs_PC#527345970073109504 roll 3
Jibs_PC#527345970073109504 roll 1
DICE 3 1 4 2 2 5 
Jibs_PC#527345970073109504 roll 3
Jibs_PC#527345970073109504 roll 1
DICE 3 1 5 0 0 3 
Jibs_PC#527345970073109504 endattack
Jibs_PC#527345970073109504 nomove
CARD 34
Jibs_PC#527345970073109504 placearmies 16 2
Jibs_PC#527345970073109504 placearmies 19 1
Jibs_PC#527345970073109504 attack 16 31
Jibs_PC#527345970073109504 roll 3
Jibs_PC#527345970073109504 roll 2
DICE 3 2 4 4 1 4 0 
Jibs_PC#527345970073109504 roll 2
Jibs_PC#527345970073109504 roll 1
DICE 2 1 3 1 4 
Jibs_PC#527345970073109504 retreat
Jibs_PC#527345970073109504 endattack
Jibs_PC#527345970073109504 nomove
CARD 
Jibs_PC#527345970073109504 placearmies 21 6
Jibs_PC#527345970073109504 attack 21 20
Jibs_PC#527345970073109504 roll 3
Jibs_PC#527345970073109504 roll 2
DICE 3 2 5 4 0 5 3 
Jibs_PC#527345970073109504 roll 3
Jibs_PC#527345970073109504 roll 1
DICE 3 1 4 3 0 0 
Jibs_PC#527345970073109504 move 6
Jibs_PC#527345970073109504 endattack
Jibs_PC#527345970073109504 movearmies 20 21 5
CARD 16
Jibs_PC#527345970073109504 trade 26 12 5
Jibs_PC#527345970073109504 placearmies 7 3
Jibs_PC#527345970073109504 placearmies 31 1
Jibs_PC#527345970073109504 placearmies 31 4
Jibs_PC#527345970073109504 placearmies 31 9
Jibs_PC#527345970073109504 placearmies 5 2
Jibs_PC#527345970073109504 placearmies 13 1
Jibs_PC#527345970073109504 attack 17 15
Jibs_PC#527345970073109504 roll 2
Jibs_PC#527345970073109504 roll 1
DICE 2 1 3 2 1 
Jibs_PC#527345970073109504 attack 31 16
Jibs_PC#527345970073109504 roll 3
Jibs_PC#527345970073109504 roll 2
DICE 3 2 3 2 1 2 1 
Jibs_PC#527345970073109504 move 13
Jibs_PC#527345970073109504 attack 16 18
Jibs_PC#527345970073109504 roll 3
Jibs_PC#527345970073109504 roll 1
DICE 3 1 5 4 4 3 
Jibs_PC#527345970073109504 move 11
Jibs_PC#527345970073109504 attack 18 19
Jibs_PC#527345970073109504 roll 3
Jibs_PC#527345970073109504 roll 2
DICE 3 2 4 1 0 1 0 
Jibs_PC#527345970073109504 move 10
Jibs_PC#527345970073109504 attack 19 21
Jibs_PC#527345970073109504 roll 3
Jibs_PC#527345970073109504 roll 2
DICE 3 2 3 1 1 4 3 
Jibs_PC#527345970073109504 roll 3
Jibs_PC#527345970073109504 roll 2
DICE 3 2 5 4 3 1 1 
Jibs_PC#527345970073109504 roll 3
Jibs_PC#527345970073109504 roll 2
DICE 3 2 4 3 1 4 0 
Jibs_PC#527345970073109504 roll 3
Jibs_PC#527345970073109504 roll 2
DICE 3 2 4 4 2 1 0 
Jibs_PC#527345970073109504 roll 3
Jibs_PC#527345970073109504 roll 2
DICE 3 2 3 1 1 2 0 
Jibs_PC#527345970073109504 move 6
Jibs_PC#527345970073109504 attack 7 3
Jibs_PC#527345970073109504 roll 3
Jibs_PC#527345970073109504 roll 2
DICE 3 2 5 5 1 2 0 
Jibs_PC#527345970073109504 move 3
