Jibs_PC#1861461731386587136 newplayer ai hard green s0914007
Jibs_PC#1861461731386587136 newplayer ai hard blue bob
Jibs_PC#1861461731386587136 newplayer ai hard red fred
Jibs_PC#1861461731386587136 newplayer ai hard cyan ted
Jibs_PC#1861461731386587136 newplayer ai hard magenta yura
Jibs_PC#1861461731386587136 newplayer ai hard yellow lala
Jibs_PC#1861461731386587136 startgame mission fixed autoplaceall recycle
PLAYER fred
MISSION 0 1 2 2 1 0
PLACEALL 15 21 36 25 37 1 20 6 18 38 2 29 28 35 24 42 23 11 40 32 8 39 5 27 34 9 12 10 22 41 26 3 7 17 33 13 31 16 4 30 19 14
Jibs_PC#1861461731386587136 placearmies 40 1
CARD 
Jibs_PC#1861461731386587136 placearmies 6 1
CARD 
Jibs_PC#1861461731386587136 placearmies 12 1
CARD 
Jibs_PC#1861461731386587136 placearmies 42 1
CARD 
Jibs_PC#1861461731386587136 placearmies 5 1
CARD 
Jibs_PC#1861461731386587136 placearmies 1 1
CARD 
Jibs_PC#1861461731386587136 placearmies 40 1
CARD 
Jibs_PC#1861461731386587136 placearmies 6 1
CARD 
Jibs_PC#1861461731386587136 placearmies 12 1
CARD 
Jibs_PC#1861461731386587136 placearmies 42 1
CARD 
Jibs_PC#1861461731386587136 placearmies 37 1
CARD 
Jibs_PC#1861461731386587136 placearmies 1 1
CARD 
Jibs_PC#1861461731386587136 placearmies 40 1
CARD 
Jibs_PC#1861461731386587136 placearmies 6 1
CARD 
Jibs_PC#1861461731386587136 placearmies 12 1
CARD 
Jibs_PC#1861461731386587136 placearmies 42 1
CARD 
Jibs_PC#1861461731386587136 placearmies 37 1
CARD 
Jibs_PC#1861461731386587136 placearmies 1 1
CARD 
Jibs_PC#1861461731386587136 placearmies 40 1
CARD 
Jibs_PC#1861461731386587136 placearmies 6 1
CARD 
Jibs_PC#1861461731386587136 placearmies 12 1
CARD 
Jibs_PC#1861461731386587136 placearmies 42 1
CARD 
Jibs_PC#1861461731386587136 placearmies 37 1
CARD 
Jibs_PC#1861461731386587136 placearmies 11 1
CARD 
Jibs_PC#1861461731386587136 placearmies 40 1
CARD 
Jibs_PC#1861461731386587136 placearmies 6 1
CARD 
Jibs_PC#1861461731386587136 placearmies 12 1
CARD 
Jibs_PC#1861461731386587136 placearmies 42 1
CARD 
Jibs_PC#1861461731386587136 placearmies 37 1
CARD 
Jibs_PC#1861461731386587136 placearmies 11 1
CARD 
Jibs_PC#1861461731386587136 placearmies 40 1
CARD 
Jibs_PC#1861461731386587136 placearmies 6 1
CARD 
Jibs_PC#1861461731386587136 placearmies 12 1
CARD 
Jibs_PC#1861461731386587136 placearmies 42 1
CARD 
Jibs_PC#1861461731386587136 placearmies 37 1
CARD 
Jibs_PC#1861461731386587136 placearmies 11 1
CARD 
Jibs_PC#1861461731386587136 placearmies 40 1
CARD 
Jibs_PC#1861461731386587136 placearmies 6 1
CARD 
Jibs_PC#1861461731386587136 placearmies 12 1
CARD 
Jibs_PC#1861461731386587136 placearmies 17 1
CARD 
Jibs_PC#1861461731386587136 placearmies 37 1
CARD 
Jibs_PC#1861461731386587136 placearmies 11 1
CARD 
Jibs_PC#1861461731386587136 placearmies 26 1
CARD 
Jibs_PC#1861461731386587136 placearmies 6 1
CARD 
Jibs_PC#1861461731386587136 placearmies 12 1
CARD 
Jibs_PC#1861461731386587136 placearmies 17 1
CARD 
Jibs_PC#1861461731386587136 placearmies 37 1
CARD 
Jibs_PC#1861461731386587136 placearmies 1 1
CARD 
Jibs_PC#1861461731386587136 placearmies 26 1
CARD 
Jibs_PC#1861461731386587136 placearmies 6 1
CARD 
Jibs_PC#1861461731386587136 placearmies 12 1
CARD 
Jibs_PC#1861461731386587136 placearmies 17 1
CARD 
Jibs_PC#1861461731386587136 placearmies 37 1
CARD 
Jibs_PC#1861461731386587136 placearmies 1 1
CARD 
Jibs_PC#1861461731386587136 placearmies 26 1
CARD 
Jibs_PC#1861461731386587136 placearmies 6 1
CARD 
Jibs_PC#1861461731386587136 placearmies 12 1
CARD 
Jibs_PC#1861461731386587136 placearmies 17 1
CARD 
Jibs_PC#1861461731386587136 placearmies 37 1
CARD 
Jibs_PC#1861461731386587136 placearmies 1 1
CARD 
Jibs_PC#1861461731386587136 placearmies 26 1
CARD 
Jibs_PC#1861461731386587136 placearmies 6 1
CARD 
Jibs_PC#1861461731386587136 placearmies 12 1
CARD 
Jibs_PC#1861461731386587136 placearmies 17 1
CARD 
Jibs_PC#1861461731386587136 placearmies 37 1
CARD 
Jibs_PC#1861461731386587136 placearmies 1 1
CARD 
Jibs_PC#1861461731386587136 placearmies 26 1
CARD 
Jibs_PC#1861461731386587136 placearmies 6 1
CARD 
Jibs_PC#1861461731386587136 placearmies 12 1
CARD 
Jibs_PC#1861461731386587136 placearmies 17 1
CARD 
Jibs_PC#1861461731386587136 placearmies 37 1
CARD 
Jibs_PC#1861461731386587136 placearmies 1 1
CARD 
Jibs_PC#1861461731386587136 placearmies 26 1
CARD 
Jibs_PC#1861461731386587136 placearmies 6 1
CARD 
Jibs_PC#1861461731386587136 placearmies 12 1
CARD 
Jibs_PC#1861461731386587136 placearmies 17 1
CARD 
Jibs_PC#1861461731386587136 placearmies 37 1
CARD 
Jibs_PC#1861461731386587136 placearmies 1 1
CARD 
Jibs_PC#1861461731386587136 placearmies 26 3
Jibs_PC#1861461731386587136 attack 40 39
Jibs_PC#1861461731386587136 roll 3
Jibs_PC#1861461731386587136 roll 1
DICE 3 1 3 3 1 4 
Jibs_PC#1861461731386587136 roll 3
Jibs_PC#1861461731386587136 roll 1
DICE 3 1 4 3 0 0 
Jibs_PC#1861461731386587136 move 6
Jibs_PC#1861461731386587136 attack 39 41
Jibs_PC#1861461731386587136 roll 3
Jibs_PC#1861461731386587136 roll 1
DICE 3 1 5 4 3 3 
Jibs_PC#1861461731386587136 move 5
Jibs_PC#1861461731386587136 endattack
Jibs_PC#1861461731386587136 nomove
CARD 35
Jibs_PC#1861461731386587136 placearmies 6 1
Jibs_PC#1861461731386587136 placearmies 6 2
Jibs_PC#1861461731386587136 attack 6 2
Jibs_PC#1861461731386587136 roll 3
Jibs_PC#1861461731386587136 roll 1
DICE 3 1 4 3 0 4 
Jibs_PC#1861461731386587136 roll 3
Jibs_PC#1861461731386587136 roll 1
DICE 3 1 2 1 1 3 
Jibs_PC#1861461731386587136 retreat
Jibs_PC#1861461731386587136 attack 6 14
Jibs_PC#1861461731386587136 roll 3
Jibs_PC#1861461731386587136 roll 1
DICE 3 1 2 2 0 0 
Jibs_PC#1861461731386587136 move 14
Jibs_PC#1861461731386587136 attack 14 17
Jibs_PC#1861461731386587136 roll 3
Jibs_PC#1861461731386587136 roll 2
DICE 3 2 5 0 0 4 0 
Jibs_PC#1861461731386587136 roll 3
Jibs_PC#1861461731386587136 roll 2
DICE 3 2 3 2 1 3 1 
Jibs_PC#1861461731386587136 roll 3
Jibs_PC#1861461731386587136 roll 2
DICE 3 2 2 2 2 0 0 
Jibs_PC#1861461731386587136 roll 3
Jibs_PC#1861461731386587136 roll 2
DICE 3 2 5 4 1 2 1 
Jibs_PC#1861461731386587136 roll 3
Jibs_PC#1861461731386587136 roll 2
DICE 3 2 5 1 0 5 3 
Jibs_PC#1861461731386587136 retreat
Jibs_PC#1861461731386587136 attack 14 15
Jibs_PC#1861461731386587136 roll 3
Jibs_PC#1861461731386587136 roll 1
DICE 3 1 3 3 0 5 
Jibs_PC#1861461731386587136 roll 3
Jibs_PC#1861461731386587136 roll 1
DICE 3 1 2 0 0 0 
Jibs_PC#1861461731386587136 move 8
Jibs_PC#1861461731386587136 attack 15 17
Jibs_PC#1861461731386587136 roll 3
Jibs_PC#1861461731386587136 roll 2
DICE 3 2 5 5 0 4 3 
Jibs_PC#1861461731386587136 move 7
Jibs_PC#1861461731386587136 attack 17 18
Jibs_PC#1861461731386587136 roll 3
Jibs_PC#1861461731386587136 roll 1
DICE 3 1 3 2 1 5 
Jibs_PC#1861461731386587136 roll 3
Jibs_PC#1861461731386587136 roll 1
DICE 3 1 3 2 1 2 
Jibs_PC#1861461731386587136 move 5
Jibs_PC#1861461731386587136 attack 18 19
Jibs_PC#1861461731386587136 roll 3
Jibs_PC#1861461731386587136 roll 1
DICE 3 1 5 5 0 1 
Jibs_PC#1861461731386587136 move 4
Jibs_PC#1861461731386587136 attack 19 20
Jibs_PC#1861461731386587136 roll 3
Jibs_PC#1861461731386587136 roll 1
DICE 3 1 5 2 1 0 
Jibs_PC#1861461731386587136 endattack
Jibs_PC#1861461731386587136 nomove
CARD 1
Jibs_PC#1861461731386587136 placearmies 12 2
Jibs_PC#1861461731386587136 placearmies 12 1
Jibs_PC#1861461731386587136 attack 12 21
Jibs_PC#1861461731386587136 roll 3
Jibs_PC#1861461731386587136 roll 1
DICE 3 1 5 3 1 4 
Jibs_PC#1861461731386587136 move 16
Jibs_PC#1861461731386587136 attack 21 19
Jibs_PC#1861461731386587136 roll 3
Jibs_PC#1861461731386587136 roll 1
DICE 3 1 4 3 0 1 
Jibs_PC#1861461731386587136 move 15
Jibs_PC#1861461731386587136 attack 19 20
Jibs_PC#1861461731386587136 roll 3
Jibs_PC#1861461731386587136 roll 2
DICE 3 2 5 2 1 4 1 
Jibs_PC#1861461731386587136 roll 3
Jibs_PC#1861461731386587136 roll 1
DICE 3 1 3 2 0 4 
Jibs_PC#1861461731386587136 retreat
Jibs_PC#1861461731386587136 attack 19 17
Jibs_PC#1861461731386587136 roll 3
Jibs_PC#1861461731386587136 roll 1
DICE 3 1 5 3 2 5 
Jibs_PC#1861461731386587136 roll 3
Jibs_PC#1861461731386587136 roll 1
DICE 3 1 3 3 0 1 
Jibs_PC#1861461731386587136 move 12
Jibs_PC#1861461731386587136 attack 17 14
Jibs_PC#1861461731386587136 roll 3
Jibs_PC#1861461731386587136 roll 1
DICE 3 1 5 4 2 3 
Jibs_PC#1861461731386587136 move 11
Jibs_PC#1861461731386587136 attack 14 15
Jibs_PC#1861461731386587136 roll 3
Jibs_PC#1861461731386587136 roll 1
DICE 3 1 4 3 0 1 
Jibs_PC#1861461731386587136 move 10
Jibs_PC#1861461731386587136 attack 15 16
Jibs_PC#1861461731386587136 roll 3
Jibs_PC#1861461731386587136 roll 1
DICE 3 1 5 3 0 4 
Jibs_PC#1861461731386587136 move 9
Jibs_PC#1861461731386587136 attack 16 18
Jibs_PC#1861461731386587136 roll 3
Jibs_PC#1861461731386587136 roll 1
DICE 3 1 4 3 3 4 
Jibs_PC#1861461731386587136 roll 3
Jibs_PC#1861461731386587136 roll 1
DICE 3 1 5 4 1 2 
Jibs_PC#1861461731386587136 move 7
Jibs_PC#1861461731386587136 attack 18 20
Jibs_PC#1861461731386587136 roll 3
Jibs_PC#1861461731386587136 roll 1
DICE 3 1 3 3 1 4 
Jibs_PC#1861461731386587136 roll 3
Jibs_PC#1861461731386587136 roll 1
DICE 3 1 5 4 3 1 
Jibs_PC#1861461731386587136 move 5
Jibs_PC#1861461731386587136 endattack
Jibs_PC#1861461731386587136 movearmies 20 21 1
CARD 24
Jibs_PC#1861461731386587136 placearmies 30 3
Jibs_PC#1861461731386587136 attack 30 16
Jibs_PC#1861461731386587136 roll 3
Jibs_PC#1861461731386587136 roll 1
DICE 3 1 5 5 0 2 
Jibs_PC#1861461731386587136 attack 42 41
Jibs_PC#1861461731386587136 roll 3
Jibs_PC#1861461731386587136 roll 2
DICE 3 2 3 0 0 4 3 
Jibs_PC#1861461731386587136 roll 3
Jibs_PC#1861461731386587136 roll 2
DICE 3 2 4 3 2 4 1 
Jibs_PC#1861461731386587136 retreat
Jibs_PC#1861461731386587136 endattack
Jibs_PC#1861461731386587136 nomove
CARD 13
Jibs_PC#1861461731386587136 placearmies 37 3
Jibs_PC#1861461731386587136 attack 37 36
Jibs_PC#1861461731386587136 roll 3
Jibs_PC#1861461731386587136 roll 1
DICE 3 1 4 4 1 5 
Jibs_PC#1861461731386587136 roll 3
Jibs_PC#1861461731386587136 roll 1
DICE 3 1 3 2 2 5 
Jibs_PC#1861461731386587136 roll 3
Jibs_PC#1861461731386587136 roll 1
DICE 3 1 2 0 0 4 
Jibs_PC#1861461731386587136 roll 3
Jibs_PC#1861461731386587136 roll 1
DICE 3 1 5 0 0 3 
Jibs_PC#1861461731386587136 move 12
Jibs_PC#1861461731386587136 endattack
Jibs_PC#1861461731386587136 nomove
CARD 4
Jibs_PC#1861461731386587136 placearmies 11 3
Jibs_PC#1861461731386587136 attack 11 10
Jibs_PC#1861461731386587136 roll 3
Jibs_PC#1861461731386587136 roll 1
DICE 3 1 2 1 0 3 
Jibs_PC#1861461731386587136 roll 3
Jibs_PC#1861461731386587136 roll 1
DICE 3 1 4 1 1 2 
Jibs_PC#1861461731386587136 move 6
Jibs_PC#1861461731386587136 attack 10 12
Jibs_PC#1861461731386587136 roll 3
Jibs_PC#1861461731386587136 roll 1
DICE 3 1 3 3 2 1 
Jibs_PC#1861461731386587136 move 4
Jibs_PC#1861461731386587136 attack 1 3
Jibs_PC#1861461731386587136 roll 3
Jibs_PC#1861461731386587136 roll 1
DICE 3 1 5 5 2 4 
Jibs_PC#1861461731386587136 move 9
Jibs_PC#1861461731386587136 attack 3 2
Jibs_PC#1861461731386587136 roll 3
Jibs_PC#1861461731386587136 roll 1
DICE 3 1 4 1 0 0 
Jibs_PC#1861461731386587136 move 8
Jibs_PC#1861461731386587136 attack 2 6
Jibs_PC#1861461731386587136 roll 3
Jibs_PC#1861461731386587136 roll 1
DICE 3 1 5 4 0 3 
Jibs_PC#1861461731386587136 move 7
Jibs_PC#1861461731386587136 attack 6 8
Jibs_PC#1861461731386587136 roll 3
Jibs_PC#1861461731386587136 roll 1
DICE 3 1 5 4 2 1 
Jibs_PC#1861461731386587136 move 6
Jibs_PC#1861461731386587136 attack 8 7
Jibs_PC#1861461731386587136 roll 3
Jibs_PC#1861461731386587136 roll 1
DICE 3 1 4 3 3 4 
Jibs_PC#1861461731386587136 roll 3
Jibs_PC#1861461731386587136 roll 1
DICE 3 1 5 4 3 1 
Jibs_PC#1861461731386587136 move 4
Jibs_PC#1861461731386587136 attack 7 4
Jibs_PC#1861461731386587136 roll 3
Jibs_PC#1861461731386587136 roll 1
DICE 3 1 5 2 1 5 
Jibs_PC#1861461731386587136 roll 2
Jibs_PC#1861461731386587136 roll 1
DICE 2 1 5 3 1 
Jibs_PC#1861461731386587136 endattack
Jibs_PC#1861461731386587136 nomove
CARD 31
Jibs_PC#1861461731386587136 placearmies 26 2
Jibs_PC#1861461731386587136 placearmies 41 1
Jibs_PC#1861461731386587136 attack 26 24
Jibs_PC#1861461731386587136 roll 3
Jibs_PC#1861461731386587136 roll 1
DICE 3 1 1 1 0 3 
Jibs_PC#1861461731386587136 roll 3
Jibs_PC#1861461731386587136 roll 1
DICE 3 1 2 2 1 4 
Jibs_PC#1861461731386587136 retreat
Jibs_PC#1861461731386587136 attack 26 25
Jibs_PC#1861461731386587136 roll 3
Jibs_PC#1861461731386587136 roll 1
DICE 3 1 5 4 0 2 
Jibs_PC#1861461731386587136 move 9
Jibs_PC#1861461731386587136 attack 25 23
Jibs_PC#1861461731386587136 roll 3
Jibs_PC#1861461731386587136 roll 1
DICE 3 1 5 5 1 3 
Jibs_PC#1861461731386587136 move 8
Jibs_PC#1861461731386587136 attack 23 24
Jibs_PC#1861461731386587136 roll 3
Jibs_PC#1861461731386587136 roll 1
DICE 3 1 5 5 0 5 
Jibs_PC#1861461731386587136 roll 3
Jibs_PC#1861461731386587136 roll 1
DICE 3 1 5 3 1 2 
Jibs_PC#1861461731386587136 move 6
Jibs_PC#1861461731386587136 attack 24 22
Jibs_PC#1861461731386587136 roll 3
Jibs_PC#1861461731386587136 roll 1
DICE 3 1 4 2 2 3 
Jibs_PC#1861461731386587136 move 5
Jibs_PC#1861461731386587136 attack 22 21
Jibs_PC#1861461731386587136 roll 3
Jibs_PC#1861461731386587136 roll 2
DICE 3 2 3 2 2 5 2 
Jibs_PC#1861461731386587136 retreat
Jibs_PC#1861461731386587136 endattack
Jibs_PC#1861461731386587136 nomove
CARD 39
Jibs_PC#1861461731386587136 placearmies 9 3
Jibs_PC#1861461731386587136 attack 9 4
Jibs_PC#1861461731386587136 roll 3
Jibs_PC#1861461731386587136 roll 2
DICE 3 2 2 2 0 2 2 
Jibs_PC#1861461731386587136 retreat
Jibs_PC#1861461731386587136 endattack
Jibs_PC#1861461731386587136 nomove
CARD 
Jibs_PC#1861461731386587136 placearmies 20 3
Jibs_PC#1861461731386587136 attack 20 16
Jibs_PC#1861461731386587136 roll 3
Jibs_PC#1861461731386587136 roll 2
DICE 3 2 3 3 2 5 1 
Jibs_PC#1861461731386587136 roll 3
Jibs_PC#1861461731386587136 roll 2
DICE 3 2 2 1 0 4 3 
Jibs_PC#1861461731386587136 roll 3
Jibs_PC#1861461731386587136 roll 2
DICE 3 2 2 2 0 5 1 
Jibs_PC#1861461731386587136 roll 2
Jibs_PC#1861461731386587136 roll 1
DICE 2 1 5 0 4 
Jibs_PC#1861461731386587136 endattack
Jibs_PC#1861461731386587136 nomove
CARD wildcard
Jibs_PC#1861461731386587136 placearmies 42 3
Jibs_PC#1861461731386587136 attack 42 41
Jibs_PC#1861461731386587136 roll 3
Jibs_PC#1861461731386587136 roll 2
DICE 3 2 2 1 0 4 3 
Jibs_PC#1861461731386587136 roll 3
Jibs_PC#1861461731386587136 roll 2
DICE 3 2 2 2 0 5 4 
Jibs_PC#1861461731386587136 retreat
Jibs_PC#1861461731386587136 attack 42 40
Jibs_PC#1861461731386587136 roll 2
Jibs_PC#1861461731386587136 roll 1
DICE 2 1 2 1 0 
Jibs_PC#1861461731386587136 endattack
Jibs_PC#1861461731386587136 nomove
CARD 28
Jibs_PC#1861461731386587136 placearmies 5 3
Jibs_PC#1861461731386587136 attack 5 10
Jibs_PC#1861461731386587136 roll 3
Jibs_PC#1861461731386587136 roll 2
DICE 3 2 3 1 0 4 4 
Jibs_PC#1861461731386587136 retreat
Jibs_PC#1861461731386587136 attack 36 38
Jibs_PC#1861461731386587136 roll 3
Jibs_PC#1861461731386587136 roll 1
DICE 3 1 5 4 3 1 
Jibs_PC#1861461731386587136 move 11
Jibs_PC#1861461731386587136 attack 38 1
Jibs_PC#1861461731386587136 roll 3
Jibs_PC#1861461731386587136 roll 1
DICE 3 1 1 1 0 5 
Jibs_PC#1861461731386587136 roll 3
Jibs_PC#1861461731386587136 roll 1
DICE 3 1 4 3 3 4 
Jibs_PC#1861461731386587136 roll 3
Jibs_PC#1861461731386587136 roll 1
DICE 3 1 4 3 1 2 
Jibs_PC#1861461731386587136 move 8
Jibs_PC#1861461731386587136 attack 1 2
Jibs_PC#1861461731386587136 roll 3
Jibs_PC#1861461731386587136 roll 1
DICE 3 1 3 0 0 2 
Jibs_PC#1861461731386587136 move 7
Jibs_PC#1861461731386587136 attack 2 3
Jibs_PC#1861461731386587136 roll 3
Jibs_PC#1861461731386587136 roll 1
DICE 3 1 5 5 0 4 
Jibs_PC#1861461731386587136 move 6
Jibs_PC#1861461731386587136 attack 3 7
Jibs_PC#1861461731386587136 roll 3
Jibs_PC#1861461731386587136 roll 1
DICE 3 1 4 4 1 1 
Jibs_PC#1861461731386587136 move 5
Jibs_PC#1861461731386587136 attack 7 8
Jibs_PC#1861461731386587136 roll 3
Jibs_PC#1861461731386587136 roll 1
DICE 3 1 4 1 0 2 
Jibs_PC#1861461731386587136 move 4
Jibs_PC#1861461731386587136 attack 8 6
Jibs_PC#1861461731386587136 roll 3
Jibs_PC#1861461731386587136 roll 1
DICE 3 1 5 5 0 4 
Jibs_PC#1861461731386587136 endattack
Jibs_PC#1861461731386587136 nomove
CARD 6
Jibs_PC#1861461731386587136 placearmies 12 1
Jibs_PC#1861461731386587136 placearmies 10 1
Jibs_PC#1861461731386587136 placearmies 29 3
Jibs_PC#1861461731386587136 attack 29 36
Jibs_PC#1861461731386587136 roll 3
Jibs_PC#1861461731386587136 roll 1
DICE 3 1 4 4 2 2 
Jibs_PC#1861461731386587136 attack 12 21
Jibs_PC#1861461731386587136 roll 3
Jibs_PC#1861461731386587136 roll 2
DICE 3 2 4 1 0 0 0 
Jibs_PC#1861461731386587136 move 4
Jibs_PC#1861461731386587136 endattack
Jibs_PC#1861461731386587136 nomove
CARD 27
Jibs_PC#1861461731386587136 placearmies 41 3
Jibs_PC#1861461731386587136 attack 41 42
Jibs_PC#1861461731386587136 roll 3
Jibs_PC#1861461731386587136 roll 1
DICE 3 1 4 4 3 5 
Jibs_PC#1861461731386587136 roll 3
Jibs_PC#1861461731386587136 roll 1
DICE 3 1 5 4 2 3 
Jibs_PC#1861461731386587136 move 6
Jibs_PC#1861461731386587136 attack 42 40
Jibs_PC#1861461731386587136 roll 3
Jibs_PC#1861461731386587136 roll 2
DICE 3 2 3 2 0 5 2 
Jibs_PC#1861461731386587136 roll 3
Jibs_PC#1861461731386587136 roll 2
DICE 3 2 4 3 0 3 1 
Jibs_PC#1861461731386587136 endattack
Jibs_PC#1861461731386587136 movearmies 40 39 2
CARD 22
Jibs_PC#1861461731386587136 placearmies 32 3
Jibs_PC#1861461731386587136 attack 32 30
Jibs_PC#1861461731386587136 roll 3
Jibs_PC#1861461731386587136 roll 1
DICE 3 1 5 4 0 1 
Jibs_PC#1861461731386587136 endattack
Jibs_PC#1861461731386587136 nomove
CARD 10
Jibs_PC#1861461731386587136 placearmies 16 2
Jibs_PC#1861461731386587136 placearmies 14 1
Jibs_PC#1861461731386587136 placearmies 19 1
Jibs_PC#1861461731386587136 placearmies 20 1
Jibs_PC#1861461731386587136 placearmies 14 1
Jibs_PC#1861461731386587136 placearmies 19 2
Jibs_PC#1861461731386587136 attack 16 31
Jibs_PC#1861461731386587136 roll 3
Jibs_PC#1861461731386587136 roll 1
DICE 3 1 2 1 0 5 
Jibs_PC#1861461731386587136 roll 2
Jibs_PC#1861461731386587136 roll 1
DICE 2 1 3 1 2 
Jibs_PC#1861461731386587136 endattack
Jibs_PC#1861461731386587136 movearmies 31 20 1
CARD 7
Jibs_PC#1861461731386587136 placearmies 5 2
Jibs_PC#1861461731386587136 placearmies 5 1
Jibs_PC#1861461731386587136 attack 5 10
Jibs_PC#1861461731386587136 roll 3
Jibs_PC#1861461731386587136 roll 2
DICE 3 2 3 3 2 5 4 
Jibs_PC#1861461731386587136 roll 3
Jibs_PC#1861461731386587136 roll 2
DICE 3 2 4 3 2 4 2 
Jibs_PC#1861461731386587136 retreat
Jibs_PC#1861461731386587136 attack 5 10
Jibs_PC#1861461731386587136 roll 2
Jibs_PC#1861461731386587136 roll 2
DICE 2 2 5 0 5 5 
Jibs_PC#1861461731386587136 attack 6 14
Jibs_PC#1861461731386587136 roll 2
Jibs_PC#1861461731386587136 roll 2
DICE 2 2 3 3 3 1 
Jibs_PC#1861461731386587136 retreat
Jibs_PC#1861461731386587136 endattack
Jibs_PC#1861461731386587136 nomove
CARD 
Jibs_PC#1861461731386587136 placearmies 36 5
Jibs_PC#1861461731386587136 attack 36 35
Jibs_PC#1861461731386587136 roll 3
Jibs_PC#1861461731386587136 roll 1
DICE 3 1 5 5 4 3 
Jibs_PC#1861461731386587136 move 7
Jibs_PC#1861461731386587136 attack 35 38
Jibs_PC#1861461731386587136 roll 3
Jibs_PC#1861461731386587136 roll 1
DICE 3 1 3 3 3 4 
Jibs_PC#1861461731386587136 roll 3
Jibs_PC#1861461731386587136 roll 1
DICE 3 1 4 3 1 2 
Jibs_PC#1861461731386587136 move 5
Jibs_PC#1861461731386587136 endattack
Jibs_PC#1861461731386587136 nomove
CARD 30
Jibs_PC#1861461731386587136 placearmies 22 1
Jibs_PC#1861461731386587136 placearmies 22 4
Jibs_PC#1861461731386587136 attack 22 21
Jibs_PC#1861461731386587136 roll 3
Jibs_PC#1861461731386587136 roll 2
DICE 3 2 5 4 3 3 1 
Jibs_PC#1861461731386587136 roll 3
Jibs_PC#1861461731386587136 roll 2
DICE 3 2 2 1 1 5 4 
Jibs_PC#1861461731386587136 roll 3
Jibs_PC#1861461731386587136 roll 2
DICE 3 2 4 3 1 5 4 
Jibs_PC#1861461731386587136 roll 3
Jibs_PC#1861461731386587136 roll 2
DICE 3 2 5 2 1 5 2 
Jibs_PC#1861461731386587136 retreat
Jibs_PC#1861461731386587136 attack 39 33
Jibs_PC#1861461731386587136 roll 2
Jibs_PC#1861461731386587136 roll 1
DICE 2 1 1 0 4 
Jibs_PC#1861461731386587136 retreat
Jibs_PC#1861461731386587136 endattack
Jibs_PC#1861461731386587136 nomove
CARD 
Jibs_PC#1861461731386587136 trade 1 28 10
Jibs_PC#1861461731386587136 placearmies 30 1
Jibs_PC#1861461731386587136 placearmies 9 7
Jibs_PC#1861461731386587136 placearmies 9 5
Jibs_PC#1861461731386587136 attack 9 5
Jibs_PC#1861461731386587136 roll 3
Jibs_PC#1861461731386587136 roll 1
DICE 3 1 5 3 0 5 
Jibs_PC#1861461731386587136 roll 3
Jibs_PC#1861461731386587136 roll 1
DICE 3 1 3 2 0 1 
Jibs_PC#1861461731386587136 move 12
Jibs_PC#1861461731386587136 attack 5 10
Jibs_PC#1861461731386587136 roll 3
Jibs_PC#1861461731386587136 roll 2
DICE 3 2 3 2 0 2 2 
Jibs_PC#1861461731386587136 roll 3
Jibs_PC#1861461731386587136 roll 1
DICE 3 1 4 0 0 2 
Jibs_PC#1861461731386587136 move 10
Jibs_PC#1861461731386587136 attack 30 16
Jibs_PC#1861461731386587136 roll 3
Jibs_PC#1861461731386587136 roll 1
DICE 3 1 5 1 0 3 
Jibs_PC#1861461731386587136 attack 10 12
Jibs_PC#1861461731386587136 roll 3
Jibs_PC#1861461731386587136 roll 1
DICE 3 1 5 2 1 4 
Jibs_PC#1861461731386587136 move 9
Jibs_PC#1861461731386587136 attack 12 13
Jibs_PC#1861461731386587136 roll 3
Jibs_PC#1861461731386587136 roll 1
DICE 3 1 5 4 2 3 
Jibs_PC#1861461731386587136 move 5
Jibs_PC#1861461731386587136 attack 13 11
Jibs_PC#1861461731386587136 roll 3
Jibs_PC#1861461731386587136 roll 1
DICE 3 1 5 1 0 0 
Jibs_PC#1861461731386587136 move 3
Jibs_PC#1861461731386587136 endattack
Jibs_PC#1861461731386587136 movearmies 13 12 1
CARD wildcard
Jibs_PC#1861461731386587136 trade 24 wildcard 7
Jibs_PC#1861461731386587136 placearmies 20 5
Jibs_PC#1861461731386587136 placearmies 20 8
Jibs_PC#1861461731386587136 attack 20 21
Jibs_PC#1861461731386587136 roll 3
Jibs_PC#1861461731386587136 roll 2
DICE 3 2 5 5 0 2 0 
Jibs_PC#1861461731386587136 move 15
Jibs_PC#1861461731386587136 attack 21 12
Jibs_PC#1861461731386587136 roll 3
Jibs_PC#1861461731386587136 roll 2
DICE 3 2 3 3 2 4 2 
Jibs_PC#1861461731386587136 roll 3
Jibs_PC#1861461731386587136 roll 2
DICE 3 2 5 5 2 3 1 
Jibs_PC#1861461731386587136 roll 3
Jibs_PC#1861461731386587136 roll 2
DICE 3 2 3 1 0 5 4 
Jibs_PC#1861461731386587136 roll 3
Jibs_PC#1861461731386587136 roll 2
DICE 3 2 4 3 0 5 0 
Jibs_PC#1861461731386587136 roll 3
Jibs_PC#1861461731386587136 roll 1
DICE 3 1 5 4 4 5 
Jibs_PC#1861461731386587136 roll 3
Jibs_PC#1861461731386587136 roll 1
DICE 3 1 2 2 0 4 
Jibs_PC#1861461731386587136 roll 3
Jibs_PC#1861461731386587136 roll 1
DICE 3 1 5 1 1 0 
Jibs_PC#1861461731386587136 move 8
Jibs_PC#1861461731386587136 attack 12 13
Jibs_PC#1861461731386587136 roll 3
Jibs_PC#1861461731386587136 roll 1
DICE 3 1 2 1 1 4 
Jibs_PC#1861461731386587136 roll 3
Jibs_PC#1861461731386587136 roll 1
DICE 3 1 1 0 0 3 
Jibs_PC#1861461731386587136 roll 3
Jibs_PC#1861461731386587136 roll 1
DICE 3 1 4 2 2 4 
Jibs_PC#1861461731386587136 roll 3
Jibs_PC#1861461731386587136 roll 1
DICE 3 1 5 4 0 5 
Jibs_PC#1861461731386587136 roll 3
Jibs_PC#1861461731386587136 roll 1
DICE 3 1 4 4 0 2 
Jibs_PC#1861461731386587136 endattack
Jibs_PC#1861461731386587136 movearmies 19 18 3
CARD 34
Jibs_PC#1861461731386587136 placearmies 7 3
Jibs_PC#1861461731386587136 attack 7 4
Jibs_PC#1861461731386587136 roll 3
Jibs_PC#1861461731386587136 roll 2
DICE 3 2 3 2 1 5 4 
Jibs_PC#1861461731386587136 retreat
Jibs_PC#1861461731386587136 endattack
Jibs_PC#1861461731386587136 nomove
CARD 
Jibs_PC#1861461731386587136 placearmies 38 3
Jibs_PC#1861461731386587136 attack 38 37
Jibs_PC#1861461731386587136 roll 3
Jibs_PC#1861461731386587136 roll 1
DICE 3 1 5 1 1 5 
Jibs_PC#1861461731386587136 roll 3
Jibs_PC#1861461731386587136 roll 1
DICE 3 1 4 3 2 2 
Jibs_PC#1861461731386587136 move 3
Jibs_PC#1861461731386587136 attack 38 34
Jibs_PC#1861461731386587136 roll 3
Jibs_PC#1861461731386587136 roll 1
DICE 3 1 4 3 3 0 
Jibs_PC#1861461731386587136 endattack
Jibs_PC#1861461731386587136 movearmies 37 38 2
CARD 15
Jibs_PC#1861461731386587136 placearmies 22 2
Jibs_PC#1861461731386587136 placearmies 22 1
Jibs_PC#1861461731386587136 placearmies 22 2
Jibs_PC#1861461731386587136 attack 22 21
Jibs_PC#1861461731386587136 roll 3
Jibs_PC#1861461731386587136 roll 1
DICE 3 1 4 3 2 1 
Jibs_PC#1861461731386587136 move 5
Jibs_PC#1861461731386587136 attack 21 20
Jibs_PC#1861461731386587136 roll 3
Jibs_PC#1861461731386587136 roll 1
DICE 3 1 4 2 0 1 
Jibs_PC#1861461731386587136 move 3
Jibs_PC#1861461731386587136 endattack
Jibs_PC#1861461731386587136 movearmies 20 21 2
CARD 29
Jibs_PC#1861461731386587136 placearmies 11 1
Jibs_PC#1861461731386587136 placearmies 11 1
Jibs_PC#1861461731386587136 placearmies 11 1
Jibs_PC#1861461731386587136 attack 11 13
Jibs_PC#1861461731386587136 roll 3
Jibs_PC#1861461731386587136 roll 2
DICE 3 2 5 5 4 5 3 
Jibs_PC#1861461731386587136 roll 3
Jibs_PC#1861461731386587136 roll 2
DICE 3 2 3 2 1 3 1 
Jibs_PC#1861461731386587136 retreat
Jibs_PC#1861461731386587136 attack 11 12
Jibs_PC#1861461731386587136 roll 3
Jibs_PC#1861461731386587136 roll 1
DICE 3 1 3 3 3 5 
Jibs_PC#1861461731386587136 roll 2
Jibs_PC#1861461731386587136 roll 1
DICE 2 1 1 1 2 
Jibs_PC#1861461731386587136 retreat
Jibs_PC#1861461731386587136 attack 16 28
Jibs_PC#1861461731386587136 roll 2
Jibs_PC#1861461731386587136 roll 1
DICE 2 1 5 4 1 
Jibs_PC#1861461731386587136 endattack
Jibs_PC#1861461731386587136 nomove
CARD 9
Jibs_PC#1861461731386587136 placearmies 12 3
Jibs_PC#1861461731386587136 attack 18 16
Jibs_PC#1861461731386587136 roll 3
Jibs_PC#1861461731386587136 roll 1
DICE 3 1 2 2 0 1 
Jibs_PC#1861461731386587136 attack 16 20
Jibs_PC#1861461731386587136 roll 2
Jibs_PC#1861461731386587136 roll 1
DICE 2 1 2 1 4 
Jibs_PC#1861461731386587136 retreat
Jibs_PC#1861461731386587136 attack 12 10
Jibs_PC#1861461731386587136 roll 3
Jibs_PC#1861461731386587136 roll 1
DICE 3 1 4 4 0 5 
Jibs_PC#1861461731386587136 roll 2
Jibs_PC#1861461731386587136 roll 1
DICE 2 1 4 2 0 
Jibs_PC#1861461731386587136 endattack
Jibs_PC#1861461731386587136 nomove
CARD 20
Jibs_PC#1861461731386587136 placearmies 7 2
Jibs_PC#1861461731386587136 placearmies 7 1
Jibs_PC#1861461731386587136 attack 7 4
Jibs_PC#1861461731386587136 roll 3
Jibs_PC#1861461731386587136 roll 2
DICE 3 2 0 0 0 2 2 
Jibs_PC#1861461731386587136 retreat
Jibs_PC#1861461731386587136 attack 7 9
Jibs_PC#1861461731386587136 roll 2
Jibs_PC#1861461731386587136 roll 1
DICE 2 1 4 3 2 
Jibs_PC#1861461731386587136 endattack
Jibs_PC#1861461731386587136 nomove
CARD 36
Jibs_PC#1861461731386587136 trade 31 27 15
Jibs_PC#1861461731386587136 placearmies 38 1
Jibs_PC#1861461731386587136 placearmies 29 10
Jibs_PC#1861461731386587136 attack 29 30
Jibs_PC#1861461731386587136 roll 3
Jibs_PC#1861461731386587136 roll 1
DICE 3 1 4 3 0 5 
Jibs_PC#1861461731386587136 roll 3
Jibs_PC#1861461731386587136 roll 1
DICE 3 1 3 3 1 0 
Jibs_PC#1861461731386587136 move 9
Jibs_PC#1861461731386587136 attack 30 31
Jibs_PC#1861461731386587136 roll 3
Jibs_PC#1861461731386587136 roll 1
DICE 3 1 4 3 3 2 
Jibs_PC#1861461731386587136 move 8
Jibs_PC#1861461731386587136 attack 31 22
Jibs_PC#1861461731386587136 roll 3
Jibs_PC#1861461731386587136 roll 2
DICE 3 2 5 4 2 1 0 
Jibs_PC#1861461731386587136 move 7
Jibs_PC#1861461731386587136 attack 22 24
Jibs_PC#1861461731386587136 roll 3
Jibs_PC#1861461731386587136 roll 1
DICE 3 1 5 2 1 4 
Jibs_PC#1861461731386587136 move 6
Jibs_PC#1861461731386587136 attack 24 26
Jibs_PC#1861461731386587136 roll 3
Jibs_PC#1861461731386587136 roll 1
DICE 3 1 5 5 0 4 
Jibs_PC#1861461731386587136 move 5
Jibs_PC#1861461731386587136 attack 26 25
Jibs_PC#1861461731386587136 roll 3
Jibs_PC#1861461731386587136 roll 1
DICE 3 1 4 2 0 4 
Jibs_PC#1861461731386587136 roll 3
Jibs_PC#1861461731386587136 roll 1
DICE 3 1 5 1 1 2 
Jibs_PC#1861461731386587136 attack 25 23
Jibs_PC#1861461731386587136 roll 2
Jibs_PC#1861461731386587136 roll 1
DICE 2 1 5 2 5 
Jibs_PC#1861461731386587136 retreat
Jibs_PC#1861461731386587136 endattack
Jibs_PC#1861461731386587136 movearmies 34 38 2
CARD 40
Jibs_PC#1861461731386587136 placearmies 21 4
Jibs_PC#1861461731386587136 placearmies 21 1
Jibs_PC#1861461731386587136 attack 21 22
Jibs_PC#1861461731386587136 roll 3
Jibs_PC#1861461731386587136 roll 1
DICE 3 1 5 5 4 1 
Jibs_PC#1861461731386587136 move 8
Jibs_PC#1861461731386587136 attack 22 24
Jibs_PC#1861461731386587136 roll 3
Jibs_PC#1861461731386587136 roll 1
DICE 3 1 4 3 0 1 
Jibs_PC#1861461731386587136 move 7
Jibs_PC#1861461731386587136 attack 24 26
Jibs_PC#1861461731386587136 roll 3
Jibs_PC#1861461731386587136 roll 1
DICE 3 1 4 0 0 1 
Jibs_PC#1861461731386587136 move 6
Jibs_PC#1861461731386587136 attack 26 25
Jibs_PC#1861461731386587136 roll 3
Jibs_PC#1861461731386587136 roll 2
DICE 3 2 3 2 0 1 0 
Jibs_PC#1861461731386587136 move 3
Jibs_PC#1861461731386587136 endattack
Jibs_PC#1861461731386587136 movearmies 25 23 1
CARD 17
Jibs_PC#1861461731386587136 trade 13 wildcard 9
Jibs_PC#1861461731386587136 placearmies 11 2
Jibs_PC#1861461731386587136 placearmies 32 11
Jibs_PC#1861461731386587136 attack 32 31
Jibs_PC#1861461731386587136 roll 3
Jibs_PC#1861461731386587136 roll 1
DICE 3 1 4 4 1 4 
Jibs_PC#1861461731386587136 roll 3
Jibs_PC#1861461731386587136 roll 1
DICE 3 1 3 3 0 3 
Jibs_PC#1861461731386587136 roll 3
Jibs_PC#1861461731386587136 roll 1
DICE 3 1 4 1 0 0 
Jibs_PC#1861461731386587136 move 9
Jibs_PC#1861461731386587136 attack 31 22
Jibs_PC#1861461731386587136 roll 3
Jibs_PC#1861461731386587136 roll 1
DICE 3 1 2 2 1 4 
Jibs_PC#1861461731386587136 roll 3
Jibs_PC#1861461731386587136 roll 1
DICE 3 1 4 1 0 3 
Jibs_PC#1861461731386587136 move 7
Jibs_PC#1861461731386587136 endattack
Jibs_PC#1861461731386587136 nomove
CARD 3
Jibs_PC#1861461731386587136 placearmies 16 2
Jibs_PC#1861461731386587136 placearmies 16 1
Jibs_PC#1861461731386587136 attack 16 20
Jibs_PC#1861461731386587136 roll 3
Jibs_PC#1861461731386587136 roll 1
DICE 3 1 5 1 1 3 
Jibs_PC#1861461731386587136 move 3
Jibs_PC#1861461731386587136 endattack
Jibs_PC#1861461731386587136 nomove
CARD 12
Jibs_PC#1861461731386587136 trade 4 6 36
Jibs_PC#1861461731386587136 placearmies 6 1
Jibs_PC#1861461731386587136 placearmies 6 1
Jibs_PC#1861461731386587136 placearmies 9 7
Jibs_PC#1861461731386587136 placearmies 33 4
Jibs_PC#1861461731386587136 attack 6 14
Jibs_PC#1861461731386587136 roll 3
Jibs_PC#1861461731386587136 roll 2
DICE 3 2 5 2 1 5 4 
Jibs_PC#1861461731386587136 roll 3
Jibs_PC#1861461731386587136 roll 2
DICE 3 2 3 1 0 3 0 
Jibs_PC#1861461731386587136 roll 2
Jibs_PC#1861461731386587136 roll 1
DICE 2 1 3 3 0 
Jibs_PC#1861461731386587136 attack 33 39
Jibs_PC#1861461731386587136 roll 3
Jibs_PC#1861461731386587136 roll 2
DICE 3 2 4 4 0 5 2 
Jibs_PC#1861461731386587136 roll 3
Jibs_PC#1861461731386587136 roll 1
DICE 3 1 4 4 1 1 
Jibs_PC#1861461731386587136 attack 9 4
Jibs_PC#1861461731386587136 roll 3
Jibs_PC#1861461731386587136 roll 2
DICE 3 2 4 3 0 3 1 
Jibs_PC#1861461731386587136 move 8
Jibs_PC#1861461731386587136 attack 4 5
Jibs_PC#1861461731386587136 roll 3
Jibs_PC#1861461731386587136 roll 1
DICE 3 1 5 3 3 2 
Jibs_PC#1861461731386587136 move 7
Jibs_PC#1861461731386587136 endattack
Jibs_PC#1861461731386587136 nomove
CARD 41
Jibs_PC#1861461731386587136 placearmies 27 3
Jibs_PC#1861461731386587136 attack 38 1
Jibs_PC#1861461731386587136 roll 3
Jibs_PC#1861461731386587136 roll 1
DICE 3 1 3 0 0 5 
Jibs_PC#1861461731386587136 roll 3
Jibs_PC#1861461731386587136 roll 1
DICE 3 1 4 2 0 0 
Jibs_PC#1861461731386587136 move 4
Jibs_PC#1861461731386587136 attack 27 28
Jibs_PC#1861461731386587136 roll 3
Jibs_PC#1861461731386587136 roll 2
DICE 3 2 2 2 0 3 0 
Jibs_PC#1861461731386587136 roll 3
Jibs_PC#1861461731386587136 roll 1
DICE 3 1 5 3 0 0 
Jibs_PC#1861461731386587136 move 4
Jibs_PC#1861461731386587136 endattack
Jibs_PC#1861461731386587136 movearmies 1 38 3
CARD 19
Jibs_PC#1861461731386587136 trade 39 29 17
Jibs_PC#1861461731386587136 placearmies 21 3
Jibs_PC#1861461731386587136 placearmies 41 6
Jibs_PC#1861461731386587136 attack 41 39
Jibs_PC#1861461731386587136 roll 3
Jibs_PC#1861461731386587136 roll 2
DICE 3 2 5 0 0 2 1 
Jibs_PC#1861461731386587136 roll 3
Jibs_PC#1861461731386587136 roll 2
DICE 3 2 3 2 1 5 4 
Jibs_PC#1861461731386587136 roll 3
Jibs_PC#1861461731386587136 roll 2
DICE 3 2 3 1 0 4 1 
Jibs_PC#1861461731386587136 retreat
Jibs_PC#1861461731386587136 attack 21 12
Jibs_PC#1861461731386587136 roll 3
Jibs_PC#1861461731386587136 roll 1
DICE 3 1 5 3 2 2 
Jibs_PC#1861461731386587136 endattack
Jibs_PC#1861461731386587136 movearmies 26 24 2
CARD 16
Jibs_PC#1861461731386587136 placearmies 22 2
Jibs_PC#1861461731386587136 placearmies 11 1
Jibs_PC#1861461731386587136 attack 22 24
Jibs_PC#1861461731386587136 roll 3
Jibs_PC#1861461731386587136 roll 2
DICE 3 2 3 0 0 1 0 
Jibs_PC#1861461731386587136 roll 3
Jibs_PC#1861461731386587136 roll 2
DICE 3 2 5 2 0 3 0 
Jibs_PC#1861461731386587136 move 7
Jibs_PC#1861461731386587136 attack 24 21
Jibs_PC#1861461731386587136 roll 3
Jibs_PC#1861461731386587136 roll 1
DICE 3 1 5 5 2 2 
Jibs_PC#1861461731386587136 move 6
Jibs_PC#1861461731386587136 attack 21 23
Jibs_PC#1861461731386587136 roll 3
Jibs_PC#1861461731386587136 roll 2
DICE 3 2 4 4 2 1 0 
Jibs_PC#1861461731386587136 move 5
Jibs_PC#1861461731386587136 attack 23 25
Jibs_PC#1861461731386587136 roll 3
Jibs_PC#1861461731386587136 roll 2
DICE 3 2 4 3 1 5 0 
Jibs_PC#1861461731386587136 roll 3
Jibs_PC#1861461731386587136 roll 1
DICE 3 1 2 1 0 5 
Jibs_PC#1861461731386587136 roll 2
Jibs_PC#1861461731386587136 roll 1
DICE 2 1 3 0 3 
Jibs_PC#1861461731386587136 retreat
Jibs_PC#1861461731386587136 endattack
Jibs_PC#1861461731386587136 nomove
CARD 21
Jibs_PC#1861461731386587136 placearmies 20 1
Jibs_PC#1861461731386587136 placearmies 20 1
Jibs_PC#1861461731386587136 placearmies 10 1
Jibs_PC#1861461731386587136 attack 20 31
Jibs_PC#1861461731386587136 roll 3
Jibs_PC#1861461731386587136 roll 1
DICE 3 1 1 1 0 2 
Jibs_PC#1861461731386587136 roll 3
Jibs_PC#1861461731386587136 roll 1
DICE 3 1 4 4 1 4 
Jibs_PC#1861461731386587136 retreat
Jibs_PC#1861461731386587136 attack 20 21
Jibs_PC#1861461731386587136 roll 2
Jibs_PC#1861461731386587136 roll 1
DICE 2 1 4 1 5 
Jibs_PC#1861461731386587136 retreat
Jibs_PC#1861461731386587136 attack 10 12
Jibs_PC#1861461731386587136 roll 2
Jibs_PC#1861461731386587136 roll 2
DICE 2 2 2 2 4 3 
Jibs_PC#1861461731386587136 endattack
Jibs_PC#1861461731386587136 nomove
CARD 
Jibs_PC#1861461731386587136 placearmies 2 3
Jibs_PC#1861461731386587136 attack 5 10
Jibs_PC#1861461731386587136 roll 3
Jibs_PC#1861461731386587136 roll 1
DICE 3 1 5 2 1 3 
Jibs_PC#1861461731386587136 move 6
Jibs_PC#1861461731386587136 attack 2 1
Jibs_PC#1861461731386587136 roll 3
Jibs_PC#1861461731386587136 roll 1
DICE 3 1 1 0 0 2 
Jibs_PC#1861461731386587136 roll 2
Jibs_PC#1861461731386587136 roll 1
DICE 2 1 5 0 4 
Jibs_PC#1861461731386587136 attack 10 12
Jibs_PC#1861461731386587136 roll 3
Jibs_PC#1861461731386587136 roll 2
DICE 3 2 5 5 0 5 4 
Jibs_PC#1861461731386587136 roll 3
Jibs_PC#1861461731386587136 roll 2
DICE 3 2 2 0 0 1 0 
Jibs_PC#1861461731386587136 retreat
Jibs_PC#1861461731386587136 endattack
Jibs_PC#1861461731386587136 nomove
CARD 26
Jibs_PC#1861461731386587136 placearmies 38 1
Jibs_PC#1861461731386587136 placearmies 38 1
Jibs_PC#1861461731386587136 placearmies 38 1
Jibs_PC#1861461731386587136 attack 38 1
Jibs_PC#1861461731386587136 roll 3
Jibs_PC#1861461731386587136 roll 2
DICE 3 2 5 3 3 4 2 
Jibs_PC#1861461731386587136 move 6
Jibs_PC#1861461731386587136 attack 1 3
Jibs_PC#1861461731386587136 roll 3
Jibs_PC#1861461731386587136 roll 1
DICE 3 1 5 5 3 5 
Jibs_PC#1861461731386587136 roll 3
Jibs_PC#1861461731386587136 roll 1
DICE 3 1 3 2 1 3 
Jibs_PC#1861461731386587136 roll 3
Jibs_PC#1861461731386587136 roll 1
DICE 3 1 3 0 0 4 
Jibs_PC#1861461731386587136 roll 2
Jibs_PC#1861461731386587136 roll 1
DICE 2 1 2 0 1 
Jibs_PC#1861461731386587136 endattack
Jibs_PC#1861461731386587136 nomove
CARD 11
Jibs_PC#1861461731386587136 placearmies 41 3
Jibs_PC#1861461731386587136 attack 41 39
Jibs_PC#1861461731386587136 roll 3
Jibs_PC#1861461731386587136 roll 2
DICE 3 2 2 1 1 5 2 
Jibs_PC#1861461731386587136 retreat
Jibs_PC#1861461731386587136 attack 41 39
Jibs_PC#1861461731386587136 roll 2
Jibs_PC#1861461731386587136 roll 2
DICE 2 2 4 0 4 2 
Jibs_PC#1861461731386587136 endattack
Jibs_PC#1861461731386587136 nomove
CARD 
Jibs_PC#1861461731386587136 placearmies 23 3
Jibs_PC#1861461731386587136 attack 23 25
Jibs_PC#1861461731386587136 roll 3
Jibs_PC#1861461731386587136 roll 1
DICE 3 1 4 3 0 4 
Jibs_PC#1861461731386587136 roll 3
Jibs_PC#1861461731386587136 roll 1
DICE 3 1 2 1 0 5 
Jibs_PC#1861461731386587136 roll 2
Jibs_PC#1861461731386587136 roll 1
DICE 2 1 5 2 0 
Jibs_PC#1861461731386587136 attack 11 13
Jibs_PC#1861461731386587136 roll 3
Jibs_PC#1861461731386587136 roll 1
DICE 3 1 5 2 2 5 
Jibs_PC#1861461731386587136 roll 3
Jibs_PC#1861461731386587136 roll 1
DICE 3 1 3 2 1 2 
Jibs_PC#1861461731386587136 endattack
Jibs_PC#1861461731386587136 nomove
CARD 38
Jibs_PC#1861461731386587136 placearmies 20 2
Jibs_PC#1861461731386587136 placearmies 20 1
Jibs_PC#1861461731386587136 attack 20 21
Jibs_PC#1861461731386587136 roll 3
Jibs_PC#1861461731386587136 roll 1
DICE 3 1 5 4 3 1 
Jibs_PC#1861461731386587136 move 4
Jibs_PC#1861461731386587136 endattack
Jibs_PC#1861461731386587136 nomove
CARD 8
Jibs_PC#1861461731386587136 placearmies 2 3
Jibs_PC#1861461731386587136 attack 10 12
Jibs_PC#1861461731386587136 roll 3
Jibs_PC#1861461731386587136 roll 1
DICE 3 1 4 1 0 4 
Jibs_PC#1861461731386587136 roll 2
Jibs_PC#1861461731386587136 roll 1
DICE 2 1 2 2 5 
Jibs_PC#1861461731386587136 retreat
Jibs_PC#1861461731386587136 attack 2 3
Jibs_PC#1861461731386587136 roll 3
Jibs_PC#1861461731386587136 roll 2
DICE 3 2 5 4 3 3 0 
Jibs_PC#1861461731386587136 attack 3 1
Jibs_PC#1861461731386587136 roll 2
Jibs_PC#1861461731386587136 roll 1
DICE 2 1 2 0 3 
Jibs_PC#1861461731386587136 retreat
Jibs_PC#1861461731386587136 endattack
Jibs_PC#1861461731386587136 nomove
CARD 23
Jibs_PC#1861461731386587136 placearmies 29 3
Jibs_PC#1861461731386587136 attack 29 33
Jibs_PC#1861461731386587136 roll 3
Jibs_PC#1861461731386587136 roll 1
DICE 3 1 3 2 0 4 
Jibs_PC#1861461731386587136 roll 2
Jibs_PC#1861461731386587136 roll 1
DICE 2 1 3 0 4 
Jibs_PC#1861461731386587136 retreat
Jibs_PC#1861461731386587136 attack 28 16
Jibs_PC#1861461731386587136 roll 3
Jibs_PC#1861461731386587136 roll 2
DICE 3 2 5 3 2 1 1 
Jibs_PC#1861461731386587136 attack 16 31
Jibs_PC#1861461731386587136 roll 2
Jibs_PC#1861461731386587136 roll 1
DICE 2 1 5 2 5 
Jibs_PC#1861461731386587136 retreat
Jibs_PC#1861461731386587136 endattack
Jibs_PC#1861461731386587136 nomove
CARD 42
Jibs_PC#1861461731386587136 placearmies 26 3
Jibs_PC#1861461731386587136 attack 26 24
Jibs_PC#1861461731386587136 roll 3
Jibs_PC#1861461731386587136 roll 1
DICE 3 1 3 2 0 2 
Jibs_PC#1861461731386587136 endattack
Jibs_PC#1861461731386587136 nomove
CARD 37
Jibs_PC#1861461731386587136 placearmies 13 1
Jibs_PC#1861461731386587136 placearmies 25 2
Jibs_PC#1861461731386587136 attack 25 26
Jibs_PC#1861461731386587136 roll 3
Jibs_PC#1861461731386587136 roll 1
DICE 3 1 5 2 1 4 
Jibs_PC#1861461731386587136 attack 13 12
Jibs_PC#1861461731386587136 roll 3
Jibs_PC#1861461731386587136 roll 1
DICE 3 1 5 5 2 1 
Jibs_PC#1861461731386587136 endattack
Jibs_PC#1861461731386587136 nomove
CARD 14
Jibs_PC#1861461731386587136 placearmies 21 3
Jibs_PC#1861461731386587136 attack 21 12
Jibs_PC#1861461731386587136 roll 3
Jibs_PC#1861461731386587136 roll 2
DICE 3 2 5 4 2 1 0 
Jibs_PC#1861461731386587136 roll 3
Jibs_PC#1861461731386587136 roll 1
DICE 3 1 4 2 0 5 
Jibs_PC#1861461731386587136 roll 3
Jibs_PC#1861461731386587136 roll 1
DICE 3 1 5 4 0 1 
Jibs_PC#1861461731386587136 move 5
Jibs_PC#1861461731386587136 attack 12 10
Jibs_PC#1861461731386587136 roll 3
Jibs_PC#1861461731386587136 roll 2
DICE 3 2 5 5 4 5 4 
Jibs_PC#1861461731386587136 roll 3
Jibs_PC#1861461731386587136 roll 1
DICE 3 1 4 2 0 0 
Jibs_PC#1861461731386587136 attack 10 11
Jibs_PC#1861461731386587136 roll 2
Jibs_PC#1861461731386587136 roll 1
DICE 2 1 5 5 5 
Jibs_PC#1861461731386587136 retreat
Jibs_PC#1861461731386587136 endattack
Jibs_PC#1861461731386587136 nomove
CARD 33
Jibs_PC#1861461731386587136 trade 41 26 23
Jibs_PC#1861461731386587136 placearmies 3 2
Jibs_PC#1861461731386587136 placearmies 5 11
Jibs_PC#1861461731386587136 attack 5 10
Jibs_PC#1861461731386587136 roll 3
Jibs_PC#1861461731386587136 roll 2
DICE 3 2 5 3 2 5 2 
Jibs_PC#1861461731386587136 roll 3
Jibs_PC#1861461731386587136 roll 1
DICE 3 1 4 4 0 2 
Jibs_PC#1861461731386587136 move 10
Jibs_PC#1861461731386587136 attack 10 11
Jibs_PC#1861461731386587136 roll 3
Jibs_PC#1861461731386587136 roll 1
DICE 3 1 3 1 0 1 
Jibs_PC#1861461731386587136 move 9
Jibs_PC#1861461731386587136 attack 11 13
Jibs_PC#1861461731386587136 roll 3
Jibs_PC#1861461731386587136 roll 1
DICE 3 1 5 4 1 4 
Jibs_PC#1861461731386587136 move 8
Jibs_PC#1861461731386587136 attack 13 12
Jibs_PC#1861461731386587136 roll 3
Jibs_PC#1861461731386587136 roll 1
DICE 3 1 4 1 0 2 
Jibs_PC#1861461731386587136 move 7
Jibs_PC#1861461731386587136 attack 3 1
Jibs_PC#1861461731386587136 roll 3
Jibs_PC#1861461731386587136 roll 1
DICE 3 1 5 2 1 0 
Jibs_PC#1861461731386587136 attack 12 21
Jibs_PC#1861461731386587136 roll 3
Jibs_PC#1861461731386587136 roll 1
DICE 3 1 5 1 0 1 
Jibs_PC#1861461731386587136 move 6
Jibs_PC#1861461731386587136 attack 21 23
Jibs_PC#1861461731386587136 roll 3
Jibs_PC#1861461731386587136 roll 1
DICE 3 1 2 2 1 5 
Jibs_PC#1861461731386587136 roll 3
Jibs_PC#1861461731386587136 roll 1
DICE 3 1 2 2 0 5 
Jibs_PC#1861461731386587136 retreat
Jibs_PC#1861461731386587136 endattack
Jibs_PC#1861461731386587136 nomove
CARD 2
Jibs_PC#1861461731386587136 trade 30 19 42
Jibs_PC#1861461731386587136 placearmies 30 1
Jibs_PC#1861461731386587136 placearmies 38 6
Jibs_PC#1861461731386587136 attack 38 1
Jibs_PC#1861461731386587136 roll 3
Jibs_PC#1861461731386587136 roll 2
DICE 3 2 5 3 3 3 1 
Jibs_PC#1861461731386587136 roll 3
Jibs_PC#1861461731386587136 roll 1
DICE 3 1 5 3 0 4 
Jibs_PC#1861461731386587136 move 6
Jibs_PC#1861461731386587136 attack 30 32
Jibs_PC#1861461731386587136 roll 3
Jibs_PC#1861461731386587136 roll 1
DICE 3 1 3 0 0 5 
Jibs_PC#1861461731386587136 roll 2
Jibs_PC#1861461731386587136 roll 1
DICE 2 1 2 2 3 
Jibs_PC#1861461731386587136 retreat
Jibs_PC#1861461731386587136 attack 1 3
Jibs_PC#1861461731386587136 roll 3
Jibs_PC#1861461731386587136 roll 1
DICE 3 1 3 1 0 0 
Jibs_PC#1861461731386587136 move 5
Jibs_PC#1861461731386587136 attack 3 7
Jibs_PC#1861461731386587136 roll 3
Jibs_PC#1861461731386587136 roll 1
DICE 3 1 4 4 0 4 
Jibs_PC#1861461731386587136 roll 3
Jibs_PC#1861461731386587136 roll 1
DICE 3 1 4 4 2 3 
Jibs_PC#1861461731386587136 attack 7 9
Jibs_PC#1861461731386587136 roll 2
Jibs_PC#1861461731386587136 roll 1
DICE 2 1 3 1 2 
Jibs_PC#1861461731386587136 endattack
Jibs_PC#1861461731386587136 nomove
CARD 5
Jibs_PC#1861461731386587136 trade 35 22 37
Jibs_PC#1861461731386587136 placearmies 24 1
Jibs_PC#1861461731386587136 placearmies 41 5
Jibs_PC#1861461731386587136 placearmies 24 1
Jibs_PC#1861461731386587136 attack 41 39
Jibs_PC#1861461731386587136 roll 3
Jibs_PC#1861461731386587136 roll 2
DICE 3 2 5 1 0 5 4 
Jibs_PC#1861461731386587136 roll 3
Jibs_PC#1861461731386587136 roll 2
DICE 3 2 5 3 2 1 0 
Jibs_PC#1861461731386587136 endattack
Jibs_PC#1861461731386587136 nomove
CARD 32
Jibs_PC#1861461731386587136 trade 3 21 14
Jibs_PC#1861461731386587136 placearmies 32 3
Jibs_PC#1861461731386587136 placearmies 32 4
Jibs_PC#1861461731386587136 attack 32 33
Jibs_PC#1861461731386587136 roll 3
Jibs_PC#1861461731386587136 roll 1
DICE 3 1 3 3 2 3 
Jibs_PC#1861461731386587136 roll 3
Jibs_PC#1861461731386587136 roll 1
DICE 3 1 4 3 1 5 
Jibs_PC#1861461731386587136 retreat
Jibs_PC#1861461731386587136 attack 32 29
Jibs_PC#1861461731386587136 roll 3
Jibs_PC#1861461731386587136 roll 2
DICE 3 2 5 5 3 5 3 
Jibs_PC#1861461731386587136 roll 3
Jibs_PC#1861461731386587136 roll 1
DICE 3 1 4 4 3 3 
Jibs_PC#1861461731386587136 move 4
Jibs_PC#1861461731386587136 endattack
Jibs_PC#1861461731386587136 nomove
CARD 25
Jibs_PC#1861461731386587136 trade 12 8 33
Jibs_PC#1861461731386587136 placearmies 20 3
Jibs_PC#1861461731386587136 placearmies 20 2
Jibs_PC#1861461731386587136 placearmies 20 6
Jibs_PC#1861461731386587136 attack 20 21
Jibs_PC#1861461731386587136 roll 3
Jibs_PC#1861461731386587136 roll 2
DICE 3 2 2 0 0 4 0 
Jibs_PC#1861461731386587136 roll 3
Jibs_PC#1861461731386587136 roll 2
DICE 3 2 5 4 0 3 1 
Jibs_PC#1861461731386587136 roll 3
Jibs_PC#1861461731386587136 roll 2
DICE 3 2 2 1 0 2 1 
Jibs_PC#1861461731386587136 roll 3
Jibs_PC#1861461731386587136 roll 2
DICE 3 2 5 1 0 4 0 
Jibs_PC#1861461731386587136 move 7
Jibs_PC#1861461731386587136 endattack
Jibs_PC#1861461731386587136 movearmies 21 19 6
CARD 18
Jibs_PC#1861461731386587136 placearmies 14 2
Jibs_PC#1861461731386587136 placearmies 12 1
Jibs_PC#1861461731386587136 placearmies 5 1
Jibs_PC#1861461731386587136 placearmies 33 1
Jibs_PC#1861461731386587136 attack 14 17
Jibs_PC#1861461731386587136 roll 3
Jibs_PC#1861461731386587136 roll 1
DICE 3 1 5 3 2 3 
Jibs_PC#1861461731386587136 endattack
Jibs_PC#1861461731386587136 nomove
CARD 27
Jibs_PC#1861461731386587136 trade 40 11 5
Jibs_PC#1861461731386587136 placearmies 30 10
Jibs_PC#1861461731386587136 attack 30 32
Jibs_PC#1861461731386587136 roll 3
Jibs_PC#1861461731386587136 roll 1
DICE 3 1 1 1 0 4 
Jibs_PC#1861461731386587136 roll 3
Jibs_PC#1861461731386587136 roll 1
DICE 3 1 5 1 1 1 
Jibs_PC#1861461731386587136 move 10
Jibs_PC#1861461731386587136 attack 32 33
Jibs_PC#1861461731386587136 roll 3
Jibs_PC#1861461731386587136 roll 2
DICE 3 2 3 1 0 4 1 
Jibs_PC#1861461731386587136 roll 3
Jibs_PC#1861461731386587136 roll 2
DICE 3 2 5 4 2 5 1 
Jibs_PC#1861461731386587136 roll 3
Jibs_PC#1861461731386587136 roll 1
DICE 3 1 3 3 0 1 
Jibs_PC#1861461731386587136 move 6
Jibs_PC#1861461731386587136 attack 33 39
Jibs_PC#1861461731386587136 roll 3
Jibs_PC#1861461731386587136 roll 2
DICE 3 2 4 1 0 4 0 
Jibs_PC#1861461731386587136 roll 3
Jibs_PC#1861461731386587136 roll 2
DICE 3 2 5 5 2 5 0 
Jibs_PC#1861461731386587136 roll 3
Jibs_PC#1861461731386587136 roll 1
DICE 3 1 3 3 0 4 
Jibs_PC#1861461731386587136 roll 2
Jibs_PC#1861461731386587136 roll 1
DICE 2 1 5 1 2 
Jibs_PC#1861461731386587136 endattack
Jibs_PC#1861461731386587136 nomove
CARD 17
Jibs_PC#1861461731386587136 placearmies 24 3
Jibs_PC#1861461731386587136 attack 24 21
Jibs_PC#1861461731386587136 roll 3
Jibs_PC#1861461731386587136 roll 1
DICE 3 1 3 3 2 4 
Jibs_PC#1861461731386587136 roll 3
Jibs_PC#1861461731386587136 roll 1
DICE 3 1 3 2 0 2 
Jibs_PC#1861461731386587136 move 6
Jibs_PC#1861461731386587136 attack 21 12
Jibs_PC#1861461731386587136 roll 3
Jibs_PC#1861461731386587136 roll 2
DICE 3 2 3 2 1 4 3 
Jibs_PC#1861461731386587136 roll 3
Jibs_PC#1861461731386587136 roll 2
DICE 3 2 5 4 3 5 2 
Jibs_PC#1861461731386587136 retreat
Jibs_PC#1861461731386587136 endattack
Jibs_PC#1861461731386587136 nomove
CARD 15
Jibs_PC#1861461731386587136 placearmies 26 2
Jibs_PC#1861461731386587136 placearmies 29 1
Jibs_PC#1861461731386587136 attack 26 24
Jibs_PC#1861461731386587136 roll 3
Jibs_PC#1861461731386587136 roll 1
DICE 3 1 3 1 0 1 
Jibs_PC#1861461731386587136 move 4
Jibs_PC#1861461731386587136 attack 29 27
Jibs_PC#1861461731386587136 roll 3
Jibs_PC#1861461731386587136 roll 1
DICE 3 1 4 3 1 2 
Jibs_PC#1861461731386587136 move 4
Jibs_PC#1861461731386587136 endattack
Jibs_PC#1861461731386587136 nomove
CARD 36
Jibs_PC#1861461731386587136 trade 34 20 18
Jibs_PC#1861461731386587136 placearmies 19 3
Jibs_PC#1861461731386587136 placearmies 19 6
Jibs_PC#1861461731386587136 attack 19 21
Jibs_PC#1861461731386587136 roll 3
Jibs_PC#1861461731386587136 roll 2
DICE 3 2 2 1 0 2 1 
Jibs_PC#1861461731386587136 roll 3
Jibs_PC#1861461731386587136 roll 2
DICE 3 2 3 3 3 5 4 
Jibs_PC#1861461731386587136 roll 3
Jibs_PC#1861461731386587136 roll 2
DICE 3 2 2 1 0 5 3 
Jibs_PC#1861461731386587136 roll 3
Jibs_PC#1861461731386587136 roll 2
DICE 3 2 5 4 2 3 2 
Jibs_PC#1861461731386587136 roll 3
Jibs_PC#1861461731386587136 roll 1
DICE 3 1 4 3 1 3 
Jibs_PC#1861461731386587136 move 9
Jibs_PC#1861461731386587136 attack 21 12
Jibs_PC#1861461731386587136 roll 3
Jibs_PC#1861461731386587136 roll 1
DICE 3 1 3 2 0 1 
Jibs_PC#1861461731386587136 move 8
Jibs_PC#1861461731386587136 attack 12 13
Jibs_PC#1861461731386587136 roll 3
Jibs_PC#1861461731386587136 roll 1
DICE 3 1 5 4 2 2 
Jibs_PC#1861461731386587136 move 7
Jibs_PC#1861461731386587136 attack 13 11
Jibs_PC#1861461731386587136 roll 3
Jibs_PC#1861461731386587136 roll 1
DICE 3 1 5 4 0 5 
Jibs_PC#1861461731386587136 roll 3
Jibs_PC#1861461731386587136 roll 1
DICE 3 1 4 2 2 1 
Jibs_PC#1861461731386587136 move 5
Jibs_PC#1861461731386587136 attack 11 10
Jibs_PC#1861461731386587136 roll 3
Jibs_PC#1861461731386587136 roll 1
DICE 3 1 1 0 0 4 
Jibs_PC#1861461731386587136 roll 3
Jibs_PC#1861461731386587136 roll 1
DICE 3 1 5 3 2 1 
Jibs_PC#1861461731386587136 endattack
Jibs_PC#1861461731386587136 movearmies 20 21 2
CARD 7
Jibs_PC#1861461731386587136 placearmies 17 1
Jibs_PC#1861461731386587136 placearmies 17 1
Jibs_PC#1861461731386587136 placearmies 5 1
Jibs_PC#1861461731386587136 attack 17 19
Jibs_PC#1861461731386587136 roll 3
Jibs_PC#1861461731386587136 roll 1
DICE 3 1 3 3 2 3 
Jibs_PC#1861461731386587136 roll 3
Jibs_PC#1861461731386587136 roll 1
DICE 3 1 5 4 2 1 
Jibs_PC#1861461731386587136 endattack
Jibs_PC#1861461731386587136 nomove
CARD 13
Jibs_PC#1861461731386587136 placearmies 16 3
Jibs_PC#1861461731386587136 placearmies 39 2
Jibs_PC#1861461731386587136 attack 16 31
Jibs_PC#1861461731386587136 roll 3
Jibs_PC#1861461731386587136 roll 1
DICE 3 1 4 4 3 2 
Jibs_PC#1861461731386587136 move 4
Jibs_PC#1861461731386587136 attack 39 41
Jibs_PC#1861461731386587136 roll 3
Jibs_PC#1861461731386587136 roll 1
DICE 3 1 4 2 1 2 
Jibs_PC#1861461731386587136 endattack
Jibs_PC#1861461731386587136 nomove
CARD 23
Jibs_PC#1861461731386587136 placearmies 40 3
Jibs_PC#1861461731386587136 attack 40 39
Jibs_PC#1861461731386587136 roll 3
Jibs_PC#1861461731386587136 roll 1
DICE 3 1 4 4 2 3 
Jibs_PC#1861461731386587136 endattack
Jibs_PC#1861461731386587136 nomove
CARD 4
Jibs_PC#1861461731386587136 placearmies 24 3
Jibs_PC#1861461731386587136 attack 24 21
Jibs_PC#1861461731386587136 roll 3
Jibs_PC#1861461731386587136 roll 2
DICE 3 2 3 3 2 5 1 
Jibs_PC#1861461731386587136 roll 3
Jibs_PC#1861461731386587136 roll 2
DICE 3 2 4 3 0 3 2 
Jibs_PC#1861461731386587136 move 5
Jibs_PC#1861461731386587136 endattack
Jibs_PC#1861461731386587136 nomove
CARD 28
Jibs_PC#1861461731386587136 placearmies 15 3
Jibs_PC#1861461731386587136 placearmies 12 1
Jibs_PC#1861461731386587136 placearmies 12 1
Jibs_PC#1861461731386587136 attack 15 17
Jibs_PC#1861461731386587136 roll 3
Jibs_PC#1861461731386587136 roll 1
DICE 3 1 4 1 1 1 
Jibs_PC#1861461731386587136 endattack
Jibs_PC#1861461731386587136 nomove
CARD 22
Jibs_PC#1861461731386587136 placearmies 19 1
Jibs_PC#1861461731386587136 placearmies 5 2
Jibs_PC#1861461731386587136 attack 5 10
Jibs_PC#1861461731386587136 roll 3
Jibs_PC#1861461731386587136 roll 2
DICE 3 2 4 3 2 5 0 
Jibs_PC#1861461731386587136 roll 3
Jibs_PC#1861461731386587136 roll 2
DICE 3 2 2 2 1 4 2 
Jibs_PC#1861461731386587136 retreat
Jibs_PC#1861461731386587136 attack 19 18
Jibs_PC#1861461731386587136 roll 3
Jibs_PC#1861461731386587136 roll 1
DICE 3 1 4 3 0 5 
Jibs_PC#1861461731386587136 roll 2
Jibs_PC#1861461731386587136 roll 1
DICE 2 1 5 3 5 
Jibs_PC#1861461731386587136 retreat
Jibs_PC#1861461731386587136 endattack
Jibs_PC#1861461731386587136 nomove
CARD 
Jibs_PC#1861461731386587136 placearmies 36 4
Jibs_PC#1861461731386587136 placearmies 31 1
Jibs_PC#1861461731386587136 attack 31 22
Jibs_PC#1861461731386587136 roll 3
Jibs_PC#1861461731386587136 roll 1
DICE 3 1 5 4 2 4 
Jibs_PC#1861461731386587136 move 4
Jibs_PC#1861461731386587136 attack 36 29
Jibs_PC#1861461731386587136 roll 3
Jibs_PC#1861461731386587136 roll 1
DICE 3 1 5 2 1 0 
Jibs_PC#1861461731386587136 move 4
Jibs_PC#1861461731386587136 endattack
Jibs_PC#1861461731386587136 nomove
CARD 1
Jibs_PC#1861461731386587136 placearmies 39 1
Jibs_PC#1861461731386587136 placearmies 39 2
Jibs_PC#1861461731386587136 attack 39 41
Jibs_PC#1861461731386587136 roll 3
Jibs_PC#1861461731386587136 roll 2
DICE 3 2 5 2 2 4 3 
Jibs_PC#1861461731386587136 roll 3
Jibs_PC#1861461731386587136 roll 2
DICE 3 2 1 1 0 3 0 
Jibs_PC#1861461731386587136 roll 3
Jibs_PC#1861461731386587136 roll 1
DICE 3 1 5 4 3 2 
Jibs_PC#1861461731386587136 endattack
Jibs_PC#1861461731386587136 movearmies 41 39 2
CARD 41
Jibs_PC#1861461731386587136 placearmies 21 3
Jibs_PC#1861461731386587136 attack 21 22
Jibs_PC#1861461731386587136 roll 3
Jibs_PC#1861461731386587136 roll 2
DICE 3 2 3 2 2 4 1 
Jibs_PC#1861461731386587136 roll 3
Jibs_PC#1861461731386587136 roll 2
DICE 3 2 4 3 1 5 3 
Jibs_PC#1861461731386587136 roll 3
Jibs_PC#1861461731386587136 roll 2
DICE 3 2 5 2 0 2 1 
Jibs_PC#1861461731386587136 roll 3
Jibs_PC#1861461731386587136 roll 1
DICE 3 1 4 2 0 3 
Jibs_PC#1861461731386587136 move 3
Jibs_PC#1861461731386587136 endattack
Jibs_PC#1861461731386587136 nomove
CARD 6
Jibs_PC#1861461731386587136 placearmies 17 1
Jibs_PC#1861461731386587136 placearmies 17 1
Jibs_PC#1861461731386587136 placearmies 17 3
Jibs_PC#1861461731386587136 attack 17 14
Jibs_PC#1861461731386587136 roll 3
Jibs_PC#1861461731386587136 roll 1
DICE 3 1 2 1 0 0 
Jibs_PC#1861461731386587136 move 7
Jibs_PC#1861461731386587136 endattack
Jibs_PC#1861461731386587136 nomove
CARD 19
Jibs_PC#1861461731386587136 placearmies 19 2
Jibs_PC#1861461731386587136 placearmies 5 1
Jibs_PC#1861461731386587136 attack 19 21
Jibs_PC#1861461731386587136 roll 3
Jibs_PC#1861461731386587136 roll 2
DICE 3 2 5 5 2 4 1 
Jibs_PC#1861461731386587136 endattack
Jibs_PC#1861461731386587136 nomove
CARD 21
Jibs_PC#1861461731386587136 placearmies 29 5
Jibs_PC#1861461731386587136 attack 29 27
Jibs_PC#1861461731386587136 roll 3
Jibs_PC#1861461731386587136 roll 2
DICE 3 2 3 2 1 1 1 
Jibs_PC#1861461731386587136 roll 3
Jibs_PC#1861461731386587136 roll 2
DICE 3 2 3 0 0 5 2 
Jibs_PC#1861461731386587136 roll 3
Jibs_PC#1861461731386587136 roll 2
DICE 3 2 5 2 1 1 0 
Jibs_PC#1861461731386587136 move 3
Jibs_PC#1861461731386587136 endattack
Jibs_PC#1861461731386587136 movearmies 29 33 3
CARD 39
Jibs_PC#1861461731386587136 trade 16 15 41
Jibs_PC#1861461731386587136 placearmies 39 5
Jibs_PC#1861461731386587136 placearmies 39 8
Jibs_PC#1861461731386587136 attack 39 33
Jibs_PC#1861461731386587136 roll 3
Jibs_PC#1861461731386587136 roll 2
DICE 3 2 3 3 2 4 2 
Jibs_PC#1861461731386587136 roll 3
Jibs_PC#1861461731386587136 roll 2
DICE 3 2 5 2 2 1 0 
Jibs_PC#1861461731386587136 roll 3
Jibs_PC#1861461731386587136 roll 1
DICE 3 1 3 2 1 1 
Jibs_PC#1861461731386587136 move 14
Jibs_PC#1861461731386587136 endattack
Jibs_PC#1861461731386587136 movearmies 41 39 1
CARD 42
Jibs_PC#1861461731386587136 trade 38 28 6
Jibs_PC#1861461731386587136 placearmies 22 1
Jibs_PC#1861461731386587136 placearmies 22 4
Jibs_PC#1861461731386587136 placearmies 22 3
Jibs_PC#1861461731386587136 placearmies 22 1
Jibs_PC#1861461731386587136 attack 22 21
Jibs_PC#1861461731386587136 roll 3
Jibs_PC#1861461731386587136 roll 2
DICE 3 2 5 3 1 1 1 
Jibs_PC#1861461731386587136 roll 3
Jibs_PC#1861461731386587136 roll 1
DICE 3 1 2 2 1 2 
Jibs_PC#1861461731386587136 roll 3
Jibs_PC#1861461731386587136 roll 1
DICE 3 1 3 2 2 4 
Jibs_PC#1861461731386587136 roll 3
Jibs_PC#1861461731386587136 roll 1
DICE 3 1 5 4 0 4 
Jibs_PC#1861461731386587136 move 8
Jibs_PC#1861461731386587136 attack 21 12
Jibs_PC#1861461731386587136 roll 3
Jibs_PC#1861461731386587136 roll 2
DICE 3 2 5 4 3 5 0 
Jibs_PC#1861461731386587136 roll 3
Jibs_PC#1861461731386587136 roll 2
DICE 3 2 3 1 0 3 3 
Jibs_PC#1861461731386587136 roll 3
Jibs_PC#1861461731386587136 roll 2
DICE 3 2 2 2 1 3 2 
Jibs_PC#1861461731386587136 retreat
Jibs_PC#1861461731386587136 endattack
Jibs_PC#1861461731386587136 nomove
CARD 33
Jibs_PC#1861461731386587136 placearmies 10 1
Jibs_PC#1861461731386587136 placearmies 12 1
Jibs_PC#1861461731386587136 placearmies 18 3
Jibs_PC#1861461731386587136 attack 18 16
Jibs_PC#1861461731386587136 roll 3
Jibs_PC#1861461731386587136 roll 1
DICE 3 1 5 4 1 3 
Jibs_PC#1861461731386587136 endattack
Jibs_PC#1861461731386587136 nomove
CARD 9
Jibs_PC#1861461731386587136 placearmies 5 2
Jibs_PC#1861461731386587136 placearmies 5 1
Jibs_PC#1861461731386587136 attack 5 10
Jibs_PC#1861461731386587136 roll 3
Jibs_PC#1861461731386587136 roll 2
DICE 3 2 4 2 1 3 2 
Jibs_PC#1861461731386587136 roll 3
Jibs_PC#1861461731386587136 roll 2
DICE 3 2 5 4 1 2 0 
Jibs_PC#1861461731386587136 move 4
Jibs_PC#1861461731386587136 endattack
Jibs_PC#1861461731386587136 nomove
CARD 37
Jibs_PC#1861461731386587136 trade 17 23 39
Jibs_PC#1861461731386587136 placearmies 9 2
Jibs_PC#1861461731386587136 placearmies 9 7
Jibs_PC#1861461731386587136 placearmies 9 2
Jibs_PC#1861461731386587136 attack 9 4
Jibs_PC#1861461731386587136 roll 3
Jibs_PC#1861461731386587136 roll 1
DICE 3 1 1 1 1 4 
Jibs_PC#1861461731386587136 roll 3
Jibs_PC#1861461731386587136 roll 1
DICE 3 1 5 2 0 4 
Jibs_PC#1861461731386587136 move 11
Jibs_PC#1861461731386587136 attack 4 5
Jibs_PC#1861461731386587136 roll 3
Jibs_PC#1861461731386587136 roll 1
DICE 3 1 4 2 1 1 
Jibs_PC#1861461731386587136 move 10
Jibs_PC#1861461731386587136 attack 5 10
Jibs_PC#1861461731386587136 roll 3
Jibs_PC#1861461731386587136 roll 2
DICE 3 2 4 1 0 5 3 
Jibs_PC#1861461731386587136 roll 3
Jibs_PC#1861461731386587136 roll 2
DICE 3 2 4 3 0 4 3 
Jibs_PC#1861461731386587136 retreat
Jibs_PC#1861461731386587136 attack 5 10
Jibs_PC#1861461731386587136 roll 3
Jibs_PC#1861461731386587136 roll 2
DICE 3 2 4 4 3 3 1 
Jibs_PC#1861461731386587136 roll 3
Jibs_PC#1861461731386587136 roll 2
DICE 3 2 4 3 2 4 0 
Jibs_PC#1861461731386587136 retreat
Jibs_PC#1861461731386587136 endattack
Jibs_PC#1861461731386587136 movearmies 27 29 2
CARD 24
Jibs_PC#1861461731386587136 trade 32 4 42
Jibs_PC#1861461731386587136 placearmies 33 9
Jibs_PC#1861461731386587136 attack 33 32
Jibs_PC#1861461731386587136 roll 3
Jibs_PC#1861461731386587136 roll 1
DICE 3 1 5 1 0 5 
Jibs_PC#1861461731386587136 roll 3
Jibs_PC#1861461731386587136 roll 1
DICE 3 1 3 2 1 5 
Jibs_PC#1861461731386587136 roll 3
Jibs_PC#1861461731386587136 roll 1
DICE 3 1 3 2 0 3 
Jibs_PC#1861461731386587136 roll 3
Jibs_PC#1861461731386587136 roll 1
DICE 3 1 3 2 0 0 
Jibs_PC#1861461731386587136 move 18
Jibs_PC#1861461731386587136 attack 32 31
Jibs_PC#1861461731386587136 roll 3
Jibs_PC#1861461731386587136 roll 1
DICE 3 1 5 3 0 2 
Jibs_PC#1861461731386587136 move 17
Jibs_PC#1861461731386587136 attack 31 22
Jibs_PC#1861461731386587136 roll 3
Jibs_PC#1861461731386587136 roll 2
DICE 3 2 4 2 1 3 2 
Jibs_PC#1861461731386587136 roll 3
Jibs_PC#1861461731386587136 roll 1
DICE 3 1 3 2 0 0 
Jibs_PC#1861461731386587136 move 15
Jibs_PC#1861461731386587136 attack 22 24
Jibs_PC#1861461731386587136 roll 3
Jibs_PC#1861461731386587136 roll 1
DICE 3 1 4 1 0 5 
Jibs_PC#1861461731386587136 roll 3
Jibs_PC#1861461731386587136 roll 1
DICE 3 1 5 2 1 5 
Jibs_PC#1861461731386587136 roll 3
Jibs_PC#1861461731386587136 roll 1
DICE 3 1 3 3 3 5 
Jibs_PC#1861461731386587136 roll 3
Jibs_PC#1861461731386587136 roll 1
DICE 3 1 4 3 2 5 
Jibs_PC#1861461731386587136 roll 3
Jibs_PC#1861461731386587136 roll 1
DICE 3 1 5 4 2 2 
Jibs_PC#1861461731386587136 move 10
Jibs_PC#1861461731386587136 attack 24 26
Jibs_PC#1861461731386587136 roll 3
Jibs_PC#1861461731386587136 roll 1
DICE 3 1 4 3 2 3 
Jibs_PC#1861461731386587136 move 9
Jibs_PC#1861461731386587136 attack 26 25
Jibs_PC#1861461731386587136 roll 3
Jibs_PC#1861461731386587136 roll 1
DICE 3 1 5 4 2 0 
Jibs_PC#1861461731386587136 move 8
Jibs_PC#1861461731386587136 attack 25 23
Jibs_PC#1861461731386587136 roll 3
Jibs_PC#1861461731386587136 roll 1
DICE 3 1 4 2 2 1 
Jibs_PC#1861461731386587136 move 7
Jibs_PC#1861461731386587136 attack 23 21
Jibs_PC#1861461731386587136 roll 3
Jibs_PC#1861461731386587136 roll 2
DICE 3 2 5 3 1 3 2 
Jibs_PC#1861461731386587136 roll 3
Jibs_PC#1861461731386587136 roll 1
DICE 3 1 5 5 0 2 
Jibs_PC#1861461731386587136 move 6
Jibs_PC#1861461731386587136 attack 21 20
Jibs_PC#1861461731386587136 roll 3
Jibs_PC#1861461731386587136 roll 1
DICE 3 1 3 3 2 5 
Jibs_PC#1861461731386587136 roll 3
Jibs_PC#1861461731386587136 roll 1
DICE 3 1 5 4 2 0 
Jibs_PC#1861461731386587136 move 3
Jibs_PC#1861461731386587136 endattack
Jibs_PC#1861461731386587136 movearmies 39 33 1
CARD 30
Jibs_PC#1861461731386587136 trade 7 22 9
Jibs_PC#1861461731386587136 placearmies 12 3
Jibs_PC#1861461731386587136 placearmies 12 9
Jibs_PC#1861461731386587136 placearmies 12 1
Jibs_PC#1861461731386587136 attack 12 21
Jibs_PC#1861461731386587136 roll 3
Jibs_PC#1861461731386587136 roll 2
DICE 3 2 5 4 4 1 0 
Jibs_PC#1861461731386587136 move 15
Jibs_PC#1861461731386587136 attack 21 19
Jibs_PC#1861461731386587136 roll 3
Jibs_PC#1861461731386587136 roll 1
DICE 3 1 0 0 0 2 
Jibs_PC#1861461731386587136 roll 3
Jibs_PC#1861461731386587136 roll 1
DICE 3 1 4 1 1 0 
Jibs_PC#1861461731386587136 move 13
Jibs_PC#1861461731386587136 attack 19 20
Jibs_PC#1861461731386587136 roll 3
Jibs_PC#1861461731386587136 roll 2
DICE 3 2 3 2 0 0 0 
Jibs_PC#1861461731386587136 roll 3
Jibs_PC#1861461731386587136 roll 1
DICE 3 1 3 3 2 0 
Jibs_PC#1861461731386587136 move 12
Jibs_PC#1861461731386587136 attack 20 22
Jibs_PC#1861461731386587136 roll 3
Jibs_PC#1861461731386587136 roll 1
DICE 3 1 4 0 0 4 
Jibs_PC#1861461731386587136 roll 3
Jibs_PC#1861461731386587136 roll 1
DICE 3 1 3 3 2 4 
Jibs_PC#1861461731386587136 roll 3
Jibs_PC#1861461731386587136 roll 1
DICE 3 1 3 2 0 1 
Jibs_PC#1861461731386587136 move 8
Jibs_PC#1861461731386587136 attack 22 24
Jibs_PC#1861461731386587136 roll 3
Jibs_PC#1861461731386587136 roll 1
DICE 3 1 5 4 2 0 
Jibs_PC#1861461731386587136 move 7
Jibs_PC#1861461731386587136 attack 24 26
Jibs_PC#1861461731386587136 roll 3
Jibs_PC#1861461731386587136 roll 1
DICE 3 1 4 4 3 4 
Jibs_PC#1861461731386587136 roll 3
Jibs_PC#1861461731386587136 roll 1
DICE 3 1 5 0 0 0 
Jibs_PC#1861461731386587136 move 5
Jibs_PC#1861461731386587136 attack 26 25
Jibs_PC#1861461731386587136 roll 3
Jibs_PC#1861461731386587136 roll 1
DICE 3 1 5 3 0 2 
Jibs_PC#1861461731386587136 move 4
Jibs_PC#1861461731386587136 attack 25 23
Jibs_PC#1861461731386587136 roll 3
Jibs_PC#1861461731386587136 roll 1
DICE 3 1 1 0 0 5 
Jibs_PC#1861461731386587136 roll 2
Jibs_PC#1861461731386587136 roll 1
DICE 2 1 4 2 1 
Jibs_PC#1861461731386587136 attack 14 6
Jibs_PC#1861461731386587136 roll 3
Jibs_PC#1861461731386587136 roll 1
DICE 3 1 5 0 0 4 
Jibs_PC#1861461731386587136 move 6
Jibs_PC#1861461731386587136 attack 6 8
Jibs_PC#1861461731386587136 roll 3
Jibs_PC#1861461731386587136 roll 1
DICE 3 1 4 3 0 4 
Jibs_PC#1861461731386587136 roll 3
Jibs_PC#1861461731386587136 roll 1
DICE 3 1 5 2 2 2 
Jibs_PC#1861461731386587136 move 3
Jibs_PC#1861461731386587136 endattack
Jibs_PC#1861461731386587136 movearmies 8 6 2
CARD 26
Jibs_PC#1861461731386587136 trade 13 21 37
Jibs_PC#1861461731386587136 placearmies 10 3
Jibs_PC#1861461731386587136 placearmies 10 4
Jibs_PC#1861461731386587136 attack 10 12
Jibs_PC#1861461731386587136 roll 3
Jibs_PC#1861461731386587136 roll 1
DICE 3 1 4 0 0 0 
Jibs_PC#1861461731386587136 move 7
Jibs_PC#1861461731386587136 attack 12 21
Jibs_PC#1861461731386587136 roll 3
Jibs_PC#1861461731386587136 roll 1
DICE 3 1 4 3 0 3 
Jibs_PC#1861461731386587136 move 6
Jibs_PC#1861461731386587136 attack 21 19
Jibs_PC#1861461731386587136 roll 3
Jibs_PC#1861461731386587136 roll 1
DICE 3 1 4 1 0 5 
Jibs_PC#1861461731386587136 roll 3
Jibs_PC#1861461731386587136 roll 1
DICE 3 1 3 1 0 3 
Jibs_PC#1861461731386587136 roll 3
Jibs_PC#1861461731386587136 roll 1
DICE 3 1 3 2 2 1 
Jibs_PC#1861461731386587136 endattack
Jibs_PC#1861461731386587136 nomove
CARD 12
Jibs_PC#1861461731386587136 placearmies 29 5
Jibs_PC#1861461731386587136 attack 29 32
Jibs_PC#1861461731386587136 roll 3
Jibs_PC#1861461731386587136 roll 1
DICE 3 1 5 1 0 2 
Jibs_PC#1861461731386587136 move 7
Jibs_PC#1861461731386587136 attack 32 31
Jibs_PC#1861461731386587136 roll 3
Jibs_PC#1861461731386587136 roll 1
DICE 3 1 3 1 1 3 
Jibs_PC#1861461731386587136 roll 3
Jibs_PC#1861461731386587136 roll 1
DICE 3 1 5 2 0 3 
Jibs_PC#1861461731386587136 move 5
Jibs_PC#1861461731386587136 attack 31 22
Jibs_PC#1861461731386587136 roll 3
Jibs_PC#1861461731386587136 roll 1
DICE 3 1 5 4 3 1 
Jibs_PC#1861461731386587136 move 4
Jibs_PC#1861461731386587136 attack 5 10
Jibs_PC#1861461731386587136 roll 3
Jibs_PC#1861461731386587136 roll 1
DICE 3 1 5 5 4 1 
Jibs_PC#1861461731386587136 move 4
Jibs_PC#1861461731386587136 attack 10 12
Jibs_PC#1861461731386587136 roll 3
Jibs_PC#1861461731386587136 roll 1
DICE 3 1 4 2 0 0 
Jibs_PC#1861461731386587136 attack 12 13
Jibs_PC#1861461731386587136 roll 2
Jibs_PC#1861461731386587136 roll 1
DICE 2 1 4 0 5 
Jibs_PC#1861461731386587136 retreat
Jibs_PC#1861461731386587136 endattack
Jibs_PC#1861461731386587136 nomove
CARD 35
Jibs_PC#1861461731386587136 trade 25 36 33
Jibs_PC#1861461731386587136 placearmies 33 12
Jibs_PC#1861461731386587136 placearmies 33 1
Jibs_PC#1861461731386587136 attack 33 32
Jibs_PC#1861461731386587136 roll 3
Jibs_PC#1861461731386587136 roll 1
DICE 3 1 3 2 1 1 
Jibs_PC#1861461731386587136 move 16
Jibs_PC#1861461731386587136 attack 32 31
Jibs_PC#1861461731386587136 roll 3
Jibs_PC#1861461731386587136 roll 1
DICE 3 1 5 5 2 4 
Jibs_PC#1861461731386587136 move 15
Jibs_PC#1861461731386587136 attack 31 30
Jibs_PC#1861461731386587136 roll 3
Jibs_PC#1861461731386587136 roll 1
DICE 3 1 5 5 3 5 
Jibs_PC#1861461731386587136 roll 3
Jibs_PC#1861461731386587136 roll 1
DICE 3 1 4 2 1 2 
Jibs_PC#1861461731386587136 move 13
Jibs_PC#1861461731386587136 attack 30 29
Jibs_PC#1861461731386587136 roll 3
Jibs_PC#1861461731386587136 roll 1
DICE 3 1 5 5 2 0 
Jibs_PC#1861461731386587136 move 11
Jibs_PC#1861461731386587136 attack 29 36
Jibs_PC#1861461731386587136 roll 3
Jibs_PC#1861461731386587136 roll 1
DICE 3 1 4 3 2 0 
Jibs_PC#1861461731386587136 move 9
Jibs_PC#1861461731386587136 attack 36 38
Jibs_PC#1861461731386587136 roll 3
Jibs_PC#1861461731386587136 roll 1
DICE 3 1 4 2 1 1 
Jibs_PC#1861461731386587136 move 8
Jibs_PC#1861461731386587136 attack 38 37
Jibs_PC#1861461731386587136 roll 3
Jibs_PC#1861461731386587136 roll 1
DICE 3 1 5 2 1 3 
Jibs_PC#1861461731386587136 move 3
Jibs_PC#1861461731386587136 attack 38 35
Jibs_PC#1861461731386587136 roll 3
Jibs_PC#1861461731386587136 roll 1
DICE 3 1 5 1 0 2 
Jibs_PC#1861461731386587136 move 4
Jibs_PC#1861461731386587136 attack 35 34
Jibs_PC#1861461731386587136 roll 3
Jibs_PC#1861461731386587136 roll 1
DICE 3 1 2 0 0 3 
Jibs_PC#1861461731386587136 roll 2
Jibs_PC#1861461731386587136 roll 1
DICE 2 1 5 2 1 
Jibs_PC#1861461731386587136 endattack
Jibs_PC#1861461731386587136 movearmies 33 29 1
CARD wildcard
Jibs_PC#1861461731386587136 placearmies 20 3
Jibs_PC#1861461731386587136 placearmies 6 1
Jibs_PC#1861461731386587136 attack 20 19
Jibs_PC#1861461731386587136 roll 3
Jibs_PC#1861461731386587136 roll 2
DICE 3 2 5 2 0 0 0 
Jibs_PC#1861461731386587136 roll 3
Jibs_PC#1861461731386587136 roll 1
DICE 3 1 5 3 1 0 
Jibs_PC#1861461731386587136 move 3
Jibs_PC#1861461731386587136 attack 19 21
Jibs_PC#1861461731386587136 roll 2
Jibs_PC#1861461731386587136 roll 1
DICE 2 1 5 2 1 
Jibs_PC#1861461731386587136 attack 6 2
Jibs_PC#1861461731386587136 roll 3
Jibs_PC#1861461731386587136 roll 1
DICE 3 1 3 2 2 1 
Jibs_PC#1861461731386587136 move 3
Jibs_PC#1861461731386587136 endattack
Jibs_PC#1861461731386587136 movearmies 2 6 2
CARD wildcard
Jibs_PC#1861461731386587136 placearmies 22 1
Jibs_PC#1861461731386587136 placearmies 12 2
Jibs_PC#1861461731386587136 attack 22 20
Jibs_PC#1861461731386587136 roll 3
Jibs_PC#1861461731386587136 roll 2
DICE 3 2 4 3 3 5 4 
Jibs_PC#1861461731386587136 retreat
Jibs_PC#1861461731386587136 attack 12 21
Jibs_PC#1861461731386587136 roll 3
Jibs_PC#1861461731386587136 roll 2
DICE 3 2 5 3 2 3 1 
Jibs_PC#1861461731386587136 attack 21 19
Jibs_PC#1861461731386587136 roll 2
Jibs_PC#1861461731386587136 roll 1
DICE 2 1 2 2 1 
Jibs_PC#1861461731386587136 endattack
Jibs_PC#1861461731386587136 nomove
CARD 3
Jibs_PC#1861461731386587136 placearmies 29 5
Jibs_PC#1861461731386587136 placearmies 31 1
Jibs_PC#1861461731386587136 attack 29 28
Jibs_PC#1861461731386587136 roll 3
Jibs_PC#1861461731386587136 roll 1
DICE 3 1 4 2 0 2 
Jibs_PC#1861461731386587136 move 6
Jibs_PC#1861461731386587136 attack 28 27
Jibs_PC#1861461731386587136 roll 3
Jibs_PC#1861461731386587136 roll 1
DICE 3 1 5 4 1 4 
Jibs_PC#1861461731386587136 move 3
Jibs_PC#1861461731386587136 endattack
Jibs_PC#1861461731386587136 movearmies 37 38 2
CARD 8
Jibs_PC#1861461731386587136 trade 19 26 wildcard
Jibs_PC#1861461731386587136 trade 2 27 12
Jibs_PC#1861461731386587136 placearmies 16 13
Jibs_PC#1861461731386587136 placearmies 16 4
Jibs_PC#1861461731386587136 attack 16 30
Jibs_PC#1861461731386587136 roll 3
Jibs_PC#1861461731386587136 roll 2
DICE 3 2 5 2 1 3 1 
Jibs_PC#1861461731386587136 move 19
Jibs_PC#1861461731386587136 attack 30 29
Jibs_PC#1861461731386587136 roll 3
Jibs_PC#1861461731386587136 roll 2
DICE 3 2 4 4 0 5 4 
Jibs_PC#1861461731386587136 roll 3
Jibs_PC#1861461731386587136 roll 2
DICE 3 2 0 0 0 5 5 
Jibs_PC#1861461731386587136 roll 3
Jibs_PC#1861461731386587136 roll 2
DICE 3 2 3 3 1 5 0 
Jibs_PC#1861461731386587136 roll 3
Jibs_PC#1861461731386587136 roll 1
DICE 3 1 5 5 3 0 
Jibs_PC#1861461731386587136 move 13
Jibs_PC#1861461731386587136 attack 29 33
Jibs_PC#1861461731386587136 roll 3
Jibs_PC#1861461731386587136 roll 1
DICE 3 1 5 2 0 5 
Jibs_PC#1861461731386587136 roll 3
Jibs_PC#1861461731386587136 roll 1
DICE 3 1 4 3 2 0 
Jibs_PC#1861461731386587136 move 11
Jibs_PC#1861461731386587136 attack 33 39
Jibs_PC#1861461731386587136 roll 3
Jibs_PC#1861461731386587136 roll 1
DICE 3 1 4 2 2 0 
Jibs_PC#1861461731386587136 move 10
Jibs_PC#1861461731386587136 attack 39 41
Jibs_PC#1861461731386587136 roll 3
Jibs_PC#1861461731386587136 roll 2
DICE 3 2 5 3 2 5 3 
Jibs_PC#1861461731386587136 roll 3
Jibs_PC#1861461731386587136 roll 2
DICE 3 2 2 1 0 1 1 
Jibs_PC#1861461731386587136 roll 3
Jibs_PC#1861461731386587136 roll 1
DICE 3 1 4 3 1 1 
Jibs_PC#1861461731386587136 move 6
Jibs_PC#1861461731386587136 attack 41 40
Jibs_PC#1861461731386587136 roll 3
Jibs_PC#1861461731386587136 roll 1
DICE 3 1 5 4 2 0 
Jibs_PC#1861461731386587136 move 5
Jibs_PC#1861461731386587136 attack 40 42
Jibs_PC#1861461731386587136 roll 3
Jibs_PC#1861461731386587136 roll 2
DICE 3 2 4 2 0 4 0 
Jibs_PC#1861461731386587136 roll 3
Jibs_PC#1861461731386587136 roll 2
DICE 3 2 4 4 3 3 1 
Jibs_PC#1861461731386587136 endattack
Jibs_PC#1861461731386587136 movearmies 26 24 2
CARD 29
Jibs_PC#1861461731386587136 trade 1 35 3
Jibs_PC#1861461731386587136 placearmies 19 2
Jibs_PC#1861461731386587136 placearmies 12 4
Jibs_PC#1861461731386587136 placearmies 19 1
Jibs_PC#1861461731386587136 attack 12 13
Jibs_PC#1861461731386587136 roll 3
Jibs_PC#1861461731386587136 roll 1
DICE 3 1 5 4 3 0 
Jibs_PC#1861461731386587136 move 4
Jibs_PC#1861461731386587136 attack 13 11
Jibs_PC#1861461731386587136 roll 3
Jibs_PC#1861461731386587136 roll 1
DICE 3 1 3 1 0 3 
Jibs_PC#1861461731386587136 roll 2
Jibs_PC#1861461731386587136 roll 1
DICE 2 1 5 5 4 
Jibs_PC#1861461731386587136 attack 19 18
Jibs_PC#1861461731386587136 roll 3
Jibs_PC#1861461731386587136 roll 1
DICE 3 1 3 1 0 3 
Jibs_PC#1861461731386587136 roll 3
Jibs_PC#1861461731386587136 roll 1
DICE 3 1 4 3 0 3 
Jibs_PC#1861461731386587136 attack 18 17
Jibs_PC#1861461731386587136 roll 2
Jibs_PC#1861461731386587136 roll 1
DICE 2 1 0 0 2 
Jibs_PC#1861461731386587136 retreat
Jibs_PC#1861461731386587136 endattack
Jibs_PC#1861461731386587136 movearmies 1 3 2
CARD 31
Jibs_PC#1861461731386587136 trade 30 wildcard 8
Jibs_PC#1861461731386587136 placearmies 32 7
Jibs_PC#1861461731386587136 placearmies 32 3
Jibs_PC#1861461731386587136 placearmies 32 3
Jibs_PC#1861461731386587136 attack 32 33
Jibs_PC#1861461731386587136 roll 3
Jibs_PC#1861461731386587136 roll 1
DICE 3 1 4 2 0 2 
Jibs_PC#1861461731386587136 move 13
Jibs_PC#1861461731386587136 attack 33 39
Jibs_PC#1861461731386587136 roll 3
Jibs_PC#1861461731386587136 roll 1
DICE 3 1 5 4 3 2 
Jibs_PC#1861461731386587136 move 12
Jibs_PC#1861461731386587136 attack 39 41
Jibs_PC#1861461731386587136 roll 3
Jibs_PC#1861461731386587136 roll 1
DICE 3 1 2 1 0 2 
Jibs_PC#1861461731386587136 roll 3
Jibs_PC#1861461731386587136 roll 1
DICE 3 1 5 2 0 0 
Jibs_PC#1861461731386587136 move 10
Jibs_PC#1861461731386587136 attack 41 40
Jibs_PC#1861461731386587136 roll 3
Jibs_PC#1861461731386587136 roll 1
DICE 3 1 5 5 4 0 
Jibs_PC#1861461731386587136 move 8
Jibs_PC#1861461731386587136 attack 40 42
Jibs_PC#1861461731386587136 roll 3
Jibs_PC#1861461731386587136 roll 2
DICE 3 2 4 3 0 5 1 
Jibs_PC#1861461731386587136 roll 3
Jibs_PC#1861461731386587136 roll 2
DICE 3 2 1 0 0 1 0 
Jibs_PC#1861461731386587136 roll 3
Jibs_PC#1861461731386587136 roll 2
DICE 3 2 2 1 0 5 2 
Jibs_PC#1861461731386587136 retreat
Jibs_PC#1861461731386587136 attack 28 29
Jibs_PC#1861461731386587136 roll 2
Jibs_PC#1861461731386587136 roll 1
DICE 2 1 2 2 2 
Jibs_PC#1861461731386587136 retreat
Jibs_PC#1861461731386587136 attack 27 29
Jibs_PC#1861461731386587136 roll 2
Jibs_PC#1861461731386587136 roll 1
DICE 2 1 5 4 1 
Jibs_PC#1861461731386587136 endattack
Jibs_PC#1861461731386587136 movearmies 34 38 1
CARD 14
Jibs_PC#1861461731386587136 placearmies 24 4
Jibs_PC#1861461731386587136 attack 24 21
Jibs_PC#1861461731386587136 roll 3
Jibs_PC#1861461731386587136 roll 1
DICE 3 1 4 2 0 3 
Jibs_PC#1861461731386587136 move 6
Jibs_PC#1861461731386587136 attack 21 12
Jibs_PC#1861461731386587136 roll 3
Jibs_PC#1861461731386587136 roll 1
DICE 3 1 2 2 1 0 
Jibs_PC#1861461731386587136 move 5
Jibs_PC#1861461731386587136 attack 12 13
Jibs_PC#1861461731386587136 roll 3
Jibs_PC#1861461731386587136 roll 1
DICE 3 1 2 1 1 3 
Jibs_PC#1861461731386587136 roll 3
Jibs_PC#1861461731386587136 roll 1
DICE 3 1 5 3 2 2 
Jibs_PC#1861461731386587136 endattack
Jibs_PC#1861461731386587136 movearmies 23 24 1
CARD 10
Jibs_PC#1861461731386587136 placearmies 11 3
Jibs_PC#1861461731386587136 attack 11 12
Jibs_PC#1861461731386587136 roll 3
Jibs_PC#1861461731386587136 roll 1
DICE 3 1 5 2 2 4 
Jibs_PC#1861461731386587136 move 4
Jibs_PC#1861461731386587136 endattack
Jibs_PC#1861461731386587136 nomove
CARD 15
Jibs_PC#1861461731386587136 placearmies 40 3
Jibs_PC#1861461731386587136 placearmies 38 1
Jibs_PC#1861461731386587136 attack 40 42
Jibs_PC#1861461731386587136 roll 3
Jibs_PC#1861461731386587136 roll 2
DICE 3 2 2 1 0 5 0 
Jibs_PC#1861461731386587136 roll 3
Jibs_PC#1861461731386587136 roll 1
DICE 3 1 1 1 0 1 
Jibs_PC#1861461731386587136 roll 3
Jibs_PC#1861461731386587136 roll 1
DICE 3 1 3 2 1 4 
Jibs_PC#1861461731386587136 roll 2
Jibs_PC#1861461731386587136 roll 1
DICE 2 1 5 2 0 
Jibs_PC#1861461731386587136 attack 38 1
Jibs_PC#1861461731386587136 roll 3
Jibs_PC#1861461731386587136 roll 1
DICE 3 1 4 3 0 1 
Jibs_PC#1861461731386587136 move 4
Jibs_PC#1861461731386587136 endattack
Jibs_PC#1861461731386587136 movearmies 28 29 1
CARD 11
Jibs_PC#1861461731386587136 placearmies 13 5
Jibs_PC#1861461731386587136 attack 13 11
Jibs_PC#1861461731386587136 roll 3
Jibs_PC#1861461731386587136 roll 1
DICE 3 1 4 3 0 0 
Jibs_PC#1861461731386587136 move 7
Jibs_PC#1861461731386587136 attack 11 10
Jibs_PC#1861461731386587136 roll 3
Jibs_PC#1861461731386587136 roll 1
DICE 3 1 2 1 0 1 
Jibs_PC#1861461731386587136 move 6
Jibs_PC#1861461731386587136 attack 10 12
Jibs_PC#1861461731386587136 roll 3
Jibs_PC#1861461731386587136 roll 2
DICE 3 2 1 1 0 3 1 
Jibs_PC#1861461731386587136 roll 3
Jibs_PC#1861461731386587136 roll 2
DICE 3 2 4 3 2 3 3 
Jibs_PC#1861461731386587136 retreat
Jibs_PC#1861461731386587136 endattack
Jibs_PC#1861461731386587136 nomove
CARD 32
Jibs_PC#1861461731386587136 trade 24 31 15
Jibs_PC#1861461731386587136 placearmies 22 9
Jibs_PC#1861461731386587136 placearmies 22 2
Jibs_PC#1861461731386587136 attack 22 31
Jibs_PC#1861461731386587136 roll 3
Jibs_PC#1861461731386587136 roll 2
DICE 3 2 5 3 2 3 0 
Jibs_PC#1861461731386587136 move 13
Jibs_PC#1861461731386587136 attack 31 32
Jibs_PC#1861461731386587136 roll 3
Jibs_PC#1861461731386587136 roll 1
DICE 3 1 5 4 0 2 
Jibs_PC#1861461731386587136 move 12
Jibs_PC#1861461731386587136 attack 32 33
Jibs_PC#1861461731386587136 roll 3
Jibs_PC#1861461731386587136 roll 1
DICE 3 1 3 1 1 2 
Jibs_PC#1861461731386587136 move 11
Jibs_PC#1861461731386587136 attack 33 39
Jibs_PC#1861461731386587136 roll 3
Jibs_PC#1861461731386587136 roll 1
DICE 3 1 1 1 1 1 
Jibs_PC#1861461731386587136 roll 3
Jibs_PC#1861461731386587136 roll 1
DICE 3 1 0 0 0 4 
Jibs_PC#1861461731386587136 roll 3
Jibs_PC#1861461731386587136 roll 1
DICE 3 1 5 5 2 3 
Jibs_PC#1861461731386587136 move 8
Jibs_PC#1861461731386587136 attack 12 13
Jibs_PC#1861461731386587136 roll 2
Jibs_PC#1861461731386587136 roll 1
DICE 2 1 1 0 1 
Jibs_PC#1861461731386587136 retreat
Jibs_PC#1861461731386587136 attack 39 41
Jibs_PC#1861461731386587136 roll 3
Jibs_PC#1861461731386587136 roll 2
DICE 3 2 2 1 0 5 0 
Jibs_PC#1861461731386587136 roll 3
Jibs_PC#1861461731386587136 roll 1
DICE 3 1 5 3 2 4 
Jibs_PC#1861461731386587136 move 6
Jibs_PC#1861461731386587136 attack 41 42
Jibs_PC#1861461731386587136 roll 3
Jibs_PC#1861461731386587136 roll 2
DICE 3 2 5 1 1 5 0 
Jibs_PC#1861461731386587136 roll 3
Jibs_PC#1861461731386587136 roll 1
DICE 3 1 4 0 0 4 
Jibs_PC#1861461731386587136 roll 3
Jibs_PC#1861461731386587136 roll 1
DICE 3 1 5 3 1 5 
Jibs_PC#1861461731386587136 roll 2
Jibs_PC#1861461731386587136 roll 1
DICE 2 1 1 1 5 
Jibs_PC#1861461731386587136 retreat
Jibs_PC#1861461731386587136 endattack
Jibs_PC#1861461731386587136 nomove
CARD 22
Jibs_PC#1861461731386587136 placearmies 29 2
Jibs_PC#1861461731386587136 placearmies 42 1
Jibs_PC#1861461731386587136 attack 29 33
Jibs_PC#1861461731386587136 roll 3
Jibs_PC#1861461731386587136 roll 1
DICE 3 1 5 3 2 1 
Jibs_PC#1861461731386587136 move 4
Jibs_PC#1861461731386587136 attack 33 32
Jibs_PC#1861461731386587136 roll 3
Jibs_PC#1861461731386587136 roll 1
DICE 3 1 3 2 1 3 
Jibs_PC#1861461731386587136 roll 2
Jibs_PC#1861461731386587136 roll 1
DICE 2 1 3 1 5 
Jibs_PC#1861461731386587136 retreat
Jibs_PC#1861461731386587136 endattack
Jibs_PC#1861461731386587136 movearmies 1 38 3
CARD 27
Jibs_PC#1861461731386587136 trade 29 10 32
Jibs_PC#1861461731386587136 placearmies 10 1
Jibs_PC#1861461731386587136 placearmies 20 7
Jibs_PC#1861461731386587136 placearmies 10 7
Jibs_PC#1861461731386587136 attack 10 12
Jibs_PC#1861461731386587136 roll 3
Jibs_PC#1861461731386587136 roll 2
DICE 3 2 4 3 2 4 0 
Jibs_PC#1861461731386587136 roll 3
Jibs_PC#1861461731386587136 roll 1
DICE 3 1 5 3 1 4 
Jibs_PC#1861461731386587136 move 3
Jibs_PC#1861461731386587136 attack 20 19
Jibs_PC#1861461731386587136 roll 3
Jibs_PC#1861461731386587136 roll 1
DICE 3 1 5 1 0 4 
Jibs_PC#1861461731386587136 move 6
Jibs_PC#1861461731386587136 attack 19 18
Jibs_PC#1861461731386587136 roll 3
Jibs_PC#1861461731386587136 roll 2
DICE 3 2 5 5 3 2 1 
Jibs_PC#1861461731386587136 move 3
Jibs_PC#1861461731386587136 attack 20 22
Jibs_PC#1861461731386587136 roll 2
Jibs_PC#1861461731386587136 roll 1
DICE 2 1 4 1 4 
Jibs_PC#1861461731386587136 retreat
Jibs_PC#1861461731386587136 attack 2 7
Jibs_PC#1861461731386587136 roll 2
Jibs_PC#1861461731386587136 roll 1
DICE 2 1 3 3 4 
Jibs_PC#1861461731386587136 retreat
Jibs_PC#1861461731386587136 attack 6 7
Jibs_PC#1861461731386587136 roll 3
Jibs_PC#1861461731386587136 roll 1
DICE 3 1 5 4 1 3 
Jibs_PC#1861461731386587136 attack 7 9
Jibs_PC#1861461731386587136 roll 2
Jibs_PC#1861461731386587136 roll 1
DICE 2 1 3 0 3 
Jibs_PC#1861461731386587136 retreat
Jibs_PC#1861461731386587136 attack 10 5
Jibs_PC#1861461731386587136 roll 3
Jibs_PC#1861461731386587136 roll 1
DICE 3 1 4 3 1 1 
Jibs_PC#1861461731386587136 move 8
Jibs_PC#1861461731386587136 attack 5 9
Jibs_PC#1861461731386587136 roll 3
Jibs_PC#1861461731386587136 roll 1
DICE 3 1 4 3 0 5 
Jibs_PC#1861461731386587136 roll 3
Jibs_PC#1861461731386587136 roll 1
DICE 3 1 3 3 2 5 
Jibs_PC#1861461731386587136 roll 3
Jibs_PC#1861461731386587136 roll 1
DICE 3 1 4 1 0 5 
Jibs_PC#1861461731386587136 roll 3
Jibs_PC#1861461731386587136 roll 1
DICE 3 1 5 3 0 4 
Jibs_PC#1861461731386587136 move 3
Jibs_PC#1861461731386587136 attack 9 4
Jibs_PC#1861461731386587136 roll 2
Jibs_PC#1861461731386587136 roll 1
DICE 2 1 5 2 3 
Jibs_PC#1861461731386587136 endattack
Jibs_PC#1861461731386587136 movearmies 24 21 1
CARD 4
Jibs_PC#1861461731386587136 placearmies 3 1
Jibs_PC#1861461731386587136 placearmies 41 2
Jibs_PC#1861461731386587136 attack 41 42
Jibs_PC#1861461731386587136 roll 3
Jibs_PC#1861461731386587136 roll 2
DICE 3 2 5 5 3 4 2 
Jibs_PC#1861461731386587136 attack 42 40
Jibs_PC#1861461731386587136 roll 2
Jibs_PC#1861461731386587136 roll 1
DICE 2 1 3 1 1 
Jibs_PC#1861461731386587136 endattack
Jibs_PC#1861461731386587136 movearmies 40 39 1
CARD 28
Jibs_PC#1861461731386587136 trade 14 11 27
Jibs_PC#1861461731386587136 placearmies 28 4
Jibs_PC#1861461731386587136 placearmies 28 6
Jibs_PC#1861461731386587136 placearmies 28 3
Jibs_PC#1861461731386587136 attack 28 16
Jibs_PC#1861461731386587136 roll 3
Jibs_PC#1861461731386587136 roll 1
DICE 3 1 3 3 2 1 
Jibs_PC#1861461731386587136 move 13
Jibs_PC#1861461731386587136 attack 16 20
Jibs_PC#1861461731386587136 roll 3
Jibs_PC#1861461731386587136 roll 2
DICE 3 2 4 3 0 5 4 
Jibs_PC#1861461731386587136 roll 3
Jibs_PC#1861461731386587136 roll 2
DICE 3 2 1 0 0 2 2 
Jibs_PC#1861461731386587136 retreat
Jibs_PC#1861461731386587136 attack 16 31
Jibs_PC#1861461731386587136 roll 3
Jibs_PC#1861461731386587136 roll 1
DICE 3 1 3 2 2 5 
Jibs_PC#1861461731386587136 roll 3
Jibs_PC#1861461731386587136 roll 1
DICE 3 1 2 2 1 1 
Jibs_PC#1861461731386587136 move 7
Jibs_PC#1861461731386587136 attack 31 32
Jibs_PC#1861461731386587136 roll 3
Jibs_PC#1861461731386587136 roll 1
DICE 3 1 2 2 0 2 
Jibs_PC#1861461731386587136 roll 3
Jibs_PC#1861461731386587136 roll 1
DICE 3 1 5 2 2 3 
Jibs_PC#1861461731386587136 move 5
Jibs_PC#1861461731386587136 attack 32 30
Jibs_PC#1861461731386587136 roll 3
Jibs_PC#1861461731386587136 roll 1
DICE 3 1 4 4 3 0 
Jibs_PC#1861461731386587136 move 3
Jibs_PC#1861461731386587136 endattack
Jibs_PC#1861461731386587136 movearmies 32 33 1
CARD 42
Jibs_PC#1861461731386587136 placearmies 18 2
Jibs_PC#1861461731386587136 placearmies 15 1
Jibs_PC#1861461731386587136 placearmies 7 2
Jibs_PC#1861461731386587136 placearmies 4 2
Jibs_PC#1861461731386587136 placearmies 2 2
Jibs_PC#1861461731386587136 attack 18 16
Jibs_PC#1861461731386587136 roll 3
Jibs_PC#1861461731386587136 roll 1
DICE 3 1 5 0 0 1 
Jibs_PC#1861461731386587136 move 4
Jibs_PC#1861461731386587136 attack 16 31
Jibs_PC#1861461731386587136 roll 3
Jibs_PC#1861461731386587136 roll 1
DICE 3 1 5 2 0 3 
Jibs_PC#1861461731386587136 attack 31 22
Jibs_PC#1861461731386587136 roll 2
Jibs_PC#1861461731386587136 roll 1
DICE 2 1 5 2 5 
Jibs_PC#1861461731386587136 retreat
Jibs_PC#1861461731386587136 attack 2 1
Jibs_PC#1861461731386587136 roll 3
Jibs_PC#1861461731386587136 roll 1
DICE 3 1 4 3 1 4 
Jibs_PC#1861461731386587136 roll 2
Jibs_PC#1861461731386587136 roll 1
DICE 2 1 4 3 2 
Jibs_PC#1861461731386587136 endattack
Jibs_PC#1861461731386587136 movearmies 31 20 1
CARD 1
Jibs_PC#1861461731386587136 placearmies 39 1
Jibs_PC#1861461731386587136 placearmies 22 4
Jibs_PC#1861461731386587136 attack 22 20
Jibs_PC#1861461731386587136 roll 3
Jibs_PC#1861461731386587136 roll 2
DICE 3 2 5 5 2 2 2 
Jibs_PC#1861461731386587136 roll 3
Jibs_PC#1861461731386587136 roll 1
DICE 3 1 4 2 1 0 
Jibs_PC#1861461731386587136 move 4
Jibs_PC#1861461731386587136 attack 20 21
Jibs_PC#1861461731386587136 roll 3
Jibs_PC#1861461731386587136 roll 2
DICE 3 2 5 4 2 5 3 
Jibs_PC#1861461731386587136 roll 2
Jibs_PC#1861461731386587136 roll 1
DICE 2 1 5 0 5 
Jibs_PC#1861461731386587136 retreat
Jibs_PC#1861461731386587136 endattack
Jibs_PC#1861461731386587136 nomove
CARD 3
Jibs_PC#1861461731386587136 placearmies 30 2
Jibs_PC#1861461731386587136 placearmies 30 1
Jibs_PC#1861461731386587136 attack 30 31
Jibs_PC#1861461731386587136 roll 3
Jibs_PC#1861461731386587136 roll 1
DICE 3 1 2 1 0 1 
Jibs_PC#1861461731386587136 move 4
Jibs_PC#1861461731386587136 attack 31 22
Jibs_PC#1861461731386587136 roll 3
Jibs_PC#1861461731386587136 roll 1
DICE 3 1 2 2 1 5 
Jibs_PC#1861461731386587136 roll 2
Jibs_PC#1861461731386587136 roll 1
DICE 2 1 4 3 0 
Jibs_PC#1861461731386587136 endattack
Jibs_PC#1861461731386587136 movearmies 22 31 1
CARD 12
Jibs_PC#1861461731386587136 placearmies 19 3
Jibs_PC#1861461731386587136 placearmies 16 1
Jibs_PC#1861461731386587136 placearmies 21 1
Jibs_PC#1861461731386587136 placearmies 18 1
Jibs_PC#1861461731386587136 placearmies 2 1
Jibs_PC#1861461731386587136 placearmies 2 2
Jibs_PC#1861461731386587136 attack 19 20
Jibs_PC#1861461731386587136 roll 3
Jibs_PC#1861461731386587136 roll 2
DICE 3 2 5 4 0 1 1 
Jibs_PC#1861461731386587136 move 5
Jibs_PC#1861461731386587136 attack 20 31
Jibs_PC#1861461731386587136 roll 3
Jibs_PC#1861461731386587136 roll 2
DICE 3 2 4 4 2 4 1 
Jibs_PC#1861461731386587136 roll 3
Jibs_PC#1861461731386587136 roll 1
DICE 3 1 3 2 0 2 
Jibs_PC#1861461731386587136 attack 31 22
Jibs_PC#1861461731386587136 roll 2
Jibs_PC#1861461731386587136 roll 1
DICE 2 1 0 0 0 
Jibs_PC#1861461731386587136 retreat
Jibs_PC#1861461731386587136 endattack
Jibs_PC#1861461731386587136 movearmies 31 20 1
CARD 19
Jibs_PC#1861461731386587136 placearmies 3 1
Jibs_PC#1861461731386587136 placearmies 3 1
Jibs_PC#1861461731386587136 placearmies 3 3
Jibs_PC#1861461731386587136 attack 3 2
Jibs_PC#1861461731386587136 roll 3
Jibs_PC#1861461731386587136 roll 2
DICE 3 2 3 1 0 5 0 
Jibs_PC#1861461731386587136 roll 3
Jibs_PC#1861461731386587136 roll 2
DICE 3 2 4 2 0 4 1 
Jibs_PC#1861461731386587136 retreat
Jibs_PC#1861461731386587136 attack 3 4
Jibs_PC#1861461731386587136 roll 3
Jibs_PC#1861461731386587136 roll 2
DICE 3 2 3 3 1 5 0 
Jibs_PC#1861461731386587136 roll 3
Jibs_PC#1861461731386587136 roll 2
DICE 3 2 5 3 1 5 0 
Jibs_PC#1861461731386587136 retreat
Jibs_PC#1861461731386587136 attack 3 1
Jibs_PC#1861461731386587136 roll 3
Jibs_PC#1861461731386587136 roll 2
DICE 3 2 5 4 4 3 0 
Jibs_PC#1861461731386587136 move 4
Jibs_PC#1861461731386587136 endattack
Jibs_PC#1861461731386587136 nomove
CARD 23
Jibs_PC#1861461731386587136 placearmies 30 2
Jibs_PC#1861461731386587136 placearmies 30 2
Jibs_PC#1861461731386587136 attack 30 16
Jibs_PC#1861461731386587136 roll 3
Jibs_PC#1861461731386587136 roll 2
DICE 3 2 5 4 3 4 1 
Jibs_PC#1861461731386587136 move 5
Jibs_PC#1861461731386587136 attack 16 31
Jibs_PC#1861461731386587136 roll 3
Jibs_PC#1861461731386587136 roll 1
DICE 3 1 2 1 1 1 
Jibs_PC#1861461731386587136 move 3
Jibs_PC#1861461731386587136 endattack
Jibs_PC#1861461731386587136 movearmies 27 28 1
CARD 41
Jibs_PC#1861461731386587136 trade 4 1 19
Jibs_PC#1861461731386587136 placearmies 15 4
Jibs_PC#1861461731386587136 placearmies 20 1
Jibs_PC#1861461731386587136 placearmies 2 2
Jibs_PC#1861461731386587136 placearmies 20 5
Jibs_PC#1861461731386587136 placearmies 2 1
Jibs_PC#1861461731386587136 attack 20 31
Jibs_PC#1861461731386587136 roll 3
Jibs_PC#1861461731386587136 roll 2
DICE 3 2 5 3 2 3 0 
Jibs_PC#1861461731386587136 roll 3
Jibs_PC#1861461731386587136 roll 1
DICE 3 1 5 4 4 1 
Jibs_PC#1861461731386587136 move 6
Jibs_PC#1861461731386587136 attack 15 16
Jibs_PC#1861461731386587136 roll 3
Jibs_PC#1861461731386587136 roll 2
DICE 3 2 5 3 3 5 2 
Jibs_PC#1861461731386587136 roll 3
Jibs_PC#1861461731386587136 roll 1
DICE 3 1 4 4 2 1 
Jibs_PC#1861461731386587136 move 4
Jibs_PC#1861461731386587136 attack 31 22
Jibs_PC#1861461731386587136 roll 3
Jibs_PC#1861461731386587136 roll 1
DICE 3 1 2 0 0 4 
Jibs_PC#1861461731386587136 roll 3
Jibs_PC#1861461731386587136 roll 1
DICE 3 1 5 4 0 1 
Jibs_PC#1861461731386587136 move 3
