Jibs_PC#9096629034998795264 newplayer human green s0914007
Jibs_PC#9096629034998795264 newplayer human blue SCott
Jibs_PC#9096629034998795264 newplayer human red Attila
Jibs_PC#9096629034998795264 newplayer human cyan ted
Jibs_PC#9096629034998795264 startgame mission fixed autoplaceall recycle
PLAYER s0914007
MISSION 0 1 0 0
PLACEALL 15 22 32 21 20 11 37 28 13 14 1 41 31 27 38 42 3 40 7 12 6 29 33 4 25 35 16 10 26 30 36 39 18 24 17 2 23 19 5 34 9 8
Jibs_PC#9096629034998795264 placearmies 33 1
CARD 
Jibs_PC#9096629034998795264 placearmies 39 1
CARD 
Jibs_PC#9096629034998795264 placearmies 23 1
CARD 
Jibs_PC#9096629034998795264 placearmies 27 1
CARD 
Jibs_PC#9096629034998795264 placearmies 33 1
CARD 
Jibs_PC#9096629034998795264 placearmies 39 1
CARD 
Jibs_PC#9096629034998795264 placearmies 26 1
CARD 
Jibs_PC#9096629034998795264 placearmies 30 1
CARD 
Jibs_PC#9096629034998795264 placearmies 33 1
CARD 
Jibs_PC#9096629034998795264 placearmies 39 1
CARD 
Jibs_PC#9096629034998795264 placearmies 23 1
CARD 
Jibs_PC#9096629034998795264 placearmies 27 1
CARD 
Jibs_PC#9096629034998795264 placearmies 33 1
CARD 
Jibs_PC#9096629034998795264 placearmies 39 1
CARD 
Jibs_PC#9096629034998795264 placearmies 26 1
CARD 
Jibs_PC#9096629034998795264 placearmies 30 1
CARD 
Jibs_PC#9096629034998795264 placearmies 5 1
CARD 
Jibs_PC#9096629034998795264 placearmies 39 1
CARD 
Jibs_PC#9096629034998795264 placearmies 23 1
CARD 
Jibs_PC#9096629034998795264 placearmies 30 1
CARD 
Jibs_PC#9096629034998795264 placearmies 5 1
CARD 
Jibs_PC#9096629034998795264 placearmies 39 1
CARD 
Jibs_PC#9096629034998795264 placearmies 26 1
CARD 
Jibs_PC#9096629034998795264 placearmies 27 1
CARD 
Jibs_PC#9096629034998795264 placearmies 5 1
CARD 
Jibs_PC#9096629034998795264 placearmies 10 1
CARD 
Jibs_PC#9096629034998795264 placearmies 26 1
CARD 
Jibs_PC#9096629034998795264 placearmies 30 1
CARD 
Jibs_PC#9096629034998795264 placearmies 5 1
CARD 
Jibs_PC#9096629034998795264 placearmies 10 1
CARD 
Jibs_PC#9096629034998795264 placearmies 23 1
CARD 
Jibs_PC#9096629034998795264 placearmies 27 1
CARD 
Jibs_PC#9096629034998795264 placearmies 5 1
CARD 
Jibs_PC#9096629034998795264 placearmies 12 1
CARD 
Jibs_PC#9096629034998795264 placearmies 13 1
CARD 
Jibs_PC#9096629034998795264 placearmies 30 1
CARD 
Jibs_PC#9096629034998795264 placearmies 5 1
CARD 
Jibs_PC#9096629034998795264 placearmies 12 1
CARD 
Jibs_PC#9096629034998795264 placearmies 13 1
CARD 
Jibs_PC#9096629034998795264 placearmies 27 1
CARD 
Jibs_PC#9096629034998795264 placearmies 5 1
CARD 
Jibs_PC#9096629034998795264 placearmies 12 1
CARD 
Jibs_PC#9096629034998795264 placearmies 13 1
CARD 
Jibs_PC#9096629034998795264 placearmies 27 1
CARD 
Jibs_PC#9096629034998795264 placearmies 5 1
CARD 
Jibs_PC#9096629034998795264 placearmies 12 1
CARD 
Jibs_PC#9096629034998795264 placearmies 13 1
CARD 
Jibs_PC#9096629034998795264 placearmies 30 1
CARD 
Jibs_PC#9096629034998795264 placearmies 5 1
CARD 
Jibs_PC#9096629034998795264 placearmies 12 1
CARD 
Jibs_PC#9096629034998795264 placearmies 13 1
CARD 
Jibs_PC#9096629034998795264 placearmies 30 1
CARD 
Jibs_PC#9096629034998795264 placearmies 5 1
CARD 
Jibs_PC#9096629034998795264 placearmies 12 1
CARD 
Jibs_PC#9096629034998795264 placearmies 13 1
CARD 
Jibs_PC#9096629034998795264 placearmies 30 1
CARD 
Jibs_PC#9096629034998795264 placearmies 5 1
CARD 
Jibs_PC#9096629034998795264 placearmies 12 1
CARD 
Jibs_PC#9096629034998795264 placearmies 13 1
CARD 
Jibs_PC#9096629034998795264 placearmies 27 1
CARD 
Jibs_PC#9096629034998795264 placearmies 5 1
CARD 
Jibs_PC#9096629034998795264 placearmies 12 1
CARD 
Jibs_PC#9096629034998795264 placearmies 13 1
CARD 
Jibs_PC#9096629034998795264 placearmies 27 1
CARD 
Jibs_PC#9096629034998795264 placearmies 5 1
CARD 
Jibs_PC#9096629034998795264 placearmies 12 1
CARD 
Jibs_PC#9096629034998795264 placearmies 26 1
CARD 
Jibs_PC#9096629034998795264 placearmies 30 1
CARD 
Jibs_PC#9096629034998795264 placearmies 5 1
CARD 
Jibs_PC#9096629034998795264 placearmies 12 1
CARD 
Jibs_PC#9096629034998795264 placearmies 23 1
CARD 
Jibs_PC#9096629034998795264 placearmies 27 1
CARD 
Jibs_PC#9096629034998795264 placearmies 5 1
CARD 
Jibs_PC#9096629034998795264 placearmies 12 1
CARD 
Jibs_PC#9096629034998795264 placearmies 23 1
CARD 
Jibs_PC#9096629034998795264 placearmies 30 1
CARD 
Jibs_PC#9096629034998795264 placearmies 5 1
CARD 
Jibs_PC#9096629034998795264 placearmies 12 1
CARD 
Jibs_PC#9096629034998795264 placearmies 23 1
Jibs_PC#9096629034998795264 placearmies 26 1
Jibs_PC#9096629034998795264 placearmies 26 1
Jibs_PC#9096629034998795264 attack 26 24
Jibs_PC#9096629034998795264 roll 3
Jibs_PC#9096629034998795264 roll 1
DICE 3 1 4 3 2 2 
Jibs_PC#9096629034998795264 move all
Jibs_PC#9096629034998795264 endattack
Jibs_PC#9096629034998795264 nomove
CARD 18
Jibs_PC#9096629034998795264 placearmies 27 1
Jibs_PC#9096629034998795264 placearmies 27 1
Jibs_PC#9096629034998795264 placearmies 27 1
Jibs_PC#9096629034998795264 attack 27 34
Jibs_PC#9096629034998795264 roll 3
Jibs_PC#9096629034998795264 roll 1
DICE 3 1 5 4 0 2 
Jibs_PC#9096629034998795264 move 7
Jibs_PC#9096629034998795264 attack 30 28
Jibs_PC#9096629034998795264 roll 3
Jibs_PC#9096629034998795264 roll 1
DICE 3 1 5 3 1 0 
Jibs_PC#9096629034998795264 move 6
Jibs_PC#9096629034998795264 endattack
Jibs_PC#9096629034998795264 nomove
CARD 16
Jibs_PC#9096629034998795264 placearmies 5 1
Jibs_PC#9096629034998795264 placearmies 5 1
Jibs_PC#9096629034998795264 placearmies 5 1
Jibs_PC#9096629034998795264 attack 5 10
Jibs_PC#9096629034998795264 roll 3
Jibs_PC#9096629034998795264 roll 2
DICE 3 2 3 2 2 5 0 
Jibs_PC#9096629034998795264 roll 3
Jibs_PC#9096629034998795264 roll 2
DICE 3 2 4 3 0 5 2 
Jibs_PC#9096629034998795264 roll 3
Jibs_PC#9096629034998795264 roll 1
DICE 3 1 4 2 2 5 
Jibs_PC#9096629034998795264 roll 3
Jibs_PC#9096629034998795264 roll 1
DICE 3 1 2 1 1 2 
Jibs_PC#9096629034998795264 roll 3
Jibs_PC#9096629034998795264 roll 1
DICE 3 1 5 4 4 1 
Jibs_PC#9096629034998795264 move all
Jibs_PC#9096629034998795264 attack 33 29
Jibs_PC#9096629034998795264 roll 3
Jibs_PC#9096629034998795264 roll 1
DICE 3 1 3 0 0 3 
Jibs_PC#9096629034998795264 roll 3
Jibs_PC#9096629034998795264 roll 1
DICE 3 1 5 4 1 5 
Jibs_PC#9096629034998795264 roll 2
Jibs_PC#9096629034998795264 roll 1
DICE 2 1 4 0 4 
Jibs_PC#9096629034998795264 roll 1
Jibs_PC#9096629034998795264 roll 1
DICE 1 1 2 2 
Jibs_PC#9096629034998795264 endattack
Jibs_PC#9096629034998795264 nomove
CARD 6
Jibs_PC#9096629034998795264 placearmies 21 1
Jibs_PC#9096629034998795264 placearmies 21 1
Jibs_PC#9096629034998795264 placearmies 21 1
Jibs_PC#9096629034998795264 attack 21 19
Jibs_PC#9096629034998795264 roll 3
Jibs_PC#9096629034998795264 roll 1
DICE 3 1 4 3 1 5 
Jibs_PC#9096629034998795264 roll 2
Jibs_PC#9096629034998795264 roll 1
DICE 2 1 4 1 2 
Jibs_PC#9096629034998795264 attack 39 40
Jibs_PC#9096629034998795264 roll 3
Jibs_PC#9096629034998795264 roll 1
DICE 3 1 1 0 0 0 
Jibs_PC#9096629034998795264 move 3
Jibs_PC#9096629034998795264 attack 39 33
Jibs_PC#9096629034998795264 roll 3
Jibs_PC#9096629034998795264 roll 1
DICE 3 1 2 1 0 2 
Jibs_PC#9096629034998795264 retreat
Jibs_PC#9096629034998795264 endattack
Jibs_PC#9096629034998795264 movearmies 40 39 2
CARD 20
Jibs_PC#9096629034998795264 placearmies 24 1
Jibs_PC#9096629034998795264 placearmies 23 1
Jibs_PC#9096629034998795264 placearmies 24 1
Jibs_PC#9096629034998795264 placearmies 24 1
Jibs_PC#9096629034998795264 attack 24 22
Jibs_PC#9096629034998795264 roll 3
Jibs_PC#9096629034998795264 roll 1
DICE 3 1 5 4 1 3 
Jibs_PC#9096629034998795264 move all
Jibs_PC#9096629034998795264 endattack
Jibs_PC#9096629034998795264 nomove
CARD wildcard
Jibs_PC#9096629034998795264 placearmies 29 1
Jibs_PC#9096629034998795264 placearmies 29 1
Jibs_PC#9096629034998795264 placearmies 29 1
Jibs_PC#9096629034998795264 attack 30 31
Jibs_PC#9096629034998795264 roll 3
Jibs_PC#9096629034998795264 roll 1
DICE 3 1 5 4 1 3 
Jibs_PC#9096629034998795264 move 3
Jibs_PC#9096629034998795264 attack 34 38
Jibs_PC#9096629034998795264 roll 3
Jibs_PC#9096629034998795264 roll 1
DICE 3 1 4 1 1 0 
Jibs_PC#9096629034998795264 move all
Jibs_PC#9096629034998795264 attack 38 37
Jibs_PC#9096629034998795264 roll 3
Jibs_PC#9096629034998795264 roll 1
DICE 3 1 4 2 0 2 
Jibs_PC#9096629034998795264 move all
Jibs_PC#9096629034998795264 attack 37 36
Jibs_PC#9096629034998795264 roll 3
Jibs_PC#9096629034998795264 roll 1
DICE 3 1 5 4 3 3 
Jibs_PC#9096629034998795264 move all
Jibs_PC#9096629034998795264 endattack
Jibs_PC#9096629034998795264 nomove
CARD 14
Jibs_PC#9096629034998795264 placearmies 5 1
Jibs_PC#9096629034998795264 placearmies 5 1
Jibs_PC#9096629034998795264 placearmies 5 1
Jibs_PC#9096629034998795264 attack 5 9
Jibs_PC#9096629034998795264 roll 3
Jibs_PC#9096629034998795264 roll 1
DICE 3 1 4 2 2 1 
Jibs_PC#9096629034998795264 endattack
Jibs_PC#9096629034998795264 nomove
CARD 11
Jibs_PC#9096629034998795264 placearmies 39 1
Jibs_PC#9096629034998795264 placearmies 39 1
Jibs_PC#9096629034998795264 placearmies 39 1
Jibs_PC#9096629034998795264 placearmies 39 1
Jibs_PC#9096629034998795264 placearmies 39 1
Jibs_PC#9096629034998795264 attack 39 33
Jibs_PC#9096629034998795264 roll 3
Jibs_PC#9096629034998795264 roll 1
DICE 3 1 4 1 0 5 
Jibs_PC#9096629034998795264 roll 3
Jibs_PC#9096629034998795264 roll 1
DICE 3 1 5 3 0 1 
Jibs_PC#9096629034998795264 move all
Jibs_PC#9096629034998795264 attack 12 11
Jibs_PC#9096629034998795264 roll 3
Jibs_PC#9096629034998795264 roll 1
DICE 3 1 3 2 1 5 
Jibs_PC#9096629034998795264 roll 3
Jibs_PC#9096629034998795264 roll 1
DICE 3 1 3 2 2 1 
Jibs_PC#9096629034998795264 move all
Jibs_PC#9096629034998795264 endattack
Jibs_PC#9096629034998795264 movearmies 11 12 10
CARD 23
Jibs_PC#9096629034998795264 placearmies 6 1
Jibs_PC#9096629034998795264 placearmies 6 1
Jibs_PC#9096629034998795264 placearmies 6 1
Jibs_PC#9096629034998795264 attack 6 14
Jibs_PC#9096629034998795264 roll 3
Jibs_PC#9096629034998795264 roll 1
DICE 3 1 5 5 1 2 
Jibs_PC#9096629034998795264 attack 14 17
Jibs_PC#9096629034998795264 roll 2
Jibs_PC#9096629034998795264 roll 1
DICE 2 1 4 2 5 
Jibs_PC#9096629034998795264 roll 1
Jibs_PC#9096629034998795264 roll 1
DICE 1 1 3 0 
Jibs_PC#9096629034998795264 endattack
Jibs_PC#9096629034998795264 nomove
CARD 31
Jibs_PC#9096629034998795264 placearmies 29 1
Jibs_PC#9096629034998795264 placearmies 29 1
Jibs_PC#9096629034998795264 placearmies 29 1
Jibs_PC#9096629034998795264 attack 29 32
Jibs_PC#9096629034998795264 roll 3
Jibs_PC#9096629034998795264 roll 1
DICE 3 1 3 2 0 2 
Jibs_PC#9096629034998795264 move all
Jibs_PC#9096629034998795264 endattack
Jibs_PC#9096629034998795264 movearmies 27 29 5
CARD 1
Jibs_PC#9096629034998795264 placearmies 9 1
Jibs_PC#9096629034998795264 placearmies 9 1
Jibs_PC#9096629034998795264 placearmies 9 1
Jibs_PC#9096629034998795264 attack 9 4
Jibs_PC#9096629034998795264 roll 3
Jibs_PC#9096629034998795264 roll 1
DICE 3 1 5 4 1 5 
Jibs_PC#9096629034998795264 roll 3
Jibs_PC#9096629034998795264 roll 1
DICE 3 1 5 2 1 4 
Jibs_PC#9096629034998795264 move all
Jibs_PC#9096629034998795264 attack 4 3
Jibs_PC#9096629034998795264 roll 3
Jibs_PC#9096629034998795264 roll 1
DICE 3 1 5 0 0 5 
Jibs_PC#9096629034998795264 roll 2
Jibs_PC#9096629034998795264 roll 1
DICE 2 1 1 1 0 
Jibs_PC#9096629034998795264 endattack
Jibs_PC#9096629034998795264 nomove
CARD 40
Jibs_PC#9096629034998795264 placearmies 19 1
Jibs_PC#9096629034998795264 placearmies 19 1
Jibs_PC#9096629034998795264 placearmies 19 1
Jibs_PC#9096629034998795264 placearmies 19 1
Jibs_PC#9096629034998795264 placearmies 19 1
Jibs_PC#9096629034998795264 attack 19 17
Jibs_PC#9096629034998795264 roll 3
Jibs_PC#9096629034998795264 roll 1
DICE 3 1 5 3 3 2 
Jibs_PC#9096629034998795264 move all
Jibs_PC#9096629034998795264 attack 17 14
Jibs_PC#9096629034998795264 roll 3
Jibs_PC#9096629034998795264 roll 1
DICE 3 1 5 5 0 2 
Jibs_PC#9096629034998795264 move all
Jibs_PC#9096629034998795264 attack 14 15
Jibs_PC#9096629034998795264 roll 3
Jibs_PC#9096629034998795264 roll 1
DICE 3 1 5 5 3 4 
Jibs_PC#9096629034998795264 move all
Jibs_PC#9096629034998795264 attack 15 16
Jibs_PC#9096629034998795264 roll 3
Jibs_PC#9096629034998795264 roll 1
DICE 3 1 5 1 1 0 
Jibs_PC#9096629034998795264 endattack
Jibs_PC#9096629034998795264 nomove
CARD 10
Jibs_PC#9096629034998795264 trade 18 wildcard 31
Jibs_PC#9096629034998795264 placearmies 22 1
Jibs_PC#9096629034998795264 placearmies 23 1
Jibs_PC#9096629034998795264 placearmies 22 1
Jibs_PC#9096629034998795264 placearmies 23 1
Jibs_PC#9096629034998795264 placearmies 22 1
Jibs_PC#9096629034998795264 placearmies 23 1
Jibs_PC#9096629034998795264 placearmies 6 1
Jibs_PC#9096629034998795264 placearmies 6 1
Jibs_PC#9096629034998795264 placearmies 6 1
Jibs_PC#9096629034998795264 placearmies 6 1
Jibs_PC#9096629034998795264 placearmies 6 1
Jibs_PC#9096629034998795264 placearmies 22 1
Jibs_PC#9096629034998795264 placearmies 23 1
Jibs_PC#9096629034998795264 attack 6 14
Jibs_PC#9096629034998795264 roll 3
Jibs_PC#9096629034998795264 roll 1
DICE 3 1 1 0 0 0 
Jibs_PC#9096629034998795264 move all
Jibs_PC#9096629034998795264 attack 18 19
Jibs_PC#9096629034998795264 retreat
Jibs_PC#9096629034998795264 attack 18 19
Jibs_PC#9096629034998795264 roll 2
Jibs_PC#9096629034998795264 roll 1
DICE 2 1 3 2 1 
Jibs_PC#9096629034998795264 attack 19 17
Jibs_PC#9096629034998795264 roll 1
Jibs_PC#9096629034998795264 roll 1
DICE 1 1 1 3 
Jibs_PC#9096629034998795264 attack 14 17
Jibs_PC#9096629034998795264 roll 3
Jibs_PC#9096629034998795264 roll 1
DICE 3 1 4 4 3 2 
Jibs_PC#9096629034998795264 move all
Jibs_PC#9096629034998795264 attack 17 15
Jibs_PC#9096629034998795264 roll 3
Jibs_PC#9096629034998795264 roll 1
DICE 3 1 5 2 1 4 
Jibs_PC#9096629034998795264 attack 15 16
Jibs_PC#9096629034998795264 roll 2
Jibs_PC#9096629034998795264 roll 2
DICE 2 2 5 0 3 1 
Jibs_PC#9096629034998795264 roll 1
Jibs_PC#9096629034998795264 roll 2
DICE 1 2 0 3 2 
Jibs_PC#9096629034998795264 endattack
Jibs_PC#9096629034998795264 nomove
CARD wildcard
Jibs_PC#9096629034998795264 placearmies 29 1
Jibs_PC#9096629034998795264 placearmies 28 1
Jibs_PC#9096629034998795264 placearmies 28 1
Jibs_PC#9096629034998795264 placearmies 28 1
Jibs_PC#9096629034998795264 attack 28 16
Jibs_PC#9096629034998795264 roll 3
Jibs_PC#9096629034998795264 roll 2
DICE 3 2 4 2 1 4 0 
Jibs_PC#9096629034998795264 roll 3
Jibs_PC#9096629034998795264 roll 1
DICE 3 1 2 2 0 2 
Jibs_PC#9096629034998795264 roll 3
Jibs_PC#9096629034998795264 roll 1
DICE 3 1 5 2 0 0 
Jibs_PC#9096629034998795264 move all
Jibs_PC#9096629034998795264 attack 29 33
Jibs_PC#9096629034998795264 roll 3
Jibs_PC#9096629034998795264 roll 2
DICE 3 2 1 1 0 4 3 
Jibs_PC#9096629034998795264 retreat
Jibs_PC#9096629034998795264 attack 32 33
Jibs_PC#9096629034998795264 roll 3
Jibs_PC#9096629034998795264 roll 2
DICE 3 2 3 2 0 5 4 
Jibs_PC#9096629034998795264 retreat
Jibs_PC#9096629034998795264 endattack
Jibs_PC#9096629034998795264 nomove
CARD 27
Jibs_PC#9096629034998795264 trade 6 11 40
Jibs_PC#9096629034998795264 placearmies 1 1
Jibs_PC#9096629034998795264 placearmies 3 1
Jibs_PC#9096629034998795264 placearmies 3 1
Jibs_PC#9096629034998795264 placearmies 3 1
Jibs_PC#9096629034998795264 placearmies 3 1
Jibs_PC#9096629034998795264 placearmies 3 1
Jibs_PC#9096629034998795264 placearmies 3 1
Jibs_PC#9096629034998795264 placearmies 3 1
Jibs_PC#9096629034998795264 placearmies 3 1
Jibs_PC#9096629034998795264 attack 3 2
Jibs_PC#9096629034998795264 roll 3
Jibs_PC#9096629034998795264 roll 1
DICE 3 1 4 2 2 5 
Jibs_PC#9096629034998795264 roll 3
Jibs_PC#9096629034998795264 roll 1
DICE 3 1 4 3 1 3 
Jibs_PC#9096629034998795264 move all
Jibs_PC#9096629034998795264 attack 2 6
Jibs_PC#9096629034998795264 roll 3
Jibs_PC#9096629034998795264 roll 1
DICE 3 1 3 3 2 4 
Jibs_PC#9096629034998795264 roll 3
Jibs_PC#9096629034998795264 roll 1
DICE 3 1 3 0 0 4 
Jibs_PC#9096629034998795264 roll 3
Jibs_PC#9096629034998795264 roll 1
DICE 3 1 4 2 0 4 
Jibs_PC#9096629034998795264 roll 3
Jibs_PC#9096629034998795264 roll 1
DICE 3 1 3 0 0 1 
Jibs_PC#9096629034998795264 move all
Jibs_PC#9096629034998795264 attack 6 8
Jibs_PC#9096629034998795264 roll 3
Jibs_PC#9096629034998795264 roll 1
DICE 3 1 5 2 2 3 
Jibs_PC#9096629034998795264 endattack
Jibs_PC#9096629034998795264 movearmies 8 6 2
CARD 7
Jibs_PC#9096629034998795264 placearmies 33 1
Jibs_PC#9096629034998795264 placearmies 33 1
Jibs_PC#9096629034998795264 placearmies 21 1
Jibs_PC#9096629034998795264 placearmies 21 1
Jibs_PC#9096629034998795264 placearmies 21 1
Jibs_PC#9096629034998795264 attack 21 19
Jibs_PC#9096629034998795264 retreat
Jibs_PC#9096629034998795264 attack 21 20
Jibs_PC#9096629034998795264 roll 3
Jibs_PC#9096629034998795264 roll 1
DICE 3 1 3 2 1 0 
Jibs_PC#9096629034998795264 endattack
Jibs_PC#9096629034998795264 nomove
CARD 25
Jibs_PC#9096629034998795264 placearmies 23 1
Jibs_PC#9096629034998795264 placearmies 22 1
Jibs_PC#9096629034998795264 placearmies 23 1
Jibs_PC#9096629034998795264 attack 23 21
Jibs_PC#9096629034998795264 roll 3
Jibs_PC#9096629034998795264 roll 1
DICE 3 1 5 3 2 5 
Jibs_PC#9096629034998795264 roll 3
Jibs_PC#9096629034998795264 roll 1
DICE 3 1 2 2 1 4 
Jibs_PC#9096629034998795264 roll 3
Jibs_PC#9096629034998795264 roll 1
DICE 3 1 5 3 2 3 
Jibs_PC#9096629034998795264 move all
Jibs_PC#9096629034998795264 endattack
Jibs_PC#9096629034998795264 nomove
CARD 19
Jibs_PC#9096629034998795264 placearmies 38 1
Jibs_PC#9096629034998795264 placearmies 32 1
Jibs_PC#9096629034998795264 placearmies 38 1
Jibs_PC#9096629034998795264 placearmies 38 1
Jibs_PC#9096629034998795264 attack 38 1
Jibs_PC#9096629034998795264 roll 3
Jibs_PC#9096629034998795264 roll 2
DICE 3 2 5 2 0 3 2 
Jibs_PC#9096629034998795264 roll 2
Jibs_PC#9096629034998795264 roll 1
DICE 2 1 5 3 2 
Jibs_PC#9096629034998795264 endattack
Jibs_PC#9096629034998795264 movearmies 36 38 2
CARD 34
Jibs_PC#9096629034998795264 placearmies 6 1
Jibs_PC#9096629034998795264 placearmies 6 1
Jibs_PC#9096629034998795264 placearmies 6 1
Jibs_PC#9096629034998795264 attack 6 14
Jibs_PC#9096629034998795264 roll 3
Jibs_PC#9096629034998795264 roll 1
DICE 3 1 5 5 4 5 
Jibs_PC#9096629034998795264 roll 3
Jibs_PC#9096629034998795264 roll 1
DICE 3 1 3 2 0 2 
Jibs_PC#9096629034998795264 move all
Jibs_PC#9096629034998795264 endattack
Jibs_PC#9096629034998795264 nomove
CARD 22
Jibs_PC#9096629034998795264 placearmies 12 1
Jibs_PC#9096629034998795264 placearmies 12 1
Jibs_PC#9096629034998795264 placearmies 12 1
Jibs_PC#9096629034998795264 placearmies 12 1
Jibs_PC#9096629034998795264 placearmies 12 1
Jibs_PC#9096629034998795264 attack 20 21
Jibs_PC#9096629034998795264 roll 2
Jibs_PC#9096629034998795264 roll 2
DICE 2 2 3 1 0 0 
Jibs_PC#9096629034998795264 roll 2
Jibs_PC#9096629034998795264 roll 2
DICE 2 2 2 1 5 0 
Jibs_PC#9096629034998795264 roll 1
Jibs_PC#9096629034998795264 roll 2
DICE 1 2 5 3 0 
Jibs_PC#9096629034998795264 roll 1
Jibs_PC#9096629034998795264 roll 2
DICE 1 2 0 4 0 
Jibs_PC#9096629034998795264 attack 12 21
Jibs_PC#9096629034998795264 roll 3
Jibs_PC#9096629034998795264 roll 2
DICE 3 2 5 3 0 4 0 
Jibs_PC#9096629034998795264 roll 3
Jibs_PC#9096629034998795264 roll 2
DICE 3 2 1 0 0 2 1 
Jibs_PC#9096629034998795264 roll 3
Jibs_PC#9096629034998795264 roll 2
DICE 3 2 4 3 1 3 1 
Jibs_PC#9096629034998795264 roll 3
Jibs_PC#9096629034998795264 roll 2
DICE 3 2 5 3 0 2 0 
Jibs_PC#9096629034998795264 roll 3
Jibs_PC#9096629034998795264 roll 2
DICE 3 2 4 3 2 4 1 
Jibs_PC#9096629034998795264 roll 3
Jibs_PC#9096629034998795264 roll 1
DICE 3 1 2 2 1 2 
Jibs_PC#9096629034998795264 roll 3
Jibs_PC#9096629034998795264 roll 1
DICE 3 1 3 3 1 0 
Jibs_PC#9096629034998795264 move 3
Jibs_PC#9096629034998795264 attack 21 23
Jibs_PC#9096629034998795264 roll 2
Jibs_PC#9096629034998795264 roll 1
DICE 2 1 5 1 0 
Jibs_PC#9096629034998795264 endattack
Jibs_PC#9096629034998795264 nomove
CARD 26
Jibs_PC#9096629034998795264 placearmies 25 1
Jibs_PC#9096629034998795264 placearmies 25 1
Jibs_PC#9096629034998795264 placearmies 25 1
Jibs_PC#9096629034998795264 attack 25 23
Jibs_PC#9096629034998795264 roll 3
Jibs_PC#9096629034998795264 roll 2
DICE 3 2 5 4 0 0 0 
Jibs_PC#9096629034998795264 attack 22 21
Jibs_PC#9096629034998795264 roll 3
Jibs_PC#9096629034998795264 roll 1
DICE 3 1 1 1 1 3 
Jibs_PC#9096629034998795264 roll 3
Jibs_PC#9096629034998795264 roll 1
DICE 3 1 5 5 5 2 
Jibs_PC#9096629034998795264 move 3
Jibs_PC#9096629034998795264 endattack
Jibs_PC#9096629034998795264 movearmies 23 21 2
CARD 24
Jibs_PC#9096629034998795264 trade 16 34 1
Jibs_PC#9096629034998795264 placearmies 29 1
Jibs_PC#9096629034998795264 placearmies 29 1
Jibs_PC#9096629034998795264 placearmies 29 1
Jibs_PC#9096629034998795264 placearmies 29 1
Jibs_PC#9096629034998795264 placearmies 29 1
Jibs_PC#9096629034998795264 placearmies 29 1
Jibs_PC#9096629034998795264 placearmies 29 1
Jibs_PC#9096629034998795264 placearmies 29 1
Jibs_PC#9096629034998795264 placearmies 29 1
Jibs_PC#9096629034998795264 placearmies 29 1
Jibs_PC#9096629034998795264 placearmies 29 1
Jibs_PC#9096629034998795264 placearmies 29 1
Jibs_PC#9096629034998795264 placearmies 29 1
Jibs_PC#9096629034998795264 placearmies 29 1
Jibs_PC#9096629034998795264 endattack
Jibs_PC#9096629034998795264 movearmies 38 1 1
CARD 
Jibs_PC#9096629034998795264 placearmies 2 1
Jibs_PC#9096629034998795264 placearmies 2 1
Jibs_PC#9096629034998795264 placearmies 2 1
Jibs_PC#9096629034998795264 attack 2 1
Jibs_PC#9096629034998795264 roll 3
Jibs_PC#9096629034998795264 roll 2
DICE 3 2 1 0 0 4 3 
Jibs_PC#9096629034998795264 retreat
Jibs_PC#9096629034998795264 attack 10 11
Jibs_PC#9096629034998795264 roll 3
Jibs_PC#9096629034998795264 roll 1
DICE 3 1 5 4 4 2 
Jibs_PC#9096629034998795264 move 3
Jibs_PC#9096629034998795264 endattack
Jibs_PC#9096629034998795264 nomove
CARD 29
Jibs_PC#9096629034998795264 trade 20 26 25
Jibs_PC#9096629034998795264 placearmies 12 1
Jibs_PC#9096629034998795264 placearmies 12 1
Jibs_PC#9096629034998795264 placearmies 12 1
Jibs_PC#9096629034998795264 placearmies 12 1
Jibs_PC#9096629034998795264 placearmies 12 1
Jibs_PC#9096629034998795264 placearmies 12 1
Jibs_PC#9096629034998795264 placearmies 33 1
Jibs_PC#9096629034998795264 placearmies 33 1
Jibs_PC#9096629034998795264 placearmies 33 1
Jibs_PC#9096629034998795264 placearmies 33 1
Jibs_PC#9096629034998795264 placearmies 33 1
Jibs_PC#9096629034998795264 placearmies 33 1
Jibs_PC#9096629034998795264 placearmies 33 1
Jibs_PC#9096629034998795264 placearmies 20 1
Jibs_PC#9096629034998795264 placearmies 20 1
Jibs_PC#9096629034998795264 attack 12 21
Jibs_PC#9096629034998795264 roll 3
Jibs_PC#9096629034998795264 roll 2
DICE 3 2 5 4 0 5 3 
Jibs_PC#9096629034998795264 roll 3
Jibs_PC#9096629034998795264 roll 2
DICE 3 2 5 4 1 4 2 
Jibs_PC#9096629034998795264 roll 3
Jibs_PC#9096629034998795264 roll 2
DICE 3 2 4 3 0 4 4 
Jibs_PC#9096629034998795264 roll 3
Jibs_PC#9096629034998795264 roll 2
DICE 3 2 2 1 0 4 0 
Jibs_PC#9096629034998795264 roll 3
Jibs_PC#9096629034998795264 roll 1
DICE 3 1 4 4 0 0 
Jibs_PC#9096629034998795264 move 3
Jibs_PC#9096629034998795264 endattack
Jibs_PC#9096629034998795264 movearmies 21 12 2
CARD 9
Jibs_PC#9096629034998795264 trade wildcard 19 24
Jibs_PC#9096629034998795264 placearmies 19 1
Jibs_PC#9096629034998795264 placearmies 19 1
Jibs_PC#9096629034998795264 placearmies 22 1
Jibs_PC#9096629034998795264 placearmies 22 1
Jibs_PC#9096629034998795264 placearmies 23 1
Jibs_PC#9096629034998795264 placearmies 23 1
Jibs_PC#9096629034998795264 placearmies 23 1
Jibs_PC#9096629034998795264 placearmies 23 1
Jibs_PC#9096629034998795264 placearmies 23 1
Jibs_PC#9096629034998795264 placearmies 23 1
Jibs_PC#9096629034998795264 placearmies 23 1
Jibs_PC#9096629034998795264 placearmies 23 1
Jibs_PC#9096629034998795264 placearmies 23 1
Jibs_PC#9096629034998795264 attack 23 21
Jibs_PC#9096629034998795264 roll 3
Jibs_PC#9096629034998795264 roll 1
DICE 3 1 4 4 0 4 
Jibs_PC#9096629034998795264 roll 3
Jibs_PC#9096629034998795264 roll 1
DICE 3 1 5 3 0 5 
Jibs_PC#9096629034998795264 roll 3
Jibs_PC#9096629034998795264 roll 1
DICE 3 1 5 4 1 0 
Jibs_PC#9096629034998795264 move all
Jibs_PC#9096629034998795264 endattack
Jibs_PC#9096629034998795264 movearmies 22 21 3
CARD 28
Jibs_PC#9096629034998795264 placearmies 29 1
Jibs_PC#9096629034998795264 placearmies 29 1
Jibs_PC#9096629034998795264 placearmies 29 1
Jibs_PC#9096629034998795264 placearmies 29 1
Jibs_PC#9096629034998795264 attack 29 33
Jibs_PC#9096629034998795264 roll 3
Jibs_PC#9096629034998795264 roll 2
DICE 3 2 5 3 0 5 2 
Jibs_PC#9096629034998795264 roll 3
Jibs_PC#9096629034998795264 roll 2
DICE 3 2 5 3 1 5 2 
Jibs_PC#9096629034998795264 roll 3
Jibs_PC#9096629034998795264 roll 2
DICE 3 2 4 3 0 4 1 
Jibs_PC#9096629034998795264 roll 3
Jibs_PC#9096629034998795264 roll 2
DICE 3 2 3 3 1 4 1 
Jibs_PC#9096629034998795264 roll 3
Jibs_PC#9096629034998795264 roll 2
DICE 3 2 5 5 5 3 2 
Jibs_PC#9096629034998795264 roll 3
Jibs_PC#9096629034998795264 roll 2
DICE 3 2 4 4 2 1 1 
Jibs_PC#9096629034998795264 roll 3
Jibs_PC#9096629034998795264 roll 2
DICE 3 2 5 2 0 2 0 
Jibs_PC#9096629034998795264 roll 3
Jibs_PC#9096629034998795264 roll 2
DICE 3 2 4 2 0 3 2 
Jibs_PC#9096629034998795264 roll 3
Jibs_PC#9096629034998795264 roll 2
DICE 3 2 5 4 1 5 0 
Jibs_PC#9096629034998795264 roll 3
Jibs_PC#9096629034998795264 roll 2
DICE 3 2 5 4 3 5 3 
Jibs_PC#9096629034998795264 roll 3
Jibs_PC#9096629034998795264 roll 2
DICE 3 2 4 2 0 4 0 
Jibs_PC#9096629034998795264 roll 3
Jibs_PC#9096629034998795264 roll 2
DICE 3 2 4 4 2 5 4 
Jibs_PC#9096629034998795264 roll 3
Jibs_PC#9096629034998795264 roll 2
DICE 3 2 2 1 0 5 0 
Jibs_PC#9096629034998795264 roll 3
Jibs_PC#9096629034998795264 roll 2
DICE 3 2 4 2 1 4 4 
Jibs_PC#9096629034998795264 roll 3
Jibs_PC#9096629034998795264 roll 2
DICE 3 2 5 3 2 3 2 
Jibs_PC#9096629034998795264 move all
Jibs_PC#9096629034998795264 attack 33 39
Jibs_PC#9096629034998795264 roll 3
Jibs_PC#9096629034998795264 roll 1
DICE 3 1 5 5 0 5 
Jibs_PC#9096629034998795264 roll 3
Jibs_PC#9096629034998795264 roll 1
DICE 3 1 3 3 1 5 
Jibs_PC#9096629034998795264 roll 3
Jibs_PC#9096629034998795264 roll 1
DICE 3 1 4 3 1 0 
Jibs_PC#9096629034998795264 move all
Jibs_PC#9096629034998795264 attack 39 40
Jibs_PC#9096629034998795264 roll 3
Jibs_PC#9096629034998795264 roll 1
DICE 3 1 4 3 1 0 
Jibs_PC#9096629034998795264 move all
Jibs_PC#9096629034998795264 attack 40 42
Jibs_PC#9096629034998795264 roll 3
Jibs_PC#9096629034998795264 roll 1
DICE 3 1 5 5 1 5 
Jibs_PC#9096629034998795264 roll 3
Jibs_PC#9096629034998795264 roll 1
DICE 3 1 5 0 0 0 
Jibs_PC#9096629034998795264 attack 42 41
Jibs_PC#9096629034998795264 roll 2
Jibs_PC#9096629034998795264 roll 1
DICE 2 1 4 2 3 
Jibs_PC#9096629034998795264 endattack
Jibs_PC#9096629034998795264 movearmies 32 31 4
CARD 17
Jibs_PC#9096629034998795264 placearmies 2 1
Jibs_PC#9096629034998795264 placearmies 2 1
Jibs_PC#9096629034998795264 placearmies 2 1
Jibs_PC#9096629034998795264 attack 2 1
Jibs_PC#9096629034998795264 roll 3
Jibs_PC#9096629034998795264 roll 2
DICE 3 2 4 4 1 2 0 
Jibs_PC#9096629034998795264 roll 3
Jibs_PC#9096629034998795264 roll 1
DICE 3 1 4 3 3 0 
Jibs_PC#9096629034998795264 move all
Jibs_PC#9096629034998795264 attack 1 38
Jibs_PC#9096629034998795264 roll 3
Jibs_PC#9096629034998795264 roll 2
DICE 3 2 4 2 1 5 1 
Jibs_PC#9096629034998795264 roll 2
Jibs_PC#9096629034998795264 roll 1
DICE 2 1 5 0 5 
Jibs_PC#9096629034998795264 roll 1
Jibs_PC#9096629034998795264 roll 1
DICE 1 1 0 5 
Jibs_PC#9096629034998795264 attack 14 15
Jibs_PC#9096629034998795264 roll 3
Jibs_PC#9096629034998795264 roll 1
DICE 3 1 4 2 1 0 
Jibs_PC#9096629034998795264 attack 15 16
Jibs_PC#9096629034998795264 roll 2
Jibs_PC#9096629034998795264 roll 2
DICE 2 2 1 0 1 0 
Jibs_PC#9096629034998795264 endattack
Jibs_PC#9096629034998795264 nomove
CARD 39
Jibs_PC#9096629034998795264 placearmies 20 1
Jibs_PC#9096629034998795264 placearmies 20 1
Jibs_PC#9096629034998795264 placearmies 20 1
Jibs_PC#9096629034998795264 attack 20 18
Jibs_PC#9096629034998795264 roll 3
Jibs_PC#9096629034998795264 roll 1
DICE 3 1 5 3 3 3 
Jibs_PC#9096629034998795264 move all
Jibs_PC#9096629034998795264 attack 18 17
Jibs_PC#9096629034998795264 roll 3
Jibs_PC#9096629034998795264 roll 1
DICE 3 1 2 2 1 1 
Jibs_PC#9096629034998795264 move 3
Jibs_PC#9096629034998795264 attack 17 15
Jibs_PC#9096629034998795264 roll 2
Jibs_PC#9096629034998795264 roll 1
DICE 2 1 5 1 3 
Jibs_PC#9096629034998795264 attack 15 14
Jibs_PC#9096629034998795264 roll 1
Jibs_PC#9096629034998795264 roll 1
DICE 1 1 4 1 
Jibs_PC#9096629034998795264 endattack
Jibs_PC#9096629034998795264 movearmies 18 20 1
CARD 3
Jibs_PC#9096629034998795264 placearmies 22 1
Jibs_PC#9096629034998795264 placearmies 21 1
Jibs_PC#9096629034998795264 placearmies 19 1
Jibs_PC#9096629034998795264 placearmies 21 1
Jibs_PC#9096629034998795264 placearmies 22 1
Jibs_PC#9096629034998795264 placearmies 19 1
Jibs_PC#9096629034998795264 endattack
Jibs_PC#9096629034998795264 nomove
CARD 
Jibs_PC#9096629034998795264 trade 14 17 27
Jibs_PC#9096629034998795264 placearmies 16 1
Jibs_PC#9096629034998795264 placearmies 16 1
Jibs_PC#9096629034998795264 placearmies 16 1
Jibs_PC#9096629034998795264 placearmies 16 1
Jibs_PC#9096629034998795264 placearmies 16 1
Jibs_PC#9096629034998795264 placearmies 16 1
Jibs_PC#9096629034998795264 placearmies 16 1
Jibs_PC#9096629034998795264 placearmies 16 1
Jibs_PC#9096629034998795264 placearmies 16 1
Jibs_PC#9096629034998795264 placearmies 16 1
Jibs_PC#9096629034998795264 placearmies 16 1
Jibs_PC#9096629034998795264 placearmies 16 1
Jibs_PC#9096629034998795264 placearmies 16 1
Jibs_PC#9096629034998795264 placearmies 16 1
Jibs_PC#9096629034998795264 placearmies 16 1
Jibs_PC#9096629034998795264 placearmies 16 1
Jibs_PC#9096629034998795264 placearmies 16 1
Jibs_PC#9096629034998795264 placearmies 16 1
Jibs_PC#9096629034998795264 placearmies 16 1
Jibs_PC#9096629034998795264 placearmies 38 1
Jibs_PC#9096629034998795264 placearmies 38 1
Jibs_PC#9096629034998795264 placearmies 38 1
Jibs_PC#9096629034998795264 placearmies 38 1
Jibs_PC#9096629034998795264 placearmies 38 1
Jibs_PC#9096629034998795264 attack 16 20
Jibs_PC#9096629034998795264 roll 3
Jibs_PC#9096629034998795264 roll 2
DICE 3 2 5 1 0 1 0 
Jibs_PC#9096629034998795264 move all
Jibs_PC#9096629034998795264 attack 20 19
Jibs_PC#9096629034998795264 roll 3
Jibs_PC#9096629034998795264 roll 2
DICE 3 2 5 4 3 4 4 
Jibs_PC#9096629034998795264 roll 3
Jibs_PC#9096629034998795264 roll 2
DICE 3 2 4 1 0 5 2 
Jibs_PC#9096629034998795264 roll 3
Jibs_PC#9096629034998795264 roll 2
DICE 3 2 4 3 1 4 3 
Jibs_PC#9096629034998795264 roll 3
Jibs_PC#9096629034998795264 roll 2
DICE 3 2 5 3 0 3 0 
Jibs_PC#9096629034998795264 roll 3
Jibs_PC#9096629034998795264 roll 2
DICE 3 2 4 2 0 5 1 
Jibs_PC#9096629034998795264 roll 3
Jibs_PC#9096629034998795264 roll 2
DICE 3 2 5 4 3 5 4 
Jibs_PC#9096629034998795264 roll 3
Jibs_PC#9096629034998795264 roll 2
DICE 3 2 5 3 0 3 2 
Jibs_PC#9096629034998795264 roll 3
Jibs_PC#9096629034998795264 roll 1
DICE 3 1 3 2 0 2 
Jibs_PC#9096629034998795264 move all
Jibs_PC#9096629034998795264 attack 19 18
Jibs_PC#9096629034998795264 roll 3
Jibs_PC#9096629034998795264 roll 2
DICE 3 2 5 4 3 3 3 
Jibs_PC#9096629034998795264 roll 3
Jibs_PC#9096629034998795264 roll 1
DICE 3 1 4 3 0 1 
Jibs_PC#9096629034998795264 move all
Jibs_PC#9096629034998795264 attack 18 15
Jibs_PC#9096629034998795264 roll 3
Jibs_PC#9096629034998795264 roll 1
DICE 3 1 4 4 0 4 
Jibs_PC#9096629034998795264 roll 3
Jibs_PC#9096629034998795264 roll 1
DICE 3 1 5 5 4 0 
Jibs_PC#9096629034998795264 move all
Jibs_PC#9096629034998795264 attack 15 14
Jibs_PC#9096629034998795264 roll 3
Jibs_PC#9096629034998795264 roll 1
DICE 3 1 5 4 2 1 
Jibs_PC#9096629034998795264 move all
Jibs_PC#9096629034998795264 attack 14 17
Jibs_PC#9096629034998795264 roll 3
Jibs_PC#9096629034998795264 roll 1
DICE 3 1 3 3 0 5 
Jibs_PC#9096629034998795264 roll 3
Jibs_PC#9096629034998795264 roll 1
DICE 3 1 5 5 4 5 
Jibs_PC#9096629034998795264 roll 3
Jibs_PC#9096629034998795264 roll 1
DICE 3 1 5 5 5 1 
Jibs_PC#9096629034998795264 move 6
Jibs_PC#9096629034998795264 attack 38 1
Jibs_PC#9096629034998795264 roll 3
Jibs_PC#9096629034998795264 roll 1
DICE 3 1 4 3 1 3 
Jibs_PC#9096629034998795264 move 3
Jibs_PC#9096629034998795264 endattack
Jibs_PC#9096629034998795264 movearmies 17 19 5
CARD 32
Jibs_PC#9096629034998795264 trade 29 39 7
Jibs_PC#9096629034998795264 placearmies 6 1
Jibs_PC#9096629034998795264 placearmies 6 1
Jibs_PC#9096629034998795264 placearmies 6 1
Jibs_PC#9096629034998795264 placearmies 6 1
Jibs_PC#9096629034998795264 placearmies 2 1
Jibs_PC#9096629034998795264 placearmies 2 1
Jibs_PC#9096629034998795264 placearmies 2 1
Jibs_PC#9096629034998795264 placearmies 2 1
Jibs_PC#9096629034998795264 placearmies 2 1
Jibs_PC#9096629034998795264 attack 2 1
Jibs_PC#9096629034998795264 roll 3
Jibs_PC#9096629034998795264 roll 2
DICE 3 2 5 2 1 4 2 
Jibs_PC#9096629034998795264 roll 3
Jibs_PC#9096629034998795264 roll 2
DICE 3 2 5 4 2 0 0 
Jibs_PC#9096629034998795264 move all
Jibs_PC#9096629034998795264 endattack
Jibs_PC#9096629034998795264 nomove
CARD 13
Jibs_PC#9096629034998795264 trade 3 23 9
Jibs_PC#9096629034998795264 placearmies 12 1
Jibs_PC#9096629034998795264 placearmies 12 1
Jibs_PC#9096629034998795264 placearmies 12 1
Jibs_PC#9096629034998795264 placearmies 12 1
Jibs_PC#9096629034998795264 placearmies 12 1
Jibs_PC#9096629034998795264 placearmies 12 1
Jibs_PC#9096629034998795264 placearmies 12 1
Jibs_PC#9096629034998795264 placearmies 12 1
Jibs_PC#9096629034998795264 placearmies 12 1
Jibs_PC#9096629034998795264 placearmies 12 1
Jibs_PC#9096629034998795264 placearmies 12 1
Jibs_PC#9096629034998795264 placearmies 12 1
Jibs_PC#9096629034998795264 placearmies 12 1
Jibs_PC#9096629034998795264 attack 12 21
Jibs_PC#9096629034998795264 roll 3
Jibs_PC#9096629034998795264 roll 2
DICE 3 2 2 1 1 5 4 
Jibs_PC#9096629034998795264 roll 3
Jibs_PC#9096629034998795264 roll 2
DICE 3 2 5 3 0 4 0 
Jibs_PC#9096629034998795264 roll 3
Jibs_PC#9096629034998795264 roll 2
DICE 3 2 4 3 1 2 2 
Jibs_PC#9096629034998795264 roll 3
Jibs_PC#9096629034998795264 roll 2
DICE 3 2 3 2 2 5 4 
Jibs_PC#9096629034998795264 roll 3
Jibs_PC#9096629034998795264 roll 2
DICE 3 2 4 1 0 5 4 
Jibs_PC#9096629034998795264 roll 3
Jibs_PC#9096629034998795264 roll 2
DICE 3 2 4 3 1 3 1 
Jibs_PC#9096629034998795264 roll 3
Jibs_PC#9096629034998795264 roll 2
DICE 3 2 5 2 1 4 0 
Jibs_PC#9096629034998795264 roll 3
Jibs_PC#9096629034998795264 roll 2
DICE 3 2 4 1 1 5 1 
Jibs_PC#9096629034998795264 roll 3
Jibs_PC#9096629034998795264 roll 2
DICE 3 2 4 2 2 4 1 
Jibs_PC#9096629034998795264 roll 3
Jibs_PC#9096629034998795264 roll 2
DICE 3 2 3 3 1 1 0 
Jibs_PC#9096629034998795264 roll 3
Jibs_PC#9096629034998795264 roll 1
DICE 3 1 5 3 3 2 
Jibs_PC#9096629034998795264 move all
Jibs_PC#9096629034998795264 attack 21 23
Jibs_PC#9096629034998795264 roll 3
Jibs_PC#9096629034998795264 roll 1
DICE 3 1 5 5 0 5 
Jibs_PC#9096629034998795264 roll 3
Jibs_PC#9096629034998795264 roll 1
DICE 3 1 4 4 0 4 
Jibs_PC#9096629034998795264 roll 3
Jibs_PC#9096629034998795264 roll 1
DICE 3 1 3 3 1 0 
Jibs_PC#9096629034998795264 move all
Jibs_PC#9096629034998795264 attack 23 25
Jibs_PC#9096629034998795264 roll 3
Jibs_PC#9096629034998795264 roll 1
DICE 3 1 5 2 0 5 
Jibs_PC#9096629034998795264 roll 3
Jibs_PC#9096629034998795264 roll 1
DICE 3 1 5 2 1 1 
Jibs_PC#9096629034998795264 move all
Jibs_PC#9096629034998795264 attack 25 26
Jibs_PC#9096629034998795264 roll 3
Jibs_PC#9096629034998795264 roll 1
DICE 3 1 2 2 0 5 
Jibs_PC#9096629034998795264 roll 3
Jibs_PC#9096629034998795264 roll 1
DICE 3 1 5 5 4 5 
Jibs_PC#9096629034998795264 roll 3
Jibs_PC#9096629034998795264 roll 1
DICE 3 1 4 1 1 2 
Jibs_PC#9096629034998795264 move all
Jibs_PC#9096629034998795264 attack 26 24
Jibs_PC#9096629034998795264 roll 3
Jibs_PC#9096629034998795264 roll 1
DICE 3 1 5 4 0 0 
Jibs_PC#9096629034998795264 move all
Jibs_PC#9096629034998795264 endattack
Jibs_PC#9096629034998795264 movearmies 24 21 2
CARD 8
Jibs_PC#9096629034998795264 placearmies 13 1
Jibs_PC#9096629034998795264 placearmies 13 1
Jibs_PC#9096629034998795264 placearmies 13 1
Jibs_PC#9096629034998795264 attack 13 12
Jibs_PC#9096629034998795264 roll 3
Jibs_PC#9096629034998795264 roll 1
DICE 3 1 4 3 1 2 
Jibs_PC#9096629034998795264 move all
Jibs_PC#9096629034998795264 attack 12 21
Jibs_PC#9096629034998795264 roll 3
Jibs_PC#9096629034998795264 roll 2
DICE 3 2 5 3 2 4 0 
Jibs_PC#9096629034998795264 roll 3
Jibs_PC#9096629034998795264 roll 1
DICE 3 1 2 0 0 4 
Jibs_PC#9096629034998795264 roll 3
Jibs_PC#9096629034998795264 roll 1
DICE 3 1 2 2 1 3 
Jibs_PC#9096629034998795264 roll 3
Jibs_PC#9096629034998795264 roll 1
DICE 3 1 5 5 2 4 
Jibs_PC#9096629034998795264 move all
Jibs_PC#9096629034998795264 attack 21 24
Jibs_PC#9096629034998795264 roll 3
Jibs_PC#9096629034998795264 roll 2
DICE 3 2 4 3 0 2 0 
Jibs_PC#9096629034998795264 move all
Jibs_PC#9096629034998795264 attack 24 26
Jibs_PC#9096629034998795264 roll 3
Jibs_PC#9096629034998795264 roll 1
DICE 3 1 4 3 2 1 
Jibs_PC#9096629034998795264 move all
Jibs_PC#9096629034998795264 attack 26 25
Jibs_PC#9096629034998795264 roll 3
Jibs_PC#9096629034998795264 roll 1
DICE 3 1 2 2 1 2 
Jibs_PC#9096629034998795264 roll 3
Jibs_PC#9096629034998795264 roll 1
DICE 3 1 5 2 2 4 
Jibs_PC#9096629034998795264 move all
Jibs_PC#9096629034998795264 attack 25 23
Jibs_PC#9096629034998795264 roll 3
Jibs_PC#9096629034998795264 roll 1
DICE 3 1 5 4 1 3 
Jibs_PC#9096629034998795264 attack 22 20
Jibs_PC#9096629034998795264 roll 3
Jibs_PC#9096629034998795264 roll 1
DICE 3 1 5 4 1 0 
Jibs_PC#9096629034998795264 move all
Jibs_PC#9096629034998795264 attack 20 16
Jibs_PC#9096629034998795264 roll 3
Jibs_PC#9096629034998795264 roll 1
DICE 3 1 2 0 0 5 
Jibs_PC#9096629034998795264 roll 3
Jibs_PC#9096629034998795264 roll 1
DICE 3 1 4 4 0 3 
Jibs_PC#9096629034998795264 move all
Jibs_PC#9096629034998795264 attack 16 28
Jibs_PC#9096629034998795264 roll 3
Jibs_PC#9096629034998795264 roll 1
DICE 3 1 5 2 0 5 
Jibs_PC#9096629034998795264 roll 3
Jibs_PC#9096629034998795264 roll 1
DICE 3 1 3 2 2 3 
Jibs_PC#9096629034998795264 roll 3
Jibs_PC#9096629034998795264 roll 1
DICE 3 1 3 3 0 4 
Jibs_PC#9096629034998795264 roll 3
Jibs_PC#9096629034998795264 roll 1
DICE 3 1 5 5 1 3 
Jibs_PC#9096629034998795264 move all
Jibs_PC#9096629034998795264 attack 28 29
Jibs_PC#9096629034998795264 roll 3
Jibs_PC#9096629034998795264 roll 1
DICE 3 1 4 3 2 5 
Jibs_PC#9096629034998795264 retreat
Jibs_PC#9096629034998795264 endattack
Jibs_PC#9096629034998795264 movearmies 23 21 2
CARD 33
Jibs_PC#9096629034998795264 placearmies 27 1
Jibs_PC#9096629034998795264 placearmies 27 1
Jibs_PC#9096629034998795264 placearmies 27 1
Jibs_PC#9096629034998795264 placearmies 27 1
Jibs_PC#9096629034998795264 placearmies 30 1
Jibs_PC#9096629034998795264 placearmies 30 1
Jibs_PC#9096629034998795264 placearmies 31 1
Jibs_PC#9096629034998795264 placearmies 31 1
Jibs_PC#9096629034998795264 attack 27 28
Jibs_PC#9096629034998795264 roll 3
Jibs_PC#9096629034998795264 roll 2
DICE 3 2 4 4 0 3 2 
Jibs_PC#9096629034998795264 roll 3
Jibs_PC#9096629034998795264 roll 1
DICE 3 1 5 4 3 1 
Jibs_PC#9096629034998795264 move all
Jibs_PC#9096629034998795264 attack 19 21
Jibs_PC#9096629034998795264 roll 3
Jibs_PC#9096629034998795264 roll 2
DICE 3 2 5 5 0 2 1 
Jibs_PC#9096629034998795264 roll 3
Jibs_PC#9096629034998795264 roll 1
DICE 3 1 5 1 1 5 
Jibs_PC#9096629034998795264 roll 3
Jibs_PC#9096629034998795264 roll 1
DICE 3 1 4 3 0 3 
Jibs_PC#9096629034998795264 move all
Jibs_PC#9096629034998795264 attack 21 23
Jibs_PC#9096629034998795264 roll 3
Jibs_PC#9096629034998795264 roll 1
DICE 3 1 5 2 0 1 
Jibs_PC#9096629034998795264 attack 23 25
Jibs_PC#9096629034998795264 roll 2
Jibs_PC#9096629034998795264 roll 1
DICE 2 1 5 1 0 
Jibs_PC#9096629034998795264 attack 31 22
Jibs_PC#9096629034998795264 roll 3
Jibs_PC#9096629034998795264 roll 1
DICE 3 1 4 4 3 2 
Jibs_PC#9096629034998795264 move all
Jibs_PC#9096629034998795264 attack 22 24
Jibs_PC#9096629034998795264 roll 3
Jibs_PC#9096629034998795264 roll 1
DICE 3 1 5 1 0 5 
Jibs_PC#9096629034998795264 roll 3
Jibs_PC#9096629034998795264 roll 1
DICE 3 1 5 5 0 5 
Jibs_PC#9096629034998795264 roll 3
Jibs_PC#9096629034998795264 roll 1
DICE 3 1 5 4 1 1 
Jibs_PC#9096629034998795264 move all
Jibs_PC#9096629034998795264 attack 24 26
Jibs_PC#9096629034998795264 roll 3
Jibs_PC#9096629034998795264 roll 1
DICE 3 1 5 1 0 3 
Jibs_PC#9096629034998795264 move all
