Jibs_PC#4307031796891609088 newplayer human green punit
Jibs_PC#4307031796891609088 newplayer human blue rizwan
Jibs_PC#4307031796891609088 newplayer human red fred
Jibs_PC#4307031796891609088 startgame mission fixed autoplaceall recycle
PLAYER fred
MISSION 5 1 2
PLACEALL 25 39 41 42 40 14 11 26 20 37 16 2 9 17 13 38 32 10 12 28 36 30 24 35 15 6 27 18 8 34 31 21 5 23 33 4 19 7 29 1 22 3
Jibs_PC#4307031796891609088 placearmies 11 1
CARD 
Jibs_PC#4307031796891609088 placearmies 21 1
CARD 
Jibs_PC#4307031796891609088 placearmies 20 1
CARD 
Jibs_PC#4307031796891609088 placearmies 12 1
CARD 
Jibs_PC#4307031796891609088 placearmies 21 1
CARD 
Jibs_PC#4307031796891609088 placearmies 41 1
CARD 
Jibs_PC#4307031796891609088 placearmies 9 1
CARD 
Jibs_PC#4307031796891609088 placearmies 21 1
CARD 
Jibs_PC#4307031796891609088 placearmies 14 1
CARD 
Jibs_PC#4307031796891609088 placearmies 18 1
CARD 
Jibs_PC#4307031796891609088 placearmies 21 1
CARD 
Jibs_PC#4307031796891609088 placearmies 29 1
CARD 
Jibs_PC#4307031796891609088 placearmies 19 1
CARD 
Jibs_PC#4307031796891609088 placearmies 21 1
CARD 
Jibs_PC#4307031796891609088 placearmies 20 1
CARD 
Jibs_PC#4307031796891609088 placearmies 15 1
CARD 
Jibs_PC#4307031796891609088 placearmies 21 1
CARD 
Jibs_PC#4307031796891609088 placearmies 20 1
CARD 
Jibs_PC#4307031796891609088 placearmies 12 1
CARD 
Jibs_PC#4307031796891609088 placearmies 21 1
CARD 
Jibs_PC#4307031796891609088 placearmies 20 1
CARD 
Jibs_PC#4307031796891609088 placearmies 9 1
CARD 
Jibs_PC#4307031796891609088 placearmies 21 1
CARD 
Jibs_PC#4307031796891609088 placearmies 29 1
CARD 
Jibs_PC#4307031796891609088 placearmies 11 1
CARD 
Jibs_PC#4307031796891609088 placearmies 7 1
CARD 
Jibs_PC#4307031796891609088 placearmies 29 1
CARD 
Jibs_PC#4307031796891609088 placearmies 18 1
CARD 
Jibs_PC#4307031796891609088 placearmies 7 1
CARD 
Jibs_PC#4307031796891609088 placearmies 29 1
CARD 
Jibs_PC#4307031796891609088 placearmies 15 1
CARD 
Jibs_PC#4307031796891609088 placearmies 7 1
CARD 
Jibs_PC#4307031796891609088 placearmies 41 1
CARD 
Jibs_PC#4307031796891609088 placearmies 19 1
CARD 
Jibs_PC#4307031796891609088 placearmies 7 1
CARD 
Jibs_PC#4307031796891609088 placearmies 20 1
CARD 
Jibs_PC#4307031796891609088 placearmies 15 1
CARD 
Jibs_PC#4307031796891609088 placearmies 7 1
CARD 
Jibs_PC#4307031796891609088 placearmies 20 1
CARD 
Jibs_PC#4307031796891609088 placearmies 12 1
CARD 
Jibs_PC#4307031796891609088 placearmies 7 1
CARD 
Jibs_PC#4307031796891609088 placearmies 20 1
CARD 
Jibs_PC#4307031796891609088 placearmies 9 1
CARD 
Jibs_PC#4307031796891609088 placearmies 7 1
CARD 
Jibs_PC#4307031796891609088 placearmies 29 1
CARD 
Jibs_PC#4307031796891609088 placearmies 12 1
CARD 
Jibs_PC#4307031796891609088 placearmies 7 1
CARD 
Jibs_PC#4307031796891609088 placearmies 29 1
CARD 
Jibs_PC#4307031796891609088 placearmies 12 1
CARD 
Jibs_PC#4307031796891609088 placearmies 7 1
CARD 
Jibs_PC#4307031796891609088 placearmies 20 1
CARD 
Jibs_PC#4307031796891609088 placearmies 19 1
CARD 
Jibs_PC#4307031796891609088 placearmies 7 1
CARD 
Jibs_PC#4307031796891609088 placearmies 20 1
CARD 
Jibs_PC#4307031796891609088 placearmies 15 1
CARD 
Jibs_PC#4307031796891609088 placearmies 7 1
CARD 
Jibs_PC#4307031796891609088 placearmies 29 1
CARD 
Jibs_PC#4307031796891609088 placearmies 18 1
CARD 
Jibs_PC#4307031796891609088 placearmies 7 1
CARD 
Jibs_PC#4307031796891609088 placearmies 20 1
CARD 
Jibs_PC#4307031796891609088 placearmies 18 1
CARD 
Jibs_PC#4307031796891609088 placearmies 7 1
CARD 
Jibs_PC#4307031796891609088 placearmies 14 1
CARD 
Jibs_PC#4307031796891609088 placearmies 15 1
Jibs_PC#4307031796891609088 placearmies 12 1
Jibs_PC#4307031796891609088 placearmies 9 1
Jibs_PC#4307031796891609088 placearmies 19 1
Jibs_PC#4307031796891609088 attack 19 17
Jibs_PC#4307031796891609088 roll 3
Jibs_PC#4307031796891609088 roll 1
DICE 3 1 4 1 1 3 
Jibs_PC#4307031796891609088 move 3
Jibs_PC#4307031796891609088 attack 18 20
Jibs_PC#4307031796891609088 roll 3
Jibs_PC#4307031796891609088 roll 2
DICE 3 2 5 4 0 3 1 
Jibs_PC#4307031796891609088 roll 3
Jibs_PC#4307031796891609088 roll 2
DICE 3 2 5 4 4 3 2 
Jibs_PC#4307031796891609088 retreat
Jibs_PC#4307031796891609088 attack 11 13
Jibs_PC#4307031796891609088 roll 2
Jibs_PC#4307031796891609088 roll 1
DICE 2 1 2 1 4 
Jibs_PC#4307031796891609088 roll 1
Jibs_PC#4307031796891609088 roll 1
DICE 1 1 2 4 
Jibs_PC#4307031796891609088 attack 12 13
Jibs_PC#4307031796891609088 roll 3
Jibs_PC#4307031796891609088 roll 1
DICE 3 1 3 2 0 5 
Jibs_PC#4307031796891609088 roll 3
Jibs_PC#4307031796891609088 roll 1
DICE 3 1 5 5 1 0 
Jibs_PC#4307031796891609088 move 3
Jibs_PC#4307031796891609088 attack 12 10
Jibs_PC#4307031796891609088 roll 2
Jibs_PC#4307031796891609088 roll 1
DICE 2 1 5 3 3 
Jibs_PC#4307031796891609088 attack 9 5
Jibs_PC#4307031796891609088 roll 3
Jibs_PC#4307031796891609088 roll 1
DICE 3 1 4 2 0 4 
Jibs_PC#4307031796891609088 roll 3
Jibs_PC#4307031796891609088 roll 1
DICE 3 1 5 2 1 4 
Jibs_PC#4307031796891609088 attack 15 14
Jibs_PC#4307031796891609088 roll 3
Jibs_PC#4307031796891609088 roll 2
DICE 3 2 0 0 0 5 0 
Jibs_PC#4307031796891609088 retreat
Jibs_PC#4307031796891609088 attack 5 4
Jibs_PC#4307031796891609088 roll 2
Jibs_PC#4307031796891609088 roll 1
DICE 2 1 3 2 4 
Jibs_PC#4307031796891609088 roll 1
Jibs_PC#4307031796891609088 roll 1
DICE 1 1 2 3 
Jibs_PC#4307031796891609088 attack 15 16
Jibs_PC#4307031796891609088 roll 3
Jibs_PC#4307031796891609088 roll 1
DICE 3 1 5 2 2 5 
Jibs_PC#4307031796891609088 roll 2
Jibs_PC#4307031796891609088 roll 1
DICE 2 1 2 2 3 
Jibs_PC#4307031796891609088 roll 1
Jibs_PC#4307031796891609088 roll 1
DICE 1 1 1 3 
Jibs_PC#4307031796891609088 attack 18 16
Jibs_PC#4307031796891609088 roll 3
Jibs_PC#4307031796891609088 roll 1
DICE 3 1 5 4 2 5 
Jibs_PC#4307031796891609088 roll 3
Jibs_PC#4307031796891609088 roll 1
DICE 3 1 5 3 1 2 
Jibs_PC#4307031796891609088 attack 16 28
Jibs_PC#4307031796891609088 roll 2
Jibs_PC#4307031796891609088 roll 1
DICE 2 1 5 0 0 
Jibs_PC#4307031796891609088 endattack
Jibs_PC#4307031796891609088 movearmies 10 5 1
CARD 38
Jibs_PC#4307031796891609088 placearmies 7 1
Jibs_PC#4307031796891609088 placearmies 7 1
Jibs_PC#4307031796891609088 placearmies 7 1
Jibs_PC#4307031796891609088 attack 7 4
Jibs_PC#4307031796891609088 roll 3
Jibs_PC#4307031796891609088 roll 1
DICE 3 1 4 4 0 4 
Jibs_PC#4307031796891609088 roll 3
Jibs_PC#4307031796891609088 roll 1
DICE 3 1 3 3 1 2 
Jibs_PC#4307031796891609088 move all
Jibs_PC#4307031796891609088 attack 4 3
Jibs_PC#4307031796891609088 roll 3
Jibs_PC#4307031796891609088 roll 1
DICE 3 1 5 5 4 1 
Jibs_PC#4307031796891609088 move 10
Jibs_PC#4307031796891609088 attack 3 1
Jibs_PC#4307031796891609088 roll 3
Jibs_PC#4307031796891609088 roll 1
DICE 3 1 5 5 0 2 
Jibs_PC#4307031796891609088 move all
Jibs_PC#4307031796891609088 attack 1 2
Jibs_PC#4307031796891609088 roll 3
Jibs_PC#4307031796891609088 roll 1
DICE 3 1 5 3 0 1 
Jibs_PC#4307031796891609088 move 3
Jibs_PC#4307031796891609088 attack 4 9
Jibs_PC#4307031796891609088 roll 3
Jibs_PC#4307031796891609088 roll 1
DICE 3 1 3 2 2 5 
Jibs_PC#4307031796891609088 roll 3
Jibs_PC#4307031796891609088 roll 1
DICE 3 1 5 4 3 0 
Jibs_PC#4307031796891609088 attack 9 5
Jibs_PC#4307031796891609088 roll 2
Jibs_PC#4307031796891609088 roll 2
DICE 2 2 3 2 3 3 
Jibs_PC#4307031796891609088 endattack
Jibs_PC#4307031796891609088 movearmies 2 6 2
CARD 42
Jibs_PC#4307031796891609088 placearmies 14 1
Jibs_PC#4307031796891609088 placearmies 14 1
Jibs_PC#4307031796891609088 placearmies 14 1
Jibs_PC#4307031796891609088 attack 20 18
Jibs_PC#4307031796891609088 roll 3
Jibs_PC#4307031796891609088 roll 1
DICE 3 1 2 1 0 3 
Jibs_PC#4307031796891609088 roll 3
Jibs_PC#4307031796891609088 roll 1
DICE 3 1 4 1 0 2 
Jibs_PC#4307031796891609088 move 3
Jibs_PC#4307031796891609088 attack 14 17
Jibs_PC#4307031796891609088 roll 3
Jibs_PC#4307031796891609088 roll 2
DICE 3 2 5 5 5 3 1 
Jibs_PC#4307031796891609088 roll 3
Jibs_PC#4307031796891609088 roll 1
DICE 3 1 3 2 2 5 
Jibs_PC#4307031796891609088 roll 3
Jibs_PC#4307031796891609088 roll 1
DICE 3 1 3 2 1 3 
Jibs_PC#4307031796891609088 roll 3
Jibs_PC#4307031796891609088 roll 1
DICE 3 1 5 3 1 5 
Jibs_PC#4307031796891609088 retreat
Jibs_PC#4307031796891609088 attack 29 30
Jibs_PC#4307031796891609088 roll 3
Jibs_PC#4307031796891609088 roll 1
DICE 3 1 5 1 0 4 
Jibs_PC#4307031796891609088 move 5
Jibs_PC#4307031796891609088 attack 18 15
Jibs_PC#4307031796891609088 roll 2
Jibs_PC#4307031796891609088 roll 1
DICE 2 1 2 1 4 
Jibs_PC#4307031796891609088 retreat
Jibs_PC#4307031796891609088 attack 30 16
Jibs_PC#4307031796891609088 roll 3
Jibs_PC#4307031796891609088 roll 1
DICE 3 1 3 2 2 3 
Jibs_PC#4307031796891609088 roll 3
Jibs_PC#4307031796891609088 roll 1
DICE 3 1 5 0 0 3 
Jibs_PC#4307031796891609088 attack 16 15
Jibs_PC#4307031796891609088 roll 2
Jibs_PC#4307031796891609088 roll 1
DICE 2 1 4 1 2 
Jibs_PC#4307031796891609088 attack 20 19
Jibs_PC#4307031796891609088 roll 2
Jibs_PC#4307031796891609088 roll 2
DICE 2 2 3 2 5 0 
Jibs_PC#4307031796891609088 retreat
Jibs_PC#4307031796891609088 attack 41 42
Jibs_PC#4307031796891609088 roll 2
Jibs_PC#4307031796891609088 roll 1
DICE 2 1 4 0 4 
Jibs_PC#4307031796891609088 retreat
Jibs_PC#4307031796891609088 attack 29 33
Jibs_PC#4307031796891609088 roll 2
Jibs_PC#4307031796891609088 roll 1
DICE 2 1 5 1 4 
Jibs_PC#4307031796891609088 attack 33 39
Jibs_PC#4307031796891609088 roll 1
Jibs_PC#4307031796891609088 roll 1
DICE 1 1 2 0 
Jibs_PC#4307031796891609088 attack 14 17
Jibs_PC#4307031796891609088 roll 2
Jibs_PC#4307031796891609088 roll 1
DICE 2 1 4 2 5 
Jibs_PC#4307031796891609088 retreat
Jibs_PC#4307031796891609088 attack 20 19
Jibs_PC#4307031796891609088 roll 1
Jibs_PC#4307031796891609088 roll 1
DICE 1 1 5 5 
Jibs_PC#4307031796891609088 endattack
Jibs_PC#4307031796891609088 movearmies 15 18 1
CARD 9
Jibs_PC#4307031796891609088 placearmies 12 1
Jibs_PC#4307031796891609088 placearmies 12 1
Jibs_PC#4307031796891609088 placearmies 42 1
Jibs_PC#4307031796891609088 placearmies 42 1
Jibs_PC#4307031796891609088 placearmies 42 1
Jibs_PC#4307031796891609088 placearmies 5 1
Jibs_PC#4307031796891609088 attack 42 41
Jibs_PC#4307031796891609088 roll 3
Jibs_PC#4307031796891609088 roll 2
DICE 3 2 5 4 4 2 0 
Jibs_PC#4307031796891609088 attack 41 39
Jibs_PC#4307031796891609088 roll 2
Jibs_PC#4307031796891609088 roll 1
DICE 2 1 4 1 5 
Jibs_PC#4307031796891609088 roll 1
Jibs_PC#4307031796891609088 roll 1
DICE 1 1 0 4 
Jibs_PC#4307031796891609088 attack 5 9
Jibs_PC#4307031796891609088 roll 2
Jibs_PC#4307031796891609088 roll 1
DICE 2 1 0 0 0 
Jibs_PC#4307031796891609088 roll 1
Jibs_PC#4307031796891609088 roll 1
DICE 1 1 2 5 
Jibs_PC#4307031796891609088 attack 28 30
Jibs_PC#4307031796891609088 roll 1
Jibs_PC#4307031796891609088 roll 1
DICE 1 1 2 4 
Jibs_PC#4307031796891609088 endattack
Jibs_PC#4307031796891609088 movearmies 12 10 1
CARD 5
Jibs_PC#4307031796891609088 placearmies 21 1
Jibs_PC#4307031796891609088 placearmies 9 1
Jibs_PC#4307031796891609088 placearmies 9 1
Jibs_PC#4307031796891609088 placearmies 9 1
Jibs_PC#4307031796891609088 attack 9 5
Jibs_PC#4307031796891609088 roll 3
Jibs_PC#4307031796891609088 roll 1
DICE 3 1 5 4 0 3 
Jibs_PC#4307031796891609088 attack 21 23
Jibs_PC#4307031796891609088 roll 3
Jibs_PC#4307031796891609088 roll 1
DICE 3 1 5 5 3 3 
Jibs_PC#4307031796891609088 move 6
Jibs_PC#4307031796891609088 attack 23 25
Jibs_PC#4307031796891609088 roll 3
Jibs_PC#4307031796891609088 roll 1
DICE 3 1 5 5 1 5 
Jibs_PC#4307031796891609088 roll 3
Jibs_PC#4307031796891609088 roll 1
DICE 3 1 5 1 0 4 
Jibs_PC#4307031796891609088 move 3
