Jibs_PC#7760993095048563712 newplayer ai hard green s0914007
Jibs_PC#7760993095048563712 newplayer ai hard blue bob
Jibs_PC#7760993095048563712 newplayer ai hard red fred
Jibs_PC#7760993095048563712 newplayer ai hard cyan ted
Jibs_PC#7760993095048563712 newplayer ai hard magenta yura
Jibs_PC#7760993095048563712 newplayer ai hard yellow lala
Jibs_PC#7760993095048563712 startgame mission fixed autoplaceall recycle
PLAYER lala
MISSION 3 1 3 1 0 0
PLACEALL 9 15 40 36 30 42 11 29 10 35 34 41 2 17 22 7 6 38 16 39 21 18 12 28 5 19 27 3 24 37 20 14 1 32 33 4 31 25 26 13 23 8
Jibs_PC#7760993095048563712 placearmies 31 1
CARD 
Jibs_PC#7760993095048563712 placearmies 19 1
CARD 
Jibs_PC#7760993095048563712 placearmies 40 1
CARD 
Jibs_PC#7760993095048563712 placearmies 7 1
CARD 
Jibs_PC#7760993095048563712 placearmies 34 1
CARD 
Jibs_PC#7760993095048563712 placearmies 4 1
CARD 
Jibs_PC#7760993095048563712 placearmies 31 1
CARD 
Jibs_PC#7760993095048563712 placearmies 19 1
CARD 
Jibs_PC#7760993095048563712 placearmies 40 1
CARD 
Jibs_PC#7760993095048563712 placearmies 7 1
CARD 
Jibs_PC#7760993095048563712 placearmies 24 1
CARD 
Jibs_PC#7760993095048563712 placearmies 4 1
CARD 
Jibs_PC#7760993095048563712 placearmies 31 1
CARD 
Jibs_PC#7760993095048563712 placearmies 19 1
CARD 
Jibs_PC#7760993095048563712 placearmies 40 1
CARD 
Jibs_PC#7760993095048563712 placearmies 7 1
CARD 
Jibs_PC#7760993095048563712 placearmies 24 1
CARD 
Jibs_PC#7760993095048563712 placearmies 4 1
CARD 
Jibs_PC#7760993095048563712 placearmies 31 1
CARD 
Jibs_PC#7760993095048563712 placearmies 19 1
CARD 
Jibs_PC#7760993095048563712 placearmies 40 1
CARD 
Jibs_PC#7760993095048563712 placearmies 7 1
CARD 
Jibs_PC#7760993095048563712 placearmies 24 1
CARD 
Jibs_PC#7760993095048563712 placearmies 4 1
CARD 
Jibs_PC#7760993095048563712 placearmies 31 1
CARD 
Jibs_PC#7760993095048563712 placearmies 19 1
CARD 
Jibs_PC#7760993095048563712 placearmies 40 1
CARD 
Jibs_PC#7760993095048563712 placearmies 7 1
CARD 
Jibs_PC#7760993095048563712 placearmies 24 1
CARD 
Jibs_PC#7760993095048563712 placearmies 4 1
CARD 
Jibs_PC#7760993095048563712 placearmies 11 1
CARD 
Jibs_PC#7760993095048563712 placearmies 19 1
CARD 
Jibs_PC#7760993095048563712 placearmies 40 1
CARD 
Jibs_PC#7760993095048563712 placearmies 7 1
CARD 
Jibs_PC#7760993095048563712 placearmies 24 1
CARD 
Jibs_PC#7760993095048563712 placearmies 4 1
CARD 
Jibs_PC#7760993095048563712 placearmies 11 1
CARD 
Jibs_PC#7760993095048563712 placearmies 19 1
CARD 
Jibs_PC#7760993095048563712 placearmies 40 1
CARD 
Jibs_PC#7760993095048563712 placearmies 7 1
CARD 
Jibs_PC#7760993095048563712 placearmies 24 1
CARD 
Jibs_PC#7760993095048563712 placearmies 4 1
CARD 
Jibs_PC#7760993095048563712 placearmies 11 1
CARD 
Jibs_PC#7760993095048563712 placearmies 19 1
CARD 
Jibs_PC#7760993095048563712 placearmies 40 1
CARD 
Jibs_PC#7760993095048563712 placearmies 7 1
CARD 
Jibs_PC#7760993095048563712 placearmies 24 1
CARD 
Jibs_PC#7760993095048563712 placearmies 4 1
CARD 
Jibs_PC#7760993095048563712 placearmies 11 1
CARD 
Jibs_PC#7760993095048563712 placearmies 19 1
CARD 
Jibs_PC#7760993095048563712 placearmies 40 1
CARD 
Jibs_PC#7760993095048563712 placearmies 7 1
CARD 
Jibs_PC#7760993095048563712 placearmies 34 1
CARD 
Jibs_PC#7760993095048563712 placearmies 4 1
CARD 
Jibs_PC#7760993095048563712 placearmies 11 1
CARD 
Jibs_PC#7760993095048563712 placearmies 19 1
CARD 
Jibs_PC#7760993095048563712 placearmies 40 1
CARD 
Jibs_PC#7760993095048563712 placearmies 7 1
CARD 
Jibs_PC#7760993095048563712 placearmies 34 1
CARD 
Jibs_PC#7760993095048563712 placearmies 4 1
CARD 
Jibs_PC#7760993095048563712 placearmies 11 1
CARD 
Jibs_PC#7760993095048563712 placearmies 19 1
CARD 
Jibs_PC#7760993095048563712 placearmies 10 1
CARD 
Jibs_PC#7760993095048563712 placearmies 7 1
CARD 
Jibs_PC#7760993095048563712 placearmies 34 1
CARD 
Jibs_PC#7760993095048563712 placearmies 4 1
CARD 
Jibs_PC#7760993095048563712 placearmies 11 1
CARD 
Jibs_PC#7760993095048563712 placearmies 19 1
CARD 
Jibs_PC#7760993095048563712 placearmies 10 1
CARD 
Jibs_PC#7760993095048563712 placearmies 7 1
CARD 
Jibs_PC#7760993095048563712 placearmies 34 1
CARD 
Jibs_PC#7760993095048563712 placearmies 4 1
CARD 
Jibs_PC#7760993095048563712 placearmies 2 1
CARD 
Jibs_PC#7760993095048563712 placearmies 19 1
CARD 
Jibs_PC#7760993095048563712 placearmies 10 1
CARD 
Jibs_PC#7760993095048563712 placearmies 7 1
CARD 
Jibs_PC#7760993095048563712 placearmies 34 1
CARD 
Jibs_PC#7760993095048563712 placearmies 4 1
CARD 
Jibs_PC#7760993095048563712 placearmies 31 3
Jibs_PC#7760993095048563712 attack 11 10
Jibs_PC#7760993095048563712 roll 3
Jibs_PC#7760993095048563712 roll 2
DICE 3 2 5 2 1 5 1 
Jibs_PC#7760993095048563712 roll 3
Jibs_PC#7760993095048563712 roll 2
DICE 3 2 2 1 0 4 0 
Jibs_PC#7760993095048563712 roll 3
Jibs_PC#7760993095048563712 roll 2
DICE 3 2 4 2 0 3 0 
Jibs_PC#7760993095048563712 move 5
Jibs_PC#7760993095048563712 attack 10 12
Jibs_PC#7760993095048563712 roll 3
Jibs_PC#7760993095048563712 roll 1
DICE 3 1 4 3 2 4 
Jibs_PC#7760993095048563712 roll 3
Jibs_PC#7760993095048563712 roll 1
DICE 3 1 2 1 1 5 
Jibs_PC#7760993095048563712 roll 2
Jibs_PC#7760993095048563712 roll 1
DICE 2 1 3 0 0 
Jibs_PC#7760993095048563712 endattack
Jibs_PC#7760993095048563712 nomove
CARD 9
Jibs_PC#7760993095048563712 placearmies 19 3
Jibs_PC#7760993095048563712 attack 19 18
Jibs_PC#7760993095048563712 roll 3
Jibs_PC#7760993095048563712 roll 1
DICE 3 1 5 4 4 5 
Jibs_PC#7760993095048563712 roll 3
Jibs_PC#7760993095048563712 roll 1
DICE 3 1 4 4 3 5 
Jibs_PC#7760993095048563712 roll 3
Jibs_PC#7760993095048563712 roll 1
DICE 3 1 5 3 3 4 
Jibs_PC#7760993095048563712 move 14
Jibs_PC#7760993095048563712 attack 18 16
Jibs_PC#7760993095048563712 roll 3
Jibs_PC#7760993095048563712 roll 1
DICE 3 1 4 0 0 1 
Jibs_PC#7760993095048563712 move 13
Jibs_PC#7760993095048563712 attack 16 20
Jibs_PC#7760993095048563712 roll 3
Jibs_PC#7760993095048563712 roll 1
DICE 3 1 2 1 0 3 
Jibs_PC#7760993095048563712 roll 3
Jibs_PC#7760993095048563712 roll 1
DICE 3 1 3 1 0 5 
Jibs_PC#7760993095048563712 roll 3
Jibs_PC#7760993095048563712 roll 1
DICE 3 1 5 3 0 2 
Jibs_PC#7760993095048563712 move 9
Jibs_PC#7760993095048563712 endattack
Jibs_PC#7760993095048563712 nomove
CARD 32
Jibs_PC#7760993095048563712 placearmies 21 3
Jibs_PC#7760993095048563712 attack 21 19
Jibs_PC#7760993095048563712 roll 3
Jibs_PC#7760993095048563712 roll 1
DICE 3 1 5 5 5 4 
Jibs_PC#7760993095048563712 attack 40 39
Jibs_PC#7760993095048563712 roll 3
Jibs_PC#7760993095048563712 roll 1
DICE 3 1 4 3 2 5 
Jibs_PC#7760993095048563712 roll 3
Jibs_PC#7760993095048563712 roll 1
DICE 3 1 4 2 2 1 
Jibs_PC#7760993095048563712 move 9
Jibs_PC#7760993095048563712 attack 39 41
Jibs_PC#7760993095048563712 roll 3
Jibs_PC#7760993095048563712 roll 1
DICE 3 1 4 3 0 4 
Jibs_PC#7760993095048563712 roll 3
Jibs_PC#7760993095048563712 roll 1
DICE 3 1 0 0 0 4 
Jibs_PC#7760993095048563712 roll 3
Jibs_PC#7760993095048563712 roll 1
DICE 3 1 3 2 2 5 
Jibs_PC#7760993095048563712 roll 3
Jibs_PC#7760993095048563712 roll 1
DICE 3 1 4 2 0 5 
Jibs_PC#7760993095048563712 roll 3
Jibs_PC#7760993095048563712 roll 1
DICE 3 1 5 5 1 4 
Jibs_PC#7760993095048563712 move 4
Jibs_PC#7760993095048563712 attack 41 42
Jibs_PC#7760993095048563712 roll 3
Jibs_PC#7760993095048563712 roll 1
DICE 3 1 5 1 0 3 
Jibs_PC#7760993095048563712 endattack
Jibs_PC#7760993095048563712 movearmies 42 40 1
CARD 7
Jibs_PC#7760993095048563712 placearmies 7 3
Jibs_PC#7760993095048563712 attack 7 4
Jibs_PC#7760993095048563712 roll 3
Jibs_PC#7760993095048563712 roll 2
DICE 3 2 3 3 2 4 0 
Jibs_PC#7760993095048563712 roll 3
Jibs_PC#7760993095048563712 roll 2
DICE 3 2 3 1 0 3 0 
Jibs_PC#7760993095048563712 roll 3
Jibs_PC#7760993095048563712 roll 2
DICE 3 2 5 1 0 4 2 
Jibs_PC#7760993095048563712 roll 3
Jibs_PC#7760993095048563712 roll 2
DICE 3 2 4 2 0 4 0 
Jibs_PC#7760993095048563712 roll 3
Jibs_PC#7760993095048563712 roll 2
DICE 3 2 4 4 3 0 0 
Jibs_PC#7760993095048563712 roll 3
Jibs_PC#7760993095048563712 roll 2
DICE 3 2 4 1 1 5 3 
Jibs_PC#7760993095048563712 roll 3
Jibs_PC#7760993095048563712 roll 2
DICE 3 2 4 1 0 3 2 
Jibs_PC#7760993095048563712 roll 3
Jibs_PC#7760993095048563712 roll 2
DICE 3 2 5 3 0 2 1 
Jibs_PC#7760993095048563712 roll 3
Jibs_PC#7760993095048563712 roll 2
DICE 3 2 3 3 2 4 2 
Jibs_PC#7760993095048563712 roll 3
Jibs_PC#7760993095048563712 roll 2
DICE 3 2 2 0 0 4 0 
Jibs_PC#7760993095048563712 roll 3
Jibs_PC#7760993095048563712 roll 2
DICE 3 2 5 1 0 5 3 
Jibs_PC#7760993095048563712 retreat
Jibs_PC#7760993095048563712 attack 7 2
Jibs_PC#7760993095048563712 roll 3
Jibs_PC#7760993095048563712 roll 2
DICE 3 2 5 4 1 3 2 
Jibs_PC#7760993095048563712 move 4
Jibs_PC#7760993095048563712 endattack
Jibs_PC#7760993095048563712 nomove
CARD 31
Jibs_PC#7760993095048563712 placearmies 24 3
Jibs_PC#7760993095048563712 attack 24 21
Jibs_PC#7760993095048563712 roll 3
Jibs_PC#7760993095048563712 roll 1
DICE 3 1 4 3 1 2 
Jibs_PC#7760993095048563712 move 10
Jibs_PC#7760993095048563712 attack 21 22
Jibs_PC#7760993095048563712 roll 3
Jibs_PC#7760993095048563712 roll 1
DICE 3 1 5 4 3 3 
Jibs_PC#7760993095048563712 move 9
Jibs_PC#7760993095048563712 attack 34 38
Jibs_PC#7760993095048563712 roll 3
Jibs_PC#7760993095048563712 roll 1
DICE 3 1 5 2 1 1 
Jibs_PC#7760993095048563712 move 6
Jibs_PC#7760993095048563712 attack 38 37
Jibs_PC#7760993095048563712 roll 3
Jibs_PC#7760993095048563712 roll 1
DICE 3 1 4 3 0 2 
Jibs_PC#7760993095048563712 move 5
Jibs_PC#7760993095048563712 endattack
Jibs_PC#7760993095048563712 nomove
CARD 33
Jibs_PC#7760993095048563712 placearmies 4 3
Jibs_PC#7760993095048563712 attack 4 3
Jibs_PC#7760993095048563712 roll 3
Jibs_PC#7760993095048563712 roll 1
DICE 3 1 5 2 0 4 
Jibs_PC#7760993095048563712 move 6
Jibs_PC#7760993095048563712 endattack
Jibs_PC#7760993095048563712 nomove
CARD 42
Jibs_PC#7760993095048563712 placearmies 12 3
Jibs_PC#7760993095048563712 attack 12 13
Jibs_PC#7760993095048563712 roll 3
Jibs_PC#7760993095048563712 roll 1
DICE 3 1 5 4 1 3 
Jibs_PC#7760993095048563712 move 3
Jibs_PC#7760993095048563712 attack 31 30
Jibs_PC#7760993095048563712 roll 3
Jibs_PC#7760993095048563712 roll 1
DICE 3 1 5 4 3 0 
Jibs_PC#7760993095048563712 move 8
Jibs_PC#7760993095048563712 endattack
Jibs_PC#7760993095048563712 movearmies 13 12 2
CARD 35
Jibs_PC#7760993095048563712 placearmies 20 2
Jibs_PC#7760993095048563712 placearmies 20 1
Jibs_PC#7760993095048563712 attack 20 21
Jibs_PC#7760993095048563712 roll 3
Jibs_PC#7760993095048563712 roll 1
DICE 3 1 5 5 1 5 
Jibs_PC#7760993095048563712 roll 3
Jibs_PC#7760993095048563712 roll 1
DICE 3 1 4 4 3 5 
Jibs_PC#7760993095048563712 roll 3
Jibs_PC#7760993095048563712 roll 1
DICE 3 1 5 4 3 3 
Jibs_PC#7760993095048563712 move 9
Jibs_PC#7760993095048563712 attack 21 12
Jibs_PC#7760993095048563712 roll 3
Jibs_PC#7760993095048563712 roll 2
DICE 3 2 3 0 0 4 3 
Jibs_PC#7760993095048563712 roll 3
Jibs_PC#7760993095048563712 roll 2
DICE 3 2 4 3 3 5 2 
Jibs_PC#7760993095048563712 roll 3
Jibs_PC#7760993095048563712 roll 2
DICE 3 2 5 3 0 5 4 
Jibs_PC#7760993095048563712 roll 3
Jibs_PC#7760993095048563712 roll 2
DICE 3 2 5 3 1 1 0 
Jibs_PC#7760993095048563712 roll 3
Jibs_PC#7760993095048563712 roll 1
DICE 3 1 5 4 1 3 
Jibs_PC#7760993095048563712 endattack
Jibs_PC#7760993095048563712 nomove
CARD 36
Jibs_PC#7760993095048563712 placearmies 19 1
Jibs_PC#7760993095048563712 placearmies 39 1
Jibs_PC#7760993095048563712 placearmies 19 1
Jibs_PC#7760993095048563712 placearmies 19 2
Jibs_PC#7760993095048563712 attack 19 21
Jibs_PC#7760993095048563712 roll 3
Jibs_PC#7760993095048563712 roll 1
DICE 3 1 1 1 0 0 
Jibs_PC#7760993095048563712 move 6
Jibs_PC#7760993095048563712 endattack
Jibs_PC#7760993095048563712 movearmies 40 39 1
CARD 18
Jibs_PC#7760993095048563712 placearmies 2 3
Jibs_PC#7760993095048563712 attack 2 1
Jibs_PC#7760993095048563712 roll 3
Jibs_PC#7760993095048563712 roll 1
DICE 3 1 5 4 0 2 
Jibs_PC#7760993095048563712 move 6
Jibs_PC#7760993095048563712 attack 1 38
Jibs_PC#7760993095048563712 roll 3
Jibs_PC#7760993095048563712 roll 1
DICE 3 1 2 1 0 5 
Jibs_PC#7760993095048563712 roll 3
Jibs_PC#7760993095048563712 roll 1
DICE 3 1 3 2 2 4 
Jibs_PC#7760993095048563712 retreat
Jibs_PC#7760993095048563712 endattack
Jibs_PC#7760993095048563712 nomove
CARD 28
Jibs_PC#7760993095048563712 placearmies 22 1
Jibs_PC#7760993095048563712 placearmies 22 2
Jibs_PC#7760993095048563712 attack 37 36
Jibs_PC#7760993095048563712 roll 3
Jibs_PC#7760993095048563712 roll 1
DICE 3 1 3 0 0 2 
Jibs_PC#7760993095048563712 move 4
Jibs_PC#7760993095048563712 attack 36 27
Jibs_PC#7760993095048563712 roll 3
Jibs_PC#7760993095048563712 roll 1
DICE 3 1 5 4 0 3 
Jibs_PC#7760993095048563712 attack 27 29
Jibs_PC#7760993095048563712 roll 2
Jibs_PC#7760993095048563712 roll 1
DICE 2 1 5 4 3 
Jibs_PC#7760993095048563712 attack 22 31
Jibs_PC#7760993095048563712 roll 3
Jibs_PC#7760993095048563712 roll 1
DICE 3 1 3 2 1 0 
Jibs_PC#7760993095048563712 move 11
Jibs_PC#7760993095048563712 attack 31 32
Jibs_PC#7760993095048563712 roll 3
Jibs_PC#7760993095048563712 roll 1
DICE 3 1 3 2 0 0 
Jibs_PC#7760993095048563712 move 10
Jibs_PC#7760993095048563712 attack 32 30
Jibs_PC#7760993095048563712 roll 3
Jibs_PC#7760993095048563712 roll 2
DICE 3 2 5 4 2 5 0 
Jibs_PC#7760993095048563712 roll 3
Jibs_PC#7760993095048563712 roll 2
DICE 3 2 4 1 0 3 2 
Jibs_PC#7760993095048563712 roll 3
Jibs_PC#7760993095048563712 roll 2
DICE 3 2 2 0 0 3 0 
Jibs_PC#7760993095048563712 roll 3
Jibs_PC#7760993095048563712 roll 2
DICE 3 2 5 1 0 5 5 
Jibs_PC#7760993095048563712 roll 3
Jibs_PC#7760993095048563712 roll 2
DICE 3 2 4 0 0 4 2 
Jibs_PC#7760993095048563712 retreat
Jibs_PC#7760993095048563712 endattack
Jibs_PC#7760993095048563712 nomove
CARD 22
Jibs_PC#7760993095048563712 placearmies 3 2
Jibs_PC#7760993095048563712 placearmies 28 1
Jibs_PC#7760993095048563712 attack 3 1
Jibs_PC#7760993095048563712 roll 3
Jibs_PC#7760993095048563712 roll 2
DICE 3 2 3 2 0 3 3 
Jibs_PC#7760993095048563712 roll 3
Jibs_PC#7760993095048563712 roll 2
DICE 3 2 5 3 2 5 2 
Jibs_PC#7760993095048563712 roll 3
Jibs_PC#7760993095048563712 roll 2
DICE 3 2 5 5 4 5 2 
Jibs_PC#7760993095048563712 roll 3
Jibs_PC#7760993095048563712 roll 2
DICE 3 2 4 2 1 3 0 
Jibs_PC#7760993095048563712 endattack
Jibs_PC#7760993095048563712 nomove
CARD 3
Jibs_PC#7760993095048563712 placearmies 9 3
Jibs_PC#7760993095048563712 attack 9 8
Jibs_PC#7760993095048563712 roll 3
Jibs_PC#7760993095048563712 roll 1
DICE 3 1 3 3 1 0 
Jibs_PC#7760993095048563712 attack 30 32
Jibs_PC#7760993095048563712 roll 3
Jibs_PC#7760993095048563712 roll 2
DICE 3 2 5 3 3 1 1 
Jibs_PC#7760993095048563712 move 5
Jibs_PC#7760993095048563712 endattack
Jibs_PC#7760993095048563712 nomove
CARD 26
Jibs_PC#7760993095048563712 placearmies 12 1
Jibs_PC#7760993095048563712 placearmies 12 1
Jibs_PC#7760993095048563712 placearmies 20 1
Jibs_PC#7760993095048563712 attack 12 10
Jibs_PC#7760993095048563712 roll 3
Jibs_PC#7760993095048563712 roll 1
DICE 3 1 5 5 3 2 
Jibs_PC#7760993095048563712 move 4
Jibs_PC#7760993095048563712 attack 10 11
Jibs_PC#7760993095048563712 roll 3
Jibs_PC#7760993095048563712 roll 1
DICE 3 1 5 4 0 1 
Jibs_PC#7760993095048563712 attack 11 13
Jibs_PC#7760993095048563712 roll 2
Jibs_PC#7760993095048563712 roll 1
DICE 2 1 3 1 4 
Jibs_PC#7760993095048563712 retreat
Jibs_PC#7760993095048563712 endattack
Jibs_PC#7760993095048563712 nomove
CARD 24
Jibs_PC#7760993095048563712 placearmies 21 5
Jibs_PC#7760993095048563712 attack 21 12
Jibs_PC#7760993095048563712 roll 3
Jibs_PC#7760993095048563712 roll 1
DICE 3 1 5 4 2 1 
Jibs_PC#7760993095048563712 move 10
Jibs_PC#7760993095048563712 attack 12 13
Jibs_PC#7760993095048563712 roll 3
Jibs_PC#7760993095048563712 roll 1
DICE 3 1 4 4 1 2 
Jibs_PC#7760993095048563712 move 9
Jibs_PC#7760993095048563712 attack 13 11
Jibs_PC#7760993095048563712 roll 3
Jibs_PC#7760993095048563712 roll 2
DICE 3 2 4 3 1 5 3 
Jibs_PC#7760993095048563712 roll 3
Jibs_PC#7760993095048563712 roll 2
DICE 3 2 5 5 4 4 2 
Jibs_PC#7760993095048563712 move 6
Jibs_PC#7760993095048563712 attack 11 10
Jibs_PC#7760993095048563712 roll 3
Jibs_PC#7760993095048563712 roll 1
DICE 3 1 4 3 1 5 
Jibs_PC#7760993095048563712 roll 3
Jibs_PC#7760993095048563712 roll 1
DICE 3 1 4 1 1 0 
Jibs_PC#7760993095048563712 move 4
Jibs_PC#7760993095048563712 endattack
Jibs_PC#7760993095048563712 nomove
CARD 37
Jibs_PC#7760993095048563712 placearmies 7 3
Jibs_PC#7760993095048563712 attack 7 9
Jibs_PC#7760993095048563712 roll 3
Jibs_PC#7760993095048563712 roll 1
DICE 3 1 5 4 1 1 
Jibs_PC#7760993095048563712 endattack
Jibs_PC#7760993095048563712 nomove
CARD 40
Jibs_PC#7760993095048563712 placearmies 29 2
Jibs_PC#7760993095048563712 placearmies 29 1
Jibs_PC#7760993095048563712 placearmies 29 1
Jibs_PC#7760993095048563712 attack 29 28
Jibs_PC#7760993095048563712 roll 3
Jibs_PC#7760993095048563712 roll 2
DICE 3 2 5 2 2 5 0 
Jibs_PC#7760993095048563712 roll 3
Jibs_PC#7760993095048563712 roll 1
DICE 3 1 4 2 0 1 
Jibs_PC#7760993095048563712 move 4
Jibs_PC#7760993095048563712 attack 28 30
Jibs_PC#7760993095048563712 roll 3
Jibs_PC#7760993095048563712 roll 1
DICE 3 1 5 4 3 5 
Jibs_PC#7760993095048563712 roll 2
Jibs_PC#7760993095048563712 roll 1
DICE 2 1 3 1 1 
Jibs_PC#7760993095048563712 endattack
Jibs_PC#7760993095048563712 nomove
CARD wildcard
Jibs_PC#7760993095048563712 placearmies 1 1
Jibs_PC#7760993095048563712 placearmies 1 1
Jibs_PC#7760993095048563712 placearmies 4 1
Jibs_PC#7760993095048563712 attack 1 2
Jibs_PC#7760993095048563712 roll 3
Jibs_PC#7760993095048563712 roll 1
DICE 3 1 4 3 0 5 
Jibs_PC#7760993095048563712 roll 3
Jibs_PC#7760993095048563712 roll 1
DICE 3 1 4 1 0 3 
Jibs_PC#7760993095048563712 endattack
Jibs_PC#7760993095048563712 nomove
CARD 34
Jibs_PC#7760993095048563712 placearmies 32 3
Jibs_PC#7760993095048563712 attack 32 33
Jibs_PC#7760993095048563712 roll 3
Jibs_PC#7760993095048563712 roll 1
DICE 3 1 5 2 0 0 
Jibs_PC#7760993095048563712 move 7
Jibs_PC#7760993095048563712 attack 33 39
Jibs_PC#7760993095048563712 roll 3
Jibs_PC#7760993095048563712 roll 2
DICE 3 2 5 3 3 5 3 
Jibs_PC#7760993095048563712 roll 3
Jibs_PC#7760993095048563712 roll 2
DICE 3 2 5 4 2 2 2 
Jibs_PC#7760993095048563712 roll 3
Jibs_PC#7760993095048563712 roll 1
DICE 3 1 1 1 0 1 
Jibs_PC#7760993095048563712 roll 3
Jibs_PC#7760993095048563712 roll 1
DICE 3 1 4 2 2 2 
Jibs_PC#7760993095048563712 endattack
Jibs_PC#7760993095048563712 nomove
CARD 14
Jibs_PC#7760993095048563712 placearmies 20 2
Jibs_PC#7760993095048563712 placearmies 20 1
Jibs_PC#7760993095048563712 attack 20 19
Jibs_PC#7760993095048563712 roll 3
Jibs_PC#7760993095048563712 roll 1
DICE 3 1 4 2 0 0 
Jibs_PC#7760993095048563712 move 3
Jibs_PC#7760993095048563712 endattack
Jibs_PC#7760993095048563712 nomove
CARD 10
Jibs_PC#7760993095048563712 placearmies 21 1
Jibs_PC#7760993095048563712 placearmies 21 1
Jibs_PC#7760993095048563712 placearmies 21 2
Jibs_PC#7760993095048563712 placearmies 21 1
Jibs_PC#7760993095048563712 attack 21 20
Jibs_PC#7760993095048563712 roll 3
Jibs_PC#7760993095048563712 roll 2
DICE 3 2 4 3 2 5 3 
Jibs_PC#7760993095048563712 roll 3
Jibs_PC#7760993095048563712 roll 2
DICE 3 2 5 5 4 3 1 
Jibs_PC#7760993095048563712 endattack
Jibs_PC#7760993095048563712 movearmies 20 21 2
CARD wildcard
Jibs_PC#7760993095048563712 placearmies 9 1
Jibs_PC#7760993095048563712 placearmies 9 1
Jibs_PC#7760993095048563712 placearmies 7 1
Jibs_PC#7760993095048563712 attack 9 4
Jibs_PC#7760993095048563712 roll 3
Jibs_PC#7760993095048563712 roll 2
DICE 3 2 4 3 1 5 1 
Jibs_PC#7760993095048563712 roll 3
Jibs_PC#7760993095048563712 roll 1
DICE 3 1 5 3 1 1 
Jibs_PC#7760993095048563712 endattack
Jibs_PC#7760993095048563712 nomove
CARD 38
Jibs_PC#7760993095048563712 trade 33 22 wildcard
Jibs_PC#7760993095048563712 placearmies 22 1
Jibs_PC#7760993095048563712 placearmies 29 7
Jibs_PC#7760993095048563712 placearmies 24 6
Jibs_PC#7760993095048563712 attack 29 32
Jibs_PC#7760993095048563712 roll 3
Jibs_PC#7760993095048563712 roll 1
DICE 3 1 5 5 0 2 
Jibs_PC#7760993095048563712 move 7
Jibs_PC#7760993095048563712 attack 32 33
Jibs_PC#7760993095048563712 roll 3
Jibs_PC#7760993095048563712 roll 1
DICE 3 1 4 4 3 1 
Jibs_PC#7760993095048563712 move 6
Jibs_PC#7760993095048563712 attack 24 21
Jibs_PC#7760993095048563712 roll 3
Jibs_PC#7760993095048563712 roll 2
DICE 3 2 3 2 0 2 1 
Jibs_PC#7760993095048563712 roll 3
Jibs_PC#7760993095048563712 roll 1
DICE 3 1 2 1 0 3 
Jibs_PC#7760993095048563712 roll 3
Jibs_PC#7760993095048563712 roll 1
DICE 3 1 5 5 1 4 
Jibs_PC#7760993095048563712 move 5
Jibs_PC#7760993095048563712 attack 21 12
Jibs_PC#7760993095048563712 roll 3
Jibs_PC#7760993095048563712 roll 1
DICE 3 1 5 3 0 2 
Jibs_PC#7760993095048563712 move 4
Jibs_PC#7760993095048563712 attack 33 39
Jibs_PC#7760993095048563712 roll 3
Jibs_PC#7760993095048563712 roll 2
DICE 3 2 5 3 1 3 2 
Jibs_PC#7760993095048563712 roll 3
Jibs_PC#7760993095048563712 roll 1
DICE 3 1 3 0 0 3 
Jibs_PC#7760993095048563712 roll 3
Jibs_PC#7760993095048563712 roll 1
DICE 3 1 4 2 0 2 
Jibs_PC#7760993095048563712 move 4
Jibs_PC#7760993095048563712 endattack
Jibs_PC#7760993095048563712 nomove
CARD 25
Jibs_PC#7760993095048563712 placearmies 2 1
Jibs_PC#7760993095048563712 placearmies 2 1
Jibs_PC#7760993095048563712 placearmies 3 1
Jibs_PC#7760993095048563712 attack 2 7
Jibs_PC#7760993095048563712 roll 3
Jibs_PC#7760993095048563712 roll 2
DICE 3 2 1 0 0 4 1 
Jibs_PC#7760993095048563712 retreat
Jibs_PC#7760993095048563712 attack 2 6
Jibs_PC#7760993095048563712 roll 2
Jibs_PC#7760993095048563712 roll 1
DICE 2 1 3 1 2 
Jibs_PC#7760993095048563712 endattack
Jibs_PC#7760993095048563712 nomove
CARD 21
Jibs_PC#7760993095048563712 trade 35 26 14
Jibs_PC#7760993095048563712 placearmies 8 1
Jibs_PC#7760993095048563712 placearmies 8 1
Jibs_PC#7760993095048563712 placearmies 8 5
Jibs_PC#7760993095048563712 attack 8 6
Jibs_PC#7760993095048563712 roll 3
Jibs_PC#7760993095048563712 roll 2
DICE 3 2 5 4 1 5 2 
Jibs_PC#7760993095048563712 roll 3
Jibs_PC#7760993095048563712 roll 1
DICE 3 1 3 2 1 3 
Jibs_PC#7760993095048563712 roll 3
Jibs_PC#7760993095048563712 roll 1
DICE 3 1 5 5 5 3 
Jibs_PC#7760993095048563712 move 7
Jibs_PC#7760993095048563712 endattack
Jibs_PC#7760993095048563712 nomove
CARD 16
Jibs_PC#7760993095048563712 trade 36 24 10
Jibs_PC#7760993095048563712 placearmies 19 1
Jibs_PC#7760993095048563712 placearmies 19 1
Jibs_PC#7760993095048563712 placearmies 19 7
Jibs_PC#7760993095048563712 placearmies 19 2
Jibs_PC#7760993095048563712 attack 19 20
Jibs_PC#7760993095048563712 roll 3
Jibs_PC#7760993095048563712 roll 1
DICE 3 1 3 1 0 0 
Jibs_PC#7760993095048563712 move 12
Jibs_PC#7760993095048563712 attack 20 22
Jibs_PC#7760993095048563712 roll 3
Jibs_PC#7760993095048563712 roll 2
DICE 3 2 4 3 0 3 0 
Jibs_PC#7760993095048563712 roll 3
Jibs_PC#7760993095048563712 roll 2
DICE 3 2 4 2 2 5 5 
Jibs_PC#7760993095048563712 retreat
Jibs_PC#7760993095048563712 attack 20 21
Jibs_PC#7760993095048563712 roll 3
Jibs_PC#7760993095048563712 roll 1
DICE 3 1 4 1 0 4 
Jibs_PC#7760993095048563712 roll 3
Jibs_PC#7760993095048563712 roll 1
DICE 3 1 4 3 0 0 
Jibs_PC#7760993095048563712 move 7
Jibs_PC#7760993095048563712 attack 21 22
Jibs_PC#7760993095048563712 roll 3
Jibs_PC#7760993095048563712 roll 2
DICE 3 2 3 1 0 1 1 
Jibs_PC#7760993095048563712 roll 3
Jibs_PC#7760993095048563712 roll 1
DICE 3 1 5 3 2 1 
Jibs_PC#7760993095048563712 move 4
Jibs_PC#7760993095048563712 attack 22 24
Jibs_PC#7760993095048563712 roll 3
Jibs_PC#7760993095048563712 roll 1
DICE 3 1 3 3 2 4 
Jibs_PC#7760993095048563712 roll 2
Jibs_PC#7760993095048563712 roll 1
DICE 2 1 3 2 3 
Jibs_PC#7760993095048563712 retreat
Jibs_PC#7760993095048563712 endattack
Jibs_PC#7760993095048563712 movearmies 22 20 1
CARD 39
Jibs_PC#7760993095048563712 trade 7 37 wildcard
Jibs_PC#7760993095048563712 placearmies 40 8
Jibs_PC#7760993095048563712 placearmies 10 5
Jibs_PC#7760993095048563712 attack 40 39
Jibs_PC#7760993095048563712 roll 3
Jibs_PC#7760993095048563712 roll 2
DICE 3 2 2 1 1 5 0 
Jibs_PC#7760993095048563712 roll 3
Jibs_PC#7760993095048563712 roll 2
DICE 3 2 5 5 2 5 1 
Jibs_PC#7760993095048563712 roll 3
Jibs_PC#7760993095048563712 roll 2
DICE 3 2 4 0 0 3 3 
Jibs_PC#7760993095048563712 roll 3
Jibs_PC#7760993095048563712 roll 1
DICE 3 1 5 4 0 0 
Jibs_PC#7760993095048563712 move 5
Jibs_PC#7760993095048563712 attack 10 12
Jibs_PC#7760993095048563712 roll 3
Jibs_PC#7760993095048563712 roll 2
DICE 3 2 3 3 0 5 4 
Jibs_PC#7760993095048563712 roll 3
Jibs_PC#7760993095048563712 roll 2
DICE 3 2 4 2 0 3 0 
Jibs_PC#7760993095048563712 roll 3
Jibs_PC#7760993095048563712 roll 2
DICE 3 2 5 4 1 5 5 
Jibs_PC#7760993095048563712 roll 3
Jibs_PC#7760993095048563712 roll 2
DICE 3 2 4 3 0 5 1 
Jibs_PC#7760993095048563712 roll 3
Jibs_PC#7760993095048563712 roll 1
DICE 3 1 4 1 0 1 
Jibs_PC#7760993095048563712 endattack
Jibs_PC#7760993095048563712 nomove
CARD 17
Jibs_PC#7760993095048563712 trade 28 40 38
Jibs_PC#7760993095048563712 placearmies 4 1
Jibs_PC#7760993095048563712 placearmies 4 1
Jibs_PC#7760993095048563712 placearmies 4 6
Jibs_PC#7760993095048563712 placearmies 4 1
Jibs_PC#7760993095048563712 attack 4 5
Jibs_PC#7760993095048563712 roll 3
Jibs_PC#7760993095048563712 roll 1
DICE 3 1 3 2 1 3 
Jibs_PC#7760993095048563712 roll 3
Jibs_PC#7760993095048563712 roll 1
DICE 3 1 5 4 4 2 
Jibs_PC#7760993095048563712 move 10
Jibs_PC#7760993095048563712 attack 5 10
Jibs_PC#7760993095048563712 roll 3
Jibs_PC#7760993095048563712 roll 1
DICE 3 1 2 1 0 2 
Jibs_PC#7760993095048563712 roll 3
Jibs_PC#7760993095048563712 roll 1
DICE 3 1 4 3 0 3 
Jibs_PC#7760993095048563712 move 8
Jibs_PC#7760993095048563712 attack 10 12
Jibs_PC#7760993095048563712 roll 3
Jibs_PC#7760993095048563712 roll 2
DICE 3 2 1 0 0 4 0 
Jibs_PC#7760993095048563712 roll 3
Jibs_PC#7760993095048563712 roll 2
DICE 3 2 5 3 1 4 0 
Jibs_PC#7760993095048563712 retreat
Jibs_PC#7760993095048563712 attack 10 11
Jibs_PC#7760993095048563712 roll 3
Jibs_PC#7760993095048563712 roll 1
DICE 3 1 5 2 0 5 
Jibs_PC#7760993095048563712 roll 3
Jibs_PC#7760993095048563712 roll 1
DICE 3 1 4 3 3 4 
Jibs_PC#7760993095048563712 roll 3
Jibs_PC#7760993095048563712 roll 1
DICE 3 1 4 2 0 4 
Jibs_PC#7760993095048563712 roll 2
Jibs_PC#7760993095048563712 roll 1
DICE 2 1 1 1 5 
Jibs_PC#7760993095048563712 retreat
Jibs_PC#7760993095048563712 endattack
Jibs_PC#7760993095048563712 nomove
CARD 27
Jibs_PC#7760993095048563712 placearmies 34 3
Jibs_PC#7760993095048563712 placearmies 34 1
Jibs_PC#7760993095048563712 attack 34 35
Jibs_PC#7760993095048563712 roll 3
Jibs_PC#7760993095048563712 roll 1
DICE 3 1 2 2 1 3 
Jibs_PC#7760993095048563712 roll 3
Jibs_PC#7760993095048563712 roll 1
DICE 3 1 5 3 1 4 
Jibs_PC#7760993095048563712 endattack
Jibs_PC#7760993095048563712 movearmies 35 38 2
CARD 13
Jibs_PC#7760993095048563712 trade 42 3 21
Jibs_PC#7760993095048563712 placearmies 3 7
Jibs_PC#7760993095048563712 attack 3 4
Jibs_PC#7760993095048563712 roll 3
Jibs_PC#7760993095048563712 roll 1
DICE 3 1 4 1 0 3 
Jibs_PC#7760993095048563712 move 10
Jibs_PC#7760993095048563712 attack 4 5
Jibs_PC#7760993095048563712 roll 3
Jibs_PC#7760993095048563712 roll 1
DICE 3 1 4 0 0 1 
Jibs_PC#7760993095048563712 move 9
Jibs_PC#7760993095048563712 attack 5 9
Jibs_PC#7760993095048563712 roll 3
Jibs_PC#7760993095048563712 roll 1
DICE 3 1 5 4 3 1 
Jibs_PC#7760993095048563712 move 8
Jibs_PC#7760993095048563712 attack 9 8
Jibs_PC#7760993095048563712 roll 3
Jibs_PC#7760993095048563712 roll 1
DICE 3 1 5 3 1 0 
Jibs_PC#7760993095048563712 move 7
Jibs_PC#7760993095048563712 endattack
Jibs_PC#7760993095048563712 nomove
CARD 6
Jibs_PC#7760993095048563712 placearmies 6 3
Jibs_PC#7760993095048563712 attack 6 14
Jibs_PC#7760993095048563712 roll 3
Jibs_PC#7760993095048563712 roll 1
DICE 3 1 5 2 1 3 
Jibs_PC#7760993095048563712 move 9
Jibs_PC#7760993095048563712 attack 14 15
Jibs_PC#7760993095048563712 roll 3
Jibs_PC#7760993095048563712 roll 1
DICE 3 1 4 4 1 0 
Jibs_PC#7760993095048563712 move 8
Jibs_PC#7760993095048563712 attack 15 16
Jibs_PC#7760993095048563712 roll 3
Jibs_PC#7760993095048563712 roll 2
DICE 3 2 4 1 1 5 2 
Jibs_PC#7760993095048563712 roll 3
Jibs_PC#7760993095048563712 roll 2
DICE 3 2 4 3 0 2 2 
Jibs_PC#7760993095048563712 move 5
Jibs_PC#7760993095048563712 attack 16 31
Jibs_PC#7760993095048563712 roll 3
Jibs_PC#7760993095048563712 roll 1
DICE 3 1 4 2 1 3 
Jibs_PC#7760993095048563712 move 4
Jibs_PC#7760993095048563712 endattack
Jibs_PC#7760993095048563712 nomove
CARD 5
Jibs_PC#7760993095048563712 placearmies 20 1
Jibs_PC#7760993095048563712 placearmies 21 2
Jibs_PC#7760993095048563712 attack 21 12
Jibs_PC#7760993095048563712 roll 3
Jibs_PC#7760993095048563712 roll 1
DICE 3 1 1 0 0 4 
Jibs_PC#7760993095048563712 roll 2
Jibs_PC#7760993095048563712 roll 1
DICE 2 1 5 3 5 
Jibs_PC#7760993095048563712 retreat
Jibs_PC#7760993095048563712 attack 20 16
Jibs_PC#7760993095048563712 roll 3
Jibs_PC#7760993095048563712 roll 1
DICE 3 1 5 5 1 3 
Jibs_PC#7760993095048563712 attack 16 15
Jibs_PC#7760993095048563712 roll 2
Jibs_PC#7760993095048563712 roll 1
DICE 2 1 5 0 3 
Jibs_PC#7760993095048563712 endattack
Jibs_PC#7760993095048563712 movearmies 19 20 1
CARD 29
Jibs_PC#7760993095048563712 placearmies 11 5
Jibs_PC#7760993095048563712 attack 11 10
Jibs_PC#7760993095048563712 roll 3
Jibs_PC#7760993095048563712 roll 2
DICE 3 2 4 4 1 5 1 
Jibs_PC#7760993095048563712 roll 3
Jibs_PC#7760993095048563712 roll 1
DICE 3 1 5 5 3 3 
Jibs_PC#7760993095048563712 move 4
Jibs_PC#7760993095048563712 attack 39 33
Jibs_PC#7760993095048563712 roll 3
Jibs_PC#7760993095048563712 roll 1
DICE 3 1 1 1 0 2 
Jibs_PC#7760993095048563712 roll 3
Jibs_PC#7760993095048563712 roll 1
DICE 3 1 3 2 0 0 
Jibs_PC#7760993095048563712 endattack
Jibs_PC#7760993095048563712 nomove
CARD 30
Jibs_PC#7760993095048563712 placearmies 7 2
Jibs_PC#7760993095048563712 placearmies 7 1
Jibs_PC#7760993095048563712 attack 7 9
Jibs_PC#7760993095048563712 roll 3
Jibs_PC#7760993095048563712 roll 1
DICE 3 1 4 4 1 0 
Jibs_PC#7760993095048563712 move 4
Jibs_PC#7760993095048563712 endattack
Jibs_PC#7760993095048563712 nomove
CARD 1
Jibs_PC#7760993095048563712 placearmies 38 1
Jibs_PC#7760993095048563712 placearmies 24 3
Jibs_PC#7760993095048563712 attack 24 21
Jibs_PC#7760993095048563712 roll 3
Jibs_PC#7760993095048563712 roll 2
DICE 3 2 3 3 1 1 0 
Jibs_PC#7760993095048563712 attack 21 12
Jibs_PC#7760993095048563712 roll 2
Jibs_PC#7760993095048563712 roll 1
DICE 2 1 4 4 3 
Jibs_PC#7760993095048563712 endattack
Jibs_PC#7760993095048563712 nomove
CARD 19
Jibs_PC#7760993095048563712 placearmies 8 1
Jibs_PC#7760993095048563712 placearmies 5 2
Jibs_PC#7760993095048563712 attack 8 9
Jibs_PC#7760993095048563712 roll 3
Jibs_PC#7760993095048563712 roll 2
DICE 3 2 5 4 0 5 4 
Jibs_PC#7760993095048563712 roll 3
Jibs_PC#7760993095048563712 roll 2
DICE 3 2 3 2 2 5 4 
Jibs_PC#7760993095048563712 retreat
Jibs_PC#7760993095048563712 attack 8 6
Jibs_PC#7760993095048563712 roll 3
Jibs_PC#7760993095048563712 roll 1
DICE 3 1 5 5 2 0 
Jibs_PC#7760993095048563712 attack 6 7
Jibs_PC#7760993095048563712 roll 2
Jibs_PC#7760993095048563712 roll 1
DICE 2 1 1 1 2 
Jibs_PC#7760993095048563712 retreat
Jibs_PC#7760993095048563712 endattack
Jibs_PC#7760993095048563712 nomove
CARD 20
Jibs_PC#7760993095048563712 placearmies 14 3
Jibs_PC#7760993095048563712 attack 14 6
Jibs_PC#7760993095048563712 roll 3
Jibs_PC#7760993095048563712 roll 2
DICE 3 2 5 3 2 4 2 
Jibs_PC#7760993095048563712 endattack
Jibs_PC#7760993095048563712 nomove
CARD 23
Jibs_PC#7760993095048563712 placearmies 15 2
Jibs_PC#7760993095048563712 placearmies 15 1
Jibs_PC#7760993095048563712 attack 15 14
Jibs_PC#7760993095048563712 roll 3
Jibs_PC#7760993095048563712 roll 1
DICE 3 1 5 3 2 4 
Jibs_PC#7760993095048563712 move 4
Jibs_PC#7760993095048563712 endattack
Jibs_PC#7760993095048563712 nomove
CARD 8
Jibs_PC#7760993095048563712 placearmies 10 1
Jibs_PC#7760993095048563712 placearmies 10 1
Jibs_PC#7760993095048563712 placearmies 10 1
Jibs_PC#7760993095048563712 placearmies 10 2
Jibs_PC#7760993095048563712 attack 10 12
Jibs_PC#7760993095048563712 roll 3
Jibs_PC#7760993095048563712 roll 2
DICE 3 2 2 2 2 5 4 
Jibs_PC#7760993095048563712 roll 3
Jibs_PC#7760993095048563712 roll 2
DICE 3 2 5 4 0 3 3 
Jibs_PC#7760993095048563712 move 5
Jibs_PC#7760993095048563712 endattack
Jibs_PC#7760993095048563712 movearmies 12 10 1
CARD 4
Jibs_PC#7760993095048563712 placearmies 9 1
Jibs_PC#7760993095048563712 placearmies 9 2
Jibs_PC#7760993095048563712 attack 9 5
Jibs_PC#7760993095048563712 roll 3
Jibs_PC#7760993095048563712 roll 2
DICE 3 2 4 0 0 1 0 
Jibs_PC#7760993095048563712 roll 3
Jibs_PC#7760993095048563712 roll 2
DICE 3 2 4 1 0 3 0 
Jibs_PC#7760993095048563712 move 5
Jibs_PC#7760993095048563712 attack 5 10
Jibs_PC#7760993095048563712 roll 3
Jibs_PC#7760993095048563712 roll 2
DICE 3 2 3 3 0 5 3 
Jibs_PC#7760993095048563712 retreat
Jibs_PC#7760993095048563712 endattack
Jibs_PC#7760993095048563712 nomove
CARD 11
Jibs_PC#7760993095048563712 placearmies 24 4
Jibs_PC#7760993095048563712 attack 24 26
Jibs_PC#7760993095048563712 roll 3
Jibs_PC#7760993095048563712 roll 1
DICE 3 1 2 2 0 1 
Jibs_PC#7760993095048563712 move 4
Jibs_PC#7760993095048563712 attack 26 25
Jibs_PC#7760993095048563712 roll 3
Jibs_PC#7760993095048563712 roll 1
DICE 3 1 4 4 2 3 
Jibs_PC#7760993095048563712 endattack
Jibs_PC#7760993095048563712 movearmies 25 24 2
CARD 41
Jibs_PC#7760993095048563712 trade 34 6 20
Jibs_PC#7760993095048563712 placearmies 8 3
Jibs_PC#7760993095048563712 placearmies 4 4
Jibs_PC#7760993095048563712 placearmies 1 2
Jibs_PC#7760993095048563712 attack 4 5
Jibs_PC#7760993095048563712 roll 3
Jibs_PC#7760993095048563712 roll 2
DICE 3 2 5 2 0 4 0 
Jibs_PC#7760993095048563712 roll 3
Jibs_PC#7760993095048563712 roll 1
DICE 3 1 5 2 0 5 
Jibs_PC#7760993095048563712 roll 3
Jibs_PC#7760993095048563712 roll 1
DICE 3 1 5 2 1 0 
Jibs_PC#7760993095048563712 attack 5 9
Jibs_PC#7760993095048563712 roll 2
Jibs_PC#7760993095048563712 roll 1
DICE 2 1 3 0 4 
Jibs_PC#7760993095048563712 retreat
Jibs_PC#7760993095048563712 endattack
Jibs_PC#7760993095048563712 nomove
CARD 12
Jibs_PC#7760993095048563712 placearmies 6 2
Jibs_PC#7760993095048563712 placearmies 6 1
Jibs_PC#7760993095048563712 attack 6 7
Jibs_PC#7760993095048563712 roll 3
Jibs_PC#7760993095048563712 roll 1
DICE 3 1 2 2 0 5 
Jibs_PC#7760993095048563712 roll 3
Jibs_PC#7760993095048563712 roll 1
DICE 3 1 5 1 1 3 
Jibs_PC#7760993095048563712 move 4
Jibs_PC#7760993095048563712 attack 7 9
Jibs_PC#7760993095048563712 roll 3
Jibs_PC#7760993095048563712 roll 1
DICE 3 1 4 0 0 2 
Jibs_PC#7760993095048563712 trade 9 16 31
Jibs_PC#7760993095048563712 trade 5 27 1
Jibs_PC#7760993095048563712 placearmies 31 17
Jibs_PC#7760993095048563712 placearmies 31 1
Jibs_PC#7760993095048563712 attack 31 20
Jibs_PC#7760993095048563712 roll 3
Jibs_PC#7760993095048563712 roll 2
DICE 3 2 5 1 0 5 0 
Jibs_PC#7760993095048563712 roll 3
Jibs_PC#7760993095048563712 roll 1
DICE 3 1 3 1 0 3 
Jibs_PC#7760993095048563712 retreat
Jibs_PC#7760993095048563712 attack 31 20
Jibs_PC#7760993095048563712 roll 3
Jibs_PC#7760993095048563712 roll 1
DICE 3 1 5 3 2 5 
Jibs_PC#7760993095048563712 roll 3
Jibs_PC#7760993095048563712 roll 1
DICE 3 1 5 2 1 4 
Jibs_PC#7760993095048563712 move 18
Jibs_PC#7760993095048563712 attack 20 22
Jibs_PC#7760993095048563712 roll 3
Jibs_PC#7760993095048563712 roll 1
DICE 3 1 2 1 1 5 
Jibs_PC#7760993095048563712 roll 3
Jibs_PC#7760993095048563712 roll 1
DICE 3 1 3 2 1 5 
Jibs_PC#7760993095048563712 roll 3
Jibs_PC#7760993095048563712 roll 1
DICE 3 1 5 5 0 4 
Jibs_PC#7760993095048563712 move 15
Jibs_PC#7760993095048563712 attack 22 24
Jibs_PC#7760993095048563712 roll 3
Jibs_PC#7760993095048563712 roll 2
DICE 3 2 4 4 4 2 1 
Jibs_PC#7760993095048563712 roll 3
Jibs_PC#7760993095048563712 roll 1
DICE 3 1 5 0 0 3 
Jibs_PC#7760993095048563712 move 14
Jibs_PC#7760993095048563712 attack 24 21
Jibs_PC#7760993095048563712 roll 3
Jibs_PC#7760993095048563712 roll 1
DICE 3 1 5 3 2 0 
Jibs_PC#7760993095048563712 move 13
Jibs_PC#7760993095048563712 attack 21 12
Jibs_PC#7760993095048563712 roll 3
Jibs_PC#7760993095048563712 roll 2
DICE 3 2 5 3 2 5 3 
Jibs_PC#7760993095048563712 roll 3
Jibs_PC#7760993095048563712 roll 2
DICE 3 2 4 3 0 3 1 
Jibs_PC#7760993095048563712 roll 3
Jibs_PC#7760993095048563712 roll 2
DICE 3 2 5 3 2 5 5 
Jibs_PC#7760993095048563712 roll 3
Jibs_PC#7760993095048563712 roll 2
DICE 3 2 5 4 3 2 1 
Jibs_PC#7760993095048563712 move 8
Jibs_PC#7760993095048563712 attack 12 10
Jibs_PC#7760993095048563712 roll 3
Jibs_PC#7760993095048563712 roll 2
DICE 3 2 2 1 1 2 2 
Jibs_PC#7760993095048563712 roll 3
Jibs_PC#7760993095048563712 roll 2
DICE 3 2 5 1 0 3 2 
Jibs_PC#7760993095048563712 roll 3
Jibs_PC#7760993095048563712 roll 2
DICE 3 2 5 4 1 3 2 
Jibs_PC#7760993095048563712 move 4
Jibs_PC#7760993095048563712 attack 10 11
Jibs_PC#7760993095048563712 roll 3
Jibs_PC#7760993095048563712 roll 1
DICE 3 1 5 5 0 1 
Jibs_PC#7760993095048563712 attack 11 13
Jibs_PC#7760993095048563712 roll 2
Jibs_PC#7760993095048563712 roll 1
DICE 2 1 2 1 5 
Jibs_PC#7760993095048563712 retreat
Jibs_PC#7760993095048563712 endattack
Jibs_PC#7760993095048563712 nomove
CARD 2
Jibs_PC#7760993095048563712 trade 32 39 8
Jibs_PC#7760993095048563712 placearmies 18 4
Jibs_PC#7760993095048563712 placearmies 18 9
Jibs_PC#7760993095048563712 attack 18 20
Jibs_PC#7760993095048563712 roll 3
Jibs_PC#7760993095048563712 roll 1
DICE 3 1 4 4 0 5 
Jibs_PC#7760993095048563712 roll 3
Jibs_PC#7760993095048563712 roll 1
DICE 3 1 1 1 1 1 
Jibs_PC#7760993095048563712 roll 3
Jibs_PC#7760993095048563712 roll 1
DICE 3 1 5 3 1 0 
Jibs_PC#7760993095048563712 move 11
Jibs_PC#7760993095048563712 attack 20 22
Jibs_PC#7760993095048563712 roll 3
Jibs_PC#7760993095048563712 roll 1
DICE 3 1 3 1 0 3 
Jibs_PC#7760993095048563712 roll 3
Jibs_PC#7760993095048563712 roll 1
DICE 3 1 4 4 0 4 
Jibs_PC#7760993095048563712 retreat
Jibs_PC#7760993095048563712 attack 20 21
Jibs_PC#7760993095048563712 roll 3
Jibs_PC#7760993095048563712 roll 1
DICE 3 1 5 2 1 5 
Jibs_PC#7760993095048563712 roll 3
Jibs_PC#7760993095048563712 roll 1
DICE 3 1 1 1 0 3 
Jibs_PC#7760993095048563712 retreat
Jibs_PC#7760993095048563712 endattack
Jibs_PC#7760993095048563712 movearmies 20 19 2
CARD 15
Jibs_PC#7760993095048563712 placearmies 33 1
Jibs_PC#7760993095048563712 placearmies 13 4
Jibs_PC#7760993095048563712 attack 13 11
Jibs_PC#7760993095048563712 roll 3
Jibs_PC#7760993095048563712 roll 2
DICE 3 2 5 4 0 4 3 
Jibs_PC#7760993095048563712 move 4
Jibs_PC#7760993095048563712 attack 11 10
Jibs_PC#7760993095048563712 roll 3
Jibs_PC#7760993095048563712 roll 1
DICE 3 1 5 1 0 2 
Jibs_PC#7760993095048563712 attack 10 12
Jibs_PC#7760993095048563712 roll 2
Jibs_PC#7760993095048563712 roll 1
DICE 2 1 3 2 3 
Jibs_PC#7760993095048563712 retreat
Jibs_PC#7760993095048563712 endattack
Jibs_PC#7760993095048563712 nomove
CARD 3
Jibs_PC#7760993095048563712 placearmies 30 2
Jibs_PC#7760993095048563712 placearmies 30 1
Jibs_PC#7760993095048563712 placearmies 32 1
Jibs_PC#7760993095048563712 attack 30 16
Jibs_PC#7760993095048563712 roll 3
Jibs_PC#7760993095048563712 roll 1
DICE 3 1 4 1 0 3 
Jibs_PC#7760993095048563712 move 4
Jibs_PC#7760993095048563712 attack 16 31
Jibs_PC#7760993095048563712 roll 3
Jibs_PC#7760993095048563712 roll 1
DICE 3 1 5 4 0 4 
Jibs_PC#7760993095048563712 endattack
Jibs_PC#7760993095048563712 nomove
CARD 24
Jibs_PC#7760993095048563712 placearmies 5 3
Jibs_PC#7760993095048563712 attack 5 10
Jibs_PC#7760993095048563712 roll 3
Jibs_PC#7760993095048563712 roll 2
DICE 3 2 4 2 1 2 1 
Jibs_PC#7760993095048563712 move 4
Jibs_PC#7760993095048563712 attack 10 11
Jibs_PC#7760993095048563712 roll 3
Jibs_PC#7760993095048563712 roll 1
DICE 3 1 4 3 3 1 
Jibs_PC#7760993095048563712 attack 11 12
Jibs_PC#7760993095048563712 roll 2
Jibs_PC#7760993095048563712 roll 1
DICE 2 1 5 5 3 
Jibs_PC#7760993095048563712 attack 8 6
Jibs_PC#7760993095048563712 roll 3
Jibs_PC#7760993095048563712 roll 1
DICE 3 1 5 1 0 4 
Jibs_PC#7760993095048563712 attack 6 7
Jibs_PC#7760993095048563712 roll 2
Jibs_PC#7760993095048563712 roll 1
DICE 2 1 5 2 0 
Jibs_PC#7760993095048563712 endattack
Jibs_PC#7760993095048563712 nomove
CARD 8
Jibs_PC#7760993095048563712 placearmies 9 3
Jibs_PC#7760993095048563712 attack 9 4
Jibs_PC#7760993095048563712 roll 3
Jibs_PC#7760993095048563712 roll 1
DICE 3 1 5 2 1 0 
Jibs_PC#7760993095048563712 move 7
Jibs_PC#7760993095048563712 endattack
Jibs_PC#7760993095048563712 nomove
CARD 42
Jibs_PC#7760993095048563712 placearmies 20 3
Jibs_PC#7760993095048563712 attack 20 16
Jibs_PC#7760993095048563712 roll 3
Jibs_PC#7760993095048563712 roll 1
DICE 3 1 4 2 0 2 
Jibs_PC#7760993095048563712 move 6
Jibs_PC#7760993095048563712 endattack
Jibs_PC#7760993095048563712 nomove
CARD 40
Jibs_PC#7760993095048563712 trade 30 4 3
Jibs_PC#7760993095048563712 placearmies 13 7
Jibs_PC#7760993095048563712 placearmies 13 2
Jibs_PC#7760993095048563712 attack 13 12
Jibs_PC#7760993095048563712 roll 3
Jibs_PC#7760993095048563712 roll 2
DICE 3 2 5 5 0 0 0 
Jibs_PC#7760993095048563712 move 9
Jibs_PC#7760993095048563712 attack 12 21
Jibs_PC#7760993095048563712 roll 3
Jibs_PC#7760993095048563712 roll 1
DICE 3 1 4 3 1 0 
Jibs_PC#7760993095048563712 move 8
Jibs_PC#7760993095048563712 attack 21 20
Jibs_PC#7760993095048563712 roll 3
Jibs_PC#7760993095048563712 roll 2
DICE 3 2 4 3 3 5 1 
Jibs_PC#7760993095048563712 roll 3
Jibs_PC#7760993095048563712 roll 1
DICE 3 1 2 0 0 1 
Jibs_PC#7760993095048563712 move 6
Jibs_PC#7760993095048563712 attack 33 29
Jibs_PC#7760993095048563712 roll 3
Jibs_PC#7760993095048563712 roll 1
DICE 3 1 4 4 3 1 
Jibs_PC#7760993095048563712 attack 29 27
Jibs_PC#7760993095048563712 roll 2
Jibs_PC#7760993095048563712 roll 1
DICE 2 1 5 3 5 
Jibs_PC#7760993095048563712 retreat
Jibs_PC#7760993095048563712 attack 20 31
Jibs_PC#7760993095048563712 roll 3
Jibs_PC#7760993095048563712 roll 2
DICE 3 2 1 1 0 5 1 
Jibs_PC#7760993095048563712 roll 3
Jibs_PC#7760993095048563712 roll 2
DICE 3 2 5 5 4 1 1 
Jibs_PC#7760993095048563712 retreat
Jibs_PC#7760993095048563712 endattack
Jibs_PC#7760993095048563712 movearmies 29 33 1
CARD 26
Jibs_PC#7760993095048563712 trade 25 41 24
Jibs_PC#7760993095048563712 placearmies 32 7
Jibs_PC#7760993095048563712 placearmies 25 5
Jibs_PC#7760993095048563712 attack 32 33
Jibs_PC#7760993095048563712 roll 3
Jibs_PC#7760993095048563712 roll 2
DICE 3 2 5 4 0 5 2 
Jibs_PC#7760993095048563712 roll 3
Jibs_PC#7760993095048563712 roll 1
DICE 3 1 4 3 3 1 
Jibs_PC#7760993095048563712 move 7
Jibs_PC#7760993095048563712 attack 33 39
Jibs_PC#7760993095048563712 roll 3
Jibs_PC#7760993095048563712 roll 1
DICE 3 1 5 5 3 2 
Jibs_PC#7760993095048563712 move 6
Jibs_PC#7760993095048563712 attack 25 24
Jibs_PC#7760993095048563712 roll 3
Jibs_PC#7760993095048563712 roll 1
DICE 3 1 3 2 0 0 
Jibs_PC#7760993095048563712 move 7
Jibs_PC#7760993095048563712 attack 24 22
Jibs_PC#7760993095048563712 roll 3
Jibs_PC#7760993095048563712 roll 1
DICE 3 1 4 3 1 3 
Jibs_PC#7760993095048563712 move 6
Jibs_PC#7760993095048563712 attack 22 21
Jibs_PC#7760993095048563712 roll 3
Jibs_PC#7760993095048563712 roll 1
DICE 3 1 5 3 1 4 
Jibs_PC#7760993095048563712 move 4
Jibs_PC#7760993095048563712 attack 39 41
Jibs_PC#7760993095048563712 roll 3
Jibs_PC#7760993095048563712 roll 1
DICE 3 1 4 3 1 0 
Jibs_PC#7760993095048563712 move 5
Jibs_PC#7760993095048563712 attack 41 40
Jibs_PC#7760993095048563712 roll 3
Jibs_PC#7760993095048563712 roll 1
DICE 3 1 5 4 4 2 
Jibs_PC#7760993095048563712 move 4
Jibs_PC#7760993095048563712 attack 40 42
Jibs_PC#7760993095048563712 roll 3
Jibs_PC#7760993095048563712 roll 2
DICE 3 2 4 3 1 5 0 
Jibs_PC#7760993095048563712 roll 2
Jibs_PC#7760993095048563712 roll 1
DICE 2 1 3 1 2 
Jibs_PC#7760993095048563712 endattack
Jibs_PC#7760993095048563712 nomove
CARD 37
Jibs_PC#7760993095048563712 placearmies 7 2
Jibs_PC#7760993095048563712 placearmies 7 1
Jibs_PC#7760993095048563712 attack 7 9
Jibs_PC#7760993095048563712 roll 3
Jibs_PC#7760993095048563712 roll 1
DICE 3 1 5 5 3 4 
Jibs_PC#7760993095048563712 move 4
Jibs_PC#7760993095048563712 endattack
Jibs_PC#7760993095048563712 nomove
CARD 21
Jibs_PC#7760993095048563712 trade 23 2 42
Jibs_PC#7760993095048563712 placearmies 4 11
Jibs_PC#7760993095048563712 placearmies 4 1
Jibs_PC#7760993095048563712 placearmies 4 1
Jibs_PC#7760993095048563712 attack 4 5
Jibs_PC#7760993095048563712 roll 3
Jibs_PC#7760993095048563712 roll 1
DICE 3 1 3 1 1 1 
Jibs_PC#7760993095048563712 move 19
Jibs_PC#7760993095048563712 attack 5 10
Jibs_PC#7760993095048563712 roll 3
Jibs_PC#7760993095048563712 roll 1
DICE 3 1 5 4 4 0 
Jibs_PC#7760993095048563712 move 18
Jibs_PC#7760993095048563712 attack 10 12
Jibs_PC#7760993095048563712 roll 3
Jibs_PC#7760993095048563712 roll 1
DICE 3 1 4 2 2 3 
Jibs_PC#7760993095048563712 move 17
Jibs_PC#7760993095048563712 attack 12 21
Jibs_PC#7760993095048563712 roll 3
Jibs_PC#7760993095048563712 roll 2
DICE 3 2 5 4 3 3 0 
Jibs_PC#7760993095048563712 roll 3
Jibs_PC#7760993095048563712 roll 2
DICE 3 2 5 4 1 2 1 
Jibs_PC#7760993095048563712 move 16
Jibs_PC#7760993095048563712 attack 21 22
Jibs_PC#7760993095048563712 roll 3
Jibs_PC#7760993095048563712 roll 2
DICE 3 2 4 3 1 2 0 
Jibs_PC#7760993095048563712 move 15
Jibs_PC#7760993095048563712 attack 22 31
Jibs_PC#7760993095048563712 roll 3
Jibs_PC#7760993095048563712 roll 1
DICE 3 1 3 2 1 0 
Jibs_PC#7760993095048563712 move 14
Jibs_PC#7760993095048563712 attack 31 32
Jibs_PC#7760993095048563712 roll 3
Jibs_PC#7760993095048563712 roll 1
DICE 3 1 5 4 3 4 
Jibs_PC#7760993095048563712 move 13
Jibs_PC#7760993095048563712 attack 32 33
Jibs_PC#7760993095048563712 roll 3
Jibs_PC#7760993095048563712 roll 1
DICE 3 1 5 4 0 3 
Jibs_PC#7760993095048563712 move 12
Jibs_PC#7760993095048563712 attack 33 39
Jibs_PC#7760993095048563712 roll 3
Jibs_PC#7760993095048563712 roll 1
DICE 3 1 3 3 0 0 
Jibs_PC#7760993095048563712 move 11
Jibs_PC#7760993095048563712 attack 39 40
Jibs_PC#7760993095048563712 roll 3
Jibs_PC#7760993095048563712 roll 1
DICE 3 1 5 4 1 5 
Jibs_PC#7760993095048563712 roll 3
Jibs_PC#7760993095048563712 roll 1
DICE 3 1 2 2 0 1 
Jibs_PC#7760993095048563712 move 9
Jibs_PC#7760993095048563712 attack 40 41
Jibs_PC#7760993095048563712 roll 3
Jibs_PC#7760993095048563712 roll 1
DICE 3 1 5 1 0 5 
Jibs_PC#7760993095048563712 roll 3
Jibs_PC#7760993095048563712 roll 1
DICE 3 1 3 2 0 2 
Jibs_PC#7760993095048563712 move 6
Jibs_PC#7760993095048563712 attack 41 42
Jibs_PC#7760993095048563712 roll 3
Jibs_PC#7760993095048563712 roll 2
DICE 3 2 5 1 0 3 1 
Jibs_PC#7760993095048563712 roll 3
Jibs_PC#7760993095048563712 roll 1
DICE 3 1 5 5 3 2 
Jibs_PC#7760993095048563712 move 3
Jibs_PC#7760993095048563712 endattack
Jibs_PC#7760993095048563712 movearmies 42 40 1
CARD wildcard
Jibs_PC#7760993095048563712 placearmies 16 2
Jibs_PC#7760993095048563712 placearmies 14 1
Jibs_PC#7760993095048563712 attack 16 20
Jibs_PC#7760993095048563712 roll 3
Jibs_PC#7760993095048563712 roll 2
DICE 3 2 1 1 1 4 2 
Jibs_PC#7760993095048563712 roll 3
Jibs_PC#7760993095048563712 roll 2
DICE 3 2 4 4 2 5 1 
Jibs_PC#7760993095048563712 roll 3
Jibs_PC#7760993095048563712 roll 2
DICE 3 2 4 2 0 3 1 
Jibs_PC#7760993095048563712 roll 3
Jibs_PC#7760993095048563712 roll 1
DICE 3 1 2 2 0 2 
Jibs_PC#7760993095048563712 roll 3
Jibs_PC#7760993095048563712 roll 1
DICE 3 1 3 3 1 0 
Jibs_PC#7760993095048563712 attack 14 6
Jibs_PC#7760993095048563712 roll 3
Jibs_PC#7760993095048563712 roll 1
DICE 3 1 5 3 0 5 
Jibs_PC#7760993095048563712 roll 3
Jibs_PC#7760993095048563712 roll 1
DICE 3 1 4 3 1 4 
Jibs_PC#7760993095048563712 retreat
Jibs_PC#7760993095048563712 endattack
Jibs_PC#7760993095048563712 nomove
CARD 33
Jibs_PC#7760993095048563712 placearmies 13 3
Jibs_PC#7760993095048563712 attack 13 11
Jibs_PC#7760993095048563712 roll 3
Jibs_PC#7760993095048563712 roll 1
DICE 3 1 4 2 1 0 
Jibs_PC#7760993095048563712 attack 11 10
Jibs_PC#7760993095048563712 roll 2
Jibs_PC#7760993095048563712 roll 1
DICE 2 1 5 2 4 
Jibs_PC#7760993095048563712 endattack
Jibs_PC#7760993095048563712 nomove
CARD 39
Jibs_PC#7760993095048563712 trade 13 19 37
Jibs_PC#7760993095048563712 placearmies 30 7
Jibs_PC#7760993095048563712 placearmies 38 1
Jibs_PC#7760993095048563712 attack 30 32
Jibs_PC#7760993095048563712 roll 3
Jibs_PC#7760993095048563712 roll 1
DICE 3 1 5 1 0 1 
Jibs_PC#7760993095048563712 move 7
Jibs_PC#7760993095048563712 attack 32 33
Jibs_PC#7760993095048563712 roll 3
Jibs_PC#7760993095048563712 roll 1
DICE 3 1 2 1 0 2 
Jibs_PC#7760993095048563712 roll 3
Jibs_PC#7760993095048563712 roll 1
DICE 3 1 5 4 4 5 
Jibs_PC#7760993095048563712 roll 3
Jibs_PC#7760993095048563712 roll 1
DICE 3 1 4 1 1 5 
Jibs_PC#7760993095048563712 roll 3
Jibs_PC#7760993095048563712 roll 1
DICE 3 1 5 2 1 3 
Jibs_PC#7760993095048563712 attack 38 1
Jibs_PC#7760993095048563712 roll 3
Jibs_PC#7760993095048563712 roll 2
DICE 3 2 5 5 3 2 0 
Jibs_PC#7760993095048563712 roll 3
Jibs_PC#7760993095048563712 roll 1
DICE 3 1 4 2 0 4 
Jibs_PC#7760993095048563712 retreat
Jibs_PC#7760993095048563712 endattack
Jibs_PC#7760993095048563712 movearmies 37 38 2
CARD 10
Jibs_PC#7760993095048563712 placearmies 9 3
Jibs_PC#7760993095048563712 attack 9 4
Jibs_PC#7760993095048563712 roll 3
Jibs_PC#7760993095048563712 roll 1
DICE 3 1 5 2 1 3 
Jibs_PC#7760993095048563712 move 6
Jibs_PC#7760993095048563712 attack 4 5
Jibs_PC#7760993095048563712 roll 3
Jibs_PC#7760993095048563712 roll 1
DICE 3 1 4 1 0 0 
Jibs_PC#7760993095048563712 move 5
Jibs_PC#7760993095048563712 endattack
Jibs_PC#7760993095048563712 nomove
CARD 9
Jibs_PC#7760993095048563712 placearmies 21 3
Jibs_PC#7760993095048563712 placearmies 39 1
Jibs_PC#7760993095048563712 placearmies 39 1
Jibs_PC#7760993095048563712 attack 21 23
Jibs_PC#7760993095048563712 roll 3
Jibs_PC#7760993095048563712 roll 1
DICE 3 1 5 4 2 3 
Jibs_PC#7760993095048563712 endattack
Jibs_PC#7760993095048563712 movearmies 40 39 2
CARD 5
Jibs_PC#7760993095048563712 placearmies 14 1
Jibs_PC#7760993095048563712 placearmies 16 1
Jibs_PC#7760993095048563712 placearmies 19 5
Jibs_PC#7760993095048563712 placearmies 14 1
Jibs_PC#7760993095048563712 attack 19 21
Jibs_PC#7760993095048563712 roll 3
Jibs_PC#7760993095048563712 roll 1
DICE 3 1 5 2 0 3 
Jibs_PC#7760993095048563712 move 7
Jibs_PC#7760993095048563712 attack 21 12
Jibs_PC#7760993095048563712 roll 3
Jibs_PC#7760993095048563712 roll 1
DICE 3 1 5 3 0 3 
Jibs_PC#7760993095048563712 move 5
Jibs_PC#7760993095048563712 attack 14 6
Jibs_PC#7760993095048563712 roll 3
Jibs_PC#7760993095048563712 roll 1
DICE 3 1 4 3 2 1 
Jibs_PC#7760993095048563712 move 4
Jibs_PC#7760993095048563712 endattack
Jibs_PC#7760993095048563712 movearmies 12 21 4
CARD 31
Jibs_PC#7760993095048563712 trade 18 17 39
Jibs_PC#7760993095048563712 placearmies 10 2
Jibs_PC#7760993095048563712 placearmies 29 7
Jibs_PC#7760993095048563712 attack 29 28
Jibs_PC#7760993095048563712 roll 3
Jibs_PC#7760993095048563712 roll 1
DICE 3 1 3 1 0 5 
Jibs_PC#7760993095048563712 roll 3
Jibs_PC#7760993095048563712 roll 1
DICE 3 1 3 2 0 1 
Jibs_PC#7760993095048563712 move 6
Jibs_PC#7760993095048563712 attack 28 16
Jibs_PC#7760993095048563712 roll 3
Jibs_PC#7760993095048563712 roll 2
DICE 3 2 3 3 2 4 1 
Jibs_PC#7760993095048563712 roll 3
Jibs_PC#7760993095048563712 roll 1
DICE 3 1 4 1 0 0 
Jibs_PC#7760993095048563712 move 4
Jibs_PC#7760993095048563712 attack 10 12
Jibs_PC#7760993095048563712 roll 3
Jibs_PC#7760993095048563712 roll 1
DICE 3 1 2 0 0 3 
Jibs_PC#7760993095048563712 roll 2
Jibs_PC#7760993095048563712 roll 1
DICE 2 1 2 1 3 
Jibs_PC#7760993095048563712 retreat
Jibs_PC#7760993095048563712 endattack
Jibs_PC#7760993095048563712 nomove
CARD 28
Jibs_PC#7760993095048563712 placearmies 33 4
Jibs_PC#7760993095048563712 attack 33 29
Jibs_PC#7760993095048563712 roll 3
Jibs_PC#7760993095048563712 roll 1
DICE 3 1 5 2 0 5 
Jibs_PC#7760993095048563712 roll 3
Jibs_PC#7760993095048563712 roll 1
DICE 3 1 4 4 0 4 
Jibs_PC#7760993095048563712 roll 3
Jibs_PC#7760993095048563712 roll 1
DICE 3 1 2 2 1 3 
Jibs_PC#7760993095048563712 roll 3
Jibs_PC#7760993095048563712 roll 1
DICE 3 1 2 0 0 2 
Jibs_PC#7760993095048563712 roll 2
Jibs_PC#7760993095048563712 roll 1
DICE 2 1 4 0 4 
Jibs_PC#7760993095048563712 retreat
Jibs_PC#7760993095048563712 attack 38 1
Jibs_PC#7760993095048563712 roll 3
Jibs_PC#7760993095048563712 roll 1
DICE 3 1 5 5 5 2 
Jibs_PC#7760993095048563712 move 5
Jibs_PC#7760993095048563712 endattack
Jibs_PC#7760993095048563712 movearmies 1 38 4
CARD 32
Jibs_PC#7760993095048563712 trade 12 8 9
Jibs_PC#7760993095048563712 placearmies 3 4
Jibs_PC#7760993095048563712 placearmies 5 7
Jibs_PC#7760993095048563712 attack 5 10
Jibs_PC#7760993095048563712 roll 3
Jibs_PC#7760993095048563712 roll 2
DICE 3 2 5 3 1 4 2 
Jibs_PC#7760993095048563712 move 11
Jibs_PC#7760993095048563712 attack 10 12
Jibs_PC#7760993095048563712 roll 3
Jibs_PC#7760993095048563712 roll 1
DICE 3 1 5 2 1 4 
Jibs_PC#7760993095048563712 move 10
Jibs_PC#7760993095048563712 attack 12 13
Jibs_PC#7760993095048563712 roll 3
Jibs_PC#7760993095048563712 roll 1
DICE 3 1 5 2 0 3 
Jibs_PC#7760993095048563712 move 5
Jibs_PC#7760993095048563712 attack 12 11
Jibs_PC#7760993095048563712 roll 3
Jibs_PC#7760993095048563712 roll 1
DICE 3 1 3 2 1 2 
Jibs_PC#7760993095048563712 move 3
Jibs_PC#7760993095048563712 attack 3 1
Jibs_PC#7760993095048563712 roll 3
Jibs_PC#7760993095048563712 roll 1
DICE 3 1 5 5 4 5 
Jibs_PC#7760993095048563712 roll 3
Jibs_PC#7760993095048563712 roll 1
DICE 3 1 5 3 3 4 
Jibs_PC#7760993095048563712 endattack
Jibs_PC#7760993095048563712 movearmies 13 12 4
CARD wildcard
Jibs_PC#7760993095048563712 trade 11 wildcard 5
Jibs_PC#7760993095048563712 placearmies 23 5
Jibs_PC#7760993095048563712 placearmies 39 6
Jibs_PC#7760993095048563712 attack 23 21
Jibs_PC#7760993095048563712 roll 3
Jibs_PC#7760993095048563712 roll 2
DICE 3 2 5 4 3 4 1 
Jibs_PC#7760993095048563712 roll 3
Jibs_PC#7760993095048563712 roll 2
DICE 3 2 3 1 0 1 0 
Jibs_PC#7760993095048563712 retreat
Jibs_PC#7760993095048563712 attack 23 25
Jibs_PC#7760993095048563712 roll 3
Jibs_PC#7760993095048563712 roll 1
DICE 3 1 5 4 3 3 
Jibs_PC#7760993095048563712 move 7
Jibs_PC#7760993095048563712 attack 25 26
Jibs_PC#7760993095048563712 roll 3
Jibs_PC#7760993095048563712 roll 1
DICE 3 1 5 3 0 0 
Jibs_PC#7760993095048563712 move 6
Jibs_PC#7760993095048563712 attack 26 24
Jibs_PC#7760993095048563712 roll 3
Jibs_PC#7760993095048563712 roll 1
DICE 3 1 5 1 0 0 
Jibs_PC#7760993095048563712 move 5
Jibs_PC#7760993095048563712 attack 24 21
Jibs_PC#7760993095048563712 roll 3
Jibs_PC#7760993095048563712 roll 2
DICE 3 2 5 3 2 4 0 
Jibs_PC#7760993095048563712 move 4
Jibs_PC#7760993095048563712 endattack
Jibs_PC#7760993095048563712 movearmies 41 39 1
CARD 38
Jibs_PC#7760993095048563712 trade 15 33 31
Jibs_PC#7760993095048563712 placearmies 15 11
Jibs_PC#7760993095048563712 attack 15 16
Jibs_PC#7760993095048563712 roll 3
Jibs_PC#7760993095048563712 roll 2
DICE 3 2 5 1 0 4 1 
Jibs_PC#7760993095048563712 roll 3
Jibs_PC#7760993095048563712 roll 2
DICE 3 2 5 5 1 2 0 
Jibs_PC#7760993095048563712 roll 3
Jibs_PC#7760993095048563712 roll 1
DICE 3 1 2 1 1 0 
Jibs_PC#7760993095048563712 move 12
Jibs_PC#7760993095048563712 attack 16 28
Jibs_PC#7760993095048563712 roll 3
Jibs_PC#7760993095048563712 roll 1
DICE 3 1 3 2 2 3 
Jibs_PC#7760993095048563712 roll 3
Jibs_PC#7760993095048563712 roll 1
DICE 3 1 5 4 2 4 
Jibs_PC#7760993095048563712 move 9
Jibs_PC#7760993095048563712 attack 28 29
Jibs_PC#7760993095048563712 roll 3
Jibs_PC#7760993095048563712 roll 1
DICE 3 1 3 3 2 2 
Jibs_PC#7760993095048563712 move 8
Jibs_PC#7760993095048563712 attack 20 22
Jibs_PC#7760993095048563712 roll 2
Jibs_PC#7760993095048563712 roll 1
DICE 2 1 5 5 3 
Jibs_PC#7760993095048563712 attack 29 36
Jibs_PC#7760993095048563712 roll 3
Jibs_PC#7760993095048563712 roll 1
DICE 3 1 4 2 0 0 
Jibs_PC#7760993095048563712 move 7
Jibs_PC#7760993095048563712 attack 36 37
Jibs_PC#7760993095048563712 roll 3
Jibs_PC#7760993095048563712 roll 1
DICE 3 1 4 0 0 0 
Jibs_PC#7760993095048563712 move 6
Jibs_PC#7760993095048563712 attack 37 38
Jibs_PC#7760993095048563712 roll 3
Jibs_PC#7760993095048563712 roll 2
DICE 3 2 5 1 0 5 4 
Jibs_PC#7760993095048563712 roll 3
Jibs_PC#7760993095048563712 roll 2
DICE 3 2 4 3 2 5 3 
Jibs_PC#7760993095048563712 retreat
Jibs_PC#7760993095048563712 endattack
Jibs_PC#7760993095048563712 movearmies 22 20 1
CARD 1
Jibs_PC#7760993095048563712 placearmies 38 3
Jibs_PC#7760993095048563712 attack 38 36
Jibs_PC#7760993095048563712 roll 3
Jibs_PC#7760993095048563712 roll 1
DICE 3 1 5 3 0 3 
Jibs_PC#7760993095048563712 move 7
Jibs_PC#7760993095048563712 attack 36 29
Jibs_PC#7760993095048563712 roll 3
Jibs_PC#7760993095048563712 roll 1
DICE 3 1 2 2 0 0 
Jibs_PC#7760993095048563712 move 6
Jibs_PC#7760993095048563712 attack 29 28
Jibs_PC#7760993095048563712 roll 3
Jibs_PC#7760993095048563712 roll 1
DICE 3 1 5 3 3 0 
Jibs_PC#7760993095048563712 move 5
Jibs_PC#7760993095048563712 attack 28 16
Jibs_PC#7760993095048563712 roll 3
Jibs_PC#7760993095048563712 roll 2
DICE 3 2 5 2 1 1 0 
Jibs_PC#7760993095048563712 move 4
Jibs_PC#7760993095048563712 endattack
Jibs_PC#7760993095048563712 nomove
CARD 27
Jibs_PC#7760993095048563712 placearmies 7 1
Jibs_PC#7760993095048563712 placearmies 12 1
Jibs_PC#7760993095048563712 placearmies 2 1
Jibs_PC#7760993095048563712 placearmies 7 2
Jibs_PC#7760993095048563712 placearmies 8 1
Jibs_PC#7760993095048563712 attack 12 21
Jibs_PC#7760993095048563712 roll 3
Jibs_PC#7760993095048563712 roll 2
DICE 3 2 4 3 3 5 0 
Jibs_PC#7760993095048563712 roll 3
Jibs_PC#7760993095048563712 roll 2
DICE 3 2 4 3 0 3 1 
Jibs_PC#7760993095048563712 roll 3
Jibs_PC#7760993095048563712 roll 1
DICE 3 1 5 4 3 4 
Jibs_PC#7760993095048563712 move 5
Jibs_PC#7760993095048563712 attack 21 24
Jibs_PC#7760993095048563712 roll 3
Jibs_PC#7760993095048563712 roll 1
DICE 3 1 4 4 2 5 
Jibs_PC#7760993095048563712 roll 3
Jibs_PC#7760993095048563712 roll 1
DICE 3 1 2 1 1 4 
Jibs_PC#7760993095048563712 retreat
Jibs_PC#7760993095048563712 endattack
Jibs_PC#7760993095048563712 movearmies 11 10 1
CARD 7
Jibs_PC#7760993095048563712 placearmies 31 4
Jibs_PC#7760993095048563712 placearmies 39 1
Jibs_PC#7760993095048563712 attack 31 22
Jibs_PC#7760993095048563712 roll 3
Jibs_PC#7760993095048563712 roll 1
DICE 3 1 3 1 1 1 
Jibs_PC#7760993095048563712 move 4
Jibs_PC#7760993095048563712 attack 39 33
Jibs_PC#7760993095048563712 roll 3
Jibs_PC#7760993095048563712 roll 2
DICE 3 2 5 4 1 5 2 
Jibs_PC#7760993095048563712 roll 3
Jibs_PC#7760993095048563712 roll 1
DICE 3 1 5 5 3 1 
Jibs_PC#7760993095048563712 move 11
Jibs_PC#7760993095048563712 attack 33 32
Jibs_PC#7760993095048563712 roll 3
Jibs_PC#7760993095048563712 roll 1
DICE 3 1 4 4 3 0 
Jibs_PC#7760993095048563712 move 9
Jibs_PC#7760993095048563712 attack 32 30
Jibs_PC#7760993095048563712 roll 3
Jibs_PC#7760993095048563712 roll 1
DICE 3 1 5 4 4 3 
Jibs_PC#7760993095048563712 move 8
Jibs_PC#7760993095048563712 attack 30 29
Jibs_PC#7760993095048563712 roll 3
Jibs_PC#7760993095048563712 roll 1
DICE 3 1 5 3 0 4 
Jibs_PC#7760993095048563712 move 6
Jibs_PC#7760993095048563712 attack 29 36
Jibs_PC#7760993095048563712 roll 3
Jibs_PC#7760993095048563712 roll 1
DICE 3 1 5 4 0 5 
Jibs_PC#7760993095048563712 roll 3
Jibs_PC#7760993095048563712 roll 1
DICE 3 1 5 2 1 1 
Jibs_PC#7760993095048563712 move 3
Jibs_PC#7760993095048563712 attack 36 38
Jibs_PC#7760993095048563712 roll 2
Jibs_PC#7760993095048563712 roll 1
DICE 2 1 1 1 2 
Jibs_PC#7760993095048563712 retreat
Jibs_PC#7760993095048563712 endattack
Jibs_PC#7760993095048563712 movearmies 36 29 1
CARD 22
Jibs_PC#7760993095048563712 trade 29 40 28
Jibs_PC#7760993095048563712 placearmies 6 1
Jibs_PC#7760993095048563712 placearmies 20 7
Jibs_PC#7760993095048563712 placearmies 20 1
Jibs_PC#7760993095048563712 attack 20 21
Jibs_PC#7760993095048563712 roll 3
Jibs_PC#7760993095048563712 roll 2
DICE 3 2 5 1 1 4 1 
Jibs_PC#7760993095048563712 roll 3
Jibs_PC#7760993095048563712 roll 2
DICE 3 2 3 2 1 2 2 
Jibs_PC#7760993095048563712 roll 3
Jibs_PC#7760993095048563712 roll 1
DICE 3 1 5 3 0 0 
Jibs_PC#7760993095048563712 move 7
Jibs_PC#7760993095048563712 attack 21 12
Jibs_PC#7760993095048563712 roll 3
Jibs_PC#7760993095048563712 roll 1
DICE 3 1 2 0 0 4 
Jibs_PC#7760993095048563712 roll 3
Jibs_PC#7760993095048563712 roll 1
DICE 3 1 4 4 3 0 
Jibs_PC#7760993095048563712 move 5
Jibs_PC#7760993095048563712 attack 12 13
Jibs_PC#7760993095048563712 roll 3
Jibs_PC#7760993095048563712 roll 1
DICE 3 1 3 2 0 3 
Jibs_PC#7760993095048563712 roll 3
Jibs_PC#7760993095048563712 roll 1
DICE 3 1 5 3 0 3 
Jibs_PC#7760993095048563712 attack 6 2
Jibs_PC#7760993095048563712 roll 3
Jibs_PC#7760993095048563712 roll 2
DICE 3 2 3 1 0 4 2 
Jibs_PC#7760993095048563712 retreat
Jibs_PC#7760993095048563712 endattack
Jibs_PC#7760993095048563712 nomove
CARD 34
Jibs_PC#7760993095048563712 placearmies 16 1
Jibs_PC#7760993095048563712 placearmies 16 2
Jibs_PC#7760993095048563712 attack 16 30
Jibs_PC#7760993095048563712 roll 3
Jibs_PC#7760993095048563712 roll 2
DICE 3 2 5 4 0 3 3 
Jibs_PC#7760993095048563712 move 6
Jibs_PC#7760993095048563712 endattack
Jibs_PC#7760993095048563712 nomove
CARD 14
Jibs_PC#7760993095048563712 trade 21 wildcard 7
Jibs_PC#7760993095048563712 placearmies 10 9
Jibs_PC#7760993095048563712 placearmies 10 4
Jibs_PC#7760993095048563712 attack 10 12
Jibs_PC#7760993095048563712 roll 3
Jibs_PC#7760993095048563712 roll 1
DICE 3 1 2 2 2 0 
Jibs_PC#7760993095048563712 move 14
Jibs_PC#7760993095048563712 attack 12 13
Jibs_PC#7760993095048563712 roll 3
Jibs_PC#7760993095048563712 roll 2
DICE 3 2 4 3 3 5 0 
Jibs_PC#7760993095048563712 roll 3
Jibs_PC#7760993095048563712 roll 2
DICE 3 2 4 2 1 5 1 
Jibs_PC#7760993095048563712 roll 3
Jibs_PC#7760993095048563712 roll 1
DICE 3 1 5 1 0 5 
Jibs_PC#7760993095048563712 roll 3
Jibs_PC#7760993095048563712 roll 1
DICE 3 1 2 1 1 2 
Jibs_PC#7760993095048563712 roll 3
Jibs_PC#7760993095048563712 roll 1
DICE 3 1 3 2 2 2 
Jibs_PC#7760993095048563712 move 3
Jibs_PC#7760993095048563712 attack 7 6
Jibs_PC#7760993095048563712 roll 3
Jibs_PC#7760993095048563712 roll 2
DICE 3 2 4 2 0 3 0 
Jibs_PC#7760993095048563712 roll 3
Jibs_PC#7760993095048563712 roll 1
DICE 3 1 5 2 2 1 
Jibs_PC#7760993095048563712 move 5
Jibs_PC#7760993095048563712 attack 12 21
Jibs_PC#7760993095048563712 roll 3
Jibs_PC#7760993095048563712 roll 1
DICE 3 1 1 0 0 2 
Jibs_PC#7760993095048563712 roll 3
Jibs_PC#7760993095048563712 roll 1
DICE 3 1 5 5 3 1 
Jibs_PC#7760993095048563712 move 5
Jibs_PC#7760993095048563712 attack 21 24
Jibs_PC#7760993095048563712 roll 3
Jibs_PC#7760993095048563712 roll 1
DICE 3 1 5 4 3 4 
Jibs_PC#7760993095048563712 move 3
Jibs_PC#7760993095048563712 attack 6 14
Jibs_PC#7760993095048563712 roll 3
Jibs_PC#7760993095048563712 roll 1
DICE 3 1 4 2 1 2 
Jibs_PC#7760993095048563712 move 4
Jibs_PC#7760993095048563712 endattack
Jibs_PC#7760993095048563712 movearmies 24 21 2
CARD 20
Jibs_PC#7760993095048563712 placearmies 32 1
Jibs_PC#7760993095048563712 placearmies 29 3
Jibs_PC#7760993095048563712 placearmies 32 2
Jibs_PC#7760993095048563712 attack 22 24
Jibs_PC#7760993095048563712 roll 3
Jibs_PC#7760993095048563712 roll 1
DICE 3 1 5 4 2 3 
Jibs_PC#7760993095048563712 attack 29 28
Jibs_PC#7760993095048563712 roll 3
Jibs_PC#7760993095048563712 roll 1
DICE 3 1 5 3 2 0 
Jibs_PC#7760993095048563712 move 4
Jibs_PC#7760993095048563712 attack 28 27
Jibs_PC#7760993095048563712 roll 3
Jibs_PC#7760993095048563712 roll 1
DICE 3 1 4 3 2 4 
Jibs_PC#7760993095048563712 roll 2
Jibs_PC#7760993095048563712 roll 1
DICE 2 1 5 4 4 
Jibs_PC#7760993095048563712 endattack
Jibs_PC#7760993095048563712 movearmies 27 29 1
CARD 36
Jibs_PC#7760993095048563712 placearmies 37 2
Jibs_PC#7760993095048563712 placearmies 37 1
Jibs_PC#7760993095048563712 attack 37 36
Jibs_PC#7760993095048563712 roll 3
Jibs_PC#7760993095048563712 roll 1
DICE 3 1 5 4 4 5 
Jibs_PC#7760993095048563712 roll 3
Jibs_PC#7760993095048563712 roll 1
DICE 3 1 3 2 2 5 
Jibs_PC#7760993095048563712 roll 2
Jibs_PC#7760993095048563712 roll 1
DICE 2 1 4 4 5 
Jibs_PC#7760993095048563712 retreat
Jibs_PC#7760993095048563712 endattack
Jibs_PC#7760993095048563712 nomove
CARD 
Jibs_PC#7760993095048563712 placearmies 30 2
Jibs_PC#7760993095048563712 placearmies 30 1
Jibs_PC#7760993095048563712 attack 30 29
Jibs_PC#7760993095048563712 roll 3
Jibs_PC#7760993095048563712 roll 2
DICE 3 2 5 2 1 1 0 
Jibs_PC#7760993095048563712 roll 3
Jibs_PC#7760993095048563712 roll 1
DICE 3 1 4 3 0 0 
Jibs_PC#7760993095048563712 move 8
Jibs_PC#7760993095048563712 attack 29 33
Jibs_PC#7760993095048563712 roll 3
Jibs_PC#7760993095048563712 roll 2
DICE 3 2 5 3 3 5 3 
Jibs_PC#7760993095048563712 roll 3
Jibs_PC#7760993095048563712 roll 2
DICE 3 2 3 3 1 2 0 
Jibs_PC#7760993095048563712 move 5
Jibs_PC#7760993095048563712 attack 33 39
Jibs_PC#7760993095048563712 roll 3
Jibs_PC#7760993095048563712 roll 1
DICE 3 1 4 3 1 0 
Jibs_PC#7760993095048563712 move 4
Jibs_PC#7760993095048563712 endattack
Jibs_PC#7760993095048563712 nomove
CARD 35
Jibs_PC#7760993095048563712 placearmies 14 12
Jibs_PC#7760993095048563712 attack 21 19
Jibs_PC#7760993095048563712 roll 3
Jibs_PC#7760993095048563712 roll 1
DICE 3 1 1 1 0 3 
Jibs_PC#7760993095048563712 roll 2
Jibs_PC#7760993095048563712 roll 1
DICE 2 1 5 4 1 
Jibs_PC#7760993095048563712 attack 14 17
Jibs_PC#7760993095048563712 roll 3
Jibs_PC#7760993095048563712 roll 1
DICE 3 1 5 4 1 4 
Jibs_PC#7760993095048563712 move 14
Jibs_PC#7760993095048563712 attack 17 18
Jibs_PC#7760993095048563712 roll 3
Jibs_PC#7760993095048563712 roll 1
DICE 3 1 5 1 1 3 
Jibs_PC#7760993095048563712 move 13
Jibs_PC#7760993095048563712 attack 18 20
Jibs_PC#7760993095048563712 roll 3
Jibs_PC#7760993095048563712 roll 1
DICE 3 1 3 2 0 4 
Jibs_PC#7760993095048563712 roll 3
Jibs_PC#7760993095048563712 roll 1
DICE 3 1 3 2 2 1 
Jibs_PC#7760993095048563712 move 11
Jibs_PC#7760993095048563712 attack 20 16
Jibs_PC#7760993095048563712 roll 3
Jibs_PC#7760993095048563712 roll 1
DICE 3 1 4 2 1 1 
Jibs_PC#7760993095048563712 move 10
Jibs_PC#7760993095048563712 attack 16 15
Jibs_PC#7760993095048563712 roll 3
Jibs_PC#7760993095048563712 roll 1
DICE 3 1 5 2 1 4 
Jibs_PC#7760993095048563712 move 3
Jibs_PC#7760993095048563712 attack 16 31
Jibs_PC#7760993095048563712 roll 3
Jibs_PC#7760993095048563712 roll 1
DICE 3 1 3 2 1 4 
Jibs_PC#7760993095048563712 roll 3
Jibs_PC#7760993095048563712 roll 1
DICE 3 1 3 0 0 1 
Jibs_PC#7760993095048563712 move 4
Jibs_PC#7760993095048563712 endattack
Jibs_PC#7760993095048563712 movearmies 31 20 3
CARD 6
Jibs_PC#7760993095048563712 trade 38 22 36
Jibs_PC#7760993095048563712 placearmies 36 5
Jibs_PC#7760993095048563712 placearmies 36 5
Jibs_PC#7760993095048563712 placearmies 24 4
Jibs_PC#7760993095048563712 attack 36 37
Jibs_PC#7760993095048563712 roll 3
Jibs_PC#7760993095048563712 roll 2
DICE 3 2 5 2 2 5 5 
Jibs_PC#7760993095048563712 roll 3
Jibs_PC#7760993095048563712 roll 2
DICE 3 2 2 0 0 2 1 
Jibs_PC#7760993095048563712 roll 3
Jibs_PC#7760993095048563712 roll 2
DICE 3 2 3 3 0 4 0 
Jibs_PC#7760993095048563712 roll 3
Jibs_PC#7760993095048563712 roll 1
DICE 3 1 3 3 0 3 
Jibs_PC#7760993095048563712 roll 3
Jibs_PC#7760993095048563712 roll 1
DICE 3 1 5 3 0 2 
Jibs_PC#7760993095048563712 move 4
Jibs_PC#7760993095048563712 attack 24 21
Jibs_PC#7760993095048563712 roll 3
Jibs_PC#7760993095048563712 roll 1
DICE 3 1 5 1 0 3 
Jibs_PC#7760993095048563712 move 6
Jibs_PC#7760993095048563712 attack 21 12
Jibs_PC#7760993095048563712 roll 3
Jibs_PC#7760993095048563712 roll 1
DICE 3 1 4 2 0 1 
Jibs_PC#7760993095048563712 move 4
Jibs_PC#7760993095048563712 attack 22 31
Jibs_PC#7760993095048563712 roll 2
Jibs_PC#7760993095048563712 roll 1
DICE 2 1 3 2 3 
Jibs_PC#7760993095048563712 retreat
Jibs_PC#7760993095048563712 attack 37 38
Jibs_PC#7760993095048563712 roll 3
Jibs_PC#7760993095048563712 roll 1
DICE 3 1 5 1 0 5 
Jibs_PC#7760993095048563712 roll 2
Jibs_PC#7760993095048563712 roll 1
DICE 2 1 0 0 0 
Jibs_PC#7760993095048563712 retreat
Jibs_PC#7760993095048563712 attack 32 33
Jibs_PC#7760993095048563712 roll 3
Jibs_PC#7760993095048563712 roll 1
DICE 3 1 4 1 0 2 
Jibs_PC#7760993095048563712 attack 33 29
Jibs_PC#7760993095048563712 roll 2
Jibs_PC#7760993095048563712 roll 1
DICE 2 1 4 1 2 
Jibs_PC#7760993095048563712 attack 12 11
Jibs_PC#7760993095048563712 roll 3
Jibs_PC#7760993095048563712 roll 2
DICE 3 2 4 3 3 5 4 
Jibs_PC#7760993095048563712 retreat
Jibs_PC#7760993095048563712 endattack
Jibs_PC#7760993095048563712 movearmies 12 21 1
CARD 16
Jibs_PC#7760993095048563712 trade 32 14 35
Jibs_PC#7760993095048563712 placearmies 38 7
Jibs_PC#7760993095048563712 attack 38 1
Jibs_PC#7760993095048563712 roll 3
Jibs_PC#7760993095048563712 roll 2
DICE 3 2 1 1 0 4 2 
Jibs_PC#7760993095048563712 roll 3
Jibs_PC#7760993095048563712 roll 2
DICE 3 2 2 1 0 2 2 
Jibs_PC#7760993095048563712 retreat
Jibs_PC#7760993095048563712 attack 35 27
Jibs_PC#7760993095048563712 roll 2
Jibs_PC#7760993095048563712 roll 1
DICE 2 1 5 2 2 
Jibs_PC#7760993095048563712 endattack
Jibs_PC#7760993095048563712 nomove
CARD 40
Jibs_PC#7760993095048563712 placearmies 13 2
Jibs_PC#7760993095048563712 placearmies 10 1
Jibs_PC#7760993095048563712 placearmies 19 1
Jibs_PC#7760993095048563712 placearmies 1 1
Jibs_PC#7760993095048563712 placearmies 20 2
Jibs_PC#7760993095048563712 placearmies 20 9
Jibs_PC#7760993095048563712 attack 20 22
Jibs_PC#7760993095048563712 roll 3
Jibs_PC#7760993095048563712 roll 2
DICE 3 2 5 3 3 4 2 
Jibs_PC#7760993095048563712 move 13
Jibs_PC#7760993095048563712 attack 13 12
Jibs_PC#7760993095048563712 roll 3
Jibs_PC#7760993095048563712 roll 1
DICE 3 1 5 4 2 1 
Jibs_PC#7760993095048563712 move 4
Jibs_PC#7760993095048563712 attack 12 21
Jibs_PC#7760993095048563712 roll 3
Jibs_PC#7760993095048563712 roll 2
DICE 3 2 4 3 1 5 3 
Jibs_PC#7760993095048563712 retreat
Jibs_PC#7760993095048563712 attack 22 24
Jibs_PC#7760993095048563712 roll 3
Jibs_PC#7760993095048563712 roll 1
DICE 3 1 5 2 1 3 
Jibs_PC#7760993095048563712 move 12
Jibs_PC#7760993095048563712 attack 24 26
Jibs_PC#7760993095048563712 roll 3
Jibs_PC#7760993095048563712 roll 1
DICE 3 1 3 3 1 2 
Jibs_PC#7760993095048563712 move 11
Jibs_PC#7760993095048563712 attack 26 25
Jibs_PC#7760993095048563712 roll 3
Jibs_PC#7760993095048563712 roll 1
DICE 3 1 4 2 2 5 
Jibs_PC#7760993095048563712 roll 3
Jibs_PC#7760993095048563712 roll 1
DICE 3 1 5 3 1 0 
Jibs_PC#7760993095048563712 move 9
Jibs_PC#7760993095048563712 attack 25 23
Jibs_PC#7760993095048563712 roll 3
Jibs_PC#7760993095048563712 roll 1
DICE 3 1 4 1 0 4 
Jibs_PC#7760993095048563712 roll 3
Jibs_PC#7760993095048563712 roll 1
DICE 3 1 4 4 1 3 
Jibs_PC#7760993095048563712 move 7
Jibs_PC#7760993095048563712 attack 23 21
Jibs_PC#7760993095048563712 roll 3
Jibs_PC#7760993095048563712 roll 2
DICE 3 2 4 3 2 2 1 
Jibs_PC#7760993095048563712 roll 3
Jibs_PC#7760993095048563712 roll 1
DICE 3 1 5 1 1 4 
Jibs_PC#7760993095048563712 move 3
Jibs_PC#7760993095048563712 endattack
Jibs_PC#7760993095048563712 movearmies 15 16 2
CARD 41
Jibs_PC#7760993095048563712 trade 26 34 16
Jibs_PC#7760993095048563712 placearmies 29 2
Jibs_PC#7760993095048563712 placearmies 29 7
Jibs_PC#7760993095048563712 placearmies 41 4
Jibs_PC#7760993095048563712 attack 29 30
Jibs_PC#7760993095048563712 roll 3
Jibs_PC#7760993095048563712 roll 1
DICE 3 1 4 3 2 5 
Jibs_PC#7760993095048563712 roll 3
Jibs_PC#7760993095048563712 roll 1
DICE 3 1 5 3 1 0 
Jibs_PC#7760993095048563712 move 9
Jibs_PC#7760993095048563712 attack 30 31
Jibs_PC#7760993095048563712 roll 3
Jibs_PC#7760993095048563712 roll 1
DICE 3 1 4 3 1 1 
Jibs_PC#7760993095048563712 move 8
Jibs_PC#7760993095048563712 attack 31 22
Jibs_PC#7760993095048563712 roll 3
Jibs_PC#7760993095048563712 roll 1
DICE 3 1 5 0 0 4 
Jibs_PC#7760993095048563712 move 7
Jibs_PC#7760993095048563712 attack 22 20
Jibs_PC#7760993095048563712 roll 3
Jibs_PC#7760993095048563712 roll 2
DICE 3 2 5 0 0 3 0 
Jibs_PC#7760993095048563712 roll 3
Jibs_PC#7760993095048563712 roll 1
DICE 3 1 4 4 3 4 
Jibs_PC#7760993095048563712 roll 3
Jibs_PC#7760993095048563712 roll 1
DICE 3 1 5 4 2 2 
Jibs_PC#7760993095048563712 move 4
Jibs_PC#7760993095048563712 endattack
Jibs_PC#7760993095048563712 movearmies 20 22 3
CARD 17
Jibs_PC#7760993095048563712 placearmies 38 3
Jibs_PC#7760993095048563712 attack 38 1
Jibs_PC#7760993095048563712 roll 3
Jibs_PC#7760993095048563712 roll 2
DICE 3 2 1 0 0 3 1 
Jibs_PC#7760993095048563712 roll 3
Jibs_PC#7760993095048563712 roll 2
DICE 3 2 4 3 3 3 2 
Jibs_PC#7760993095048563712 roll 3
Jibs_PC#7760993095048563712 roll 2
DICE 3 2 4 2 0 3 0 
Jibs_PC#7760993095048563712 move 4
Jibs_PC#7760993095048563712 endattack
Jibs_PC#7760993095048563712 movearmies 1 38 3
CARD 22
Jibs_PC#7760993095048563712 placearmies 2 3
Jibs_PC#7760993095048563712 placearmies 3 1
Jibs_PC#7760993095048563712 placearmies 18 1
Jibs_PC#7760993095048563712 placearmies 21 1
Jibs_PC#7760993095048563712 placearmies 16 1
Jibs_PC#7760993095048563712 placearmies 16 2
Jibs_PC#7760993095048563712 attack 2 1
Jibs_PC#7760993095048563712 roll 3
Jibs_PC#7760993095048563712 roll 1
DICE 3 1 3 3 3 5 
Jibs_PC#7760993095048563712 roll 3
Jibs_PC#7760993095048563712 roll 1
DICE 3 1 1 0 0 2 
Jibs_PC#7760993095048563712 roll 2
Jibs_PC#7760993095048563712 roll 1
DICE 2 1 5 4 0 
Jibs_PC#7760993095048563712 attack 19 20
Jibs_PC#7760993095048563712 roll 2
Jibs_PC#7760993095048563712 roll 1
DICE 2 1 4 0 5 
Jibs_PC#7760993095048563712 retreat
Jibs_PC#7760993095048563712 attack 16 20
Jibs_PC#7760993095048563712 roll 3
Jibs_PC#7760993095048563712 roll 1
DICE 3 1 4 1 1 2 
Jibs_PC#7760993095048563712 move 5
Jibs_PC#7760993095048563712 attack 20 31
Jibs_PC#7760993095048563712 roll 3
Jibs_PC#7760993095048563712 roll 1
DICE 3 1 3 2 1 2 
Jibs_PC#7760993095048563712 move 3
Jibs_PC#7760993095048563712 endattack
Jibs_PC#7760993095048563712 movearmies 31 20 2
CARD 7
Jibs_PC#7760993095048563712 placearmies 41 3
Jibs_PC#7760993095048563712 attack 41 39
Jibs_PC#7760993095048563712 roll 3
Jibs_PC#7760993095048563712 roll 2
DICE 3 2 4 3 0 5 5 
Jibs_PC#7760993095048563712 roll 3
Jibs_PC#7760993095048563712 roll 2
DICE 3 2 5 2 0 5 5 
Jibs_PC#7760993095048563712 retreat
Jibs_PC#7760993095048563712 attack 22 31
Jibs_PC#7760993095048563712 roll 3
Jibs_PC#7760993095048563712 roll 1
DICE 3 1 4 4 3 4 
Jibs_PC#7760993095048563712 roll 2
Jibs_PC#7760993095048563712 roll 1
DICE 2 1 4 1 1 
Jibs_PC#7760993095048563712 endattack
Jibs_PC#7760993095048563712 movearmies 42 41 1
CARD 33
Jibs_PC#7760993095048563712 trade 10 40 22
Jibs_PC#7760993095048563712 placearmies 38 2
Jibs_PC#7760993095048563712 placearmies 27 7
Jibs_PC#7760993095048563712 placearmies 27 4
Jibs_PC#7760993095048563712 attack 38 1
Jibs_PC#7760993095048563712 roll 3
Jibs_PC#7760993095048563712 roll 2
DICE 3 2 4 3 0 5 1 
Jibs_PC#7760993095048563712 roll 3
Jibs_PC#7760993095048563712 roll 1
DICE 3 1 5 3 3 3 
Jibs_PC#7760993095048563712 move 4
Jibs_PC#7760993095048563712 attack 27 28
Jibs_PC#7760993095048563712 roll 3
Jibs_PC#7760993095048563712 roll 1
DICE 3 1 5 3 3 4 
Jibs_PC#7760993095048563712 move 12
Jibs_PC#7760993095048563712 attack 28 16
Jibs_PC#7760993095048563712 roll 3
Jibs_PC#7760993095048563712 roll 2
DICE 3 2 4 1 1 1 0 
Jibs_PC#7760993095048563712 move 11
Jibs_PC#7760993095048563712 attack 16 18
Jibs_PC#7760993095048563712 roll 3
Jibs_PC#7760993095048563712 roll 2
DICE 3 2 5 2 0 5 2 
Jibs_PC#7760993095048563712 roll 3
Jibs_PC#7760993095048563712 roll 2
DICE 3 2 4 2 1 2 1 
Jibs_PC#7760993095048563712 move 8
Jibs_PC#7760993095048563712 attack 18 20
Jibs_PC#7760993095048563712 roll 3
Jibs_PC#7760993095048563712 roll 2
DICE 3 2 4 1 0 5 4 
Jibs_PC#7760993095048563712 roll 3
Jibs_PC#7760993095048563712 roll 2
DICE 3 2 3 2 2 2 0 
Jibs_PC#7760993095048563712 roll 3
Jibs_PC#7760993095048563712 roll 2
DICE 3 2 3 2 0 2 0 
Jibs_PC#7760993095048563712 move 5
Jibs_PC#7760993095048563712 attack 20 19
Jibs_PC#7760993095048563712 roll 3
Jibs_PC#7760993095048563712 roll 2
DICE 3 2 5 5 1 5 0 
Jibs_PC#7760993095048563712 roll 3
Jibs_PC#7760993095048563712 roll 1
DICE 3 1 5 2 0 4 
Jibs_PC#7760993095048563712 attack 19 17
Jibs_PC#7760993095048563712 roll 2
Jibs_PC#7760993095048563712 roll 1
DICE 2 1 5 4 1 
Jibs_PC#7760993095048563712 endattack
Jibs_PC#7760993095048563712 movearmies 1 38 3
CARD 38
Jibs_PC#7760993095048563712 trade 20 6 7
Jibs_PC#7760993095048563712 placearmies 3 3
Jibs_PC#7760993095048563712 placearmies 2 1
Jibs_PC#7760993095048563712 placearmies 21 1
Jibs_PC#7760993095048563712 placearmies 21 9
Jibs_PC#7760993095048563712 attack 3 1
Jibs_PC#7760993095048563712 roll 3
Jibs_PC#7760993095048563712 roll 1
DICE 3 1 3 1 0 5 
Jibs_PC#7760993095048563712 roll 3
Jibs_PC#7760993095048563712 roll 1
DICE 3 1 5 2 0 1 
Jibs_PC#7760993095048563712 attack 21 22
Jibs_PC#7760993095048563712 roll 3
Jibs_PC#7760993095048563712 roll 1
DICE 3 1 4 3 0 4 
Jibs_PC#7760993095048563712 roll 3
Jibs_PC#7760993095048563712 roll 1
DICE 3 1 5 3 3 3 
Jibs_PC#7760993095048563712 move 11
Jibs_PC#7760993095048563712 attack 22 20
Jibs_PC#7760993095048563712 roll 3
Jibs_PC#7760993095048563712 roll 1
DICE 3 1 4 3 2 0 
Jibs_PC#7760993095048563712 move 9
Jibs_PC#7760993095048563712 attack 20 19
Jibs_PC#7760993095048563712 roll 3
Jibs_PC#7760993095048563712 roll 1
DICE 3 1 5 3 0 0 
Jibs_PC#7760993095048563712 move 7
Jibs_PC#7760993095048563712 attack 19 18
Jibs_PC#7760993095048563712 roll 3
Jibs_PC#7760993095048563712 roll 1
DICE 3 1 2 1 0 2 
Jibs_PC#7760993095048563712 roll 3
Jibs_PC#7760993095048563712 roll 1
DICE 3 1 5 3 0 2 
Jibs_PC#7760993095048563712 move 4
Jibs_PC#7760993095048563712 attack 18 17
Jibs_PC#7760993095048563712 roll 3
Jibs_PC#7760993095048563712 roll 2
DICE 3 2 5 2 1 4 2 
Jibs_PC#7760993095048563712 roll 2
Jibs_PC#7760993095048563712 roll 1
DICE 2 1 2 0 1 
Jibs_PC#7760993095048563712 endattack
Jibs_PC#7760993095048563712 movearmies 17 18 1
CARD 29
Jibs_PC#7760993095048563712 trade 1 17 33
Jibs_PC#7760993095048563712 placearmies 31 2
Jibs_PC#7760993095048563712 placearmies 31 11
Jibs_PC#7760993095048563712 attack 31 20
Jibs_PC#7760993095048563712 roll 3
Jibs_PC#7760993095048563712 roll 2
DICE 3 2 4 1 0 5 2 
Jibs_PC#7760993095048563712 roll 3
Jibs_PC#7760993095048563712 roll 2
DICE 3 2 5 2 1 4 2 
Jibs_PC#7760993095048563712 roll 3
Jibs_PC#7760993095048563712 roll 1
DICE 3 1 4 3 0 1 
Jibs_PC#7760993095048563712 move 11
Jibs_PC#7760993095048563712 attack 20 21
Jibs_PC#7760993095048563712 roll 3
Jibs_PC#7760993095048563712 roll 2
DICE 3 2 2 2 0 5 3 
Jibs_PC#7760993095048563712 roll 3
Jibs_PC#7760993095048563712 roll 2
DICE 3 2 2 1 0 3 2 
Jibs_PC#7760993095048563712 roll 3
Jibs_PC#7760993095048563712 roll 2
DICE 3 2 2 1 1 4 1 
Jibs_PC#7760993095048563712 roll 3
Jibs_PC#7760993095048563712 roll 2
DICE 3 2 0 0 0 5 1 
Jibs_PC#7760993095048563712 retreat
Jibs_PC#7760993095048563712 endattack
Jibs_PC#7760993095048563712 movearmies 20 31 2
CARD 42
Jibs_PC#7760993095048563712 placearmies 38 3
Jibs_PC#7760993095048563712 attack 38 1
Jibs_PC#7760993095048563712 roll 3
Jibs_PC#7760993095048563712 roll 2
DICE 3 2 4 4 2 2 0 
Jibs_PC#7760993095048563712 roll 3
Jibs_PC#7760993095048563712 roll 1
DICE 3 1 4 3 0 5 
Jibs_PC#7760993095048563712 roll 3
Jibs_PC#7760993095048563712 roll 1
DICE 3 1 3 2 1 4 
Jibs_PC#7760993095048563712 roll 3
Jibs_PC#7760993095048563712 roll 1
DICE 3 1 4 1 0 4 
Jibs_PC#7760993095048563712 roll 3
Jibs_PC#7760993095048563712 roll 1
DICE 3 1 4 3 1 1 
Jibs_PC#7760993095048563712 endattack
Jibs_PC#7760993095048563712 movearmies 1 38 2
CARD 15
Jibs_PC#7760993095048563712 placearmies 2 3
Jibs_PC#7760993095048563712 placearmies 15 1
Jibs_PC#7760993095048563712 placearmies 3 1
Jibs_PC#7760993095048563712 placearmies 22 1
Jibs_PC#7760993095048563712 placearmies 22 5
Jibs_PC#7760993095048563712 placearmies 22 1
Jibs_PC#7760993095048563712 attack 2 1
Jibs_PC#7760993095048563712 roll 3
Jibs_PC#7760993095048563712 roll 1
DICE 3 1 5 2 1 0 
Jibs_PC#7760993095048563712 move 4
Jibs_PC#7760993095048563712 attack 22 20
Jibs_PC#7760993095048563712 roll 3
Jibs_PC#7760993095048563712 roll 1
DICE 3 1 2 2 0 5 
Jibs_PC#7760993095048563712 roll 3
Jibs_PC#7760993095048563712 roll 1
DICE 3 1 5 4 0 1 
Jibs_PC#7760993095048563712 move 6
Jibs_PC#7760993095048563712 attack 20 16
Jibs_PC#7760993095048563712 roll 3
Jibs_PC#7760993095048563712 roll 1
DICE 3 1 4 2 0 2 
Jibs_PC#7760993095048563712 move 4
Jibs_PC#7760993095048563712 endattack
Jibs_PC#7760993095048563712 movearmies 19 20 1
CARD 18
Jibs_PC#7760993095048563712 placearmies 31 3
Jibs_PC#7760993095048563712 attack 31 22
Jibs_PC#7760993095048563712 roll 3
Jibs_PC#7760993095048563712 roll 2
DICE 3 2 2 2 1 4 4 
Jibs_PC#7760993095048563712 roll 3
Jibs_PC#7760993095048563712 roll 2
DICE 3 2 3 2 0 4 1 
Jibs_PC#7760993095048563712 roll 2
Jibs_PC#7760993095048563712 roll 1
DICE 2 1 3 1 2 
Jibs_PC#7760993095048563712 endattack
Jibs_PC#7760993095048563712 nomove
CARD 12
Jibs_PC#7760993095048563712 placearmies 38 2
Jibs_PC#7760993095048563712 placearmies 39 1
Jibs_PC#7760993095048563712 attack 39 33
Jibs_PC#7760993095048563712 roll 3
Jibs_PC#7760993095048563712 roll 2
DICE 3 2 4 3 2 4 4 
Jibs_PC#7760993095048563712 retreat
Jibs_PC#7760993095048563712 attack 38 37
Jibs_PC#7760993095048563712 roll 3
Jibs_PC#7760993095048563712 roll 2
DICE 3 2 3 1 1 0 0 
Jibs_PC#7760993095048563712 move 4
Jibs_PC#7760993095048563712 endattack
Jibs_PC#7760993095048563712 nomove
CARD 30
Jibs_PC#7760993095048563712 placearmies 20 3
Jibs_PC#7760993095048563712 placearmies 20 14
Jibs_PC#7760993095048563712 placearmies 20 3
Jibs_PC#7760993095048563712 attack 20 22
Jibs_PC#7760993095048563712 roll 3
Jibs_PC#7760993095048563712 roll 2
DICE 3 2 5 3 0 5 1 
Jibs_PC#7760993095048563712 roll 3
Jibs_PC#7760993095048563712 roll 1
DICE 3 1 4 2 1 4 
Jibs_PC#7760993095048563712 roll 3
Jibs_PC#7760993095048563712 roll 1
DICE 3 1 5 5 0 4 
Jibs_PC#7760993095048563712 move 19
Jibs_PC#7760993095048563712 attack 16 30
Jibs_PC#7760993095048563712 roll 3
Jibs_PC#7760993095048563712 roll 1
DICE 3 1 5 1 1 1 
Jibs_PC#7760993095048563712 attack 1 38
Jibs_PC#7760993095048563712 roll 3
Jibs_PC#7760993095048563712 roll 1
DICE 3 1 5 5 0 4 
Jibs_PC#7760993095048563712 attack 38 36
Jibs_PC#7760993095048563712 roll 2
Jibs_PC#7760993095048563712 roll 1
DICE 2 1 4 3 2 
Jibs_PC#7760993095048563712 attack 22 31
Jibs_PC#7760993095048563712 roll 3
Jibs_PC#7760993095048563712 roll 1
DICE 3 1 4 4 0 4 
Jibs_PC#7760993095048563712 roll 3
Jibs_PC#7760993095048563712 roll 1
DICE 3 1 3 1 1 3 
Jibs_PC#7760993095048563712 roll 3
Jibs_PC#7760993095048563712 roll 1
DICE 3 1 3 0 0 0 
Jibs_PC#7760993095048563712 move 16
Jibs_PC#7760993095048563712 attack 31 32
Jibs_PC#7760993095048563712 roll 3
Jibs_PC#7760993095048563712 roll 1
DICE 3 1 5 3 1 4 
Jibs_PC#7760993095048563712 move 15
Jibs_PC#7760993095048563712 attack 30 29
Jibs_PC#7760993095048563712 roll 2
Jibs_PC#7760993095048563712 roll 1
DICE 2 1 5 5 4 
Jibs_PC#7760993095048563712 attack 32 33
Jibs_PC#7760993095048563712 roll 3
Jibs_PC#7760993095048563712 roll 2
DICE 3 2 3 2 1 3 3 
Jibs_PC#7760993095048563712 roll 3
Jibs_PC#7760993095048563712 roll 2
DICE 3 2 5 5 4 5 2 
Jibs_PC#7760993095048563712 roll 3
Jibs_PC#7760993095048563712 roll 2
DICE 3 2 5 2 1 1 0 
Jibs_PC#7760993095048563712 move 11
Jibs_PC#7760993095048563712 attack 33 39
Jibs_PC#7760993095048563712 roll 3
Jibs_PC#7760993095048563712 roll 2
DICE 3 2 5 3 1 4 0 
Jibs_PC#7760993095048563712 roll 3
Jibs_PC#7760993095048563712 roll 1
DICE 3 1 5 3 1 5 
Jibs_PC#7760993095048563712 roll 3
Jibs_PC#7760993095048563712 roll 1
DICE 3 1 5 5 3 0 
Jibs_PC#7760993095048563712 move 9
Jibs_PC#7760993095048563712 attack 39 40
Jibs_PC#7760993095048563712 roll 3
Jibs_PC#7760993095048563712 roll 1
DICE 3 1 5 3 3 0 
Jibs_PC#7760993095048563712 move 7
Jibs_PC#7760993095048563712 attack 40 42
Jibs_PC#7760993095048563712 roll 3
Jibs_PC#7760993095048563712 roll 1
DICE 3 1 2 1 0 4 
Jibs_PC#7760993095048563712 roll 3
Jibs_PC#7760993095048563712 roll 1
DICE 3 1 4 1 1 1 
Jibs_PC#7760993095048563712 move 5
Jibs_PC#7760993095048563712 attack 42 41
Jibs_PC#7760993095048563712 roll 3
Jibs_PC#7760993095048563712 roll 2
DICE 3 2 4 2 0 4 0 
Jibs_PC#7760993095048563712 roll 3
Jibs_PC#7760993095048563712 roll 2
DICE 3 2 5 2 0 3 0 
Jibs_PC#7760993095048563712 roll 3
Jibs_PC#7760993095048563712 roll 2
DICE 3 2 2 1 0 4 3 
Jibs_PC#7760993095048563712 retreat
Jibs_PC#7760993095048563712 endattack
Jibs_PC#7760993095048563712 movearmies 36 29 1
CARD 9
Jibs_PC#7760993095048563712 placearmies 41 2
Jibs_PC#7760993095048563712 placearmies 41 1
Jibs_PC#7760993095048563712 attack 41 39
Jibs_PC#7760993095048563712 roll 3
Jibs_PC#7760993095048563712 roll 2
DICE 3 2 5 3 1 4 0 
Jibs_PC#7760993095048563712 move 4
Jibs_PC#7760993095048563712 endattack
Jibs_PC#7760993095048563712 nomove
CARD 19
Jibs_PC#7760993095048563712 trade 27 38 30
Jibs_PC#7760993095048563712 placearmies 28 10
Jibs_PC#7760993095048563712 placearmies 28 1
Jibs_PC#7760993095048563712 placearmies 28 2
Jibs_PC#7760993095048563712 attack 28 16
Jibs_PC#7760993095048563712 roll 3
Jibs_PC#7760993095048563712 roll 1
DICE 3 1 5 4 2 2 
Jibs_PC#7760993095048563712 move 13
Jibs_PC#7760993095048563712 attack 16 20
Jibs_PC#7760993095048563712 roll 3
Jibs_PC#7760993095048563712 roll 2
DICE 3 2 5 1 1 4 0 
Jibs_PC#7760993095048563712 move 12
Jibs_PC#7760993095048563712 attack 20 22
Jibs_PC#7760993095048563712 roll 3
Jibs_PC#7760993095048563712 roll 1
DICE 3 1 5 2 1 3 
Jibs_PC#7760993095048563712 move 11
Jibs_PC#7760993095048563712 attack 22 21
Jibs_PC#7760993095048563712 roll 3
Jibs_PC#7760993095048563712 roll 2
DICE 3 2 5 2 0 2 0 
Jibs_PC#7760993095048563712 move 10
Jibs_PC#7760993095048563712 attack 21 12
Jibs_PC#7760993095048563712 roll 3
Jibs_PC#7760993095048563712 roll 2
DICE 3 2 3 1 0 4 3 
Jibs_PC#7760993095048563712 roll 3
Jibs_PC#7760993095048563712 roll 2
DICE 3 2 5 0 0 5 5 
Jibs_PC#7760993095048563712 roll 3
Jibs_PC#7760993095048563712 roll 2
DICE 3 2 3 3 0 0 0 
Jibs_PC#7760993095048563712 move 5
Jibs_PC#7760993095048563712 attack 27 36
Jibs_PC#7760993095048563712 roll 2
Jibs_PC#7760993095048563712 roll 1
DICE 2 1 1 1 1 
Jibs_PC#7760993095048563712 retreat
Jibs_PC#7760993095048563712 attack 12 13
Jibs_PC#7760993095048563712 roll 3
Jibs_PC#7760993095048563712 roll 1
DICE 3 1 4 4 0 3 
Jibs_PC#7760993095048563712 move 4
Jibs_PC#7760993095048563712 attack 37 38
Jibs_PC#7760993095048563712 roll 3
Jibs_PC#7760993095048563712 roll 1
DICE 3 1 3 3 2 3 
Jibs_PC#7760993095048563712 roll 2
Jibs_PC#7760993095048563712 roll 1
DICE 2 1 5 4 0 
Jibs_PC#7760993095048563712 attack 13 11
Jibs_PC#7760993095048563712 roll 3
Jibs_PC#7760993095048563712 roll 2
DICE 3 2 3 2 1 5 2 
Jibs_PC#7760993095048563712 retreat
Jibs_PC#7760993095048563712 endattack
Jibs_PC#7760993095048563712 nomove
CARD 23
Jibs_PC#7760993095048563712 placearmies 42 10
Jibs_PC#7760993095048563712 placearmies 10 3
Jibs_PC#7760993095048563712 placearmies 1 1
Jibs_PC#7760993095048563712 attack 42 41
Jibs_PC#7760993095048563712 roll 3
Jibs_PC#7760993095048563712 roll 1
DICE 3 1 5 4 2 3 
Jibs_PC#7760993095048563712 move 11
Jibs_PC#7760993095048563712 attack 41 39
Jibs_PC#7760993095048563712 roll 3
Jibs_PC#7760993095048563712 roll 2
DICE 3 2 4 2 0 4 3 
Jibs_PC#7760993095048563712 roll 3
Jibs_PC#7760993095048563712 roll 2
DICE 3 2 5 4 2 3 0 
Jibs_PC#7760993095048563712 roll 3
Jibs_PC#7760993095048563712 roll 2
DICE 3 2 5 5 2 3 0 
Jibs_PC#7760993095048563712 move 3
Jibs_PC#7760993095048563712 trade 41 29 42
Jibs_PC#7760993095048563712 placearmies 10 4
Jibs_PC#7760993095048563712 placearmies 10 3
Jibs_PC#7760993095048563712 placearmies 30 1
Jibs_PC#7760993095048563712 placearmies 31 1
Jibs_PC#7760993095048563712 placearmies 19 1
Jibs_PC#7760993095048563712 attack 10 12
Jibs_PC#7760993095048563712 roll 3
Jibs_PC#7760993095048563712 roll 1
DICE 3 1 4 3 1 2 
Jibs_PC#7760993095048563712 move 11
Jibs_PC#7760993095048563712 attack 12 13
Jibs_PC#7760993095048563712 roll 3
Jibs_PC#7760993095048563712 roll 2
DICE 3 2 5 4 3 5 2 
Jibs_PC#7760993095048563712 roll 3
Jibs_PC#7760993095048563712 roll 1
DICE 3 1 5 2 1 0 
Jibs_PC#7760993095048563712 move 3
Jibs_PC#7760993095048563712 attack 12 21
Jibs_PC#7760993095048563712 roll 3
Jibs_PC#7760993095048563712 roll 1
DICE 3 1 2 1 0 3 
Jibs_PC#7760993095048563712 roll 3
Jibs_PC#7760993095048563712 roll 1
DICE 3 1 5 3 3 1 
Jibs_PC#7760993095048563712 move 5
Jibs_PC#7760993095048563712 attack 21 22
Jibs_PC#7760993095048563712 roll 3
Jibs_PC#7760993095048563712 roll 1
DICE 3 1 4 4 3 2 
Jibs_PC#7760993095048563712 move 3
Jibs_PC#7760993095048563712 attack 22 20
Jibs_PC#7760993095048563712 roll 2
Jibs_PC#7760993095048563712 roll 1
DICE 2 1 4 3 3 
Jibs_PC#7760993095048563712 endattack
Jibs_PC#7760993095048563712 movearmies 19 20 1
CARD 37
Jibs_PC#7760993095048563712 placearmies 27 3
Jibs_PC#7760993095048563712 attack 27 36
Jibs_PC#7760993095048563712 roll 3
Jibs_PC#7760993095048563712 roll 1
DICE 3 1 2 0 0 0 
Jibs_PC#7760993095048563712 move 4
Jibs_PC#7760993095048563712 endattack
Jibs_PC#7760993095048563712 nomove
CARD 21
Jibs_PC#7760993095048563712 trade 18 9 19
Jibs_PC#7760993095048563712 placearmies 18 29
Jibs_PC#7760993095048563712 placearmies 29 1
Jibs_PC#7760993095048563712 placearmies 18 1
Jibs_PC#7760993095048563712 placearmies 18 1
Jibs_PC#7760993095048563712 placearmies 18 1
Jibs_PC#7760993095048563712 attack 18 16
Jibs_PC#7760993095048563712 roll 3
Jibs_PC#7760993095048563712 roll 1
DICE 3 1 5 4 2 5 
Jibs_PC#7760993095048563712 roll 3
Jibs_PC#7760993095048563712 roll 1
DICE 3 1 3 3 0 5 
Jibs_PC#7760993095048563712 roll 3
Jibs_PC#7760993095048563712 roll 1
DICE 3 1 4 1 0 5 
Jibs_PC#7760993095048563712 roll 3
Jibs_PC#7760993095048563712 roll 1
DICE 3 1 1 1 0 5 
Jibs_PC#7760993095048563712 roll 3
Jibs_PC#7760993095048563712 roll 1
DICE 3 1 4 2 0 5 
Jibs_PC#7760993095048563712 roll 3
Jibs_PC#7760993095048563712 roll 1
DICE 3 1 5 4 1 1 
Jibs_PC#7760993095048563712 move 30
Jibs_PC#7760993095048563712 attack 16 28
Jibs_PC#7760993095048563712 roll 3
Jibs_PC#7760993095048563712 roll 1
DICE 3 1 3 2 0 5 
Jibs_PC#7760993095048563712 roll 3
Jibs_PC#7760993095048563712 roll 1
DICE 3 1 5 2 0 0 
Jibs_PC#7760993095048563712 move 28
Jibs_PC#7760993095048563712 attack 28 27
Jibs_PC#7760993095048563712 roll 3
Jibs_PC#7760993095048563712 roll 1
DICE 3 1 5 0 0 5 
Jibs_PC#7760993095048563712 roll 3
Jibs_PC#7760993095048563712 roll 1
DICE 3 1 3 2 1 1 
Jibs_PC#7760993095048563712 move 26
Jibs_PC#7760993095048563712 attack 27 35
Jibs_PC#7760993095048563712 roll 3
Jibs_PC#7760993095048563712 roll 1
DICE 3 1 4 4 1 0 
Jibs_PC#7760993095048563712 move 22
Jibs_PC#7760993095048563712 attack 27 34
Jibs_PC#7760993095048563712 roll 3
Jibs_PC#7760993095048563712 roll 1
DICE 3 1 5 1 0 1 
Jibs_PC#7760993095048563712 attack 29 36
Jibs_PC#7760993095048563712 roll 3
Jibs_PC#7760993095048563712 roll 2
DICE 3 2 5 4 3 5 5 
Jibs_PC#7760993095048563712 retreat
Jibs_PC#7760993095048563712 attack 35 38
Jibs_PC#7760993095048563712 roll 3
Jibs_PC#7760993095048563712 roll 2
DICE 3 2 5 2 1 5 3 
Jibs_PC#7760993095048563712 roll 3
Jibs_PC#7760993095048563712 roll 2
DICE 3 2 4 1 1 0 0 
Jibs_PC#7760993095048563712 move 13
Jibs_PC#7760993095048563712 attack 38 37
Jibs_PC#7760993095048563712 roll 3
Jibs_PC#7760993095048563712 roll 1
DICE 3 1 5 5 0 1 
Jibs_PC#7760993095048563712 move 9
Jibs_PC#7760993095048563712 attack 37 36
Jibs_PC#7760993095048563712 roll 3
Jibs_PC#7760993095048563712 roll 2
DICE 3 2 5 1 0 5 3 
Jibs_PC#7760993095048563712 roll 3
Jibs_PC#7760993095048563712 roll 2
DICE 3 2 4 1 1 5 0 
Jibs_PC#7760993095048563712 retreat
Jibs_PC#7760993095048563712 attack 35 36
Jibs_PC#7760993095048563712 roll 3
Jibs_PC#7760993095048563712 roll 2
DICE 3 2 2 1 0 5 3 
Jibs_PC#7760993095048563712 roll 3
Jibs_PC#7760993095048563712 roll 2
DICE 3 2 4 4 2 4 0 
Jibs_PC#7760993095048563712 retreat
Jibs_PC#7760993095048563712 attack 37 36
Jibs_PC#7760993095048563712 roll 3
Jibs_PC#7760993095048563712 roll 2
DICE 3 2 5 3 2 5 1 
Jibs_PC#7760993095048563712 roll 3
Jibs_PC#7760993095048563712 roll 1
DICE 3 1 5 0 0 2 
Jibs_PC#7760993095048563712 move 3
