Jibs_PC#207855127245867008 newplayer human green s0914007
Jibs_PC#207855127245867008 newplayer human blue bob
Jibs_PC#207855127245867008 newplayer human red fred
Jibs_PC#207855127245867008 newplayer human cyan ted
Jibs_PC#207855127245867008 newplayer human magenta yura
Jibs_PC#207855127245867008 newplayer human yellow lala
Jibs_PC#207855127245867008 startgame mission fixed autoplaceall recycle
PLAYER yura
MISSION 3 4 2 0 0 0
PLACEALL 31 34 1 7 24 3 8 18 17 30 10 28 4 26 11 37 16 19 23 2 39 13 6 21 15 33 22 12 14 42 5 40 32 9 36 27 41 35 25 29 20 38
Jibs_PC#207855127245867008 placearmies 41 1
CARD 
Jibs_PC#207855127245867008 placearmies 40 1
CARD 
Jibs_PC#207855127245867008 placearmies 11 1
CARD 
Jibs_PC#207855127245867008 placearmies 9 1
CARD 
Jibs_PC#207855127245867008 placearmies 24 1
CARD 
Jibs_PC#207855127245867008 placearmies 28 1
CARD 
Jibs_PC#207855127245867008 placearmies 41 1
CARD 
Jibs_PC#207855127245867008 placearmies 40 1
CARD 
Jibs_PC#207855127245867008 placearmies 17 1
CARD 
Jibs_PC#207855127245867008 placearmies 7 1
CARD 
Jibs_PC#207855127245867008 placearmies 36 1
CARD 
Jibs_PC#207855127245867008 placearmies 27 1
CARD 
Jibs_PC#207855127245867008 placearmies 41 1
CARD 
Jibs_PC#207855127245867008 placearmies 2 1
CARD 
Jibs_PC#207855127245867008 placearmies 11 1
CARD 
Jibs_PC#207855127245867008 placearmies 7 1
CARD 
Jibs_PC#207855127245867008 placearmies 24 1
CARD 
Jibs_PC#207855127245867008 placearmies 28 1
CARD 
Jibs_PC#207855127245867008 placearmies 41 1
CARD 
Jibs_PC#207855127245867008 placearmies 2 1
CARD 
Jibs_PC#207855127245867008 placearmies 17 1
CARD 
Jibs_PC#207855127245867008 placearmies 9 1
CARD 
Jibs_PC#207855127245867008 placearmies 36 1
CARD 
Jibs_PC#207855127245867008 placearmies 27 1
CARD 
Jibs_PC#207855127245867008 placearmies 41 1
CARD 
Jibs_PC#207855127245867008 placearmies 2 1
CARD 
Jibs_PC#207855127245867008 placearmies 17 1
CARD 
Jibs_PC#207855127245867008 placearmies 7 1
CARD 
Jibs_PC#207855127245867008 placearmies 24 1
CARD 
Jibs_PC#207855127245867008 placearmies 38 1
CARD 
Jibs_PC#207855127245867008 placearmies 41 1
CARD 
Jibs_PC#207855127245867008 placearmies 40 1
CARD 
Jibs_PC#207855127245867008 placearmies 11 1
CARD 
Jibs_PC#207855127245867008 placearmies 9 1
CARD 
Jibs_PC#207855127245867008 placearmies 36 1
CARD 
Jibs_PC#207855127245867008 placearmies 38 1
CARD 
Jibs_PC#207855127245867008 placearmies 41 1
CARD 
Jibs_PC#207855127245867008 placearmies 2 1
CARD 
Jibs_PC#207855127245867008 placearmies 11 1
CARD 
Jibs_PC#207855127245867008 placearmies 9 1
CARD 
Jibs_PC#207855127245867008 placearmies 24 1
CARD 
Jibs_PC#207855127245867008 placearmies 28 1
CARD 
Jibs_PC#207855127245867008 placearmies 41 1
CARD 
Jibs_PC#207855127245867008 placearmies 40 1
CARD 
Jibs_PC#207855127245867008 placearmies 17 1
CARD 
Jibs_PC#207855127245867008 placearmies 7 1
CARD 
Jibs_PC#207855127245867008 placearmies 36 1
CARD 
Jibs_PC#207855127245867008 placearmies 27 1
CARD 
Jibs_PC#207855127245867008 placearmies 41 1
CARD 
Jibs_PC#207855127245867008 placearmies 40 1
CARD 
Jibs_PC#207855127245867008 placearmies 11 1
CARD 
Jibs_PC#207855127245867008 placearmies 9 1
CARD 
Jibs_PC#207855127245867008 placearmies 24 1
CARD 
Jibs_PC#207855127245867008 placearmies 28 1
CARD 
Jibs_PC#207855127245867008 placearmies 41 1
CARD 
Jibs_PC#207855127245867008 placearmies 2 1
CARD 
Jibs_PC#207855127245867008 placearmies 11 1
CARD 
Jibs_PC#207855127245867008 placearmies 7 1
CARD 
Jibs_PC#207855127245867008 placearmies 24 1
CARD 
Jibs_PC#207855127245867008 placearmies 27 1
CARD 
Jibs_PC#207855127245867008 placearmies 41 1
CARD 
Jibs_PC#207855127245867008 placearmies 2 1
CARD 
Jibs_PC#207855127245867008 placearmies 17 1
CARD 
Jibs_PC#207855127245867008 placearmies 7 1
CARD 
Jibs_PC#207855127245867008 placearmies 24 1
CARD 
Jibs_PC#207855127245867008 placearmies 28 1
CARD 
Jibs_PC#207855127245867008 placearmies 41 1
CARD 
Jibs_PC#207855127245867008 placearmies 2 1
CARD 
Jibs_PC#207855127245867008 placearmies 17 1
CARD 
Jibs_PC#207855127245867008 placearmies 9 1
CARD 
Jibs_PC#207855127245867008 placearmies 36 1
CARD 
Jibs_PC#207855127245867008 placearmies 27 1
CARD 
Jibs_PC#207855127245867008 placearmies 41 1
CARD 
Jibs_PC#207855127245867008 placearmies 2 1
CARD 
Jibs_PC#207855127245867008 placearmies 11 1
CARD 
Jibs_PC#207855127245867008 placearmies 7 1
CARD 
Jibs_PC#207855127245867008 placearmies 24 1
CARD 
Jibs_PC#207855127245867008 placearmies 28 1
CARD 
Jibs_PC#207855127245867008 placearmies 41 1
Jibs_PC#207855127245867008 placearmies 41 1
Jibs_PC#207855127245867008 placearmies 41 1
Jibs_PC#207855127245867008 attack 41 42
Jibs_PC#207855127245867008 roll 3
Jibs_PC#207855127245867008 roll 1
DICE 3 1 4 4 3 3 
Jibs_PC#207855127245867008 move all
Jibs_PC#207855127245867008 attack 42 40
Jibs_PC#207855127245867008 roll 3
Jibs_PC#207855127245867008 roll 2
DICE 3 2 5 4 3 3 1 
Jibs_PC#207855127245867008 roll 3
Jibs_PC#207855127245867008 roll 2
DICE 3 2 4 2 0 3 0 
Jibs_PC#207855127245867008 roll 3
Jibs_PC#207855127245867008 roll 2
DICE 3 2 5 4 0 5 4 
Jibs_PC#207855127245867008 roll 3
Jibs_PC#207855127245867008 roll 2
DICE 3 2 4 4 0 1 0 
Jibs_PC#207855127245867008 move all
Jibs_PC#207855127245867008 attack 40 39
Jibs_PC#207855127245867008 roll 3
Jibs_PC#207855127245867008 roll 1
DICE 3 1 4 2 1 0 
Jibs_PC#207855127245867008 move all
Jibs_PC#207855127245867008 attack 39 33
Jibs_PC#207855127245867008 roll 3
Jibs_PC#207855127245867008 roll 1
DICE 3 1 5 1 0 4 
Jibs_PC#207855127245867008 move all
Jibs_PC#207855127245867008 attack 33 32
Jibs_PC#207855127245867008 roll 3
Jibs_PC#207855127245867008 roll 1
DICE 3 1 3 2 2 0 
Jibs_PC#207855127245867008 move all
Jibs_PC#207855127245867008 attack 32 29
Jibs_PC#207855127245867008 roll 3
Jibs_PC#207855127245867008 roll 1
DICE 3 1 5 2 0 2 
Jibs_PC#207855127245867008 move all
Jibs_PC#207855127245867008 attack 29 30
Jibs_PC#207855127245867008 roll 3
Jibs_PC#207855127245867008 roll 1
DICE 3 1 4 3 0 0 
Jibs_PC#207855127245867008 move all
Jibs_PC#207855127245867008 attack 30 28
Jibs_PC#207855127245867008 roll 3
Jibs_PC#207855127245867008 roll 2
DICE 3 2 3 2 1 3 0 
Jibs_PC#207855127245867008 roll 3
Jibs_PC#207855127245867008 roll 2
DICE 3 2 5 2 0 5 1 
Jibs_PC#207855127245867008 roll 3
Jibs_PC#207855127245867008 roll 2
DICE 3 2 1 1 0 5 5 
Jibs_PC#207855127245867008 roll 3
Jibs_PC#207855127245867008 roll 2
DICE 3 2 5 2 1 3 0 
Jibs_PC#207855127245867008 roll 3
Jibs_PC#207855127245867008 roll 2
DICE 3 2 5 4 3 4 2 
Jibs_PC#207855127245867008 roll 3
Jibs_PC#207855127245867008 roll 1
DICE 3 1 4 4 1 4 
Jibs_PC#207855127245867008 roll 2
Jibs_PC#207855127245867008 roll 1
DICE 2 1 4 3 2 
Jibs_PC#207855127245867008 attack 28 27
Jibs_PC#207855127245867008 roll 1
Jibs_PC#207855127245867008 roll 2
DICE 1 2 1 3 0 
Jibs_PC#207855127245867008 endattack
Jibs_PC#207855127245867008 nomove
CARD 7
Jibs_PC#207855127245867008 placearmies 2 1
Jibs_PC#207855127245867008 placearmies 2 1
Jibs_PC#207855127245867008 placearmies 2 1
Jibs_PC#207855127245867008 attack 2 1
Jibs_PC#207855127245867008 roll 3
Jibs_PC#207855127245867008 roll 1
DICE 3 1 4 2 0 5 
Jibs_PC#207855127245867008 roll 3
Jibs_PC#207855127245867008 roll 1
DICE 3 1 5 3 2 4 
Jibs_PC#207855127245867008 move all
Jibs_PC#207855127245867008 attack 1 3
Jibs_PC#207855127245867008 roll 3
Jibs_PC#207855127245867008 roll 1
DICE 3 1 5 5 2 5 
Jibs_PC#207855127245867008 roll 3
Jibs_PC#207855127245867008 roll 1
DICE 3 1 3 1 0 2 
Jibs_PC#207855127245867008 move all
Jibs_PC#207855127245867008 attack 3 4
Jibs_PC#207855127245867008 roll 3
Jibs_PC#207855127245867008 roll 1
DICE 3 1 3 1 1 2 
Jibs_PC#207855127245867008 move all
Jibs_PC#207855127245867008 attack 4 5
Jibs_PC#207855127245867008 roll 3
Jibs_PC#207855127245867008 roll 1
DICE 3 1 5 2 2 3 
Jibs_PC#207855127245867008 move all
Jibs_PC#207855127245867008 attack 5 9
Jibs_PC#207855127245867008 roll 3
Jibs_PC#207855127245867008 roll 2
DICE 3 2 5 1 0 3 0 
Jibs_PC#207855127245867008 roll 3
Jibs_PC#207855127245867008 roll 2
DICE 3 2 5 4 4 4 3 
Jibs_PC#207855127245867008 roll 3
Jibs_PC#207855127245867008 roll 2
DICE 3 2 3 2 1 5 4 
Jibs_PC#207855127245867008 roll 3
Jibs_PC#207855127245867008 roll 2
DICE 3 2 5 4 4 4 1 
Jibs_PC#207855127245867008 roll 3
Jibs_PC#207855127245867008 roll 1
DICE 3 1 1 1 1 4 
Jibs_PC#207855127245867008 roll 2
Jibs_PC#207855127245867008 roll 1
DICE 2 1 5 4 4 
Jibs_PC#207855127245867008 attack 9 8
Jibs_PC#207855127245867008 roll 1
Jibs_PC#207855127245867008 roll 1
DICE 1 1 0 0 
Jibs_PC#207855127245867008 endattack
Jibs_PC#207855127245867008 nomove
CARD 9
Jibs_PC#207855127245867008 placearmies 17 1
Jibs_PC#207855127245867008 placearmies 11 1
Jibs_PC#207855127245867008 placearmies 11 1
Jibs_PC#207855127245867008 attack 11 13
Jibs_PC#207855127245867008 roll 3
Jibs_PC#207855127245867008 roll 1
DICE 3 1 3 2 0 5 
Jibs_PC#207855127245867008 roll 3
Jibs_PC#207855127245867008 roll 1
DICE 3 1 2 2 1 1 
Jibs_PC#207855127245867008 move all
Jibs_PC#207855127245867008 attack 13 12
Jibs_PC#207855127245867008 roll 3
Jibs_PC#207855127245867008 roll 1
DICE 3 1 4 3 0 1 
Jibs_PC#207855127245867008 move all
Jibs_PC#207855127245867008 attack 12 10
Jibs_PC#207855127245867008 roll 3
Jibs_PC#207855127245867008 roll 1
DICE 3 1 5 4 3 3 
Jibs_PC#207855127245867008 move all
Jibs_PC#207855127245867008 attack 17 14
Jibs_PC#207855127245867008 roll 3
Jibs_PC#207855127245867008 roll 1
DICE 3 1 3 0 0 1 
Jibs_PC#207855127245867008 move all
Jibs_PC#207855127245867008 attack 14 15
Jibs_PC#207855127245867008 roll 3
Jibs_PC#207855127245867008 roll 1
DICE 3 1 3 2 1 2 
Jibs_PC#207855127245867008 move all
Jibs_PC#207855127245867008 attack 15 16
Jibs_PC#207855127245867008 roll 3
Jibs_PC#207855127245867008 roll 1
DICE 3 1 1 1 0 2 
Jibs_PC#207855127245867008 roll 3
Jibs_PC#207855127245867008 roll 1
DICE 3 1 3 2 0 2 
Jibs_PC#207855127245867008 move all
Jibs_PC#207855127245867008 attack 16 18
Jibs_PC#207855127245867008 roll 3
Jibs_PC#207855127245867008 roll 1
DICE 3 1 5 2 2 2 
Jibs_PC#207855127245867008 attack 18 19
Jibs_PC#207855127245867008 roll 2
Jibs_PC#207855127245867008 roll 1
DICE 2 1 4 3 5 
Jibs_PC#207855127245867008 roll 1
Jibs_PC#207855127245867008 roll 1
DICE 1 1 2 2 
Jibs_PC#207855127245867008 endattack
Jibs_PC#207855127245867008 movearmies 10 12 5
CARD 28
Jibs_PC#207855127245867008 placearmies 7 1
Jibs_PC#207855127245867008 placearmies 7 1
Jibs_PC#207855127245867008 placearmies 7 1
Jibs_PC#207855127245867008 attack 7 6
Jibs_PC#207855127245867008 roll 3
Jibs_PC#207855127245867008 roll 1
DICE 3 1 5 3 2 4 
Jibs_PC#207855127245867008 move all
Jibs_PC#207855127245867008 attack 6 2
Jibs_PC#207855127245867008 roll 3
Jibs_PC#207855127245867008 roll 1
DICE 3 1 5 4 3 5 
Jibs_PC#207855127245867008 roll 3
Jibs_PC#207855127245867008 roll 1
DICE 3 1 5 2 1 3 
Jibs_PC#207855127245867008 move all
Jibs_PC#207855127245867008 attack 2 1
Jibs_PC#207855127245867008 roll 3
Jibs_PC#207855127245867008 roll 1
DICE 3 1 5 2 2 5 
Jibs_PC#207855127245867008 roll 3
Jibs_PC#207855127245867008 roll 1
DICE 3 1 5 3 0 2 
Jibs_PC#207855127245867008 move all
Jibs_PC#207855127245867008 attack 1 3
Jibs_PC#207855127245867008 roll 3
Jibs_PC#207855127245867008 roll 1
DICE 3 1 4 4 1 4 
Jibs_PC#207855127245867008 roll 3
Jibs_PC#207855127245867008 roll 1
DICE 3 1 5 3 2 1 
Jibs_PC#207855127245867008 move all
Jibs_PC#207855127245867008 attack 3 4
Jibs_PC#207855127245867008 roll 3
Jibs_PC#207855127245867008 roll 1
DICE 3 1 4 3 0 2 
Jibs_PC#207855127245867008 attack 4 5
Jibs_PC#207855127245867008 roll 2
Jibs_PC#207855127245867008 roll 1
DICE 2 1 3 1 2 
Jibs_PC#207855127245867008 attack 5 9
Jibs_PC#207855127245867008 roll 1
Jibs_PC#207855127245867008 roll 1
DICE 1 1 1 3 
Jibs_PC#207855127245867008 endattack
Jibs_PC#207855127245867008 nomove
CARD 10
Jibs_PC#207855127245867008 placearmies 24 1
Jibs_PC#207855127245867008 placearmies 24 1
Jibs_PC#207855127245867008 placearmies 24 1
Jibs_PC#207855127245867008 attack 24 26
Jibs_PC#207855127245867008 roll 3
Jibs_PC#207855127245867008 roll 1
DICE 3 1 4 4 1 4 
Jibs_PC#207855127245867008 roll 3
Jibs_PC#207855127245867008 roll 1
DICE 3 1 4 1 0 0 
Jibs_PC#207855127245867008 move all
Jibs_PC#207855127245867008 attack 26 25
Jibs_PC#207855127245867008 roll 3
Jibs_PC#207855127245867008 roll 1
DICE 3 1 5 2 1 3 
Jibs_PC#207855127245867008 move all
Jibs_PC#207855127245867008 attack 25 23
Jibs_PC#207855127245867008 roll 3
Jibs_PC#207855127245867008 roll 1
DICE 3 1 5 3 2 0 
Jibs_PC#207855127245867008 move all
Jibs_PC#207855127245867008 attack 23 21
Jibs_PC#207855127245867008 roll 3
Jibs_PC#207855127245867008 roll 1
DICE 3 1 5 1 0 4 
Jibs_PC#207855127245867008 move all
Jibs_PC#207855127245867008 attack 21 22
Jibs_PC#207855127245867008 roll 3
Jibs_PC#207855127245867008 roll 1
DICE 3 1 4 4 4 5 
Jibs_PC#207855127245867008 roll 3
Jibs_PC#207855127245867008 roll 1
DICE 3 1 3 2 0 1 
Jibs_PC#207855127245867008 move all
Jibs_PC#207855127245867008 attack 22 31
Jibs_PC#207855127245867008 roll 3
Jibs_PC#207855127245867008 roll 1
DICE 3 1 4 3 2 3 
Jibs_PC#207855127245867008 move all
Jibs_PC#207855127245867008 attack 31 30
Jibs_PC#207855127245867008 roll 3
Jibs_PC#207855127245867008 roll 1
DICE 3 1 5 3 0 2 
Jibs_PC#207855127245867008 attack 30 28
Jibs_PC#207855127245867008 roll 2
Jibs_PC#207855127245867008 roll 1
DICE 2 1 4 1 0 
Jibs_PC#207855127245867008 attack 28 27
Jibs_PC#207855127245867008 roll 1
Jibs_PC#207855127245867008 roll 2
DICE 1 2 2 3 1 
Jibs_PC#207855127245867008 attack 36 29
Jibs_PC#207855127245867008 retreat
Jibs_PC#207855127245867008 attack 36 37
Jibs_PC#207855127245867008 roll 3
Jibs_PC#207855127245867008 roll 1
DICE 3 1 3 1 0 1 
Jibs_PC#207855127245867008 move all
Jibs_PC#207855127245867008 attack 37 38
Jibs_PC#207855127245867008 roll 3
Jibs_PC#207855127245867008 roll 2
DICE 3 2 3 2 1 5 2 
Jibs_PC#207855127245867008 roll 2
Jibs_PC#207855127245867008 roll 2
DICE 2 2 4 3 2 1 
Jibs_PC#207855127245867008 roll 2
Jibs_PC#207855127245867008 roll 1
DICE 2 1 2 1 2 
Jibs_PC#207855127245867008 roll 1
Jibs_PC#207855127245867008 roll 1
DICE 1 1 5 1 
Jibs_PC#207855127245867008 endattack
Jibs_PC#207855127245867008 nomove
CARD 14
Jibs_PC#207855127245867008 placearmies 27 1
Jibs_PC#207855127245867008 placearmies 27 1
Jibs_PC#207855127245867008 placearmies 27 1
Jibs_PC#207855127245867008 attack 27 34
Jibs_PC#207855127245867008 roll 3
Jibs_PC#207855127245867008 roll 1
DICE 3 1 5 4 1 3 
Jibs_PC#207855127245867008 move all
Jibs_PC#207855127245867008 attack 34 38
Jibs_PC#207855127245867008 roll 3
Jibs_PC#207855127245867008 roll 1
DICE 3 1 4 2 2 5 
Jibs_PC#207855127245867008 roll 3
Jibs_PC#207855127245867008 roll 1
DICE 3 1 5 4 3 3 
Jibs_PC#207855127245867008 move all
Jibs_PC#207855127245867008 attack 38 35
Jibs_PC#207855127245867008 roll 3
Jibs_PC#207855127245867008 roll 1
DICE 3 1 5 1 0 3 
Jibs_PC#207855127245867008 move all
Jibs_PC#207855127245867008 attack 35 36
Jibs_PC#207855127245867008 roll 3
Jibs_PC#207855127245867008 roll 1
DICE 3 1 5 1 0 3 
Jibs_PC#207855127245867008 move all
Jibs_PC#207855127245867008 attack 36 37
Jibs_PC#207855127245867008 roll 3
Jibs_PC#207855127245867008 roll 1
DICE 3 1 5 4 2 3 
Jibs_PC#207855127245867008 endattack
Jibs_PC#207855127245867008 movearmies 37 36 2
CARD 2
Jibs_PC#207855127245867008 placearmies 29 1
Jibs_PC#207855127245867008 placearmies 29 1
Jibs_PC#207855127245867008 placearmies 29 1
Jibs_PC#207855127245867008 placearmies 29 1
Jibs_PC#207855127245867008 placearmies 29 1
Jibs_PC#207855127245867008 attack 29 36
Jibs_PC#207855127245867008 roll 3
Jibs_PC#207855127245867008 roll 2
DICE 3 2 4 4 0 5 0 
Jibs_PC#207855127245867008 roll 3
Jibs_PC#207855127245867008 roll 2
DICE 3 2 5 2 1 5 4 
Jibs_PC#207855127245867008 roll 2
Jibs_PC#207855127245867008 roll 2
DICE 2 2 5 4 1 1 
Jibs_PC#207855127245867008 attack 36 37
Jibs_PC#207855127245867008 roll 1
Jibs_PC#207855127245867008 roll 1
DICE 1 1 2 5 
Jibs_PC#207855127245867008 endattack
Jibs_PC#207855127245867008 nomove
CARD 5
Jibs_PC#207855127245867008 placearmies 9 1
Jibs_PC#207855127245867008 placearmies 9 1
Jibs_PC#207855127245867008 placearmies 9 1
Jibs_PC#207855127245867008 attack 9 5
Jibs_PC#207855127245867008 roll 3
Jibs_PC#207855127245867008 roll 1
DICE 3 1 5 4 2 0 
Jibs_PC#207855127245867008 attack 5 4
Jibs_PC#207855127245867008 roll 2
Jibs_PC#207855127245867008 roll 1
DICE 2 1 3 2 2 
Jibs_PC#207855127245867008 attack 4 7
Jibs_PC#207855127245867008 roll 1
Jibs_PC#207855127245867008 roll 1
DICE 1 1 5 1 
Jibs_PC#207855127245867008 endattack
Jibs_PC#207855127245867008 nomove
CARD 3
Jibs_PC#207855127245867008 placearmies 17 1
Jibs_PC#207855127245867008 placearmies 17 1
Jibs_PC#207855127245867008 placearmies 17 1
Jibs_PC#207855127245867008 placearmies 17 1
Jibs_PC#207855127245867008 placearmies 14 1
Jibs_PC#207855127245867008 attack 14 6
Jibs_PC#207855127245867008 roll 1
Jibs_PC#207855127245867008 roll 1
DICE 1 1 2 4 
Jibs_PC#207855127245867008 attack 17 19
Jibs_PC#207855127245867008 roll 3
Jibs_PC#207855127245867008 roll 1
DICE 3 1 4 3 1 0 
Jibs_PC#207855127245867008 move all
Jibs_PC#207855127245867008 attack 19 20
Jibs_PC#207855127245867008 roll 3
Jibs_PC#207855127245867008 roll 1
DICE 3 1 4 3 3 3 
Jibs_PC#207855127245867008 endattack
Jibs_PC#207855127245867008 nomove
CARD 16
Jibs_PC#207855127245867008 placearmies 3 1
Jibs_PC#207855127245867008 placearmies 3 1
Jibs_PC#207855127245867008 placearmies 3 1
Jibs_PC#207855127245867008 attack 3 4
Jibs_PC#207855127245867008 roll 3
Jibs_PC#207855127245867008 roll 1
DICE 3 1 3 2 1 0 
Jibs_PC#207855127245867008 attack 4 5
Jibs_PC#207855127245867008 roll 2
Jibs_PC#207855127245867008 roll 1
DICE 2 1 4 3 0 
Jibs_PC#207855127245867008 attack 5 9
Jibs_PC#207855127245867008 roll 1
Jibs_PC#207855127245867008 roll 1
DICE 1 1 0 5 
Jibs_PC#207855127245867008 endattack
Jibs_PC#207855127245867008 nomove
CARD 1
Jibs_PC#207855127245867008 placearmies 31 1
Jibs_PC#207855127245867008 placearmies 31 1
Jibs_PC#207855127245867008 placearmies 31 1
Jibs_PC#207855127245867008 placearmies 31 1
Jibs_PC#207855127245867008 placearmies 31 1
Jibs_PC#207855127245867008 placearmies 31 1
Jibs_PC#207855127245867008 attack 31 32
Jibs_PC#207855127245867008 roll 3
Jibs_PC#207855127245867008 roll 1
DICE 3 1 3 3 2 0 
Jibs_PC#207855127245867008 move all
Jibs_PC#207855127245867008 attack 32 33
Jibs_PC#207855127245867008 roll 3
Jibs_PC#207855127245867008 roll 1
DICE 3 1 5 3 3 4 
Jibs_PC#207855127245867008 move all
Jibs_PC#207855127245867008 attack 33 29
Jibs_PC#207855127245867008 roll 3
Jibs_PC#207855127245867008 roll 1
DICE 3 1 2 2 0 3 
Jibs_PC#207855127245867008 roll 3
Jibs_PC#207855127245867008 roll 1
DICE 3 1 5 4 2 2 
Jibs_PC#207855127245867008 attack 29 27
Jibs_PC#207855127245867008 roll 2
Jibs_PC#207855127245867008 roll 1
DICE 2 1 4 2 3 
Jibs_PC#207855127245867008 attack 27 34
Jibs_PC#207855127245867008 roll 1
Jibs_PC#207855127245867008 roll 1
DICE 1 1 4 2 
Jibs_PC#207855127245867008 endattack
Jibs_PC#207855127245867008 nomove
CARD 38
Jibs_PC#207855127245867008 placearmies 35 1
Jibs_PC#207855127245867008 placearmies 35 1
Jibs_PC#207855127245867008 placearmies 35 1
Jibs_PC#207855127245867008 attack 35 34
Jibs_PC#207855127245867008 roll 3
Jibs_PC#207855127245867008 roll 1
DICE 3 1 5 4 4 3 
Jibs_PC#207855127245867008 attack 34 27
Jibs_PC#207855127245867008 roll 2
Jibs_PC#207855127245867008 roll 1
DICE 2 1 3 3 1 
Jibs_PC#207855127245867008 attack 27 28
Jibs_PC#207855127245867008 roll 1
Jibs_PC#207855127245867008 roll 1
DICE 1 1 3 3 
Jibs_PC#207855127245867008 endattack
Jibs_PC#207855127245867008 nomove
CARD 36
Jibs_PC#207855127245867008 placearmies 39 1
Jibs_PC#207855127245867008 placearmies 39 1
Jibs_PC#207855127245867008 placearmies 39 1
Jibs_PC#207855127245867008 placearmies 39 1
Jibs_PC#207855127245867008 placearmies 39 1
Jibs_PC#207855127245867008 attack 39 33
Jibs_PC#207855127245867008 roll 3
Jibs_PC#207855127245867008 roll 1
DICE 3 1 5 3 2 4 
Jibs_PC#207855127245867008 move all
Jibs_PC#207855127245867008 attack 33 29
Jibs_PC#207855127245867008 roll 3
Jibs_PC#207855127245867008 roll 1
DICE 3 1 4 1 1 3 
Jibs_PC#207855127245867008 move all
Jibs_PC#207855127245867008 attack 29 32
Jibs_PC#207855127245867008 roll 3
Jibs_PC#207855127245867008 roll 1
DICE 3 1 5 3 1 5 
Jibs_PC#207855127245867008 roll 2
Jibs_PC#207855127245867008 roll 1
DICE 2 1 4 2 1 
Jibs_PC#207855127245867008 attack 32 31
Jibs_PC#207855127245867008 roll 1
Jibs_PC#207855127245867008 roll 1
DICE 1 1 0 1 
Jibs_PC#207855127245867008 endattack
Jibs_PC#207855127245867008 nomove
CARD 37
Jibs_PC#207855127245867008 placearmies 9 1
Jibs_PC#207855127245867008 placearmies 9 1
Jibs_PC#207855127245867008 placearmies 9 1
Jibs_PC#207855127245867008 attack 9 5
Jibs_PC#207855127245867008 roll 3
Jibs_PC#207855127245867008 roll 1
DICE 3 1 3 3 1 3 
Jibs_PC#207855127245867008 roll 2
Jibs_PC#207855127245867008 roll 1
DICE 2 1 5 3 0 
Jibs_PC#207855127245867008 attack 5 4
Jibs_PC#207855127245867008 roll 1
Jibs_PC#207855127245867008 roll 1
DICE 1 1 3 5 
Jibs_PC#207855127245867008 endattack
Jibs_PC#207855127245867008 nomove
CARD 23
Jibs_PC#207855127245867008 placearmies 12 1
Jibs_PC#207855127245867008 placearmies 12 1
Jibs_PC#207855127245867008 placearmies 12 1
Jibs_PC#207855127245867008 placearmies 12 1
Jibs_PC#207855127245867008 placearmies 12 1
Jibs_PC#207855127245867008 placearmies 12 1
Jibs_PC#207855127245867008 placearmies 12 1
Jibs_PC#207855127245867008 placearmies 12 1
Jibs_PC#207855127245867008 placearmies 12 1
Jibs_PC#207855127245867008 placearmies 12 1
Jibs_PC#207855127245867008 attack 12 21
Jibs_PC#207855127245867008 roll 3
Jibs_PC#207855127245867008 roll 1
DICE 3 1 5 5 1 2 
Jibs_PC#207855127245867008 move all
Jibs_PC#207855127245867008 attack 21 23
Jibs_PC#207855127245867008 roll 3
Jibs_PC#207855127245867008 roll 1
DICE 3 1 4 4 1 4 
Jibs_PC#207855127245867008 roll 3
Jibs_PC#207855127245867008 roll 1
DICE 3 1 4 4 3 4 
Jibs_PC#207855127245867008 roll 3
Jibs_PC#207855127245867008 roll 1
DICE 3 1 4 4 1 4 
Jibs_PC#207855127245867008 roll 3
Jibs_PC#207855127245867008 roll 1
DICE 3 1 5 1 0 1 
Jibs_PC#207855127245867008 move all
Jibs_PC#207855127245867008 attack 23 25
Jibs_PC#207855127245867008 roll 3
Jibs_PC#207855127245867008 roll 1
DICE 3 1 5 4 0 5 
Jibs_PC#207855127245867008 roll 3
Jibs_PC#207855127245867008 roll 1
DICE 3 1 5 4 2 4 
Jibs_PC#207855127245867008 move all
Jibs_PC#207855127245867008 attack 25 26
Jibs_PC#207855127245867008 roll 3
Jibs_PC#207855127245867008 roll 1
DICE 3 1 5 4 0 4 
Jibs_PC#207855127245867008 move all
Jibs_PC#207855127245867008 attack 26 24
Jibs_PC#207855127245867008 roll 3
Jibs_PC#207855127245867008 roll 1
DICE 3 1 5 3 3 2 
Jibs_PC#207855127245867008 move all
Jibs_PC#207855127245867008 attack 24 22
Jibs_PC#207855127245867008 roll 3
Jibs_PC#207855127245867008 roll 1
DICE 3 1 4 3 2 4 
Jibs_PC#207855127245867008 roll 3
Jibs_PC#207855127245867008 roll 1
DICE 3 1 5 5 4 1 
Jibs_PC#207855127245867008 move all
