Jibs_PC#3785781910175297536 newplayer ai hard green s0914007
Jibs_PC#3785781910175297536 newplayer ai hard blue bob
Jibs_PC#3785781910175297536 newplayer ai hard red fred
Jibs_PC#3785781910175297536 newplayer ai hard cyan ted
Jibs_PC#3785781910175297536 newplayer ai hard magenta yura
Jibs_PC#3785781910175297536 newplayer ai hard yellow lala
Jibs_PC#3785781910175297536 startgame mission fixed autoplaceall recycle
PLAYER s0914007
MISSION 4 0 3 0 0 0
PLACEALL 22 13 29 34 37 15 10 20 27 19 11 23 36 2 39 6 8 16 33 1 38 41 25 30 7 32 24 26 42 17 21 12 14 3 35 40 4 5 28 31 18 9
Jibs_PC#3785781910175297536 placearmies 33 1
CARD 
Jibs_PC#3785781910175297536 placearmies 13 1
CARD 
Jibs_PC#3785781910175297536 placearmies 14 1
CARD 
Jibs_PC#3785781910175297536 placearmies 41 1
CARD 
Jibs_PC#3785781910175297536 placearmies 37 1
CARD 
Jibs_PC#3785781910175297536 placearmies 23 1
CARD 
Jibs_PC#3785781910175297536 placearmies 33 1
CARD 
Jibs_PC#3785781910175297536 placearmies 13 1
CARD 
Jibs_PC#3785781910175297536 placearmies 14 1
CARD 
Jibs_PC#3785781910175297536 placearmies 41 1
CARD 
Jibs_PC#3785781910175297536 placearmies 25 1
CARD 
Jibs_PC#3785781910175297536 placearmies 16 1
CARD 
Jibs_PC#3785781910175297536 placearmies 7 1
CARD 
Jibs_PC#3785781910175297536 placearmies 13 1
CARD 
Jibs_PC#3785781910175297536 placearmies 14 1
CARD 
Jibs_PC#3785781910175297536 placearmies 41 1
CARD 
Jibs_PC#3785781910175297536 placearmies 25 1
CARD 
Jibs_PC#3785781910175297536 placearmies 16 1
CARD 
Jibs_PC#3785781910175297536 placearmies 7 1
CARD 
Jibs_PC#3785781910175297536 placearmies 13 1
CARD 
Jibs_PC#3785781910175297536 placearmies 14 1
CARD 
Jibs_PC#3785781910175297536 placearmies 41 1
CARD 
Jibs_PC#3785781910175297536 placearmies 25 1
CARD 
Jibs_PC#3785781910175297536 placearmies 16 1
CARD 
Jibs_PC#3785781910175297536 placearmies 7 1
CARD 
Jibs_PC#3785781910175297536 placearmies 13 1
CARD 
Jibs_PC#3785781910175297536 placearmies 14 1
CARD 
Jibs_PC#3785781910175297536 placearmies 41 1
CARD 
Jibs_PC#3785781910175297536 placearmies 25 1
CARD 
Jibs_PC#3785781910175297536 placearmies 16 1
CARD 
Jibs_PC#3785781910175297536 placearmies 7 1
CARD 
Jibs_PC#3785781910175297536 placearmies 13 1
CARD 
Jibs_PC#3785781910175297536 placearmies 14 1
CARD 
Jibs_PC#3785781910175297536 placearmies 41 1
CARD 
Jibs_PC#3785781910175297536 placearmies 25 1
CARD 
Jibs_PC#3785781910175297536 placearmies 16 1
CARD 
Jibs_PC#3785781910175297536 placearmies 7 1
CARD 
Jibs_PC#3785781910175297536 placearmies 13 1
CARD 
Jibs_PC#3785781910175297536 placearmies 14 1
CARD 
Jibs_PC#3785781910175297536 placearmies 41 1
CARD 
Jibs_PC#3785781910175297536 placearmies 25 1
CARD 
Jibs_PC#3785781910175297536 placearmies 16 1
CARD 
Jibs_PC#3785781910175297536 placearmies 7 1
CARD 
Jibs_PC#3785781910175297536 placearmies 1 1
CARD 
Jibs_PC#3785781910175297536 placearmies 14 1
CARD 
Jibs_PC#3785781910175297536 placearmies 41 1
CARD 
Jibs_PC#3785781910175297536 placearmies 25 1
CARD 
Jibs_PC#3785781910175297536 placearmies 16 1
CARD 
Jibs_PC#3785781910175297536 placearmies 7 1
CARD 
Jibs_PC#3785781910175297536 placearmies 1 1
CARD 
Jibs_PC#3785781910175297536 placearmies 14 1
CARD 
Jibs_PC#3785781910175297536 placearmies 41 1
CARD 
Jibs_PC#3785781910175297536 placearmies 25 1
CARD 
Jibs_PC#3785781910175297536 placearmies 16 1
CARD 
Jibs_PC#3785781910175297536 placearmies 33 1
CARD 
Jibs_PC#3785781910175297536 placearmies 1 1
CARD 
Jibs_PC#3785781910175297536 placearmies 14 1
CARD 
Jibs_PC#3785781910175297536 placearmies 41 1
CARD 
Jibs_PC#3785781910175297536 placearmies 25 1
CARD 
Jibs_PC#3785781910175297536 placearmies 16 1
CARD 
Jibs_PC#3785781910175297536 placearmies 33 1
CARD 
Jibs_PC#3785781910175297536 placearmies 1 1
CARD 
Jibs_PC#3785781910175297536 placearmies 14 1
CARD 
Jibs_PC#3785781910175297536 placearmies 19 1
CARD 
Jibs_PC#3785781910175297536 placearmies 25 1
CARD 
Jibs_PC#3785781910175297536 placearmies 16 1
CARD 
Jibs_PC#3785781910175297536 placearmies 33 1
CARD 
Jibs_PC#3785781910175297536 placearmies 1 1
CARD 
Jibs_PC#3785781910175297536 placearmies 14 1
CARD 
Jibs_PC#3785781910175297536 placearmies 19 1
CARD 
Jibs_PC#3785781910175297536 placearmies 25 1
CARD 
Jibs_PC#3785781910175297536 placearmies 16 1
CARD 
Jibs_PC#3785781910175297536 placearmies 33 1
CARD 
Jibs_PC#3785781910175297536 placearmies 1 1
CARD 
Jibs_PC#3785781910175297536 placearmies 14 1
CARD 
Jibs_PC#3785781910175297536 placearmies 19 1
CARD 
Jibs_PC#3785781910175297536 placearmies 25 1
CARD 
Jibs_PC#3785781910175297536 placearmies 16 1
CARD 
Jibs_PC#3785781910175297536 placearmies 33 3
Jibs_PC#3785781910175297536 attack 33 39
Jibs_PC#3785781910175297536 roll 3
Jibs_PC#3785781910175297536 roll 1
DICE 3 1 5 3 2 0 
Jibs_PC#3785781910175297536 move 9
Jibs_PC#3785781910175297536 endattack
Jibs_PC#3785781910175297536 nomove
CARD 5
Jibs_PC#3785781910175297536 placearmies 1 3
Jibs_PC#3785781910175297536 attack 13 11
Jibs_PC#3785781910175297536 roll 3
Jibs_PC#3785781910175297536 roll 1
DICE 3 1 3 3 0 1 
Jibs_PC#3785781910175297536 move 7
Jibs_PC#3785781910175297536 attack 11 10
Jibs_PC#3785781910175297536 roll 3
Jibs_PC#3785781910175297536 roll 1
DICE 3 1 5 3 2 0 
Jibs_PC#3785781910175297536 move 3
Jibs_PC#3785781910175297536 endattack
Jibs_PC#3785781910175297536 movearmies 11 12 3
CARD 4
Jibs_PC#3785781910175297536 placearmies 14 3
Jibs_PC#3785781910175297536 attack 14 6
Jibs_PC#3785781910175297536 roll 3
Jibs_PC#3785781910175297536 roll 1
DICE 3 1 2 1 1 3 
Jibs_PC#3785781910175297536 roll 3
Jibs_PC#3785781910175297536 roll 1
DICE 3 1 5 5 0 4 
Jibs_PC#3785781910175297536 move 15
Jibs_PC#3785781910175297536 attack 6 8
Jibs_PC#3785781910175297536 roll 3
Jibs_PC#3785781910175297536 roll 1
DICE 3 1 3 3 0 4 
Jibs_PC#3785781910175297536 roll 3
Jibs_PC#3785781910175297536 roll 1
DICE 3 1 3 2 1 4 
Jibs_PC#3785781910175297536 retreat
Jibs_PC#3785781910175297536 endattack
Jibs_PC#3785781910175297536 nomove
CARD 3
Jibs_PC#3785781910175297536 placearmies 19 1
Jibs_PC#3785781910175297536 placearmies 19 2
Jibs_PC#3785781910175297536 attack 41 39
Jibs_PC#3785781910175297536 roll 3
Jibs_PC#3785781910175297536 roll 2
DICE 3 2 4 4 3 4 2 
Jibs_PC#3785781910175297536 roll 3
Jibs_PC#3785781910175297536 roll 2
DICE 3 2 1 1 1 4 3 
Jibs_PC#3785781910175297536 retreat
Jibs_PC#3785781910175297536 attack 41 40
Jibs_PC#3785781910175297536 roll 3
Jibs_PC#3785781910175297536 roll 1
DICE 3 1 1 1 1 4 
Jibs_PC#3785781910175297536 roll 3
Jibs_PC#3785781910175297536 roll 1
DICE 3 1 5 0 0 4 
Jibs_PC#3785781910175297536 move 6
Jibs_PC#3785781910175297536 endattack
Jibs_PC#3785781910175297536 nomove
CARD 22
Jibs_PC#3785781910175297536 placearmies 25 1
Jibs_PC#3785781910175297536 placearmies 25 2
Jibs_PC#3785781910175297536 attack 25 23
Jibs_PC#3785781910175297536 roll 3
Jibs_PC#3785781910175297536 roll 2
DICE 3 2 3 2 2 5 1 
Jibs_PC#3785781910175297536 roll 3
Jibs_PC#3785781910175297536 roll 1
DICE 3 1 5 4 3 3 
Jibs_PC#3785781910175297536 move 14
Jibs_PC#3785781910175297536 attack 23 21
Jibs_PC#3785781910175297536 roll 3
Jibs_PC#3785781910175297536 roll 1
DICE 3 1 3 1 0 2 
Jibs_PC#3785781910175297536 move 13
Jibs_PC#3785781910175297536 attack 21 12
Jibs_PC#3785781910175297536 roll 3
Jibs_PC#3785781910175297536 roll 2
DICE 3 2 5 1 0 4 0 
Jibs_PC#3785781910175297536 roll 3
Jibs_PC#3785781910175297536 roll 2
DICE 3 2 3 3 1 5 0 
Jibs_PC#3785781910175297536 roll 3
Jibs_PC#3785781910175297536 roll 1
DICE 3 1 5 2 1 4 
Jibs_PC#3785781910175297536 move 11
Jibs_PC#3785781910175297536 attack 12 10
Jibs_PC#3785781910175297536 roll 3
Jibs_PC#3785781910175297536 roll 2
DICE 3 2 5 5 0 3 3 
Jibs_PC#3785781910175297536 roll 3
Jibs_PC#3785781910175297536 roll 1
DICE 3 1 5 5 2 0 
Jibs_PC#3785781910175297536 move 10
Jibs_PC#3785781910175297536 attack 10 11
Jibs_PC#3785781910175297536 roll 3
Jibs_PC#3785781910175297536 roll 1
DICE 3 1 2 1 0 5 
Jibs_PC#3785781910175297536 roll 3
Jibs_PC#3785781910175297536 roll 1
DICE 3 1 2 1 0 5 
Jibs_PC#3785781910175297536 roll 3
Jibs_PC#3785781910175297536 roll 1
DICE 3 1 1 0 0 1 
Jibs_PC#3785781910175297536 roll 3
Jibs_PC#3785781910175297536 roll 1
DICE 3 1 5 2 1 5 
Jibs_PC#3785781910175297536 roll 3
Jibs_PC#3785781910175297536 roll 1
DICE 3 1 4 4 2 1 
Jibs_PC#3785781910175297536 move 5
Jibs_PC#3785781910175297536 attack 11 13
Jibs_PC#3785781910175297536 roll 3
Jibs_PC#3785781910175297536 roll 1
DICE 3 1 3 2 2 0 
Jibs_PC#3785781910175297536 move 3
Jibs_PC#3785781910175297536 endattack
Jibs_PC#3785781910175297536 movearmies 11 10 1
CARD 2
Jibs_PC#3785781910175297536 placearmies 16 2
Jibs_PC#3785781910175297536 placearmies 16 1
Jibs_PC#3785781910175297536 attack 16 18
Jibs_PC#3785781910175297536 roll 3
Jibs_PC#3785781910175297536 roll 1
DICE 3 1 5 3 1 0 
Jibs_PC#3785781910175297536 move 15
Jibs_PC#3785781910175297536 attack 18 19
Jibs_PC#3785781910175297536 roll 3
Jibs_PC#3785781910175297536 roll 2
DICE 3 2 4 3 1 5 4 
Jibs_PC#3785781910175297536 roll 3
Jibs_PC#3785781910175297536 roll 2
DICE 3 2 5 4 0 0 0 
Jibs_PC#3785781910175297536 retreat
Jibs_PC#3785781910175297536 attack 18 20
Jibs_PC#3785781910175297536 roll 3
Jibs_PC#3785781910175297536 roll 1
DICE 3 1 4 3 2 0 
Jibs_PC#3785781910175297536 move 12
Jibs_PC#3785781910175297536 attack 20 19
Jibs_PC#3785781910175297536 roll 3
Jibs_PC#3785781910175297536 roll 2
DICE 3 2 2 1 0 5 3 
Jibs_PC#3785781910175297536 roll 3
Jibs_PC#3785781910175297536 roll 2
DICE 3 2 5 5 1 4 4 
Jibs_PC#3785781910175297536 retreat
Jibs_PC#3785781910175297536 attack 20 21
Jibs_PC#3785781910175297536 roll 3
Jibs_PC#3785781910175297536 roll 1
DICE 3 1 4 4 1 0 
Jibs_PC#3785781910175297536 move 9
Jibs_PC#3785781910175297536 attack 21 12
Jibs_PC#3785781910175297536 roll 3
Jibs_PC#3785781910175297536 roll 1
DICE 3 1 3 0 0 2 
Jibs_PC#3785781910175297536 move 8
Jibs_PC#3785781910175297536 attack 12 13
Jibs_PC#3785781910175297536 roll 3
Jibs_PC#3785781910175297536 roll 2
DICE 3 2 5 4 0 5 0 
Jibs_PC#3785781910175297536 roll 3
Jibs_PC#3785781910175297536 roll 2
DICE 3 2 3 2 1 5 1 
Jibs_PC#3785781910175297536 retreat
Jibs_PC#3785781910175297536 attack 12 10
Jibs_PC#3785781910175297536 roll 3
Jibs_PC#3785781910175297536 roll 2
DICE 3 2 5 5 0 3 0 
Jibs_PC#3785781910175297536 move 5
Jibs_PC#3785781910175297536 attack 10 11
Jibs_PC#3785781910175297536 roll 3
Jibs_PC#3785781910175297536 roll 1
DICE 3 1 4 3 1 1 
Jibs_PC#3785781910175297536 move 4
Jibs_PC#3785781910175297536 attack 11 13
Jibs_PC#3785781910175297536 roll 3
Jibs_PC#3785781910175297536 roll 1
DICE 3 1 4 1 0 4 
Jibs_PC#3785781910175297536 roll 2
Jibs_PC#3785781910175297536 roll 1
DICE 2 1 4 4 0 
Jibs_PC#3785781910175297536 endattack
Jibs_PC#3785781910175297536 nomove
CARD 7
Jibs_PC#3785781910175297536 placearmies 7 3
Jibs_PC#3785781910175297536 attack 39 40
Jibs_PC#3785781910175297536 roll 3
Jibs_PC#3785781910175297536 roll 2
DICE 3 2 3 2 0 2 2 
Jibs_PC#3785781910175297536 roll 3
Jibs_PC#3785781910175297536 roll 2
DICE 3 2 5 1 1 5 2 
Jibs_PC#3785781910175297536 retreat
Jibs_PC#3785781910175297536 attack 39 41
Jibs_PC#3785781910175297536 roll 3
Jibs_PC#3785781910175297536 roll 1
DICE 3 1 5 4 2 2 
Jibs_PC#3785781910175297536 move 4
Jibs_PC#3785781910175297536 endattack
Jibs_PC#3785781910175297536 nomove
CARD 40
Jibs_PC#3785781910175297536 placearmies 1 3
Jibs_PC#3785781910175297536 attack 1 38
Jibs_PC#3785781910175297536 roll 3
Jibs_PC#3785781910175297536 roll 1
DICE 3 1 4 2 2 4 
Jibs_PC#3785781910175297536 roll 3
Jibs_PC#3785781910175297536 roll 1
DICE 3 1 4 3 1 4 
Jibs_PC#3785781910175297536 roll 3
Jibs_PC#3785781910175297536 roll 1
DICE 3 1 4 1 1 0 
Jibs_PC#3785781910175297536 move 10
Jibs_PC#3785781910175297536 endattack
Jibs_PC#3785781910175297536 nomove
CARD 14
Jibs_PC#3785781910175297536 placearmies 24 3
Jibs_PC#3785781910175297536 attack 6 8
Jibs_PC#3785781910175297536 roll 3
Jibs_PC#3785781910175297536 roll 1
DICE 3 1 4 3 3 2 
Jibs_PC#3785781910175297536 move 12
Jibs_PC#3785781910175297536 endattack
Jibs_PC#3785781910175297536 nomove
CARD 1
Jibs_PC#3785781910175297536 placearmies 19 2
Jibs_PC#3785781910175297536 placearmies 19 1
Jibs_PC#3785781910175297536 attack 19 21
Jibs_PC#3785781910175297536 roll 3
Jibs_PC#3785781910175297536 roll 1
DICE 3 1 5 2 1 4 
Jibs_PC#3785781910175297536 move 5
Jibs_PC#3785781910175297536 attack 21 12
Jibs_PC#3785781910175297536 roll 3
Jibs_PC#3785781910175297536 roll 1
DICE 3 1 5 4 1 1 
Jibs_PC#3785781910175297536 move 4
Jibs_PC#3785781910175297536 endattack
Jibs_PC#3785781910175297536 nomove
CARD 30
Jibs_PC#3785781910175297536 placearmies 37 2
Jibs_PC#3785781910175297536 placearmies 23 1
Jibs_PC#3785781910175297536 attack 37 36
Jibs_PC#3785781910175297536 roll 3
Jibs_PC#3785781910175297536 roll 1
DICE 3 1 5 4 2 2 
Jibs_PC#3785781910175297536 endattack
Jibs_PC#3785781910175297536 nomove
CARD 15
Jibs_PC#3785781910175297536 placearmies 9 3
Jibs_PC#3785781910175297536 attack 9 4
Jibs_PC#3785781910175297536 roll 3
Jibs_PC#3785781910175297536 roll 1
DICE 3 1 5 3 2 3 
Jibs_PC#3785781910175297536 endattack
Jibs_PC#3785781910175297536 nomove
CARD wildcard
Jibs_PC#3785781910175297536 placearmies 41 1
Jibs_PC#3785781910175297536 placearmies 7 2
Jibs_PC#3785781910175297536 attack 41 42
Jibs_PC#3785781910175297536 roll 3
Jibs_PC#3785781910175297536 roll 1
DICE 3 1 3 2 0 0 
Jibs_PC#3785781910175297536 move 4
Jibs_PC#3785781910175297536 endattack
Jibs_PC#3785781910175297536 nomove
CARD 21
Jibs_PC#3785781910175297536 placearmies 38 3
Jibs_PC#3785781910175297536 attack 38 36
Jibs_PC#3785781910175297536 roll 3
Jibs_PC#3785781910175297536 roll 2
DICE 3 2 3 1 1 5 4 
Jibs_PC#3785781910175297536 roll 3
Jibs_PC#3785781910175297536 roll 2
DICE 3 2 5 3 0 4 0 
Jibs_PC#3785781910175297536 retreat
Jibs_PC#3785781910175297536 attack 38 34
Jibs_PC#3785781910175297536 roll 3
Jibs_PC#3785781910175297536 roll 1
DICE 3 1 5 3 0 1 
Jibs_PC#3785781910175297536 move 10
Jibs_PC#3785781910175297536 attack 34 27
Jibs_PC#3785781910175297536 roll 3
Jibs_PC#3785781910175297536 roll 1
DICE 3 1 2 1 0 0 
Jibs_PC#3785781910175297536 move 9
Jibs_PC#3785781910175297536 attack 27 28
Jibs_PC#3785781910175297536 roll 3
Jibs_PC#3785781910175297536 roll 1
DICE 3 1 5 2 1 3 
Jibs_PC#3785781910175297536 move 8
Jibs_PC#3785781910175297536 attack 28 29
Jibs_PC#3785781910175297536 roll 3
Jibs_PC#3785781910175297536 roll 1
DICE 3 1 5 3 2 1 
Jibs_PC#3785781910175297536 move 7
Jibs_PC#3785781910175297536 attack 29 30
Jibs_PC#3785781910175297536 roll 3
Jibs_PC#3785781910175297536 roll 1
DICE 3 1 2 1 0 2 
Jibs_PC#3785781910175297536 roll 3
Jibs_PC#3785781910175297536 roll 1
DICE 3 1 3 2 0 5 
Jibs_PC#3785781910175297536 roll 3
Jibs_PC#3785781910175297536 roll 1
DICE 3 1 5 3 0 0 
Jibs_PC#3785781910175297536 move 4
Jibs_PC#3785781910175297536 attack 30 31
Jibs_PC#3785781910175297536 roll 3
Jibs_PC#3785781910175297536 roll 1
DICE 3 1 4 2 1 1 
Jibs_PC#3785781910175297536 endattack
Jibs_PC#3785781910175297536 nomove
CARD 9
Jibs_PC#3785781910175297536 placearmies 8 2
Jibs_PC#3785781910175297536 placearmies 24 1
Jibs_PC#3785781910175297536 attack 8 7
Jibs_PC#3785781910175297536 roll 3
Jibs_PC#3785781910175297536 roll 2
DICE 3 2 5 4 2 2 2 
Jibs_PC#3785781910175297536 roll 3
Jibs_PC#3785781910175297536 roll 2
DICE 3 2 3 2 2 5 4 
Jibs_PC#3785781910175297536 roll 3
Jibs_PC#3785781910175297536 roll 2
DICE 3 2 5 4 3 5 4 
Jibs_PC#3785781910175297536 roll 3
Jibs_PC#3785781910175297536 roll 2
DICE 3 2 5 2 0 1 1 
Jibs_PC#3785781910175297536 roll 3
Jibs_PC#3785781910175297536 roll 2
DICE 3 2 2 2 1 5 1 
Jibs_PC#3785781910175297536 retreat
Jibs_PC#3785781910175297536 attack 8 9
Jibs_PC#3785781910175297536 roll 3
Jibs_PC#3785781910175297536 roll 1
DICE 3 1 5 5 4 1 
Jibs_PC#3785781910175297536 move 8
Jibs_PC#3785781910175297536 endattack
Jibs_PC#3785781910175297536 nomove
CARD 42
Jibs_PC#3785781910175297536 placearmies 40 3
Jibs_PC#3785781910175297536 attack 40 42
Jibs_PC#3785781910175297536 roll 3
Jibs_PC#3785781910175297536 roll 2
DICE 3 2 3 2 1 4 0 
Jibs_PC#3785781910175297536 roll 3
Jibs_PC#3785781910175297536 roll 2
DICE 3 2 4 3 2 2 1 
Jibs_PC#3785781910175297536 retreat
Jibs_PC#3785781910175297536 attack 40 39
Jibs_PC#3785781910175297536 roll 3
Jibs_PC#3785781910175297536 roll 1
DICE 3 1 4 3 1 0 
Jibs_PC#3785781910175297536 move 6
Jibs_PC#3785781910175297536 attack 39 41
Jibs_PC#3785781910175297536 roll 3
Jibs_PC#3785781910175297536 roll 1
DICE 3 1 4 0 0 5 
Jibs_PC#3785781910175297536 roll 3
Jibs_PC#3785781910175297536 roll 1
DICE 3 1 3 2 2 5 
Jibs_PC#3785781910175297536 roll 3
Jibs_PC#3785781910175297536 roll 1
DICE 3 1 3 1 0 0 
Jibs_PC#3785781910175297536 attack 41 42
Jibs_PC#3785781910175297536 roll 2
Jibs_PC#3785781910175297536 roll 1
DICE 2 1 5 5 3 
Jibs_PC#3785781910175297536 endattack
Jibs_PC#3785781910175297536 nomove
CARD 29
Jibs_PC#3785781910175297536 placearmies 23 2
Jibs_PC#3785781910175297536 placearmies 36 1
Jibs_PC#3785781910175297536 attack 23 21
Jibs_PC#3785781910175297536 roll 3
Jibs_PC#3785781910175297536 roll 1
DICE 3 1 5 3 0 2 
Jibs_PC#3785781910175297536 endattack
Jibs_PC#3785781910175297536 nomove
CARD 16
Jibs_PC#3785781910175297536 placearmies 4 1
Jibs_PC#3785781910175297536 placearmies 4 1
Jibs_PC#3785781910175297536 placearmies 4 1
Jibs_PC#3785781910175297536 attack 4 3
Jibs_PC#3785781910175297536 roll 3
Jibs_PC#3785781910175297536 roll 1
DICE 3 1 5 2 1 3 
Jibs_PC#3785781910175297536 move 5
Jibs_PC#3785781910175297536 endattack
Jibs_PC#3785781910175297536 nomove
CARD wildcard
Jibs_PC#3785781910175297536 placearmies 33 3
Jibs_PC#3785781910175297536 attack 33 39
Jibs_PC#3785781910175297536 roll 3
Jibs_PC#3785781910175297536 roll 1
DICE 3 1 2 2 0 3 
Jibs_PC#3785781910175297536 roll 2
Jibs_PC#3785781910175297536 roll 1
DICE 2 1 2 0 2 
Jibs_PC#3785781910175297536 retreat
Jibs_PC#3785781910175297536 attack 7 8
Jibs_PC#3785781910175297536 roll 3
Jibs_PC#3785781910175297536 roll 1
DICE 3 1 3 3 0 3 
Jibs_PC#3785781910175297536 roll 3
Jibs_PC#3785781910175297536 roll 1
DICE 3 1 5 3 1 0 
Jibs_PC#3785781910175297536 move 6
Jibs_PC#3785781910175297536 endattack
Jibs_PC#3785781910175297536 nomove
CARD 37
Jibs_PC#3785781910175297536 placearmies 31 1
Jibs_PC#3785781910175297536 placearmies 29 2
Jibs_PC#3785781910175297536 attack 31 16
Jibs_PC#3785781910175297536 roll 3
Jibs_PC#3785781910175297536 roll 1
DICE 3 1 3 2 1 4 
Jibs_PC#3785781910175297536 roll 2
Jibs_PC#3785781910175297536 roll 1
DICE 2 1 2 1 0 
Jibs_PC#3785781910175297536 endattack
Jibs_PC#3785781910175297536 nomove
CARD 23
Jibs_PC#3785781910175297536 trade 3 1 42
Jibs_PC#3785781910175297536 placearmies 9 3
Jibs_PC#3785781910175297536 placearmies 24 3
Jibs_PC#3785781910175297536 placearmies 14 1
Jibs_PC#3785781910175297536 attack 9 8
Jibs_PC#3785781910175297536 roll 3
Jibs_PC#3785781910175297536 roll 2
DICE 3 2 4 3 2 4 4 
Jibs_PC#3785781910175297536 roll 3
Jibs_PC#3785781910175297536 roll 2
DICE 3 2 3 3 0 1 0 
Jibs_PC#3785781910175297536 roll 3
Jibs_PC#3785781910175297536 roll 2
DICE 3 2 5 4 1 5 4 
Jibs_PC#3785781910175297536 roll 3
Jibs_PC#3785781910175297536 roll 2
DICE 3 2 2 1 0 3 2 
Jibs_PC#3785781910175297536 roll 3
Jibs_PC#3785781910175297536 roll 2
DICE 3 2 5 4 3 4 0 
Jibs_PC#3785781910175297536 retreat
Jibs_PC#3785781910175297536 attack 24 21
Jibs_PC#3785781910175297536 roll 3
Jibs_PC#3785781910175297536 roll 2
DICE 3 2 5 4 1 5 3 
Jibs_PC#3785781910175297536 roll 3
Jibs_PC#3785781910175297536 roll 2
DICE 3 2 2 1 0 5 2 
Jibs_PC#3785781910175297536 roll 3
Jibs_PC#3785781910175297536 roll 2
DICE 3 2 5 5 2 0 0 
Jibs_PC#3785781910175297536 move 4
Jibs_PC#3785781910175297536 endattack
Jibs_PC#3785781910175297536 nomove
CARD 10
Jibs_PC#3785781910175297536 placearmies 39 1
Jibs_PC#3785781910175297536 placearmies 12 4
Jibs_PC#3785781910175297536 attack 12 10
Jibs_PC#3785781910175297536 roll 3
Jibs_PC#3785781910175297536 roll 1
DICE 3 1 4 1 0 4 
Jibs_PC#3785781910175297536 roll 3
Jibs_PC#3785781910175297536 roll 1
DICE 3 1 5 3 3 1 
Jibs_PC#3785781910175297536 move 6
Jibs_PC#3785781910175297536 attack 10 11
Jibs_PC#3785781910175297536 roll 3
Jibs_PC#3785781910175297536 roll 1
DICE 3 1 3 1 0 2 
Jibs_PC#3785781910175297536 move 5
Jibs_PC#3785781910175297536 attack 11 13
Jibs_PC#3785781910175297536 roll 3
Jibs_PC#3785781910175297536 roll 2
DICE 3 2 3 1 0 5 4 
Jibs_PC#3785781910175297536 retreat
Jibs_PC#3785781910175297536 endattack
Jibs_PC#3785781910175297536 nomove
CARD 11
Jibs_PC#3785781910175297536 trade 2 15 16
Jibs_PC#3785781910175297536 placearmies 36 2
Jibs_PC#3785781910175297536 placearmies 36 9
Jibs_PC#3785781910175297536 attack 36 29
Jibs_PC#3785781910175297536 roll 3
Jibs_PC#3785781910175297536 roll 2
DICE 3 2 3 1 0 2 0 
Jibs_PC#3785781910175297536 roll 3
Jibs_PC#3785781910175297536 roll 1
DICE 3 1 2 2 0 2 
Jibs_PC#3785781910175297536 roll 3
Jibs_PC#3785781910175297536 roll 1
DICE 3 1 5 3 0 3 
Jibs_PC#3785781910175297536 move 11
Jibs_PC#3785781910175297536 attack 29 33
Jibs_PC#3785781910175297536 roll 3
Jibs_PC#3785781910175297536 roll 2
DICE 3 2 5 2 1 2 0 
Jibs_PC#3785781910175297536 move 10
Jibs_PC#3785781910175297536 attack 33 39
Jibs_PC#3785781910175297536 roll 3
Jibs_PC#3785781910175297536 roll 2
DICE 3 2 5 1 0 5 1 
Jibs_PC#3785781910175297536 roll 3
Jibs_PC#3785781910175297536 roll 2
DICE 3 2 2 1 0 5 4 
Jibs_PC#3785781910175297536 roll 3
Jibs_PC#3785781910175297536 roll 2
DICE 3 2 5 5 4 5 1 
Jibs_PC#3785781910175297536 roll 3
Jibs_PC#3785781910175297536 roll 1
DICE 3 1 4 1 0 5 
Jibs_PC#3785781910175297536 roll 3
Jibs_PC#3785781910175297536 roll 1
DICE 3 1 5 2 1 2 
Jibs_PC#3785781910175297536 endattack
Jibs_PC#3785781910175297536 nomove
CARD 35
Jibs_PC#3785781910175297536 trade 7 wildcard wildcard
Jibs_PC#3785781910175297536 placearmies 3 4
Jibs_PC#3785781910175297536 placearmies 13 6
Jibs_PC#3785781910175297536 placearmies 3 3
Jibs_PC#3785781910175297536 attack 13 12
Jibs_PC#3785781910175297536 roll 3
Jibs_PC#3785781910175297536 roll 1
DICE 3 1 3 1 0 4 
Jibs_PC#3785781910175297536 roll 3
Jibs_PC#3785781910175297536 roll 1
DICE 3 1 5 4 4 1 
Jibs_PC#3785781910175297536 move 6
Jibs_PC#3785781910175297536 attack 12 11
Jibs_PC#3785781910175297536 roll 3
Jibs_PC#3785781910175297536 roll 2
DICE 3 2 4 4 2 4 2 
Jibs_PC#3785781910175297536 roll 3
Jibs_PC#3785781910175297536 roll 2
DICE 3 2 4 2 0 2 1 
Jibs_PC#3785781910175297536 move 4
Jibs_PC#3785781910175297536 attack 11 10
Jibs_PC#3785781910175297536 roll 3
Jibs_PC#3785781910175297536 roll 1
DICE 3 1 4 3 1 5 
Jibs_PC#3785781910175297536 roll 2
Jibs_PC#3785781910175297536 roll 1
DICE 2 1 5 3 4 
Jibs_PC#3785781910175297536 attack 3 7
Jibs_PC#3785781910175297536 roll 3
Jibs_PC#3785781910175297536 roll 1
DICE 3 1 5 5 3 5 
Jibs_PC#3785781910175297536 roll 3
Jibs_PC#3785781910175297536 roll 1
DICE 3 1 5 3 3 5 
Jibs_PC#3785781910175297536 retreat
Jibs_PC#3785781910175297536 attack 3 7
Jibs_PC#3785781910175297536 roll 3
Jibs_PC#3785781910175297536 roll 1
DICE 3 1 5 0 0 5 
Jibs_PC#3785781910175297536 roll 3
Jibs_PC#3785781910175297536 roll 1
DICE 3 1 5 3 3 0 
Jibs_PC#3785781910175297536 move 8
Jibs_PC#3785781910175297536 attack 7 8
Jibs_PC#3785781910175297536 roll 3
Jibs_PC#3785781910175297536 roll 2
DICE 3 2 5 5 0 1 1 
Jibs_PC#3785781910175297536 move 7
Jibs_PC#3785781910175297536 attack 8 6
Jibs_PC#3785781910175297536 roll 3
Jibs_PC#3785781910175297536 roll 1
DICE 3 1 4 4 2 3 
Jibs_PC#3785781910175297536 move 6
Jibs_PC#3785781910175297536 attack 6 14
Jibs_PC#3785781910175297536 roll 3
Jibs_PC#3785781910175297536 roll 2
DICE 3 2 3 2 0 3 1 
Jibs_PC#3785781910175297536 roll 3
Jibs_PC#3785781910175297536 roll 1
DICE 3 1 3 2 1 0 
Jibs_PC#3785781910175297536 move 3
Jibs_PC#3785781910175297536 endattack
Jibs_PC#3785781910175297536 movearmies 14 6 2
CARD 20
Jibs_PC#3785781910175297536 placearmies 22 3
Jibs_PC#3785781910175297536 attack 22 31
Jibs_PC#3785781910175297536 roll 3
Jibs_PC#3785781910175297536 roll 1
DICE 3 1 4 2 0 0 
Jibs_PC#3785781910175297536 endattack
Jibs_PC#3785781910175297536 nomove
CARD 12
Jibs_PC#3785781910175297536 trade 4 9 23
Jibs_PC#3785781910175297536 placearmies 16 9
Jibs_PC#3785781910175297536 placearmies 16 4
Jibs_PC#3785781910175297536 attack 16 31
Jibs_PC#3785781910175297536 roll 3
Jibs_PC#3785781910175297536 roll 2
DICE 3 2 5 5 1 1 0 
Jibs_PC#3785781910175297536 roll 3
Jibs_PC#3785781910175297536 roll 1
DICE 3 1 5 4 1 5 
Jibs_PC#3785781910175297536 roll 3
Jibs_PC#3785781910175297536 roll 1
DICE 3 1 3 3 1 3 
Jibs_PC#3785781910175297536 roll 3
Jibs_PC#3785781910175297536 roll 1
DICE 3 1 2 2 2 5 
Jibs_PC#3785781910175297536 roll 3
Jibs_PC#3785781910175297536 roll 1
DICE 3 1 5 4 3 0 
Jibs_PC#3785781910175297536 move 11
Jibs_PC#3785781910175297536 attack 31 22
Jibs_PC#3785781910175297536 roll 3
Jibs_PC#3785781910175297536 roll 1
DICE 3 1 4 3 0 4 
Jibs_PC#3785781910175297536 roll 3
Jibs_PC#3785781910175297536 roll 1
DICE 3 1 4 2 0 5 
Jibs_PC#3785781910175297536 roll 3
Jibs_PC#3785781910175297536 roll 1
DICE 3 1 5 4 0 3 
Jibs_PC#3785781910175297536 move 8
Jibs_PC#3785781910175297536 trade 14 5 12
Jibs_PC#3785781910175297536 placearmies 22 4
Jibs_PC#3785781910175297536 placearmies 38 6
Jibs_PC#3785781910175297536 attack 22 21
Jibs_PC#3785781910175297536 roll 3
Jibs_PC#3785781910175297536 roll 2
DICE 3 2 5 4 4 5 1 
Jibs_PC#3785781910175297536 roll 3
Jibs_PC#3785781910175297536 roll 2
DICE 3 2 5 2 0 3 0 
Jibs_PC#3785781910175297536 roll 3
Jibs_PC#3785781910175297536 roll 1
DICE 3 1 4 2 1 3 
Jibs_PC#3785781910175297536 move 10
Jibs_PC#3785781910175297536 attack 21 12
Jibs_PC#3785781910175297536 roll 3
Jibs_PC#3785781910175297536 roll 1
DICE 3 1 2 0 0 2 
Jibs_PC#3785781910175297536 roll 3
Jibs_PC#3785781910175297536 roll 1
DICE 3 1 5 0 0 1 
Jibs_PC#3785781910175297536 move 8
Jibs_PC#3785781910175297536 attack 12 13
Jibs_PC#3785781910175297536 roll 3
Jibs_PC#3785781910175297536 roll 1
DICE 3 1 5 4 2 0 
Jibs_PC#3785781910175297536 move 7
Jibs_PC#3785781910175297536 attack 13 11
Jibs_PC#3785781910175297536 roll 3
Jibs_PC#3785781910175297536 roll 1
DICE 3 1 5 5 3 1 
Jibs_PC#3785781910175297536 move 6
Jibs_PC#3785781910175297536 attack 11 10
Jibs_PC#3785781910175297536 roll 3
Jibs_PC#3785781910175297536 roll 2
DICE 3 2 5 3 3 5 5 
Jibs_PC#3785781910175297536 roll 3
Jibs_PC#3785781910175297536 roll 2
DICE 3 2 5 2 1 4 4 
Jibs_PC#3785781910175297536 retreat
Jibs_PC#3785781910175297536 attack 5 10
Jibs_PC#3785781910175297536 roll 2
Jibs_PC#3785781910175297536 roll 1
DICE 2 1 3 3 1 
Jibs_PC#3785781910175297536 attack 38 37
Jibs_PC#3785781910175297536 roll 3
Jibs_PC#3785781910175297536 roll 1
DICE 3 1 3 2 0 4 
Jibs_PC#3785781910175297536 roll 3
Jibs_PC#3785781910175297536 roll 1
DICE 3 1 5 3 0 0 
Jibs_PC#3785781910175297536 move 5
Jibs_PC#3785781910175297536 attack 37 36
Jibs_PC#3785781910175297536 roll 3
Jibs_PC#3785781910175297536 roll 1
DICE 3 1 2 1 0 2 
Jibs_PC#3785781910175297536 roll 3
Jibs_PC#3785781910175297536 roll 1
DICE 3 1 4 3 1 2 
Jibs_PC#3785781910175297536 attack 36 35
Jibs_PC#3785781910175297536 roll 2
Jibs_PC#3785781910175297536 roll 1
DICE 2 1 5 0 3 
Jibs_PC#3785781910175297536 endattack
Jibs_PC#3785781910175297536 movearmies 10 5 1
CARD 31
Jibs_PC#3785781910175297536 placearmies 24 3
Jibs_PC#3785781910175297536 attack 24 21
Jibs_PC#3785781910175297536 roll 3
Jibs_PC#3785781910175297536 roll 1
DICE 3 1 5 3 2 0 
Jibs_PC#3785781910175297536 attack 21 12
Jibs_PC#3785781910175297536 roll 2
Jibs_PC#3785781910175297536 roll 1
DICE 2 1 5 3 4 
Jibs_PC#3785781910175297536 attack 9 5
Jibs_PC#3785781910175297536 roll 3
Jibs_PC#3785781910175297536 roll 2
DICE 3 2 5 4 1 3 1 
Jibs_PC#3785781910175297536 move 4
Jibs_PC#3785781910175297536 attack 5 10
Jibs_PC#3785781910175297536 roll 3
Jibs_PC#3785781910175297536 roll 1
DICE 3 1 5 1 0 2 
Jibs_PC#3785781910175297536 endattack
Jibs_PC#3785781910175297536 nomove
CARD 27
Jibs_PC#3785781910175297536 placearmies 19 3
Jibs_PC#3785781910175297536 attack 19 21
Jibs_PC#3785781910175297536 roll 3
Jibs_PC#3785781910175297536 roll 1
DICE 3 1 5 5 1 4 
Jibs_PC#3785781910175297536 endattack
Jibs_PC#3785781910175297536 movearmies 42 40 1
CARD 39
Jibs_PC#3785781910175297536 placearmies 39 1
Jibs_PC#3785781910175297536 placearmies 39 1
Jibs_PC#3785781910175297536 placearmies 29 1
Jibs_PC#3785781910175297536 attack 39 40
Jibs_PC#3785781910175297536 roll 3
Jibs_PC#3785781910175297536 roll 2
DICE 3 2 4 1 0 5 2 
Jibs_PC#3785781910175297536 retreat
Jibs_PC#3785781910175297536 attack 39 41
Jibs_PC#3785781910175297536 roll 2
Jibs_PC#3785781910175297536 roll 1
DICE 2 1 5 1 2 
Jibs_PC#3785781910175297536 endattack
Jibs_PC#3785781910175297536 nomove
CARD 17
Jibs_PC#3785781910175297536 placearmies 17 3
Jibs_PC#3785781910175297536 attack 17 19
Jibs_PC#3785781910175297536 roll 3
Jibs_PC#3785781910175297536 roll 1
DICE 3 1 2 2 1 3 
Jibs_PC#3785781910175297536 roll 2
Jibs_PC#3785781910175297536 roll 1
DICE 2 1 4 3 4 
Jibs_PC#3785781910175297536 retreat
Jibs_PC#3785781910175297536 attack 6 2
Jibs_PC#3785781910175297536 roll 3
Jibs_PC#3785781910175297536 roll 1
DICE 3 1 5 4 2 2 
Jibs_PC#3785781910175297536 attack 2 1
Jibs_PC#3785781910175297536 roll 2
Jibs_PC#3785781910175297536 roll 1
DICE 2 1 5 4 1 
Jibs_PC#3785781910175297536 endattack
Jibs_PC#3785781910175297536 nomove
CARD 19
Jibs_PC#3785781910175297536 trade 40 21 31
Jibs_PC#3785781910175297536 placearmies 13 11
Jibs_PC#3785781910175297536 placearmies 13 3
Jibs_PC#3785781910175297536 attack 13 12
Jibs_PC#3785781910175297536 roll 3
Jibs_PC#3785781910175297536 roll 2
DICE 3 2 4 4 2 5 0 
Jibs_PC#3785781910175297536 roll 3
Jibs_PC#3785781910175297536 roll 1
DICE 3 1 5 4 0 1 
Jibs_PC#3785781910175297536 move 13
Jibs_PC#3785781910175297536 attack 12 10
Jibs_PC#3785781910175297536 roll 3
Jibs_PC#3785781910175297536 roll 2
DICE 3 2 5 4 1 5 4 
Jibs_PC#3785781910175297536 roll 3
Jibs_PC#3785781910175297536 roll 2
DICE 3 2 5 4 3 2 2 
Jibs_PC#3785781910175297536 retreat
Jibs_PC#3785781910175297536 attack 11 10
Jibs_PC#3785781910175297536 roll 2
Jibs_PC#3785781910175297536 roll 1
DICE 2 1 4 1 4 
Jibs_PC#3785781910175297536 retreat
Jibs_PC#3785781910175297536 attack 12 10
Jibs_PC#3785781910175297536 roll 3
Jibs_PC#3785781910175297536 roll 1
DICE 3 1 1 0 0 5 
Jibs_PC#3785781910175297536 roll 3
Jibs_PC#3785781910175297536 roll 1
DICE 3 1 5 4 3 4 
Jibs_PC#3785781910175297536 move 8
Jibs_PC#3785781910175297536 attack 10 5
Jibs_PC#3785781910175297536 roll 3
Jibs_PC#3785781910175297536 roll 1
DICE 3 1 3 1 1 1 
Jibs_PC#3785781910175297536 move 7
Jibs_PC#3785781910175297536 attack 5 9
Jibs_PC#3785781910175297536 roll 3
Jibs_PC#3785781910175297536 roll 1
DICE 3 1 4 2 1 4 
Jibs_PC#3785781910175297536 roll 3
Jibs_PC#3785781910175297536 roll 1
DICE 3 1 4 4 0 4 
Jibs_PC#3785781910175297536 roll 3
Jibs_PC#3785781910175297536 roll 1
DICE 3 1 4 4 3 3 
Jibs_PC#3785781910175297536 move 3
Jibs_PC#3785781910175297536 endattack
Jibs_PC#3785781910175297536 movearmies 9 5 2
CARD 26
Jibs_PC#3785781910175297536 placearmies 24 3
Jibs_PC#3785781910175297536 attack 24 22
Jibs_PC#3785781910175297536 roll 3
Jibs_PC#3785781910175297536 roll 1
DICE 3 1 3 0 0 4 
Jibs_PC#3785781910175297536 roll 2
Jibs_PC#3785781910175297536 roll 1
DICE 2 1 3 2 0 
Jibs_PC#3785781910175297536 endattack
Jibs_PC#3785781910175297536 nomove
CARD 18
Jibs_PC#3785781910175297536 trade 29 11 39
Jibs_PC#3785781910175297536 placearmies 21 6
Jibs_PC#3785781910175297536 placearmies 21 3
Jibs_PC#3785781910175297536 attack 21 24
Jibs_PC#3785781910175297536 roll 3
Jibs_PC#3785781910175297536 roll 1
DICE 3 1 4 4 1 3 
Jibs_PC#3785781910175297536 move 11
Jibs_PC#3785781910175297536 attack 24 22
Jibs_PC#3785781910175297536 roll 3
Jibs_PC#3785781910175297536 roll 2
DICE 3 2 3 1 0 5 1 
Jibs_PC#3785781910175297536 roll 3
Jibs_PC#3785781910175297536 roll 2
DICE 3 2 0 0 0 4 3 
Jibs_PC#3785781910175297536 roll 3
Jibs_PC#3785781910175297536 roll 2
DICE 3 2 4 2 0 5 1 
Jibs_PC#3785781910175297536 roll 3
Jibs_PC#3785781910175297536 roll 1
DICE 3 1 3 1 0 0 
Jibs_PC#3785781910175297536 move 5
Jibs_PC#3785781910175297536 attack 22 31
Jibs_PC#3785781910175297536 roll 3
Jibs_PC#3785781910175297536 roll 2
DICE 3 2 5 5 2 0 0 
Jibs_PC#3785781910175297536 roll 3
Jibs_PC#3785781910175297536 roll 1
DICE 3 1 5 4 3 0 
Jibs_PC#3785781910175297536 move 4
Jibs_PC#3785781910175297536 endattack
Jibs_PC#3785781910175297536 movearmies 31 22 3
CARD 25
Jibs_PC#3785781910175297536 placearmies 41 2
Jibs_PC#3785781910175297536 placearmies 41 1
Jibs_PC#3785781910175297536 attack 41 40
Jibs_PC#3785781910175297536 roll 3
Jibs_PC#3785781910175297536 roll 2
DICE 3 2 2 1 0 5 4 
Jibs_PC#3785781910175297536 retreat
Jibs_PC#3785781910175297536 attack 41 42
Jibs_PC#3785781910175297536 roll 2
Jibs_PC#3785781910175297536 roll 1
DICE 2 1 2 0 4 
Jibs_PC#3785781910175297536 retreat
Jibs_PC#3785781910175297536 endattack
Jibs_PC#3785781910175297536 nomove
CARD 
Jibs_PC#3785781910175297536 placearmies 17 3
Jibs_PC#3785781910175297536 placearmies 4 1
Jibs_PC#3785781910175297536 attack 17 19
Jibs_PC#3785781910175297536 roll 3
Jibs_PC#3785781910175297536 roll 1
DICE 3 1 5 2 1 4 
Jibs_PC#3785781910175297536 move 4
Jibs_PC#3785781910175297536 endattack
Jibs_PC#3785781910175297536 nomove
CARD 6
Jibs_PC#3785781910175297536 placearmies 32 7
Jibs_PC#3785781910175297536 attack 32 33
Jibs_PC#3785781910175297536 roll 3
Jibs_PC#3785781910175297536 roll 1
DICE 3 1 3 2 1 1 
Jibs_PC#3785781910175297536 move 7
Jibs_PC#3785781910175297536 attack 33 29
Jibs_PC#3785781910175297536 roll 3
Jibs_PC#3785781910175297536 roll 2
DICE 3 2 5 5 1 5 1 
Jibs_PC#3785781910175297536 roll 3
Jibs_PC#3785781910175297536 roll 1
DICE 3 1 5 3 2 4 
Jibs_PC#3785781910175297536 move 3
Jibs_PC#3785781910175297536 endattack
Jibs_PC#3785781910175297536 movearmies 11 12 1
CARD 34
Jibs_PC#3785781910175297536 trade 22 10 18
Jibs_PC#3785781910175297536 placearmies 40 7
Jibs_PC#3785781910175297536 placearmies 40 2
Jibs_PC#3785781910175297536 placearmies 26 4
Jibs_PC#3785781910175297536 attack 26 25
Jibs_PC#3785781910175297536 roll 3
Jibs_PC#3785781910175297536 roll 1
DICE 3 1 5 3 1 3 
Jibs_PC#3785781910175297536 move 4
Jibs_PC#3785781910175297536 attack 25 23
Jibs_PC#3785781910175297536 roll 3
Jibs_PC#3785781910175297536 roll 1
DICE 3 1 5 4 1 1 
Jibs_PC#3785781910175297536 attack 40 41
Jibs_PC#3785781910175297536 roll 3
Jibs_PC#3785781910175297536 roll 2
DICE 3 2 5 5 1 3 1 
Jibs_PC#3785781910175297536 move 10
Jibs_PC#3785781910175297536 attack 41 39
Jibs_PC#3785781910175297536 roll 3
Jibs_PC#3785781910175297536 roll 1
DICE 3 1 4 2 1 2 
Jibs_PC#3785781910175297536 move 9
Jibs_PC#3785781910175297536 attack 39 33
Jibs_PC#3785781910175297536 roll 3
Jibs_PC#3785781910175297536 roll 2
DICE 3 2 5 3 2 2 1 
Jibs_PC#3785781910175297536 roll 3
Jibs_PC#3785781910175297536 roll 1
DICE 3 1 2 2 0 4 
Jibs_PC#3785781910175297536 roll 3
Jibs_PC#3785781910175297536 roll 1
DICE 3 1 2 2 0 3 
Jibs_PC#3785781910175297536 roll 3
Jibs_PC#3785781910175297536 roll 1
DICE 3 1 5 0 0 0 
Jibs_PC#3785781910175297536 move 6
Jibs_PC#3785781910175297536 attack 33 32
Jibs_PC#3785781910175297536 roll 3
Jibs_PC#3785781910175297536 roll 1
DICE 3 1 2 1 0 5 
Jibs_PC#3785781910175297536 roll 3
Jibs_PC#3785781910175297536 roll 1
DICE 3 1 4 4 0 5 
Jibs_PC#3785781910175297536 retreat
Jibs_PC#3785781910175297536 attack 22 20
Jibs_PC#3785781910175297536 roll 3
Jibs_PC#3785781910175297536 roll 1
DICE 3 1 2 1 0 1 
Jibs_PC#3785781910175297536 move 5
Jibs_PC#3785781910175297536 attack 20 18
Jibs_PC#3785781910175297536 roll 3
Jibs_PC#3785781910175297536 roll 1
DICE 3 1 5 4 1 4 
Jibs_PC#3785781910175297536 move 3
Jibs_PC#3785781910175297536 endattack
Jibs_PC#3785781910175297536 movearmies 18 20 2
CARD 13
Jibs_PC#3785781910175297536 placearmies 19 3
Jibs_PC#3785781910175297536 attack 19 21
Jibs_PC#3785781910175297536 roll 3
Jibs_PC#3785781910175297536 roll 1
DICE 3 1 4 4 4 5 
Jibs_PC#3785781910175297536 roll 3
Jibs_PC#3785781910175297536 roll 1
DICE 3 1 2 1 1 2 
Jibs_PC#3785781910175297536 roll 3
Jibs_PC#3785781910175297536 roll 1
DICE 3 1 4 4 2 4 
Jibs_PC#3785781910175297536 roll 3
Jibs_PC#3785781910175297536 roll 1
DICE 3 1 4 2 0 1 
Jibs_PC#3785781910175297536 endattack
Jibs_PC#3785781910175297536 nomove
CARD 32
Jibs_PC#3785781910175297536 placearmies 32 4
Jibs_PC#3785781910175297536 placearmies 5 2
Jibs_PC#3785781910175297536 placearmies 5 1
Jibs_PC#3785781910175297536 attack 32 31
Jibs_PC#3785781910175297536 roll 3
Jibs_PC#3785781910175297536 roll 1
DICE 3 1 4 2 1 2 
Jibs_PC#3785781910175297536 move 4
Jibs_PC#3785781910175297536 attack 5 4
Jibs_PC#3785781910175297536 roll 3
Jibs_PC#3785781910175297536 roll 2
DICE 3 2 5 5 5 2 2 
Jibs_PC#3785781910175297536 move 6
Jibs_PC#3785781910175297536 attack 4 7
Jibs_PC#3785781910175297536 roll 3
Jibs_PC#3785781910175297536 roll 1
DICE 3 1 4 2 2 3 
Jibs_PC#3785781910175297536 move 4
Jibs_PC#3785781910175297536 attack 7 8
Jibs_PC#3785781910175297536 roll 3
Jibs_PC#3785781910175297536 roll 1
DICE 3 1 5 4 2 4 
Jibs_PC#3785781910175297536 attack 8 6
Jibs_PC#3785781910175297536 roll 2
Jibs_PC#3785781910175297536 roll 1
DICE 2 1 3 0 0 
Jibs_PC#3785781910175297536 endattack
Jibs_PC#3785781910175297536 movearmies 35 38 1
CARD 24
Jibs_PC#3785781910175297536 trade 30 27 17
Jibs_PC#3785781910175297536 placearmies 20 4
Jibs_PC#3785781910175297536 placearmies 20 9
Jibs_PC#3785781910175297536 placearmies 20 3
Jibs_PC#3785781910175297536 attack 20 21
Jibs_PC#3785781910175297536 roll 3
Jibs_PC#3785781910175297536 roll 2
DICE 3 2 2 2 0 3 0 
Jibs_PC#3785781910175297536 roll 3
Jibs_PC#3785781910175297536 roll 2
DICE 3 2 3 1 1 4 1 
Jibs_PC#3785781910175297536 roll 3
Jibs_PC#3785781910175297536 roll 2
DICE 3 2 5 4 4 2 0 
Jibs_PC#3785781910175297536 move 16
Jibs_PC#3785781910175297536 attack 21 12
Jibs_PC#3785781910175297536 roll 3
Jibs_PC#3785781910175297536 roll 2
DICE 3 2 5 5 5 2 0 
Jibs_PC#3785781910175297536 roll 3
Jibs_PC#3785781910175297536 roll 1
DICE 3 1 4 4 1 2 
Jibs_PC#3785781910175297536 move 14
Jibs_PC#3785781910175297536 attack 12 13
Jibs_PC#3785781910175297536 roll 3
Jibs_PC#3785781910175297536 roll 1
DICE 3 1 5 2 0 4 
Jibs_PC#3785781910175297536 move 13
Jibs_PC#3785781910175297536 attack 13 11
Jibs_PC#3785781910175297536 roll 3
Jibs_PC#3785781910175297536 roll 1
DICE 3 1 5 4 0 2 
Jibs_PC#3785781910175297536 move 12
Jibs_PC#3785781910175297536 attack 11 10
Jibs_PC#3785781910175297536 roll 3
Jibs_PC#3785781910175297536 roll 1
DICE 3 1 5 5 1 0 
Jibs_PC#3785781910175297536 move 11
Jibs_PC#3785781910175297536 attack 10 5
Jibs_PC#3785781910175297536 roll 3
Jibs_PC#3785781910175297536 roll 1
DICE 3 1 1 0 0 3 
Jibs_PC#3785781910175297536 roll 3
Jibs_PC#3785781910175297536 roll 1
DICE 3 1 4 2 0 4 
Jibs_PC#3785781910175297536 roll 3
Jibs_PC#3785781910175297536 roll 1
DICE 3 1 3 1 1 0 
Jibs_PC#3785781910175297536 move 8
Jibs_PC#3785781910175297536 attack 5 9
Jibs_PC#3785781910175297536 roll 3
Jibs_PC#3785781910175297536 roll 1
DICE 3 1 5 4 3 0 
Jibs_PC#3785781910175297536 move 6
Jibs_PC#3785781910175297536 attack 9 8
Jibs_PC#3785781910175297536 roll 3
Jibs_PC#3785781910175297536 roll 1
DICE 3 1 5 3 3 0 
Jibs_PC#3785781910175297536 move 5
Jibs_PC#3785781910175297536 attack 8 7
Jibs_PC#3785781910175297536 roll 3
Jibs_PC#3785781910175297536 roll 1
DICE 3 1 5 5 0 1 
Jibs_PC#3785781910175297536 move 4
Jibs_PC#3785781910175297536 endattack
Jibs_PC#3785781910175297536 movearmies 23 21 2
CARD 33
Jibs_PC#3785781910175297536 placearmies 19 3
Jibs_PC#3785781910175297536 attack 19 18
Jibs_PC#3785781910175297536 roll 3
Jibs_PC#3785781910175297536 roll 1
DICE 3 1 2 2 0 4 
Jibs_PC#3785781910175297536 roll 2
Jibs_PC#3785781910175297536 roll 1
DICE 2 1 5 2 2 
Jibs_PC#3785781910175297536 endattack
Jibs_PC#3785781910175297536 nomove
CARD 36
Jibs_PC#3785781910175297536 trade 37 34 24
Jibs_PC#3785781910175297536 placearmies 4 8
Jibs_PC#3785781910175297536 placearmies 31 1
Jibs_PC#3785781910175297536 placearmies 29 5
Jibs_PC#3785781910175297536 attack 4 5
Jibs_PC#3785781910175297536 roll 3
Jibs_PC#3785781910175297536 roll 2
DICE 3 2 2 0 0 1 0 
Jibs_PC#3785781910175297536 roll 3
Jibs_PC#3785781910175297536 roll 1
DICE 3 1 3 2 0 2 
Jibs_PC#3785781910175297536 move 8
Jibs_PC#3785781910175297536 attack 5 10
Jibs_PC#3785781910175297536 roll 3
Jibs_PC#3785781910175297536 roll 1
DICE 3 1 2 2 0 4 
Jibs_PC#3785781910175297536 roll 3
Jibs_PC#3785781910175297536 roll 1
DICE 3 1 4 0 0 5 
Jibs_PC#3785781910175297536 roll 3
Jibs_PC#3785781910175297536 roll 1
DICE 3 1 5 4 4 0 
Jibs_PC#3785781910175297536 move 5
Jibs_PC#3785781910175297536 attack 31 22
Jibs_PC#3785781910175297536 roll 3
Jibs_PC#3785781910175297536 roll 1
DICE 3 1 5 4 4 0 
Jibs_PC#3785781910175297536 move 4
Jibs_PC#3785781910175297536 attack 10 12
Jibs_PC#3785781910175297536 roll 3
Jibs_PC#3785781910175297536 roll 1
DICE 3 1 4 4 1 5 
Jibs_PC#3785781910175297536 roll 3
Jibs_PC#3785781910175297536 roll 1
DICE 3 1 4 0 0 0 
Jibs_PC#3785781910175297536 attack 29 33
Jibs_PC#3785781910175297536 roll 3
Jibs_PC#3785781910175297536 roll 2
DICE 3 2 5 3 0 1 0 
Jibs_PC#3785781910175297536 roll 3
Jibs_PC#3785781910175297536 roll 2
DICE 3 2 5 5 0 4 2 
Jibs_PC#3785781910175297536 move 7
Jibs_PC#3785781910175297536 attack 33 39
Jibs_PC#3785781910175297536 roll 3
Jibs_PC#3785781910175297536 roll 1
DICE 3 1 5 1 1 4 
Jibs_PC#3785781910175297536 move 6
Jibs_PC#3785781910175297536 attack 39 41
Jibs_PC#3785781910175297536 roll 3
Jibs_PC#3785781910175297536 roll 1
DICE 3 1 4 2 2 2 
Jibs_PC#3785781910175297536 move 4
Jibs_PC#3785781910175297536 attack 41 42
Jibs_PC#3785781910175297536 roll 3
Jibs_PC#3785781910175297536 roll 1
DICE 3 1 5 5 0 5 
Jibs_PC#3785781910175297536 roll 2
Jibs_PC#3785781910175297536 roll 1
DICE 2 1 1 1 4 
Jibs_PC#3785781910175297536 retreat
Jibs_PC#3785781910175297536 endattack
Jibs_PC#3785781910175297536 movearmies 22 31 3
CARD 28
Jibs_PC#3785781910175297536 placearmies 21 1
Jibs_PC#3785781910175297536 placearmies 21 3
Jibs_PC#3785781910175297536 attack 21 22
Jibs_PC#3785781910175297536 roll 3
Jibs_PC#3785781910175297536 roll 1
DICE 3 1 5 0 0 5 
Jibs_PC#3785781910175297536 roll 3
Jibs_PC#3785781910175297536 roll 1
DICE 3 1 3 3 1 1 
Jibs_PC#3785781910175297536 move 5
Jibs_PC#3785781910175297536 attack 22 31
Jibs_PC#3785781910175297536 roll 3
Jibs_PC#3785781910175297536 roll 2
DICE 3 2 4 3 0 2 0 
Jibs_PC#3785781910175297536 roll 3
Jibs_PC#3785781910175297536 roll 2
DICE 3 2 3 3 2 5 4 
Jibs_PC#3785781910175297536 retreat
Jibs_PC#3785781910175297536 endattack
Jibs_PC#3785781910175297536 nomove
CARD 38
Jibs_PC#3785781910175297536 trade 20 19 36
Jibs_PC#3785781910175297536 placearmies 19 1
Jibs_PC#3785781910175297536 placearmies 19 4
Jibs_PC#3785781910175297536 placearmies 19 7
Jibs_PC#3785781910175297536 placearmies 19 1
Jibs_PC#3785781910175297536 attack 19 20
Jibs_PC#3785781910175297536 roll 3
Jibs_PC#3785781910175297536 roll 1
DICE 3 1 4 1 0 5 
Jibs_PC#3785781910175297536 roll 3
Jibs_PC#3785781910175297536 roll 1
DICE 3 1 5 0 0 3 
Jibs_PC#3785781910175297536 move 14
Jibs_PC#3785781910175297536 attack 20 31
Jibs_PC#3785781910175297536 roll 3
Jibs_PC#3785781910175297536 roll 2
DICE 3 2 5 3 3 0 0 
Jibs_PC#3785781910175297536 move 13
Jibs_PC#3785781910175297536 attack 31 22
Jibs_PC#3785781910175297536 roll 3
Jibs_PC#3785781910175297536 roll 2
DICE 3 2 5 1 0 5 1 
Jibs_PC#3785781910175297536 roll 3
Jibs_PC#3785781910175297536 roll 2
DICE 3 2 3 1 0 5 1 
Jibs_PC#3785781910175297536 roll 3
Jibs_PC#3785781910175297536 roll 2
DICE 3 2 4 2 1 5 2 
Jibs_PC#3785781910175297536 roll 3
Jibs_PC#3785781910175297536 roll 2
DICE 3 2 3 0 0 4 1 
Jibs_PC#3785781910175297536 roll 3
Jibs_PC#3785781910175297536 roll 2
DICE 3 2 2 2 2 3 1 
Jibs_PC#3785781910175297536 roll 3
Jibs_PC#3785781910175297536 roll 2
DICE 3 2 5 2 1 3 0 
Jibs_PC#3785781910175297536 endattack
Jibs_PC#3785781910175297536 nomove
CARD 41
Jibs_PC#3785781910175297536 placearmies 12 5
Jibs_PC#3785781910175297536 placearmies 12 1
Jibs_PC#3785781910175297536 attack 12 13
Jibs_PC#3785781910175297536 roll 3
Jibs_PC#3785781910175297536 roll 1
DICE 3 1 5 2 1 1 
Jibs_PC#3785781910175297536 move 5
Jibs_PC#3785781910175297536 attack 13 11
Jibs_PC#3785781910175297536 roll 3
Jibs_PC#3785781910175297536 roll 1
DICE 3 1 4 4 1 0 
Jibs_PC#3785781910175297536 move 3
Jibs_PC#3785781910175297536 endattack
Jibs_PC#3785781910175297536 movearmies 37 38 2
CARD 8
Jibs_PC#3785781910175297536 trade 25 35 38
Jibs_PC#3785781910175297536 placearmies 21 7
Jibs_PC#3785781910175297536 placearmies 21 6
Jibs_PC#3785781910175297536 attack 21 12
Jibs_PC#3785781910175297536 roll 3
Jibs_PC#3785781910175297536 roll 2
DICE 3 2 4 2 0 1 0 
Jibs_PC#3785781910175297536 roll 3
Jibs_PC#3785781910175297536 roll 2
DICE 3 2 5 2 0 4 3 
Jibs_PC#3785781910175297536 roll 3
Jibs_PC#3785781910175297536 roll 1
DICE 3 1 4 2 0 0 
Jibs_PC#3785781910175297536 move 13
Jibs_PC#3785781910175297536 attack 12 13
Jibs_PC#3785781910175297536 roll 3
Jibs_PC#3785781910175297536 roll 2
DICE 3 2 5 5 3 5 4 
Jibs_PC#3785781910175297536 roll 3
Jibs_PC#3785781910175297536 roll 1
DICE 3 1 5 3 1 3 
Jibs_PC#3785781910175297536 move 11
Jibs_PC#3785781910175297536 attack 13 11
Jibs_PC#3785781910175297536 roll 3
Jibs_PC#3785781910175297536 roll 2
DICE 3 2 2 1 1 3 3 
Jibs_PC#3785781910175297536 roll 3
Jibs_PC#3785781910175297536 roll 2
DICE 3 2 5 2 0 5 2 
Jibs_PC#3785781910175297536 roll 3
Jibs_PC#3785781910175297536 roll 2
DICE 3 2 5 4 2 3 1 
Jibs_PC#3785781910175297536 roll 3
Jibs_PC#3785781910175297536 roll 1
DICE 3 1 4 3 0 2 
Jibs_PC#3785781910175297536 move 6
Jibs_PC#3785781910175297536 attack 11 10
Jibs_PC#3785781910175297536 roll 3
Jibs_PC#3785781910175297536 roll 1
DICE 3 1 2 2 1 4 
Jibs_PC#3785781910175297536 roll 3
Jibs_PC#3785781910175297536 roll 1
DICE 3 1 3 1 0 5 
Jibs_PC#3785781910175297536 roll 3
Jibs_PC#3785781910175297536 roll 1
DICE 3 1 3 1 0 4 
Jibs_PC#3785781910175297536 roll 2
Jibs_PC#3785781910175297536 roll 1
DICE 2 1 1 0 2 
Jibs_PC#3785781910175297536 retreat
Jibs_PC#3785781910175297536 endattack
Jibs_PC#3785781910175297536 movearmies 25 24 2
CARD 37
Jibs_PC#3785781910175297536 trade 6 32 41
Jibs_PC#3785781910175297536 placearmies 22 12
Jibs_PC#3785781910175297536 placearmies 22 1
Jibs_PC#3785781910175297536 attack 22 21
Jibs_PC#3785781910175297536 roll 3
Jibs_PC#3785781910175297536 roll 1
DICE 3 1 5 5 1 3 
Jibs_PC#3785781910175297536 move 15
Jibs_PC#3785781910175297536 attack 21 12
Jibs_PC#3785781910175297536 roll 3
Jibs_PC#3785781910175297536 roll 1
DICE 3 1 3 2 1 0 
Jibs_PC#3785781910175297536 move 14
Jibs_PC#3785781910175297536 attack 12 13
Jibs_PC#3785781910175297536 roll 3
Jibs_PC#3785781910175297536 roll 1
DICE 3 1 3 3 2 3 
Jibs_PC#3785781910175297536 roll 3
Jibs_PC#3785781910175297536 roll 1
DICE 3 1 5 4 3 1 
Jibs_PC#3785781910175297536 move 12
Jibs_PC#3785781910175297536 attack 13 11
Jibs_PC#3785781910175297536 roll 3
Jibs_PC#3785781910175297536 roll 2
DICE 3 2 4 2 0 5 1 
Jibs_PC#3785781910175297536 roll 3
Jibs_PC#3785781910175297536 roll 1
DICE 3 1 5 5 2 4 
Jibs_PC#3785781910175297536 move 10
Jibs_PC#3785781910175297536 attack 11 10
Jibs_PC#3785781910175297536 roll 3
Jibs_PC#3785781910175297536 roll 1
DICE 3 1 5 3 0 1 
Jibs_PC#3785781910175297536 move 9
Jibs_PC#3785781910175297536 attack 10 5
Jibs_PC#3785781910175297536 roll 3
Jibs_PC#3785781910175297536 roll 1
DICE 3 1 1 0 0 4 
Jibs_PC#3785781910175297536 roll 3
Jibs_PC#3785781910175297536 roll 1
DICE 3 1 5 4 1 0 
Jibs_PC#3785781910175297536 move 7
Jibs_PC#3785781910175297536 attack 5 9
Jibs_PC#3785781910175297536 roll 3
Jibs_PC#3785781910175297536 roll 1
DICE 3 1 4 4 3 1 
Jibs_PC#3785781910175297536 move 5
Jibs_PC#3785781910175297536 attack 9 8
Jibs_PC#3785781910175297536 roll 3
Jibs_PC#3785781910175297536 roll 1
DICE 3 1 1 0 0 5 
Jibs_PC#3785781910175297536 roll 3
Jibs_PC#3785781910175297536 roll 1
DICE 3 1 3 1 1 2 
Jibs_PC#3785781910175297536 endattack
Jibs_PC#3785781910175297536 nomove
CARD 22
Jibs_PC#3785781910175297536 trade 26 28 8
Jibs_PC#3785781910175297536 placearmies 32 4
Jibs_PC#3785781910175297536 placearmies 4 9
Jibs_PC#3785781910175297536 placearmies 4 2
Jibs_PC#3785781910175297536 attack 4 5
Jibs_PC#3785781910175297536 roll 3
Jibs_PC#3785781910175297536 roll 2
DICE 3 2 5 4 0 5 4 
Jibs_PC#3785781910175297536 roll 3
Jibs_PC#3785781910175297536 roll 2
DICE 3 2 4 3 2 4 0 
Jibs_PC#3785781910175297536 roll 3
Jibs_PC#3785781910175297536 roll 1
DICE 3 1 4 2 1 3 
Jibs_PC#3785781910175297536 move 8
Jibs_PC#3785781910175297536 attack 5 10
Jibs_PC#3785781910175297536 roll 3
Jibs_PC#3785781910175297536 roll 1
DICE 3 1 3 2 1 2 
Jibs_PC#3785781910175297536 move 7
Jibs_PC#3785781910175297536 attack 10 12
Jibs_PC#3785781910175297536 roll 3
Jibs_PC#3785781910175297536 roll 1
DICE 3 1 3 3 3 5 
Jibs_PC#3785781910175297536 roll 3
Jibs_PC#3785781910175297536 roll 1
DICE 3 1 3 3 1 5 
Jibs_PC#3785781910175297536 roll 3
Jibs_PC#3785781910175297536 roll 1
DICE 3 1 5 4 0 1 
Jibs_PC#3785781910175297536 move 4
Jibs_PC#3785781910175297536 attack 12 13
Jibs_PC#3785781910175297536 roll 3
Jibs_PC#3785781910175297536 roll 1
DICE 3 1 4 4 1 1 
Jibs_PC#3785781910175297536 attack 13 11
Jibs_PC#3785781910175297536 roll 2
Jibs_PC#3785781910175297536 roll 1
DICE 2 1 3 1 2 
Jibs_PC#3785781910175297536 attack 32 31
Jibs_PC#3785781910175297536 roll 3
Jibs_PC#3785781910175297536 roll 1
DICE 3 1 5 2 0 1 
Jibs_PC#3785781910175297536 move 4
Jibs_PC#3785781910175297536 newplayer ai hard green s0914007
Jibs_PC#3785781910175297536 newplayer ai hard blue bob
Jibs_PC#3785781910175297536 newplayer ai hard red fred
Jibs_PC#3785781910175297536 newplayer ai hard cyan ted
Jibs_PC#3785781910175297536 newplayer ai hard magenta yura
Jibs_PC#3785781910175297536 newplayer ai hard yellow lala
Jibs_PC#3785781910175297536 startgame mission fixed autoplaceall recycle
PLAYER s0914007
MISSION 2 0 1 1 1 0
PLACEALL 3 11 31 39 20 30 24 19 10 27 17 23 9 6 15 33 14 26 13 42 7 35 21 36 37 22 8 2 12 5 38 29 1 32 40 25 18 4 34 28 41 16
Jibs_PC#3785781910175297536 placearmies 37 1
CARD 
Jibs_PC#3785781910175297536 placearmies 11 1
CARD 
Jibs_PC#3785781910175297536 placearmies 10 1
CARD 
Jibs_PC#3785781910175297536 placearmies 39 1
CARD 
Jibs_PC#3785781910175297536 placearmies 14 1
CARD 
Jibs_PC#3785781910175297536 placearmies 30 1
CARD 
Jibs_PC#3785781910175297536 placearmies 24 1
CARD 
Jibs_PC#3785781910175297536 placearmies 11 1
CARD 
Jibs_PC#3785781910175297536 placearmies 10 1
CARD 
Jibs_PC#3785781910175297536 placearmies 39 1
CARD 
Jibs_PC#3785781910175297536 placearmies 14 1
CARD 
Jibs_PC#3785781910175297536 placearmies 30 1
CARD 
Jibs_PC#3785781910175297536 placearmies 24 1
CARD 
Jibs_PC#3785781910175297536 placearmies 11 1
CARD 
Jibs_PC#3785781910175297536 placearmies 10 1
CARD 
Jibs_PC#3785781910175297536 placearmies 39 1
CARD 
Jibs_PC#3785781910175297536 placearmies 14 1
CARD 
Jibs_PC#3785781910175297536 placearmies 30 1
CARD 
Jibs_PC#3785781910175297536 placearmies 24 1
CARD 
Jibs_PC#3785781910175297536 placearmies 11 1
CARD 
Jibs_PC#3785781910175297536 placearmies 10 1
CARD 
Jibs_PC#3785781910175297536 placearmies 39 1
CARD 
Jibs_PC#3785781910175297536 placearmies 14 1
CARD 
Jibs_PC#3785781910175297536 placearmies 30 1
CARD 
Jibs_PC#3785781910175297536 placearmies 24 1
CARD 
Jibs_PC#3785781910175297536 placearmies 11 1
CARD 
Jibs_PC#3785781910175297536 placearmies 10 1
CARD 
Jibs_PC#3785781910175297536 placearmies 39 1
CARD 
Jibs_PC#3785781910175297536 placearmies 40 1
CARD 
Jibs_PC#3785781910175297536 placearmies 30 1
CARD 
Jibs_PC#3785781910175297536 placearmies 24 1
CARD 
Jibs_PC#3785781910175297536 placearmies 11 1
CARD 
Jibs_PC#3785781910175297536 placearmies 10 1
CARD 
Jibs_PC#3785781910175297536 placearmies 39 1
CARD 
Jibs_PC#3785781910175297536 placearmies 40 1
CARD 
Jibs_PC#3785781910175297536 placearmies 30 1
CARD 
Jibs_PC#3785781910175297536 placearmies 24 1
CARD 
Jibs_PC#3785781910175297536 placearmies 11 1
CARD 
Jibs_PC#3785781910175297536 placearmies 10 1
CARD 
Jibs_PC#3785781910175297536 placearmies 39 1
CARD 
Jibs_PC#3785781910175297536 placearmies 40 1
CARD 
Jibs_PC#3785781910175297536 placearmies 30 1
CARD 
Jibs_PC#3785781910175297536 placearmies 24 1
CARD 
Jibs_PC#3785781910175297536 placearmies 4 1
CARD 
Jibs_PC#3785781910175297536 placearmies 10 1
CARD 
Jibs_PC#3785781910175297536 placearmies 39 1
CARD 
Jibs_PC#3785781910175297536 placearmies 40 1
CARD 
Jibs_PC#3785781910175297536 placearmies 30 1
CARD 
Jibs_PC#3785781910175297536 placearmies 24 1
CARD 
Jibs_PC#3785781910175297536 placearmies 4 1
CARD 
Jibs_PC#3785781910175297536 placearmies 10 1
CARD 
Jibs_PC#3785781910175297536 placearmies 39 1
CARD 
Jibs_PC#3785781910175297536 placearmies 14 1
CARD 
Jibs_PC#3785781910175297536 placearmies 30 1
CARD 
Jibs_PC#3785781910175297536 placearmies 24 1
CARD 
Jibs_PC#3785781910175297536 placearmies 4 1
CARD 
Jibs_PC#3785781910175297536 placearmies 10 1
CARD 
Jibs_PC#3785781910175297536 placearmies 39 1
CARD 
Jibs_PC#3785781910175297536 placearmies 14 1
CARD 
Jibs_PC#3785781910175297536 placearmies 30 1
CARD 
Jibs_PC#3785781910175297536 placearmies 24 1
CARD 
Jibs_PC#3785781910175297536 placearmies 4 1
CARD 
Jibs_PC#3785781910175297536 placearmies 10 1
CARD 
Jibs_PC#3785781910175297536 placearmies 39 1
CARD 
Jibs_PC#3785781910175297536 placearmies 14 1
CARD 
Jibs_PC#3785781910175297536 placearmies 30 1
CARD 
Jibs_PC#3785781910175297536 placearmies 24 1
CARD 
Jibs_PC#3785781910175297536 placearmies 4 1
CARD 
Jibs_PC#3785781910175297536 placearmies 10 1
CARD 
Jibs_PC#3785781910175297536 placearmies 2 1
CARD 
Jibs_PC#3785781910175297536 placearmies 14 1
CARD 
Jibs_PC#3785781910175297536 placearmies 30 1
CARD 
Jibs_PC#3785781910175297536 placearmies 24 1
CARD 
Jibs_PC#3785781910175297536 placearmies 4 1
CARD 
Jibs_PC#3785781910175297536 placearmies 10 1
CARD 
Jibs_PC#3785781910175297536 placearmies 2 1
CARD 
Jibs_PC#3785781910175297536 placearmies 14 1
CARD 
Jibs_PC#3785781910175297536 placearmies 30 1
CARD 
Jibs_PC#3785781910175297536 placearmies 24 3
Jibs_PC#3785781910175297536 attack 24 21
Jibs_PC#3785781910175297536 roll 3
Jibs_PC#3785781910175297536 roll 1
DICE 3 1 3 3 1 4 
Jibs_PC#3785781910175297536 roll 3
Jibs_PC#3785781910175297536 roll 1
DICE 3 1 3 1 0 3 
Jibs_PC#3785781910175297536 roll 3
Jibs_PC#3785781910175297536 roll 1
DICE 3 1 3 2 1 2 
Jibs_PC#3785781910175297536 move 13
Jibs_PC#3785781910175297536 attack 21 22
Jibs_PC#3785781910175297536 roll 3
Jibs_PC#3785781910175297536 roll 1
DICE 3 1 3 0 0 4 
Jibs_PC#3785781910175297536 roll 3
Jibs_PC#3785781910175297536 roll 1
DICE 3 1 3 2 2 5 
Jibs_PC#3785781910175297536 roll 3
Jibs_PC#3785781910175297536 roll 1
DICE 3 1 4 3 0 5 
Jibs_PC#3785781910175297536 roll 3
Jibs_PC#3785781910175297536 roll 1
DICE 3 1 5 3 2 4 
Jibs_PC#3785781910175297536 move 9
Jibs_PC#3785781910175297536 endattack
Jibs_PC#3785781910175297536 nomove
CARD 8
Jibs_PC#3785781910175297536 placearmies 4 1
Jibs_PC#3785781910175297536 placearmies 11 2
Jibs_PC#3785781910175297536 attack 11 12
Jibs_PC#3785781910175297536 roll 3
Jibs_PC#3785781910175297536 roll 1
DICE 3 1 5 0 0 2 
Jibs_PC#3785781910175297536 move 9
Jibs_PC#3785781910175297536 endattack
Jibs_PC#3785781910175297536 nomove
CARD 26
Jibs_PC#3785781910175297536 placearmies 10 3
Jibs_PC#3785781910175297536 attack 10 12
Jibs_PC#3785781910175297536 roll 3
Jibs_PC#3785781910175297536 roll 2
DICE 3 2 5 4 2 0 0 
Jibs_PC#3785781910175297536 roll 3
Jibs_PC#3785781910175297536 roll 2
DICE 3 2 4 1 0 3 0 
Jibs_PC#3785781910175297536 roll 3
Jibs_PC#3785781910175297536 roll 2
DICE 3 2 5 4 2 5 1 
Jibs_PC#3785781910175297536 roll 3
Jibs_PC#3785781910175297536 roll 2
DICE 3 2 4 4 0 3 2 
Jibs_PC#3785781910175297536 roll 3
Jibs_PC#3785781910175297536 roll 2
DICE 3 2 4 3 1 5 3 
Jibs_PC#3785781910175297536 retreat
Jibs_PC#3785781910175297536 attack 10 11
Jibs_PC#3785781910175297536 roll 3
Jibs_PC#3785781910175297536 roll 1
DICE 3 1 5 5 1 2 
Jibs_PC#3785781910175297536 move 13
Jibs_PC#3785781910175297536 attack 11 12
Jibs_PC#3785781910175297536 roll 3
Jibs_PC#3785781910175297536 roll 2
DICE 3 2 4 3 1 5 2 
Jibs_PC#3785781910175297536 roll 3
Jibs_PC#3785781910175297536 roll 1
DICE 3 1 4 2 0 5 
Jibs_PC#3785781910175297536 roll 3
Jibs_PC#3785781910175297536 roll 1
DICE 3 1 4 3 2 0 
Jibs_PC#3785781910175297536 move 10
Jibs_PC#3785781910175297536 attack 12 13
Jibs_PC#3785781910175297536 roll 3
Jibs_PC#3785781910175297536 roll 1
DICE 3 1 5 3 3 0 
Jibs_PC#3785781910175297536 move 3
Jibs_PC#3785781910175297536 endattack
Jibs_PC#3785781910175297536 movearmies 12 10 2
CARD 1
Jibs_PC#3785781910175297536 placearmies 39 3
Jibs_PC#3785781910175297536 attack 39 40
Jibs_PC#3785781910175297536 roll 3
Jibs_PC#3785781910175297536 roll 2
DICE 3 2 5 3 1 5 5 
Jibs_PC#3785781910175297536 roll 3
Jibs_PC#3785781910175297536 roll 2
DICE 3 2 4 3 3 0 0 
Jibs_PC#3785781910175297536 roll 3
Jibs_PC#3785781910175297536 roll 2
DICE 3 2 4 0 0 4 2 
Jibs_PC#3785781910175297536 roll 3
Jibs_PC#3785781910175297536 roll 2
DICE 3 2 3 2 1 4 1 
Jibs_PC#3785781910175297536 roll 3
Jibs_PC#3785781910175297536 roll 2
DICE 3 2 4 3 2 5 0 
Jibs_PC#3785781910175297536 roll 3
Jibs_PC#3785781910175297536 roll 1
DICE 3 1 2 2 0 4 
Jibs_PC#3785781910175297536 roll 3
Jibs_PC#3785781910175297536 roll 1
DICE 3 1 5 5 2 2 
Jibs_PC#3785781910175297536 move 7
Jibs_PC#3785781910175297536 attack 40 41
Jibs_PC#3785781910175297536 roll 3
Jibs_PC#3785781910175297536 roll 1
DICE 3 1 1 1 0 2 
Jibs_PC#3785781910175297536 roll 3
Jibs_PC#3785781910175297536 roll 1
DICE 3 1 3 1 0 5 
Jibs_PC#3785781910175297536 roll 3
Jibs_PC#3785781910175297536 roll 1
DICE 3 1 1 0 0 5 
Jibs_PC#3785781910175297536 roll 3
Jibs_PC#3785781910175297536 roll 1
DICE 3 1 4 2 2 0 
Jibs_PC#3785781910175297536 attack 41 42
Jibs_PC#3785781910175297536 roll 2
Jibs_PC#3785781910175297536 roll 1
DICE 2 1 3 1 4 
Jibs_PC#3785781910175297536 retreat
Jibs_PC#3785781910175297536 endattack
Jibs_PC#3785781910175297536 nomove
CARD 36
Jibs_PC#3785781910175297536 placearmies 14 3
Jibs_PC#3785781910175297536 attack 14 6
Jibs_PC#3785781910175297536 roll 3
Jibs_PC#3785781910175297536 roll 1
DICE 3 1 5 1 0 2 
Jibs_PC#3785781910175297536 move 12
Jibs_PC#3785781910175297536 endattack
Jibs_PC#3785781910175297536 nomove
CARD 2
Jibs_PC#3785781910175297536 placearmies 30 1
Jibs_PC#3785781910175297536 placearmies 30 2
Jibs_PC#3785781910175297536 attack 30 31
Jibs_PC#3785781910175297536 roll 3
Jibs_PC#3785781910175297536 roll 1
DICE 3 1 5 1 1 2 
Jibs_PC#3785781910175297536 move 16
Jibs_PC#3785781910175297536 attack 31 20
Jibs_PC#3785781910175297536 roll 3
Jibs_PC#3785781910175297536 roll 1
DICE 3 1 5 1 0 1 
Jibs_PC#3785781910175297536 move 15
Jibs_PC#3785781910175297536 attack 20 21
Jibs_PC#3785781910175297536 roll 3
Jibs_PC#3785781910175297536 roll 1
DICE 3 1 5 3 1 3 
Jibs_PC#3785781910175297536 move 14
Jibs_PC#3785781910175297536 attack 21 12
Jibs_PC#3785781910175297536 roll 3
Jibs_PC#3785781910175297536 roll 2
DICE 3 2 5 5 1 5 2 
Jibs_PC#3785781910175297536 roll 3
Jibs_PC#3785781910175297536 roll 2
DICE 3 2 5 4 1 4 3 
Jibs_PC#3785781910175297536 roll 3
Jibs_PC#3785781910175297536 roll 2
DICE 3 2 5 3 2 4 3 
Jibs_PC#3785781910175297536 roll 3
Jibs_PC#3785781910175297536 roll 1
DICE 3 1 3 3 1 3 
Jibs_PC#3785781910175297536 roll 3
Jibs_PC#3785781910175297536 roll 1
DICE 3 1 4 3 1 3 
Jibs_PC#3785781910175297536 move 10
Jibs_PC#3785781910175297536 attack 12 11
Jibs_PC#3785781910175297536 roll 3
Jibs_PC#3785781910175297536 roll 1
DICE 3 1 5 1 0 0 
Jibs_PC#3785781910175297536 move 9
Jibs_PC#3785781910175297536 attack 11 10
Jibs_PC#3785781910175297536 roll 3
Jibs_PC#3785781910175297536 roll 2
DICE 3 2 2 1 0 4 4 
Jibs_PC#3785781910175297536 roll 3
Jibs_PC#3785781910175297536 roll 2
DICE 3 2 3 2 1 5 4 
Jibs_PC#3785781910175297536 retreat
Jibs_PC#3785781910175297536 attack 11 10
Jibs_PC#3785781910175297536 roll 3
Jibs_PC#3785781910175297536 roll 2
DICE 3 2 5 4 4 4 1 
Jibs_PC#3785781910175297536 roll 3
Jibs_PC#3785781910175297536 roll 1
DICE 3 1 3 2 0 5 
Jibs_PC#3785781910175297536 roll 3
Jibs_PC#3785781910175297536 roll 1
DICE 3 1 5 4 1 2 
Jibs_PC#3785781910175297536 endattack
Jibs_PC#3785781910175297536 movearmies 10 12 2
CARD 37
Jibs_PC#3785781910175297536 placearmies 22 2
Jibs_PC#3785781910175297536 placearmies 38 1
Jibs_PC#3785781910175297536 attack 22 21
Jibs_PC#3785781910175297536 roll 3
Jibs_PC#3785781910175297536 roll 1
DICE 3 1 5 2 1 0 
Jibs_PC#3785781910175297536 move 10
Jibs_PC#3785781910175297536 attack 21 23
Jibs_PC#3785781910175297536 roll 3
Jibs_PC#3785781910175297536 roll 1
DICE 3 1 4 4 3 0 
Jibs_PC#3785781910175297536 move 9
Jibs_PC#3785781910175297536 attack 23 25
Jibs_PC#3785781910175297536 roll 3
Jibs_PC#3785781910175297536 roll 1
DICE 3 1 5 3 0 0 
Jibs_PC#3785781910175297536 move 8
Jibs_PC#3785781910175297536 attack 25 26
Jibs_PC#3785781910175297536 roll 3
Jibs_PC#3785781910175297536 roll 1
DICE 3 1 4 2 1 1 
Jibs_PC#3785781910175297536 move 3
Jibs_PC#3785781910175297536 endattack
Jibs_PC#3785781910175297536 movearmies 25 23 3
CARD 16
Jibs_PC#3785781910175297536 placearmies 19 3
Jibs_PC#3785781910175297536 attack 19 21
Jibs_PC#3785781910175297536 roll 3
Jibs_PC#3785781910175297536 roll 1
DICE 3 1 5 5 1 5 
Jibs_PC#3785781910175297536 roll 2
Jibs_PC#3785781910175297536 roll 1
DICE 2 1 5 3 3 
Jibs_PC#3785781910175297536 attack 4 9
Jibs_PC#3785781910175297536 roll 3
Jibs_PC#3785781910175297536 roll 1
DICE 3 1 2 1 0 1 
Jibs_PC#3785781910175297536 move 7
Jibs_PC#3785781910175297536 endattack
Jibs_PC#3785781910175297536 nomove
CARD 19
Jibs_PC#3785781910175297536 placearmies 13 1
Jibs_PC#3785781910175297536 placearmies 13 1
Jibs_PC#3785781910175297536 placearmies 13 1
Jibs_PC#3785781910175297536 attack 13 12
Jibs_PC#3785781910175297536 roll 3
Jibs_PC#3785781910175297536 roll 2
DICE 3 2 4 3 0 3 3 
Jibs_PC#3785781910175297536 roll 3
Jibs_PC#3785781910175297536 roll 2
DICE 3 2 1 1 0 1 0 
Jibs_PC#3785781910175297536 retreat
Jibs_PC#3785781910175297536 attack 13 11
Jibs_PC#3785781910175297536 roll 3
Jibs_PC#3785781910175297536 roll 1
DICE 3 1 4 2 0 5 
Jibs_PC#3785781910175297536 roll 2
Jibs_PC#3785781910175297536 roll 1
DICE 2 1 5 4 2 
Jibs_PC#3785781910175297536 endattack
Jibs_PC#3785781910175297536 nomove
CARD 15
Jibs_PC#3785781910175297536 placearmies 2 1
Jibs_PC#3785781910175297536 placearmies 41 2
Jibs_PC#3785781910175297536 attack 41 42
Jibs_PC#3785781910175297536 roll 3
Jibs_PC#3785781910175297536 roll 1
DICE 3 1 3 3 0 0 
Jibs_PC#3785781910175297536 endattack
Jibs_PC#3785781910175297536 movearmies 42 40 1
CARD 28
Jibs_PC#3785781910175297536 placearmies 6 2
Jibs_PC#3785781910175297536 placearmies 17 1
Jibs_PC#3785781910175297536 attack 6 2
Jibs_PC#3785781910175297536 roll 3
Jibs_PC#3785781910175297536 roll 2
DICE 3 2 5 3 0 2 1 
Jibs_PC#3785781910175297536 roll 3
Jibs_PC#3785781910175297536 roll 2
DICE 3 2 5 3 1 3 3 
Jibs_PC#3785781910175297536 roll 3
Jibs_PC#3785781910175297536 roll 1
DICE 3 1 4 2 1 3 
Jibs_PC#3785781910175297536 move 12
Jibs_PC#3785781910175297536 attack 2 7
Jibs_PC#3785781910175297536 roll 3
Jibs_PC#3785781910175297536 roll 1
DICE 3 1 4 4 0 0 
Jibs_PC#3785781910175297536 move 11
Jibs_PC#3785781910175297536 attack 7 8
Jibs_PC#3785781910175297536 roll 3
Jibs_PC#3785781910175297536 roll 1
DICE 3 1 4 3 0 0 
Jibs_PC#3785781910175297536 move 10
Jibs_PC#3785781910175297536 attack 8 9
Jibs_PC#3785781910175297536 roll 3
Jibs_PC#3785781910175297536 roll 2
DICE 3 2 1 0 0 2 2 
Jibs_PC#3785781910175297536 roll 3
Jibs_PC#3785781910175297536 roll 2
DICE 3 2 5 4 2 5 2 
Jibs_PC#3785781910175297536 roll 3
Jibs_PC#3785781910175297536 roll 2
DICE 3 2 2 1 0 1 0 
Jibs_PC#3785781910175297536 roll 3
Jibs_PC#3785781910175297536 roll 2
DICE 3 2 5 3 1 2 1 
Jibs_PC#3785781910175297536 roll 3
Jibs_PC#3785781910175297536 roll 2
DICE 3 2 4 2 1 2 0 
Jibs_PC#3785781910175297536 move 6
Jibs_PC#3785781910175297536 attack 9 5
Jibs_PC#3785781910175297536 roll 3
Jibs_PC#3785781910175297536 roll 1
DICE 3 1 4 2 0 0 
Jibs_PC#3785781910175297536 move 5
Jibs_PC#3785781910175297536 attack 5 4
Jibs_PC#3785781910175297536 roll 3
Jibs_PC#3785781910175297536 roll 1
DICE 3 1 3 3 3 0 
Jibs_PC#3785781910175297536 move 4
Jibs_PC#3785781910175297536 attack 4 3
Jibs_PC#3785781910175297536 roll 3
Jibs_PC#3785781910175297536 roll 1
DICE 3 1 3 2 2 1 
Jibs_PC#3785781910175297536 attack 3 1
Jibs_PC#3785781910175297536 roll 2
Jibs_PC#3785781910175297536 roll 1
DICE 2 1 0 0 4 
Jibs_PC#3785781910175297536 retreat
Jibs_PC#3785781910175297536 endattack
Jibs_PC#3785781910175297536 nomove
CARD 5
Jibs_PC#3785781910175297536 placearmies 12 3
Jibs_PC#3785781910175297536 attack 12 11
Jibs_PC#3785781910175297536 roll 3
Jibs_PC#3785781910175297536 roll 2
DICE 3 2 4 3 3 5 1 
Jibs_PC#3785781910175297536 roll 2
Jibs_PC#3785781910175297536 roll 1
DICE 2 1 3 0 2 
Jibs_PC#3785781910175297536 endattack
Jibs_PC#3785781910175297536 nomove
CARD 29
Jibs_PC#3785781910175297536 placearmies 23 2
Jibs_PC#3785781910175297536 placearmies 22 1
Jibs_PC#3785781910175297536 attack 23 21
Jibs_PC#3785781910175297536 roll 3
Jibs_PC#3785781910175297536 roll 2
DICE 3 2 4 4 0 4 0 
Jibs_PC#3785781910175297536 roll 3
Jibs_PC#3785781910175297536 roll 1
DICE 3 1 4 1 0 3 
Jibs_PC#3785781910175297536 move 4
Jibs_PC#3785781910175297536 endattack
Jibs_PC#3785781910175297536 movearmies 26 24 1
CARD 34
Jibs_PC#3785781910175297536 placearmies 19 3
Jibs_PC#3785781910175297536 attack 19 17
Jibs_PC#3785781910175297536 roll 3
Jibs_PC#3785781910175297536 roll 2
DICE 3 2 4 2 1 2 1 
Jibs_PC#3785781910175297536 endattack
Jibs_PC#3785781910175297536 nomove
CARD 7
Jibs_PC#3785781910175297536 placearmies 13 3
Jibs_PC#3785781910175297536 attack 13 11
Jibs_PC#3785781910175297536 roll 3
Jibs_PC#3785781910175297536 roll 2
DICE 3 2 5 3 0 5 2 
Jibs_PC#3785781910175297536 roll 2
Jibs_PC#3785781910175297536 roll 1
DICE 2 1 2 1 2 
Jibs_PC#3785781910175297536 retreat
Jibs_PC#3785781910175297536 endattack
Jibs_PC#3785781910175297536 nomove
CARD 
Jibs_PC#3785781910175297536 placearmies 33 1
Jibs_PC#3785781910175297536 placearmies 33 2
Jibs_PC#3785781910175297536 placearmies 33 1
Jibs_PC#3785781910175297536 placearmies 35 1
Jibs_PC#3785781910175297536 attack 33 29
Jibs_PC#3785781910175297536 roll 3
Jibs_PC#3785781910175297536 roll 1
DICE 3 1 5 1 0 4 
Jibs_PC#3785781910175297536 move 4
Jibs_PC#3785781910175297536 endattack
Jibs_PC#3785781910175297536 nomove
CARD 9
Jibs_PC#3785781910175297536 placearmies 3 2
Jibs_PC#3785781910175297536 placearmies 3 1
Jibs_PC#3785781910175297536 attack 3 1
Jibs_PC#3785781910175297536 roll 3
Jibs_PC#3785781910175297536 roll 1
DICE 3 1 4 0 0 1 
Jibs_PC#3785781910175297536 move 4
Jibs_PC#3785781910175297536 endattack
Jibs_PC#3785781910175297536 nomove
CARD 6
Jibs_PC#3785781910175297536 placearmies 16 3
Jibs_PC#3785781910175297536 attack 16 15
Jibs_PC#3785781910175297536 roll 3
Jibs_PC#3785781910175297536 roll 1
DICE 3 1 3 2 0 1 
Jibs_PC#3785781910175297536 endattack
Jibs_PC#3785781910175297536 nomove
CARD 24
Jibs_PC#3785781910175297536 placearmies 21 6
Jibs_PC#3785781910175297536 attack 21 19
Jibs_PC#3785781910175297536 roll 3
Jibs_PC#3785781910175297536 roll 1
DICE 3 1 5 3 0 4 
Jibs_PC#3785781910175297536 move 8
Jibs_PC#3785781910175297536 attack 19 17
Jibs_PC#3785781910175297536 roll 3
Jibs_PC#3785781910175297536 roll 2
DICE 3 2 5 4 3 5 5 
Jibs_PC#3785781910175297536 roll 3
Jibs_PC#3785781910175297536 roll 2
DICE 3 2 5 2 1 4 4 
Jibs_PC#3785781910175297536 roll 3
Jibs_PC#3785781910175297536 roll 2
DICE 3 2 5 4 0 4 0 
Jibs_PC#3785781910175297536 move 4
Jibs_PC#3785781910175297536 trade 8 34 26
Jibs_PC#3785781910175297536 placearmies 38 3
Jibs_PC#3785781910175297536 placearmies 38 7
Jibs_PC#3785781910175297536 attack 38 1
Jibs_PC#3785781910175297536 roll 3
Jibs_PC#3785781910175297536 roll 2
DICE 3 2 5 5 1 3 1 
Jibs_PC#3785781910175297536 roll 3
Jibs_PC#3785781910175297536 roll 2
DICE 3 2 2 2 1 4 1 
Jibs_PC#3785781910175297536 roll 3
Jibs_PC#3785781910175297536 roll 1
DICE 3 1 5 4 3 4 
Jibs_PC#3785781910175297536 move 10
Jibs_PC#3785781910175297536 attack 1 3
Jibs_PC#3785781910175297536 roll 3
Jibs_PC#3785781910175297536 roll 1
DICE 3 1 5 5 1 5 
Jibs_PC#3785781910175297536 roll 3
Jibs_PC#3785781910175297536 roll 1
DICE 3 1 5 5 2 1 
Jibs_PC#3785781910175297536 move 8
Jibs_PC#3785781910175297536 attack 3 7
Jibs_PC#3785781910175297536 roll 3
Jibs_PC#3785781910175297536 roll 1
DICE 3 1 4 1 0 4 
Jibs_PC#3785781910175297536 roll 3
Jibs_PC#3785781910175297536 roll 1
DICE 3 1 4 3 0 4 
Jibs_PC#3785781910175297536 retreat
Jibs_PC#3785781910175297536 attack 17 14
Jibs_PC#3785781910175297536 roll 3
Jibs_PC#3785781910175297536 roll 1
DICE 3 1 4 3 0 4 
Jibs_PC#3785781910175297536 roll 2
Jibs_PC#3785781910175297536 roll 1
DICE 2 1 3 2 4 
Jibs_PC#3785781910175297536 retreat
Jibs_PC#3785781910175297536 attack 3 7
Jibs_PC#3785781910175297536 roll 3
Jibs_PC#3785781910175297536 roll 1
DICE 3 1 4 1 0 5 
Jibs_PC#3785781910175297536 roll 3
Jibs_PC#3785781910175297536 roll 1
DICE 3 1 4 3 1 5 
Jibs_PC#3785781910175297536 retreat
Jibs_PC#3785781910175297536 endattack
Jibs_PC#3785781910175297536 movearmies 24 21 1
CARD 17
Jibs_PC#3785781910175297536 placearmies 13 2
Jibs_PC#3785781910175297536 placearmies 13 1
Jibs_PC#3785781910175297536 attack 13 11
Jibs_PC#3785781910175297536 roll 3
Jibs_PC#3785781910175297536 roll 1
DICE 3 1 3 2 1 4 
Jibs_PC#3785781910175297536 roll 3
Jibs_PC#3785781910175297536 roll 1
DICE 3 1 5 0 0 1 
Jibs_PC#3785781910175297536 endattack
Jibs_PC#3785781910175297536 nomove
CARD 30
Jibs_PC#3785781910175297536 placearmies 32 1
Jibs_PC#3785781910175297536 placearmies 29 4
Jibs_PC#3785781910175297536 attack 29 36
Jibs_PC#3785781910175297536 roll 3
Jibs_PC#3785781910175297536 roll 1
DICE 3 1 5 2 0 3 
Jibs_PC#3785781910175297536 move 6
Jibs_PC#3785781910175297536 attack 36 38
Jibs_PC#3785781910175297536 roll 3
Jibs_PC#3785781910175297536 roll 1
DICE 3 1 2 1 1 4 
Jibs_PC#3785781910175297536 roll 3
Jibs_PC#3785781910175297536 roll 1
DICE 3 1 4 3 0 1 
Jibs_PC#3785781910175297536 move 4
Jibs_PC#3785781910175297536 attack 38 37
Jibs_PC#3785781910175297536 roll 3
Jibs_PC#3785781910175297536 roll 2
DICE 3 2 5 2 1 5 4 
Jibs_PC#3785781910175297536 retreat
Jibs_PC#3785781910175297536 endattack
Jibs_PC#3785781910175297536 nomove
CARD wildcard
Jibs_PC#3785781910175297536 placearmies 2 3
Jibs_PC#3785781910175297536 attack 2 1
Jibs_PC#3785781910175297536 roll 3
Jibs_PC#3785781910175297536 roll 1
DICE 3 1 5 5 3 1 
Jibs_PC#3785781910175297536 endattack
Jibs_PC#3785781910175297536 nomove
CARD 22
Jibs_PC#3785781910175297536 trade 37 29 24
Jibs_PC#3785781910175297536 placearmies 15 1
Jibs_PC#3785781910175297536 placearmies 30 12
Jibs_PC#3785781910175297536 attack 30 32
Jibs_PC#3785781910175297536 roll 3
Jibs_PC#3785781910175297536 roll 2
DICE 3 2 4 4 1 5 4 
Jibs_PC#3785781910175297536 roll 3
Jibs_PC#3785781910175297536 roll 2
DICE 3 2 5 3 0 3 1 
Jibs_PC#3785781910175297536 move 10
Jibs_PC#3785781910175297536 attack 15 18
Jibs_PC#3785781910175297536 roll 3
Jibs_PC#3785781910175297536 roll 1
DICE 3 1 5 2 0 5 
Jibs_PC#3785781910175297536 roll 2
Jibs_PC#3785781910175297536 roll 1
DICE 2 1 5 0 4 
Jibs_PC#3785781910175297536 endattack
Jibs_PC#3785781910175297536 nomove
CARD 25
Jibs_PC#3785781910175297536 trade 16 19 7
Jibs_PC#3785781910175297536 placearmies 37 16
Jibs_PC#3785781910175297536 attack 37 36
Jibs_PC#3785781910175297536 roll 3
Jibs_PC#3785781910175297536 roll 1
DICE 3 1 5 1 1 0 
Jibs_PC#3785781910175297536 move 17
Jibs_PC#3785781910175297536 attack 36 29
Jibs_PC#3785781910175297536 roll 3
Jibs_PC#3785781910175297536 roll 2
DICE 3 2 4 2 2 4 0 
Jibs_PC#3785781910175297536 roll 3
Jibs_PC#3785781910175297536 roll 1
DICE 3 1 3 3 2 0 
Jibs_PC#3785781910175297536 move 15
Jibs_PC#3785781910175297536 attack 29 33
Jibs_PC#3785781910175297536 roll 3
Jibs_PC#3785781910175297536 roll 1
DICE 3 1 5 3 0 4 
Jibs_PC#3785781910175297536 move 14
Jibs_PC#3785781910175297536 attack 33 39
Jibs_PC#3785781910175297536 roll 3
Jibs_PC#3785781910175297536 roll 1
DICE 3 1 5 3 0 5 
Jibs_PC#3785781910175297536 roll 3
Jibs_PC#3785781910175297536 roll 1
DICE 3 1 2 2 2 1 
Jibs_PC#3785781910175297536 move 12
Jibs_PC#3785781910175297536 attack 39 41
Jibs_PC#3785781910175297536 roll 3
Jibs_PC#3785781910175297536 roll 1
DICE 3 1 4 4 0 1 
Jibs_PC#3785781910175297536 move 11
Jibs_PC#3785781910175297536 attack 41 42
Jibs_PC#3785781910175297536 roll 3
Jibs_PC#3785781910175297536 roll 2
DICE 3 2 4 4 0 5 1 
Jibs_PC#3785781910175297536 roll 3
Jibs_PC#3785781910175297536 roll 1
DICE 3 1 5 3 1 5 
Jibs_PC#3785781910175297536 roll 3
Jibs_PC#3785781910175297536 roll 1
DICE 3 1 2 1 1 0 
Jibs_PC#3785781910175297536 move 6
Jibs_PC#3785781910175297536 attack 42 40
Jibs_PC#3785781910175297536 roll 3
Jibs_PC#3785781910175297536 roll 2
DICE 3 2 4 3 1 5 1 
Jibs_PC#3785781910175297536 roll 3
Jibs_PC#3785781910175297536 roll 1
DICE 3 1 5 4 3 3 
Jibs_PC#3785781910175297536 move 3
Jibs_PC#3785781910175297536 endattack
Jibs_PC#3785781910175297536 movearmies 26 24 2
CARD 20
Jibs_PC#3785781910175297536 placearmies 11 1
Jibs_PC#3785781910175297536 placearmies 11 1
Jibs_PC#3785781910175297536 placearmies 11 1
Jibs_PC#3785781910175297536 attack 11 10
Jibs_PC#3785781910175297536 roll 3
Jibs_PC#3785781910175297536 roll 1
DICE 3 1 2 2 1 0 
Jibs_PC#3785781910175297536 move 5
Jibs_PC#3785781910175297536 attack 10 12
Jibs_PC#3785781910175297536 roll 3
Jibs_PC#3785781910175297536 roll 1
DICE 3 1 4 2 0 5 
Jibs_PC#3785781910175297536 roll 3
Jibs_PC#3785781910175297536 roll 1
DICE 3 1 4 2 2 4 
Jibs_PC#3785781910175297536 roll 2
Jibs_PC#3785781910175297536 roll 1
DICE 2 1 5 3 0 
Jibs_PC#3785781910175297536 endattack
Jibs_PC#3785781910175297536 nomove
CARD 21
Jibs_PC#3785781910175297536 trade 36 28 wildcard
Jibs_PC#3785781910175297536 placearmies 28 1
Jibs_PC#3785781910175297536 placearmies 28 7
Jibs_PC#3785781910175297536 placearmies 28 1
Jibs_PC#3785781910175297536 placearmies 28 4
Jibs_PC#3785781910175297536 attack 28 29
Jibs_PC#3785781910175297536 roll 3
Jibs_PC#3785781910175297536 roll 1
DICE 3 1 5 0 0 4 
Jibs_PC#3785781910175297536 move 15
Jibs_PC#3785781910175297536 attack 29 33
Jibs_PC#3785781910175297536 roll 3
Jibs_PC#3785781910175297536 roll 1
DICE 3 1 3 3 2 3 
Jibs_PC#3785781910175297536 roll 3
Jibs_PC#3785781910175297536 roll 1
DICE 3 1 2 1 1 3 
Jibs_PC#3785781910175297536 roll 3
Jibs_PC#3785781910175297536 roll 1
DICE 3 1 5 2 0 2 
Jibs_PC#3785781910175297536 move 12
Jibs_PC#3785781910175297536 attack 33 39
Jibs_PC#3785781910175297536 roll 3
Jibs_PC#3785781910175297536 roll 1
DICE 3 1 3 1 1 4 
Jibs_PC#3785781910175297536 roll 3
Jibs_PC#3785781910175297536 roll 1
DICE 3 1 4 2 0 4 
Jibs_PC#3785781910175297536 roll 3
Jibs_PC#3785781910175297536 roll 1
DICE 3 1 4 3 2 0 
Jibs_PC#3785781910175297536 move 9
Jibs_PC#3785781910175297536 attack 39 40
Jibs_PC#3785781910175297536 roll 3
Jibs_PC#3785781910175297536 roll 2
DICE 3 2 4 3 2 3 2 
Jibs_PC#3785781910175297536 roll 3
Jibs_PC#3785781910175297536 roll 1
DICE 3 1 4 1 1 4 
Jibs_PC#3785781910175297536 retreat
Jibs_PC#3785781910175297536 attack 39 41
Jibs_PC#3785781910175297536 roll 3
Jibs_PC#3785781910175297536 roll 2
DICE 3 2 5 2 2 3 1 
Jibs_PC#3785781910175297536 roll 3
Jibs_PC#3785781910175297536 roll 1
DICE 3 1 4 2 1 5 
Jibs_PC#3785781910175297536 retreat
Jibs_PC#3785781910175297536 attack 39 40
Jibs_PC#3785781910175297536 roll 3
Jibs_PC#3785781910175297536 roll 1
DICE 3 1 5 4 3 0 
Jibs_PC#3785781910175297536 move 6
Jibs_PC#3785781910175297536 attack 40 41
Jibs_PC#3785781910175297536 roll 3
Jibs_PC#3785781910175297536 roll 1
DICE 3 1 4 3 3 0 
Jibs_PC#3785781910175297536 move 5
Jibs_PC#3785781910175297536 attack 41 42
Jibs_PC#3785781910175297536 roll 3
Jibs_PC#3785781910175297536 roll 2
DICE 3 2 4 1 1 5 3 
Jibs_PC#3785781910175297536 retreat
Jibs_PC#3785781910175297536 endattack
Jibs_PC#3785781910175297536 nomove
CARD 3
Jibs_PC#3785781910175297536 trade 2 5 22
Jibs_PC#3785781910175297536 placearmies 1 2
Jibs_PC#3785781910175297536 placearmies 1 4
Jibs_PC#3785781910175297536 placearmies 1 2
Jibs_PC#3785781910175297536 placearmies 1 1
Jibs_PC#3785781910175297536 placearmies 1 1
Jibs_PC#3785781910175297536 placearmies 5 3
Jibs_PC#3785781910175297536 attack 1 3
Jibs_PC#3785781910175297536 roll 3
Jibs_PC#3785781910175297536 roll 2
DICE 3 2 5 4 2 5 5 
Jibs_PC#3785781910175297536 roll 3
Jibs_PC#3785781910175297536 roll 2
DICE 3 2 5 4 1 2 0 
Jibs_PC#3785781910175297536 roll 3
Jibs_PC#3785781910175297536 roll 2
DICE 3 2 3 2 2 5 1 
Jibs_PC#3785781910175297536 roll 3
Jibs_PC#3785781910175297536 roll 1
DICE 3 1 4 3 2 2 
Jibs_PC#3785781910175297536 move 3
Jibs_PC#3785781910175297536 endattack
Jibs_PC#3785781910175297536 movearmies 3 1 2
CARD 42
Jibs_PC#3785781910175297536 placearmies 18 3
Jibs_PC#3785781910175297536 attack 18 17
Jibs_PC#3785781910175297536 roll 3
Jibs_PC#3785781910175297536 roll 2
DICE 3 2 3 2 0 3 2 
Jibs_PC#3785781910175297536 retreat
Jibs_PC#3785781910175297536 attack 32 29
Jibs_PC#3785781910175297536 roll 3
Jibs_PC#3785781910175297536 roll 1
DICE 3 1 1 1 0 4 
Jibs_PC#3785781910175297536 roll 3
Jibs_PC#3785781910175297536 roll 1
DICE 3 1 3 3 0 4 
Jibs_PC#3785781910175297536 roll 3
Jibs_PC#3785781910175297536 roll 1
DICE 3 1 3 2 1 3 
Jibs_PC#3785781910175297536 roll 3
Jibs_PC#3785781910175297536 roll 1
DICE 3 1 3 1 1 5 
Jibs_PC#3785781910175297536 roll 3
Jibs_PC#3785781910175297536 roll 1
DICE 3 1 5 3 0 4 
Jibs_PC#3785781910175297536 move 5
Jibs_PC#3785781910175297536 endattack
Jibs_PC#3785781910175297536 nomove
CARD 18
Jibs_PC#3785781910175297536 placearmies 21 1
Jibs_PC#3785781910175297536 placearmies 42 5
Jibs_PC#3785781910175297536 attack 21 12
Jibs_PC#3785781910175297536 roll 3
Jibs_PC#3785781910175297536 roll 2
DICE 3 2 5 2 1 4 3 
Jibs_PC#3785781910175297536 roll 2
Jibs_PC#3785781910175297536 roll 1
DICE 2 1 4 2 4 
Jibs_PC#3785781910175297536 retreat
Jibs_PC#3785781910175297536 attack 42 40
Jibs_PC#3785781910175297536 roll 3
Jibs_PC#3785781910175297536 roll 1
DICE 3 1 5 2 0 4 
Jibs_PC#3785781910175297536 move 6
Jibs_PC#3785781910175297536 attack 40 39
Jibs_PC#3785781910175297536 roll 3
Jibs_PC#3785781910175297536 roll 1
DICE 3 1 3 3 1 5 
Jibs_PC#3785781910175297536 roll 3
Jibs_PC#3785781910175297536 roll 1
DICE 3 1 4 0 0 3 
Jibs_PC#3785781910175297536 move 4
Jibs_PC#3785781910175297536 endattack
Jibs_PC#3785781910175297536 movearmies 19 21 2
CARD 33
Jibs_PC#3785781910175297536 trade 1 30 21
Jibs_PC#3785781910175297536 placearmies 34 3
Jibs_PC#3785781910175297536 placearmies 10 1
Jibs_PC#3785781910175297536 placearmies 12 1
Jibs_PC#3785781910175297536 placearmies 10 2
Jibs_PC#3785781910175297536 placearmies 12 2
Jibs_PC#3785781910175297536 attack 34 38
Jibs_PC#3785781910175297536 roll 3
Jibs_PC#3785781910175297536 roll 2
DICE 3 2 4 3 2 5 4 
Jibs_PC#3785781910175297536 retreat
Jibs_PC#3785781910175297536 attack 12 21
Jibs_PC#3785781910175297536 roll 3
Jibs_PC#3785781910175297536 roll 2
DICE 3 2 4 3 3 4 0 
Jibs_PC#3785781910175297536 retreat
Jibs_PC#3785781910175297536 attack 12 21
Jibs_PC#3785781910175297536 roll 2
Jibs_PC#3785781910175297536 roll 2
DICE 2 2 4 2 4 0 
Jibs_PC#3785781910175297536 retreat
Jibs_PC#3785781910175297536 attack 10 5
Jibs_PC#3785781910175297536 roll 3
Jibs_PC#3785781910175297536 roll 2
DICE 3 2 0 0 0 3 0 
Jibs_PC#3785781910175297536 retreat
Jibs_PC#3785781910175297536 endattack
Jibs_PC#3785781910175297536 nomove
CARD 
Jibs_PC#3785781910175297536 placearmies 41 1
Jibs_PC#3785781910175297536 placearmies 41 1
Jibs_PC#3785781910175297536 placearmies 38 1
Jibs_PC#3785781910175297536 attack 41 40
Jibs_PC#3785781910175297536 roll 3
Jibs_PC#3785781910175297536 roll 1
DICE 3 1 2 2 1 5 
Jibs_PC#3785781910175297536 roll 3
Jibs_PC#3785781910175297536 roll 1
DICE 3 1 5 5 1 3 
Jibs_PC#3785781910175297536 endattack
Jibs_PC#3785781910175297536 nomove
CARD 41
Jibs_PC#3785781910175297536 placearmies 14 1
Jibs_PC#3785781910175297536 placearmies 5 7
Jibs_PC#3785781910175297536 attack 5 10
Jibs_PC#3785781910175297536 roll 3
Jibs_PC#3785781910175297536 roll 2
DICE 3 2 4 3 0 1 1 
Jibs_PC#3785781910175297536 move 10
Jibs_PC#3785781910175297536 attack 10 12
Jibs_PC#3785781910175297536 roll 3
Jibs_PC#3785781910175297536 roll 2
DICE 3 2 5 4 4 5 5 
Jibs_PC#3785781910175297536 roll 3
Jibs_PC#3785781910175297536 roll 2
DICE 3 2 5 4 1 5 1 
Jibs_PC#3785781910175297536 roll 3
Jibs_PC#3785781910175297536 roll 1
DICE 3 1 5 4 3 1 
Jibs_PC#3785781910175297536 move 5
Jibs_PC#3785781910175297536 attack 12 21
Jibs_PC#3785781910175297536 roll 3
Jibs_PC#3785781910175297536 roll 2
DICE 3 2 5 5 1 1 0 
Jibs_PC#3785781910175297536 move 4
Jibs_PC#3785781910175297536 attack 1 38
Jibs_PC#3785781910175297536 roll 3
Jibs_PC#3785781910175297536 roll 2
DICE 3 2 4 3 1 5 5 
Jibs_PC#3785781910175297536 roll 3
Jibs_PC#3785781910175297536 roll 2
DICE 3 2 4 3 2 2 1 
Jibs_PC#3785781910175297536 roll 3
Jibs_PC#3785781910175297536 roll 1
DICE 3 1 4 4 2 3 
Jibs_PC#3785781910175297536 move 6
Jibs_PC#3785781910175297536 attack 38 37
Jibs_PC#3785781910175297536 roll 3
Jibs_PC#3785781910175297536 roll 1
DICE 3 1 2 2 0 1 
Jibs_PC#3785781910175297536 move 4
Jibs_PC#3785781910175297536 endattack
Jibs_PC#3785781910175297536 movearmies 37 38 3
CARD 27
Jibs_PC#3785781910175297536 placearmies 18 2
Jibs_PC#3785781910175297536 placearmies 29 1
Jibs_PC#3785781910175297536 attack 18 17
Jibs_PC#3785781910175297536 roll 3
Jibs_PC#3785781910175297536 roll 2
DICE 3 2 0 0 0 5 3 
Jibs_PC#3785781910175297536 retreat
Jibs_PC#3785781910175297536 attack 18 19
Jibs_PC#3785781910175297536 roll 2
Jibs_PC#3785781910175297536 roll 1
DICE 2 1 0 0 3 
Jibs_PC#3785781910175297536 retreat
Jibs_PC#3785781910175297536 attack 29 27
Jibs_PC#3785781910175297536 roll 3
Jibs_PC#3785781910175297536 roll 1
DICE 3 1 5 5 4 3 
Jibs_PC#3785781910175297536 move 5
Jibs_PC#3785781910175297536 endattack
Jibs_PC#3785781910175297536 nomove
CARD 4
Jibs_PC#3785781910175297536 placearmies 39 1
Jibs_PC#3785781910175297536 placearmies 22 2
Jibs_PC#3785781910175297536 attack 39 40
Jibs_PC#3785781910175297536 roll 3
Jibs_PC#3785781910175297536 roll 2
DICE 3 2 4 3 2 5 2 
Jibs_PC#3785781910175297536 roll 3
Jibs_PC#3785781910175297536 roll 2
DICE 3 2 3 2 0 5 5 
Jibs_PC#3785781910175297536 retreat
Jibs_PC#3785781910175297536 attack 22 20
Jibs_PC#3785781910175297536 roll 3
Jibs_PC#3785781910175297536 roll 1
DICE 3 1 4 4 1 4 
Jibs_PC#3785781910175297536 roll 2
Jibs_PC#3785781910175297536 roll 1
DICE 2 1 4 4 5 
Jibs_PC#3785781910175297536 retreat
Jibs_PC#3785781910175297536 attack 24 21
Jibs_PC#3785781910175297536 roll 2
Jibs_PC#3785781910175297536 roll 2
DICE 2 2 3 1 5 3 
Jibs_PC#3785781910175297536 endattack
Jibs_PC#3785781910175297536 movearmies 26 24 1
CARD 
Jibs_PC#3785781910175297536 placearmies 13 3
Jibs_PC#3785781910175297536 attack 13 12
Jibs_PC#3785781910175297536 roll 3
Jibs_PC#3785781910175297536 roll 1
DICE 3 1 5 5 0 2 
Jibs_PC#3785781910175297536 endattack
Jibs_PC#3785781910175297536 nomove
CARD 32
Jibs_PC#3785781910175297536 placearmies 40 2
Jibs_PC#3785781910175297536 placearmies 40 1
Jibs_PC#3785781910175297536 attack 40 39
Jibs_PC#3785781910175297536 roll 3
Jibs_PC#3785781910175297536 roll 2
DICE 3 2 5 5 0 3 0 
Jibs_PC#3785781910175297536 move 3
Jibs_PC#3785781910175297536 endattack
Jibs_PC#3785781910175297536 movearmies 39 40 2
CARD 11
Jibs_PC#3785781910175297536 trade 6 42 27
Jibs_PC#3785781910175297536 placearmies 38 1
Jibs_PC#3785781910175297536 placearmies 21 10
Jibs_PC#3785781910175297536 placearmies 21 8
Jibs_PC#3785781910175297536 attack 21 24
Jibs_PC#3785781910175297536 roll 3
Jibs_PC#3785781910175297536 roll 2
DICE 3 2 2 0 0 5 4 
Jibs_PC#3785781910175297536 roll 3
Jibs_PC#3785781910175297536 roll 2
DICE 3 2 4 3 0 3 1 
Jibs_PC#3785781910175297536 move 19
Jibs_PC#3785781910175297536 attack 24 26
Jibs_PC#3785781910175297536 roll 3
Jibs_PC#3785781910175297536 roll 1
DICE 3 1 5 0 0 5 
Jibs_PC#3785781910175297536 roll 3
Jibs_PC#3785781910175297536 roll 1
DICE 3 1 4 2 1 3 
Jibs_PC#3785781910175297536 move 10
Jibs_PC#3785781910175297536 attack 24 22
Jibs_PC#3785781910175297536 roll 3
Jibs_PC#3785781910175297536 roll 2
DICE 3 2 5 3 2 4 2 
Jibs_PC#3785781910175297536 move 7
Jibs_PC#3785781910175297536 attack 26 25
Jibs_PC#3785781910175297536 roll 3
Jibs_PC#3785781910175297536 roll 2
DICE 3 2 3 1 0 5 1 
Jibs_PC#3785781910175297536 roll 3
Jibs_PC#3785781910175297536 roll 2
DICE 3 2 5 3 1 5 0 
Jibs_PC#3785781910175297536 roll 3
Jibs_PC#3785781910175297536 roll 1
DICE 3 1 5 3 1 3 
Jibs_PC#3785781910175297536 move 6
Jibs_PC#3785781910175297536 attack 25 23
Jibs_PC#3785781910175297536 roll 3
Jibs_PC#3785781910175297536 roll 1
DICE 3 1 5 4 0 2 
Jibs_PC#3785781910175297536 move 3
