Jibs_PC#3693992837059792896 newplayer human green s0914007
Jibs_PC#3693992837059792896 newplayer human blue bob
Jibs_PC#3693992837059792896 newplayer human red fred
Jibs_PC#3693992837059792896 newplayer human cyan ted
Jibs_PC#3693992837059792896 newplayer human magenta yura
Jibs_PC#3693992837059792896 newplayer human yellow lala
Jibs_PC#3693992837059792896 startgame mission fixed autoplaceall recycle
PLAYER ted
MISSION 1 0 1 1 1 0
PLACEALL 8 19 1 15 39 23 14 6 24 22 42 17 2 32 34 12 33 36 27 20 13 35 4 30 16 29 41 3 21 5 11 9 31 18 25 37 7 28 38 40 10 26
Jibs_PC#3693992837059792896 placearmies 2 1
CARD 
Jibs_PC#3693992837059792896 placearmies 9 1
CARD 
Jibs_PC#3693992837059792896 placearmies 24 1
CARD 
Jibs_PC#3693992837059792896 placearmies 40 1
CARD 
Jibs_PC#3693992837059792896 placearmies 10 1
CARD 
Jibs_PC#3693992837059792896 placearmies 36 1
CARD 
Jibs_PC#3693992837059792896 placearmies 7 1
CARD 
Jibs_PC#3693992837059792896 placearmies 6 1
CARD 
Jibs_PC#3693992837059792896 placearmies 34 1
CARD 
Jibs_PC#3693992837059792896 placearmies 18 1
CARD 
Jibs_PC#3693992837059792896 placearmies 33 1
CARD 
Jibs_PC#3693992837059792896 placearmies 30 1
CARD 
Jibs_PC#3693992837059792896 placearmies 8 1
CARD 
Jibs_PC#3693992837059792896 placearmies 9 1
CARD 
Jibs_PC#3693992837059792896 placearmies 31 1
CARD 
Jibs_PC#3693992837059792896 placearmies 15 1
CARD 
Jibs_PC#3693992837059792896 placearmies 10 1
CARD 
Jibs_PC#3693992837059792896 placearmies 37 1
CARD 
Jibs_PC#3693992837059792896 placearmies 2 1
CARD 
Jibs_PC#3693992837059792896 placearmies 6 1
CARD 
Jibs_PC#3693992837059792896 placearmies 38 1
CARD 
Jibs_PC#3693992837059792896 placearmies 40 1
CARD 
Jibs_PC#3693992837059792896 placearmies 33 1
CARD 
Jibs_PC#3693992837059792896 placearmies 30 1
CARD 
Jibs_PC#3693992837059792896 placearmies 8 1
CARD 
Jibs_PC#3693992837059792896 placearmies 6 1
CARD 
Jibs_PC#3693992837059792896 placearmies 24 1
CARD 
Jibs_PC#3693992837059792896 placearmies 18 1
CARD 
Jibs_PC#3693992837059792896 placearmies 10 1
CARD 
Jibs_PC#3693992837059792896 placearmies 36 1
CARD 
Jibs_PC#3693992837059792896 placearmies 7 1
CARD 
Jibs_PC#3693992837059792896 placearmies 9 1
CARD 
Jibs_PC#3693992837059792896 placearmies 31 1
CARD 
Jibs_PC#3693992837059792896 placearmies 15 1
CARD 
Jibs_PC#3693992837059792896 placearmies 33 1
CARD 
Jibs_PC#3693992837059792896 placearmies 37 1
CARD 
Jibs_PC#3693992837059792896 placearmies 2 1
CARD 
Jibs_PC#3693992837059792896 placearmies 6 1
CARD 
Jibs_PC#3693992837059792896 placearmies 34 1
CARD 
Jibs_PC#3693992837059792896 placearmies 40 1
CARD 
Jibs_PC#3693992837059792896 placearmies 10 1
CARD 
Jibs_PC#3693992837059792896 placearmies 37 1
CARD 
Jibs_PC#3693992837059792896 placearmies 7 1
CARD 
Jibs_PC#3693992837059792896 placearmies 9 1
CARD 
Jibs_PC#3693992837059792896 placearmies 38 1
CARD 
Jibs_PC#3693992837059792896 placearmies 15 1
CARD 
Jibs_PC#3693992837059792896 placearmies 33 1
CARD 
Jibs_PC#3693992837059792896 placearmies 36 1
CARD 
Jibs_PC#3693992837059792896 placearmies 8 1
CARD 
Jibs_PC#3693992837059792896 placearmies 9 1
CARD 
Jibs_PC#3693992837059792896 placearmies 24 1
CARD 
Jibs_PC#3693992837059792896 placearmies 18 1
CARD 
Jibs_PC#3693992837059792896 placearmies 10 1
CARD 
Jibs_PC#3693992837059792896 placearmies 30 1
CARD 
Jibs_PC#3693992837059792896 placearmies 2 1
CARD 
Jibs_PC#3693992837059792896 placearmies 6 1
CARD 
Jibs_PC#3693992837059792896 placearmies 31 1
CARD 
Jibs_PC#3693992837059792896 placearmies 40 1
CARD 
Jibs_PC#3693992837059792896 placearmies 33 1
CARD 
Jibs_PC#3693992837059792896 placearmies 30 1
CARD 
Jibs_PC#3693992837059792896 placearmies 7 1
CARD 
Jibs_PC#3693992837059792896 placearmies 6 1
CARD 
Jibs_PC#3693992837059792896 placearmies 34 1
CARD 
Jibs_PC#3693992837059792896 placearmies 15 1
CARD 
Jibs_PC#3693992837059792896 placearmies 10 1
CARD 
Jibs_PC#3693992837059792896 placearmies 36 1
CARD 
Jibs_PC#3693992837059792896 placearmies 8 1
CARD 
Jibs_PC#3693992837059792896 placearmies 9 1
CARD 
Jibs_PC#3693992837059792896 placearmies 38 1
CARD 
Jibs_PC#3693992837059792896 placearmies 18 1
CARD 
Jibs_PC#3693992837059792896 placearmies 33 1
CARD 
Jibs_PC#3693992837059792896 placearmies 37 1
CARD 
Jibs_PC#3693992837059792896 placearmies 2 1
CARD 
Jibs_PC#3693992837059792896 placearmies 6 1
CARD 
Jibs_PC#3693992837059792896 placearmies 31 1
CARD 
Jibs_PC#3693992837059792896 placearmies 15 1
CARD 
Jibs_PC#3693992837059792896 placearmies 10 1
CARD 
Jibs_PC#3693992837059792896 placearmies 30 1
CARD 
Jibs_PC#3693992837059792896 placearmies 8 1
Jibs_PC#3693992837059792896 placearmies 8 1
Jibs_PC#3693992837059792896 placearmies 7 1
Jibs_PC#3693992837059792896 attack 8 6
Jibs_PC#3693992837059792896 roll 3
Jibs_PC#3693992837059792896 roll 2
DICE 3 2 3 3 2 5 4 
Jibs_PC#3693992837059792896 roll 3
Jibs_PC#3693992837059792896 roll 2
DICE 3 2 3 3 2 5 5 
Jibs_PC#3693992837059792896 retreat
Jibs_PC#3693992837059792896 attack 8 6
Jibs_PC#3693992837059792896 roll 2
Jibs_PC#3693992837059792896 roll 2
DICE 2 2 4 1 3 1 
Jibs_PC#3693992837059792896 roll 1
Jibs_PC#3693992837059792896 roll 2
DICE 1 2 1 4 4 
Jibs_PC#3693992837059792896 attack 7 6
Jibs_PC#3693992837059792896 roll 3
Jibs_PC#3693992837059792896 roll 2
DICE 3 2 5 4 3 5 4 
Jibs_PC#3693992837059792896 roll 3
Jibs_PC#3693992837059792896 roll 2
DICE 3 2 5 4 0 5 5 
Jibs_PC#3693992837059792896 roll 1
Jibs_PC#3693992837059792896 roll 2
DICE 1 2 0 5 3 
Jibs_PC#3693992837059792896 attack 2 1
Jibs_PC#3693992837059792896 roll 3
Jibs_PC#3693992837059792896 roll 1
DICE 3 1 4 2 0 0 
Jibs_PC#3693992837059792896 move all
Jibs_PC#3693992837059792896 attack 1 3
Jibs_PC#3693992837059792896 roll 3
Jibs_PC#3693992837059792896 roll 1
DICE 3 1 5 0 0 4 
Jibs_PC#3693992837059792896 move all
Jibs_PC#3693992837059792896 attack 3 4
Jibs_PC#3693992837059792896 roll 3
Jibs_PC#3693992837059792896 roll 1
DICE 3 1 5 4 1 5 
Jibs_PC#3693992837059792896 roll 2
Jibs_PC#3693992837059792896 roll 1
DICE 2 1 5 2 4 
Jibs_PC#3693992837059792896 attack 4 5
Jibs_PC#3693992837059792896 roll 1
Jibs_PC#3693992837059792896 roll 1
DICE 1 1 1 5 
Jibs_PC#3693992837059792896 endattack
Jibs_PC#3693992837059792896 nomove
CARD 5
Jibs_PC#3693992837059792896 placearmies 9 1
Jibs_PC#3693992837059792896 placearmies 6 1
Jibs_PC#3693992837059792896 placearmies 9 1
Jibs_PC#3693992837059792896 attack 9 5
Jibs_PC#3693992837059792896 roll 3
Jibs_PC#3693992837059792896 roll 1
DICE 3 1 4 1 1 4 
Jibs_PC#3693992837059792896 roll 3
Jibs_PC#3693992837059792896 roll 1
DICE 3 1 4 4 1 2 
Jibs_PC#3693992837059792896 move all
Jibs_PC#3693992837059792896 attack 5 4
Jibs_PC#3693992837059792896 roll 3
Jibs_PC#3693992837059792896 roll 1
DICE 3 1 5 5 3 2 
Jibs_PC#3693992837059792896 move all
Jibs_PC#3693992837059792896 attack 4 3
Jibs_PC#3693992837059792896 roll 3
Jibs_PC#3693992837059792896 roll 1
DICE 3 1 2 1 1 2 
Jibs_PC#3693992837059792896 roll 3
Jibs_PC#3693992837059792896 roll 1
DICE 3 1 5 5 5 0 
Jibs_PC#3693992837059792896 move all
Jibs_PC#3693992837059792896 attack 3 1
Jibs_PC#3693992837059792896 roll 3
Jibs_PC#3693992837059792896 roll 1
DICE 3 1 1 1 0 0 
Jibs_PC#3693992837059792896 attack 1 2
Jibs_PC#3693992837059792896 roll 2
Jibs_PC#3693992837059792896 roll 1
DICE 2 1 2 0 4 
Jibs_PC#3693992837059792896 roll 1
Jibs_PC#3693992837059792896 roll 1
DICE 1 1 0 1 
Jibs_PC#3693992837059792896 attack 6 2
Jibs_PC#3693992837059792896 roll 3
Jibs_PC#3693992837059792896 roll 1
DICE 3 1 5 4 3 1 
Jibs_PC#3693992837059792896 move all
Jibs_PC#3693992837059792896 attack 2 7
Jibs_PC#3693992837059792896 roll 3
Jibs_PC#3693992837059792896 roll 1
DICE 3 1 3 3 1 0 
Jibs_PC#3693992837059792896 move all
Jibs_PC#3693992837059792896 attack 7 8
Jibs_PC#3693992837059792896 roll 3
Jibs_PC#3693992837059792896 roll 1
DICE 3 1 3 1 0 5 
Jibs_PC#3693992837059792896 roll 3
Jibs_PC#3693992837059792896 roll 1
DICE 3 1 4 2 1 5 
Jibs_PC#3693992837059792896 roll 3
Jibs_PC#3693992837059792896 roll 1
DICE 3 1 2 0 0 0 
Jibs_PC#3693992837059792896 endattack
Jibs_PC#3693992837059792896 movearmies 8 9 2
CARD 41
Jibs_PC#3693992837059792896 placearmies 24 1
Jibs_PC#3693992837059792896 placearmies 34 1
Jibs_PC#3693992837059792896 placearmies 38 1
Jibs_PC#3693992837059792896 attack 24 26
Jibs_PC#3693992837059792896 roll 3
Jibs_PC#3693992837059792896 roll 1
DICE 3 1 5 3 1 3 
Jibs_PC#3693992837059792896 move all
Jibs_PC#3693992837059792896 attack 26 25
Jibs_PC#3693992837059792896 roll 3
Jibs_PC#3693992837059792896 roll 1
DICE 3 1 4 2 0 3 
Jibs_PC#3693992837059792896 attack 25 23
Jibs_PC#3693992837059792896 roll 2
Jibs_PC#3693992837059792896 roll 1
DICE 2 1 4 0 3 
Jibs_PC#3693992837059792896 attack 23 21
Jibs_PC#3693992837059792896 roll 1
Jibs_PC#3693992837059792896 roll 1
DICE 1 1 0 2 
Jibs_PC#3693992837059792896 attack 31 32
Jibs_PC#3693992837059792896 roll 3
Jibs_PC#3693992837059792896 roll 1
DICE 3 1 4 3 0 1 
Jibs_PC#3693992837059792896 move all
Jibs_PC#3693992837059792896 attack 34 27
Jibs_PC#3693992837059792896 roll 3
Jibs_PC#3693992837059792896 roll 1
DICE 3 1 5 4 3 2 
Jibs_PC#3693992837059792896 move all
Jibs_PC#3693992837059792896 attack 27 28
Jibs_PC#3693992837059792896 roll 3
Jibs_PC#3693992837059792896 roll 1
DICE 3 1 4 2 0 4 
Jibs_PC#3693992837059792896 roll 2
Jibs_PC#3693992837059792896 roll 1
DICE 2 1 4 2 3 
Jibs_PC#3693992837059792896 attack 28 29
Jibs_PC#3693992837059792896 roll 1
Jibs_PC#3693992837059792896 roll 1
DICE 1 1 1 1 
Jibs_PC#3693992837059792896 attack 38 35
Jibs_PC#3693992837059792896 roll 3
Jibs_PC#3693992837059792896 roll 1
DICE 3 1 4 2 2 4 
Jibs_PC#3693992837059792896 roll 3
Jibs_PC#3693992837059792896 roll 1
DICE 3 1 2 1 0 2 
Jibs_PC#3693992837059792896 roll 2
Jibs_PC#3693992837059792896 roll 1
DICE 2 1 3 1 1 
Jibs_PC#3693992837059792896 attack 35 36
Jibs_PC#3693992837059792896 roll 1
Jibs_PC#3693992837059792896 roll 2
DICE 1 2 0 3 2 
Jibs_PC#3693992837059792896 attack 32 29
Jibs_PC#3693992837059792896 roll 3
Jibs_PC#3693992837059792896 roll 1
DICE 3 1 5 1 0 3 
Jibs_PC#3693992837059792896 attack 29 30
Jibs_PC#3693992837059792896 roll 2
Jibs_PC#3693992837059792896 roll 2
DICE 2 2 2 1 5 3 
Jibs_PC#3693992837059792896 endattack
Jibs_PC#3693992837059792896 nomove
CARD 26
Jibs_PC#3693992837059792896 placearmies 40 1
Jibs_PC#3693992837059792896 placearmies 18 1
Jibs_PC#3693992837059792896 placearmies 40 1
Jibs_PC#3693992837059792896 attack 40 42
Jibs_PC#3693992837059792896 roll 3
Jibs_PC#3693992837059792896 roll 1
DICE 3 1 4 4 3 0 
Jibs_PC#3693992837059792896 move all
Jibs_PC#3693992837059792896 attack 42 41
Jibs_PC#3693992837059792896 roll 3
Jibs_PC#3693992837059792896 roll 1
DICE 3 1 5 5 2 1 
Jibs_PC#3693992837059792896 move all
Jibs_PC#3693992837059792896 attack 41 39
Jibs_PC#3693992837059792896 roll 3
Jibs_PC#3693992837059792896 roll 1
DICE 3 1 5 3 2 0 
Jibs_PC#3693992837059792896 move all
Jibs_PC#3693992837059792896 attack 15 14
Jibs_PC#3693992837059792896 roll 3
Jibs_PC#3693992837059792896 roll 1
DICE 3 1 5 4 0 5 
Jibs_PC#3693992837059792896 roll 3
Jibs_PC#3693992837059792896 roll 1
DICE 3 1 4 4 1 5 
Jibs_PC#3693992837059792896 roll 3
Jibs_PC#3693992837059792896 roll 1
DICE 3 1 3 3 1 1 
Jibs_PC#3693992837059792896 attack 14 17
Jibs_PC#3693992837059792896 roll 2
Jibs_PC#3693992837059792896 roll 1
DICE 2 1 3 2 3 
Jibs_PC#3693992837059792896 roll 1
Jibs_PC#3693992837059792896 roll 1
DICE 1 1 4 3 
Jibs_PC#3693992837059792896 attack 18 19
Jibs_PC#3693992837059792896 roll 3
Jibs_PC#3693992837059792896 roll 1
DICE 3 1 3 3 2 0 
Jibs_PC#3693992837059792896 move all
Jibs_PC#3693992837059792896 attack 19 20
Jibs_PC#3693992837059792896 roll 3
Jibs_PC#3693992837059792896 roll 1
DICE 3 1 3 2 2 4 
Jibs_PC#3693992837059792896 roll 3
Jibs_PC#3693992837059792896 roll 1
DICE 3 1 2 0 0 5 
Jibs_PC#3693992837059792896 roll 2
Jibs_PC#3693992837059792896 roll 1
DICE 2 1 3 2 3 
Jibs_PC#3693992837059792896 roll 1
Jibs_PC#3693992837059792896 roll 1
DICE 1 1 0 4 
Jibs_PC#3693992837059792896 endattack
Jibs_PC#3693992837059792896 nomove
CARD 34
Jibs_PC#3693992837059792896 placearmies 33 1
Jibs_PC#3693992837059792896 placearmies 10 1
Jibs_PC#3693992837059792896 placearmies 33 1
Jibs_PC#3693992837059792896 attack 10 11
Jibs_PC#3693992837059792896 roll 3
Jibs_PC#3693992837059792896 roll 1
DICE 3 1 4 1 1 1 
Jibs_PC#3693992837059792896 move all
Jibs_PC#3693992837059792896 attack 11 13
Jibs_PC#3693992837059792896 roll 3
Jibs_PC#3693992837059792896 roll 1
DICE 3 1 5 3 0 4 
Jibs_PC#3693992837059792896 move all
Jibs_PC#3693992837059792896 attack 13 12
Jibs_PC#3693992837059792896 roll 3
Jibs_PC#3693992837059792896 roll 1
DICE 3 1 4 3 0 4 
Jibs_PC#3693992837059792896 roll 3
Jibs_PC#3693992837059792896 roll 1
DICE 3 1 5 3 0 2 
Jibs_PC#3693992837059792896 move all
Jibs_PC#3693992837059792896 attack 33 32
Jibs_PC#3693992837059792896 roll 3
Jibs_PC#3693992837059792896 roll 1
DICE 3 1 4 3 2 4 
Jibs_PC#3693992837059792896 roll 3
Jibs_PC#3693992837059792896 roll 1
DICE 3 1 5 5 0 2 
Jibs_PC#3693992837059792896 move all
Jibs_PC#3693992837059792896 attack 32 29
Jibs_PC#3693992837059792896 roll 3
Jibs_PC#3693992837059792896 roll 1
DICE 3 1 4 1 1 5 
Jibs_PC#3693992837059792896 roll 3
Jibs_PC#3693992837059792896 roll 1
DICE 3 1 5 5 4 4 
Jibs_PC#3693992837059792896 move all
Jibs_PC#3693992837059792896 attack 29 28
Jibs_PC#3693992837059792896 roll 3
Jibs_PC#3693992837059792896 roll 1
DICE 3 1 5 1 1 5 
Jibs_PC#3693992837059792896 roll 3
Jibs_PC#3693992837059792896 roll 1
DICE 3 1 4 3 2 2 
Jibs_PC#3693992837059792896 attack 28 27
Jibs_PC#3693992837059792896 roll 2
Jibs_PC#3693992837059792896 roll 1
DICE 2 1 4 2 0 
Jibs_PC#3693992837059792896 attack 27 35
Jibs_PC#3693992837059792896 roll 1
Jibs_PC#3693992837059792896 roll 1
DICE 1 1 4 5 
Jibs_PC#3693992837059792896 endattack
Jibs_PC#3693992837059792896 nomove
CARD 10
Jibs_PC#3693992837059792896 placearmies 36 1
Jibs_PC#3693992837059792896 placearmies 30 1
Jibs_PC#3693992837059792896 placearmies 37 1
Jibs_PC#3693992837059792896 attack 30 31
Jibs_PC#3693992837059792896 roll 3
Jibs_PC#3693992837059792896 roll 1
DICE 3 1 5 1 0 1 
Jibs_PC#3693992837059792896 move all
Jibs_PC#3693992837059792896 attack 37 38
Jibs_PC#3693992837059792896 roll 3
Jibs_PC#3693992837059792896 roll 1
DICE 3 1 5 4 1 5 
Jibs_PC#3693992837059792896 roll 3
Jibs_PC#3693992837059792896 roll 1
DICE 3 1 4 4 3 3 
Jibs_PC#3693992837059792896 move all
Jibs_PC#3693992837059792896 attack 38 34
Jibs_PC#3693992837059792896 roll 3
Jibs_PC#3693992837059792896 roll 1
DICE 3 1 3 0 0 3 
Jibs_PC#3693992837059792896 roll 2
Jibs_PC#3693992837059792896 roll 1
DICE 2 1 5 2 5 
Jibs_PC#3693992837059792896 roll 1
Jibs_PC#3693992837059792896 roll 1
DICE 1 1 0 5 
Jibs_PC#3693992837059792896 attack 36 35
Jibs_PC#3693992837059792896 roll 3
Jibs_PC#3693992837059792896 roll 1
DICE 3 1 4 0 0 0 
Jibs_PC#3693992837059792896 move all
Jibs_PC#3693992837059792896 attack 35 34
Jibs_PC#3693992837059792896 roll 3
Jibs_PC#3693992837059792896 roll 1
DICE 3 1 5 5 5 2 
Jibs_PC#3693992837059792896 move all
Jibs_PC#3693992837059792896 attack 34 27
Jibs_PC#3693992837059792896 roll 3
Jibs_PC#3693992837059792896 roll 1
DICE 3 1 4 4 1 4 
Jibs_PC#3693992837059792896 roll 2
Jibs_PC#3693992837059792896 roll 1
DICE 2 1 3 2 2 
Jibs_PC#3693992837059792896 attack 27 28
Jibs_PC#3693992837059792896 roll 1
Jibs_PC#3693992837059792896 roll 1
DICE 1 1 5 3 
Jibs_PC#3693992837059792896 attack 31 32
Jibs_PC#3693992837059792896 roll 3
Jibs_PC#3693992837059792896 roll 1
DICE 3 1 3 2 1 4 
Jibs_PC#3693992837059792896 roll 3
Jibs_PC#3693992837059792896 roll 1
DICE 3 1 5 2 2 0 
Jibs_PC#3693992837059792896 move all
Jibs_PC#3693992837059792896 attack 32 29
Jibs_PC#3693992837059792896 roll 3
Jibs_PC#3693992837059792896 roll 1
DICE 3 1 2 0 0 1 
Jibs_PC#3693992837059792896 attack 29 33
Jibs_PC#3693992837059792896 roll 2
Jibs_PC#3693992837059792896 roll 1
DICE 2 1 2 2 2 
Jibs_PC#3693992837059792896 roll 1
Jibs_PC#3693992837059792896 roll 1
DICE 1 1 0 0 
Jibs_PC#3693992837059792896 endattack
Jibs_PC#3693992837059792896 nomove
CARD 30
Jibs_PC#3693992837059792896 placearmies 16 1
Jibs_PC#3693992837059792896 placearmies 16 1
Jibs_PC#3693992837059792896 placearmies 16 1
Jibs_PC#3693992837059792896 attack 16 15
Jibs_PC#3693992837059792896 roll 3
Jibs_PC#3693992837059792896 roll 1
DICE 3 1 2 2 0 4 
Jibs_PC#3693992837059792896 roll 2
Jibs_PC#3693992837059792896 roll 1
DICE 2 1 4 2 4 
Jibs_PC#3693992837059792896 roll 1
Jibs_PC#3693992837059792896 roll 1
DICE 1 1 4 0 
Jibs_PC#3693992837059792896 endattack
Jibs_PC#3693992837059792896 nomove
CARD 19
Jibs_PC#3693992837059792896 placearmies 20 1
Jibs_PC#3693992837059792896 placearmies 20 1
Jibs_PC#3693992837059792896 placearmies 20 1
Jibs_PC#3693992837059792896 placearmies 20 1
Jibs_PC#3693992837059792896 placearmies 20 1
Jibs_PC#3693992837059792896 placearmies 20 1
Jibs_PC#3693992837059792896 placearmies 20 1
Jibs_PC#3693992837059792896 placearmies 20 1
Jibs_PC#3693992837059792896 attack 20 21
Jibs_PC#3693992837059792896 roll 3
Jibs_PC#3693992837059792896 roll 1
DICE 3 1 1 0 0 1 
Jibs_PC#3693992837059792896 roll 3
Jibs_PC#3693992837059792896 roll 1
DICE 3 1 4 1 0 0 
Jibs_PC#3693992837059792896 move all
Jibs_PC#3693992837059792896 attack 21 22
Jibs_PC#3693992837059792896 roll 3
Jibs_PC#3693992837059792896 roll 1
DICE 3 1 5 5 2 4 
Jibs_PC#3693992837059792896 move all
Jibs_PC#3693992837059792896 attack 22 24
Jibs_PC#3693992837059792896 roll 3
Jibs_PC#3693992837059792896 roll 1
DICE 3 1 5 2 2 5 
Jibs_PC#3693992837059792896 roll 3
Jibs_PC#3693992837059792896 roll 1
DICE 3 1 5 4 1 0 
Jibs_PC#3693992837059792896 move all
Jibs_PC#3693992837059792896 attack 24 26
Jibs_PC#3693992837059792896 roll 3
Jibs_PC#3693992837059792896 roll 1
DICE 3 1 3 3 1 5 
Jibs_PC#3693992837059792896 roll 2
Jibs_PC#3693992837059792896 roll 1
DICE 2 1 5 1 2 
Jibs_PC#3693992837059792896 attack 26 25
Jibs_PC#3693992837059792896 roll 1
Jibs_PC#3693992837059792896 roll 1
DICE 1 1 4 2 
Jibs_PC#3693992837059792896 endattack
Jibs_PC#3693992837059792896 movearmies 9 5 2
CARD 22
Jibs_PC#3693992837059792896 placearmies 23 1
Jibs_PC#3693992837059792896 placearmies 23 1
Jibs_PC#3693992837059792896 placearmies 23 1
Jibs_PC#3693992837059792896 attack 23 25
Jibs_PC#3693992837059792896 roll 3
Jibs_PC#3693992837059792896 roll 1
DICE 3 1 4 1 0 4 
Jibs_PC#3693992837059792896 roll 2
Jibs_PC#3693992837059792896 roll 1
DICE 2 1 1 0 5 
Jibs_PC#3693992837059792896 roll 1
Jibs_PC#3693992837059792896 roll 1
DICE 1 1 4 2 
Jibs_PC#3693992837059792896 endattack
Jibs_PC#3693992837059792896 nomove
CARD 16
Jibs_PC#3693992837059792896 placearmies 18 1
Jibs_PC#3693992837059792896 placearmies 18 1
Jibs_PC#3693992837059792896 placearmies 18 1
Jibs_PC#3693992837059792896 placearmies 18 1
Jibs_PC#3693992837059792896 placearmies 18 1
Jibs_PC#3693992837059792896 attack 18 15
Jibs_PC#3693992837059792896 roll 3
Jibs_PC#3693992837059792896 roll 1
DICE 3 1 4 2 0 0 
Jibs_PC#3693992837059792896 move all
Jibs_PC#3693992837059792896 attack 15 16
Jibs_PC#3693992837059792896 roll 3
Jibs_PC#3693992837059792896 roll 1
DICE 3 1 5 4 2 3 
Jibs_PC#3693992837059792896 move all
Jibs_PC#3693992837059792896 attack 16 20
Jibs_PC#3693992837059792896 roll 3
Jibs_PC#3693992837059792896 roll 1
DICE 3 1 5 3 1 2 
Jibs_PC#3693992837059792896 attack 20 21
Jibs_PC#3693992837059792896 roll 2
Jibs_PC#3693992837059792896 roll 1
DICE 2 1 5 3 5 
Jibs_PC#3693992837059792896 roll 1
Jibs_PC#3693992837059792896 roll 1
DICE 1 1 2 5 
Jibs_PC#3693992837059792896 attack 39 33
Jibs_PC#3693992837059792896 roll 3
Jibs_PC#3693992837059792896 roll 1
DICE 3 1 5 2 1 5 
Jibs_PC#3693992837059792896 roll 2
Jibs_PC#3693992837059792896 roll 1
DICE 2 1 3 3 5 
Jibs_PC#3693992837059792896 roll 1
Jibs_PC#3693992837059792896 roll 1
DICE 1 1 1 2 
Jibs_PC#3693992837059792896 endattack
Jibs_PC#3693992837059792896 nomove
CARD 32
Jibs_PC#3693992837059792896 placearmies 33 1
Jibs_PC#3693992837059792896 placearmies 33 1
Jibs_PC#3693992837059792896 placearmies 33 1
Jibs_PC#3693992837059792896 placearmies 33 1
Jibs_PC#3693992837059792896 placearmies 33 1
Jibs_PC#3693992837059792896 attack 33 32
Jibs_PC#3693992837059792896 roll 3
Jibs_PC#3693992837059792896 roll 1
DICE 3 1 4 3 1 5 
Jibs_PC#3693992837059792896 roll 3
Jibs_PC#3693992837059792896 roll 1
DICE 3 1 4 1 0 5 
Jibs_PC#3693992837059792896 roll 3
Jibs_PC#3693992837059792896 roll 1
DICE 3 1 4 2 0 2 
Jibs_PC#3693992837059792896 attack 32 31
Jibs_PC#3693992837059792896 roll 2
Jibs_PC#3693992837059792896 roll 1
DICE 2 1 4 1 1 
Jibs_PC#3693992837059792896 attack 31 30
Jibs_PC#3693992837059792896 roll 1
Jibs_PC#3693992837059792896 roll 1
DICE 1 1 2 4 
Jibs_PC#3693992837059792896 endattack
Jibs_PC#3693992837059792896 nomove
CARD 17
Jibs_PC#3693992837059792896 placearmies 29 1
Jibs_PC#3693992837059792896 placearmies 29 1
Jibs_PC#3693992837059792896 placearmies 29 1
Jibs_PC#3693992837059792896 attack 29 33
Jibs_PC#3693992837059792896 roll 3
Jibs_PC#3693992837059792896 roll 1
DICE 3 1 2 2 0 0 
Jibs_PC#3693992837059792896 attack 33 32
Jibs_PC#3693992837059792896 roll 2
Jibs_PC#3693992837059792896 roll 1
DICE 2 1 2 1 1 
Jibs_PC#3693992837059792896 attack 32 31
Jibs_PC#3693992837059792896 roll 1
Jibs_PC#3693992837059792896 roll 1
DICE 1 1 3 0 
Jibs_PC#3693992837059792896 endattack
Jibs_PC#3693992837059792896 nomove
CARD 13
Jibs_PC#3693992837059792896 placearmies 26 1
Jibs_PC#3693992837059792896 placearmies 26 1
Jibs_PC#3693992837059792896 placearmies 26 1
Jibs_PC#3693992837059792896 placearmies 26 1
Jibs_PC#3693992837059792896 placearmies 26 1
Jibs_PC#3693992837059792896 placearmies 26 1
Jibs_PC#3693992837059792896 placearmies 26 1
Jibs_PC#3693992837059792896 placearmies 26 1
Jibs_PC#3693992837059792896 placearmies 26 1
Jibs_PC#3693992837059792896 attack 26 25
Jibs_PC#3693992837059792896 roll 3
Jibs_PC#3693992837059792896 roll 1
DICE 3 1 5 5 3 5 
Jibs_PC#3693992837059792896 roll 3
Jibs_PC#3693992837059792896 roll 1
DICE 3 1 5 1 1 4 
Jibs_PC#3693992837059792896 move all
Jibs_PC#3693992837059792896 attack 25 23
Jibs_PC#3693992837059792896 roll 3
Jibs_PC#3693992837059792896 roll 1
DICE 3 1 5 4 4 3 
Jibs_PC#3693992837059792896 move all
