Jibs_PC#3109465329691242496 newplayer human green Pani
Jibs_PC#3109465329691242496 newplayer human blue Gandu
Jibs_PC#3109465329691242496 newplayer human red fred
Jibs_PC#3109465329691242496 startgame mission fixed autoplaceall recycle
PLAYER Gandu
MISSION 9 2 1
PLACEALL 21 8 10 12 28 34 16 5 13 37 2 35 15 17 32 30 25 6 36 27 39 7 4 26 38 11 42 1 18 19 41 3 33 29 24 20 22 31 14 40 9 23
Jibs_PC#3109465329691242496 placearmies 21 1
CARD 
Jibs_PC#3109465329691242496 placearmies 18 1
CARD 
Jibs_PC#3109465329691242496 placearmies 32 1
CARD 
Jibs_PC#3109465329691242496 placearmies 29 1
CARD 
Jibs_PC#3109465329691242496 placearmies 31 1
CARD 
Jibs_PC#3109465329691242496 placearmies 32 1
CARD 
Jibs_PC#3109465329691242496 placearmies 30 1
CARD 
Jibs_PC#3109465329691242496 placearmies 31 1
CARD 
Jibs_PC#3109465329691242496 placearmies 32 1
CARD 
Jibs_PC#3109465329691242496 placearmies 29 1
CARD 
Jibs_PC#3109465329691242496 placearmies 18 1
CARD 
Jibs_PC#3109465329691242496 placearmies 35 1
CARD 
Jibs_PC#3109465329691242496 placearmies 16 1
CARD 
Jibs_PC#3109465329691242496 placearmies 31 1
CARD 
Jibs_PC#3109465329691242496 placearmies 35 1
CARD 
Jibs_PC#3109465329691242496 placearmies 41 1
CARD 
Jibs_PC#3109465329691242496 placearmies 9 1
CARD 
Jibs_PC#3109465329691242496 placearmies 35 1
CARD 
Jibs_PC#3109465329691242496 placearmies 21 1
CARD 
Jibs_PC#3109465329691242496 placearmies 17 1
CARD 
Jibs_PC#3109465329691242496 placearmies 20 1
CARD 
Jibs_PC#3109465329691242496 placearmies 22 1
CARD 
Jibs_PC#3109465329691242496 placearmies 28 1
CARD 
Jibs_PC#3109465329691242496 placearmies 20 1
CARD 
Jibs_PC#3109465329691242496 placearmies 12 1
CARD 
Jibs_PC#3109465329691242496 placearmies 4 1
CARD 
Jibs_PC#3109465329691242496 placearmies 20 1
CARD 
Jibs_PC#3109465329691242496 placearmies 29 1
CARD 
Jibs_PC#3109465329691242496 placearmies 31 1
CARD 
Jibs_PC#3109465329691242496 placearmies 23 1
CARD 
Jibs_PC#3109465329691242496 placearmies 16 1
CARD 
Jibs_PC#3109465329691242496 placearmies 18 1
CARD 
Jibs_PC#3109465329691242496 placearmies 23 1
CARD 
Jibs_PC#3109465329691242496 placearmies 16 1
CARD 
Jibs_PC#3109465329691242496 placearmies 8 1
CARD 
Jibs_PC#3109465329691242496 placearmies 23 1
CARD 
Jibs_PC#3109465329691242496 placearmies 21 1
CARD 
Jibs_PC#3109465329691242496 placearmies 9 1
CARD 
Jibs_PC#3109465329691242496 placearmies 20 1
CARD 
Jibs_PC#3109465329691242496 placearmies 41 1
CARD 
Jibs_PC#3109465329691242496 placearmies 8 1
CARD 
Jibs_PC#3109465329691242496 placearmies 32 1
CARD 
Jibs_PC#3109465329691242496 placearmies 12 1
CARD 
Jibs_PC#3109465329691242496 placearmies 17 1
CARD 
Jibs_PC#3109465329691242496 placearmies 35 1
CARD 
Jibs_PC#3109465329691242496 placearmies 29 1
CARD 
Jibs_PC#3109465329691242496 placearmies 28 1
CARD 
Jibs_PC#3109465329691242496 placearmies 23 1
CARD 
Jibs_PC#3109465329691242496 placearmies 30 1
CARD 
Jibs_PC#3109465329691242496 placearmies 31 1
CARD 
Jibs_PC#3109465329691242496 placearmies 32 1
CARD 
Jibs_PC#3109465329691242496 placearmies 16 1
CARD 
Jibs_PC#3109465329691242496 placearmies 18 1
CARD 
Jibs_PC#3109465329691242496 placearmies 35 1
CARD 
Jibs_PC#3109465329691242496 placearmies 21 1
CARD 
Jibs_PC#3109465329691242496 placearmies 8 1
CARD 
Jibs_PC#3109465329691242496 placearmies 20 1
CARD 
Jibs_PC#3109465329691242496 placearmies 15 1
CARD 
Jibs_PC#3109465329691242496 placearmies 18 1
CARD 
Jibs_PC#3109465329691242496 placearmies 20 1
CARD 
Jibs_PC#3109465329691242496 placearmies 29 1
CARD 
Jibs_PC#3109465329691242496 placearmies 31 1
CARD 
Jibs_PC#3109465329691242496 placearmies 35 1
CARD 
Jibs_PC#3109465329691242496 placearmies 21 1
Jibs_PC#3109465329691242496 placearmies 21 1
Jibs_PC#3109465329691242496 placearmies 29 1
Jibs_PC#3109465329691242496 placearmies 29 1
Jibs_PC#3109465329691242496 attack 29 32
Jibs_PC#3109465329691242496 roll 3
Jibs_PC#3109465329691242496 roll 2
DICE 3 2 5 1 0 0 0 
Jibs_PC#3109465329691242496 roll 3
Jibs_PC#3109465329691242496 roll 2
DICE 3 2 5 5 3 4 3 
Jibs_PC#3109465329691242496 roll 3
Jibs_PC#3109465329691242496 roll 2
DICE 3 2 3 0 0 1 0 
Jibs_PC#3109465329691242496 roll 3
Jibs_PC#3109465329691242496 roll 1
DICE 3 1 3 3 1 1 
Jibs_PC#3109465329691242496 move 5
Jibs_PC#3109465329691242496 attack 21 23
Jibs_PC#3109465329691242496 roll 3
Jibs_PC#3109465329691242496 roll 2
DICE 3 2 2 2 2 0 0 
Jibs_PC#3109465329691242496 roll 3
Jibs_PC#3109465329691242496 roll 2
DICE 3 2 3 1 0 4 1 
Jibs_PC#3109465329691242496 roll 3
Jibs_PC#3109465329691242496 roll 2
DICE 3 2 5 3 0 3 0 
Jibs_PC#3109465329691242496 roll 3
Jibs_PC#3109465329691242496 roll 1
DICE 3 1 4 2 1 3 
Jibs_PC#3109465329691242496 move 3
Jibs_PC#3109465329691242496 attack 23 25
Jibs_PC#3109465329691242496 roll 2
Jibs_PC#3109465329691242496 roll 1
DICE 2 1 4 4 2 
Jibs_PC#3109465329691242496 attack 12 13
Jibs_PC#3109465329691242496 roll 2
Jibs_PC#3109465329691242496 roll 1
DICE 2 1 5 4 0 
Jibs_PC#3109465329691242496 attack 41 42
Jibs_PC#3109465329691242496 roll 2
Jibs_PC#3109465329691242496 roll 1
DICE 2 1 5 1 2 
Jibs_PC#3109465329691242496 attack 29 27
Jibs_PC#3109465329691242496 roll 1
Jibs_PC#3109465329691242496 roll 1
DICE 1 1 4 2 
Jibs_PC#3109465329691242496 attack 16 28
Jibs_PC#3109465329691242496 roll 3
Jibs_PC#3109465329691242496 roll 2
DICE 3 2 5 5 3 5 2 
Jibs_PC#3109465329691242496 roll 3
Jibs_PC#3109465329691242496 roll 2
DICE 3 2 5 0 0 4 2 
Jibs_PC#3109465329691242496 roll 2
Jibs_PC#3109465329691242496 roll 1
DICE 2 1 4 3 1 
Jibs_PC#3109465329691242496 attack 21 24
Jibs_PC#3109465329691242496 roll 1
Jibs_PC#3109465329691242496 roll 1
DICE 1 1 0 2 
Jibs_PC#3109465329691242496 attack 22 24
Jibs_PC#3109465329691242496 roll 1
Jibs_PC#3109465329691242496 roll 1
DICE 1 1 5 0 
Jibs_PC#3109465329691242496 attack 25 26
Jibs_PC#3109465329691242496 roll 1
Jibs_PC#3109465329691242496 roll 1
DICE 1 1 4 3 
Jibs_PC#3109465329691242496 endattack
Jibs_PC#3109465329691242496 movearmies 32 29 3
CARD 38
Jibs_PC#3109465329691242496 placearmies 8 1
Jibs_PC#3109465329691242496 placearmies 18 1
Jibs_PC#3109465329691242496 placearmies 18 1
Jibs_PC#3109465329691242496 attack 8 7
Jibs_PC#3109465329691242496 roll 3
Jibs_PC#3109465329691242496 roll 1
DICE 3 1 4 2 1 3 
Jibs_PC#3109465329691242496 move 3
Jibs_PC#3109465329691242496 attack 7 6
Jibs_PC#3109465329691242496 roll 2
Jibs_PC#3109465329691242496 roll 1
DICE 2 1 4 0 2 
Jibs_PC#3109465329691242496 attack 6 14
Jibs_PC#3109465329691242496 roll 1
Jibs_PC#3109465329691242496 roll 1
DICE 1 1 1 1 
Jibs_PC#3109465329691242496 attack 18 15
Jibs_PC#3109465329691242496 roll 3
Jibs_PC#3109465329691242496 roll 2
DICE 3 2 3 1 1 1 1 
Jibs_PC#3109465329691242496 roll 3
Jibs_PC#3109465329691242496 roll 1
DICE 3 1 4 1 0 4 
Jibs_PC#3109465329691242496 roll 3
Jibs_PC#3109465329691242496 roll 1
DICE 3 1 5 3 0 1 
Jibs_PC#3109465329691242496 move 3
Jibs_PC#3109465329691242496 attack 15 16
Jibs_PC#3109465329691242496 roll 2
Jibs_PC#3109465329691242496 roll 1
DICE 2 1 5 3 1 
Jibs_PC#3109465329691242496 attack 17 19
Jibs_PC#3109465329691242496 roll 2
Jibs_PC#3109465329691242496 roll 1
DICE 2 1 4 3 4 
Jibs_PC#3109465329691242496 roll 1
Jibs_PC#3109465329691242496 roll 1
DICE 1 1 1 2 
Jibs_PC#3109465329691242496 attack 31 32
Jibs_PC#3109465329691242496 roll 3
Jibs_PC#3109465329691242496 roll 2
DICE 3 2 5 5 5 3 2 
Jibs_PC#3109465329691242496 move 5
Jibs_PC#3109465329691242496 attack 32 30
Jibs_PC#3109465329691242496 roll 3
Jibs_PC#3109465329691242496 roll 2
DICE 3 2 4 4 1 5 1 
Jibs_PC#3109465329691242496 roll 3
Jibs_PC#3109465329691242496 roll 2
DICE 3 2 3 1 0 2 1 
Jibs_PC#3109465329691242496 roll 2
Jibs_PC#3109465329691242496 roll 1
DICE 2 1 4 2 0 
Jibs_PC#3109465329691242496 attack 18 19
Jibs_PC#3109465329691242496 roll 2
Jibs_PC#3109465329691242496 roll 1
DICE 2 1 1 1 2 
Jibs_PC#3109465329691242496 roll 1
Jibs_PC#3109465329691242496 roll 1
DICE 1 1 0 5 
Jibs_PC#3109465329691242496 attack 31 22
Jibs_PC#3109465329691242496 roll 1
Jibs_PC#3109465329691242496 roll 1
DICE 1 1 0 4 
Jibs_PC#3109465329691242496 attack 30 28
Jibs_PC#3109465329691242496 roll 1
Jibs_PC#3109465329691242496 roll 2
DICE 1 2 3 4 3 
Jibs_PC#3109465329691242496 attack 16 28
Jibs_PC#3109465329691242496 roll 1
Jibs_PC#3109465329691242496 roll 2
DICE 1 2 4 5 1 
Jibs_PC#3109465329691242496 endattack
Jibs_PC#3109465329691242496 movearmies 4 3 1
CARD 13
Jibs_PC#3109465329691242496 placearmies 35 1
Jibs_PC#3109465329691242496 placearmies 20 1
Jibs_PC#3109465329691242496 placearmies 35 1
Jibs_PC#3109465329691242496 attack 35 36
Jibs_PC#3109465329691242496 roll 3
Jibs_PC#3109465329691242496 roll 1
DICE 3 1 5 3 2 3 
Jibs_PC#3109465329691242496 move all
Jibs_PC#3109465329691242496 attack 36 29
Jibs_PC#3109465329691242496 roll 3
Jibs_PC#3109465329691242496 roll 2
DICE 3 2 2 1 0 5 0 
Jibs_PC#3109465329691242496 roll 3
Jibs_PC#3109465329691242496 roll 2
DICE 3 2 5 4 3 5 4 
Jibs_PC#3109465329691242496 roll 3
Jibs_PC#3109465329691242496 roll 2
DICE 3 2 3 2 0 4 2 
Jibs_PC#3109465329691242496 roll 2
Jibs_PC#3109465329691242496 roll 2
DICE 2 2 2 1 5 3 
Jibs_PC#3109465329691242496 attack 20 21
Jibs_PC#3109465329691242496 roll 3
Jibs_PC#3109465329691242496 roll 1
DICE 3 1 3 2 1 4 
Jibs_PC#3109465329691242496 roll 3
Jibs_PC#3109465329691242496 roll 1
DICE 3 1 3 2 1 2 
Jibs_PC#3109465329691242496 move all
Jibs_PC#3109465329691242496 attack 21 23
Jibs_PC#3109465329691242496 roll 3
Jibs_PC#3109465329691242496 roll 1
DICE 3 1 2 1 0 4 
Jibs_PC#3109465329691242496 roll 3
Jibs_PC#3109465329691242496 roll 1
DICE 3 1 5 5 0 3 
Jibs_PC#3109465329691242496 move all
Jibs_PC#3109465329691242496 attack 23 25
Jibs_PC#3109465329691242496 roll 3
Jibs_PC#3109465329691242496 roll 1
DICE 3 1 5 3 1 1 
Jibs_PC#3109465329691242496 attack 25 26
Jibs_PC#3109465329691242496 roll 2
Jibs_PC#3109465329691242496 roll 1
DICE 2 1 4 3 3 
Jibs_PC#3109465329691242496 attack 26 24
Jibs_PC#3109465329691242496 roll 1
Jibs_PC#3109465329691242496 roll 1
DICE 1 1 0 5 
Jibs_PC#3109465329691242496 endattack
Jibs_PC#3109465329691242496 nomove
CARD wildcard
Jibs_PC#3109465329691242496 placearmies 29 1
Jibs_PC#3109465329691242496 placearmies 29 1
Jibs_PC#3109465329691242496 placearmies 29 1
Jibs_PC#3109465329691242496 placearmies 29 1
Jibs_PC#3109465329691242496 attack 29 36
Jibs_PC#3109465329691242496 roll 3
Jibs_PC#3109465329691242496 roll 1
DICE 3 1 5 4 0 1 
Jibs_PC#3109465329691242496 move 3
Jibs_PC#3109465329691242496 attack 36 35
Jibs_PC#3109465329691242496 roll 2
Jibs_PC#3109465329691242496 roll 1
DICE 2 1 3 2 0 
Jibs_PC#3109465329691242496 attack 35 34
Jibs_PC#3109465329691242496 roll 1
Jibs_PC#3109465329691242496 roll 1
DICE 1 1 4 2 
Jibs_PC#3109465329691242496 attack 29 33
Jibs_PC#3109465329691242496 retreat
Jibs_PC#3109465329691242496 attack 29 32
Jibs_PC#3109465329691242496 retreat
Jibs_PC#3109465329691242496 attack 13 11
Jibs_PC#3109465329691242496 roll 1
Jibs_PC#3109465329691242496 roll 1
DICE 1 1 0 2 
Jibs_PC#3109465329691242496 attack 28 30
Jibs_PC#3109465329691242496 roll 1
Jibs_PC#3109465329691242496 roll 1
DICE 1 1 4 3 
Jibs_PC#3109465329691242496 attack 29 32
Jibs_PC#3109465329691242496 roll 3
Jibs_PC#3109465329691242496 roll 1
DICE 3 1 3 2 1 5 
Jibs_PC#3109465329691242496 roll 2
Jibs_PC#3109465329691242496 roll 1
DICE 2 1 1 0 0 
Jibs_PC#3109465329691242496 attack 32 31
Jibs_PC#3109465329691242496 roll 1
Jibs_PC#3109465329691242496 roll 1
DICE 1 1 3 5 
Jibs_PC#3109465329691242496 endattack
Jibs_PC#3109465329691242496 nomove
CARD 19
Jibs_PC#3109465329691242496 placearmies 3 1
Jibs_PC#3109465329691242496 placearmies 31 1
Jibs_PC#3109465329691242496 placearmies 31 1
Jibs_PC#3109465329691242496 placearmies 31 1
Jibs_PC#3109465329691242496 attack 3 1
Jibs_PC#3109465329691242496 roll 2
Jibs_PC#3109465329691242496 roll 1
DICE 2 1 5 2 1 
Jibs_PC#3109465329691242496 attack 31 32
Jibs_PC#3109465329691242496 roll 3
Jibs_PC#3109465329691242496 roll 1
DICE 3 1 3 2 0 0 
Jibs_PC#3109465329691242496 attack 32 29
Jibs_PC#3109465329691242496 roll 2
Jibs_PC#3109465329691242496 roll 1
DICE 2 1 5 0 5 
Jibs_PC#3109465329691242496 roll 1
Jibs_PC#3109465329691242496 roll 1
DICE 1 1 0 2 
Jibs_PC#3109465329691242496 endattack
Jibs_PC#3109465329691242496 movearmies 8 6 1
CARD 18
Jibs_PC#3109465329691242496 placearmies 21 1
Jibs_PC#3109465329691242496 placearmies 21 1
Jibs_PC#3109465329691242496 placearmies 21 1
Jibs_PC#3109465329691242496 attack 21 22
Jibs_PC#3109465329691242496 retreat
Jibs_PC#3109465329691242496 attack 21 24
Jibs_PC#3109465329691242496 roll 3
Jibs_PC#3109465329691242496 roll 1
DICE 3 1 5 0 0 2 
Jibs_PC#3109465329691242496 attack 24 22
Jibs_PC#3109465329691242496 roll 2
Jibs_PC#3109465329691242496 roll 1
DICE 2 1 4 2 1 
Jibs_PC#3109465329691242496 attack 22 31
Jibs_PC#3109465329691242496 roll 1
Jibs_PC#3109465329691242496 roll 1
DICE 1 1 4 3 
Jibs_PC#3109465329691242496 endattack
Jibs_PC#3109465329691242496 nomove
CARD 11
Jibs_PC#3109465329691242496 placearmies 29 1
Jibs_PC#3109465329691242496 placearmies 29 1
Jibs_PC#3109465329691242496 placearmies 29 1
Jibs_PC#3109465329691242496 placearmies 29 1
Jibs_PC#3109465329691242496 attack 29 32
Jibs_PC#3109465329691242496 roll 3
Jibs_PC#3109465329691242496 roll 1
DICE 3 1 5 4 2 3 
Jibs_PC#3109465329691242496 move 4
Jibs_PC#3109465329691242496 attack 32 31
Jibs_PC#3109465329691242496 roll 3
Jibs_PC#3109465329691242496 roll 1
DICE 3 1 5 4 0 5 
Jibs_PC#3109465329691242496 roll 2
Jibs_PC#3109465329691242496 roll 1
DICE 2 1 5 3 4 
Jibs_PC#3109465329691242496 attack 31 22
Jibs_PC#3109465329691242496 roll 1
Jibs_PC#3109465329691242496 roll 1
DICE 1 1 2 1 
Jibs_PC#3109465329691242496 endattack
Jibs_PC#3109465329691242496 movearmies 42 41 1
CARD 21
Jibs_PC#3109465329691242496 placearmies 16 1
Jibs_PC#3109465329691242496 placearmies 16 1
Jibs_PC#3109465329691242496 placearmies 16 1
Jibs_PC#3109465329691242496 placearmies 16 1
Jibs_PC#3109465329691242496 placearmies 16 1
Jibs_PC#3109465329691242496 placearmies 18 1
Jibs_PC#3109465329691242496 placearmies 18 1
Jibs_PC#3109465329691242496 placearmies 18 1
Jibs_PC#3109465329691242496 placearmies 11 1
Jibs_PC#3109465329691242496 attack 11 10
Jibs_PC#3109465329691242496 roll 1
Jibs_PC#3109465329691242496 roll 1
DICE 1 1 2 5 
Jibs_PC#3109465329691242496 attack 18 20
Jibs_PC#3109465329691242496 roll 3
Jibs_PC#3109465329691242496 roll 1
DICE 3 1 5 3 0 2 
Jibs_PC#3109465329691242496 attack 20 19
Jibs_PC#3109465329691242496 roll 2
Jibs_PC#3109465329691242496 roll 1
DICE 2 1 1 0 3 
Jibs_PC#3109465329691242496 roll 1
Jibs_PC#3109465329691242496 roll 1
DICE 1 1 4 3 
Jibs_PC#3109465329691242496 attack 16 30
Jibs_PC#3109465329691242496 roll 3
Jibs_PC#3109465329691242496 roll 1
DICE 3 1 5 2 1 2 
Jibs_PC#3109465329691242496 move 5
Jibs_PC#3109465329691242496 attack 30 31
Jibs_PC#3109465329691242496 roll 3
Jibs_PC#3109465329691242496 roll 1
DICE 3 1 3 3 2 3 
Jibs_PC#3109465329691242496 roll 3
Jibs_PC#3109465329691242496 roll 1
DICE 3 1 4 0 0 3 
Jibs_PC#3109465329691242496 attack 31 22
Jibs_PC#3109465329691242496 roll 2
Jibs_PC#3109465329691242496 roll 1
DICE 2 1 4 3 2 
Jibs_PC#3109465329691242496 attack 22 24
Jibs_PC#3109465329691242496 roll 1
Jibs_PC#3109465329691242496 roll 1
DICE 1 1 4 3 
Jibs_PC#3109465329691242496 endattack
Jibs_PC#3109465329691242496 movearmies 1 3 1
CARD 23
Jibs_PC#3109465329691242496 placearmies 33 1
Jibs_PC#3109465329691242496 placearmies 33 1
Jibs_PC#3109465329691242496 placearmies 33 1
Jibs_PC#3109465329691242496 attack 33 32
Jibs_PC#3109465329691242496 roll 3
Jibs_PC#3109465329691242496 roll 1
DICE 3 1 5 4 3 4 
Jibs_PC#3109465329691242496 attack 32 29
Jibs_PC#3109465329691242496 roll 2
Jibs_PC#3109465329691242496 roll 1
DICE 2 1 5 1 3 
Jibs_PC#3109465329691242496 attack 29 36
Jibs_PC#3109465329691242496 roll 1
Jibs_PC#3109465329691242496 roll 1
DICE 1 1 0 1 
Jibs_PC#3109465329691242496 endattack
Jibs_PC#3109465329691242496 nomove
CARD 10
Jibs_PC#3109465329691242496 placearmies 27 1
Jibs_PC#3109465329691242496 placearmies 27 1
Jibs_PC#3109465329691242496 placearmies 27 1
Jibs_PC#3109465329691242496 placearmies 27 1
Jibs_PC#3109465329691242496 attack 41 39
Jibs_PC#3109465329691242496 roll 1
Jibs_PC#3109465329691242496 roll 1
DICE 1 1 3 2 
Jibs_PC#3109465329691242496 attack 27 29
Jibs_PC#3109465329691242496 roll 3
Jibs_PC#3109465329691242496 roll 1
DICE 3 1 5 3 0 1 
Jibs_PC#3109465329691242496 move 4
Jibs_PC#3109465329691242496 attack 29 32
Jibs_PC#3109465329691242496 roll 3
Jibs_PC#3109465329691242496 roll 1
DICE 3 1 4 2 1 3 
Jibs_PC#3109465329691242496 attack 32 33
Jibs_PC#3109465329691242496 roll 2
Jibs_PC#3109465329691242496 roll 1
DICE 2 1 4 3 3 
Jibs_PC#3109465329691242496 endattack
Jibs_PC#3109465329691242496 movearmies 33 29 1
CARD 37
Jibs_PC#3109465329691242496 placearmies 6 1
Jibs_PC#3109465329691242496 placearmies 11 1
Jibs_PC#3109465329691242496 placearmies 11 1
Jibs_PC#3109465329691242496 placearmies 11 1
Jibs_PC#3109465329691242496 placearmies 11 1
Jibs_PC#3109465329691242496 placearmies 31 1
Jibs_PC#3109465329691242496 placearmies 31 1
Jibs_PC#3109465329691242496 placearmies 31 1
Jibs_PC#3109465329691242496 placearmies 30 1
Jibs_PC#3109465329691242496 placearmies 30 1
Jibs_PC#3109465329691242496 placearmies 30 1
Jibs_PC#3109465329691242496 attack 31 32
Jibs_PC#3109465329691242496 roll 3
Jibs_PC#3109465329691242496 roll 1
DICE 3 1 5 4 2 2 
Jibs_PC#3109465329691242496 attack 30 29
Jibs_PC#3109465329691242496 roll 3
Jibs_PC#3109465329691242496 roll 2
DICE 3 2 5 3 1 0 0 
Jibs_PC#3109465329691242496 attack 11 10
Jibs_PC#3109465329691242496 roll 3
Jibs_PC#3109465329691242496 roll 1
DICE 3 1 5 3 3 2 
Jibs_PC#3109465329691242496 move 3
Jibs_PC#3109465329691242496 attack 6 14
Jibs_PC#3109465329691242496 roll 2
Jibs_PC#3109465329691242496 roll 1
DICE 2 1 1 0 2 
Jibs_PC#3109465329691242496 roll 1
Jibs_PC#3109465329691242496 roll 1
DICE 1 1 0 0 
Jibs_PC#3109465329691242496 attack 10 12
Jibs_PC#3109465329691242496 roll 2
Jibs_PC#3109465329691242496 roll 1
DICE 2 1 2 0 4 
Jibs_PC#3109465329691242496 roll 1
Jibs_PC#3109465329691242496 roll 1
DICE 1 1 5 1 
Jibs_PC#3109465329691242496 attack 11 13
Jibs_PC#3109465329691242496 roll 1
Jibs_PC#3109465329691242496 roll 1
DICE 1 1 2 5 
Jibs_PC#3109465329691242496 attack 29 33
Jibs_PC#3109465329691242496 roll 2
Jibs_PC#3109465329691242496 roll 1
DICE 2 1 2 1 4 
Jibs_PC#3109465329691242496 roll 1
Jibs_PC#3109465329691242496 roll 1
DICE 1 1 1 4 
Jibs_PC#3109465329691242496 attack 32 33
Jibs_PC#3109465329691242496 roll 2
Jibs_PC#3109465329691242496 roll 1
DICE 2 1 3 2 0 
Jibs_PC#3109465329691242496 attack 33 39
Jibs_PC#3109465329691242496 roll 1
Jibs_PC#3109465329691242496 roll 1
DICE 1 1 2 0 
Jibs_PC#3109465329691242496 endattack
Jibs_PC#3109465329691242496 movearmies 9 8 2
CARD 15
Jibs_PC#3109465329691242496 trade wildcard 10 11
Jibs_PC#3109465329691242496 placearmies 26 1
Jibs_PC#3109465329691242496 placearmies 26 1
Jibs_PC#3109465329691242496 placearmies 26 1
Jibs_PC#3109465329691242496 placearmies 26 1
Jibs_PC#3109465329691242496 placearmies 26 1
Jibs_PC#3109465329691242496 placearmies 26 1
Jibs_PC#3109465329691242496 placearmies 26 1
Jibs_PC#3109465329691242496 placearmies 26 1
Jibs_PC#3109465329691242496 placearmies 26 1
Jibs_PC#3109465329691242496 placearmies 26 1
Jibs_PC#3109465329691242496 placearmies 26 1
Jibs_PC#3109465329691242496 placearmies 26 1
Jibs_PC#3109465329691242496 placearmies 26 1
Jibs_PC#3109465329691242496 attack 26 24
Jibs_PC#3109465329691242496 roll 3
Jibs_PC#3109465329691242496 roll 1
DICE 3 1 4 4 1 4 
Jibs_PC#3109465329691242496 roll 3
Jibs_PC#3109465329691242496 roll 1
DICE 3 1 3 2 1 4 
Jibs_PC#3109465329691242496 roll 3
Jibs_PC#3109465329691242496 roll 1
DICE 3 1 3 0 0 4 
Jibs_PC#3109465329691242496 roll 3
Jibs_PC#3109465329691242496 roll 1
DICE 3 1 4 4 3 3 
Jibs_PC#3109465329691242496 move all
Jibs_PC#3109465329691242496 attack 24 22
Jibs_PC#3109465329691242496 roll 3
Jibs_PC#3109465329691242496 roll 1
DICE 3 1 5 4 2 2 
Jibs_PC#3109465329691242496 move all
Jibs_PC#3109465329691242496 attack 22 31
Jibs_PC#3109465329691242496 roll 3
Jibs_PC#3109465329691242496 roll 1
DICE 3 1 3 3 2 2 
Jibs_PC#3109465329691242496 move all
Jibs_PC#3109465329691242496 attack 31 30
Jibs_PC#3109465329691242496 roll 3
Jibs_PC#3109465329691242496 roll 1
DICE 3 1 5 3 1 0 
Jibs_PC#3109465329691242496 move all
Jibs_PC#3109465329691242496 attack 30 28
Jibs_PC#3109465329691242496 roll 3
Jibs_PC#3109465329691242496 roll 1
DICE 3 1 5 2 0 0 
Jibs_PC#3109465329691242496 move all
Jibs_PC#3109465329691242496 attack 28 27
Jibs_PC#3109465329691242496 roll 3
Jibs_PC#3109465329691242496 roll 1
DICE 3 1 2 1 0 5 
Jibs_PC#3109465329691242496 roll 3
Jibs_PC#3109465329691242496 roll 1
DICE 3 1 2 1 0 2 
Jibs_PC#3109465329691242496 roll 3
Jibs_PC#3109465329691242496 roll 1
DICE 3 1 4 4 2 1 
Jibs_PC#3109465329691242496 attack 27 34
Jibs_PC#3109465329691242496 roll 2
Jibs_PC#3109465329691242496 roll 1
DICE 2 1 3 0 4 
Jibs_PC#3109465329691242496 roll 1
Jibs_PC#3109465329691242496 roll 1
DICE 1 1 1 2 
Jibs_PC#3109465329691242496 endattack
Jibs_PC#3109465329691242496 nomove
CARD 12
Jibs_PC#3109465329691242496 trade 21 19 37
Jibs_PC#3109465329691242496 placearmies 13 1
Jibs_PC#3109465329691242496 placearmies 13 1
Jibs_PC#3109465329691242496 placearmies 13 1
Jibs_PC#3109465329691242496 placearmies 13 1
Jibs_PC#3109465329691242496 placearmies 13 1
Jibs_PC#3109465329691242496 placearmies 13 1
Jibs_PC#3109465329691242496 placearmies 13 1
Jibs_PC#3109465329691242496 attack 13 12
Jibs_PC#3109465329691242496 roll 3
Jibs_PC#3109465329691242496 roll 1
DICE 3 1 1 0 0 1 
Jibs_PC#3109465329691242496 roll 3
Jibs_PC#3109465329691242496 roll 1
DICE 3 1 4 1 0 3 
Jibs_PC#3109465329691242496 move all
Jibs_PC#3109465329691242496 attack 12 11
Jibs_PC#3109465329691242496 roll 3
Jibs_PC#3109465329691242496 roll 1
DICE 3 1 4 1 0 3 
Jibs_PC#3109465329691242496 move all
Jibs_PC#3109465329691242496 attack 11 10
Jibs_PC#3109465329691242496 roll 3
Jibs_PC#3109465329691242496 roll 1
DICE 3 1 4 4 1 1 
Jibs_PC#3109465329691242496 move all
Jibs_PC#3109465329691242496 attack 10 5
Jibs_PC#3109465329691242496 roll 3
Jibs_PC#3109465329691242496 roll 1
DICE 3 1 4 4 1 3 
Jibs_PC#3109465329691242496 attack 5 9
Jibs_PC#3109465329691242496 roll 2
Jibs_PC#3109465329691242496 roll 1
DICE 2 1 4 1 1 
Jibs_PC#3109465329691242496 attack 9 4
Jibs_PC#3109465329691242496 roll 1
Jibs_PC#3109465329691242496 roll 1
DICE 1 1 3 5 
Jibs_PC#3109465329691242496 endattack
Jibs_PC#3109465329691242496 movearmies 37 36 2
CARD 39
Jibs_PC#3109465329691242496 trade 18 15 13
Jibs_PC#3109465329691242496 placearmies 4 1
Jibs_PC#3109465329691242496 placearmies 4 1
Jibs_PC#3109465329691242496 placearmies 4 1
Jibs_PC#3109465329691242496 placearmies 4 1
Jibs_PC#3109465329691242496 placearmies 8 1
Jibs_PC#3109465329691242496 placearmies 16 1
Jibs_PC#3109465329691242496 placearmies 16 1
Jibs_PC#3109465329691242496 placearmies 16 1
Jibs_PC#3109465329691242496 placearmies 16 1
Jibs_PC#3109465329691242496 placearmies 29 1
Jibs_PC#3109465329691242496 placearmies 29 1
Jibs_PC#3109465329691242496 placearmies 29 1
Jibs_PC#3109465329691242496 placearmies 29 1
Jibs_PC#3109465329691242496 placearmies 32 1
Jibs_PC#3109465329691242496 placearmies 32 1
Jibs_PC#3109465329691242496 attack 4 5
Jibs_PC#3109465329691242496 roll 3
Jibs_PC#3109465329691242496 roll 1
DICE 3 1 5 2 0 5 
Jibs_PC#3109465329691242496 roll 3
Jibs_PC#3109465329691242496 roll 1
DICE 3 1 3 1 0 2 
Jibs_PC#3109465329691242496 attack 8 9
Jibs_PC#3109465329691242496 roll 3
Jibs_PC#3109465329691242496 roll 1
DICE 3 1 5 4 4 2 
Jibs_PC#3109465329691242496 attack 5 10
Jibs_PC#3109465329691242496 roll 2
Jibs_PC#3109465329691242496 roll 1
DICE 2 1 3 1 5 
Jibs_PC#3109465329691242496 retreat
Jibs_PC#3109465329691242496 attack 5 10
Jibs_PC#3109465329691242496 roll 1
Jibs_PC#3109465329691242496 roll 1
DICE 1 1 2 0 
Jibs_PC#3109465329691242496 attack 32 31
Jibs_PC#3109465329691242496 roll 2
Jibs_PC#3109465329691242496 roll 1
DICE 2 1 5 4 2 
Jibs_PC#3109465329691242496 attack 31 22
Jibs_PC#3109465329691242496 roll 1
Jibs_PC#3109465329691242496 roll 1
DICE 1 1 0 1 
Jibs_PC#3109465329691242496 attack 16 30
Jibs_PC#3109465329691242496 roll 3
Jibs_PC#3109465329691242496 roll 1
DICE 3 1 5 4 3 4 
Jibs_PC#3109465329691242496 move 4
Jibs_PC#3109465329691242496 attack 30 28
Jibs_PC#3109465329691242496 roll 3
Jibs_PC#3109465329691242496 roll 1
DICE 3 1 0 0 0 1 
Jibs_PC#3109465329691242496 roll 2
Jibs_PC#3109465329691242496 roll 1
DICE 2 1 2 0 3 
Jibs_PC#3109465329691242496 roll 1
Jibs_PC#3109465329691242496 roll 1
DICE 1 1 0 1 
Jibs_PC#3109465329691242496 attack 29 27
Jibs_PC#3109465329691242496 roll 3
Jibs_PC#3109465329691242496 roll 1
DICE 3 1 5 3 3 0 
Jibs_PC#3109465329691242496 move 3
Jibs_PC#3109465329691242496 attack 29 28
Jibs_PC#3109465329691242496 roll 1
Jibs_PC#3109465329691242496 roll 1
DICE 1 1 2 1 
Jibs_PC#3109465329691242496 attack 27 35
Jibs_PC#3109465329691242496 roll 2
Jibs_PC#3109465329691242496 roll 1
DICE 2 1 4 0 2 
Jibs_PC#3109465329691242496 attack 35 34
Jibs_PC#3109465329691242496 roll 1
Jibs_PC#3109465329691242496 roll 1
DICE 1 1 3 5 
Jibs_PC#3109465329691242496 endattack
Jibs_PC#3109465329691242496 movearmies 18 20 2
CARD 5
Jibs_PC#3109465329691242496 placearmies 24 1
Jibs_PC#3109465329691242496 placearmies 24 1
Jibs_PC#3109465329691242496 placearmies 24 1
Jibs_PC#3109465329691242496 placearmies 24 1
Jibs_PC#3109465329691242496 placearmies 24 1
Jibs_PC#3109465329691242496 placearmies 24 1
Jibs_PC#3109465329691242496 endattack
Jibs_PC#3109465329691242496 movearmies 24 21 6
CARD 
Jibs_PC#3109465329691242496 placearmies 36 1
Jibs_PC#3109465329691242496 placearmies 36 1
Jibs_PC#3109465329691242496 placearmies 36 1
Jibs_PC#3109465329691242496 attack 36 29
Jibs_PC#3109465329691242496 roll 3
Jibs_PC#3109465329691242496 roll 1
DICE 3 1 5 4 0 5 
Jibs_PC#3109465329691242496 roll 3
Jibs_PC#3109465329691242496 roll 1
DICE 3 1 5 4 2 0 
Jibs_PC#3109465329691242496 move all
Jibs_PC#3109465329691242496 attack 29 32
Jibs_PC#3109465329691242496 roll 3
Jibs_PC#3109465329691242496 roll 1
DICE 3 1 4 3 0 3 
Jibs_PC#3109465329691242496 endattack
Jibs_PC#3109465329691242496 nomove
CARD 20
Jibs_PC#3109465329691242496 placearmies 17 1
Jibs_PC#3109465329691242496 placearmies 17 1
Jibs_PC#3109465329691242496 placearmies 17 1
Jibs_PC#3109465329691242496 placearmies 39 1
Jibs_PC#3109465329691242496 placearmies 39 1
Jibs_PC#3109465329691242496 placearmies 39 1
Jibs_PC#3109465329691242496 placearmies 39 1
Jibs_PC#3109465329691242496 placearmies 39 1
Jibs_PC#3109465329691242496 placearmies 16 1
Jibs_PC#3109465329691242496 placearmies 16 1
Jibs_PC#3109465329691242496 placearmies 15 1
Jibs_PC#3109465329691242496 placearmies 10 1
Jibs_PC#3109465329691242496 attack 17 14
Jibs_PC#3109465329691242496 roll 3
Jibs_PC#3109465329691242496 roll 1
DICE 3 1 5 4 3 5 
Jibs_PC#3109465329691242496 roll 2
Jibs_PC#3109465329691242496 roll 1
DICE 2 1 5 5 4 
Jibs_PC#3109465329691242496 attack 39 40
Jibs_PC#3109465329691242496 roll 3
Jibs_PC#3109465329691242496 roll 1
DICE 3 1 4 3 1 2 
Jibs_PC#3109465329691242496 move 3
Jibs_PC#3109465329691242496 attack 39 41
Jibs_PC#3109465329691242496 roll 2
Jibs_PC#3109465329691242496 roll 1
DICE 2 1 5 0 2 
Jibs_PC#3109465329691242496 attack 40 42
Jibs_PC#3109465329691242496 roll 2
Jibs_PC#3109465329691242496 roll 1
DICE 2 1 4 0 5 
Jibs_PC#3109465329691242496 roll 1
Jibs_PC#3109465329691242496 roll 1
DICE 1 1 3 3 
Jibs_PC#3109465329691242496 attack 41 42
Jibs_PC#3109465329691242496 roll 1
Jibs_PC#3109465329691242496 roll 1
DICE 1 1 5 1 
