Jibs_PC#2445661941913456640 newplayer human lightgray s0914007
Jibs_PC#2445661941913456640 newplayer human black bob
Jibs_PC#2445661941913456640 newplayer human white fred
Jibs_PC#2445661941913456640 newplayer human green ted
Jibs_PC#2445661941913456640 newplayer human blue yura
Jibs_PC#2445661941913456640 newplayer human red lala
Jibs_PC#2445661941913456640 startgame mission fixed autoplaceall recycle
PLAYER ted
MISSION 4 2 2 2 1 0
PLACEALL 36 30 35 1 29 11 4 24 17 21 12 14 25 19 16 9 8 41 31 28 18 38 39 34 13 6 37 22 26 23 40 5 2 10 15 20 3 7 27 33 42 32
Jibs_PC#2445661941913456640 placearmies 3 1
CARD 
Jibs_PC#2445661941913456640 placearmies 19 1
CARD 
Jibs_PC#2445661941913456640 placearmies 27 1
CARD 
Jibs_PC#2445661941913456640 placearmies 9 1
CARD 
Jibs_PC#2445661941913456640 placearmies 29 1
CARD 
Jibs_PC#2445661941913456640 placearmies 14 1
CARD 
Jibs_PC#2445661941913456640 placearmies 25 1
CARD 
Jibs_PC#2445661941913456640 placearmies 19 1
CARD 
Jibs_PC#2445661941913456640 placearmies 27 1
CARD 
Jibs_PC#2445661941913456640 placearmies 1 1
CARD 
Jibs_PC#2445661941913456640 placearmies 26 1
CARD 
Jibs_PC#2445661941913456640 placearmies 14 1
CARD 
Jibs_PC#2445661941913456640 placearmies 25 1
CARD 
Jibs_PC#2445661941913456640 placearmies 19 1
CARD 
Jibs_PC#2445661941913456640 placearmies 27 1
CARD 
Jibs_PC#2445661941913456640 placearmies 1 1
CARD 
Jibs_PC#2445661941913456640 placearmies 29 1
CARD 
Jibs_PC#2445661941913456640 placearmies 14 1
CARD 
Jibs_PC#2445661941913456640 placearmies 25 1
CARD 
Jibs_PC#2445661941913456640 placearmies 19 1
CARD 
Jibs_PC#2445661941913456640 placearmies 27 1
CARD 
Jibs_PC#2445661941913456640 placearmies 1 1
CARD 
Jibs_PC#2445661941913456640 placearmies 29 1
CARD 
Jibs_PC#2445661941913456640 placearmies 14 1
CARD 
Jibs_PC#2445661941913456640 placearmies 3 1
CARD 
Jibs_PC#2445661941913456640 placearmies 19 1
CARD 
Jibs_PC#2445661941913456640 placearmies 27 1
CARD 
Jibs_PC#2445661941913456640 placearmies 1 1
CARD 
Jibs_PC#2445661941913456640 placearmies 26 1
CARD 
Jibs_PC#2445661941913456640 placearmies 14 1
CARD 
Jibs_PC#2445661941913456640 placearmies 3 1
CARD 
Jibs_PC#2445661941913456640 placearmies 19 1
CARD 
Jibs_PC#2445661941913456640 placearmies 27 1
CARD 
Jibs_PC#2445661941913456640 placearmies 1 1
CARD 
Jibs_PC#2445661941913456640 placearmies 29 1
CARD 
Jibs_PC#2445661941913456640 placearmies 14 1
CARD 
Jibs_PC#2445661941913456640 placearmies 3 1
CARD 
Jibs_PC#2445661941913456640 placearmies 30 1
CARD 
Jibs_PC#2445661941913456640 placearmies 27 1
CARD 
Jibs_PC#2445661941913456640 placearmies 1 1
CARD 
Jibs_PC#2445661941913456640 placearmies 29 1
CARD 
Jibs_PC#2445661941913456640 placearmies 11 1
CARD 
Jibs_PC#2445661941913456640 placearmies 3 1
CARD 
Jibs_PC#2445661941913456640 placearmies 30 1
CARD 
Jibs_PC#2445661941913456640 placearmies 37 1
CARD 
Jibs_PC#2445661941913456640 placearmies 1 1
CARD 
Jibs_PC#2445661941913456640 placearmies 29 1
CARD 
Jibs_PC#2445661941913456640 placearmies 11 1
CARD 
Jibs_PC#2445661941913456640 placearmies 3 1
CARD 
Jibs_PC#2445661941913456640 placearmies 19 1
CARD 
Jibs_PC#2445661941913456640 placearmies 27 1
CARD 
Jibs_PC#2445661941913456640 placearmies 1 1
CARD 
Jibs_PC#2445661941913456640 placearmies 29 1
CARD 
Jibs_PC#2445661941913456640 placearmies 11 1
CARD 
Jibs_PC#2445661941913456640 placearmies 25 1
CARD 
Jibs_PC#2445661941913456640 placearmies 30 1
CARD 
Jibs_PC#2445661941913456640 placearmies 27 1
CARD 
Jibs_PC#2445661941913456640 placearmies 33 1
CARD 
Jibs_PC#2445661941913456640 placearmies 29 1
CARD 
Jibs_PC#2445661941913456640 placearmies 11 1
CARD 
Jibs_PC#2445661941913456640 placearmies 25 1
CARD 
Jibs_PC#2445661941913456640 placearmies 30 1
CARD 
Jibs_PC#2445661941913456640 placearmies 27 1
CARD 
Jibs_PC#2445661941913456640 placearmies 33 1
CARD 
Jibs_PC#2445661941913456640 placearmies 29 1
CARD 
Jibs_PC#2445661941913456640 placearmies 11 1
CARD 
Jibs_PC#2445661941913456640 placearmies 25 1
CARD 
Jibs_PC#2445661941913456640 placearmies 30 1
CARD 
Jibs_PC#2445661941913456640 placearmies 27 1
CARD 
Jibs_PC#2445661941913456640 placearmies 33 1
CARD 
Jibs_PC#2445661941913456640 placearmies 29 1
CARD 
Jibs_PC#2445661941913456640 placearmies 11 1
CARD 
Jibs_PC#2445661941913456640 placearmies 25 1
CARD 
Jibs_PC#2445661941913456640 placearmies 30 1
CARD 
Jibs_PC#2445661941913456640 placearmies 37 1
CARD 
Jibs_PC#2445661941913456640 placearmies 33 1
CARD 
Jibs_PC#2445661941913456640 placearmies 29 1
CARD 
Jibs_PC#2445661941913456640 placearmies 11 1
CARD 
Jibs_PC#2445661941913456640 placearmies 25 1
Jibs_PC#2445661941913456640 placearmies 25 1
Jibs_PC#2445661941913456640 placearmies 25 1
Jibs_PC#2445661941913456640 attack 25 26
Jibs_PC#2445661941913456640 roll 3
Jibs_PC#2445661941913456640 roll 2
DICE 3 2 5 3 1 5 5 
Jibs_PC#2445661941913456640 roll 3
Jibs_PC#2445661941913456640 roll 2
DICE 3 2 5 4 4 3 3 
Jibs_PC#2445661941913456640 roll 3
Jibs_PC#2445661941913456640 roll 1
DICE 3 1 4 1 0 0 
Jibs_PC#2445661941913456640 move all
Jibs_PC#2445661941913456640 attack 26 24
Jibs_PC#2445661941913456640 roll 3
Jibs_PC#2445661941913456640 roll 1
DICE 3 1 5 4 2 2 
Jibs_PC#2445661941913456640 move all
Jibs_PC#2445661941913456640 attack 24 23
Jibs_PC#2445661941913456640 roll 3
Jibs_PC#2445661941913456640 roll 1
DICE 3 1 5 0 0 2 
Jibs_PC#2445661941913456640 move all
Jibs_PC#2445661941913456640 attack 23 21
Jibs_PC#2445661941913456640 roll 3
Jibs_PC#2445661941913456640 roll 1
DICE 3 1 5 5 1 4 
Jibs_PC#2445661941913456640 move all
Jibs_PC#2445661941913456640 attack 21 22
Jibs_PC#2445661941913456640 roll 3
Jibs_PC#2445661941913456640 roll 1
DICE 3 1 5 4 1 5 
Jibs_PC#2445661941913456640 roll 3
Jibs_PC#2445661941913456640 roll 1
DICE 3 1 5 3 3 0 
Jibs_PC#2445661941913456640 attack 3 7
Jibs_PC#2445661941913456640 roll 3
Jibs_PC#2445661941913456640 roll 1
DICE 3 1 3 1 0 4 
Jibs_PC#2445661941913456640 roll 3
Jibs_PC#2445661941913456640 roll 1
DICE 3 1 5 4 3 5 
Jibs_PC#2445661941913456640 roll 3
Jibs_PC#2445661941913456640 roll 1
DICE 3 1 5 1 0 4 
Jibs_PC#2445661941913456640 move all
Jibs_PC#2445661941913456640 attack 7 9
Jibs_PC#2445661941913456640 roll 3
Jibs_PC#2445661941913456640 roll 2
DICE 3 2 5 2 2 3 1 
Jibs_PC#2445661941913456640 attack 9 8
Jibs_PC#2445661941913456640 roll 2
Jibs_PC#2445661941913456640 roll 1
DICE 2 1 0 0 1 
Jibs_PC#2445661941913456640 roll 1
Jibs_PC#2445661941913456640 roll 1
DICE 1 1 5 3 
Jibs_PC#2445661941913456640 endattack
Jibs_PC#2445661941913456640 nomove
CARD 24
Jibs_PC#2445661941913456640 placearmies 19 1
Jibs_PC#2445661941913456640 placearmies 19 1
Jibs_PC#2445661941913456640 placearmies 19 1
Jibs_PC#2445661941913456640 attack 19 17
Jibs_PC#2445661941913456640 roll 3
Jibs_PC#2445661941913456640 roll 1
DICE 3 1 2 1 0 4 
Jibs_PC#2445661941913456640 roll 3
Jibs_PC#2445661941913456640 roll 1
DICE 3 1 5 3 1 4 
Jibs_PC#2445661941913456640 move all
Jibs_PC#2445661941913456640 attack 17 14
Jibs_PC#2445661941913456640 roll 3
Jibs_PC#2445661941913456640 roll 2
DICE 3 2 3 2 2 5 2 
Jibs_PC#2445661941913456640 roll 3
Jibs_PC#2445661941913456640 roll 2
DICE 3 2 3 2 2 4 1 
Jibs_PC#2445661941913456640 roll 3
Jibs_PC#2445661941913456640 roll 2
DICE 3 2 5 1 1 5 2 
Jibs_PC#2445661941913456640 roll 3
Jibs_PC#2445661941913456640 roll 2
DICE 3 2 2 1 1 3 1 
Jibs_PC#2445661941913456640 retreat
Jibs_PC#2445661941913456640 attack 17 18
Jibs_PC#2445661941913456640 roll 1
Jibs_PC#2445661941913456640 roll 1
DICE 1 1 3 4 
Jibs_PC#2445661941913456640 attack 30 16
Jibs_PC#2445661941913456640 roll 3
Jibs_PC#2445661941913456640 roll 1
DICE 3 1 5 4 3 0 
Jibs_PC#2445661941913456640 move all
Jibs_PC#2445661941913456640 attack 16 20
Jibs_PC#2445661941913456640 roll 3
Jibs_PC#2445661941913456640 roll 1
DICE 3 1 5 3 2 4 
Jibs_PC#2445661941913456640 move all
Jibs_PC#2445661941913456640 attack 20 18
Jibs_PC#2445661941913456640 roll 3
Jibs_PC#2445661941913456640 roll 1
DICE 3 1 3 2 0 2 
Jibs_PC#2445661941913456640 move all
Jibs_PC#2445661941913456640 attack 18 15
Jibs_PC#2445661941913456640 roll 3
Jibs_PC#2445661941913456640 roll 1
DICE 3 1 5 4 4 2 
Jibs_PC#2445661941913456640 attack 15 14
Jibs_PC#2445661941913456640 roll 2
Jibs_PC#2445661941913456640 roll 2
DICE 2 2 5 3 4 3 
Jibs_PC#2445661941913456640 roll 1
Jibs_PC#2445661941913456640 roll 2
DICE 1 2 2 2 1 
Jibs_PC#2445661941913456640 endattack
Jibs_PC#2445661941913456640 nomove
CARD wildcard
Jibs_PC#2445661941913456640 placearmies 27 1
Jibs_PC#2445661941913456640 placearmies 27 1
Jibs_PC#2445661941913456640 placearmies 27 1
Jibs_PC#2445661941913456640 attack 27 28
Jibs_PC#2445661941913456640 roll 3
Jibs_PC#2445661941913456640 roll 1
DICE 3 1 5 4 0 3 
Jibs_PC#2445661941913456640 move all
Jibs_PC#2445661941913456640 attack 28 30
Jibs_PC#2445661941913456640 roll 3
Jibs_PC#2445661941913456640 roll 1
DICE 3 1 3 2 0 0 
Jibs_PC#2445661941913456640 move all
Jibs_PC#2445661941913456640 attack 30 31
Jibs_PC#2445661941913456640 roll 3
Jibs_PC#2445661941913456640 roll 1
DICE 3 1 4 3 0 2 
Jibs_PC#2445661941913456640 move all
Jibs_PC#2445661941913456640 attack 31 32
Jibs_PC#2445661941913456640 roll 3
Jibs_PC#2445661941913456640 roll 1
DICE 3 1 2 0 0 3 
Jibs_PC#2445661941913456640 roll 3
Jibs_PC#2445661941913456640 roll 1
DICE 3 1 4 3 2 0 
Jibs_PC#2445661941913456640 move all
Jibs_PC#2445661941913456640 attack 32 29
Jibs_PC#2445661941913456640 roll 3
Jibs_PC#2445661941913456640 roll 2
DICE 3 2 4 4 3 2 0 
Jibs_PC#2445661941913456640 roll 3
Jibs_PC#2445661941913456640 roll 2
DICE 3 2 2 1 1 5 1 
Jibs_PC#2445661941913456640 roll 3
Jibs_PC#2445661941913456640 roll 2
DICE 3 2 3 1 0 2 0 
Jibs_PC#2445661941913456640 roll 3
Jibs_PC#2445661941913456640 roll 2
DICE 3 2 5 0 0 2 2 
Jibs_PC#2445661941913456640 roll 3
Jibs_PC#2445661941913456640 roll 2
DICE 3 2 2 2 0 1 0 
Jibs_PC#2445661941913456640 roll 3
Jibs_PC#2445661941913456640 roll 2
DICE 3 2 4 2 2 4 1 
Jibs_PC#2445661941913456640 roll 3
Jibs_PC#2445661941913456640 roll 2
DICE 3 2 4 3 1 3 1 
Jibs_PC#2445661941913456640 roll 3
Jibs_PC#2445661941913456640 roll 2
DICE 3 2 5 0 0 3 2 
Jibs_PC#2445661941913456640 roll 3
Jibs_PC#2445661941913456640 roll 1
DICE 3 1 5 3 3 4 
Jibs_PC#2445661941913456640 move all
Jibs_PC#2445661941913456640 attack 29 33
Jibs_PC#2445661941913456640 roll 3
Jibs_PC#2445661941913456640 roll 2
DICE 3 2 5 5 3 4 1 
Jibs_PC#2445661941913456640 roll 3
Jibs_PC#2445661941913456640 roll 2
DICE 3 2 5 5 5 5 0 
Jibs_PC#2445661941913456640 roll 2
Jibs_PC#2445661941913456640 roll 2
DICE 2 2 5 3 4 3 
Jibs_PC#2445661941913456640 retreat
Jibs_PC#2445661941913456640 attack 29 33
Jibs_PC#2445661941913456640 roll 1
Jibs_PC#2445661941913456640 roll 1
DICE 1 1 1 2 
Jibs_PC#2445661941913456640 attack 37 36
Jibs_PC#2445661941913456640 roll 2
Jibs_PC#2445661941913456640 roll 1
DICE 2 1 5 4 5 
Jibs_PC#2445661941913456640 retreat
Jibs_PC#2445661941913456640 attack 37 36
Jibs_PC#2445661941913456640 roll 1
Jibs_PC#2445661941913456640 roll 1
DICE 1 1 2 1 
Jibs_PC#2445661941913456640 endattack
Jibs_PC#2445661941913456640 nomove
CARD 34
Jibs_PC#2445661941913456640 placearmies 33 1
Jibs_PC#2445661941913456640 placearmies 33 1
Jibs_PC#2445661941913456640 placearmies 33 1
Jibs_PC#2445661941913456640 attack 33 39
Jibs_PC#2445661941913456640 roll 3
Jibs_PC#2445661941913456640 roll 1
DICE 3 1 5 5 5 4 
Jibs_PC#2445661941913456640 attack 39 40
Jibs_PC#2445661941913456640 roll 2
Jibs_PC#2445661941913456640 roll 1
DICE 2 1 5 4 4 
Jibs_PC#2445661941913456640 attack 40 42
Jibs_PC#2445661941913456640 roll 1
Jibs_PC#2445661941913456640 roll 1
DICE 1 1 1 3 
Jibs_PC#2445661941913456640 attack 1 2
Jibs_PC#2445661941913456640 roll 3
Jibs_PC#2445661941913456640 roll 1
DICE 3 1 5 3 0 3 
Jibs_PC#2445661941913456640 move all
Jibs_PC#2445661941913456640 attack 2 3
Jibs_PC#2445661941913456640 roll 3
Jibs_PC#2445661941913456640 roll 1
DICE 3 1 4 3 1 0 
Jibs_PC#2445661941913456640 move all
Jibs_PC#2445661941913456640 attack 3 4
Jibs_PC#2445661941913456640 roll 3
Jibs_PC#2445661941913456640 roll 1
DICE 3 1 5 4 3 2 
Jibs_PC#2445661941913456640 move all
Jibs_PC#2445661941913456640 attack 4 7
Jibs_PC#2445661941913456640 roll 3
Jibs_PC#2445661941913456640 roll 1
DICE 3 1 2 2 0 1 
Jibs_PC#2445661941913456640 move all
Jibs_PC#2445661941913456640 attack 7 6
Jibs_PC#2445661941913456640 roll 3
Jibs_PC#2445661941913456640 roll 1
DICE 3 1 2 2 0 3 
Jibs_PC#2445661941913456640 roll 3
Jibs_PC#2445661941913456640 roll 1
DICE 3 1 3 2 1 4 
Jibs_PC#2445661941913456640 roll 2
Jibs_PC#2445661941913456640 roll 1
DICE 2 1 4 2 5 
Jibs_PC#2445661941913456640 roll 1
Jibs_PC#2445661941913456640 roll 1
DICE 1 1 2 5 
Jibs_PC#2445661941913456640 endattack
Jibs_PC#2445661941913456640 nomove
CARD 3
Jibs_PC#2445661941913456640 placearmies 12 1
Jibs_PC#2445661941913456640 placearmies 12 1
Jibs_PC#2445661941913456640 placearmies 12 1
Jibs_PC#2445661941913456640 attack 12 21
Jibs_PC#2445661941913456640 roll 3
Jibs_PC#2445661941913456640 roll 1
DICE 3 1 5 3 1 4 
Jibs_PC#2445661941913456640 attack 21 23
Jibs_PC#2445661941913456640 roll 2
Jibs_PC#2445661941913456640 roll 1
DICE 2 1 0 0 4 
Jibs_PC#2445661941913456640 roll 1
Jibs_PC#2445661941913456640 roll 1
DICE 1 1 4 1 
Jibs_PC#2445661941913456640 endattack
Jibs_PC#2445661941913456640 nomove
CARD 35
Jibs_PC#2445661941913456640 placearmies 11 1
Jibs_PC#2445661941913456640 placearmies 11 1
Jibs_PC#2445661941913456640 placearmies 11 1
Jibs_PC#2445661941913456640 attack 11 10
Jibs_PC#2445661941913456640 roll 3
Jibs_PC#2445661941913456640 roll 1
DICE 3 1 3 3 1 5 
Jibs_PC#2445661941913456640 roll 3
Jibs_PC#2445661941913456640 roll 1
DICE 3 1 5 3 1 3 
Jibs_PC#2445661941913456640 move all
Jibs_PC#2445661941913456640 attack 10 12
Jibs_PC#2445661941913456640 roll 3
Jibs_PC#2445661941913456640 roll 1
DICE 3 1 5 5 4 5 
Jibs_PC#2445661941913456640 roll 3
Jibs_PC#2445661941913456640 roll 1
DICE 3 1 3 3 0 4 
Jibs_PC#2445661941913456640 roll 3
Jibs_PC#2445661941913456640 roll 1
DICE 3 1 2 1 0 1 
Jibs_PC#2445661941913456640 move all
Jibs_PC#2445661941913456640 attack 12 13
Jibs_PC#2445661941913456640 roll 3
Jibs_PC#2445661941913456640 roll 1
DICE 3 1 4 2 1 3 
Jibs_PC#2445661941913456640 move 3
Jibs_PC#2445661941913456640 attack 14 17
Jibs_PC#2445661941913456640 roll 3
Jibs_PC#2445661941913456640 roll 1
DICE 3 1 3 3 2 5 
Jibs_PC#2445661941913456640 roll 3
Jibs_PC#2445661941913456640 roll 1
DICE 3 1 3 2 2 1 
Jibs_PC#2445661941913456640 attack 17 19
Jibs_PC#2445661941913456640 roll 2
Jibs_PC#2445661941913456640 roll 1
DICE 2 1 4 2 1 
Jibs_PC#2445661941913456640 attack 19 18
Jibs_PC#2445661941913456640 roll 1
Jibs_PC#2445661941913456640 roll 1
DICE 1 1 2 3 
Jibs_PC#2445661941913456640 endattack
Jibs_PC#2445661941913456640 movearmies 13 12 2
CARD 11
Jibs_PC#2445661941913456640 placearmies 22 1
Jibs_PC#2445661941913456640 placearmies 22 1
Jibs_PC#2445661941913456640 placearmies 22 1
Jibs_PC#2445661941913456640 attack 22 21
Jibs_PC#2445661941913456640 roll 3
Jibs_PC#2445661941913456640 roll 1
DICE 3 1 5 4 1 4 
Jibs_PC#2445661941913456640 move all
Jibs_PC#2445661941913456640 attack 21 23
Jibs_PC#2445661941913456640 roll 3
Jibs_PC#2445661941913456640 roll 1
DICE 3 1 5 3 0 0 
Jibs_PC#2445661941913456640 move all
Jibs_PC#2445661941913456640 endattack
Jibs_PC#2445661941913456640 nomove
CARD 39
Jibs_PC#2445661941913456640 placearmies 16 1
Jibs_PC#2445661941913456640 placearmies 16 1
Jibs_PC#2445661941913456640 placearmies 16 1
Jibs_PC#2445661941913456640 attack 16 31
Jibs_PC#2445661941913456640 roll 3
Jibs_PC#2445661941913456640 roll 1
DICE 3 1 3 2 1 0 
Jibs_PC#2445661941913456640 attack 31 32
Jibs_PC#2445661941913456640 roll 2
Jibs_PC#2445661941913456640 roll 1
DICE 2 1 3 1 4 
Jibs_PC#2445661941913456640 roll 1
Jibs_PC#2445661941913456640 roll 1
DICE 1 1 4 3 
Jibs_PC#2445661941913456640 endattack
Jibs_PC#2445661941913456640 nomove
CARD 8
Jibs_PC#2445661941913456640 placearmies 35 1
Jibs_PC#2445661941913456640 placearmies 35 1
Jibs_PC#2445661941913456640 placearmies 35 1
Jibs_PC#2445661941913456640 attack 35 34
Jibs_PC#2445661941913456640 roll 3
Jibs_PC#2445661941913456640 roll 1
DICE 3 1 4 2 0 2 
Jibs_PC#2445661941913456640 attack 34 38
Jibs_PC#2445661941913456640 roll 2
Jibs_PC#2445661941913456640 roll 1
DICE 2 1 4 2 4 
Jibs_PC#2445661941913456640 roll 1
Jibs_PC#2445661941913456640 roll 1
DICE 1 1 2 1 
Jibs_PC#2445661941913456640 endattack
Jibs_PC#2445661941913456640 nomove
CARD 27
Jibs_PC#2445661941913456640 placearmies 4 1
Jibs_PC#2445661941913456640 placearmies 4 1
Jibs_PC#2445661941913456640 placearmies 4 1
Jibs_PC#2445661941913456640 attack 4 5
Jibs_PC#2445661941913456640 roll 3
Jibs_PC#2445661941913456640 roll 1
DICE 3 1 2 0 0 2 
Jibs_PC#2445661941913456640 roll 2
Jibs_PC#2445661941913456640 roll 1
DICE 2 1 2 0 5 
Jibs_PC#2445661941913456640 roll 1
Jibs_PC#2445661941913456640 roll 1
DICE 1 1 2 4 
Jibs_PC#2445661941913456640 endattack
Jibs_PC#2445661941913456640 nomove
CARD 
Jibs_PC#2445661941913456640 placearmies 42 1
Jibs_PC#2445661941913456640 placearmies 42 1
Jibs_PC#2445661941913456640 placearmies 42 1
Jibs_PC#2445661941913456640 attack 42 40
Jibs_PC#2445661941913456640 roll 3
Jibs_PC#2445661941913456640 roll 1
DICE 3 1 4 2 0 1 
Jibs_PC#2445661941913456640 attack 40 39
Jibs_PC#2445661941913456640 roll 2
Jibs_PC#2445661941913456640 roll 1
DICE 2 1 5 2 1 
Jibs_PC#2445661941913456640 attack 39 33
Jibs_PC#2445661941913456640 roll 1
Jibs_PC#2445661941913456640 roll 1
DICE 1 1 0 1 
Jibs_PC#2445661941913456640 endattack
Jibs_PC#2445661941913456640 nomove
CARD 31
Jibs_PC#2445661941913456640 placearmies 12 1
Jibs_PC#2445661941913456640 placearmies 12 1
Jibs_PC#2445661941913456640 placearmies 19 1
Jibs_PC#2445661941913456640 placearmies 19 1
Jibs_PC#2445661941913456640 placearmies 19 1
Jibs_PC#2445661941913456640 attack 19 20
Jibs_PC#2445661941913456640 roll 3
Jibs_PC#2445661941913456640 roll 1
DICE 3 1 5 4 2 5 
Jibs_PC#2445661941913456640 roll 2
Jibs_PC#2445661941913456640 roll 1
DICE 2 1 3 3 2 
Jibs_PC#2445661941913456640 attack 20 18
Jibs_PC#2445661941913456640 roll 1
Jibs_PC#2445661941913456640 roll 1
DICE 1 1 2 4 
Jibs_PC#2445661941913456640 attack 12 21
Jibs_PC#2445661941913456640 roll 3
Jibs_PC#2445661941913456640 roll 1
DICE 3 1 5 4 2 0 
Jibs_PC#2445661941913456640 move all
Jibs_PC#2445661941913456640 attack 21 23
Jibs_PC#2445661941913456640 roll 3
Jibs_PC#2445661941913456640 roll 2
DICE 3 2 1 1 0 4 3 
Jibs_PC#2445661941913456640 roll 3
Jibs_PC#2445661941913456640 roll 2
DICE 3 2 4 1 0 3 1 
Jibs_PC#2445661941913456640 roll 2
Jibs_PC#2445661941913456640 roll 2
DICE 2 2 3 2 5 2 
Jibs_PC#2445661941913456640 endattack
Jibs_PC#2445661941913456640 nomove
CARD 6
Jibs_PC#2445661941913456640 placearmies 9 1
Jibs_PC#2445661941913456640 placearmies 9 1
Jibs_PC#2445661941913456640 placearmies 9 1
Jibs_PC#2445661941913456640 attack 9 5
Jibs_PC#2445661941913456640 roll 3
Jibs_PC#2445661941913456640 roll 1
DICE 3 1 5 4 4 0 
Jibs_PC#2445661941913456640 attack 5 4
Jibs_PC#2445661941913456640 roll 2
Jibs_PC#2445661941913456640 roll 1
DICE 2 1 4 1 1 
Jibs_PC#2445661941913456640 attack 4 7
Jibs_PC#2445661941913456640 roll 1
Jibs_PC#2445661941913456640 roll 1
DICE 1 1 0 5 
Jibs_PC#2445661941913456640 attack 23 21
Jibs_PC#2445661941913456640 roll 2
Jibs_PC#2445661941913456640 roll 1
DICE 2 1 3 3 5 
Jibs_PC#2445661941913456640 roll 1
Jibs_PC#2445661941913456640 roll 1
DICE 1 1 4 5 
Jibs_PC#2445661941913456640 endattack
Jibs_PC#2445661941913456640 nomove
CARD 36
Jibs_PC#2445661941913456640 placearmies 18 1
Jibs_PC#2445661941913456640 placearmies 18 1
Jibs_PC#2445661941913456640 placearmies 18 1
Jibs_PC#2445661941913456640 attack 18 20
Jibs_PC#2445661941913456640 roll 3
Jibs_PC#2445661941913456640 roll 1
DICE 3 1 5 4 2 3 
Jibs_PC#2445661941913456640 attack 20 19
Jibs_PC#2445661941913456640 roll 2
Jibs_PC#2445661941913456640 roll 1
DICE 2 1 4 1 2 
Jibs_PC#2445661941913456640 attack 19 17
Jibs_PC#2445661941913456640 roll 1
Jibs_PC#2445661941913456640 roll 1
DICE 1 1 4 3 
Jibs_PC#2445661941913456640 endattack
Jibs_PC#2445661941913456640 nomove
CARD 28
Jibs_PC#2445661941913456640 placearmies 38 1
Jibs_PC#2445661941913456640 placearmies 38 1
Jibs_PC#2445661941913456640 placearmies 38 1
Jibs_PC#2445661941913456640 attack 38 1
Jibs_PC#2445661941913456640 roll 3
Jibs_PC#2445661941913456640 roll 1
DICE 3 1 5 3 2 3 
Jibs_PC#2445661941913456640 attack 1 3
Jibs_PC#2445661941913456640 roll 2
Jibs_PC#2445661941913456640 roll 1
DICE 2 1 4 3 0 
Jibs_PC#2445661941913456640 attack 3 4
Jibs_PC#2445661941913456640 roll 1
Jibs_PC#2445661941913456640 roll 1
DICE 1 1 0 2 
Jibs_PC#2445661941913456640 endattack
Jibs_PC#2445661941913456640 nomove
CARD 16
Jibs_PC#2445661941913456640 placearmies 7 1
Jibs_PC#2445661941913456640 placearmies 7 1
Jibs_PC#2445661941913456640 placearmies 7 1
Jibs_PC#2445661941913456640 attack 7 3
Jibs_PC#2445661941913456640 roll 3
Jibs_PC#2445661941913456640 roll 1
DICE 3 1 5 3 1 3 
Jibs_PC#2445661941913456640 attack 3 1
Jibs_PC#2445661941913456640 roll 2
Jibs_PC#2445661941913456640 roll 1
DICE 2 1 3 0 3 
Jibs_PC#2445661941913456640 roll 1
Jibs_PC#2445661941913456640 roll 1
DICE 1 1 1 5 
Jibs_PC#2445661941913456640 endattack
Jibs_PC#2445661941913456640 nomove
CARD 15
Jibs_PC#2445661941913456640 placearmies 42 1
Jibs_PC#2445661941913456640 placearmies 42 1
Jibs_PC#2445661941913456640 placearmies 39 1
Jibs_PC#2445661941913456640 attack 42 41
Jibs_PC#2445661941913456640 roll 2
Jibs_PC#2445661941913456640 roll 1
DICE 2 1 3 2 1 
Jibs_PC#2445661941913456640 endattack
Jibs_PC#2445661941913456640 movearmies 41 39 1
CARD 5
Jibs_PC#2445661941913456640 placearmies 21 1
Jibs_PC#2445661941913456640 placearmies 21 1
Jibs_PC#2445661941913456640 placearmies 21 1
Jibs_PC#2445661941913456640 placearmies 21 1
Jibs_PC#2445661941913456640 placearmies 21 1
Jibs_PC#2445661941913456640 attack 21 23
Jibs_PC#2445661941913456640 roll 3
Jibs_PC#2445661941913456640 roll 1
DICE 3 1 3 2 0 5 
Jibs_PC#2445661941913456640 roll 3
Jibs_PC#2445661941913456640 roll 1
DICE 3 1 5 1 0 3 
Jibs_PC#2445661941913456640 move all
Jibs_PC#2445661941913456640 attack 23 25
Jibs_PC#2445661941913456640 roll 3
Jibs_PC#2445661941913456640 roll 1
DICE 3 1 4 2 1 0 
Jibs_PC#2445661941913456640 attack 25 26
Jibs_PC#2445661941913456640 roll 2
Jibs_PC#2445661941913456640 roll 1
DICE 2 1 1 0 0 
Jibs_PC#2445661941913456640 attack 26 24
Jibs_PC#2445661941913456640 roll 1
Jibs_PC#2445661941913456640 roll 1
DICE 1 1 2 3 
Jibs_PC#2445661941913456640 endattack
Jibs_PC#2445661941913456640 nomove
CARD 12
Jibs_PC#2445661941913456640 placearmies 8 1
Jibs_PC#2445661941913456640 placearmies 4 1
Jibs_PC#2445661941913456640 placearmies 4 1
Jibs_PC#2445661941913456640 attack 4 3
Jibs_PC#2445661941913456640 roll 1
Jibs_PC#2445661941913456640 roll 1
DICE 1 1 0 3 
Jibs_PC#2445661941913456640 roll 1
Jibs_PC#2445661941913456640 roll 1
DICE 1 1 2 2 
Jibs_PC#2445661941913456640 attack 8 6
Jibs_PC#2445661941913456640 retreat
Jibs_PC#2445661941913456640 attack 8 6
Jibs_PC#2445661941913456640 roll 1
Jibs_PC#2445661941913456640 roll 1
DICE 1 1 4 1 
Jibs_PC#2445661941913456640 endattack
Jibs_PC#2445661941913456640 nomove
CARD 41
Jibs_PC#2445661941913456640 trade wildcard 28 8
Jibs_PC#2445661941913456640 placearmies 32 1
Jibs_PC#2445661941913456640 placearmies 32 1
Jibs_PC#2445661941913456640 placearmies 32 1
Jibs_PC#2445661941913456640 placearmies 32 1
Jibs_PC#2445661941913456640 placearmies 32 1
Jibs_PC#2445661941913456640 placearmies 16 1
Jibs_PC#2445661941913456640 placearmies 16 1
Jibs_PC#2445661941913456640 placearmies 16 1
Jibs_PC#2445661941913456640 placearmies 16 1
Jibs_PC#2445661941913456640 placearmies 32 1
Jibs_PC#2445661941913456640 placearmies 32 1
Jibs_PC#2445661941913456640 placearmies 32 1
Jibs_PC#2445661941913456640 placearmies 16 1
Jibs_PC#2445661941913456640 attack 32 33
Jibs_PC#2445661941913456640 roll 3
Jibs_PC#2445661941913456640 roll 1
DICE 3 1 4 3 0 5 
Jibs_PC#2445661941913456640 roll 3
Jibs_PC#2445661941913456640 roll 1
DICE 3 1 3 1 1 1 
Jibs_PC#2445661941913456640 move all
Jibs_PC#2445661941913456640 attack 33 39
Jibs_PC#2445661941913456640 roll 3
Jibs_PC#2445661941913456640 roll 2
DICE 3 2 2 1 1 5 2 
Jibs_PC#2445661941913456640 roll 3
Jibs_PC#2445661941913456640 roll 2
DICE 3 2 4 3 0 4 3 
Jibs_PC#2445661941913456640 roll 2
Jibs_PC#2445661941913456640 roll 2
DICE 2 2 4 0 2 1 
Jibs_PC#2445661941913456640 roll 1
Jibs_PC#2445661941913456640 roll 2
DICE 1 2 0 4 1 
Jibs_PC#2445661941913456640 attack 16 28
Jibs_PC#2445661941913456640 roll 3
Jibs_PC#2445661941913456640 roll 1
DICE 3 1 4 1 1 2 
Jibs_PC#2445661941913456640 move all
Jibs_PC#2445661941913456640 attack 28 30
Jibs_PC#2445661941913456640 roll 3
Jibs_PC#2445661941913456640 roll 1
DICE 3 1 3 2 1 5 
Jibs_PC#2445661941913456640 roll 3
Jibs_PC#2445661941913456640 roll 1
DICE 3 1 5 5 4 0 
Jibs_PC#2445661941913456640 attack 30 29
Jibs_PC#2445661941913456640 roll 2
Jibs_PC#2445661941913456640 roll 1
DICE 2 1 5 5 3 
Jibs_PC#2445661941913456640 attack 29 27
Jibs_PC#2445661941913456640 roll 1
Jibs_PC#2445661941913456640 roll 1
DICE 1 1 5 3 
Jibs_PC#2445661941913456640 endattack
Jibs_PC#2445661941913456640 nomove
CARD 13
Jibs_PC#2445661941913456640 placearmies 35 1
Jibs_PC#2445661941913456640 placearmies 35 1
Jibs_PC#2445661941913456640 placearmies 35 1
Jibs_PC#2445661941913456640 attack 35 27
Jibs_PC#2445661941913456640 roll 3
Jibs_PC#2445661941913456640 roll 1
DICE 3 1 5 3 3 3 
Jibs_PC#2445661941913456640 attack 27 28
Jibs_PC#2445661941913456640 roll 2
Jibs_PC#2445661941913456640 roll 1
DICE 2 1 3 2 5 
Jibs_PC#2445661941913456640 roll 1
Jibs_PC#2445661941913456640 roll 1
DICE 1 1 4 2 
Jibs_PC#2445661941913456640 endattack
Jibs_PC#2445661941913456640 nomove
CARD 38
Jibs_PC#2445661941913456640 placearmies 3 1
Jibs_PC#2445661941913456640 placearmies 3 1
Jibs_PC#2445661941913456640 placearmies 3 1
Jibs_PC#2445661941913456640 attack 3 4
Jibs_PC#2445661941913456640 roll 3
Jibs_PC#2445661941913456640 roll 1
DICE 3 1 4 3 0 4 
Jibs_PC#2445661941913456640 roll 2
Jibs_PC#2445661941913456640 roll 1
DICE 2 1 5 4 2 
Jibs_PC#2445661941913456640 attack 4 5
Jibs_PC#2445661941913456640 roll 1
Jibs_PC#2445661941913456640 roll 1
DICE 1 1 1 4 
Jibs_PC#2445661941913456640 endattack
Jibs_PC#2445661941913456640 nomove
CARD 37
Jibs_PC#2445661941913456640 trade 35 31 5
Jibs_PC#2445661941913456640 placearmies 39 1
Jibs_PC#2445661941913456640 placearmies 39 1
Jibs_PC#2445661941913456640 placearmies 39 1
Jibs_PC#2445661941913456640 placearmies 39 1
Jibs_PC#2445661941913456640 placearmies 39 1
Jibs_PC#2445661941913456640 placearmies 39 1
Jibs_PC#2445661941913456640 placearmies 39 1
Jibs_PC#2445661941913456640 placearmies 39 1
Jibs_PC#2445661941913456640 placearmies 39 1
Jibs_PC#2445661941913456640 placearmies 39 1
Jibs_PC#2445661941913456640 placearmies 39 1
Jibs_PC#2445661941913456640 placearmies 39 1
Jibs_PC#2445661941913456640 placearmies 39 1
Jibs_PC#2445661941913456640 placearmies 39 1
Jibs_PC#2445661941913456640 placearmies 39 1
Jibs_PC#2445661941913456640 attack 39 33
Jibs_PC#2445661941913456640 roll 3
Jibs_PC#2445661941913456640 roll 1
DICE 3 1 3 2 0 5 
Jibs_PC#2445661941913456640 roll 3
Jibs_PC#2445661941913456640 roll 1
DICE 3 1 5 4 3 1 
Jibs_PC#2445661941913456640 move all
Jibs_PC#2445661941913456640 attack 33 32
Jibs_PC#2445661941913456640 roll 3
Jibs_PC#2445661941913456640 roll 1
DICE 3 1 3 2 0 0 
Jibs_PC#2445661941913456640 move all
Jibs_PC#2445661941913456640 attack 32 31
Jibs_PC#2445661941913456640 roll 3
Jibs_PC#2445661941913456640 roll 1
DICE 3 1 4 3 0 1 
Jibs_PC#2445661941913456640 move all
Jibs_PC#2445661941913456640 attack 31 30
Jibs_PC#2445661941913456640 roll 3
Jibs_PC#2445661941913456640 roll 1
DICE 3 1 2 2 1 3 
Jibs_PC#2445661941913456640 roll 3
Jibs_PC#2445661941913456640 roll 1
DICE 3 1 4 1 0 2 
Jibs_PC#2445661941913456640 move all
Jibs_PC#2445661941913456640 attack 30 28
Jibs_PC#2445661941913456640 roll 3
Jibs_PC#2445661941913456640 roll 1
DICE 3 1 5 1 0 3 
Jibs_PC#2445661941913456640 move all
Jibs_PC#2445661941913456640 attack 28 27
Jibs_PC#2445661941913456640 roll 3
Jibs_PC#2445661941913456640 roll 1
DICE 3 1 5 5 0 0 
Jibs_PC#2445661941913456640 move all
Jibs_PC#2445661941913456640 attack 27 29
Jibs_PC#2445661941913456640 roll 3
Jibs_PC#2445661941913456640 roll 1
DICE 3 1 4 2 0 3 
Jibs_PC#2445661941913456640 move all
Jibs_PC#2445661941913456640 attack 29 36
Jibs_PC#2445661941913456640 roll 3
Jibs_PC#2445661941913456640 roll 1
DICE 3 1 5 4 4 3 
Jibs_PC#2445661941913456640 move all
Jibs_PC#2445661941913456640 attack 36 35
Jibs_PC#2445661941913456640 roll 3
Jibs_PC#2445661941913456640 roll 1
DICE 3 1 4 3 2 5 
Jibs_PC#2445661941913456640 roll 3
Jibs_PC#2445661941913456640 roll 1
DICE 3 1 4 2 0 0 
Jibs_PC#2445661941913456640 move all
Jibs_PC#2445661941913456640 attack 35 34
Jibs_PC#2445661941913456640 roll 3
Jibs_PC#2445661941913456640 roll 1
DICE 3 1 5 4 2 4 
Jibs_PC#2445661941913456640 move all
Jibs_PC#2445661941913456640 attack 34 38
Jibs_PC#2445661941913456640 roll 3
Jibs_PC#2445661941913456640 roll 1
DICE 3 1 5 3 0 2 
Jibs_PC#2445661941913456640 attack 38 37
Jibs_PC#2445661941913456640 roll 2
Jibs_PC#2445661941913456640 roll 1
DICE 2 1 5 0 4 
Jibs_PC#2445661941913456640 endattack
Jibs_PC#2445661941913456640 movearmies 37 36 1
CARD 30
Jibs_PC#2445661941913456640 placearmies 26 1
Jibs_PC#2445661941913456640 placearmies 26 1
Jibs_PC#2445661941913456640 placearmies 26 1
Jibs_PC#2445661941913456640 placearmies 26 1
Jibs_PC#2445661941913456640 placearmies 26 1
Jibs_PC#2445661941913456640 attack 26 24
Jibs_PC#2445661941913456640 roll 3
Jibs_PC#2445661941913456640 roll 1
DICE 3 1 5 1 0 0 
Jibs_PC#2445661941913456640 move all
Jibs_PC#2445661941913456640 attack 24 22
Jibs_PC#2445661941913456640 roll 3
Jibs_PC#2445661941913456640 roll 1
DICE 3 1 3 1 1 1 
Jibs_PC#2445661941913456640 move all
Jibs_PC#2445661941913456640 attack 22 20
Jibs_PC#2445661941913456640 roll 3
Jibs_PC#2445661941913456640 roll 1
DICE 3 1 5 3 0 5 
Jibs_PC#2445661941913456640 roll 2
Jibs_PC#2445661941913456640 roll 1
DICE 2 1 2 0 5 
Jibs_PC#2445661941913456640 roll 1
Jibs_PC#2445661941913456640 roll 1
DICE 1 1 5 0 
Jibs_PC#2445661941913456640 endattack
Jibs_PC#2445661941913456640 nomove
CARD 21
Jibs_PC#2445661941913456640 trade 24 36 41
Jibs_PC#2445661941913456640 placearmies 5 1
Jibs_PC#2445661941913456640 placearmies 5 1
Jibs_PC#2445661941913456640 placearmies 5 1
Jibs_PC#2445661941913456640 placearmies 5 1
Jibs_PC#2445661941913456640 placearmies 5 1
Jibs_PC#2445661941913456640 placearmies 5 1
Jibs_PC#2445661941913456640 placearmies 6 1
Jibs_PC#2445661941913456640 placearmies 6 1
Jibs_PC#2445661941913456640 placearmies 6 1
Jibs_PC#2445661941913456640 placearmies 6 1
Jibs_PC#2445661941913456640 placearmies 6 1
Jibs_PC#2445661941913456640 attack 5 10
Jibs_PC#2445661941913456640 roll 3
Jibs_PC#2445661941913456640 roll 1
DICE 3 1 5 2 0 0 
Jibs_PC#2445661941913456640 move all
Jibs_PC#2445661941913456640 attack 10 12
Jibs_PC#2445661941913456640 roll 3
Jibs_PC#2445661941913456640 roll 1
DICE 3 1 5 3 1 4 
Jibs_PC#2445661941913456640 move all
Jibs_PC#2445661941913456640 attack 12 21
Jibs_PC#2445661941913456640 roll 3
Jibs_PC#2445661941913456640 roll 1
DICE 3 1 5 2 0 0 
Jibs_PC#2445661941913456640 move all
Jibs_PC#2445661941913456640 attack 21 23
Jibs_PC#2445661941913456640 roll 3
Jibs_PC#2445661941913456640 roll 1
DICE 3 1 5 1 0 2 
Jibs_PC#2445661941913456640 attack 23 25
Jibs_PC#2445661941913456640 roll 1
Jibs_PC#2445661941913456640 roll 1
DICE 1 1 3 4 
Jibs_PC#2445661941913456640 roll 1
Jibs_PC#2445661941913456640 roll 1
DICE 1 1 0 3 
Jibs_PC#2445661941913456640 attack 6 2
Jibs_PC#2445661941913456640 roll 3
Jibs_PC#2445661941913456640 roll 1
DICE 3 1 3 2 0 0 
Jibs_PC#2445661941913456640 move all
Jibs_PC#2445661941913456640 attack 2 1
Jibs_PC#2445661941913456640 roll 3
Jibs_PC#2445661941913456640 roll 1
DICE 3 1 4 3 3 5 
Jibs_PC#2445661941913456640 roll 3
Jibs_PC#2445661941913456640 roll 1
DICE 3 1 5 4 3 2 
Jibs_PC#2445661941913456640 attack 1 3
Jibs_PC#2445661941913456640 roll 2
Jibs_PC#2445661941913456640 roll 1
DICE 2 1 5 4 1 
Jibs_PC#2445661941913456640 attack 3 4
Jibs_PC#2445661941913456640 roll 1
Jibs_PC#2445661941913456640 roll 1
DICE 1 1 4 4 
Jibs_PC#2445661941913456640 endattack
Jibs_PC#2445661941913456640 nomove
CARD 33
Jibs_PC#2445661941913456640 placearmies 17 1
Jibs_PC#2445661941913456640 placearmies 17 1
Jibs_PC#2445661941913456640 placearmies 17 1
Jibs_PC#2445661941913456640 attack 17 14
Jibs_PC#2445661941913456640 roll 3
Jibs_PC#2445661941913456640 roll 1
DICE 3 1 5 4 0 3 
Jibs_PC#2445661941913456640 endattack
Jibs_PC#2445661941913456640 nomove
CARD 17
Jibs_PC#2445661941913456640 placearmies 4 1
Jibs_PC#2445661941913456640 placearmies 4 1
Jibs_PC#2445661941913456640 placearmies 4 1
Jibs_PC#2445661941913456640 attack 4 5
Jibs_PC#2445661941913456640 roll 3
Jibs_PC#2445661941913456640 roll 1
DICE 3 1 4 0 0 5 
Jibs_PC#2445661941913456640 roll 2
Jibs_PC#2445661941913456640 roll 1
DICE 2 1 0 0 0 
Jibs_PC#2445661941913456640 roll 1
Jibs_PC#2445661941913456640 roll 1
DICE 1 1 3 4 
Jibs_PC#2445661941913456640 endattack
Jibs_PC#2445661941913456640 nomove
CARD 
Jibs_PC#2445661941913456640 placearmies 28 1
Jibs_PC#2445661941913456640 placearmies 28 1
Jibs_PC#2445661941913456640 placearmies 28 1
Jibs_PC#2445661941913456640 placearmies 28 1
Jibs_PC#2445661941913456640 placearmies 28 1
Jibs_PC#2445661941913456640 placearmies 28 1
Jibs_PC#2445661941913456640 placearmies 28 1
Jibs_PC#2445661941913456640 placearmies 28 1
Jibs_PC#2445661941913456640 placearmies 28 1
Jibs_PC#2445661941913456640 placearmies 28 1
Jibs_PC#2445661941913456640 placearmies 28 1
Jibs_PC#2445661941913456640 placearmies 28 1
Jibs_PC#2445661941913456640 placearmies 28 1
Jibs_PC#2445661941913456640 placearmies 28 1
Jibs_PC#2445661941913456640 attack 28 16
Jibs_PC#2445661941913456640 roll 3
Jibs_PC#2445661941913456640 roll 1
DICE 3 1 3 2 0 2 
Jibs_PC#2445661941913456640 move all
Jibs_PC#2445661941913456640 attack 16 15
Jibs_PC#2445661941913456640 roll 3
Jibs_PC#2445661941913456640 roll 1
DICE 3 1 4 4 1 0 
Jibs_PC#2445661941913456640 move all
Jibs_PC#2445661941913456640 attack 15 14
Jibs_PC#2445661941913456640 roll 3
Jibs_PC#2445661941913456640 roll 2
DICE 3 2 5 5 0 2 1 
Jibs_PC#2445661941913456640 roll 3
Jibs_PC#2445661941913456640 roll 1
DICE 3 1 5 2 0 2 
Jibs_PC#2445661941913456640 move all
Jibs_PC#2445661941913456640 attack 14 17
Jibs_PC#2445661941913456640 roll 3
Jibs_PC#2445661941913456640 roll 1
DICE 3 1 3 1 0 5 
Jibs_PC#2445661941913456640 roll 3
Jibs_PC#2445661941913456640 roll 1
DICE 3 1 5 2 0 3 
Jibs_PC#2445661941913456640 move all
Jibs_PC#2445661941913456640 attack 17 19
Jibs_PC#2445661941913456640 roll 3
Jibs_PC#2445661941913456640 roll 1
DICE 3 1 4 1 1 0 
Jibs_PC#2445661941913456640 move all
Jibs_PC#2445661941913456640 attack 19 18
Jibs_PC#2445661941913456640 roll 3
Jibs_PC#2445661941913456640 roll 1
DICE 3 1 4 2 1 1 
Jibs_PC#2445661941913456640 move all
Jibs_PC#2445661941913456640 attack 18 20
Jibs_PC#2445661941913456640 roll 3
Jibs_PC#2445661941913456640 roll 1
DICE 3 1 4 4 1 1 
Jibs_PC#2445661941913456640 move all
Jibs_PC#2445661941913456640 attack 20 21
Jibs_PC#2445661941913456640 roll 3
Jibs_PC#2445661941913456640 roll 1
DICE 3 1 5 1 0 0 
Jibs_PC#2445661941913456640 move all
Jibs_PC#2445661941913456640 attack 21 22
Jibs_PC#2445661941913456640 roll 3
Jibs_PC#2445661941913456640 roll 1
DICE 3 1 5 4 1 0 
Jibs_PC#2445661941913456640 move all
Jibs_PC#2445661941913456640 attack 22 24
Jibs_PC#2445661941913456640 roll 3
Jibs_PC#2445661941913456640 roll 1
DICE 3 1 5 3 2 2 
Jibs_PC#2445661941913456640 move all
Jibs_PC#2445661941913456640 attack 24 23
Jibs_PC#2445661941913456640 roll 3
Jibs_PC#2445661941913456640 roll 1
DICE 3 1 5 3 0 1 
Jibs_PC#2445661941913456640 attack 23 25
Jibs_PC#2445661941913456640 roll 2
Jibs_PC#2445661941913456640 roll 1
DICE 2 1 5 4 1 
Jibs_PC#2445661941913456640 attack 25 26
Jibs_PC#2445661941913456640 roll 1
Jibs_PC#2445661941913456640 roll 1
DICE 1 1 0 4 
Jibs_PC#2445661941913456640 endattack
Jibs_PC#2445661941913456640 nomove
CARD 19
Jibs_PC#2445661941913456640 trade 12 6 21
Jibs_PC#2445661941913456640 placearmies 11 1
Jibs_PC#2445661941913456640 placearmies 11 1
Jibs_PC#2445661941913456640 placearmies 11 1
Jibs_PC#2445661941913456640 placearmies 11 1
Jibs_PC#2445661941913456640 placearmies 11 1
Jibs_PC#2445661941913456640 placearmies 11 1
Jibs_PC#2445661941913456640 placearmies 11 1
Jibs_PC#2445661941913456640 placearmies 11 1
Jibs_PC#2445661941913456640 placearmies 11 1
Jibs_PC#2445661941913456640 placearmies 11 1
Jibs_PC#2445661941913456640 placearmies 11 1
Jibs_PC#2445661941913456640 placearmies 11 1
Jibs_PC#2445661941913456640 placearmies 11 1
Jibs_PC#2445661941913456640 attack 11 10
Jibs_PC#2445661941913456640 roll 3
Jibs_PC#2445661941913456640 roll 1
DICE 3 1 2 2 1 4 
Jibs_PC#2445661941913456640 roll 3
Jibs_PC#2445661941913456640 roll 1
DICE 3 1 4 2 2 1 
Jibs_PC#2445661941913456640 move all
Jibs_PC#2445661941913456640 attack 10 5
Jibs_PC#2445661941913456640 roll 3
Jibs_PC#2445661941913456640 roll 1
DICE 3 1 4 3 0 0 
Jibs_PC#2445661941913456640 move all
Jibs_PC#2445661941913456640 attack 5 4
Jibs_PC#2445661941913456640 roll 3
Jibs_PC#2445661941913456640 roll 1
DICE 3 1 4 2 2 4 
Jibs_PC#2445661941913456640 roll 3
Jibs_PC#2445661941913456640 roll 1
DICE 3 1 5 4 2 4 
Jibs_PC#2445661941913456640 move all
Jibs_PC#2445661941913456640 attack 4 3
Jibs_PC#2445661941913456640 roll 3
Jibs_PC#2445661941913456640 roll 1
DICE 3 1 2 0 0 1 
Jibs_PC#2445661941913456640 move all
Jibs_PC#2445661941913456640 attack 3 1
Jibs_PC#2445661941913456640 roll 3
Jibs_PC#2445661941913456640 roll 1
DICE 3 1 5 1 0 1 
Jibs_PC#2445661941913456640 move all
Jibs_PC#2445661941913456640 attack 1 2
Jibs_PC#2445661941913456640 roll 3
Jibs_PC#2445661941913456640 roll 1
DICE 3 1 5 4 2 3 
Jibs_PC#2445661941913456640 move all
Jibs_PC#2445661941913456640 attack 2 6
Jibs_PC#2445661941913456640 roll 3
Jibs_PC#2445661941913456640 roll 1
DICE 3 1 5 4 0 2 
Jibs_PC#2445661941913456640 move all
Jibs_PC#2445661941913456640 attack 6 8
Jibs_PC#2445661941913456640 roll 3
Jibs_PC#2445661941913456640 roll 1
DICE 3 1 5 2 1 0 
Jibs_PC#2445661941913456640 move all
Jibs_PC#2445661941913456640 attack 8 9
Jibs_PC#2445661941913456640 roll 3
Jibs_PC#2445661941913456640 roll 1
DICE 3 1 2 2 1 4 
Jibs_PC#2445661941913456640 roll 2
Jibs_PC#2445661941913456640 roll 1
DICE 2 1 4 0 4 
Jibs_PC#2445661941913456640 roll 1
Jibs_PC#2445661941913456640 roll 1
DICE 1 1 5 4 
Jibs_PC#2445661941913456640 endattack
Jibs_PC#2445661941913456640 nomove
CARD 18
Jibs_PC#2445661941913456640 trade 39 34 38
Jibs_PC#2445661941913456640 trade 27 33 16
Jibs_PC#2445661941913456640 placearmies 12 1
Jibs_PC#2445661941913456640 placearmies 12 1
Jibs_PC#2445661941913456640 placearmies 12 1
Jibs_PC#2445661941913456640 placearmies 12 1
Jibs_PC#2445661941913456640 placearmies 12 1
Jibs_PC#2445661941913456640 placearmies 12 1
Jibs_PC#2445661941913456640 placearmies 12 1
Jibs_PC#2445661941913456640 placearmies 12 1
Jibs_PC#2445661941913456640 placearmies 12 1
Jibs_PC#2445661941913456640 placearmies 12 1
Jibs_PC#2445661941913456640 placearmies 12 1
Jibs_PC#2445661941913456640 placearmies 12 1
Jibs_PC#2445661941913456640 placearmies 12 1
Jibs_PC#2445661941913456640 placearmies 12 1
Jibs_PC#2445661941913456640 placearmies 12 1
Jibs_PC#2445661941913456640 placearmies 12 1
Jibs_PC#2445661941913456640 placearmies 12 1
Jibs_PC#2445661941913456640 attack 12 21
Jibs_PC#2445661941913456640 retreat
Jibs_PC#2445661941913456640 attack 12 10
Jibs_PC#2445661941913456640 roll 3
Jibs_PC#2445661941913456640 roll 1
DICE 3 1 3 2 0 5 
Jibs_PC#2445661941913456640 roll 3
Jibs_PC#2445661941913456640 roll 1
DICE 3 1 3 1 0 1 
Jibs_PC#2445661941913456640 move all
Jibs_PC#2445661941913456640 attack 10 5
Jibs_PC#2445661941913456640 roll 3
Jibs_PC#2445661941913456640 roll 1
DICE 3 1 5 1 0 1 
Jibs_PC#2445661941913456640 move all
Jibs_PC#2445661941913456640 attack 5 4
Jibs_PC#2445661941913456640 roll 3
Jibs_PC#2445661941913456640 roll 1
DICE 3 1 5 2 1 3 
Jibs_PC#2445661941913456640 move all
Jibs_PC#2445661941913456640 attack 4 9
Jibs_PC#2445661941913456640 roll 3
Jibs_PC#2445661941913456640 roll 1
DICE 3 1 4 4 3 0 
Jibs_PC#2445661941913456640 move all
Jibs_PC#2445661941913456640 attack 9 8
Jibs_PC#2445661941913456640 roll 3
Jibs_PC#2445661941913456640 roll 1
DICE 3 1 2 0 0 4 
Jibs_PC#2445661941913456640 roll 3
Jibs_PC#2445661941913456640 roll 1
DICE 3 1 5 2 1 4 
Jibs_PC#2445661941913456640 move all
Jibs_PC#2445661941913456640 attack 8 7
Jibs_PC#2445661941913456640 roll 3
Jibs_PC#2445661941913456640 roll 1
DICE 3 1 3 2 1 1 
Jibs_PC#2445661941913456640 move all
Jibs_PC#2445661941913456640 attack 7 3
Jibs_PC#2445661941913456640 roll 3
Jibs_PC#2445661941913456640 roll 1
DICE 3 1 4 1 0 4 
Jibs_PC#2445661941913456640 roll 3
Jibs_PC#2445661941913456640 roll 1
DICE 3 1 4 1 0 4 
Jibs_PC#2445661941913456640 roll 3
Jibs_PC#2445661941913456640 roll 1
DICE 3 1 5 0 0 4 
Jibs_PC#2445661941913456640 move all
Jibs_PC#2445661941913456640 attack 3 1
Jibs_PC#2445661941913456640 roll 3
Jibs_PC#2445661941913456640 roll 1
DICE 3 1 4 4 3 3 
Jibs_PC#2445661941913456640 move all
Jibs_PC#2445661941913456640 attack 1 2
Jibs_PC#2445661941913456640 roll 3
Jibs_PC#2445661941913456640 roll 1
DICE 3 1 5 2 1 4 
Jibs_PC#2445661941913456640 move all
Jibs_PC#2445661941913456640 attack 2 6
Jibs_PC#2445661941913456640 roll 3
Jibs_PC#2445661941913456640 roll 1
DICE 3 1 3 2 1 2 
Jibs_PC#2445661941913456640 move all
Jibs_PC#2445661941913456640 endattack
Jibs_PC#2445661941913456640 nomove
CARD 14
Jibs_PC#2445661941913456640 trade 13 30 19
Jibs_PC#2445661941913456640 placearmies 25 1
Jibs_PC#2445661941913456640 placearmies 25 1
Jibs_PC#2445661941913456640 placearmies 25 1
Jibs_PC#2445661941913456640 placearmies 25 1
Jibs_PC#2445661941913456640 placearmies 25 1
Jibs_PC#2445661941913456640 placearmies 25 1
Jibs_PC#2445661941913456640 placearmies 25 1
Jibs_PC#2445661941913456640 placearmies 25 1
Jibs_PC#2445661941913456640 placearmies 25 1
Jibs_PC#2445661941913456640 placearmies 25 1
Jibs_PC#2445661941913456640 placearmies 25 1
Jibs_PC#2445661941913456640 placearmies 25 1
Jibs_PC#2445661941913456640 placearmies 25 1
Jibs_PC#2445661941913456640 placearmies 25 1
Jibs_PC#2445661941913456640 placearmies 25 1
Jibs_PC#2445661941913456640 placearmies 25 1
Jibs_PC#2445661941913456640 placearmies 25 1
Jibs_PC#2445661941913456640 placearmies 25 1
Jibs_PC#2445661941913456640 placearmies 25 1
Jibs_PC#2445661941913456640 placearmies 25 1
Jibs_PC#2445661941913456640 placearmies 25 1
Jibs_PC#2445661941913456640 placearmies 25 1
Jibs_PC#2445661941913456640 placearmies 25 1
Jibs_PC#2445661941913456640 placearmies 25 1
Jibs_PC#2445661941913456640 placearmies 25 1
Jibs_PC#2445661941913456640 placearmies 25 1
Jibs_PC#2445661941913456640 placearmies 25 1
Jibs_PC#2445661941913456640 attack 25 26
Jibs_PC#2445661941913456640 roll 3
Jibs_PC#2445661941913456640 roll 1
DICE 3 1 3 3 3 1 
Jibs_PC#2445661941913456640 move all
