Jibs_PC#4332038418826501120 newplayer ai hard green s0914007
Jibs_PC#4332038418826501120 newplayer ai hard blue bob
Jibs_PC#4332038418826501120 newplayer ai hard red fred
Jibs_PC#4332038418826501120 newplayer ai hard cyan ted
Jibs_PC#4332038418826501120 newplayer ai hard magenta yura
Jibs_PC#4332038418826501120 newplayer ai hard yellow lala
Jibs_PC#4332038418826501120 startgame mission fixed autoplaceall recycle
PLAYER fred
MISSION 5 0 0 2 1 0
PLACEALL 29 31 16 34 33 9 36 35 23 4 20 26 3 39 10 19 38 6 1 32 25 27 17 14 41 5 30 12 15 13 22 42 8 18 7 40 28 24 11 2 21 37
Jibs_PC#4332038418826501120 placearmies 41 1
CARD 
Jibs_PC#4332038418826501120 placearmies 39 1
CARD 
Jibs_PC#4332038418826501120 placearmies 11 1
CARD 
Jibs_PC#4332038418826501120 placearmies 34 1
CARD 
Jibs_PC#4332038418826501120 placearmies 7 1
CARD 
Jibs_PC#4332038418826501120 placearmies 13 1
CARD 
Jibs_PC#4332038418826501120 placearmies 41 1
CARD 
Jibs_PC#4332038418826501120 placearmies 39 1
CARD 
Jibs_PC#4332038418826501120 placearmies 11 1
CARD 
Jibs_PC#4332038418826501120 placearmies 34 1
CARD 
Jibs_PC#4332038418826501120 placearmies 7 1
CARD 
Jibs_PC#4332038418826501120 placearmies 13 1
CARD 
Jibs_PC#4332038418826501120 placearmies 41 1
CARD 
Jibs_PC#4332038418826501120 placearmies 39 1
CARD 
Jibs_PC#4332038418826501120 placearmies 11 1
CARD 
Jibs_PC#4332038418826501120 placearmies 19 1
CARD 
Jibs_PC#4332038418826501120 placearmies 7 1
CARD 
Jibs_PC#4332038418826501120 placearmies 13 1
CARD 
Jibs_PC#4332038418826501120 placearmies 41 1
CARD 
Jibs_PC#4332038418826501120 placearmies 39 1
CARD 
Jibs_PC#4332038418826501120 placearmies 11 1
CARD 
Jibs_PC#4332038418826501120 placearmies 19 1
CARD 
Jibs_PC#4332038418826501120 placearmies 7 1
CARD 
Jibs_PC#4332038418826501120 placearmies 13 1
CARD 
Jibs_PC#4332038418826501120 placearmies 41 1
CARD 
Jibs_PC#4332038418826501120 placearmies 39 1
CARD 
Jibs_PC#4332038418826501120 placearmies 11 1
CARD 
Jibs_PC#4332038418826501120 placearmies 19 1
CARD 
Jibs_PC#4332038418826501120 placearmies 7 1
CARD 
Jibs_PC#4332038418826501120 placearmies 13 1
CARD 
Jibs_PC#4332038418826501120 placearmies 41 1
CARD 
Jibs_PC#4332038418826501120 placearmies 39 1
CARD 
Jibs_PC#4332038418826501120 placearmies 11 1
CARD 
Jibs_PC#4332038418826501120 placearmies 19 1
CARD 
Jibs_PC#4332038418826501120 placearmies 7 1
CARD 
Jibs_PC#4332038418826501120 placearmies 13 1
CARD 
Jibs_PC#4332038418826501120 placearmies 41 1
CARD 
Jibs_PC#4332038418826501120 placearmies 39 1
CARD 
Jibs_PC#4332038418826501120 placearmies 11 1
CARD 
Jibs_PC#4332038418826501120 placearmies 19 1
CARD 
Jibs_PC#4332038418826501120 placearmies 7 1
CARD 
Jibs_PC#4332038418826501120 placearmies 13 1
CARD 
Jibs_PC#4332038418826501120 placearmies 22 1
CARD 
Jibs_PC#4332038418826501120 placearmies 39 1
CARD 
Jibs_PC#4332038418826501120 placearmies 11 1
CARD 
Jibs_PC#4332038418826501120 placearmies 19 1
CARD 
Jibs_PC#4332038418826501120 placearmies 7 1
CARD 
Jibs_PC#4332038418826501120 placearmies 37 1
CARD 
Jibs_PC#4332038418826501120 placearmies 22 1
CARD 
Jibs_PC#4332038418826501120 placearmies 39 1
CARD 
Jibs_PC#4332038418826501120 placearmies 11 1
CARD 
Jibs_PC#4332038418826501120 placearmies 19 1
CARD 
Jibs_PC#4332038418826501120 placearmies 7 1
CARD 
Jibs_PC#4332038418826501120 placearmies 37 1
CARD 
Jibs_PC#4332038418826501120 placearmies 22 1
CARD 
Jibs_PC#4332038418826501120 placearmies 39 1
CARD 
Jibs_PC#4332038418826501120 placearmies 11 1
CARD 
Jibs_PC#4332038418826501120 placearmies 19 1
CARD 
Jibs_PC#4332038418826501120 placearmies 7 1
CARD 
Jibs_PC#4332038418826501120 placearmies 37 1
CARD 
Jibs_PC#4332038418826501120 placearmies 22 1
CARD 
Jibs_PC#4332038418826501120 placearmies 39 1
CARD 
Jibs_PC#4332038418826501120 placearmies 11 1
CARD 
Jibs_PC#4332038418826501120 placearmies 19 1
CARD 
Jibs_PC#4332038418826501120 placearmies 7 1
CARD 
Jibs_PC#4332038418826501120 placearmies 37 1
CARD 
Jibs_PC#4332038418826501120 placearmies 22 1
CARD 
Jibs_PC#4332038418826501120 placearmies 39 1
CARD 
Jibs_PC#4332038418826501120 placearmies 11 1
CARD 
Jibs_PC#4332038418826501120 placearmies 19 1
CARD 
Jibs_PC#4332038418826501120 placearmies 7 1
CARD 
Jibs_PC#4332038418826501120 placearmies 13 1
CARD 
Jibs_PC#4332038418826501120 placearmies 22 1
CARD 
Jibs_PC#4332038418826501120 placearmies 39 1
CARD 
Jibs_PC#4332038418826501120 placearmies 11 1
CARD 
Jibs_PC#4332038418826501120 placearmies 19 1
CARD 
Jibs_PC#4332038418826501120 placearmies 7 1
CARD 
Jibs_PC#4332038418826501120 placearmies 13 1
CARD 
Jibs_PC#4332038418826501120 placearmies 22 3
Jibs_PC#4332038418826501120 attack 41 40
Jibs_PC#4332038418826501120 roll 3
Jibs_PC#4332038418826501120 roll 1
DICE 3 1 5 3 1 3 
Jibs_PC#4332038418826501120 move 7
Jibs_PC#4332038418826501120 attack 22 21
Jibs_PC#4332038418826501120 roll 3
Jibs_PC#4332038418826501120 roll 1
DICE 3 1 4 3 2 0 
Jibs_PC#4332038418826501120 move 9
Jibs_PC#4332038418826501120 attack 21 23
Jibs_PC#4332038418826501120 roll 3
Jibs_PC#4332038418826501120 roll 1
DICE 3 1 2 0 0 4 
Jibs_PC#4332038418826501120 roll 3
Jibs_PC#4332038418826501120 roll 1
DICE 3 1 2 1 0 1 
Jibs_PC#4332038418826501120 move 7
Jibs_PC#4332038418826501120 attack 23 24
Jibs_PC#4332038418826501120 roll 3
Jibs_PC#4332038418826501120 roll 1
DICE 3 1 5 3 0 5 
Jibs_PC#4332038418826501120 roll 3
Jibs_PC#4332038418826501120 roll 1
DICE 3 1 5 3 1 2 
Jibs_PC#4332038418826501120 move 5
Jibs_PC#4332038418826501120 attack 24 25
Jibs_PC#4332038418826501120 roll 3
Jibs_PC#4332038418826501120 roll 1
DICE 3 1 4 4 1 1 
Jibs_PC#4332038418826501120 move 4
Jibs_PC#4332038418826501120 attack 25 26
Jibs_PC#4332038418826501120 roll 3
Jibs_PC#4332038418826501120 roll 1
DICE 3 1 5 4 2 5 
Jibs_PC#4332038418826501120 roll 2
Jibs_PC#4332038418826501120 roll 1
DICE 2 1 5 0 5 
Jibs_PC#4332038418826501120 retreat
Jibs_PC#4332038418826501120 endattack
Jibs_PC#4332038418826501120 nomove
CARD 15
Jibs_PC#4332038418826501120 placearmies 39 3
Jibs_PC#4332038418826501120 attack 39 40
Jibs_PC#4332038418826501120 roll 3
Jibs_PC#4332038418826501120 roll 2
DICE 3 2 4 4 4 3 1 
Jibs_PC#4332038418826501120 roll 3
Jibs_PC#4332038418826501120 roll 2
DICE 3 2 4 2 1 5 4 
Jibs_PC#4332038418826501120 roll 3
Jibs_PC#4332038418826501120 roll 2
DICE 3 2 4 1 0 5 2 
Jibs_PC#4332038418826501120 roll 3
Jibs_PC#4332038418826501120 roll 2
DICE 3 2 5 3 0 1 0 
Jibs_PC#4332038418826501120 roll 3
Jibs_PC#4332038418826501120 roll 2
DICE 3 2 5 4 2 2 0 
Jibs_PC#4332038418826501120 roll 3
Jibs_PC#4332038418826501120 roll 1
DICE 3 1 5 0 0 2 
Jibs_PC#4332038418826501120 move 5
Jibs_PC#4332038418826501120 attack 39 41
Jibs_PC#4332038418826501120 roll 3
Jibs_PC#4332038418826501120 roll 1
DICE 3 1 4 2 2 4 
Jibs_PC#4332038418826501120 roll 3
Jibs_PC#4332038418826501120 roll 1
DICE 3 1 3 0 0 0 
Jibs_PC#4332038418826501120 move 3
Jibs_PC#4332038418826501120 endattack
Jibs_PC#4332038418826501120 movearmies 41 39 2
CARD 21
Jibs_PC#4332038418826501120 placearmies 11 3
Jibs_PC#4332038418826501120 attack 11 13
Jibs_PC#4332038418826501120 roll 3
Jibs_PC#4332038418826501120 roll 2
DICE 3 2 2 2 0 4 2 
Jibs_PC#4332038418826501120 roll 3
Jibs_PC#4332038418826501120 roll 2
DICE 3 2 5 2 2 2 1 
Jibs_PC#4332038418826501120 roll 3
Jibs_PC#4332038418826501120 roll 2
DICE 3 2 5 2 0 3 2 
Jibs_PC#4332038418826501120 roll 3
Jibs_PC#4332038418826501120 roll 2
DICE 3 2 5 0 0 1 0 
Jibs_PC#4332038418826501120 roll 3
Jibs_PC#4332038418826501120 roll 2
DICE 3 2 5 4 2 1 1 
Jibs_PC#4332038418826501120 roll 3
Jibs_PC#4332038418826501120 roll 2
DICE 3 2 3 3 0 5 3 
Jibs_PC#4332038418826501120 roll 3
Jibs_PC#4332038418826501120 roll 2
DICE 3 2 3 2 1 2 0 
Jibs_PC#4332038418826501120 roll 3
Jibs_PC#4332038418826501120 roll 2
DICE 3 2 5 4 2 4 0 
Jibs_PC#4332038418826501120 move 10
Jibs_PC#4332038418826501120 attack 13 12
Jibs_PC#4332038418826501120 roll 3
Jibs_PC#4332038418826501120 roll 1
DICE 3 1 5 3 2 4 
Jibs_PC#4332038418826501120 move 9
Jibs_PC#4332038418826501120 endattack
Jibs_PC#4332038418826501120 movearmies 12 10 3
CARD 39
Jibs_PC#4332038418826501120 placearmies 19 2
Jibs_PC#4332038418826501120 placearmies 19 1
Jibs_PC#4332038418826501120 attack 19 21
Jibs_PC#4332038418826501120 roll 3
Jibs_PC#4332038418826501120 roll 1
DICE 3 1 3 2 0 0 
Jibs_PC#4332038418826501120 move 14
Jibs_PC#4332038418826501120 attack 21 22
Jibs_PC#4332038418826501120 roll 3
Jibs_PC#4332038418826501120 roll 1
DICE 3 1 4 1 0 4 
Jibs_PC#4332038418826501120 roll 3
Jibs_PC#4332038418826501120 roll 1
DICE 3 1 5 3 3 5 
Jibs_PC#4332038418826501120 roll 3
Jibs_PC#4332038418826501120 roll 1
DICE 3 1 5 1 0 5 
Jibs_PC#4332038418826501120 roll 3
Jibs_PC#4332038418826501120 roll 1
DICE 3 1 2 2 1 3 
Jibs_PC#4332038418826501120 roll 3
Jibs_PC#4332038418826501120 roll 1
DICE 3 1 1 1 1 5 
Jibs_PC#4332038418826501120 retreat
Jibs_PC#4332038418826501120 attack 21 12
Jibs_PC#4332038418826501120 roll 3
Jibs_PC#4332038418826501120 roll 2
DICE 3 2 5 5 4 3 1 
Jibs_PC#4332038418826501120 roll 3
Jibs_PC#4332038418826501120 roll 2
DICE 3 2 3 3 0 4 0 
Jibs_PC#4332038418826501120 retreat
Jibs_PC#4332038418826501120 attack 21 24
Jibs_PC#4332038418826501120 roll 3
Jibs_PC#4332038418826501120 roll 1
DICE 3 1 5 4 1 4 
Jibs_PC#4332038418826501120 move 7
Jibs_PC#4332038418826501120 attack 24 22
Jibs_PC#4332038418826501120 roll 3
Jibs_PC#4332038418826501120 roll 1
DICE 3 1 2 1 0 0 
Jibs_PC#4332038418826501120 move 6
Jibs_PC#4332038418826501120 attack 22 20
Jibs_PC#4332038418826501120 roll 3
Jibs_PC#4332038418826501120 roll 1
DICE 3 1 4 4 3 5 
Jibs_PC#4332038418826501120 roll 3
Jibs_PC#4332038418826501120 roll 1
DICE 3 1 2 2 2 4 
Jibs_PC#4332038418826501120 retreat
Jibs_PC#4332038418826501120 endattack
Jibs_PC#4332038418826501120 nomove
CARD 20
Jibs_PC#4332038418826501120 placearmies 7 3
Jibs_PC#4332038418826501120 attack 7 9
Jibs_PC#4332038418826501120 roll 3
Jibs_PC#4332038418826501120 roll 1
DICE 3 1 5 5 0 2 
Jibs_PC#4332038418826501120 move 16
Jibs_PC#4332038418826501120 attack 9 8
Jibs_PC#4332038418826501120 roll 3
Jibs_PC#4332038418826501120 roll 1
DICE 3 1 5 5 4 5 
Jibs_PC#4332038418826501120 roll 3
Jibs_PC#4332038418826501120 roll 1
DICE 3 1 5 3 1 1 
Jibs_PC#4332038418826501120 move 14
Jibs_PC#4332038418826501120 attack 8 6
Jibs_PC#4332038418826501120 roll 3
Jibs_PC#4332038418826501120 roll 1
DICE 3 1 4 4 0 3 
Jibs_PC#4332038418826501120 move 13
Jibs_PC#4332038418826501120 attack 6 2
Jibs_PC#4332038418826501120 roll 3
Jibs_PC#4332038418826501120 roll 1
DICE 3 1 4 3 0 1 
Jibs_PC#4332038418826501120 move 12
Jibs_PC#4332038418826501120 attack 2 1
Jibs_PC#4332038418826501120 roll 3
Jibs_PC#4332038418826501120 roll 1
DICE 3 1 3 1 1 1 
Jibs_PC#4332038418826501120 move 11
Jibs_PC#4332038418826501120 attack 1 3
Jibs_PC#4332038418826501120 roll 3
Jibs_PC#4332038418826501120 roll 1
DICE 3 1 4 3 0 2 
Jibs_PC#4332038418826501120 move 10
Jibs_PC#4332038418826501120 attack 3 4
Jibs_PC#4332038418826501120 roll 3
Jibs_PC#4332038418826501120 roll 1
DICE 3 1 5 4 1 4 
Jibs_PC#4332038418826501120 move 9
Jibs_PC#4332038418826501120 attack 4 5
Jibs_PC#4332038418826501120 roll 3
Jibs_PC#4332038418826501120 roll 1
DICE 3 1 4 3 0 3 
Jibs_PC#4332038418826501120 move 8
Jibs_PC#4332038418826501120 attack 5 10
Jibs_PC#4332038418826501120 roll 3
Jibs_PC#4332038418826501120 roll 2
DICE 3 2 5 1 1 4 2 
Jibs_PC#4332038418826501120 roll 3
Jibs_PC#4332038418826501120 roll 2
DICE 3 2 5 5 3 5 1 
Jibs_PC#4332038418826501120 roll 3
Jibs_PC#4332038418826501120 roll 2
DICE 3 2 5 5 4 4 1 
Jibs_PC#4332038418826501120 move 5
Jibs_PC#4332038418826501120 attack 10 11
Jibs_PC#4332038418826501120 roll 3
Jibs_PC#4332038418826501120 roll 1
DICE 3 1 5 4 4 3 
Jibs_PC#4332038418826501120 move 3
Jibs_PC#4332038418826501120 attack 11 13
Jibs_PC#4332038418826501120 roll 2
Jibs_PC#4332038418826501120 roll 1
DICE 2 1 5 4 1 
Jibs_PC#4332038418826501120 endattack
Jibs_PC#4332038418826501120 nomove
CARD 17
Jibs_PC#4332038418826501120 placearmies 14 3
Jibs_PC#4332038418826501120 attack 14 6
Jibs_PC#4332038418826501120 roll 3
Jibs_PC#4332038418826501120 roll 1
DICE 3 1 5 4 1 0 
Jibs_PC#4332038418826501120 attack 37 38
Jibs_PC#4332038418826501120 roll 3
Jibs_PC#4332038418826501120 roll 1
DICE 3 1 4 3 1 5 
Jibs_PC#4332038418826501120 roll 3
Jibs_PC#4332038418826501120 roll 1
DICE 3 1 5 5 0 4 
Jibs_PC#4332038418826501120 endattack
Jibs_PC#4332038418826501120 nomove
CARD 19
Jibs_PC#4332038418826501120 placearmies 25 2
Jibs_PC#4332038418826501120 placearmies 25 1
Jibs_PC#4332038418826501120 attack 25 24
Jibs_PC#4332038418826501120 roll 3
Jibs_PC#4332038418826501120 roll 1
DICE 3 1 3 3 2 0 
Jibs_PC#4332038418826501120 move 4
Jibs_PC#4332038418826501120 endattack
Jibs_PC#4332038418826501120 nomove
CARD 4
Jibs_PC#4332038418826501120 placearmies 39 5
Jibs_PC#4332038418826501120 attack 39 33
Jibs_PC#4332038418826501120 roll 3
Jibs_PC#4332038418826501120 roll 1
DICE 3 1 4 3 1 4 
Jibs_PC#4332038418826501120 roll 3
Jibs_PC#4332038418826501120 roll 1
DICE 3 1 3 2 1 1 
Jibs_PC#4332038418826501120 move 9
Jibs_PC#4332038418826501120 attack 33 29
Jibs_PC#4332038418826501120 roll 3
Jibs_PC#4332038418826501120 roll 1
DICE 3 1 3 0 0 1 
Jibs_PC#4332038418826501120 move 8
Jibs_PC#4332038418826501120 attack 29 36
Jibs_PC#4332038418826501120 roll 3
Jibs_PC#4332038418826501120 roll 1
DICE 3 1 4 3 2 4 
Jibs_PC#4332038418826501120 roll 3
Jibs_PC#4332038418826501120 roll 1
DICE 3 1 4 4 1 1 
Jibs_PC#4332038418826501120 move 5
Jibs_PC#4332038418826501120 attack 36 37
Jibs_PC#4332038418826501120 roll 3
Jibs_PC#4332038418826501120 roll 1
DICE 3 1 4 0 0 1 
Jibs_PC#4332038418826501120 move 4
Jibs_PC#4332038418826501120 endattack
Jibs_PC#4332038418826501120 movearmies 40 39 3
CARD 1
Jibs_PC#4332038418826501120 placearmies 12 1
Jibs_PC#4332038418826501120 placearmies 12 1
Jibs_PC#4332038418826501120 placearmies 12 1
Jibs_PC#4332038418826501120 attack 12 10
Jibs_PC#4332038418826501120 roll 3
Jibs_PC#4332038418826501120 roll 2
DICE 3 2 5 3 2 1 0 
Jibs_PC#4332038418826501120 move 5
Jibs_PC#4332038418826501120 attack 10 11
Jibs_PC#4332038418826501120 roll 3
Jibs_PC#4332038418826501120 roll 1
DICE 3 1 4 3 0 0 
Jibs_PC#4332038418826501120 move 4
Jibs_PC#4332038418826501120 attack 11 13
Jibs_PC#4332038418826501120 roll 3
Jibs_PC#4332038418826501120 roll 2
DICE 3 2 4 3 2 5 0 
Jibs_PC#4332038418826501120 roll 2
Jibs_PC#4332038418826501120 roll 1
DICE 2 1 5 0 4 
Jibs_PC#4332038418826501120 endattack
Jibs_PC#4332038418826501120 movearmies 13 12 1
CARD 23
Jibs_PC#4332038418826501120 placearmies 22 3
Jibs_PC#4332038418826501120 attack 22 20
Jibs_PC#4332038418826501120 roll 3
Jibs_PC#4332038418826501120 roll 1
DICE 3 1 3 2 0 2 
Jibs_PC#4332038418826501120 move 6
Jibs_PC#4332038418826501120 attack 20 16
Jibs_PC#4332038418826501120 roll 3
Jibs_PC#4332038418826501120 roll 1
DICE 3 1 5 5 3 2 
Jibs_PC#4332038418826501120 move 5
Jibs_PC#4332038418826501120 attack 16 15
Jibs_PC#4332038418826501120 roll 3
Jibs_PC#4332038418826501120 roll 1
DICE 3 1 1 1 0 2 
Jibs_PC#4332038418826501120 roll 3
Jibs_PC#4332038418826501120 roll 1
DICE 3 1 5 3 1 4 
Jibs_PC#4332038418826501120 attack 15 17
Jibs_PC#4332038418826501120 roll 2
Jibs_PC#4332038418826501120 roll 1
DICE 2 1 2 2 3 
Jibs_PC#4332038418826501120 retreat
Jibs_PC#4332038418826501120 endattack
Jibs_PC#4332038418826501120 nomove
CARD 32
Jibs_PC#4332038418826501120 placearmies 5 3
Jibs_PC#4332038418826501120 endattack
Jibs_PC#4332038418826501120 nomove
CARD 
Jibs_PC#4332038418826501120 placearmies 38 1
Jibs_PC#4332038418826501120 placearmies 6 1
Jibs_PC#4332038418826501120 placearmies 6 1
Jibs_PC#4332038418826501120 attack 38 1
Jibs_PC#4332038418826501120 roll 3
Jibs_PC#4332038418826501120 roll 1
DICE 3 1 5 3 1 2 
Jibs_PC#4332038418826501120 endattack
Jibs_PC#4332038418826501120 nomove
CARD 3
Jibs_PC#4332038418826501120 placearmies 24 1
Jibs_PC#4332038418826501120 placearmies 24 1
Jibs_PC#4332038418826501120 placearmies 24 1
Jibs_PC#4332038418826501120 attack 24 21
Jibs_PC#4332038418826501120 roll 3
Jibs_PC#4332038418826501120 roll 1
DICE 3 1 3 0 0 4 
Jibs_PC#4332038418826501120 roll 3
Jibs_PC#4332038418826501120 roll 1
DICE 3 1 4 2 0 2 
Jibs_PC#4332038418826501120 move 5
Jibs_PC#4332038418826501120 attack 21 22
Jibs_PC#4332038418826501120 roll 3
Jibs_PC#4332038418826501120 roll 1
DICE 3 1 4 0 0 5 
Jibs_PC#4332038418826501120 roll 3
Jibs_PC#4332038418826501120 roll 1
DICE 3 1 4 1 0 3 
Jibs_PC#4332038418826501120 endattack
Jibs_PC#4332038418826501120 nomove
CARD 5
Jibs_PC#4332038418826501120 placearmies 37 1
Jibs_PC#4332038418826501120 placearmies 32 1
Jibs_PC#4332038418826501120 placearmies 37 3
Jibs_PC#4332038418826501120 attack 37 38
Jibs_PC#4332038418826501120 roll 3
Jibs_PC#4332038418826501120 roll 1
DICE 3 1 3 2 1 4 
Jibs_PC#4332038418826501120 roll 3
Jibs_PC#4332038418826501120 roll 1
DICE 3 1 4 3 1 2 
Jibs_PC#4332038418826501120 move 6
Jibs_PC#4332038418826501120 attack 38 34
Jibs_PC#4332038418826501120 roll 3
Jibs_PC#4332038418826501120 roll 2
DICE 3 2 5 2 0 2 0 
Jibs_PC#4332038418826501120 roll 3
Jibs_PC#4332038418826501120 roll 1
DICE 3 1 3 3 0 0 
Jibs_PC#4332038418826501120 move 5
Jibs_PC#4332038418826501120 attack 34 27
Jibs_PC#4332038418826501120 roll 3
Jibs_PC#4332038418826501120 roll 1
DICE 3 1 5 2 0 2 
Jibs_PC#4332038418826501120 move 4
Jibs_PC#4332038418826501120 attack 27 28
Jibs_PC#4332038418826501120 roll 3
Jibs_PC#4332038418826501120 roll 1
DICE 3 1 5 2 0 3 
Jibs_PC#4332038418826501120 attack 28 30
Jibs_PC#4332038418826501120 roll 2
Jibs_PC#4332038418826501120 roll 1
DICE 2 1 2 0 0 
Jibs_PC#4332038418826501120 endattack
Jibs_PC#4332038418826501120 movearmies 32 30 1
CARD 2
Jibs_PC#4332038418826501120 placearmies 12 2
Jibs_PC#4332038418826501120 placearmies 10 1
Jibs_PC#4332038418826501120 placearmies 10 2
Jibs_PC#4332038418826501120 attack 12 21
Jibs_PC#4332038418826501120 roll 3
Jibs_PC#4332038418826501120 roll 1
DICE 3 1 4 3 1 2 
Jibs_PC#4332038418826501120 endattack
Jibs_PC#4332038418826501120 movearmies 21 12 2
CARD 13
Jibs_PC#4332038418826501120 placearmies 15 2
Jibs_PC#4332038418826501120 placearmies 15 1
Jibs_PC#4332038418826501120 attack 15 14
Jibs_PC#4332038418826501120 roll 3
Jibs_PC#4332038418826501120 roll 1
DICE 3 1 5 4 1 3 
Jibs_PC#4332038418826501120 move 4
Jibs_PC#4332038418826501120 attack 14 17
Jibs_PC#4332038418826501120 roll 3
Jibs_PC#4332038418826501120 roll 1
DICE 3 1 4 0 0 2 
Jibs_PC#4332038418826501120 endattack
Jibs_PC#4332038418826501120 movearmies 17 19 2
CARD 27
Jibs_PC#4332038418826501120 placearmies 5 3
Jibs_PC#4332038418826501120 endattack
Jibs_PC#4332038418826501120 nomove
CARD 
Jibs_PC#4332038418826501120 placearmies 1 2
Jibs_PC#4332038418826501120 placearmies 6 1
Jibs_PC#4332038418826501120 attack 1 38
Jibs_PC#4332038418826501120 roll 3
Jibs_PC#4332038418826501120 roll 1
DICE 3 1 5 2 1 2 
Jibs_PC#4332038418826501120 move 4
Jibs_PC#4332038418826501120 endattack
Jibs_PC#4332038418826501120 nomove
CARD 28
Jibs_PC#4332038418826501120 trade 15 4 5
Jibs_PC#4332038418826501120 placearmies 22 1
Jibs_PC#4332038418826501120 placearmies 22 1
Jibs_PC#4332038418826501120 placearmies 22 10
Jibs_PC#4332038418826501120 placearmies 22 1
Jibs_PC#4332038418826501120 attack 22 31
Jibs_PC#4332038418826501120 roll 3
Jibs_PC#4332038418826501120 roll 1
DICE 3 1 4 0 0 2 
Jibs_PC#4332038418826501120 move 15
Jibs_PC#4332038418826501120 attack 31 32
Jibs_PC#4332038418826501120 roll 3
Jibs_PC#4332038418826501120 roll 1
DICE 3 1 5 2 0 4 
Jibs_PC#4332038418826501120 move 14
Jibs_PC#4332038418826501120 attack 32 33
Jibs_PC#4332038418826501120 roll 3
Jibs_PC#4332038418826501120 roll 1
DICE 3 1 5 4 3 2 
Jibs_PC#4332038418826501120 move 13
Jibs_PC#4332038418826501120 attack 33 39
Jibs_PC#4332038418826501120 roll 3
Jibs_PC#4332038418826501120 roll 2
DICE 3 2 4 4 3 3 0 
Jibs_PC#4332038418826501120 roll 3
Jibs_PC#4332038418826501120 roll 2
DICE 3 2 5 1 0 2 0 
Jibs_PC#4332038418826501120 move 12
Jibs_PC#4332038418826501120 attack 39 40
Jibs_PC#4332038418826501120 roll 3
Jibs_PC#4332038418826501120 roll 2
DICE 3 2 5 2 1 5 4 
Jibs_PC#4332038418826501120 roll 3
Jibs_PC#4332038418826501120 roll 2
DICE 3 2 3 1 0 5 1 
Jibs_PC#4332038418826501120 roll 3
Jibs_PC#4332038418826501120 roll 2
DICE 3 2 2 2 0 5 3 
Jibs_PC#4332038418826501120 roll 3
Jibs_PC#4332038418826501120 roll 2
DICE 3 2 3 3 1 3 0 
Jibs_PC#4332038418826501120 roll 3
Jibs_PC#4332038418826501120 roll 1
DICE 3 1 3 2 1 2 
Jibs_PC#4332038418826501120 move 4
Jibs_PC#4332038418826501120 attack 40 41
Jibs_PC#4332038418826501120 roll 3
Jibs_PC#4332038418826501120 roll 1
DICE 3 1 3 1 0 5 
Jibs_PC#4332038418826501120 roll 2
Jibs_PC#4332038418826501120 roll 1
DICE 2 1 5 2 2 
Jibs_PC#4332038418826501120 endattack
Jibs_PC#4332038418826501120 nomove
CARD 22
Jibs_PC#4332038418826501120 placearmies 30 1
Jibs_PC#4332038418826501120 placearmies 30 1
Jibs_PC#4332038418826501120 placearmies 34 1
Jibs_PC#4332038418826501120 attack 30 16
Jibs_PC#4332038418826501120 roll 3
Jibs_PC#4332038418826501120 roll 1
DICE 3 1 5 4 1 4 
Jibs_PC#4332038418826501120 move 4
Jibs_PC#4332038418826501120 attack 16 31
Jibs_PC#4332038418826501120 roll 3
Jibs_PC#4332038418826501120 roll 1
DICE 3 1 4 2 1 5 
Jibs_PC#4332038418826501120 roll 2
Jibs_PC#4332038418826501120 roll 1
DICE 2 1 3 0 2 
Jibs_PC#4332038418826501120 endattack
Jibs_PC#4332038418826501120 nomove
CARD 33
Jibs_PC#4332038418826501120 placearmies 21 3
Jibs_PC#4332038418826501120 placearmies 10 2
Jibs_PC#4332038418826501120 attack 21 22
Jibs_PC#4332038418826501120 roll 3
Jibs_PC#4332038418826501120 roll 1
DICE 3 1 5 3 2 4 
Jibs_PC#4332038418826501120 endattack
Jibs_PC#4332038418826501120 movearmies 22 21 2
CARD 29
Jibs_PC#4332038418826501120 trade 20 32 27
Jibs_PC#4332038418826501120 placearmies 20 1
Jibs_PC#4332038418826501120 placearmies 20 11
Jibs_PC#4332038418826501120 placearmies 20 1
Jibs_PC#4332038418826501120 attack 20 21
Jibs_PC#4332038418826501120 roll 3
Jibs_PC#4332038418826501120 roll 2
DICE 3 2 1 1 1 4 1 
Jibs_PC#4332038418826501120 roll 3
Jibs_PC#4332038418826501120 roll 2
DICE 3 2 2 2 1 3 1 
Jibs_PC#4332038418826501120 roll 3
Jibs_PC#4332038418826501120 roll 2
DICE 3 2 1 0 0 4 1 
Jibs_PC#4332038418826501120 roll 3
Jibs_PC#4332038418826501120 roll 2
DICE 3 2 2 2 0 5 3 
Jibs_PC#4332038418826501120 roll 3
Jibs_PC#4332038418826501120 roll 2
DICE 3 2 5 4 1 2 0 
Jibs_PC#4332038418826501120 move 8
Jibs_PC#4332038418826501120 attack 21 22
Jibs_PC#4332038418826501120 roll 3
Jibs_PC#4332038418826501120 roll 1
DICE 3 1 2 2 0 0 
Jibs_PC#4332038418826501120 move 7
Jibs_PC#4332038418826501120 attack 22 24
Jibs_PC#4332038418826501120 roll 3
Jibs_PC#4332038418826501120 roll 1
DICE 3 1 3 1 1 4 
Jibs_PC#4332038418826501120 roll 3
Jibs_PC#4332038418826501120 roll 1
DICE 3 1 2 2 0 3 
Jibs_PC#4332038418826501120 roll 3
Jibs_PC#4332038418826501120 roll 1
DICE 3 1 4 2 2 1 
Jibs_PC#4332038418826501120 move 4
Jibs_PC#4332038418826501120 attack 24 23
Jibs_PC#4332038418826501120 roll 3
Jibs_PC#4332038418826501120 roll 1
DICE 3 1 3 1 1 0 
Jibs_PC#4332038418826501120 attack 23 25
Jibs_PC#4332038418826501120 roll 2
Jibs_PC#4332038418826501120 roll 1
DICE 2 1 2 0 4 
Jibs_PC#4332038418826501120 retreat
Jibs_PC#4332038418826501120 endattack
Jibs_PC#4332038418826501120 movearmies 19 21 2
CARD 25
Jibs_PC#4332038418826501120 placearmies 2 3
Jibs_PC#4332038418826501120 attack 2 1
Jibs_PC#4332038418826501120 roll 3
Jibs_PC#4332038418826501120 roll 1
DICE 3 1 4 3 2 5 
Jibs_PC#4332038418826501120 roll 2
Jibs_PC#4332038418826501120 roll 1
DICE 2 1 4 2 3 
Jibs_PC#4332038418826501120 attack 5 10
Jibs_PC#4332038418826501120 roll 3
Jibs_PC#4332038418826501120 roll 2
DICE 3 2 4 4 1 4 3 
Jibs_PC#4332038418826501120 roll 3
Jibs_PC#4332038418826501120 roll 2
DICE 3 2 4 4 3 5 0 
Jibs_PC#4332038418826501120 retreat
Jibs_PC#4332038418826501120 endattack
Jibs_PC#4332038418826501120 nomove
CARD 35
Jibs_PC#4332038418826501120 placearmies 6 2
Jibs_PC#4332038418826501120 placearmies 6 1
Jibs_PC#4332038418826501120 attack 6 14
Jibs_PC#4332038418826501120 roll 3
Jibs_PC#4332038418826501120 roll 1
DICE 3 1 5 5 4 0 
Jibs_PC#4332038418826501120 move 8
Jibs_PC#4332038418826501120 attack 14 15
Jibs_PC#4332038418826501120 roll 3
Jibs_PC#4332038418826501120 roll 1
DICE 3 1 1 1 0 5 
Jibs_PC#4332038418826501120 roll 3
Jibs_PC#4332038418826501120 roll 1
DICE 3 1 1 1 1 5 
Jibs_PC#4332038418826501120 roll 3
Jibs_PC#4332038418826501120 roll 1
DICE 3 1 4 3 0 5 
Jibs_PC#4332038418826501120 roll 3
Jibs_PC#4332038418826501120 roll 1
DICE 3 1 4 3 0 2 
Jibs_PC#4332038418826501120 move 4
Jibs_PC#4332038418826501120 endattack
Jibs_PC#4332038418826501120 nomove
CARD 41
Jibs_PC#4332038418826501120 placearmies 41 2
Jibs_PC#4332038418826501120 placearmies 41 1
Jibs_PC#4332038418826501120 attack 41 42
Jibs_PC#4332038418826501120 roll 3
Jibs_PC#4332038418826501120 roll 1
DICE 3 1 2 1 1 1 
Jibs_PC#4332038418826501120 move 3
Jibs_PC#4332038418826501120 endattack
Jibs_PC#4332038418826501120 movearmies 42 40 1
CARD 7
Jibs_PC#4332038418826501120 placearmies 31 2
Jibs_PC#4332038418826501120 placearmies 31 1
Jibs_PC#4332038418826501120 attack 31 32
Jibs_PC#4332038418826501120 roll 3
Jibs_PC#4332038418826501120 roll 1
DICE 3 1 4 3 1 0 
Jibs_PC#4332038418826501120 move 4
Jibs_PC#4332038418826501120 attack 32 33
Jibs_PC#4332038418826501120 roll 3
Jibs_PC#4332038418826501120 roll 1
DICE 3 1 5 0 0 0 
Jibs_PC#4332038418826501120 endattack
Jibs_PC#4332038418826501120 movearmies 29 36 1
CARD 34
Jibs_PC#4332038418826501120 trade 39 23 29
Jibs_PC#4332038418826501120 placearmies 12 4
Jibs_PC#4332038418826501120 placearmies 10 1
Jibs_PC#4332038418826501120 placearmies 12 6
Jibs_PC#4332038418826501120 attack 12 21
Jibs_PC#4332038418826501120 roll 3
Jibs_PC#4332038418826501120 roll 2
DICE 3 2 2 2 1 5 1 
Jibs_PC#4332038418826501120 roll 3
Jibs_PC#4332038418826501120 roll 2
DICE 3 2 2 1 1 5 2 
Jibs_PC#4332038418826501120 roll 3
Jibs_PC#4332038418826501120 roll 2
DICE 3 2 3 2 1 3 2 
Jibs_PC#4332038418826501120 roll 3
Jibs_PC#4332038418826501120 roll 2
DICE 3 2 5 3 1 4 2 
Jibs_PC#4332038418826501120 move 7
Jibs_PC#4332038418826501120 attack 21 22
Jibs_PC#4332038418826501120 roll 3
Jibs_PC#4332038418826501120 roll 1
DICE 3 1 5 4 1 3 
Jibs_PC#4332038418826501120 move 5
Jibs_PC#4332038418826501120 attack 22 24
Jibs_PC#4332038418826501120 roll 3
Jibs_PC#4332038418826501120 roll 1
DICE 3 1 4 2 1 4 
Jibs_PC#4332038418826501120 roll 3
Jibs_PC#4332038418826501120 roll 1
DICE 3 1 4 4 3 3 
Jibs_PC#4332038418826501120 attack 24 25
Jibs_PC#4332038418826501120 roll 2
Jibs_PC#4332038418826501120 roll 1
DICE 2 1 2 1 1 
Jibs_PC#4332038418826501120 endattack
Jibs_PC#4332038418826501120 nomove
CARD 24
Jibs_PC#4332038418826501120 placearmies 23 2
Jibs_PC#4332038418826501120 placearmies 23 1
Jibs_PC#4332038418826501120 attack 23 21
Jibs_PC#4332038418826501120 roll 3
Jibs_PC#4332038418826501120 roll 2
DICE 3 2 5 2 1 4 1 
Jibs_PC#4332038418826501120 move 4
Jibs_PC#4332038418826501120 endattack
Jibs_PC#4332038418826501120 movearmies 21 19 3
CARD 6
Jibs_PC#4332038418826501120 placearmies 7 3
Jibs_PC#4332038418826501120 attack 7 6
Jibs_PC#4332038418826501120 roll 3
Jibs_PC#4332038418826501120 roll 1
DICE 3 1 4 3 2 4 
Jibs_PC#4332038418826501120 roll 2
Jibs_PC#4332038418826501120 roll 1
DICE 2 1 4 0 1 
Jibs_PC#4332038418826501120 attack 5 10
Jibs_PC#4332038418826501120 roll 3
Jibs_PC#4332038418826501120 roll 2
DICE 3 2 5 1 0 0 0 
Jibs_PC#4332038418826501120 roll 3
Jibs_PC#4332038418826501120 roll 2
DICE 3 2 5 3 2 2 2 
Jibs_PC#4332038418826501120 roll 3
Jibs_PC#4332038418826501120 roll 1
DICE 3 1 1 1 0 3 
Jibs_PC#4332038418826501120 roll 3
Jibs_PC#4332038418826501120 roll 1
DICE 3 1 3 1 0 3 
Jibs_PC#4332038418826501120 roll 2
Jibs_PC#4332038418826501120 roll 1
DICE 2 1 4 3 1 
Jibs_PC#4332038418826501120 endattack
Jibs_PC#4332038418826501120 nomove
CARD wildcard
Jibs_PC#4332038418826501120 trade 19 28 41
Jibs_PC#4332038418826501120 placearmies 26 13
Jibs_PC#4332038418826501120 attack 38 34
Jibs_PC#4332038418826501120 roll 3
Jibs_PC#4332038418826501120 roll 2
DICE 3 2 2 1 0 1 0 
Jibs_PC#4332038418826501120 attack 26 25
Jibs_PC#4332038418826501120 roll 3
Jibs_PC#4332038418826501120 roll 2
DICE 3 2 2 1 1 5 4 
Jibs_PC#4332038418826501120 roll 3
Jibs_PC#4332038418826501120 roll 2
DICE 3 2 4 4 0 1 0 
Jibs_PC#4332038418826501120 move 11
Jibs_PC#4332038418826501120 attack 25 23
Jibs_PC#4332038418826501120 roll 3
Jibs_PC#4332038418826501120 roll 1
DICE 3 1 5 1 0 0 
Jibs_PC#4332038418826501120 move 10
Jibs_PC#4332038418826501120 attack 23 24
Jibs_PC#4332038418826501120 roll 3
Jibs_PC#4332038418826501120 roll 1
DICE 3 1 3 2 1 4 
Jibs_PC#4332038418826501120 roll 3
Jibs_PC#4332038418826501120 roll 1
DICE 3 1 1 1 0 2 
Jibs_PC#4332038418826501120 retreat
Jibs_PC#4332038418826501120 attack 23 24
Jibs_PC#4332038418826501120 roll 3
Jibs_PC#4332038418826501120 roll 1
DICE 3 1 3 1 0 0 
Jibs_PC#4332038418826501120 move 7
Jibs_PC#4332038418826501120 attack 24 21
Jibs_PC#4332038418826501120 roll 3
Jibs_PC#4332038418826501120 roll 1
DICE 3 1 4 4 3 3 
Jibs_PC#4332038418826501120 move 6
Jibs_PC#4332038418826501120 attack 21 12
Jibs_PC#4332038418826501120 roll 3
Jibs_PC#4332038418826501120 roll 1
DICE 3 1 5 5 5 5 
Jibs_PC#4332038418826501120 roll 3
Jibs_PC#4332038418826501120 roll 1
DICE 3 1 3 1 0 5 
Jibs_PC#4332038418826501120 retreat
Jibs_PC#4332038418826501120 attack 21 22
Jibs_PC#4332038418826501120 roll 3
Jibs_PC#4332038418826501120 roll 1
DICE 3 1 4 3 2 3 
Jibs_PC#4332038418826501120 endattack
Jibs_PC#4332038418826501120 nomove
CARD 36
Jibs_PC#4332038418826501120 placearmies 39 5
Jibs_PC#4332038418826501120 attack 39 33
Jibs_PC#4332038418826501120 roll 3
Jibs_PC#4332038418826501120 roll 2
DICE 3 2 1 0 0 5 4 
Jibs_PC#4332038418826501120 roll 3
Jibs_PC#4332038418826501120 roll 2
DICE 3 2 5 2 0 2 2 
Jibs_PC#4332038418826501120 retreat
Jibs_PC#4332038418826501120 attack 39 33
Jibs_PC#4332038418826501120 roll 2
Jibs_PC#4332038418826501120 roll 2
DICE 2 2 5 1 3 3 
Jibs_PC#4332038418826501120 retreat
Jibs_PC#4332038418826501120 endattack
Jibs_PC#4332038418826501120 movearmies 40 39 1
CARD 
Jibs_PC#4332038418826501120 trade 21 2 34
Jibs_PC#4332038418826501120 placearmies 33 11
Jibs_PC#4332038418826501120 placearmies 33 2
Jibs_PC#4332038418826501120 attack 33 39
Jibs_PC#4332038418826501120 roll 3
Jibs_PC#4332038418826501120 roll 2
DICE 3 2 3 3 2 1 1 
Jibs_PC#4332038418826501120 roll 3
Jibs_PC#4332038418826501120 roll 1
DICE 3 1 4 3 1 2 
Jibs_PC#4332038418826501120 move 13
Jibs_PC#4332038418826501120 attack 39 40
Jibs_PC#4332038418826501120 roll 3
Jibs_PC#4332038418826501120 roll 1
DICE 3 1 5 3 2 0 
Jibs_PC#4332038418826501120 move 11
Jibs_PC#4332038418826501120 attack 40 42
Jibs_PC#4332038418826501120 roll 3
Jibs_PC#4332038418826501120 roll 2
DICE 3 2 5 5 0 3 2 
Jibs_PC#4332038418826501120 move 6
Jibs_PC#4332038418826501120 attack 42 41
Jibs_PC#4332038418826501120 roll 3
Jibs_PC#4332038418826501120 roll 2
DICE 3 2 4 2 2 5 2 
Jibs_PC#4332038418826501120 roll 3
Jibs_PC#4332038418826501120 roll 2
DICE 3 2 4 1 0 5 0 
Jibs_PC#4332038418826501120 retreat
Jibs_PC#4332038418826501120 attack 40 41
Jibs_PC#4332038418826501120 roll 3
Jibs_PC#4332038418826501120 roll 1
DICE 3 1 3 3 1 3 
Jibs_PC#4332038418826501120 roll 3
Jibs_PC#4332038418826501120 roll 1
DICE 3 1 4 3 1 5 
Jibs_PC#4332038418826501120 roll 2
Jibs_PC#4332038418826501120 roll 1
DICE 2 1 4 4 4 
Jibs_PC#4332038418826501120 roll 1
Jibs_PC#4332038418826501120 roll 1
DICE 1 1 0 4 
Jibs_PC#4332038418826501120 attack 42 41
Jibs_PC#4332038418826501120 roll 2
Jibs_PC#4332038418826501120 roll 1
DICE 2 1 2 1 5 
Jibs_PC#4332038418826501120 roll 1
Jibs_PC#4332038418826501120 roll 1
DICE 1 1 1 2 
Jibs_PC#4332038418826501120 endattack
Jibs_PC#4332038418826501120 nomove
CARD 8
Jibs_PC#4332038418826501120 placearmies 12 3
Jibs_PC#4332038418826501120 attack 12 21
Jibs_PC#4332038418826501120 roll 3
Jibs_PC#4332038418826501120 roll 1
DICE 3 1 3 3 1 0 
Jibs_PC#4332038418826501120 endattack
Jibs_PC#4332038418826501120 nomove
CARD 18
Jibs_PC#4332038418826501120 placearmies 19 3
Jibs_PC#4332038418826501120 attack 19 21
Jibs_PC#4332038418826501120 roll 3
Jibs_PC#4332038418826501120 roll 2
DICE 3 2 5 3 1 4 1 
Jibs_PC#4332038418826501120 roll 3
Jibs_PC#4332038418826501120 roll 1
DICE 3 1 5 3 0 0 
Jibs_PC#4332038418826501120 move 6
Jibs_PC#4332038418826501120 attack 21 12
Jibs_PC#4332038418826501120 roll 3
Jibs_PC#4332038418826501120 roll 1
DICE 3 1 4 3 0 3 
Jibs_PC#4332038418826501120 move 5
Jibs_PC#4332038418826501120 attack 12 13
Jibs_PC#4332038418826501120 roll 3
Jibs_PC#4332038418826501120 roll 1
DICE 3 1 4 0 0 2 
Jibs_PC#4332038418826501120 move 4
Jibs_PC#4332038418826501120 attack 13 11
Jibs_PC#4332038418826501120 roll 3
Jibs_PC#4332038418826501120 roll 1
DICE 3 1 5 4 0 2 
Jibs_PC#4332038418826501120 endattack
Jibs_PC#4332038418826501120 nomove
CARD wildcard
Jibs_PC#4332038418826501120 trade 17 35 wildcard
Jibs_PC#4332038418826501120 placearmies 1 2
Jibs_PC#4332038418826501120 placearmies 10 1
Jibs_PC#4332038418826501120 placearmies 10 12
Jibs_PC#4332038418826501120 placearmies 10 2
Jibs_PC#4332038418826501120 placearmies 1 1
Jibs_PC#4332038418826501120 attack 10 12
Jibs_PC#4332038418826501120 roll 3
Jibs_PC#4332038418826501120 roll 1
DICE 3 1 4 0 0 1 
Jibs_PC#4332038418826501120 move 15
Jibs_PC#4332038418826501120 attack 12 21
Jibs_PC#4332038418826501120 roll 3
Jibs_PC#4332038418826501120 roll 1
DICE 3 1 5 5 1 2 
Jibs_PC#4332038418826501120 move 14
Jibs_PC#4332038418826501120 attack 21 24
Jibs_PC#4332038418826501120 roll 3
Jibs_PC#4332038418826501120 roll 1
DICE 3 1 4 3 3 3 
Jibs_PC#4332038418826501120 move 13
Jibs_PC#4332038418826501120 attack 24 26
Jibs_PC#4332038418826501120 roll 3
Jibs_PC#4332038418826501120 roll 1
DICE 3 1 4 4 2 4 
Jibs_PC#4332038418826501120 roll 3
Jibs_PC#4332038418826501120 roll 1
DICE 3 1 4 2 1 0 
Jibs_PC#4332038418826501120 move 9
Jibs_PC#4332038418826501120 attack 26 25
Jibs_PC#4332038418826501120 roll 3
Jibs_PC#4332038418826501120 roll 1
DICE 3 1 3 3 2 1 
Jibs_PC#4332038418826501120 move 8
Jibs_PC#4332038418826501120 attack 25 23
Jibs_PC#4332038418826501120 roll 3
Jibs_PC#4332038418826501120 roll 1
DICE 3 1 5 4 1 5 
Jibs_PC#4332038418826501120 roll 3
Jibs_PC#4332038418826501120 roll 1
DICE 3 1 3 1 0 3 
Jibs_PC#4332038418826501120 roll 3
Jibs_PC#4332038418826501120 roll 1
DICE 3 1 1 0 0 4 
Jibs_PC#4332038418826501120 roll 3
Jibs_PC#4332038418826501120 roll 1
DICE 3 1 3 2 1 3 
Jibs_PC#4332038418826501120 roll 3
Jibs_PC#4332038418826501120 roll 1
DICE 3 1 5 4 2 0 
Jibs_PC#4332038418826501120 attack 1 38
Jibs_PC#4332038418826501120 roll 3
Jibs_PC#4332038418826501120 roll 1
DICE 3 1 4 3 2 0 
Jibs_PC#4332038418826501120 move 4
Jibs_PC#4332038418826501120 endattack
Jibs_PC#4332038418826501120 movearmies 23 24 2
CARD 38
Jibs_PC#4332038418826501120 placearmies 15 3
Jibs_PC#4332038418826501120 attack 22 20
Jibs_PC#4332038418826501120 roll 2
Jibs_PC#4332038418826501120 roll 1
DICE 2 1 4 1 1 
Jibs_PC#4332038418826501120 attack 15 17
Jibs_PC#4332038418826501120 roll 3
Jibs_PC#4332038418826501120 roll 1
DICE 3 1 2 1 0 4 
Jibs_PC#4332038418826501120 roll 3
Jibs_PC#4332038418826501120 roll 1
DICE 3 1 2 0 0 5 
Jibs_PC#4332038418826501120 retreat
Jibs_PC#4332038418826501120 attack 15 16
Jibs_PC#4332038418826501120 roll 3
Jibs_PC#4332038418826501120 roll 1
DICE 3 1 5 5 1 3 
Jibs_PC#4332038418826501120 move 4
Jibs_PC#4332038418826501120 attack 16 18
Jibs_PC#4332038418826501120 roll 3
Jibs_PC#4332038418826501120 roll 1
DICE 3 1 5 3 3 1 
Jibs_PC#4332038418826501120 attack 18 17
Jibs_PC#4332038418826501120 roll 2
Jibs_PC#4332038418826501120 roll 1
DICE 2 1 4 1 1 
Jibs_PC#4332038418826501120 endattack
Jibs_PC#4332038418826501120 nomove
CARD 14
Jibs_PC#4332038418826501120 placearmies 41 3
Jibs_PC#4332038418826501120 attack 41 39
Jibs_PC#4332038418826501120 roll 3
Jibs_PC#4332038418826501120 roll 2
DICE 3 2 4 4 3 5 2 
Jibs_PC#4332038418826501120 roll 2
Jibs_PC#4332038418826501120 roll 1
DICE 2 1 5 2 1 
Jibs_PC#4332038418826501120 endattack
Jibs_PC#4332038418826501120 nomove
CARD 42
Jibs_PC#4332038418826501120 placearmies 40 3
Jibs_PC#4332038418826501120 placearmies 40 1
Jibs_PC#4332038418826501120 attack 40 39
Jibs_PC#4332038418826501120 roll 3
Jibs_PC#4332038418826501120 roll 2
DICE 3 2 3 2 1 4 1 
Jibs_PC#4332038418826501120 roll 3
Jibs_PC#4332038418826501120 roll 1
DICE 3 1 4 3 1 0 
Jibs_PC#4332038418826501120 attack 39 41
Jibs_PC#4332038418826501120 roll 2
Jibs_PC#4332038418826501120 roll 1
DICE 2 1 2 2 0 
Jibs_PC#4332038418826501120 trade 1 33 7
Jibs_PC#4332038418826501120 placearmies 36 10
Jibs_PC#4332038418826501120 attack 36 38
Jibs_PC#4332038418826501120 roll 3
Jibs_PC#4332038418826501120 roll 2
DICE 3 2 5 3 0 5 1 
Jibs_PC#4332038418826501120 roll 3
Jibs_PC#4332038418826501120 roll 2
DICE 3 2 5 3 3 2 1 
Jibs_PC#4332038418826501120 roll 3
Jibs_PC#4332038418826501120 roll 1
DICE 3 1 4 1 0 2 
Jibs_PC#4332038418826501120 move 10
Jibs_PC#4332038418826501120 attack 38 1
Jibs_PC#4332038418826501120 roll 3
Jibs_PC#4332038418826501120 roll 1
DICE 3 1 2 1 0 5 
Jibs_PC#4332038418826501120 roll 3
Jibs_PC#4332038418826501120 roll 1
DICE 3 1 3 1 1 3 
Jibs_PC#4332038418826501120 roll 3
Jibs_PC#4332038418826501120 roll 1
DICE 3 1 5 5 1 0 
Jibs_PC#4332038418826501120 move 6
Jibs_PC#4332038418826501120 attack 1 3
Jibs_PC#4332038418826501120 roll 3
Jibs_PC#4332038418826501120 roll 1
DICE 3 1 4 1 0 1 
Jibs_PC#4332038418826501120 move 5
Jibs_PC#4332038418826501120 attack 3 7
Jibs_PC#4332038418826501120 roll 3
Jibs_PC#4332038418826501120 roll 1
DICE 3 1 2 1 0 3 
Jibs_PC#4332038418826501120 roll 3
Jibs_PC#4332038418826501120 roll 1
DICE 3 1 4 3 3 4 
Jibs_PC#4332038418826501120 retreat
Jibs_PC#4332038418826501120 endattack
Jibs_PC#4332038418826501120 movearmies 33 29 1
CARD 30
Jibs_PC#4332038418826501120 trade 25 6 13
Jibs_PC#4332038418826501120 trade 24 18 wildcard
Jibs_PC#4332038418826501120 placearmies 13 1
Jibs_PC#4332038418826501120 placearmies 13 5
Jibs_PC#4332038418826501120 placearmies 13 16
Jibs_PC#4332038418826501120 placearmies 13 1
Jibs_PC#4332038418826501120 attack 13 12
Jibs_PC#4332038418826501120 roll 3
Jibs_PC#4332038418826501120 roll 1
DICE 3 1 4 4 2 2 
Jibs_PC#4332038418826501120 move 25
Jibs_PC#4332038418826501120 attack 12 21
Jibs_PC#4332038418826501120 roll 3
Jibs_PC#4332038418826501120 roll 1
DICE 3 1 4 2 1 3 
Jibs_PC#4332038418826501120 move 24
Jibs_PC#4332038418826501120 attack 21 20
Jibs_PC#4332038418826501120 roll 3
Jibs_PC#4332038418826501120 roll 2
DICE 3 2 4 4 3 2 0 
Jibs_PC#4332038418826501120 move 23
Jibs_PC#4332038418826501120 attack 20 31
Jibs_PC#4332038418826501120 roll 3
Jibs_PC#4332038418826501120 roll 1
DICE 3 1 5 1 0 0 
Jibs_PC#4332038418826501120 move 22
Jibs_PC#4332038418826501120 attack 31 32
Jibs_PC#4332038418826501120 roll 3
Jibs_PC#4332038418826501120 roll 1
DICE 3 1 5 4 2 4 
Jibs_PC#4332038418826501120 move 21
Jibs_PC#4332038418826501120 attack 32 33
Jibs_PC#4332038418826501120 roll 3
Jibs_PC#4332038418826501120 roll 2
DICE 3 2 4 1 1 5 1 
Jibs_PC#4332038418826501120 roll 3
Jibs_PC#4332038418826501120 roll 2
DICE 3 2 1 0 0 2 0 
Jibs_PC#4332038418826501120 roll 3
Jibs_PC#4332038418826501120 roll 2
DICE 3 2 4 3 2 1 1 
Jibs_PC#4332038418826501120 move 16
Jibs_PC#4332038418826501120 attack 33 39
Jibs_PC#4332038418826501120 roll 3
Jibs_PC#4332038418826501120 roll 1
DICE 3 1 3 2 2 2 
Jibs_PC#4332038418826501120 move 14
Jibs_PC#4332038418826501120 attack 39 41
Jibs_PC#4332038418826501120 roll 3
Jibs_PC#4332038418826501120 roll 2
DICE 3 2 4 1 0 5 4 
Jibs_PC#4332038418826501120 roll 3
Jibs_PC#4332038418826501120 roll 2
DICE 3 2 1 0 0 4 1 
Jibs_PC#4332038418826501120 roll 3
Jibs_PC#4332038418826501120 roll 2
DICE 3 2 5 4 1 1 0 
Jibs_PC#4332038418826501120 move 9
Jibs_PC#4332038418826501120 attack 41 42
Jibs_PC#4332038418826501120 roll 3
Jibs_PC#4332038418826501120 roll 1
DICE 3 1 4 2 1 5 
Jibs_PC#4332038418826501120 roll 3
Jibs_PC#4332038418826501120 roll 1
DICE 3 1 5 4 0 3 
Jibs_PC#4332038418826501120 move 5
Jibs_PC#4332038418826501120 attack 42 40
Jibs_PC#4332038418826501120 roll 3
Jibs_PC#4332038418826501120 roll 1
DICE 3 1 2 0 0 1 
Jibs_PC#4332038418826501120 move 3
Jibs_PC#4332038418826501120 endattack
Jibs_PC#4332038418826501120 movearmies 40 39 1
CARD 9
Jibs_PC#4332038418826501120 placearmies 2 4
Jibs_PC#4332038418826501120 attack 2 1
Jibs_PC#4332038418826501120 roll 3
Jibs_PC#4332038418826501120 roll 1
DICE 3 1 5 3 1 5 
Jibs_PC#4332038418826501120 roll 3
Jibs_PC#4332038418826501120 roll 1
DICE 3 1 4 4 3 3 
Jibs_PC#4332038418826501120 attack 24 22
Jibs_PC#4332038418826501120 roll 3
Jibs_PC#4332038418826501120 roll 1
DICE 3 1 5 5 3 4 
Jibs_PC#4332038418826501120 move 4
Jibs_PC#4332038418826501120 attack 22 21
Jibs_PC#4332038418826501120 roll 3
Jibs_PC#4332038418826501120 roll 1
DICE 3 1 3 2 1 2 
Jibs_PC#4332038418826501120 endattack
Jibs_PC#4332038418826501120 nomove
CARD 16
Jibs_PC#4332038418826501120 placearmies 34 1
Jibs_PC#4332038418826501120 placearmies 34 1
Jibs_PC#4332038418826501120 placearmies 14 1
Jibs_PC#4332038418826501120 attack 34 38
Jibs_PC#4332038418826501120 roll 3
Jibs_PC#4332038418826501120 roll 2
DICE 3 2 5 3 1 4 1 
Jibs_PC#4332038418826501120 move 4
Jibs_PC#4332038418826501120 endattack
Jibs_PC#4332038418826501120 nomove
CARD 31
Jibs_PC#4332038418826501120 trade 22 42 30
Jibs_PC#4332038418826501120 placearmies 3 5
Jibs_PC#4332038418826501120 placearmies 30 2
Jibs_PC#4332038418826501120 attack 3 7
Jibs_PC#4332038418826501120 roll 3
Jibs_PC#4332038418826501120 roll 1
DICE 3 1 4 2 0 4 
Jibs_PC#4332038418826501120 roll 3
Jibs_PC#4332038418826501120 roll 1
DICE 3 1 4 4 1 0 
Jibs_PC#4332038418826501120 move 6
Jibs_PC#4332038418826501120 attack 30 32
Jibs_PC#4332038418826501120 roll 3
Jibs_PC#4332038418826501120 roll 1
DICE 3 1 3 1 0 4 
Jibs_PC#4332038418826501120 roll 3
Jibs_PC#4332038418826501120 roll 1
DICE 3 1 5 3 1 5 
Jibs_PC#4332038418826501120 retreat
Jibs_PC#4332038418826501120 endattack
Jibs_PC#4332038418826501120 nomove
CARD 12
Jibs_PC#4332038418826501120 placearmies 11 3
Jibs_PC#4332038418826501120 placearmies 20 3
Jibs_PC#4332038418826501120 attack 20 22
Jibs_PC#4332038418826501120 roll 3
Jibs_PC#4332038418826501120 roll 1
DICE 3 1 4 3 2 3 
Jibs_PC#4332038418826501120 attack 11 10
Jibs_PC#4332038418826501120 roll 3
Jibs_PC#4332038418826501120 roll 2
DICE 3 2 3 1 0 5 5 
Jibs_PC#4332038418826501120 roll 3
Jibs_PC#4332038418826501120 roll 2
DICE 3 2 3 2 0 4 1 
Jibs_PC#4332038418826501120 roll 2
Jibs_PC#4332038418826501120 roll 1
DICE 2 1 4 3 4 
Jibs_PC#4332038418826501120 retreat
Jibs_PC#4332038418826501120 endattack
Jibs_PC#4332038418826501120 movearmies 39 33 1
CARD 11
Jibs_PC#4332038418826501120 placearmies 21 4
Jibs_PC#4332038418826501120 attack 1 3
Jibs_PC#4332038418826501120 roll 2
Jibs_PC#4332038418826501120 roll 1
DICE 2 1 5 2 3 
Jibs_PC#4332038418826501120 attack 21 22
Jibs_PC#4332038418826501120 roll 3
Jibs_PC#4332038418826501120 roll 2
DICE 3 2 4 1 0 4 0 
Jibs_PC#4332038418826501120 roll 3
Jibs_PC#4332038418826501120 roll 2
DICE 3 2 4 2 0 1 0 
Jibs_PC#4332038418826501120 move 4
Jibs_PC#4332038418826501120 endattack
Jibs_PC#4332038418826501120 nomove
CARD 37
Jibs_PC#4332038418826501120 placearmies 38 3
Jibs_PC#4332038418826501120 attack 38 37
Jibs_PC#4332038418826501120 roll 3
Jibs_PC#4332038418826501120 roll 1
DICE 3 1 4 3 2 3 
Jibs_PC#4332038418826501120 move 6
Jibs_PC#4332038418826501120 endattack
Jibs_PC#4332038418826501120 nomove
CARD 40
Jibs_PC#4332038418826501120 placearmies 7 2
Jibs_PC#4332038418826501120 placearmies 30 1
Jibs_PC#4332038418826501120 attack 7 9
Jibs_PC#4332038418826501120 roll 3
Jibs_PC#4332038418826501120 roll 1
DICE 3 1 4 4 3 3 
Jibs_PC#4332038418826501120 move 7
Jibs_PC#4332038418826501120 endattack
Jibs_PC#4332038418826501120 nomove
CARD 26
Jibs_PC#4332038418826501120 placearmies 11 2
Jibs_PC#4332038418826501120 placearmies 11 1
Jibs_PC#4332038418826501120 placearmies 33 3
Jibs_PC#4332038418826501120 attack 11 10
Jibs_PC#4332038418826501120 roll 3
Jibs_PC#4332038418826501120 roll 1
DICE 3 1 5 4 0 5 
Jibs_PC#4332038418826501120 roll 3
Jibs_PC#4332038418826501120 roll 1
DICE 3 1 3 3 3 4 
Jibs_PC#4332038418826501120 roll 2
Jibs_PC#4332038418826501120 roll 1
DICE 2 1 3 0 3 
Jibs_PC#4332038418826501120 retreat
Jibs_PC#4332038418826501120 attack 33 29
Jibs_PC#4332038418826501120 roll 3
Jibs_PC#4332038418826501120 roll 2
DICE 3 2 4 2 0 4 0 
Jibs_PC#4332038418826501120 roll 3
Jibs_PC#4332038418826501120 roll 1
DICE 3 1 5 5 4 0 
Jibs_PC#4332038418826501120 move 4
Jibs_PC#4332038418826501120 endattack
Jibs_PC#4332038418826501120 movearmies 41 39 1
CARD 10
Jibs_PC#4332038418826501120 trade 38 16 37
Jibs_PC#4332038418826501120 placearmies 3 13
Jibs_PC#4332038418826501120 placearmies 21 3
Jibs_PC#4332038418826501120 placearmies 22 1
Jibs_PC#4332038418826501120 attack 3 7
Jibs_PC#4332038418826501120 roll 3
Jibs_PC#4332038418826501120 roll 1
DICE 3 1 2 2 0 0 
Jibs_PC#4332038418826501120 move 14
Jibs_PC#4332038418826501120 attack 7 9
Jibs_PC#4332038418826501120 roll 3
Jibs_PC#4332038418826501120 roll 2
DICE 3 2 5 2 2 4 2 
Jibs_PC#4332038418826501120 roll 3
Jibs_PC#4332038418826501120 roll 2
DICE 3 2 3 1 0 5 1 
Jibs_PC#4332038418826501120 roll 3
Jibs_PC#4332038418826501120 roll 2
DICE 3 2 5 3 2 2 0 
Jibs_PC#4332038418826501120 roll 3
Jibs_PC#4332038418826501120 roll 2
DICE 3 2 5 4 2 3 1 
Jibs_PC#4332038418826501120 roll 3
Jibs_PC#4332038418826501120 roll 2
DICE 3 2 5 5 3 5 1 
Jibs_PC#4332038418826501120 roll 3
Jibs_PC#4332038418826501120 roll 1
DICE 3 1 5 4 1 0 
Jibs_PC#4332038418826501120 move 3
