Jibs_PC#2016954728720446464 newplayer ai hard green s0914007
Jibs_PC#2016954728720446464 newplayer ai hard blue bob
Jibs_PC#2016954728720446464 newplayer ai hard red fred
Jibs_PC#2016954728720446464 newplayer ai hard cyan ted
Jibs_PC#2016954728720446464 newplayer ai hard magenta yura
Jibs_PC#2016954728720446464 newplayer ai hard yellow lala
Jibs_PC#2016954728720446464 startgame mission fixed autoplaceall recycle
PLAYER yura
MISSION 0 2 3 2 1 0
PLACEALL 28 40 11 4 25 5 31 41 14 13 3 22 16 36 30 33 26 6 35 17 39 15 32 20 19 7 23 9 21 38 29 10 37 18 24 8 2 34 27 12 42 1
Jibs_PC#2016954728720446464 placearmies 29 1
CARD 
Jibs_PC#2016954728720446464 placearmies 40 1
CARD 
Jibs_PC#2016954728720446464 placearmies 11 1
CARD 
Jibs_PC#2016954728720446464 placearmies 12 1
CARD 
Jibs_PC#2016954728720446464 placearmies 42 1
CARD 
Jibs_PC#2016954728720446464 placearmies 5 1
CARD 
Jibs_PC#2016954728720446464 placearmies 29 1
CARD 
Jibs_PC#2016954728720446464 placearmies 40 1
CARD 
Jibs_PC#2016954728720446464 placearmies 11 1
CARD 
Jibs_PC#2016954728720446464 placearmies 12 1
CARD 
Jibs_PC#2016954728720446464 placearmies 42 1
CARD 
Jibs_PC#2016954728720446464 placearmies 5 1
CARD 
Jibs_PC#2016954728720446464 placearmies 29 1
CARD 
Jibs_PC#2016954728720446464 placearmies 40 1
CARD 
Jibs_PC#2016954728720446464 placearmies 11 1
CARD 
Jibs_PC#2016954728720446464 placearmies 12 1
CARD 
Jibs_PC#2016954728720446464 placearmies 42 1
CARD 
Jibs_PC#2016954728720446464 placearmies 5 1
CARD 
Jibs_PC#2016954728720446464 placearmies 29 1
CARD 
Jibs_PC#2016954728720446464 placearmies 40 1
CARD 
Jibs_PC#2016954728720446464 placearmies 11 1
CARD 
Jibs_PC#2016954728720446464 placearmies 12 1
CARD 
Jibs_PC#2016954728720446464 placearmies 42 1
CARD 
Jibs_PC#2016954728720446464 placearmies 5 1
CARD 
Jibs_PC#2016954728720446464 placearmies 29 1
CARD 
Jibs_PC#2016954728720446464 placearmies 17 1
CARD 
Jibs_PC#2016954728720446464 placearmies 11 1
CARD 
Jibs_PC#2016954728720446464 placearmies 12 1
CARD 
Jibs_PC#2016954728720446464 placearmies 42 1
CARD 
Jibs_PC#2016954728720446464 placearmies 5 1
CARD 
Jibs_PC#2016954728720446464 placearmies 29 1
CARD 
Jibs_PC#2016954728720446464 placearmies 17 1
CARD 
Jibs_PC#2016954728720446464 placearmies 11 1
CARD 
Jibs_PC#2016954728720446464 placearmies 12 1
CARD 
Jibs_PC#2016954728720446464 placearmies 42 1
CARD 
Jibs_PC#2016954728720446464 placearmies 5 1
CARD 
Jibs_PC#2016954728720446464 placearmies 29 1
CARD 
Jibs_PC#2016954728720446464 placearmies 17 1
CARD 
Jibs_PC#2016954728720446464 placearmies 11 1
CARD 
Jibs_PC#2016954728720446464 placearmies 12 1
CARD 
Jibs_PC#2016954728720446464 placearmies 42 1
CARD 
Jibs_PC#2016954728720446464 placearmies 5 1
CARD 
Jibs_PC#2016954728720446464 placearmies 29 1
CARD 
Jibs_PC#2016954728720446464 placearmies 17 1
CARD 
Jibs_PC#2016954728720446464 placearmies 39 1
CARD 
Jibs_PC#2016954728720446464 placearmies 12 1
CARD 
Jibs_PC#2016954728720446464 placearmies 42 1
CARD 
Jibs_PC#2016954728720446464 placearmies 5 1
CARD 
Jibs_PC#2016954728720446464 placearmies 29 1
CARD 
Jibs_PC#2016954728720446464 placearmies 40 1
CARD 
Jibs_PC#2016954728720446464 placearmies 39 1
CARD 
Jibs_PC#2016954728720446464 placearmies 12 1
CARD 
Jibs_PC#2016954728720446464 placearmies 42 1
CARD 
Jibs_PC#2016954728720446464 placearmies 5 1
CARD 
Jibs_PC#2016954728720446464 placearmies 29 1
CARD 
Jibs_PC#2016954728720446464 placearmies 40 1
CARD 
Jibs_PC#2016954728720446464 placearmies 11 1
CARD 
Jibs_PC#2016954728720446464 placearmies 12 1
CARD 
Jibs_PC#2016954728720446464 placearmies 25 1
CARD 
Jibs_PC#2016954728720446464 placearmies 5 1
CARD 
Jibs_PC#2016954728720446464 placearmies 29 1
CARD 
Jibs_PC#2016954728720446464 placearmies 17 1
CARD 
Jibs_PC#2016954728720446464 placearmies 39 1
CARD 
Jibs_PC#2016954728720446464 placearmies 12 1
CARD 
Jibs_PC#2016954728720446464 placearmies 42 1
CARD 
Jibs_PC#2016954728720446464 placearmies 5 1
CARD 
Jibs_PC#2016954728720446464 placearmies 29 1
CARD 
Jibs_PC#2016954728720446464 placearmies 40 1
CARD 
Jibs_PC#2016954728720446464 placearmies 11 1
CARD 
Jibs_PC#2016954728720446464 placearmies 12 1
CARD 
Jibs_PC#2016954728720446464 placearmies 25 1
CARD 
Jibs_PC#2016954728720446464 placearmies 5 1
CARD 
Jibs_PC#2016954728720446464 placearmies 29 1
CARD 
Jibs_PC#2016954728720446464 placearmies 17 1
CARD 
Jibs_PC#2016954728720446464 placearmies 11 1
CARD 
Jibs_PC#2016954728720446464 placearmies 12 1
CARD 
Jibs_PC#2016954728720446464 placearmies 25 1
CARD 
Jibs_PC#2016954728720446464 placearmies 5 1
CARD 
Jibs_PC#2016954728720446464 placearmies 29 3
Jibs_PC#2016954728720446464 attack 29 27
Jibs_PC#2016954728720446464 roll 3
Jibs_PC#2016954728720446464 roll 1
DICE 3 1 2 2 1 2 
Jibs_PC#2016954728720446464 roll 3
Jibs_PC#2016954728720446464 roll 1
DICE 3 1 2 0 0 4 
Jibs_PC#2016954728720446464 roll 3
Jibs_PC#2016954728720446464 roll 1
DICE 3 1 4 3 2 1 
Jibs_PC#2016954728720446464 move 14
Jibs_PC#2016954728720446464 attack 27 34
Jibs_PC#2016954728720446464 roll 3
Jibs_PC#2016954728720446464 roll 1
DICE 3 1 4 1 0 3 
Jibs_PC#2016954728720446464 move 13
Jibs_PC#2016954728720446464 attack 34 38
Jibs_PC#2016954728720446464 roll 3
Jibs_PC#2016954728720446464 roll 1
DICE 3 1 5 0 0 2 
Jibs_PC#2016954728720446464 move 12
Jibs_PC#2016954728720446464 attack 38 36
Jibs_PC#2016954728720446464 roll 3
Jibs_PC#2016954728720446464 roll 1
DICE 3 1 5 3 0 3 
Jibs_PC#2016954728720446464 move 5
Jibs_PC#2016954728720446464 attack 38 37
Jibs_PC#2016954728720446464 roll 3
Jibs_PC#2016954728720446464 roll 1
DICE 3 1 5 1 1 1 
Jibs_PC#2016954728720446464 move 3
Jibs_PC#2016954728720446464 endattack
Jibs_PC#2016954728720446464 movearmies 37 38 2
CARD 29
Jibs_PC#2016954728720446464 placearmies 17 3
Jibs_PC#2016954728720446464 attack 40 39
Jibs_PC#2016954728720446464 roll 3
Jibs_PC#2016954728720446464 roll 2
DICE 3 2 5 4 0 5 2 
Jibs_PC#2016954728720446464 roll 3
Jibs_PC#2016954728720446464 roll 2
DICE 3 2 5 1 0 5 3 
Jibs_PC#2016954728720446464 retreat
Jibs_PC#2016954728720446464 attack 17 14
Jibs_PC#2016954728720446464 roll 3
Jibs_PC#2016954728720446464 roll 1
DICE 3 1 5 3 1 4 
Jibs_PC#2016954728720446464 move 9
Jibs_PC#2016954728720446464 attack 14 15
Jibs_PC#2016954728720446464 roll 3
Jibs_PC#2016954728720446464 roll 1
DICE 3 1 3 3 1 2 
Jibs_PC#2016954728720446464 move 8
Jibs_PC#2016954728720446464 attack 15 16
Jibs_PC#2016954728720446464 roll 3
Jibs_PC#2016954728720446464 roll 1
DICE 3 1 5 4 0 2 
Jibs_PC#2016954728720446464 move 7
Jibs_PC#2016954728720446464 attack 16 18
Jibs_PC#2016954728720446464 roll 3
Jibs_PC#2016954728720446464 roll 1
DICE 3 1 4 0 0 0 
Jibs_PC#2016954728720446464 move 6
Jibs_PC#2016954728720446464 attack 18 19
Jibs_PC#2016954728720446464 roll 3
Jibs_PC#2016954728720446464 roll 1
DICE 3 1 2 1 0 1 
Jibs_PC#2016954728720446464 move 5
Jibs_PC#2016954728720446464 attack 19 20
Jibs_PC#2016954728720446464 roll 3
Jibs_PC#2016954728720446464 roll 1
DICE 3 1 5 2 0 3 
Jibs_PC#2016954728720446464 move 3
Jibs_PC#2016954728720446464 endattack
Jibs_PC#2016954728720446464 nomove
CARD 9
Jibs_PC#2016954728720446464 placearmies 11 3
Jibs_PC#2016954728720446464 attack 11 12
Jibs_PC#2016954728720446464 roll 3
Jibs_PC#2016954728720446464 roll 2
DICE 3 2 3 1 0 4 1 
Jibs_PC#2016954728720446464 roll 3
Jibs_PC#2016954728720446464 roll 2
DICE 3 2 5 4 3 1 0 
Jibs_PC#2016954728720446464 retreat
Jibs_PC#2016954728720446464 attack 11 10
Jibs_PC#2016954728720446464 roll 3
Jibs_PC#2016954728720446464 roll 1
DICE 3 1 3 3 1 2 
Jibs_PC#2016954728720446464 move 11
Jibs_PC#2016954728720446464 endattack
Jibs_PC#2016954728720446464 nomove
CARD 26
Jibs_PC#2016954728720446464 placearmies 12 2
Jibs_PC#2016954728720446464 placearmies 12 1
Jibs_PC#2016954728720446464 attack 12 21
Jibs_PC#2016954728720446464 roll 3
Jibs_PC#2016954728720446464 roll 1
DICE 3 1 5 3 2 1 
Jibs_PC#2016954728720446464 move 14
Jibs_PC#2016954728720446464 attack 21 19
Jibs_PC#2016954728720446464 roll 3
Jibs_PC#2016954728720446464 roll 2
DICE 3 2 4 1 1 5 1 
Jibs_PC#2016954728720446464 roll 3
Jibs_PC#2016954728720446464 roll 2
DICE 3 2 3 2 1 2 0 
Jibs_PC#2016954728720446464 move 11
Jibs_PC#2016954728720446464 attack 19 20
Jibs_PC#2016954728720446464 roll 3
Jibs_PC#2016954728720446464 roll 2
DICE 3 2 3 2 2 4 3 
Jibs_PC#2016954728720446464 roll 3
Jibs_PC#2016954728720446464 roll 2
DICE 3 2 4 2 2 4 1 
Jibs_PC#2016954728720446464 retreat
Jibs_PC#2016954728720446464 attack 19 17
Jibs_PC#2016954728720446464 roll 3
Jibs_PC#2016954728720446464 roll 1
DICE 3 1 5 4 0 4 
Jibs_PC#2016954728720446464 move 7
Jibs_PC#2016954728720446464 attack 17 14
Jibs_PC#2016954728720446464 roll 3
Jibs_PC#2016954728720446464 roll 1
DICE 3 1 2 1 0 5 
Jibs_PC#2016954728720446464 roll 3
Jibs_PC#2016954728720446464 roll 1
DICE 3 1 5 1 1 1 
Jibs_PC#2016954728720446464 move 5
Jibs_PC#2016954728720446464 attack 14 15
Jibs_PC#2016954728720446464 roll 3
Jibs_PC#2016954728720446464 roll 1
DICE 3 1 4 4 2 3 
Jibs_PC#2016954728720446464 move 4
Jibs_PC#2016954728720446464 attack 15 16
Jibs_PC#2016954728720446464 roll 3
Jibs_PC#2016954728720446464 roll 1
DICE 3 1 4 4 2 5 
Jibs_PC#2016954728720446464 roll 2
Jibs_PC#2016954728720446464 roll 1
DICE 2 1 3 0 5 
Jibs_PC#2016954728720446464 retreat
Jibs_PC#2016954728720446464 endattack
Jibs_PC#2016954728720446464 nomove
CARD 40
Jibs_PC#2016954728720446464 placearmies 25 3
Jibs_PC#2016954728720446464 attack 42 41
Jibs_PC#2016954728720446464 roll 3
Jibs_PC#2016954728720446464 roll 1
DICE 3 1 3 1 1 1 
Jibs_PC#2016954728720446464 move 10
Jibs_PC#2016954728720446464 attack 41 39
Jibs_PC#2016954728720446464 roll 3
Jibs_PC#2016954728720446464 roll 2
DICE 3 2 3 2 1 0 0 
Jibs_PC#2016954728720446464 roll 3
Jibs_PC#2016954728720446464 roll 1
DICE 3 1 3 1 0 2 
Jibs_PC#2016954728720446464 move 9
Jibs_PC#2016954728720446464 attack 39 40
Jibs_PC#2016954728720446464 roll 3
Jibs_PC#2016954728720446464 roll 2
DICE 3 2 5 4 4 2 2 
Jibs_PC#2016954728720446464 roll 3
Jibs_PC#2016954728720446464 roll 2
DICE 3 2 3 3 3 3 2 
Jibs_PC#2016954728720446464 roll 3
Jibs_PC#2016954728720446464 roll 2
DICE 3 2 5 5 5 3 2 
Jibs_PC#2016954728720446464 move 3
Jibs_PC#2016954728720446464 attack 25 23
Jibs_PC#2016954728720446464 roll 3
Jibs_PC#2016954728720446464 roll 1
DICE 3 1 3 3 0 2 
Jibs_PC#2016954728720446464 move 6
Jibs_PC#2016954728720446464 attack 23 21
Jibs_PC#2016954728720446464 roll 3
Jibs_PC#2016954728720446464 roll 1
DICE 3 1 4 2 2 4 
Jibs_PC#2016954728720446464 roll 3
Jibs_PC#2016954728720446464 roll 1
DICE 3 1 4 3 2 5 
Jibs_PC#2016954728720446464 roll 3
Jibs_PC#2016954728720446464 roll 1
DICE 3 1 4 1 0 1 
Jibs_PC#2016954728720446464 attack 21 22
Jibs_PC#2016954728720446464 roll 2
Jibs_PC#2016954728720446464 roll 1
DICE 2 1 2 0 5 
Jibs_PC#2016954728720446464 retreat
Jibs_PC#2016954728720446464 attack 39 33
Jibs_PC#2016954728720446464 roll 3
Jibs_PC#2016954728720446464 roll 1
DICE 3 1 5 3 0 3 
Jibs_PC#2016954728720446464 move 4
Jibs_PC#2016954728720446464 endattack
Jibs_PC#2016954728720446464 movearmies 40 39 1
CARD 15
Jibs_PC#2016954728720446464 placearmies 5 3
Jibs_PC#2016954728720446464 attack 5 4
Jibs_PC#2016954728720446464 roll 3
Jibs_PC#2016954728720446464 roll 1
DICE 3 1 4 4 2 3 
Jibs_PC#2016954728720446464 move 16
Jibs_PC#2016954728720446464 attack 4 3
Jibs_PC#2016954728720446464 roll 3
Jibs_PC#2016954728720446464 roll 1
DICE 3 1 4 4 3 0 
Jibs_PC#2016954728720446464 move 13
Jibs_PC#2016954728720446464 attack 4 7
Jibs_PC#2016954728720446464 roll 2
Jibs_PC#2016954728720446464 roll 1
DICE 2 1 5 2 4 
Jibs_PC#2016954728720446464 attack 3 2
Jibs_PC#2016954728720446464 roll 3
Jibs_PC#2016954728720446464 roll 1
DICE 3 1 5 3 0 0 
Jibs_PC#2016954728720446464 move 3
Jibs_PC#2016954728720446464 endattack
Jibs_PC#2016954728720446464 movearmies 2 7 2
CARD 33
Jibs_PC#2016954728720446464 placearmies 31 3
Jibs_PC#2016954728720446464 attack 31 32
Jibs_PC#2016954728720446464 roll 3
Jibs_PC#2016954728720446464 roll 1
DICE 3 1 3 2 1 4 
Jibs_PC#2016954728720446464 roll 2
Jibs_PC#2016954728720446464 roll 1
DICE 2 1 5 2 3 
Jibs_PC#2016954728720446464 attack 38 1
Jibs_PC#2016954728720446464 roll 3
Jibs_PC#2016954728720446464 roll 1
DICE 3 1 5 4 1 0 
Jibs_PC#2016954728720446464 move 5
Jibs_PC#2016954728720446464 attack 1 2
Jibs_PC#2016954728720446464 roll 3
Jibs_PC#2016954728720446464 roll 1
DICE 3 1 3 2 1 1 
Jibs_PC#2016954728720446464 move 4
Jibs_PC#2016954728720446464 endattack
Jibs_PC#2016954728720446464 movearmies 36 29 4
CARD 39
Jibs_PC#2016954728720446464 placearmies 20 2
Jibs_PC#2016954728720446464 placearmies 20 1
Jibs_PC#2016954728720446464 attack 20 19
Jibs_PC#2016954728720446464 roll 3
Jibs_PC#2016954728720446464 roll 1
DICE 3 1 1 1 0 0 
Jibs_PC#2016954728720446464 move 4
Jibs_PC#2016954728720446464 attack 19 17
Jibs_PC#2016954728720446464 roll 3
Jibs_PC#2016954728720446464 roll 1
DICE 3 1 4 4 0 4 
Jibs_PC#2016954728720446464 roll 2
Jibs_PC#2016954728720446464 roll 1
DICE 2 1 3 3 0 
Jibs_PC#2016954728720446464 endattack
Jibs_PC#2016954728720446464 nomove
CARD 17
Jibs_PC#2016954728720446464 placearmies 10 3
Jibs_PC#2016954728720446464 attack 10 12
Jibs_PC#2016954728720446464 roll 3
Jibs_PC#2016954728720446464 roll 1
DICE 3 1 5 4 1 3 
Jibs_PC#2016954728720446464 move 13
Jibs_PC#2016954728720446464 attack 12 13
Jibs_PC#2016954728720446464 roll 3
Jibs_PC#2016954728720446464 roll 1
DICE 3 1 5 4 2 0 
Jibs_PC#2016954728720446464 move 3
Jibs_PC#2016954728720446464 attack 12 21
Jibs_PC#2016954728720446464 roll 3
Jibs_PC#2016954728720446464 roll 2
DICE 3 2 5 4 0 5 2 
Jibs_PC#2016954728720446464 roll 3
Jibs_PC#2016954728720446464 roll 1
DICE 3 1 4 1 1 2 
Jibs_PC#2016954728720446464 move 8
Jibs_PC#2016954728720446464 attack 21 22
Jibs_PC#2016954728720446464 roll 3
Jibs_PC#2016954728720446464 roll 1
DICE 3 1 4 4 1 2 
Jibs_PC#2016954728720446464 move 6
Jibs_PC#2016954728720446464 attack 22 24
Jibs_PC#2016954728720446464 roll 3
Jibs_PC#2016954728720446464 roll 1
DICE 3 1 4 2 2 4 
Jibs_PC#2016954728720446464 roll 3
Jibs_PC#2016954728720446464 roll 1
DICE 3 1 5 4 0 0 
Jibs_PC#2016954728720446464 move 4
Jibs_PC#2016954728720446464 attack 24 23
Jibs_PC#2016954728720446464 roll 3
Jibs_PC#2016954728720446464 roll 1
DICE 3 1 4 3 1 1 
Jibs_PC#2016954728720446464 attack 23 25
Jibs_PC#2016954728720446464 roll 2
Jibs_PC#2016954728720446464 roll 1
DICE 2 1 3 2 4 
Jibs_PC#2016954728720446464 retreat
Jibs_PC#2016954728720446464 endattack
Jibs_PC#2016954728720446464 movearmies 23 21 1
CARD 8
Jibs_PC#2016954728720446464 placearmies 15 2
Jibs_PC#2016954728720446464 placearmies 15 1
Jibs_PC#2016954728720446464 attack 15 17
Jibs_PC#2016954728720446464 roll 3
Jibs_PC#2016954728720446464 roll 2
DICE 3 2 3 3 2 5 4 
Jibs_PC#2016954728720446464 retreat
Jibs_PC#2016954728720446464 attack 15 16
Jibs_PC#2016954728720446464 roll 2
Jibs_PC#2016954728720446464 roll 1
DICE 2 1 3 3 4 
Jibs_PC#2016954728720446464 retreat
Jibs_PC#2016954728720446464 endattack
Jibs_PC#2016954728720446464 nomove
CARD 
Jibs_PC#2016954728720446464 placearmies 33 1
Jibs_PC#2016954728720446464 placearmies 25 4
Jibs_PC#2016954728720446464 attack 25 23
Jibs_PC#2016954728720446464 roll 3
Jibs_PC#2016954728720446464 roll 1
DICE 3 1 2 1 0 0 
Jibs_PC#2016954728720446464 move 4
Jibs_PC#2016954728720446464 attack 23 24
Jibs_PC#2016954728720446464 roll 3
Jibs_PC#2016954728720446464 roll 1
DICE 3 1 4 1 0 3 
Jibs_PC#2016954728720446464 attack 24 22
Jibs_PC#2016954728720446464 roll 2
Jibs_PC#2016954728720446464 roll 1
DICE 2 1 1 0 4 
Jibs_PC#2016954728720446464 retreat
Jibs_PC#2016954728720446464 endattack
Jibs_PC#2016954728720446464 movearmies 39 33 1
CARD 31
Jibs_PC#2016954728720446464 placearmies 3 1
Jibs_PC#2016954728720446464 placearmies 5 2
Jibs_PC#2016954728720446464 attack 5 9
Jibs_PC#2016954728720446464 roll 2
Jibs_PC#2016954728720446464 roll 1
DICE 2 1 5 5 4 
Jibs_PC#2016954728720446464 attack 3 2
Jibs_PC#2016954728720446464 roll 3
Jibs_PC#2016954728720446464 roll 2
DICE 3 2 5 2 0 3 0 
Jibs_PC#2016954728720446464 roll 3
Jibs_PC#2016954728720446464 roll 2
DICE 3 2 5 5 0 4 3 
Jibs_PC#2016954728720446464 move 10
Jibs_PC#2016954728720446464 attack 2 1
Jibs_PC#2016954728720446464 roll 3
Jibs_PC#2016954728720446464 roll 1
DICE 3 1 3 3 2 5 
Jibs_PC#2016954728720446464 roll 3
Jibs_PC#2016954728720446464 roll 1
DICE 3 1 2 1 0 0 
Jibs_PC#2016954728720446464 move 8
Jibs_PC#2016954728720446464 attack 1 38
Jibs_PC#2016954728720446464 roll 3
Jibs_PC#2016954728720446464 roll 1
DICE 3 1 4 3 0 4 
Jibs_PC#2016954728720446464 roll 3
Jibs_PC#2016954728720446464 roll 1
DICE 3 1 5 4 1 4 
Jibs_PC#2016954728720446464 move 6
Jibs_PC#2016954728720446464 attack 38 37
Jibs_PC#2016954728720446464 roll 3
Jibs_PC#2016954728720446464 roll 1
DICE 3 1 5 3 1 1 
Jibs_PC#2016954728720446464 move 4
Jibs_PC#2016954728720446464 endattack
Jibs_PC#2016954728720446464 movearmies 37 38 3
CARD 36
Jibs_PC#2016954728720446464 placearmies 36 3
Jibs_PC#2016954728720446464 attack 36 37
Jibs_PC#2016954728720446464 roll 3
Jibs_PC#2016954728720446464 roll 1
DICE 3 1 4 3 0 5 
Jibs_PC#2016954728720446464 roll 2
Jibs_PC#2016954728720446464 roll 1
DICE 2 1 5 5 1 
Jibs_PC#2016954728720446464 attack 29 30
Jibs_PC#2016954728720446464 roll 3
Jibs_PC#2016954728720446464 roll 1
DICE 3 1 5 4 2 0 
Jibs_PC#2016954728720446464 move 4
Jibs_PC#2016954728720446464 endattack
Jibs_PC#2016954728720446464 nomove
CARD 13
Jibs_PC#2016954728720446464 placearmies 17 2
Jibs_PC#2016954728720446464 placearmies 17 1
Jibs_PC#2016954728720446464 attack 17 15
Jibs_PC#2016954728720446464 roll 3
Jibs_PC#2016954728720446464 roll 2
DICE 3 2 2 2 0 5 3 
Jibs_PC#2016954728720446464 retreat
Jibs_PC#2016954728720446464 attack 17 14
Jibs_PC#2016954728720446464 roll 2
Jibs_PC#2016954728720446464 roll 1
DICE 2 1 2 2 2 
Jibs_PC#2016954728720446464 retreat
Jibs_PC#2016954728720446464 endattack
Jibs_PC#2016954728720446464 nomove
CARD 
Jibs_PC#2016954728720446464 placearmies 21 1
Jibs_PC#2016954728720446464 placearmies 10 4
Jibs_PC#2016954728720446464 attack 10 5
Jibs_PC#2016954728720446464 roll 3
Jibs_PC#2016954728720446464 roll 1
DICE 3 1 4 4 2 1 
Jibs_PC#2016954728720446464 move 4
Jibs_PC#2016954728720446464 endattack
Jibs_PC#2016954728720446464 movearmies 13 11 1
CARD 19
Jibs_PC#2016954728720446464 placearmies 15 2
Jibs_PC#2016954728720446464 placearmies 15 1
Jibs_PC#2016954728720446464 attack 15 17
Jibs_PC#2016954728720446464 roll 3
Jibs_PC#2016954728720446464 roll 2
DICE 3 2 2 1 1 3 2 
Jibs_PC#2016954728720446464 retreat
Jibs_PC#2016954728720446464 attack 15 16
Jibs_PC#2016954728720446464 roll 2
Jibs_PC#2016954728720446464 roll 1
DICE 2 1 2 1 0 
Jibs_PC#2016954728720446464 endattack
Jibs_PC#2016954728720446464 nomove
CARD 27
Jibs_PC#2016954728720446464 placearmies 24 3
Jibs_PC#2016954728720446464 placearmies 33 2
Jibs_PC#2016954728720446464 attack 24 22
Jibs_PC#2016954728720446464 roll 3
Jibs_PC#2016954728720446464 roll 1
DICE 3 1 2 2 0 3 
Jibs_PC#2016954728720446464 roll 3
Jibs_PC#2016954728720446464 roll 1
DICE 3 1 5 3 1 5 
Jibs_PC#2016954728720446464 roll 2
Jibs_PC#2016954728720446464 roll 1
DICE 2 1 3 0 4 
Jibs_PC#2016954728720446464 retreat
Jibs_PC#2016954728720446464 attack 33 32
Jibs_PC#2016954728720446464 roll 3
Jibs_PC#2016954728720446464 roll 2
DICE 3 2 4 3 0 3 1 
Jibs_PC#2016954728720446464 move 6
Jibs_PC#2016954728720446464 attack 32 31
Jibs_PC#2016954728720446464 roll 3
Jibs_PC#2016954728720446464 roll 1
DICE 3 1 5 5 4 5 
Jibs_PC#2016954728720446464 roll 3
Jibs_PC#2016954728720446464 roll 1
DICE 3 1 3 0 0 1 
Jibs_PC#2016954728720446464 move 4
Jibs_PC#2016954728720446464 attack 31 22
Jibs_PC#2016954728720446464 roll 3
Jibs_PC#2016954728720446464 roll 1
DICE 3 1 2 2 1 1 
Jibs_PC#2016954728720446464 endattack
Jibs_PC#2016954728720446464 nomove
CARD 23
Jibs_PC#2016954728720446464 placearmies 9 3
Jibs_PC#2016954728720446464 attack 38 36
Jibs_PC#2016954728720446464 roll 3
Jibs_PC#2016954728720446464 roll 1
DICE 3 1 2 2 0 4 
Jibs_PC#2016954728720446464 roll 3
Jibs_PC#2016954728720446464 roll 1
DICE 3 1 4 3 2 3 
Jibs_PC#2016954728720446464 endattack
Jibs_PC#2016954728720446464 movearmies 7 6 3
CARD 42
Jibs_PC#2016954728720446464 placearmies 30 3
Jibs_PC#2016954728720446464 attack 30 31
Jibs_PC#2016954728720446464 roll 3
Jibs_PC#2016954728720446464 roll 1
DICE 3 1 4 2 0 5 
Jibs_PC#2016954728720446464 roll 3
Jibs_PC#2016954728720446464 roll 1
DICE 3 1 2 1 1 4 
Jibs_PC#2016954728720446464 roll 3
Jibs_PC#2016954728720446464 roll 1
DICE 3 1 3 2 0 4 
Jibs_PC#2016954728720446464 roll 3
Jibs_PC#2016954728720446464 roll 1
DICE 3 1 2 1 0 0 
Jibs_PC#2016954728720446464 attack 31 32
Jibs_PC#2016954728720446464 roll 2
Jibs_PC#2016954728720446464 roll 1
DICE 2 1 4 3 0 
Jibs_PC#2016954728720446464 endattack
Jibs_PC#2016954728720446464 nomove
CARD 1
Jibs_PC#2016954728720446464 placearmies 17 2
Jibs_PC#2016954728720446464 placearmies 17 1
Jibs_PC#2016954728720446464 attack 17 14
Jibs_PC#2016954728720446464 roll 3
Jibs_PC#2016954728720446464 roll 1
DICE 3 1 3 2 1 0 
Jibs_PC#2016954728720446464 move 4
Jibs_PC#2016954728720446464 endattack
Jibs_PC#2016954728720446464 nomove
CARD wildcard
Jibs_PC#2016954728720446464 placearmies 5 1
Jibs_PC#2016954728720446464 placearmies 21 4
Jibs_PC#2016954728720446464 attack 21 20
Jibs_PC#2016954728720446464 roll 3
Jibs_PC#2016954728720446464 roll 1
DICE 3 1 1 1 1 5 
Jibs_PC#2016954728720446464 roll 3
Jibs_PC#2016954728720446464 roll 1
DICE 3 1 2 1 0 2 
Jibs_PC#2016954728720446464 retreat
Jibs_PC#2016954728720446464 attack 5 4
Jibs_PC#2016954728720446464 roll 3
Jibs_PC#2016954728720446464 roll 1
DICE 3 1 1 0 0 2 
Jibs_PC#2016954728720446464 roll 3
Jibs_PC#2016954728720446464 roll 1
DICE 3 1 5 3 1 5 
Jibs_PC#2016954728720446464 retreat
Jibs_PC#2016954728720446464 attack 21 22
Jibs_PC#2016954728720446464 roll 3
Jibs_PC#2016954728720446464 roll 2
DICE 3 2 4 4 4 4 1 
Jibs_PC#2016954728720446464 roll 3
Jibs_PC#2016954728720446464 roll 2
DICE 3 2 4 3 0 5 3 
Jibs_PC#2016954728720446464 retreat
Jibs_PC#2016954728720446464 attack 21 23
Jibs_PC#2016954728720446464 roll 2
Jibs_PC#2016954728720446464 roll 1
DICE 2 1 5 1 1 
Jibs_PC#2016954728720446464 endattack
Jibs_PC#2016954728720446464 movearmies 23 21 1
CARD 12
Jibs_PC#2016954728720446464 placearmies 16 2
Jibs_PC#2016954728720446464 placearmies 16 1
Jibs_PC#2016954728720446464 attack 16 18
Jibs_PC#2016954728720446464 roll 3
Jibs_PC#2016954728720446464 roll 1
DICE 3 1 2 1 0 2 
Jibs_PC#2016954728720446464 roll 3
Jibs_PC#2016954728720446464 roll 1
DICE 3 1 4 0 0 3 
Jibs_PC#2016954728720446464 endattack
Jibs_PC#2016954728720446464 nomove
CARD 3
Jibs_PC#2016954728720446464 placearmies 24 2
Jibs_PC#2016954728720446464 placearmies 24 1
Jibs_PC#2016954728720446464 placearmies 24 1
Jibs_PC#2016954728720446464 placearmies 33 1
Jibs_PC#2016954728720446464 attack 24 21
Jibs_PC#2016954728720446464 roll 3
Jibs_PC#2016954728720446464 roll 2
DICE 3 2 5 1 0 1 0 
Jibs_PC#2016954728720446464 move 5
Jibs_PC#2016954728720446464 attack 21 23
Jibs_PC#2016954728720446464 roll 3
Jibs_PC#2016954728720446464 roll 1
DICE 3 1 5 4 2 3 
Jibs_PC#2016954728720446464 move 3
Jibs_PC#2016954728720446464 endattack
Jibs_PC#2016954728720446464 movearmies 23 21 2
CARD 20
Jibs_PC#2016954728720446464 placearmies 36 1
Jibs_PC#2016954728720446464 placearmies 9 2
Jibs_PC#2016954728720446464 attack 9 5
Jibs_PC#2016954728720446464 roll 3
Jibs_PC#2016954728720446464 roll 2
DICE 3 2 4 1 1 3 1 
Jibs_PC#2016954728720446464 roll 3
Jibs_PC#2016954728720446464 roll 2
DICE 3 2 5 4 3 0 0 
Jibs_PC#2016954728720446464 move 5
Jibs_PC#2016954728720446464 attack 5 10
Jibs_PC#2016954728720446464 roll 3
Jibs_PC#2016954728720446464 roll 1
DICE 3 1 3 3 0 0 
Jibs_PC#2016954728720446464 move 4
Jibs_PC#2016954728720446464 endattack
Jibs_PC#2016954728720446464 movearmies 36 38 3
CARD 28
Jibs_PC#2016954728720446464 placearmies 37 2
Jibs_PC#2016954728720446464 placearmies 37 1
Jibs_PC#2016954728720446464 attack 37 36
Jibs_PC#2016954728720446464 roll 3
Jibs_PC#2016954728720446464 roll 1
DICE 3 1 4 3 2 3 
Jibs_PC#2016954728720446464 move 4
Jibs_PC#2016954728720446464 endattack
Jibs_PC#2016954728720446464 nomove
CARD 32
Jibs_PC#2016954728720446464 trade 9 17 wildcard
Jibs_PC#2016954728720446464 placearmies 14 10
Jibs_PC#2016954728720446464 placearmies 14 2
Jibs_PC#2016954728720446464 placearmies 14 1
Jibs_PC#2016954728720446464 attack 14 6
Jibs_PC#2016954728720446464 roll 3
Jibs_PC#2016954728720446464 roll 2
DICE 3 2 5 4 4 2 1 
Jibs_PC#2016954728720446464 roll 3
Jibs_PC#2016954728720446464 roll 2
DICE 3 2 5 4 3 4 0 
Jibs_PC#2016954728720446464 move 16
Jibs_PC#2016954728720446464 attack 6 2
Jibs_PC#2016954728720446464 roll 3
Jibs_PC#2016954728720446464 roll 1
DICE 3 1 4 3 0 3 
Jibs_PC#2016954728720446464 move 15
Jibs_PC#2016954728720446464 attack 2 1
Jibs_PC#2016954728720446464 roll 3
Jibs_PC#2016954728720446464 roll 1
DICE 3 1 3 1 0 3 
Jibs_PC#2016954728720446464 roll 3
Jibs_PC#2016954728720446464 roll 1
DICE 3 1 3 3 1 4 
Jibs_PC#2016954728720446464 roll 3
Jibs_PC#2016954728720446464 roll 1
DICE 3 1 5 2 2 3 
Jibs_PC#2016954728720446464 move 12
Jibs_PC#2016954728720446464 attack 1 3
Jibs_PC#2016954728720446464 roll 3
Jibs_PC#2016954728720446464 roll 1
DICE 3 1 3 3 2 2 
Jibs_PC#2016954728720446464 move 11
Jibs_PC#2016954728720446464 attack 3 4
Jibs_PC#2016954728720446464 roll 3
Jibs_PC#2016954728720446464 roll 1
DICE 3 1 3 1 1 2 
Jibs_PC#2016954728720446464 move 10
Jibs_PC#2016954728720446464 attack 4 5
Jibs_PC#2016954728720446464 roll 3
Jibs_PC#2016954728720446464 roll 1
DICE 3 1 4 1 0 0 
Jibs_PC#2016954728720446464 move 9
Jibs_PC#2016954728720446464 attack 5 9
Jibs_PC#2016954728720446464 roll 3
Jibs_PC#2016954728720446464 roll 1
DICE 3 1 3 0 0 5 
Jibs_PC#2016954728720446464 roll 3
Jibs_PC#2016954728720446464 roll 1
DICE 3 1 5 1 0 5 
Jibs_PC#2016954728720446464 roll 3
Jibs_PC#2016954728720446464 roll 1
DICE 3 1 5 4 2 5 
Jibs_PC#2016954728720446464 roll 3
Jibs_PC#2016954728720446464 roll 1
DICE 3 1 4 2 0 4 
Jibs_PC#2016954728720446464 roll 3
Jibs_PC#2016954728720446464 roll 1
DICE 3 1 4 2 0 0 
Jibs_PC#2016954728720446464 move 4
Jibs_PC#2016954728720446464 attack 9 7
Jibs_PC#2016954728720446464 roll 3
Jibs_PC#2016954728720446464 roll 1
DICE 3 1 4 1 1 1 
Jibs_PC#2016954728720446464 attack 7 8
Jibs_PC#2016954728720446464 roll 2
Jibs_PC#2016954728720446464 roll 1
DICE 2 1 5 1 2 
Jibs_PC#2016954728720446464 endattack
Jibs_PC#2016954728720446464 movearmies 17 14 2
CARD 18
Jibs_PC#2016954728720446464 placearmies 11 3
Jibs_PC#2016954728720446464 attack 11 10
Jibs_PC#2016954728720446464 roll 3
Jibs_PC#2016954728720446464 roll 2
DICE 3 2 5 4 1 3 1 
Jibs_PC#2016954728720446464 roll 3
Jibs_PC#2016954728720446464 roll 2
DICE 3 2 4 4 1 4 0 
Jibs_PC#2016954728720446464 roll 3
Jibs_PC#2016954728720446464 roll 1
DICE 3 1 2 0 0 0 
Jibs_PC#2016954728720446464 attack 10 5
Jibs_PC#2016954728720446464 roll 2
Jibs_PC#2016954728720446464 roll 1
DICE 2 1 5 3 1 
Jibs_PC#2016954728720446464 endattack
Jibs_PC#2016954728720446464 movearmies 13 12 1
CARD wildcard
Jibs_PC#2016954728720446464 trade 40 27 3
Jibs_PC#2016954728720446464 placearmies 18 1
Jibs_PC#2016954728720446464 placearmies 18 5
Jibs_PC#2016954728720446464 placearmies 18 7
Jibs_PC#2016954728720446464 attack 18 20
Jibs_PC#2016954728720446464 roll 3
Jibs_PC#2016954728720446464 roll 1
DICE 3 1 1 1 0 4 
Jibs_PC#2016954728720446464 roll 3
Jibs_PC#2016954728720446464 roll 1
DICE 3 1 5 5 0 5 
Jibs_PC#2016954728720446464 roll 3
Jibs_PC#2016954728720446464 roll 1
DICE 3 1 3 2 1 5 
Jibs_PC#2016954728720446464 roll 3
Jibs_PC#2016954728720446464 roll 1
DICE 3 1 5 2 0 4 
Jibs_PC#2016954728720446464 move 12
Jibs_PC#2016954728720446464 attack 20 22
Jibs_PC#2016954728720446464 roll 3
Jibs_PC#2016954728720446464 roll 2
DICE 3 2 5 2 1 1 0 
Jibs_PC#2016954728720446464 move 11
Jibs_PC#2016954728720446464 attack 22 21
Jibs_PC#2016954728720446464 roll 3
Jibs_PC#2016954728720446464 roll 2
DICE 3 2 3 2 2 3 1 
Jibs_PC#2016954728720446464 roll 3
Jibs_PC#2016954728720446464 roll 2
DICE 3 2 5 3 2 1 0 
Jibs_PC#2016954728720446464 roll 3
Jibs_PC#2016954728720446464 roll 1
DICE 3 1 5 4 1 5 
Jibs_PC#2016954728720446464 roll 3
Jibs_PC#2016954728720446464 roll 1
DICE 3 1 3 1 0 1 
Jibs_PC#2016954728720446464 move 8
Jibs_PC#2016954728720446464 attack 21 12
Jibs_PC#2016954728720446464 roll 3
Jibs_PC#2016954728720446464 roll 2
DICE 3 2 4 3 1 2 2 
Jibs_PC#2016954728720446464 move 7
Jibs_PC#2016954728720446464 endattack
Jibs_PC#2016954728720446464 nomove
CARD 41
Jibs_PC#2016954728720446464 placearmies 33 1
Jibs_PC#2016954728720446464 placearmies 24 4
Jibs_PC#2016954728720446464 attack 24 21
Jibs_PC#2016954728720446464 roll 3
Jibs_PC#2016954728720446464 roll 1
DICE 3 1 5 2 2 3 
Jibs_PC#2016954728720446464 move 4
Jibs_PC#2016954728720446464 attack 21 22
Jibs_PC#2016954728720446464 roll 3
Jibs_PC#2016954728720446464 roll 1
DICE 3 1 3 3 1 3 
Jibs_PC#2016954728720446464 roll 2
Jibs_PC#2016954728720446464 roll 1
DICE 2 1 3 1 0 
Jibs_PC#2016954728720446464 endattack
Jibs_PC#2016954728720446464 nomove
CARD 37
Jibs_PC#2016954728720446464 trade 33 42 28
Jibs_PC#2016954728720446464 placearmies 38 13
Jibs_PC#2016954728720446464 attack 38 1
Jibs_PC#2016954728720446464 roll 3
Jibs_PC#2016954728720446464 roll 1
DICE 3 1 3 2 0 4 
Jibs_PC#2016954728720446464 roll 3
Jibs_PC#2016954728720446464 roll 1
DICE 3 1 5 2 0 1 
Jibs_PC#2016954728720446464 move 15
Jibs_PC#2016954728720446464 attack 1 2
Jibs_PC#2016954728720446464 roll 3
Jibs_PC#2016954728720446464 roll 1
DICE 3 1 4 3 3 0 
Jibs_PC#2016954728720446464 move 14
Jibs_PC#2016954728720446464 attack 2 3
Jibs_PC#2016954728720446464 roll 3
Jibs_PC#2016954728720446464 roll 1
DICE 3 1 5 2 0 3 
Jibs_PC#2016954728720446464 move 13
Jibs_PC#2016954728720446464 attack 3 4
Jibs_PC#2016954728720446464 roll 3
Jibs_PC#2016954728720446464 roll 1
DICE 3 1 3 2 1 0 
Jibs_PC#2016954728720446464 move 12
Jibs_PC#2016954728720446464 attack 4 5
Jibs_PC#2016954728720446464 roll 3
Jibs_PC#2016954728720446464 roll 2
DICE 3 2 4 2 0 1 0 
Jibs_PC#2016954728720446464 move 11
Jibs_PC#2016954728720446464 attack 5 10
Jibs_PC#2016954728720446464 roll 3
Jibs_PC#2016954728720446464 roll 1
DICE 3 1 5 2 0 1 
Jibs_PC#2016954728720446464 move 10
Jibs_PC#2016954728720446464 attack 10 11
Jibs_PC#2016954728720446464 roll 3
Jibs_PC#2016954728720446464 roll 1
DICE 3 1 4 3 1 2 
Jibs_PC#2016954728720446464 move 9
Jibs_PC#2016954728720446464 attack 11 13
Jibs_PC#2016954728720446464 roll 3
Jibs_PC#2016954728720446464 roll 1
DICE 3 1 4 2 1 0 
Jibs_PC#2016954728720446464 move 8
Jibs_PC#2016954728720446464 trade 36 8 12
Jibs_PC#2016954728720446464 placearmies 13 3
Jibs_PC#2016954728720446464 placearmies 4 4
Jibs_PC#2016954728720446464 placearmies 38 1
Jibs_PC#2016954728720446464 attack 4 9
Jibs_PC#2016954728720446464 roll 3
Jibs_PC#2016954728720446464 roll 1
DICE 3 1 5 5 5 3 
Jibs_PC#2016954728720446464 move 4
Jibs_PC#2016954728720446464 attack 9 7
Jibs_PC#2016954728720446464 roll 3
Jibs_PC#2016954728720446464 roll 1
DICE 3 1 5 4 0 2 
Jibs_PC#2016954728720446464 attack 7 6
Jibs_PC#2016954728720446464 roll 2
Jibs_PC#2016954728720446464 roll 1
DICE 2 1 4 3 0 
Jibs_PC#2016954728720446464 attack 13 12
Jibs_PC#2016954728720446464 roll 3
Jibs_PC#2016954728720446464 roll 2
DICE 3 2 4 1 0 4 3 
Jibs_PC#2016954728720446464 roll 3
Jibs_PC#2016954728720446464 roll 2
DICE 3 2 2 1 1 5 3 
Jibs_PC#2016954728720446464 retreat
Jibs_PC#2016954728720446464 endattack
Jibs_PC#2016954728720446464 nomove
CARD 35
Jibs_PC#2016954728720446464 trade 13 1 32
Jibs_PC#2016954728720446464 placearmies 36 1
Jibs_PC#2016954728720446464 placearmies 36 1
Jibs_PC#2016954728720446464 placearmies 36 5
Jibs_PC#2016954728720446464 attack 36 38
Jibs_PC#2016954728720446464 roll 3
Jibs_PC#2016954728720446464 roll 2
DICE 3 2 5 3 1 3 1 
Jibs_PC#2016954728720446464 move 10
Jibs_PC#2016954728720446464 endattack
Jibs_PC#2016954728720446464 nomove
CARD 7
Jibs_PC#2016954728720446464 placearmies 14 1
Jibs_PC#2016954728720446464 placearmies 14 1
Jibs_PC#2016954728720446464 placearmies 14 1
Jibs_PC#2016954728720446464 attack 14 15
Jibs_PC#2016954728720446464 roll 3
Jibs_PC#2016954728720446464 roll 1
DICE 3 1 5 0 0 4 
Jibs_PC#2016954728720446464 move 5
Jibs_PC#2016954728720446464 attack 15 16
Jibs_PC#2016954728720446464 roll 3
Jibs_PC#2016954728720446464 roll 1
DICE 3 1 4 3 3 1 
Jibs_PC#2016954728720446464 move 4
Jibs_PC#2016954728720446464 attack 16 18
Jibs_PC#2016954728720446464 roll 3
Jibs_PC#2016954728720446464 roll 1
DICE 3 1 5 5 0 0 
Jibs_PC#2016954728720446464 attack 18 20
Jibs_PC#2016954728720446464 roll 2
Jibs_PC#2016954728720446464 roll 1
DICE 2 1 3 0 1 
Jibs_PC#2016954728720446464 endattack
Jibs_PC#2016954728720446464 nomove
CARD 6
Jibs_PC#2016954728720446464 placearmies 12 1
Jibs_PC#2016954728720446464 placearmies 12 1
Jibs_PC#2016954728720446464 placearmies 12 1
Jibs_PC#2016954728720446464 attack 12 21
Jibs_PC#2016954728720446464 roll 3
Jibs_PC#2016954728720446464 roll 1
DICE 3 1 5 4 2 2 
Jibs_PC#2016954728720446464 move 9
Jibs_PC#2016954728720446464 attack 21 20
Jibs_PC#2016954728720446464 roll 3
Jibs_PC#2016954728720446464 roll 2
DICE 3 2 3 1 1 5 3 
Jibs_PC#2016954728720446464 roll 3
Jibs_PC#2016954728720446464 roll 2
DICE 3 2 5 4 0 5 3 
Jibs_PC#2016954728720446464 retreat
Jibs_PC#2016954728720446464 attack 21 19
Jibs_PC#2016954728720446464 roll 3
Jibs_PC#2016954728720446464 roll 1
DICE 3 1 3 2 0 1 
Jibs_PC#2016954728720446464 move 5
Jibs_PC#2016954728720446464 endattack
Jibs_PC#2016954728720446464 nomove
CARD 22
Jibs_PC#2016954728720446464 trade 15 23 37
Jibs_PC#2016954728720446464 placearmies 23 5
Jibs_PC#2016954728720446464 placearmies 23 6
Jibs_PC#2016954728720446464 placearmies 23 3
Jibs_PC#2016954728720446464 placearmies 23 1
Jibs_PC#2016954728720446464 attack 23 21
Jibs_PC#2016954728720446464 roll 3
Jibs_PC#2016954728720446464 roll 1
DICE 3 1 4 2 0 1 
Jibs_PC#2016954728720446464 move 17
Jibs_PC#2016954728720446464 attack 21 20
Jibs_PC#2016954728720446464 roll 3
Jibs_PC#2016954728720446464 roll 1
DICE 3 1 2 1 0 0 
Jibs_PC#2016954728720446464 move 15
Jibs_PC#2016954728720446464 attack 20 18
Jibs_PC#2016954728720446464 roll 3
Jibs_PC#2016954728720446464 roll 1
DICE 3 1 4 2 2 1 
Jibs_PC#2016954728720446464 move 14
Jibs_PC#2016954728720446464 attack 18 17
Jibs_PC#2016954728720446464 roll 3
Jibs_PC#2016954728720446464 roll 1
DICE 3 1 5 5 2 5 
Jibs_PC#2016954728720446464 roll 3
Jibs_PC#2016954728720446464 roll 1
DICE 3 1 5 3 2 2 
Jibs_PC#2016954728720446464 move 12
Jibs_PC#2016954728720446464 attack 17 15
Jibs_PC#2016954728720446464 roll 3
Jibs_PC#2016954728720446464 roll 1
DICE 3 1 5 2 0 4 
Jibs_PC#2016954728720446464 move 11
Jibs_PC#2016954728720446464 attack 15 16
Jibs_PC#2016954728720446464 roll 3
Jibs_PC#2016954728720446464 roll 1
DICE 3 1 2 2 2 4 
Jibs_PC#2016954728720446464 roll 3
Jibs_PC#2016954728720446464 roll 1
DICE 3 1 5 4 3 0 
Jibs_PC#2016954728720446464 move 9
Jibs_PC#2016954728720446464 attack 16 31
Jibs_PC#2016954728720446464 roll 3
Jibs_PC#2016954728720446464 roll 1
DICE 3 1 5 1 1 3 
Jibs_PC#2016954728720446464 move 8
Jibs_PC#2016954728720446464 attack 31 30
Jibs_PC#2016954728720446464 roll 3
Jibs_PC#2016954728720446464 roll 1
DICE 3 1 5 1 0 1 
Jibs_PC#2016954728720446464 move 6
Jibs_PC#2016954728720446464 attack 30 28
Jibs_PC#2016954728720446464 roll 3
Jibs_PC#2016954728720446464 roll 1
DICE 3 1 5 4 0 0 
Jibs_PC#2016954728720446464 move 5
Jibs_PC#2016954728720446464 attack 28 27
Jibs_PC#2016954728720446464 roll 3
Jibs_PC#2016954728720446464 roll 1
DICE 3 1 4 4 1 1 
Jibs_PC#2016954728720446464 move 4
Jibs_PC#2016954728720446464 endattack
Jibs_PC#2016954728720446464 movearmies 22 20 1
CARD 11
Jibs_PC#2016954728720446464 trade 26 19 wildcard
Jibs_PC#2016954728720446464 placearmies 6 3
Jibs_PC#2016954728720446464 placearmies 13 2
Jibs_PC#2016954728720446464 placearmies 6 1
Jibs_PC#2016954728720446464 placearmies 6 1
Jibs_PC#2016954728720446464 attack 13 12
Jibs_PC#2016954728720446464 roll 3
Jibs_PC#2016954728720446464 roll 1
DICE 3 1 2 1 0 3 
Jibs_PC#2016954728720446464 roll 3
Jibs_PC#2016954728720446464 roll 1
DICE 3 1 5 5 4 5 
Jibs_PC#2016954728720446464 roll 3
Jibs_PC#2016954728720446464 roll 1
DICE 3 1 4 0 0 0 
Jibs_PC#2016954728720446464 move 6
Jibs_PC#2016954728720446464 attack 12 21
Jibs_PC#2016954728720446464 roll 3
Jibs_PC#2016954728720446464 roll 2
DICE 3 2 2 2 0 3 0 
Jibs_PC#2016954728720446464 roll 3
Jibs_PC#2016954728720446464 roll 1
DICE 3 1 2 2 0 0 
Jibs_PC#2016954728720446464 move 4
Jibs_PC#2016954728720446464 attack 21 24
Jibs_PC#2016954728720446464 roll 3
Jibs_PC#2016954728720446464 roll 1
DICE 3 1 2 2 2 1 
Jibs_PC#2016954728720446464 attack 24 26
Jibs_PC#2016954728720446464 roll 2
Jibs_PC#2016954728720446464 roll 1
DICE 2 1 1 1 3 
Jibs_PC#2016954728720446464 retreat
Jibs_PC#2016954728720446464 endattack
Jibs_PC#2016954728720446464 movearmies 6 7 1
CARD 24
Jibs_PC#2016954728720446464 trade 29 39 7
Jibs_PC#2016954728720446464 placearmies 32 9
Jibs_PC#2016954728720446464 attack 32 31
Jibs_PC#2016954728720446464 roll 3
Jibs_PC#2016954728720446464 roll 2
DICE 3 2 2 0 0 4 1 
Jibs_PC#2016954728720446464 roll 3
Jibs_PC#2016954728720446464 roll 2
DICE 3 2 5 1 0 2 1 
Jibs_PC#2016954728720446464 retreat
Jibs_PC#2016954728720446464 attack 32 33
Jibs_PC#2016954728720446464 roll 3
Jibs_PC#2016954728720446464 roll 2
DICE 3 2 5 5 2 5 0 
Jibs_PC#2016954728720446464 roll 3
Jibs_PC#2016954728720446464 roll 2
DICE 3 2 5 4 2 5 2 
Jibs_PC#2016954728720446464 roll 3
Jibs_PC#2016954728720446464 roll 2
DICE 3 2 5 3 1 5 3 
Jibs_PC#2016954728720446464 roll 3
Jibs_PC#2016954728720446464 roll 2
DICE 3 2 3 0 0 4 3 
Jibs_PC#2016954728720446464 roll 3
Jibs_PC#2016954728720446464 roll 2
DICE 3 2 5 2 2 4 3 
Jibs_PC#2016954728720446464 retreat
Jibs_PC#2016954728720446464 attack 29 33
Jibs_PC#2016954728720446464 roll 2
Jibs_PC#2016954728720446464 roll 1
DICE 2 1 4 2 4 
Jibs_PC#2016954728720446464 retreat
Jibs_PC#2016954728720446464 attack 32 33
Jibs_PC#2016954728720446464 roll 2
Jibs_PC#2016954728720446464 roll 1
DICE 2 1 5 1 3 
Jibs_PC#2016954728720446464 endattack
Jibs_PC#2016954728720446464 nomove
CARD 38
Jibs_PC#2016954728720446464 placearmies 8 2
Jibs_PC#2016954728720446464 placearmies 8 1
Jibs_PC#2016954728720446464 attack 8 9
Jibs_PC#2016954728720446464 roll 3
Jibs_PC#2016954728720446464 roll 1
DICE 3 1 1 1 0 4 
Jibs_PC#2016954728720446464 roll 3
Jibs_PC#2016954728720446464 roll 1
DICE 3 1 5 5 3 5 
Jibs_PC#2016954728720446464 roll 2
Jibs_PC#2016954728720446464 roll 1
DICE 2 1 1 0 0 
Jibs_PC#2016954728720446464 endattack
Jibs_PC#2016954728720446464 nomove
CARD 14
Jibs_PC#2016954728720446464 placearmies 19 3
Jibs_PC#2016954728720446464 attack 19 17
Jibs_PC#2016954728720446464 roll 3
Jibs_PC#2016954728720446464 roll 1
DICE 3 1 4 3 1 4 
Jibs_PC#2016954728720446464 roll 3
Jibs_PC#2016954728720446464 roll 1
DICE 3 1 2 0 0 0 
Jibs_PC#2016954728720446464 move 6
Jibs_PC#2016954728720446464 attack 17 14
Jibs_PC#2016954728720446464 roll 3
Jibs_PC#2016954728720446464 roll 1
DICE 3 1 3 3 1 4 
Jibs_PC#2016954728720446464 roll 3
Jibs_PC#2016954728720446464 roll 1
DICE 3 1 2 1 0 2 
Jibs_PC#2016954728720446464 roll 3
Jibs_PC#2016954728720446464 roll 1
DICE 3 1 5 3 2 0 
Jibs_PC#2016954728720446464 attack 14 15
Jibs_PC#2016954728720446464 roll 2
Jibs_PC#2016954728720446464 roll 1
DICE 2 1 5 2 5 
Jibs_PC#2016954728720446464 retreat
Jibs_PC#2016954728720446464 endattack
Jibs_PC#2016954728720446464 nomove
CARD 30
Jibs_PC#2016954728720446464 placearmies 20 7
Jibs_PC#2016954728720446464 attack 20 19
Jibs_PC#2016954728720446464 roll 3
Jibs_PC#2016954728720446464 roll 1
DICE 3 1 3 2 1 4 
Jibs_PC#2016954728720446464 roll 3
Jibs_PC#2016954728720446464 roll 1
DICE 3 1 5 2 1 4 
Jibs_PC#2016954728720446464 move 7
Jibs_PC#2016954728720446464 attack 19 17
Jibs_PC#2016954728720446464 roll 3
Jibs_PC#2016954728720446464 roll 1
DICE 3 1 3 2 2 2 
Jibs_PC#2016954728720446464 move 6
Jibs_PC#2016954728720446464 attack 17 14
Jibs_PC#2016954728720446464 roll 3
Jibs_PC#2016954728720446464 roll 2
DICE 3 2 3 3 2 4 3 
Jibs_PC#2016954728720446464 roll 3
Jibs_PC#2016954728720446464 roll 2
DICE 3 2 2 1 1 5 1 
Jibs_PC#2016954728720446464 retreat
Jibs_PC#2016954728720446464 endattack
Jibs_PC#2016954728720446464 movearmies 40 39 1
CARD 4
Jibs_PC#2016954728720446464 placearmies 6 3
Jibs_PC#2016954728720446464 placearmies 21 1
Jibs_PC#2016954728720446464 placearmies 5 1
Jibs_PC#2016954728720446464 placearmies 1 1
Jibs_PC#2016954728720446464 attack 6 14
Jibs_PC#2016954728720446464 roll 3
Jibs_PC#2016954728720446464 roll 2
DICE 3 2 5 3 1 3 2 
Jibs_PC#2016954728720446464 move 8
Jibs_PC#2016954728720446464 attack 14 17
Jibs_PC#2016954728720446464 roll 3
Jibs_PC#2016954728720446464 roll 2
DICE 3 2 4 1 0 5 1 
Jibs_PC#2016954728720446464 roll 3
Jibs_PC#2016954728720446464 roll 2
DICE 3 2 4 1 1 3 2 
Jibs_PC#2016954728720446464 roll 3
Jibs_PC#2016954728720446464 roll 1
DICE 3 1 3 2 0 0 
Jibs_PC#2016954728720446464 move 4
Jibs_PC#2016954728720446464 attack 17 19
Jibs_PC#2016954728720446464 roll 3
Jibs_PC#2016954728720446464 roll 1
DICE 3 1 3 3 2 3 
Jibs_PC#2016954728720446464 roll 2
Jibs_PC#2016954728720446464 roll 1
DICE 2 1 3 0 2 
Jibs_PC#2016954728720446464 endattack
Jibs_PC#2016954728720446464 movearmies 24 21 1
CARD 21
Jibs_PC#2016954728720446464 placearmies 29 3
Jibs_PC#2016954728720446464 attack 29 28
Jibs_PC#2016954728720446464 roll 3
Jibs_PC#2016954728720446464 roll 1
DICE 3 1 4 1 1 2 
Jibs_PC#2016954728720446464 move 4
Jibs_PC#2016954728720446464 attack 28 30
Jibs_PC#2016954728720446464 roll 3
Jibs_PC#2016954728720446464 roll 1
DICE 3 1 3 2 0 0 
Jibs_PC#2016954728720446464 attack 30 31
Jibs_PC#2016954728720446464 roll 2
Jibs_PC#2016954728720446464 roll 1
DICE 2 1 5 0 5 
Jibs_PC#2016954728720446464 retreat
Jibs_PC#2016954728720446464 attack 38 1
Jibs_PC#2016954728720446464 roll 3
Jibs_PC#2016954728720446464 roll 2
DICE 3 2 5 5 1 5 3 
Jibs_PC#2016954728720446464 roll 3
Jibs_PC#2016954728720446464 roll 1
DICE 3 1 5 4 0 4 
Jibs_PC#2016954728720446464 move 8
Jibs_PC#2016954728720446464 attack 1 3
Jibs_PC#2016954728720446464 roll 3
Jibs_PC#2016954728720446464 roll 1
DICE 3 1 3 1 0 5 
Jibs_PC#2016954728720446464 roll 3
Jibs_PC#2016954728720446464 roll 1
DICE 3 1 3 3 2 5 
Jibs_PC#2016954728720446464 roll 3
Jibs_PC#2016954728720446464 roll 1
DICE 3 1 4 4 2 3 
Jibs_PC#2016954728720446464 move 5
Jibs_PC#2016954728720446464 attack 3 4
Jibs_PC#2016954728720446464 roll 3
Jibs_PC#2016954728720446464 roll 1
DICE 3 1 3 2 0 2 
Jibs_PC#2016954728720446464 move 4
Jibs_PC#2016954728720446464 endattack
Jibs_PC#2016954728720446464 nomove
CARD 10
Jibs_PC#2016954728720446464 placearmies 9 3
Jibs_PC#2016954728720446464 attack 9 5
Jibs_PC#2016954728720446464 roll 3
Jibs_PC#2016954728720446464 roll 2
DICE 3 2 4 3 0 4 3 
Jibs_PC#2016954728720446464 retreat
Jibs_PC#2016954728720446464 attack 9 7
Jibs_PC#2016954728720446464 roll 2
Jibs_PC#2016954728720446464 roll 2
DICE 2 2 4 3 3 3 
Jibs_PC#2016954728720446464 retreat
Jibs_PC#2016954728720446464 endattack
Jibs_PC#2016954728720446464 nomove
CARD 
Jibs_PC#2016954728720446464 trade 31 20 4
Jibs_PC#2016954728720446464 placearmies 15 14
Jibs_PC#2016954728720446464 placearmies 15 2
Jibs_PC#2016954728720446464 attack 15 14
Jibs_PC#2016954728720446464 roll 3
Jibs_PC#2016954728720446464 roll 1
DICE 3 1 5 3 1 2 
Jibs_PC#2016954728720446464 move 16
Jibs_PC#2016954728720446464 attack 14 6
Jibs_PC#2016954728720446464 roll 3
Jibs_PC#2016954728720446464 roll 1
DICE 3 1 5 3 3 0 
Jibs_PC#2016954728720446464 move 15
Jibs_PC#2016954728720446464 attack 6 8
Jibs_PC#2016954728720446464 roll 3
Jibs_PC#2016954728720446464 roll 1
DICE 3 1 3 2 0 5 
Jibs_PC#2016954728720446464 roll 3
Jibs_PC#2016954728720446464 roll 1
DICE 3 1 3 1 0 0 
Jibs_PC#2016954728720446464 move 13
Jibs_PC#2016954728720446464 attack 8 9
Jibs_PC#2016954728720446464 roll 3
Jibs_PC#2016954728720446464 roll 2
DICE 3 2 3 2 0 3 1 
Jibs_PC#2016954728720446464 roll 3
Jibs_PC#2016954728720446464 roll 1
DICE 3 1 5 5 3 1 
Jibs_PC#2016954728720446464 move 11
Jibs_PC#2016954728720446464 attack 9 5
Jibs_PC#2016954728720446464 roll 3
Jibs_PC#2016954728720446464 roll 2
DICE 3 2 3 3 2 3 1 
Jibs_PC#2016954728720446464 roll 3
Jibs_PC#2016954728720446464 roll 1
DICE 3 1 5 4 4 2 
Jibs_PC#2016954728720446464 move 9
Jibs_PC#2016954728720446464 attack 5 10
Jibs_PC#2016954728720446464 roll 3
Jibs_PC#2016954728720446464 roll 1
DICE 3 1 3 1 0 0 
Jibs_PC#2016954728720446464 move 8
Jibs_PC#2016954728720446464 attack 10 12
Jibs_PC#2016954728720446464 roll 3
Jibs_PC#2016954728720446464 roll 1
DICE 3 1 5 5 3 4 
Jibs_PC#2016954728720446464 move 7
Jibs_PC#2016954728720446464 attack 12 13
Jibs_PC#2016954728720446464 roll 3
Jibs_PC#2016954728720446464 roll 1
DICE 3 1 4 1 0 2 
Jibs_PC#2016954728720446464 move 5
Jibs_PC#2016954728720446464 attack 13 11
Jibs_PC#2016954728720446464 roll 3
Jibs_PC#2016954728720446464 roll 1
DICE 3 1 5 1 0 1 
Jibs_PC#2016954728720446464 move 3
Jibs_PC#2016954728720446464 endattack
Jibs_PC#2016954728720446464 movearmies 13 12 1
CARD 16
Jibs_PC#2016954728720446464 trade 35 22 30
Jibs_PC#2016954728720446464 placearmies 21 1
Jibs_PC#2016954728720446464 placearmies 21 4
Jibs_PC#2016954728720446464 placearmies 21 2
Jibs_PC#2016954728720446464 attack 21 12
Jibs_PC#2016954728720446464 roll 3
Jibs_PC#2016954728720446464 roll 2
DICE 3 2 5 5 5 3 3 
Jibs_PC#2016954728720446464 roll 3
Jibs_PC#2016954728720446464 roll 1
DICE 3 1 3 0 0 4 
Jibs_PC#2016954728720446464 roll 3
Jibs_PC#2016954728720446464 roll 1
DICE 3 1 5 3 2 2 
Jibs_PC#2016954728720446464 move 8
Jibs_PC#2016954728720446464 attack 12 13
Jibs_PC#2016954728720446464 roll 3
Jibs_PC#2016954728720446464 roll 1
DICE 3 1 2 1 0 1 
Jibs_PC#2016954728720446464 move 7
Jibs_PC#2016954728720446464 attack 13 11
Jibs_PC#2016954728720446464 roll 3
Jibs_PC#2016954728720446464 roll 2
DICE 3 2 5 5 4 4 2 
Jibs_PC#2016954728720446464 roll 3
Jibs_PC#2016954728720446464 roll 1
DICE 3 1 4 3 2 1 
Jibs_PC#2016954728720446464 move 6
Jibs_PC#2016954728720446464 attack 11 10
Jibs_PC#2016954728720446464 roll 3
Jibs_PC#2016954728720446464 roll 1
DICE 3 1 2 2 2 3 
Jibs_PC#2016954728720446464 roll 3
Jibs_PC#2016954728720446464 roll 1
DICE 3 1 5 1 0 2 
Jibs_PC#2016954728720446464 move 4
Jibs_PC#2016954728720446464 endattack
Jibs_PC#2016954728720446464 movearmies 19 21 1
CARD 25
Jibs_PC#2016954728720446464 placearmies 33 4
Jibs_PC#2016954728720446464 attack 33 39
Jibs_PC#2016954728720446464 roll 3
Jibs_PC#2016954728720446464 roll 2
DICE 3 2 3 3 1 4 0 
Jibs_PC#2016954728720446464 roll 3
Jibs_PC#2016954728720446464 roll 1
DICE 3 1 4 1 1 1 
Jibs_PC#2016954728720446464 move 4
Jibs_PC#2016954728720446464 attack 39 41
Jibs_PC#2016954728720446464 roll 3
Jibs_PC#2016954728720446464 roll 1
DICE 3 1 3 3 1 0 
Jibs_PC#2016954728720446464 attack 41 42
Jibs_PC#2016954728720446464 roll 2
Jibs_PC#2016954728720446464 roll 1
DICE 2 1 4 1 3 
Jibs_PC#2016954728720446464 attack 4 9
Jibs_PC#2016954728720446464 roll 3
Jibs_PC#2016954728720446464 roll 1
DICE 3 1 2 1 0 2 
Jibs_PC#2016954728720446464 roll 2
Jibs_PC#2016954728720446464 roll 1
DICE 2 1 4 2 1 
Jibs_PC#2016954728720446464 endattack
Jibs_PC#2016954728720446464 nomove
CARD 5
Jibs_PC#2016954728720446464 trade 11 14 16
Jibs_PC#2016954728720446464 placearmies 40 7
Jibs_PC#2016954728720446464 placearmies 40 3
Jibs_PC#2016954728720446464 placearmies 40 5
Jibs_PC#2016954728720446464 attack 40 42
Jibs_PC#2016954728720446464 roll 3
Jibs_PC#2016954728720446464 roll 2
DICE 3 2 4 3 3 3 0 
Jibs_PC#2016954728720446464 move 15
Jibs_PC#2016954728720446464 attack 42 41
Jibs_PC#2016954728720446464 roll 3
Jibs_PC#2016954728720446464 roll 1
DICE 3 1 5 2 0 2 
Jibs_PC#2016954728720446464 move 14
Jibs_PC#2016954728720446464 attack 41 39
Jibs_PC#2016954728720446464 roll 3
Jibs_PC#2016954728720446464 roll 1
DICE 3 1 3 2 1 4 
Jibs_PC#2016954728720446464 roll 3
Jibs_PC#2016954728720446464 roll 1
DICE 3 1 4 0 0 0 
Jibs_PC#2016954728720446464 move 12
Jibs_PC#2016954728720446464 attack 31 32
Jibs_PC#2016954728720446464 roll 2
Jibs_PC#2016954728720446464 roll 1
DICE 2 1 5 3 0 
Jibs_PC#2016954728720446464 attack 27 36
Jibs_PC#2016954728720446464 roll 3
Jibs_PC#2016954728720446464 roll 1
DICE 3 1 4 0 0 0 
Jibs_PC#2016954728720446464 attack 36 38
Jibs_PC#2016954728720446464 roll 2
Jibs_PC#2016954728720446464 roll 1
DICE 2 1 2 1 4 
Jibs_PC#2016954728720446464 retreat
Jibs_PC#2016954728720446464 attack 39 33
Jibs_PC#2016954728720446464 roll 3
Jibs_PC#2016954728720446464 roll 1
DICE 3 1 4 0 0 3 
Jibs_PC#2016954728720446464 move 11
Jibs_PC#2016954728720446464 attack 33 29
Jibs_PC#2016954728720446464 roll 3
Jibs_PC#2016954728720446464 roll 1
DICE 3 1 4 0 0 0 
Jibs_PC#2016954728720446464 move 10
Jibs_PC#2016954728720446464 attack 29 30
Jibs_PC#2016954728720446464 roll 3
Jibs_PC#2016954728720446464 roll 2
DICE 3 2 4 4 2 2 0 
Jibs_PC#2016954728720446464 move 5
Jibs_PC#2016954728720446464 attack 29 28
Jibs_PC#2016954728720446464 roll 3
Jibs_PC#2016954728720446464 roll 1
DICE 3 1 4 2 1 2 
Jibs_PC#2016954728720446464 move 3
Jibs_PC#2016954728720446464 attack 14 17
Jibs_PC#2016954728720446464 roll 2
Jibs_PC#2016954728720446464 roll 1
DICE 2 1 3 3 2 
Jibs_PC#2016954728720446464 endattack
Jibs_PC#2016954728720446464 movearmies 28 27 2
CARD 34
Jibs_PC#2016954728720446464 trade 24 41 25
Jibs_PC#2016954728720446464 placearmies 24 8
Jibs_PC#2016954728720446464 placearmies 24 5
Jibs_PC#2016954728720446464 attack 24 22
Jibs_PC#2016954728720446464 roll 3
Jibs_PC#2016954728720446464 roll 1
DICE 3 1 4 4 0 0 
Jibs_PC#2016954728720446464 move 15
Jibs_PC#2016954728720446464 attack 22 31
Jibs_PC#2016954728720446464 roll 3
Jibs_PC#2016954728720446464 roll 1
DICE 3 1 5 5 4 5 
Jibs_PC#2016954728720446464 roll 3
Jibs_PC#2016954728720446464 roll 1
DICE 3 1 5 2 0 2 
Jibs_PC#2016954728720446464 move 13
Jibs_PC#2016954728720446464 attack 31 32
Jibs_PC#2016954728720446464 roll 3
Jibs_PC#2016954728720446464 roll 2
DICE 3 2 4 3 0 5 0 
Jibs_PC#2016954728720446464 roll 3
Jibs_PC#2016954728720446464 roll 1
DICE 3 1 5 4 3 2 
Jibs_PC#2016954728720446464 move 11
Jibs_PC#2016954728720446464 attack 32 33
Jibs_PC#2016954728720446464 roll 3
Jibs_PC#2016954728720446464 roll 1
DICE 3 1 4 4 1 5 
Jibs_PC#2016954728720446464 roll 3
Jibs_PC#2016954728720446464 roll 1
DICE 3 1 5 5 2 2 
Jibs_PC#2016954728720446464 move 9
Jibs_PC#2016954728720446464 attack 33 39
Jibs_PC#2016954728720446464 roll 3
Jibs_PC#2016954728720446464 roll 1
DICE 3 1 4 3 0 1 
Jibs_PC#2016954728720446464 move 8
Jibs_PC#2016954728720446464 attack 39 41
Jibs_PC#2016954728720446464 roll 3
Jibs_PC#2016954728720446464 roll 1
DICE 3 1 2 1 0 1 
Jibs_PC#2016954728720446464 move 7
Jibs_PC#2016954728720446464 attack 41 42
Jibs_PC#2016954728720446464 roll 3
Jibs_PC#2016954728720446464 roll 1
DICE 3 1 2 1 0 5 
Jibs_PC#2016954728720446464 roll 3
Jibs_PC#2016954728720446464 roll 1
DICE 3 1 3 1 0 2 
Jibs_PC#2016954728720446464 move 5
Jibs_PC#2016954728720446464 attack 42 40
Jibs_PC#2016954728720446464 roll 3
Jibs_PC#2016954728720446464 roll 1
DICE 3 1 5 3 1 4 
Jibs_PC#2016954728720446464 move 3
Jibs_PC#2016954728720446464 endattack
Jibs_PC#2016954728720446464 movearmies 40 39 1
CARD 2
Jibs_PC#2016954728720446464 placearmies 9 3
Jibs_PC#2016954728720446464 attack 9 8
Jibs_PC#2016954728720446464 roll 3
Jibs_PC#2016954728720446464 roll 1
DICE 3 1 5 1 1 0 
Jibs_PC#2016954728720446464 move 4
Jibs_PC#2016954728720446464 attack 8 6
Jibs_PC#2016954728720446464 roll 3
Jibs_PC#2016954728720446464 roll 1
DICE 3 1 3 1 0 0 
Jibs_PC#2016954728720446464 attack 6 2
Jibs_PC#2016954728720446464 roll 2
Jibs_PC#2016954728720446464 roll 1
DICE 2 1 5 1 0 
Jibs_PC#2016954728720446464 endattack
Jibs_PC#2016954728720446464 nomove
CARD 28
Jibs_PC#2016954728720446464 trade 18 6 34
Jibs_PC#2016954728720446464 placearmies 30 11
Jibs_PC#2016954728720446464 attack 30 32
Jibs_PC#2016954728720446464 roll 3
Jibs_PC#2016954728720446464 roll 1
DICE 3 1 3 2 0 4 
Jibs_PC#2016954728720446464 roll 3
Jibs_PC#2016954728720446464 roll 1
DICE 3 1 3 2 0 0 
Jibs_PC#2016954728720446464 move 14
Jibs_PC#2016954728720446464 attack 32 33
Jibs_PC#2016954728720446464 roll 3
Jibs_PC#2016954728720446464 roll 1
DICE 3 1 3 1 1 1 
Jibs_PC#2016954728720446464 move 13
Jibs_PC#2016954728720446464 attack 33 39
Jibs_PC#2016954728720446464 roll 3
Jibs_PC#2016954728720446464 roll 2
DICE 3 2 3 3 1 1 0 
Jibs_PC#2016954728720446464 move 12
Jibs_PC#2016954728720446464 attack 39 41
Jibs_PC#2016954728720446464 roll 3
Jibs_PC#2016954728720446464 roll 1
DICE 3 1 4 4 3 2 
Jibs_PC#2016954728720446464 move 11
Jibs_PC#2016954728720446464 attack 41 42
Jibs_PC#2016954728720446464 roll 3
Jibs_PC#2016954728720446464 roll 2
DICE 3 2 1 0 0 5 2 
Jibs_PC#2016954728720446464 roll 3
Jibs_PC#2016954728720446464 roll 2
DICE 3 2 5 3 0 1 0 
Jibs_PC#2016954728720446464 move 6
Jibs_PC#2016954728720446464 attack 42 40
Jibs_PC#2016954728720446464 roll 3
Jibs_PC#2016954728720446464 roll 2
DICE 3 2 4 4 1 2 1 
Jibs_PC#2016954728720446464 move 3
Jibs_PC#2016954728720446464 attack 18 19
Jibs_PC#2016954728720446464 roll 2
Jibs_PC#2016954728720446464 roll 1
DICE 2 1 5 4 2 
Jibs_PC#2016954728720446464 attack 27 35
Jibs_PC#2016954728720446464 roll 2
Jibs_PC#2016954728720446464 roll 1
DICE 2 1 5 2 1 
Jibs_PC#2016954728720446464 endattack
Jibs_PC#2016954728720446464 movearmies 35 27 1
CARD 26
Jibs_PC#2016954728720446464 placearmies 31 4
Jibs_PC#2016954728720446464 placearmies 24 1
Jibs_PC#2016954728720446464 attack 31 20
Jibs_PC#2016954728720446464 roll 3
Jibs_PC#2016954728720446464 roll 1
DICE 3 1 1 1 0 3 
Jibs_PC#2016954728720446464 roll 3
Jibs_PC#2016954728720446464 roll 1
DICE 3 1 4 2 1 1 
Jibs_PC#2016954728720446464 endattack
Jibs_PC#2016954728720446464 movearmies 20 21 2
CARD 31
Jibs_PC#2016954728720446464 trade 38 5 28
Jibs_PC#2016954728720446464 placearmies 2 3
Jibs_PC#2016954728720446464 placearmies 38 6
Jibs_PC#2016954728720446464 attack 2 7
Jibs_PC#2016954728720446464 roll 3
Jibs_PC#2016954728720446464 roll 1
DICE 3 1 2 1 0 4 
Jibs_PC#2016954728720446464 roll 3
Jibs_PC#2016954728720446464 roll 1
DICE 3 1 5 4 1 3 
Jibs_PC#2016954728720446464 attack 38 36
Jibs_PC#2016954728720446464 roll 3
Jibs_PC#2016954728720446464 roll 2
DICE 3 2 5 2 0 4 2 
Jibs_PC#2016954728720446464 roll 3
Jibs_PC#2016954728720446464 roll 1
DICE 3 1 4 3 0 3 
Jibs_PC#2016954728720446464 move 7
Jibs_PC#2016954728720446464 attack 36 35
Jibs_PC#2016954728720446464 roll 3
Jibs_PC#2016954728720446464 roll 1
DICE 3 1 5 4 1 3 
Jibs_PC#2016954728720446464 move 6
Jibs_PC#2016954728720446464 attack 35 27
Jibs_PC#2016954728720446464 roll 3
Jibs_PC#2016954728720446464 roll 2
DICE 3 2 1 0 0 5 3 
Jibs_PC#2016954728720446464 roll 3
Jibs_PC#2016954728720446464 roll 2
DICE 3 2 5 2 1 3 3 
Jibs_PC#2016954728720446464 roll 2
Jibs_PC#2016954728720446464 roll 1
DICE 2 1 2 1 3 
Jibs_PC#2016954728720446464 retreat
Jibs_PC#2016954728720446464 endattack
Jibs_PC#2016954728720446464 movearmies 7 6 2
CARD 40
Jibs_PC#2016954728720446464 placearmies 25 5
Jibs_PC#2016954728720446464 placearmies 32 1
Jibs_PC#2016954728720446464 placearmies 19 2
Jibs_PC#2016954728720446464 attack 25 24
Jibs_PC#2016954728720446464 roll 3
Jibs_PC#2016954728720446464 roll 2
DICE 3 2 3 1 1 1 0 
Jibs_PC#2016954728720446464 move 5
Jibs_PC#2016954728720446464 attack 24 22
Jibs_PC#2016954728720446464 roll 3
Jibs_PC#2016954728720446464 roll 1
DICE 3 1 5 1 0 4 
Jibs_PC#2016954728720446464 move 4
Jibs_PC#2016954728720446464 attack 19 20
Jibs_PC#2016954728720446464 roll 3
Jibs_PC#2016954728720446464 roll 1
DICE 3 1 5 3 0 1 
Jibs_PC#2016954728720446464 attack 20 31
Jibs_PC#2016954728720446464 roll 2
Jibs_PC#2016954728720446464 roll 1
DICE 2 1 3 2 2 
Jibs_PC#2016954728720446464 endattack
Jibs_PC#2016954728720446464 movearmies 32 29 1
CARD 35
Jibs_PC#2016954728720446464 placearmies 21 1
Jibs_PC#2016954728720446464 placearmies 21 3
Jibs_PC#2016954728720446464 placearmies 21 1
Jibs_PC#2016954728720446464 attack 21 20
Jibs_PC#2016954728720446464 roll 3
Jibs_PC#2016954728720446464 roll 1
DICE 3 1 2 1 1 2 
Jibs_PC#2016954728720446464 roll 3
Jibs_PC#2016954728720446464 roll 1
DICE 3 1 5 4 2 2 
Jibs_PC#2016954728720446464 move 6
Jibs_PC#2016954728720446464 attack 20 19
Jibs_PC#2016954728720446464 roll 3
Jibs_PC#2016954728720446464 roll 1
DICE 3 1 5 5 1 2 
Jibs_PC#2016954728720446464 move 5
Jibs_PC#2016954728720446464 attack 19 18
Jibs_PC#2016954728720446464 roll 3
Jibs_PC#2016954728720446464 roll 1
DICE 3 1 3 3 3 4 
Jibs_PC#2016954728720446464 roll 3
Jibs_PC#2016954728720446464 roll 1
DICE 3 1 4 2 2 4 
Jibs_PC#2016954728720446464 roll 2
Jibs_PC#2016954728720446464 roll 1
DICE 2 1 4 2 0 
Jibs_PC#2016954728720446464 endattack
Jibs_PC#2016954728720446464 nomove
CARD 15
Jibs_PC#2016954728720446464 placearmies 4 4
Jibs_PC#2016954728720446464 attack 4 5
Jibs_PC#2016954728720446464 roll 3
Jibs_PC#2016954728720446464 roll 1
DICE 3 1 3 0 0 0 
Jibs_PC#2016954728720446464 move 4
Jibs_PC#2016954728720446464 endattack
Jibs_PC#2016954728720446464 nomove
CARD 19
Jibs_PC#2016954728720446464 placearmies 22 2
Jibs_PC#2016954728720446464 placearmies 27 1
Jibs_PC#2016954728720446464 placearmies 16 1
Jibs_PC#2016954728720446464 placearmies 22 3
Jibs_PC#2016954728720446464 placearmies 29 1
Jibs_PC#2016954728720446464 attack 22 21
Jibs_PC#2016954728720446464 roll 3
Jibs_PC#2016954728720446464 roll 2
DICE 3 2 4 3 2 1 1 
Jibs_PC#2016954728720446464 move 7
Jibs_PC#2016954728720446464 attack 21 12
Jibs_PC#2016954728720446464 roll 3
Jibs_PC#2016954728720446464 roll 1
DICE 3 1 5 5 4 4 
Jibs_PC#2016954728720446464 move 5
Jibs_PC#2016954728720446464 attack 29 36
Jibs_PC#2016954728720446464 roll 3
Jibs_PC#2016954728720446464 roll 1
DICE 3 1 4 3 1 5 
Jibs_PC#2016954728720446464 roll 2
Jibs_PC#2016954728720446464 roll 1
DICE 2 1 4 0 2 
Jibs_PC#2016954728720446464 attack 12 13
Jibs_PC#2016954728720446464 roll 3
Jibs_PC#2016954728720446464 roll 1
DICE 3 1 5 2 0 4 
Jibs_PC#2016954728720446464 move 4
Jibs_PC#2016954728720446464 endattack
Jibs_PC#2016954728720446464 movearmies 40 39 1
CARD 7
Jibs_PC#2016954728720446464 trade 2 31 15
Jibs_PC#2016954728720446464 placearmies 20 5
Jibs_PC#2016954728720446464 placearmies 20 5
Jibs_PC#2016954728720446464 placearmies 20 1
Jibs_PC#2016954728720446464 attack 20 22
Jibs_PC#2016954728720446464 roll 3
Jibs_PC#2016954728720446464 roll 2
DICE 3 2 5 2 0 2 2 
Jibs_PC#2016954728720446464 roll 3
Jibs_PC#2016954728720446464 roll 1
DICE 3 1 5 2 0 1 
Jibs_PC#2016954728720446464 move 10
Jibs_PC#2016954728720446464 attack 22 24
Jibs_PC#2016954728720446464 roll 3
Jibs_PC#2016954728720446464 roll 1
DICE 3 1 1 0 0 0 
Jibs_PC#2016954728720446464 move 9
Jibs_PC#2016954728720446464 attack 24 26
Jibs_PC#2016954728720446464 roll 3
Jibs_PC#2016954728720446464 roll 1
DICE 3 1 5 3 2 3 
Jibs_PC#2016954728720446464 move 8
Jibs_PC#2016954728720446464 attack 26 25
Jibs_PC#2016954728720446464 roll 3
Jibs_PC#2016954728720446464 roll 1
DICE 3 1 3 0 0 4 
Jibs_PC#2016954728720446464 roll 3
Jibs_PC#2016954728720446464 roll 1
DICE 3 1 5 4 2 1 
Jibs_PC#2016954728720446464 move 6
Jibs_PC#2016954728720446464 attack 25 23
Jibs_PC#2016954728720446464 roll 3
Jibs_PC#2016954728720446464 roll 1
DICE 3 1 4 4 0 3 
Jibs_PC#2016954728720446464 move 5
Jibs_PC#2016954728720446464 attack 23 21
Jibs_PC#2016954728720446464 roll 3
Jibs_PC#2016954728720446464 roll 2
DICE 3 2 5 4 2 5 0 
Jibs_PC#2016954728720446464 roll 3
Jibs_PC#2016954728720446464 roll 1
DICE 3 1 5 5 1 0 
Jibs_PC#2016954728720446464 attack 21 12
Jibs_PC#2016954728720446464 roll 2
Jibs_PC#2016954728720446464 roll 1
DICE 2 1 5 0 3 
Jibs_PC#2016954728720446464 endattack
Jibs_PC#2016954728720446464 movearmies 18 19 1
CARD 27
Jibs_PC#2016954728720446464 trade 10 40 19
Jibs_PC#2016954728720446464 placearmies 35 15
Jibs_PC#2016954728720446464 placearmies 35 4
Jibs_PC#2016954728720446464 attack 35 27
Jibs_PC#2016954728720446464 roll 3
Jibs_PC#2016954728720446464 roll 2
DICE 3 2 3 3 0 1 1 
Jibs_PC#2016954728720446464 move 20
Jibs_PC#2016954728720446464 attack 27 29
Jibs_PC#2016954728720446464 roll 3
Jibs_PC#2016954728720446464 roll 1
DICE 3 1 5 5 3 0 
Jibs_PC#2016954728720446464 move 19
Jibs_PC#2016954728720446464 attack 29 33
Jibs_PC#2016954728720446464 roll 3
Jibs_PC#2016954728720446464 roll 1
DICE 3 1 5 3 1 3 
Jibs_PC#2016954728720446464 move 18
Jibs_PC#2016954728720446464 attack 33 39
Jibs_PC#2016954728720446464 roll 3
Jibs_PC#2016954728720446464 roll 2
DICE 3 2 5 3 0 5 1 
Jibs_PC#2016954728720446464 roll 3
Jibs_PC#2016954728720446464 roll 1
DICE 3 1 4 2 0 4 
Jibs_PC#2016954728720446464 roll 3
Jibs_PC#2016954728720446464 roll 1
DICE 3 1 5 3 1 3 
Jibs_PC#2016954728720446464 move 15
Jibs_PC#2016954728720446464 attack 39 40
Jibs_PC#2016954728720446464 roll 3
Jibs_PC#2016954728720446464 roll 2
DICE 3 2 5 0 0 4 1 
Jibs_PC#2016954728720446464 roll 3
Jibs_PC#2016954728720446464 roll 1
DICE 3 1 5 3 0 1 
Jibs_PC#2016954728720446464 move 13
Jibs_PC#2016954728720446464 attack 40 42
Jibs_PC#2016954728720446464 roll 3
Jibs_PC#2016954728720446464 roll 2
DICE 3 2 4 3 3 5 2 
Jibs_PC#2016954728720446464 roll 3
Jibs_PC#2016954728720446464 roll 2
DICE 3 2 5 0 0 5 0 
Jibs_PC#2016954728720446464 roll 3
Jibs_PC#2016954728720446464 roll 2
DICE 3 2 2 1 1 4 0 
Jibs_PC#2016954728720446464 roll 3
Jibs_PC#2016954728720446464 roll 1
DICE 3 1 5 4 2 4 
Jibs_PC#2016954728720446464 move 8
Jibs_PC#2016954728720446464 attack 42 41
Jibs_PC#2016954728720446464 roll 3
Jibs_PC#2016954728720446464 roll 2
DICE 3 2 4 3 2 4 3 
Jibs_PC#2016954728720446464 roll 3
Jibs_PC#2016954728720446464 roll 2
DICE 3 2 3 1 0 2 0 
Jibs_PC#2016954728720446464 roll 3
Jibs_PC#2016954728720446464 roll 1
DICE 3 1 5 3 0 1 
Jibs_PC#2016954728720446464 move 3
Jibs_PC#2016954728720446464 endattack
Jibs_PC#2016954728720446464 movearmies 41 39 1
CARD 32
Jibs_PC#2016954728720446464 placearmies 36 3
Jibs_PC#2016954728720446464 attack 36 38
Jibs_PC#2016954728720446464 roll 3
Jibs_PC#2016954728720446464 roll 1
DICE 3 1 4 3 2 5 
Jibs_PC#2016954728720446464 roll 3
Jibs_PC#2016954728720446464 roll 1
DICE 3 1 4 3 1 4 
Jibs_PC#2016954728720446464 roll 2
Jibs_PC#2016954728720446464 roll 1
DICE 2 1 5 1 5 
Jibs_PC#2016954728720446464 retreat
Jibs_PC#2016954728720446464 attack 13 12
Jibs_PC#2016954728720446464 roll 3
Jibs_PC#2016954728720446464 roll 2
DICE 3 2 5 2 0 4 2 
Jibs_PC#2016954728720446464 roll 2
Jibs_PC#2016954728720446464 roll 1
DICE 2 1 4 2 2 
Jibs_PC#2016954728720446464 endattack
Jibs_PC#2016954728720446464 nomove
CARD 1
Jibs_PC#2016954728720446464 placearmies 10 1
Jibs_PC#2016954728720446464 placearmies 10 4
Jibs_PC#2016954728720446464 placearmies 21 1
Jibs_PC#2016954728720446464 attack 10 5
Jibs_PC#2016954728720446464 roll 3
Jibs_PC#2016954728720446464 roll 2
DICE 3 2 4 1 0 2 0 
Jibs_PC#2016954728720446464 roll 3
Jibs_PC#2016954728720446464 roll 2
DICE 3 2 5 4 1 2 0 
Jibs_PC#2016954728720446464 move 8
Jibs_PC#2016954728720446464 attack 5 9
Jibs_PC#2016954728720446464 roll 3
Jibs_PC#2016954728720446464 roll 1
DICE 3 1 5 4 4 4 
Jibs_PC#2016954728720446464 move 7
Jibs_PC#2016954728720446464 attack 9 8
Jibs_PC#2016954728720446464 roll 3
Jibs_PC#2016954728720446464 roll 1
DICE 3 1 5 4 4 4 
Jibs_PC#2016954728720446464 move 6
Jibs_PC#2016954728720446464 attack 8 7
Jibs_PC#2016954728720446464 roll 3
Jibs_PC#2016954728720446464 roll 1
DICE 3 1 3 3 0 3 
Jibs_PC#2016954728720446464 roll 3
Jibs_PC#2016954728720446464 roll 1
DICE 3 1 5 3 1 1 
Jibs_PC#2016954728720446464 move 4
Jibs_PC#2016954728720446464 endattack
Jibs_PC#2016954728720446464 movearmies 19 21 1
CARD 41
Jibs_PC#2016954728720446464 placearmies 6 2
Jibs_PC#2016954728720446464 placearmies 33 1
Jibs_PC#2016954728720446464 placearmies 33 3
Jibs_PC#2016954728720446464 placearmies 29 1
Jibs_PC#2016954728720446464 attack 6 8
Jibs_PC#2016954728720446464 roll 3
Jibs_PC#2016954728720446464 roll 1
DICE 3 1 3 3 2 2 
Jibs_PC#2016954728720446464 move 4
Jibs_PC#2016954728720446464 attack 8 9
Jibs_PC#2016954728720446464 roll 3
Jibs_PC#2016954728720446464 roll 1
DICE 3 1 4 3 1 0 
Jibs_PC#2016954728720446464 attack 9 5
Jibs_PC#2016954728720446464 roll 2
Jibs_PC#2016954728720446464 roll 1
DICE 2 1 4 2 4 
Jibs_PC#2016954728720446464 retreat
Jibs_PC#2016954728720446464 attack 33 32
Jibs_PC#2016954728720446464 roll 3
Jibs_PC#2016954728720446464 roll 1
DICE 3 1 5 4 3 4 
Jibs_PC#2016954728720446464 move 4
Jibs_PC#2016954728720446464 attack 32 31
Jibs_PC#2016954728720446464 roll 3
Jibs_PC#2016954728720446464 roll 2
DICE 3 2 1 1 1 4 3 
Jibs_PC#2016954728720446464 retreat
Jibs_PC#2016954728720446464 endattack
Jibs_PC#2016954728720446464 movearmies 42 40 1
CARD 36
Jibs_PC#2016954728720446464 trade 26 35 1
Jibs_PC#2016954728720446464 placearmies 12 6
Jibs_PC#2016954728720446464 placearmies 12 1
Jibs_PC#2016954728720446464 attack 12 21
Jibs_PC#2016954728720446464 roll 3
Jibs_PC#2016954728720446464 roll 2
DICE 3 2 5 2 1 4 1 
Jibs_PC#2016954728720446464 roll 3
Jibs_PC#2016954728720446464 roll 1
DICE 3 1 5 2 0 4 
Jibs_PC#2016954728720446464 move 8
Jibs_PC#2016954728720446464 attack 21 20
Jibs_PC#2016954728720446464 roll 3
Jibs_PC#2016954728720446464 roll 1
DICE 3 1 4 4 2 2 
Jibs_PC#2016954728720446464 move 7
Jibs_PC#2016954728720446464 attack 20 19
Jibs_PC#2016954728720446464 roll 3
Jibs_PC#2016954728720446464 roll 1
DICE 3 1 4 2 2 2 
Jibs_PC#2016954728720446464 move 5
Jibs_PC#2016954728720446464 attack 19 18
Jibs_PC#2016954728720446464 roll 3
Jibs_PC#2016954728720446464 roll 1
DICE 3 1 5 5 4 2 
Jibs_PC#2016954728720446464 move 3
Jibs_PC#2016954728720446464 endattack
Jibs_PC#2016954728720446464 movearmies 19 20 1
CARD 42
Jibs_PC#2016954728720446464 placearmies 22 3
Jibs_PC#2016954728720446464 attack 22 21
Jibs_PC#2016954728720446464 roll 3
Jibs_PC#2016954728720446464 roll 1
DICE 3 1 5 4 4 5 
Jibs_PC#2016954728720446464 roll 2
Jibs_PC#2016954728720446464 roll 1
DICE 2 1 2 1 3 
Jibs_PC#2016954728720446464 retreat
Jibs_PC#2016954728720446464 attack 7 2
Jibs_PC#2016954728720446464 roll 3
Jibs_PC#2016954728720446464 roll 1
DICE 3 1 3 3 0 1 
Jibs_PC#2016954728720446464 endattack
Jibs_PC#2016954728720446464 nomove
CARD 20
Jibs_PC#2016954728720446464 placearmies 9 8
Jibs_PC#2016954728720446464 attack 9 7
Jibs_PC#2016954728720446464 roll 3
Jibs_PC#2016954728720446464 roll 1
DICE 3 1 4 2 2 2 
Jibs_PC#2016954728720446464 move 8
Jibs_PC#2016954728720446464 attack 7 2
Jibs_PC#2016954728720446464 roll 3
Jibs_PC#2016954728720446464 roll 2
DICE 3 2 1 1 0 0 0 
Jibs_PC#2016954728720446464 roll 3
Jibs_PC#2016954728720446464 roll 1
DICE 3 1 4 3 2 5 
Jibs_PC#2016954728720446464 roll 3
Jibs_PC#2016954728720446464 roll 1
DICE 3 1 5 4 2 2 
Jibs_PC#2016954728720446464 move 3
Jibs_PC#2016954728720446464 endattack
Jibs_PC#2016954728720446464 movearmies 2 6 2
CARD 8
Jibs_PC#2016954728720446464 placearmies 36 9
Jibs_PC#2016954728720446464 attack 36 29
Jibs_PC#2016954728720446464 roll 3
Jibs_PC#2016954728720446464 roll 2
DICE 3 2 4 4 3 0 0 
Jibs_PC#2016954728720446464 move 10
Jibs_PC#2016954728720446464 attack 29 33
Jibs_PC#2016954728720446464 roll 3
Jibs_PC#2016954728720446464 roll 1
DICE 3 1 5 1 1 5 
Jibs_PC#2016954728720446464 roll 3
Jibs_PC#2016954728720446464 roll 1
DICE 3 1 5 4 1 0 
Jibs_PC#2016954728720446464 move 8
Jibs_PC#2016954728720446464 attack 33 39
Jibs_PC#2016954728720446464 roll 3
Jibs_PC#2016954728720446464 roll 2
DICE 3 2 4 2 1 4 0 
Jibs_PC#2016954728720446464 roll 3
Jibs_PC#2016954728720446464 roll 1
DICE 3 1 4 3 1 2 
Jibs_PC#2016954728720446464 move 6
Jibs_PC#2016954728720446464 attack 39 41
Jibs_PC#2016954728720446464 roll 3
Jibs_PC#2016954728720446464 roll 2
DICE 3 2 5 4 3 4 0 
Jibs_PC#2016954728720446464 move 5
Jibs_PC#2016954728720446464 attack 41 42
Jibs_PC#2016954728720446464 roll 3
Jibs_PC#2016954728720446464 roll 2
DICE 3 2 3 2 1 4 2 
Jibs_PC#2016954728720446464 retreat
Jibs_PC#2016954728720446464 endattack
Jibs_PC#2016954728720446464 movearmies 18 20 2
CARD 25
Jibs_PC#2016954728720446464 trade 21 27 20
Jibs_PC#2016954728720446464 placearmies 22 2
Jibs_PC#2016954728720446464 placearmies 11 7
Jibs_PC#2016954728720446464 placearmies 5 4
Jibs_PC#2016954728720446464 attack 11 13
Jibs_PC#2016954728720446464 roll 3
Jibs_PC#2016954728720446464 roll 1
DICE 3 1 5 4 4 1 
Jibs_PC#2016954728720446464 move 7
Jibs_PC#2016954728720446464 attack 13 12
Jibs_PC#2016954728720446464 roll 3
Jibs_PC#2016954728720446464 roll 1
DICE 3 1 5 5 1 0 
Jibs_PC#2016954728720446464 move 6
Jibs_PC#2016954728720446464 attack 12 21
Jibs_PC#2016954728720446464 roll 3
Jibs_PC#2016954728720446464 roll 1
DICE 3 1 4 3 2 3 
Jibs_PC#2016954728720446464 move 5
Jibs_PC#2016954728720446464 attack 21 19
Jibs_PC#2016954728720446464 roll 3
Jibs_PC#2016954728720446464 roll 1
DICE 3 1 4 2 1 2 
Jibs_PC#2016954728720446464 move 3
Jibs_PC#2016954728720446464 attack 5 4
Jibs_PC#2016954728720446464 roll 3
Jibs_PC#2016954728720446464 roll 1
DICE 3 1 0 0 0 1 
Jibs_PC#2016954728720446464 roll 3
Jibs_PC#2016954728720446464 roll 1
DICE 3 1 5 5 0 5 
Jibs_PC#2016954728720446464 retreat
Jibs_PC#2016954728720446464 endattack
Jibs_PC#2016954728720446464 movearmies 19 21 2
CARD wildcard
Jibs_PC#2016954728720446464 placearmies 9 5
Jibs_PC#2016954728720446464 attack 9 5
Jibs_PC#2016954728720446464 roll 3
Jibs_PC#2016954728720446464 roll 2
DICE 3 2 5 4 4 5 1 
Jibs_PC#2016954728720446464 roll 3
Jibs_PC#2016954728720446464 roll 2
DICE 3 2 5 5 0 4 0 
Jibs_PC#2016954728720446464 move 5
Jibs_PC#2016954728720446464 attack 5 10
Jibs_PC#2016954728720446464 roll 3
Jibs_PC#2016954728720446464 roll 1
DICE 3 1 3 2 0 2 
Jibs_PC#2016954728720446464 move 4
Jibs_PC#2016954728720446464 endattack
Jibs_PC#2016954728720446464 movearmies 7 6 3
CARD 3
Jibs_PC#2016954728720446464 trade 7 42 25
Jibs_PC#2016954728720446464 placearmies 36 7
Jibs_PC#2016954728720446464 placearmies 36 6
Jibs_PC#2016954728720446464 placearmies 36 1
Jibs_PC#2016954728720446464 attack 36 38
Jibs_PC#2016954728720446464 roll 3
Jibs_PC#2016954728720446464 roll 1
DICE 3 1 5 4 3 2 
Jibs_PC#2016954728720446464 move 14
Jibs_PC#2016954728720446464 attack 38 1
Jibs_PC#2016954728720446464 roll 3
Jibs_PC#2016954728720446464 roll 1
DICE 3 1 5 5 1 4 
Jibs_PC#2016954728720446464 move 13
Jibs_PC#2016954728720446464 attack 20 19
Jibs_PC#2016954728720446464 roll 3
Jibs_PC#2016954728720446464 roll 1
DICE 3 1 5 2 1 0 
Jibs_PC#2016954728720446464 move 3
Jibs_PC#2016954728720446464 attack 1 3
Jibs_PC#2016954728720446464 roll 3
Jibs_PC#2016954728720446464 roll 1
DICE 3 1 1 0 0 3 
Jibs_PC#2016954728720446464 roll 3
Jibs_PC#2016954728720446464 roll 1
DICE 3 1 5 1 0 4 
Jibs_PC#2016954728720446464 move 11
Jibs_PC#2016954728720446464 attack 3 7
Jibs_PC#2016954728720446464 roll 3
Jibs_PC#2016954728720446464 roll 1
DICE 3 1 4 3 3 4 
Jibs_PC#2016954728720446464 roll 3
Jibs_PC#2016954728720446464 roll 1
DICE 3 1 3 3 2 0 
Jibs_PC#2016954728720446464 move 9
Jibs_PC#2016954728720446464 attack 7 9
Jibs_PC#2016954728720446464 roll 3
Jibs_PC#2016954728720446464 roll 1
DICE 3 1 5 3 3 4 
Jibs_PC#2016954728720446464 move 8
Jibs_PC#2016954728720446464 attack 9 8
Jibs_PC#2016954728720446464 roll 3
Jibs_PC#2016954728720446464 roll 1
DICE 3 1 3 3 0 5 
Jibs_PC#2016954728720446464 roll 3
Jibs_PC#2016954728720446464 roll 1
DICE 3 1 5 1 0 5 
Jibs_PC#2016954728720446464 roll 3
Jibs_PC#2016954728720446464 roll 1
DICE 3 1 3 3 0 5 
Jibs_PC#2016954728720446464 roll 3
Jibs_PC#2016954728720446464 roll 1
DICE 3 1 4 4 0 3 
Jibs_PC#2016954728720446464 move 4
Jibs_PC#2016954728720446464 endattack
Jibs_PC#2016954728720446464 movearmies 17 19 1
CARD 12
Jibs_PC#2016954728720446464 placearmies 22 5
Jibs_PC#2016954728720446464 placearmies 22 1
Jibs_PC#2016954728720446464 attack 22 20
Jibs_PC#2016954728720446464 roll 3
Jibs_PC#2016954728720446464 roll 2
DICE 3 2 4 2 2 4 3 
Jibs_PC#2016954728720446464 roll 3
Jibs_PC#2016954728720446464 roll 2
DICE 3 2 5 2 1 0 0 
Jibs_PC#2016954728720446464 move 6
Jibs_PC#2016954728720446464 attack 20 31
Jibs_PC#2016954728720446464 roll 3
Jibs_PC#2016954728720446464 roll 2
DICE 3 2 2 1 0 2 1 
Jibs_PC#2016954728720446464 roll 3
Jibs_PC#2016954728720446464 roll 2
DICE 3 2 5 1 0 5 1 
Jibs_PC#2016954728720446464 retreat
Jibs_PC#2016954728720446464 endattack
Jibs_PC#2016954728720446464 movearmies 20 21 1
CARD 16
Jibs_PC#2016954728720446464 placearmies 40 3
Jibs_PC#2016954728720446464 placearmies 6 1
Jibs_PC#2016954728720446464 attack 40 39
Jibs_PC#2016954728720446464 roll 3
Jibs_PC#2016954728720446464 roll 1
DICE 3 1 3 1 0 2 
Jibs_PC#2016954728720446464 move 4
Jibs_PC#2016954728720446464 attack 6 7
Jibs_PC#2016954728720446464 roll 3
Jibs_PC#2016954728720446464 roll 1
DICE 3 1 5 4 2 1 
Jibs_PC#2016954728720446464 move 6
Jibs_PC#2016954728720446464 attack 7 9
Jibs_PC#2016954728720446464 roll 3
Jibs_PC#2016954728720446464 roll 1
DICE 3 1 4 3 1 2 
Jibs_PC#2016954728720446464 move 5
Jibs_PC#2016954728720446464 attack 9 8
Jibs_PC#2016954728720446464 roll 3
Jibs_PC#2016954728720446464 roll 2
DICE 3 2 5 2 0 5 2 
Jibs_PC#2016954728720446464 retreat
Jibs_PC#2016954728720446464 endattack
Jibs_PC#2016954728720446464 nomove
CARD 23
Jibs_PC#2016954728720446464 placearmies 8 4
Jibs_PC#2016954728720446464 placearmies 19 1
Jibs_PC#2016954728720446464 attack 8 7
Jibs_PC#2016954728720446464 roll 3
Jibs_PC#2016954728720446464 roll 1
DICE 3 1 3 3 2 4 
Jibs_PC#2016954728720446464 roll 3
Jibs_PC#2016954728720446464 roll 1
DICE 3 1 5 5 1 5 
Jibs_PC#2016954728720446464 roll 3
Jibs_PC#2016954728720446464 roll 1
DICE 3 1 5 4 3 0 
Jibs_PC#2016954728720446464 move 5
Jibs_PC#2016954728720446464 attack 19 20
Jibs_PC#2016954728720446464 roll 3
Jibs_PC#2016954728720446464 roll 1
DICE 3 1 2 1 0 0 
Jibs_PC#2016954728720446464 move 3
Jibs_PC#2016954728720446464 attack 7 6
Jibs_PC#2016954728720446464 roll 3
Jibs_PC#2016954728720446464 roll 1
DICE 3 1 4 2 0 3 
Jibs_PC#2016954728720446464 move 4
Jibs_PC#2016954728720446464 endattack
Jibs_PC#2016954728720446464 movearmies 16 30 1
CARD wildcard
Jibs_PC#2016954728720446464 trade 41 wildcard 16
Jibs_PC#2016954728720446464 placearmies 22 1
Jibs_PC#2016954728720446464 placearmies 11 8
Jibs_PC#2016954728720446464 placearmies 11 5
Jibs_PC#2016954728720446464 attack 21 20
Jibs_PC#2016954728720446464 roll 3
Jibs_PC#2016954728720446464 roll 2
DICE 3 2 5 5 4 0 0 
Jibs_PC#2016954728720446464 roll 3
Jibs_PC#2016954728720446464 roll 1
DICE 3 1 5 4 1 2 
Jibs_PC#2016954728720446464 move 3
Jibs_PC#2016954728720446464 attack 11 10
Jibs_PC#2016954728720446464 roll 3
Jibs_PC#2016954728720446464 roll 2
DICE 3 2 3 2 2 5 4 
Jibs_PC#2016954728720446464 roll 3
Jibs_PC#2016954728720446464 roll 2
DICE 3 2 2 1 0 4 1 
Jibs_PC#2016954728720446464 roll 3
Jibs_PC#2016954728720446464 roll 2
DICE 3 2 4 3 1 3 1 
Jibs_PC#2016954728720446464 roll 3
Jibs_PC#2016954728720446464 roll 2
DICE 3 2 4 2 1 5 0 
Jibs_PC#2016954728720446464 roll 3
Jibs_PC#2016954728720446464 roll 1
DICE 3 1 5 5 4 4 
Jibs_PC#2016954728720446464 move 8
Jibs_PC#2016954728720446464 attack 20 18
Jibs_PC#2016954728720446464 roll 2
Jibs_PC#2016954728720446464 roll 1
DICE 2 1 4 1 2 
Jibs_PC#2016954728720446464 attack 10 5
Jibs_PC#2016954728720446464 roll 3
Jibs_PC#2016954728720446464 roll 1
DICE 3 1 5 4 3 1 
Jibs_PC#2016954728720446464 move 7
Jibs_PC#2016954728720446464 attack 5 4
Jibs_PC#2016954728720446464 roll 3
Jibs_PC#2016954728720446464 roll 1
DICE 3 1 5 5 0 0 
Jibs_PC#2016954728720446464 move 5
Jibs_PC#2016954728720446464 attack 4 7
Jibs_PC#2016954728720446464 roll 3
Jibs_PC#2016954728720446464 roll 1
DICE 3 1 1 1 0 0 
Jibs_PC#2016954728720446464 move 4
Jibs_PC#2016954728720446464 endattack
Jibs_PC#2016954728720446464 nomove
CARD 17
Jibs_PC#2016954728720446464 trade 32 36 23
Jibs_PC#2016954728720446464 placearmies 39 4
Jibs_PC#2016954728720446464 placearmies 9 7
Jibs_PC#2016954728720446464 placearmies 39 2
Jibs_PC#2016954728720446464 attack 9 5
Jibs_PC#2016954728720446464 roll 3
Jibs_PC#2016954728720446464 roll 2
DICE 3 2 3 3 0 4 2 
Jibs_PC#2016954728720446464 roll 3
Jibs_PC#2016954728720446464 roll 1
DICE 3 1 5 1 1 2 
Jibs_PC#2016954728720446464 move 8
Jibs_PC#2016954728720446464 attack 5 10
Jibs_PC#2016954728720446464 roll 3
Jibs_PC#2016954728720446464 roll 1
DICE 3 1 5 1 0 4 
Jibs_PC#2016954728720446464 move 7
Jibs_PC#2016954728720446464 attack 10 12
Jibs_PC#2016954728720446464 roll 3
Jibs_PC#2016954728720446464 roll 1
DICE 3 1 4 1 0 4 
Jibs_PC#2016954728720446464 roll 3
Jibs_PC#2016954728720446464 roll 1
DICE 3 1 4 3 2 2 
Jibs_PC#2016954728720446464 move 5
Jibs_PC#2016954728720446464 attack 12 21
Jibs_PC#2016954728720446464 roll 3
Jibs_PC#2016954728720446464 roll 2
DICE 3 2 4 4 1 1 1 
Jibs_PC#2016954728720446464 move 4
Jibs_PC#2016954728720446464 attack 39 41
Jibs_PC#2016954728720446464 roll 3
Jibs_PC#2016954728720446464 roll 2
DICE 3 2 5 2 1 4 1 
Jibs_PC#2016954728720446464 roll 3
Jibs_PC#2016954728720446464 roll 1
DICE 3 1 3 3 0 5 
Jibs_PC#2016954728720446464 roll 3
Jibs_PC#2016954728720446464 roll 1
DICE 3 1 5 3 0 3 
Jibs_PC#2016954728720446464 move 3
Jibs_PC#2016954728720446464 attack 32 31
Jibs_PC#2016954728720446464 roll 3
Jibs_PC#2016954728720446464 roll 2
DICE 3 2 4 3 1 2 2 
Jibs_PC#2016954728720446464 attack 39 33
Jibs_PC#2016954728720446464 roll 3
Jibs_PC#2016954728720446464 roll 1
DICE 3 1 4 0 0 2 
Jibs_PC#2016954728720446464 move 5
Jibs_PC#2016954728720446464 attack 33 29
Jibs_PC#2016954728720446464 roll 3
Jibs_PC#2016954728720446464 roll 1
DICE 3 1 1 0 0 5 
Jibs_PC#2016954728720446464 roll 3
Jibs_PC#2016954728720446464 roll 1
DICE 3 1 5 3 0 4 
Jibs_PC#2016954728720446464 attack 29 36
Jibs_PC#2016954728720446464 roll 2
Jibs_PC#2016954728720446464 roll 1
DICE 2 1 4 3 5 
Jibs_PC#2016954728720446464 retreat
Jibs_PC#2016954728720446464 endattack
Jibs_PC#2016954728720446464 movearmies 31 32 2
CARD 39
Jibs_PC#2016954728720446464 placearmies 19 3
Jibs_PC#2016954728720446464 placearmies 6 1
Jibs_PC#2016954728720446464 attack 19 20
Jibs_PC#2016954728720446464 roll 3
Jibs_PC#2016954728720446464 roll 1
DICE 3 1 4 3 1 2 
Jibs_PC#2016954728720446464 move 4
Jibs_PC#2016954728720446464 attack 20 18
Jibs_PC#2016954728720446464 roll 3
Jibs_PC#2016954728720446464 roll 2
DICE 3 2 5 3 3 2 0 
Jibs_PC#2016954728720446464 attack 6 2
Jibs_PC#2016954728720446464 roll 3
Jibs_PC#2016954728720446464 roll 1
DICE 3 1 5 3 0 2 
Jibs_PC#2016954728720446464 move 3
Jibs_PC#2016954728720446464 endattack
Jibs_PC#2016954728720446464 movearmies 30 16 1
CARD 11
Jibs_PC#2016954728720446464 placearmies 11 3
Jibs_PC#2016954728720446464 attack 22 20
Jibs_PC#2016954728720446464 roll 2
Jibs_PC#2016954728720446464 roll 1
DICE 2 1 2 0 1 
Jibs_PC#2016954728720446464 attack 11 12
Jibs_PC#2016954728720446464 roll 3
Jibs_PC#2016954728720446464 roll 1
DICE 3 1 3 2 2 1 
Jibs_PC#2016954728720446464 attack 12 10
Jibs_PC#2016954728720446464 roll 2
Jibs_PC#2016954728720446464 roll 1
DICE 2 1 5 0 2 
Jibs_PC#2016954728720446464 endattack
Jibs_PC#2016954728720446464 nomove
CARD 9
Jibs_PC#2016954728720446464 trade 8 3 39
Jibs_PC#2016954728720446464 placearmies 32 5
Jibs_PC#2016954728720446464 placearmies 32 3
Jibs_PC#2016954728720446464 placearmies 21 9
Jibs_PC#2016954728720446464 attack 21 12
Jibs_PC#2016954728720446464 roll 3
Jibs_PC#2016954728720446464 roll 1
DICE 3 1 5 0 0 5 
Jibs_PC#2016954728720446464 roll 3
Jibs_PC#2016954728720446464 roll 1
DICE 3 1 2 1 0 1 
Jibs_PC#2016954728720446464 move 11
Jibs_PC#2016954728720446464 attack 12 13
Jibs_PC#2016954728720446464 roll 3
Jibs_PC#2016954728720446464 roll 1
DICE 3 1 5 4 3 1 
Jibs_PC#2016954728720446464 move 10
Jibs_PC#2016954728720446464 attack 13 11
Jibs_PC#2016954728720446464 roll 3
Jibs_PC#2016954728720446464 roll 1
DICE 3 1 4 2 1 1 
Jibs_PC#2016954728720446464 move 9
Jibs_PC#2016954728720446464 attack 11 10
Jibs_PC#2016954728720446464 roll 3
Jibs_PC#2016954728720446464 roll 2
DICE 3 2 3 1 0 2 1 
Jibs_PC#2016954728720446464 roll 3
Jibs_PC#2016954728720446464 roll 1
DICE 3 1 2 0 0 1 
Jibs_PC#2016954728720446464 move 3
Jibs_PC#2016954728720446464 attack 32 30
Jibs_PC#2016954728720446464 roll 3
Jibs_PC#2016954728720446464 roll 1
DICE 3 1 5 4 0 2 
Jibs_PC#2016954728720446464 move 10
Jibs_PC#2016954728720446464 attack 30 28
Jibs_PC#2016954728720446464 roll 3
Jibs_PC#2016954728720446464 roll 1
DICE 3 1 5 2 0 0 
Jibs_PC#2016954728720446464 move 8
Jibs_PC#2016954728720446464 attack 28 16
Jibs_PC#2016954728720446464 roll 3
Jibs_PC#2016954728720446464 roll 2
DICE 3 2 5 3 0 4 3 
Jibs_PC#2016954728720446464 roll 3
Jibs_PC#2016954728720446464 roll 1
DICE 3 1 4 1 0 5 
Jibs_PC#2016954728720446464 roll 3
Jibs_PC#2016954728720446464 roll 1
DICE 3 1 5 5 3 1 
Jibs_PC#2016954728720446464 move 5
Jibs_PC#2016954728720446464 attack 16 15
Jibs_PC#2016954728720446464 roll 3
Jibs_PC#2016954728720446464 roll 1
DICE 3 1 4 3 0 2 
Jibs_PC#2016954728720446464 move 3
Jibs_PC#2016954728720446464 endattack
Jibs_PC#2016954728720446464 movearmies 15 16 2
CARD 22
Jibs_PC#2016954728720446464 trade 12 wildcard 11
Jibs_PC#2016954728720446464 placearmies 19 7
Jibs_PC#2016954728720446464 placearmies 19 4
Jibs_PC#2016954728720446464 placearmies 19 2
Jibs_PC#2016954728720446464 attack 19 21
Jibs_PC#2016954728720446464 roll 3
Jibs_PC#2016954728720446464 roll 1
DICE 3 1 3 1 0 2 
Jibs_PC#2016954728720446464 move 13
Jibs_PC#2016954728720446464 attack 21 12
Jibs_PC#2016954728720446464 roll 3
Jibs_PC#2016954728720446464 roll 1
DICE 3 1 5 4 2 1 
Jibs_PC#2016954728720446464 move 12
Jibs_PC#2016954728720446464 attack 12 13
Jibs_PC#2016954728720446464 roll 3
Jibs_PC#2016954728720446464 roll 1
DICE 3 1 5 4 3 0 
Jibs_PC#2016954728720446464 move 11
Jibs_PC#2016954728720446464 attack 13 11
Jibs_PC#2016954728720446464 roll 3
Jibs_PC#2016954728720446464 roll 2
DICE 3 2 3 3 1 4 1 
Jibs_PC#2016954728720446464 roll 3
Jibs_PC#2016954728720446464 roll 2
DICE 3 2 5 3 1 5 0 
Jibs_PC#2016954728720446464 roll 3
Jibs_PC#2016954728720446464 roll 2
DICE 3 2 5 1 0 1 1 
Jibs_PC#2016954728720446464 roll 3
Jibs_PC#2016954728720446464 roll 2
DICE 3 2 5 4 2 1 0 
Jibs_PC#2016954728720446464 move 7
Jibs_PC#2016954728720446464 attack 11 10
Jibs_PC#2016954728720446464 roll 3
Jibs_PC#2016954728720446464 roll 2
DICE 3 2 5 4 3 4 3 
Jibs_PC#2016954728720446464 roll 3
Jibs_PC#2016954728720446464 roll 1
DICE 3 1 4 3 3 2 
Jibs_PC#2016954728720446464 move 6
Jibs_PC#2016954728720446464 attack 10 5
Jibs_PC#2016954728720446464 roll 3
Jibs_PC#2016954728720446464 roll 1
DICE 3 1 5 3 0 1 
Jibs_PC#2016954728720446464 move 5
Jibs_PC#2016954728720446464 attack 5 9
Jibs_PC#2016954728720446464 roll 3
Jibs_PC#2016954728720446464 roll 1
DICE 3 1 4 2 0 3 
Jibs_PC#2016954728720446464 move 3
Jibs_PC#2016954728720446464 attack 9 4
Jibs_PC#2016954728720446464 roll 2
Jibs_PC#2016954728720446464 roll 1
DICE 2 1 5 1 2 
Jibs_PC#2016954728720446464 endattack
Jibs_PC#2016954728720446464 movearmies 5 4 1
CARD 24
Jibs_PC#2016954728720446464 placearmies 20 3
Jibs_PC#2016954728720446464 attack 20 21
Jibs_PC#2016954728720446464 roll 3
Jibs_PC#2016954728720446464 roll 1
DICE 3 1 5 5 5 1 
Jibs_PC#2016954728720446464 move 4
Jibs_PC#2016954728720446464 attack 21 12
Jibs_PC#2016954728720446464 roll 3
Jibs_PC#2016954728720446464 roll 1
DICE 3 1 2 1 1 1 
Jibs_PC#2016954728720446464 endattack
Jibs_PC#2016954728720446464 movearmies 12 21 2
CARD 30
Jibs_PC#2016954728720446464 placearmies 29 6
Jibs_PC#2016954728720446464 placearmies 31 1
Jibs_PC#2016954728720446464 attack 29 36
Jibs_PC#2016954728720446464 roll 3
Jibs_PC#2016954728720446464 roll 1
DICE 3 1 4 1 0 2 
Jibs_PC#2016954728720446464 move 7
Jibs_PC#2016954728720446464 attack 36 38
Jibs_PC#2016954728720446464 roll 3
Jibs_PC#2016954728720446464 roll 1
DICE 3 1 2 1 0 3 
Jibs_PC#2016954728720446464 roll 3
Jibs_PC#2016954728720446464 roll 1
DICE 3 1 3 2 1 1 
Jibs_PC#2016954728720446464 move 5
Jibs_PC#2016954728720446464 attack 38 1
Jibs_PC#2016954728720446464 roll 3
Jibs_PC#2016954728720446464 roll 1
DICE 3 1 3 2 0 0 
Jibs_PC#2016954728720446464 move 4
Jibs_PC#2016954728720446464 endattack
Jibs_PC#2016954728720446464 movearmies 30 16 1
CARD 33
Jibs_PC#2016954728720446464 placearmies 13 4
Jibs_PC#2016954728720446464 attack 13 12
Jibs_PC#2016954728720446464 roll 3
Jibs_PC#2016954728720446464 roll 1
DICE 3 1 5 2 0 2 
Jibs_PC#2016954728720446464 move 4
Jibs_PC#2016954728720446464 attack 18 20
Jibs_PC#2016954728720446464 roll 2
Jibs_PC#2016954728720446464 roll 1
DICE 2 1 4 1 1 
Jibs_PC#2016954728720446464 endattack
Jibs_PC#2016954728720446464 nomove
CARD 13
Jibs_PC#2016954728720446464 trade 17 9 30
Jibs_PC#2016954728720446464 placearmies 22 5
Jibs_PC#2016954728720446464 placearmies 22 11
Jibs_PC#2016954728720446464 attack 22 31
Jibs_PC#2016954728720446464 roll 3
Jibs_PC#2016954728720446464 roll 2
DICE 3 2 4 3 1 5 4 
Jibs_PC#2016954728720446464 roll 3
Jibs_PC#2016954728720446464 roll 2
DICE 3 2 5 0 0 5 0 
Jibs_PC#2016954728720446464 roll 3
Jibs_PC#2016954728720446464 roll 2
DICE 3 2 2 0 0 4 0 
Jibs_PC#2016954728720446464 roll 3
Jibs_PC#2016954728720446464 roll 2
DICE 3 2 5 4 2 5 4 
Jibs_PC#2016954728720446464 roll 3
Jibs_PC#2016954728720446464 roll 2
DICE 3 2 5 4 0 5 3 
Jibs_PC#2016954728720446464 roll 3
Jibs_PC#2016954728720446464 roll 1
DICE 3 1 3 3 2 2 
Jibs_PC#2016954728720446464 move 6
Jibs_PC#2016954728720446464 attack 31 32
Jibs_PC#2016954728720446464 roll 3
Jibs_PC#2016954728720446464 roll 1
DICE 3 1 5 3 2 1 
Jibs_PC#2016954728720446464 move 5
Jibs_PC#2016954728720446464 attack 32 33
Jibs_PC#2016954728720446464 roll 3
Jibs_PC#2016954728720446464 roll 1
DICE 3 1 3 3 1 2 
Jibs_PC#2016954728720446464 move 4
Jibs_PC#2016954728720446464 endattack
Jibs_PC#2016954728720446464 nomove
CARD 29
Jibs_PC#2016954728720446464 placearmies 16 3
Jibs_PC#2016954728720446464 placearmies 39 1
Jibs_PC#2016954728720446464 placearmies 16 3
Jibs_PC#2016954728720446464 attack 16 31
Jibs_PC#2016954728720446464 roll 3
Jibs_PC#2016954728720446464 roll 1
DICE 3 1 5 3 3 3 
Jibs_PC#2016954728720446464 move 10
Jibs_PC#2016954728720446464 attack 31 22
Jibs_PC#2016954728720446464 roll 3
Jibs_PC#2016954728720446464 roll 2
DICE 3 2 2 2 0 5 4 
Jibs_PC#2016954728720446464 roll 3
Jibs_PC#2016954728720446464 roll 2
DICE 3 2 3 1 0 4 0 
Jibs_PC#2016954728720446464 roll 3
Jibs_PC#2016954728720446464 roll 1
DICE 3 1 5 2 0 4 
Jibs_PC#2016954728720446464 move 6
Jibs_PC#2016954728720446464 attack 22 24
Jibs_PC#2016954728720446464 roll 3
Jibs_PC#2016954728720446464 roll 1
DICE 3 1 5 2 2 2 
Jibs_PC#2016954728720446464 move 5
Jibs_PC#2016954728720446464 attack 24 26
Jibs_PC#2016954728720446464 roll 3
Jibs_PC#2016954728720446464 roll 1
DICE 3 1 5 2 2 3 
Jibs_PC#2016954728720446464 move 4
Jibs_PC#2016954728720446464 endattack
Jibs_PC#2016954728720446464 movearmies 41 39 2
CARD 37
Jibs_PC#2016954728720446464 placearmies 20 6
Jibs_PC#2016954728720446464 placearmies 9 1
Jibs_PC#2016954728720446464 attack 20 16
Jibs_PC#2016954728720446464 roll 3
Jibs_PC#2016954728720446464 roll 1
DICE 3 1 5 3 0 1 
Jibs_PC#2016954728720446464 move 7
Jibs_PC#2016954728720446464 attack 16 15
Jibs_PC#2016954728720446464 roll 3
Jibs_PC#2016954728720446464 roll 1
DICE 3 1 3 1 0 2 
Jibs_PC#2016954728720446464 move 3
Jibs_PC#2016954728720446464 endattack
Jibs_PC#2016954728720446464 movearmies 2 6 2
CARD 4
Jibs_PC#2016954728720446464 placearmies 21 2
Jibs_PC#2016954728720446464 placearmies 7 1
Jibs_PC#2016954728720446464 attack 21 20
Jibs_PC#2016954728720446464 roll 3
Jibs_PC#2016954728720446464 roll 1
DICE 3 1 4 2 2 1 
Jibs_PC#2016954728720446464 move 4
Jibs_PC#2016954728720446464 attack 7 8
Jibs_PC#2016954728720446464 roll 3
Jibs_PC#2016954728720446464 roll 1
DICE 3 1 4 1 0 1 
Jibs_PC#2016954728720446464 move 4
Jibs_PC#2016954728720446464 endattack
Jibs_PC#2016954728720446464 nomove
CARD 14
Jibs_PC#2016954728720446464 placearmies 39 5
Jibs_PC#2016954728720446464 placearmies 39 2
Jibs_PC#2016954728720446464 placearmies 26 1
Jibs_PC#2016954728720446464 attack 39 33
Jibs_PC#2016954728720446464 roll 3
Jibs_PC#2016954728720446464 roll 2
DICE 3 2 3 2 2 4 4 
Jibs_PC#2016954728720446464 roll 3
Jibs_PC#2016954728720446464 roll 2
DICE 3 2 3 3 1 5 2 
Jibs_PC#2016954728720446464 roll 3
Jibs_PC#2016954728720446464 roll 2
DICE 3 2 0 0 0 4 1 
Jibs_PC#2016954728720446464 roll 3
Jibs_PC#2016954728720446464 roll 2
DICE 3 2 2 2 1 4 0 
Jibs_PC#2016954728720446464 roll 3
Jibs_PC#2016954728720446464 roll 2
DICE 3 2 5 3 0 3 1 
Jibs_PC#2016954728720446464 move 6
Jibs_PC#2016954728720446464 attack 33 32
Jibs_PC#2016954728720446464 roll 3
Jibs_PC#2016954728720446464 roll 1
DICE 3 1 5 2 0 4 
Jibs_PC#2016954728720446464 move 3
Jibs_PC#2016954728720446464 attack 26 25
Jibs_PC#2016954728720446464 roll 3
Jibs_PC#2016954728720446464 roll 1
DICE 3 1 5 2 0 2 
Jibs_PC#2016954728720446464 move 4
Jibs_PC#2016954728720446464 attack 25 23
Jibs_PC#2016954728720446464 roll 3
Jibs_PC#2016954728720446464 roll 1
DICE 3 1 4 1 1 3 
Jibs_PC#2016954728720446464 attack 23 21
Jibs_PC#2016954728720446464 roll 2
Jibs_PC#2016954728720446464 roll 1
DICE 2 1 3 1 0 
