Jibs_PC#526396284199169024 newplayer ai hard green s0914007
Jibs_PC#526396284199169024 newplayer ai hard blue bob
Jibs_PC#526396284199169024 newplayer ai hard red fred
Jibs_PC#526396284199169024 newplayer ai hard cyan ted
Jibs_PC#526396284199169024 newplayer ai hard magenta yura
Jibs_PC#526396284199169024 newplayer ai hard yellow lala
Jibs_PC#526396284199169024 startgame mission fixed autoplaceall recycle
PLAYER fred
MISSION 0 4 3 2 1 0
PLACEALL 33 31 11 28 29 27 7 39 3 42 37 20 26 9 25 15 32 4 36 21 17 6 35 8 18 13 22 5 19 12 30 2 1 34 23 16 14 40 41 10 24 38
Jibs_PC#526396284199169024 placearmies 33 1
CARD 
Jibs_PC#526396284199169024 placearmies 21 1
CARD 
Jibs_PC#526396284199169024 placearmies 25 1
CARD 
Jibs_PC#526396284199169024 placearmies 42 1
CARD 
Jibs_PC#526396284199169024 placearmies 19 1
CARD 
Jibs_PC#526396284199169024 placearmies 4 1
CARD 
Jibs_PC#526396284199169024 placearmies 33 1
CARD 
Jibs_PC#526396284199169024 placearmies 21 1
CARD 
Jibs_PC#526396284199169024 placearmies 25 1
CARD 
Jibs_PC#526396284199169024 placearmies 42 1
CARD 
Jibs_PC#526396284199169024 placearmies 37 1
CARD 
Jibs_PC#526396284199169024 placearmies 4 1
CARD 
Jibs_PC#526396284199169024 placearmies 33 1
CARD 
Jibs_PC#526396284199169024 placearmies 21 1
CARD 
Jibs_PC#526396284199169024 placearmies 25 1
CARD 
Jibs_PC#526396284199169024 placearmies 42 1
CARD 
Jibs_PC#526396284199169024 placearmies 37 1
CARD 
Jibs_PC#526396284199169024 placearmies 4 1
CARD 
Jibs_PC#526396284199169024 placearmies 33 1
CARD 
Jibs_PC#526396284199169024 placearmies 21 1
CARD 
Jibs_PC#526396284199169024 placearmies 25 1
CARD 
Jibs_PC#526396284199169024 placearmies 42 1
CARD 
Jibs_PC#526396284199169024 placearmies 37 1
CARD 
Jibs_PC#526396284199169024 placearmies 4 1
CARD 
Jibs_PC#526396284199169024 placearmies 33 1
CARD 
Jibs_PC#526396284199169024 placearmies 21 1
CARD 
Jibs_PC#526396284199169024 placearmies 25 1
CARD 
Jibs_PC#526396284199169024 placearmies 42 1
CARD 
Jibs_PC#526396284199169024 placearmies 37 1
CARD 
Jibs_PC#526396284199169024 placearmies 4 1
CARD 
Jibs_PC#526396284199169024 placearmies 33 1
CARD 
Jibs_PC#526396284199169024 placearmies 21 1
CARD 
Jibs_PC#526396284199169024 placearmies 25 1
CARD 
Jibs_PC#526396284199169024 placearmies 42 1
CARD 
Jibs_PC#526396284199169024 placearmies 37 1
CARD 
Jibs_PC#526396284199169024 placearmies 4 1
CARD 
Jibs_PC#526396284199169024 placearmies 33 1
CARD 
Jibs_PC#526396284199169024 placearmies 21 1
CARD 
Jibs_PC#526396284199169024 placearmies 25 1
CARD 
Jibs_PC#526396284199169024 placearmies 42 1
CARD 
Jibs_PC#526396284199169024 placearmies 37 1
CARD 
Jibs_PC#526396284199169024 placearmies 4 1
CARD 
Jibs_PC#526396284199169024 placearmies 33 1
CARD 
Jibs_PC#526396284199169024 placearmies 21 1
CARD 
Jibs_PC#526396284199169024 placearmies 11 1
CARD 
Jibs_PC#526396284199169024 placearmies 42 1
CARD 
Jibs_PC#526396284199169024 placearmies 37 1
CARD 
Jibs_PC#526396284199169024 placearmies 4 1
CARD 
Jibs_PC#526396284199169024 placearmies 33 1
CARD 
Jibs_PC#526396284199169024 placearmies 21 1
CARD 
Jibs_PC#526396284199169024 placearmies 11 1
CARD 
Jibs_PC#526396284199169024 placearmies 42 1
CARD 
Jibs_PC#526396284199169024 placearmies 37 1
CARD 
Jibs_PC#526396284199169024 placearmies 4 1
CARD 
Jibs_PC#526396284199169024 placearmies 33 1
CARD 
Jibs_PC#526396284199169024 placearmies 21 1
CARD 
Jibs_PC#526396284199169024 placearmies 11 1
CARD 
Jibs_PC#526396284199169024 placearmies 42 1
CARD 
Jibs_PC#526396284199169024 placearmies 37 1
CARD 
Jibs_PC#526396284199169024 placearmies 4 1
CARD 
Jibs_PC#526396284199169024 placearmies 33 1
CARD 
Jibs_PC#526396284199169024 placearmies 21 1
CARD 
Jibs_PC#526396284199169024 placearmies 11 1
CARD 
Jibs_PC#526396284199169024 placearmies 15 1
CARD 
Jibs_PC#526396284199169024 placearmies 37 1
CARD 
Jibs_PC#526396284199169024 placearmies 4 1
CARD 
Jibs_PC#526396284199169024 placearmies 33 1
CARD 
Jibs_PC#526396284199169024 placearmies 21 1
CARD 
Jibs_PC#526396284199169024 placearmies 11 1
CARD 
Jibs_PC#526396284199169024 placearmies 15 1
CARD 
Jibs_PC#526396284199169024 placearmies 37 1
CARD 
Jibs_PC#526396284199169024 placearmies 4 1
CARD 
Jibs_PC#526396284199169024 placearmies 33 1
CARD 
Jibs_PC#526396284199169024 placearmies 40 1
CARD 
Jibs_PC#526396284199169024 placearmies 11 1
CARD 
Jibs_PC#526396284199169024 placearmies 42 1
CARD 
Jibs_PC#526396284199169024 placearmies 37 1
CARD 
Jibs_PC#526396284199169024 placearmies 4 1
CARD 
Jibs_PC#526396284199169024 placearmies 33 3
Jibs_PC#526396284199169024 attack 33 39
Jibs_PC#526396284199169024 roll 3
Jibs_PC#526396284199169024 roll 1
DICE 3 1 4 3 0 0 
Jibs_PC#526396284199169024 move 16
Jibs_PC#526396284199169024 attack 39 40
Jibs_PC#526396284199169024 roll 3
Jibs_PC#526396284199169024 roll 2
DICE 3 2 4 2 1 3 1 
Jibs_PC#526396284199169024 move 15
Jibs_PC#526396284199169024 attack 40 42
Jibs_PC#526396284199169024 roll 3
Jibs_PC#526396284199169024 roll 2
DICE 3 2 5 3 2 3 1 
Jibs_PC#526396284199169024 roll 3
Jibs_PC#526396284199169024 roll 2
DICE 3 2 5 5 4 3 1 
Jibs_PC#526396284199169024 roll 3
Jibs_PC#526396284199169024 roll 2
DICE 3 2 1 1 0 5 0 
Jibs_PC#526396284199169024 roll 3
Jibs_PC#526396284199169024 roll 2
DICE 3 2 5 4 3 5 1 
Jibs_PC#526396284199169024 roll 3
Jibs_PC#526396284199169024 roll 2
DICE 3 2 4 1 0 5 1 
Jibs_PC#526396284199169024 roll 3
Jibs_PC#526396284199169024 roll 2
DICE 3 2 5 5 1 4 0 
Jibs_PC#526396284199169024 roll 3
Jibs_PC#526396284199169024 roll 2
DICE 3 2 4 3 1 5 5 
Jibs_PC#526396284199169024 roll 3
Jibs_PC#526396284199169024 roll 2
DICE 3 2 5 1 0 5 0 
Jibs_PC#526396284199169024 roll 3
Jibs_PC#526396284199169024 roll 2
DICE 3 2 5 3 2 5 5 
Jibs_PC#526396284199169024 roll 3
Jibs_PC#526396284199169024 roll 2
DICE 3 2 4 3 1 5 4 
Jibs_PC#526396284199169024 roll 3
Jibs_PC#526396284199169024 roll 2
DICE 3 2 4 3 1 2 1 
Jibs_PC#526396284199169024 retreat
Jibs_PC#526396284199169024 attack 40 41
Jibs_PC#526396284199169024 roll 3
Jibs_PC#526396284199169024 roll 1
DICE 3 1 5 5 4 2 
Jibs_PC#526396284199169024 attack 41 42
Jibs_PC#526396284199169024 roll 2
Jibs_PC#526396284199169024 roll 1
DICE 2 1 3 0 5 
Jibs_PC#526396284199169024 retreat
Jibs_PC#526396284199169024 endattack
Jibs_PC#526396284199169024 nomove
CARD 30
Jibs_PC#526396284199169024 placearmies 21 3
Jibs_PC#526396284199169024 attack 21 12
Jibs_PC#526396284199169024 roll 3
Jibs_PC#526396284199169024 roll 1
DICE 3 1 5 4 3 1 
Jibs_PC#526396284199169024 move 15
Jibs_PC#526396284199169024 attack 12 11
Jibs_PC#526396284199169024 roll 3
Jibs_PC#526396284199169024 roll 2
DICE 3 2 5 4 1 5 3 
Jibs_PC#526396284199169024 roll 3
Jibs_PC#526396284199169024 roll 2
DICE 3 2 3 3 1 1 1 
Jibs_PC#526396284199169024 retreat
Jibs_PC#526396284199169024 attack 12 11
Jibs_PC#526396284199169024 roll 3
Jibs_PC#526396284199169024 roll 2
DICE 3 2 4 1 0 3 0 
Jibs_PC#526396284199169024 roll 3
Jibs_PC#526396284199169024 roll 2
DICE 3 2 5 4 2 1 0 
Jibs_PC#526396284199169024 move 13
Jibs_PC#526396284199169024 attack 11 10
Jibs_PC#526396284199169024 roll 3
Jibs_PC#526396284199169024 roll 1
DICE 3 1 4 4 1 5 
Jibs_PC#526396284199169024 roll 3
Jibs_PC#526396284199169024 roll 1
DICE 3 1 5 4 2 5 
Jibs_PC#526396284199169024 roll 3
Jibs_PC#526396284199169024 roll 1
DICE 3 1 5 4 0 4 
Jibs_PC#526396284199169024 move 10
Jibs_PC#526396284199169024 endattack
Jibs_PC#526396284199169024 nomove
CARD 10
Jibs_PC#526396284199169024 placearmies 25 3
Jibs_PC#526396284199169024 attack 25 23
Jibs_PC#526396284199169024 roll 3
Jibs_PC#526396284199169024 roll 1
DICE 3 1 4 1 0 5 
Jibs_PC#526396284199169024 roll 3
Jibs_PC#526396284199169024 roll 1
DICE 3 1 4 2 0 3 
Jibs_PC#526396284199169024 move 9
Jibs_PC#526396284199169024 attack 23 21
Jibs_PC#526396284199169024 roll 3
Jibs_PC#526396284199169024 roll 1
DICE 3 1 4 0 0 1 
Jibs_PC#526396284199169024 move 8
Jibs_PC#526396284199169024 attack 21 12
Jibs_PC#526396284199169024 roll 3
Jibs_PC#526396284199169024 roll 1
DICE 3 1 5 5 4 3 
Jibs_PC#526396284199169024 move 7
Jibs_PC#526396284199169024 endattack
Jibs_PC#526396284199169024 nomove
CARD 36
Jibs_PC#526396284199169024 placearmies 15 1
Jibs_PC#526396284199169024 placearmies 15 1
Jibs_PC#526396284199169024 placearmies 42 1
Jibs_PC#526396284199169024 attack 15 14
Jibs_PC#526396284199169024 roll 3
Jibs_PC#526396284199169024 roll 1
DICE 3 1 4 3 3 0 
Jibs_PC#526396284199169024 move 4
Jibs_PC#526396284199169024 endattack
Jibs_PC#526396284199169024 nomove
CARD 11
Jibs_PC#526396284199169024 placearmies 37 3
Jibs_PC#526396284199169024 attack 37 36
Jibs_PC#526396284199169024 roll 3
Jibs_PC#526396284199169024 roll 1
DICE 3 1 4 4 4 5 
Jibs_PC#526396284199169024 roll 3
Jibs_PC#526396284199169024 roll 1
DICE 3 1 4 3 0 2 
Jibs_PC#526396284199169024 move 14
Jibs_PC#526396284199169024 attack 36 38
Jibs_PC#526396284199169024 roll 3
Jibs_PC#526396284199169024 roll 1
DICE 3 1 4 2 2 2 
Jibs_PC#526396284199169024 move 13
Jibs_PC#526396284199169024 attack 38 34
Jibs_PC#526396284199169024 roll 3
Jibs_PC#526396284199169024 roll 1
DICE 3 1 5 3 1 4 
Jibs_PC#526396284199169024 move 12
Jibs_PC#526396284199169024 attack 34 27
Jibs_PC#526396284199169024 roll 3
Jibs_PC#526396284199169024 roll 1
DICE 3 1 5 1 0 0 
Jibs_PC#526396284199169024 move 11
Jibs_PC#526396284199169024 attack 27 28
Jibs_PC#526396284199169024 roll 3
Jibs_PC#526396284199169024 roll 1
DICE 3 1 5 3 1 3 
Jibs_PC#526396284199169024 move 10
Jibs_PC#526396284199169024 attack 28 30
Jibs_PC#526396284199169024 roll 3
Jibs_PC#526396284199169024 roll 1
DICE 3 1 5 2 0 1 
Jibs_PC#526396284199169024 move 9
Jibs_PC#526396284199169024 attack 30 31
Jibs_PC#526396284199169024 roll 3
Jibs_PC#526396284199169024 roll 1
DICE 3 1 2 2 0 1 
Jibs_PC#526396284199169024 move 8
Jibs_PC#526396284199169024 attack 31 22
Jibs_PC#526396284199169024 roll 3
Jibs_PC#526396284199169024 roll 1
DICE 3 1 5 4 2 1 
Jibs_PC#526396284199169024 move 7
Jibs_PC#526396284199169024 attack 22 21
Jibs_PC#526396284199169024 roll 3
Jibs_PC#526396284199169024 roll 1
DICE 3 1 3 2 1 4 
Jibs_PC#526396284199169024 roll 3
Jibs_PC#526396284199169024 roll 1
DICE 3 1 5 1 0 5 
Jibs_PC#526396284199169024 roll 3
Jibs_PC#526396284199169024 roll 1
DICE 3 1 5 2 1 5 
Jibs_PC#526396284199169024 roll 3
Jibs_PC#526396284199169024 roll 1
DICE 3 1 4 4 2 1 
Jibs_PC#526396284199169024 endattack
Jibs_PC#526396284199169024 nomove
CARD 8
Jibs_PC#526396284199169024 placearmies 4 1
Jibs_PC#526396284199169024 placearmies 20 2
Jibs_PC#526396284199169024 attack 4 3
Jibs_PC#526396284199169024 roll 3
Jibs_PC#526396284199169024 roll 1
DICE 3 1 2 0 0 3 
Jibs_PC#526396284199169024 roll 3
Jibs_PC#526396284199169024 roll 1
DICE 3 1 5 4 1 5 
Jibs_PC#526396284199169024 roll 3
Jibs_PC#526396284199169024 roll 1
DICE 3 1 5 4 2 2 
Jibs_PC#526396284199169024 move 12
Jibs_PC#526396284199169024 attack 3 7
Jibs_PC#526396284199169024 roll 3
Jibs_PC#526396284199169024 roll 1
DICE 3 1 5 4 2 0 
Jibs_PC#526396284199169024 move 11
Jibs_PC#526396284199169024 attack 7 2
Jibs_PC#526396284199169024 roll 3
Jibs_PC#526396284199169024 roll 1
DICE 3 1 5 5 2 0 
Jibs_PC#526396284199169024 move 10
Jibs_PC#526396284199169024 attack 2 1
Jibs_PC#526396284199169024 roll 3
Jibs_PC#526396284199169024 roll 1
DICE 3 1 5 5 0 3 
Jibs_PC#526396284199169024 move 9
Jibs_PC#526396284199169024 attack 1 38
Jibs_PC#526396284199169024 roll 3
Jibs_PC#526396284199169024 roll 1
DICE 3 1 5 5 0 4 
Jibs_PC#526396284199169024 move 8
Jibs_PC#526396284199169024 endattack
Jibs_PC#526396284199169024 nomove
CARD 33
Jibs_PC#526396284199169024 placearmies 41 3
Jibs_PC#526396284199169024 attack 41 42
Jibs_PC#526396284199169024 roll 3
Jibs_PC#526396284199169024 roll 2
DICE 3 2 2 0 0 5 4 
Jibs_PC#526396284199169024 retreat
Jibs_PC#526396284199169024 attack 41 42
Jibs_PC#526396284199169024 roll 2
Jibs_PC#526396284199169024 roll 2
DICE 2 2 5 2 5 5 
Jibs_PC#526396284199169024 endattack
Jibs_PC#526396284199169024 nomove
CARD 
Jibs_PC#526396284199169024 placearmies 10 1
Jibs_PC#526396284199169024 placearmies 10 2
Jibs_PC#526396284199169024 attack 10 12
Jibs_PC#526396284199169024 roll 3
Jibs_PC#526396284199169024 roll 2
DICE 3 2 3 1 0 1 1 
Jibs_PC#526396284199169024 roll 3
Jibs_PC#526396284199169024 roll 2
DICE 3 2 2 2 0 4 4 
Jibs_PC#526396284199169024 roll 3
Jibs_PC#526396284199169024 roll 2
DICE 3 2 5 4 0 4 4 
Jibs_PC#526396284199169024 roll 3
Jibs_PC#526396284199169024 roll 2
DICE 3 2 5 5 2 5 4 
Jibs_PC#526396284199169024 roll 3
Jibs_PC#526396284199169024 roll 2
DICE 3 2 5 3 2 5 3 
Jibs_PC#526396284199169024 roll 3
Jibs_PC#526396284199169024 roll 2
DICE 3 2 3 3 1 4 1 
Jibs_PC#526396284199169024 roll 3
Jibs_PC#526396284199169024 roll 2
DICE 3 2 4 4 4 5 0 
Jibs_PC#526396284199169024 roll 3
Jibs_PC#526396284199169024 roll 2
DICE 3 2 5 2 2 4 4 
Jibs_PC#526396284199169024 roll 2
Jibs_PC#526396284199169024 roll 1
DICE 2 1 5 2 1 
Jibs_PC#526396284199169024 endattack
Jibs_PC#526396284199169024 nomove
CARD 21
Jibs_PC#526396284199169024 placearmies 25 3
Jibs_PC#526396284199169024 attack 25 24
Jibs_PC#526396284199169024 roll 3
Jibs_PC#526396284199169024 roll 1
DICE 3 1 5 4 1 5 
Jibs_PC#526396284199169024 roll 2
Jibs_PC#526396284199169024 roll 1
DICE 2 1 5 3 5 
Jibs_PC#526396284199169024 retreat
Jibs_PC#526396284199169024 endattack
Jibs_PC#526396284199169024 nomove
CARD 
Jibs_PC#526396284199169024 placearmies 42 3
Jibs_PC#526396284199169024 attack 42 41
Jibs_PC#526396284199169024 roll 3
Jibs_PC#526396284199169024 roll 1
DICE 3 1 5 3 0 0 
Jibs_PC#526396284199169024 move 4
Jibs_PC#526396284199169024 attack 41 39
Jibs_PC#526396284199169024 roll 3
Jibs_PC#526396284199169024 roll 1
DICE 3 1 5 4 1 4 
Jibs_PC#526396284199169024 attack 39 40
Jibs_PC#526396284199169024 roll 2
Jibs_PC#526396284199169024 roll 1
DICE 2 1 4 3 0 
Jibs_PC#526396284199169024 endattack
Jibs_PC#526396284199169024 movearmies 40 39 1
CARD 13
Jibs_PC#526396284199169024 placearmies 21 3
Jibs_PC#526396284199169024 placearmies 21 1
Jibs_PC#526396284199169024 attack 21 12
Jibs_PC#526396284199169024 roll 3
Jibs_PC#526396284199169024 roll 2
DICE 3 2 3 2 0 2 1 
Jibs_PC#526396284199169024 move 6
Jibs_PC#526396284199169024 attack 12 13
Jibs_PC#526396284199169024 roll 3
Jibs_PC#526396284199169024 roll 1
DICE 3 1 3 2 0 4 
Jibs_PC#526396284199169024 roll 3
Jibs_PC#526396284199169024 roll 1
DICE 3 1 5 2 1 0 
Jibs_PC#526396284199169024 move 4
Jibs_PC#526396284199169024 attack 13 11
Jibs_PC#526396284199169024 roll 3
Jibs_PC#526396284199169024 roll 1
DICE 3 1 5 5 1 2 
Jibs_PC#526396284199169024 endattack
Jibs_PC#526396284199169024 nomove
CARD 20
Jibs_PC#526396284199169024 placearmies 4 3
Jibs_PC#526396284199169024 attack 4 9
Jibs_PC#526396284199169024 roll 3
Jibs_PC#526396284199169024 roll 1
DICE 3 1 3 3 1 4 
Jibs_PC#526396284199169024 roll 2
Jibs_PC#526396284199169024 roll 1
DICE 2 1 3 0 1 
Jibs_PC#526396284199169024 attack 20 31
Jibs_PC#526396284199169024 roll 2
Jibs_PC#526396284199169024 roll 1
DICE 2 1 4 3 5 
Jibs_PC#526396284199169024 retreat
Jibs_PC#526396284199169024 attack 38 37
Jibs_PC#526396284199169024 roll 3
Jibs_PC#526396284199169024 roll 1
DICE 3 1 5 5 0 5 
Jibs_PC#526396284199169024 roll 3
Jibs_PC#526396284199169024 roll 1
DICE 3 1 5 4 3 2 
Jibs_PC#526396284199169024 move 6
Jibs_PC#526396284199169024 attack 37 36
Jibs_PC#526396284199169024 roll 3
Jibs_PC#526396284199169024 roll 1
DICE 3 1 3 1 0 3 
Jibs_PC#526396284199169024 roll 3
Jibs_PC#526396284199169024 roll 1
DICE 3 1 4 0 0 5 
Jibs_PC#526396284199169024 roll 3
Jibs_PC#526396284199169024 roll 1
DICE 3 1 3 1 0 5 
Jibs_PC#526396284199169024 roll 2
Jibs_PC#526396284199169024 roll 1
DICE 2 1 3 0 3 
Jibs_PC#526396284199169024 retreat
Jibs_PC#526396284199169024 endattack
Jibs_PC#526396284199169024 nomove
CARD 4
Jibs_PC#526396284199169024 placearmies 18 3
Jibs_PC#526396284199169024 attack 18 20
Jibs_PC#526396284199169024 roll 3
Jibs_PC#526396284199169024 roll 2
DICE 3 2 5 5 1 3 2 
Jibs_PC#526396284199169024 endattack
Jibs_PC#526396284199169024 nomove
CARD 3
Jibs_PC#526396284199169024 placearmies 10 3
Jibs_PC#526396284199169024 attack 10 12
Jibs_PC#526396284199169024 roll 3
Jibs_PC#526396284199169024 roll 1
DICE 3 1 5 5 3 5 
Jibs_PC#526396284199169024 roll 2
Jibs_PC#526396284199169024 roll 1
DICE 2 1 5 0 2 
Jibs_PC#526396284199169024 endattack
Jibs_PC#526396284199169024 nomove
CARD 29
Jibs_PC#526396284199169024 placearmies 25 2
Jibs_PC#526396284199169024 placearmies 25 1
Jibs_PC#526396284199169024 attack 25 24
Jibs_PC#526396284199169024 roll 3
Jibs_PC#526396284199169024 roll 1
DICE 3 1 2 2 1 1 
Jibs_PC#526396284199169024 move 4
Jibs_PC#526396284199169024 attack 24 21
Jibs_PC#526396284199169024 roll 3
Jibs_PC#526396284199169024 roll 1
DICE 3 1 4 2 2 5 
Jibs_PC#526396284199169024 roll 2
Jibs_PC#526396284199169024 roll 1
DICE 2 1 1 0 3 
Jibs_PC#526396284199169024 retreat
Jibs_PC#526396284199169024 endattack
Jibs_PC#526396284199169024 nomove
CARD 42
Jibs_PC#526396284199169024 placearmies 14 4
Jibs_PC#526396284199169024 placearmies 14 1
Jibs_PC#526396284199169024 attack 14 17
Jibs_PC#526396284199169024 roll 3
Jibs_PC#526396284199169024 roll 1
DICE 3 1 5 4 2 4 
Jibs_PC#526396284199169024 move 8
Jibs_PC#526396284199169024 attack 17 19
Jibs_PC#526396284199169024 roll 3
Jibs_PC#526396284199169024 roll 2
DICE 3 2 5 5 3 4 2 
Jibs_PC#526396284199169024 move 7
Jibs_PC#526396284199169024 attack 19 18
Jibs_PC#526396284199169024 roll 3
Jibs_PC#526396284199169024 roll 1
DICE 3 1 4 4 3 0 
Jibs_PC#526396284199169024 move 6
Jibs_PC#526396284199169024 attack 18 16
Jibs_PC#526396284199169024 roll 3
Jibs_PC#526396284199169024 roll 1
DICE 3 1 4 3 3 4 
Jibs_PC#526396284199169024 roll 3
Jibs_PC#526396284199169024 roll 1
DICE 3 1 3 3 1 2 
Jibs_PC#526396284199169024 move 4
Jibs_PC#526396284199169024 endattack
Jibs_PC#526396284199169024 nomove
CARD 2
Jibs_PC#526396284199169024 placearmies 11 2
Jibs_PC#526396284199169024 placearmies 11 2
Jibs_PC#526396284199169024 attack 11 12
Jibs_PC#526396284199169024 roll 3
Jibs_PC#526396284199169024 roll 2
DICE 3 2 3 2 0 5 2 
Jibs_PC#526396284199169024 roll 3
Jibs_PC#526396284199169024 roll 2
DICE 3 2 3 2 1 5 2 
Jibs_PC#526396284199169024 retreat
Jibs_PC#526396284199169024 attack 11 10
Jibs_PC#526396284199169024 roll 2
Jibs_PC#526396284199169024 roll 1
DICE 2 1 3 2 2 
Jibs_PC#526396284199169024 endattack
Jibs_PC#526396284199169024 nomove
CARD 35
Jibs_PC#526396284199169024 placearmies 9 2
Jibs_PC#526396284199169024 placearmies 9 1
Jibs_PC#526396284199169024 attack 9 5
Jibs_PC#526396284199169024 roll 3
Jibs_PC#526396284199169024 roll 1
DICE 3 1 4 2 1 3 
Jibs_PC#526396284199169024 move 4
Jibs_PC#526396284199169024 endattack
Jibs_PC#526396284199169024 nomove
CARD 26
Jibs_PC#526396284199169024 placearmies 20 1
Jibs_PC#526396284199169024 placearmies 20 1
Jibs_PC#526396284199169024 placearmies 33 1
Jibs_PC#526396284199169024 attack 20 21
Jibs_PC#526396284199169024 roll 3
Jibs_PC#526396284199169024 roll 1
DICE 3 1 2 2 2 0 
Jibs_PC#526396284199169024 move 4
Jibs_PC#526396284199169024 attack 21 12
Jibs_PC#526396284199169024 roll 3
Jibs_PC#526396284199169024 roll 2
DICE 3 2 3 1 0 4 1 
Jibs_PC#526396284199169024 retreat
Jibs_PC#526396284199169024 endattack
Jibs_PC#526396284199169024 nomove
CARD 12
Jibs_PC#526396284199169024 trade 10 21 29
Jibs_PC#526396284199169024 placearmies 12 2
Jibs_PC#526396284199169024 placearmies 12 8
Jibs_PC#526396284199169024 placearmies 12 3
Jibs_PC#526396284199169024 attack 12 13
Jibs_PC#526396284199169024 roll 3
Jibs_PC#526396284199169024 roll 1
DICE 3 1 2 2 1 4 
Jibs_PC#526396284199169024 roll 3
Jibs_PC#526396284199169024 roll 1
DICE 3 1 4 1 0 2 
Jibs_PC#526396284199169024 move 13
Jibs_PC#526396284199169024 attack 13 11
Jibs_PC#526396284199169024 roll 3
Jibs_PC#526396284199169024 roll 1
DICE 3 1 3 3 2 5 
Jibs_PC#526396284199169024 roll 3
Jibs_PC#526396284199169024 roll 1
DICE 3 1 5 4 3 0 
Jibs_PC#526396284199169024 move 11
Jibs_PC#526396284199169024 attack 11 10
Jibs_PC#526396284199169024 roll 3
Jibs_PC#526396284199169024 roll 2
DICE 3 2 5 4 0 5 4 
Jibs_PC#526396284199169024 roll 3
Jibs_PC#526396284199169024 roll 2
DICE 3 2 3 3 2 4 2 
Jibs_PC#526396284199169024 roll 3
Jibs_PC#526396284199169024 roll 1
DICE 3 1 1 1 0 2 
Jibs_PC#526396284199169024 roll 3
Jibs_PC#526396284199169024 roll 1
DICE 3 1 4 2 0 1 
Jibs_PC#526396284199169024 move 6
Jibs_PC#526396284199169024 endattack
Jibs_PC#526396284199169024 nomove
CARD 39
Jibs_PC#526396284199169024 placearmies 24 2
Jibs_PC#526396284199169024 placearmies 24 1
Jibs_PC#526396284199169024 attack 24 21
Jibs_PC#526396284199169024 roll 3
Jibs_PC#526396284199169024 roll 2
DICE 3 2 5 3 1 4 0 
Jibs_PC#526396284199169024 move 4
Jibs_PC#526396284199169024 attack 21 22
Jibs_PC#526396284199169024 roll 3
Jibs_PC#526396284199169024 roll 1
DICE 3 1 4 4 2 2 
Jibs_PC#526396284199169024 endattack
Jibs_PC#526396284199169024 nomove
CARD 15
Jibs_PC#526396284199169024 trade 11 13 2
Jibs_PC#526396284199169024 placearmies 16 10
Jibs_PC#526396284199169024 placearmies 16 1
Jibs_PC#526396284199169024 placearmies 16 4
Jibs_PC#526396284199169024 attack 16 20
Jibs_PC#526396284199169024 roll 3
Jibs_PC#526396284199169024 roll 1
DICE 3 1 1 0 0 1 
Jibs_PC#526396284199169024 roll 3
Jibs_PC#526396284199169024 roll 1
DICE 3 1 1 0 0 4 
Jibs_PC#526396284199169024 roll 3
Jibs_PC#526396284199169024 roll 1
DICE 3 1 4 4 0 0 
Jibs_PC#526396284199169024 move 15
Jibs_PC#526396284199169024 attack 20 21
Jibs_PC#526396284199169024 roll 3
Jibs_PC#526396284199169024 roll 1
DICE 3 1 3 3 2 4 
Jibs_PC#526396284199169024 roll 3
Jibs_PC#526396284199169024 roll 1
DICE 3 1 5 4 3 0 
Jibs_PC#526396284199169024 move 12
Jibs_PC#526396284199169024 attack 21 12
Jibs_PC#526396284199169024 roll 3
Jibs_PC#526396284199169024 roll 1
DICE 3 1 4 4 1 2 
Jibs_PC#526396284199169024 move 10
Jibs_PC#526396284199169024 attack 12 13
Jibs_PC#526396284199169024 roll 3
Jibs_PC#526396284199169024 roll 1
DICE 3 1 5 4 3 4 
Jibs_PC#526396284199169024 move 9
Jibs_PC#526396284199169024 attack 13 11
Jibs_PC#526396284199169024 roll 3
Jibs_PC#526396284199169024 roll 1
DICE 3 1 2 1 0 0 
Jibs_PC#526396284199169024 move 8
Jibs_PC#526396284199169024 attack 11 10
Jibs_PC#526396284199169024 roll 3
Jibs_PC#526396284199169024 roll 2
DICE 3 2 1 1 0 2 1 
Jibs_PC#526396284199169024 roll 3
Jibs_PC#526396284199169024 roll 2
DICE 3 2 4 4 3 2 2 
Jibs_PC#526396284199169024 roll 3
Jibs_PC#526396284199169024 roll 2
DICE 3 2 5 4 0 5 2 
Jibs_PC#526396284199169024 roll 3
Jibs_PC#526396284199169024 roll 2
DICE 3 2 5 4 2 2 1 
Jibs_PC#526396284199169024 roll 3
Jibs_PC#526396284199169024 roll 1
DICE 3 1 5 2 0 4 
Jibs_PC#526396284199169024 move 4
