Jibs_PC#8851228035991022592 newplayer human green s0914007
Jibs_PC#8851228035991022592 newplayer human blue bob
Jibs_PC#8851228035991022592 newplayer human red fred
Jibs_PC#8851228035991022592 newplayer human cyan ted
Jibs_PC#8851228035991022592 newplayer human magenta yura
Jibs_PC#8851228035991022592 newplayer human yellow lala
Jibs_PC#8851228035991022592 startgame mission fixed autoplaceall recycle
PLAYER fred
MISSION 3 1 1 1 1 0
PLACEALL 2 13 16 5 33 12 10 26 37 3 17 22 25 27 28 15 35 30 21 40 23 42 18 8 9 29 1 41 4 19 36 7 31 32 20 6 24 14 11 38 39 34
Jibs_PC#8851228035991022592 placearmies 25 1
CARD 
Jibs_PC#8851228035991022592 placearmies 40 1
CARD 
Jibs_PC#8851228035991022592 placearmies 1 1
CARD 
Jibs_PC#8851228035991022592 placearmies 32 1
CARD 
Jibs_PC#8851228035991022592 placearmies 17 1
CARD 
Jibs_PC#8851228035991022592 placearmies 19 1
CARD 
Jibs_PC#8851228035991022592 placearmies 25 1
CARD 
Jibs_PC#8851228035991022592 placearmies 40 1
CARD 
Jibs_PC#8851228035991022592 placearmies 1 1
CARD 
Jibs_PC#8851228035991022592 placearmies 32 1
CARD 
Jibs_PC#8851228035991022592 placearmies 17 1
CARD 
Jibs_PC#8851228035991022592 placearmies 19 1
CARD 
Jibs_PC#8851228035991022592 placearmies 25 1
CARD 
Jibs_PC#8851228035991022592 placearmies 40 1
CARD 
Jibs_PC#8851228035991022592 placearmies 1 1
CARD 
Jibs_PC#8851228035991022592 placearmies 32 1
CARD 
Jibs_PC#8851228035991022592 placearmies 17 1
CARD 
Jibs_PC#8851228035991022592 placearmies 12 1
CARD 
Jibs_PC#8851228035991022592 placearmies 25 1
CARD 
Jibs_PC#8851228035991022592 placearmies 40 1
CARD 
Jibs_PC#8851228035991022592 placearmies 1 1
CARD 
Jibs_PC#8851228035991022592 placearmies 32 1
CARD 
Jibs_PC#8851228035991022592 placearmies 17 1
CARD 
Jibs_PC#8851228035991022592 placearmies 19 1
CARD 
Jibs_PC#8851228035991022592 placearmies 25 1
CARD 
Jibs_PC#8851228035991022592 placearmies 40 1
CARD 
Jibs_PC#8851228035991022592 placearmies 1 1
CARD 
Jibs_PC#8851228035991022592 placearmies 32 1
CARD 
Jibs_PC#8851228035991022592 placearmies 17 1
CARD 
Jibs_PC#8851228035991022592 placearmies 19 1
CARD 
Jibs_PC#8851228035991022592 placearmies 25 1
CARD 
Jibs_PC#8851228035991022592 placearmies 40 1
CARD 
Jibs_PC#8851228035991022592 placearmies 1 1
CARD 
Jibs_PC#8851228035991022592 placearmies 32 1
CARD 
Jibs_PC#8851228035991022592 placearmies 17 1
CARD 
Jibs_PC#8851228035991022592 placearmies 19 1
CARD 
Jibs_PC#8851228035991022592 placearmies 25 1
CARD 
Jibs_PC#8851228035991022592 placearmies 40 1
CARD 
Jibs_PC#8851228035991022592 placearmies 1 1
CARD 
Jibs_PC#8851228035991022592 placearmies 32 1
CARD 
Jibs_PC#8851228035991022592 placearmies 17 1
CARD 
Jibs_PC#8851228035991022592 placearmies 19 1
CARD 
Jibs_PC#8851228035991022592 placearmies 25 1
CARD 
Jibs_PC#8851228035991022592 placearmies 40 1
CARD 
Jibs_PC#8851228035991022592 placearmies 1 1
CARD 
Jibs_PC#8851228035991022592 placearmies 32 1
CARD 
Jibs_PC#8851228035991022592 placearmies 17 1
CARD 
Jibs_PC#8851228035991022592 placearmies 19 1
CARD 
Jibs_PC#8851228035991022592 placearmies 25 1
CARD 
Jibs_PC#8851228035991022592 placearmies 40 1
CARD 
Jibs_PC#8851228035991022592 placearmies 1 1
CARD 
Jibs_PC#8851228035991022592 placearmies 32 1
CARD 
Jibs_PC#8851228035991022592 placearmies 17 1
CARD 
Jibs_PC#8851228035991022592 placearmies 19 1
CARD 
Jibs_PC#8851228035991022592 placearmies 25 1
CARD 
Jibs_PC#8851228035991022592 placearmies 40 1
CARD 
Jibs_PC#8851228035991022592 placearmies 1 1
CARD 
Jibs_PC#8851228035991022592 placearmies 32 1
CARD 
Jibs_PC#8851228035991022592 placearmies 17 1
CARD 
Jibs_PC#8851228035991022592 placearmies 19 1
CARD 
Jibs_PC#8851228035991022592 placearmies 25 1
CARD 
Jibs_PC#8851228035991022592 placearmies 40 1
CARD 
Jibs_PC#8851228035991022592 placearmies 1 1
CARD 
Jibs_PC#8851228035991022592 placearmies 32 1
CARD 
Jibs_PC#8851228035991022592 placearmies 17 1
CARD 
Jibs_PC#8851228035991022592 placearmies 19 1
CARD 
Jibs_PC#8851228035991022592 placearmies 25 1
CARD 
Jibs_PC#8851228035991022592 placearmies 40 1
CARD 
Jibs_PC#8851228035991022592 placearmies 1 1
CARD 
Jibs_PC#8851228035991022592 placearmies 32 1
CARD 
Jibs_PC#8851228035991022592 placearmies 17 1
CARD 
Jibs_PC#8851228035991022592 placearmies 19 1
CARD 
Jibs_PC#8851228035991022592 placearmies 25 1
CARD 
Jibs_PC#8851228035991022592 placearmies 40 1
CARD 
Jibs_PC#8851228035991022592 placearmies 1 1
CARD 
Jibs_PC#8851228035991022592 placearmies 32 1
CARD 
Jibs_PC#8851228035991022592 placearmies 17 1
CARD 
Jibs_PC#8851228035991022592 placearmies 19 1
CARD 
Jibs_PC#8851228035991022592 placearmies 25 1
Jibs_PC#8851228035991022592 placearmies 25 1
Jibs_PC#8851228035991022592 placearmies 25 1
Jibs_PC#8851228035991022592 attack 25 23
Jibs_PC#8851228035991022592 roll 3
Jibs_PC#8851228035991022592 roll 1
DICE 3 1 3 0 0 5 
Jibs_PC#8851228035991022592 roll 3
Jibs_PC#8851228035991022592 roll 1
DICE 3 1 1 0 0 0 
Jibs_PC#8851228035991022592 move 8
Jibs_PC#8851228035991022592 attack 25 26
Jibs_PC#8851228035991022592 roll 3
Jibs_PC#8851228035991022592 roll 1
DICE 3 1 4 2 2 0 
Jibs_PC#8851228035991022592 move all
Jibs_PC#8851228035991022592 endattack
Jibs_PC#8851228035991022592 movearmies 26 24 6
CARD 10
Jibs_PC#8851228035991022592 placearmies 40 1
Jibs_PC#8851228035991022592 placearmies 40 1
Jibs_PC#8851228035991022592 placearmies 40 1
Jibs_PC#8851228035991022592 attack 40 42
Jibs_PC#8851228035991022592 roll 3
Jibs_PC#8851228035991022592 roll 1
DICE 3 1 5 3 2 2 
Jibs_PC#8851228035991022592 move all
Jibs_PC#8851228035991022592 attack 42 41
Jibs_PC#8851228035991022592 roll 3
Jibs_PC#8851228035991022592 roll 1
DICE 3 1 3 2 2 0 
Jibs_PC#8851228035991022592 move all
Jibs_PC#8851228035991022592 attack 41 39
Jibs_PC#8851228035991022592 roll 3
Jibs_PC#8851228035991022592 roll 1
DICE 3 1 3 3 3 5 
Jibs_PC#8851228035991022592 roll 3
Jibs_PC#8851228035991022592 roll 1
DICE 3 1 5 4 2 0 
Jibs_PC#8851228035991022592 move all
Jibs_PC#8851228035991022592 attack 39 33
Jibs_PC#8851228035991022592 roll 3
Jibs_PC#8851228035991022592 roll 1
DICE 3 1 5 1 1 0 
Jibs_PC#8851228035991022592 move all
Jibs_PC#8851228035991022592 endattack
Jibs_PC#8851228035991022592 nomove
CARD 22
Jibs_PC#8851228035991022592 placearmies 1 1
Jibs_PC#8851228035991022592 placearmies 1 1
Jibs_PC#8851228035991022592 placearmies 1 1
Jibs_PC#8851228035991022592 attack 1 2
Jibs_PC#8851228035991022592 roll 3
Jibs_PC#8851228035991022592 roll 1
DICE 3 1 5 3 0 2 
Jibs_PC#8851228035991022592 move all
Jibs_PC#8851228035991022592 attack 2 3
Jibs_PC#8851228035991022592 roll 3
Jibs_PC#8851228035991022592 roll 1
DICE 3 1 3 1 0 2 
Jibs_PC#8851228035991022592 move all
Jibs_PC#8851228035991022592 attack 3 4
Jibs_PC#8851228035991022592 roll 3
Jibs_PC#8851228035991022592 roll 1
DICE 3 1 3 1 1 5 
Jibs_PC#8851228035991022592 roll 3
Jibs_PC#8851228035991022592 roll 1
DICE 3 1 3 3 2 3 
Jibs_PC#8851228035991022592 roll 3
Jibs_PC#8851228035991022592 roll 1
DICE 3 1 4 3 0 0 
Jibs_PC#8851228035991022592 move all
Jibs_PC#8851228035991022592 attack 4 5
Jibs_PC#8851228035991022592 roll 3
Jibs_PC#8851228035991022592 roll 1
DICE 3 1 4 3 0 1 
Jibs_PC#8851228035991022592 move all
Jibs_PC#8851228035991022592 attack 5 9
Jibs_PC#8851228035991022592 roll 3
Jibs_PC#8851228035991022592 roll 1
DICE 3 1 4 1 1 1 
Jibs_PC#8851228035991022592 move all
Jibs_PC#8851228035991022592 attack 9 7
Jibs_PC#8851228035991022592 roll 3
Jibs_PC#8851228035991022592 roll 1
DICE 3 1 4 3 0 3 
Jibs_PC#8851228035991022592 move all
Jibs_PC#8851228035991022592 attack 7 8
Jibs_PC#8851228035991022592 roll 3
Jibs_PC#8851228035991022592 roll 1
DICE 3 1 5 4 2 0 
Jibs_PC#8851228035991022592 move all
Jibs_PC#8851228035991022592 attack 8 6
Jibs_PC#8851228035991022592 roll 3
Jibs_PC#8851228035991022592 roll 1
DICE 3 1 5 2 2 0 
Jibs_PC#8851228035991022592 move all
Jibs_PC#8851228035991022592 endattack
Jibs_PC#8851228035991022592 nomove
CARD 17
Jibs_PC#8851228035991022592 placearmies 32 1
Jibs_PC#8851228035991022592 placearmies 32 1
Jibs_PC#8851228035991022592 placearmies 32 1
Jibs_PC#8851228035991022592 attack 32 31
Jibs_PC#8851228035991022592 roll 3
Jibs_PC#8851228035991022592 roll 1
DICE 3 1 4 3 0 3 
Jibs_PC#8851228035991022592 move all
Jibs_PC#8851228035991022592 attack 31 30
Jibs_PC#8851228035991022592 roll 3
Jibs_PC#8851228035991022592 roll 1
DICE 3 1 4 2 1 0 
Jibs_PC#8851228035991022592 move all
Jibs_PC#8851228035991022592 attack 30 28
Jibs_PC#8851228035991022592 roll 3
Jibs_PC#8851228035991022592 roll 1
DICE 3 1 4 2 2 4 
Jibs_PC#8851228035991022592 roll 3
Jibs_PC#8851228035991022592 roll 1
DICE 3 1 5 2 1 4 
Jibs_PC#8851228035991022592 move all
Jibs_PC#8851228035991022592 attack 28 27
Jibs_PC#8851228035991022592 roll 3
Jibs_PC#8851228035991022592 roll 1
DICE 3 1 4 4 2 5 
Jibs_PC#8851228035991022592 roll 3
Jibs_PC#8851228035991022592 roll 1
DICE 3 1 5 4 4 3 
Jibs_PC#8851228035991022592 move all
Jibs_PC#8851228035991022592 attack 27 29
Jibs_PC#8851228035991022592 roll 3
Jibs_PC#8851228035991022592 roll 1
DICE 3 1 4 3 3 5 
Jibs_PC#8851228035991022592 roll 3
Jibs_PC#8851228035991022592 roll 1
DICE 3 1 4 3 0 2 
Jibs_PC#8851228035991022592 move all
Jibs_PC#8851228035991022592 attack 29 36
Jibs_PC#8851228035991022592 roll 3
Jibs_PC#8851228035991022592 roll 1
DICE 3 1 4 4 3 4 
Jibs_PC#8851228035991022592 roll 3
Jibs_PC#8851228035991022592 roll 1
DICE 3 1 5 4 4 5 
Jibs_PC#8851228035991022592 roll 3
Jibs_PC#8851228035991022592 roll 1
DICE 3 1 4 3 0 2 
Jibs_PC#8851228035991022592 move all
Jibs_PC#8851228035991022592 attack 36 35
Jibs_PC#8851228035991022592 roll 3
Jibs_PC#8851228035991022592 roll 1
DICE 3 1 4 3 1 4 
Jibs_PC#8851228035991022592 roll 3
Jibs_PC#8851228035991022592 roll 1
DICE 3 1 5 2 1 3 
Jibs_PC#8851228035991022592 move all
Jibs_PC#8851228035991022592 attack 35 34
Jibs_PC#8851228035991022592 roll 3
Jibs_PC#8851228035991022592 roll 1
DICE 3 1 4 3 2 0 
Jibs_PC#8851228035991022592 endattack
Jibs_PC#8851228035991022592 movearmies 34 38 2
CARD 23
Jibs_PC#8851228035991022592 placearmies 17 1
Jibs_PC#8851228035991022592 placearmies 17 1
Jibs_PC#8851228035991022592 placearmies 17 1
Jibs_PC#8851228035991022592 attack 17 14
Jibs_PC#8851228035991022592 roll 3
Jibs_PC#8851228035991022592 roll 1
DICE 3 1 5 2 0 3 
Jibs_PC#8851228035991022592 move all
Jibs_PC#8851228035991022592 attack 14 15
Jibs_PC#8851228035991022592 roll 3
Jibs_PC#8851228035991022592 roll 1
DICE 3 1 5 4 4 2 
Jibs_PC#8851228035991022592 move all
Jibs_PC#8851228035991022592 attack 15 16
Jibs_PC#8851228035991022592 roll 3
Jibs_PC#8851228035991022592 roll 1
DICE 3 1 5 5 2 2 
Jibs_PC#8851228035991022592 move all
Jibs_PC#8851228035991022592 endattack
Jibs_PC#8851228035991022592 nomove
CARD 12
Jibs_PC#8851228035991022592 placearmies 19 1
Jibs_PC#8851228035991022592 placearmies 19 1
Jibs_PC#8851228035991022592 placearmies 19 1
Jibs_PC#8851228035991022592 attack 19 17
Jibs_PC#8851228035991022592 roll 3
Jibs_PC#8851228035991022592 roll 1
DICE 3 1 5 4 2 4 
Jibs_PC#8851228035991022592 move all
Jibs_PC#8851228035991022592 attack 17 14
Jibs_PC#8851228035991022592 roll 3
Jibs_PC#8851228035991022592 roll 1
DICE 3 1 5 2 1 3 
Jibs_PC#8851228035991022592 move all
Jibs_PC#8851228035991022592 attack 14 15
Jibs_PC#8851228035991022592 roll 3
Jibs_PC#8851228035991022592 roll 1
DICE 3 1 4 0 0 0 
Jibs_PC#8851228035991022592 move all
Jibs_PC#8851228035991022592 attack 15 18
Jibs_PC#8851228035991022592 roll 3
Jibs_PC#8851228035991022592 roll 1
DICE 3 1 2 0 0 3 
Jibs_PC#8851228035991022592 roll 3
Jibs_PC#8851228035991022592 roll 1
DICE 3 1 5 3 3 4 
Jibs_PC#8851228035991022592 move all
Jibs_PC#8851228035991022592 attack 18 20
Jibs_PC#8851228035991022592 roll 3
Jibs_PC#8851228035991022592 roll 1
DICE 3 1 5 4 0 3 
Jibs_PC#8851228035991022592 move all
Jibs_PC#8851228035991022592 attack 20 16
Jibs_PC#8851228035991022592 roll 3
Jibs_PC#8851228035991022592 roll 2
DICE 3 2 3 2 0 4 0 
Jibs_PC#8851228035991022592 roll 3
Jibs_PC#8851228035991022592 roll 2
DICE 3 2 4 3 1 5 1 
Jibs_PC#8851228035991022592 roll 3
Jibs_PC#8851228035991022592 roll 2
DICE 3 2 5 3 3 3 2 
Jibs_PC#8851228035991022592 roll 3
Jibs_PC#8851228035991022592 roll 2
DICE 3 2 5 3 0 4 2 
Jibs_PC#8851228035991022592 roll 3
Jibs_PC#8851228035991022592 roll 2
DICE 3 2 4 0 0 3 0 
Jibs_PC#8851228035991022592 roll 3
Jibs_PC#8851228035991022592 roll 2
DICE 3 2 3 1 0 3 0 
Jibs_PC#8851228035991022592 roll 3
Jibs_PC#8851228035991022592 roll 2
DICE 3 2 5 4 0 4 1 
Jibs_PC#8851228035991022592 roll 3
Jibs_PC#8851228035991022592 roll 2
DICE 3 2 5 4 1 1 0 
Jibs_PC#8851228035991022592 roll 3
Jibs_PC#8851228035991022592 roll 2
DICE 3 2 3 2 0 4 2 
Jibs_PC#8851228035991022592 roll 3
Jibs_PC#8851228035991022592 roll 2
DICE 3 2 5 2 2 5 0 
Jibs_PC#8851228035991022592 roll 2
Jibs_PC#8851228035991022592 roll 1
DICE 2 1 3 1 5 
Jibs_PC#8851228035991022592 roll 1
Jibs_PC#8851228035991022592 roll 1
DICE 1 1 1 3 
Jibs_PC#8851228035991022592 attack 12 21
Jibs_PC#8851228035991022592 roll 1
Jibs_PC#8851228035991022592 roll 1
DICE 1 1 4 1 
Jibs_PC#8851228035991022592 endattack
Jibs_PC#8851228035991022592 nomove
CARD 29
Jibs_PC#8851228035991022592 placearmies 23 1
Jibs_PC#8851228035991022592 placearmies 23 1
Jibs_PC#8851228035991022592 placearmies 23 1
Jibs_PC#8851228035991022592 attack 23 21
Jibs_PC#8851228035991022592 roll 3
Jibs_PC#8851228035991022592 roll 1
DICE 3 1 3 1 0 1 
Jibs_PC#8851228035991022592 move all
Jibs_PC#8851228035991022592 attack 24 22
Jibs_PC#8851228035991022592 roll 3
Jibs_PC#8851228035991022592 roll 1
DICE 3 1 5 5 1 2 
Jibs_PC#8851228035991022592 move all
Jibs_PC#8851228035991022592 attack 22 31
Jibs_PC#8851228035991022592 roll 3
Jibs_PC#8851228035991022592 roll 1
DICE 3 1 4 2 1 4 
Jibs_PC#8851228035991022592 roll 3
Jibs_PC#8851228035991022592 roll 1
DICE 3 1 5 0 0 0 
Jibs_PC#8851228035991022592 move all
Jibs_PC#8851228035991022592 attack 31 30
Jibs_PC#8851228035991022592 roll 3
Jibs_PC#8851228035991022592 roll 1
DICE 3 1 3 2 0 2 
Jibs_PC#8851228035991022592 attack 30 28
Jibs_PC#8851228035991022592 roll 2
Jibs_PC#8851228035991022592 roll 1
DICE 2 1 4 0 2 
Jibs_PC#8851228035991022592 endattack
Jibs_PC#8851228035991022592 nomove
CARD 39
Jibs_PC#8851228035991022592 placearmies 33 1
Jibs_PC#8851228035991022592 placearmies 33 1
Jibs_PC#8851228035991022592 placearmies 33 1
Jibs_PC#8851228035991022592 placearmies 33 1
Jibs_PC#8851228035991022592 placearmies 33 1
Jibs_PC#8851228035991022592 attack 33 29
Jibs_PC#8851228035991022592 roll 3
Jibs_PC#8851228035991022592 roll 1
DICE 3 1 5 1 0 3 
Jibs_PC#8851228035991022592 move all
Jibs_PC#8851228035991022592 attack 29 36
Jibs_PC#8851228035991022592 roll 3
Jibs_PC#8851228035991022592 roll 1
DICE 3 1 3 0 0 1 
Jibs_PC#8851228035991022592 move all
Jibs_PC#8851228035991022592 attack 36 38
Jibs_PC#8851228035991022592 roll 3
Jibs_PC#8851228035991022592 roll 2
DICE 3 2 3 3 3 3 0 
Jibs_PC#8851228035991022592 roll 3
Jibs_PC#8851228035991022592 roll 2
DICE 3 2 5 3 2 4 1 
Jibs_PC#8851228035991022592 move all
Jibs_PC#8851228035991022592 attack 38 1
Jibs_PC#8851228035991022592 roll 3
Jibs_PC#8851228035991022592 roll 1
DICE 3 1 1 1 0 3 
Jibs_PC#8851228035991022592 roll 3
Jibs_PC#8851228035991022592 roll 1
DICE 3 1 4 3 2 3 
Jibs_PC#8851228035991022592 move all
Jibs_PC#8851228035991022592 attack 1 2
Jibs_PC#8851228035991022592 roll 3
Jibs_PC#8851228035991022592 roll 1
DICE 3 1 5 1 1 2 
Jibs_PC#8851228035991022592 move all
Jibs_PC#8851228035991022592 attack 2 6
Jibs_PC#8851228035991022592 roll 3
Jibs_PC#8851228035991022592 roll 2
DICE 3 2 4 3 1 1 0 
Jibs_PC#8851228035991022592 roll 3
Jibs_PC#8851228035991022592 roll 2
DICE 3 2 1 0 0 5 2 
Jibs_PC#8851228035991022592 roll 3
Jibs_PC#8851228035991022592 roll 2
DICE 3 2 3 1 0 3 0 
Jibs_PC#8851228035991022592 roll 3
Jibs_PC#8851228035991022592 roll 2
DICE 3 2 5 4 1 4 1 
Jibs_PC#8851228035991022592 roll 3
Jibs_PC#8851228035991022592 roll 2
DICE 3 2 5 5 1 5 3 
Jibs_PC#8851228035991022592 roll 3
Jibs_PC#8851228035991022592 roll 1
DICE 3 1 4 1 0 0 
Jibs_PC#8851228035991022592 move all
Jibs_PC#8851228035991022592 attack 6 8
Jibs_PC#8851228035991022592 roll 3
Jibs_PC#8851228035991022592 roll 1
DICE 3 1 4 4 2 0 
Jibs_PC#8851228035991022592 move all
Jibs_PC#8851228035991022592 attack 8 7
Jibs_PC#8851228035991022592 roll 3
Jibs_PC#8851228035991022592 roll 1
DICE 3 1 4 1 1 2 
Jibs_PC#8851228035991022592 endattack
Jibs_PC#8851228035991022592 nomove
CARD 32
Jibs_PC#8851228035991022592 placearmies 9 1
Jibs_PC#8851228035991022592 placearmies 9 1
Jibs_PC#8851228035991022592 placearmies 9 1
Jibs_PC#8851228035991022592 attack 9 8
Jibs_PC#8851228035991022592 roll 3
Jibs_PC#8851228035991022592 roll 1
DICE 3 1 2 2 2 2 
Jibs_PC#8851228035991022592 roll 2
Jibs_PC#8851228035991022592 roll 1
DICE 2 1 1 0 1 
Jibs_PC#8851228035991022592 roll 1
Jibs_PC#8851228035991022592 roll 1
DICE 1 1 2 0 
Jibs_PC#8851228035991022592 endattack
Jibs_PC#8851228035991022592 nomove
CARD 13
Jibs_PC#8851228035991022592 placearmies 32 1
Jibs_PC#8851228035991022592 placearmies 32 1
Jibs_PC#8851228035991022592 placearmies 32 1
Jibs_PC#8851228035991022592 attack 32 31
Jibs_PC#8851228035991022592 roll 3
Jibs_PC#8851228035991022592 roll 1
DICE 3 1 3 2 1 0 
Jibs_PC#8851228035991022592 endattack
Jibs_PC#8851228035991022592 nomove
CARD 8
Jibs_PC#8851228035991022592 placearmies 16 1
Jibs_PC#8851228035991022592 placearmies 16 1
Jibs_PC#8851228035991022592 placearmies 16 1
Jibs_PC#8851228035991022592 attack 16 15
Jibs_PC#8851228035991022592 roll 3
Jibs_PC#8851228035991022592 roll 1
DICE 3 1 5 4 4 2 
Jibs_PC#8851228035991022592 attack 15 14
Jibs_PC#8851228035991022592 roll 2
Jibs_PC#8851228035991022592 roll 1
DICE 2 1 4 4 3 
Jibs_PC#8851228035991022592 attack 14 17
Jibs_PC#8851228035991022592 roll 1
Jibs_PC#8851228035991022592 roll 1
DICE 1 1 1 2 
Jibs_PC#8851228035991022592 endattack
Jibs_PC#8851228035991022592 nomove
CARD wildcard
Jibs_PC#8851228035991022592 placearmies 20 1
Jibs_PC#8851228035991022592 placearmies 20 1
Jibs_PC#8851228035991022592 placearmies 20 1
Jibs_PC#8851228035991022592 attack 20 16
Jibs_PC#8851228035991022592 roll 3
Jibs_PC#8851228035991022592 roll 1
DICE 3 1 5 4 1 1 
Jibs_PC#8851228035991022592 attack 16 15
Jibs_PC#8851228035991022592 roll 2
Jibs_PC#8851228035991022592 roll 1
DICE 2 1 5 0 5 
Jibs_PC#8851228035991022592 roll 1
Jibs_PC#8851228035991022592 roll 1
DICE 1 1 1 3 
Jibs_PC#8851228035991022592 endattack
Jibs_PC#8851228035991022592 nomove
CARD 28
Jibs_PC#8851228035991022592 placearmies 28 1
Jibs_PC#8851228035991022592 placearmies 28 1
Jibs_PC#8851228035991022592 placearmies 28 1
Jibs_PC#8851228035991022592 placearmies 28 1
Jibs_PC#8851228035991022592 placearmies 28 1
Jibs_PC#8851228035991022592 placearmies 28 1
Jibs_PC#8851228035991022592 attack 28 27
Jibs_PC#8851228035991022592 roll 3
Jibs_PC#8851228035991022592 roll 1
DICE 3 1 1 1 0 5 
Jibs_PC#8851228035991022592 roll 3
Jibs_PC#8851228035991022592 roll 1
DICE 3 1 5 3 0 5 
Jibs_PC#8851228035991022592 roll 3
Jibs_PC#8851228035991022592 roll 1
DICE 3 1 5 5 3 3 
Jibs_PC#8851228035991022592 move all
Jibs_PC#8851228035991022592 attack 27 34
Jibs_PC#8851228035991022592 roll 3
Jibs_PC#8851228035991022592 roll 1
DICE 3 1 4 3 1 3 
Jibs_PC#8851228035991022592 move all
Jibs_PC#8851228035991022592 attack 34 35
Jibs_PC#8851228035991022592 roll 3
Jibs_PC#8851228035991022592 roll 1
DICE 3 1 5 2 1 0 
Jibs_PC#8851228035991022592 attack 35 36
Jibs_PC#8851228035991022592 roll 2
Jibs_PC#8851228035991022592 roll 1
DICE 2 1 3 2 0 
Jibs_PC#8851228035991022592 attack 36 29
Jibs_PC#8851228035991022592 roll 1
Jibs_PC#8851228035991022592 roll 1
DICE 1 1 3 4 
Jibs_PC#8851228035991022592 endattack
Jibs_PC#8851228035991022592 nomove
CARD 11
Jibs_PC#8851228035991022592 placearmies 7 1
Jibs_PC#8851228035991022592 placearmies 7 1
Jibs_PC#8851228035991022592 placearmies 7 1
Jibs_PC#8851228035991022592 placearmies 7 1
Jibs_PC#8851228035991022592 placearmies 7 1
Jibs_PC#8851228035991022592 placearmies 7 1
Jibs_PC#8851228035991022592 attack 7 3
Jibs_PC#8851228035991022592 roll 3
Jibs_PC#8851228035991022592 roll 1
DICE 3 1 4 3 2 5 
Jibs_PC#8851228035991022592 roll 3
Jibs_PC#8851228035991022592 roll 1
DICE 3 1 5 1 0 3 
Jibs_PC#8851228035991022592 move all
Jibs_PC#8851228035991022592 attack 3 4
Jibs_PC#8851228035991022592 roll 3
Jibs_PC#8851228035991022592 roll 1
DICE 3 1 4 1 0 0 
Jibs_PC#8851228035991022592 move all
Jibs_PC#8851228035991022592 attack 4 5
Jibs_PC#8851228035991022592 roll 3
Jibs_PC#8851228035991022592 roll 1
DICE 3 1 4 2 1 0 
Jibs_PC#8851228035991022592 move all
Jibs_PC#8851228035991022592 attack 5 9
Jibs_PC#8851228035991022592 roll 3
Jibs_PC#8851228035991022592 roll 1
DICE 3 1 4 3 1 2 
Jibs_PC#8851228035991022592 move all
Jibs_PC#8851228035991022592 attack 9 8
Jibs_PC#8851228035991022592 roll 3
Jibs_PC#8851228035991022592 roll 1
DICE 3 1 2 2 2 5 
Jibs_PC#8851228035991022592 roll 2
Jibs_PC#8851228035991022592 roll 1
DICE 2 1 4 2 2 
Jibs_PC#8851228035991022592 newplayer human green s0914007
Jibs_PC#8851228035991022592 newplayer human blue bob
Jibs_PC#8851228035991022592 newplayer human red fred
Jibs_PC#8851228035991022592 newplayer human cyan ted
Jibs_PC#8851228035991022592 newplayer human magenta yura
Jibs_PC#8851228035991022592 newplayer human yellow lala
Jibs_PC#8851228035991022592 startgame mission fixed autoplaceall recycle
PLAYER ted
MISSION 3 2 1 2 0 0
PLACEALL 2 1 27 29 38 23 24 25 9 16 30 41 12 35 42 33 5 37 20 34 6 3 32 39 4 10 7 26 40 14 15 21 18 36 28 13 17 31 19 22 8 11
Jibs_PC#8851228035991022592 placearmies 2 1
CARD 
Jibs_PC#8851228035991022592 placearmies 10 1
CARD 
Jibs_PC#8851228035991022592 placearmies 42 1
CARD 
Jibs_PC#8851228035991022592 placearmies 16 1
CARD 
Jibs_PC#8851228035991022592 placearmies 28 1
CARD 
Jibs_PC#8851228035991022592 placearmies 14 1
CARD 
Jibs_PC#8851228035991022592 placearmies 2 1
CARD 
Jibs_PC#8851228035991022592 placearmies 10 1
CARD 
Jibs_PC#8851228035991022592 placearmies 42 1
CARD 
Jibs_PC#8851228035991022592 placearmies 16 1
CARD 
Jibs_PC#8851228035991022592 placearmies 28 1
CARD 
Jibs_PC#8851228035991022592 placearmies 14 1
CARD 
Jibs_PC#8851228035991022592 placearmies 2 1
CARD 
Jibs_PC#8851228035991022592 placearmies 10 1
CARD 
Jibs_PC#8851228035991022592 placearmies 42 1
CARD 
Jibs_PC#8851228035991022592 placearmies 16 1
CARD 
Jibs_PC#8851228035991022592 placearmies 28 1
CARD 
Jibs_PC#8851228035991022592 placearmies 14 1
CARD 
Jibs_PC#8851228035991022592 placearmies 2 1
CARD 
Jibs_PC#8851228035991022592 placearmies 10 1
CARD 
Jibs_PC#8851228035991022592 placearmies 42 1
CARD 
Jibs_PC#8851228035991022592 placearmies 16 1
CARD 
Jibs_PC#8851228035991022592 placearmies 28 1
CARD 
Jibs_PC#8851228035991022592 placearmies 14 1
CARD 
Jibs_PC#8851228035991022592 placearmies 2 1
CARD 
Jibs_PC#8851228035991022592 placearmies 10 1
CARD 
Jibs_PC#8851228035991022592 placearmies 42 1
CARD 
Jibs_PC#8851228035991022592 placearmies 16 1
CARD 
Jibs_PC#8851228035991022592 placearmies 28 1
CARD 
Jibs_PC#8851228035991022592 placearmies 14 1
CARD 
Jibs_PC#8851228035991022592 placearmies 2 1
CARD 
Jibs_PC#8851228035991022592 placearmies 10 1
CARD 
Jibs_PC#8851228035991022592 placearmies 42 1
CARD 
Jibs_PC#8851228035991022592 placearmies 16 1
CARD 
Jibs_PC#8851228035991022592 placearmies 28 1
CARD 
Jibs_PC#8851228035991022592 placearmies 14 1
CARD 
Jibs_PC#8851228035991022592 placearmies 2 1
CARD 
Jibs_PC#8851228035991022592 placearmies 10 1
CARD 
Jibs_PC#8851228035991022592 placearmies 42 1
CARD 
Jibs_PC#8851228035991022592 placearmies 16 1
CARD 
Jibs_PC#8851228035991022592 placearmies 28 1
CARD 
Jibs_PC#8851228035991022592 placearmies 14 1
CARD 
Jibs_PC#8851228035991022592 placearmies 2 1
CARD 
Jibs_PC#8851228035991022592 placearmies 10 1
CARD 
Jibs_PC#8851228035991022592 placearmies 42 1
CARD 
Jibs_PC#8851228035991022592 placearmies 16 1
CARD 
Jibs_PC#8851228035991022592 placearmies 28 1
CARD 
Jibs_PC#8851228035991022592 placearmies 14 1
CARD 
Jibs_PC#8851228035991022592 placearmies 2 1
CARD 
Jibs_PC#8851228035991022592 placearmies 10 1
CARD 
Jibs_PC#8851228035991022592 placearmies 42 1
CARD 
Jibs_PC#8851228035991022592 placearmies 16 1
CARD 
Jibs_PC#8851228035991022592 placearmies 28 1
CARD 
Jibs_PC#8851228035991022592 placearmies 14 1
CARD 
Jibs_PC#8851228035991022592 placearmies 2 1
CARD 
Jibs_PC#8851228035991022592 placearmies 10 1
CARD 
Jibs_PC#8851228035991022592 placearmies 42 1
CARD 
Jibs_PC#8851228035991022592 placearmies 16 1
CARD 
Jibs_PC#8851228035991022592 placearmies 28 1
CARD 
Jibs_PC#8851228035991022592 placearmies 14 1
CARD 
Jibs_PC#8851228035991022592 placearmies 2 1
CARD 
Jibs_PC#8851228035991022592 placearmies 10 1
CARD 
Jibs_PC#8851228035991022592 placearmies 42 1
CARD 
Jibs_PC#8851228035991022592 placearmies 16 1
CARD 
Jibs_PC#8851228035991022592 placearmies 28 1
CARD 
Jibs_PC#8851228035991022592 placearmies 14 1
CARD 
Jibs_PC#8851228035991022592 placearmies 2 1
CARD 
Jibs_PC#8851228035991022592 placearmies 10 1
CARD 
Jibs_PC#8851228035991022592 placearmies 42 1
CARD 
Jibs_PC#8851228035991022592 placearmies 16 1
CARD 
Jibs_PC#8851228035991022592 placearmies 28 1
CARD 
Jibs_PC#8851228035991022592 placearmies 14 1
CARD 
Jibs_PC#8851228035991022592 placearmies 2 1
CARD 
Jibs_PC#8851228035991022592 placearmies 10 1
CARD 
Jibs_PC#8851228035991022592 placearmies 42 1
CARD 
Jibs_PC#8851228035991022592 placearmies 16 1
CARD 
Jibs_PC#8851228035991022592 placearmies 28 1
CARD 
Jibs_PC#8851228035991022592 placearmies 14 1
CARD 
Jibs_PC#8851228035991022592 placearmies 2 1
Jibs_PC#8851228035991022592 placearmies 2 1
Jibs_PC#8851228035991022592 placearmies 2 1
Jibs_PC#8851228035991022592 attack 2 1
Jibs_PC#8851228035991022592 roll 3
Jibs_PC#8851228035991022592 roll 1
DICE 3 1 4 2 0 1 
Jibs_PC#8851228035991022592 move all
Jibs_PC#8851228035991022592 attack 1 3
Jibs_PC#8851228035991022592 roll 3
Jibs_PC#8851228035991022592 roll 1
DICE 3 1 4 2 2 4 
Jibs_PC#8851228035991022592 roll 3
Jibs_PC#8851228035991022592 roll 1
DICE 3 1 5 3 0 2 
Jibs_PC#8851228035991022592 move all
Jibs_PC#8851228035991022592 attack 3 7
Jibs_PC#8851228035991022592 roll 3
Jibs_PC#8851228035991022592 roll 1
DICE 3 1 3 2 0 3 
Jibs_PC#8851228035991022592 roll 3
Jibs_PC#8851228035991022592 roll 1
DICE 3 1 5 3 1 3 
Jibs_PC#8851228035991022592 move all
Jibs_PC#8851228035991022592 attack 7 6
Jibs_PC#8851228035991022592 roll 3
Jibs_PC#8851228035991022592 roll 1
DICE 3 1 4 3 2 2 
Jibs_PC#8851228035991022592 move all
Jibs_PC#8851228035991022592 attack 6 8
Jibs_PC#8851228035991022592 roll 3
Jibs_PC#8851228035991022592 roll 1
DICE 3 1 4 3 0 5 
Jibs_PC#8851228035991022592 roll 3
Jibs_PC#8851228035991022592 roll 1
DICE 3 1 4 2 2 1 
Jibs_PC#8851228035991022592 move all
Jibs_PC#8851228035991022592 attack 8 9
Jibs_PC#8851228035991022592 roll 3
Jibs_PC#8851228035991022592 roll 1
DICE 3 1 5 5 0 2 
Jibs_PC#8851228035991022592 move all
Jibs_PC#8851228035991022592 attack 9 5
Jibs_PC#8851228035991022592 roll 3
Jibs_PC#8851228035991022592 roll 1
DICE 3 1 5 2 2 4 
Jibs_PC#8851228035991022592 move all
Jibs_PC#8851228035991022592 endattack
Jibs_PC#8851228035991022592 nomove
CARD 38
Jibs_PC#8851228035991022592 placearmies 10 1
Jibs_PC#8851228035991022592 placearmies 10 1
Jibs_PC#8851228035991022592 placearmies 10 1
Jibs_PC#8851228035991022592 attack 10 11
Jibs_PC#8851228035991022592 roll 3
Jibs_PC#8851228035991022592 roll 1
DICE 3 1 5 2 1 4 
Jibs_PC#8851228035991022592 move all
Jibs_PC#8851228035991022592 attack 11 13
Jibs_PC#8851228035991022592 roll 3
Jibs_PC#8851228035991022592 roll 1
DICE 3 1 5 4 0 4 
Jibs_PC#8851228035991022592 move all
Jibs_PC#8851228035991022592 attack 13 12
Jibs_PC#8851228035991022592 roll 3
Jibs_PC#8851228035991022592 roll 1
DICE 3 1 5 3 0 0 
Jibs_PC#8851228035991022592 move all
Jibs_PC#8851228035991022592 endattack
Jibs_PC#8851228035991022592 movearmies 12 21 13
CARD 40
Jibs_PC#8851228035991022592 placearmies 42 1
Jibs_PC#8851228035991022592 placearmies 42 1
Jibs_PC#8851228035991022592 placearmies 42 1
Jibs_PC#8851228035991022592 attack 42 41
Jibs_PC#8851228035991022592 roll 3
Jibs_PC#8851228035991022592 roll 1
DICE 3 1 1 1 0 1 
Jibs_PC#8851228035991022592 roll 3
Jibs_PC#8851228035991022592 roll 1
DICE 3 1 5 3 2 4 
Jibs_PC#8851228035991022592 move all
Jibs_PC#8851228035991022592 attack 41 39
Jibs_PC#8851228035991022592 roll 3
Jibs_PC#8851228035991022592 roll 1
DICE 3 1 3 2 2 3 
Jibs_PC#8851228035991022592 roll 3
Jibs_PC#8851228035991022592 roll 1
DICE 3 1 2 2 0 2 
Jibs_PC#8851228035991022592 roll 3
Jibs_PC#8851228035991022592 roll 1
DICE 3 1 4 1 0 4 
Jibs_PC#8851228035991022592 roll 3
Jibs_PC#8851228035991022592 roll 1
DICE 3 1 3 1 1 3 
Jibs_PC#8851228035991022592 roll 3
Jibs_PC#8851228035991022592 roll 1
DICE 3 1 2 1 0 5 
Jibs_PC#8851228035991022592 roll 3
Jibs_PC#8851228035991022592 roll 1
DICE 3 1 4 4 3 1 
Jibs_PC#8851228035991022592 move all
Jibs_PC#8851228035991022592 attack 39 40
Jibs_PC#8851228035991022592 roll 3
Jibs_PC#8851228035991022592 roll 1
DICE 3 1 5 4 3 1 
Jibs_PC#8851228035991022592 move 3
Jibs_PC#8851228035991022592 attack 39 33
Jibs_PC#8851228035991022592 roll 3
Jibs_PC#8851228035991022592 roll 1
DICE 3 1 5 4 2 0 
Jibs_PC#8851228035991022592 move all
Jibs_PC#8851228035991022592 attack 33 29
Jibs_PC#8851228035991022592 roll 3
Jibs_PC#8851228035991022592 roll 1
DICE 3 1 4 2 1 4 
Jibs_PC#8851228035991022592 roll 3
Jibs_PC#8851228035991022592 roll 1
DICE 3 1 5 4 3 1 
Jibs_PC#8851228035991022592 attack 29 36
Jibs_PC#8851228035991022592 roll 2
Jibs_PC#8851228035991022592 roll 1
DICE 2 1 5 2 0 
Jibs_PC#8851228035991022592 attack 36 38
Jibs_PC#8851228035991022592 roll 1
Jibs_PC#8851228035991022592 roll 1
DICE 1 1 3 5 
Jibs_PC#8851228035991022592 endattack
Jibs_PC#8851228035991022592 nomove
CARD 6
Jibs_PC#8851228035991022592 placearmies 16 1
Jibs_PC#8851228035991022592 placearmies 16 1
Jibs_PC#8851228035991022592 placearmies 16 1
Jibs_PC#8851228035991022592 attack 16 15
Jibs_PC#8851228035991022592 roll 3
Jibs_PC#8851228035991022592 roll 1
DICE 3 1 2 2 0 2 
Jibs_PC#8851228035991022592 roll 3
Jibs_PC#8851228035991022592 roll 1
DICE 3 1 5 4 2 2 
Jibs_PC#8851228035991022592 move all
Jibs_PC#8851228035991022592 attack 15 18
Jibs_PC#8851228035991022592 roll 3
Jibs_PC#8851228035991022592 roll 1
DICE 3 1 5 4 2 2 
Jibs_PC#8851228035991022592 move all
Jibs_PC#8851228035991022592 attack 18 20
Jibs_PC#8851228035991022592 roll 3
Jibs_PC#8851228035991022592 roll 1
DICE 3 1 3 3 3 4 
Jibs_PC#8851228035991022592 roll 3
Jibs_PC#8851228035991022592 roll 1
DICE 3 1 5 4 2 5 
Jibs_PC#8851228035991022592 roll 3
Jibs_PC#8851228035991022592 roll 1
DICE 3 1 3 2 2 0 
Jibs_PC#8851228035991022592 move all
Jibs_PC#8851228035991022592 attack 20 19
Jibs_PC#8851228035991022592 roll 3
Jibs_PC#8851228035991022592 roll 1
DICE 3 1 5 4 3 1 
Jibs_PC#8851228035991022592 move all
Jibs_PC#8851228035991022592 attack 19 17
Jibs_PC#8851228035991022592 roll 3
Jibs_PC#8851228035991022592 roll 1
DICE 3 1 4 2 1 0 
Jibs_PC#8851228035991022592 move all
Jibs_PC#8851228035991022592 attack 17 14
Jibs_PC#8851228035991022592 roll 3
Jibs_PC#8851228035991022592 roll 2
DICE 3 2 5 3 3 4 1 
Jibs_PC#8851228035991022592 roll 3
Jibs_PC#8851228035991022592 roll 2
DICE 3 2 5 2 0 5 2 
Jibs_PC#8851228035991022592 roll 3
Jibs_PC#8851228035991022592 roll 2
DICE 3 2 5 2 1 4 3 
Jibs_PC#8851228035991022592 roll 3
Jibs_PC#8851228035991022592 roll 2
DICE 3 2 4 0 0 3 1 
Jibs_PC#8851228035991022592 roll 3
Jibs_PC#8851228035991022592 roll 2
DICE 3 2 2 2 1 3 1 
Jibs_PC#8851228035991022592 roll 3
Jibs_PC#8851228035991022592 roll 2
DICE 3 2 3 2 1 3 2 
Jibs_PC#8851228035991022592 roll 1
Jibs_PC#8851228035991022592 roll 2
DICE 1 2 3 0 0 
Jibs_PC#8851228035991022592 roll 1
Jibs_PC#8851228035991022592 roll 2
DICE 1 2 0 5 0 
Jibs_PC#8851228035991022592 endattack
Jibs_PC#8851228035991022592 nomove
CARD 25
Jibs_PC#8851228035991022592 placearmies 28 1
Jibs_PC#8851228035991022592 placearmies 28 1
Jibs_PC#8851228035991022592 placearmies 28 1
Jibs_PC#8851228035991022592 attack 28 27
Jibs_PC#8851228035991022592 roll 3
Jibs_PC#8851228035991022592 roll 1
DICE 3 1 4 2 1 5 
Jibs_PC#8851228035991022592 roll 3
Jibs_PC#8851228035991022592 roll 1
DICE 3 1 5 4 0 2 
Jibs_PC#8851228035991022592 move all
Jibs_PC#8851228035991022592 attack 27 34
Jibs_PC#8851228035991022592 roll 3
Jibs_PC#8851228035991022592 roll 1
DICE 3 1 3 1 1 5 
Jibs_PC#8851228035991022592 roll 3
Jibs_PC#8851228035991022592 roll 1
DICE 3 1 3 3 2 5 
Jibs_PC#8851228035991022592 roll 3
Jibs_PC#8851228035991022592 roll 1
DICE 3 1 4 3 3 0 
Jibs_PC#8851228035991022592 move all
Jibs_PC#8851228035991022592 attack 34 35
Jibs_PC#8851228035991022592 roll 3
Jibs_PC#8851228035991022592 roll 1
DICE 3 1 1 0 0 1 
Jibs_PC#8851228035991022592 roll 3
Jibs_PC#8851228035991022592 roll 1
DICE 3 1 2 1 0 4 
Jibs_PC#8851228035991022592 roll 3
Jibs_PC#8851228035991022592 roll 1
DICE 3 1 5 4 0 5 
Jibs_PC#8851228035991022592 roll 3
Jibs_PC#8851228035991022592 roll 1
DICE 3 1 5 5 4 0 
Jibs_PC#8851228035991022592 move all
Jibs_PC#8851228035991022592 attack 35 36
Jibs_PC#8851228035991022592 roll 3
Jibs_PC#8851228035991022592 roll 1
DICE 3 1 5 3 3 3 
Jibs_PC#8851228035991022592 move all
Jibs_PC#8851228035991022592 attack 36 37
Jibs_PC#8851228035991022592 roll 3
Jibs_PC#8851228035991022592 roll 1
DICE 3 1 5 3 0 1 
Jibs_PC#8851228035991022592 move 3
Jibs_PC#8851228035991022592 attack 36 29
Jibs_PC#8851228035991022592 roll 3
Jibs_PC#8851228035991022592 roll 1
DICE 3 1 5 5 3 0 
Jibs_PC#8851228035991022592 attack 29 33
Jibs_PC#8851228035991022592 roll 2
Jibs_PC#8851228035991022592 roll 1
DICE 2 1 5 4 0 
Jibs_PC#8851228035991022592 endattack
Jibs_PC#8851228035991022592 movearmies 37 38 2
CARD 19
Jibs_PC#8851228035991022592 placearmies 14 1
Jibs_PC#8851228035991022592 placearmies 14 1
Jibs_PC#8851228035991022592 placearmies 14 1
Jibs_PC#8851228035991022592 attack 14 17
Jibs_PC#8851228035991022592 roll 3
Jibs_PC#8851228035991022592 roll 1
DICE 3 1 5 2 1 1 
Jibs_PC#8851228035991022592 move all
Jibs_PC#8851228035991022592 attack 17 19
Jibs_PC#8851228035991022592 roll 3
Jibs_PC#8851228035991022592 roll 1
DICE 3 1 4 2 0 5 
Jibs_PC#8851228035991022592 roll 3
Jibs_PC#8851228035991022592 roll 1
DICE 3 1 5 2 1 4 
Jibs_PC#8851228035991022592 move all
Jibs_PC#8851228035991022592 attack 19 20
Jibs_PC#8851228035991022592 roll 3
Jibs_PC#8851228035991022592 roll 1
DICE 3 1 5 2 1 2 
Jibs_PC#8851228035991022592 move all
Jibs_PC#8851228035991022592 attack 20 18
Jibs_PC#8851228035991022592 roll 3
Jibs_PC#8851228035991022592 roll 1
DICE 3 1 1 0 0 2 
Jibs_PC#8851228035991022592 roll 3
Jibs_PC#8851228035991022592 roll 1
DICE 3 1 2 1 0 1 
Jibs_PC#8851228035991022592 move all
Jibs_PC#8851228035991022592 attack 18 15
Jibs_PC#8851228035991022592 roll 3
Jibs_PC#8851228035991022592 roll 1
DICE 3 1 5 5 2 0 
Jibs_PC#8851228035991022592 move all
Jibs_PC#8851228035991022592 attack 15 16
Jibs_PC#8851228035991022592 roll 3
Jibs_PC#8851228035991022592 roll 1
DICE 3 1 3 0 0 4 
Jibs_PC#8851228035991022592 roll 2
Jibs_PC#8851228035991022592 roll 1
DICE 2 1 5 5 5 
Jibs_PC#8851228035991022592 roll 1
Jibs_PC#8851228035991022592 roll 1
DICE 1 1 2 4 
Jibs_PC#8851228035991022592 endattack
Jibs_PC#8851228035991022592 nomove
CARD 13
Jibs_PC#8851228035991022592 placearmies 5 1
Jibs_PC#8851228035991022592 placearmies 5 1
Jibs_PC#8851228035991022592 placearmies 5 1
Jibs_PC#8851228035991022592 placearmies 5 1
Jibs_PC#8851228035991022592 placearmies 5 1
Jibs_PC#8851228035991022592 placearmies 5 1
Jibs_PC#8851228035991022592 placearmies 5 1
Jibs_PC#8851228035991022592 placearmies 5 1
Jibs_PC#8851228035991022592 attack 5 10
Jibs_PC#8851228035991022592 roll 3
Jibs_PC#8851228035991022592 roll 1
DICE 3 1 4 2 1 1 
Jibs_PC#8851228035991022592 move all
Jibs_PC#8851228035991022592 attack 10 12
Jibs_PC#8851228035991022592 roll 3
Jibs_PC#8851228035991022592 roll 1
DICE 3 1 4 4 1 0 
Jibs_PC#8851228035991022592 move all
Jibs_PC#8851228035991022592 attack 12 21
Jibs_PC#8851228035991022592 roll 3
Jibs_PC#8851228035991022592 roll 2
DICE 3 2 4 2 2 5 3 
Jibs_PC#8851228035991022592 roll 3
Jibs_PC#8851228035991022592 roll 2
DICE 3 2 2 1 0 2 0 
Jibs_PC#8851228035991022592 roll 3
Jibs_PC#8851228035991022592 roll 2
DICE 3 2 2 1 0 5 4 
Jibs_PC#8851228035991022592 roll 3
Jibs_PC#8851228035991022592 roll 2
DICE 3 2 4 3 3 3 3 
Jibs_PC#8851228035991022592 roll 3
Jibs_PC#8851228035991022592 roll 2
DICE 3 2 2 2 0 5 2 
Jibs_PC#8851228035991022592 roll 3
Jibs_PC#8851228035991022592 roll 2
DICE 3 2 4 0 0 0 0 
Jibs_PC#8851228035991022592 roll 3
Jibs_PC#8851228035991022592 roll 2
DICE 3 2 5 4 4 5 5 
Jibs_PC#8851228035991022592 roll 1
Jibs_PC#8851228035991022592 roll 2
DICE 1 2 5 4 0 
Jibs_PC#8851228035991022592 roll 1
Jibs_PC#8851228035991022592 roll 2
DICE 1 2 2 5 4 
Jibs_PC#8851228035991022592 endattack
Jibs_PC#8851228035991022592 nomove
CARD 22
Jibs_PC#8851228035991022592 placearmies 21 1
Jibs_PC#8851228035991022592 placearmies 21 1
Jibs_PC#8851228035991022592 placearmies 21 1
Jibs_PC#8851228035991022592 attack 21 12
Jibs_PC#8851228035991022592 roll 3
Jibs_PC#8851228035991022592 roll 1
DICE 3 1 4 3 3 4 
Jibs_PC#8851228035991022592 roll 3
Jibs_PC#8851228035991022592 roll 1
DICE 3 1 3 2 1 5 
Jibs_PC#8851228035991022592 roll 3
Jibs_PC#8851228035991022592 roll 1
DICE 3 1 5 4 1 3 
Jibs_PC#8851228035991022592 move all
Jibs_PC#8851228035991022592 attack 12 10
Jibs_PC#8851228035991022592 roll 3
Jibs_PC#8851228035991022592 roll 1
DICE 3 1 5 4 2 4 
Jibs_PC#8851228035991022592 move all
Jibs_PC#8851228035991022592 endattack
Jibs_PC#8851228035991022592 nomove
CARD 9
Jibs_PC#8851228035991022592 placearmies 39 1
Jibs_PC#8851228035991022592 placearmies 39 1
Jibs_PC#8851228035991022592 placearmies 39 1
Jibs_PC#8851228035991022592 placearmies 39 1
Jibs_PC#8851228035991022592 placearmies 39 1
Jibs_PC#8851228035991022592 attack 39 33
Jibs_PC#8851228035991022592 roll 3
Jibs_PC#8851228035991022592 roll 2
DICE 3 2 3 2 0 4 1 
Jibs_PC#8851228035991022592 roll 3
Jibs_PC#8851228035991022592 roll 1
DICE 3 1 3 3 3 3 
Jibs_PC#8851228035991022592 roll 3
Jibs_PC#8851228035991022592 roll 1
DICE 3 1 4 4 4 4 
Jibs_PC#8851228035991022592 roll 2
Jibs_PC#8851228035991022592 roll 1
DICE 2 1 4 0 2 
Jibs_PC#8851228035991022592 attack 33 29
Jibs_PC#8851228035991022592 roll 1
Jibs_PC#8851228035991022592 roll 1
DICE 1 1 5 3 
Jibs_PC#8851228035991022592 endattack
Jibs_PC#8851228035991022592 movearmies 40 39 2
CARD 12
Jibs_PC#8851228035991022592 placearmies 16 1
Jibs_PC#8851228035991022592 placearmies 16 1
Jibs_PC#8851228035991022592 placearmies 16 1
Jibs_PC#8851228035991022592 attack 16 15
Jibs_PC#8851228035991022592 roll 3
Jibs_PC#8851228035991022592 roll 1
DICE 3 1 5 2 0 5 
Jibs_PC#8851228035991022592 roll 2
Jibs_PC#8851228035991022592 roll 1
DICE 2 1 2 0 0 
Jibs_PC#8851228035991022592 attack 15 14
Jibs_PC#8851228035991022592 roll 1
Jibs_PC#8851228035991022592 roll 1
DICE 1 1 0 3 
Jibs_PC#8851228035991022592 endattack
Jibs_PC#8851228035991022592 nomove
CARD 5
Jibs_PC#8851228035991022592 placearmies 32 1
Jibs_PC#8851228035991022592 placearmies 32 1
Jibs_PC#8851228035991022592 placearmies 32 1
Jibs_PC#8851228035991022592 attack 32 29
Jibs_PC#8851228035991022592 roll 3
Jibs_PC#8851228035991022592 roll 1
DICE 3 1 3 2 1 4 
Jibs_PC#8851228035991022592 roll 2
Jibs_PC#8851228035991022592 roll 1
DICE 2 1 5 1 0 
Jibs_PC#8851228035991022592 attack 29 33
Jibs_PC#8851228035991022592 roll 1
Jibs_PC#8851228035991022592 roll 1
DICE 1 1 0 0 
Jibs_PC#8851228035991022592 endattack
Jibs_PC#8851228035991022592 nomove
CARD 18
Jibs_PC#8851228035991022592 placearmies 18 1
Jibs_PC#8851228035991022592 placearmies 18 1
Jibs_PC#8851228035991022592 placearmies 18 1
Jibs_PC#8851228035991022592 attack 18 15
Jibs_PC#8851228035991022592 roll 3
Jibs_PC#8851228035991022592 roll 1
DICE 3 1 3 2 2 5 
Jibs_PC#8851228035991022592 roll 2
Jibs_PC#8851228035991022592 roll 1
DICE 2 1 0 0 3 
Jibs_PC#8851228035991022592 roll 1
Jibs_PC#8851228035991022592 roll 1
DICE 1 1 3 0 
Jibs_PC#8851228035991022592 endattack
Jibs_PC#8851228035991022592 nomove
CARD 20
Jibs_PC#8851228035991022592 placearmies 6 1
Jibs_PC#8851228035991022592 placearmies 6 1
Jibs_PC#8851228035991022592 placearmies 6 1
Jibs_PC#8851228035991022592 placearmies 6 1
Jibs_PC#8851228035991022592 placearmies 6 1
Jibs_PC#8851228035991022592 placearmies 6 1
Jibs_PC#8851228035991022592 placearmies 6 1
Jibs_PC#8851228035991022592 placearmies 6 1
Jibs_PC#8851228035991022592 attack 6 14
Jibs_PC#8851228035991022592 roll 3
Jibs_PC#8851228035991022592 roll 1
DICE 3 1 4 2 0 4 
Jibs_PC#8851228035991022592 roll 3
Jibs_PC#8851228035991022592 roll 1
DICE 3 1 5 4 2 2 
Jibs_PC#8851228035991022592 move all
Jibs_PC#8851228035991022592 attack 14 17
Jibs_PC#8851228035991022592 roll 3
Jibs_PC#8851228035991022592 roll 1
DICE 3 1 5 3 3 2 
Jibs_PC#8851228035991022592 move all
Jibs_PC#8851228035991022592 attack 17 19
Jibs_PC#8851228035991022592 roll 3
Jibs_PC#8851228035991022592 roll 1
DICE 3 1 5 4 3 3 
Jibs_PC#8851228035991022592 move all
Jibs_PC#8851228035991022592 attack 19 21
Jibs_PC#8851228035991022592 roll 3
Jibs_PC#8851228035991022592 roll 1
DICE 3 1 5 4 0 4 
Jibs_PC#8851228035991022592 move all
Jibs_PC#8851228035991022592 attack 21 22
Jibs_PC#8851228035991022592 roll 3
Jibs_PC#8851228035991022592 roll 1
DICE 3 1 4 2 0 3 
Jibs_PC#8851228035991022592 endattack
Jibs_PC#8851228035991022592 movearmies 22 24 2
CARD 14
Jibs_PC#8851228035991022592 placearmies 31 1
Jibs_PC#8851228035991022592 placearmies 31 1
Jibs_PC#8851228035991022592 placearmies 31 1
Jibs_PC#8851228035991022592 placearmies 31 1
Jibs_PC#8851228035991022592 placearmies 31 1
Jibs_PC#8851228035991022592 attack 31 32
Jibs_PC#8851228035991022592 roll 3
Jibs_PC#8851228035991022592 roll 1
DICE 3 1 4 2 0 3 
Jibs_PC#8851228035991022592 move all
Jibs_PC#8851228035991022592 attack 32 30
Jibs_PC#8851228035991022592 roll 3
Jibs_PC#8851228035991022592 roll 1
DICE 3 1 5 3 2 1 
Jibs_PC#8851228035991022592 move all
Jibs_PC#8851228035991022592 attack 30 28
Jibs_PC#8851228035991022592 roll 3
Jibs_PC#8851228035991022592 roll 1
DICE 3 1 5 5 3 1 
Jibs_PC#8851228035991022592 attack 28 27
Jibs_PC#8851228035991022592 roll 2
Jibs_PC#8851228035991022592 roll 1
DICE 2 1 0 0 2 
Jibs_PC#8851228035991022592 roll 1
Jibs_PC#8851228035991022592 roll 1
DICE 1 1 2 0 
Jibs_PC#8851228035991022592 endattack
Jibs_PC#8851228035991022592 nomove
CARD 26
Jibs_PC#8851228035991022592 placearmies 33 1
Jibs_PC#8851228035991022592 placearmies 33 1
Jibs_PC#8851228035991022592 placearmies 33 1
Jibs_PC#8851228035991022592 placearmies 33 1
Jibs_PC#8851228035991022592 placearmies 33 1
Jibs_PC#8851228035991022592 attack 33 29
Jibs_PC#8851228035991022592 roll 3
Jibs_PC#8851228035991022592 roll 1
DICE 3 1 3 3 0 4 
Jibs_PC#8851228035991022592 roll 3
Jibs_PC#8851228035991022592 roll 1
DICE 3 1 4 4 3 1 
Jibs_PC#8851228035991022592 move all
Jibs_PC#8851228035991022592 attack 29 36
Jibs_PC#8851228035991022592 roll 3
Jibs_PC#8851228035991022592 roll 1
DICE 3 1 4 4 3 3 
Jibs_PC#8851228035991022592 attack 36 38
Jibs_PC#8851228035991022592 roll 2
Jibs_PC#8851228035991022592 roll 2
DICE 2 2 2 0 3 2 
Jibs_PC#8851228035991022592 endattack
Jibs_PC#8851228035991022592 nomove
CARD 1
Jibs_PC#8851228035991022592 placearmies 16 1
Jibs_PC#8851228035991022592 placearmies 16 1
Jibs_PC#8851228035991022592 placearmies 16 1
Jibs_PC#8851228035991022592 attack 16 15
Jibs_PC#8851228035991022592 roll 3
Jibs_PC#8851228035991022592 roll 1
DICE 3 1 5 0 0 5 
Jibs_PC#8851228035991022592 roll 2
Jibs_PC#8851228035991022592 roll 1
DICE 2 1 4 2 0 
Jibs_PC#8851228035991022592 attack 15 14
Jibs_PC#8851228035991022592 roll 1
Jibs_PC#8851228035991022592 roll 1
DICE 1 1 2 4 
Jibs_PC#8851228035991022592 endattack
Jibs_PC#8851228035991022592 nomove
CARD 37
Jibs_PC#8851228035991022592 placearmies 38 1
Jibs_PC#8851228035991022592 placearmies 38 1
Jibs_PC#8851228035991022592 placearmies 38 1
Jibs_PC#8851228035991022592 attack 38 36
Jibs_PC#8851228035991022592 roll 3
Jibs_PC#8851228035991022592 roll 1
DICE 3 1 4 3 2 5 
Jibs_PC#8851228035991022592 roll 3
Jibs_PC#8851228035991022592 roll 1
DICE 3 1 3 3 0 2 
Jibs_PC#8851228035991022592 move all
Jibs_PC#8851228035991022592 attack 36 29
Jibs_PC#8851228035991022592 roll 3
Jibs_PC#8851228035991022592 roll 1
DICE 3 1 4 3 1 3 
Jibs_PC#8851228035991022592 attack 29 33
Jibs_PC#8851228035991022592 roll 2
Jibs_PC#8851228035991022592 roll 1
DICE 2 1 3 1 1 
Jibs_PC#8851228035991022592 attack 33 32
Jibs_PC#8851228035991022592 roll 1
Jibs_PC#8851228035991022592 roll 1
DICE 1 1 1 4 
Jibs_PC#8851228035991022592 endattack
Jibs_PC#8851228035991022592 nomove
CARD 2
Jibs_PC#8851228035991022592 placearmies 20 1
Jibs_PC#8851228035991022592 placearmies 20 1
Jibs_PC#8851228035991022592 placearmies 20 1
Jibs_PC#8851228035991022592 attack 20 16
Jibs_PC#8851228035991022592 roll 3
Jibs_PC#8851228035991022592 roll 1
DICE 3 1 4 1 0 3 
Jibs_PC#8851228035991022592 attack 16 15
Jibs_PC#8851228035991022592 roll 2
Jibs_PC#8851228035991022592 roll 1
DICE 2 1 5 1 0 
Jibs_PC#8851228035991022592 attack 15 14
Jibs_PC#8851228035991022592 roll 1
Jibs_PC#8851228035991022592 roll 1
DICE 1 1 2 1 
Jibs_PC#8851228035991022592 endattack
Jibs_PC#8851228035991022592 nomove
CARD 7
Jibs_PC#8851228035991022592 placearmies 24 1
Jibs_PC#8851228035991022592 placearmies 24 1
Jibs_PC#8851228035991022592 placearmies 24 1
Jibs_PC#8851228035991022592 placearmies 24 1
Jibs_PC#8851228035991022592 placearmies 24 1
Jibs_PC#8851228035991022592 placearmies 24 1
Jibs_PC#8851228035991022592 placearmies 24 1
Jibs_PC#8851228035991022592 placearmies 24 1
Jibs_PC#8851228035991022592 placearmies 24 1
Jibs_PC#8851228035991022592 attack 24 26
Jibs_PC#8851228035991022592 roll 3
Jibs_PC#8851228035991022592 roll 1
DICE 3 1 5 5 3 4 
Jibs_PC#8851228035991022592 move all
Jibs_PC#8851228035991022592 trade 14 25 5
Jibs_PC#8851228035991022592 placearmies 26 1
Jibs_PC#8851228035991022592 placearmies 26 1
Jibs_PC#8851228035991022592 placearmies 26 1
Jibs_PC#8851228035991022592 placearmies 26 1
Jibs_PC#8851228035991022592 placearmies 26 1
Jibs_PC#8851228035991022592 placearmies 26 1
Jibs_PC#8851228035991022592 placearmies 26 1
Jibs_PC#8851228035991022592 placearmies 26 1
Jibs_PC#8851228035991022592 placearmies 26 1
Jibs_PC#8851228035991022592 placearmies 26 1
Jibs_PC#8851228035991022592 attack 26 25
Jibs_PC#8851228035991022592 roll 3
Jibs_PC#8851228035991022592 roll 1
DICE 3 1 3 1 1 4 
Jibs_PC#8851228035991022592 roll 3
Jibs_PC#8851228035991022592 roll 1
DICE 3 1 2 1 1 2 
Jibs_PC#8851228035991022592 roll 3
Jibs_PC#8851228035991022592 roll 1
DICE 3 1 4 3 0 2 
Jibs_PC#8851228035991022592 move all
Jibs_PC#8851228035991022592 attack 25 23
Jibs_PC#8851228035991022592 roll 3
Jibs_PC#8851228035991022592 roll 1
DICE 3 1 2 1 1 3 
Jibs_PC#8851228035991022592 roll 3
Jibs_PC#8851228035991022592 roll 1
DICE 3 1 4 1 0 0 
Jibs_PC#8851228035991022592 move all
