Jibs_PC#8694962093090079744 newplayer ai hard green s0914007
Jibs_PC#8694962093090079744 newplayer ai hard blue bob
Jibs_PC#8694962093090079744 newplayer ai hard red fred
Jibs_PC#8694962093090079744 newplayer ai hard cyan ted
Jibs_PC#8694962093090079744 newplayer ai hard magenta yura
Jibs_PC#8694962093090079744 newplayer ai hard yellow lala
Jibs_PC#8694962093090079744 startgame mission fixed autoplaceall recycle
PLAYER lala
MISSION 1 2 0 1 1 0
PLACEALL 17 4 21 42 23 20 22 35 13 33 3 12 8 14 38 6 41 32 39 40 26 9 2 15 36 24 7 34 19 10 31 18 29 30 5 27 16 25 37 11 28 1
Jibs_PC#8694962093090079744 placearmies 36 1
CARD 
Jibs_PC#8694962093090079744 placearmies 40 1
CARD 
Jibs_PC#8694962093090079744 placearmies 21 1
CARD 
Jibs_PC#8694962093090079744 placearmies 11 1
CARD 
Jibs_PC#8694962093090079744 placearmies 41 1
CARD 
Jibs_PC#8694962093090079744 placearmies 10 1
CARD 
Jibs_PC#8694962093090079744 placearmies 36 1
CARD 
Jibs_PC#8694962093090079744 placearmies 40 1
CARD 
Jibs_PC#8694962093090079744 placearmies 21 1
CARD 
Jibs_PC#8694962093090079744 placearmies 11 1
CARD 
Jibs_PC#8694962093090079744 placearmies 41 1
CARD 
Jibs_PC#8694962093090079744 placearmies 10 1
CARD 
Jibs_PC#8694962093090079744 placearmies 36 1
CARD 
Jibs_PC#8694962093090079744 placearmies 40 1
CARD 
Jibs_PC#8694962093090079744 placearmies 21 1
CARD 
Jibs_PC#8694962093090079744 placearmies 11 1
CARD 
Jibs_PC#8694962093090079744 placearmies 41 1
CARD 
Jibs_PC#8694962093090079744 placearmies 10 1
CARD 
Jibs_PC#8694962093090079744 placearmies 36 1
CARD 
Jibs_PC#8694962093090079744 placearmies 40 1
CARD 
Jibs_PC#8694962093090079744 placearmies 21 1
CARD 
Jibs_PC#8694962093090079744 placearmies 11 1
CARD 
Jibs_PC#8694962093090079744 placearmies 41 1
CARD 
Jibs_PC#8694962093090079744 placearmies 10 1
CARD 
Jibs_PC#8694962093090079744 placearmies 36 1
CARD 
Jibs_PC#8694962093090079744 placearmies 40 1
CARD 
Jibs_PC#8694962093090079744 placearmies 21 1
CARD 
Jibs_PC#8694962093090079744 placearmies 11 1
CARD 
Jibs_PC#8694962093090079744 placearmies 41 1
CARD 
Jibs_PC#8694962093090079744 placearmies 10 1
CARD 
Jibs_PC#8694962093090079744 placearmies 36 1
CARD 
Jibs_PC#8694962093090079744 placearmies 40 1
CARD 
Jibs_PC#8694962093090079744 placearmies 21 1
CARD 
Jibs_PC#8694962093090079744 placearmies 11 1
CARD 
Jibs_PC#8694962093090079744 placearmies 41 1
CARD 
Jibs_PC#8694962093090079744 placearmies 10 1
CARD 
Jibs_PC#8694962093090079744 placearmies 36 1
CARD 
Jibs_PC#8694962093090079744 placearmies 40 1
CARD 
Jibs_PC#8694962093090079744 placearmies 21 1
CARD 
Jibs_PC#8694962093090079744 placearmies 11 1
CARD 
Jibs_PC#8694962093090079744 placearmies 5 1
CARD 
Jibs_PC#8694962093090079744 placearmies 10 1
CARD 
Jibs_PC#8694962093090079744 placearmies 36 1
CARD 
Jibs_PC#8694962093090079744 placearmies 40 1
CARD 
Jibs_PC#8694962093090079744 placearmies 21 1
CARD 
Jibs_PC#8694962093090079744 placearmies 34 1
CARD 
Jibs_PC#8694962093090079744 placearmies 5 1
CARD 
Jibs_PC#8694962093090079744 placearmies 10 1
CARD 
Jibs_PC#8694962093090079744 placearmies 36 1
CARD 
Jibs_PC#8694962093090079744 placearmies 40 1
CARD 
Jibs_PC#8694962093090079744 placearmies 21 1
CARD 
Jibs_PC#8694962093090079744 placearmies 11 1
CARD 
Jibs_PC#8694962093090079744 placearmies 5 1
CARD 
Jibs_PC#8694962093090079744 placearmies 10 1
CARD 
Jibs_PC#8694962093090079744 placearmies 36 1
CARD 
Jibs_PC#8694962093090079744 placearmies 40 1
CARD 
Jibs_PC#8694962093090079744 placearmies 21 1
CARD 
Jibs_PC#8694962093090079744 placearmies 11 1
CARD 
Jibs_PC#8694962093090079744 placearmies 5 1
CARD 
Jibs_PC#8694962093090079744 placearmies 10 1
CARD 
Jibs_PC#8694962093090079744 placearmies 36 1
CARD 
Jibs_PC#8694962093090079744 placearmies 40 1
CARD 
Jibs_PC#8694962093090079744 placearmies 21 1
CARD 
Jibs_PC#8694962093090079744 placearmies 11 1
CARD 
Jibs_PC#8694962093090079744 placearmies 5 1
CARD 
Jibs_PC#8694962093090079744 placearmies 10 1
CARD 
Jibs_PC#8694962093090079744 placearmies 36 1
CARD 
Jibs_PC#8694962093090079744 placearmies 40 1
CARD 
Jibs_PC#8694962093090079744 placearmies 21 1
CARD 
Jibs_PC#8694962093090079744 placearmies 11 1
CARD 
Jibs_PC#8694962093090079744 placearmies 5 1
CARD 
Jibs_PC#8694962093090079744 placearmies 10 1
CARD 
Jibs_PC#8694962093090079744 placearmies 36 1
CARD 
Jibs_PC#8694962093090079744 placearmies 40 1
CARD 
Jibs_PC#8694962093090079744 placearmies 21 1
CARD 
Jibs_PC#8694962093090079744 placearmies 11 1
CARD 
Jibs_PC#8694962093090079744 placearmies 5 1
CARD 
Jibs_PC#8694962093090079744 placearmies 10 1
CARD 
Jibs_PC#8694962093090079744 placearmies 36 3
Jibs_PC#8694962093090079744 attack 36 27
Jibs_PC#8694962093090079744 roll 3
Jibs_PC#8694962093090079744 roll 1
DICE 3 1 5 5 1 0 
Jibs_PC#8694962093090079744 move 16
Jibs_PC#8694962093090079744 attack 27 28
Jibs_PC#8694962093090079744 roll 3
Jibs_PC#8694962093090079744 roll 1
DICE 3 1 5 1 0 3 
Jibs_PC#8694962093090079744 move 15
Jibs_PC#8694962093090079744 attack 28 29
Jibs_PC#8694962093090079744 roll 3
Jibs_PC#8694962093090079744 roll 1
DICE 3 1 3 2 2 3 
Jibs_PC#8694962093090079744 roll 3
Jibs_PC#8694962093090079744 roll 1
DICE 3 1 4 4 0 0 
Jibs_PC#8694962093090079744 move 13
Jibs_PC#8694962093090079744 attack 29 30
Jibs_PC#8694962093090079744 roll 3
Jibs_PC#8694962093090079744 roll 1
DICE 3 1 4 3 1 1 
Jibs_PC#8694962093090079744 move 9
Jibs_PC#8694962093090079744 attack 30 32
Jibs_PC#8694962093090079744 roll 3
Jibs_PC#8694962093090079744 roll 1
DICE 3 1 4 3 2 4 
Jibs_PC#8694962093090079744 roll 3
Jibs_PC#8694962093090079744 roll 1
DICE 3 1 4 3 0 0 
Jibs_PC#8694962093090079744 move 7
Jibs_PC#8694962093090079744 attack 32 33
Jibs_PC#8694962093090079744 roll 3
Jibs_PC#8694962093090079744 roll 1
DICE 3 1 5 3 2 4 
Jibs_PC#8694962093090079744 move 3
Jibs_PC#8694962093090079744 endattack
Jibs_PC#8694962093090079744 movearmies 32 31 3
CARD 31
Jibs_PC#8694962093090079744 placearmies 40 3
Jibs_PC#8694962093090079744 attack 40 41
Jibs_PC#8694962093090079744 roll 3
Jibs_PC#8694962093090079744 roll 2
DICE 3 2 4 3 3 2 2 
Jibs_PC#8694962093090079744 roll 3
Jibs_PC#8694962093090079744 roll 2
DICE 3 2 3 2 1 5 1 
Jibs_PC#8694962093090079744 roll 3
Jibs_PC#8694962093090079744 roll 2
DICE 3 2 4 2 0 4 3 
Jibs_PC#8694962093090079744 roll 3
Jibs_PC#8694962093090079744 roll 2
DICE 3 2 3 1 0 2 0 
Jibs_PC#8694962093090079744 roll 3
Jibs_PC#8694962093090079744 roll 2
DICE 3 2 5 3 1 3 0 
Jibs_PC#8694962093090079744 move 13
Jibs_PC#8694962093090079744 attack 41 39
Jibs_PC#8694962093090079744 roll 3
Jibs_PC#8694962093090079744 roll 1
DICE 3 1 5 4 2 1 
Jibs_PC#8694962093090079744 move 12
Jibs_PC#8694962093090079744 endattack
Jibs_PC#8694962093090079744 nomove
CARD 7
Jibs_PC#8694962093090079744 placearmies 21 3
Jibs_PC#8694962093090079744 attack 21 12
Jibs_PC#8694962093090079744 roll 3
Jibs_PC#8694962093090079744 roll 1
DICE 3 1 5 4 1 2 
Jibs_PC#8694962093090079744 move 16
Jibs_PC#8694962093090079744 endattack
Jibs_PC#8694962093090079744 nomove
CARD 16
Jibs_PC#8694962093090079744 placearmies 11 3
Jibs_PC#8694962093090079744 attack 11 12
Jibs_PC#8694962093090079744 roll 3
Jibs_PC#8694962093090079744 roll 2
DICE 3 2 4 0 0 4 0 
Jibs_PC#8694962093090079744 roll 3
Jibs_PC#8694962093090079744 roll 2
DICE 3 2 4 4 1 3 1 
Jibs_PC#8694962093090079744 retreat
Jibs_PC#8694962093090079744 attack 11 10
Jibs_PC#8694962093090079744 roll 3
Jibs_PC#8694962093090079744 roll 2
DICE 3 2 5 1 0 4 3 
Jibs_PC#8694962093090079744 roll 3
Jibs_PC#8694962093090079744 roll 2
DICE 3 2 4 2 0 3 2 
Jibs_PC#8694962093090079744 retreat
Jibs_PC#8694962093090079744 attack 11 13
Jibs_PC#8694962093090079744 roll 3
Jibs_PC#8694962093090079744 roll 1
DICE 3 1 3 2 0 1 
Jibs_PC#8694962093090079744 move 11
Jibs_PC#8694962093090079744 endattack
Jibs_PC#8694962093090079744 nomove
CARD 2
Jibs_PC#8694962093090079744 placearmies 5 3
Jibs_PC#8694962093090079744 attack 5 4
Jibs_PC#8694962093090079744 roll 3
Jibs_PC#8694962093090079744 roll 1
DICE 3 1 4 2 2 1 
Jibs_PC#8694962093090079744 move 10
Jibs_PC#8694962093090079744 attack 4 7
Jibs_PC#8694962093090079744 roll 3
Jibs_PC#8694962093090079744 roll 1
DICE 3 1 2 1 1 1 
Jibs_PC#8694962093090079744 move 9
Jibs_PC#8694962093090079744 attack 7 6
Jibs_PC#8694962093090079744 roll 3
Jibs_PC#8694962093090079744 roll 1
DICE 3 1 3 3 2 3 
Jibs_PC#8694962093090079744 roll 3
Jibs_PC#8694962093090079744 roll 1
DICE 3 1 5 5 0 4 
Jibs_PC#8694962093090079744 move 7
Jibs_PC#8694962093090079744 attack 6 8
Jibs_PC#8694962093090079744 roll 3
Jibs_PC#8694962093090079744 roll 1
DICE 3 1 5 2 2 1 
Jibs_PC#8694962093090079744 move 5
Jibs_PC#8694962093090079744 attack 8 9
Jibs_PC#8694962093090079744 roll 3
Jibs_PC#8694962093090079744 roll 1
DICE 3 1 5 4 4 0 
Jibs_PC#8694962093090079744 move 3
Jibs_PC#8694962093090079744 endattack
Jibs_PC#8694962093090079744 movearmies 8 6 1
CARD 12
Jibs_PC#8694962093090079744 placearmies 10 2
Jibs_PC#8694962093090079744 placearmies 10 1
Jibs_PC#8694962093090079744 attack 10 5
Jibs_PC#8694962093090079744 roll 3
Jibs_PC#8694962093090079744 roll 1
DICE 3 1 2 2 2 2 
Jibs_PC#8694962093090079744 roll 3
Jibs_PC#8694962093090079744 roll 1
DICE 3 1 5 4 4 2 
Jibs_PC#8694962093090079744 move 13
Jibs_PC#8694962093090079744 attack 5 9
Jibs_PC#8694962093090079744 roll 3
Jibs_PC#8694962093090079744 roll 2
DICE 3 2 3 3 2 3 1 
Jibs_PC#8694962093090079744 roll 3
Jibs_PC#8694962093090079744 roll 2
DICE 3 2 5 2 1 0 0 
Jibs_PC#8694962093090079744 move 11
Jibs_PC#8694962093090079744 attack 9 4
Jibs_PC#8694962093090079744 roll 3
Jibs_PC#8694962093090079744 roll 1
DICE 3 1 3 3 2 0 
Jibs_PC#8694962093090079744 move 10
Jibs_PC#8694962093090079744 attack 4 3
Jibs_PC#8694962093090079744 roll 3
Jibs_PC#8694962093090079744 roll 1
DICE 3 1 3 3 1 3 
Jibs_PC#8694962093090079744 roll 3
Jibs_PC#8694962093090079744 roll 1
DICE 3 1 5 5 0 2 
Jibs_PC#8694962093090079744 move 8
Jibs_PC#8694962093090079744 attack 3 2
Jibs_PC#8694962093090079744 roll 3
Jibs_PC#8694962093090079744 roll 1
DICE 3 1 5 2 0 5 
Jibs_PC#8694962093090079744 roll 3
Jibs_PC#8694962093090079744 roll 1
DICE 3 1 5 3 1 1 
Jibs_PC#8694962093090079744 move 6
Jibs_PC#8694962093090079744 attack 2 6
Jibs_PC#8694962093090079744 roll 3
Jibs_PC#8694962093090079744 roll 2
DICE 3 2 4 3 1 4 1 
Jibs_PC#8694962093090079744 roll 3
Jibs_PC#8694962093090079744 roll 2
DICE 3 2 4 1 0 5 1 
Jibs_PC#8694962093090079744 retreat
Jibs_PC#8694962093090079744 attack 2 7
Jibs_PC#8694962093090079744 roll 2
Jibs_PC#8694962093090079744 roll 1
DICE 2 1 2 1 3 
Jibs_PC#8694962093090079744 retreat
Jibs_PC#8694962093090079744 endattack
Jibs_PC#8694962093090079744 nomove
CARD 40
Jibs_PC#8694962093090079744 placearmies 36 3
Jibs_PC#8694962093090079744 attack 36 38
Jibs_PC#8694962093090079744 roll 3
Jibs_PC#8694962093090079744 roll 1
DICE 3 1 3 2 0 2 
Jibs_PC#8694962093090079744 attack 38 35
Jibs_PC#8694962093090079744 roll 2
Jibs_PC#8694962093090079744 roll 1
DICE 2 1 5 2 5 
Jibs_PC#8694962093090079744 retreat
Jibs_PC#8694962093090079744 endattack
Jibs_PC#8694962093090079744 movearmies 29 27 3
CARD 5
Jibs_PC#8694962093090079744 placearmies 40 3
Jibs_PC#8694962093090079744 attack 40 42
Jibs_PC#8694962093090079744 roll 3
Jibs_PC#8694962093090079744 roll 1
DICE 3 1 4 2 1 4 
Jibs_PC#8694962093090079744 roll 2
Jibs_PC#8694962093090079744 roll 1
DICE 2 1 3 2 5 
Jibs_PC#8694962093090079744 retreat
Jibs_PC#8694962093090079744 attack 39 33
Jibs_PC#8694962093090079744 roll 3
Jibs_PC#8694962093090079744 roll 2
DICE 3 2 5 5 2 4 0 
Jibs_PC#8694962093090079744 roll 3
Jibs_PC#8694962093090079744 roll 1
DICE 3 1 4 2 0 4 
Jibs_PC#8694962093090079744 roll 3
Jibs_PC#8694962093090079744 roll 1
DICE 3 1 2 1 1 5 
Jibs_PC#8694962093090079744 roll 3
Jibs_PC#8694962093090079744 roll 1
DICE 3 1 4 3 3 2 
Jibs_PC#8694962093090079744 move 9
Jibs_PC#8694962093090079744 endattack
Jibs_PC#8694962093090079744 nomove
CARD wildcard
Jibs_PC#8694962093090079744 placearmies 21 3
Jibs_PC#8694962093090079744 attack 12 13
Jibs_PC#8694962093090079744 roll 3
Jibs_PC#8694962093090079744 roll 2
DICE 3 2 4 3 0 3 3 
Jibs_PC#8694962093090079744 roll 3
Jibs_PC#8694962093090079744 roll 2
DICE 3 2 3 1 0 1 0 
Jibs_PC#8694962093090079744 roll 3
Jibs_PC#8694962093090079744 roll 2
DICE 3 2 3 2 0 5 4 
Jibs_PC#8694962093090079744 roll 3
Jibs_PC#8694962093090079744 roll 2
DICE 3 2 3 3 0 5 1 
Jibs_PC#8694962093090079744 roll 3
Jibs_PC#8694962093090079744 roll 2
DICE 3 2 5 4 0 5 4 
Jibs_PC#8694962093090079744 retreat
Jibs_PC#8694962093090079744 attack 12 10
Jibs_PC#8694962093090079744 roll 3
Jibs_PC#8694962093090079744 roll 1
DICE 3 1 3 1 0 5 
Jibs_PC#8694962093090079744 roll 3
Jibs_PC#8694962093090079744 roll 1
DICE 3 1 4 4 0 2 
Jibs_PC#8694962093090079744 move 6
Jibs_PC#8694962093090079744 attack 10 11
Jibs_PC#8694962093090079744 roll 3
Jibs_PC#8694962093090079744 roll 1
DICE 3 1 4 1 0 5 
Jibs_PC#8694962093090079744 roll 3
Jibs_PC#8694962093090079744 roll 1
DICE 3 1 5 3 0 1 
Jibs_PC#8694962093090079744 move 4
Jibs_PC#8694962093090079744 endattack
Jibs_PC#8694962093090079744 nomove
CARD 24
Jibs_PC#8694962093090079744 placearmies 13 1
Jibs_PC#8694962093090079744 placearmies 42 2
Jibs_PC#8694962093090079744 attack 13 11
Jibs_PC#8694962093090079744 roll 3
Jibs_PC#8694962093090079744 roll 2
DICE 3 2 4 1 0 4 1 
Jibs_PC#8694962093090079744 roll 3
Jibs_PC#8694962093090079744 roll 2
DICE 3 2 2 1 1 3 2 
Jibs_PC#8694962093090079744 retreat
Jibs_PC#8694962093090079744 attack 13 12
Jibs_PC#8694962093090079744 roll 3
Jibs_PC#8694962093090079744 roll 1
DICE 3 1 5 4 1 3 
Jibs_PC#8694962093090079744 endattack
Jibs_PC#8694962093090079744 nomove
CARD 4
Jibs_PC#8694962093090079744 placearmies 6 2
Jibs_PC#8694962093090079744 placearmies 6 1
Jibs_PC#8694962093090079744 attack 6 2
Jibs_PC#8694962093090079744 roll 3
Jibs_PC#8694962093090079744 roll 2
DICE 3 2 4 3 3 4 3 
Jibs_PC#8694962093090079744 retreat
Jibs_PC#8694962093090079744 attack 6 14
Jibs_PC#8694962093090079744 roll 2
Jibs_PC#8694962093090079744 roll 1
DICE 2 1 0 0 2 
Jibs_PC#8694962093090079744 retreat
Jibs_PC#8694962093090079744 endattack
Jibs_PC#8694962093090079744 nomove
CARD 
Jibs_PC#8694962093090079744 placearmies 2 2
Jibs_PC#8694962093090079744 placearmies 2 1
Jibs_PC#8694962093090079744 attack 2 6
Jibs_PC#8694962093090079744 roll 3
Jibs_PC#8694962093090079744 roll 2
DICE 3 2 4 3 0 4 1 
Jibs_PC#8694962093090079744 roll 3
Jibs_PC#8694962093090079744 roll 1
DICE 3 1 4 4 2 1 
Jibs_PC#8694962093090079744 attack 6 7
Jibs_PC#8694962093090079744 roll 2
Jibs_PC#8694962093090079744 roll 1
DICE 2 1 4 2 3 
Jibs_PC#8694962093090079744 endattack
Jibs_PC#8694962093090079744 nomove
CARD 37
Jibs_PC#8694962093090079744 placearmies 27 1
Jibs_PC#8694962093090079744 placearmies 38 2
Jibs_PC#8694962093090079744 attack 27 35
Jibs_PC#8694962093090079744 roll 3
Jibs_PC#8694962093090079744 roll 1
DICE 3 1 5 2 0 0 
Jibs_PC#8694962093090079744 move 4
Jibs_PC#8694962093090079744 attack 38 34
Jibs_PC#8694962093090079744 roll 3
Jibs_PC#8694962093090079744 roll 2
DICE 3 2 4 3 2 1 0 
Jibs_PC#8694962093090079744 endattack
Jibs_PC#8694962093090079744 movearmies 34 38 2
CARD 1
Jibs_PC#8694962093090079744 placearmies 33 2
Jibs_PC#8694962093090079744 placearmies 40 1
Jibs_PC#8694962093090079744 attack 33 32
Jibs_PC#8694962093090079744 roll 3
Jibs_PC#8694962093090079744 roll 1
DICE 3 1 2 2 1 3 
Jibs_PC#8694962093090079744 roll 3
Jibs_PC#8694962093090079744 roll 1
DICE 3 1 5 3 1 3 
Jibs_PC#8694962093090079744 move 9
Jibs_PC#8694962093090079744 attack 32 30
Jibs_PC#8694962093090079744 roll 3
Jibs_PC#8694962093090079744 roll 1
DICE 3 1 5 2 0 1 
Jibs_PC#8694962093090079744 move 8
Jibs_PC#8694962093090079744 attack 30 16
Jibs_PC#8694962093090079744 roll 3
Jibs_PC#8694962093090079744 roll 1
DICE 3 1 3 0 0 4 
Jibs_PC#8694962093090079744 roll 3
Jibs_PC#8694962093090079744 roll 1
DICE 3 1 4 3 0 5 
Jibs_PC#8694962093090079744 roll 3
Jibs_PC#8694962093090079744 roll 1
DICE 3 1 3 1 0 3 
Jibs_PC#8694962093090079744 roll 3
Jibs_PC#8694962093090079744 roll 1
DICE 3 1 1 1 0 5 
Jibs_PC#8694962093090079744 roll 3
Jibs_PC#8694962093090079744 roll 1
DICE 3 1 4 3 3 4 
Jibs_PC#8694962093090079744 retreat
Jibs_PC#8694962093090079744 endattack
Jibs_PC#8694962093090079744 nomove
CARD 42
Jibs_PC#8694962093090079744 placearmies 11 1
Jibs_PC#8694962093090079744 placearmies 21 1
Jibs_PC#8694962093090079744 placearmies 11 1
Jibs_PC#8694962093090079744 attack 21 12
Jibs_PC#8694962093090079744 roll 3
Jibs_PC#8694962093090079744 roll 2
DICE 3 2 3 3 1 3 2 
Jibs_PC#8694962093090079744 roll 3
Jibs_PC#8694962093090079744 roll 2
DICE 3 2 4 2 2 5 0 
Jibs_PC#8694962093090079744 retreat
Jibs_PC#8694962093090079744 attack 11 13
Jibs_PC#8694962093090079744 roll 3
Jibs_PC#8694962093090079744 roll 1
DICE 3 1 3 2 2 0 
Jibs_PC#8694962093090079744 move 5
Jibs_PC#8694962093090079744 attack 13 12
Jibs_PC#8694962093090079744 roll 3
Jibs_PC#8694962093090079744 roll 1
DICE 3 1 5 4 1 1 
Jibs_PC#8694962093090079744 move 3
Jibs_PC#8694962093090079744 endattack
Jibs_PC#8694962093090079744 movearmies 12 10 2
CARD 22
Jibs_PC#8694962093090079744 placearmies 42 1
Jibs_PC#8694962093090079744 placearmies 42 1
Jibs_PC#8694962093090079744 placearmies 42 1
Jibs_PC#8694962093090079744 attack 42 40
Jibs_PC#8694962093090079744 roll 3
Jibs_PC#8694962093090079744 roll 2
DICE 3 2 5 4 3 2 0 
Jibs_PC#8694962093090079744 roll 3
Jibs_PC#8694962093090079744 roll 1
DICE 3 1 3 1 0 5 
Jibs_PC#8694962093090079744 roll 3
Jibs_PC#8694962093090079744 roll 1
DICE 3 1 4 3 2 2 
Jibs_PC#8694962093090079744 move 4
Jibs_PC#8694962093090079744 attack 40 39
Jibs_PC#8694962093090079744 roll 3
Jibs_PC#8694962093090079744 roll 1
DICE 3 1 4 1 0 1 
Jibs_PC#8694962093090079744 attack 39 41
Jibs_PC#8694962093090079744 roll 2
Jibs_PC#8694962093090079744 roll 1
DICE 2 1 3 1 3 
Jibs_PC#8694962093090079744 retreat
Jibs_PC#8694962093090079744 endattack
Jibs_PC#8694962093090079744 nomove
CARD 39
Jibs_PC#8694962093090079744 placearmies 8 3
Jibs_PC#8694962093090079744 attack 8 9
Jibs_PC#8694962093090079744 roll 3
Jibs_PC#8694962093090079744 roll 1
DICE 3 1 3 1 1 4 
Jibs_PC#8694962093090079744 roll 2
Jibs_PC#8694962093090079744 roll 1
DICE 2 1 5 5 4 
Jibs_PC#8694962093090079744 endattack
Jibs_PC#8694962093090079744 nomove
CARD 10
Jibs_PC#8694962093090079744 placearmies 7 3
Jibs_PC#8694962093090079744 attack 7 9
Jibs_PC#8694962093090079744 roll 3
Jibs_PC#8694962093090079744 roll 2
DICE 3 2 5 3 0 3 2 
Jibs_PC#8694962093090079744 move 4
Jibs_PC#8694962093090079744 attack 9 8
Jibs_PC#8694962093090079744 roll 3
Jibs_PC#8694962093090079744 roll 1
DICE 3 1 3 1 0 2 
Jibs_PC#8694962093090079744 endattack
Jibs_PC#8694962093090079744 movearmies 8 6 2
CARD 18
Jibs_PC#8694962093090079744 trade 31 5 1
Jibs_PC#8694962093090079744 placearmies 31 12
Jibs_PC#8694962093090079744 placearmies 38 1
Jibs_PC#8694962093090079744 attack 31 32
Jibs_PC#8694962093090079744 roll 3
Jibs_PC#8694962093090079744 roll 1
DICE 3 1 3 1 0 0 
Jibs_PC#8694962093090079744 move 17
Jibs_PC#8694962093090079744 attack 32 33
Jibs_PC#8694962093090079744 roll 3
Jibs_PC#8694962093090079744 roll 1
DICE 3 1 3 2 2 2 
Jibs_PC#8694962093090079744 move 16
Jibs_PC#8694962093090079744 attack 33 39
Jibs_PC#8694962093090079744 roll 3
Jibs_PC#8694962093090079744 roll 2
DICE 3 2 4 4 0 1 1 
Jibs_PC#8694962093090079744 move 15
Jibs_PC#8694962093090079744 attack 39 40
Jibs_PC#8694962093090079744 roll 3
Jibs_PC#8694962093090079744 roll 1
DICE 3 1 5 4 0 1 
Jibs_PC#8694962093090079744 move 9
Jibs_PC#8694962093090079744 attack 39 41
Jibs_PC#8694962093090079744 roll 3
Jibs_PC#8694962093090079744 roll 1
DICE 3 1 4 1 1 0 
Jibs_PC#8694962093090079744 move 5
Jibs_PC#8694962093090079744 attack 40 42
Jibs_PC#8694962093090079744 roll 3
Jibs_PC#8694962093090079744 roll 1
DICE 3 1 4 4 2 4 
Jibs_PC#8694962093090079744 roll 3
Jibs_PC#8694962093090079744 roll 1
DICE 3 1 5 3 0 3 
Jibs_PC#8694962093090079744 move 3
Jibs_PC#8694962093090079744 attack 38 1
Jibs_PC#8694962093090079744 roll 3
Jibs_PC#8694962093090079744 roll 1
DICE 3 1 5 4 2 4 
Jibs_PC#8694962093090079744 endattack
Jibs_PC#8694962093090079744 movearmies 35 38 3
CARD 34
Jibs_PC#8694962093090079744 trade 7 wildcard 42
Jibs_PC#8694962093090079744 placearmies 24 13
Jibs_PC#8694962093090079744 attack 24 23
Jibs_PC#8694962093090079744 roll 3
Jibs_PC#8694962093090079744 roll 1
DICE 3 1 5 4 4 1 
Jibs_PC#8694962093090079744 move 13
Jibs_PC#8694962093090079744 attack 23 21
Jibs_PC#8694962093090079744 roll 3
Jibs_PC#8694962093090079744 roll 2
DICE 3 2 5 3 0 2 1 
Jibs_PC#8694962093090079744 roll 3
Jibs_PC#8694962093090079744 roll 1
DICE 3 1 4 4 3 0 
Jibs_PC#8694962093090079744 move 12
Jibs_PC#8694962093090079744 attack 21 19
Jibs_PC#8694962093090079744 roll 3
Jibs_PC#8694962093090079744 roll 1
DICE 3 1 5 2 2 5 
Jibs_PC#8694962093090079744 roll 3
Jibs_PC#8694962093090079744 roll 1
DICE 3 1 4 4 0 4 
Jibs_PC#8694962093090079744 roll 3
Jibs_PC#8694962093090079744 roll 1
DICE 3 1 5 3 2 2 
Jibs_PC#8694962093090079744 move 9
Jibs_PC#8694962093090079744 attack 19 17
Jibs_PC#8694962093090079744 roll 3
Jibs_PC#8694962093090079744 roll 1
DICE 3 1 5 5 4 3 
Jibs_PC#8694962093090079744 move 8
Jibs_PC#8694962093090079744 attack 17 15
Jibs_PC#8694962093090079744 roll 3
Jibs_PC#8694962093090079744 roll 1
DICE 3 1 5 5 1 1 
Jibs_PC#8694962093090079744 move 7
Jibs_PC#8694962093090079744 attack 15 16
Jibs_PC#8694962093090079744 roll 3
Jibs_PC#8694962093090079744 roll 1
DICE 3 1 5 1 0 1 
Jibs_PC#8694962093090079744 move 6
Jibs_PC#8694962093090079744 attack 16 20
Jibs_PC#8694962093090079744 roll 3
Jibs_PC#8694962093090079744 roll 1
DICE 3 1 4 2 0 4 
Jibs_PC#8694962093090079744 roll 3
Jibs_PC#8694962093090079744 roll 1
DICE 3 1 5 1 1 3 
Jibs_PC#8694962093090079744 move 3
Jibs_PC#8694962093090079744 attack 20 22
Jibs_PC#8694962093090079744 roll 2
Jibs_PC#8694962093090079744 roll 1
DICE 2 1 3 3 2 
Jibs_PC#8694962093090079744 endattack
Jibs_PC#8694962093090079744 movearmies 30 16 2
CARD 14
Jibs_PC#8694962093090079744 placearmies 10 1
Jibs_PC#8694962093090079744 placearmies 12 1
Jibs_PC#8694962093090079744 placearmies 10 3
Jibs_PC#8694962093090079744 attack 10 5
Jibs_PC#8694962093090079744 roll 3
Jibs_PC#8694962093090079744 roll 1
DICE 3 1 4 1 0 4 
Jibs_PC#8694962093090079744 roll 3
Jibs_PC#8694962093090079744 roll 1
DICE 3 1 4 4 0 4 
Jibs_PC#8694962093090079744 roll 3
Jibs_PC#8694962093090079744 roll 1
DICE 3 1 5 3 2 1 
Jibs_PC#8694962093090079744 move 4
Jibs_PC#8694962093090079744 endattack
Jibs_PC#8694962093090079744 movearmies 5 10 3
CARD 11
Jibs_PC#8694962093090079744 placearmies 6 1
Jibs_PC#8694962093090079744 placearmies 2 2
Jibs_PC#8694962093090079744 attack 2 1
Jibs_PC#8694962093090079744 roll 2
Jibs_PC#8694962093090079744 roll 2
DICE 2 2 1 0 2 0 
Jibs_PC#8694962093090079744 endattack
Jibs_PC#8694962093090079744 nomove
CARD 
Jibs_PC#8694962093090079744 trade 2 4 39
Jibs_PC#8694962093090079744 placearmies 38 1
Jibs_PC#8694962093090079744 placearmies 32 1
Jibs_PC#8694962093090079744 placearmies 29 1
Jibs_PC#8694962093090079744 placearmies 31 4
Jibs_PC#8694962093090079744 placearmies 31 10
Jibs_PC#8694962093090079744 attack 31 22
Jibs_PC#8694962093090079744 roll 3
Jibs_PC#8694962093090079744 roll 2
DICE 3 2 4 0 0 3 2 
Jibs_PC#8694962093090079744 roll 3
Jibs_PC#8694962093090079744 roll 1
DICE 3 1 4 2 1 3 
Jibs_PC#8694962093090079744 move 13
Jibs_PC#8694962093090079744 attack 22 21
Jibs_PC#8694962093090079744 roll 3
Jibs_PC#8694962093090079744 roll 1
DICE 3 1 5 5 1 0 
Jibs_PC#8694962093090079744 move 12
Jibs_PC#8694962093090079744 attack 21 12
Jibs_PC#8694962093090079744 roll 3
Jibs_PC#8694962093090079744 roll 2
DICE 3 2 0 0 0 3 3 
Jibs_PC#8694962093090079744 roll 3
Jibs_PC#8694962093090079744 roll 2
DICE 3 2 4 1 0 2 1 
Jibs_PC#8694962093090079744 roll 3
Jibs_PC#8694962093090079744 roll 1
DICE 3 1 5 5 0 2 
Jibs_PC#8694962093090079744 move 8
Jibs_PC#8694962093090079744 attack 38 37
Jibs_PC#8694962093090079744 roll 3
Jibs_PC#8694962093090079744 roll 1
DICE 3 1 3 3 1 0 
Jibs_PC#8694962093090079744 move 3
Jibs_PC#8694962093090079744 attack 12 13
Jibs_PC#8694962093090079744 roll 3
Jibs_PC#8694962093090079744 roll 2
DICE 3 2 3 1 1 4 3 
Jibs_PC#8694962093090079744 roll 3
Jibs_PC#8694962093090079744 roll 2
DICE 3 2 5 4 0 0 0 
Jibs_PC#8694962093090079744 move 5
Jibs_PC#8694962093090079744 attack 13 11
Jibs_PC#8694962093090079744 roll 3
Jibs_PC#8694962093090079744 roll 1
DICE 3 1 4 2 0 5 
Jibs_PC#8694962093090079744 roll 3
Jibs_PC#8694962093090079744 roll 1
DICE 3 1 2 0 0 1 
Jibs_PC#8694962093090079744 endattack
Jibs_PC#8694962093090079744 movearmies 38 1 1
CARD 41
Jibs_PC#8694962093090079744 placearmies 14 1
Jibs_PC#8694962093090079744 placearmies 19 1
Jibs_PC#8694962093090079744 placearmies 20 1
Jibs_PC#8694962093090079744 placearmies 14 2
Jibs_PC#8694962093090079744 placearmies 20 3
Jibs_PC#8694962093090079744 attack 20 22
Jibs_PC#8694962093090079744 roll 3
Jibs_PC#8694962093090079744 roll 1
DICE 3 1 4 3 1 1 
Jibs_PC#8694962093090079744 move 3
Jibs_PC#8694962093090079744 attack 22 21
Jibs_PC#8694962093090079744 roll 2
Jibs_PC#8694962093090079744 roll 1
DICE 2 1 4 2 2 
Jibs_PC#8694962093090079744 endattack
Jibs_PC#8694962093090079744 movearmies 19 20 1
CARD 13
Jibs_PC#8694962093090079744 trade 16 22 11
Jibs_PC#8694962093090079744 placearmies 10 11
Jibs_PC#8694962093090079744 placearmies 10 1
Jibs_PC#8694962093090079744 placearmies 10 1
Jibs_PC#8694962093090079744 attack 10 11
Jibs_PC#8694962093090079744 roll 3
Jibs_PC#8694962093090079744 roll 2
DICE 3 2 2 2 0 4 2 
Jibs_PC#8694962093090079744 roll 3
Jibs_PC#8694962093090079744 roll 2
DICE 3 2 5 5 2 2 2 
Jibs_PC#8694962093090079744 roll 3
Jibs_PC#8694962093090079744 roll 1
DICE 3 1 5 5 0 0 
Jibs_PC#8694962093090079744 move 14
Jibs_PC#8694962093090079744 attack 11 12
Jibs_PC#8694962093090079744 roll 3
Jibs_PC#8694962093090079744 roll 1
DICE 3 1 4 0 0 0 
Jibs_PC#8694962093090079744 move 13
Jibs_PC#8694962093090079744 attack 12 13
Jibs_PC#8694962093090079744 roll 3
Jibs_PC#8694962093090079744 roll 1
DICE 3 1 3 0 0 2 
Jibs_PC#8694962093090079744 move 3
Jibs_PC#8694962093090079744 attack 12 21
Jibs_PC#8694962093090079744 roll 3
Jibs_PC#8694962093090079744 roll 2
DICE 3 2 4 1 0 3 1 
Jibs_PC#8694962093090079744 roll 3
Jibs_PC#8694962093090079744 roll 1
DICE 3 1 5 5 2 4 
Jibs_PC#8694962093090079744 move 8
Jibs_PC#8694962093090079744 attack 21 22
Jibs_PC#8694962093090079744 roll 3
Jibs_PC#8694962093090079744 roll 1
DICE 3 1 4 0 0 4 
Jibs_PC#8694962093090079744 roll 3
Jibs_PC#8694962093090079744 roll 1
DICE 3 1 4 0 0 5 
Jibs_PC#8694962093090079744 roll 3
Jibs_PC#8694962093090079744 roll 1
DICE 3 1 4 2 0 3 
Jibs_PC#8694962093090079744 move 4
Jibs_PC#8694962093090079744 attack 22 24
Jibs_PC#8694962093090079744 roll 3
Jibs_PC#8694962093090079744 roll 1
DICE 3 1 5 5 4 1 
Jibs_PC#8694962093090079744 attack 24 23
Jibs_PC#8694962093090079744 roll 2
Jibs_PC#8694962093090079744 roll 1
DICE 2 1 3 0 4 
Jibs_PC#8694962093090079744 retreat
Jibs_PC#8694962093090079744 endattack
Jibs_PC#8694962093090079744 movearmies 24 21 1
CARD wildcard
Jibs_PC#8694962093090079744 placearmies 4 3
Jibs_PC#8694962093090079744 attack 4 5
Jibs_PC#8694962093090079744 roll 3
Jibs_PC#8694962093090079744 roll 1
DICE 3 1 4 3 3 4 
Jibs_PC#8694962093090079744 roll 2
Jibs_PC#8694962093090079744 roll 1
DICE 2 1 5 0 5 
Jibs_PC#8694962093090079744 retreat
Jibs_PC#8694962093090079744 endattack
Jibs_PC#8694962093090079744 nomove
CARD 
Jibs_PC#8694962093090079744 placearmies 29 3
Jibs_PC#8694962093090079744 placearmies 31 4
Jibs_PC#8694962093090079744 attack 31 20
Jibs_PC#8694962093090079744 roll 3
Jibs_PC#8694962093090079744 roll 2
DICE 3 2 3 1 0 3 2 
Jibs_PC#8694962093090079744 retreat
Jibs_PC#8694962093090079744 attack 29 30
Jibs_PC#8694962093090079744 roll 3
Jibs_PC#8694962093090079744 roll 1
DICE 3 1 4 3 2 2 
Jibs_PC#8694962093090079744 move 4
Jibs_PC#8694962093090079744 endattack
Jibs_PC#8694962093090079744 movearmies 32 30 1
CARD 30
Jibs_PC#8694962093090079744 placearmies 16 1
Jibs_PC#8694962093090079744 placearmies 19 1
Jibs_PC#8694962093090079744 placearmies 19 1
Jibs_PC#8694962093090079744 placearmies 20 2
Jibs_PC#8694962093090079744 placearmies 16 3
Jibs_PC#8694962093090079744 attack 16 28
Jibs_PC#8694962093090079744 roll 3
Jibs_PC#8694962093090079744 roll 1
DICE 3 1 3 0 0 0 
Jibs_PC#8694962093090079744 move 6
Jibs_PC#8694962093090079744 attack 20 22
Jibs_PC#8694962093090079744 roll 3
Jibs_PC#8694962093090079744 roll 1
DICE 3 1 2 1 0 1 
Jibs_PC#8694962093090079744 move 3
Jibs_PC#8694962093090079744 attack 22 24
Jibs_PC#8694962093090079744 roll 2
Jibs_PC#8694962093090079744 roll 1
DICE 2 1 4 1 5 
Jibs_PC#8694962093090079744 retreat
Jibs_PC#8694962093090079744 attack 28 29
Jibs_PC#8694962093090079744 roll 3
Jibs_PC#8694962093090079744 roll 1
DICE 3 1 1 1 0 3 
Jibs_PC#8694962093090079744 roll 3
Jibs_PC#8694962093090079744 roll 1
DICE 3 1 4 3 2 5 
Jibs_PC#8694962093090079744 retreat
Jibs_PC#8694962093090079744 endattack
Jibs_PC#8694962093090079744 movearmies 28 16 3
CARD 35
Jibs_PC#8694962093090079744 placearmies 21 1
Jibs_PC#8694962093090079744 placearmies 5 1
Jibs_PC#8694962093090079744 placearmies 21 3
Jibs_PC#8694962093090079744 attack 21 20
Jibs_PC#8694962093090079744 roll 3
Jibs_PC#8694962093090079744 roll 2
DICE 3 2 5 4 4 2 0 
Jibs_PC#8694962093090079744 move 5
Jibs_PC#8694962093090079744 attack 20 31
Jibs_PC#8694962093090079744 roll 3
Jibs_PC#8694962093090079744 roll 2
DICE 3 2 3 0 0 4 0 
Jibs_PC#8694962093090079744 retreat
Jibs_PC#8694962093090079744 endattack
Jibs_PC#8694962093090079744 movearmies 20 21 2
CARD 17
Jibs_PC#8694962093090079744 placearmies 4 3
Jibs_PC#8694962093090079744 attack 4 5
Jibs_PC#8694962093090079744 roll 3
Jibs_PC#8694962093090079744 roll 2
DICE 3 2 2 1 1 4 2 
Jibs_PC#8694962093090079744 retreat
Jibs_PC#8694962093090079744 attack 4 5
Jibs_PC#8694962093090079744 roll 2
Jibs_PC#8694962093090079744 roll 2
DICE 2 2 0 0 5 0 
Jibs_PC#8694962093090079744 attack 6 14
Jibs_PC#8694962093090079744 roll 3
Jibs_PC#8694962093090079744 roll 2
DICE 3 2 4 3 2 4 3 
Jibs_PC#8694962093090079744 retreat
Jibs_PC#8694962093090079744 endattack
Jibs_PC#8694962093090079744 nomove
CARD 
Jibs_PC#8694962093090079744 trade 34 41 30
Jibs_PC#8694962093090079744 placearmies 27 4
Jibs_PC#8694962093090079744 placearmies 29 1
Jibs_PC#8694962093090079744 placearmies 31 2
Jibs_PC#8694962093090079744 placearmies 31 8
Jibs_PC#8694962093090079744 placearmies 31 1
Jibs_PC#8694962093090079744 placearmies 31 1
Jibs_PC#8694962093090079744 attack 31 22
Jibs_PC#8694962093090079744 roll 3
Jibs_PC#8694962093090079744 roll 2
DICE 3 2 4 1 1 2 2 
Jibs_PC#8694962093090079744 roll 3
Jibs_PC#8694962093090079744 roll 1
DICE 3 1 5 5 0 0 
Jibs_PC#8694962093090079744 move 12
Jibs_PC#8694962093090079744 attack 22 21
Jibs_PC#8694962093090079744 roll 3
Jibs_PC#8694962093090079744 roll 2
DICE 3 2 4 0 0 2 1 
Jibs_PC#8694962093090079744 roll 3
Jibs_PC#8694962093090079744 roll 2
DICE 3 2 5 5 1 4 0 
Jibs_PC#8694962093090079744 roll 3
Jibs_PC#8694962093090079744 roll 1
DICE 3 1 4 3 3 4 
Jibs_PC#8694962093090079744 roll 3
Jibs_PC#8694962093090079744 roll 1
DICE 3 1 5 0 0 4 
Jibs_PC#8694962093090079744 move 9
Jibs_PC#8694962093090079744 attack 21 12
Jibs_PC#8694962093090079744 roll 3
Jibs_PC#8694962093090079744 roll 1
DICE 3 1 2 2 0 3 
Jibs_PC#8694962093090079744 roll 3
Jibs_PC#8694962093090079744 roll 1
DICE 3 1 5 3 2 3 
Jibs_PC#8694962093090079744 move 7
Jibs_PC#8694962093090079744 attack 27 28
Jibs_PC#8694962093090079744 roll 3
Jibs_PC#8694962093090079744 roll 1
DICE 3 1 4 1 0 0 
Jibs_PC#8694962093090079744 move 4
Jibs_PC#8694962093090079744 attack 12 11
Jibs_PC#8694962093090079744 roll 3
Jibs_PC#8694962093090079744 roll 1
DICE 3 1 5 3 1 3 
Jibs_PC#8694962093090079744 move 6
Jibs_PC#8694962093090079744 attack 11 10
Jibs_PC#8694962093090079744 roll 3
Jibs_PC#8694962093090079744 roll 1
DICE 3 1 5 3 0 1 
Jibs_PC#8694962093090079744 move 5
Jibs_PC#8694962093090079744 attack 10 5
Jibs_PC#8694962093090079744 roll 3
Jibs_PC#8694962093090079744 roll 2
DICE 3 2 3 2 2 4 3 
Jibs_PC#8694962093090079744 retreat
Jibs_PC#8694962093090079744 attack 30 16
Jibs_PC#8694962093090079744 roll 3
Jibs_PC#8694962093090079744 roll 2
DICE 3 2 5 3 1 5 2 
Jibs_PC#8694962093090079744 roll 3
Jibs_PC#8694962093090079744 roll 2
DICE 3 2 4 3 1 5 1 
Jibs_PC#8694962093090079744 retreat
Jibs_PC#8694962093090079744 endattack
Jibs_PC#8694962093090079744 movearmies 29 30 1
CARD 33
Jibs_PC#8694962093090079744 trade 14 13 35
Jibs_PC#8694962093090079744 placearmies 16 3
Jibs_PC#8694962093090079744 placearmies 19 4
Jibs_PC#8694962093090079744 attack 16 30
Jibs_PC#8694962093090079744 roll 3
Jibs_PC#8694962093090079744 roll 2
DICE 3 2 3 1 0 2 0 
Jibs_PC#8694962093090079744 roll 3
Jibs_PC#8694962093090079744 roll 2
DICE 3 2 2 2 1 4 1 
Jibs_PC#8694962093090079744 roll 3
Jibs_PC#8694962093090079744 roll 1
DICE 3 1 0 0 0 3 
Jibs_PC#8694962093090079744 roll 3
Jibs_PC#8694962093090079744 roll 1
DICE 3 1 5 2 2 0 
Jibs_PC#8694962093090079744 attack 19 20
Jibs_PC#8694962093090079744 roll 3
Jibs_PC#8694962093090079744 roll 1
DICE 3 1 5 4 1 2 
Jibs_PC#8694962093090079744 move 5
Jibs_PC#8694962093090079744 attack 20 22
Jibs_PC#8694962093090079744 roll 3
Jibs_PC#8694962093090079744 roll 1
DICE 3 1 5 5 3 1 
Jibs_PC#8694962093090079744 move 3
Jibs_PC#8694962093090079744 attack 22 24
Jibs_PC#8694962093090079744 roll 2
Jibs_PC#8694962093090079744 roll 1
DICE 2 1 2 1 1 
Jibs_PC#8694962093090079744 endattack
Jibs_PC#8694962093090079744 movearmies 30 16 2
CARD 19
Jibs_PC#8694962093090079744 trade 24 wildcard 17
Jibs_PC#8694962093090079744 placearmies 13 1
Jibs_PC#8694962093090079744 placearmies 13 11
Jibs_PC#8694962093090079744 placearmies 13 1
Jibs_PC#8694962093090079744 attack 13 12
Jibs_PC#8694962093090079744 roll 3
Jibs_PC#8694962093090079744 roll 1
DICE 3 1 3 2 1 2 
Jibs_PC#8694962093090079744 move 15
Jibs_PC#8694962093090079744 attack 12 21
Jibs_PC#8694962093090079744 roll 3
Jibs_PC#8694962093090079744 roll 1
DICE 3 1 3 1 1 2 
Jibs_PC#8694962093090079744 move 14
Jibs_PC#8694962093090079744 attack 21 20
Jibs_PC#8694962093090079744 roll 3
Jibs_PC#8694962093090079744 roll 2
DICE 3 2 5 1 0 4 2 
Jibs_PC#8694962093090079744 roll 3
Jibs_PC#8694962093090079744 roll 1
DICE 3 1 3 1 0 2 
Jibs_PC#8694962093090079744 move 12
Jibs_PC#8694962093090079744 attack 20 31
Jibs_PC#8694962093090079744 roll 3
Jibs_PC#8694962093090079744 roll 2
DICE 3 2 3 1 1 5 0 
Jibs_PC#8694962093090079744 roll 3
Jibs_PC#8694962093090079744 roll 1
DICE 3 1 5 2 0 4 
Jibs_PC#8694962093090079744 move 10
Jibs_PC#8694962093090079744 attack 31 22
Jibs_PC#8694962093090079744 roll 3
Jibs_PC#8694962093090079744 roll 1
DICE 3 1 4 2 0 4 
Jibs_PC#8694962093090079744 roll 3
Jibs_PC#8694962093090079744 roll 1
DICE 3 1 3 2 0 4 
Jibs_PC#8694962093090079744 roll 3
Jibs_PC#8694962093090079744 roll 1
DICE 3 1 4 4 0 3 
Jibs_PC#8694962093090079744 move 7
Jibs_PC#8694962093090079744 attack 22 24
Jibs_PC#8694962093090079744 roll 3
Jibs_PC#8694962093090079744 roll 2
DICE 3 2 2 0 0 3 1 
Jibs_PC#8694962093090079744 roll 3
Jibs_PC#8694962093090079744 roll 2
DICE 3 2 5 0 0 5 3 
Jibs_PC#8694962093090079744 retreat
Jibs_PC#8694962093090079744 endattack
Jibs_PC#8694962093090079744 nomove
CARD 38
Jibs_PC#8694962093090079744 placearmies 4 3
Jibs_PC#8694962093090079744 attack 4 5
Jibs_PC#8694962093090079744 roll 3
Jibs_PC#8694962093090079744 roll 2
DICE 3 2 2 1 1 2 0 
Jibs_PC#8694962093090079744 roll 2
Jibs_PC#8694962093090079744 roll 1
DICE 2 1 5 0 4 
Jibs_PC#8694962093090079744 endattack
Jibs_PC#8694962093090079744 nomove
CARD 23
Jibs_PC#8694962093090079744 placearmies 28 4
Jibs_PC#8694962093090079744 placearmies 32 1
Jibs_PC#8694962093090079744 placearmies 29 1
Jibs_PC#8694962093090079744 placearmies 10 1
Jibs_PC#8694962093090079744 attack 28 30
Jibs_PC#8694962093090079744 roll 3
Jibs_PC#8694962093090079744 roll 1
DICE 3 1 5 1 1 2 
Jibs_PC#8694962093090079744 move 6
Jibs_PC#8694962093090079744 attack 30 31
Jibs_PC#8694962093090079744 roll 3
Jibs_PC#8694962093090079744 roll 1
DICE 3 1 5 4 2 4 
Jibs_PC#8694962093090079744 move 4
Jibs_PC#8694962093090079744 attack 10 12
Jibs_PC#8694962093090079744 roll 3
Jibs_PC#8694962093090079744 roll 1
DICE 3 1 4 4 0 2 
Jibs_PC#8694962093090079744 attack 12 13
Jibs_PC#8694962093090079744 roll 2
Jibs_PC#8694962093090079744 roll 1
DICE 2 1 5 0 1 
Jibs_PC#8694962093090079744 endattack
Jibs_PC#8694962093090079744 movearmies 13 12 1
CARD 8
Jibs_PC#8694962093090079744 placearmies 16 3
Jibs_PC#8694962093090079744 attack 16 28
Jibs_PC#8694962093090079744 roll 3
Jibs_PC#8694962093090079744 roll 2
DICE 3 2 3 1 0 4 2 
Jibs_PC#8694962093090079744 roll 3
Jibs_PC#8694962093090079744 roll 2
DICE 3 2 5 4 4 4 1 
Jibs_PC#8694962093090079744 endattack
Jibs_PC#8694962093090079744 movearmies 28 16 2
CARD 20
Jibs_PC#8694962093090079744 placearmies 22 2
Jibs_PC#8694962093090079744 placearmies 22 1
Jibs_PC#8694962093090079744 attack 22 24
Jibs_PC#8694962093090079744 roll 3
Jibs_PC#8694962093090079744 roll 2
DICE 3 2 5 0 0 1 0 
Jibs_PC#8694962093090079744 roll 3
Jibs_PC#8694962093090079744 roll 1
DICE 3 1 5 4 4 0 
Jibs_PC#8694962093090079744 move 4
Jibs_PC#8694962093090079744 attack 24 23
Jibs_PC#8694962093090079744 roll 3
Jibs_PC#8694962093090079744 roll 1
DICE 3 1 5 4 2 1 
Jibs_PC#8694962093090079744 attack 23 25
Jibs_PC#8694962093090079744 roll 2
Jibs_PC#8694962093090079744 roll 1
DICE 2 1 2 0 0 
Jibs_PC#8694962093090079744 endattack
Jibs_PC#8694962093090079744 nomove
CARD 26
Jibs_PC#8694962093090079744 trade 40 18 23
Jibs_PC#8694962093090079744 placearmies 5 2
Jibs_PC#8694962093090079744 placearmies 5 1
Jibs_PC#8694962093090079744 placearmies 5 6
Jibs_PC#8694962093090079744 attack 5 10
Jibs_PC#8694962093090079744 roll 3
Jibs_PC#8694962093090079744 roll 1
DICE 3 1 1 1 0 3 
Jibs_PC#8694962093090079744 roll 3
Jibs_PC#8694962093090079744 roll 1
DICE 3 1 1 0 0 5 
Jibs_PC#8694962093090079744 roll 3
Jibs_PC#8694962093090079744 roll 1
DICE 3 1 4 4 0 1 
Jibs_PC#8694962093090079744 move 8
Jibs_PC#8694962093090079744 attack 10 12
Jibs_PC#8694962093090079744 roll 3
Jibs_PC#8694962093090079744 roll 2
DICE 3 2 5 3 1 2 1 
Jibs_PC#8694962093090079744 move 7
Jibs_PC#8694962093090079744 attack 12 11
Jibs_PC#8694962093090079744 roll 3
Jibs_PC#8694962093090079744 roll 1
DICE 3 1 5 2 2 0 
Jibs_PC#8694962093090079744 move 5
Jibs_PC#8694962093090079744 attack 11 13
Jibs_PC#8694962093090079744 roll 3
Jibs_PC#8694962093090079744 roll 1
DICE 3 1 4 3 1 4 
Jibs_PC#8694962093090079744 roll 3
Jibs_PC#8694962093090079744 roll 1
DICE 3 1 4 3 1 4 
Jibs_PC#8694962093090079744 roll 2
Jibs_PC#8694962093090079744 roll 1
DICE 2 1 3 0 0 
Jibs_PC#8694962093090079744 endattack
Jibs_PC#8694962093090079744 movearmies 13 12 1
CARD 36
Jibs_PC#8694962093090079744 placearmies 29 3
Jibs_PC#8694962093090079744 placearmies 30 1
Jibs_PC#8694962093090079744 placearmies 31 3
Jibs_PC#8694962093090079744 attack 31 22
Jibs_PC#8694962093090079744 roll 3
Jibs_PC#8694962093090079744 roll 1
DICE 3 1 5 2 0 3 
Jibs_PC#8694962093090079744 move 5
Jibs_PC#8694962093090079744 attack 29 28
Jibs_PC#8694962093090079744 roll 3
Jibs_PC#8694962093090079744 roll 1
DICE 3 1 5 3 0 1 
Jibs_PC#8694962093090079744 move 4
Jibs_PC#8694962093090079744 attack 22 24
Jibs_PC#8694962093090079744 roll 3
Jibs_PC#8694962093090079744 roll 1
DICE 3 1 3 2 1 2 
Jibs_PC#8694962093090079744 move 4
Jibs_PC#8694962093090079744 endattack
Jibs_PC#8694962093090079744 movearmies 32 30 1
CARD 28
Jibs_PC#8694962093090079744 trade 12 19 20
Jibs_PC#8694962093090079744 placearmies 16 3
Jibs_PC#8694962093090079744 placearmies 16 6
Jibs_PC#8694962093090079744 placearmies 16 4
Jibs_PC#8694962093090079744 attack 16 31
Jibs_PC#8694962093090079744 roll 3
Jibs_PC#8694962093090079744 roll 2
DICE 3 2 5 1 1 1 1 
Jibs_PC#8694962093090079744 roll 3
Jibs_PC#8694962093090079744 roll 1
DICE 3 1 5 4 0 4 
Jibs_PC#8694962093090079744 move 14
Jibs_PC#8694962093090079744 attack 19 20
Jibs_PC#8694962093090079744 roll 3
Jibs_PC#8694962093090079744 roll 1
DICE 3 1 3 1 0 0 
Jibs_PC#8694962093090079744 attack 31 22
Jibs_PC#8694962093090079744 roll 3
Jibs_PC#8694962093090079744 roll 1
DICE 3 1 4 3 2 4 
Jibs_PC#8694962093090079744 roll 3
Jibs_PC#8694962093090079744 roll 1
DICE 3 1 5 5 3 3 
Jibs_PC#8694962093090079744 move 12
Jibs_PC#8694962093090079744 attack 22 21
Jibs_PC#8694962093090079744 roll 3
Jibs_PC#8694962093090079744 roll 1
DICE 3 1 4 3 1 3 
Jibs_PC#8694962093090079744 move 10
Jibs_PC#8694962093090079744 attack 21 23
Jibs_PC#8694962093090079744 roll 3
Jibs_PC#8694962093090079744 roll 1
DICE 3 1 4 0 0 3 
Jibs_PC#8694962093090079744 move 8
Jibs_PC#8694962093090079744 attack 23 25
Jibs_PC#8694962093090079744 roll 3
Jibs_PC#8694962093090079744 roll 2
DICE 3 2 4 3 1 1 1 
Jibs_PC#8694962093090079744 move 7
Jibs_PC#8694962093090079744 attack 25 26
Jibs_PC#8694962093090079744 roll 3
Jibs_PC#8694962093090079744 roll 1
DICE 3 1 1 0 0 3 
Jibs_PC#8694962093090079744 roll 3
Jibs_PC#8694962093090079744 roll 1
DICE 3 1 5 4 4 1 
Jibs_PC#8694962093090079744 move 5
Jibs_PC#8694962093090079744 endattack
Jibs_PC#8694962093090079744 movearmies 20 21 2
CARD 6
Jibs_PC#8694962093090079744 placearmies 12 5
Jibs_PC#8694962093090079744 placearmies 2 1
Jibs_PC#8694962093090079744 attack 12 21
Jibs_PC#8694962093090079744 roll 3
Jibs_PC#8694962093090079744 roll 2
DICE 3 2 4 3 1 0 0 
Jibs_PC#8694962093090079744 roll 3
Jibs_PC#8694962093090079744 roll 2
DICE 3 2 4 1 0 3 1 
Jibs_PC#8694962093090079744 roll 3
Jibs_PC#8694962093090079744 roll 1
DICE 3 1 5 5 1 4 
Jibs_PC#8694962093090079744 move 6
Jibs_PC#8694962093090079744 attack 21 20
Jibs_PC#8694962093090079744 roll 3
Jibs_PC#8694962093090079744 roll 1
DICE 3 1 4 3 0 0 
Jibs_PC#8694962093090079744 move 4
Jibs_PC#8694962093090079744 endattack
Jibs_PC#8694962093090079744 movearmies 20 21 3
CARD 9
Jibs_PC#8694962093090079744 placearmies 30 1
Jibs_PC#8694962093090079744 placearmies 32 1
Jibs_PC#8694962093090079744 placearmies 24 4
Jibs_PC#8694962093090079744 placearmies 1 1
Jibs_PC#8694962093090079744 attack 30 31
Jibs_PC#8694962093090079744 roll 3
Jibs_PC#8694962093090079744 roll 1
DICE 3 1 2 0 0 2 
Jibs_PC#8694962093090079744 roll 3
Jibs_PC#8694962093090079744 roll 1
DICE 3 1 3 1 1 0 
Jibs_PC#8694962093090079744 attack 24 25
Jibs_PC#8694962093090079744 roll 3
Jibs_PC#8694962093090079744 roll 1
DICE 3 1 3 3 2 5 
Jibs_PC#8694962093090079744 roll 3
Jibs_PC#8694962093090079744 roll 1
DICE 3 1 4 1 1 2 
Jibs_PC#8694962093090079744 move 6
Jibs_PC#8694962093090079744 attack 25 23
Jibs_PC#8694962093090079744 roll 3
Jibs_PC#8694962093090079744 roll 1
DICE 3 1 4 3 2 1 
Jibs_PC#8694962093090079744 move 5
Jibs_PC#8694962093090079744 attack 1 3
Jibs_PC#8694962093090079744 roll 3
Jibs_PC#8694962093090079744 roll 1
DICE 3 1 3 1 0 0 
Jibs_PC#8694962093090079744 move 3
Jibs_PC#8694962093090079744 attack 23 21
Jibs_PC#8694962093090079744 roll 3
Jibs_PC#8694962093090079744 roll 2
DICE 3 2 3 2 0 4 0 
Jibs_PC#8694962093090079744 roll 3
Jibs_PC#8694962093090079744 roll 2
DICE 3 2 2 1 0 2 1 
Jibs_PC#8694962093090079744 retreat
Jibs_PC#8694962093090079744 endattack
Jibs_PC#8694962093090079744 movearmies 3 1 2
CARD 27
Jibs_PC#8694962093090079744 trade 10 38 26
Jibs_PC#8694962093090079744 placearmies 16 4
Jibs_PC#8694962093090079744 placearmies 26 9
Jibs_PC#8694962093090079744 attack 16 30
Jibs_PC#8694962093090079744 roll 3
Jibs_PC#8694962093090079744 roll 1
DICE 3 1 5 1 0 3 
Jibs_PC#8694962093090079744 move 4
Jibs_PC#8694962093090079744 attack 26 24
Jibs_PC#8694962093090079744 roll 3
Jibs_PC#8694962093090079744 roll 1
DICE 3 1 5 4 0 2 
Jibs_PC#8694962093090079744 move 15
Jibs_PC#8694962093090079744 attack 24 21
Jibs_PC#8694962093090079744 roll 3
Jibs_PC#8694962093090079744 roll 2
DICE 3 2 2 2 0 2 1 
Jibs_PC#8694962093090079744 roll 3
Jibs_PC#8694962093090079744 roll 2
DICE 3 2 4 4 2 1 0 
Jibs_PC#8694962093090079744 roll 3
Jibs_PC#8694962093090079744 roll 1
DICE 3 1 3 2 0 0 
Jibs_PC#8694962093090079744 move 13
Jibs_PC#8694962093090079744 attack 21 12
Jibs_PC#8694962093090079744 roll 3
Jibs_PC#8694962093090079744 roll 1
DICE 3 1 5 3 1 5 
Jibs_PC#8694962093090079744 roll 3
Jibs_PC#8694962093090079744 roll 1
DICE 3 1 4 3 1 4 
Jibs_PC#8694962093090079744 roll 3
Jibs_PC#8694962093090079744 roll 1
DICE 3 1 5 3 1 3 
Jibs_PC#8694962093090079744 move 10
Jibs_PC#8694962093090079744 attack 12 13
Jibs_PC#8694962093090079744 roll 3
Jibs_PC#8694962093090079744 roll 1
DICE 3 1 3 2 1 1 
Jibs_PC#8694962093090079744 move 9
Jibs_PC#8694962093090079744 attack 13 11
Jibs_PC#8694962093090079744 roll 3
Jibs_PC#8694962093090079744 roll 1
DICE 3 1 5 3 1 0 
Jibs_PC#8694962093090079744 move 8
Jibs_PC#8694962093090079744 attack 11 10
Jibs_PC#8694962093090079744 roll 3
Jibs_PC#8694962093090079744 roll 1
DICE 3 1 5 2 2 0 
Jibs_PC#8694962093090079744 move 7
Jibs_PC#8694962093090079744 attack 14 6
Jibs_PC#8694962093090079744 roll 3
Jibs_PC#8694962093090079744 roll 2
DICE 3 2 5 0 0 4 2 
Jibs_PC#8694962093090079744 roll 3
Jibs_PC#8694962093090079744 roll 1
DICE 3 1 4 2 0 5 
Jibs_PC#8694962093090079744 retreat
Jibs_PC#8694962093090079744 endattack
Jibs_PC#8694962093090079744 movearmies 30 16 3
CARD 3
Jibs_PC#8694962093090079744 placearmies 2 2
Jibs_PC#8694962093090079744 placearmies 2 1
Jibs_PC#8694962093090079744 attack 2 3
Jibs_PC#8694962093090079744 roll 3
Jibs_PC#8694962093090079744 roll 1
DICE 3 1 5 3 3 0 
Jibs_PC#8694962093090079744 move 4
Jibs_PC#8694962093090079744 endattack
Jibs_PC#8694962093090079744 nomove
CARD 29
Jibs_PC#8694962093090079744 trade 33 8 27
Jibs_PC#8694962093090079744 placearmies 28 1
Jibs_PC#8694962093090079744 placearmies 29 1
Jibs_PC#8694962093090079744 placearmies 23 6
Jibs_PC#8694962093090079744 placearmies 23 4
Jibs_PC#8694962093090079744 placearmies 1 1
Jibs_PC#8694962093090079744 placearmies 23 2
Jibs_PC#8694962093090079744 placearmies 1 1
Jibs_PC#8694962093090079744 attack 23 21
Jibs_PC#8694962093090079744 roll 3
Jibs_PC#8694962093090079744 roll 1
DICE 3 1 3 0 0 2 
Jibs_PC#8694962093090079744 move 13
Jibs_PC#8694962093090079744 attack 21 12
Jibs_PC#8694962093090079744 roll 3
Jibs_PC#8694962093090079744 roll 1
DICE 3 1 4 1 1 3 
Jibs_PC#8694962093090079744 move 12
Jibs_PC#8694962093090079744 attack 28 30
Jibs_PC#8694962093090079744 roll 3
Jibs_PC#8694962093090079744 roll 1
DICE 3 1 5 3 2 0 
Jibs_PC#8694962093090079744 move 3
Jibs_PC#8694962093090079744 attack 12 13
Jibs_PC#8694962093090079744 roll 3
Jibs_PC#8694962093090079744 roll 1
DICE 3 1 4 3 3 3 
Jibs_PC#8694962093090079744 move 11
Jibs_PC#8694962093090079744 attack 13 11
Jibs_PC#8694962093090079744 roll 3
Jibs_PC#8694962093090079744 roll 1
DICE 3 1 2 2 1 1 
Jibs_PC#8694962093090079744 move 10
Jibs_PC#8694962093090079744 attack 11 10
Jibs_PC#8694962093090079744 roll 3
Jibs_PC#8694962093090079744 roll 2
DICE 3 2 4 3 2 1 1 
Jibs_PC#8694962093090079744 roll 3
Jibs_PC#8694962093090079744 roll 2
DICE 3 2 2 2 0 4 4 
Jibs_PC#8694962093090079744 roll 3
Jibs_PC#8694962093090079744 roll 2
DICE 3 2 5 1 1 4 1 
Jibs_PC#8694962093090079744 roll 3
Jibs_PC#8694962093090079744 roll 2
DICE 3 2 5 4 1 1 0 
Jibs_PC#8694962093090079744 roll 3
Jibs_PC#8694962093090079744 roll 2
DICE 3 2 4 1 0 2 2 
Jibs_PC#8694962093090079744 roll 3
Jibs_PC#8694962093090079744 roll 1
DICE 3 1 5 4 2 5 
Jibs_PC#8694962093090079744 roll 3
Jibs_PC#8694962093090079744 roll 1
DICE 3 1 4 3 2 0 
Jibs_PC#8694962093090079744 move 4
Jibs_PC#8694962093090079744 attack 1 2
Jibs_PC#8694962093090079744 roll 3
Jibs_PC#8694962093090079744 roll 1
DICE 3 1 4 3 2 4 
Jibs_PC#8694962093090079744 roll 3
Jibs_PC#8694962093090079744 roll 1
DICE 3 1 5 3 1 1 
Jibs_PC#8694962093090079744 move 3
Jibs_PC#8694962093090079744 endattack
Jibs_PC#8694962093090079744 movearmies 2 1 2
CARD 25
Jibs_PC#8694962093090079744 placearmies 16 2
Jibs_PC#8694962093090079744 placearmies 16 1
Jibs_PC#8694962093090079744 attack 16 28
Jibs_PC#8694962093090079744 roll 3
Jibs_PC#8694962093090079744 roll 2
DICE 3 2 4 3 0 3 2 
Jibs_PC#8694962093090079744 move 6
Jibs_PC#8694962093090079744 attack 28 29
Jibs_PC#8694962093090079744 roll 3
Jibs_PC#8694962093090079744 roll 2
DICE 3 2 4 2 0 4 3 
Jibs_PC#8694962093090079744 roll 3
Jibs_PC#8694962093090079744 roll 2
DICE 3 2 3 0 0 5 2 
Jibs_PC#8694962093090079744 retreat
Jibs_PC#8694962093090079744 endattack
Jibs_PC#8694962093090079744 nomove
CARD 32
Jibs_PC#8694962093090079744 trade 37 36 29
Jibs_PC#8694962093090079744 placearmies 20 7
Jibs_PC#8694962093090079744 placearmies 3 1
Jibs_PC#8694962093090079744 placearmies 20 5
Jibs_PC#8694962093090079744 attack 20 21
Jibs_PC#8694962093090079744 roll 3
Jibs_PC#8694962093090079744 roll 1
DICE 3 1 4 2 2 5 
Jibs_PC#8694962093090079744 roll 3
Jibs_PC#8694962093090079744 roll 1
DICE 3 1 5 4 2 0 
Jibs_PC#8694962093090079744 move 11
Jibs_PC#8694962093090079744 attack 21 12
Jibs_PC#8694962093090079744 roll 3
Jibs_PC#8694962093090079744 roll 1
DICE 3 1 1 1 0 0 
Jibs_PC#8694962093090079744 move 10
Jibs_PC#8694962093090079744 attack 3 2
Jibs_PC#8694962093090079744 roll 3
Jibs_PC#8694962093090079744 roll 1
DICE 3 1 3 1 1 2 
Jibs_PC#8694962093090079744 move 4
Jibs_PC#8694962093090079744 attack 12 13
Jibs_PC#8694962093090079744 roll 3
Jibs_PC#8694962093090079744 roll 1
DICE 3 1 4 2 1 4 
Jibs_PC#8694962093090079744 roll 3
Jibs_PC#8694962093090079744 roll 1
DICE 3 1 1 0 0 2 
Jibs_PC#8694962093090079744 roll 3
Jibs_PC#8694962093090079744 roll 1
DICE 3 1 5 1 0 4 
Jibs_PC#8694962093090079744 move 7
Jibs_PC#8694962093090079744 attack 13 11
Jibs_PC#8694962093090079744 roll 3
Jibs_PC#8694962093090079744 roll 1
DICE 3 1 5 1 1 2 
Jibs_PC#8694962093090079744 move 6
Jibs_PC#8694962093090079744 attack 11 10
Jibs_PC#8694962093090079744 roll 3
Jibs_PC#8694962093090079744 roll 2
DICE 3 2 2 1 0 2 1 
Jibs_PC#8694962093090079744 roll 3
Jibs_PC#8694962093090079744 roll 2
DICE 3 2 4 4 1 5 1 
Jibs_PC#8694962093090079744 retreat
Jibs_PC#8694962093090079744 endattack
Jibs_PC#8694962093090079744 nomove
CARD 15
Jibs_PC#8694962093090079744 placearmies 30 3
Jibs_PC#8694962093090079744 placearmies 31 5
Jibs_PC#8694962093090079744 attack 31 16
Jibs_PC#8694962093090079744 roll 3
Jibs_PC#8694962093090079744 roll 1
DICE 3 1 4 1 0 3 
Jibs_PC#8694962093090079744 move 6
Jibs_PC#8694962093090079744 attack 30 28
Jibs_PC#8694962093090079744 roll 3
Jibs_PC#8694962093090079744 roll 2
DICE 3 2 5 2 2 4 3 
Jibs_PC#8694962093090079744 roll 3
Jibs_PC#8694962093090079744 roll 1
DICE 3 1 5 4 0 0 
Jibs_PC#8694962093090079744 move 3
Jibs_PC#8694962093090079744 attack 16 20
Jibs_PC#8694962093090079744 roll 3
Jibs_PC#8694962093090079744 roll 1
DICE 3 1 5 4 0 2 
Jibs_PC#8694962093090079744 move 4
Jibs_PC#8694962093090079744 attack 20 22
Jibs_PC#8694962093090079744 roll 3
Jibs_PC#8694962093090079744 roll 2
DICE 3 2 3 2 0 4 1 
Jibs_PC#8694962093090079744 roll 2
Jibs_PC#8694962093090079744 roll 1
DICE 2 1 2 0 1 
Jibs_PC#8694962093090079744 endattack
Jibs_PC#8694962093090079744 movearmies 28 16 2
CARD 21
Jibs_PC#8694962093090079744 placearmies 18 3
Jibs_PC#8694962093090079744 attack 18 20
Jibs_PC#8694962093090079744 roll 3
Jibs_PC#8694962093090079744 roll 1
DICE 3 1 3 1 1 5 
Jibs_PC#8694962093090079744 roll 2
Jibs_PC#8694962093090079744 roll 1
DICE 2 1 5 4 3 
Jibs_PC#8694962093090079744 endattack
Jibs_PC#8694962093090079744 nomove
CARD 37
Jibs_PC#8694962093090079744 placearmies 21 3
Jibs_PC#8694962093090079744 placearmies 21 1
Jibs_PC#8694962093090079744 attack 21 24
Jibs_PC#8694962093090079744 roll 3
Jibs_PC#8694962093090079744 roll 1
DICE 3 1 3 3 1 2 
Jibs_PC#8694962093090079744 move 4
Jibs_PC#8694962093090079744 attack 24 26
Jibs_PC#8694962093090079744 roll 3
Jibs_PC#8694962093090079744 roll 1
DICE 3 1 5 3 3 3 
Jibs_PC#8694962093090079744 attack 26 25
Jibs_PC#8694962093090079744 roll 2
Jibs_PC#8694962093090079744 roll 1
DICE 2 1 4 2 4 
Jibs_PC#8694962093090079744 retreat
Jibs_PC#8694962093090079744 endattack
Jibs_PC#8694962093090079744 nomove
CARD 24
Jibs_PC#8694962093090079744 trade 28 25 21
Jibs_PC#8694962093090079744 placearmies 22 6
Jibs_PC#8694962093090079744 placearmies 25 7
Jibs_PC#8694962093090079744 placearmies 22 3
Jibs_PC#8694962093090079744 placearmies 25 3
Jibs_PC#8694962093090079744 placearmies 22 7
Jibs_PC#8694962093090079744 attack 25 24
Jibs_PC#8694962093090079744 roll 3
Jibs_PC#8694962093090079744 roll 1
DICE 3 1 5 1 1 5 
Jibs_PC#8694962093090079744 roll 3
Jibs_PC#8694962093090079744 roll 1
DICE 3 1 4 4 2 5 
Jibs_PC#8694962093090079744 roll 3
Jibs_PC#8694962093090079744 roll 1
DICE 3 1 5 5 2 0 
Jibs_PC#8694962093090079744 move 8
Jibs_PC#8694962093090079744 attack 22 21
Jibs_PC#8694962093090079744 roll 3
Jibs_PC#8694962093090079744 roll 1
DICE 3 1 3 2 1 2 
Jibs_PC#8694962093090079744 move 17
Jibs_PC#8694962093090079744 attack 24 26
Jibs_PC#8694962093090079744 roll 3
Jibs_PC#8694962093090079744 roll 2
DICE 3 2 3 0 0 4 0 
Jibs_PC#8694962093090079744 roll 3
Jibs_PC#8694962093090079744 roll 2
DICE 3 2 5 0 0 4 3 
Jibs_PC#8694962093090079744 roll 3
Jibs_PC#8694962093090079744 roll 1
DICE 3 1 4 3 1 3 
Jibs_PC#8694962093090079744 move 3
Jibs_PC#8694962093090079744 play C:\Users\s0914007\Documents\GitHub\Domination\Domination\game-logs\constricted-play-samples\con-3\third_game.log
Jibs_PC#4525051696153025536 newplayer human green s0914007
Jibs_PC#4525051696153025536 newplayer human blue bob
Jibs_PC#4525051696153025536 newplayer human red fred
Jibs_PC#4525051696153025536 newplayer human cyan ted
Jibs_PC#4525051696153025536 newplayer human magenta yura
Jibs_PC#4525051696153025536 newplayer human yellow lala
Jibs_PC#4525051696153025536 startgame mission fixed autoplaceall recycle
PLAYER ted
MISSION 0 3 1 2 0 0
PLACEALL 3 16 18 15 5 31 22 41 27 4 12 14 37 1 6 39 29 8 36 21 11 9 24 40 42 32 7 25 28 17 34 2 10 30 35 33 20 38 26 13 23 19
Jibs_PC#4525051696153025536 placearmies 22 1
CARD 
Jibs_PC#4525051696153025536 placearmies 41 1
CARD 
Jibs_PC#4525051696153025536 placearmies 11 1
CARD 
Jibs_PC#4525051696153025536 placearmies 13 1
CARD 
Jibs_PC#4525051696153025536 placearmies 5 1
CARD 
Jibs_PC#4525051696153025536 placearmies 33 1
CARD 
Jibs_PC#4525051696153025536 placearmies 3 1
CARD 
Jibs_PC#4525051696153025536 placearmies 16 1
CARD 
Jibs_PC#4525051696153025536 placearmies 10 1
CARD 
Jibs_PC#4525051696153025536 placearmies 30 1
CARD 
Jibs_PC#4525051696153025536 placearmies 5 1
CARD 
Jibs_PC#4525051696153025536 placearmies 31 1
CARD 
Jibs_PC#4525051696153025536 placearmies 3 1
CARD 
Jibs_PC#4525051696153025536 placearmies 16 1
CARD 
Jibs_PC#4525051696153025536 placearmies 7 1
CARD 
Jibs_PC#4525051696153025536 placearmies 30 1
CARD 
Jibs_PC#4525051696153025536 placearmies 5 1
CARD 
Jibs_PC#4525051696153025536 placearmies 31 1
CARD 
Jibs_PC#4525051696153025536 placearmies 22 1
CARD 
Jibs_PC#4525051696153025536 placearmies 41 1
CARD 
Jibs_PC#4525051696153025536 placearmies 11 1
CARD 
Jibs_PC#4525051696153025536 placearmies 13 1
CARD 
Jibs_PC#4525051696153025536 placearmies 5 1
CARD 
Jibs_PC#4525051696153025536 placearmies 33 1
CARD 
Jibs_PC#4525051696153025536 placearmies 3 1
CARD 
Jibs_PC#4525051696153025536 placearmies 16 1
CARD 
Jibs_PC#4525051696153025536 placearmies 10 1
CARD 
Jibs_PC#4525051696153025536 placearmies 30 1
CARD 
Jibs_PC#4525051696153025536 placearmies 5 1
CARD 
Jibs_PC#4525051696153025536 placearmies 33 1
CARD 
Jibs_PC#4525051696153025536 placearmies 22 1
CARD 
Jibs_PC#4525051696153025536 placearmies 41 1
CARD 
Jibs_PC#4525051696153025536 placearmies 11 1
CARD 
Jibs_PC#4525051696153025536 placearmies 13 1
CARD 
Jibs_PC#4525051696153025536 placearmies 5 1
CARD 
Jibs_PC#4525051696153025536 placearmies 31 1
CARD 
Jibs_PC#4525051696153025536 placearmies 3 1
CARD 
Jibs_PC#4525051696153025536 placearmies 41 1
CARD 
Jibs_PC#4525051696153025536 placearmies 11 1
CARD 
Jibs_PC#4525051696153025536 placearmies 13 1
CARD 
Jibs_PC#4525051696153025536 placearmies 5 1
CARD 
Jibs_PC#4525051696153025536 placearmies 31 1
CARD 
Jibs_PC#4525051696153025536 placearmies 22 1
CARD 
Jibs_PC#4525051696153025536 placearmies 16 1
CARD 
Jibs_PC#4525051696153025536 placearmies 10 1
CARD 
Jibs_PC#4525051696153025536 placearmies 30 1
CARD 
Jibs_PC#4525051696153025536 placearmies 5 1
CARD 
Jibs_PC#4525051696153025536 placearmies 33 1
CARD 
Jibs_PC#4525051696153025536 placearmies 22 1
CARD 
Jibs_PC#4525051696153025536 placearmies 41 1
CARD 
Jibs_PC#4525051696153025536 placearmies 7 1
CARD 
Jibs_PC#4525051696153025536 placearmies 30 1
CARD 
Jibs_PC#4525051696153025536 placearmies 5 1
CARD 
Jibs_PC#4525051696153025536 placearmies 31 1
CARD 
Jibs_PC#4525051696153025536 placearmies 3 1
CARD 
Jibs_PC#4525051696153025536 placearmies 16 1
CARD 
Jibs_PC#4525051696153025536 placearmies 10 1
CARD 
Jibs_PC#4525051696153025536 placearmies 13 1
CARD 
Jibs_PC#4525051696153025536 placearmies 5 1
CARD 
Jibs_PC#4525051696153025536 placearmies 33 1
CARD 
Jibs_PC#4525051696153025536 placearmies 3 1
CARD 
Jibs_PC#4525051696153025536 placearmies 41 1
CARD 
Jibs_PC#4525051696153025536 placearmies 7 1
CARD 
Jibs_PC#4525051696153025536 placearmies 13 1
CARD 
Jibs_PC#4525051696153025536 placearmies 5 1
CARD 
Jibs_PC#4525051696153025536 placearmies 31 1
CARD 
Jibs_PC#4525051696153025536 placearmies 22 1
CARD 
Jibs_PC#4525051696153025536 placearmies 16 1
CARD 
Jibs_PC#4525051696153025536 placearmies 7 1
CARD 
Jibs_PC#4525051696153025536 placearmies 30 1
CARD 
Jibs_PC#4525051696153025536 placearmies 5 1
CARD 
Jibs_PC#4525051696153025536 placearmies 33 1
CARD 
Jibs_PC#4525051696153025536 placearmies 3 1
CARD 
Jibs_PC#4525051696153025536 placearmies 16 1
CARD 
Jibs_PC#4525051696153025536 placearmies 11 1
CARD 
Jibs_PC#4525051696153025536 placearmies 30 1
CARD 
Jibs_PC#4525051696153025536 placearmies 5 1
CARD 
Jibs_PC#4525051696153025536 placearmies 33 1
CARD 
Jibs_PC#4525051696153025536 placearmies 22 1
Jibs_PC#4525051696153025536 placearmies 22 1
Jibs_PC#4525051696153025536 placearmies 22 1
Jibs_PC#4525051696153025536 attack 22 21
Jibs_PC#4525051696153025536 roll 3
Jibs_PC#4525051696153025536 roll 1
DICE 3 1 4 1 0 1 
Jibs_PC#4525051696153025536 move all
Jibs_PC#4525051696153025536 attack 21 23
Jibs_PC#4525051696153025536 roll 3
Jibs_PC#4525051696153025536 roll 1
DICE 3 1 3 3 1 3 
Jibs_PC#4525051696153025536 roll 3
Jibs_PC#4525051696153025536 roll 1
DICE 3 1 3 1 0 5 
Jibs_PC#4525051696153025536 roll 3
Jibs_PC#4525051696153025536 roll 1
DICE 3 1 5 4 1 0 
Jibs_PC#4525051696153025536 move all
Jibs_PC#4525051696153025536 attack 23 25
Jibs_PC#4525051696153025536 roll 3
Jibs_PC#4525051696153025536 roll 1
DICE 3 1 4 4 3 2 
Jibs_PC#4525051696153025536 move all
Jibs_PC#4525051696153025536 attack 25 26
Jibs_PC#4525051696153025536 roll 3
Jibs_PC#4525051696153025536 roll 1
DICE 3 1 4 4 2 2 
Jibs_PC#4525051696153025536 move all
Jibs_PC#4525051696153025536 attack 26 24
Jibs_PC#4525051696153025536 roll 3
Jibs_PC#4525051696153025536 roll 1
DICE 3 1 5 3 2 4 
Jibs_PC#4525051696153025536 attack 3 1
Jibs_PC#4525051696153025536 roll 3
Jibs_PC#4525051696153025536 roll 1
DICE 3 1 4 3 3 4 
Jibs_PC#4525051696153025536 roll 3
Jibs_PC#4525051696153025536 roll 1
DICE 3 1 3 2 1 1 
Jibs_PC#4525051696153025536 move all
Jibs_PC#4525051696153025536 attack 1 2
Jibs_PC#4525051696153025536 roll 3
Jibs_PC#4525051696153025536 roll 1
DICE 3 1 5 4 0 0 
Jibs_PC#4525051696153025536 move all
Jibs_PC#4525051696153025536 attack 2 6
Jibs_PC#4525051696153025536 roll 3
Jibs_PC#4525051696153025536 roll 1
DICE 3 1 4 1 0 2 
Jibs_PC#4525051696153025536 move all
Jibs_PC#4525051696153025536 attack 6 8
Jibs_PC#4525051696153025536 roll 3
Jibs_PC#4525051696153025536 roll 1
DICE 3 1 5 5 5 5 
Jibs_PC#4525051696153025536 roll 2
Jibs_PC#4525051696153025536 roll 1
DICE 2 1 5 5 1 
Jibs_PC#4525051696153025536 attack 8 7
Jibs_PC#4525051696153025536 roll 1
Jibs_PC#4525051696153025536 roll 2
DICE 1 2 3 5 2 
Jibs_PC#4525051696153025536 endattack
Jibs_PC#4525051696153025536 movearmies 24 22 2
CARD 14
Jibs_PC#4525051696153025536 placearmies 41 1
Jibs_PC#4525051696153025536 placearmies 41 1
Jibs_PC#4525051696153025536 placearmies 41 1
Jibs_PC#4525051696153025536 attack 41 42
Jibs_PC#4525051696153025536 roll 3
Jibs_PC#4525051696153025536 roll 1
DICE 3 1 4 3 0 3 
Jibs_PC#4525051696153025536 move all
Jibs_PC#4525051696153025536 attack 42 40
Jibs_PC#4525051696153025536 roll 3
Jibs_PC#4525051696153025536 roll 1
DICE 3 1 2 1 1 0 
Jibs_PC#4525051696153025536 move all
Jibs_PC#4525051696153025536 attack 40 39
Jibs_PC#4525051696153025536 roll 3
Jibs_PC#4525051696153025536 roll 1
DICE 3 1 5 4 0 3 
Jibs_PC#4525051696153025536 move all
Jibs_PC#4525051696153025536 attack 16 20
Jibs_PC#4525051696153025536 roll 3
Jibs_PC#4525051696153025536 roll 1
DICE 3 1 4 3 1 0 
Jibs_PC#4525051696153025536 move all
Jibs_PC#4525051696153025536 attack 20 19
Jibs_PC#4525051696153025536 roll 3
Jibs_PC#4525051696153025536 roll 1
DICE 3 1 2 1 1 5 
Jibs_PC#4525051696153025536 roll 3
Jibs_PC#4525051696153025536 roll 1
DICE 3 1 5 5 5 0 
Jibs_PC#4525051696153025536 move all
Jibs_PC#4525051696153025536 attack 19 17
Jibs_PC#4525051696153025536 roll 3
Jibs_PC#4525051696153025536 roll 1
DICE 3 1 5 5 2 3 
Jibs_PC#4525051696153025536 move all
Jibs_PC#4525051696153025536 attack 17 18
Jibs_PC#4525051696153025536 roll 3
Jibs_PC#4525051696153025536 roll 1
DICE 3 1 4 1 0 4 
Jibs_PC#4525051696153025536 roll 2
Jibs_PC#4525051696153025536 roll 1
DICE 2 1 3 0 5 
Jibs_PC#4525051696153025536 roll 1
Jibs_PC#4525051696153025536 roll 1
DICE 1 1 4 1 
Jibs_PC#4525051696153025536 endattack
Jibs_PC#4525051696153025536 nomove
CARD 26
Jibs_PC#4525051696153025536 placearmies 11 1
Jibs_PC#4525051696153025536 placearmies 11 1
Jibs_PC#4525051696153025536 placearmies 11 1
Jibs_PC#4525051696153025536 attack 11 13
Jibs_PC#4525051696153025536 roll 3
Jibs_PC#4525051696153025536 roll 2
DICE 3 2 5 1 1 3 2 
Jibs_PC#4525051696153025536 roll 3
Jibs_PC#4525051696153025536 roll 2
DICE 3 2 5 5 0 3 0 
Jibs_PC#4525051696153025536 roll 3
Jibs_PC#4525051696153025536 roll 2
DICE 3 2 3 0 0 5 2 
Jibs_PC#4525051696153025536 roll 3
Jibs_PC#4525051696153025536 roll 2
DICE 3 2 3 3 0 5 3 
Jibs_PC#4525051696153025536 roll 3
Jibs_PC#4525051696153025536 roll 2
DICE 3 2 3 2 1 1 0 
Jibs_PC#4525051696153025536 roll 3
Jibs_PC#4525051696153025536 roll 2
DICE 3 2 4 1 0 5 2 
Jibs_PC#4525051696153025536 roll 1
Jibs_PC#4525051696153025536 roll 2
DICE 1 2 5 5 0 
Jibs_PC#4525051696153025536 attack 10 12
Jibs_PC#4525051696153025536 roll 3
Jibs_PC#4525051696153025536 roll 1
DICE 3 1 3 2 2 0 
Jibs_PC#4525051696153025536 move all
Jibs_PC#4525051696153025536 attack 12 13
Jibs_PC#4525051696153025536 roll 3
Jibs_PC#4525051696153025536 roll 2
DICE 3 2 4 3 1 4 0 
Jibs_PC#4525051696153025536 roll 2
Jibs_PC#4525051696153025536 roll 1
DICE 2 1 5 1 1 
Jibs_PC#4525051696153025536 attack 7 8
Jibs_PC#4525051696153025536 roll 3
Jibs_PC#4525051696153025536 roll 1
DICE 3 1 3 3 0 3 
Jibs_PC#4525051696153025536 roll 3
Jibs_PC#4525051696153025536 roll 1
DICE 3 1 5 4 0 2 
Jibs_PC#4525051696153025536 attack 8 6
Jibs_PC#4525051696153025536 roll 2
Jibs_PC#4525051696153025536 roll 1
DICE 2 1 1 0 1 
Jibs_PC#4525051696153025536 roll 1
Jibs_PC#4525051696153025536 roll 1
DICE 1 1 5 5 
Jibs_PC#4525051696153025536 endattack
Jibs_PC#4525051696153025536 movearmies 13 12 1
CARD 8
Jibs_PC#4525051696153025536 placearmies 30 1
Jibs_PC#4525051696153025536 placearmies 30 1
Jibs_PC#4525051696153025536 placearmies 30 1
Jibs_PC#4525051696153025536 attack 30 28
Jibs_PC#4525051696153025536 roll 3
Jibs_PC#4525051696153025536 roll 1
DICE 3 1 4 3 2 1 
Jibs_PC#4525051696153025536 move all
Jibs_PC#4525051696153025536 attack 28 27
Jibs_PC#4525051696153025536 roll 3
Jibs_PC#4525051696153025536 roll 1
DICE 3 1 4 1 0 4 
Jibs_PC#4525051696153025536 roll 3
Jibs_PC#4525051696153025536 roll 1
DICE 3 1 3 3 1 4 
Jibs_PC#4525051696153025536 roll 3
Jibs_PC#4525051696153025536 roll 1
DICE 3 1 3 2 2 1 
Jibs_PC#4525051696153025536 move all
Jibs_PC#4525051696153025536 attack 27 34
Jibs_PC#4525051696153025536 roll 3
Jibs_PC#4525051696153025536 roll 1
DICE 3 1 5 4 0 3 
Jibs_PC#4525051696153025536 move all
Jibs_PC#4525051696153025536 attack 34 38
Jibs_PC#4525051696153025536 roll 3
Jibs_PC#4525051696153025536 roll 1
DICE 3 1 5 2 0 0 
Jibs_PC#4525051696153025536 move all
Jibs_PC#4525051696153025536 attack 38 37
Jibs_PC#4525051696153025536 roll 3
Jibs_PC#4525051696153025536 roll 1
DICE 3 1 2 1 1 4 
Jibs_PC#4525051696153025536 roll 3
Jibs_PC#4525051696153025536 roll 1
DICE 3 1 3 3 3 4 
Jibs_PC#4525051696153025536 roll 2
Jibs_PC#4525051696153025536 roll 1
DICE 2 1 5 5 3 
Jibs_PC#4525051696153025536 attack 37 36
Jibs_PC#4525051696153025536 roll 1
Jibs_PC#4525051696153025536 roll 1
DICE 1 1 5 4 
Jibs_PC#4525051696153025536 endattack
Jibs_PC#4525051696153025536 nomove
CARD 15
Jibs_PC#4525051696153025536 placearmies 5 1
Jibs_PC#4525051696153025536 placearmies 5 1
Jibs_PC#4525051696153025536 placearmies 5 1
Jibs_PC#4525051696153025536 attack 5 9
Jibs_PC#4525051696153025536 roll 3
Jibs_PC#4525051696153025536 roll 1
DICE 3 1 5 2 0 5 
Jibs_PC#4525051696153025536 roll 3
Jibs_PC#4525051696153025536 roll 1
DICE 3 1 4 3 0 0 
Jibs_PC#4525051696153025536 move all
Jibs_PC#4525051696153025536 attack 9 4
Jibs_PC#4525051696153025536 roll 3
Jibs_PC#4525051696153025536 roll 1
DICE 3 1 4 0 0 4 
Jibs_PC#4525051696153025536 roll 3
Jibs_PC#4525051696153025536 roll 1
DICE 3 1 1 1 0 5 
Jibs_PC#4525051696153025536 roll 3
Jibs_PC#4525051696153025536 roll 1
DICE 3 1 3 3 1 4 
Jibs_PC#4525051696153025536 roll 3
Jibs_PC#4525051696153025536 roll 1
DICE 3 1 4 4 0 2 
Jibs_PC#4525051696153025536 move all
Jibs_PC#4525051696153025536 attack 4 3
Jibs_PC#4525051696153025536 roll 3
Jibs_PC#4525051696153025536 roll 1
DICE 3 1 4 3 2 0 
Jibs_PC#4525051696153025536 move all
Jibs_PC#4525051696153025536 attack 3 1
Jibs_PC#4525051696153025536 roll 3
Jibs_PC#4525051696153025536 roll 1
DICE 3 1 3 3 2 3 
Jibs_PC#4525051696153025536 roll 3
Jibs_PC#4525051696153025536 roll 1
DICE 3 1 5 4 3 5 
Jibs_PC#4525051696153025536 roll 3
Jibs_PC#4525051696153025536 roll 1
DICE 3 1 5 4 1 5 
Jibs_PC#4525051696153025536 roll 3
Jibs_PC#4525051696153025536 roll 1
DICE 3 1 5 5 3 1 
Jibs_PC#4525051696153025536 move all
Jibs_PC#4525051696153025536 attack 1 2
Jibs_PC#4525051696153025536 roll 3
Jibs_PC#4525051696153025536 roll 1
DICE 3 1 4 3 2 1 
Jibs_PC#4525051696153025536 move all
Jibs_PC#4525051696153025536 attack 2 7
Jibs_PC#4525051696153025536 roll 3
Jibs_PC#4525051696153025536 roll 1
DICE 3 1 3 0 0 4 
Jibs_PC#4525051696153025536 roll 3
Jibs_PC#4525051696153025536 roll 1
DICE 3 1 2 2 0 2 
Jibs_PC#4525051696153025536 roll 2
Jibs_PC#4525051696153025536 roll 1
DICE 2 1 3 2 0 
Jibs_PC#4525051696153025536 attack 7 8
Jibs_PC#4525051696153025536 roll 1
Jibs_PC#4525051696153025536 roll 1
DICE 1 1 1 3 
Jibs_PC#4525051696153025536 endattack
Jibs_PC#4525051696153025536 nomove
CARD 16
Jibs_PC#4525051696153025536 placearmies 31 1
Jibs_PC#4525051696153025536 placearmies 33 1
Jibs_PC#4525051696153025536 placearmies 31 1
Jibs_PC#4525051696153025536 attack 33 32
Jibs_PC#4525051696153025536 roll 3
Jibs_PC#4525051696153025536 roll 1
DICE 3 1 5 3 0 2 
Jibs_PC#4525051696153025536 move all
Jibs_PC#4525051696153025536 attack 32 29
Jibs_PC#4525051696153025536 roll 3
Jibs_PC#4525051696153025536 roll 1
DICE 3 1 4 2 2 0 
Jibs_PC#4525051696153025536 move all
Jibs_PC#4525051696153025536 attack 29 30
Jibs_PC#4525051696153025536 roll 3
Jibs_PC#4525051696153025536 roll 1
DICE 3 1 4 2 1 3 
Jibs_PC#4525051696153025536 move all
Jibs_PC#4525051696153025536 attack 30 28
Jibs_PC#4525051696153025536 roll 3
Jibs_PC#4525051696153025536 roll 1
DICE 3 1 4 1 0 1 
Jibs_PC#4525051696153025536 move all
Jibs_PC#4525051696153025536 attack 28 27
Jibs_PC#4525051696153025536 roll 3
Jibs_PC#4525051696153025536 roll 1
DICE 3 1 5 2 1 3 
Jibs_PC#4525051696153025536 move all
Jibs_PC#4525051696153025536 attack 27 34
Jibs_PC#4525051696153025536 roll 3
Jibs_PC#4525051696153025536 roll 1
DICE 3 1 4 2 1 0 
Jibs_PC#4525051696153025536 attack 34 38
Jibs_PC#4525051696153025536 roll 2
Jibs_PC#4525051696153025536 roll 1
DICE 2 1 5 5 0 
Jibs_PC#4525051696153025536 attack 38 37
Jibs_PC#4525051696153025536 roll 1
Jibs_PC#4525051696153025536 roll 1
DICE 1 1 5 1 
Jibs_PC#4525051696153025536 attack 31 22
Jibs_PC#4525051696153025536 roll 3
Jibs_PC#4525051696153025536 roll 2
DICE 3 2 3 1 1 3 2 
Jibs_PC#4525051696153025536 roll 3
Jibs_PC#4525051696153025536 roll 2
DICE 3 2 5 1 0 4 2 
Jibs_PC#4525051696153025536 roll 3
Jibs_PC#4525051696153025536 roll 2
DICE 3 2 4 3 1 1 0 
Jibs_PC#4525051696153025536 move all
Jibs_PC#4525051696153025536 attack 22 21
Jibs_PC#4525051696153025536 roll 3
Jibs_PC#4525051696153025536 roll 1
DICE 3 1 5 4 4 0 
Jibs_PC#4525051696153025536 move all
Jibs_PC#4525051696153025536 attack 21 23
Jibs_PC#4525051696153025536 roll 3
Jibs_PC#4525051696153025536 roll 1
DICE 3 1 5 0 0 5 
Jibs_PC#4525051696153025536 roll 2
Jibs_PC#4525051696153025536 roll 1
DICE 2 1 2 1 2 
Jibs_PC#4525051696153025536 roll 1
Jibs_PC#4525051696153025536 roll 1
DICE 1 1 5 1 
Jibs_PC#4525051696153025536 endattack
Jibs_PC#4525051696153025536 nomove
CARD 40
Jibs_PC#4525051696153025536 placearmies 25 1
Jibs_PC#4525051696153025536 placearmies 25 1
Jibs_PC#4525051696153025536 placearmies 25 1
Jibs_PC#4525051696153025536 attack 25 23
Jibs_PC#4525051696153025536 roll 3
Jibs_PC#4525051696153025536 roll 1
DICE 3 1 5 2 2 5 
Jibs_PC#4525051696153025536 retreat
Jibs_PC#4525051696153025536 attack 25 23
Jibs_PC#4525051696153025536 roll 2
Jibs_PC#4525051696153025536 roll 1
DICE 2 1 3 0 0 
Jibs_PC#4525051696153025536 attack 23 21
Jibs_PC#4525051696153025536 roll 1
Jibs_PC#4525051696153025536 roll 1
DICE 1 1 1 3 
Jibs_PC#4525051696153025536 endattack
Jibs_PC#4525051696153025536 nomove
CARD 32
Jibs_PC#4525051696153025536 placearmies 17 1
Jibs_PC#4525051696153025536 placearmies 17 1
Jibs_PC#4525051696153025536 placearmies 17 1
Jibs_PC#4525051696153025536 placearmies 39 1
Jibs_PC#4525051696153025536 placearmies 39 1
Jibs_PC#4525051696153025536 attack 39 33
Jibs_PC#4525051696153025536 roll 3
Jibs_PC#4525051696153025536 roll 1
DICE 3 1 5 1 0 1 
Jibs_PC#4525051696153025536 move all
Jibs_PC#4525051696153025536 attack 33 32
Jibs_PC#4525051696153025536 roll 3
Jibs_PC#4525051696153025536 roll 1
DICE 3 1 4 3 2 3 
Jibs_PC#4525051696153025536 move all
Jibs_PC#4525051696153025536 attack 32 29
Jibs_PC#4525051696153025536 roll 3
Jibs_PC#4525051696153025536 roll 1
DICE 3 1 5 2 2 1 
Jibs_PC#4525051696153025536 move all
Jibs_PC#4525051696153025536 attack 29 36
Jibs_PC#4525051696153025536 roll 3
Jibs_PC#4525051696153025536 roll 1
DICE 3 1 5 2 2 5 
Jibs_PC#4525051696153025536 roll 3
Jibs_PC#4525051696153025536 roll 1
DICE 3 1 2 0 0 5 
Jibs_PC#4525051696153025536 roll 3
Jibs_PC#4525051696153025536 roll 1
DICE 3 1 5 2 0 3 
Jibs_PC#4525051696153025536 attack 36 37
Jibs_PC#4525051696153025536 roll 2
Jibs_PC#4525051696153025536 roll 1
DICE 2 1 1 0 0 
Jibs_PC#4525051696153025536 attack 37 38
Jibs_PC#4525051696153025536 roll 1
Jibs_PC#4525051696153025536 roll 1
DICE 1 1 0 3 
Jibs_PC#4525051696153025536 attack 17 14
Jibs_PC#4525051696153025536 roll 3
Jibs_PC#4525051696153025536 roll 1
DICE 3 1 3 2 0 4 
Jibs_PC#4525051696153025536 roll 2
Jibs_PC#4525051696153025536 roll 1
DICE 2 1 2 1 0 
Jibs_PC#4525051696153025536 attack 14 15
Jibs_PC#4525051696153025536 roll 1
Jibs_PC#4525051696153025536 roll 1
DICE 1 1 1 1 
Jibs_PC#4525051696153025536 endattack
Jibs_PC#4525051696153025536 nomove
CARD 9
Jibs_PC#4525051696153025536 placearmies 12 1
Jibs_PC#4525051696153025536 placearmies 12 1
Jibs_PC#4525051696153025536 placearmies 8 1
Jibs_PC#4525051696153025536 placearmies 8 1
Jibs_PC#4525051696153025536 placearmies 8 1
Jibs_PC#4525051696153025536 attack 8 6
Jibs_PC#4525051696153025536 roll 3
Jibs_PC#4525051696153025536 roll 1
DICE 3 1 5 4 4 1 
Jibs_PC#4525051696153025536 attack 6 14
Jibs_PC#4525051696153025536 roll 2
Jibs_PC#4525051696153025536 roll 1
DICE 2 1 3 2 1 
Jibs_PC#4525051696153025536 attack 14 15
Jibs_PC#4525051696153025536 roll 1
Jibs_PC#4525051696153025536 roll 1
DICE 1 1 3 1 
Jibs_PC#4525051696153025536 attack 12 21
Jibs_PC#4525051696153025536 roll 3
Jibs_PC#4525051696153025536 roll 1
DICE 3 1 4 2 0 0 
Jibs_PC#4525051696153025536 attack 21 22
Jibs_PC#4525051696153025536 roll 2
Jibs_PC#4525051696153025536 roll 1
DICE 2 1 2 0 5 
Jibs_PC#4525051696153025536 roll 1
Jibs_PC#4525051696153025536 roll 1
DICE 1 1 2 4 
Jibs_PC#4525051696153025536 endattack
Jibs_PC#4525051696153025536 nomove
CARD 21
Jibs_PC#4525051696153025536 placearmies 9 1
Jibs_PC#4525051696153025536 placearmies 9 1
Jibs_PC#4525051696153025536 placearmies 9 1
Jibs_PC#4525051696153025536 attack 9 8
Jibs_PC#4525051696153025536 roll 3
Jibs_PC#4525051696153025536 roll 1
DICE 3 1 3 1 0 3 
Jibs_PC#4525051696153025536 roll 2
Jibs_PC#4525051696153025536 roll 1
DICE 2 1 5 4 5 
Jibs_PC#4525051696153025536 roll 1
Jibs_PC#4525051696153025536 roll 1
DICE 1 1 0 1 
Jibs_PC#4525051696153025536 endattack
Jibs_PC#4525051696153025536 nomove
CARD 
Jibs_PC#4525051696153025536 placearmies 38 1
Jibs_PC#4525051696153025536 placearmies 38 1
Jibs_PC#4525051696153025536 placearmies 38 1
Jibs_PC#4525051696153025536 attack 38 37
Jibs_PC#4525051696153025536 roll 3
Jibs_PC#4525051696153025536 roll 1
DICE 3 1 5 2 2 3 
Jibs_PC#4525051696153025536 attack 37 36
Jibs_PC#4525051696153025536 roll 2
Jibs_PC#4525051696153025536 roll 1
DICE 2 1 4 3 3 
Jibs_PC#4525051696153025536 attack 36 29
Jibs_PC#4525051696153025536 roll 1
Jibs_PC#4525051696153025536 roll 1
DICE 1 1 0 1 
Jibs_PC#4525051696153025536 endattack
Jibs_PC#4525051696153025536 nomove
CARD 7
Jibs_PC#4525051696153025536 placearmies 24 1
Jibs_PC#4525051696153025536 placearmies 24 1
Jibs_PC#4525051696153025536 placearmies 24 1
Jibs_PC#4525051696153025536 attack 24 22
Jibs_PC#4525051696153025536 roll 3
Jibs_PC#4525051696153025536 roll 1
DICE 3 1 4 4 0 1 
Jibs_PC#4525051696153025536 attack 22 21
Jibs_PC#4525051696153025536 roll 2
Jibs_PC#4525051696153025536 roll 1
DICE 2 1 3 1 3 
Jibs_PC#4525051696153025536 roll 1
Jibs_PC#4525051696153025536 roll 1
DICE 1 1 5 1 
Jibs_PC#4525051696153025536 endattack
Jibs_PC#4525051696153025536 nomove
CARD 42
Jibs_PC#4525051696153025536 placearmies 17 1
Jibs_PC#4525051696153025536 placearmies 17 1
Jibs_PC#4525051696153025536 placearmies 29 1
Jibs_PC#4525051696153025536 placearmies 29 1
Jibs_PC#4525051696153025536 placearmies 29 1
Jibs_PC#4525051696153025536 placearmies 29 1
Jibs_PC#4525051696153025536 attack 29 36
Jibs_PC#4525051696153025536 roll 3
Jibs_PC#4525051696153025536 roll 1
DICE 3 1 5 1 0 5 
Jibs_PC#4525051696153025536 roll 3
Jibs_PC#4525051696153025536 roll 1
DICE 3 1 5 4 0 2 
Jibs_PC#4525051696153025536 attack 36 37
Jibs_PC#4525051696153025536 roll 2
Jibs_PC#4525051696153025536 roll 1
DICE 2 1 4 2 1 
Jibs_PC#4525051696153025536 attack 37 38
Jibs_PC#4525051696153025536 roll 1
Jibs_PC#4525051696153025536 roll 1
DICE 1 1 5 2 
Jibs_PC#4525051696153025536 attack 17 14
Jibs_PC#4525051696153025536 roll 2
Jibs_PC#4525051696153025536 roll 1
DICE 2 1 5 4 2 
Jibs_PC#4525051696153025536 attack 14 15
Jibs_PC#4525051696153025536 roll 1
Jibs_PC#4525051696153025536 roll 1
DICE 1 1 4 0 
Jibs_PC#4525051696153025536 endattack
Jibs_PC#4525051696153025536 nomove
CARD wildcard
Jibs_PC#4525051696153025536 placearmies 6 1
Jibs_PC#4525051696153025536 placearmies 6 1
Jibs_PC#4525051696153025536 placearmies 6 1
Jibs_PC#4525051696153025536 placearmies 6 1
Jibs_PC#4525051696153025536 placearmies 6 1
Jibs_PC#4525051696153025536 attack 6 14
Jibs_PC#4525051696153025536 roll 3
Jibs_PC#4525051696153025536 roll 1
DICE 3 1 2 1 0 0 
Jibs_PC#4525051696153025536 move all
Jibs_PC#4525051696153025536 attack 14 17
Jibs_PC#4525051696153025536 roll 3
Jibs_PC#4525051696153025536 roll 1
DICE 3 1 4 3 2 3 
Jibs_PC#4525051696153025536 move all
Jibs_PC#4525051696153025536 attack 17 19
Jibs_PC#4525051696153025536 roll 3
Jibs_PC#4525051696153025536 roll 1
DICE 3 1 3 2 2 4 
Jibs_PC#4525051696153025536 retreat
Jibs_PC#4525051696153025536 attack 17 19
Jibs_PC#4525051696153025536 roll 2
Jibs_PC#4525051696153025536 roll 1
DICE 2 1 4 1 5 
Jibs_PC#4525051696153025536 roll 1
Jibs_PC#4525051696153025536 roll 1
DICE 1 1 3 1 
Jibs_PC#4525051696153025536 endattack
Jibs_PC#4525051696153025536 nomove
CARD wildcard
Jibs_PC#4525051696153025536 placearmies 9 1
Jibs_PC#4525051696153025536 placearmies 9 1
Jibs_PC#4525051696153025536 placearmies 9 1
Jibs_PC#4525051696153025536 attack 9 8
Jibs_PC#4525051696153025536 roll 3
Jibs_PC#4525051696153025536 roll 1
DICE 3 1 3 2 2 5 
Jibs_PC#4525051696153025536 roll 2
Jibs_PC#4525051696153025536 roll 1
DICE 2 1 5 4 0 
Jibs_PC#4525051696153025536 attack 8 6
Jibs_PC#4525051696153025536 roll 1
Jibs_PC#4525051696153025536 roll 1
DICE 1 1 0 5 
Jibs_PC#4525051696153025536 endattack
Jibs_PC#4525051696153025536 nomove
CARD 28
Jibs_PC#4525051696153025536 placearmies 34 1
Jibs_PC#4525051696153025536 placearmies 34 1
Jibs_PC#4525051696153025536 placearmies 34 1
Jibs_PC#4525051696153025536 attack 34 38
Jibs_PC#4525051696153025536 roll 3
Jibs_PC#4525051696153025536 roll 1
DICE 3 1 3 2 0 1 
Jibs_PC#4525051696153025536 attack 38 37
Jibs_PC#4525051696153025536 roll 2
Jibs_PC#4525051696153025536 roll 1
DICE 2 1 2 0 0 
Jibs_PC#4525051696153025536 attack 37 36
Jibs_PC#4525051696153025536 roll 1
Jibs_PC#4525051696153025536 roll 1
DICE 1 1 3 4 
Jibs_PC#4525051696153025536 endattack
Jibs_PC#4525051696153025536 nomove
CARD 37
Jibs_PC#4525051696153025536 endtrade
Jibs_PC#4525051696153025536 placearmies 21 1
Jibs_PC#4525051696153025536 placearmies 21 1
Jibs_PC#4525051696153025536 placearmies 21 1
Jibs_PC#4525051696153025536 placearmies 21 1
Jibs_PC#4525051696153025536 placearmies 21 1
Jibs_PC#4525051696153025536 placearmies 21 1
Jibs_PC#4525051696153025536 attack 21 12
Jibs_PC#4525051696153025536 roll 3
Jibs_PC#4525051696153025536 roll 1
DICE 3 1 3 1 0 0 
Jibs_PC#4525051696153025536 move all
Jibs_PC#4525051696153025536 attack 12 10
Jibs_PC#4525051696153025536 roll 3
Jibs_PC#4525051696153025536 roll 1
DICE 3 1 5 4 2 1 
Jibs_PC#4525051696153025536 move all
Jibs_PC#4525051696153025536 attack 10 5
Jibs_PC#4525051696153025536 roll 3
Jibs_PC#4525051696153025536 roll 1
DICE 3 1 4 2 1 3 
Jibs_PC#4525051696153025536 move all
Jibs_PC#4525051696153025536 attack 5 9
Jibs_PC#4525051696153025536 roll 3
Jibs_PC#4525051696153025536 roll 1
DICE 3 1 5 5 3 1 
Jibs_PC#4525051696153025536 attack 9 4
Jibs_PC#4525051696153025536 roll 2
Jibs_PC#4525051696153025536 roll 1
DICE 2 1 2 0 3 
Jibs_PC#4525051696153025536 roll 1
Jibs_PC#4525051696153025536 roll 1
DICE 1 1 3 5 
Jibs_PC#4525051696153025536 endattack
Jibs_PC#4525051696153025536 nomove
CARD 20
Jibs_PC#4525051696153025536 trade 26 9 wildcard
Jibs_PC#4525051696153025536 placearmies 36 1
Jibs_PC#4525051696153025536 placearmies 36 1
Jibs_PC#4525051696153025536 placearmies 36 1
Jibs_PC#4525051696153025536 placearmies 36 1
Jibs_PC#4525051696153025536 placearmies 36 1
Jibs_PC#4525051696153025536 placearmies 36 1
Jibs_PC#4525051696153025536 placearmies 20 1
Jibs_PC#4525051696153025536 placearmies 20 1
Jibs_PC#4525051696153025536 placearmies 20 1
Jibs_PC#4525051696153025536 placearmies 20 1
Jibs_PC#4525051696153025536 placearmies 20 1
Jibs_PC#4525051696153025536 placearmies 36 1
Jibs_PC#4525051696153025536 placearmies 36 1
Jibs_PC#4525051696153025536 placearmies 36 1
Jibs_PC#4525051696153025536 placearmies 20 1
Jibs_PC#4525051696153025536 placearmies 20 1
Jibs_PC#4525051696153025536 attack 20 19
Jibs_PC#4525051696153025536 roll 3
Jibs_PC#4525051696153025536 roll 1
DICE 3 1 3 3 3 3 
Jibs_PC#4525051696153025536 roll 3
Jibs_PC#4525051696153025536 roll 1
DICE 3 1 3 1 0 5 
Jibs_PC#4525051696153025536 roll 3
Jibs_PC#4525051696153025536 roll 1
DICE 3 1 1 1 0 1 
Jibs_PC#4525051696153025536 roll 3
Jibs_PC#4525051696153025536 roll 1
DICE 3 1 2 2 0 5 
Jibs_PC#4525051696153025536 roll 3
Jibs_PC#4525051696153025536 roll 1
DICE 3 1 4 3 3 0 
Jibs_PC#4525051696153025536 attack 19 17
Jibs_PC#4525051696153025536 roll 2
Jibs_PC#4525051696153025536 roll 1
DICE 2 1 4 0 5 
Jibs_PC#4525051696153025536 roll 1
Jibs_PC#4525051696153025536 roll 1
DICE 1 1 3 5 
Jibs_PC#4525051696153025536 attack 36 37
Jibs_PC#4525051696153025536 roll 3
Jibs_PC#4525051696153025536 roll 1
DICE 3 1 4 1 0 5 
Jibs_PC#4525051696153025536 roll 3
Jibs_PC#4525051696153025536 roll 1
DICE 3 1 4 3 3 4 
Jibs_PC#4525051696153025536 roll 3
Jibs_PC#4525051696153025536 roll 1
DICE 3 1 5 1 1 1 
Jibs_PC#4525051696153025536 move all
Jibs_PC#4525051696153025536 attack 37 38
Jibs_PC#4525051696153025536 roll 3
Jibs_PC#4525051696153025536 roll 1
DICE 3 1 3 2 1 1 
Jibs_PC#4525051696153025536 move all
Jibs_PC#4525051696153025536 attack 38 34
Jibs_PC#4525051696153025536 roll 3
Jibs_PC#4525051696153025536 roll 1
DICE 3 1 3 2 1 3 
Jibs_PC#4525051696153025536 roll 3
Jibs_PC#4525051696153025536 roll 1
DICE 3 1 4 2 2 3 
Jibs_PC#4525051696153025536 move all
Jibs_PC#4525051696153025536 attack 34 35
Jibs_PC#4525051696153025536 roll 3
Jibs_PC#4525051696153025536 roll 1
DICE 3 1 3 2 1 5 
Jibs_PC#4525051696153025536 roll 2
Jibs_PC#4525051696153025536 roll 1
DICE 2 1 4 1 2 
Jibs_PC#4525051696153025536 attack 35 27
Jibs_PC#4525051696153025536 roll 1
Jibs_PC#4525051696153025536 roll 1
DICE 1 1 4 0 
Jibs_PC#4525051696153025536 endattack
Jibs_PC#4525051696153025536 nomove
CARD 23
Jibs_PC#4525051696153025536 trade wildcard 21 15
Jibs_PC#4525051696153025536 placearmies 17 1
Jibs_PC#4525051696153025536 placearmies 17 1
Jibs_PC#4525051696153025536 placearmies 17 1
Jibs_PC#4525051696153025536 placearmies 17 1
Jibs_PC#4525051696153025536 placearmies 17 1
Jibs_PC#4525051696153025536 placearmies 17 1
Jibs_PC#4525051696153025536 placearmies 11 1
Jibs_PC#4525051696153025536 placearmies 11 1
Jibs_PC#4525051696153025536 placearmies 11 1
Jibs_PC#4525051696153025536 placearmies 11 1
Jibs_PC#4525051696153025536 placearmies 11 1
Jibs_PC#4525051696153025536 placearmies 11 1
Jibs_PC#4525051696153025536 placearmies 11 1
Jibs_PC#4525051696153025536 attack 11 10
Jibs_PC#4525051696153025536 roll 3
Jibs_PC#4525051696153025536 roll 1
DICE 3 1 5 1 1 5 
Jibs_PC#4525051696153025536 roll 3
Jibs_PC#4525051696153025536 roll 1
DICE 3 1 4 0 0 1 
Jibs_PC#4525051696153025536 move all
Jibs_PC#4525051696153025536 attack 10 12
Jibs_PC#4525051696153025536 roll 3
Jibs_PC#4525051696153025536 roll 1
DICE 3 1 3 2 0 1 
Jibs_PC#4525051696153025536 move all
Jibs_PC#4525051696153025536 attack 12 21
Jibs_PC#4525051696153025536 roll 3
Jibs_PC#4525051696153025536 roll 1
DICE 3 1 5 3 2 1 
Jibs_PC#4525051696153025536 move all
Jibs_PC#4525051696153025536 attack 21 23
Jibs_PC#4525051696153025536 roll 3
Jibs_PC#4525051696153025536 roll 1
DICE 3 1 3 2 0 2 
Jibs_PC#4525051696153025536 attack 23 25
Jibs_PC#4525051696153025536 roll 2
Jibs_PC#4525051696153025536 roll 1
DICE 2 1 5 1 3 
Jibs_PC#4525051696153025536 attack 25 26
Jibs_PC#4525051696153025536 roll 1
Jibs_PC#4525051696153025536 roll 1
DICE 1 1 5 4 
Jibs_PC#4525051696153025536 endattack
Jibs_PC#4525051696153025536 nomove
CARD 30
Jibs_PC#4525051696153025536 placearmies 4 1
Jibs_PC#4525051696153025536 placearmies 4 1
Jibs_PC#4525051696153025536 placearmies 4 1
Jibs_PC#4525051696153025536 attack 4 5
Jibs_PC#4525051696153025536 roll 3
Jibs_PC#4525051696153025536 roll 1
DICE 3 1 5 3 0 1 
Jibs_PC#4525051696153025536 endattack
Jibs_PC#4525051696153025536 nomove
CARD 6
Jibs_PC#4525051696153025536 placearmies 31 1
Jibs_PC#4525051696153025536 placearmies 31 1
Jibs_PC#4525051696153025536 placearmies 31 1
Jibs_PC#4525051696153025536 attack 31 32
Jibs_PC#4525051696153025536 roll 3
Jibs_PC#4525051696153025536 roll 1
DICE 3 1 3 1 0 4 
Jibs_PC#4525051696153025536 roll 2
Jibs_PC#4525051696153025536 roll 1
DICE 2 1 5 3 2 
Jibs_PC#4525051696153025536 attack 32 29
Jibs_PC#4525051696153025536 roll 1
Jibs_PC#4525051696153025536 roll 1
DICE 1 1 3 2 
Jibs_PC#4525051696153025536 endattack
Jibs_PC#4525051696153025536 nomove
CARD 17
Jibs_PC#4525051696153025536 trade 14 32 42
Jibs_PC#4525051696153025536 placearmies 24 1
Jibs_PC#4525051696153025536 placearmies 24 1
Jibs_PC#4525051696153025536 placearmies 24 1
Jibs_PC#4525051696153025536 placearmies 24 1
Jibs_PC#4525051696153025536 placearmies 24 1
Jibs_PC#4525051696153025536 placearmies 24 1
Jibs_PC#4525051696153025536 placearmies 24 1
Jibs_PC#4525051696153025536 attack 24 26
Jibs_PC#4525051696153025536 roll 3
Jibs_PC#4525051696153025536 roll 1
DICE 3 1 5 1 0 4 
Jibs_PC#4525051696153025536 move all
Jibs_PC#4525051696153025536 attack 26 25
Jibs_PC#4525051696153025536 roll 3
Jibs_PC#4525051696153025536 roll 1
DICE 3 1 5 2 0 2 
Jibs_PC#4525051696153025536 move all
Jibs_PC#4525051696153025536 attack 25 23
Jibs_PC#4525051696153025536 roll 3
Jibs_PC#4525051696153025536 roll 1
DICE 3 1 4 3 0 3 
Jibs_PC#4525051696153025536 move all
Jibs_PC#4525051696153025536 attack 23 21
Jibs_PC#4525051696153025536 roll 3
Jibs_PC#4525051696153025536 roll 1
DICE 3 1 4 1 1 4 
Jibs_PC#4525051696153025536 roll 3
Jibs_PC#4525051696153025536 roll 1
DICE 3 1 5 3 1 4 
Jibs_PC#4525051696153025536 attack 21 12
Jibs_PC#4525051696153025536 roll 2
Jibs_PC#4525051696153025536 roll 1
DICE 2 1 3 2 4 
Jibs_PC#4525051696153025536 roll 1
Jibs_PC#4525051696153025536 roll 1
DICE 1 1 2 2 
Jibs_PC#4525051696153025536 endattack
Jibs_PC#4525051696153025536 nomove
CARD 24
Jibs_PC#4525051696153025536 placearmies 33 1
Jibs_PC#4525051696153025536 placearmies 33 1
Jibs_PC#4525051696153025536 placearmies 33 1
Jibs_PC#4525051696153025536 placearmies 33 1
Jibs_PC#4525051696153025536 placearmies 33 1
Jibs_PC#4525051696153025536 placearmies 33 1
Jibs_PC#4525051696153025536 placearmies 33 1
Jibs_PC#4525051696153025536 attack 33 29
Jibs_PC#4525051696153025536 roll 3
Jibs_PC#4525051696153025536 roll 1
DICE 3 1 3 1 1 3 
Jibs_PC#4525051696153025536 roll 3
Jibs_PC#4525051696153025536 roll 1
DICE 3 1 5 4 1 5 
Jibs_PC#4525051696153025536 roll 3
Jibs_PC#4525051696153025536 roll 1
DICE 3 1 3 0 0 2 
Jibs_PC#4525051696153025536 move all
Jibs_PC#4525051696153025536 attack 29 32
Jibs_PC#4525051696153025536 roll 3
Jibs_PC#4525051696153025536 roll 1
DICE 3 1 4 3 1 4 
Jibs_PC#4525051696153025536 roll 3
Jibs_PC#4525051696153025536 roll 1
DICE 3 1 5 4 0 0 
Jibs_PC#4525051696153025536 endattack
Jibs_PC#4525051696153025536 nomove
CARD 38
Jibs_PC#4525051696153025536 placearmies 17 1
Jibs_PC#4525051696153025536 placearmies 17 1
Jibs_PC#4525051696153025536 placearmies 17 1
Jibs_PC#4525051696153025536 placearmies 17 1
Jibs_PC#4525051696153025536 placearmies 17 1
Jibs_PC#4525051696153025536 attack 17 19
Jibs_PC#4525051696153025536 roll 3
Jibs_PC#4525051696153025536 roll 1
DICE 3 1 4 3 0 5 
Jibs_PC#4525051696153025536 roll 3
Jibs_PC#4525051696153025536 roll 1
DICE 3 1 4 3 0 5 
Jibs_PC#4525051696153025536 roll 3
Jibs_PC#4525051696153025536 roll 1
DICE 3 1 4 2 1 5 
Jibs_PC#4525051696153025536 roll 3
Jibs_PC#4525051696153025536 roll 1
DICE 3 1 5 4 0 2 
Jibs_PC#4525051696153025536 move all
Jibs_PC#4525051696153025536 attack 19 20
Jibs_PC#4525051696153025536 roll 3
Jibs_PC#4525051696153025536 roll 1
DICE 3 1 5 3 0 4 
Jibs_PC#4525051696153025536 move all
Jibs_PC#4525051696153025536 attack 20 18
Jibs_PC#4525051696153025536 roll 3
Jibs_PC#4525051696153025536 roll 1
DICE 3 1 5 5 0 1 
Jibs_PC#4525051696153025536 move all
Jibs_PC#4525051696153025536 attack 18 15
Jibs_PC#4525051696153025536 roll 3
Jibs_PC#4525051696153025536 roll 1
DICE 3 1 3 1 0 0 
Jibs_PC#4525051696153025536 move all
Jibs_PC#4525051696153025536 attack 15 16
Jibs_PC#4525051696153025536 roll 3
Jibs_PC#4525051696153025536 roll 1
DICE 3 1 1 1 1 0 
Jibs_PC#4525051696153025536 move all
Jibs_PC#4525051696153025536 endattack
Jibs_PC#4525051696153025536 movearmies 16 20 3
CARD 35
Jibs_PC#4525051696153025536 placearmies 8 1
Jibs_PC#4525051696153025536 placearmies 8 1
Jibs_PC#4525051696153025536 placearmies 8 1
Jibs_PC#4525051696153025536 attack 8 6
Jibs_PC#4525051696153025536 roll 3
Jibs_PC#4525051696153025536 roll 1
DICE 3 1 2 2 0 1 
Jibs_PC#4525051696153025536 attack 5 9
Jibs_PC#4525051696153025536 roll 2
Jibs_PC#4525051696153025536 roll 1
DICE 2 1 4 2 2 
Jibs_PC#4525051696153025536 endattack
Jibs_PC#4525051696153025536 movearmies 6 2 2
CARD 12
Jibs_PC#4525051696153025536 trade 7 40 17
Jibs_PC#4525051696153025536 placearmies 31 1
Jibs_PC#4525051696153025536 placearmies 31 1
Jibs_PC#4525051696153025536 placearmies 31 1
Jibs_PC#4525051696153025536 placearmies 31 1
Jibs_PC#4525051696153025536 placearmies 31 1
Jibs_PC#4525051696153025536 placearmies 31 1
Jibs_PC#4525051696153025536 placearmies 31 1
Jibs_PC#4525051696153025536 placearmies 31 1
Jibs_PC#4525051696153025536 placearmies 31 1
Jibs_PC#4525051696153025536 attack 31 22
Jibs_PC#4525051696153025536 roll 3
Jibs_PC#4525051696153025536 roll 1
DICE 3 1 5 4 1 2 
Jibs_PC#4525051696153025536 move all
Jibs_PC#4525051696153025536 attack 22 21
Jibs_PC#4525051696153025536 roll 3
Jibs_PC#4525051696153025536 roll 1
DICE 3 1 3 2 0 5 
Jibs_PC#4525051696153025536 roll 3
Jibs_PC#4525051696153025536 roll 1
DICE 3 1 3 1 0 1 
Jibs_PC#4525051696153025536 move all
Jibs_PC#4525051696153025536 attack 21 23
Jibs_PC#4525051696153025536 roll 3
Jibs_PC#4525051696153025536 roll 1
DICE 3 1 2 2 0 4 
Jibs_PC#4525051696153025536 roll 3
Jibs_PC#4525051696153025536 roll 1
DICE 3 1 4 2 0 2 
Jibs_PC#4525051696153025536 move all
Jibs_PC#4525051696153025536 attack 23 25
Jibs_PC#4525051696153025536 roll 3
Jibs_PC#4525051696153025536 roll 1
DICE 3 1 1 1 1 0 
Jibs_PC#4525051696153025536 move all
Jibs_PC#4525051696153025536 attack 25 26
Jibs_PC#4525051696153025536 roll 3
Jibs_PC#4525051696153025536 roll 1
DICE 3 1 4 3 1 3 
Jibs_PC#4525051696153025536 attack 26 24
Jibs_PC#4525051696153025536 roll 2
Jibs_PC#4525051696153025536 roll 1
DICE 2 1 4 3 1 
Jibs_PC#4525051696153025536 endattack
Jibs_PC#4525051696153025536 movearmies 24 22 1
CARD 39
Jibs_PC#4525051696153025536 placearmies 32 1
Jibs_PC#4525051696153025536 placearmies 32 1
Jibs_PC#4525051696153025536 placearmies 32 1
Jibs_PC#4525051696153025536 placearmies 32 1
Jibs_PC#4525051696153025536 placearmies 32 1
Jibs_PC#4525051696153025536 placearmies 32 1
Jibs_PC#4525051696153025536 attack 32 31
Jibs_PC#4525051696153025536 roll 3
Jibs_PC#4525051696153025536 roll 1
DICE 3 1 3 3 1 3 
Jibs_PC#4525051696153025536 roll 3
Jibs_PC#4525051696153025536 roll 1
DICE 3 1 5 3 0 5 
Jibs_PC#4525051696153025536 roll 3
Jibs_PC#4525051696153025536 roll 1
DICE 3 1 4 3 0 4 
Jibs_PC#4525051696153025536 roll 3
Jibs_PC#4525051696153025536 roll 1
DICE 3 1 5 1 1 4 
Jibs_PC#4525051696153025536 move all
Jibs_PC#4525051696153025536 attack 31 30
Jibs_PC#4525051696153025536 roll 3
Jibs_PC#4525051696153025536 roll 1
DICE 3 1 2 2 0 5 
Jibs_PC#4525051696153025536 roll 3
Jibs_PC#4525051696153025536 roll 1
DICE 3 1 3 1 0 2 
Jibs_PC#4525051696153025536 attack 30 28
Jibs_PC#4525051696153025536 roll 2
Jibs_PC#4525051696153025536 roll 1
DICE 2 1 2 1 1 
Jibs_PC#4525051696153025536 attack 28 16
Jibs_PC#4525051696153025536 roll 1
Jibs_PC#4525051696153025536 roll 1
DICE 1 1 0 4 
Jibs_PC#4525051696153025536 endattack
Jibs_PC#4525051696153025536 nomove
CARD 31
Jibs_PC#4525051696153025536 placearmies 20 1
Jibs_PC#4525051696153025536 placearmies 20 1
Jibs_PC#4525051696153025536 placearmies 20 1
Jibs_PC#4525051696153025536 placearmies 20 1
Jibs_PC#4525051696153025536 placearmies 20 1
Jibs_PC#4525051696153025536 placearmies 20 1
Jibs_PC#4525051696153025536 placearmies 20 1
Jibs_PC#4525051696153025536 placearmies 20 1
Jibs_PC#4525051696153025536 placearmies 20 1
Jibs_PC#4525051696153025536 placearmies 20 1
Jibs_PC#4525051696153025536 attack 20 21
Jibs_PC#4525051696153025536 roll 3
Jibs_PC#4525051696153025536 roll 1
DICE 3 1 3 3 1 0 
Jibs_PC#4525051696153025536 move all
Jibs_PC#4525051696153025536 attack 21 22
Jibs_PC#4525051696153025536 roll 3
Jibs_PC#4525051696153025536 roll 2
DICE 3 2 4 0 0 4 3 
Jibs_PC#4525051696153025536 roll 3
Jibs_PC#4525051696153025536 roll 2
DICE 3 2 4 2 0 4 3 
Jibs_PC#4525051696153025536 roll 3
Jibs_PC#4525051696153025536 roll 2
DICE 3 2 3 1 1 4 0 
Jibs_PC#4525051696153025536 roll 3
Jibs_PC#4525051696153025536 roll 1
DICE 3 1 4 2 0 5 
Jibs_PC#4525051696153025536 roll 3
Jibs_PC#4525051696153025536 roll 1
DICE 3 1 5 2 1 2 
Jibs_PC#4525051696153025536 move all
Jibs_PC#4525051696153025536 attack 22 24
Jibs_PC#4525051696153025536 roll 3
Jibs_PC#4525051696153025536 roll 1
DICE 3 1 3 3 2 1 
Jibs_PC#4525051696153025536 move all
Jibs_PC#4525051696153025536 attack 24 26
Jibs_PC#4525051696153025536 roll 3
Jibs_PC#4525051696153025536 roll 1
DICE 3 1 5 4 3 5 
Jibs_PC#4525051696153025536 roll 3
Jibs_PC#4525051696153025536 roll 1
DICE 3 1 5 4 4 4 
Jibs_PC#4525051696153025536 attack 26 25
Jibs_PC#4525051696153025536 roll 2
Jibs_PC#4525051696153025536 roll 1
DICE 2 1 4 3 2 
Jibs_PC#4525051696153025536 attack 25 23
Jibs_PC#4525051696153025536 roll 1
Jibs_PC#4525051696153025536 roll 1
DICE 1 1 0 4 
Jibs_PC#4525051696153025536 endattack
Jibs_PC#4525051696153025536 nomove
CARD 29
Jibs_PC#4525051696153025536 placearmies 1 1
Jibs_PC#4525051696153025536 placearmies 1 1
Jibs_PC#4525051696153025536 placearmies 1 1
Jibs_PC#4525051696153025536 placearmies 1 1
Jibs_PC#4525051696153025536 placearmies 1 1
Jibs_PC#4525051696153025536 placearmies 1 1
Jibs_PC#4525051696153025536 placearmies 1 1
Jibs_PC#4525051696153025536 placearmies 1 1
Jibs_PC#4525051696153025536 attack 1 38
Jibs_PC#4525051696153025536 roll 3
Jibs_PC#4525051696153025536 roll 1
DICE 3 1 3 3 1 4 
Jibs_PC#4525051696153025536 roll 3
Jibs_PC#4525051696153025536 roll 1
DICE 3 1 5 4 4 2 
Jibs_PC#4525051696153025536 move all
Jibs_PC#4525051696153025536 attack 38 36
Jibs_PC#4525051696153025536 roll 3
Jibs_PC#4525051696153025536 roll 1
DICE 3 1 4 3 0 2 
Jibs_PC#4525051696153025536 move all
Jibs_PC#4525051696153025536 attack 36 29
Jibs_PC#4525051696153025536 roll 3
Jibs_PC#4525051696153025536 roll 1
DICE 3 1 4 3 0 1 
Jibs_PC#4525051696153025536 move all
Jibs_PC#4525051696153025536 attack 29 33
Jibs_PC#4525051696153025536 roll 3
Jibs_PC#4525051696153025536 roll 1
DICE 3 1 3 2 0 4 
Jibs_PC#4525051696153025536 roll 3
Jibs_PC#4525051696153025536 roll 1
DICE 3 1 5 4 0 3 
Jibs_PC#4525051696153025536 attack 33 39
Jibs_PC#4525051696153025536 roll 2
Jibs_PC#4525051696153025536 roll 1
DICE 2 1 3 1 5 
Jibs_PC#4525051696153025536 roll 1
Jibs_PC#4525051696153025536 roll 1
DICE 1 1 5 4 
Jibs_PC#4525051696153025536 endattack
Jibs_PC#4525051696153025536 movearmies 2 1 2
CARD 11
Jibs_PC#4525051696153025536 trade 37 24 20
Jibs_PC#4525051696153025536 placearmies 23 1
Jibs_PC#4525051696153025536 placearmies 23 1
Jibs_PC#4525051696153025536 placearmies 23 1
Jibs_PC#4525051696153025536 placearmies 23 1
Jibs_PC#4525051696153025536 placearmies 23 1
Jibs_PC#4525051696153025536 placearmies 23 1
Jibs_PC#4525051696153025536 placearmies 23 1
Jibs_PC#4525051696153025536 placearmies 23 1
Jibs_PC#4525051696153025536 placearmies 23 1
Jibs_PC#4525051696153025536 placearmies 23 1
Jibs_PC#4525051696153025536 placearmies 23 1
Jibs_PC#4525051696153025536 placearmies 23 1
Jibs_PC#4525051696153025536 placearmies 23 1
Jibs_PC#4525051696153025536 attack 23 25
Jibs_PC#4525051696153025536 roll 3
Jibs_PC#4525051696153025536 roll 1
DICE 3 1 2 1 0 5 
Jibs_PC#4525051696153025536 roll 3
Jibs_PC#4525051696153025536 roll 1
DICE 3 1 2 1 0 2 
Jibs_PC#4525051696153025536 roll 3
Jibs_PC#4525051696153025536 roll 1
DICE 3 1 5 2 0 1 
Jibs_PC#4525051696153025536 move all
Jibs_PC#4525051696153025536 attack 25 26
Jibs_PC#4525051696153025536 roll 3
Jibs_PC#4525051696153025536 roll 1
DICE 3 1 5 2 0 1 
Jibs_PC#4525051696153025536 move all
Jibs_PC#4525051696153025536 attack 26 24
Jibs_PC#4525051696153025536 roll 3
Jibs_PC#4525051696153025536 roll 1
DICE 3 1 5 0 0 5 
Jibs_PC#4525051696153025536 roll 3
Jibs_PC#4525051696153025536 roll 1
DICE 3 1 4 2 1 3 
Jibs_PC#4525051696153025536 move all
Jibs_PC#4525051696153025536 attack 24 21
Jibs_PC#4525051696153025536 roll 3
Jibs_PC#4525051696153025536 roll 1
DICE 3 1 4 2 1 2 
Jibs_PC#4525051696153025536 move all
Jibs_PC#4525051696153025536 attack 21 22
Jibs_PC#4525051696153025536 roll 3
Jibs_PC#4525051696153025536 roll 1
DICE 3 1 4 2 1 1 
Jibs_PC#4525051696153025536 move all
Jibs_PC#4525051696153025536 attack 22 31
Jibs_PC#4525051696153025536 roll 3
Jibs_PC#4525051696153025536 roll 1
DICE 3 1 3 1 0 2 
Jibs_PC#4525051696153025536 move all
Jibs_PC#4525051696153025536 attack 31 30
Jibs_PC#4525051696153025536 roll 3
Jibs_PC#4525051696153025536 roll 1
DICE 3 1 2 1 0 4 
Jibs_PC#4525051696153025536 roll 3
Jibs_PC#4525051696153025536 roll 1
DICE 3 1 5 5 0 1 
Jibs_PC#4525051696153025536 attack 30 32
Jibs_PC#4525051696153025536 roll 2
Jibs_PC#4525051696153025536 roll 1
DICE 2 1 4 3 4 
Jibs_PC#4525051696153025536 roll 1
Jibs_PC#4525051696153025536 roll 1
DICE 1 1 1 3 
Jibs_PC#4525051696153025536 endattack
Jibs_PC#4525051696153025536 nomove
CARD 25
Jibs_PC#4525051696153025536 placearmies 41 1
Jibs_PC#4525051696153025536 placearmies 41 1
Jibs_PC#4525051696153025536 placearmies 41 1
Jibs_PC#4525051696153025536 attack 41 39
Jibs_PC#4525051696153025536 roll 3
Jibs_PC#4525051696153025536 roll 1
DICE 3 1 4 2 1 3 
Jibs_PC#4525051696153025536 attack 39 33
Jibs_PC#4525051696153025536 roll 2
Jibs_PC#4525051696153025536 roll 1
DICE 2 1 3 2 2 
Jibs_PC#4525051696153025536 attack 33 29
Jibs_PC#4525051696153025536 roll 1
Jibs_PC#4525051696153025536 roll 1
DICE 1 1 0 0 
Jibs_PC#4525051696153025536 endattack
Jibs_PC#4525051696153025536 nomove
CARD 19
Jibs_PC#4525051696153025536 trade 29 35 8
Jibs_PC#4525051696153025536 placearmies 19 1
Jibs_PC#4525051696153025536 placearmies 19 1
Jibs_PC#4525051696153025536 placearmies 19 1
Jibs_PC#4525051696153025536 placearmies 19 1
Jibs_PC#4525051696153025536 placearmies 19 1
Jibs_PC#4525051696153025536 placearmies 19 1
Jibs_PC#4525051696153025536 placearmies 19 1
Jibs_PC#4525051696153025536 placearmies 19 1
Jibs_PC#4525051696153025536 placearmies 19 1
Jibs_PC#4525051696153025536 placearmies 19 1
Jibs_PC#4525051696153025536 placearmies 19 1
Jibs_PC#4525051696153025536 placearmies 19 1
Jibs_PC#4525051696153025536 placearmies 19 1
Jibs_PC#4525051696153025536 placearmies 19 1
Jibs_PC#4525051696153025536 placearmies 19 1
Jibs_PC#4525051696153025536 placearmies 19 1
Jibs_PC#4525051696153025536 placearmies 19 1
Jibs_PC#4525051696153025536 placearmies 19 1
Jibs_PC#4525051696153025536 placearmies 19 1
Jibs_PC#4525051696153025536 placearmies 19 1
Jibs_PC#4525051696153025536 attack 19 21
Jibs_PC#4525051696153025536 roll 3
Jibs_PC#4525051696153025536 roll 1
DICE 3 1 4 2 0 5 
Jibs_PC#4525051696153025536 roll 3
Jibs_PC#4525051696153025536 roll 1
DICE 3 1 3 3 1 5 
Jibs_PC#4525051696153025536 roll 3
Jibs_PC#4525051696153025536 roll 1
DICE 3 1 4 4 4 0 
Jibs_PC#4525051696153025536 move all
Jibs_PC#4525051696153025536 attack 21 22
Jibs_PC#4525051696153025536 roll 3
Jibs_PC#4525051696153025536 roll 1
DICE 3 1 2 1 0 1 
Jibs_PC#4525051696153025536 move all
Jibs_PC#4525051696153025536 attack 22 24
Jibs_PC#4525051696153025536 roll 3
Jibs_PC#4525051696153025536 roll 1
DICE 3 1 5 4 1 3 
Jibs_PC#4525051696153025536 move all
Jibs_PC#4525051696153025536 attack 24 26
Jibs_PC#4525051696153025536 roll 3
Jibs_PC#4525051696153025536 roll 1
DICE 3 1 3 1 0 1 
Jibs_PC#4525051696153025536 move all
Jibs_PC#4525051696153025536 attack 26 25
Jibs_PC#4525051696153025536 roll 3
Jibs_PC#4525051696153025536 roll 1
DICE 3 1 5 0 0 0 
Jibs_PC#4525051696153025536 move all
Jibs_PC#4525051696153025536 attack 25 23
Jibs_PC#4525051696153025536 roll 3
Jibs_PC#4525051696153025536 roll 1
DICE 3 1 5 3 2 0 
Jibs_PC#4525051696153025536 move all
