Jibs_PC#6449176747178157056 newplayer ai hard green s0914007
Jibs_PC#6449176747178157056 newplayer ai hard blue bob
Jibs_PC#6449176747178157056 newplayer ai hard red fred
Jibs_PC#6449176747178157056 newplayer ai hard cyan ted
Jibs_PC#6449176747178157056 newplayer ai hard magenta yura
Jibs_PC#6449176747178157056 newplayer ai hard yellow lala
Jibs_PC#6449176747178157056 startgame mission fixed autoplaceall recycle
PLAYER ted
MISSION 3 2 0 0 1 0
PLACEALL 9 31 17 15 2 40 1 28 29 19 42 27 18 8 4 32 25 7 39 5 33 16 11 21 20 41 34 14 30 37 23 36 24 22 13 12 35 38 6 3 10 26
Jibs_PC#6449176747178157056 placearmies 39 1
CARD 
Jibs_PC#6449176747178157056 placearmies 41 1
CARD 
Jibs_PC#6449176747178157056 placearmies 4 1
CARD 
Jibs_PC#6449176747178157056 placearmies 19 1
CARD 
Jibs_PC#6449176747178157056 placearmies 11 1
CARD 
Jibs_PC#6449176747178157056 placearmies 12 1
CARD 
Jibs_PC#6449176747178157056 placearmies 39 1
CARD 
Jibs_PC#6449176747178157056 placearmies 41 1
CARD 
Jibs_PC#6449176747178157056 placearmies 4 1
CARD 
Jibs_PC#6449176747178157056 placearmies 19 1
CARD 
Jibs_PC#6449176747178157056 placearmies 11 1
CARD 
Jibs_PC#6449176747178157056 placearmies 12 1
CARD 
Jibs_PC#6449176747178157056 placearmies 39 1
CARD 
Jibs_PC#6449176747178157056 placearmies 41 1
CARD 
Jibs_PC#6449176747178157056 placearmies 4 1
CARD 
Jibs_PC#6449176747178157056 placearmies 19 1
CARD 
Jibs_PC#6449176747178157056 placearmies 11 1
CARD 
Jibs_PC#6449176747178157056 placearmies 12 1
CARD 
Jibs_PC#6449176747178157056 placearmies 39 1
CARD 
Jibs_PC#6449176747178157056 placearmies 41 1
CARD 
Jibs_PC#6449176747178157056 placearmies 4 1
CARD 
Jibs_PC#6449176747178157056 placearmies 19 1
CARD 
Jibs_PC#6449176747178157056 placearmies 11 1
CARD 
Jibs_PC#6449176747178157056 placearmies 12 1
CARD 
Jibs_PC#6449176747178157056 placearmies 39 1
CARD 
Jibs_PC#6449176747178157056 placearmies 41 1
CARD 
Jibs_PC#6449176747178157056 placearmies 4 1
CARD 
Jibs_PC#6449176747178157056 placearmies 19 1
CARD 
Jibs_PC#6449176747178157056 placearmies 11 1
CARD 
Jibs_PC#6449176747178157056 placearmies 12 1
CARD 
Jibs_PC#6449176747178157056 placearmies 39 1
CARD 
Jibs_PC#6449176747178157056 placearmies 41 1
CARD 
Jibs_PC#6449176747178157056 placearmies 4 1
CARD 
Jibs_PC#6449176747178157056 placearmies 19 1
CARD 
Jibs_PC#6449176747178157056 placearmies 11 1
CARD 
Jibs_PC#6449176747178157056 placearmies 12 1
CARD 
Jibs_PC#6449176747178157056 placearmies 39 1
CARD 
Jibs_PC#6449176747178157056 placearmies 41 1
CARD 
Jibs_PC#6449176747178157056 placearmies 4 1
CARD 
Jibs_PC#6449176747178157056 placearmies 19 1
CARD 
Jibs_PC#6449176747178157056 placearmies 11 1
CARD 
Jibs_PC#6449176747178157056 placearmies 37 1
CARD 
Jibs_PC#6449176747178157056 placearmies 39 1
CARD 
Jibs_PC#6449176747178157056 placearmies 8 1
CARD 
Jibs_PC#6449176747178157056 placearmies 4 1
CARD 
Jibs_PC#6449176747178157056 placearmies 19 1
CARD 
Jibs_PC#6449176747178157056 placearmies 11 1
CARD 
Jibs_PC#6449176747178157056 placearmies 37 1
CARD 
Jibs_PC#6449176747178157056 placearmies 39 1
CARD 
Jibs_PC#6449176747178157056 placearmies 8 1
CARD 
Jibs_PC#6449176747178157056 placearmies 4 1
CARD 
Jibs_PC#6449176747178157056 placearmies 19 1
CARD 
Jibs_PC#6449176747178157056 placearmies 11 1
CARD 
Jibs_PC#6449176747178157056 placearmies 37 1
CARD 
Jibs_PC#6449176747178157056 placearmies 39 1
CARD 
Jibs_PC#6449176747178157056 placearmies 8 1
CARD 
Jibs_PC#6449176747178157056 placearmies 4 1
CARD 
Jibs_PC#6449176747178157056 placearmies 19 1
CARD 
Jibs_PC#6449176747178157056 placearmies 11 1
CARD 
Jibs_PC#6449176747178157056 placearmies 37 1
CARD 
Jibs_PC#6449176747178157056 placearmies 39 1
CARD 
Jibs_PC#6449176747178157056 placearmies 8 1
CARD 
Jibs_PC#6449176747178157056 placearmies 33 1
CARD 
Jibs_PC#6449176747178157056 placearmies 19 1
CARD 
Jibs_PC#6449176747178157056 placearmies 25 1
CARD 
Jibs_PC#6449176747178157056 placearmies 37 1
CARD 
Jibs_PC#6449176747178157056 placearmies 39 1
CARD 
Jibs_PC#6449176747178157056 placearmies 8 1
CARD 
Jibs_PC#6449176747178157056 placearmies 33 1
CARD 
Jibs_PC#6449176747178157056 placearmies 19 1
CARD 
Jibs_PC#6449176747178157056 placearmies 25 1
CARD 
Jibs_PC#6449176747178157056 placearmies 37 1
CARD 
Jibs_PC#6449176747178157056 placearmies 39 1
CARD 
Jibs_PC#6449176747178157056 placearmies 8 1
CARD 
Jibs_PC#6449176747178157056 placearmies 33 1
CARD 
Jibs_PC#6449176747178157056 placearmies 19 1
CARD 
Jibs_PC#6449176747178157056 placearmies 25 1
CARD 
Jibs_PC#6449176747178157056 placearmies 37 1
CARD 
Jibs_PC#6449176747178157056 placearmies 39 1
Jibs_PC#6449176747178157056 placearmies 39 2
Jibs_PC#6449176747178157056 attack 39 41
Jibs_PC#6449176747178157056 roll 3
Jibs_PC#6449176747178157056 roll 2
DICE 3 2 4 2 2 1 0 
Jibs_PC#6449176747178157056 roll 3
Jibs_PC#6449176747178157056 roll 2
DICE 3 2 2 1 0 5 4 
Jibs_PC#6449176747178157056 roll 3
Jibs_PC#6449176747178157056 roll 2
DICE 3 2 5 5 3 5 2 
Jibs_PC#6449176747178157056 roll 3
Jibs_PC#6449176747178157056 roll 2
DICE 3 2 4 4 1 4 2 
Jibs_PC#6449176747178157056 roll 3
Jibs_PC#6449176747178157056 roll 2
DICE 3 2 4 4 2 5 5 
Jibs_PC#6449176747178157056 roll 3
Jibs_PC#6449176747178157056 roll 2
DICE 3 2 4 3 3 5 4 
Jibs_PC#6449176747178157056 roll 3
Jibs_PC#6449176747178157056 roll 2
DICE 3 2 4 3 2 5 4 
Jibs_PC#6449176747178157056 roll 3
Jibs_PC#6449176747178157056 roll 2
DICE 3 2 5 4 2 2 1 
Jibs_PC#6449176747178157056 retreat
Jibs_PC#6449176747178157056 attack 39 40
Jibs_PC#6449176747178157056 roll 3
Jibs_PC#6449176747178157056 roll 1
DICE 3 1 5 3 1 5 
Jibs_PC#6449176747178157056 roll 3
Jibs_PC#6449176747178157056 roll 1
DICE 3 1 5 3 0 0 
Jibs_PC#6449176747178157056 move 5
Jibs_PC#6449176747178157056 attack 40 41
Jibs_PC#6449176747178157056 roll 3
Jibs_PC#6449176747178157056 roll 2
DICE 3 2 5 2 0 5 3 
Jibs_PC#6449176747178157056 retreat
Jibs_PC#6449176747178157056 endattack
Jibs_PC#6449176747178157056 nomove
CARD 37
Jibs_PC#6449176747178157056 placearmies 41 3
Jibs_PC#6449176747178157056 attack 41 40
Jibs_PC#6449176747178157056 roll 3
Jibs_PC#6449176747178157056 roll 2
DICE 3 2 4 3 2 5 0 
Jibs_PC#6449176747178157056 roll 3
Jibs_PC#6449176747178157056 roll 2
DICE 3 2 1 0 0 4 2 
Jibs_PC#6449176747178157056 retreat
Jibs_PC#6449176747178157056 attack 8 9
Jibs_PC#6449176747178157056 roll 3
Jibs_PC#6449176747178157056 roll 1
DICE 3 1 5 4 1 0 
Jibs_PC#6449176747178157056 move 6
Jibs_PC#6449176747178157056 endattack
Jibs_PC#6449176747178157056 nomove
CARD 10
Jibs_PC#6449176747178157056 placearmies 4 3
Jibs_PC#6449176747178157056 attack 4 7
Jibs_PC#6449176747178157056 roll 3
Jibs_PC#6449176747178157056 roll 1
DICE 3 1 2 2 1 4 
Jibs_PC#6449176747178157056 roll 3
Jibs_PC#6449176747178157056 roll 1
DICE 3 1 2 1 0 0 
Jibs_PC#6449176747178157056 move 12
Jibs_PC#6449176747178157056 attack 7 9
Jibs_PC#6449176747178157056 roll 3
Jibs_PC#6449176747178157056 roll 2
DICE 3 2 3 2 0 5 2 
Jibs_PC#6449176747178157056 roll 3
Jibs_PC#6449176747178157056 roll 2
DICE 3 2 2 2 1 4 3 
Jibs_PC#6449176747178157056 retreat
Jibs_PC#6449176747178157056 endattack
Jibs_PC#6449176747178157056 nomove
CARD 14
Jibs_PC#6449176747178157056 placearmies 19 3
Jibs_PC#6449176747178157056 attack 19 20
Jibs_PC#6449176747178157056 roll 3
Jibs_PC#6449176747178157056 roll 1
DICE 3 1 4 3 2 1 
Jibs_PC#6449176747178157056 move 16
Jibs_PC#6449176747178157056 attack 20 18
Jibs_PC#6449176747178157056 roll 3
Jibs_PC#6449176747178157056 roll 1
DICE 3 1 3 1 0 0 
Jibs_PC#6449176747178157056 move 5
Jibs_PC#6449176747178157056 attack 18 17
Jibs_PC#6449176747178157056 roll 3
Jibs_PC#6449176747178157056 roll 1
DICE 3 1 2 0 0 0 
Jibs_PC#6449176747178157056 move 3
Jibs_PC#6449176747178157056 attack 20 21
Jibs_PC#6449176747178157056 roll 3
Jibs_PC#6449176747178157056 roll 1
DICE 3 1 5 3 1 1 
Jibs_PC#6449176747178157056 move 9
Jibs_PC#6449176747178157056 attack 21 23
Jibs_PC#6449176747178157056 roll 3
Jibs_PC#6449176747178157056 roll 1
DICE 3 1 3 3 0 3 
Jibs_PC#6449176747178157056 roll 3
Jibs_PC#6449176747178157056 roll 1
DICE 3 1 5 4 2 5 
Jibs_PC#6449176747178157056 retreat
Jibs_PC#6449176747178157056 endattack
Jibs_PC#6449176747178157056 movearmies 18 20 1
CARD 3
Jibs_PC#6449176747178157056 placearmies 30 3
Jibs_PC#6449176747178157056 attack 30 16
Jibs_PC#6449176747178157056 roll 3
Jibs_PC#6449176747178157056 roll 1
DICE 3 1 4 3 3 3 
Jibs_PC#6449176747178157056 attack 11 12
Jibs_PC#6449176747178157056 roll 3
Jibs_PC#6449176747178157056 roll 2
DICE 3 2 4 2 2 5 3 
Jibs_PC#6449176747178157056 roll 3
Jibs_PC#6449176747178157056 roll 2
DICE 3 2 5 2 1 2 0 
Jibs_PC#6449176747178157056 roll 3
Jibs_PC#6449176747178157056 roll 2
DICE 3 2 5 2 0 3 3 
Jibs_PC#6449176747178157056 roll 3
Jibs_PC#6449176747178157056 roll 2
DICE 3 2 5 3 0 3 2 
Jibs_PC#6449176747178157056 roll 3
Jibs_PC#6449176747178157056 roll 2
DICE 3 2 5 3 0 5 2 
Jibs_PC#6449176747178157056 roll 3
Jibs_PC#6449176747178157056 roll 1
DICE 3 1 5 3 3 1 
Jibs_PC#6449176747178157056 move 6
Jibs_PC#6449176747178157056 endattack
Jibs_PC#6449176747178157056 nomove
CARD 1
Jibs_PC#6449176747178157056 placearmies 37 3
Jibs_PC#6449176747178157056 attack 37 36
Jibs_PC#6449176747178157056 roll 3
Jibs_PC#6449176747178157056 roll 1
DICE 3 1 4 4 2 5 
Jibs_PC#6449176747178157056 roll 3
Jibs_PC#6449176747178157056 roll 1
DICE 3 1 4 0 0 2 
Jibs_PC#6449176747178157056 move 9
Jibs_PC#6449176747178157056 endattack
Jibs_PC#6449176747178157056 nomove
CARD 27
Jibs_PC#6449176747178157056 placearmies 40 2
Jibs_PC#6449176747178157056 placearmies 40 1
Jibs_PC#6449176747178157056 attack 40 41
Jibs_PC#6449176747178157056 roll 3
Jibs_PC#6449176747178157056 roll 2
DICE 3 2 5 3 1 3 2 
Jibs_PC#6449176747178157056 move 4
Jibs_PC#6449176747178157056 attack 41 42
Jibs_PC#6449176747178157056 roll 3
Jibs_PC#6449176747178157056 roll 1
DICE 3 1 5 4 3 1 
Jibs_PC#6449176747178157056 endattack
Jibs_PC#6449176747178157056 movearmies 42 40 1
CARD 4
Jibs_PC#6449176747178157056 placearmies 9 2
Jibs_PC#6449176747178157056 placearmies 9 1
Jibs_PC#6449176747178157056 attack 9 4
Jibs_PC#6449176747178157056 roll 3
Jibs_PC#6449176747178157056 roll 1
DICE 3 1 3 1 0 4 
Jibs_PC#6449176747178157056 roll 3
Jibs_PC#6449176747178157056 roll 1
DICE 3 1 5 5 2 5 
Jibs_PC#6449176747178157056 roll 3
Jibs_PC#6449176747178157056 roll 1
DICE 3 1 4 4 2 5 
Jibs_PC#6449176747178157056 roll 3
Jibs_PC#6449176747178157056 roll 1
DICE 3 1 2 1 1 3 
Jibs_PC#6449176747178157056 roll 3
Jibs_PC#6449176747178157056 roll 1
DICE 3 1 3 3 2 3 
Jibs_PC#6449176747178157056 roll 3
Jibs_PC#6449176747178157056 roll 1
DICE 3 1 4 2 0 0 
Jibs_PC#6449176747178157056 endattack
Jibs_PC#6449176747178157056 nomove
CARD 16
Jibs_PC#6449176747178157056 placearmies 7 3
Jibs_PC#6449176747178157056 attack 7 9
Jibs_PC#6449176747178157056 roll 3
Jibs_PC#6449176747178157056 roll 1
DICE 3 1 2 1 1 0 
Jibs_PC#6449176747178157056 move 10
Jibs_PC#6449176747178157056 attack 9 5
Jibs_PC#6449176747178157056 roll 3
Jibs_PC#6449176747178157056 roll 1
DICE 3 1 1 1 0 3 
Jibs_PC#6449176747178157056 roll 3
Jibs_PC#6449176747178157056 roll 1
DICE 3 1 5 4 1 5 
Jibs_PC#6449176747178157056 roll 3
Jibs_PC#6449176747178157056 roll 1
DICE 3 1 5 3 0 5 
Jibs_PC#6449176747178157056 roll 3
Jibs_PC#6449176747178157056 roll 1
DICE 3 1 5 4 0 4 
Jibs_PC#6449176747178157056 move 6
Jibs_PC#6449176747178157056 attack 5 10
Jibs_PC#6449176747178157056 roll 3
Jibs_PC#6449176747178157056 roll 1
DICE 3 1 4 1 1 5 
Jibs_PC#6449176747178157056 roll 3
Jibs_PC#6449176747178157056 roll 1
DICE 3 1 5 5 4 3 
Jibs_PC#6449176747178157056 move 4
Jibs_PC#6449176747178157056 endattack
Jibs_PC#6449176747178157056 nomove
CARD wildcard
Jibs_PC#6449176747178157056 placearmies 21 1
Jibs_PC#6449176747178157056 placearmies 21 2
Jibs_PC#6449176747178157056 attack 21 12
Jibs_PC#6449176747178157056 roll 3
Jibs_PC#6449176747178157056 roll 2
DICE 3 2 5 3 0 2 0 
Jibs_PC#6449176747178157056 roll 3
Jibs_PC#6449176747178157056 roll 2
DICE 3 2 4 0 0 5 5 
Jibs_PC#6449176747178157056 roll 3
Jibs_PC#6449176747178157056 roll 2
DICE 3 2 4 2 0 4 3 
Jibs_PC#6449176747178157056 roll 3
Jibs_PC#6449176747178157056 roll 2
DICE 3 2 5 3 0 3 0 
Jibs_PC#6449176747178157056 roll 3
Jibs_PC#6449176747178157056 roll 2
DICE 3 2 4 2 0 5 4 
Jibs_PC#6449176747178157056 roll 3
Jibs_PC#6449176747178157056 roll 2
DICE 3 2 5 3 0 0 0 
Jibs_PC#6449176747178157056 endattack
Jibs_PC#6449176747178157056 movearmies 17 18 2
CARD 24
Jibs_PC#6449176747178157056 placearmies 25 3
Jibs_PC#6449176747178157056 attack 25 23
Jibs_PC#6449176747178157056 roll 3
Jibs_PC#6449176747178157056 roll 1
DICE 3 1 4 1 0 2 
Jibs_PC#6449176747178157056 move 6
Jibs_PC#6449176747178157056 attack 23 24
Jibs_PC#6449176747178157056 roll 3
Jibs_PC#6449176747178157056 roll 1
DICE 3 1 5 5 1 4 
Jibs_PC#6449176747178157056 move 5
Jibs_PC#6449176747178157056 attack 24 26
Jibs_PC#6449176747178157056 roll 3
Jibs_PC#6449176747178157056 roll 1
DICE 3 1 5 1 0 0 
Jibs_PC#6449176747178157056 move 3
Jibs_PC#6449176747178157056 endattack
Jibs_PC#6449176747178157056 movearmies 26 24 2
CARD 20
Jibs_PC#6449176747178157056 placearmies 36 2
Jibs_PC#6449176747178157056 placearmies 36 1
Jibs_PC#6449176747178157056 attack 36 29
Jibs_PC#6449176747178157056 roll 3
Jibs_PC#6449176747178157056 roll 1
DICE 3 1 5 3 1 1 
Jibs_PC#6449176747178157056 move 11
Jibs_PC#6449176747178157056 attack 29 33
Jibs_PC#6449176747178157056 roll 3
Jibs_PC#6449176747178157056 roll 2
DICE 3 2 5 3 0 5 2 
Jibs_PC#6449176747178157056 roll 3
Jibs_PC#6449176747178157056 roll 2
DICE 3 2 3 2 2 4 2 
Jibs_PC#6449176747178157056 retreat
Jibs_PC#6449176747178157056 endattack
Jibs_PC#6449176747178157056 nomove
CARD 41
Jibs_PC#6449176747178157056 placearmies 1 3
Jibs_PC#6449176747178157056 placearmies 39 1
Jibs_PC#6449176747178157056 placearmies 39 1
Jibs_PC#6449176747178157056 attack 1 3
Jibs_PC#6449176747178157056 roll 3
Jibs_PC#6449176747178157056 roll 1
DICE 3 1 4 4 3 3 
Jibs_PC#6449176747178157056 endattack
Jibs_PC#6449176747178157056 movearmies 40 39 1
CARD 22
Jibs_PC#6449176747178157056 placearmies 4 1
Jibs_PC#6449176747178157056 placearmies 4 1
Jibs_PC#6449176747178157056 placearmies 38 1
Jibs_PC#6449176747178157056 attack 4 3
Jibs_PC#6449176747178157056 roll 3
Jibs_PC#6449176747178157056 roll 2
DICE 3 2 4 0 0 4 4 
Jibs_PC#6449176747178157056 retreat
Jibs_PC#6449176747178157056 attack 4 5
Jibs_PC#6449176747178157056 roll 2
Jibs_PC#6449176747178157056 roll 1
DICE 2 1 3 1 4 
Jibs_PC#6449176747178157056 retreat
Jibs_PC#6449176747178157056 endattack
Jibs_PC#6449176747178157056 nomove
CARD 
Jibs_PC#6449176747178157056 placearmies 6 3
Jibs_PC#6449176747178157056 attack 6 2
Jibs_PC#6449176747178157056 roll 3
Jibs_PC#6449176747178157056 roll 1
DICE 3 1 4 4 0 0 
Jibs_PC#6449176747178157056 endattack
Jibs_PC#6449176747178157056 nomove
CARD 8
Jibs_PC#6449176747178157056 placearmies 12 1
Jibs_PC#6449176747178157056 placearmies 12 1
Jibs_PC#6449176747178157056 placearmies 21 1
Jibs_PC#6449176747178157056 attack 12 13
Jibs_PC#6449176747178157056 roll 3
Jibs_PC#6449176747178157056 roll 1
DICE 3 1 4 3 0 1 
Jibs_PC#6449176747178157056 move 4
Jibs_PC#6449176747178157056 attack 13 11
Jibs_PC#6449176747178157056 roll 3
Jibs_PC#6449176747178157056 roll 1
DICE 3 1 4 3 0 1 
Jibs_PC#6449176747178157056 endattack
Jibs_PC#6449176747178157056 nomove
CARD 23
Jibs_PC#6449176747178157056 placearmies 24 1
Jibs_PC#6449176747178157056 placearmies 16 2
Jibs_PC#6449176747178157056 attack 24 21
Jibs_PC#6449176747178157056 roll 3
Jibs_PC#6449176747178157056 roll 2
DICE 3 2 5 5 4 5 1 
Jibs_PC#6449176747178157056 roll 3
Jibs_PC#6449176747178157056 roll 1
DICE 3 1 4 3 2 0 
Jibs_PC#6449176747178157056 attack 21 22
Jibs_PC#6449176747178157056 roll 2
Jibs_PC#6449176747178157056 roll 1
DICE 2 1 4 2 0 
Jibs_PC#6449176747178157056 endattack
Jibs_PC#6449176747178157056 nomove
CARD 7
Jibs_PC#6449176747178157056 placearmies 29 3
Jibs_PC#6449176747178157056 attack 29 30
Jibs_PC#6449176747178157056 roll 3
Jibs_PC#6449176747178157056 roll 1
DICE 3 1 4 1 1 2 
Jibs_PC#6449176747178157056 move 10
Jibs_PC#6449176747178157056 attack 30 31
Jibs_PC#6449176747178157056 roll 3
Jibs_PC#6449176747178157056 roll 1
DICE 3 1 5 5 3 2 
Jibs_PC#6449176747178157056 move 9
Jibs_PC#6449176747178157056 attack 31 22
Jibs_PC#6449176747178157056 roll 3
Jibs_PC#6449176747178157056 roll 2
DICE 3 2 5 5 1 4 3 
Jibs_PC#6449176747178157056 move 8
Jibs_PC#6449176747178157056 attack 22 21
Jibs_PC#6449176747178157056 roll 3
Jibs_PC#6449176747178157056 roll 1
DICE 3 1 5 3 0 0 
Jibs_PC#6449176747178157056 move 7
Jibs_PC#6449176747178157056 attack 21 23
Jibs_PC#6449176747178157056 roll 3
Jibs_PC#6449176747178157056 roll 1
DICE 3 1 3 2 0 2 
Jibs_PC#6449176747178157056 move 6
Jibs_PC#6449176747178157056 attack 23 24
Jibs_PC#6449176747178157056 roll 3
Jibs_PC#6449176747178157056 roll 1
DICE 3 1 1 0 0 1 
Jibs_PC#6449176747178157056 roll 3
Jibs_PC#6449176747178157056 roll 1
DICE 3 1 5 2 1 1 
Jibs_PC#6449176747178157056 move 4
Jibs_PC#6449176747178157056 attack 24 25
Jibs_PC#6449176747178157056 roll 3
Jibs_PC#6449176747178157056 roll 1
DICE 3 1 5 1 0 3 
Jibs_PC#6449176747178157056 attack 25 26
Jibs_PC#6449176747178157056 roll 2
Jibs_PC#6449176747178157056 roll 1
DICE 2 1 3 0 0 
Jibs_PC#6449176747178157056 endattack
Jibs_PC#6449176747178157056 nomove
CARD 40
Jibs_PC#6449176747178157056 trade 37 4 22
Jibs_PC#6449176747178157056 placearmies 3 1
Jibs_PC#6449176747178157056 placearmies 3 7
Jibs_PC#6449176747178157056 placearmies 35 1
Jibs_PC#6449176747178157056 attack 3 7
Jibs_PC#6449176747178157056 roll 3
Jibs_PC#6449176747178157056 roll 1
DICE 3 1 5 4 0 5 
Jibs_PC#6449176747178157056 roll 3
Jibs_PC#6449176747178157056 roll 1
DICE 3 1 5 3 2 2 
Jibs_PC#6449176747178157056 move 9
Jibs_PC#6449176747178157056 attack 7 9
Jibs_PC#6449176747178157056 roll 3
Jibs_PC#6449176747178157056 roll 1
DICE 3 1 3 3 2 0 
Jibs_PC#6449176747178157056 move 8
Jibs_PC#6449176747178157056 attack 9 4
Jibs_PC#6449176747178157056 roll 3
Jibs_PC#6449176747178157056 roll 2
DICE 3 2 4 3 3 1 0 
Jibs_PC#6449176747178157056 move 7
Jibs_PC#6449176747178157056 attack 4 5
Jibs_PC#6449176747178157056 roll 3
Jibs_PC#6449176747178157056 roll 1
DICE 3 1 5 2 0 4 
Jibs_PC#6449176747178157056 move 6
Jibs_PC#6449176747178157056 attack 5 10
Jibs_PC#6449176747178157056 roll 3
Jibs_PC#6449176747178157056 roll 2
DICE 3 2 5 3 2 5 4 
Jibs_PC#6449176747178157056 roll 3
Jibs_PC#6449176747178157056 roll 2
DICE 3 2 5 4 2 5 4 
Jibs_PC#6449176747178157056 retreat
Jibs_PC#6449176747178157056 endattack
Jibs_PC#6449176747178157056 nomove
CARD 42
Jibs_PC#6449176747178157056 placearmies 38 2
Jibs_PC#6449176747178157056 placearmies 38 1
Jibs_PC#6449176747178157056 attack 38 1
Jibs_PC#6449176747178157056 roll 3
Jibs_PC#6449176747178157056 roll 1
DICE 3 1 4 2 2 4 
Jibs_PC#6449176747178157056 roll 3
Jibs_PC#6449176747178157056 roll 1
DICE 3 1 4 3 1 2 
Jibs_PC#6449176747178157056 endattack
Jibs_PC#6449176747178157056 nomove
CARD 34
Jibs_PC#6449176747178157056 trade 14 wildcard 8
Jibs_PC#6449176747178157056 placearmies 33 13
Jibs_PC#6449176747178157056 attack 33 32
Jibs_PC#6449176747178157056 roll 3
Jibs_PC#6449176747178157056 roll 1
DICE 3 1 5 3 3 2 
Jibs_PC#6449176747178157056 move 15
Jibs_PC#6449176747178157056 attack 32 31
Jibs_PC#6449176747178157056 roll 3
Jibs_PC#6449176747178157056 roll 1
DICE 3 1 5 3 1 2 
Jibs_PC#6449176747178157056 move 14
Jibs_PC#6449176747178157056 attack 31 16
Jibs_PC#6449176747178157056 roll 3
Jibs_PC#6449176747178157056 roll 2
DICE 3 2 5 4 2 3 0 
Jibs_PC#6449176747178157056 roll 3
Jibs_PC#6449176747178157056 roll 2
DICE 3 2 5 3 1 4 1 
Jibs_PC#6449176747178157056 roll 3
Jibs_PC#6449176747178157056 roll 1
DICE 3 1 3 1 0 1 
Jibs_PC#6449176747178157056 move 13
Jibs_PC#6449176747178157056 attack 16 20
Jibs_PC#6449176747178157056 roll 3
Jibs_PC#6449176747178157056 roll 2
DICE 3 2 2 1 0 5 1 
Jibs_PC#6449176747178157056 roll 3
Jibs_PC#6449176747178157056 roll 2
DICE 3 2 4 2 1 5 0 
Jibs_PC#6449176747178157056 roll 3
Jibs_PC#6449176747178157056 roll 2
DICE 3 2 3 1 0 4 2 
Jibs_PC#6449176747178157056 roll 3
Jibs_PC#6449176747178157056 roll 2
DICE 3 2 5 2 0 4 1 
Jibs_PC#6449176747178157056 move 7
Jibs_PC#6449176747178157056 attack 20 19
Jibs_PC#6449176747178157056 roll 3
Jibs_PC#6449176747178157056 roll 1
DICE 3 1 5 3 1 0 
Jibs_PC#6449176747178157056 move 6
Jibs_PC#6449176747178157056 attack 19 17
Jibs_PC#6449176747178157056 roll 3
Jibs_PC#6449176747178157056 roll 1
DICE 3 1 5 4 2 4 
Jibs_PC#6449176747178157056 move 5
Jibs_PC#6449176747178157056 attack 17 15
Jibs_PC#6449176747178157056 roll 3
Jibs_PC#6449176747178157056 roll 1
DICE 3 1 5 5 0 4 
Jibs_PC#6449176747178157056 move 4
Jibs_PC#6449176747178157056 attack 15 14
Jibs_PC#6449176747178157056 roll 3
Jibs_PC#6449176747178157056 roll 1
DICE 3 1 4 1 0 2 
Jibs_PC#6449176747178157056 endattack
Jibs_PC#6449176747178157056 movearmies 14 17 2
CARD 25
Jibs_PC#6449176747178157056 trade 3 24 23
Jibs_PC#6449176747178157056 placearmies 18 1
Jibs_PC#6449176747178157056 placearmies 11 6
Jibs_PC#6449176747178157056 placearmies 18 6
Jibs_PC#6449176747178157056 attack 11 10
Jibs_PC#6449176747178157056 roll 3
Jibs_PC#6449176747178157056 roll 2
DICE 3 2 5 3 2 5 2 
Jibs_PC#6449176747178157056 roll 3
Jibs_PC#6449176747178157056 roll 2
DICE 3 2 4 4 1 5 1 
Jibs_PC#6449176747178157056 roll 3
Jibs_PC#6449176747178157056 roll 2
DICE 3 2 5 3 0 3 2 
Jibs_PC#6449176747178157056 move 6
Jibs_PC#6449176747178157056 attack 18 20
Jibs_PC#6449176747178157056 roll 3
Jibs_PC#6449176747178157056 roll 1
DICE 3 1 4 3 1 0 
Jibs_PC#6449176747178157056 move 9
Jibs_PC#6449176747178157056 attack 20 22
Jibs_PC#6449176747178157056 roll 3
Jibs_PC#6449176747178157056 roll 1
DICE 3 1 4 2 2 0 
Jibs_PC#6449176747178157056 move 8
Jibs_PC#6449176747178157056 attack 22 24
Jibs_PC#6449176747178157056 roll 3
Jibs_PC#6449176747178157056 roll 1
DICE 3 1 3 2 2 5 
Jibs_PC#6449176747178157056 roll 3
Jibs_PC#6449176747178157056 roll 1
DICE 3 1 5 4 2 1 
Jibs_PC#6449176747178157056 move 6
Jibs_PC#6449176747178157056 attack 24 26
Jibs_PC#6449176747178157056 roll 3
Jibs_PC#6449176747178157056 roll 2
DICE 3 2 5 3 2 4 0 
Jibs_PC#6449176747178157056 move 5
Jibs_PC#6449176747178157056 attack 26 25
Jibs_PC#6449176747178157056 roll 3
Jibs_PC#6449176747178157056 roll 1
DICE 3 1 3 0 0 5 
Jibs_PC#6449176747178157056 roll 3
Jibs_PC#6449176747178157056 roll 1
DICE 3 1 3 1 1 1 
Jibs_PC#6449176747178157056 attack 25 23
Jibs_PC#6449176747178157056 roll 2
Jibs_PC#6449176747178157056 roll 1
DICE 2 1 5 5 3 
Jibs_PC#6449176747178157056 endattack
Jibs_PC#6449176747178157056 movearmies 10 12 1
CARD 26
Jibs_PC#6449176747178157056 placearmies 37 3
Jibs_PC#6449176747178157056 attack 37 38
Jibs_PC#6449176747178157056 roll 3
Jibs_PC#6449176747178157056 roll 1
DICE 3 1 2 0 0 2 
Jibs_PC#6449176747178157056 roll 2
Jibs_PC#6449176747178157056 roll 1
DICE 2 1 2 2 3 
Jibs_PC#6449176747178157056 retreat
Jibs_PC#6449176747178157056 endattack
Jibs_PC#6449176747178157056 nomove
CARD 
Jibs_PC#6449176747178157056 placearmies 7 4
Jibs_PC#6449176747178157056 placearmies 39 1
Jibs_PC#6449176747178157056 attack 7 8
Jibs_PC#6449176747178157056 roll 3
Jibs_PC#6449176747178157056 roll 1
DICE 3 1 2 0 0 1 
Jibs_PC#6449176747178157056 move 4
Jibs_PC#6449176747178157056 attack 8 6
Jibs_PC#6449176747178157056 roll 3
Jibs_PC#6449176747178157056 roll 1
DICE 3 1 5 2 2 4 
Jibs_PC#6449176747178157056 attack 39 33
Jibs_PC#6449176747178157056 roll 3
Jibs_PC#6449176747178157056 roll 1
DICE 3 1 4 3 3 3 
Jibs_PC#6449176747178157056 move 4
Jibs_PC#6449176747178157056 endattack
Jibs_PC#6449176747178157056 nomove
CARD 35
Jibs_PC#6449176747178157056 placearmies 1 1
Jibs_PC#6449176747178157056 placearmies 1 1
Jibs_PC#6449176747178157056 placearmies 1 1
Jibs_PC#6449176747178157056 attack 1 2
Jibs_PC#6449176747178157056 roll 3
Jibs_PC#6449176747178157056 roll 2
DICE 3 2 5 4 3 5 4 
Jibs_PC#6449176747178157056 roll 3
Jibs_PC#6449176747178157056 roll 2
DICE 3 2 4 2 0 5 1 
Jibs_PC#6449176747178157056 retreat
Jibs_PC#6449176747178157056 attack 1 3
Jibs_PC#6449176747178157056 roll 2
Jibs_PC#6449176747178157056 roll 1
DICE 2 1 3 0 1 
Jibs_PC#6449176747178157056 endattack
Jibs_PC#6449176747178157056 nomove
CARD 15
Jibs_PC#6449176747178157056 trade 1 20 25
Jibs_PC#6449176747178157056 placearmies 2 7
Jibs_PC#6449176747178157056 placearmies 2 2
Jibs_PC#6449176747178157056 placearmies 2 1
Jibs_PC#6449176747178157056 placearmies 17 2
Jibs_PC#6449176747178157056 placearmies 32 1
Jibs_PC#6449176747178157056 attack 2 7
Jibs_PC#6449176747178157056 roll 3
Jibs_PC#6449176747178157056 roll 1
DICE 3 1 1 1 1 4 
Jibs_PC#6449176747178157056 roll 3
Jibs_PC#6449176747178157056 roll 1
DICE 3 1 5 4 3 4 
Jibs_PC#6449176747178157056 move 10
Jibs_PC#6449176747178157056 attack 17 18
Jibs_PC#6449176747178157056 roll 3
Jibs_PC#6449176747178157056 roll 1
DICE 3 1 5 1 0 1 
Jibs_PC#6449176747178157056 move 4
Jibs_PC#6449176747178157056 attack 18 20
Jibs_PC#6449176747178157056 roll 3
Jibs_PC#6449176747178157056 roll 1
DICE 3 1 5 5 2 2 
Jibs_PC#6449176747178157056 attack 7 9
Jibs_PC#6449176747178157056 roll 3
Jibs_PC#6449176747178157056 roll 1
DICE 3 1 5 3 2 1 
Jibs_PC#6449176747178157056 move 9
Jibs_PC#6449176747178157056 attack 9 8
Jibs_PC#6449176747178157056 roll 3
Jibs_PC#6449176747178157056 roll 1
DICE 3 1 2 2 0 1 
Jibs_PC#6449176747178157056 move 8
Jibs_PC#6449176747178157056 attack 8 6
Jibs_PC#6449176747178157056 roll 3
Jibs_PC#6449176747178157056 roll 2
DICE 3 2 1 0 0 2 0 
Jibs_PC#6449176747178157056 roll 3
Jibs_PC#6449176747178157056 roll 2
DICE 3 2 2 2 1 5 0 
Jibs_PC#6449176747178157056 roll 3
Jibs_PC#6449176747178157056 roll 2
DICE 3 2 5 0 0 5 2 
Jibs_PC#6449176747178157056 retreat
Jibs_PC#6449176747178157056 endattack
Jibs_PC#6449176747178157056 nomove
CARD 29
Jibs_PC#6449176747178157056 placearmies 12 5
Jibs_PC#6449176747178157056 attack 12 21
Jibs_PC#6449176747178157056 roll 3
Jibs_PC#6449176747178157056 roll 1
DICE 3 1 1 0 0 5 
Jibs_PC#6449176747178157056 roll 3
Jibs_PC#6449176747178157056 roll 1
DICE 3 1 4 3 0 1 
Jibs_PC#6449176747178157056 move 5
Jibs_PC#6449176747178157056 attack 21 19
Jibs_PC#6449176747178157056 roll 3
Jibs_PC#6449176747178157056 roll 1
DICE 3 1 5 4 3 4 
Jibs_PC#6449176747178157056 move 3
Jibs_PC#6449176747178157056 attack 10 5
Jibs_PC#6449176747178157056 roll 3
Jibs_PC#6449176747178157056 roll 2
DICE 3 2 2 0 0 0 0 
Jibs_PC#6449176747178157056 roll 3
Jibs_PC#6449176747178157056 roll 1
DICE 3 1 1 0 0 4 
Jibs_PC#6449176747178157056 retreat
Jibs_PC#6449176747178157056 endattack
Jibs_PC#6449176747178157056 movearmies 19 21 2
CARD 36
Jibs_PC#6449176747178157056 placearmies 37 2
Jibs_PC#6449176747178157056 placearmies 37 1
Jibs_PC#6449176747178157056 attack 37 38
Jibs_PC#6449176747178157056 roll 3
Jibs_PC#6449176747178157056 roll 1
DICE 3 1 5 5 4 2 
Jibs_PC#6449176747178157056 move 4
Jibs_PC#6449176747178157056 endattack
Jibs_PC#6449176747178157056 nomove
CARD 28
Jibs_PC#6449176747178157056 placearmies 6 5
Jibs_PC#6449176747178157056 attack 6 8
Jibs_PC#6449176747178157056 roll 3
Jibs_PC#6449176747178157056 roll 2
DICE 3 2 5 0 0 5 4 
Jibs_PC#6449176747178157056 roll 3
Jibs_PC#6449176747178157056 roll 2
DICE 3 2 4 0 0 5 5 
Jibs_PC#6449176747178157056 retreat
Jibs_PC#6449176747178157056 attack 6 7
Jibs_PC#6449176747178157056 roll 2
Jibs_PC#6449176747178157056 roll 1
DICE 2 1 5 1 2 
Jibs_PC#6449176747178157056 endattack
Jibs_PC#6449176747178157056 nomove
CARD 38
Jibs_PC#6449176747178157056 trade 10 16 15
Jibs_PC#6449176747178157056 placearmies 3 2
Jibs_PC#6449176747178157056 placearmies 3 9
Jibs_PC#6449176747178157056 attack 3 4
Jibs_PC#6449176747178157056 roll 3
Jibs_PC#6449176747178157056 roll 1
DICE 3 1 5 1 0 0 
Jibs_PC#6449176747178157056 move 12
Jibs_PC#6449176747178157056 attack 4 5
Jibs_PC#6449176747178157056 roll 3
Jibs_PC#6449176747178157056 roll 1
DICE 3 1 5 4 0 5 
Jibs_PC#6449176747178157056 roll 3
Jibs_PC#6449176747178157056 roll 1
DICE 3 1 3 1 0 5 
Jibs_PC#6449176747178157056 roll 3
Jibs_PC#6449176747178157056 roll 1
DICE 3 1 5 1 0 1 
Jibs_PC#6449176747178157056 move 9
Jibs_PC#6449176747178157056 attack 5 10
Jibs_PC#6449176747178157056 roll 3
Jibs_PC#6449176747178157056 roll 2
DICE 3 2 3 2 0 3 3 
Jibs_PC#6449176747178157056 roll 3
Jibs_PC#6449176747178157056 roll 2
DICE 3 2 5 4 2 4 0 
Jibs_PC#6449176747178157056 roll 3
Jibs_PC#6449176747178157056 roll 1
DICE 3 1 4 2 1 4 
Jibs_PC#6449176747178157056 roll 3
Jibs_PC#6449176747178157056 roll 1
DICE 3 1 5 4 1 2 
Jibs_PC#6449176747178157056 move 5
Jibs_PC#6449176747178157056 attack 10 11
Jibs_PC#6449176747178157056 roll 3
Jibs_PC#6449176747178157056 roll 1
DICE 3 1 2 1 0 1 
Jibs_PC#6449176747178157056 move 4
Jibs_PC#6449176747178157056 attack 11 12
Jibs_PC#6449176747178157056 roll 3
Jibs_PC#6449176747178157056 roll 1
DICE 3 1 4 1 0 2 
Jibs_PC#6449176747178157056 attack 12 13
Jibs_PC#6449176747178157056 roll 2
Jibs_PC#6449176747178157056 roll 1
DICE 2 1 3 1 3 
Jibs_PC#6449176747178157056 retreat
Jibs_PC#6449176747178157056 endattack
Jibs_PC#6449176747178157056 nomove
CARD 21
Jibs_PC#6449176747178157056 placearmies 8 2
Jibs_PC#6449176747178157056 placearmies 20 2
Jibs_PC#6449176747178157056 attack 20 22
Jibs_PC#6449176747178157056 roll 3
Jibs_PC#6449176747178157056 roll 1
DICE 3 1 4 3 2 0 
Jibs_PC#6449176747178157056 move 4
Jibs_PC#6449176747178157056 attack 8 6
Jibs_PC#6449176747178157056 roll 3
Jibs_PC#6449176747178157056 roll 1
DICE 3 1 2 1 0 5 
Jibs_PC#6449176747178157056 roll 3
Jibs_PC#6449176747178157056 roll 1
DICE 3 1 5 2 1 0 
Jibs_PC#6449176747178157056 endattack
Jibs_PC#6449176747178157056 nomove
CARD 6
Jibs_PC#6449176747178157056 placearmies 21 2
Jibs_PC#6449176747178157056 placearmies 21 1
Jibs_PC#6449176747178157056 attack 21 12
Jibs_PC#6449176747178157056 roll 3
Jibs_PC#6449176747178157056 roll 2
DICE 3 2 5 4 1 5 3 
Jibs_PC#6449176747178157056 roll 3
Jibs_PC#6449176747178157056 roll 1
DICE 3 1 4 3 0 3 
Jibs_PC#6449176747178157056 move 5
Jibs_PC#6449176747178157056 attack 12 11
Jibs_PC#6449176747178157056 roll 3
Jibs_PC#6449176747178157056 roll 1
DICE 3 1 4 2 2 5 
Jibs_PC#6449176747178157056 roll 3
Jibs_PC#6449176747178157056 roll 1
DICE 3 1 4 3 0 0 
Jibs_PC#6449176747178157056 attack 11 10
Jibs_PC#6449176747178157056 roll 2
Jibs_PC#6449176747178157056 roll 1
DICE 2 1 2 2 2 
Jibs_PC#6449176747178157056 retreat
Jibs_PC#6449176747178157056 endattack
Jibs_PC#6449176747178157056 movearmies 23 24 1
CARD 19
Jibs_PC#6449176747178157056 placearmies 38 1
Jibs_PC#6449176747178157056 placearmies 38 2
Jibs_PC#6449176747178157056 attack 38 35
Jibs_PC#6449176747178157056 roll 3
Jibs_PC#6449176747178157056 roll 2
DICE 3 2 5 5 0 5 5 
Jibs_PC#6449176747178157056 roll 3
Jibs_PC#6449176747178157056 roll 2
DICE 3 2 4 2 1 2 0 
Jibs_PC#6449176747178157056 move 4
Jibs_PC#6449176747178157056 endattack
Jibs_PC#6449176747178157056 nomove
CARD 18
Jibs_PC#6449176747178157056 placearmies 33 4
Jibs_PC#6449176747178157056 placearmies 33 1
Jibs_PC#6449176747178157056 attack 33 32
Jibs_PC#6449176747178157056 roll 3
Jibs_PC#6449176747178157056 roll 2
DICE 3 2 4 4 0 4 1 
Jibs_PC#6449176747178157056 roll 3
Jibs_PC#6449176747178157056 roll 1
DICE 3 1 5 3 1 2 
Jibs_PC#6449176747178157056 move 6
Jibs_PC#6449176747178157056 attack 32 31
Jibs_PC#6449176747178157056 roll 3
Jibs_PC#6449176747178157056 roll 1
DICE 3 1 3 1 0 3 
Jibs_PC#6449176747178157056 roll 3
Jibs_PC#6449176747178157056 roll 1
DICE 3 1 4 1 0 3 
Jibs_PC#6449176747178157056 move 4
Jibs_PC#6449176747178157056 endattack
Jibs_PC#6449176747178157056 nomove
CARD 12
Jibs_PC#6449176747178157056 placearmies 4 3
Jibs_PC#6449176747178157056 attack 4 7
Jibs_PC#6449176747178157056 roll 3
Jibs_PC#6449176747178157056 roll 2
DICE 3 2 2 0 0 5 1 
Jibs_PC#6449176747178157056 retreat
Jibs_PC#6449176747178157056 endattack
Jibs_PC#6449176747178157056 nomove
CARD 
Jibs_PC#6449176747178157056 trade 7 29 6
Jibs_PC#6449176747178157056 placearmies 6 7
Jibs_PC#6449176747178157056 placearmies 6 2
Jibs_PC#6449176747178157056 placearmies 6 1
Jibs_PC#6449176747178157056 attack 6 7
Jibs_PC#6449176747178157056 roll 3
Jibs_PC#6449176747178157056 roll 2
DICE 3 2 4 3 2 2 1 
Jibs_PC#6449176747178157056 move 14
Jibs_PC#6449176747178157056 attack 7 4
Jibs_PC#6449176747178157056 roll 3
Jibs_PC#6449176747178157056 roll 2
DICE 3 2 4 1 0 5 1 
Jibs_PC#6449176747178157056 roll 3
Jibs_PC#6449176747178157056 roll 2
DICE 3 2 5 4 0 4 1 
Jibs_PC#6449176747178157056 move 11
Jibs_PC#6449176747178157056 attack 4 5
Jibs_PC#6449176747178157056 roll 3
Jibs_PC#6449176747178157056 roll 1
DICE 3 1 4 3 2 2 
Jibs_PC#6449176747178157056 move 10
Jibs_PC#6449176747178157056 attack 5 10
Jibs_PC#6449176747178157056 roll 3
Jibs_PC#6449176747178157056 roll 1
DICE 3 1 5 3 0 2 
Jibs_PC#6449176747178157056 move 9
Jibs_PC#6449176747178157056 attack 10 12
Jibs_PC#6449176747178157056 roll 3
Jibs_PC#6449176747178157056 roll 1
DICE 3 1 2 1 0 4 
Jibs_PC#6449176747178157056 roll 3
Jibs_PC#6449176747178157056 roll 1
DICE 3 1 3 2 0 1 
Jibs_PC#6449176747178157056 move 7
Jibs_PC#6449176747178157056 attack 12 13
Jibs_PC#6449176747178157056 roll 3
Jibs_PC#6449176747178157056 roll 1
DICE 3 1 5 2 0 2 
Jibs_PC#6449176747178157056 move 6
Jibs_PC#6449176747178157056 attack 13 11
Jibs_PC#6449176747178157056 roll 3
Jibs_PC#6449176747178157056 roll 2
DICE 3 2 5 3 3 2 0 
Jibs_PC#6449176747178157056 move 3
Jibs_PC#6449176747178157056 endattack
Jibs_PC#6449176747178157056 movearmies 13 12 2
CARD 32
Jibs_PC#6449176747178157056 placearmies 19 3
Jibs_PC#6449176747178157056 attack 19 17
Jibs_PC#6449176747178157056 roll 3
Jibs_PC#6449176747178157056 roll 1
DICE 3 1 5 2 0 3 
Jibs_PC#6449176747178157056 attack 17 14
Jibs_PC#6449176747178157056 roll 2
Jibs_PC#6449176747178157056 roll 1
DICE 2 1 2 1 0 
Jibs_PC#6449176747178157056 endattack
Jibs_PC#6449176747178157056 nomove
CARD 31
Jibs_PC#6449176747178157056 trade 40 28 18
Jibs_PC#6449176747178157056 placearmies 27 4
Jibs_PC#6449176747178157056 placearmies 38 4
Jibs_PC#6449176747178157056 placearmies 30 1
Jibs_PC#6449176747178157056 attack 27 28
Jibs_PC#6449176747178157056 roll 3
Jibs_PC#6449176747178157056 roll 1
DICE 3 1 5 3 0 5 
Jibs_PC#6449176747178157056 roll 3
Jibs_PC#6449176747178157056 roll 1
DICE 3 1 5 2 2 1 
Jibs_PC#6449176747178157056 attack 38 1
Jibs_PC#6449176747178157056 roll 3
Jibs_PC#6449176747178157056 roll 1
DICE 3 1 5 4 4 0 
Jibs_PC#6449176747178157056 move 4
Jibs_PC#6449176747178157056 attack 1 3
Jibs_PC#6449176747178157056 roll 3
Jibs_PC#6449176747178157056 roll 1
DICE 3 1 5 5 2 1 
Jibs_PC#6449176747178157056 attack 35 34
Jibs_PC#6449176747178157056 roll 3
Jibs_PC#6449176747178157056 roll 1
DICE 3 1 1 1 0 3 
Jibs_PC#6449176747178157056 roll 2
Jibs_PC#6449176747178157056 roll 1
DICE 2 1 5 1 4 
Jibs_PC#6449176747178157056 attack 3 7
Jibs_PC#6449176747178157056 roll 2
Jibs_PC#6449176747178157056 roll 1
DICE 2 1 3 1 2 
Jibs_PC#6449176747178157056 endattack
Jibs_PC#6449176747178157056 nomove
CARD 11
Jibs_PC#6449176747178157056 trade 42 38 12
Jibs_PC#6449176747178157056 placearmies 31 15
Jibs_PC#6449176747178157056 attack 31 20
Jibs_PC#6449176747178157056 roll 3
Jibs_PC#6449176747178157056 roll 1
DICE 3 1 3 2 0 5 
Jibs_PC#6449176747178157056 roll 3
Jibs_PC#6449176747178157056 roll 1
DICE 3 1 4 4 2 5 
Jibs_PC#6449176747178157056 roll 3
Jibs_PC#6449176747178157056 roll 1
DICE 3 1 4 3 1 4 
Jibs_PC#6449176747178157056 roll 3
Jibs_PC#6449176747178157056 roll 1
DICE 3 1 5 4 3 3 
Jibs_PC#6449176747178157056 move 15
Jibs_PC#6449176747178157056 attack 20 21
Jibs_PC#6449176747178157056 roll 3
Jibs_PC#6449176747178157056 roll 1
DICE 3 1 4 3 1 5 
Jibs_PC#6449176747178157056 roll 3
Jibs_PC#6449176747178157056 roll 1
DICE 3 1 2 2 1 4 
Jibs_PC#6449176747178157056 roll 3
Jibs_PC#6449176747178157056 roll 1
DICE 3 1 5 5 2 0 
Jibs_PC#6449176747178157056 move 12
Jibs_PC#6449176747178157056 attack 21 12
Jibs_PC#6449176747178157056 roll 3
Jibs_PC#6449176747178157056 roll 2
DICE 3 2 4 4 0 0 0 
Jibs_PC#6449176747178157056 roll 3
Jibs_PC#6449176747178157056 roll 1
DICE 3 1 5 4 2 1 
Jibs_PC#6449176747178157056 move 11
Jibs_PC#6449176747178157056 attack 12 13
Jibs_PC#6449176747178157056 roll 3
Jibs_PC#6449176747178157056 roll 1
DICE 3 1 4 3 1 3 
Jibs_PC#6449176747178157056 move 10
Jibs_PC#6449176747178157056 attack 13 11
Jibs_PC#6449176747178157056 roll 3
Jibs_PC#6449176747178157056 roll 2
DICE 3 2 1 1 0 5 1 
Jibs_PC#6449176747178157056 roll 3
Jibs_PC#6449176747178157056 roll 2
DICE 3 2 5 4 0 4 0 
Jibs_PC#6449176747178157056 roll 3
Jibs_PC#6449176747178157056 roll 1
DICE 3 1 5 1 1 4 
Jibs_PC#6449176747178157056 move 7
Jibs_PC#6449176747178157056 attack 11 10
Jibs_PC#6449176747178157056 roll 3
Jibs_PC#6449176747178157056 roll 1
DICE 3 1 5 2 2 0 
Jibs_PC#6449176747178157056 move 6
Jibs_PC#6449176747178157056 attack 10 5
Jibs_PC#6449176747178157056 roll 3
Jibs_PC#6449176747178157056 roll 1
DICE 3 1 2 2 1 1 
Jibs_PC#6449176747178157056 move 5
Jibs_PC#6449176747178157056 attack 5 9
Jibs_PC#6449176747178157056 roll 3
Jibs_PC#6449176747178157056 roll 1
DICE 3 1 4 3 3 2 
Jibs_PC#6449176747178157056 move 3
Jibs_PC#6449176747178157056 endattack
Jibs_PC#6449176747178157056 movearmies 9 5 2
CARD 9
Jibs_PC#6449176747178157056 placearmies 8 3
Jibs_PC#6449176747178157056 attack 8 7
Jibs_PC#6449176747178157056 roll 3
Jibs_PC#6449176747178157056 roll 2
DICE 3 2 4 3 2 2 0 
Jibs_PC#6449176747178157056 endattack
Jibs_PC#6449176747178157056 nomove
CARD 39
Jibs_PC#6449176747178157056 placearmies 14 2
Jibs_PC#6449176747178157056 placearmies 14 1
Jibs_PC#6449176747178157056 attack 14 15
Jibs_PC#6449176747178157056 roll 3
Jibs_PC#6449176747178157056 roll 1
DICE 3 1 4 2 2 3 
Jibs_PC#6449176747178157056 move 4
Jibs_PC#6449176747178157056 endattack
Jibs_PC#6449176747178157056 nomove
CARD wildcard
Jibs_PC#6449176747178157056 trade 27 34 21
Jibs_PC#6449176747178157056 placearmies 28 1
Jibs_PC#6449176747178157056 placearmies 29 9
Jibs_PC#6449176747178157056 placearmies 29 1
Jibs_PC#6449176747178157056 placearmies 29 2
Jibs_PC#6449176747178157056 attack 29 33
Jibs_PC#6449176747178157056 roll 3
Jibs_PC#6449176747178157056 roll 2
DICE 3 2 4 2 1 3 1 
Jibs_PC#6449176747178157056 move 12
Jibs_PC#6449176747178157056 attack 33 39
Jibs_PC#6449176747178157056 roll 3
Jibs_PC#6449176747178157056 roll 1
DICE 3 1 5 4 3 0 
Jibs_PC#6449176747178157056 move 11
Jibs_PC#6449176747178157056 attack 39 41
Jibs_PC#6449176747178157056 roll 3
Jibs_PC#6449176747178157056 roll 1
DICE 3 1 3 3 0 5 
Jibs_PC#6449176747178157056 roll 3
Jibs_PC#6449176747178157056 roll 1
DICE 3 1 1 0 0 4 
Jibs_PC#6449176747178157056 roll 3
Jibs_PC#6449176747178157056 roll 1
DICE 3 1 4 3 1 2 
Jibs_PC#6449176747178157056 move 8
Jibs_PC#6449176747178157056 attack 41 40
Jibs_PC#6449176747178157056 roll 3
Jibs_PC#6449176747178157056 roll 1
DICE 3 1 4 3 1 0 
Jibs_PC#6449176747178157056 move 7
Jibs_PC#6449176747178157056 attack 40 42
Jibs_PC#6449176747178157056 roll 3
Jibs_PC#6449176747178157056 roll 2
DICE 3 2 4 3 0 2 0 
Jibs_PC#6449176747178157056 roll 3
Jibs_PC#6449176747178157056 roll 2
DICE 3 2 4 2 0 5 4 
Jibs_PC#6449176747178157056 roll 3
Jibs_PC#6449176747178157056 roll 2
DICE 3 2 4 3 2 5 3 
Jibs_PC#6449176747178157056 retreat
Jibs_PC#6449176747178157056 endattack
Jibs_PC#6449176747178157056 movearmies 27 29 2
CARD 5
Jibs_PC#6449176747178157056 placearmies 21 1
Jibs_PC#6449176747178157056 placearmies 21 2
Jibs_PC#6449176747178157056 placearmies 42 2
Jibs_PC#6449176747178157056 attack 42 41
Jibs_PC#6449176747178157056 roll 3
Jibs_PC#6449176747178157056 roll 1
DICE 3 1 4 2 1 5 
Jibs_PC#6449176747178157056 roll 2
Jibs_PC#6449176747178157056 roll 1
DICE 2 1 2 2 2 
Jibs_PC#6449176747178157056 retreat
Jibs_PC#6449176747178157056 attack 5 4
Jibs_PC#6449176747178157056 roll 3
Jibs_PC#6449176747178157056 roll 1
DICE 3 1 5 4 4 0 
Jibs_PC#6449176747178157056 endattack
Jibs_PC#6449176747178157056 movearmies 21 12 3
CARD 33
Jibs_PC#6449176747178157056 placearmies 7 2
Jibs_PC#6449176747178157056 placearmies 22 1
Jibs_PC#6449176747178157056 attack 7 4
Jibs_PC#6449176747178157056 roll 3
Jibs_PC#6449176747178157056 roll 2
DICE 3 2 4 3 0 4 3 
Jibs_PC#6449176747178157056 retreat
Jibs_PC#6449176747178157056 attack 7 3
Jibs_PC#6449176747178157056 roll 2
Jibs_PC#6449176747178157056 roll 1
DICE 2 1 2 0 3 
Jibs_PC#6449176747178157056 retreat
Jibs_PC#6449176747178157056 attack 22 24
Jibs_PC#6449176747178157056 roll 3
Jibs_PC#6449176747178157056 roll 2
DICE 3 2 2 2 1 3 0 
Jibs_PC#6449176747178157056 roll 3
Jibs_PC#6449176747178157056 roll 1
DICE 3 1 5 4 1 5 
Jibs_PC#6449176747178157056 retreat
Jibs_PC#6449176747178157056 attack 22 21
Jibs_PC#6449176747178157056 roll 2
Jibs_PC#6449176747178157056 roll 1
DICE 2 1 5 4 5 
Jibs_PC#6449176747178157056 retreat
Jibs_PC#6449176747178157056 endattack
Jibs_PC#6449176747178157056 nomove
CARD 
Jibs_PC#6449176747178157056 trade 26 36 wildcard
Jibs_PC#6449176747178157056 placearmies 19 10
Jibs_PC#6449176747178157056 placearmies 19 1
Jibs_PC#6449176747178157056 placearmies 19 1
Jibs_PC#6449176747178157056 placearmies 19 1
Jibs_PC#6449176747178157056 attack 19 21
Jibs_PC#6449176747178157056 roll 3
Jibs_PC#6449176747178157056 roll 1
DICE 3 1 2 2 2 2 
Jibs_PC#6449176747178157056 roll 3
Jibs_PC#6449176747178157056 roll 1
DICE 3 1 5 4 2 2 
Jibs_PC#6449176747178157056 move 12
Jibs_PC#6449176747178157056 attack 21 12
Jibs_PC#6449176747178157056 roll 3
Jibs_PC#6449176747178157056 roll 2
DICE 3 2 4 2 0 5 5 
Jibs_PC#6449176747178157056 roll 3
Jibs_PC#6449176747178157056 roll 2
DICE 3 2 5 5 0 1 0 
Jibs_PC#6449176747178157056 roll 3
Jibs_PC#6449176747178157056 roll 2
DICE 3 2 3 1 0 3 2 
Jibs_PC#6449176747178157056 roll 3
Jibs_PC#6449176747178157056 roll 2
DICE 3 2 3 0 0 4 0 
Jibs_PC#6449176747178157056 roll 3
Jibs_PC#6449176747178157056 roll 2
DICE 3 2 1 0 0 2 1 
Jibs_PC#6449176747178157056 roll 3
Jibs_PC#6449176747178157056 roll 2
DICE 3 2 4 3 1 5 2 
Jibs_PC#6449176747178157056 roll 2
Jibs_PC#6449176747178157056 roll 1
DICE 2 1 1 0 5 
Jibs_PC#6449176747178157056 retreat
Jibs_PC#6449176747178157056 endattack
Jibs_PC#6449176747178157056 movearmies 26 24 2
CARD 30
Jibs_PC#6449176747178157056 placearmies 40 3
Jibs_PC#6449176747178157056 placearmies 29 2
Jibs_PC#6449176747178157056 attack 40 42
Jibs_PC#6449176747178157056 roll 3
Jibs_PC#6449176747178157056 roll 2
DICE 3 2 4 2 2 3 0 
Jibs_PC#6449176747178157056 move 3
Jibs_PC#6449176747178157056 attack 29 32
Jibs_PC#6449176747178157056 roll 3
Jibs_PC#6449176747178157056 roll 1
DICE 3 1 3 2 2 4 
Jibs_PC#6449176747178157056 roll 3
Jibs_PC#6449176747178157056 roll 1
DICE 3 1 2 1 0 4 
Jibs_PC#6449176747178157056 roll 2
Jibs_PC#6449176747178157056 roll 1
DICE 2 1 2 0 1 
Jibs_PC#6449176747178157056 endattack
Jibs_PC#6449176747178157056 movearmies 42 41 1
CARD 13
Jibs_PC#6449176747178157056 placearmies 4 1
Jibs_PC#6449176747178157056 placearmies 12 1
Jibs_PC#6449176747178157056 placearmies 9 1
Jibs_PC#6449176747178157056 placearmies 4 1
Jibs_PC#6449176747178157056 placearmies 9 1
Jibs_PC#6449176747178157056 attack 9 8
Jibs_PC#6449176747178157056 roll 2
Jibs_PC#6449176747178157056 roll 1
DICE 2 1 5 4 2 
Jibs_PC#6449176747178157056 attack 4 3
Jibs_PC#6449176747178157056 roll 3
Jibs_PC#6449176747178157056 roll 1
DICE 3 1 1 0 0 4 
Jibs_PC#6449176747178157056 roll 3
Jibs_PC#6449176747178157056 roll 1
DICE 3 1 5 2 1 2 
Jibs_PC#6449176747178157056 attack 3 2
Jibs_PC#6449176747178157056 roll 2
Jibs_PC#6449176747178157056 roll 1
DICE 2 1 5 2 5 
Jibs_PC#6449176747178157056 retreat
Jibs_PC#6449176747178157056 endattack
Jibs_PC#6449176747178157056 movearmies 3 4 1
CARD 17
Jibs_PC#6449176747178157056 placearmies 7 2
Jibs_PC#6449176747178157056 placearmies 7 1
Jibs_PC#6449176747178157056 attack 7 4
Jibs_PC#6449176747178157056 roll 3
Jibs_PC#6449176747178157056 roll 2
DICE 3 2 1 0 0 4 3 
Jibs_PC#6449176747178157056 retreat
Jibs_PC#6449176747178157056 attack 7 3
Jibs_PC#6449176747178157056 roll 2
Jibs_PC#6449176747178157056 roll 1
DICE 2 1 4 0 0 
Jibs_PC#6449176747178157056 endattack
Jibs_PC#6449176747178157056 nomove
CARD 2
Jibs_PC#6449176747178157056 placearmies 24 3
Jibs_PC#6449176747178157056 attack 24 22
Jibs_PC#6449176747178157056 roll 3
Jibs_PC#6449176747178157056 roll 2
DICE 3 2 5 5 5 3 2 
Jibs_PC#6449176747178157056 move 5
Jibs_PC#6449176747178157056 attack 22 20
Jibs_PC#6449176747178157056 roll 3
Jibs_PC#6449176747178157056 roll 1
DICE 3 1 3 3 2 4 
Jibs_PC#6449176747178157056 roll 3
Jibs_PC#6449176747178157056 roll 1
DICE 3 1 4 3 0 3 
Jibs_PC#6449176747178157056 attack 20 18
Jibs_PC#6449176747178157056 roll 2
Jibs_PC#6449176747178157056 roll 1
DICE 2 1 3 2 4 
Jibs_PC#6449176747178157056 retreat
Jibs_PC#6449176747178157056 attack 15 18
Jibs_PC#6449176747178157056 roll 3
Jibs_PC#6449176747178157056 roll 1
DICE 3 1 3 1 0 2 
Jibs_PC#6449176747178157056 attack 18 16
Jibs_PC#6449176747178157056 roll 2
Jibs_PC#6449176747178157056 roll 1
DICE 2 1 5 2 1 
Jibs_PC#6449176747178157056 endattack
Jibs_PC#6449176747178157056 nomove
CARD 38
Jibs_PC#6449176747178157056 trade 41 11 13
Jibs_PC#6449176747178157056 placearmies 32 3
Jibs_PC#6449176747178157056 placearmies 30 3
Jibs_PC#6449176747178157056 placearmies 1 1
Jibs_PC#6449176747178157056 placearmies 28 2
Jibs_PC#6449176747178157056 placearmies 30 1
Jibs_PC#6449176747178157056 placearmies 30 2
Jibs_PC#6449176747178157056 placearmies 28 5
Jibs_PC#6449176747178157056 attack 28 16
Jibs_PC#6449176747178157056 roll 3
Jibs_PC#6449176747178157056 roll 2
DICE 3 2 1 0 0 0 0 
Jibs_PC#6449176747178157056 roll 3
Jibs_PC#6449176747178157056 roll 1
DICE 3 1 5 1 1 0 
Jibs_PC#6449176747178157056 move 9
Jibs_PC#6449176747178157056 attack 30 31
Jibs_PC#6449176747178157056 roll 3
Jibs_PC#6449176747178157056 roll 1
DICE 3 1 3 1 0 5 
Jibs_PC#6449176747178157056 roll 3
Jibs_PC#6449176747178157056 roll 1
DICE 3 1 4 4 2 2 
Jibs_PC#6449176747178157056 move 6
Jibs_PC#6449176747178157056 attack 31 22
Jibs_PC#6449176747178157056 roll 3
Jibs_PC#6449176747178157056 roll 1
DICE 3 1 4 2 0 2 
Jibs_PC#6449176747178157056 move 4
Jibs_PC#6449176747178157056 attack 16 20
Jibs_PC#6449176747178157056 roll 3
Jibs_PC#6449176747178157056 roll 2
DICE 3 2 4 1 1 5 1 
Jibs_PC#6449176747178157056 roll 3
Jibs_PC#6449176747178157056 roll 2
DICE 3 2 5 4 0 3 2 
Jibs_PC#6449176747178157056 move 5
Jibs_PC#6449176747178157056 attack 22 21
Jibs_PC#6449176747178157056 roll 3
Jibs_PC#6449176747178157056 roll 2
DICE 3 2 5 5 2 3 3 
Jibs_PC#6449176747178157056 attack 20 19
Jibs_PC#6449176747178157056 roll 3
Jibs_PC#6449176747178157056 roll 1
DICE 3 1 5 5 3 0 
Jibs_PC#6449176747178157056 move 3
Jibs_PC#6449176747178157056 attack 19 18
Jibs_PC#6449176747178157056 roll 2
Jibs_PC#6449176747178157056 roll 1
DICE 2 1 4 2 1 
Jibs_PC#6449176747178157056 endattack
Jibs_PC#6449176747178157056 movearmies 31 16 1
CARD 27
Jibs_PC#6449176747178157056 trade 35 9 17
Jibs_PC#6449176747178157056 placearmies 9 9
Jibs_PC#6449176747178157056 placearmies 9 3
Jibs_PC#6449176747178157056 placearmies 12 1
Jibs_PC#6449176747178157056 placearmies 9 2
Jibs_PC#6449176747178157056 attack 9 7
Jibs_PC#6449176747178157056 roll 3
Jibs_PC#6449176747178157056 roll 1
DICE 3 1 4 3 2 4 
Jibs_PC#6449176747178157056 roll 3
Jibs_PC#6449176747178157056 roll 1
DICE 3 1 2 1 0 5 
Jibs_PC#6449176747178157056 roll 3
Jibs_PC#6449176747178157056 roll 1
DICE 3 1 3 3 1 5 
Jibs_PC#6449176747178157056 roll 3
Jibs_PC#6449176747178157056 roll 1
DICE 3 1 5 5 0 4 
Jibs_PC#6449176747178157056 move 13
Jibs_PC#6449176747178157056 attack 7 6
Jibs_PC#6449176747178157056 roll 3
Jibs_PC#6449176747178157056 roll 1
DICE 3 1 4 3 0 3 
Jibs_PC#6449176747178157056 move 11
Jibs_PC#6449176747178157056 attack 6 2
Jibs_PC#6449176747178157056 roll 3
Jibs_PC#6449176747178157056 roll 1
DICE 3 1 5 5 5 5 
Jibs_PC#6449176747178157056 roll 3
Jibs_PC#6449176747178157056 roll 1
DICE 3 1 5 2 2 0 
Jibs_PC#6449176747178157056 move 8
Jibs_PC#6449176747178157056 attack 2 3
Jibs_PC#6449176747178157056 roll 3
Jibs_PC#6449176747178157056 roll 2
DICE 3 2 5 3 2 5 0 
Jibs_PC#6449176747178157056 roll 3
Jibs_PC#6449176747178157056 roll 1
DICE 3 1 5 4 0 2 
Jibs_PC#6449176747178157056 move 5
Jibs_PC#6449176747178157056 attack 3 1
Jibs_PC#6449176747178157056 roll 3
Jibs_PC#6449176747178157056 roll 2
DICE 3 2 5 4 4 5 0 
Jibs_PC#6449176747178157056 roll 3
Jibs_PC#6449176747178157056 roll 1
DICE 3 1 5 4 3 3 
Jibs_PC#6449176747178157056 attack 1 38
Jibs_PC#6449176747178157056 roll 2
Jibs_PC#6449176747178157056 roll 1
DICE 2 1 2 0 5 
Jibs_PC#6449176747178157056 retreat
Jibs_PC#6449176747178157056 endattack
Jibs_PC#6449176747178157056 movearmies 8 6 1
CARD 23
Jibs_PC#6449176747178157056 trade 19 31 38
Jibs_PC#6449176747178157056 placearmies 24 3
Jibs_PC#6449176747178157056 placearmies 24 4
Jibs_PC#6449176747178157056 placearmies 24 3
Jibs_PC#6449176747178157056 placearmies 24 3
Jibs_PC#6449176747178157056 attack 24 21
Jibs_PC#6449176747178157056 roll 3
Jibs_PC#6449176747178157056 roll 2
DICE 3 2 4 1 0 1 1 
Jibs_PC#6449176747178157056 roll 3
Jibs_PC#6449176747178157056 roll 2
DICE 3 2 5 0 0 3 0 
Jibs_PC#6449176747178157056 roll 3
Jibs_PC#6449176747178157056 roll 1
DICE 3 1 3 2 2 5 
Jibs_PC#6449176747178157056 roll 3
Jibs_PC#6449176747178157056 roll 1
DICE 3 1 4 3 2 0 
Jibs_PC#6449176747178157056 move 10
Jibs_PC#6449176747178157056 attack 21 12
Jibs_PC#6449176747178157056 roll 3
Jibs_PC#6449176747178157056 roll 2
DICE 3 2 3 3 3 2 2 
Jibs_PC#6449176747178157056 roll 3
Jibs_PC#6449176747178157056 roll 1
DICE 3 1 3 0 0 4 
Jibs_PC#6449176747178157056 roll 3
Jibs_PC#6449176747178157056 roll 1
DICE 3 1 5 2 0 0 
Jibs_PC#6449176747178157056 move 8
Jibs_PC#6449176747178157056 attack 12 10
Jibs_PC#6449176747178157056 roll 3
Jibs_PC#6449176747178157056 roll 1
DICE 3 1 3 2 2 1 
Jibs_PC#6449176747178157056 move 7
Jibs_PC#6449176747178157056 attack 10 11
Jibs_PC#6449176747178157056 roll 3
Jibs_PC#6449176747178157056 roll 1
DICE 3 1 5 3 3 3 
Jibs_PC#6449176747178157056 move 5
Jibs_PC#6449176747178157056 attack 11 13
Jibs_PC#6449176747178157056 roll 3
Jibs_PC#6449176747178157056 roll 1
DICE 3 1 3 2 1 2 
Jibs_PC#6449176747178157056 move 3
Jibs_PC#6449176747178157056 endattack
Jibs_PC#6449176747178157056 movearmies 11 10 1
CARD 29
Jibs_PC#6449176747178157056 placearmies 18 9
Jibs_PC#6449176747178157056 placearmies 38 1
Jibs_PC#6449176747178157056 placearmies 22 1
Jibs_PC#6449176747178157056 placearmies 38 4
Jibs_PC#6449176747178157056 placearmies 38 1
Jibs_PC#6449176747178157056 attack 38 1
Jibs_PC#6449176747178157056 roll 3
Jibs_PC#6449176747178157056 roll 2
DICE 3 2 3 1 0 4 1 
Jibs_PC#6449176747178157056 roll 3
Jibs_PC#6449176747178157056 roll 2
DICE 3 2 5 4 0 5 5 
Jibs_PC#6449176747178157056 retreat
Jibs_PC#6449176747178157056 attack 18 15
Jibs_PC#6449176747178157056 roll 3
Jibs_PC#6449176747178157056 roll 1
DICE 3 1 4 0 0 4 
Jibs_PC#6449176747178157056 roll 3
Jibs_PC#6449176747178157056 roll 1
DICE 3 1 4 3 0 5 
Jibs_PC#6449176747178157056 retreat
Jibs_PC#6449176747178157056 attack 16 15
Jibs_PC#6449176747178157056 roll 2
Jibs_PC#6449176747178157056 roll 1
DICE 2 1 3 0 0 
Jibs_PC#6449176747178157056 attack 18 17
Jibs_PC#6449176747178157056 roll 3
Jibs_PC#6449176747178157056 roll 1
DICE 3 1 2 1 0 1 
Jibs_PC#6449176747178157056 move 8
Jibs_PC#6449176747178157056 attack 17 14
Jibs_PC#6449176747178157056 roll 3
Jibs_PC#6449176747178157056 roll 1
DICE 3 1 5 1 1 2 
Jibs_PC#6449176747178157056 move 7
Jibs_PC#6449176747178157056 attack 14 6
Jibs_PC#6449176747178157056 roll 3
Jibs_PC#6449176747178157056 roll 2
DICE 3 2 3 2 0 2 2 
Jibs_PC#6449176747178157056 roll 3
Jibs_PC#6449176747178157056 roll 2
DICE 3 2 5 1 0 3 1 
Jibs_PC#6449176747178157056 roll 3
Jibs_PC#6449176747178157056 roll 1
DICE 3 1 4 1 0 3 
Jibs_PC#6449176747178157056 move 4
Jibs_PC#6449176747178157056 endattack
Jibs_PC#6449176747178157056 movearmies 34 38 1
CARD 20
Jibs_PC#6449176747178157056 trade 33 32 39
Jibs_PC#6449176747178157056 placearmies 7 6
Jibs_PC#6449176747178157056 placearmies 7 3
Jibs_PC#6449176747178157056 placearmies 7 1
Jibs_PC#6449176747178157056 placearmies 7 1
Jibs_PC#6449176747178157056 placearmies 7 1
Jibs_PC#6449176747178157056 placearmies 7 1
Jibs_PC#6449176747178157056 attack 7 6
Jibs_PC#6449176747178157056 roll 3
Jibs_PC#6449176747178157056 roll 2
DICE 3 2 5 4 3 5 1 
Jibs_PC#6449176747178157056 roll 3
Jibs_PC#6449176747178157056 roll 2
DICE 3 2 3 3 1 0 0 
Jibs_PC#6449176747178157056 roll 3
Jibs_PC#6449176747178157056 roll 1
DICE 3 1 4 3 0 1 
Jibs_PC#6449176747178157056 move 13
Jibs_PC#6449176747178157056 attack 6 14
Jibs_PC#6449176747178157056 roll 3
Jibs_PC#6449176747178157056 roll 1
DICE 3 1 3 0 0 3 
Jibs_PC#6449176747178157056 roll 3
Jibs_PC#6449176747178157056 roll 1
DICE 3 1 5 4 1 2 
Jibs_PC#6449176747178157056 move 11
Jibs_PC#6449176747178157056 attack 14 15
Jibs_PC#6449176747178157056 roll 3
Jibs_PC#6449176747178157056 roll 2
DICE 3 2 0 0 0 5 4 
Jibs_PC#6449176747178157056 roll 3
Jibs_PC#6449176747178157056 roll 2
DICE 3 2 5 5 1 5 1 
Jibs_PC#6449176747178157056 roll 3
Jibs_PC#6449176747178157056 roll 1
DICE 3 1 5 5 4 1 
Jibs_PC#6449176747178157056 move 6
Jibs_PC#6449176747178157056 attack 15 16
Jibs_PC#6449176747178157056 roll 3
Jibs_PC#6449176747178157056 roll 1
DICE 3 1 2 1 0 3 
Jibs_PC#6449176747178157056 roll 3
Jibs_PC#6449176747178157056 roll 1
DICE 3 1 4 4 4 4 
Jibs_PC#6449176747178157056 retreat
Jibs_PC#6449176747178157056 attack 15 18
Jibs_PC#6449176747178157056 roll 3
Jibs_PC#6449176747178157056 roll 1
DICE 3 1 5 4 0 0 
Jibs_PC#6449176747178157056 attack 18 19
Jibs_PC#6449176747178157056 roll 2
Jibs_PC#6449176747178157056 roll 1
DICE 2 1 5 0 0 
Jibs_PC#6449176747178157056 endattack
Jibs_PC#6449176747178157056 movearmies 2 1 1
CARD 3
Jibs_PC#6449176747178157056 placearmies 10 1
Jibs_PC#6449176747178157056 placearmies 21 1
Jibs_PC#6449176747178157056 placearmies 21 3
Jibs_PC#6449176747178157056 attack 10 5
Jibs_PC#6449176747178157056 roll 3
Jibs_PC#6449176747178157056 roll 1
DICE 3 1 5 3 2 2 
Jibs_PC#6449176747178157056 attack 21 22
Jibs_PC#6449176747178157056 roll 3
Jibs_PC#6449176747178157056 roll 2
DICE 3 2 3 3 2 1 0 
Jibs_PC#6449176747178157056 move 3
Jibs_PC#6449176747178157056 attack 22 31
Jibs_PC#6449176747178157056 roll 2
Jibs_PC#6449176747178157056 roll 1
DICE 2 1 3 3 4 
Jibs_PC#6449176747178157056 retreat
Jibs_PC#6449176747178157056 endattack
Jibs_PC#6449176747178157056 movearmies 5 10 2
CARD wildcard
Jibs_PC#6449176747178157056 placearmies 16 11
Jibs_PC#6449176747178157056 placearmies 31 1
Jibs_PC#6449176747178157056 placearmies 31 3
Jibs_PC#6449176747178157056 attack 16 18
Jibs_PC#6449176747178157056 roll 3
Jibs_PC#6449176747178157056 roll 1
DICE 3 1 5 3 3 4 
Jibs_PC#6449176747178157056 move 10
Jibs_PC#6449176747178157056 attack 18 19
Jibs_PC#6449176747178157056 roll 3
Jibs_PC#6449176747178157056 roll 2
DICE 3 2 5 2 1 4 2 
Jibs_PC#6449176747178157056 roll 3
Jibs_PC#6449176747178157056 roll 1
DICE 3 1 5 1 1 0 
Jibs_PC#6449176747178157056 move 8
Jibs_PC#6449176747178157056 attack 19 21
Jibs_PC#6449176747178157056 roll 3
Jibs_PC#6449176747178157056 roll 2
DICE 3 2 5 3 2 3 3 
Jibs_PC#6449176747178157056 roll 3
Jibs_PC#6449176747178157056 roll 1
DICE 3 1 4 3 0 5 
Jibs_PC#6449176747178157056 roll 3
Jibs_PC#6449176747178157056 roll 1
DICE 3 1 4 3 2 5 
Jibs_PC#6449176747178157056 roll 3
Jibs_PC#6449176747178157056 roll 1
DICE 3 1 5 2 1 0 
Jibs_PC#6449176747178157056 move 4
Jibs_PC#6449176747178157056 attack 21 12
Jibs_PC#6449176747178157056 roll 3
Jibs_PC#6449176747178157056 roll 1
DICE 3 1 3 2 2 4 
Jibs_PC#6449176747178157056 roll 2
Jibs_PC#6449176747178157056 roll 1
DICE 2 1 5 0 1 
Jibs_PC#6449176747178157056 attack 31 22
Jibs_PC#6449176747178157056 roll 3
Jibs_PC#6449176747178157056 roll 2
DICE 3 2 5 2 2 2 0 
Jibs_PC#6449176747178157056 move 4
Jibs_PC#6449176747178157056 endattack
Jibs_PC#6449176747178157056 movearmies 12 21 1
CARD 37
Jibs_PC#6449176747178157056 trade 2 23 3
Jibs_PC#6449176747178157056 placearmies 4 2
Jibs_PC#6449176747178157056 placearmies 1 6
Jibs_PC#6449176747178157056 placearmies 4 1
Jibs_PC#6449176747178157056 placearmies 14 3
Jibs_PC#6449176747178157056 placearmies 1 1
Jibs_PC#6449176747178157056 attack 1 38
Jibs_PC#6449176747178157056 roll 3
Jibs_PC#6449176747178157056 roll 2
DICE 3 2 4 3 1 5 0 
Jibs_PC#6449176747178157056 roll 3
Jibs_PC#6449176747178157056 roll 2
DICE 3 2 5 3 0 3 2 
Jibs_PC#6449176747178157056 roll 3
Jibs_PC#6449176747178157056 roll 1
DICE 3 1 1 1 0 2 
Jibs_PC#6449176747178157056 roll 3
Jibs_PC#6449176747178157056 roll 1
DICE 3 1 5 3 1 4 
Jibs_PC#6449176747178157056 move 7
Jibs_PC#6449176747178157056 attack 4 5
Jibs_PC#6449176747178157056 roll 3
Jibs_PC#6449176747178157056 roll 1
DICE 3 1 3 3 0 4 
Jibs_PC#6449176747178157056 roll 3
Jibs_PC#6449176747178157056 roll 1
DICE 3 1 3 3 0 4 
Jibs_PC#6449176747178157056 roll 2
Jibs_PC#6449176747178157056 roll 1
DICE 2 1 5 0 1 
Jibs_PC#6449176747178157056 attack 14 17
Jibs_PC#6449176747178157056 roll 3
Jibs_PC#6449176747178157056 roll 1
DICE 3 1 4 4 3 0 
Jibs_PC#6449176747178157056 move 4
Jibs_PC#6449176747178157056 attack 17 19
Jibs_PC#6449176747178157056 roll 3
Jibs_PC#6449176747178157056 roll 1
DICE 3 1 3 1 0 4 
Jibs_PC#6449176747178157056 roll 2
Jibs_PC#6449176747178157056 roll 1
DICE 2 1 1 0 0 
Jibs_PC#6449176747178157056 attack 38 37
Jibs_PC#6449176747178157056 roll 3
Jibs_PC#6449176747178157056 roll 1
DICE 3 1 5 1 0 3 
Jibs_PC#6449176747178157056 move 5
Jibs_PC#6449176747178157056 attack 37 36
Jibs_PC#6449176747178157056 roll 3
Jibs_PC#6449176747178157056 roll 1
DICE 3 1 5 2 1 0 
Jibs_PC#6449176747178157056 move 4
Jibs_PC#6449176747178157056 attack 36 35
Jibs_PC#6449176747178157056 roll 3
Jibs_PC#6449176747178157056 roll 1
DICE 3 1 3 3 2 1 
Jibs_PC#6449176747178157056 attack 35 34
Jibs_PC#6449176747178157056 roll 2
Jibs_PC#6449176747178157056 roll 1
DICE 2 1 5 2 0 
Jibs_PC#6449176747178157056 endattack
Jibs_PC#6449176747178157056 movearmies 19 17 1
CARD 15
Jibs_PC#6449176747178157056 trade 30 29 wildcard
Jibs_PC#6449176747178157056 placearmies 10 1
Jibs_PC#6449176747178157056 placearmies 10 1
Jibs_PC#6449176747178157056 placearmies 10 11
Jibs_PC#6449176747178157056 attack 10 12
Jibs_PC#6449176747178157056 roll 3
Jibs_PC#6449176747178157056 roll 1
DICE 3 1 3 1 0 1 
Jibs_PC#6449176747178157056 move 14
Jibs_PC#6449176747178157056 attack 12 21
Jibs_PC#6449176747178157056 roll 3
Jibs_PC#6449176747178157056 roll 2
DICE 3 2 4 1 0 5 2 
Jibs_PC#6449176747178157056 roll 3
Jibs_PC#6449176747178157056 roll 2
DICE 3 2 5 4 4 5 3 
Jibs_PC#6449176747178157056 roll 3
Jibs_PC#6449176747178157056 roll 1
DICE 3 1 5 1 0 2 
Jibs_PC#6449176747178157056 move 10
Jibs_PC#6449176747178157056 attack 21 22
Jibs_PC#6449176747178157056 roll 3
Jibs_PC#6449176747178157056 roll 2
DICE 3 2 5 4 4 3 0 
Jibs_PC#6449176747178157056 roll 3
Jibs_PC#6449176747178157056 roll 2
DICE 3 2 3 1 0 4 1 
Jibs_PC#6449176747178157056 roll 3
Jibs_PC#6449176747178157056 roll 2
DICE 3 2 1 0 0 3 1 
Jibs_PC#6449176747178157056 roll 3
Jibs_PC#6449176747178157056 roll 2
DICE 3 2 5 4 3 5 4 
Jibs_PC#6449176747178157056 roll 3
Jibs_PC#6449176747178157056 roll 2
DICE 3 2 4 3 2 3 0 
Jibs_PC#6449176747178157056 endattack
Jibs_PC#6449176747178157056 movearmies 13 11 1
CARD 1
Jibs_PC#6449176747178157056 trade 5 27 37
Jibs_PC#6449176747178157056 placearmies 27 14
Jibs_PC#6449176747178157056 placearmies 27 2
Jibs_PC#6449176747178157056 attack 27 34
Jibs_PC#6449176747178157056 roll 3
Jibs_PC#6449176747178157056 roll 2
DICE 3 2 4 0 0 1 0 
Jibs_PC#6449176747178157056 roll 3
Jibs_PC#6449176747178157056 roll 1
DICE 3 1 5 4 2 5 
Jibs_PC#6449176747178157056 roll 3
Jibs_PC#6449176747178157056 roll 1
DICE 3 1 5 4 4 3 
Jibs_PC#6449176747178157056 move 15
Jibs_PC#6449176747178157056 attack 34 38
Jibs_PC#6449176747178157056 roll 3
Jibs_PC#6449176747178157056 roll 2
DICE 3 2 4 3 1 4 2 
Jibs_PC#6449176747178157056 roll 3
Jibs_PC#6449176747178157056 roll 1
DICE 3 1 1 0 0 0 
Jibs_PC#6449176747178157056 move 13
Jibs_PC#6449176747178157056 attack 38 1
Jibs_PC#6449176747178157056 roll 3
Jibs_PC#6449176747178157056 roll 1
DICE 3 1 2 1 0 2 
Jibs_PC#6449176747178157056 roll 3
Jibs_PC#6449176747178157056 roll 1
DICE 3 1 4 0 0 4 
Jibs_PC#6449176747178157056 roll 3
Jibs_PC#6449176747178157056 roll 1
DICE 3 1 5 2 0 5 
Jibs_PC#6449176747178157056 roll 3
Jibs_PC#6449176747178157056 roll 1
DICE 3 1 4 3 2 2 
Jibs_PC#6449176747178157056 move 9
Jibs_PC#6449176747178157056 attack 1 3
Jibs_PC#6449176747178157056 roll 3
Jibs_PC#6449176747178157056 roll 1
DICE 3 1 3 2 1 1 
Jibs_PC#6449176747178157056 move 8
Jibs_PC#6449176747178157056 attack 3 7
Jibs_PC#6449176747178157056 roll 3
Jibs_PC#6449176747178157056 roll 1
DICE 3 1 4 2 2 3 
Jibs_PC#6449176747178157056 move 7
Jibs_PC#6449176747178157056 attack 7 9
Jibs_PC#6449176747178157056 roll 3
Jibs_PC#6449176747178157056 roll 1
DICE 3 1 5 4 2 0 
Jibs_PC#6449176747178157056 move 6
Jibs_PC#6449176747178157056 attack 9 8
Jibs_PC#6449176747178157056 roll 3
Jibs_PC#6449176747178157056 roll 1
DICE 3 1 5 4 4 2 
Jibs_PC#6449176747178157056 move 5
Jibs_PC#6449176747178157056 attack 8 6
Jibs_PC#6449176747178157056 roll 3
Jibs_PC#6449176747178157056 roll 1
DICE 3 1 5 5 0 4 
Jibs_PC#6449176747178157056 move 4
Jibs_PC#6449176747178157056 attack 6 14
Jibs_PC#6449176747178157056 roll 3
Jibs_PC#6449176747178157056 roll 1
DICE 3 1 5 3 0 0 
Jibs_PC#6449176747178157056 attack 14 15
Jibs_PC#6449176747178157056 roll 2
Jibs_PC#6449176747178157056 roll 1
DICE 2 1 5 4 2 
Jibs_PC#6449176747178157056 endattack
Jibs_PC#6449176747178157056 movearmies 32 29 4
CARD 25
Jibs_PC#6449176747178157056 placearmies 2 2
Jibs_PC#6449176747178157056 placearmies 36 1
Jibs_PC#6449176747178157056 attack 2 1
Jibs_PC#6449176747178157056 roll 3
Jibs_PC#6449176747178157056 roll 1
DICE 3 1 1 1 0 0 
Jibs_PC#6449176747178157056 move 4
Jibs_PC#6449176747178157056 attack 1 3
Jibs_PC#6449176747178157056 roll 3
Jibs_PC#6449176747178157056 roll 1
DICE 3 1 4 4 1 2 
Jibs_PC#6449176747178157056 attack 3 7
Jibs_PC#6449176747178157056 roll 2
Jibs_PC#6449176747178157056 roll 1
DICE 2 1 3 3 1 
Jibs_PC#6449176747178157056 endattack
Jibs_PC#6449176747178157056 nomove
CARD 14
Jibs_PC#6449176747178157056 placearmies 21 1
Jibs_PC#6449176747178157056 placearmies 21 4
Jibs_PC#6449176747178157056 placearmies 21 3
Jibs_PC#6449176747178157056 attack 21 20
Jibs_PC#6449176747178157056 roll 3
Jibs_PC#6449176747178157056 roll 2
DICE 3 2 5 4 2 2 0 
Jibs_PC#6449176747178157056 move 7
Jibs_PC#6449176747178157056 attack 20 19
Jibs_PC#6449176747178157056 roll 3
Jibs_PC#6449176747178157056 roll 1
DICE 3 1 5 3 2 1 
Jibs_PC#6449176747178157056 move 5
Jibs_PC#6449176747178157056 attack 19 18
Jibs_PC#6449176747178157056 roll 3
Jibs_PC#6449176747178157056 roll 1
DICE 3 1 4 3 1 4 
Jibs_PC#6449176747178157056 roll 3
Jibs_PC#6449176747178157056 roll 1
DICE 3 1 2 1 0 1 
Jibs_PC#6449176747178157056 endattack
Jibs_PC#6449176747178157056 movearmies 18 20 2
CARD 28
Jibs_PC#6449176747178157056 placearmies 29 4
Jibs_PC#6449176747178157056 placearmies 31 1
Jibs_PC#6449176747178157056 placearmies 31 2
Jibs_PC#6449176747178157056 placearmies 16 1
Jibs_PC#6449176747178157056 attack 29 36
Jibs_PC#6449176747178157056 roll 3
Jibs_PC#6449176747178157056 roll 2
DICE 3 2 5 3 2 4 4 
Jibs_PC#6449176747178157056 roll 3
Jibs_PC#6449176747178157056 roll 1
DICE 3 1 5 3 2 5 
Jibs_PC#6449176747178157056 roll 3
Jibs_PC#6449176747178157056 roll 1
DICE 3 1 3 2 0 1 
Jibs_PC#6449176747178157056 move 6
Jibs_PC#6449176747178157056 attack 36 37
Jibs_PC#6449176747178157056 roll 3
Jibs_PC#6449176747178157056 roll 1
DICE 3 1 3 2 0 2 
Jibs_PC#6449176747178157056 move 3
Jibs_PC#6449176747178157056 attack 36 35
Jibs_PC#6449176747178157056 roll 2
Jibs_PC#6449176747178157056 roll 1
DICE 2 1 2 1 1 
Jibs_PC#6449176747178157056 endattack
Jibs_PC#6449176747178157056 movearmies 15 16 1
CARD 36
Jibs_PC#6449176747178157056 placearmies 5 2
Jibs_PC#6449176747178157056 placearmies 5 1
Jibs_PC#6449176747178157056 attack 5 9
Jibs_PC#6449176747178157056 roll 3
Jibs_PC#6449176747178157056 roll 1
DICE 3 1 5 4 4 4 
Jibs_PC#6449176747178157056 move 4
Jibs_PC#6449176747178157056 endattack
Jibs_PC#6449176747178157056 nomove
CARD 42
Jibs_PC#6449176747178157056 placearmies 20 5
Jibs_PC#6449176747178157056 placearmies 20 4
Jibs_PC#6449176747178157056 attack 20 31
Jibs_PC#6449176747178157056 roll 3
Jibs_PC#6449176747178157056 roll 2
DICE 3 2 4 3 3 4 2 
Jibs_PC#6449176747178157056 roll 3
Jibs_PC#6449176747178157056 roll 2
DICE 3 2 5 4 4 5 4 
Jibs_PC#6449176747178157056 roll 3
Jibs_PC#6449176747178157056 roll 2
DICE 3 2 4 4 2 5 2 
Jibs_PC#6449176747178157056 roll 3
Jibs_PC#6449176747178157056 roll 2
DICE 3 2 3 3 0 4 0 
Jibs_PC#6449176747178157056 roll 3
Jibs_PC#6449176747178157056 roll 1
DICE 3 1 3 1 1 1 
Jibs_PC#6449176747178157056 move 6
Jibs_PC#6449176747178157056 attack 31 16
Jibs_PC#6449176747178157056 roll 3
Jibs_PC#6449176747178157056 roll 2
DICE 3 2 3 1 0 3 1 
Jibs_PC#6449176747178157056 roll 3
Jibs_PC#6449176747178157056 roll 2
DICE 3 2 3 1 1 3 0 
Jibs_PC#6449176747178157056 retreat
Jibs_PC#6449176747178157056 endattack
Jibs_PC#6449176747178157056 movearmies 31 22 2
CARD 7
Jibs_PC#6449176747178157056 placearmies 16 2
Jibs_PC#6449176747178157056 placearmies 38 1
Jibs_PC#6449176747178157056 placearmies 30 1
Jibs_PC#6449176747178157056 placearmies 32 1
Jibs_PC#6449176747178157056 placearmies 16 3
Jibs_PC#6449176747178157056 attack 16 20
Jibs_PC#6449176747178157056 roll 3
Jibs_PC#6449176747178157056 roll 2
DICE 3 2 4 1 1 3 1 
Jibs_PC#6449176747178157056 roll 3
Jibs_PC#6449176747178157056 roll 1
DICE 3 1 3 2 0 5 
Jibs_PC#6449176747178157056 retreat
Jibs_PC#6449176747178157056 attack 16 31
Jibs_PC#6449176747178157056 roll 3
Jibs_PC#6449176747178157056 roll 1
DICE 3 1 3 2 1 1 
Jibs_PC#6449176747178157056 move 4
Jibs_PC#6449176747178157056 endattack
Jibs_PC#6449176747178157056 movearmies 37 38 2
CARD 24
Jibs_PC#6449176747178157056 placearmies 9 3
Jibs_PC#6449176747178157056 attack 9 8
Jibs_PC#6449176747178157056 roll 3
Jibs_PC#6449176747178157056 roll 1
DICE 3 1 3 2 2 5 
Jibs_PC#6449176747178157056 roll 3
Jibs_PC#6449176747178157056 roll 1
DICE 3 1 5 1 1 3 
Jibs_PC#6449176747178157056 move 5
Jibs_PC#6449176747178157056 attack 8 6
Jibs_PC#6449176747178157056 roll 3
Jibs_PC#6449176747178157056 roll 1
DICE 3 1 4 1 0 4 
Jibs_PC#6449176747178157056 roll 3
Jibs_PC#6449176747178157056 roll 1
DICE 3 1 3 1 0 4 
Jibs_PC#6449176747178157056 retreat
Jibs_PC#6449176747178157056 endattack
Jibs_PC#6449176747178157056 nomove
CARD 40
Jibs_PC#6449176747178157056 placearmies 18 9
Jibs_PC#6449176747178157056 attack 18 16
Jibs_PC#6449176747178157056 roll 3
Jibs_PC#6449176747178157056 roll 2
DICE 3 2 4 3 2 4 0 
Jibs_PC#6449176747178157056 roll 3
Jibs_PC#6449176747178157056 roll 1
DICE 3 1 3 1 1 3 
Jibs_PC#6449176747178157056 roll 3
Jibs_PC#6449176747178157056 roll 1
DICE 3 1 4 4 2 4 
Jibs_PC#6449176747178157056 roll 3
Jibs_PC#6449176747178157056 roll 1
DICE 3 1 5 5 1 2 
Jibs_PC#6449176747178157056 move 6
Jibs_PC#6449176747178157056 attack 16 28
Jibs_PC#6449176747178157056 roll 3
Jibs_PC#6449176747178157056 roll 1
DICE 3 1 5 3 1 0 
Jibs_PC#6449176747178157056 move 5
Jibs_PC#6449176747178157056 attack 28 29
Jibs_PC#6449176747178157056 roll 3
Jibs_PC#6449176747178157056 roll 1
DICE 3 1 5 4 4 2 
Jibs_PC#6449176747178157056 move 4
Jibs_PC#6449176747178157056 attack 22 31
Jibs_PC#6449176747178157056 roll 3
Jibs_PC#6449176747178157056 roll 2
DICE 3 2 2 2 0 4 1 
Jibs_PC#6449176747178157056 roll 3
Jibs_PC#6449176747178157056 roll 2
DICE 3 2 4 1 0 1 0 
Jibs_PC#6449176747178157056 retreat
Jibs_PC#6449176747178157056 endattack
Jibs_PC#6449176747178157056 movearmies 11 10 1
CARD 4
Jibs_PC#6449176747178157056 trade 25 36 24
Jibs_PC#6449176747178157056 placearmies 27 10
Jibs_PC#6449176747178157056 placearmies 33 1
Jibs_PC#6449176747178157056 placearmies 33 2
Jibs_PC#6449176747178157056 placearmies 27 2
Jibs_PC#6449176747178157056 attack 27 28
Jibs_PC#6449176747178157056 roll 3
Jibs_PC#6449176747178157056 roll 1
DICE 3 1 4 3 0 2 
Jibs_PC#6449176747178157056 move 13
Jibs_PC#6449176747178157056 attack 28 16
Jibs_PC#6449176747178157056 roll 3
Jibs_PC#6449176747178157056 roll 1
DICE 3 1 2 0 0 5 
Jibs_PC#6449176747178157056 roll 3
Jibs_PC#6449176747178157056 roll 1
DICE 3 1 2 2 0 0 
Jibs_PC#6449176747178157056 move 11
Jibs_PC#6449176747178157056 attack 16 20
Jibs_PC#6449176747178157056 roll 3
Jibs_PC#6449176747178157056 roll 1
DICE 3 1 2 1 0 5 
Jibs_PC#6449176747178157056 roll 3
Jibs_PC#6449176747178157056 roll 1
DICE 3 1 4 1 0 0 
Jibs_PC#6449176747178157056 move 9
Jibs_PC#6449176747178157056 attack 20 21
Jibs_PC#6449176747178157056 roll 3
Jibs_PC#6449176747178157056 roll 2
DICE 3 2 5 3 1 4 2 
Jibs_PC#6449176747178157056 move 8
Jibs_PC#6449176747178157056 attack 21 12
Jibs_PC#6449176747178157056 roll 3
Jibs_PC#6449176747178157056 roll 1
DICE 3 1 5 5 0 0 
Jibs_PC#6449176747178157056 move 7
Jibs_PC#6449176747178157056 attack 12 13
Jibs_PC#6449176747178157056 roll 3
Jibs_PC#6449176747178157056 roll 2
DICE 3 2 5 5 1 3 1 
Jibs_PC#6449176747178157056 move 6
Jibs_PC#6449176747178157056 attack 13 11
Jibs_PC#6449176747178157056 roll 3
Jibs_PC#6449176747178157056 roll 1
DICE 3 1 4 3 0 4 
Jibs_PC#6449176747178157056 roll 3
Jibs_PC#6449176747178157056 roll 1
DICE 3 1 5 4 3 1 
Jibs_PC#6449176747178157056 move 4
Jibs_PC#6449176747178157056 endattack
Jibs_PC#6449176747178157056 movearmies 32 33 1
CARD 12
Jibs_PC#6449176747178157056 trade 15 14 40
Jibs_PC#6449176747178157056 placearmies 8 2
Jibs_PC#6449176747178157056 placearmies 17 11
Jibs_PC#6449176747178157056 attack 17 14
Jibs_PC#6449176747178157056 roll 3
Jibs_PC#6449176747178157056 roll 1
DICE 3 1 5 4 2 3 
Jibs_PC#6449176747178157056 move 12
Jibs_PC#6449176747178157056 attack 8 6
Jibs_PC#6449176747178157056 roll 3
Jibs_PC#6449176747178157056 roll 1
DICE 3 1 4 2 1 4 
Jibs_PC#6449176747178157056 roll 3
Jibs_PC#6449176747178157056 roll 1
DICE 3 1 5 0 0 5 
Jibs_PC#6449176747178157056 roll 2
Jibs_PC#6449176747178157056 roll 1
DICE 2 1 4 0 1 
Jibs_PC#6449176747178157056 attack 14 15
Jibs_PC#6449176747178157056 roll 3
Jibs_PC#6449176747178157056 roll 1
DICE 3 1 4 4 0 2 
Jibs_PC#6449176747178157056 move 11
Jibs_PC#6449176747178157056 attack 15 18
Jibs_PC#6449176747178157056 roll 3
Jibs_PC#6449176747178157056 roll 1
DICE 3 1 2 1 0 3 
Jibs_PC#6449176747178157056 roll 3
Jibs_PC#6449176747178157056 roll 1
DICE 3 1 2 2 0 4 
Jibs_PC#6449176747178157056 roll 3
Jibs_PC#6449176747178157056 roll 1
DICE 3 1 3 1 0 2 
Jibs_PC#6449176747178157056 move 7
Jibs_PC#6449176747178157056 attack 18 20
Jibs_PC#6449176747178157056 roll 3
Jibs_PC#6449176747178157056 roll 1
DICE 3 1 2 1 0 0 
Jibs_PC#6449176747178157056 move 6
Jibs_PC#6449176747178157056 attack 20 19
Jibs_PC#6449176747178157056 roll 3
Jibs_PC#6449176747178157056 roll 1
DICE 3 1 3 1 0 4 
Jibs_PC#6449176747178157056 roll 3
Jibs_PC#6449176747178157056 roll 1
DICE 3 1 5 5 3 5 
Jibs_PC#6449176747178157056 roll 3
Jibs_PC#6449176747178157056 roll 1
DICE 3 1 1 1 0 0 
Jibs_PC#6449176747178157056 endattack
Jibs_PC#6449176747178157056 nomove
CARD 16
Jibs_PC#6449176747178157056 placearmies 22 1
Jibs_PC#6449176747178157056 placearmies 10 2
Jibs_PC#6449176747178157056 attack 22 21
Jibs_PC#6449176747178157056 roll 3
Jibs_PC#6449176747178157056 roll 1
DICE 3 1 1 0 0 1 
Jibs_PC#6449176747178157056 roll 3
Jibs_PC#6449176747178157056 roll 1
DICE 3 1 5 3 2 2 
Jibs_PC#6449176747178157056 attack 10 12
Jibs_PC#6449176747178157056 roll 3
Jibs_PC#6449176747178157056 roll 1
DICE 3 1 4 2 0 3 
Jibs_PC#6449176747178157056 move 4
Jibs_PC#6449176747178157056 attack 12 13
Jibs_PC#6449176747178157056 roll 3
Jibs_PC#6449176747178157056 roll 1
DICE 3 1 5 1 1 3 
Jibs_PC#6449176747178157056 endattack
Jibs_PC#6449176747178157056 nomove
CARD 6
Jibs_PC#6449176747178157056 placearmies 33 4
Jibs_PC#6449176747178157056 placearmies 38 1
Jibs_PC#6449176747178157056 placearmies 11 1
Jibs_PC#6449176747178157056 placearmies 11 1
Jibs_PC#6449176747178157056 attack 38 1
Jibs_PC#6449176747178157056 roll 3
Jibs_PC#6449176747178157056 roll 1
DICE 3 1 2 0 0 1 
Jibs_PC#6449176747178157056 move 4
Jibs_PC#6449176747178157056 attack 33 29
Jibs_PC#6449176747178157056 roll 3
Jibs_PC#6449176747178157056 roll 2
DICE 3 2 4 3 0 5 5 
Jibs_PC#6449176747178157056 roll 3
Jibs_PC#6449176747178157056 roll 2
DICE 3 2 2 1 0 2 1 
Jibs_PC#6449176747178157056 retreat
Jibs_PC#6449176747178157056 attack 11 12
Jibs_PC#6449176747178157056 roll 3
Jibs_PC#6449176747178157056 roll 1
DICE 3 1 3 3 1 2 
Jibs_PC#6449176747178157056 move 5
Jibs_PC#6449176747178157056 attack 12 21
Jibs_PC#6449176747178157056 roll 3
Jibs_PC#6449176747178157056 roll 2
DICE 3 2 3 2 1 4 0 
Jibs_PC#6449176747178157056 roll 3
Jibs_PC#6449176747178157056 roll 2
DICE 3 2 5 3 2 2 0 
Jibs_PC#6449176747178157056 attack 33 29
Jibs_PC#6449176747178157056 roll 3
Jibs_PC#6449176747178157056 roll 2
DICE 3 2 5 1 1 5 2 
Jibs_PC#6449176747178157056 retreat
Jibs_PC#6449176747178157056 endattack
Jibs_PC#6449176747178157056 movearmies 35 36 1
CARD 34
Jibs_PC#6449176747178157056 placearmies 15 3
Jibs_PC#6449176747178157056 placearmies 3 1
Jibs_PC#6449176747178157056 attack 15 16
Jibs_PC#6449176747178157056 roll 3
Jibs_PC#6449176747178157056 roll 1
DICE 3 1 4 0 0 5 
Jibs_PC#6449176747178157056 roll 3
Jibs_PC#6449176747178157056 roll 1
DICE 3 1 3 2 1 2 
Jibs_PC#6449176747178157056 endattack
Jibs_PC#6449176747178157056 movearmies 6 2 1
CARD 21
Jibs_PC#6449176747178157056 trade 28 7 6
Jibs_PC#6449176747178157056 placearmies 13 5
Jibs_PC#6449176747178157056 placearmies 13 3
Jibs_PC#6449176747178157056 placearmies 29 1
Jibs_PC#6449176747178157056 attack 13 11
Jibs_PC#6449176747178157056 roll 3
Jibs_PC#6449176747178157056 roll 1
DICE 3 1 1 0 0 3 
Jibs_PC#6449176747178157056 roll 3
Jibs_PC#6449176747178157056 roll 1
DICE 3 1 4 1 1 3 
Jibs_PC#6449176747178157056 move 9
Jibs_PC#6449176747178157056 attack 11 12
Jibs_PC#6449176747178157056 roll 3
Jibs_PC#6449176747178157056 roll 1
DICE 3 1 5 3 2 0 
Jibs_PC#6449176747178157056 move 8
Jibs_PC#6449176747178157056 attack 12 21
Jibs_PC#6449176747178157056 roll 3
Jibs_PC#6449176747178157056 roll 2
DICE 3 2 5 5 3 5 0 
Jibs_PC#6449176747178157056 roll 3
Jibs_PC#6449176747178157056 roll 2
DICE 3 2 5 4 2 3 0 
Jibs_PC#6449176747178157056 move 6
Jibs_PC#6449176747178157056 attack 21 20
Jibs_PC#6449176747178157056 roll 3
Jibs_PC#6449176747178157056 roll 1
DICE 3 1 5 3 3 4 
Jibs_PC#6449176747178157056 move 4
Jibs_PC#6449176747178157056 attack 29 32
Jibs_PC#6449176747178157056 roll 3
Jibs_PC#6449176747178157056 roll 1
DICE 3 1 4 3 2 0 
Jibs_PC#6449176747178157056 move 4
Jibs_PC#6449176747178157056 attack 20 31
Jibs_PC#6449176747178157056 roll 3
Jibs_PC#6449176747178157056 roll 1
DICE 3 1 4 2 2 2 
Jibs_PC#6449176747178157056 attack 32 30
Jibs_PC#6449176747178157056 roll 3
Jibs_PC#6449176747178157056 roll 2
DICE 3 2 4 3 2 1 1 
Jibs_PC#6449176747178157056 endattack
Jibs_PC#6449176747178157056 movearmies 30 31 2
CARD 10
Jibs_PC#6449176747178157056 placearmies 36 4
Jibs_PC#6449176747178157056 placearmies 36 2
Jibs_PC#6449176747178157056 attack 33 32
Jibs_PC#6449176747178157056 roll 2
Jibs_PC#6449176747178157056 roll 1
DICE 2 1 5 0 3 
Jibs_PC#6449176747178157056 attack 36 29
Jibs_PC#6449176747178157056 roll 3
Jibs_PC#6449176747178157056 roll 1
DICE 3 1 4 3 1 3 
Jibs_PC#6449176747178157056 move 9
Jibs_PC#6449176747178157056 attack 29 30
Jibs_PC#6449176747178157056 roll 3
Jibs_PC#6449176747178157056 roll 1
DICE 3 1 2 1 0 3 
Jibs_PC#6449176747178157056 roll 3
Jibs_PC#6449176747178157056 roll 1
DICE 3 1 5 1 1 1 
Jibs_PC#6449176747178157056 move 7
Jibs_PC#6449176747178157056 attack 30 31
Jibs_PC#6449176747178157056 roll 3
Jibs_PC#6449176747178157056 roll 2
DICE 3 2 3 2 0 3 1 
Jibs_PC#6449176747178157056 roll 3
Jibs_PC#6449176747178157056 roll 2
DICE 3 2 5 4 0 0 0 
Jibs_PC#6449176747178157056 roll 3
Jibs_PC#6449176747178157056 roll 2
DICE 3 2 2 1 0 4 1 
Jibs_PC#6449176747178157056 roll 3
Jibs_PC#6449176747178157056 roll 2
DICE 3 2 3 2 0 4 0 
Jibs_PC#6449176747178157056 roll 2
Jibs_PC#6449176747178157056 roll 1
DICE 2 1 4 2 3 
Jibs_PC#6449176747178157056 endattack
Jibs_PC#6449176747178157056 movearmies 32 30 1
CARD wildcard
Jibs_PC#6449176747178157056 placearmies 16 2
Jibs_PC#6449176747178157056 placearmies 16 2
Jibs_PC#6449176747178157056 attack 16 31
Jibs_PC#6449176747178157056 roll 3
Jibs_PC#6449176747178157056 roll 2
DICE 3 2 5 5 3 3 2 
Jibs_PC#6449176747178157056 move 6
Jibs_PC#6449176747178157056 attack 31 22
Jibs_PC#6449176747178157056 roll 3
Jibs_PC#6449176747178157056 roll 1
DICE 3 1 4 2 2 5 
Jibs_PC#6449176747178157056 roll 3
Jibs_PC#6449176747178157056 roll 1
DICE 3 1 5 3 0 5 
Jibs_PC#6449176747178157056 roll 3
Jibs_PC#6449176747178157056 roll 1
DICE 3 1 3 3 0 1 
Jibs_PC#6449176747178157056 attack 19 20
Jibs_PC#6449176747178157056 roll 2
Jibs_PC#6449176747178157056 roll 1
DICE 2 1 1 0 1 
Jibs_PC#6449176747178157056 retreat
Jibs_PC#6449176747178157056 attack 22 20
Jibs_PC#6449176747178157056 roll 2
Jibs_PC#6449176747178157056 roll 1
DICE 2 1 5 3 1 
Jibs_PC#6449176747178157056 endattack
Jibs_PC#6449176747178157056 movearmies 7 2 1
CARD 8
Jibs_PC#6449176747178157056 placearmies 21 2
Jibs_PC#6449176747178157056 placearmies 10 1
Jibs_PC#6449176747178157056 placearmies 21 1
Jibs_PC#6449176747178157056 placearmies 21 1
Jibs_PC#6449176747178157056 attack 21 20
Jibs_PC#6449176747178157056 roll 3
Jibs_PC#6449176747178157056 roll 2
DICE 3 2 5 5 2 5 3 
Jibs_PC#6449176747178157056 roll 3
Jibs_PC#6449176747178157056 roll 1
DICE 3 1 5 3 3 0 
Jibs_PC#6449176747178157056 move 3
Jibs_PC#6449176747178157056 attack 20 22
Jibs_PC#6449176747178157056 roll 2
Jibs_PC#6449176747178157056 roll 1
DICE 2 1 3 2 2 
Jibs_PC#6449176747178157056 endattack
Jibs_PC#6449176747178157056 nomove
CARD 26
Jibs_PC#6449176747178157056 trade 20 12 wildcard
Jibs_PC#6449176747178157056 placearmies 30 3
Jibs_PC#6449176747178157056 placearmies 28 1
Jibs_PC#6449176747178157056 placearmies 32 1
Jibs_PC#6449176747178157056 placearmies 30 11
Jibs_PC#6449176747178157056 placearmies 30 1
Jibs_PC#6449176747178157056 attack 30 16
Jibs_PC#6449176747178157056 roll 3
Jibs_PC#6449176747178157056 roll 1
DICE 3 1 4 2 0 4 
Jibs_PC#6449176747178157056 roll 3
Jibs_PC#6449176747178157056 roll 1
DICE 3 1 5 1 0 2 
Jibs_PC#6449176747178157056 move 14
Jibs_PC#6449176747178157056 attack 16 20
Jibs_PC#6449176747178157056 roll 3
Jibs_PC#6449176747178157056 roll 1
DICE 3 1 4 3 1 0 
Jibs_PC#6449176747178157056 move 12
Jibs_PC#6449176747178157056 attack 20 21
Jibs_PC#6449176747178157056 roll 3
Jibs_PC#6449176747178157056 roll 2
DICE 3 2 5 3 0 4 0 
Jibs_PC#6449176747178157056 move 11
Jibs_PC#6449176747178157056 attack 21 12
Jibs_PC#6449176747178157056 roll 3
Jibs_PC#6449176747178157056 roll 1
DICE 3 1 5 4 3 0 
Jibs_PC#6449176747178157056 move 10
Jibs_PC#6449176747178157056 attack 12 13
Jibs_PC#6449176747178157056 roll 3
Jibs_PC#6449176747178157056 roll 1
DICE 3 1 3 2 1 2 
Jibs_PC#6449176747178157056 move 9
Jibs_PC#6449176747178157056 attack 13 11
Jibs_PC#6449176747178157056 roll 3
Jibs_PC#6449176747178157056 roll 1
DICE 3 1 3 0 0 1 
Jibs_PC#6449176747178157056 move 8
Jibs_PC#6449176747178157056 attack 11 10
Jibs_PC#6449176747178157056 roll 3
Jibs_PC#6449176747178157056 roll 2
DICE 3 2 3 2 1 5 0 
Jibs_PC#6449176747178157056 roll 3
Jibs_PC#6449176747178157056 roll 1
DICE 3 1 3 3 3 4 
Jibs_PC#6449176747178157056 roll 3
Jibs_PC#6449176747178157056 roll 1
DICE 3 1 5 2 0 0 
Jibs_PC#6449176747178157056 move 5
Jibs_PC#6449176747178157056 attack 10 5
Jibs_PC#6449176747178157056 roll 3
Jibs_PC#6449176747178157056 roll 1
DICE 3 1 5 3 0 2 
Jibs_PC#6449176747178157056 move 4
Jibs_PC#6449176747178157056 endattack
Jibs_PC#6449176747178157056 movearmies 28 30 1
CARD 18
Jibs_PC#6449176747178157056 placearmies 19 3
Jibs_PC#6449176747178157056 placearmies 9 1
Jibs_PC#6449176747178157056 attack 19 20
Jibs_PC#6449176747178157056 roll 3
Jibs_PC#6449176747178157056 roll 1
DICE 3 1 5 2 1 5 
Jibs_PC#6449176747178157056 roll 3
Jibs_PC#6449176747178157056 roll 1
DICE 3 1 5 2 2 0 
Jibs_PC#6449176747178157056 endattack
Jibs_PC#6449176747178157056 nomove
CARD 22
Jibs_PC#6449176747178157056 trade 1 4 26
Jibs_PC#6449176747178157056 placearmies 22 2
Jibs_PC#6449176747178157056 placearmies 22 4
Jibs_PC#6449176747178157056 placearmies 22 1
Jibs_PC#6449176747178157056 attack 22 21
Jibs_PC#6449176747178157056 roll 3
Jibs_PC#6449176747178157056 roll 1
DICE 3 1 4 2 1 2 
Jibs_PC#6449176747178157056 move 7
Jibs_PC#6449176747178157056 attack 21 12
Jibs_PC#6449176747178157056 roll 3
Jibs_PC#6449176747178157056 roll 1
DICE 3 1 4 3 1 4 
Jibs_PC#6449176747178157056 roll 3
Jibs_PC#6449176747178157056 roll 1
DICE 3 1 4 0 0 1 
Jibs_PC#6449176747178157056 move 4
Jibs_PC#6449176747178157056 endattack
Jibs_PC#6449176747178157056 movearmies 12 21 3
CARD 25
Jibs_PC#6449176747178157056 placearmies 13 4
Jibs_PC#6449176747178157056 placearmies 16 1
Jibs_PC#6449176747178157056 placearmies 30 2
Jibs_PC#6449176747178157056 placearmies 5 1
Jibs_PC#6449176747178157056 placearmies 16 1
Jibs_PC#6449176747178157056 attack 13 12
Jibs_PC#6449176747178157056 roll 3
Jibs_PC#6449176747178157056 roll 1
DICE 3 1 3 0 0 5 
Jibs_PC#6449176747178157056 roll 3
Jibs_PC#6449176747178157056 roll 1
DICE 3 1 4 2 0 5 
Jibs_PC#6449176747178157056 roll 2
Jibs_PC#6449176747178157056 roll 1
DICE 2 1 5 0 1 
Jibs_PC#6449176747178157056 attack 30 31
Jibs_PC#6449176747178157056 roll 3
Jibs_PC#6449176747178157056 roll 1
DICE 3 1 5 2 0 2 
Jibs_PC#6449176747178157056 move 4
