Jibs_PC#2491892365022546944 newplayer human green s0914007
Jibs_PC#2491892365022546944 newplayer human blue bob
Jibs_PC#2491892365022546944 newplayer human red fred
Jibs_PC#2491892365022546944 newplayer human cyan ted
Jibs_PC#2491892365022546944 newplayer human magenta yura
Jibs_PC#2491892365022546944 newplayer human yellow lala
Jibs_PC#2491892365022546944 startgame mission fixed autoplaceall recycle
PLAYER fred
MISSION 4 2 1 1 0 0
PLACEALL 26 34 20 23 38 21 14 16 27 24 30 17 41 31 13 9 36 42 32 28 18 4 1 10 33 8 39 22 3 29 15 19 2 37 35 6 5 7 12 25 11 40
Jibs_PC#2491892365022546944 placearmies 41 1
CARD 
Jibs_PC#2491892365022546944 placearmies 16 1
CARD 
Jibs_PC#2491892365022546944 placearmies 13 1
CARD 
Jibs_PC#2491892365022546944 placearmies 22 1
CARD 
Jibs_PC#2491892365022546944 placearmies 3 1
CARD 
Jibs_PC#2491892365022546944 placearmies 29 1
CARD 
Jibs_PC#2491892365022546944 placearmies 41 1
CARD 
Jibs_PC#2491892365022546944 placearmies 19 1
CARD 
Jibs_PC#2491892365022546944 placearmies 12 1
CARD 
Jibs_PC#2491892365022546944 placearmies 25 1
CARD 
Jibs_PC#2491892365022546944 placearmies 1 1
CARD 
Jibs_PC#2491892365022546944 placearmies 21 1
CARD 
Jibs_PC#2491892365022546944 placearmies 41 1
CARD 
Jibs_PC#2491892365022546944 placearmies 19 1
CARD 
Jibs_PC#2491892365022546944 placearmies 13 1
CARD 
Jibs_PC#2491892365022546944 placearmies 25 1
CARD 
Jibs_PC#2491892365022546944 placearmies 3 1
CARD 
Jibs_PC#2491892365022546944 placearmies 29 1
CARD 
Jibs_PC#2491892365022546944 placearmies 33 1
CARD 
Jibs_PC#2491892365022546944 placearmies 16 1
CARD 
Jibs_PC#2491892365022546944 placearmies 27 1
CARD 
Jibs_PC#2491892365022546944 placearmies 22 1
CARD 
Jibs_PC#2491892365022546944 placearmies 1 1
CARD 
Jibs_PC#2491892365022546944 placearmies 29 1
CARD 
Jibs_PC#2491892365022546944 placearmies 33 1
CARD 
Jibs_PC#2491892365022546944 placearmies 16 1
CARD 
Jibs_PC#2491892365022546944 placearmies 27 1
CARD 
Jibs_PC#2491892365022546944 placearmies 22 1
CARD 
Jibs_PC#2491892365022546944 placearmies 1 1
CARD 
Jibs_PC#2491892365022546944 placearmies 21 1
CARD 
Jibs_PC#2491892365022546944 placearmies 33 1
CARD 
Jibs_PC#2491892365022546944 placearmies 19 1
CARD 
Jibs_PC#2491892365022546944 placearmies 12 1
CARD 
Jibs_PC#2491892365022546944 placearmies 25 1
CARD 
Jibs_PC#2491892365022546944 placearmies 3 1
CARD 
Jibs_PC#2491892365022546944 placearmies 29 1
CARD 
Jibs_PC#2491892365022546944 placearmies 33 1
CARD 
Jibs_PC#2491892365022546944 placearmies 16 1
CARD 
Jibs_PC#2491892365022546944 placearmies 13 1
CARD 
Jibs_PC#2491892365022546944 placearmies 9 1
CARD 
Jibs_PC#2491892365022546944 placearmies 1 1
CARD 
Jibs_PC#2491892365022546944 placearmies 21 1
CARD 
Jibs_PC#2491892365022546944 placearmies 41 1
CARD 
Jibs_PC#2491892365022546944 placearmies 19 1
CARD 
Jibs_PC#2491892365022546944 placearmies 27 1
CARD 
Jibs_PC#2491892365022546944 placearmies 22 1
CARD 
Jibs_PC#2491892365022546944 placearmies 3 1
CARD 
Jibs_PC#2491892365022546944 placearmies 21 1
CARD 
Jibs_PC#2491892365022546944 placearmies 33 1
CARD 
Jibs_PC#2491892365022546944 placearmies 19 1
CARD 
Jibs_PC#2491892365022546944 placearmies 27 1
CARD 
Jibs_PC#2491892365022546944 placearmies 4 1
CARD 
Jibs_PC#2491892365022546944 placearmies 36 1
CARD 
Jibs_PC#2491892365022546944 placearmies 29 1
CARD 
Jibs_PC#2491892365022546944 placearmies 33 1
CARD 
Jibs_PC#2491892365022546944 placearmies 16 1
CARD 
Jibs_PC#2491892365022546944 placearmies 27 1
CARD 
Jibs_PC#2491892365022546944 placearmies 22 1
CARD 
Jibs_PC#2491892365022546944 placearmies 36 1
CARD 
Jibs_PC#2491892365022546944 placearmies 29 1
CARD 
Jibs_PC#2491892365022546944 placearmies 33 1
CARD 
Jibs_PC#2491892365022546944 placearmies 19 1
CARD 
Jibs_PC#2491892365022546944 placearmies 27 1
CARD 
Jibs_PC#2491892365022546944 placearmies 4 1
CARD 
Jibs_PC#2491892365022546944 placearmies 1 1
CARD 
Jibs_PC#2491892365022546944 placearmies 21 1
CARD 
Jibs_PC#2491892365022546944 placearmies 33 1
CARD 
Jibs_PC#2491892365022546944 placearmies 16 1
CARD 
Jibs_PC#2491892365022546944 placearmies 27 1
CARD 
Jibs_PC#2491892365022546944 placearmies 9 1
CARD 
Jibs_PC#2491892365022546944 placearmies 3 1
CARD 
Jibs_PC#2491892365022546944 placearmies 29 1
CARD 
Jibs_PC#2491892365022546944 placearmies 33 1
CARD 
Jibs_PC#2491892365022546944 placearmies 19 1
CARD 
Jibs_PC#2491892365022546944 placearmies 27 1
CARD 
Jibs_PC#2491892365022546944 placearmies 4 1
CARD 
Jibs_PC#2491892365022546944 placearmies 1 1
CARD 
Jibs_PC#2491892365022546944 placearmies 29 1
CARD 
Jibs_PC#2491892365022546944 placearmies 33 1
Jibs_PC#2491892365022546944 placearmies 41 1
Jibs_PC#2491892365022546944 placearmies 41 1
Jibs_PC#2491892365022546944 attack 41 42
Jibs_PC#2491892365022546944 roll 3
Jibs_PC#2491892365022546944 roll 1
DICE 3 1 5 1 1 1 
Jibs_PC#2491892365022546944 move all
Jibs_PC#2491892365022546944 attack 42 40
Jibs_PC#2491892365022546944 roll 3
Jibs_PC#2491892365022546944 roll 1
DICE 3 1 5 4 0 5 
Jibs_PC#2491892365022546944 roll 3
Jibs_PC#2491892365022546944 roll 1
DICE 3 1 4 4 1 4 
Jibs_PC#2491892365022546944 roll 3
Jibs_PC#2491892365022546944 roll 1
DICE 3 1 4 3 1 1 
Jibs_PC#2491892365022546944 attack 40 39
Jibs_PC#2491892365022546944 roll 2
Jibs_PC#2491892365022546944 roll 1
DICE 2 1 5 5 3 
Jibs_PC#2491892365022546944 endattack
Jibs_PC#2491892365022546944 movearmies 39 33 1
CARD 11
Jibs_PC#2491892365022546944 placearmies 16 1
Jibs_PC#2491892365022546944 placearmies 16 1
Jibs_PC#2491892365022546944 placearmies 19 1
Jibs_PC#2491892365022546944 attack 16 20
Jibs_PC#2491892365022546944 roll 3
Jibs_PC#2491892365022546944 roll 1
DICE 3 1 5 5 4 5 
Jibs_PC#2491892365022546944 roll 3
Jibs_PC#2491892365022546944 roll 1
DICE 3 1 5 1 1 1 
Jibs_PC#2491892365022546944 move all
Jibs_PC#2491892365022546944 attack 20 18
Jibs_PC#2491892365022546944 roll 3
Jibs_PC#2491892365022546944 roll 1
DICE 3 1 5 4 3 1 
Jibs_PC#2491892365022546944 move all
Jibs_PC#2491892365022546944 attack 18 15
Jibs_PC#2491892365022546944 roll 3
Jibs_PC#2491892365022546944 roll 1
DICE 3 1 4 4 3 3 
Jibs_PC#2491892365022546944 move all
Jibs_PC#2491892365022546944 attack 19 17
Jibs_PC#2491892365022546944 roll 3
Jibs_PC#2491892365022546944 roll 1
DICE 3 1 4 3 1 0 
Jibs_PC#2491892365022546944 move all
Jibs_PC#2491892365022546944 attack 17 14
Jibs_PC#2491892365022546944 roll 3
Jibs_PC#2491892365022546944 roll 1
DICE 3 1 5 4 2 1 
Jibs_PC#2491892365022546944 move all
Jibs_PC#2491892365022546944 attack 14 6
Jibs_PC#2491892365022546944 roll 3
Jibs_PC#2491892365022546944 roll 1
DICE 3 1 3 2 0 1 
Jibs_PC#2491892365022546944 move all
Jibs_PC#2491892365022546944 attack 6 2
Jibs_PC#2491892365022546944 roll 3
Jibs_PC#2491892365022546944 roll 1
DICE 3 1 5 4 0 2 
Jibs_PC#2491892365022546944 move all
Jibs_PC#2491892365022546944 endattack
Jibs_PC#2491892365022546944 nomove
CARD 13
Jibs_PC#2491892365022546944 placearmies 27 1
Jibs_PC#2491892365022546944 placearmies 27 1
Jibs_PC#2491892365022546944 placearmies 27 1
Jibs_PC#2491892365022546944 attack 13 11
Jibs_PC#2491892365022546944 roll 3
Jibs_PC#2491892365022546944 roll 1
DICE 3 1 5 4 0 5 
Jibs_PC#2491892365022546944 retreat
Jibs_PC#2491892365022546944 attack 13 11
Jibs_PC#2491892365022546944 roll 2
Jibs_PC#2491892365022546944 roll 1
DICE 2 1 5 2 4 
Jibs_PC#2491892365022546944 attack 11 10
Jibs_PC#2491892365022546944 roll 1
Jibs_PC#2491892365022546944 roll 1
DICE 1 1 4 2 
Jibs_PC#2491892365022546944 attack 27 34
Jibs_PC#2491892365022546944 roll 3
Jibs_PC#2491892365022546944 roll 1
DICE 3 1 2 1 0 5 
Jibs_PC#2491892365022546944 roll 3
Jibs_PC#2491892365022546944 roll 1
DICE 3 1 4 3 0 1 
Jibs_PC#2491892365022546944 move all
Jibs_PC#2491892365022546944 attack 34 38
Jibs_PC#2491892365022546944 roll 3
Jibs_PC#2491892365022546944 roll 1
DICE 3 1 4 2 0 3 
Jibs_PC#2491892365022546944 move all
Jibs_PC#2491892365022546944 attack 38 35
Jibs_PC#2491892365022546944 retreat
Jibs_PC#2491892365022546944 attack 38 37
Jibs_PC#2491892365022546944 roll 3
Jibs_PC#2491892365022546944 roll 1
DICE 3 1 5 1 0 2 
Jibs_PC#2491892365022546944 move all
Jibs_PC#2491892365022546944 attack 37 36
Jibs_PC#2491892365022546944 roll 3
Jibs_PC#2491892365022546944 roll 2
DICE 3 2 4 3 3 3 2 
Jibs_PC#2491892365022546944 roll 3
Jibs_PC#2491892365022546944 roll 1
DICE 3 1 5 3 2 0 
Jibs_PC#2491892365022546944 move all
Jibs_PC#2491892365022546944 attack 36 35
Jibs_PC#2491892365022546944 roll 3
Jibs_PC#2491892365022546944 roll 1
DICE 3 1 5 5 2 4 
Jibs_PC#2491892365022546944 move all
Jibs_PC#2491892365022546944 endattack
Jibs_PC#2491892365022546944 movearmies 35 27 5
CARD wildcard
Jibs_PC#2491892365022546944 placearmies 4 1
Jibs_PC#2491892365022546944 placearmies 9 1
Jibs_PC#2491892365022546944 placearmies 4 1
Jibs_PC#2491892365022546944 attack 25 26
Jibs_PC#2491892365022546944 roll 3
Jibs_PC#2491892365022546944 roll 1
DICE 3 1 4 3 0 0 
Jibs_PC#2491892365022546944 endattack
Jibs_PC#2491892365022546944 nomove
CARD 24
Jibs_PC#2491892365022546944 placearmies 3 1
Jibs_PC#2491892365022546944 placearmies 1 1
Jibs_PC#2491892365022546944 placearmies 1 1
Jibs_PC#2491892365022546944 attack 1 2
Jibs_PC#2491892365022546944 roll 3
Jibs_PC#2491892365022546944 roll 2
DICE 3 2 1 1 0 2 1 
Jibs_PC#2491892365022546944 roll 3
Jibs_PC#2491892365022546944 roll 2
DICE 3 2 5 2 0 5 4 
Jibs_PC#2491892365022546944 roll 3
Jibs_PC#2491892365022546944 roll 2
DICE 3 2 3 1 0 5 3 
Jibs_PC#2491892365022546944 roll 2
Jibs_PC#2491892365022546944 roll 2
DICE 2 2 2 0 5 4 
Jibs_PC#2491892365022546944 attack 3 7
Jibs_PC#2491892365022546944 roll 3
Jibs_PC#2491892365022546944 roll 1
DICE 3 1 5 2 1 3 
Jibs_PC#2491892365022546944 move all
Jibs_PC#2491892365022546944 attack 7 8
Jibs_PC#2491892365022546944 roll 3
Jibs_PC#2491892365022546944 roll 1
DICE 3 1 5 3 3 2 
Jibs_PC#2491892365022546944 move all
Jibs_PC#2491892365022546944 attack 8 6
Jibs_PC#2491892365022546944 roll 3
Jibs_PC#2491892365022546944 roll 1
DICE 3 1 4 1 0 1 
Jibs_PC#2491892365022546944 move all
Jibs_PC#2491892365022546944 attack 6 2
Jibs_PC#2491892365022546944 roll 3
Jibs_PC#2491892365022546944 roll 2
DICE 3 2 5 3 2 5 5 
Jibs_PC#2491892365022546944 roll 1
Jibs_PC#2491892365022546944 roll 2
DICE 1 2 5 2 0 
Jibs_PC#2491892365022546944 roll 1
Jibs_PC#2491892365022546944 roll 2
DICE 1 2 0 2 1 
Jibs_PC#2491892365022546944 endattack
Jibs_PC#2491892365022546944 nomove
CARD 39
Jibs_PC#2491892365022546944 placearmies 29 1
Jibs_PC#2491892365022546944 placearmies 21 1
Jibs_PC#2491892365022546944 placearmies 21 1
Jibs_PC#2491892365022546944 attack 21 23
Jibs_PC#2491892365022546944 roll 3
Jibs_PC#2491892365022546944 roll 1
DICE 3 1 3 3 1 0 
Jibs_PC#2491892365022546944 move all
Jibs_PC#2491892365022546944 attack 23 25
Jibs_PC#2491892365022546944 roll 3
Jibs_PC#2491892365022546944 roll 1
DICE 3 1 3 2 1 3 
Jibs_PC#2491892365022546944 roll 3
Jibs_PC#2491892365022546944 roll 1
DICE 3 1 5 2 1 1 
Jibs_PC#2491892365022546944 move all
Jibs_PC#2491892365022546944 attack 25 26
Jibs_PC#2491892365022546944 roll 3
Jibs_PC#2491892365022546944 roll 2
DICE 3 2 4 1 0 5 1 
Jibs_PC#2491892365022546944 roll 2
Jibs_PC#2491892365022546944 roll 2
DICE 2 2 4 3 4 0 
Jibs_PC#2491892365022546944 roll 1
Jibs_PC#2491892365022546944 roll 2
DICE 1 2 2 5 0 
Jibs_PC#2491892365022546944 attack 29 32
Jibs_PC#2491892365022546944 roll 3
Jibs_PC#2491892365022546944 roll 1
DICE 3 1 5 5 4 4 
Jibs_PC#2491892365022546944 move all
Jibs_PC#2491892365022546944 attack 32 31
Jibs_PC#2491892365022546944 roll 3
Jibs_PC#2491892365022546944 roll 1
DICE 3 1 4 2 0 4 
Jibs_PC#2491892365022546944 roll 3
Jibs_PC#2491892365022546944 roll 1
DICE 3 1 3 3 2 2 
Jibs_PC#2491892365022546944 move all
Jibs_PC#2491892365022546944 attack 31 30
Jibs_PC#2491892365022546944 roll 3
Jibs_PC#2491892365022546944 roll 1
DICE 3 1 2 1 0 5 
Jibs_PC#2491892365022546944 roll 3
Jibs_PC#2491892365022546944 roll 1
DICE 3 1 5 3 0 4 
Jibs_PC#2491892365022546944 move all
Jibs_PC#2491892365022546944 attack 30 28
Jibs_PC#2491892365022546944 roll 3
Jibs_PC#2491892365022546944 roll 1
DICE 3 1 2 2 0 5 
Jibs_PC#2491892365022546944 roll 3
Jibs_PC#2491892365022546944 roll 1
DICE 3 1 4 2 1 5 
Jibs_PC#2491892365022546944 roll 2
Jibs_PC#2491892365022546944 roll 1
DICE 2 1 3 2 5 
Jibs_PC#2491892365022546944 roll 1
Jibs_PC#2491892365022546944 roll 1
DICE 1 1 4 3 
Jibs_PC#2491892365022546944 endattack
Jibs_PC#2491892365022546944 nomove
CARD 12
Jibs_PC#2491892365022546944 placearmies 33 1
Jibs_PC#2491892365022546944 placearmies 33 1
Jibs_PC#2491892365022546944 placearmies 33 1
Jibs_PC#2491892365022546944 placearmies 33 1
Jibs_PC#2491892365022546944 placearmies 33 1
Jibs_PC#2491892365022546944 attack 33 32
Jibs_PC#2491892365022546944 roll 3
Jibs_PC#2491892365022546944 roll 1
DICE 3 1 3 0 0 2 
Jibs_PC#2491892365022546944 move all
Jibs_PC#2491892365022546944 attack 32 31
Jibs_PC#2491892365022546944 roll 3
Jibs_PC#2491892365022546944 roll 1
DICE 3 1 5 3 2 2 
Jibs_PC#2491892365022546944 move all
Jibs_PC#2491892365022546944 attack 31 30
Jibs_PC#2491892365022546944 roll 3
Jibs_PC#2491892365022546944 roll 1
DICE 3 1 1 0 0 0 
Jibs_PC#2491892365022546944 move all
Jibs_PC#2491892365022546944 attack 30 29
Jibs_PC#2491892365022546944 roll 3
Jibs_PC#2491892365022546944 roll 1
DICE 3 1 1 0 0 4 
Jibs_PC#2491892365022546944 roll 3
Jibs_PC#2491892365022546944 roll 1
DICE 3 1 5 5 1 4 
Jibs_PC#2491892365022546944 move all
Jibs_PC#2491892365022546944 attack 29 36
Jibs_PC#2491892365022546944 roll 3
Jibs_PC#2491892365022546944 roll 1
DICE 3 1 4 4 3 3 
Jibs_PC#2491892365022546944 move all
Jibs_PC#2491892365022546944 attack 36 37
Jibs_PC#2491892365022546944 roll 3
Jibs_PC#2491892365022546944 roll 1
DICE 3 1 5 3 2 5 
Jibs_PC#2491892365022546944 roll 3
Jibs_PC#2491892365022546944 roll 1
DICE 3 1 2 0 0 5 
Jibs_PC#2491892365022546944 roll 3
Jibs_PC#2491892365022546944 roll 1
DICE 3 1 4 4 4 3 
Jibs_PC#2491892365022546944 move all
Jibs_PC#2491892365022546944 attack 37 38
Jibs_PC#2491892365022546944 roll 3
Jibs_PC#2491892365022546944 roll 1
DICE 3 1 2 1 0 4 
Jibs_PC#2491892365022546944 roll 3
Jibs_PC#2491892365022546944 roll 1
DICE 3 1 5 3 2 3 
Jibs_PC#2491892365022546944 move all
Jibs_PC#2491892365022546944 attack 38 34
Jibs_PC#2491892365022546944 roll 3
Jibs_PC#2491892365022546944 roll 1
DICE 3 1 4 3 3 4 
Jibs_PC#2491892365022546944 roll 3
Jibs_PC#2491892365022546944 roll 1
DICE 3 1 3 3 0 5 
Jibs_PC#2491892365022546944 roll 3
Jibs_PC#2491892365022546944 roll 1
DICE 3 1 3 2 2 3 
Jibs_PC#2491892365022546944 roll 2
Jibs_PC#2491892365022546944 roll 1
DICE 2 1 5 2 4 
Jibs_PC#2491892365022546944 attack 34 35
Jibs_PC#2491892365022546944 roll 1
Jibs_PC#2491892365022546944 roll 1
DICE 1 1 1 2 
Jibs_PC#2491892365022546944 endattack
Jibs_PC#2491892365022546944 nomove
CARD 9
Jibs_PC#2491892365022546944 placearmies 2 1
Jibs_PC#2491892365022546944 placearmies 2 1
Jibs_PC#2491892365022546944 placearmies 2 1
Jibs_PC#2491892365022546944 placearmies 2 1
Jibs_PC#2491892365022546944 placearmies 2 1
Jibs_PC#2491892365022546944 placearmies 2 1
Jibs_PC#2491892365022546944 placearmies 2 1
Jibs_PC#2491892365022546944 placearmies 2 1
Jibs_PC#2491892365022546944 attack 2 6
Jibs_PC#2491892365022546944 roll 3
Jibs_PC#2491892365022546944 roll 1
DICE 3 1 4 3 2 4 
Jibs_PC#2491892365022546944 roll 3
Jibs_PC#2491892365022546944 roll 1
DICE 3 1 5 4 3 4 
Jibs_PC#2491892365022546944 move all
Jibs_PC#2491892365022546944 attack 6 8
Jibs_PC#2491892365022546944 roll 3
Jibs_PC#2491892365022546944 roll 1
DICE 3 1 4 1 1 1 
Jibs_PC#2491892365022546944 move all
Jibs_PC#2491892365022546944 attack 8 7
Jibs_PC#2491892365022546944 roll 3
Jibs_PC#2491892365022546944 roll 1
DICE 3 1 3 2 0 1 
Jibs_PC#2491892365022546944 move all
Jibs_PC#2491892365022546944 attack 7 3
Jibs_PC#2491892365022546944 roll 3
Jibs_PC#2491892365022546944 roll 1
DICE 3 1 4 3 1 5 
Jibs_PC#2491892365022546944 roll 3
Jibs_PC#2491892365022546944 roll 1
DICE 3 1 4 3 3 2 
Jibs_PC#2491892365022546944 move all
Jibs_PC#2491892365022546944 attack 3 4
Jibs_PC#2491892365022546944 roll 3
Jibs_PC#2491892365022546944 roll 2
DICE 3 2 3 0 0 3 2 
Jibs_PC#2491892365022546944 roll 3
Jibs_PC#2491892365022546944 roll 2
DICE 3 2 3 1 0 3 2 
Jibs_PC#2491892365022546944 retreat
Jibs_PC#2491892365022546944 endattack
Jibs_PC#2491892365022546944 nomove
CARD 25
Jibs_PC#2491892365022546944 placearmies 35 1
Jibs_PC#2491892365022546944 placearmies 35 1
Jibs_PC#2491892365022546944 placearmies 35 1
Jibs_PC#2491892365022546944 placearmies 35 1
Jibs_PC#2491892365022546944 placearmies 35 1
Jibs_PC#2491892365022546944 attack 27 28
Jibs_PC#2491892365022546944 roll 3
Jibs_PC#2491892365022546944 roll 1
DICE 3 1 4 1 0 1 
Jibs_PC#2491892365022546944 move all
Jibs_PC#2491892365022546944 attack 28 30
Jibs_PC#2491892365022546944 roll 3
Jibs_PC#2491892365022546944 roll 1
DICE 3 1 4 3 2 2 
Jibs_PC#2491892365022546944 move all
Jibs_PC#2491892365022546944 attack 30 31
Jibs_PC#2491892365022546944 roll 3
Jibs_PC#2491892365022546944 roll 1
DICE 3 1 0 0 0 2 
Jibs_PC#2491892365022546944 roll 2
Jibs_PC#2491892365022546944 roll 1
DICE 2 1 1 0 2 
Jibs_PC#2491892365022546944 roll 1
Jibs_PC#2491892365022546944 roll 1
DICE 1 1 0 1 
Jibs_PC#2491892365022546944 attack 35 34
Jibs_PC#2491892365022546944 roll 3
Jibs_PC#2491892365022546944 roll 1
DICE 3 1 5 1 0 0 
Jibs_PC#2491892365022546944 move all
Jibs_PC#2491892365022546944 attack 34 38
Jibs_PC#2491892365022546944 roll 3
Jibs_PC#2491892365022546944 roll 1
DICE 3 1 5 5 5 2 
Jibs_PC#2491892365022546944 move all
Jibs_PC#2491892365022546944 attack 38 37
Jibs_PC#2491892365022546944 roll 3
Jibs_PC#2491892365022546944 roll 1
DICE 3 1 4 3 1 5 
Jibs_PC#2491892365022546944 roll 2
Jibs_PC#2491892365022546944 roll 1
DICE 2 1 2 1 2 
Jibs_PC#2491892365022546944 roll 1
Jibs_PC#2491892365022546944 roll 1
DICE 1 1 0 0 
Jibs_PC#2491892365022546944 endattack
Jibs_PC#2491892365022546944 nomove
CARD 17
Jibs_PC#2491892365022546944 placearmies 26 1
Jibs_PC#2491892365022546944 placearmies 26 1
Jibs_PC#2491892365022546944 placearmies 26 1
Jibs_PC#2491892365022546944 attack 26 25
Jibs_PC#2491892365022546944 roll 3
Jibs_PC#2491892365022546944 roll 1
DICE 3 1 2 1 0 0 
Jibs_PC#2491892365022546944 move all
Jibs_PC#2491892365022546944 attack 25 23
Jibs_PC#2491892365022546944 roll 3
Jibs_PC#2491892365022546944 roll 1
DICE 3 1 3 0 0 3 
Jibs_PC#2491892365022546944 roll 2
Jibs_PC#2491892365022546944 roll 1
DICE 2 1 4 3 4 
Jibs_PC#2491892365022546944 roll 1
Jibs_PC#2491892365022546944 roll 1
DICE 1 1 5 4 
Jibs_PC#2491892365022546944 attack 9 8
Jibs_PC#2491892365022546944 roll 3
Jibs_PC#2491892365022546944 roll 1
DICE 3 1 5 5 4 0 
Jibs_PC#2491892365022546944 attack 8 6
Jibs_PC#2491892365022546944 roll 2
Jibs_PC#2491892365022546944 roll 1
DICE 2 1 5 5 1 
Jibs_PC#2491892365022546944 attack 6 7
Jibs_PC#2491892365022546944 roll 1
Jibs_PC#2491892365022546944 roll 1
DICE 1 1 2 1 
Jibs_PC#2491892365022546944 attack 4 3
Jibs_PC#2491892365022546944 roll 3
Jibs_PC#2491892365022546944 roll 2
DICE 3 2 5 4 1 3 0 
Jibs_PC#2491892365022546944 move 4
Jibs_PC#2491892365022546944 attack 4 5
Jibs_PC#2491892365022546944 roll 1
Jibs_PC#2491892365022546944 roll 1
DICE 1 1 0 2 
Jibs_PC#2491892365022546944 attack 3 2
Jibs_PC#2491892365022546944 roll 3
Jibs_PC#2491892365022546944 roll 1
DICE 3 1 4 0 0 0 
Jibs_PC#2491892365022546944 attack 2 1
Jibs_PC#2491892365022546944 roll 2
Jibs_PC#2491892365022546944 roll 1
DICE 2 1 5 2 3 
Jibs_PC#2491892365022546944 attack 22 21
Jibs_PC#2491892365022546944 roll 3
Jibs_PC#2491892365022546944 roll 1
DICE 3 1 3 3 1 3 
Jibs_PC#2491892365022546944 roll 3
Jibs_PC#2491892365022546944 roll 1
DICE 3 1 4 3 0 0 
Jibs_PC#2491892365022546944 move all
Jibs_PC#2491892365022546944 endattack
Jibs_PC#2491892365022546944 nomove
CARD 28
Jibs_PC#2491892365022546944 placearmies 37 1
Jibs_PC#2491892365022546944 placearmies 37 1
Jibs_PC#2491892365022546944 placearmies 37 1
Jibs_PC#2491892365022546944 placearmies 37 1
Jibs_PC#2491892365022546944 placearmies 37 1
Jibs_PC#2491892365022546944 attack 37 38
Jibs_PC#2491892365022546944 roll 3
Jibs_PC#2491892365022546944 roll 1
DICE 3 1 3 2 0 2 
Jibs_PC#2491892365022546944 move all
Jibs_PC#2491892365022546944 attack 38 34
Jibs_PC#2491892365022546944 roll 3
Jibs_PC#2491892365022546944 roll 1
DICE 3 1 3 0 0 2 
Jibs_PC#2491892365022546944 move all
Jibs_PC#2491892365022546944 attack 34 35
Jibs_PC#2491892365022546944 roll 3
Jibs_PC#2491892365022546944 roll 1
DICE 3 1 4 3 2 2 
Jibs_PC#2491892365022546944 attack 35 27
Jibs_PC#2491892365022546944 roll 2
Jibs_PC#2491892365022546944 roll 1
DICE 2 1 5 4 3 
Jibs_PC#2491892365022546944 attack 27 28
Jibs_PC#2491892365022546944 roll 1
Jibs_PC#2491892365022546944 roll 1
DICE 1 1 5 5 
Jibs_PC#2491892365022546944 endattack
Jibs_PC#2491892365022546944 nomove
CARD 3
Jibs_PC#2491892365022546944 placearmies 14 1
Jibs_PC#2491892365022546944 placearmies 14 1
Jibs_PC#2491892365022546944 placearmies 14 1
Jibs_PC#2491892365022546944 placearmies 14 1
Jibs_PC#2491892365022546944 placearmies 14 1
Jibs_PC#2491892365022546944 placearmies 14 1
Jibs_PC#2491892365022546944 placearmies 14 1
Jibs_PC#2491892365022546944 placearmies 14 1
Jibs_PC#2491892365022546944 attack 14 6
Jibs_PC#2491892365022546944 roll 3
Jibs_PC#2491892365022546944 roll 1
DICE 3 1 5 4 1 3 
Jibs_PC#2491892365022546944 move all
Jibs_PC#2491892365022546944 attack 6 8
Jibs_PC#2491892365022546944 roll 3
Jibs_PC#2491892365022546944 roll 1
DICE 3 1 5 3 1 2 
Jibs_PC#2491892365022546944 move all
Jibs_PC#2491892365022546944 attack 8 9
Jibs_PC#2491892365022546944 roll 3
Jibs_PC#2491892365022546944 roll 1
DICE 3 1 4 1 1 5 
Jibs_PC#2491892365022546944 roll 3
Jibs_PC#2491892365022546944 roll 1
DICE 3 1 5 2 0 0 
Jibs_PC#2491892365022546944 move all
Jibs_PC#2491892365022546944 attack 9 5
Jibs_PC#2491892365022546944 roll 3
Jibs_PC#2491892365022546944 roll 1
DICE 3 1 5 4 3 2 
Jibs_PC#2491892365022546944 move all
Jibs_PC#2491892365022546944 attack 5 4
Jibs_PC#2491892365022546944 roll 3
Jibs_PC#2491892365022546944 roll 1
DICE 3 1 4 4 1 1 
Jibs_PC#2491892365022546944 attack 4 7
Jibs_PC#2491892365022546944 roll 2
Jibs_PC#2491892365022546944 roll 1
DICE 2 1 5 3 3 
Jibs_PC#2491892365022546944 attack 7 3
Jibs_PC#2491892365022546944 roll 1
Jibs_PC#2491892365022546944 roll 1
DICE 1 1 1 2 
Jibs_PC#2491892365022546944 endattack
Jibs_PC#2491892365022546944 nomove
CARD 23
Jibs_PC#2491892365022546944 placearmies 30 1
Jibs_PC#2491892365022546944 placearmies 30 1
Jibs_PC#2491892365022546944 placearmies 30 1
Jibs_PC#2491892365022546944 placearmies 30 1
Jibs_PC#2491892365022546944 placearmies 30 1
Jibs_PC#2491892365022546944 attack 30 31
Jibs_PC#2491892365022546944 roll 3
Jibs_PC#2491892365022546944 roll 1
DICE 3 1 1 0 0 0 
Jibs_PC#2491892365022546944 move all
Jibs_PC#2491892365022546944 attack 31 32
Jibs_PC#2491892365022546944 roll 3
Jibs_PC#2491892365022546944 roll 1
DICE 3 1 4 4 3 0 
Jibs_PC#2491892365022546944 move all
Jibs_PC#2491892365022546944 attack 32 33
Jibs_PC#2491892365022546944 roll 3
Jibs_PC#2491892365022546944 roll 1
DICE 3 1 5 2 2 0 
Jibs_PC#2491892365022546944 attack 33 29
Jibs_PC#2491892365022546944 roll 2
Jibs_PC#2491892365022546944 roll 1
DICE 2 1 4 3 1 
Jibs_PC#2491892365022546944 attack 29 27
Jibs_PC#2491892365022546944 roll 1
Jibs_PC#2491892365022546944 roll 1
DICE 1 1 3 3 
Jibs_PC#2491892365022546944 endattack
Jibs_PC#2491892365022546944 nomove
CARD 36
Jibs_PC#2491892365022546944 placearmies 3 1
Jibs_PC#2491892365022546944 placearmies 3 1
Jibs_PC#2491892365022546944 placearmies 3 1
Jibs_PC#2491892365022546944 placearmies 3 1
Jibs_PC#2491892365022546944 placearmies 3 1
Jibs_PC#2491892365022546944 placearmies 3 1
Jibs_PC#2491892365022546944 attack 3 4
Jibs_PC#2491892365022546944 roll 3
Jibs_PC#2491892365022546944 roll 1
DICE 3 1 4 3 0 3 
Jibs_PC#2491892365022546944 move all
Jibs_PC#2491892365022546944 attack 4 5
Jibs_PC#2491892365022546944 roll 3
Jibs_PC#2491892365022546944 roll 1
DICE 3 1 4 1 1 1 
Jibs_PC#2491892365022546944 move all
Jibs_PC#2491892365022546944 attack 5 9
Jibs_PC#2491892365022546944 roll 3
Jibs_PC#2491892365022546944 roll 1
DICE 3 1 5 4 4 4 
Jibs_PC#2491892365022546944 move all
Jibs_PC#2491892365022546944 attack 9 7
Jibs_PC#2491892365022546944 roll 3
Jibs_PC#2491892365022546944 roll 1
DICE 3 1 5 4 1 4 
Jibs_PC#2491892365022546944 attack 7 8
Jibs_PC#2491892365022546944 roll 2
Jibs_PC#2491892365022546944 roll 1
DICE 2 1 3 3 3 
Jibs_PC#2491892365022546944 roll 1
Jibs_PC#2491892365022546944 roll 1
DICE 1 1 5 3 
Jibs_PC#2491892365022546944 endattack
Jibs_PC#2491892365022546944 nomove
CARD 19
Jibs_PC#2491892365022546944 trade 11 9 3
Jibs_PC#2491892365022546944 placearmies 36 1
Jibs_PC#2491892365022546944 placearmies 36 1
Jibs_PC#2491892365022546944 placearmies 36 1
Jibs_PC#2491892365022546944 placearmies 36 1
Jibs_PC#2491892365022546944 placearmies 36 1
Jibs_PC#2491892365022546944 placearmies 36 1
Jibs_PC#2491892365022546944 placearmies 36 1
Jibs_PC#2491892365022546944 placearmies 36 1
Jibs_PC#2491892365022546944 placearmies 36 1
Jibs_PC#2491892365022546944 placearmies 36 1
Jibs_PC#2491892365022546944 placearmies 36 1
Jibs_PC#2491892365022546944 placearmies 36 1
Jibs_PC#2491892365022546944 placearmies 36 1
Jibs_PC#2491892365022546944 placearmies 36 1
Jibs_PC#2491892365022546944 placearmies 36 1
Jibs_PC#2491892365022546944 attack 36 29
Jibs_PC#2491892365022546944 roll 3
Jibs_PC#2491892365022546944 roll 1
DICE 3 1 2 0 0 0 
Jibs_PC#2491892365022546944 move all
Jibs_PC#2491892365022546944 attack 29 33
Jibs_PC#2491892365022546944 roll 3
Jibs_PC#2491892365022546944 roll 1
DICE 3 1 2 0 0 0 
Jibs_PC#2491892365022546944 move all
Jibs_PC#2491892365022546944 attack 33 32
Jibs_PC#2491892365022546944 roll 3
Jibs_PC#2491892365022546944 roll 1
DICE 3 1 4 3 2 1 
Jibs_PC#2491892365022546944 move all
Jibs_PC#2491892365022546944 attack 32 31
Jibs_PC#2491892365022546944 roll 3
Jibs_PC#2491892365022546944 roll 1
DICE 3 1 5 2 1 3 
Jibs_PC#2491892365022546944 move all
Jibs_PC#2491892365022546944 attack 31 30
Jibs_PC#2491892365022546944 roll 3
Jibs_PC#2491892365022546944 roll 1
DICE 3 1 5 2 0 4 
Jibs_PC#2491892365022546944 move all
Jibs_PC#2491892365022546944 attack 30 28
Jibs_PC#2491892365022546944 roll 3
Jibs_PC#2491892365022546944 roll 1
DICE 3 1 4 3 2 0 
Jibs_PC#2491892365022546944 move all
Jibs_PC#2491892365022546944 attack 28 16
Jibs_PC#2491892365022546944 roll 3
Jibs_PC#2491892365022546944 roll 1
DICE 3 1 2 1 0 4 
Jibs_PC#2491892365022546944 roll 3
Jibs_PC#2491892365022546944 roll 1
DICE 3 1 3 3 1 3 
Jibs_PC#2491892365022546944 roll 3
Jibs_PC#2491892365022546944 roll 1
DICE 3 1 5 2 2 5 
Jibs_PC#2491892365022546944 roll 3
Jibs_PC#2491892365022546944 roll 1
DICE 3 1 4 2 0 4 
Jibs_PC#2491892365022546944 roll 3
Jibs_PC#2491892365022546944 roll 1
DICE 3 1 5 0 0 2 
Jibs_PC#2491892365022546944 move all
Jibs_PC#2491892365022546944 attack 16 15
Jibs_PC#2491892365022546944 roll 3
Jibs_PC#2491892365022546944 roll 2
DICE 3 2 5 3 1 4 3 
Jibs_PC#2491892365022546944 retreat
Jibs_PC#2491892365022546944 attack 16 20
Jibs_PC#2491892365022546944 roll 3
Jibs_PC#2491892365022546944 roll 1
DICE 3 1 5 2 2 4 
Jibs_PC#2491892365022546944 attack 20 18
Jibs_PC#2491892365022546944 roll 2
Jibs_PC#2491892365022546944 roll 1
DICE 2 1 4 2 2 
Jibs_PC#2491892365022546944 attack 18 19
Jibs_PC#2491892365022546944 roll 1
Jibs_PC#2491892365022546944 roll 1
DICE 1 1 4 2 
Jibs_PC#2491892365022546944 endattack
Jibs_PC#2491892365022546944 nomove
CARD 10
Jibs_PC#2491892365022546944 trade 13 25 23
Jibs_PC#2491892365022546944 placearmies 17 1
Jibs_PC#2491892365022546944 placearmies 17 1
Jibs_PC#2491892365022546944 placearmies 17 1
Jibs_PC#2491892365022546944 placearmies 17 1
Jibs_PC#2491892365022546944 placearmies 17 1
Jibs_PC#2491892365022546944 placearmies 17 1
Jibs_PC#2491892365022546944 placearmies 17 1
Jibs_PC#2491892365022546944 placearmies 6 1
Jibs_PC#2491892365022546944 placearmies 6 1
Jibs_PC#2491892365022546944 placearmies 6 1
Jibs_PC#2491892365022546944 placearmies 6 1
Jibs_PC#2491892365022546944 placearmies 17 1
Jibs_PC#2491892365022546944 placearmies 6 1
Jibs_PC#2491892365022546944 attack 6 8
Jibs_PC#2491892365022546944 roll 3
Jibs_PC#2491892365022546944 roll 1
DICE 3 1 3 2 1 4 
Jibs_PC#2491892365022546944 roll 3
Jibs_PC#2491892365022546944 roll 1
DICE 3 1 5 5 4 0 
Jibs_PC#2491892365022546944 move all
Jibs_PC#2491892365022546944 attack 8 7
Jibs_PC#2491892365022546944 roll 3
Jibs_PC#2491892365022546944 roll 1
DICE 3 1 5 2 0 5 
Jibs_PC#2491892365022546944 roll 2
Jibs_PC#2491892365022546944 roll 1
DICE 2 1 1 1 1 
Jibs_PC#2491892365022546944 roll 1
Jibs_PC#2491892365022546944 roll 1
DICE 1 1 1 5 
Jibs_PC#2491892365022546944 attack 17 19
Jibs_PC#2491892365022546944 roll 3
Jibs_PC#2491892365022546944 roll 1
DICE 3 1 5 4 1 0 
Jibs_PC#2491892365022546944 move all
Jibs_PC#2491892365022546944 attack 19 18
Jibs_PC#2491892365022546944 roll 3
Jibs_PC#2491892365022546944 roll 1
DICE 3 1 3 1 0 1 
Jibs_PC#2491892365022546944 move all
Jibs_PC#2491892365022546944 attack 18 20
Jibs_PC#2491892365022546944 roll 3
Jibs_PC#2491892365022546944 roll 1
DICE 3 1 5 3 0 2 
Jibs_PC#2491892365022546944 move all
Jibs_PC#2491892365022546944 attack 20 16
Jibs_PC#2491892365022546944 roll 3
Jibs_PC#2491892365022546944 roll 1
DICE 3 1 5 3 2 3 
Jibs_PC#2491892365022546944 move all
Jibs_PC#2491892365022546944 endattack
Jibs_PC#2491892365022546944 movearmies 16 20 4
CARD 8
Jibs_PC#2491892365022546944 trade wildcard 17 36
Jibs_PC#2491892365022546944 placearmies 12 1
Jibs_PC#2491892365022546944 placearmies 12 1
Jibs_PC#2491892365022546944 placearmies 12 1
Jibs_PC#2491892365022546944 placearmies 12 1
Jibs_PC#2491892365022546944 placearmies 12 1
Jibs_PC#2491892365022546944 placearmies 12 1
Jibs_PC#2491892365022546944 placearmies 12 1
Jibs_PC#2491892365022546944 placearmies 12 1
Jibs_PC#2491892365022546944 placearmies 12 1
Jibs_PC#2491892365022546944 placearmies 12 1
Jibs_PC#2491892365022546944 placearmies 12 1
Jibs_PC#2491892365022546944 placearmies 12 1
Jibs_PC#2491892365022546944 placearmies 12 1
Jibs_PC#2491892365022546944 placearmies 12 1
Jibs_PC#2491892365022546944 placearmies 12 1
Jibs_PC#2491892365022546944 attack 12 21
Jibs_PC#2491892365022546944 roll 3
Jibs_PC#2491892365022546944 roll 2
DICE 3 2 3 2 2 2 2 
Jibs_PC#2491892365022546944 roll 3
Jibs_PC#2491892365022546944 roll 2
DICE 3 2 3 1 0 1 1 
Jibs_PC#2491892365022546944 roll 3
Jibs_PC#2491892365022546944 roll 2
DICE 3 2 5 4 1 2 0 
Jibs_PC#2491892365022546944 move all
Jibs_PC#2491892365022546944 attack 21 22
Jibs_PC#2491892365022546944 roll 3
Jibs_PC#2491892365022546944 roll 1
DICE 3 1 3 3 2 1 
Jibs_PC#2491892365022546944 move all
Jibs_PC#2491892365022546944 attack 22 31
Jibs_PC#2491892365022546944 roll 3
Jibs_PC#2491892365022546944 roll 1
DICE 3 1 5 4 1 5 
Jibs_PC#2491892365022546944 roll 3
Jibs_PC#2491892365022546944 roll 1
DICE 3 1 3 2 0 5 
Jibs_PC#2491892365022546944 roll 3
Jibs_PC#2491892365022546944 roll 1
DICE 3 1 4 3 2 5 
Jibs_PC#2491892365022546944 roll 3
Jibs_PC#2491892365022546944 roll 1
DICE 3 1 4 1 0 5 
Jibs_PC#2491892365022546944 roll 3
Jibs_PC#2491892365022546944 roll 1
DICE 3 1 4 4 3 3 
Jibs_PC#2491892365022546944 move all
Jibs_PC#2491892365022546944 attack 31 30
Jibs_PC#2491892365022546944 roll 3
Jibs_PC#2491892365022546944 roll 1
DICE 3 1 5 2 0 1 
Jibs_PC#2491892365022546944 move all
Jibs_PC#2491892365022546944 attack 30 28
Jibs_PC#2491892365022546944 roll 3
Jibs_PC#2491892365022546944 roll 1
DICE 3 1 3 3 0 1 
Jibs_PC#2491892365022546944 move all
Jibs_PC#2491892365022546944 attack 28 27
Jibs_PC#2491892365022546944 roll 3
Jibs_PC#2491892365022546944 roll 1
DICE 3 1 4 4 2 0 
Jibs_PC#2491892365022546944 move all
Jibs_PC#2491892365022546944 attack 27 34
Jibs_PC#2491892365022546944 roll 3
Jibs_PC#2491892365022546944 roll 1
DICE 3 1 5 4 3 4 
Jibs_PC#2491892365022546944 move all
Jibs_PC#2491892365022546944 attack 34 38
Jibs_PC#2491892365022546944 roll 3
Jibs_PC#2491892365022546944 roll 1
DICE 3 1 4 4 4 1 
Jibs_PC#2491892365022546944 move all
Jibs_PC#2491892365022546944 attack 38 37
Jibs_PC#2491892365022546944 roll 3
Jibs_PC#2491892365022546944 roll 1
DICE 3 1 5 4 0 3 
Jibs_PC#2491892365022546944 attack 37 36
Jibs_PC#2491892365022546944 roll 2
Jibs_PC#2491892365022546944 roll 1
DICE 2 1 4 4 0 
Jibs_PC#2491892365022546944 attack 36 35
Jibs_PC#2491892365022546944 roll 1
Jibs_PC#2491892365022546944 roll 1
DICE 1 1 4 4 
Jibs_PC#2491892365022546944 endattack
Jibs_PC#2491892365022546944 nomove
CARD 2
Jibs_PC#2491892365022546944 trade 19 12 28
Jibs_PC#2491892365022546944 placearmies 24 1
Jibs_PC#2491892365022546944 placearmies 23 1
Jibs_PC#2491892365022546944 placearmies 24 1
Jibs_PC#2491892365022546944 placearmies 9 1
Jibs_PC#2491892365022546944 placearmies 9 1
Jibs_PC#2491892365022546944 placearmies 9 1
Jibs_PC#2491892365022546944 placearmies 9 1
Jibs_PC#2491892365022546944 placearmies 9 1
Jibs_PC#2491892365022546944 placearmies 9 1
Jibs_PC#2491892365022546944 placearmies 23 1
Jibs_PC#2491892365022546944 placearmies 24 1
Jibs_PC#2491892365022546944 placearmies 23 1
Jibs_PC#2491892365022546944 placearmies 24 1
Jibs_PC#2491892365022546944 attack 23 21
Jibs_PC#2491892365022546944 roll 3
Jibs_PC#2491892365022546944 roll 1
DICE 3 1 5 3 1 5 
Jibs_PC#2491892365022546944 roll 2
Jibs_PC#2491892365022546944 roll 1
DICE 2 1 3 1 3 
Jibs_PC#2491892365022546944 roll 1
Jibs_PC#2491892365022546944 roll 1
DICE 1 1 4 5 
Jibs_PC#2491892365022546944 attack 24 22
Jibs_PC#2491892365022546944 roll 3
Jibs_PC#2491892365022546944 roll 1
DICE 3 1 2 1 0 3 
Jibs_PC#2491892365022546944 roll 3
Jibs_PC#2491892365022546944 roll 1
DICE 3 1 2 2 0 2 
Jibs_PC#2491892365022546944 roll 2
Jibs_PC#2491892365022546944 roll 1
DICE 2 1 5 2 3 
Jibs_PC#2491892365022546944 attack 22 21
Jibs_PC#2491892365022546944 roll 1
Jibs_PC#2491892365022546944 roll 1
DICE 1 1 5 0 
Jibs_PC#2491892365022546944 attack 9 8
Jibs_PC#2491892365022546944 roll 3
Jibs_PC#2491892365022546944 roll 1
DICE 3 1 3 2 0 0 
Jibs_PC#2491892365022546944 move all
Jibs_PC#2491892365022546944 attack 8 6
Jibs_PC#2491892365022546944 roll 3
Jibs_PC#2491892365022546944 roll 1
DICE 3 1 4 4 3 5 
Jibs_PC#2491892365022546944 roll 3
Jibs_PC#2491892365022546944 roll 1
DICE 3 1 3 1 0 0 
Jibs_PC#2491892365022546944 move all
