Jibs_PC#5584155478495282176 newplayer ai hard green s0914007
Jibs_PC#5584155478495282176 newplayer ai hard blue bob
Jibs_PC#5584155478495282176 newplayer ai hard red fred
Jibs_PC#5584155478495282176 newplayer ai hard cyan ted
Jibs_PC#5584155478495282176 newplayer ai hard magenta yura
Jibs_PC#5584155478495282176 newplayer ai hard yellow lala
Jibs_PC#5584155478495282176 startgame mission fixed autoplaceall recycle
PLAYER s0914007
MISSION 4 3 0 0 0 0
PLACEALL 5 23 18 31 4 21 35 30 26 1 41 16 8 3 24 36 28 33 29 38 7 40 11 20 9 14 15 6 10 13 39 34 42 37 19 27 12 25 32 2 22 17
Jibs_PC#5584155478495282176 placearmies 39 1
CARD 
Jibs_PC#5584155478495282176 placearmies 23 1
CARD 
Jibs_PC#5584155478495282176 placearmies 24 1
CARD 
Jibs_PC#5584155478495282176 placearmies 40 1
CARD 
Jibs_PC#5584155478495282176 placearmies 22 1
CARD 
Jibs_PC#5584155478495282176 placearmies 17 1
CARD 
Jibs_PC#5584155478495282176 placearmies 39 1
CARD 
Jibs_PC#5584155478495282176 placearmies 23 1
CARD 
Jibs_PC#5584155478495282176 placearmies 24 1
CARD 
Jibs_PC#5584155478495282176 placearmies 40 1
CARD 
Jibs_PC#5584155478495282176 placearmies 22 1
CARD 
Jibs_PC#5584155478495282176 placearmies 17 1
CARD 
Jibs_PC#5584155478495282176 placearmies 39 1
CARD 
Jibs_PC#5584155478495282176 placearmies 23 1
CARD 
Jibs_PC#5584155478495282176 placearmies 24 1
CARD 
Jibs_PC#5584155478495282176 placearmies 40 1
CARD 
Jibs_PC#5584155478495282176 placearmies 11 1
CARD 
Jibs_PC#5584155478495282176 placearmies 17 1
CARD 
Jibs_PC#5584155478495282176 placearmies 39 1
CARD 
Jibs_PC#5584155478495282176 placearmies 23 1
CARD 
Jibs_PC#5584155478495282176 placearmies 24 1
CARD 
Jibs_PC#5584155478495282176 placearmies 40 1
CARD 
Jibs_PC#5584155478495282176 placearmies 11 1
CARD 
Jibs_PC#5584155478495282176 placearmies 17 1
CARD 
Jibs_PC#5584155478495282176 placearmies 39 1
CARD 
Jibs_PC#5584155478495282176 placearmies 23 1
CARD 
Jibs_PC#5584155478495282176 placearmies 24 1
CARD 
Jibs_PC#5584155478495282176 placearmies 40 1
CARD 
Jibs_PC#5584155478495282176 placearmies 11 1
CARD 
Jibs_PC#5584155478495282176 placearmies 17 1
CARD 
Jibs_PC#5584155478495282176 placearmies 39 1
CARD 
Jibs_PC#5584155478495282176 placearmies 23 1
CARD 
Jibs_PC#5584155478495282176 placearmies 24 1
CARD 
Jibs_PC#5584155478495282176 placearmies 40 1
CARD 
Jibs_PC#5584155478495282176 placearmies 11 1
CARD 
Jibs_PC#5584155478495282176 placearmies 17 1
CARD 
Jibs_PC#5584155478495282176 placearmies 39 1
CARD 
Jibs_PC#5584155478495282176 placearmies 3 1
CARD 
Jibs_PC#5584155478495282176 placearmies 7 1
CARD 
Jibs_PC#5584155478495282176 placearmies 40 1
CARD 
Jibs_PC#5584155478495282176 placearmies 11 1
CARD 
Jibs_PC#5584155478495282176 placearmies 17 1
CARD 
Jibs_PC#5584155478495282176 placearmies 8 1
CARD 
Jibs_PC#5584155478495282176 placearmies 23 1
CARD 
Jibs_PC#5584155478495282176 placearmies 24 1
CARD 
Jibs_PC#5584155478495282176 placearmies 6 1
CARD 
Jibs_PC#5584155478495282176 placearmies 11 1
CARD 
Jibs_PC#5584155478495282176 placearmies 17 1
CARD 
Jibs_PC#5584155478495282176 placearmies 8 1
CARD 
Jibs_PC#5584155478495282176 placearmies 23 1
CARD 
Jibs_PC#5584155478495282176 placearmies 24 1
CARD 
Jibs_PC#5584155478495282176 placearmies 6 1
CARD 
Jibs_PC#5584155478495282176 placearmies 11 1
CARD 
Jibs_PC#5584155478495282176 placearmies 17 1
CARD 
Jibs_PC#5584155478495282176 placearmies 8 1
CARD 
Jibs_PC#5584155478495282176 placearmies 23 1
CARD 
Jibs_PC#5584155478495282176 placearmies 24 1
CARD 
Jibs_PC#5584155478495282176 placearmies 6 1
CARD 
Jibs_PC#5584155478495282176 placearmies 22 1
CARD 
Jibs_PC#5584155478495282176 placearmies 17 1
CARD 
Jibs_PC#5584155478495282176 placearmies 8 1
CARD 
Jibs_PC#5584155478495282176 placearmies 23 1
CARD 
Jibs_PC#5584155478495282176 placearmies 24 1
CARD 
Jibs_PC#5584155478495282176 placearmies 6 1
CARD 
Jibs_PC#5584155478495282176 placearmies 22 1
CARD 
Jibs_PC#5584155478495282176 placearmies 17 1
CARD 
Jibs_PC#5584155478495282176 placearmies 8 1
CARD 
Jibs_PC#5584155478495282176 placearmies 23 1
CARD 
Jibs_PC#5584155478495282176 placearmies 24 1
CARD 
Jibs_PC#5584155478495282176 placearmies 6 1
CARD 
Jibs_PC#5584155478495282176 placearmies 22 1
CARD 
Jibs_PC#5584155478495282176 placearmies 17 1
CARD 
Jibs_PC#5584155478495282176 placearmies 8 1
CARD 
Jibs_PC#5584155478495282176 placearmies 23 1
CARD 
Jibs_PC#5584155478495282176 placearmies 24 1
CARD 
Jibs_PC#5584155478495282176 placearmies 6 1
CARD 
Jibs_PC#5584155478495282176 placearmies 22 1
CARD 
Jibs_PC#5584155478495282176 placearmies 17 1
CARD 
Jibs_PC#5584155478495282176 placearmies 8 3
Jibs_PC#5584155478495282176 attack 39 41
Jibs_PC#5584155478495282176 roll 3
Jibs_PC#5584155478495282176 roll 1
DICE 3 1 3 3 2 5 
Jibs_PC#5584155478495282176 roll 3
Jibs_PC#5584155478495282176 roll 1
DICE 3 1 5 3 0 0 
Jibs_PC#5584155478495282176 move 6
Jibs_PC#5584155478495282176 endattack
Jibs_PC#5584155478495282176 nomove
CARD 16
Jibs_PC#5584155478495282176 placearmies 23 1
Jibs_PC#5584155478495282176 placearmies 25 2
Jibs_PC#5584155478495282176 attack 23 24
Jibs_PC#5584155478495282176 roll 3
Jibs_PC#5584155478495282176 roll 2
DICE 3 2 3 3 3 4 2 
Jibs_PC#5584155478495282176 roll 3
Jibs_PC#5584155478495282176 roll 2
DICE 3 2 5 3 0 2 1 
Jibs_PC#5584155478495282176 retreat
Jibs_PC#5584155478495282176 attack 25 26
Jibs_PC#5584155478495282176 roll 2
Jibs_PC#5584155478495282176 roll 1
DICE 2 1 5 0 5 
Jibs_PC#5584155478495282176 retreat
Jibs_PC#5584155478495282176 attack 23 24
Jibs_PC#5584155478495282176 roll 3
Jibs_PC#5584155478495282176 roll 2
DICE 3 2 5 5 0 5 0 
Jibs_PC#5584155478495282176 roll 3
Jibs_PC#5584155478495282176 roll 2
DICE 3 2 4 4 2 4 3 
Jibs_PC#5584155478495282176 roll 3
Jibs_PC#5584155478495282176 roll 2
DICE 3 2 5 4 1 5 5 
Jibs_PC#5584155478495282176 roll 3
Jibs_PC#5584155478495282176 roll 2
DICE 3 2 5 4 4 5 2 
Jibs_PC#5584155478495282176 roll 3
Jibs_PC#5584155478495282176 roll 2
DICE 3 2 5 1 1 3 1 
Jibs_PC#5584155478495282176 retreat
Jibs_PC#5584155478495282176 attack 23 21
Jibs_PC#5584155478495282176 roll 3
Jibs_PC#5584155478495282176 roll 1
DICE 3 1 4 3 2 3 
Jibs_PC#5584155478495282176 move 6
Jibs_PC#5584155478495282176 attack 21 12
Jibs_PC#5584155478495282176 roll 3
Jibs_PC#5584155478495282176 roll 1
DICE 3 1 4 4 1 1 
Jibs_PC#5584155478495282176 move 5
Jibs_PC#5584155478495282176 endattack
Jibs_PC#5584155478495282176 nomove
CARD 40
Jibs_PC#5584155478495282176 placearmies 32 3
Jibs_PC#5584155478495282176 attack 32 29
Jibs_PC#5584155478495282176 roll 3
Jibs_PC#5584155478495282176 roll 1
DICE 3 1 1 1 0 1 
Jibs_PC#5584155478495282176 roll 2
Jibs_PC#5584155478495282176 roll 1
DICE 2 1 4 0 0 
Jibs_PC#5584155478495282176 endattack
Jibs_PC#5584155478495282176 nomove
CARD 32
Jibs_PC#5584155478495282176 placearmies 6 2
Jibs_PC#5584155478495282176 placearmies 6 1
Jibs_PC#5584155478495282176 attack 40 41
Jibs_PC#5584155478495282176 roll 3
Jibs_PC#5584155478495282176 roll 2
DICE 3 2 3 2 1 5 0 
Jibs_PC#5584155478495282176 roll 3
Jibs_PC#5584155478495282176 roll 2
DICE 3 2 5 3 2 3 0 
Jibs_PC#5584155478495282176 roll 3
Jibs_PC#5584155478495282176 roll 2
DICE 3 2 4 4 0 3 3 
Jibs_PC#5584155478495282176 roll 3
Jibs_PC#5584155478495282176 roll 1
DICE 3 1 2 2 0 5 
Jibs_PC#5584155478495282176 roll 3
Jibs_PC#5584155478495282176 roll 1
DICE 3 1 3 1 0 5 
Jibs_PC#5584155478495282176 retreat
Jibs_PC#5584155478495282176 attack 40 39
Jibs_PC#5584155478495282176 roll 3
Jibs_PC#5584155478495282176 roll 1
DICE 3 1 5 0 0 3 
Jibs_PC#5584155478495282176 move 4
Jibs_PC#5584155478495282176 attack 39 41
Jibs_PC#5584155478495282176 roll 3
Jibs_PC#5584155478495282176 roll 1
DICE 3 1 5 5 4 1 
Jibs_PC#5584155478495282176 attack 41 42
Jibs_PC#5584155478495282176 roll 2
Jibs_PC#5584155478495282176 roll 1
DICE 2 1 3 1 2 
Jibs_PC#5584155478495282176 endattack
Jibs_PC#5584155478495282176 nomove
CARD 21
Jibs_PC#5584155478495282176 placearmies 22 1
Jibs_PC#5584155478495282176 placearmies 22 2
Jibs_PC#5584155478495282176 attack 22 31
Jibs_PC#5584155478495282176 roll 3
Jibs_PC#5584155478495282176 roll 1
DICE 3 1 3 1 0 0 
Jibs_PC#5584155478495282176 move 9
Jibs_PC#5584155478495282176 attack 31 32
Jibs_PC#5584155478495282176 roll 3
Jibs_PC#5584155478495282176 roll 1
DICE 3 1 5 1 0 0 
Jibs_PC#5584155478495282176 move 8
Jibs_PC#5584155478495282176 attack 32 33
Jibs_PC#5584155478495282176 roll 3
Jibs_PC#5584155478495282176 roll 1
DICE 3 1 5 4 0 4 
Jibs_PC#5584155478495282176 move 7
Jibs_PC#5584155478495282176 attack 33 39
Jibs_PC#5584155478495282176 roll 3
Jibs_PC#5584155478495282176 roll 1
DICE 3 1 3 0 0 1 
Jibs_PC#5584155478495282176 move 6
Jibs_PC#5584155478495282176 attack 39 40
Jibs_PC#5584155478495282176 roll 3
Jibs_PC#5584155478495282176 roll 1
DICE 3 1 1 1 0 1 
Jibs_PC#5584155478495282176 roll 3
Jibs_PC#5584155478495282176 roll 1
DICE 3 1 5 3 0 0 
Jibs_PC#5584155478495282176 move 4
Jibs_PC#5584155478495282176 attack 40 41
Jibs_PC#5584155478495282176 roll 3
Jibs_PC#5584155478495282176 roll 1
DICE 3 1 3 0 0 1 
Jibs_PC#5584155478495282176 attack 11 13
Jibs_PC#5584155478495282176 roll 3
Jibs_PC#5584155478495282176 roll 1
DICE 3 1 5 4 4 5 
Jibs_PC#5584155478495282176 roll 3
Jibs_PC#5584155478495282176 roll 1
DICE 3 1 5 3 1 4 
Jibs_PC#5584155478495282176 move 6
Jibs_PC#5584155478495282176 attack 13 12
Jibs_PC#5584155478495282176 roll 3
Jibs_PC#5584155478495282176 roll 2
DICE 3 2 5 5 2 2 1 
Jibs_PC#5584155478495282176 roll 3
Jibs_PC#5584155478495282176 roll 2
DICE 3 2 5 2 1 0 0 
Jibs_PC#5584155478495282176 roll 3
Jibs_PC#5584155478495282176 roll 1
DICE 3 1 5 1 1 0 
Jibs_PC#5584155478495282176 move 5
Jibs_PC#5584155478495282176 endattack
Jibs_PC#5584155478495282176 movearmies 12 10 1
CARD 14
Jibs_PC#5584155478495282176 placearmies 17 1
Jibs_PC#5584155478495282176 placearmies 17 1
Jibs_PC#5584155478495282176 placearmies 17 1
Jibs_PC#5584155478495282176 attack 17 19
Jibs_PC#5584155478495282176 roll 3
Jibs_PC#5584155478495282176 roll 1
DICE 3 1 5 1 0 4 
Jibs_PC#5584155478495282176 move 16
Jibs_PC#5584155478495282176 attack 19 21
Jibs_PC#5584155478495282176 roll 3
Jibs_PC#5584155478495282176 roll 1
DICE 3 1 5 4 1 1 
Jibs_PC#5584155478495282176 move 15
Jibs_PC#5584155478495282176 attack 21 12
Jibs_PC#5584155478495282176 roll 3
Jibs_PC#5584155478495282176 roll 2
DICE 3 2 5 5 3 4 0 
Jibs_PC#5584155478495282176 roll 3
Jibs_PC#5584155478495282176 roll 2
DICE 3 2 3 2 0 3 3 
Jibs_PC#5584155478495282176 roll 3
Jibs_PC#5584155478495282176 roll 2
DICE 3 2 5 4 0 4 1 
Jibs_PC#5584155478495282176 move 12
Jibs_PC#5584155478495282176 attack 12 10
Jibs_PC#5584155478495282176 roll 3
Jibs_PC#5584155478495282176 roll 2
DICE 3 2 5 4 3 1 0 
Jibs_PC#5584155478495282176 move 11
Jibs_PC#5584155478495282176 attack 10 11
Jibs_PC#5584155478495282176 roll 3
Jibs_PC#5584155478495282176 roll 1
DICE 3 1 5 2 0 2 
Jibs_PC#5584155478495282176 move 5
Jibs_PC#5584155478495282176 attack 11 13
Jibs_PC#5584155478495282176 roll 3
Jibs_PC#5584155478495282176 roll 1
DICE 3 1 4 4 3 1 
Jibs_PC#5584155478495282176 move 3
Jibs_PC#5584155478495282176 attack 10 5
Jibs_PC#5584155478495282176 roll 3
Jibs_PC#5584155478495282176 roll 1
DICE 3 1 5 2 1 5 
Jibs_PC#5584155478495282176 roll 3
Jibs_PC#5584155478495282176 roll 1
DICE 3 1 5 4 0 3 
Jibs_PC#5584155478495282176 move 4
Jibs_PC#5584155478495282176 endattack
Jibs_PC#5584155478495282176 movearmies 13 12 1
CARD 4
Jibs_PC#5584155478495282176 placearmies 8 1
Jibs_PC#5584155478495282176 placearmies 8 2
Jibs_PC#5584155478495282176 attack 8 6
Jibs_PC#5584155478495282176 roll 3
Jibs_PC#5584155478495282176 roll 2
DICE 3 2 5 2 1 2 0 
Jibs_PC#5584155478495282176 roll 3
Jibs_PC#5584155478495282176 roll 2
DICE 3 2 2 2 0 4 3 
Jibs_PC#5584155478495282176 roll 3
Jibs_PC#5584155478495282176 roll 2
DICE 3 2 4 2 2 5 5 
Jibs_PC#5584155478495282176 roll 3
Jibs_PC#5584155478495282176 roll 2
DICE 3 2 5 3 1 1 0 
Jibs_PC#5584155478495282176 roll 3
Jibs_PC#5584155478495282176 roll 2
DICE 3 2 4 2 0 5 0 
Jibs_PC#5584155478495282176 roll 3
Jibs_PC#5584155478495282176 roll 2
DICE 3 2 3 2 2 3 2 
Jibs_PC#5584155478495282176 roll 3
Jibs_PC#5584155478495282176 roll 2
DICE 3 2 2 2 0 3 1 
Jibs_PC#5584155478495282176 roll 3
Jibs_PC#5584155478495282176 roll 2
DICE 3 2 4 3 1 5 5 
Jibs_PC#5584155478495282176 retreat
Jibs_PC#5584155478495282176 attack 8 7
Jibs_PC#5584155478495282176 roll 2
Jibs_PC#5584155478495282176 roll 2
DICE 2 2 2 1 3 0 
Jibs_PC#5584155478495282176 retreat
Jibs_PC#5584155478495282176 endattack
Jibs_PC#5584155478495282176 nomove
CARD 
Jibs_PC#5584155478495282176 placearmies 3 2
Jibs_PC#5584155478495282176 placearmies 34 1
Jibs_PC#5584155478495282176 attack 3 7
Jibs_PC#5584155478495282176 roll 3
Jibs_PC#5584155478495282176 roll 1
DICE 3 1 5 2 1 1 
Jibs_PC#5584155478495282176 endattack
Jibs_PC#5584155478495282176 nomove
CARD 12
Jibs_PC#5584155478495282176 placearmies 24 3
Jibs_PC#5584155478495282176 attack 24 21
Jibs_PC#5584155478495282176 roll 3
Jibs_PC#5584155478495282176 roll 1
DICE 3 1 1 0 0 0 
Jibs_PC#5584155478495282176 move 8
Jibs_PC#5584155478495282176 attack 21 12
Jibs_PC#5584155478495282176 roll 3
Jibs_PC#5584155478495282176 roll 2
DICE 3 2 4 3 2 4 0 
Jibs_PC#5584155478495282176 roll 3
Jibs_PC#5584155478495282176 roll 1
DICE 3 1 3 2 0 1 
Jibs_PC#5584155478495282176 move 6
Jibs_PC#5584155478495282176 attack 12 10
Jibs_PC#5584155478495282176 roll 3
Jibs_PC#5584155478495282176 roll 1
DICE 3 1 1 1 1 4 
Jibs_PC#5584155478495282176 roll 3
Jibs_PC#5584155478495282176 roll 1
DICE 3 1 5 4 2 4 
Jibs_PC#5584155478495282176 move 4
Jibs_PC#5584155478495282176 endattack
Jibs_PC#5584155478495282176 nomove
CARD 17
Jibs_PC#5584155478495282176 placearmies 42 3
Jibs_PC#5584155478495282176 attack 42 41
Jibs_PC#5584155478495282176 roll 3
Jibs_PC#5584155478495282176 roll 2
DICE 3 2 2 2 2 4 3 
Jibs_PC#5584155478495282176 retreat
Jibs_PC#5584155478495282176 attack 42 40
Jibs_PC#5584155478495282176 roll 2
Jibs_PC#5584155478495282176 roll 1
DICE 2 1 4 1 4 
Jibs_PC#5584155478495282176 retreat
Jibs_PC#5584155478495282176 attack 6 14
Jibs_PC#5584155478495282176 roll 3
Jibs_PC#5584155478495282176 roll 1
DICE 3 1 5 3 2 4 
Jibs_PC#5584155478495282176 endattack
Jibs_PC#5584155478495282176 nomove
CARD 6
Jibs_PC#5584155478495282176 placearmies 41 2
Jibs_PC#5584155478495282176 placearmies 41 1
Jibs_PC#5584155478495282176 attack 41 42
Jibs_PC#5584155478495282176 roll 3
Jibs_PC#5584155478495282176 roll 2
DICE 3 2 5 2 1 4 0 
Jibs_PC#5584155478495282176 move 3
Jibs_PC#5584155478495282176 endattack
Jibs_PC#5584155478495282176 movearmies 42 40 1
CARD wildcard
Jibs_PC#5584155478495282176 placearmies 11 3
Jibs_PC#5584155478495282176 attack 11 12
Jibs_PC#5584155478495282176 roll 3
Jibs_PC#5584155478495282176 roll 1
DICE 3 1 4 2 1 0 
Jibs_PC#5584155478495282176 move 4
Jibs_PC#5584155478495282176 endattack
Jibs_PC#5584155478495282176 movearmies 13 12 1
CARD 2
Jibs_PC#5584155478495282176 placearmies 8 2
Jibs_PC#5584155478495282176 placearmies 8 1
Jibs_PC#5584155478495282176 attack 8 7
Jibs_PC#5584155478495282176 roll 3
Jibs_PC#5584155478495282176 roll 2
DICE 3 2 5 1 1 4 3 
Jibs_PC#5584155478495282176 roll 3
Jibs_PC#5584155478495282176 roll 2
DICE 3 2 2 1 0 5 3 
Jibs_PC#5584155478495282176 retreat
Jibs_PC#5584155478495282176 endattack
Jibs_PC#5584155478495282176 nomove
CARD 
Jibs_PC#5584155478495282176 placearmies 34 2
Jibs_PC#5584155478495282176 placearmies 34 1
Jibs_PC#5584155478495282176 attack 34 27
Jibs_PC#5584155478495282176 roll 3
Jibs_PC#5584155478495282176 roll 1
DICE 3 1 4 2 1 3 
Jibs_PC#5584155478495282176 move 4
Jibs_PC#5584155478495282176 endattack
Jibs_PC#5584155478495282176 nomove
CARD 9
Jibs_PC#5584155478495282176 placearmies 10 1
Jibs_PC#5584155478495282176 placearmies 29 2
Jibs_PC#5584155478495282176 attack 10 11
Jibs_PC#5584155478495282176 roll 3
Jibs_PC#5584155478495282176 roll 1
DICE 3 1 4 3 2 1 
Jibs_PC#5584155478495282176 move 4
Jibs_PC#5584155478495282176 endattack
Jibs_PC#5584155478495282176 nomove
CARD 7
Jibs_PC#5584155478495282176 placearmies 14 1
Jibs_PC#5584155478495282176 placearmies 14 1
Jibs_PC#5584155478495282176 placearmies 6 1
Jibs_PC#5584155478495282176 attack 14 15
Jibs_PC#5584155478495282176 roll 3
Jibs_PC#5584155478495282176 roll 1
DICE 3 1 4 1 1 3 
Jibs_PC#5584155478495282176 move 4
Jibs_PC#5584155478495282176 endattack
Jibs_PC#5584155478495282176 nomove
CARD 3
Jibs_PC#5584155478495282176 placearmies 33 1
Jibs_PC#5584155478495282176 placearmies 22 3
Jibs_PC#5584155478495282176 placearmies 33 1
Jibs_PC#5584155478495282176 attack 22 24
Jibs_PC#5584155478495282176 roll 3
Jibs_PC#5584155478495282176 roll 1
DICE 3 1 3 2 2 1 
Jibs_PC#5584155478495282176 endattack
Jibs_PC#5584155478495282176 movearmies 41 39 1
CARD 18
Jibs_PC#5584155478495282176 placearmies 16 3
Jibs_PC#5584155478495282176 attack 5 10
Jibs_PC#5584155478495282176 roll 3
Jibs_PC#5584155478495282176 roll 1
DICE 3 1 3 0 0 2 
Jibs_PC#5584155478495282176 attack 16 18
Jibs_PC#5584155478495282176 roll 3
Jibs_PC#5584155478495282176 roll 1
DICE 3 1 4 1 0 1 
Jibs_PC#5584155478495282176 endattack
Jibs_PC#5584155478495282176 nomove
CARD 1
Jibs_PC#5584155478495282176 placearmies 8 3
Jibs_PC#5584155478495282176 attack 8 6
Jibs_PC#5584155478495282176 roll 3
Jibs_PC#5584155478495282176 roll 2
DICE 3 2 1 1 0 3 1 
Jibs_PC#5584155478495282176 retreat
Jibs_PC#5584155478495282176 attack 8 7
Jibs_PC#5584155478495282176 roll 2
Jibs_PC#5584155478495282176 roll 2
DICE 2 2 2 1 2 0 
Jibs_PC#5584155478495282176 retreat
Jibs_PC#5584155478495282176 endattack
Jibs_PC#5584155478495282176 nomove
CARD 
Jibs_PC#5584155478495282176 placearmies 27 1
Jibs_PC#5584155478495282176 placearmies 7 2
Jibs_PC#5584155478495282176 attack 27 28
Jibs_PC#5584155478495282176 roll 3
Jibs_PC#5584155478495282176 roll 1
DICE 3 1 3 2 0 1 
Jibs_PC#5584155478495282176 move 4
Jibs_PC#5584155478495282176 endattack
Jibs_PC#5584155478495282176 nomove
CARD 27
Jibs_PC#5584155478495282176 placearmies 11 1
Jibs_PC#5584155478495282176 placearmies 29 1
Jibs_PC#5584155478495282176 placearmies 11 1
Jibs_PC#5584155478495282176 attack 11 10
Jibs_PC#5584155478495282176 roll 3
Jibs_PC#5584155478495282176 roll 2
DICE 3 2 4 3 2 5 2 
Jibs_PC#5584155478495282176 roll 3
Jibs_PC#5584155478495282176 roll 2
DICE 3 2 4 2 1 4 1 
Jibs_PC#5584155478495282176 roll 3
Jibs_PC#5584155478495282176 roll 1
DICE 3 1 4 4 2 2 
Jibs_PC#5584155478495282176 attack 29 32
Jibs_PC#5584155478495282176 roll 3
Jibs_PC#5584155478495282176 roll 1
DICE 3 1 5 4 3 2 
Jibs_PC#5584155478495282176 move 4
Jibs_PC#5584155478495282176 endattack
Jibs_PC#5584155478495282176 nomove
CARD 39
Jibs_PC#5584155478495282176 placearmies 15 1
Jibs_PC#5584155478495282176 placearmies 6 2
Jibs_PC#5584155478495282176 attack 15 18
Jibs_PC#5584155478495282176 roll 3
Jibs_PC#5584155478495282176 roll 2
DICE 3 2 5 5 0 4 2 
Jibs_PC#5584155478495282176 roll 3
Jibs_PC#5584155478495282176 roll 1
DICE 3 1 5 4 3 5 
Jibs_PC#5584155478495282176 retreat
Jibs_PC#5584155478495282176 attack 15 16
Jibs_PC#5584155478495282176 roll 3
Jibs_PC#5584155478495282176 roll 1
DICE 3 1 2 2 1 3 
Jibs_PC#5584155478495282176 roll 2
Jibs_PC#5584155478495282176 roll 1
DICE 2 1 5 5 4 
Jibs_PC#5584155478495282176 endattack
Jibs_PC#5584155478495282176 movearmies 6 14 3
CARD 20
Jibs_PC#5584155478495282176 trade 14 wildcard 18
Jibs_PC#5584155478495282176 placearmies 4 8
Jibs_PC#5584155478495282176 placearmies 33 1
Jibs_PC#5584155478495282176 placearmies 24 6
Jibs_PC#5584155478495282176 attack 24 21
Jibs_PC#5584155478495282176 roll 3
Jibs_PC#5584155478495282176 roll 1
DICE 3 1 5 3 2 3 
Jibs_PC#5584155478495282176 move 8
Jibs_PC#5584155478495282176 attack 21 23
Jibs_PC#5584155478495282176 roll 3
Jibs_PC#5584155478495282176 roll 1
DICE 3 1 4 2 0 3 
Jibs_PC#5584155478495282176 move 7
Jibs_PC#5584155478495282176 attack 23 25
Jibs_PC#5584155478495282176 roll 3
Jibs_PC#5584155478495282176 roll 2
DICE 3 2 4 0 0 5 3 
Jibs_PC#5584155478495282176 roll 3
Jibs_PC#5584155478495282176 roll 2
DICE 3 2 3 2 0 2 2 
Jibs_PC#5584155478495282176 roll 3
Jibs_PC#5584155478495282176 roll 1
DICE 3 1 2 1 0 3 
Jibs_PC#5584155478495282176 roll 2
Jibs_PC#5584155478495282176 roll 1
DICE 2 1 1 0 3 
Jibs_PC#5584155478495282176 retreat
Jibs_PC#5584155478495282176 attack 4 9
Jibs_PC#5584155478495282176 roll 3
Jibs_PC#5584155478495282176 roll 1
DICE 3 1 5 2 0 5 
Jibs_PC#5584155478495282176 roll 3
Jibs_PC#5584155478495282176 roll 1
DICE 3 1 3 3 1 1 
Jibs_PC#5584155478495282176 move 7
Jibs_PC#5584155478495282176 attack 9 8
Jibs_PC#5584155478495282176 roll 3
Jibs_PC#5584155478495282176 roll 2
DICE 3 2 5 4 2 0 0 
Jibs_PC#5584155478495282176 move 6
Jibs_PC#5584155478495282176 attack 8 6
Jibs_PC#5584155478495282176 roll 3
Jibs_PC#5584155478495282176 roll 1
DICE 3 1 5 3 1 4 
Jibs_PC#5584155478495282176 move 5
Jibs_PC#5584155478495282176 attack 6 2
Jibs_PC#5584155478495282176 roll 3
Jibs_PC#5584155478495282176 roll 1
DICE 3 1 2 0 0 1 
Jibs_PC#5584155478495282176 move 4
Jibs_PC#5584155478495282176 endattack
Jibs_PC#5584155478495282176 movearmies 39 33 1
CARD 26
Jibs_PC#5584155478495282176 placearmies 17 3
Jibs_PC#5584155478495282176 attack 12 10
Jibs_PC#5584155478495282176 roll 3
Jibs_PC#5584155478495282176 roll 2
DICE 3 2 4 2 1 4 1 
Jibs_PC#5584155478495282176 roll 3
Jibs_PC#5584155478495282176 roll 2
DICE 3 2 5 3 3 5 0 
Jibs_PC#5584155478495282176 roll 2
Jibs_PC#5584155478495282176 roll 1
DICE 2 1 4 3 1 
Jibs_PC#5584155478495282176 endattack
Jibs_PC#5584155478495282176 nomove
CARD 42
Jibs_PC#5584155478495282176 placearmies 35 3
Jibs_PC#5584155478495282176 attack 35 38
Jibs_PC#5584155478495282176 roll 3
Jibs_PC#5584155478495282176 roll 1
DICE 3 1 5 2 0 2 
Jibs_PC#5584155478495282176 endattack
Jibs_PC#5584155478495282176 nomove
CARD wildcard
Jibs_PC#5584155478495282176 trade 12 9 27
Jibs_PC#5584155478495282176 placearmies 27 8
Jibs_PC#5584155478495282176 placearmies 27 3
Jibs_PC#5584155478495282176 attack 27 35
Jibs_PC#5584155478495282176 roll 3
Jibs_PC#5584155478495282176 roll 1
DICE 3 1 5 4 0 0 
Jibs_PC#5584155478495282176 move 13
Jibs_PC#5584155478495282176 attack 35 38
Jibs_PC#5584155478495282176 roll 3
Jibs_PC#5584155478495282176 roll 2
DICE 3 2 5 4 1 3 0 
Jibs_PC#5584155478495282176 roll 3
Jibs_PC#5584155478495282176 roll 1
DICE 3 1 5 4 4 3 
Jibs_PC#5584155478495282176 move 12
Jibs_PC#5584155478495282176 attack 7 9
Jibs_PC#5584155478495282176 roll 2
Jibs_PC#5584155478495282176 roll 1
DICE 2 1 4 3 2 
Jibs_PC#5584155478495282176 attack 38 1
Jibs_PC#5584155478495282176 roll 3
Jibs_PC#5584155478495282176 roll 1
DICE 3 1 3 1 0 4 
Jibs_PC#5584155478495282176 roll 3
Jibs_PC#5584155478495282176 roll 1
DICE 3 1 4 3 1 2 
Jibs_PC#5584155478495282176 move 10
Jibs_PC#5584155478495282176 attack 1 2
Jibs_PC#5584155478495282176 roll 3
Jibs_PC#5584155478495282176 roll 2
DICE 3 2 4 3 0 3 1 
Jibs_PC#5584155478495282176 roll 3
Jibs_PC#5584155478495282176 roll 2
DICE 3 2 5 4 0 4 1 
Jibs_PC#5584155478495282176 move 9
Jibs_PC#5584155478495282176 attack 2 6
Jibs_PC#5584155478495282176 roll 3
Jibs_PC#5584155478495282176 roll 1
DICE 3 1 3 2 1 3 
Jibs_PC#5584155478495282176 roll 3
Jibs_PC#5584155478495282176 roll 1
DICE 3 1 4 2 0 5 
Jibs_PC#5584155478495282176 roll 3
Jibs_PC#5584155478495282176 roll 1
DICE 3 1 4 0 0 1 
Jibs_PC#5584155478495282176 move 6
Jibs_PC#5584155478495282176 attack 6 8
Jibs_PC#5584155478495282176 roll 3
Jibs_PC#5584155478495282176 roll 1
DICE 3 1 3 1 1 5 
Jibs_PC#5584155478495282176 roll 3
Jibs_PC#5584155478495282176 roll 1
DICE 3 1 3 2 0 3 
Jibs_PC#5584155478495282176 roll 3
Jibs_PC#5584155478495282176 roll 1
DICE 3 1 5 2 0 3 
Jibs_PC#5584155478495282176 endattack
Jibs_PC#5584155478495282176 movearmies 8 7 2
CARD 23
Jibs_PC#5584155478495282176 trade 17 7 39
Jibs_PC#5584155478495282176 placearmies 11 7
Jibs_PC#5584155478495282176 placearmies 32 1
Jibs_PC#5584155478495282176 placearmies 32 1
Jibs_PC#5584155478495282176 attack 11 10
Jibs_PC#5584155478495282176 roll 3
Jibs_PC#5584155478495282176 roll 2
DICE 3 2 3 3 2 0 0 
Jibs_PC#5584155478495282176 move 7
Jibs_PC#5584155478495282176 attack 10 12
Jibs_PC#5584155478495282176 roll 3
Jibs_PC#5584155478495282176 roll 1
DICE 3 1 2 2 0 0 
Jibs_PC#5584155478495282176 move 6
Jibs_PC#5584155478495282176 attack 12 13
Jibs_PC#5584155478495282176 roll 3
Jibs_PC#5584155478495282176 roll 1
DICE 3 1 5 5 4 1 
Jibs_PC#5584155478495282176 move 3
Jibs_PC#5584155478495282176 endattack
Jibs_PC#5584155478495282176 movearmies 13 12 2
CARD 10
Jibs_PC#5584155478495282176 placearmies 16 3
Jibs_PC#5584155478495282176 attack 16 18
Jibs_PC#5584155478495282176 roll 3
Jibs_PC#5584155478495282176 roll 1
DICE 3 1 4 3 2 2 
Jibs_PC#5584155478495282176 move 4
Jibs_PC#5584155478495282176 attack 18 19
Jibs_PC#5584155478495282176 roll 3
Jibs_PC#5584155478495282176 roll 1
DICE 3 1 5 2 1 3 
Jibs_PC#5584155478495282176 attack 19 20
Jibs_PC#5584155478495282176 roll 2
Jibs_PC#5584155478495282176 roll 1
DICE 2 1 3 0 4 
Jibs_PC#5584155478495282176 retreat
Jibs_PC#5584155478495282176 endattack
Jibs_PC#5584155478495282176 nomove
CARD 33
Jibs_PC#5584155478495282176 placearmies 33 1
Jibs_PC#5584155478495282176 placearmies 23 3
Jibs_PC#5584155478495282176 placearmies 33 1
Jibs_PC#5584155478495282176 attack 23 25
Jibs_PC#5584155478495282176 roll 3
Jibs_PC#5584155478495282176 roll 1
DICE 3 1 2 1 1 3 
Jibs_PC#5584155478495282176 roll 3
Jibs_PC#5584155478495282176 roll 1
DICE 3 1 5 3 0 4 
Jibs_PC#5584155478495282176 attack 25 26
Jibs_PC#5584155478495282176 roll 2
Jibs_PC#5584155478495282176 roll 1
DICE 2 1 4 3 1 
Jibs_PC#5584155478495282176 attack 33 29
Jibs_PC#5584155478495282176 roll 3
Jibs_PC#5584155478495282176 roll 1
DICE 3 1 5 3 0 0 
Jibs_PC#5584155478495282176 move 5
Jibs_PC#5584155478495282176 attack 29 36
Jibs_PC#5584155478495282176 roll 3
Jibs_PC#5584155478495282176 roll 1
DICE 3 1 5 5 0 5 
Jibs_PC#5584155478495282176 roll 3
Jibs_PC#5584155478495282176 roll 1
DICE 3 1 5 4 2 0 
Jibs_PC#5584155478495282176 endattack
Jibs_PC#5584155478495282176 nomove
CARD 28
Jibs_PC#5584155478495282176 trade 4 1 42
Jibs_PC#5584155478495282176 placearmies 5 7
Jibs_PC#5584155478495282176 attack 5 10
Jibs_PC#5584155478495282176 roll 3
Jibs_PC#5584155478495282176 roll 1
DICE 3 1 2 0 0 0 
Jibs_PC#5584155478495282176 move 7
Jibs_PC#5584155478495282176 attack 10 12
Jibs_PC#5584155478495282176 roll 3
Jibs_PC#5584155478495282176 roll 2
DICE 3 2 2 0 0 2 1 
Jibs_PC#5584155478495282176 roll 3
Jibs_PC#5584155478495282176 roll 2
DICE 3 2 3 1 0 1 0 
Jibs_PC#5584155478495282176 roll 3
Jibs_PC#5584155478495282176 roll 2
DICE 3 2 5 4 3 1 1 
Jibs_PC#5584155478495282176 roll 3
Jibs_PC#5584155478495282176 roll 1
DICE 3 1 3 1 1 1 
Jibs_PC#5584155478495282176 move 4
Jibs_PC#5584155478495282176 attack 12 21
Jibs_PC#5584155478495282176 roll 3
Jibs_PC#5584155478495282176 roll 1
DICE 3 1 5 3 1 0 
Jibs_PC#5584155478495282176 endattack
Jibs_PC#5584155478495282176 nomove
CARD 5
Jibs_PC#5584155478495282176 trade 40 16 wildcard
Jibs_PC#5584155478495282176 placearmies 28 9
Jibs_PC#5584155478495282176 placearmies 28 4
Jibs_PC#5584155478495282176 placearmies 7 1
Jibs_PC#5584155478495282176 attack 28 29
Jibs_PC#5584155478495282176 roll 3
Jibs_PC#5584155478495282176 roll 1
DICE 3 1 3 3 1 3 
Jibs_PC#5584155478495282176 roll 3
Jibs_PC#5584155478495282176 roll 1
DICE 3 1 5 2 1 2 
Jibs_PC#5584155478495282176 move 15
Jibs_PC#5584155478495282176 attack 29 33
Jibs_PC#5584155478495282176 roll 3
Jibs_PC#5584155478495282176 roll 2
DICE 3 2 5 5 0 4 0 
Jibs_PC#5584155478495282176 move 14
Jibs_PC#5584155478495282176 attack 33 39
Jibs_PC#5584155478495282176 roll 3
Jibs_PC#5584155478495282176 roll 1
DICE 3 1 4 3 1 4 
Jibs_PC#5584155478495282176 roll 3
Jibs_PC#5584155478495282176 roll 1
DICE 3 1 5 3 1 0 
Jibs_PC#5584155478495282176 move 12
Jibs_PC#5584155478495282176 attack 39 41
Jibs_PC#5584155478495282176 roll 3
Jibs_PC#5584155478495282176 roll 2
DICE 3 2 4 3 2 4 0 
Jibs_PC#5584155478495282176 roll 3
Jibs_PC#5584155478495282176 roll 1
DICE 3 1 4 2 2 3 
Jibs_PC#5584155478495282176 move 10
Jibs_PC#5584155478495282176 attack 41 42
Jibs_PC#5584155478495282176 roll 3
Jibs_PC#5584155478495282176 roll 2
DICE 3 2 2 1 1 1 1 
Jibs_PC#5584155478495282176 roll 3
Jibs_PC#5584155478495282176 roll 1
DICE 3 1 5 3 2 5 
Jibs_PC#5584155478495282176 roll 3
Jibs_PC#5584155478495282176 roll 1
DICE 3 1 3 3 1 4 
Jibs_PC#5584155478495282176 roll 3
Jibs_PC#5584155478495282176 roll 1
DICE 3 1 2 2 1 5 
Jibs_PC#5584155478495282176 roll 3
Jibs_PC#5584155478495282176 roll 1
DICE 3 1 5 2 0 2 
Jibs_PC#5584155478495282176 move 5
Jibs_PC#5584155478495282176 attack 42 40
Jibs_PC#5584155478495282176 roll 3
Jibs_PC#5584155478495282176 roll 2
DICE 3 2 5 2 0 0 0 
Jibs_PC#5584155478495282176 move 3
Jibs_PC#5584155478495282176 attack 7 4
Jibs_PC#5584155478495282176 roll 3
Jibs_PC#5584155478495282176 roll 1
DICE 3 1 4 3 0 5 
Jibs_PC#5584155478495282176 roll 2
Jibs_PC#5584155478495282176 roll 1
DICE 2 1 1 0 0 
Jibs_PC#5584155478495282176 endattack
Jibs_PC#5584155478495282176 movearmies 40 39 1
CARD 38
Jibs_PC#5584155478495282176 placearmies 32 3
Jibs_PC#5584155478495282176 attack 32 33
Jibs_PC#5584155478495282176 roll 3
Jibs_PC#5584155478495282176 roll 1
DICE 3 1 5 5 1 5 
Jibs_PC#5584155478495282176 roll 3
Jibs_PC#5584155478495282176 roll 1
DICE 3 1 4 4 1 4 
Jibs_PC#5584155478495282176 roll 3
Jibs_PC#5584155478495282176 roll 1
DICE 3 1 2 1 0 5 
Jibs_PC#5584155478495282176 roll 3
Jibs_PC#5584155478495282176 roll 1
DICE 3 1 4 2 0 0 
Jibs_PC#5584155478495282176 move 5
Jibs_PC#5584155478495282176 attack 33 39
Jibs_PC#5584155478495282176 roll 3
Jibs_PC#5584155478495282176 roll 2
DICE 3 2 5 2 0 5 3 
Jibs_PC#5584155478495282176 retreat
Jibs_PC#5584155478495282176 endattack
Jibs_PC#5584155478495282176 nomove
CARD 36
Jibs_PC#5584155478495282176 trade 21 6 33
Jibs_PC#5584155478495282176 placearmies 19 3
Jibs_PC#5584155478495282176 placearmies 14 10
Jibs_PC#5584155478495282176 attack 19 20
Jibs_PC#5584155478495282176 roll 3
Jibs_PC#5584155478495282176 roll 1
DICE 3 1 4 4 1 3 
Jibs_PC#5584155478495282176 move 4
Jibs_PC#5584155478495282176 attack 14 17
Jibs_PC#5584155478495282176 roll 3
Jibs_PC#5584155478495282176 roll 2
DICE 3 2 5 3 3 3 1 
Jibs_PC#5584155478495282176 roll 3
Jibs_PC#5584155478495282176 roll 2
DICE 3 2 5 3 1 3 0 
Jibs_PC#5584155478495282176 move 3
Jibs_PC#5584155478495282176 attack 14 6
Jibs_PC#5584155478495282176 roll 3
Jibs_PC#5584155478495282176 roll 1
DICE 3 1 4 1 0 5 
Jibs_PC#5584155478495282176 roll 3
Jibs_PC#5584155478495282176 roll 1
DICE 3 1 5 2 0 5 
Jibs_PC#5584155478495282176 roll 3
Jibs_PC#5584155478495282176 roll 1
DICE 3 1 5 5 0 0 
Jibs_PC#5584155478495282176 move 8
Jibs_PC#5584155478495282176 attack 6 8
Jibs_PC#5584155478495282176 roll 3
Jibs_PC#5584155478495282176 roll 1
DICE 3 1 4 4 2 5 
Jibs_PC#5584155478495282176 roll 3
Jibs_PC#5584155478495282176 roll 1
DICE 3 1 2 1 1 4 
Jibs_PC#5584155478495282176 roll 3
Jibs_PC#5584155478495282176 roll 1
DICE 3 1 4 3 2 1 
Jibs_PC#5584155478495282176 move 4
Jibs_PC#5584155478495282176 attack 8 9
Jibs_PC#5584155478495282176 roll 3
Jibs_PC#5584155478495282176 roll 2
DICE 3 2 5 5 3 2 2 
Jibs_PC#5584155478495282176 endattack
Jibs_PC#5584155478495282176 movearmies 17 19 2
CARD 37
Jibs_PC#5584155478495282176 placearmies 36 1
Jibs_PC#5584155478495282176 placearmies 36 1
Jibs_PC#5584155478495282176 placearmies 23 1
Jibs_PC#5584155478495282176 attack 36 27
Jibs_PC#5584155478495282176 roll 3
Jibs_PC#5584155478495282176 roll 1
DICE 3 1 3 3 2 4 
Jibs_PC#5584155478495282176 roll 3
Jibs_PC#5584155478495282176 roll 1
DICE 3 1 5 5 1 3 
Jibs_PC#5584155478495282176 endattack
Jibs_PC#5584155478495282176 movearmies 26 24 1
CARD 22
Jibs_PC#5584155478495282176 placearmies 21 1
Jibs_PC#5584155478495282176 placearmies 21 1
Jibs_PC#5584155478495282176 placearmies 5 1
Jibs_PC#5584155478495282176 attack 21 19
Jibs_PC#5584155478495282176 roll 3
Jibs_PC#5584155478495282176 roll 2
DICE 3 2 4 3 0 3 3 
Jibs_PC#5584155478495282176 roll 3
Jibs_PC#5584155478495282176 roll 2
DICE 3 2 5 5 4 5 2 
Jibs_PC#5584155478495282176 roll 2
Jibs_PC#5584155478495282176 roll 1
DICE 2 1 4 0 1 
Jibs_PC#5584155478495282176 endattack
Jibs_PC#5584155478495282176 nomove
CARD 41
Jibs_PC#5584155478495282176 placearmies 4 7
Jibs_PC#5584155478495282176 attack 4 5
Jibs_PC#5584155478495282176 roll 3
Jibs_PC#5584155478495282176 roll 2
DICE 3 2 5 4 3 4 2 
Jibs_PC#5584155478495282176 move 8
Jibs_PC#5584155478495282176 attack 5 10
Jibs_PC#5584155478495282176 roll 3
Jibs_PC#5584155478495282176 roll 1
DICE 3 1 5 4 3 5 
Jibs_PC#5584155478495282176 roll 3
Jibs_PC#5584155478495282176 roll 1
DICE 3 1 4 3 2 2 
Jibs_PC#5584155478495282176 move 6
Jibs_PC#5584155478495282176 attack 10 12
Jibs_PC#5584155478495282176 roll 3
Jibs_PC#5584155478495282176 roll 1
DICE 3 1 5 0 0 5 
Jibs_PC#5584155478495282176 roll 3
Jibs_PC#5584155478495282176 roll 1
DICE 3 1 2 1 0 0 
Jibs_PC#5584155478495282176 move 4
Jibs_PC#5584155478495282176 attack 12 13
Jibs_PC#5584155478495282176 roll 3
Jibs_PC#5584155478495282176 roll 1
DICE 3 1 4 1 0 4 
Jibs_PC#5584155478495282176 roll 2
Jibs_PC#5584155478495282176 roll 1
DICE 2 1 5 1 5 
Jibs_PC#5584155478495282176 retreat
Jibs_PC#5584155478495282176 endattack
Jibs_PC#5584155478495282176 movearmies 40 39 1
CARD 25
Jibs_PC#5584155478495282176 placearmies 33 1
Jibs_PC#5584155478495282176 placearmies 33 1
Jibs_PC#5584155478495282176 placearmies 33 1
Jibs_PC#5584155478495282176 attack 33 39
Jibs_PC#5584155478495282176 roll 3
Jibs_PC#5584155478495282176 roll 2
DICE 3 2 3 2 1 3 3 
Jibs_PC#5584155478495282176 roll 3
Jibs_PC#5584155478495282176 roll 2
DICE 3 2 4 0 0 5 2 
Jibs_PC#5584155478495282176 retreat
Jibs_PC#5584155478495282176 endattack
Jibs_PC#5584155478495282176 nomove
CARD 
Jibs_PC#5584155478495282176 placearmies 20 1
Jibs_PC#5584155478495282176 placearmies 20 1
Jibs_PC#5584155478495282176 placearmies 9 1
Jibs_PC#5584155478495282176 attack 20 21
Jibs_PC#5584155478495282176 roll 3
Jibs_PC#5584155478495282176 roll 1
DICE 3 1 5 4 0 2 
Jibs_PC#5584155478495282176 move 5
Jibs_PC#5584155478495282176 attack 21 19
Jibs_PC#5584155478495282176 roll 3
Jibs_PC#5584155478495282176 roll 2
DICE 3 2 5 2 1 2 1 
Jibs_PC#5584155478495282176 move 3
Jibs_PC#5584155478495282176 trade 3 20 2
Jibs_PC#5584155478495282176 placearmies 9 10
Jibs_PC#5584155478495282176 attack 9 7
Jibs_PC#5584155478495282176 roll 3
Jibs_PC#5584155478495282176 roll 1
DICE 3 1 5 5 1 1 
Jibs_PC#5584155478495282176 move 13
Jibs_PC#5584155478495282176 attack 7 4
Jibs_PC#5584155478495282176 roll 3
Jibs_PC#5584155478495282176 roll 1
DICE 3 1 2 2 1 0 
Jibs_PC#5584155478495282176 move 12
Jibs_PC#5584155478495282176 attack 4 5
Jibs_PC#5584155478495282176 roll 3
Jibs_PC#5584155478495282176 roll 1
DICE 3 1 4 4 2 2 
Jibs_PC#5584155478495282176 move 11
Jibs_PC#5584155478495282176 attack 5 10
Jibs_PC#5584155478495282176 roll 3
Jibs_PC#5584155478495282176 roll 1
DICE 3 1 5 4 2 3 
Jibs_PC#5584155478495282176 move 10
Jibs_PC#5584155478495282176 attack 10 12
Jibs_PC#5584155478495282176 roll 3
Jibs_PC#5584155478495282176 roll 2
DICE 3 2 2 1 0 4 4 
Jibs_PC#5584155478495282176 roll 3
Jibs_PC#5584155478495282176 roll 2
DICE 3 2 5 2 0 5 1 
Jibs_PC#5584155478495282176 roll 3
Jibs_PC#5584155478495282176 roll 1
DICE 3 1 2 1 0 3 
Jibs_PC#5584155478495282176 roll 3
Jibs_PC#5584155478495282176 roll 1
DICE 3 1 4 3 1 1 
Jibs_PC#5584155478495282176 move 5
Jibs_PC#5584155478495282176 attack 12 13
Jibs_PC#5584155478495282176 roll 3
Jibs_PC#5584155478495282176 roll 1
DICE 3 1 4 4 0 0 
Jibs_PC#5584155478495282176 move 4
Jibs_PC#5584155478495282176 attack 13 11
Jibs_PC#5584155478495282176 roll 3
Jibs_PC#5584155478495282176 roll 1
DICE 3 1 5 2 0 0 
Jibs_PC#5584155478495282176 endattack
Jibs_PC#5584155478495282176 movearmies 19 21 2
CARD 19
Jibs_PC#5584155478495282176 placearmies 27 1
Jibs_PC#5584155478495282176 placearmies 27 1
Jibs_PC#5584155478495282176 placearmies 23 1
Jibs_PC#5584155478495282176 attack 27 35
Jibs_PC#5584155478495282176 roll 3
Jibs_PC#5584155478495282176 roll 1
DICE 3 1 5 3 1 0 
Jibs_PC#5584155478495282176 move 4
Jibs_PC#5584155478495282176 endattack
Jibs_PC#5584155478495282176 nomove
CARD 8
Jibs_PC#5584155478495282176 placearmies 39 6
Jibs_PC#5584155478495282176 attack 39 33
Jibs_PC#5584155478495282176 roll 3
Jibs_PC#5584155478495282176 roll 2
DICE 3 2 5 3 2 4 0 
Jibs_PC#5584155478495282176 move 8
Jibs_PC#5584155478495282176 attack 33 32
Jibs_PC#5584155478495282176 roll 3
Jibs_PC#5584155478495282176 roll 1
DICE 3 1 3 3 2 4 
Jibs_PC#5584155478495282176 roll 3
Jibs_PC#5584155478495282176 roll 1
DICE 3 1 5 4 2 2 
Jibs_PC#5584155478495282176 move 6
Jibs_PC#5584155478495282176 trade 23 25 32
Jibs_PC#5584155478495282176 placearmies 3 10
Jibs_PC#5584155478495282176 attack 3 4
Jibs_PC#5584155478495282176 roll 3
Jibs_PC#5584155478495282176 roll 1
DICE 3 1 4 4 1 2 
Jibs_PC#5584155478495282176 move 10
Jibs_PC#5584155478495282176 attack 4 5
Jibs_PC#5584155478495282176 roll 3
Jibs_PC#5584155478495282176 roll 1
DICE 3 1 4 2 1 1 
Jibs_PC#5584155478495282176 move 9
Jibs_PC#5584155478495282176 attack 5 10
Jibs_PC#5584155478495282176 roll 3
Jibs_PC#5584155478495282176 roll 1
DICE 3 1 4 3 1 2 
Jibs_PC#5584155478495282176 move 8
Jibs_PC#5584155478495282176 attack 32 31
Jibs_PC#5584155478495282176 roll 3
Jibs_PC#5584155478495282176 roll 1
DICE 3 1 1 1 1 3 
Jibs_PC#5584155478495282176 roll 3
Jibs_PC#5584155478495282176 roll 1
DICE 3 1 5 3 1 3 
Jibs_PC#5584155478495282176 move 6
Jibs_PC#5584155478495282176 attack 31 16
Jibs_PC#5584155478495282176 roll 3
Jibs_PC#5584155478495282176 roll 1
DICE 3 1 1 0 0 2 
Jibs_PC#5584155478495282176 roll 3
Jibs_PC#5584155478495282176 roll 1
DICE 3 1 3 3 3 1 
Jibs_PC#5584155478495282176 move 3
Jibs_PC#5584155478495282176 attack 10 12
Jibs_PC#5584155478495282176 roll 3
Jibs_PC#5584155478495282176 roll 1
DICE 3 1 5 2 1 3 
Jibs_PC#5584155478495282176 move 7
Jibs_PC#5584155478495282176 attack 12 13
Jibs_PC#5584155478495282176 roll 3
Jibs_PC#5584155478495282176 roll 1
DICE 3 1 5 5 1 1 
Jibs_PC#5584155478495282176 move 6
Jibs_PC#5584155478495282176 attack 13 11
Jibs_PC#5584155478495282176 roll 3
Jibs_PC#5584155478495282176 roll 2
DICE 3 2 1 0 0 3 0 
Jibs_PC#5584155478495282176 roll 3
Jibs_PC#5584155478495282176 roll 2
DICE 3 2 5 4 3 5 2 
Jibs_PC#5584155478495282176 retreat
Jibs_PC#5584155478495282176 endattack
Jibs_PC#5584155478495282176 nomove
CARD 31
Jibs_PC#5584155478495282176 trade 37 5 41
Jibs_PC#5584155478495282176 placearmies 37 11
Jibs_PC#5584155478495282176 placearmies 37 3
Jibs_PC#5584155478495282176 attack 37 36
Jibs_PC#5584155478495282176 roll 3
Jibs_PC#5584155478495282176 roll 1
DICE 3 1 2 0 0 0 
Jibs_PC#5584155478495282176 move 16
Jibs_PC#5584155478495282176 attack 36 29
Jibs_PC#5584155478495282176 roll 3
Jibs_PC#5584155478495282176 roll 1
DICE 3 1 4 2 1 4 
Jibs_PC#5584155478495282176 roll 3
Jibs_PC#5584155478495282176 roll 1
DICE 3 1 5 4 0 4 
Jibs_PC#5584155478495282176 move 14
Jibs_PC#5584155478495282176 attack 29 33
Jibs_PC#5584155478495282176 roll 3
Jibs_PC#5584155478495282176 roll 1
DICE 3 1 5 2 1 2 
Jibs_PC#5584155478495282176 move 13
Jibs_PC#5584155478495282176 attack 33 39
Jibs_PC#5584155478495282176 roll 3
Jibs_PC#5584155478495282176 roll 1
DICE 3 1 3 2 0 0 
Jibs_PC#5584155478495282176 move 12
Jibs_PC#5584155478495282176 attack 39 41
Jibs_PC#5584155478495282176 roll 3
Jibs_PC#5584155478495282176 roll 1
DICE 3 1 5 5 2 5 
Jibs_PC#5584155478495282176 roll 3
Jibs_PC#5584155478495282176 roll 1
DICE 3 1 5 2 0 1 
Jibs_PC#5584155478495282176 move 10
Jibs_PC#5584155478495282176 attack 41 42
Jibs_PC#5584155478495282176 roll 3
Jibs_PC#5584155478495282176 roll 2
DICE 3 2 4 4 0 5 1 
Jibs_PC#5584155478495282176 roll 3
Jibs_PC#5584155478495282176 roll 1
DICE 3 1 4 1 0 2 
Jibs_PC#5584155478495282176 move 5
Jibs_PC#5584155478495282176 attack 42 40
Jibs_PC#5584155478495282176 roll 3
Jibs_PC#5584155478495282176 roll 1
DICE 3 1 2 2 0 0 
Jibs_PC#5584155478495282176 move 3
Jibs_PC#5584155478495282176 attack 21 12
Jibs_PC#5584155478495282176 roll 3
Jibs_PC#5584155478495282176 roll 1
DICE 3 1 4 1 0 5 
Jibs_PC#5584155478495282176 roll 2
Jibs_PC#5584155478495282176 roll 1
DICE 2 1 2 0 3 
Jibs_PC#5584155478495282176 retreat
Jibs_PC#5584155478495282176 endattack
Jibs_PC#5584155478495282176 movearmies 41 39 2
CARD 29
Jibs_PC#5584155478495282176 trade 26 28 8
Jibs_PC#5584155478495282176 placearmies 23 3
Jibs_PC#5584155478495282176 placearmies 35 4
Jibs_PC#5584155478495282176 placearmies 35 6
Jibs_PC#5584155478495282176 attack 35 36
Jibs_PC#5584155478495282176 roll 3
Jibs_PC#5584155478495282176 roll 1
DICE 3 1 3 1 1 2 
Jibs_PC#5584155478495282176 move 13
Jibs_PC#5584155478495282176 attack 36 29
Jibs_PC#5584155478495282176 roll 3
Jibs_PC#5584155478495282176 roll 1
DICE 3 1 4 4 0 4 
Jibs_PC#5584155478495282176 roll 3
Jibs_PC#5584155478495282176 roll 1
DICE 3 1 5 4 0 3 
Jibs_PC#5584155478495282176 move 11
Jibs_PC#5584155478495282176 attack 29 33
Jibs_PC#5584155478495282176 roll 3
Jibs_PC#5584155478495282176 roll 1
DICE 3 1 5 4 2 2 
Jibs_PC#5584155478495282176 move 10
Jibs_PC#5584155478495282176 attack 33 39
Jibs_PC#5584155478495282176 roll 3
Jibs_PC#5584155478495282176 roll 2
DICE 3 2 4 4 0 4 1 
Jibs_PC#5584155478495282176 roll 3
Jibs_PC#5584155478495282176 roll 2
DICE 3 2 5 4 1 3 1 
Jibs_PC#5584155478495282176 move 8
Jibs_PC#5584155478495282176 attack 23 21
Jibs_PC#5584155478495282176 roll 3
Jibs_PC#5584155478495282176 roll 2
DICE 3 2 2 2 0 1 0 
Jibs_PC#5584155478495282176 move 5
Jibs_PC#5584155478495282176 attack 39 41
Jibs_PC#5584155478495282176 roll 3
Jibs_PC#5584155478495282176 roll 2
DICE 3 2 5 2 1 3 2 
Jibs_PC#5584155478495282176 roll 3
Jibs_PC#5584155478495282176 roll 1
DICE 3 1 2 2 1 0 
Jibs_PC#5584155478495282176 move 6
Jibs_PC#5584155478495282176 attack 41 42
Jibs_PC#5584155478495282176 roll 3
Jibs_PC#5584155478495282176 roll 2
DICE 3 2 5 4 0 4 4 
Jibs_PC#5584155478495282176 roll 3
Jibs_PC#5584155478495282176 roll 1
DICE 3 1 4 4 1 4 
Jibs_PC#5584155478495282176 roll 3
Jibs_PC#5584155478495282176 roll 1
DICE 3 1 5 5 1 0 
Jibs_PC#5584155478495282176 attack 21 19
Jibs_PC#5584155478495282176 roll 3
Jibs_PC#5584155478495282176 roll 1
DICE 3 1 2 2 1 3 
Jibs_PC#5584155478495282176 roll 3
Jibs_PC#5584155478495282176 roll 1
DICE 3 1 4 4 2 2 
Jibs_PC#5584155478495282176 endattack
Jibs_PC#5584155478495282176 movearmies 19 21 2
CARD 35
Jibs_PC#5584155478495282176 trade 10 36 31
Jibs_PC#5584155478495282176 placearmies 10 3
Jibs_PC#5584155478495282176 placearmies 31 3
Jibs_PC#5584155478495282176 placearmies 4 7
Jibs_PC#5584155478495282176 attack 31 22
Jibs_PC#5584155478495282176 roll 3
Jibs_PC#5584155478495282176 roll 1
DICE 3 1 4 3 3 1 
Jibs_PC#5584155478495282176 move 4
Jibs_PC#5584155478495282176 attack 10 11
Jibs_PC#5584155478495282176 roll 3
Jibs_PC#5584155478495282176 roll 2
DICE 3 2 4 1 0 5 3 
Jibs_PC#5584155478495282176 roll 3
Jibs_PC#5584155478495282176 roll 2
DICE 3 2 3 0 0 3 1 
Jibs_PC#5584155478495282176 retreat
Jibs_PC#5584155478495282176 attack 4 9
Jibs_PC#5584155478495282176 roll 3
Jibs_PC#5584155478495282176 roll 1
DICE 3 1 3 0 0 4 
Jibs_PC#5584155478495282176 roll 3
Jibs_PC#5584155478495282176 roll 1
DICE 3 1 4 4 2 5 
Jibs_PC#5584155478495282176 roll 3
Jibs_PC#5584155478495282176 roll 1
DICE 3 1 3 0 0 2 
Jibs_PC#5584155478495282176 move 5
Jibs_PC#5584155478495282176 attack 9 8
Jibs_PC#5584155478495282176 roll 3
Jibs_PC#5584155478495282176 roll 1
DICE 3 1 4 2 1 2 
Jibs_PC#5584155478495282176 move 4
Jibs_PC#5584155478495282176 attack 8 7
Jibs_PC#5584155478495282176 roll 3
Jibs_PC#5584155478495282176 roll 1
DICE 3 1 4 1 0 0 
Jibs_PC#5584155478495282176 endattack
Jibs_PC#5584155478495282176 nomove
CARD 30
Jibs_PC#5584155478495282176 placearmies 20 2
Jibs_PC#5584155478495282176 placearmies 40 1
Jibs_PC#5584155478495282176 attack 20 19
Jibs_PC#5584155478495282176 roll 3
Jibs_PC#5584155478495282176 roll 1
DICE 3 1 4 4 0 2 
Jibs_PC#5584155478495282176 move 4
Jibs_PC#5584155478495282176 endattack
Jibs_PC#5584155478495282176 nomove
CARD 13
Jibs_PC#5584155478495282176 placearmies 35 4
Jibs_PC#5584155478495282176 attack 35 38
Jibs_PC#5584155478495282176 roll 3
Jibs_PC#5584155478495282176 roll 1
DICE 3 1 5 3 2 4 
Jibs_PC#5584155478495282176 move 4
Jibs_PC#5584155478495282176 attack 38 37
Jibs_PC#5584155478495282176 roll 3
Jibs_PC#5584155478495282176 roll 1
DICE 3 1 2 0 0 5 
Jibs_PC#5584155478495282176 roll 2
Jibs_PC#5584155478495282176 roll 1
DICE 2 1 2 0 5 
Jibs_PC#5584155478495282176 retreat
Jibs_PC#5584155478495282176 endattack
Jibs_PC#5584155478495282176 movearmies 26 24 2
CARD 24
Jibs_PC#5584155478495282176 placearmies 13 3
Jibs_PC#5584155478495282176 placearmies 7 3
Jibs_PC#5584155478495282176 attack 13 11
Jibs_PC#5584155478495282176 roll 3
Jibs_PC#5584155478495282176 roll 2
DICE 3 2 5 4 0 4 0 
Jibs_PC#5584155478495282176 move 3
Jibs_PC#5584155478495282176 attack 7 6
Jibs_PC#5584155478495282176 roll 3
Jibs_PC#5584155478495282176 roll 2
DICE 3 2 1 1 0 3 2 
Jibs_PC#5584155478495282176 roll 3
Jibs_PC#5584155478495282176 roll 2
DICE 3 2 3 1 0 4 4 
Jibs_PC#5584155478495282176 retreat
Jibs_PC#5584155478495282176 endattack
Jibs_PC#5584155478495282176 movearmies 13 12 2
CARD 11
Jibs_PC#5584155478495282176 placearmies 40 3
Jibs_PC#5584155478495282176 attack 40 41
Jibs_PC#5584155478495282176 roll 3
Jibs_PC#5584155478495282176 roll 1
DICE 3 1 5 4 3 2 
Jibs_PC#5584155478495282176 move 6
Jibs_PC#5584155478495282176 attack 41 39
Jibs_PC#5584155478495282176 roll 3
Jibs_PC#5584155478495282176 roll 1
DICE 3 1 4 4 2 0 
Jibs_PC#5584155478495282176 move 5
Jibs_PC#5584155478495282176 attack 39 33
Jibs_PC#5584155478495282176 roll 3
Jibs_PC#5584155478495282176 roll 1
DICE 3 1 3 3 3 1 
Jibs_PC#5584155478495282176 move 4
Jibs_PC#5584155478495282176 endattack
Jibs_PC#5584155478495282176 movearmies 33 39 3
CARD 34
Jibs_PC#5584155478495282176 placearmies 38 3
Jibs_PC#5584155478495282176 attack 38 37
Jibs_PC#5584155478495282176 roll 3
Jibs_PC#5584155478495282176 roll 1
DICE 3 1 4 3 2 1 
Jibs_PC#5584155478495282176 move 3
Jibs_PC#5584155478495282176 endattack
Jibs_PC#5584155478495282176 movearmies 37 38 2
CARD 15
Jibs_PC#5584155478495282176 placearmies 7 4
Jibs_PC#5584155478495282176 placearmies 1 1
Jibs_PC#5584155478495282176 placearmies 2 1
Jibs_PC#5584155478495282176 placearmies 8 1
Jibs_PC#5584155478495282176 placearmies 1 1
Jibs_PC#5584155478495282176 attack 7 6
Jibs_PC#5584155478495282176 roll 3
Jibs_PC#5584155478495282176 roll 2
DICE 3 2 3 1 1 1 1 
Jibs_PC#5584155478495282176 roll 3
Jibs_PC#5584155478495282176 roll 1
DICE 3 1 5 2 0 4 
Jibs_PC#5584155478495282176 move 4
Jibs_PC#5584155478495282176 endattack
Jibs_PC#5584155478495282176 movearmies 11 12 2
CARD 33
Jibs_PC#5584155478495282176 placearmies 33 3
Jibs_PC#5584155478495282176 attack 33 29
Jibs_PC#5584155478495282176 roll 3
Jibs_PC#5584155478495282176 roll 1
DICE 3 1 4 1 1 2 
Jibs_PC#5584155478495282176 endattack
Jibs_PC#5584155478495282176 movearmies 39 33 3
CARD 14
Jibs_PC#5584155478495282176 placearmies 38 1
Jibs_PC#5584155478495282176 placearmies 38 2
Jibs_PC#5584155478495282176 attack 38 1
Jibs_PC#5584155478495282176 roll 3
Jibs_PC#5584155478495282176 roll 2
DICE 3 2 2 0 0 3 1 
Jibs_PC#5584155478495282176 roll 3
Jibs_PC#5584155478495282176 roll 2
DICE 3 2 5 2 0 5 3 
Jibs_PC#5584155478495282176 retreat
Jibs_PC#5584155478495282176 attack 42 40
Jibs_PC#5584155478495282176 roll 2
Jibs_PC#5584155478495282176 roll 1
DICE 2 1 5 5 0 
Jibs_PC#5584155478495282176 endattack
Jibs_PC#5584155478495282176 nomove
CARD 16
Jibs_PC#5584155478495282176 trade 38 30 33
Jibs_PC#5584155478495282176 placearmies 16 21
Jibs_PC#5584155478495282176 placearmies 16 1
Jibs_PC#5584155478495282176 placearmies 16 1
Jibs_PC#5584155478495282176 attack 6 14
Jibs_PC#5584155478495282176 roll 3
Jibs_PC#5584155478495282176 roll 1
DICE 3 1 3 2 1 1 
Jibs_PC#5584155478495282176 attack 14 15
Jibs_PC#5584155478495282176 roll 2
Jibs_PC#5584155478495282176 roll 1
DICE 2 1 3 0 3 
Jibs_PC#5584155478495282176 retreat
Jibs_PC#5584155478495282176 attack 16 20
Jibs_PC#5584155478495282176 roll 3
Jibs_PC#5584155478495282176 roll 1
DICE 3 1 5 3 3 4 
Jibs_PC#5584155478495282176 move 25
Jibs_PC#5584155478495282176 attack 20 18
Jibs_PC#5584155478495282176 roll 3
Jibs_PC#5584155478495282176 roll 1
DICE 3 1 3 2 0 1 
Jibs_PC#5584155478495282176 move 24
Jibs_PC#5584155478495282176 attack 18 17
Jibs_PC#5584155478495282176 roll 3
Jibs_PC#5584155478495282176 roll 1
DICE 3 1 3 0 0 1 
Jibs_PC#5584155478495282176 move 23
Jibs_PC#5584155478495282176 attack 17 15
Jibs_PC#5584155478495282176 roll 3
Jibs_PC#5584155478495282176 roll 1
DICE 3 1 2 2 0 2 
Jibs_PC#5584155478495282176 roll 3
Jibs_PC#5584155478495282176 roll 1
DICE 3 1 5 3 1 4 
Jibs_PC#5584155478495282176 move 3
Jibs_PC#5584155478495282176 attack 17 19
Jibs_PC#5584155478495282176 roll 3
Jibs_PC#5584155478495282176 roll 2
DICE 3 2 5 2 1 5 5 
Jibs_PC#5584155478495282176 roll 3
Jibs_PC#5584155478495282176 roll 2
DICE 3 2 4 1 1 4 4 
Jibs_PC#5584155478495282176 roll 3
Jibs_PC#5584155478495282176 roll 2
DICE 3 2 3 2 1 2 0 
Jibs_PC#5584155478495282176 roll 3
Jibs_PC#5584155478495282176 roll 2
DICE 3 2 5 2 2 4 2 
Jibs_PC#5584155478495282176 roll 3
Jibs_PC#5584155478495282176 roll 1
DICE 3 1 5 3 2 0 
Jibs_PC#5584155478495282176 move 13
