Jibs_PC#2661240985841190912 newplayer human green s0914007
Jibs_PC#2661240985841190912 newplayer human blue bob
Jibs_PC#2661240985841190912 newplayer human red fred
Jibs_PC#2661240985841190912 newplayer human cyan ted
Jibs_PC#2661240985841190912 newplayer human magenta yura
Jibs_PC#2661240985841190912 newplayer human yellow lala
Jibs_PC#2661240985841190912 startgame mission fixed autoplaceall recycle
PLAYER yura
MISSION 1 3 0 2 0 0
PLACEALL 4 34 20 28 30 39 32 42 19 8 27 17 12 26 7 22 18 37 16 10 13 11 31 41 38 15 3 29 6 14 9 35 2 36 33 25 23 5 24 40 21 1
Jibs_PC#2661240985841190912 placearmies 38 1
CARD 
Jibs_PC#2661240985841190912 placearmies 10 1
CARD 
Jibs_PC#2661240985841190912 placearmies 20 1
CARD 
Jibs_PC#2661240985841190912 placearmies 8 1
CARD 
Jibs_PC#2661240985841190912 placearmies 33 1
CARD 
Jibs_PC#2661240985841190912 placearmies 25 1
CARD 
Jibs_PC#2661240985841190912 placearmies 23 1
CARD 
Jibs_PC#2661240985841190912 placearmies 15 1
CARD 
Jibs_PC#2661240985841190912 placearmies 7 1
CARD 
Jibs_PC#2661240985841190912 placearmies 40 1
CARD 
Jibs_PC#2661240985841190912 placearmies 31 1
CARD 
Jibs_PC#2661240985841190912 placearmies 1 1
CARD 
Jibs_PC#2661240985841190912 placearmies 23 1
CARD 
Jibs_PC#2661240985841190912 placearmies 10 1
CARD 
Jibs_PC#2661240985841190912 placearmies 3 1
CARD 
Jibs_PC#2661240985841190912 placearmies 40 1
CARD 
Jibs_PC#2661240985841190912 placearmies 27 1
CARD 
Jibs_PC#2661240985841190912 placearmies 1 1
CARD 
Jibs_PC#2661240985841190912 placearmies 23 1
CARD 
Jibs_PC#2661240985841190912 placearmies 15 1
CARD 
Jibs_PC#2661240985841190912 placearmies 2 1
CARD 
Jibs_PC#2661240985841190912 placearmies 8 1
CARD 
Jibs_PC#2661240985841190912 placearmies 33 1
CARD 
Jibs_PC#2661240985841190912 placearmies 25 1
CARD 
Jibs_PC#2661240985841190912 placearmies 38 1
CARD 
Jibs_PC#2661240985841190912 placearmies 10 1
CARD 
Jibs_PC#2661240985841190912 placearmies 3 1
CARD 
Jibs_PC#2661240985841190912 placearmies 40 1
CARD 
Jibs_PC#2661240985841190912 placearmies 27 1
CARD 
Jibs_PC#2661240985841190912 placearmies 1 1
CARD 
Jibs_PC#2661240985841190912 placearmies 38 1
CARD 
Jibs_PC#2661240985841190912 placearmies 15 1
CARD 
Jibs_PC#2661240985841190912 placearmies 20 1
CARD 
Jibs_PC#2661240985841190912 placearmies 8 1
CARD 
Jibs_PC#2661240985841190912 placearmies 31 1
CARD 
Jibs_PC#2661240985841190912 placearmies 25 1
CARD 
Jibs_PC#2661240985841190912 placearmies 23 1
CARD 
Jibs_PC#2661240985841190912 placearmies 15 1
CARD 
Jibs_PC#2661240985841190912 placearmies 7 1
CARD 
Jibs_PC#2661240985841190912 placearmies 40 1
CARD 
Jibs_PC#2661240985841190912 placearmies 27 1
CARD 
Jibs_PC#2661240985841190912 placearmies 25 1
CARD 
Jibs_PC#2661240985841190912 placearmies 38 1
CARD 
Jibs_PC#2661240985841190912 placearmies 10 1
CARD 
Jibs_PC#2661240985841190912 placearmies 2 1
CARD 
Jibs_PC#2661240985841190912 placearmies 8 1
CARD 
Jibs_PC#2661240985841190912 placearmies 21 1
CARD 
Jibs_PC#2661240985841190912 placearmies 1 1
CARD 
Jibs_PC#2661240985841190912 placearmies 23 1
CARD 
Jibs_PC#2661240985841190912 placearmies 15 1
CARD 
Jibs_PC#2661240985841190912 placearmies 7 1
CARD 
Jibs_PC#2661240985841190912 placearmies 8 1
CARD 
Jibs_PC#2661240985841190912 placearmies 27 1
CARD 
Jibs_PC#2661240985841190912 placearmies 1 1
CARD 
Jibs_PC#2661240985841190912 placearmies 38 1
CARD 
Jibs_PC#2661240985841190912 placearmies 10 1
CARD 
Jibs_PC#2661240985841190912 placearmies 3 1
CARD 
Jibs_PC#2661240985841190912 placearmies 40 1
CARD 
Jibs_PC#2661240985841190912 placearmies 31 1
CARD 
Jibs_PC#2661240985841190912 placearmies 25 1
CARD 
Jibs_PC#2661240985841190912 placearmies 38 1
CARD 
Jibs_PC#2661240985841190912 placearmies 15 1
CARD 
Jibs_PC#2661240985841190912 placearmies 2 1
CARD 
Jibs_PC#2661240985841190912 placearmies 40 1
CARD 
Jibs_PC#2661240985841190912 placearmies 21 1
CARD 
Jibs_PC#2661240985841190912 placearmies 25 1
CARD 
Jibs_PC#2661240985841190912 placearmies 23 1
CARD 
Jibs_PC#2661240985841190912 placearmies 10 1
CARD 
Jibs_PC#2661240985841190912 placearmies 20 1
CARD 
Jibs_PC#2661240985841190912 placearmies 8 1
CARD 
Jibs_PC#2661240985841190912 placearmies 33 1
CARD 
Jibs_PC#2661240985841190912 placearmies 1 1
CARD 
Jibs_PC#2661240985841190912 placearmies 38 1
CARD 
Jibs_PC#2661240985841190912 placearmies 15 1
CARD 
Jibs_PC#2661240985841190912 placearmies 20 1
CARD 
Jibs_PC#2661240985841190912 placearmies 40 1
CARD 
Jibs_PC#2661240985841190912 placearmies 21 1
CARD 
Jibs_PC#2661240985841190912 placearmies 1 1
CARD 
Jibs_PC#2661240985841190912 placearmies 23 1
Jibs_PC#2661240985841190912 placearmies 23 1
Jibs_PC#2661240985841190912 placearmies 23 1
Jibs_PC#2661240985841190912 attack 23 25
Jibs_PC#2661240985841190912 retreat
Jibs_PC#2661240985841190912 attack 23 21
Jibs_PC#2661240985841190912 retreat
Jibs_PC#2661240985841190912 attack 23 25
Jibs_PC#2661240985841190912 roll 3
Jibs_PC#2661240985841190912 roll 2
DICE 3 2 4 4 0 2 1 
Jibs_PC#2661240985841190912 roll 3
Jibs_PC#2661240985841190912 roll 2
DICE 3 2 4 0 0 1 0 
Jibs_PC#2661240985841190912 retreat
Jibs_PC#2661240985841190912 attack 23 24
Jibs_PC#2661240985841190912 roll 3
Jibs_PC#2661240985841190912 roll 1
DICE 3 1 4 2 2 2 
Jibs_PC#2661240985841190912 move all
Jibs_PC#2661240985841190912 attack 24 22
Jibs_PC#2661240985841190912 roll 3
Jibs_PC#2661240985841190912 roll 1
DICE 3 1 5 3 1 2 
Jibs_PC#2661240985841190912 move 3
Jibs_PC#2661240985841190912 attack 24 26
Jibs_PC#2661240985841190912 roll 3
Jibs_PC#2661240985841190912 roll 1
DICE 3 1 3 2 0 0 
Jibs_PC#2661240985841190912 move 3
Jibs_PC#2661240985841190912 attack 24 21
Jibs_PC#2661240985841190912 roll 1
Jibs_PC#2661240985841190912 roll 2
DICE 1 2 2 5 0 
Jibs_PC#2661240985841190912 attack 26 25
Jibs_PC#2661240985841190912 roll 1
Jibs_PC#2661240985841190912 roll 2
DICE 1 2 2 4 3 
Jibs_PC#2661240985841190912 roll 1
Jibs_PC#2661240985841190912 roll 2
DICE 1 2 3 2 1 
Jibs_PC#2661240985841190912 roll 1
Jibs_PC#2661240985841190912 roll 2
DICE 1 2 4 3 3 
Jibs_PC#2661240985841190912 roll 1
Jibs_PC#2661240985841190912 roll 2
DICE 1 2 5 0 0 
Jibs_PC#2661240985841190912 roll 1
Jibs_PC#2661240985841190912 roll 1
DICE 1 1 0 2 
Jibs_PC#2661240985841190912 attack 22 21
Jibs_PC#2661240985841190912 roll 2
Jibs_PC#2661240985841190912 roll 2
DICE 2 2 4 0 2 2 
Jibs_PC#2661240985841190912 roll 1
Jibs_PC#2661240985841190912 roll 2
DICE 1 2 4 3 1 
Jibs_PC#2661240985841190912 roll 1
Jibs_PC#2661240985841190912 roll 2
DICE 1 2 0 3 1 
Jibs_PC#2661240985841190912 attack 38 37
Jibs_PC#2661240985841190912 roll 3
Jibs_PC#2661240985841190912 roll 1
DICE 3 1 4 1 0 1 
Jibs_PC#2661240985841190912 move all
Jibs_PC#2661240985841190912 attack 37 36
Jibs_PC#2661240985841190912 roll 3
Jibs_PC#2661240985841190912 roll 1
DICE 3 1 3 1 1 2 
Jibs_PC#2661240985841190912 move all
Jibs_PC#2661240985841190912 attack 36 29
Jibs_PC#2661240985841190912 roll 3
Jibs_PC#2661240985841190912 roll 1
DICE 3 1 5 1 0 1 
Jibs_PC#2661240985841190912 move all
Jibs_PC#2661240985841190912 attack 29 30
Jibs_PC#2661240985841190912 roll 3
Jibs_PC#2661240985841190912 roll 1
DICE 3 1 2 1 0 5 
Jibs_PC#2661240985841190912 roll 3
Jibs_PC#2661240985841190912 roll 1
DICE 3 1 2 1 1 2 
Jibs_PC#2661240985841190912 roll 2
Jibs_PC#2661240985841190912 roll 1
DICE 2 1 1 0 3 
Jibs_PC#2661240985841190912 roll 1
Jibs_PC#2661240985841190912 roll 1
DICE 1 1 1 2 
Jibs_PC#2661240985841190912 endattack
Jibs_PC#2661240985841190912 nomove
CARD 24
Jibs_PC#2661240985841190912 placearmies 10 1
Jibs_PC#2661240985841190912 placearmies 15 1
Jibs_PC#2661240985841190912 placearmies 10 1
Jibs_PC#2661240985841190912 attack 10 11
Jibs_PC#2661240985841190912 roll 3
Jibs_PC#2661240985841190912 roll 1
DICE 3 1 3 3 2 0 
Jibs_PC#2661240985841190912 move all
Jibs_PC#2661240985841190912 attack 11 13
Jibs_PC#2661240985841190912 roll 3
Jibs_PC#2661240985841190912 roll 1
DICE 3 1 4 0 0 4 
Jibs_PC#2661240985841190912 roll 3
Jibs_PC#2661240985841190912 roll 1
DICE 3 1 4 4 0 4 
Jibs_PC#2661240985841190912 roll 3
Jibs_PC#2661240985841190912 roll 1
DICE 3 1 2 0 0 0 
Jibs_PC#2661240985841190912 move all
Jibs_PC#2661240985841190912 attack 13 12
Jibs_PC#2661240985841190912 roll 3
Jibs_PC#2661240985841190912 roll 1
DICE 3 1 5 4 2 2 
Jibs_PC#2661240985841190912 move all
Jibs_PC#2661240985841190912 attack 15 16
Jibs_PC#2661240985841190912 roll 3
Jibs_PC#2661240985841190912 roll 1
DICE 3 1 3 1 0 0 
Jibs_PC#2661240985841190912 move all
Jibs_PC#2661240985841190912 attack 16 18
Jibs_PC#2661240985841190912 roll 3
Jibs_PC#2661240985841190912 roll 1
DICE 3 1 4 2 2 2 
Jibs_PC#2661240985841190912 move all
Jibs_PC#2661240985841190912 attack 18 19
Jibs_PC#2661240985841190912 roll 3
Jibs_PC#2661240985841190912 roll 1
DICE 3 1 5 4 3 1 
Jibs_PC#2661240985841190912 move all
Jibs_PC#2661240985841190912 attack 19 17
Jibs_PC#2661240985841190912 roll 3
Jibs_PC#2661240985841190912 roll 1
DICE 3 1 5 1 0 5 
Jibs_PC#2661240985841190912 roll 3
Jibs_PC#2661240985841190912 roll 1
DICE 3 1 3 2 1 3 
Jibs_PC#2661240985841190912 roll 3
Jibs_PC#2661240985841190912 roll 1
DICE 3 1 5 4 0 3 
Jibs_PC#2661240985841190912 attack 17 14
Jibs_PC#2661240985841190912 roll 2
Jibs_PC#2661240985841190912 roll 1
DICE 2 1 4 2 1 
Jibs_PC#2661240985841190912 endattack
Jibs_PC#2661240985841190912 nomove
CARD wildcard
Jibs_PC#2661240985841190912 placearmies 20 1
Jibs_PC#2661240985841190912 placearmies 3 1
Jibs_PC#2661240985841190912 placearmies 7 1
Jibs_PC#2661240985841190912 attack 3 4
Jibs_PC#2661240985841190912 roll 3
Jibs_PC#2661240985841190912 roll 1
DICE 3 1 5 2 0 1 
Jibs_PC#2661240985841190912 move all
Jibs_PC#2661240985841190912 attack 4 5
Jibs_PC#2661240985841190912 roll 3
Jibs_PC#2661240985841190912 roll 1
DICE 3 1 4 1 0 0 
Jibs_PC#2661240985841190912 attack 5 9
Jibs_PC#2661240985841190912 roll 2
Jibs_PC#2661240985841190912 roll 1
DICE 2 1 1 0 1 
Jibs_PC#2661240985841190912 roll 1
Jibs_PC#2661240985841190912 roll 1
DICE 1 1 0 0 
Jibs_PC#2661240985841190912 attack 7 9
Jibs_PC#2661240985841190912 roll 3
Jibs_PC#2661240985841190912 roll 1
DICE 3 1 5 1 0 0 
Jibs_PC#2661240985841190912 move all
Jibs_PC#2661240985841190912 attack 9 8
Jibs_PC#2661240985841190912 roll 3
Jibs_PC#2661240985841190912 roll 2
DICE 3 2 5 3 1 4 3 
Jibs_PC#2661240985841190912 roll 2
Jibs_PC#2661240985841190912 roll 2
DICE 2 2 5 0 1 1 
Jibs_PC#2661240985841190912 roll 1
Jibs_PC#2661240985841190912 roll 2
DICE 1 2 4 0 0 
Jibs_PC#2661240985841190912 roll 1
Jibs_PC#2661240985841190912 roll 2
DICE 1 2 1 4 0 
Jibs_PC#2661240985841190912 attack 2 6
Jibs_PC#2661240985841190912 roll 3
Jibs_PC#2661240985841190912 roll 1
DICE 3 1 5 4 3 4 
Jibs_PC#2661240985841190912 attack 6 8
Jibs_PC#2661240985841190912 roll 2
Jibs_PC#2661240985841190912 roll 2
DICE 2 2 3 1 4 2 
Jibs_PC#2661240985841190912 attack 20 19
Jibs_PC#2661240985841190912 roll 3
Jibs_PC#2661240985841190912 roll 1
DICE 3 1 4 1 0 4 
Jibs_PC#2661240985841190912 roll 3
Jibs_PC#2661240985841190912 roll 1
DICE 3 1 4 2 0 4 
Jibs_PC#2661240985841190912 roll 3
Jibs_PC#2661240985841190912 roll 1
DICE 3 1 0 0 0 4 
Jibs_PC#2661240985841190912 roll 2
Jibs_PC#2661240985841190912 roll 1
DICE 2 1 4 0 1 
Jibs_PC#2661240985841190912 attack 19 18
Jibs_PC#2661240985841190912 roll 1
Jibs_PC#2661240985841190912 roll 1
DICE 1 1 3 0 
Jibs_PC#2661240985841190912 endattack
Jibs_PC#2661240985841190912 nomove
CARD 33
Jibs_PC#2661240985841190912 placearmies 8 1
Jibs_PC#2661240985841190912 placearmies 8 1
Jibs_PC#2661240985841190912 placearmies 8 1
Jibs_PC#2661240985841190912 attack 40 42
Jibs_PC#2661240985841190912 roll 3
Jibs_PC#2661240985841190912 roll 1
DICE 3 1 4 1 0 1 
Jibs_PC#2661240985841190912 move all
Jibs_PC#2661240985841190912 attack 42 41
Jibs_PC#2661240985841190912 roll 3
Jibs_PC#2661240985841190912 roll 1
DICE 3 1 5 3 3 1 
Jibs_PC#2661240985841190912 move all
Jibs_PC#2661240985841190912 attack 41 39
Jibs_PC#2661240985841190912 roll 3
Jibs_PC#2661240985841190912 roll 1
DICE 3 1 4 4 3 5 
Jibs_PC#2661240985841190912 roll 3
Jibs_PC#2661240985841190912 roll 1
DICE 3 1 4 4 0 0 
Jibs_PC#2661240985841190912 move all
Jibs_PC#2661240985841190912 attack 8 9
Jibs_PC#2661240985841190912 roll 3
Jibs_PC#2661240985841190912 roll 1
DICE 3 1 3 1 0 1 
Jibs_PC#2661240985841190912 move all
Jibs_PC#2661240985841190912 attack 9 5
Jibs_PC#2661240985841190912 roll 3
Jibs_PC#2661240985841190912 roll 1
DICE 3 1 2 1 0 0 
Jibs_PC#2661240985841190912 move all
Jibs_PC#2661240985841190912 attack 5 4
Jibs_PC#2661240985841190912 roll 3
Jibs_PC#2661240985841190912 roll 1
DICE 3 1 5 2 1 3 
Jibs_PC#2661240985841190912 move all
Jibs_PC#2661240985841190912 attack 4 7
Jibs_PC#2661240985841190912 roll 3
Jibs_PC#2661240985841190912 roll 1
DICE 3 1 2 0 0 4 
Jibs_PC#2661240985841190912 roll 2
Jibs_PC#2661240985841190912 roll 1
DICE 2 1 3 1 4 
Jibs_PC#2661240985841190912 roll 1
Jibs_PC#2661240985841190912 roll 1
DICE 1 1 1 1 
Jibs_PC#2661240985841190912 endattack
Jibs_PC#2661240985841190912 nomove
CARD 9
Jibs_PC#2661240985841190912 placearmies 21 1
Jibs_PC#2661240985841190912 placearmies 21 1
Jibs_PC#2661240985841190912 placearmies 21 1
Jibs_PC#2661240985841190912 attack 21 12
Jibs_PC#2661240985841190912 roll 3
Jibs_PC#2661240985841190912 roll 2
DICE 3 2 5 3 2 2 1 
Jibs_PC#2661240985841190912 roll 3
Jibs_PC#2661240985841190912 roll 2
DICE 3 2 4 2 2 2 0 
Jibs_PC#2661240985841190912 move all
Jibs_PC#2661240985841190912 attack 12 13
Jibs_PC#2661240985841190912 roll 3
Jibs_PC#2661240985841190912 roll 1
DICE 3 1 4 2 0 1 
Jibs_PC#2661240985841190912 attack 13 11
Jibs_PC#2661240985841190912 roll 2
Jibs_PC#2661240985841190912 roll 1
DICE 2 1 4 2 3 
Jibs_PC#2661240985841190912 attack 11 10
Jibs_PC#2661240985841190912 roll 1
Jibs_PC#2661240985841190912 roll 1
DICE 1 1 1 5 
Jibs_PC#2661240985841190912 attack 31 32
Jibs_PC#2661240985841190912 roll 3
Jibs_PC#2661240985841190912 roll 1
DICE 3 1 5 1 0 5 
Jibs_PC#2661240985841190912 roll 2
Jibs_PC#2661240985841190912 roll 1
DICE 2 1 4 0 0 
Jibs_PC#2661240985841190912 attack 33 29
Jibs_PC#2661240985841190912 roll 3
Jibs_PC#2661240985841190912 roll 1
DICE 3 1 3 2 0 2 
Jibs_PC#2661240985841190912 attack 29 28
Jibs_PC#2661240985841190912 roll 2
Jibs_PC#2661240985841190912 roll 1
DICE 2 1 2 0 3 
Jibs_PC#2661240985841190912 roll 1
Jibs_PC#2661240985841190912 roll 1
DICE 1 1 3 2 
Jibs_PC#2661240985841190912 attack 27 34
Jibs_PC#2661240985841190912 roll 3
Jibs_PC#2661240985841190912 roll 1
DICE 3 1 4 1 0 0 
Jibs_PC#2661240985841190912 move all
Jibs_PC#2661240985841190912 attack 34 38
Jibs_PC#2661240985841190912 roll 3
Jibs_PC#2661240985841190912 roll 1
DICE 3 1 3 1 0 0 
Jibs_PC#2661240985841190912 attack 38 37
Jibs_PC#2661240985841190912 roll 2
Jibs_PC#2661240985841190912 roll 1
DICE 2 1 5 0 0 
Jibs_PC#2661240985841190912 attack 37 36
Jibs_PC#2661240985841190912 roll 1
Jibs_PC#2661240985841190912 roll 1
DICE 1 1 5 2 
Jibs_PC#2661240985841190912 endattack
Jibs_PC#2661240985841190912 nomove
CARD 20
Jibs_PC#2661240985841190912 placearmies 25 1
Jibs_PC#2661240985841190912 placearmies 25 1
Jibs_PC#2661240985841190912 placearmies 25 1
Jibs_PC#2661240985841190912 attack 25 26
Jibs_PC#2661240985841190912 roll 3
Jibs_PC#2661240985841190912 roll 1
DICE 3 1 2 0 0 4 
Jibs_PC#2661240985841190912 roll 2
Jibs_PC#2661240985841190912 roll 1
DICE 2 1 1 0 3 
Jibs_PC#2661240985841190912 roll 1
Jibs_PC#2661240985841190912 roll 1
DICE 1 1 1 1 
Jibs_PC#2661240985841190912 attack 1 2
Jibs_PC#2661240985841190912 roll 3
Jibs_PC#2661240985841190912 roll 1
DICE 3 1 4 4 0 5 
Jibs_PC#2661240985841190912 roll 3
Jibs_PC#2661240985841190912 roll 1
DICE 3 1 4 2 1 0 
Jibs_PC#2661240985841190912 move all
Jibs_PC#2661240985841190912 attack 2 3
Jibs_PC#2661240985841190912 roll 3
Jibs_PC#2661240985841190912 roll 1
DICE 3 1 3 2 1 2 
Jibs_PC#2661240985841190912 move all
Jibs_PC#2661240985841190912 attack 3 4
Jibs_PC#2661240985841190912 roll 3
Jibs_PC#2661240985841190912 roll 1
DICE 3 1 4 2 1 2 
Jibs_PC#2661240985841190912 move all
Jibs_PC#2661240985841190912 attack 4 5
Jibs_PC#2661240985841190912 roll 3
Jibs_PC#2661240985841190912 roll 1
DICE 3 1 5 5 4 0 
Jibs_PC#2661240985841190912 attack 5 9
Jibs_PC#2661240985841190912 roll 2
Jibs_PC#2661240985841190912 roll 1
DICE 2 1 1 0 1 
Jibs_PC#2661240985841190912 roll 1
Jibs_PC#2661240985841190912 roll 1
DICE 1 1 3 5 
Jibs_PC#2661240985841190912 endattack
Jibs_PC#2661240985841190912 nomove
CARD 5
Jibs_PC#2661240985841190912 placearmies 23 1
Jibs_PC#2661240985841190912 placearmies 23 1
Jibs_PC#2661240985841190912 placearmies 23 1
Jibs_PC#2661240985841190912 attack 23 25
Jibs_PC#2661240985841190912 roll 3
Jibs_PC#2661240985841190912 roll 1
DICE 3 1 3 0 0 2 
Jibs_PC#2661240985841190912 endattack
Jibs_PC#2661240985841190912 movearmies 25 23 2
CARD 22
Jibs_PC#2661240985841190912 placearmies 10 1
Jibs_PC#2661240985841190912 placearmies 10 1
Jibs_PC#2661240985841190912 placearmies 10 1
Jibs_PC#2661240985841190912 attack 10 11
Jibs_PC#2661240985841190912 roll 3
Jibs_PC#2661240985841190912 roll 1
DICE 3 1 4 3 2 4 
Jibs_PC#2661240985841190912 roll 2
Jibs_PC#2661240985841190912 roll 1
DICE 2 1 3 1 0 
Jibs_PC#2661240985841190912 attack 11 13
Jibs_PC#2661240985841190912 roll 1
Jibs_PC#2661240985841190912 roll 1
DICE 1 1 2 2 
Jibs_PC#2661240985841190912 attack 14 6
Jibs_PC#2661240985841190912 roll 1
Jibs_PC#2661240985841190912 roll 1
DICE 1 1 5 4 
Jibs_PC#2661240985841190912 endattack
Jibs_PC#2661240985841190912 nomove
CARD 17
Jibs_PC#2661240985841190912 placearmies 20 1
Jibs_PC#2661240985841190912 placearmies 20 1
Jibs_PC#2661240985841190912 placearmies 20 1
Jibs_PC#2661240985841190912 attack 20 16
Jibs_PC#2661240985841190912 roll 3
Jibs_PC#2661240985841190912 roll 1
DICE 3 1 5 3 1 2 
Jibs_PC#2661240985841190912 attack 16 15
Jibs_PC#2661240985841190912 roll 2
Jibs_PC#2661240985841190912 roll 1
DICE 2 1 2 0 1 
Jibs_PC#2661240985841190912 attack 15 17
Jibs_PC#2661240985841190912 roll 1
Jibs_PC#2661240985841190912 roll 1
DICE 1 1 2 2 
Jibs_PC#2661240985841190912 endattack
Jibs_PC#2661240985841190912 nomove
CARD 10
Jibs_PC#2661240985841190912 placearmies 9 1
Jibs_PC#2661240985841190912 placearmies 9 1
Jibs_PC#2661240985841190912 placearmies 9 1
Jibs_PC#2661240985841190912 placearmies 9 1
Jibs_PC#2661240985841190912 placearmies 9 1
Jibs_PC#2661240985841190912 attack 9 5
Jibs_PC#2661240985841190912 roll 3
Jibs_PC#2661240985841190912 roll 1
DICE 3 1 3 3 2 2 
Jibs_PC#2661240985841190912 move all
Jibs_PC#2661240985841190912 attack 5 4
Jibs_PC#2661240985841190912 roll 3
Jibs_PC#2661240985841190912 roll 1
DICE 3 1 5 3 0 3 
Jibs_PC#2661240985841190912 move all
Jibs_PC#2661240985841190912 attack 4 7
Jibs_PC#2661240985841190912 roll 3
Jibs_PC#2661240985841190912 roll 1
DICE 3 1 3 2 0 3 
Jibs_PC#2661240985841190912 roll 2
Jibs_PC#2661240985841190912 roll 1
DICE 2 1 5 1 1 
Jibs_PC#2661240985841190912 attack 7 6
Jibs_PC#2661240985841190912 roll 1
Jibs_PC#2661240985841190912 roll 1
DICE 1 1 1 5 
Jibs_PC#2661240985841190912 endattack
Jibs_PC#2661240985841190912 nomove
CARD 12
Jibs_PC#2661240985841190912 placearmies 13 1
Jibs_PC#2661240985841190912 placearmies 13 1
Jibs_PC#2661240985841190912 placearmies 13 1
Jibs_PC#2661240985841190912 placearmies 36 1
Jibs_PC#2661240985841190912 attack 13 11
Jibs_PC#2661240985841190912 roll 3
Jibs_PC#2661240985841190912 roll 1
DICE 3 1 4 1 1 3 
Jibs_PC#2661240985841190912 attack 11 10
Jibs_PC#2661240985841190912 roll 2
Jibs_PC#2661240985841190912 roll 1
DICE 2 1 4 4 4 
Jibs_PC#2661240985841190912 roll 1
Jibs_PC#2661240985841190912 roll 1
DICE 1 1 4 5 
Jibs_PC#2661240985841190912 attack 36 35
Jibs_PC#2661240985841190912 roll 1
Jibs_PC#2661240985841190912 roll 1
DICE 1 1 4 1 
Jibs_PC#2661240985841190912 endattack
Jibs_PC#2661240985841190912 nomove
CARD 34
Jibs_PC#2661240985841190912 placearmies 3 1
Jibs_PC#2661240985841190912 placearmies 3 1
Jibs_PC#2661240985841190912 placearmies 3 1
Jibs_PC#2661240985841190912 attack 3 4
Jibs_PC#2661240985841190912 roll 3
Jibs_PC#2661240985841190912 roll 1
DICE 3 1 4 4 2 5 
Jibs_PC#2661240985841190912 roll 2
Jibs_PC#2661240985841190912 roll 1
DICE 2 1 4 4 3 
Jibs_PC#2661240985841190912 attack 4 5
Jibs_PC#2661240985841190912 roll 1
Jibs_PC#2661240985841190912 roll 1
DICE 1 1 5 4 
Jibs_PC#2661240985841190912 endattack
Jibs_PC#2661240985841190912 nomove
CARD 37
Jibs_PC#2661240985841190912 placearmies 22 1
Jibs_PC#2661240985841190912 placearmies 22 1
Jibs_PC#2661240985841190912 placearmies 22 1
Jibs_PC#2661240985841190912 attack 23 21
Jibs_PC#2661240985841190912 roll 2
Jibs_PC#2661240985841190912 roll 1
DICE 2 1 4 1 5 
Jibs_PC#2661240985841190912 roll 1
Jibs_PC#2661240985841190912 roll 1
DICE 1 1 5 1 
Jibs_PC#2661240985841190912 attack 22 31
Jibs_PC#2661240985841190912 roll 3
Jibs_PC#2661240985841190912 roll 1
DICE 3 1 4 1 1 3 
Jibs_PC#2661240985841190912 attack 31 30
Jibs_PC#2661240985841190912 roll 2
Jibs_PC#2661240985841190912 roll 1
DICE 2 1 3 0 5 
Jibs_PC#2661240985841190912 roll 1
Jibs_PC#2661240985841190912 roll 1
DICE 1 1 3 2 
Jibs_PC#2661240985841190912 endattack
Jibs_PC#2661240985841190912 nomove
CARD 35
Jibs_PC#2661240985841190912 placearmies 10 1
Jibs_PC#2661240985841190912 placearmies 10 1
Jibs_PC#2661240985841190912 placearmies 10 1
Jibs_PC#2661240985841190912 attack 10 11
Jibs_PC#2661240985841190912 roll 3
Jibs_PC#2661240985841190912 roll 1
DICE 3 1 4 2 0 5 
Jibs_PC#2661240985841190912 roll 2
Jibs_PC#2661240985841190912 roll 1
DICE 2 1 1 0 2 
Jibs_PC#2661240985841190912 roll 1
Jibs_PC#2661240985841190912 roll 1
DICE 1 1 4 1 
Jibs_PC#2661240985841190912 endattack
Jibs_PC#2661240985841190912 nomove
CARD 38
Jibs_PC#2661240985841190912 placearmies 19 1
Jibs_PC#2661240985841190912 placearmies 19 1
Jibs_PC#2661240985841190912 placearmies 19 1
Jibs_PC#2661240985841190912 attack 19 17
Jibs_PC#2661240985841190912 roll 3
Jibs_PC#2661240985841190912 roll 1
DICE 3 1 4 2 1 0 
Jibs_PC#2661240985841190912 attack 17 14
Jibs_PC#2661240985841190912 roll 2
Jibs_PC#2661240985841190912 roll 1
DICE 2 1 5 3 3 
Jibs_PC#2661240985841190912 attack 14 6
Jibs_PC#2661240985841190912 roll 1
Jibs_PC#2661240985841190912 roll 1
DICE 1 1 3 5 
Jibs_PC#2661240985841190912 endattack
Jibs_PC#2661240985841190912 nomove
CARD 36
Jibs_PC#2661240985841190912 placearmies 9 1
Jibs_PC#2661240985841190912 placearmies 9 1
Jibs_PC#2661240985841190912 placearmies 9 1
Jibs_PC#2661240985841190912 placearmies 9 1
Jibs_PC#2661240985841190912 placearmies 9 1
Jibs_PC#2661240985841190912 attack 9 5
Jibs_PC#2661240985841190912 roll 3
Jibs_PC#2661240985841190912 roll 1
DICE 3 1 5 2 0 5 
Jibs_PC#2661240985841190912 roll 3
Jibs_PC#2661240985841190912 roll 1
DICE 3 1 2 1 0 3 
Jibs_PC#2661240985841190912 roll 3
Jibs_PC#2661240985841190912 roll 1
DICE 3 1 4 0 0 5 
Jibs_PC#2661240985841190912 roll 2
Jibs_PC#2661240985841190912 roll 1
DICE 2 1 3 2 2 
Jibs_PC#2661240985841190912 attack 5 4
Jibs_PC#2661240985841190912 roll 1
Jibs_PC#2661240985841190912 roll 1
DICE 1 1 5 5 
Jibs_PC#2661240985841190912 endattack
Jibs_PC#2661240985841190912 nomove
CARD 28
Jibs_PC#2661240985841190912 placearmies 29 1
Jibs_PC#2661240985841190912 placearmies 29 1
Jibs_PC#2661240985841190912 placearmies 13 1
Jibs_PC#2661240985841190912 placearmies 13 1
Jibs_PC#2661240985841190912 attack 13 11
Jibs_PC#2661240985841190912 roll 2
Jibs_PC#2661240985841190912 roll 1
DICE 2 1 5 0 3 
Jibs_PC#2661240985841190912 attack 11 10
Jibs_PC#2661240985841190912 roll 1
Jibs_PC#2661240985841190912 roll 1
DICE 1 1 3 4 
Jibs_PC#2661240985841190912 attack 29 30
Jibs_PC#2661240985841190912 roll 2
Jibs_PC#2661240985841190912 roll 1
DICE 2 1 2 0 5 
Jibs_PC#2661240985841190912 roll 1
Jibs_PC#2661240985841190912 roll 1
DICE 1 1 5 3 
Jibs_PC#2661240985841190912 attack 32 31
Jibs_PC#2661240985841190912 roll 1
Jibs_PC#2661240985841190912 roll 1
DICE 1 1 3 0 
Jibs_PC#2661240985841190912 endattack
Jibs_PC#2661240985841190912 nomove
CARD 6
Jibs_PC#2661240985841190912 placearmies 4 1
Jibs_PC#2661240985841190912 placearmies 4 1
Jibs_PC#2661240985841190912 placearmies 4 1
Jibs_PC#2661240985841190912 attack 4 5
Jibs_PC#2661240985841190912 roll 3
Jibs_PC#2661240985841190912 roll 1
DICE 3 1 4 1 0 5 
Jibs_PC#2661240985841190912 roll 2
Jibs_PC#2661240985841190912 roll 1
DICE 2 1 3 2 1 
Jibs_PC#2661240985841190912 attack 5 9
Jibs_PC#2661240985841190912 roll 1
Jibs_PC#2661240985841190912 roll 1
DICE 1 1 5 4 
Jibs_PC#2661240985841190912 endattack
Jibs_PC#2661240985841190912 nomove
CARD 32
Jibs_PC#2661240985841190912 placearmies 22 1
Jibs_PC#2661240985841190912 placearmies 22 1
Jibs_PC#2661240985841190912 placearmies 22 1
Jibs_PC#2661240985841190912 placearmies 22 1
Jibs_PC#2661240985841190912 placearmies 22 1
Jibs_PC#2661240985841190912 placearmies 22 1
Jibs_PC#2661240985841190912 attack 22 31
Jibs_PC#2661240985841190912 roll 3
Jibs_PC#2661240985841190912 roll 1
DICE 3 1 5 4 2 2 
Jibs_PC#2661240985841190912 move all
Jibs_PC#2661240985841190912 attack 31 32
Jibs_PC#2661240985841190912 roll 3
Jibs_PC#2661240985841190912 roll 1
DICE 3 1 2 1 0 3 
Jibs_PC#2661240985841190912 roll 3
Jibs_PC#2661240985841190912 roll 1
DICE 3 1 5 5 5 4 
Jibs_PC#2661240985841190912 move all
Jibs_PC#2661240985841190912 attack 32 30
Jibs_PC#2661240985841190912 roll 3
Jibs_PC#2661240985841190912 roll 1
DICE 3 1 3 2 2 1 
Jibs_PC#2661240985841190912 attack 30 29
Jibs_PC#2661240985841190912 roll 2
Jibs_PC#2661240985841190912 roll 1
DICE 2 1 5 2 1 
Jibs_PC#2661240985841190912 attack 29 33
Jibs_PC#2661240985841190912 roll 1
Jibs_PC#2661240985841190912 roll 1
DICE 1 1 2 2 
Jibs_PC#2661240985841190912 endattack
Jibs_PC#2661240985841190912 nomove
CARD 19
Jibs_PC#2661240985841190912 trade wildcard 17 38
Jibs_PC#2661240985841190912 placearmies 10 1
Jibs_PC#2661240985841190912 placearmies 10 1
Jibs_PC#2661240985841190912 placearmies 6 1
Jibs_PC#2661240985841190912 placearmies 6 1
Jibs_PC#2661240985841190912 placearmies 10 1
Jibs_PC#2661240985841190912 placearmies 10 1
Jibs_PC#2661240985841190912 placearmies 6 1
Jibs_PC#2661240985841190912 placearmies 6 1
Jibs_PC#2661240985841190912 placearmies 6 1
Jibs_PC#2661240985841190912 attack 6 14
Jibs_PC#2661240985841190912 roll 3
Jibs_PC#2661240985841190912 roll 1
DICE 3 1 5 2 0 3 
Jibs_PC#2661240985841190912 move all
Jibs_PC#2661240985841190912 attack 14 17
Jibs_PC#2661240985841190912 roll 3
Jibs_PC#2661240985841190912 roll 1
DICE 3 1 5 4 2 3 
Jibs_PC#2661240985841190912 move all
Jibs_PC#2661240985841190912 attack 17 19
Jibs_PC#2661240985841190912 roll 3
Jibs_PC#2661240985841190912 roll 1
DICE 3 1 3 2 1 5 
Jibs_PC#2661240985841190912 roll 2
Jibs_PC#2661240985841190912 roll 1
DICE 2 1 4 1 1 
Jibs_PC#2661240985841190912 attack 19 20
Jibs_PC#2661240985841190912 roll 1
Jibs_PC#2661240985841190912 roll 1
DICE 1 1 1 2 
Jibs_PC#2661240985841190912 attack 10 11
Jibs_PC#2661240985841190912 roll 3
Jibs_PC#2661240985841190912 roll 1
DICE 3 1 3 1 0 5 
Jibs_PC#2661240985841190912 roll 3
Jibs_PC#2661240985841190912 roll 1
DICE 3 1 4 4 3 0 
Jibs_PC#2661240985841190912 attack 11 13
Jibs_PC#2661240985841190912 roll 2
Jibs_PC#2661240985841190912 roll 1
DICE 2 1 4 2 0 
Jibs_PC#2661240985841190912 attack 13 12
Jibs_PC#2661240985841190912 roll 1
Jibs_PC#2661240985841190912 roll 1
DICE 1 1 3 5 
Jibs_PC#2661240985841190912 endattack
Jibs_PC#2661240985841190912 nomove
CARD 8
Jibs_PC#2661240985841190912 trade 10 33 36
Jibs_PC#2661240985841190912 placearmies 20 1
Jibs_PC#2661240985841190912 placearmies 20 1
Jibs_PC#2661240985841190912 placearmies 20 1
Jibs_PC#2661240985841190912 placearmies 20 1
Jibs_PC#2661240985841190912 placearmies 20 1
Jibs_PC#2661240985841190912 placearmies 20 1
Jibs_PC#2661240985841190912 placearmies 16 1
Jibs_PC#2661240985841190912 placearmies 16 1
Jibs_PC#2661240985841190912 placearmies 16 1
Jibs_PC#2661240985841190912 placearmies 16 1
Jibs_PC#2661240985841190912 placearmies 16 1
Jibs_PC#2661240985841190912 attack 16 30
Jibs_PC#2661240985841190912 roll 3
Jibs_PC#2661240985841190912 roll 1
DICE 3 1 4 3 0 3 
Jibs_PC#2661240985841190912 move all
Jibs_PC#2661240985841190912 attack 30 32
Jibs_PC#2661240985841190912 roll 3
Jibs_PC#2661240985841190912 roll 1
DICE 3 1 5 4 3 0 
Jibs_PC#2661240985841190912 move all
Jibs_PC#2661240985841190912 attack 32 33
Jibs_PC#2661240985841190912 roll 3
Jibs_PC#2661240985841190912 roll 1
DICE 3 1 5 4 4 2 
Jibs_PC#2661240985841190912 attack 33 39
Jibs_PC#2661240985841190912 roll 2
Jibs_PC#2661240985841190912 roll 2
DICE 2 2 5 4 4 0 
Jibs_PC#2661240985841190912 roll 2
Jibs_PC#2661240985841190912 roll 2
DICE 2 2 2 0 4 4 
Jibs_PC#2661240985841190912 attack 20 19
Jibs_PC#2661240985841190912 roll 3
Jibs_PC#2661240985841190912 roll 1
DICE 3 1 4 4 4 2 
Jibs_PC#2661240985841190912 move all
Jibs_PC#2661240985841190912 attack 19 17
Jibs_PC#2661240985841190912 roll 3
Jibs_PC#2661240985841190912 roll 1
DICE 3 1 5 5 2 0 
Jibs_PC#2661240985841190912 move all
Jibs_PC#2661240985841190912 attack 17 14
Jibs_PC#2661240985841190912 roll 3
Jibs_PC#2661240985841190912 roll 1
DICE 3 1 3 3 2 3 
Jibs_PC#2661240985841190912 roll 3
Jibs_PC#2661240985841190912 roll 1
DICE 3 1 3 2 0 3 
Jibs_PC#2661240985841190912 roll 2
Jibs_PC#2661240985841190912 roll 1
DICE 2 1 3 1 3 
Jibs_PC#2661240985841190912 roll 1
Jibs_PC#2661240985841190912 roll 1
DICE 1 1 3 0 
Jibs_PC#2661240985841190912 endattack
Jibs_PC#2661240985841190912 nomove
CARD 25
Jibs_PC#2661240985841190912 placearmies 8 1
Jibs_PC#2661240985841190912 placearmies 8 1
Jibs_PC#2661240985841190912 placearmies 8 1
Jibs_PC#2661240985841190912 placearmies 8 1
Jibs_PC#2661240985841190912 placearmies 8 1
Jibs_PC#2661240985841190912 attack 8 9
Jibs_PC#2661240985841190912 roll 3
Jibs_PC#2661240985841190912 roll 1
DICE 3 1 3 3 1 0 
Jibs_PC#2661240985841190912 move all
Jibs_PC#2661240985841190912 attack 9 5
Jibs_PC#2661240985841190912 roll 3
Jibs_PC#2661240985841190912 roll 1
DICE 3 1 4 0 0 2 
Jibs_PC#2661240985841190912 move all
Jibs_PC#2661240985841190912 attack 5 4
Jibs_PC#2661240985841190912 roll 3
Jibs_PC#2661240985841190912 roll 1
DICE 3 1 5 4 3 3 
Jibs_PC#2661240985841190912 attack 4 3
Jibs_PC#2661240985841190912 roll 2
Jibs_PC#2661240985841190912 roll 1
DICE 2 1 3 2 4 
Jibs_PC#2661240985841190912 roll 1
Jibs_PC#2661240985841190912 roll 1
DICE 1 1 0 0 
Jibs_PC#2661240985841190912 endattack
Jibs_PC#2661240985841190912 nomove
CARD 31
Jibs_PC#2661240985841190912 trade 34 6 20
Jibs_PC#2661240985841190912 placearmies 12 1
Jibs_PC#2661240985841190912 placearmies 12 1
Jibs_PC#2661240985841190912 placearmies 12 1
Jibs_PC#2661240985841190912 placearmies 12 1
Jibs_PC#2661240985841190912 placearmies 36 1
Jibs_PC#2661240985841190912 placearmies 36 1
Jibs_PC#2661240985841190912 placearmies 36 1
Jibs_PC#2661240985841190912 placearmies 36 1
Jibs_PC#2661240985841190912 placearmies 36 1
Jibs_PC#2661240985841190912 attack 36 29
Jibs_PC#2661240985841190912 roll 3
Jibs_PC#2661240985841190912 roll 1
DICE 3 1 5 4 0 3 
Jibs_PC#2661240985841190912 move all
Jibs_PC#2661240985841190912 attack 29 33
Jibs_PC#2661240985841190912 roll 3
Jibs_PC#2661240985841190912 roll 1
DICE 3 1 3 2 0 4 
Jibs_PC#2661240985841190912 roll 3
Jibs_PC#2661240985841190912 roll 1
DICE 3 1 5 4 1 5 
Jibs_PC#2661240985841190912 roll 2
Jibs_PC#2661240985841190912 roll 1
DICE 2 1 4 1 0 
Jibs_PC#2661240985841190912 attack 33 32
Jibs_PC#2661240985841190912 roll 1
Jibs_PC#2661240985841190912 roll 1
DICE 1 1 5 2 
Jibs_PC#2661240985841190912 attack 12 13
Jibs_PC#2661240985841190912 roll 3
Jibs_PC#2661240985841190912 roll 1
DICE 3 1 4 0 0 5 
Jibs_PC#2661240985841190912 roll 3
Jibs_PC#2661240985841190912 roll 1
DICE 3 1 4 3 1 3 
Jibs_PC#2661240985841190912 attack 13 11
Jibs_PC#2661240985841190912 roll 2
Jibs_PC#2661240985841190912 roll 1
DICE 2 1 3 1 1 
Jibs_PC#2661240985841190912 attack 11 10
Jibs_PC#2661240985841190912 roll 1
Jibs_PC#2661240985841190912 roll 1
DICE 1 1 4 5 
Jibs_PC#2661240985841190912 endattack
Jibs_PC#2661240985841190912 nomove
CARD 4
Jibs_PC#2661240985841190912 placearmies 2 1
Jibs_PC#2661240985841190912 placearmies 2 1
Jibs_PC#2661240985841190912 placearmies 2 1
Jibs_PC#2661240985841190912 attack 2 6
Jibs_PC#2661240985841190912 roll 3
Jibs_PC#2661240985841190912 roll 1
DICE 3 1 4 3 2 5 
Jibs_PC#2661240985841190912 roll 2
Jibs_PC#2661240985841190912 roll 1
DICE 2 1 3 1 3 
Jibs_PC#2661240985841190912 roll 1
Jibs_PC#2661240985841190912 roll 1
DICE 1 1 1 3 
Jibs_PC#2661240985841190912 endattack
Jibs_PC#2661240985841190912 nomove
CARD 
Jibs_PC#2661240985841190912 trade 22 35 19
Jibs_PC#2661240985841190912 placearmies 31 1
Jibs_PC#2661240985841190912 placearmies 31 1
Jibs_PC#2661240985841190912 placearmies 31 1
Jibs_PC#2661240985841190912 placearmies 31 1
Jibs_PC#2661240985841190912 placearmies 31 1
Jibs_PC#2661240985841190912 placearmies 31 1
Jibs_PC#2661240985841190912 placearmies 31 1
Jibs_PC#2661240985841190912 placearmies 31 1
Jibs_PC#2661240985841190912 placearmies 31 1
Jibs_PC#2661240985841190912 placearmies 31 1
Jibs_PC#2661240985841190912 attack 31 32
Jibs_PC#2661240985841190912 roll 3
Jibs_PC#2661240985841190912 roll 1
DICE 3 1 3 2 0 3 
Jibs_PC#2661240985841190912 roll 3
Jibs_PC#2661240985841190912 roll 1
DICE 3 1 5 4 1 3 
Jibs_PC#2661240985841190912 move all
Jibs_PC#2661240985841190912 attack 32 33
Jibs_PC#2661240985841190912 roll 3
Jibs_PC#2661240985841190912 roll 1
DICE 3 1 2 2 1 4 
Jibs_PC#2661240985841190912 roll 3
Jibs_PC#2661240985841190912 roll 1
DICE 3 1 3 1 0 1 
Jibs_PC#2661240985841190912 move all
Jibs_PC#2661240985841190912 attack 33 29
Jibs_PC#2661240985841190912 roll 3
Jibs_PC#2661240985841190912 roll 1
DICE 3 1 5 3 1 2 
Jibs_PC#2661240985841190912 move all
Jibs_PC#2661240985841190912 attack 29 30
Jibs_PC#2661240985841190912 roll 3
Jibs_PC#2661240985841190912 roll 1
DICE 3 1 4 4 4 4 
Jibs_PC#2661240985841190912 roll 3
Jibs_PC#2661240985841190912 roll 1
DICE 3 1 2 1 0 1 
Jibs_PC#2661240985841190912 move all
Jibs_PC#2661240985841190912 attack 30 28
Jibs_PC#2661240985841190912 roll 3
Jibs_PC#2661240985841190912 roll 1
DICE 3 1 5 1 0 3 
Jibs_PC#2661240985841190912 attack 28 27
Jibs_PC#2661240985841190912 roll 2
Jibs_PC#2661240985841190912 roll 1
DICE 2 1 5 4 0 
Jibs_PC#2661240985841190912 attack 27 35
Jibs_PC#2661240985841190912 roll 1
Jibs_PC#2661240985841190912 roll 1
DICE 1 1 4 3 
Jibs_PC#2661240985841190912 endattack
Jibs_PC#2661240985841190912 nomove
CARD 7
Jibs_PC#2661240985841190912 placearmies 10 1
Jibs_PC#2661240985841190912 placearmies 10 1
Jibs_PC#2661240985841190912 placearmies 10 1
Jibs_PC#2661240985841190912 attack 10 11
Jibs_PC#2661240985841190912 roll 3
Jibs_PC#2661240985841190912 roll 1
DICE 3 1 4 4 1 4 
Jibs_PC#2661240985841190912 roll 2
Jibs_PC#2661240985841190912 roll 1
DICE 2 1 5 0 4 
Jibs_PC#2661240985841190912 attack 11 13
Jibs_PC#2661240985841190912 roll 1
Jibs_PC#2661240985841190912 roll 1
DICE 1 1 4 1 
Jibs_PC#2661240985841190912 endattack
Jibs_PC#2661240985841190912 nomove
CARD 21
Jibs_PC#2661240985841190912 placearmies 16 1
Jibs_PC#2661240985841190912 placearmies 16 1
Jibs_PC#2661240985841190912 placearmies 16 1
Jibs_PC#2661240985841190912 placearmies 16 1
Jibs_PC#2661240985841190912 placearmies 16 1
Jibs_PC#2661240985841190912 placearmies 16 1
Jibs_PC#2661240985841190912 placearmies 16 1
Jibs_PC#2661240985841190912 placearmies 16 1
Jibs_PC#2661240985841190912 attack 16 30
Jibs_PC#2661240985841190912 roll 3
Jibs_PC#2661240985841190912 roll 1
DICE 3 1 4 2 2 1 
Jibs_PC#2661240985841190912 move all
Jibs_PC#2661240985841190912 attack 30 29
Jibs_PC#2661240985841190912 roll 3
Jibs_PC#2661240985841190912 roll 1
DICE 3 1 1 1 1 5 
Jibs_PC#2661240985841190912 roll 3
Jibs_PC#2661240985841190912 roll 1
DICE 3 1 4 3 2 1 
Jibs_PC#2661240985841190912 move all
Jibs_PC#2661240985841190912 attack 29 33
Jibs_PC#2661240985841190912 roll 3
Jibs_PC#2661240985841190912 roll 1
DICE 3 1 5 1 0 0 
Jibs_PC#2661240985841190912 move all
Jibs_PC#2661240985841190912 attack 33 39
Jibs_PC#2661240985841190912 roll 3
Jibs_PC#2661240985841190912 roll 2
DICE 3 2 3 1 0 4 2 
Jibs_PC#2661240985841190912 roll 2
Jibs_PC#2661240985841190912 roll 2
DICE 2 2 1 0 3 0 
Jibs_PC#2661240985841190912 endattack
Jibs_PC#2661240985841190912 nomove
CARD 27
Jibs_PC#2661240985841190912 trade 12 31 9
Jibs_PC#2661240985841190912 placearmies 4 1
Jibs_PC#2661240985841190912 placearmies 4 1
Jibs_PC#2661240985841190912 placearmies 4 1
Jibs_PC#2661240985841190912 placearmies 4 1
Jibs_PC#2661240985841190912 placearmies 4 1
Jibs_PC#2661240985841190912 placearmies 4 1
Jibs_PC#2661240985841190912 placearmies 39 1
Jibs_PC#2661240985841190912 placearmies 39 1
Jibs_PC#2661240985841190912 placearmies 39 1
Jibs_PC#2661240985841190912 placearmies 39 1
Jibs_PC#2661240985841190912 placearmies 4 1
Jibs_PC#2661240985841190912 placearmies 4 1
Jibs_PC#2661240985841190912 placearmies 4 1
Jibs_PC#2661240985841190912 attack 4 3
Jibs_PC#2661240985841190912 roll 3
Jibs_PC#2661240985841190912 roll 1
DICE 3 1 5 5 0 2 
Jibs_PC#2661240985841190912 move all
Jibs_PC#2661240985841190912 attack 3 1
Jibs_PC#2661240985841190912 roll 3
Jibs_PC#2661240985841190912 roll 1
DICE 3 1 5 3 3 5 
Jibs_PC#2661240985841190912 roll 3
Jibs_PC#2661240985841190912 roll 1
DICE 3 1 4 2 0 3 
Jibs_PC#2661240985841190912 move all
Jibs_PC#2661240985841190912 attack 1 2
Jibs_PC#2661240985841190912 roll 3
Jibs_PC#2661240985841190912 roll 1
DICE 3 1 5 5 2 5 
Jibs_PC#2661240985841190912 roll 3
Jibs_PC#2661240985841190912 roll 1
DICE 3 1 2 1 1 0 
Jibs_PC#2661240985841190912 move all
Jibs_PC#2661240985841190912 attack 2 6
Jibs_PC#2661240985841190912 roll 3
Jibs_PC#2661240985841190912 roll 1
DICE 3 1 5 3 0 2 
Jibs_PC#2661240985841190912 move all
