Jibs_PC#1026720266150666240 newplayer human green pani 1
Jibs_PC#1026720266150666240 newplayer human blue participant 2
Jibs_PC#1026720266150666240 newplayer ai easy red fred
Jibs_PC#1026720266150666240 newplayer ai easy cyan ted
Jibs_PC#1026720266150666240 newplayer ai hard magenta yura
Jibs_PC#1026720266150666240 newplayer ai hard yellow lala
Jibs_PC#1026720266150666240 startgame mission fixed recycle
PLAYER pani 1
MISSION 4 1 8 4 0 1
PLACEALL 4 1 40 42 6 2 37 38 20 26 32 14 3 23 25 15 11 34 18 39 30 10 12 24 33 17 35 8 31 13 27 5 21 16 22 9 36 19 28 7 29 41
Jibs_PC#1026720266150666240 placearmies 3 1
CARD 
Jibs_PC#1026720266150666240 placearmies 17 1
CARD 
Jibs_PC#1026720266150666240 placearmies 28 1
CARD 
Jibs_PC#1026720266150666240 placearmies 16 1
CARD 
Jibs_PC#1026720266150666240 placearmies 11 1
CARD 
Jibs_PC#1026720266150666240 placearmies 41 1
CARD 
Jibs_PC#1026720266150666240 placearmies 4 1
CARD 
Jibs_PC#1026720266150666240 placearmies 19 1
CARD 
Jibs_PC#1026720266150666240 placearmies 20 1
CARD 
Jibs_PC#1026720266150666240 placearmies 7 1
CARD 
Jibs_PC#1026720266150666240 placearmies 11 1
CARD 
Jibs_PC#1026720266150666240 placearmies 41 1
CARD 
Jibs_PC#1026720266150666240 placearmies 33 1
CARD 
Jibs_PC#1026720266150666240 placearmies 39 1
CARD 
Jibs_PC#1026720266150666240 placearmies 25 1
CARD 
Jibs_PC#1026720266150666240 placearmies 42 1
CARD 
Jibs_PC#1026720266150666240 placearmies 11 1
CARD 
Jibs_PC#1026720266150666240 placearmies 41 1
CARD 
Jibs_PC#1026720266150666240 placearmies 33 1
CARD 
Jibs_PC#1026720266150666240 placearmies 19 1
CARD 
Jibs_PC#1026720266150666240 placearmies 30 1
CARD 
Jibs_PC#1026720266150666240 placearmies 26 1
CARD 
Jibs_PC#1026720266150666240 placearmies 11 1
CARD 
Jibs_PC#1026720266150666240 placearmies 41 1
CARD 
Jibs_PC#1026720266150666240 placearmies 4 1
CARD 
Jibs_PC#1026720266150666240 placearmies 39 1
CARD 
Jibs_PC#1026720266150666240 placearmies 35 1
CARD 
Jibs_PC#1026720266150666240 placearmies 10 1
CARD 
Jibs_PC#1026720266150666240 placearmies 6 1
CARD 
Jibs_PC#1026720266150666240 placearmies 41 1
CARD 
Jibs_PC#1026720266150666240 placearmies 4 1
CARD 
Jibs_PC#1026720266150666240 placearmies 17 1
CARD 
Jibs_PC#1026720266150666240 placearmies 30 1
CARD 
Jibs_PC#1026720266150666240 placearmies 7 1
CARD 
Jibs_PC#1026720266150666240 placearmies 6 1
CARD 
Jibs_PC#1026720266150666240 placearmies 41 1
CARD 
Jibs_PC#1026720266150666240 placearmies 4 1
CARD 
Jibs_PC#1026720266150666240 placearmies 39 1
CARD 
Jibs_PC#1026720266150666240 placearmies 30 1
CARD 
Jibs_PC#1026720266150666240 placearmies 42 1
CARD 
Jibs_PC#1026720266150666240 placearmies 6 1
CARD 
Jibs_PC#1026720266150666240 placearmies 41 1
CARD 
Jibs_PC#1026720266150666240 placearmies 4 1
CARD 
Jibs_PC#1026720266150666240 placearmies 19 1
CARD 
Jibs_PC#1026720266150666240 placearmies 35 1
CARD 
Jibs_PC#1026720266150666240 placearmies 26 1
CARD 
Jibs_PC#1026720266150666240 placearmies 6 1
CARD 
Jibs_PC#1026720266150666240 placearmies 41 1
CARD 
Jibs_PC#1026720266150666240 placearmies 4 1
CARD 
Jibs_PC#1026720266150666240 placearmies 17 1
CARD 
Jibs_PC#1026720266150666240 placearmies 35 1
CARD 
Jibs_PC#1026720266150666240 placearmies 7 1
CARD 
Jibs_PC#1026720266150666240 placearmies 6 1
CARD 
Jibs_PC#1026720266150666240 placearmies 41 1
CARD 
Jibs_PC#1026720266150666240 placearmies 4 1
CARD 
Jibs_PC#1026720266150666240 placearmies 19 1
CARD 
Jibs_PC#1026720266150666240 placearmies 25 1
CARD 
Jibs_PC#1026720266150666240 placearmies 42 1
CARD 
Jibs_PC#1026720266150666240 placearmies 11 1
CARD 
Jibs_PC#1026720266150666240 placearmies 41 1
CARD 
Jibs_PC#1026720266150666240 placearmies 33 1
CARD 
Jibs_PC#1026720266150666240 placearmies 23 1
CARD 
Jibs_PC#1026720266150666240 placearmies 28 1
CARD 
Jibs_PC#1026720266150666240 placearmies 7 1
CARD 
Jibs_PC#1026720266150666240 placearmies 6 1
CARD 
Jibs_PC#1026720266150666240 placearmies 13 1
CARD 
Jibs_PC#1026720266150666240 placearmies 33 1
CARD 
Jibs_PC#1026720266150666240 placearmies 38 1
CARD 
Jibs_PC#1026720266150666240 placearmies 35 1
CARD 
Jibs_PC#1026720266150666240 placearmies 16 1
CARD 
Jibs_PC#1026720266150666240 placearmies 6 1
CARD 
Jibs_PC#1026720266150666240 placearmies 13 1
CARD 
Jibs_PC#1026720266150666240 placearmies 33 1
CARD 
Jibs_PC#1026720266150666240 placearmies 1 1
CARD 
Jibs_PC#1026720266150666240 placearmies 25 1
CARD 
Jibs_PC#1026720266150666240 placearmies 16 1
CARD 
Jibs_PC#1026720266150666240 placearmies 6 1
CARD 
Jibs_PC#1026720266150666240 placearmies 13 1
CARD 
Jibs_PC#1026720266150666240 placearmies 33 1
Jibs_PC#1026720266150666240 placearmies 33 1
Jibs_PC#1026720266150666240 placearmies 33 1
Jibs_PC#1026720266150666240 attack 33 39
Jibs_PC#1026720266150666240 roll 3
Jibs_PC#1026720266150666240 roll 2
DICE 3 2 5 2 0 2 2 
Jibs_PC#1026720266150666240 roll 3
Jibs_PC#1026720266150666240 roll 2
DICE 3 2 5 4 0 2 1 
Jibs_PC#1026720266150666240 roll 3
Jibs_PC#1026720266150666240 roll 1
DICE 3 1 5 4 0 2 
Jibs_PC#1026720266150666240 move all
Jibs_PC#1026720266150666240 attack 39 41
Jibs_PC#1026720266150666240 roll 3
Jibs_PC#1026720266150666240 roll 2
DICE 3 2 5 3 2 2 1 
Jibs_PC#1026720266150666240 roll 3
Jibs_PC#1026720266150666240 roll 2
DICE 3 2 5 4 4 0 0 
Jibs_PC#1026720266150666240 roll 3
Jibs_PC#1026720266150666240 roll 2
DICE 3 2 5 3 0 5 5 
Jibs_PC#1026720266150666240 roll 3
Jibs_PC#1026720266150666240 roll 2
DICE 3 2 4 1 0 1 0 
Jibs_PC#1026720266150666240 retreat
Jibs_PC#1026720266150666240 attack 39 40
Jibs_PC#1026720266150666240 roll 3
Jibs_PC#1026720266150666240 roll 1
DICE 3 1 5 5 0 0 
Jibs_PC#1026720266150666240 move all
Jibs_PC#1026720266150666240 attack 4 5
Jibs_PC#1026720266150666240 roll 3
Jibs_PC#1026720266150666240 roll 1
DICE 3 1 5 3 2 2 
Jibs_PC#1026720266150666240 move all
Jibs_PC#1026720266150666240 attack 5 9
Jibs_PC#1026720266150666240 roll 3
Jibs_PC#1026720266150666240 roll 1
DICE 3 1 4 2 0 5 
Jibs_PC#1026720266150666240 roll 3
Jibs_PC#1026720266150666240 roll 1
DICE 3 1 3 3 2 2 
Jibs_PC#1026720266150666240 move all
Jibs_PC#1026720266150666240 attack 9 8
Jibs_PC#1026720266150666240 roll 3
Jibs_PC#1026720266150666240 roll 1
DICE 3 1 5 4 2 0 
Jibs_PC#1026720266150666240 move all
Jibs_PC#1026720266150666240 attack 8 7
Jibs_PC#1026720266150666240 retreat
Jibs_PC#1026720266150666240 attack 3 7
Jibs_PC#1026720266150666240 roll 1
Jibs_PC#1026720266150666240 roll 2
DICE 1 2 5 4 3 
Jibs_PC#1026720266150666240 roll 1
Jibs_PC#1026720266150666240 roll 2
DICE 1 2 3 2 1 
Jibs_PC#1026720266150666240 roll 1
Jibs_PC#1026720266150666240 roll 2
DICE 1 2 5 4 1 
Jibs_PC#1026720266150666240 roll 1
Jibs_PC#1026720266150666240 roll 2
DICE 1 2 1 2 2 
Jibs_PC#1026720266150666240 attack 8 7
Jibs_PC#1026720266150666240 roll 3
Jibs_PC#1026720266150666240 roll 2
DICE 3 2 5 2 0 5 0 
Jibs_PC#1026720266150666240 retreat
Jibs_PC#1026720266150666240 attack 8 7
Jibs_PC#1026720266150666240 roll 2
Jibs_PC#1026720266150666240 roll 1
DICE 2 1 3 2 1 
Jibs_PC#1026720266150666240 attack 7 2
Jibs_PC#1026720266150666240 roll 1
Jibs_PC#1026720266150666240 roll 1
DICE 1 1 1 2 
Jibs_PC#1026720266150666240 endattack
Jibs_PC#1026720266150666240 nomove
CARD 12
Jibs_PC#1026720266150666240 placearmies 17 1
Jibs_PC#1026720266150666240 placearmies 19 1
Jibs_PC#1026720266150666240 placearmies 19 1
Jibs_PC#1026720266150666240 endattack
Jibs_PC#1026720266150666240 nomove
CARD 
Jibs_PC#1026720266150666240 placearmies 20 2
Jibs_PC#1026720266150666240 placearmies 25 1
Jibs_PC#1026720266150666240 attack 28 27
Jibs_PC#1026720266150666240 roll 2
Jibs_PC#1026720266150666240 roll 1
DICE 2 1 5 0 0 
Jibs_PC#1026720266150666240 attack 25 23
Jibs_PC#1026720266150666240 roll 3
Jibs_PC#1026720266150666240 roll 2
DICE 3 2 5 4 0 4 2 
Jibs_PC#1026720266150666240 move all
Jibs_PC#1026720266150666240 attack 30 29
Jibs_PC#1026720266150666240 roll 3
Jibs_PC#1026720266150666240 roll 1
DICE 3 1 4 2 1 2 
Jibs_PC#1026720266150666240 attack 35 34
Jibs_PC#1026720266150666240 roll 3
Jibs_PC#1026720266150666240 roll 1
DICE 3 1 4 1 0 4 
Jibs_PC#1026720266150666240 roll 3
Jibs_PC#1026720266150666240 roll 1
DICE 3 1 5 2 1 0 
Jibs_PC#1026720266150666240 attack 23 24
Jibs_PC#1026720266150666240 roll 3
Jibs_PC#1026720266150666240 roll 1
DICE 3 1 5 5 1 3 
Jibs_PC#1026720266150666240 attack 20 18
Jibs_PC#1026720266150666240 roll 3
Jibs_PC#1026720266150666240 roll 1
DICE 3 1 3 3 1 2 
Jibs_PC#1026720266150666240 attack 24 22
Jibs_PC#1026720266150666240 roll 2
Jibs_PC#1026720266150666240 roll 1
DICE 2 1 3 0 2 
Jibs_PC#1026720266150666240 attack 18 15
Jibs_PC#1026720266150666240 roll 2
Jibs_PC#1026720266150666240 roll 1
DICE 2 1 4 3 4 
Jibs_PC#1026720266150666240 retreat
Jibs_PC#1026720266150666240 attack 29 32
Jibs_PC#1026720266150666240 roll 2
Jibs_PC#1026720266150666240 roll 1
DICE 2 1 3 2 0 
Jibs_PC#1026720266150666240 endattack
Jibs_PC#1026720266150666240 nomove
CARD 1
Jibs_PC#1026720266150666240 placearmies 26 1
Jibs_PC#1026720266150666240 placearmies 10 2
Jibs_PC#1026720266150666240 attack 26 24
Jibs_PC#1026720266150666240 roll 3
Jibs_PC#1026720266150666240 roll 1
DICE 3 1 3 2 0 0 
Jibs_PC#1026720266150666240 attack 16 28
Jibs_PC#1026720266150666240 roll 3
Jibs_PC#1026720266150666240 roll 1
DICE 3 1 5 3 1 5 
Jibs_PC#1026720266150666240 roll 2
Jibs_PC#1026720266150666240 roll 1
DICE 2 1 0 0 3 
Jibs_PC#1026720266150666240 retreat
Jibs_PC#1026720266150666240 attack 24 21
Jibs_PC#1026720266150666240 roll 2
Jibs_PC#1026720266150666240 roll 1
DICE 2 1 3 1 1 
Jibs_PC#1026720266150666240 attack 10 5
Jibs_PC#1026720266150666240 roll 3
Jibs_PC#1026720266150666240 roll 1
DICE 3 1 5 4 1 3 
Jibs_PC#1026720266150666240 attack 5 4
Jibs_PC#1026720266150666240 roll 2
Jibs_PC#1026720266150666240 roll 1
DICE 2 1 1 0 1 
Jibs_PC#1026720266150666240 retreat
Jibs_PC#1026720266150666240 endattack
Jibs_PC#1026720266150666240 nomove
CARD 4
Jibs_PC#1026720266150666240 placearmies 6 2
Jibs_PC#1026720266150666240 placearmies 6 1
Jibs_PC#1026720266150666240 attack 6 7
Jibs_PC#1026720266150666240 roll 3
Jibs_PC#1026720266150666240 roll 1
DICE 3 1 5 3 2 3 
Jibs_PC#1026720266150666240 move 11
Jibs_PC#1026720266150666240 attack 11 13
Jibs_PC#1026720266150666240 roll 3
Jibs_PC#1026720266150666240 roll 2
DICE 3 2 4 3 0 1 0 
Jibs_PC#1026720266150666240 roll 3
Jibs_PC#1026720266150666240 roll 2
DICE 3 2 2 2 1 2 1 
Jibs_PC#1026720266150666240 roll 3
Jibs_PC#1026720266150666240 roll 1
DICE 3 1 2 1 1 0 
Jibs_PC#1026720266150666240 move 3
Jibs_PC#1026720266150666240 attack 7 2
Jibs_PC#1026720266150666240 roll 3
Jibs_PC#1026720266150666240 roll 1
DICE 3 1 5 3 0 4 
Jibs_PC#1026720266150666240 move 10
Jibs_PC#1026720266150666240 attack 2 3
Jibs_PC#1026720266150666240 roll 3
Jibs_PC#1026720266150666240 roll 1
DICE 3 1 5 3 0 0 
Jibs_PC#1026720266150666240 move 9
Jibs_PC#1026720266150666240 attack 3 1
Jibs_PC#1026720266150666240 roll 3
Jibs_PC#1026720266150666240 roll 2
DICE 3 2 5 4 0 5 0 
Jibs_PC#1026720266150666240 roll 3
Jibs_PC#1026720266150666240 roll 1
DICE 3 1 4 1 0 3 
Jibs_PC#1026720266150666240 move 7
Jibs_PC#1026720266150666240 endattack
Jibs_PC#1026720266150666240 movearmies 13 11 2
CARD 3
Jibs_PC#1026720266150666240 placearmies 14 3
Jibs_PC#1026720266150666240 attack 41 39
Jibs_PC#1026720266150666240 roll 3
Jibs_PC#1026720266150666240 roll 1
DICE 3 1 2 1 0 3 
Jibs_PC#1026720266150666240 roll 3
Jibs_PC#1026720266150666240 roll 1
DICE 3 1 5 3 2 5 
Jibs_PC#1026720266150666240 roll 2
Jibs_PC#1026720266150666240 roll 1
DICE 2 1 1 0 2 
Jibs_PC#1026720266150666240 retreat
Jibs_PC#1026720266150666240 attack 14 15
Jibs_PC#1026720266150666240 roll 3
Jibs_PC#1026720266150666240 roll 1
DICE 3 1 5 2 0 4 
Jibs_PC#1026720266150666240 endattack
Jibs_PC#1026720266150666240 nomove
CARD 16
Jibs_PC#1026720266150666240 placearmies 40 1
Jibs_PC#1026720266150666240 placearmies 40 1
Jibs_PC#1026720266150666240 placearmies 40 1
Jibs_PC#1026720266150666240 attack 40 42
Jibs_PC#1026720266150666240 roll 3
Jibs_PC#1026720266150666240 roll 2
DICE 3 2 2 0 0 3 1 
Jibs_PC#1026720266150666240 roll 3
Jibs_PC#1026720266150666240 roll 2
DICE 3 2 4 2 2 3 0 
Jibs_PC#1026720266150666240 roll 3
Jibs_PC#1026720266150666240 roll 2
DICE 3 2 5 5 0 4 0 
Jibs_PC#1026720266150666240 move all
Jibs_PC#1026720266150666240 attack 42 41
Jibs_PC#1026720266150666240 roll 3
Jibs_PC#1026720266150666240 roll 2
DICE 3 2 5 1 0 2 1 
Jibs_PC#1026720266150666240 roll 2
Jibs_PC#1026720266150666240 roll 1
DICE 2 1 4 4 4 
Jibs_PC#1026720266150666240 roll 1
Jibs_PC#1026720266150666240 roll 1
DICE 1 1 3 5 
Jibs_PC#1026720266150666240 endattack
Jibs_PC#1026720266150666240 nomove
CARD 18
Jibs_PC#1026720266150666240 placearmies 17 1
Jibs_PC#1026720266150666240 placearmies 17 1
Jibs_PC#1026720266150666240 placearmies 19 1
Jibs_PC#1026720266150666240 attack 19 20
Jibs_PC#1026720266150666240 roll 3
Jibs_PC#1026720266150666240 roll 1
DICE 3 1 4 2 1 5 
Jibs_PC#1026720266150666240 roll 3
Jibs_PC#1026720266150666240 roll 1
DICE 3 1 4 3 3 1 
Jibs_PC#1026720266150666240 move all
Jibs_PC#1026720266150666240 attack 20 18
Jibs_PC#1026720266150666240 roll 3
Jibs_PC#1026720266150666240 roll 2
DICE 3 2 5 5 3 0 0 
Jibs_PC#1026720266150666240 move 3
Jibs_PC#1026720266150666240 attack 20 22
Jibs_PC#1026720266150666240 retreat
Jibs_PC#1026720266150666240 attack 17 14
Jibs_PC#1026720266150666240 roll 3
Jibs_PC#1026720266150666240 roll 1
DICE 3 1 4 3 0 1 
Jibs_PC#1026720266150666240 move 3
Jibs_PC#1026720266150666240 endattack
Jibs_PC#1026720266150666240 nomove
CARD 28
Jibs_PC#1026720266150666240 placearmies 25 3
Jibs_PC#1026720266150666240 attack 25 24
Jibs_PC#1026720266150666240 roll 3
Jibs_PC#1026720266150666240 roll 1
DICE 3 1 5 3 0 2 
Jibs_PC#1026720266150666240 attack 24 26
Jibs_PC#1026720266150666240 roll 2
Jibs_PC#1026720266150666240 roll 1
DICE 2 1 3 1 5 
Jibs_PC#1026720266150666240 retreat
Jibs_PC#1026720266150666240 endattack
Jibs_PC#1026720266150666240 nomove
CARD 40
Jibs_PC#1026720266150666240 placearmies 5 2
Jibs_PC#1026720266150666240 placearmies 26 1
Jibs_PC#1026720266150666240 attack 5 4
Jibs_PC#1026720266150666240 roll 3
Jibs_PC#1026720266150666240 roll 1
DICE 3 1 5 5 2 5 
Jibs_PC#1026720266150666240 roll 2
Jibs_PC#1026720266150666240 roll 1
DICE 2 1 5 2 2 
Jibs_PC#1026720266150666240 endattack
Jibs_PC#1026720266150666240 nomove
CARD 31
Jibs_PC#1026720266150666240 placearmies 11 1
Jibs_PC#1026720266150666240 placearmies 11 2
Jibs_PC#1026720266150666240 attack 11 10
Jibs_PC#1026720266150666240 roll 3
Jibs_PC#1026720266150666240 roll 1
DICE 3 1 5 3 0 1 
Jibs_PC#1026720266150666240 move 6
Jibs_PC#1026720266150666240 attack 10 5
Jibs_PC#1026720266150666240 roll 3
Jibs_PC#1026720266150666240 roll 1
DICE 3 1 5 4 1 4 
Jibs_PC#1026720266150666240 move 5
Jibs_PC#1026720266150666240 attack 5 9
Jibs_PC#1026720266150666240 roll 3
Jibs_PC#1026720266150666240 roll 1
DICE 3 1 5 4 3 5 
Jibs_PC#1026720266150666240 roll 3
Jibs_PC#1026720266150666240 roll 1
DICE 3 1 5 2 2 5 
Jibs_PC#1026720266150666240 roll 2
Jibs_PC#1026720266150666240 roll 1
DICE 2 1 0 0 2 
Jibs_PC#1026720266150666240 retreat
Jibs_PC#1026720266150666240 attack 1 38
Jibs_PC#1026720266150666240 roll 3
Jibs_PC#1026720266150666240 roll 2
DICE 3 2 4 1 1 5 1 
Jibs_PC#1026720266150666240 roll 3
Jibs_PC#1026720266150666240 roll 2
DICE 3 2 4 1 1 3 0 
Jibs_PC#1026720266150666240 move 4
Jibs_PC#1026720266150666240 endattack
Jibs_PC#1026720266150666240 nomove
CARD wildcard
Jibs_PC#1026720266150666240 placearmies 15 2
Jibs_PC#1026720266150666240 placearmies 41 1
Jibs_PC#1026720266150666240 attack 15 14
Jibs_PC#1026720266150666240 roll 3
Jibs_PC#1026720266150666240 roll 2
DICE 3 2 5 1 1 3 1 
Jibs_PC#1026720266150666240 roll 3
Jibs_PC#1026720266150666240 roll 2
DICE 3 2 4 4 3 5 0 
Jibs_PC#1026720266150666240 roll 2
Jibs_PC#1026720266150666240 roll 1
DICE 2 1 5 3 1 
Jibs_PC#1026720266150666240 endattack
Jibs_PC#1026720266150666240 nomove
CARD 2
Jibs_PC#1026720266150666240 placearmies 42 1
Jibs_PC#1026720266150666240 placearmies 42 1
Jibs_PC#1026720266150666240 placearmies 42 1
Jibs_PC#1026720266150666240 attack 42 41
Jibs_PC#1026720266150666240 roll 3
Jibs_PC#1026720266150666240 roll 2
DICE 3 2 5 5 4 5 2 
Jibs_PC#1026720266150666240 roll 2
Jibs_PC#1026720266150666240 roll 1
DICE 2 1 3 2 3 
Jibs_PC#1026720266150666240 retreat
Jibs_PC#1026720266150666240 attack 42 41
Jibs_PC#1026720266150666240 roll 1
Jibs_PC#1026720266150666240 roll 1
DICE 1 1 4 4 
Jibs_PC#1026720266150666240 endattack
Jibs_PC#1026720266150666240 nomove
CARD 
Jibs_PC#1026720266150666240 placearmies 18 1
Jibs_PC#1026720266150666240 placearmies 18 1
Jibs_PC#1026720266150666240 placearmies 17 1
Jibs_PC#1026720266150666240 attack 18 15
Jibs_PC#1026720266150666240 roll 3
Jibs_PC#1026720266150666240 roll 1
DICE 3 1 5 4 1 0 
Jibs_PC#1026720266150666240 move 3
Jibs_PC#1026720266150666240 attack 15 14
Jibs_PC#1026720266150666240 roll 2
Jibs_PC#1026720266150666240 roll 2
DICE 2 2 5 0 2 1 
Jibs_PC#1026720266150666240 roll 1
Jibs_PC#1026720266150666240 roll 1
DICE 1 1 5 0 
Jibs_PC#1026720266150666240 endattack
Jibs_PC#1026720266150666240 nomove
CARD 11
Jibs_PC#1026720266150666240 placearmies 30 3
Jibs_PC#1026720266150666240 attack 30 16
Jibs_PC#1026720266150666240 roll 3
Jibs_PC#1026720266150666240 roll 2
DICE 3 2 2 2 2 5 1 
Jibs_PC#1026720266150666240 roll 2
Jibs_PC#1026720266150666240 roll 1
DICE 2 1 4 0 0 
Jibs_PC#1026720266150666240 endattack
Jibs_PC#1026720266150666240 nomove
CARD 27
Jibs_PC#1026720266150666240 placearmies 4 2
Jibs_PC#1026720266150666240 placearmies 4 1
Jibs_PC#1026720266150666240 attack 4 3
Jibs_PC#1026720266150666240 roll 3
Jibs_PC#1026720266150666240 roll 1
DICE 3 1 3 3 1 4 
Jibs_PC#1026720266150666240 roll 3
Jibs_PC#1026720266150666240 roll 1
DICE 3 1 4 3 1 0 
Jibs_PC#1026720266150666240 attack 3 1
Jibs_PC#1026720266150666240 roll 2
Jibs_PC#1026720266150666240 roll 1
DICE 2 1 5 2 3 
Jibs_PC#1026720266150666240 endattack
Jibs_PC#1026720266150666240 nomove
CARD 23
Jibs_PC#1026720266150666240 placearmies 12 1
Jibs_PC#1026720266150666240 placearmies 38 4
Jibs_PC#1026720266150666240 attack 38 1
Jibs_PC#1026720266150666240 roll 3
Jibs_PC#1026720266150666240 roll 2
DICE 3 2 3 3 2 4 1 
Jibs_PC#1026720266150666240 roll 3
Jibs_PC#1026720266150666240 roll 1
DICE 3 1 4 3 0 3 
Jibs_PC#1026720266150666240 move 6
Jibs_PC#1026720266150666240 attack 1 3
Jibs_PC#1026720266150666240 roll 3
Jibs_PC#1026720266150666240 roll 1
DICE 3 1 1 1 0 5 
Jibs_PC#1026720266150666240 roll 3
Jibs_PC#1026720266150666240 roll 1
DICE 3 1 5 4 3 0 
Jibs_PC#1026720266150666240 move 4
Jibs_PC#1026720266150666240 attack 3 4
Jibs_PC#1026720266150666240 roll 3
Jibs_PC#1026720266150666240 roll 1
DICE 3 1 4 2 2 5 
Jibs_PC#1026720266150666240 roll 2
Jibs_PC#1026720266150666240 roll 1
DICE 2 1 5 2 5 
Jibs_PC#1026720266150666240 retreat
Jibs_PC#1026720266150666240 endattack
Jibs_PC#1026720266150666240 nomove
CARD 20
Jibs_PC#1026720266150666240 placearmies 41 3
Jibs_PC#1026720266150666240 attack 41 39
Jibs_PC#1026720266150666240 roll 3
Jibs_PC#1026720266150666240 roll 1
DICE 3 1 5 4 2 2 
Jibs_PC#1026720266150666240 attack 39 40
Jibs_PC#1026720266150666240 roll 2
Jibs_PC#1026720266150666240 roll 1
DICE 2 1 5 4 1 
Jibs_PC#1026720266150666240 endattack
Jibs_PC#1026720266150666240 nomove
CARD 37
Jibs_PC#1026720266150666240 placearmies 42 1
Jibs_PC#1026720266150666240 placearmies 42 1
Jibs_PC#1026720266150666240 placearmies 42 1
Jibs_PC#1026720266150666240 attack 42 41
Jibs_PC#1026720266150666240 roll 3
Jibs_PC#1026720266150666240 roll 1
DICE 3 1 5 4 1 5 
Jibs_PC#1026720266150666240 roll 2
Jibs_PC#1026720266150666240 roll 1
DICE 2 1 4 3 3 
Jibs_PC#1026720266150666240 attack 41 39
Jibs_PC#1026720266150666240 roll 1
Jibs_PC#1026720266150666240 roll 1
DICE 1 1 4 0 
Jibs_PC#1026720266150666240 endattack
Jibs_PC#1026720266150666240 nomove
CARD 19
Jibs_PC#1026720266150666240 placearmies 18 1
Jibs_PC#1026720266150666240 placearmies 18 1
Jibs_PC#1026720266150666240 placearmies 18 1
Jibs_PC#1026720266150666240 attack 18 16
Jibs_PC#1026720266150666240 roll 3
Jibs_PC#1026720266150666240 roll 2
DICE 3 2 4 1 0 2 0 
Jibs_PC#1026720266150666240 move 3
Jibs_PC#1026720266150666240 endattack
Jibs_PC#1026720266150666240 movearmies 17 19 2
CARD 24
Jibs_PC#1026720266150666240 trade 1 40 27
Jibs_PC#1026720266150666240 placearmies 35 3
Jibs_PC#1026720266150666240 placearmies 22 5
Jibs_PC#1026720266150666240 placearmies 30 3
Jibs_PC#1026720266150666240 placearmies 32 2
Jibs_PC#1026720266150666240 attack 30 31
Jibs_PC#1026720266150666240 roll 3
Jibs_PC#1026720266150666240 roll 1
DICE 3 1 5 4 4 3 
Jibs_PC#1026720266150666240 attack 22 20
Jibs_PC#1026720266150666240 roll 3
Jibs_PC#1026720266150666240 roll 2
DICE 3 2 4 3 1 5 1 
Jibs_PC#1026720266150666240 roll 3
Jibs_PC#1026720266150666240 roll 2
DICE 3 2 4 4 4 4 0 
Jibs_PC#1026720266150666240 roll 3
Jibs_PC#1026720266150666240 roll 1
DICE 3 1 4 0 0 2 
Jibs_PC#1026720266150666240 move all
Jibs_PC#1026720266150666240 attack 20 18
Jibs_PC#1026720266150666240 roll 3
Jibs_PC#1026720266150666240 roll 2
DICE 3 2 2 1 0 5 4 
Jibs_PC#1026720266150666240 retreat
Jibs_PC#1026720266150666240 attack 35 36
Jibs_PC#1026720266150666240 roll 3
Jibs_PC#1026720266150666240 roll 1
DICE 3 1 4 1 0 4 
Jibs_PC#1026720266150666240 roll 2
Jibs_PC#1026720266150666240 roll 1
DICE 2 1 5 3 5 
Jibs_PC#1026720266150666240 retreat
Jibs_PC#1026720266150666240 attack 32 33
Jibs_PC#1026720266150666240 roll 3
Jibs_PC#1026720266150666240 roll 1
DICE 3 1 4 1 0 5 
Jibs_PC#1026720266150666240 roll 2
Jibs_PC#1026720266150666240 roll 1
DICE 2 1 1 0 1 
Jibs_PC#1026720266150666240 retreat
Jibs_PC#1026720266150666240 attack 27 36
Jibs_PC#1026720266150666240 roll 3
Jibs_PC#1026720266150666240 roll 1
DICE 3 1 3 1 0 2 
Jibs_PC#1026720266150666240 attack 34 38
Jibs_PC#1026720266150666240 roll 2
Jibs_PC#1026720266150666240 roll 1
DICE 2 1 1 0 1 
Jibs_PC#1026720266150666240 retreat
Jibs_PC#1026720266150666240 attack 36 37
Jibs_PC#1026720266150666240 roll 2
Jibs_PC#1026720266150666240 roll 1
DICE 2 1 1 1 3 
Jibs_PC#1026720266150666240 retreat
Jibs_PC#1026720266150666240 endattack
Jibs_PC#1026720266150666240 nomove
CARD 6
Jibs_PC#1026720266150666240 trade 4 31 23
Jibs_PC#1026720266150666240 placearmies 21 3
Jibs_PC#1026720266150666240 placearmies 4 2
Jibs_PC#1026720266150666240 placearmies 21 2
Jibs_PC#1026720266150666240 placearmies 26 3
Jibs_PC#1026720266150666240 placearmies 26 1
Jibs_PC#1026720266150666240 placearmies 26 1
Jibs_PC#1026720266150666240 placearmies 4 1
Jibs_PC#1026720266150666240 attack 21 12
Jibs_PC#1026720266150666240 roll 3
Jibs_PC#1026720266150666240 roll 2
DICE 3 2 1 0 0 2 0 
Jibs_PC#1026720266150666240 roll 3
Jibs_PC#1026720266150666240 roll 2
DICE 3 2 5 2 0 4 1 
Jibs_PC#1026720266150666240 move all
Jibs_PC#1026720266150666240 attack 12 10
Jibs_PC#1026720266150666240 roll 3
Jibs_PC#1026720266150666240 roll 1
DICE 3 1 5 1 0 1 
Jibs_PC#1026720266150666240 attack 10 11
Jibs_PC#1026720266150666240 roll 2
Jibs_PC#1026720266150666240 roll 1
DICE 2 1 4 1 2 
Jibs_PC#1026720266150666240 attack 26 24
Jibs_PC#1026720266150666240 roll 3
Jibs_PC#1026720266150666240 roll 2
DICE 3 2 5 3 2 1 0 
Jibs_PC#1026720266150666240 move all
Jibs_PC#1026720266150666240 attack 4 3
Jibs_PC#1026720266150666240 roll 3
Jibs_PC#1026720266150666240 roll 2
DICE 3 2 3 0 0 4 3 
Jibs_PC#1026720266150666240 roll 3
Jibs_PC#1026720266150666240 roll 2
DICE 3 2 3 3 2 3 1 
Jibs_PC#1026720266150666240 roll 2
Jibs_PC#1026720266150666240 roll 1
DICE 2 1 4 0 2 
Jibs_PC#1026720266150666240 attack 24 22
Jibs_PC#1026720266150666240 roll 3
Jibs_PC#1026720266150666240 roll 1
DICE 3 1 3 3 3 2 
Jibs_PC#1026720266150666240 move all
Jibs_PC#1026720266150666240 attack 22 20
Jibs_PC#1026720266150666240 roll 3
Jibs_PC#1026720266150666240 roll 2
DICE 3 2 5 4 2 4 0 
Jibs_PC#1026720266150666240 move all
Jibs_PC#1026720266150666240 attack 20 18
Jibs_PC#1026720266150666240 roll 3
Jibs_PC#1026720266150666240 roll 2
DICE 3 2 4 1 0 4 0 
Jibs_PC#1026720266150666240 roll 2
Jibs_PC#1026720266150666240 roll 1
DICE 2 1 3 0 3 
Jibs_PC#1026720266150666240 retreat
Jibs_PC#1026720266150666240 endattack
Jibs_PC#1026720266150666240 nomove
CARD 30
Jibs_PC#1026720266150666240 trade 3 wildcard 20
Jibs_PC#1026720266150666240 placearmies 5 2
Jibs_PC#1026720266150666240 placearmies 5 8
Jibs_PC#1026720266150666240 placearmies 38 3
Jibs_PC#1026720266150666240 attack 5 10
Jibs_PC#1026720266150666240 roll 3
Jibs_PC#1026720266150666240 roll 1
DICE 3 1 3 3 0 3 
Jibs_PC#1026720266150666240 roll 3
Jibs_PC#1026720266150666240 roll 1
DICE 3 1 3 3 1 1 
Jibs_PC#1026720266150666240 move 10
Jibs_PC#1026720266150666240 attack 10 12
Jibs_PC#1026720266150666240 roll 3
Jibs_PC#1026720266150666240 roll 1
DICE 3 1 5 1 1 2 
Jibs_PC#1026720266150666240 move 9
Jibs_PC#1026720266150666240 attack 12 11
Jibs_PC#1026720266150666240 roll 3
Jibs_PC#1026720266150666240 roll 2
DICE 3 2 2 2 1 5 2 
Jibs_PC#1026720266150666240 roll 3
Jibs_PC#1026720266150666240 roll 2
DICE 3 2 3 3 0 5 0 
Jibs_PC#1026720266150666240 roll 3
Jibs_PC#1026720266150666240 roll 1
DICE 3 1 2 1 1 1 
Jibs_PC#1026720266150666240 move 3
Jibs_PC#1026720266150666240 endattack
Jibs_PC#1026720266150666240 movearmies 11 12 2
CARD 25
Jibs_PC#1026720266150666240 placearmies 40 2
Jibs_PC#1026720266150666240 placearmies 40 1
Jibs_PC#1026720266150666240 attack 40 39
Jibs_PC#1026720266150666240 roll 3
Jibs_PC#1026720266150666240 roll 1
DICE 3 1 3 2 0 5 
Jibs_PC#1026720266150666240 roll 3
Jibs_PC#1026720266150666240 roll 1
DICE 3 1 5 3 0 1 
Jibs_PC#1026720266150666240 attack 39 41
Jibs_PC#1026720266150666240 roll 2
Jibs_PC#1026720266150666240 roll 1
DICE 2 1 5 3 4 
Jibs_PC#1026720266150666240 endattack
Jibs_PC#1026720266150666240 nomove
CARD 35
Jibs_PC#1026720266150666240 trade 12 19 18
Jibs_PC#1026720266150666240 placearmies 42 1
Jibs_PC#1026720266150666240 placearmies 42 1
Jibs_PC#1026720266150666240 placearmies 42 1
Jibs_PC#1026720266150666240 placearmies 42 1
Jibs_PC#1026720266150666240 placearmies 42 1
Jibs_PC#1026720266150666240 placearmies 42 1
Jibs_PC#1026720266150666240 placearmies 42 1
Jibs_PC#1026720266150666240 placearmies 42 1
Jibs_PC#1026720266150666240 placearmies 42 1
Jibs_PC#1026720266150666240 placearmies 42 1
Jibs_PC#1026720266150666240 placearmies 42 1
Jibs_PC#1026720266150666240 placearmies 42 1
Jibs_PC#1026720266150666240 placearmies 42 1
Jibs_PC#1026720266150666240 attack 42 41
Jibs_PC#1026720266150666240 roll 3
Jibs_PC#1026720266150666240 roll 2
DICE 3 2 5 0 0 1 0 
Jibs_PC#1026720266150666240 roll 3
Jibs_PC#1026720266150666240 roll 1
DICE 3 1 3 3 0 3 
Jibs_PC#1026720266150666240 roll 3
Jibs_PC#1026720266150666240 roll 1
DICE 3 1 5 4 0 1 
Jibs_PC#1026720266150666240 move all
Jibs_PC#1026720266150666240 attack 41 39
Jibs_PC#1026720266150666240 roll 2
Jibs_PC#1026720266150666240 roll 1
DICE 2 1 5 0 0 
Jibs_PC#1026720266150666240 move 4
Jibs_PC#1026720266150666240 attack 39 40
Jibs_PC#1026720266150666240 roll 3
Jibs_PC#1026720266150666240 roll 1
DICE 3 1 5 3 0 5 
Jibs_PC#1026720266150666240 roll 2
Jibs_PC#1026720266150666240 roll 1
DICE 2 1 5 4 1 
Jibs_PC#1026720266150666240 endattack
Jibs_PC#1026720266150666240 movearmies 41 39 6
CARD 21
Jibs_PC#1026720266150666240 placearmies 19 1
Jibs_PC#1026720266150666240 placearmies 19 1
Jibs_PC#1026720266150666240 placearmies 19 1
Jibs_PC#1026720266150666240 attack 19 20
Jibs_PC#1026720266150666240 roll 3
Jibs_PC#1026720266150666240 roll 2
DICE 3 2 3 2 1 5 0 
Jibs_PC#1026720266150666240 roll 2
Jibs_PC#1026720266150666240 roll 1
DICE 2 1 3 0 2 
Jibs_PC#1026720266150666240 move 3
Jibs_PC#1026720266150666240 attack 20 22
Jibs_PC#1026720266150666240 roll 2
Jibs_PC#1026720266150666240 roll 1
DICE 2 1 4 2 5 
Jibs_PC#1026720266150666240 roll 1
Jibs_PC#1026720266150666240 roll 1
DICE 1 1 0 1 
Jibs_PC#1026720266150666240 endattack
Jibs_PC#1026720266150666240 nomove
CARD 41
Jibs_PC#1026720266150666240 placearmies 29 3
Jibs_PC#1026720266150666240 attack 29 33
Jibs_PC#1026720266150666240 roll 3
Jibs_PC#1026720266150666240 roll 1
DICE 3 1 5 4 3 1 
Jibs_PC#1026720266150666240 attack 31 22
Jibs_PC#1026720266150666240 roll 2
Jibs_PC#1026720266150666240 roll 1
DICE 2 1 5 2 0 
Jibs_PC#1026720266150666240 endattack
Jibs_PC#1026720266150666240 nomove
CARD 13
Jibs_PC#1026720266150666240 placearmies 26 3
Jibs_PC#1026720266150666240 attack 26 25
Jibs_PC#1026720266150666240 roll 3
Jibs_PC#1026720266150666240 roll 1
DICE 3 1 2 2 1 4 
Jibs_PC#1026720266150666240 roll 2
Jibs_PC#1026720266150666240 roll 1
DICE 2 1 1 0 1 
Jibs_PC#1026720266150666240 retreat
Jibs_PC#1026720266150666240 endattack
Jibs_PC#1026720266150666240 nomove
CARD 
Jibs_PC#1026720266150666240 placearmies 5 1
Jibs_PC#1026720266150666240 placearmies 5 3
Jibs_PC#1026720266150666240 placearmies 38 1
Jibs_PC#1026720266150666240 attack 5 4
Jibs_PC#1026720266150666240 roll 3
Jibs_PC#1026720266150666240 roll 1
DICE 3 1 4 2 0 1 
Jibs_PC#1026720266150666240 move 3
Jibs_PC#1026720266150666240 attack 4 9
Jibs_PC#1026720266150666240 roll 2
Jibs_PC#1026720266150666240 roll 1
DICE 2 1 5 3 5 
Jibs_PC#1026720266150666240 retreat
Jibs_PC#1026720266150666240 attack 38 37
Jibs_PC#1026720266150666240 roll 3
Jibs_PC#1026720266150666240 roll 1
DICE 3 1 4 3 2 3 
Jibs_PC#1026720266150666240 move 4
Jibs_PC#1026720266150666240 attack 12 21
Jibs_PC#1026720266150666240 roll 3
Jibs_PC#1026720266150666240 roll 1
DICE 3 1 3 2 0 2 
Jibs_PC#1026720266150666240 move 4
Jibs_PC#1026720266150666240 endattack
Jibs_PC#1026720266150666240 movearmies 4 5 1
CARD 38
Jibs_PC#1026720266150666240 trade 35 21 37
Jibs_PC#1026720266150666240 placearmies 9 1
Jibs_PC#1026720266150666240 placearmies 9 1
Jibs_PC#1026720266150666240 placearmies 9 1
Jibs_PC#1026720266150666240 placearmies 9 1
Jibs_PC#1026720266150666240 placearmies 9 1
Jibs_PC#1026720266150666240 placearmies 9 1
Jibs_PC#1026720266150666240 placearmies 9 1
Jibs_PC#1026720266150666240 placearmies 9 1
Jibs_PC#1026720266150666240 placearmies 9 1
Jibs_PC#1026720266150666240 attack 9 5
Jibs_PC#1026720266150666240 roll 3
Jibs_PC#1026720266150666240 roll 2
DICE 3 2 5 4 1 4 1 
Jibs_PC#1026720266150666240 roll 3
Jibs_PC#1026720266150666240 roll 1
DICE 3 1 5 3 0 3 
Jibs_PC#1026720266150666240 move all
Jibs_PC#1026720266150666240 attack 5 4
Jibs_PC#1026720266150666240 roll 3
Jibs_PC#1026720266150666240 roll 1
DICE 3 1 4 3 2 2 
Jibs_PC#1026720266150666240 move all
Jibs_PC#1026720266150666240 attack 4 3
Jibs_PC#1026720266150666240 roll 3
Jibs_PC#1026720266150666240 roll 2
DICE 3 2 5 3 1 3 2 
Jibs_PC#1026720266150666240 move all
Jibs_PC#1026720266150666240 attack 3 7
Jibs_PC#1026720266150666240 roll 3
Jibs_PC#1026720266150666240 roll 1
DICE 3 1 4 3 0 0 
Jibs_PC#1026720266150666240 move all
Jibs_PC#1026720266150666240 attack 7 6
Jibs_PC#1026720266150666240 roll 3
Jibs_PC#1026720266150666240 roll 1
DICE 3 1 4 4 0 3 
Jibs_PC#1026720266150666240 move all
Jibs_PC#1026720266150666240 endattack
Jibs_PC#1026720266150666240 nomove
CARD 29
Jibs_PC#1026720266150666240 placearmies 14 1
Jibs_PC#1026720266150666240 placearmies 20 1
Jibs_PC#1026720266150666240 placearmies 20 1
Jibs_PC#1026720266150666240 placearmies 20 1
Jibs_PC#1026720266150666240 placearmies 16 1
Jibs_PC#1026720266150666240 placearmies 16 1
Jibs_PC#1026720266150666240 placearmies 20 1
Jibs_PC#1026720266150666240 placearmies 19 1
Jibs_PC#1026720266150666240 attack 16 30
Jibs_PC#1026720266150666240 roll 3
Jibs_PC#1026720266150666240 roll 1
DICE 3 1 5 3 0 1 
Jibs_PC#1026720266150666240 move 3
Jibs_PC#1026720266150666240 attack 20 31
Jibs_PC#1026720266150666240 roll 3
Jibs_PC#1026720266150666240 roll 1
DICE 3 1 4 3 2 2 
Jibs_PC#1026720266150666240 move 3
Jibs_PC#1026720266150666240 endattack
Jibs_PC#1026720266150666240 nomove
CARD 26
Jibs_PC#1026720266150666240 placearmies 35 2
Jibs_PC#1026720266150666240 placearmies 25 1
Jibs_PC#1026720266150666240 attack 35 38
Jibs_PC#1026720266150666240 roll 3
Jibs_PC#1026720266150666240 roll 1
DICE 3 1 3 1 0 3 
Jibs_PC#1026720266150666240 roll 2
Jibs_PC#1026720266150666240 roll 1
DICE 2 1 4 1 0 
Jibs_PC#1026720266150666240 endattack
Jibs_PC#1026720266150666240 nomove
CARD 7
Jibs_PC#1026720266150666240 placearmies 24 3
Jibs_PC#1026720266150666240 attack 24 22
Jibs_PC#1026720266150666240 roll 3
Jibs_PC#1026720266150666240 roll 2
DICE 3 2 2 0 0 5 1 
Jibs_PC#1026720266150666240 retreat
Jibs_PC#1026720266150666240 endattack
Jibs_PC#1026720266150666240 nomove
CARD 
Jibs_PC#1026720266150666240 placearmies 21 5
Jibs_PC#1026720266150666240 attack 21 20
Jibs_PC#1026720266150666240 roll 3
Jibs_PC#1026720266150666240 roll 2
DICE 3 2 5 4 3 5 0 
Jibs_PC#1026720266150666240 roll 3
Jibs_PC#1026720266150666240 roll 1
DICE 3 1 5 1 0 3 
Jibs_PC#1026720266150666240 move 6
Jibs_PC#1026720266150666240 endattack
Jibs_PC#1026720266150666240 movearmies 20 21 5
CARD wildcard
Jibs_PC#1026720266150666240 placearmies 3 1
Jibs_PC#1026720266150666240 placearmies 3 1
Jibs_PC#1026720266150666240 placearmies 3 1
Jibs_PC#1026720266150666240 placearmies 3 1
Jibs_PC#1026720266150666240 placearmies 3 1
Jibs_PC#1026720266150666240 attack 3 2
Jibs_PC#1026720266150666240 roll 3
Jibs_PC#1026720266150666240 roll 1
DICE 3 1 5 4 4 2 
Jibs_PC#1026720266150666240 move all
Jibs_PC#1026720266150666240 attack 2 1
Jibs_PC#1026720266150666240 roll 3
Jibs_PC#1026720266150666240 roll 1
DICE 3 1 3 2 1 2 
Jibs_PC#1026720266150666240 move all
