Jibs_PC#8719468509415360512 newplayer ai hard green s0914007
Jibs_PC#8719468509415360512 newplayer ai hard blue bob
Jibs_PC#8719468509415360512 newplayer ai hard red fred
Jibs_PC#8719468509415360512 newplayer ai hard cyan ted
Jibs_PC#8719468509415360512 newplayer ai hard magenta yura
Jibs_PC#8719468509415360512 newplayer ai hard yellow lala
Jibs_PC#8719468509415360512 startgame mission fixed autoplaceall recycle
PLAYER yura
MISSION 0 0 0 0 1 0
PLACEALL 11 4 10 29 12 27 5 20 33 14 31 23 18 16 37 13 38 26 36 35 42 6 28 2 39 40 32 1 9 22 15 19 8 17 30 24 21 34 7 25 41 3
Jibs_PC#8719468509415360512 placearmies 5 1
CARD 
Jibs_PC#8719468509415360512 placearmies 40 1
CARD 
Jibs_PC#8719468509415360512 placearmies 10 1
CARD 
Jibs_PC#8719468509415360512 placearmies 29 1
CARD 
Jibs_PC#8719468509415360512 placearmies 38 1
CARD 
Jibs_PC#8719468509415360512 placearmies 24 1
CARD 
Jibs_PC#8719468509415360512 placearmies 5 1
CARD 
Jibs_PC#8719468509415360512 placearmies 40 1
CARD 
Jibs_PC#8719468509415360512 placearmies 10 1
CARD 
Jibs_PC#8719468509415360512 placearmies 29 1
CARD 
Jibs_PC#8719468509415360512 placearmies 38 1
CARD 
Jibs_PC#8719468509415360512 placearmies 22 1
CARD 
Jibs_PC#8719468509415360512 placearmies 5 1
CARD 
Jibs_PC#8719468509415360512 placearmies 40 1
CARD 
Jibs_PC#8719468509415360512 placearmies 10 1
CARD 
Jibs_PC#8719468509415360512 placearmies 17 1
CARD 
Jibs_PC#8719468509415360512 placearmies 38 1
CARD 
Jibs_PC#8719468509415360512 placearmies 22 1
CARD 
Jibs_PC#8719468509415360512 placearmies 11 1
CARD 
Jibs_PC#8719468509415360512 placearmies 40 1
CARD 
Jibs_PC#8719468509415360512 placearmies 10 1
CARD 
Jibs_PC#8719468509415360512 placearmies 17 1
CARD 
Jibs_PC#8719468509415360512 placearmies 38 1
CARD 
Jibs_PC#8719468509415360512 placearmies 22 1
CARD 
Jibs_PC#8719468509415360512 placearmies 11 1
CARD 
Jibs_PC#8719468509415360512 placearmies 40 1
CARD 
Jibs_PC#8719468509415360512 placearmies 10 1
CARD 
Jibs_PC#8719468509415360512 placearmies 17 1
CARD 
Jibs_PC#8719468509415360512 placearmies 38 1
CARD 
Jibs_PC#8719468509415360512 placearmies 22 1
CARD 
Jibs_PC#8719468509415360512 placearmies 11 1
CARD 
Jibs_PC#8719468509415360512 placearmies 40 1
CARD 
Jibs_PC#8719468509415360512 placearmies 10 1
CARD 
Jibs_PC#8719468509415360512 placearmies 17 1
CARD 
Jibs_PC#8719468509415360512 placearmies 38 1
CARD 
Jibs_PC#8719468509415360512 placearmies 22 1
CARD 
Jibs_PC#8719468509415360512 placearmies 11 1
CARD 
Jibs_PC#8719468509415360512 placearmies 40 1
CARD 
Jibs_PC#8719468509415360512 placearmies 10 1
CARD 
Jibs_PC#8719468509415360512 placearmies 17 1
CARD 
Jibs_PC#8719468509415360512 placearmies 38 1
CARD 
Jibs_PC#8719468509415360512 placearmies 22 1
CARD 
Jibs_PC#8719468509415360512 placearmies 11 1
CARD 
Jibs_PC#8719468509415360512 placearmies 40 1
CARD 
Jibs_PC#8719468509415360512 placearmies 10 1
CARD 
Jibs_PC#8719468509415360512 placearmies 17 1
CARD 
Jibs_PC#8719468509415360512 placearmies 38 1
CARD 
Jibs_PC#8719468509415360512 placearmies 22 1
CARD 
Jibs_PC#8719468509415360512 placearmies 11 1
CARD 
Jibs_PC#8719468509415360512 placearmies 40 1
CARD 
Jibs_PC#8719468509415360512 placearmies 10 1
CARD 
Jibs_PC#8719468509415360512 placearmies 17 1
CARD 
Jibs_PC#8719468509415360512 placearmies 38 1
CARD 
Jibs_PC#8719468509415360512 placearmies 22 1
CARD 
Jibs_PC#8719468509415360512 placearmies 11 1
CARD 
Jibs_PC#8719468509415360512 placearmies 40 1
CARD 
Jibs_PC#8719468509415360512 placearmies 10 1
CARD 
Jibs_PC#8719468509415360512 placearmies 17 1
CARD 
Jibs_PC#8719468509415360512 placearmies 38 1
CARD 
Jibs_PC#8719468509415360512 placearmies 22 1
CARD 
Jibs_PC#8719468509415360512 placearmies 5 1
CARD 
Jibs_PC#8719468509415360512 placearmies 4 1
CARD 
Jibs_PC#8719468509415360512 placearmies 10 1
CARD 
Jibs_PC#8719468509415360512 placearmies 17 1
CARD 
Jibs_PC#8719468509415360512 placearmies 38 1
CARD 
Jibs_PC#8719468509415360512 placearmies 22 1
CARD 
Jibs_PC#8719468509415360512 placearmies 11 1
CARD 
Jibs_PC#8719468509415360512 placearmies 4 1
CARD 
Jibs_PC#8719468509415360512 placearmies 10 1
CARD 
Jibs_PC#8719468509415360512 placearmies 17 1
CARD 
Jibs_PC#8719468509415360512 placearmies 38 1
CARD 
Jibs_PC#8719468509415360512 placearmies 22 1
CARD 
Jibs_PC#8719468509415360512 placearmies 11 1
CARD 
Jibs_PC#8719468509415360512 placearmies 4 1
CARD 
Jibs_PC#8719468509415360512 placearmies 10 1
CARD 
Jibs_PC#8719468509415360512 placearmies 6 1
CARD 
Jibs_PC#8719468509415360512 placearmies 38 1
CARD 
Jibs_PC#8719468509415360512 placearmies 22 1
CARD 
Jibs_PC#8719468509415360512 placearmies 11 3
Jibs_PC#8719468509415360512 attack 11 12
Jibs_PC#8719468509415360512 roll 3
Jibs_PC#8719468509415360512 roll 1
DICE 3 1 4 4 0 3 
Jibs_PC#8719468509415360512 move 12
Jibs_PC#8719468509415360512 attack 12 13
Jibs_PC#8719468509415360512 roll 3
Jibs_PC#8719468509415360512 roll 1
DICE 3 1 5 3 1 0 
Jibs_PC#8719468509415360512 move 3
Jibs_PC#8719468509415360512 endattack
Jibs_PC#8719468509415360512 movearmies 13 12 2
CARD 6
Jibs_PC#8719468509415360512 placearmies 40 1
Jibs_PC#8719468509415360512 placearmies 40 1
Jibs_PC#8719468509415360512 placearmies 40 1
Jibs_PC#8719468509415360512 attack 40 39
Jibs_PC#8719468509415360512 roll 3
Jibs_PC#8719468509415360512 roll 1
DICE 3 1 4 3 1 2 
Jibs_PC#8719468509415360512 move 13
Jibs_PC#8719468509415360512 attack 39 41
Jibs_PC#8719468509415360512 roll 3
Jibs_PC#8719468509415360512 roll 1
DICE 3 1 5 3 2 4 
Jibs_PC#8719468509415360512 move 5
Jibs_PC#8719468509415360512 attack 41 42
Jibs_PC#8719468509415360512 roll 3
Jibs_PC#8719468509415360512 roll 1
DICE 3 1 5 5 4 1 
Jibs_PC#8719468509415360512 move 3
Jibs_PC#8719468509415360512 endattack
Jibs_PC#8719468509415360512 movearmies 41 39 1
CARD 28
Jibs_PC#8719468509415360512 placearmies 10 1
Jibs_PC#8719468509415360512 placearmies 10 2
Jibs_PC#8719468509415360512 attack 10 12
Jibs_PC#8719468509415360512 roll 3
Jibs_PC#8719468509415360512 roll 2
DICE 3 2 2 2 1 2 1 
Jibs_PC#8719468509415360512 roll 3
Jibs_PC#8719468509415360512 roll 2
DICE 3 2 3 2 0 3 0 
Jibs_PC#8719468509415360512 roll 3
Jibs_PC#8719468509415360512 roll 2
DICE 3 2 5 2 1 4 3 
Jibs_PC#8719468509415360512 roll 3
Jibs_PC#8719468509415360512 roll 2
DICE 3 2 4 1 0 5 5 
Jibs_PC#8719468509415360512 roll 3
Jibs_PC#8719468509415360512 roll 2
DICE 3 2 4 2 2 0 0 
Jibs_PC#8719468509415360512 roll 3
Jibs_PC#8719468509415360512 roll 2
DICE 3 2 4 4 2 5 2 
Jibs_PC#8719468509415360512 roll 3
Jibs_PC#8719468509415360512 roll 2
DICE 3 2 4 1 0 4 1 
Jibs_PC#8719468509415360512 roll 3
Jibs_PC#8719468509415360512 roll 2
DICE 3 2 2 1 1 4 3 
Jibs_PC#8719468509415360512 roll 3
Jibs_PC#8719468509415360512 roll 2
DICE 3 2 1 1 0 5 2 
Jibs_PC#8719468509415360512 roll 3
Jibs_PC#8719468509415360512 roll 2
DICE 3 2 4 3 1 5 2 
Jibs_PC#8719468509415360512 roll 3
Jibs_PC#8719468509415360512 roll 2
DICE 3 2 2 1 1 5 3 
Jibs_PC#8719468509415360512 retreat
Jibs_PC#8719468509415360512 endattack
Jibs_PC#8719468509415360512 nomove
CARD 
Jibs_PC#8719468509415360512 placearmies 17 3
Jibs_PC#8719468509415360512 attack 17 15
Jibs_PC#8719468509415360512 roll 3
Jibs_PC#8719468509415360512 roll 1
DICE 3 1 4 3 3 1 
Jibs_PC#8719468509415360512 move 13
Jibs_PC#8719468509415360512 attack 15 18
Jibs_PC#8719468509415360512 roll 3
Jibs_PC#8719468509415360512 roll 1
DICE 3 1 4 2 1 0 
Jibs_PC#8719468509415360512 move 12
Jibs_PC#8719468509415360512 attack 18 16
Jibs_PC#8719468509415360512 roll 3
Jibs_PC#8719468509415360512 roll 1
DICE 3 1 4 4 1 3 
Jibs_PC#8719468509415360512 move 11
Jibs_PC#8719468509415360512 attack 16 20
Jibs_PC#8719468509415360512 roll 3
Jibs_PC#8719468509415360512 roll 1
DICE 3 1 5 5 0 5 
Jibs_PC#8719468509415360512 roll 3
Jibs_PC#8719468509415360512 roll 1
DICE 3 1 5 4 2 0 
Jibs_PC#8719468509415360512 move 9
Jibs_PC#8719468509415360512 attack 20 19
Jibs_PC#8719468509415360512 roll 3
Jibs_PC#8719468509415360512 roll 1
DICE 3 1 5 4 2 5 
Jibs_PC#8719468509415360512 roll 3
Jibs_PC#8719468509415360512 roll 1
DICE 3 1 5 3 2 5 
Jibs_PC#8719468509415360512 roll 3
Jibs_PC#8719468509415360512 roll 1
DICE 3 1 4 3 2 2 
Jibs_PC#8719468509415360512 move 5
Jibs_PC#8719468509415360512 endattack
Jibs_PC#8719468509415360512 movearmies 19 20 1
CARD 22
Jibs_PC#8719468509415360512 placearmies 38 3
Jibs_PC#8719468509415360512 attack 38 1
Jibs_PC#8719468509415360512 roll 3
Jibs_PC#8719468509415360512 roll 1
DICE 3 1 5 3 0 4 
Jibs_PC#8719468509415360512 move 16
Jibs_PC#8719468509415360512 attack 1 2
Jibs_PC#8719468509415360512 roll 3
Jibs_PC#8719468509415360512 roll 1
DICE 3 1 3 1 0 0 
Jibs_PC#8719468509415360512 move 15
Jibs_PC#8719468509415360512 attack 2 6
Jibs_PC#8719468509415360512 roll 3
Jibs_PC#8719468509415360512 roll 2
DICE 3 2 5 5 5 2 1 
Jibs_PC#8719468509415360512 move 14
Jibs_PC#8719468509415360512 attack 6 7
Jibs_PC#8719468509415360512 roll 3
Jibs_PC#8719468509415360512 roll 1
DICE 3 1 5 4 0 5 
Jibs_PC#8719468509415360512 roll 3
Jibs_PC#8719468509415360512 roll 1
DICE 3 1 4 3 2 3 
Jibs_PC#8719468509415360512 move 12
Jibs_PC#8719468509415360512 attack 7 4
Jibs_PC#8719468509415360512 roll 3
Jibs_PC#8719468509415360512 roll 2
DICE 3 2 3 3 1 2 0 
Jibs_PC#8719468509415360512 roll 3
Jibs_PC#8719468509415360512 roll 2
DICE 3 2 3 2 1 5 0 
Jibs_PC#8719468509415360512 retreat
Jibs_PC#8719468509415360512 attack 7 3
Jibs_PC#8719468509415360512 roll 3
Jibs_PC#8719468509415360512 roll 1
DICE 3 1 5 2 2 5 
Jibs_PC#8719468509415360512 roll 3
Jibs_PC#8719468509415360512 roll 1
DICE 3 1 5 5 3 4 
Jibs_PC#8719468509415360512 move 9
Jibs_PC#8719468509415360512 attack 3 4
Jibs_PC#8719468509415360512 roll 3
Jibs_PC#8719468509415360512 roll 1
DICE 3 1 5 5 0 1 
Jibs_PC#8719468509415360512 move 8
Jibs_PC#8719468509415360512 attack 4 5
Jibs_PC#8719468509415360512 roll 3
Jibs_PC#8719468509415360512 roll 2
DICE 3 2 4 2 1 4 1 
Jibs_PC#8719468509415360512 roll 3
Jibs_PC#8719468509415360512 roll 2
DICE 3 2 5 4 2 5 4 
Jibs_PC#8719468509415360512 retreat
Jibs_PC#8719468509415360512 endattack
Jibs_PC#8719468509415360512 nomove
CARD 12
Jibs_PC#8719468509415360512 placearmies 22 3
Jibs_PC#8719468509415360512 attack 22 20
Jibs_PC#8719468509415360512 roll 3
Jibs_PC#8719468509415360512 roll 2
DICE 3 2 5 2 1 2 1 
Jibs_PC#8719468509415360512 roll 3
Jibs_PC#8719468509415360512 roll 1
DICE 3 1 2 1 0 3 
Jibs_PC#8719468509415360512 roll 3
Jibs_PC#8719468509415360512 roll 1
DICE 3 1 5 1 1 1 
Jibs_PC#8719468509415360512 move 14
Jibs_PC#8719468509415360512 attack 20 19
Jibs_PC#8719468509415360512 roll 3
Jibs_PC#8719468509415360512 roll 2
DICE 3 2 3 2 0 4 0 
Jibs_PC#8719468509415360512 roll 3
Jibs_PC#8719468509415360512 roll 2
DICE 3 2 5 5 1 3 0 
Jibs_PC#8719468509415360512 roll 3
Jibs_PC#8719468509415360512 roll 1
DICE 3 1 5 5 0 4 
Jibs_PC#8719468509415360512 move 12
Jibs_PC#8719468509415360512 attack 19 18
Jibs_PC#8719468509415360512 roll 3
Jibs_PC#8719468509415360512 roll 1
DICE 3 1 2 1 0 5 
Jibs_PC#8719468509415360512 roll 3
Jibs_PC#8719468509415360512 roll 1
DICE 3 1 5 4 3 5 
Jibs_PC#8719468509415360512 roll 3
Jibs_PC#8719468509415360512 roll 1
DICE 3 1 5 2 0 3 
Jibs_PC#8719468509415360512 move 9
Jibs_PC#8719468509415360512 attack 18 15
Jibs_PC#8719468509415360512 roll 3
Jibs_PC#8719468509415360512 roll 1
DICE 3 1 4 3 3 3 
Jibs_PC#8719468509415360512 move 8
Jibs_PC#8719468509415360512 attack 15 17
Jibs_PC#8719468509415360512 roll 3
Jibs_PC#8719468509415360512 roll 1
DICE 3 1 5 3 3 0 
Jibs_PC#8719468509415360512 move 7
Jibs_PC#8719468509415360512 attack 17 14
Jibs_PC#8719468509415360512 roll 3
Jibs_PC#8719468509415360512 roll 1
DICE 3 1 5 5 1 3 
Jibs_PC#8719468509415360512 move 6
Jibs_PC#8719468509415360512 attack 14 6
Jibs_PC#8719468509415360512 roll 3
Jibs_PC#8719468509415360512 roll 1
DICE 3 1 5 4 1 1 
Jibs_PC#8719468509415360512 move 5
Jibs_PC#8719468509415360512 attack 6 8
Jibs_PC#8719468509415360512 roll 3
Jibs_PC#8719468509415360512 roll 1
DICE 3 1 4 2 2 1 
Jibs_PC#8719468509415360512 move 4
Jibs_PC#8719468509415360512 endattack
Jibs_PC#8719468509415360512 nomove
CARD 21
Jibs_PC#8719468509415360512 placearmies 5 2
Jibs_PC#8719468509415360512 placearmies 21 1
Jibs_PC#8719468509415360512 attack 5 10
Jibs_PC#8719468509415360512 roll 3
Jibs_PC#8719468509415360512 roll 2
DICE 3 2 2 1 1 5 3 
Jibs_PC#8719468509415360512 roll 3
Jibs_PC#8719468509415360512 roll 2
DICE 3 2 4 4 2 1 1 
Jibs_PC#8719468509415360512 endattack
Jibs_PC#8719468509415360512 movearmies 10 5 2
CARD 29
Jibs_PC#8719468509415360512 placearmies 39 5
Jibs_PC#8719468509415360512 attack 39 33
Jibs_PC#8719468509415360512 roll 3
Jibs_PC#8719468509415360512 roll 1
DICE 3 1 5 0 0 2 
Jibs_PC#8719468509415360512 move 13
Jibs_PC#8719468509415360512 attack 33 32
Jibs_PC#8719468509415360512 roll 3
Jibs_PC#8719468509415360512 roll 1
DICE 3 1 4 3 0 5 
Jibs_PC#8719468509415360512 roll 3
Jibs_PC#8719468509415360512 roll 1
DICE 3 1 5 2 1 0 
Jibs_PC#8719468509415360512 move 10
Jibs_PC#8719468509415360512 attack 32 31
Jibs_PC#8719468509415360512 roll 3
Jibs_PC#8719468509415360512 roll 1
DICE 3 1 3 0 0 2 
Jibs_PC#8719468509415360512 move 9
Jibs_PC#8719468509415360512 attack 31 30
Jibs_PC#8719468509415360512 roll 3
Jibs_PC#8719468509415360512 roll 1
DICE 3 1 2 2 0 5 
Jibs_PC#8719468509415360512 roll 3
Jibs_PC#8719468509415360512 roll 1
DICE 3 1 5 4 3 1 
Jibs_PC#8719468509415360512 move 7
Jibs_PC#8719468509415360512 attack 30 28
Jibs_PC#8719468509415360512 roll 3
Jibs_PC#8719468509415360512 roll 1
DICE 3 1 5 3 3 5 
Jibs_PC#8719468509415360512 roll 3
Jibs_PC#8719468509415360512 roll 1
DICE 3 1 4 2 2 2 
Jibs_PC#8719468509415360512 move 5
Jibs_PC#8719468509415360512 attack 28 27
Jibs_PC#8719468509415360512 roll 3
Jibs_PC#8719468509415360512 roll 1
DICE 3 1 5 2 1 5 
Jibs_PC#8719468509415360512 roll 3
Jibs_PC#8719468509415360512 roll 1
DICE 3 1 4 2 0 1 
Jibs_PC#8719468509415360512 attack 27 36
Jibs_PC#8719468509415360512 roll 2
Jibs_PC#8719468509415360512 roll 1
DICE 2 1 4 0 3 
Jibs_PC#8719468509415360512 endattack
Jibs_PC#8719468509415360512 movearmies 42 40 1
CARD 33
Jibs_PC#8719468509415360512 placearmies 37 3
Jibs_PC#8719468509415360512 attack 37 36
Jibs_PC#8719468509415360512 roll 3
Jibs_PC#8719468509415360512 roll 2
DICE 3 2 5 2 0 2 2 
Jibs_PC#8719468509415360512 roll 2
Jibs_PC#8719468509415360512 roll 1
DICE 2 1 2 1 2 
Jibs_PC#8719468509415360512 retreat
Jibs_PC#8719468509415360512 endattack
Jibs_PC#8719468509415360512 nomove
CARD 
Jibs_PC#8719468509415360512 placearmies 29 1
Jibs_PC#8719468509415360512 placearmies 16 2
Jibs_PC#8719468509415360512 attack 16 15
Jibs_PC#8719468509415360512 roll 2
Jibs_PC#8719468509415360512 roll 1
DICE 2 1 5 0 1 
Jibs_PC#8719468509415360512 endattack
Jibs_PC#8719468509415360512 nomove
CARD 9
Jibs_PC#8719468509415360512 placearmies 4 3
Jibs_PC#8719468509415360512 attack 4 5
Jibs_PC#8719468509415360512 roll 3
Jibs_PC#8719468509415360512 roll 2
DICE 3 2 4 3 0 0 0 
Jibs_PC#8719468509415360512 roll 3
Jibs_PC#8719468509415360512 roll 1
DICE 3 1 5 2 1 2 
Jibs_PC#8719468509415360512 move 7
Jibs_PC#8719468509415360512 attack 5 10
Jibs_PC#8719468509415360512 roll 3
Jibs_PC#8719468509415360512 roll 1
DICE 3 1 4 0 0 2 
Jibs_PC#8719468509415360512 move 6
Jibs_PC#8719468509415360512 attack 10 12
Jibs_PC#8719468509415360512 roll 3
Jibs_PC#8719468509415360512 roll 2
DICE 3 2 3 2 2 4 0 
Jibs_PC#8719468509415360512 roll 3
Jibs_PC#8719468509415360512 roll 2
DICE 3 2 5 3 0 3 1 
Jibs_PC#8719468509415360512 retreat
Jibs_PC#8719468509415360512 attack 10 12
Jibs_PC#8719468509415360512 roll 3
Jibs_PC#8719468509415360512 roll 1
DICE 3 1 5 2 2 2 
Jibs_PC#8719468509415360512 move 4
Jibs_PC#8719468509415360512 attack 12 13
Jibs_PC#8719468509415360512 roll 3
Jibs_PC#8719468509415360512 roll 1
DICE 3 1 3 3 1 5 
Jibs_PC#8719468509415360512 roll 2
Jibs_PC#8719468509415360512 roll 1
DICE 2 1 5 1 2 
Jibs_PC#8719468509415360512 endattack
Jibs_PC#8719468509415360512 nomove
CARD 23
Jibs_PC#8719468509415360512 placearmies 20 3
Jibs_PC#8719468509415360512 attack 20 16
Jibs_PC#8719468509415360512 roll 3
Jibs_PC#8719468509415360512 roll 1
DICE 3 1 2 1 0 1 
Jibs_PC#8719468509415360512 endattack
Jibs_PC#8719468509415360512 nomove
CARD 8
Jibs_PC#8719468509415360512 placearmies 21 2
Jibs_PC#8719468509415360512 placearmies 21 1
Jibs_PC#8719468509415360512 attack 21 24
Jibs_PC#8719468509415360512 roll 3
Jibs_PC#8719468509415360512 roll 2
DICE 3 2 4 3 0 2 0 
Jibs_PC#8719468509415360512 move 4
Jibs_PC#8719468509415360512 endattack
Jibs_PC#8719468509415360512 nomove
CARD 1
Jibs_PC#8719468509415360512 placearmies 36 5
Jibs_PC#8719468509415360512 placearmies 33 1
Jibs_PC#8719468509415360512 attack 36 37
Jibs_PC#8719468509415360512 roll 3
Jibs_PC#8719468509415360512 roll 2
DICE 3 2 5 4 3 1 0 
Jibs_PC#8719468509415360512 move 5
Jibs_PC#8719468509415360512 attack 37 38
Jibs_PC#8719468509415360512 roll 3
Jibs_PC#8719468509415360512 roll 1
DICE 3 1 3 2 1 4 
Jibs_PC#8719468509415360512 roll 3
Jibs_PC#8719468509415360512 roll 1
DICE 3 1 3 2 1 1 
Jibs_PC#8719468509415360512 endattack
Jibs_PC#8719468509415360512 nomove
CARD wildcard
Jibs_PC#8719468509415360512 placearmies 29 3
Jibs_PC#8719468509415360512 attack 29 33
Jibs_PC#8719468509415360512 roll 3
Jibs_PC#8719468509415360512 roll 2
DICE 3 2 2 1 0 3 0 
Jibs_PC#8719468509415360512 roll 3
Jibs_PC#8719468509415360512 roll 2
DICE 3 2 5 3 0 1 0 
Jibs_PC#8719468509415360512 move 5
Jibs_PC#8719468509415360512 attack 33 39
Jibs_PC#8719468509415360512 roll 3
Jibs_PC#8719468509415360512 roll 1
DICE 3 1 5 1 0 5 
Jibs_PC#8719468509415360512 roll 3
Jibs_PC#8719468509415360512 roll 1
DICE 3 1 4 2 2 4 
Jibs_PC#8719468509415360512 roll 2
Jibs_PC#8719468509415360512 roll 1
DICE 2 1 4 3 5 
Jibs_PC#8719468509415360512 retreat
Jibs_PC#8719468509415360512 endattack
Jibs_PC#8719468509415360512 nomove
CARD 19
Jibs_PC#8719468509415360512 placearmies 13 3
Jibs_PC#8719468509415360512 attack 13 11
Jibs_PC#8719468509415360512 roll 3
Jibs_PC#8719468509415360512 roll 1
DICE 3 1 2 2 2 1 
Jibs_PC#8719468509415360512 move 3
Jibs_PC#8719468509415360512 endattack
Jibs_PC#8719468509415360512 movearmies 13 12 1
CARD 15
Jibs_PC#8719468509415360512 placearmies 16 3
Jibs_PC#8719468509415360512 attack 16 15
Jibs_PC#8719468509415360512 roll 3
Jibs_PC#8719468509415360512 roll 2
DICE 3 2 5 2 0 3 0 
Jibs_PC#8719468509415360512 move 3
Jibs_PC#8719468509415360512 endattack
Jibs_PC#8719468509415360512 movearmies 8 6 3
CARD 20
Jibs_PC#8719468509415360512 placearmies 24 3
Jibs_PC#8719468509415360512 attack 24 22
Jibs_PC#8719468509415360512 roll 3
Jibs_PC#8719468509415360512 roll 1
DICE 3 1 3 1 0 2 
Jibs_PC#8719468509415360512 move 6
Jibs_PC#8719468509415360512 attack 22 20
Jibs_PC#8719468509415360512 roll 3
Jibs_PC#8719468509415360512 roll 1
DICE 3 1 5 2 2 5 
Jibs_PC#8719468509415360512 roll 3
Jibs_PC#8719468509415360512 roll 1
DICE 3 1 5 3 1 4 
Jibs_PC#8719468509415360512 move 4
Jibs_PC#8719468509415360512 endattack
Jibs_PC#8719468509415360512 nomove
CARD 30
Jibs_PC#8719468509415360512 trade 28 33 wildcard
Jibs_PC#8719468509415360512 placearmies 28 6
Jibs_PC#8719468509415360512 placearmies 28 3
Jibs_PC#8719468509415360512 placearmies 39 1
Jibs_PC#8719468509415360512 placearmies 38 5
Jibs_PC#8719468509415360512 placearmies 38 1
Jibs_PC#8719468509415360512 attack 28 29
Jibs_PC#8719468509415360512 roll 3
Jibs_PC#8719468509415360512 roll 1
DICE 3 1 5 3 1 4 
Jibs_PC#8719468509415360512 move 6
Jibs_PC#8719468509415360512 attack 38 1
Jibs_PC#8719468509415360512 roll 3
Jibs_PC#8719468509415360512 roll 1
DICE 3 1 3 3 1 4 
Jibs_PC#8719468509415360512 roll 3
Jibs_PC#8719468509415360512 roll 1
DICE 3 1 5 1 0 0 
Jibs_PC#8719468509415360512 move 7
Jibs_PC#8719468509415360512 attack 1 3
Jibs_PC#8719468509415360512 roll 3
Jibs_PC#8719468509415360512 roll 1
DICE 3 1 3 2 2 2 
Jibs_PC#8719468509415360512 move 6
Jibs_PC#8719468509415360512 attack 29 33
Jibs_PC#8719468509415360512 roll 3
Jibs_PC#8719468509415360512 roll 2
DICE 3 2 4 3 1 3 0 
Jibs_PC#8719468509415360512 move 3
Jibs_PC#8719468509415360512 attack 3 7
Jibs_PC#8719468509415360512 roll 3
Jibs_PC#8719468509415360512 roll 1
DICE 3 1 3 0 0 0 
Jibs_PC#8719468509415360512 move 5
Jibs_PC#8719468509415360512 attack 7 9
Jibs_PC#8719468509415360512 roll 3
Jibs_PC#8719468509415360512 roll 1
DICE 3 1 5 3 0 1 
Jibs_PC#8719468509415360512 move 4
Jibs_PC#8719468509415360512 attack 28 16
Jibs_PC#8719468509415360512 roll 3
Jibs_PC#8719468509415360512 roll 2
DICE 3 2 3 0 0 4 0 
Jibs_PC#8719468509415360512 roll 3
Jibs_PC#8719468509415360512 roll 2
DICE 3 2 2 1 0 3 2 
Jibs_PC#8719468509415360512 retreat
Jibs_PC#8719468509415360512 endattack
Jibs_PC#8719468509415360512 movearmies 29 30 2
CARD 3
Jibs_PC#8719468509415360512 placearmies 25 3
Jibs_PC#8719468509415360512 attack 25 23
Jibs_PC#8719468509415360512 roll 3
Jibs_PC#8719468509415360512 roll 1
DICE 3 1 4 1 0 5 
Jibs_PC#8719468509415360512 roll 2
Jibs_PC#8719468509415360512 roll 1
DICE 2 1 1 1 1 
Jibs_PC#8719468509415360512 retreat
Jibs_PC#8719468509415360512 endattack
Jibs_PC#8719468509415360512 nomove
CARD 
Jibs_PC#8719468509415360512 placearmies 12 2
Jibs_PC#8719468509415360512 placearmies 5 1
Jibs_PC#8719468509415360512 placearmies 5 2
Jibs_PC#8719468509415360512 attack 12 21
Jibs_PC#8719468509415360512 roll 3
Jibs_PC#8719468509415360512 roll 1
DICE 3 1 5 5 3 5 
Jibs_PC#8719468509415360512 roll 2
Jibs_PC#8719468509415360512 roll 1
DICE 2 1 4 0 2 
Jibs_PC#8719468509415360512 endattack
Jibs_PC#8719468509415360512 movearmies 11 10 1
CARD 5
Jibs_PC#8719468509415360512 trade 21 8 20
Jibs_PC#8719468509415360512 placearmies 23 13
Jibs_PC#8719468509415360512 attack 23 24
Jibs_PC#8719468509415360512 roll 3
Jibs_PC#8719468509415360512 roll 1
DICE 3 1 5 4 4 5 
Jibs_PC#8719468509415360512 roll 3
Jibs_PC#8719468509415360512 roll 1
DICE 3 1 5 5 4 4 
Jibs_PC#8719468509415360512 move 12
Jibs_PC#8719468509415360512 attack 24 22
Jibs_PC#8719468509415360512 roll 3
Jibs_PC#8719468509415360512 roll 1
DICE 3 1 5 2 0 5 
Jibs_PC#8719468509415360512 roll 3
Jibs_PC#8719468509415360512 roll 1
DICE 3 1 5 4 2 0 
Jibs_PC#8719468509415360512 move 10
Jibs_PC#8719468509415360512 attack 22 20
Jibs_PC#8719468509415360512 roll 3
Jibs_PC#8719468509415360512 roll 2
DICE 3 2 5 5 0 5 0 
Jibs_PC#8719468509415360512 roll 3
Jibs_PC#8719468509415360512 roll 2
DICE 3 2 4 3 1 5 0 
Jibs_PC#8719468509415360512 roll 3
Jibs_PC#8719468509415360512 roll 2
DICE 3 2 5 5 2 0 0 
Jibs_PC#8719468509415360512 move 7
Jibs_PC#8719468509415360512 attack 20 21
Jibs_PC#8719468509415360512 roll 3
Jibs_PC#8719468509415360512 roll 2
DICE 3 2 2 1 0 4 3 
Jibs_PC#8719468509415360512 roll 3
Jibs_PC#8719468509415360512 roll 2
DICE 3 2 5 4 3 4 3 
Jibs_PC#8719468509415360512 move 3
Jibs_PC#8719468509415360512 attack 21 12
Jibs_PC#8719468509415360512 roll 2
Jibs_PC#8719468509415360512 roll 1
DICE 2 1 1 0 4 
Jibs_PC#8719468509415360512 retreat
Jibs_PC#8719468509415360512 attack 16 31
Jibs_PC#8719468509415360512 roll 2
Jibs_PC#8719468509415360512 roll 1
DICE 2 1 0 0 2 
Jibs_PC#8719468509415360512 retreat
Jibs_PC#8719468509415360512 endattack
Jibs_PC#8719468509415360512 movearmies 6 14 3
CARD 7
Jibs_PC#8719468509415360512 placearmies 31 11
Jibs_PC#8719468509415360512 placearmies 9 1
Jibs_PC#8719468509415360512 placearmies 1 1
Jibs_PC#8719468509415360512 placearmies 31 2
Jibs_PC#8719468509415360512 attack 31 22
Jibs_PC#8719468509415360512 roll 3
Jibs_PC#8719468509415360512 roll 1
DICE 3 1 4 4 3 2 
Jibs_PC#8719468509415360512 move 12
Jibs_PC#8719468509415360512 attack 22 24
Jibs_PC#8719468509415360512 roll 3
Jibs_PC#8719468509415360512 roll 1
DICE 3 1 5 4 0 3 
Jibs_PC#8719468509415360512 move 11
Jibs_PC#8719468509415360512 attack 24 25
Jibs_PC#8719468509415360512 roll 3
Jibs_PC#8719468509415360512 roll 2
DICE 3 2 1 1 0 4 4 
Jibs_PC#8719468509415360512 roll 3
Jibs_PC#8719468509415360512 roll 2
DICE 3 2 5 4 2 4 2 
Jibs_PC#8719468509415360512 move 8
Jibs_PC#8719468509415360512 attack 25 26
Jibs_PC#8719468509415360512 roll 3
Jibs_PC#8719468509415360512 roll 1
DICE 3 1 5 2 0 0 
Jibs_PC#8719468509415360512 move 3
Jibs_PC#8719468509415360512 attack 25 23
Jibs_PC#8719468509415360512 roll 3
Jibs_PC#8719468509415360512 roll 1
DICE 3 1 3 2 1 5 
Jibs_PC#8719468509415360512 roll 3
Jibs_PC#8719468509415360512 roll 1
DICE 3 1 4 3 2 1 
Jibs_PC#8719468509415360512 attack 9 4
Jibs_PC#8719468509415360512 roll 3
Jibs_PC#8719468509415360512 roll 1
DICE 3 1 3 3 1 0 
Jibs_PC#8719468509415360512 move 4
Jibs_PC#8719468509415360512 endattack
Jibs_PC#8719468509415360512 movearmies 26 24 2
CARD 27
Jibs_PC#8719468509415360512 placearmies 12 1
Jibs_PC#8719468509415360512 placearmies 5 1
Jibs_PC#8719468509415360512 placearmies 5 3
Jibs_PC#8719468509415360512 attack 5 4
Jibs_PC#8719468509415360512 roll 3
Jibs_PC#8719468509415360512 roll 2
DICE 3 2 4 2 2 3 2 
Jibs_PC#8719468509415360512 roll 3
Jibs_PC#8719468509415360512 roll 2
DICE 3 2 5 5 2 3 2 
Jibs_PC#8719468509415360512 roll 3
Jibs_PC#8719468509415360512 roll 1
DICE 3 1 4 3 1 1 
Jibs_PC#8719468509415360512 move 5
Jibs_PC#8719468509415360512 attack 4 9
Jibs_PC#8719468509415360512 roll 3
Jibs_PC#8719468509415360512 roll 1
DICE 3 1 4 3 1 4 
Jibs_PC#8719468509415360512 roll 3
Jibs_PC#8719468509415360512 roll 1
DICE 3 1 5 4 4 4 
Jibs_PC#8719468509415360512 endattack
Jibs_PC#8719468509415360512 movearmies 11 12 1
CARD 38
Jibs_PC#8719468509415360512 trade 6 29 7
Jibs_PC#8719468509415360512 placearmies 6 1
Jibs_PC#8719468509415360512 placearmies 16 4
Jibs_PC#8719468509415360512 placearmies 21 1
Jibs_PC#8719468509415360512 placearmies 21 8
Jibs_PC#8719468509415360512 attack 16 28
Jibs_PC#8719468509415360512 roll 3
Jibs_PC#8719468509415360512 roll 2
DICE 3 2 5 4 0 4 1 
Jibs_PC#8719468509415360512 move 4
Jibs_PC#8719468509415360512 attack 21 12
Jibs_PC#8719468509415360512 roll 3
Jibs_PC#8719468509415360512 roll 2
DICE 3 2 3 3 0 1 0 
Jibs_PC#8719468509415360512 roll 3
Jibs_PC#8719468509415360512 roll 1
DICE 3 1 2 2 1 0 
Jibs_PC#8719468509415360512 move 9
Jibs_PC#8719468509415360512 attack 12 13
Jibs_PC#8719468509415360512 roll 3
Jibs_PC#8719468509415360512 roll 1
DICE 3 1 5 2 0 3 
Jibs_PC#8719468509415360512 move 8
Jibs_PC#8719468509415360512 attack 13 11
Jibs_PC#8719468509415360512 roll 3
Jibs_PC#8719468509415360512 roll 1
DICE 3 1 5 4 1 0 
Jibs_PC#8719468509415360512 move 7
Jibs_PC#8719468509415360512 endattack
Jibs_PC#8719468509415360512 movearmies 6 14 3
CARD 14
Jibs_PC#8719468509415360512 trade 3 22 19
Jibs_PC#8719468509415360512 placearmies 7 8
Jibs_PC#8719468509415360512 placearmies 29 1
Jibs_PC#8719468509415360512 placearmies 29 2
Jibs_PC#8719468509415360512 placearmies 30 1
Jibs_PC#8719468509415360512 placearmies 30 1
Jibs_PC#8719468509415360512 attack 30 16
Jibs_PC#8719468509415360512 roll 3
Jibs_PC#8719468509415360512 roll 2
DICE 3 2 5 4 3 4 0 
Jibs_PC#8719468509415360512 move 3
Jibs_PC#8719468509415360512 attack 3 4
Jibs_PC#8719468509415360512 roll 2
Jibs_PC#8719468509415360512 roll 1
DICE 2 1 4 0 5 
Jibs_PC#8719468509415360512 retreat
Jibs_PC#8719468509415360512 attack 7 6
Jibs_PC#8719468509415360512 roll 3
Jibs_PC#8719468509415360512 roll 1
DICE 3 1 4 2 0 1 
Jibs_PC#8719468509415360512 move 8
Jibs_PC#8719468509415360512 attack 6 2
Jibs_PC#8719468509415360512 roll 3
Jibs_PC#8719468509415360512 roll 1
DICE 3 1 2 2 0 0 
Jibs_PC#8719468509415360512 move 3
Jibs_PC#8719468509415360512 attack 6 8
Jibs_PC#8719468509415360512 roll 3
Jibs_PC#8719468509415360512 roll 2
DICE 3 2 4 3 1 4 3 
Jibs_PC#8719468509415360512 retreat
Jibs_PC#8719468509415360512 endattack
Jibs_PC#8719468509415360512 movearmies 16 30 2
CARD wildcard
Jibs_PC#8719468509415360512 trade 23 5 38
Jibs_PC#8719468509415360512 placearmies 9 1
Jibs_PC#8719468509415360512 placearmies 9 7
Jibs_PC#8719468509415360512 placearmies 10 1
Jibs_PC#8719468509415360512 attack 9 8
Jibs_PC#8719468509415360512 roll 3
Jibs_PC#8719468509415360512 roll 2
DICE 3 2 5 3 1 4 0 
Jibs_PC#8719468509415360512 roll 3
Jibs_PC#8719468509415360512 roll 1
DICE 3 1 3 1 0 2 
Jibs_PC#8719468509415360512 move 10
Jibs_PC#8719468509415360512 attack 8 7
Jibs_PC#8719468509415360512 roll 3
Jibs_PC#8719468509415360512 roll 1
DICE 3 1 3 2 1 2 
Jibs_PC#8719468509415360512 move 9
Jibs_PC#8719468509415360512 attack 7 3
Jibs_PC#8719468509415360512 roll 3
Jibs_PC#8719468509415360512 roll 2
DICE 3 2 2 1 0 5 1 
Jibs_PC#8719468509415360512 roll 3
Jibs_PC#8719468509415360512 roll 2
DICE 3 2 5 4 2 4 2 
Jibs_PC#8719468509415360512 move 6
Jibs_PC#8719468509415360512 attack 3 1
Jibs_PC#8719468509415360512 roll 3
Jibs_PC#8719468509415360512 roll 2
DICE 3 2 4 3 0 5 0 
Jibs_PC#8719468509415360512 roll 3
Jibs_PC#8719468509415360512 roll 1
DICE 3 1 5 2 0 3 
Jibs_PC#8719468509415360512 move 4
Jibs_PC#8719468509415360512 endattack
Jibs_PC#8719468509415360512 movearmies 10 5 2
CARD 34
Jibs_PC#8719468509415360512 trade 1 30 14
Jibs_PC#8719468509415360512 placearmies 28 1
Jibs_PC#8719468509415360512 placearmies 20 3
Jibs_PC#8719468509415360512 placearmies 28 3
Jibs_PC#8719468509415360512 attack 15 16
Jibs_PC#8719468509415360512 roll 2
Jibs_PC#8719468509415360512 roll 1
DICE 2 1 5 1 5 
Jibs_PC#8719468509415360512 retreat
Jibs_PC#8719468509415360512 attack 20 16
Jibs_PC#8719468509415360512 roll 3
Jibs_PC#8719468509415360512 roll 1
DICE 3 1 5 5 5 1 
Jibs_PC#8719468509415360512 move 3
Jibs_PC#8719468509415360512 attack 11 10
Jibs_PC#8719468509415360512 roll 3
Jibs_PC#8719468509415360512 roll 1
DICE 3 1 5 2 0 1 
Jibs_PC#8719468509415360512 move 6
Jibs_PC#8719468509415360512 attack 28 27
Jibs_PC#8719468509415360512 roll 3
Jibs_PC#8719468509415360512 roll 1
DICE 3 1 5 4 0 3 
Jibs_PC#8719468509415360512 move 7
Jibs_PC#8719468509415360512 attack 27 36
Jibs_PC#8719468509415360512 roll 3
Jibs_PC#8719468509415360512 roll 1
DICE 3 1 3 3 0 5 
Jibs_PC#8719468509415360512 roll 3
Jibs_PC#8719468509415360512 roll 1
DICE 3 1 4 2 0 2 
Jibs_PC#8719468509415360512 move 5
Jibs_PC#8719468509415360512 attack 14 6
Jibs_PC#8719468509415360512 roll 3
Jibs_PC#8719468509415360512 roll 2
DICE 3 2 2 2 1 3 1 
Jibs_PC#8719468509415360512 roll 3
Jibs_PC#8719468509415360512 roll 2
DICE 3 2 3 3 3 5 1 
Jibs_PC#8719468509415360512 roll 3
Jibs_PC#8719468509415360512 roll 1
DICE 3 1 2 1 0 5 
Jibs_PC#8719468509415360512 roll 3
Jibs_PC#8719468509415360512 roll 1
DICE 3 1 4 2 1 3 
Jibs_PC#8719468509415360512 move 5
Jibs_PC#8719468509415360512 attack 36 38
Jibs_PC#8719468509415360512 roll 3
Jibs_PC#8719468509415360512 roll 1
DICE 3 1 3 1 1 3 
Jibs_PC#8719468509415360512 roll 3
Jibs_PC#8719468509415360512 roll 1
DICE 3 1 5 2 2 3 
Jibs_PC#8719468509415360512 attack 6 8
Jibs_PC#8719468509415360512 roll 3
Jibs_PC#8719468509415360512 roll 1
DICE 3 1 4 0 0 3 
Jibs_PC#8719468509415360512 move 3
Jibs_PC#8719468509415360512 attack 10 5
Jibs_PC#8719468509415360512 roll 3
Jibs_PC#8719468509415360512 roll 2
DICE 3 2 5 3 0 0 0 
Jibs_PC#8719468509415360512 roll 3
Jibs_PC#8719468509415360512 roll 2
DICE 3 2 4 0 0 5 2 
Jibs_PC#8719468509415360512 retreat
Jibs_PC#8719468509415360512 endattack
Jibs_PC#8719468509415360512 movearmies 8 6 2
CARD 35
Jibs_PC#8719468509415360512 trade 9 27 wildcard
Jibs_PC#8719468509415360512 placearmies 24 3
Jibs_PC#8719468509415360512 placearmies 31 1
Jibs_PC#8719468509415360512 placearmies 24 3
Jibs_PC#8719468509415360512 placearmies 30 7
Jibs_PC#8719468509415360512 placearmies 30 2
Jibs_PC#8719468509415360512 attack 24 21
Jibs_PC#8719468509415360512 roll 3
Jibs_PC#8719468509415360512 roll 2
DICE 3 2 5 1 0 4 1 
Jibs_PC#8719468509415360512 roll 3
Jibs_PC#8719468509415360512 roll 1
DICE 3 1 2 2 1 5 
Jibs_PC#8719468509415360512 roll 3
Jibs_PC#8719468509415360512 roll 1
DICE 3 1 4 3 1 2 
Jibs_PC#8719468509415360512 move 6
Jibs_PC#8719468509415360512 attack 21 12
Jibs_PC#8719468509415360512 roll 3
Jibs_PC#8719468509415360512 roll 1
DICE 3 1 3 3 0 3 
Jibs_PC#8719468509415360512 roll 3
Jibs_PC#8719468509415360512 roll 1
DICE 3 1 5 3 1 0 
Jibs_PC#8719468509415360512 move 3
Jibs_PC#8719468509415360512 attack 30 16
Jibs_PC#8719468509415360512 roll 3
Jibs_PC#8719468509415360512 roll 2
DICE 3 2 3 1 0 3 0 
Jibs_PC#8719468509415360512 roll 3
Jibs_PC#8719468509415360512 roll 2
DICE 3 2 2 0 0 5 4 
Jibs_PC#8719468509415360512 roll 3
Jibs_PC#8719468509415360512 roll 2
DICE 3 2 5 3 2 4 0 
Jibs_PC#8719468509415360512 move 8
Jibs_PC#8719468509415360512 attack 29 28
Jibs_PC#8719468509415360512 roll 3
Jibs_PC#8719468509415360512 roll 1
DICE 3 1 5 4 2 3 
Jibs_PC#8719468509415360512 attack 28 27
Jibs_PC#8719468509415360512 roll 2
Jibs_PC#8719468509415360512 roll 1
DICE 2 1 3 1 0 
Jibs_PC#8719468509415360512 attack 16 20
Jibs_PC#8719468509415360512 roll 3
Jibs_PC#8719468509415360512 roll 2
DICE 3 2 5 1 1 2 1 
Jibs_PC#8719468509415360512 roll 3
Jibs_PC#8719468509415360512 roll 1
DICE 3 1 3 1 0 0 
Jibs_PC#8719468509415360512 move 5
Jibs_PC#8719468509415360512 attack 20 19
Jibs_PC#8719468509415360512 roll 3
Jibs_PC#8719468509415360512 roll 1
DICE 3 1 3 1 1 3 
Jibs_PC#8719468509415360512 roll 3
Jibs_PC#8719468509415360512 roll 1
DICE 3 1 5 4 3 1 
Jibs_PC#8719468509415360512 endattack
Jibs_PC#8719468509415360512 movearmies 33 29 2
CARD 36
Jibs_PC#8719468509415360512 placearmies 9 3
Jibs_PC#8719468509415360512 attack 9 8
Jibs_PC#8719468509415360512 roll 3
Jibs_PC#8719468509415360512 roll 1
DICE 3 1 5 4 3 3 
Jibs_PC#8719468509415360512 endattack
Jibs_PC#8719468509415360512 nomove
CARD 11
Jibs_PC#8719468509415360512 placearmies 10 3
Jibs_PC#8719468509415360512 attack 10 12
Jibs_PC#8719468509415360512 roll 3
Jibs_PC#8719468509415360512 roll 2
DICE 3 2 3 3 2 1 0 
Jibs_PC#8719468509415360512 roll 3
Jibs_PC#8719468509415360512 roll 1
DICE 3 1 5 4 2 2 
Jibs_PC#8719468509415360512 move 5
Jibs_PC#8719468509415360512 attack 12 21
Jibs_PC#8719468509415360512 roll 3
Jibs_PC#8719468509415360512 roll 2
DICE 3 2 1 0 0 5 0 
Jibs_PC#8719468509415360512 retreat
Jibs_PC#8719468509415360512 endattack
Jibs_PC#8719468509415360512 movearmies 6 14 3
CARD 26
Jibs_PC#8719468509415360512 placearmies 29 8
Jibs_PC#8719468509415360512 placearmies 20 1
Jibs_PC#8719468509415360512 placearmies 21 1
Jibs_PC#8719468509415360512 placearmies 19 2
Jibs_PC#8719468509415360512 placearmies 2 1
Jibs_PC#8719468509415360512 attack 29 36
Jibs_PC#8719468509415360512 roll 3
Jibs_PC#8719468509415360512 roll 1
DICE 3 1 4 4 0 2 
Jibs_PC#8719468509415360512 move 10
Jibs_PC#8719468509415360512 attack 36 38
Jibs_PC#8719468509415360512 roll 3
Jibs_PC#8719468509415360512 roll 2
DICE 3 2 5 5 2 4 0 
Jibs_PC#8719468509415360512 roll 3
Jibs_PC#8719468509415360512 roll 1
DICE 3 1 3 2 2 1 
Jibs_PC#8719468509415360512 move 9
Jibs_PC#8719468509415360512 attack 19 18
Jibs_PC#8719468509415360512 roll 3
Jibs_PC#8719468509415360512 roll 1
DICE 3 1 5 2 1 3 
Jibs_PC#8719468509415360512 move 3
Jibs_PC#8719468509415360512 attack 18 17
Jibs_PC#8719468509415360512 roll 2
Jibs_PC#8719468509415360512 roll 1
DICE 2 1 2 2 1 
Jibs_PC#8719468509415360512 attack 38 1
Jibs_PC#8719468509415360512 roll 3
Jibs_PC#8719468509415360512 roll 2
DICE 3 2 5 4 0 4 1 
Jibs_PC#8719468509415360512 roll 3
Jibs_PC#8719468509415360512 roll 2
DICE 3 2 4 4 2 0 0 
Jibs_PC#8719468509415360512 move 8
Jibs_PC#8719468509415360512 attack 1 3
Jibs_PC#8719468509415360512 roll 3
Jibs_PC#8719468509415360512 roll 1
DICE 3 1 4 4 0 5 
Jibs_PC#8719468509415360512 roll 3
Jibs_PC#8719468509415360512 roll 1
DICE 3 1 3 2 1 2 
Jibs_PC#8719468509415360512 move 6
Jibs_PC#8719468509415360512 attack 3 4
Jibs_PC#8719468509415360512 roll 3
Jibs_PC#8719468509415360512 roll 1
DICE 3 1 5 5 4 4 
Jibs_PC#8719468509415360512 move 4
Jibs_PC#8719468509415360512 endattack
Jibs_PC#8719468509415360512 movearmies 4 3 3
CARD 13
Jibs_PC#8719468509415360512 placearmies 5 1
Jibs_PC#8719468509415360512 placearmies 5 2
Jibs_PC#8719468509415360512 attack 8 6
Jibs_PC#8719468509415360512 roll 2
Jibs_PC#8719468509415360512 roll 1
DICE 2 1 3 2 1 
Jibs_PC#8719468509415360512 attack 5 4
Jibs_PC#8719468509415360512 roll 3
Jibs_PC#8719468509415360512 roll 1
DICE 3 1 5 5 0 2 
Jibs_PC#8719468509415360512 move 6
Jibs_PC#8719468509415360512 attack 4 3
Jibs_PC#8719468509415360512 roll 3
Jibs_PC#8719468509415360512 roll 2
DICE 3 2 3 1 0 2 0 
Jibs_PC#8719468509415360512 roll 3
Jibs_PC#8719468509415360512 roll 2
DICE 3 2 1 1 0 4 4 
Jibs_PC#8719468509415360512 retreat
Jibs_PC#8719468509415360512 endattack
Jibs_PC#8719468509415360512 nomove
CARD 10
Jibs_PC#8719468509415360512 placearmies 14 1
Jibs_PC#8719468509415360512 placearmies 12 4
Jibs_PC#8719468509415360512 attack 12 21
Jibs_PC#8719468509415360512 roll 3
Jibs_PC#8719468509415360512 roll 2
DICE 3 2 5 2 1 5 0 
Jibs_PC#8719468509415360512 roll 3
Jibs_PC#8719468509415360512 roll 2
DICE 3 2 5 4 0 3 2 
Jibs_PC#8719468509415360512 move 5
Jibs_PC#8719468509415360512 attack 14 17
Jibs_PC#8719468509415360512 roll 3
Jibs_PC#8719468509415360512 roll 2
DICE 3 2 3 2 1 4 1 
Jibs_PC#8719468509415360512 roll 3
Jibs_PC#8719468509415360512 roll 1
DICE 3 1 4 2 0 5 
Jibs_PC#8719468509415360512 roll 2
Jibs_PC#8719468509415360512 roll 1
DICE 2 1 3 1 4 
Jibs_PC#8719468509415360512 retreat
Jibs_PC#8719468509415360512 endattack
Jibs_PC#8719468509415360512 movearmies 21 12 4
CARD 2
Jibs_PC#8719468509415360512 placearmies 3 18
Jibs_PC#8719468509415360512 attack 2 7
Jibs_PC#8719468509415360512 roll 3
Jibs_PC#8719468509415360512 roll 1
DICE 3 1 3 3 2 4 
Jibs_PC#8719468509415360512 roll 2
Jibs_PC#8719468509415360512 roll 1
DICE 2 1 5 0 0 
Jibs_PC#8719468509415360512 attack 3 4
Jibs_PC#8719468509415360512 roll 3
Jibs_PC#8719468509415360512 roll 2
DICE 3 2 5 3 0 0 0 
Jibs_PC#8719468509415360512 roll 3
Jibs_PC#8719468509415360512 roll 2
DICE 3 2 4 4 2 4 0 
Jibs_PC#8719468509415360512 roll 3
Jibs_PC#8719468509415360512 roll 1
DICE 3 1 5 3 0 1 
Jibs_PC#8719468509415360512 move 19
Jibs_PC#8719468509415360512 attack 4 5
Jibs_PC#8719468509415360512 roll 3
Jibs_PC#8719468509415360512 roll 1
DICE 3 1 4 4 2 0 
Jibs_PC#8719468509415360512 move 17
Jibs_PC#8719468509415360512 attack 5 9
Jibs_PC#8719468509415360512 roll 3
Jibs_PC#8719468509415360512 roll 1
DICE 3 1 3 1 0 3 
Jibs_PC#8719468509415360512 roll 3
Jibs_PC#8719468509415360512 roll 1
DICE 3 1 3 2 1 1 
Jibs_PC#8719468509415360512 move 14
Jibs_PC#8719468509415360512 attack 9 8
Jibs_PC#8719468509415360512 roll 3
Jibs_PC#8719468509415360512 roll 1
DICE 3 1 3 2 1 2 
Jibs_PC#8719468509415360512 move 13
Jibs_PC#8719468509415360512 attack 8 6
Jibs_PC#8719468509415360512 roll 3
Jibs_PC#8719468509415360512 roll 2
DICE 3 2 4 0 0 5 0 
Jibs_PC#8719468509415360512 roll 3
Jibs_PC#8719468509415360512 roll 2
DICE 3 2 2 2 1 5 2 
Jibs_PC#8719468509415360512 roll 3
Jibs_PC#8719468509415360512 roll 2
DICE 3 2 4 2 0 4 1 
Jibs_PC#8719468509415360512 roll 3
Jibs_PC#8719468509415360512 roll 1
DICE 3 1 4 4 3 4 
Jibs_PC#8719468509415360512 roll 3
Jibs_PC#8719468509415360512 roll 1
DICE 3 1 3 1 1 5 
Jibs_PC#8719468509415360512 roll 3
Jibs_PC#8719468509415360512 roll 1
DICE 3 1 3 3 2 1 
Jibs_PC#8719468509415360512 move 5
Jibs_PC#8719468509415360512 newplayer ai hard green s0914007
Jibs_PC#8719468509415360512 newplayer ai hard blue bob
Jibs_PC#8719468509415360512 newplayer ai hard red fred
Jibs_PC#8719468509415360512 newplayer ai hard cyan ted
Jibs_PC#8719468509415360512 newplayer ai hard magenta yura
Jibs_PC#8719468509415360512 newplayer ai hard yellow lala
Jibs_PC#8719468509415360512 startgame mission fixed autoplaceall recycle
PLAYER bob
MISSION 5 0 1 0 1 0
PLACEALL 13 19 31 33 5 3 25 4 29 6 20 16 28 42 18 17 12 8 2 41 26 1 11 27 9 14 10 34 15 24 30 37 32 7 38 22 23 21 35 40 39 36
Jibs_PC#8719468509415360512 placearmies 13 1
CARD 
Jibs_PC#8719468509415360512 placearmies 42 1
CARD 
Jibs_PC#8719468509415360512 placearmies 32 1
CARD 
Jibs_PC#8719468509415360512 placearmies 40 1
CARD 
Jibs_PC#8719468509415360512 placearmies 5 1
CARD 
Jibs_PC#8719468509415360512 placearmies 8 1
CARD 
Jibs_PC#8719468509415360512 placearmies 13 1
CARD 
Jibs_PC#8719468509415360512 placearmies 42 1
CARD 
Jibs_PC#8719468509415360512 placearmies 32 1
CARD 
Jibs_PC#8719468509415360512 placearmies 40 1
CARD 
Jibs_PC#8719468509415360512 placearmies 5 1
CARD 
Jibs_PC#8719468509415360512 placearmies 24 1
CARD 
Jibs_PC#8719468509415360512 placearmies 13 1
CARD 
Jibs_PC#8719468509415360512 placearmies 41 1
CARD 
Jibs_PC#8719468509415360512 placearmies 31 1
CARD 
Jibs_PC#8719468509415360512 placearmies 40 1
CARD 
Jibs_PC#8719468509415360512 placearmies 5 1
CARD 
Jibs_PC#8719468509415360512 placearmies 24 1
CARD 
Jibs_PC#8719468509415360512 placearmies 13 1
CARD 
Jibs_PC#8719468509415360512 placearmies 41 1
CARD 
Jibs_PC#8719468509415360512 placearmies 31 1
CARD 
Jibs_PC#8719468509415360512 placearmies 40 1
CARD 
Jibs_PC#8719468509415360512 placearmies 5 1
CARD 
Jibs_PC#8719468509415360512 placearmies 24 1
CARD 
Jibs_PC#8719468509415360512 placearmies 13 1
CARD 
Jibs_PC#8719468509415360512 placearmies 41 1
CARD 
Jibs_PC#8719468509415360512 placearmies 31 1
CARD 
Jibs_PC#8719468509415360512 placearmies 40 1
CARD 
Jibs_PC#8719468509415360512 placearmies 5 1
CARD 
Jibs_PC#8719468509415360512 placearmies 24 1
CARD 
Jibs_PC#8719468509415360512 placearmies 13 1
CARD 
Jibs_PC#8719468509415360512 placearmies 41 1
CARD 
Jibs_PC#8719468509415360512 placearmies 31 1
CARD 
Jibs_PC#8719468509415360512 placearmies 40 1
CARD 
Jibs_PC#8719468509415360512 placearmies 5 1
CARD 
Jibs_PC#8719468509415360512 placearmies 24 1
CARD 
Jibs_PC#8719468509415360512 placearmies 13 1
CARD 
Jibs_PC#8719468509415360512 placearmies 41 1
CARD 
Jibs_PC#8719468509415360512 placearmies 31 1
CARD 
Jibs_PC#8719468509415360512 placearmies 40 1
CARD 
Jibs_PC#8719468509415360512 placearmies 5 1
CARD 
Jibs_PC#8719468509415360512 placearmies 24 1
CARD 
Jibs_PC#8719468509415360512 placearmies 13 1
CARD 
Jibs_PC#8719468509415360512 placearmies 41 1
CARD 
Jibs_PC#8719468509415360512 placearmies 31 1
CARD 
Jibs_PC#8719468509415360512 placearmies 40 1
CARD 
Jibs_PC#8719468509415360512 placearmies 5 1
CARD 
Jibs_PC#8719468509415360512 placearmies 24 1
CARD 
Jibs_PC#8719468509415360512 placearmies 13 1
CARD 
Jibs_PC#8719468509415360512 placearmies 41 1
CARD 
Jibs_PC#8719468509415360512 placearmies 31 1
CARD 
Jibs_PC#8719468509415360512 placearmies 7 1
CARD 
Jibs_PC#8719468509415360512 placearmies 5 1
CARD 
Jibs_PC#8719468509415360512 placearmies 24 1
CARD 
Jibs_PC#8719468509415360512 placearmies 13 1
CARD 
Jibs_PC#8719468509415360512 placearmies 41 1
CARD 
Jibs_PC#8719468509415360512 placearmies 31 1
CARD 
Jibs_PC#8719468509415360512 placearmies 7 1
CARD 
Jibs_PC#8719468509415360512 placearmies 5 1
CARD 
Jibs_PC#8719468509415360512 placearmies 24 1
CARD 
Jibs_PC#8719468509415360512 placearmies 28 1
CARD 
Jibs_PC#8719468509415360512 placearmies 41 1
CARD 
Jibs_PC#8719468509415360512 placearmies 31 1
CARD 
Jibs_PC#8719468509415360512 placearmies 7 1
CARD 
Jibs_PC#8719468509415360512 placearmies 5 1
CARD 
Jibs_PC#8719468509415360512 placearmies 24 1
CARD 
Jibs_PC#8719468509415360512 placearmies 28 1
CARD 
Jibs_PC#8719468509415360512 placearmies 41 1
CARD 
Jibs_PC#8719468509415360512 placearmies 31 1
CARD 
Jibs_PC#8719468509415360512 placearmies 7 1
CARD 
Jibs_PC#8719468509415360512 placearmies 5 1
CARD 
Jibs_PC#8719468509415360512 placearmies 24 1
CARD 
Jibs_PC#8719468509415360512 placearmies 28 1
CARD 
Jibs_PC#8719468509415360512 placearmies 41 1
CARD 
Jibs_PC#8719468509415360512 placearmies 31 1
CARD 
Jibs_PC#8719468509415360512 placearmies 7 1
CARD 
Jibs_PC#8719468509415360512 placearmies 5 1
CARD 
Jibs_PC#8719468509415360512 placearmies 24 1
CARD 
Jibs_PC#8719468509415360512 placearmies 28 3
Jibs_PC#8719468509415360512 attack 13 11
Jibs_PC#8719468509415360512 roll 3
Jibs_PC#8719468509415360512 roll 1
DICE 3 1 5 0 0 2 
Jibs_PC#8719468509415360512 move 10
Jibs_PC#8719468509415360512 attack 11 10
Jibs_PC#8719468509415360512 roll 3
Jibs_PC#8719468509415360512 roll 1
DICE 3 1 2 1 1 5 
Jibs_PC#8719468509415360512 roll 3
Jibs_PC#8719468509415360512 roll 1
DICE 3 1 5 4 2 0 
Jibs_PC#8719468509415360512 move 8
Jibs_PC#8719468509415360512 attack 10 12
Jibs_PC#8719468509415360512 roll 3
Jibs_PC#8719468509415360512 roll 1
DICE 3 1 5 2 0 2 
Jibs_PC#8719468509415360512 move 6
Jibs_PC#8719468509415360512 endattack
Jibs_PC#8719468509415360512 movearmies 12 10 1
CARD 23
Jibs_PC#8719468509415360512 placearmies 41 1
Jibs_PC#8719468509415360512 placearmies 41 1
Jibs_PC#8719468509415360512 placearmies 41 1
Jibs_PC#8719468509415360512 attack 41 40
Jibs_PC#8719468509415360512 roll 3
Jibs_PC#8719468509415360512 roll 2
DICE 3 2 4 4 4 0 0 
Jibs_PC#8719468509415360512 roll 3
Jibs_PC#8719468509415360512 roll 2
DICE 3 2 5 4 1 4 2 
Jibs_PC#8719468509415360512 roll 3
Jibs_PC#8719468509415360512 roll 2
DICE 3 2 4 2 1 4 0 
Jibs_PC#8719468509415360512 roll 3
Jibs_PC#8719468509415360512 roll 2
DICE 3 2 5 5 3 2 2 
Jibs_PC#8719468509415360512 roll 3
Jibs_PC#8719468509415360512 roll 2
DICE 3 2 5 5 1 3 0 
Jibs_PC#8719468509415360512 move 13
Jibs_PC#8719468509415360512 attack 40 39
Jibs_PC#8719468509415360512 roll 3
Jibs_PC#8719468509415360512 roll 1
DICE 3 1 3 2 1 4 
Jibs_PC#8719468509415360512 roll 3
Jibs_PC#8719468509415360512 roll 1
DICE 3 1 1 1 1 4 
Jibs_PC#8719468509415360512 roll 3
Jibs_PC#8719468509415360512 roll 1
DICE 3 1 1 0 0 3 
Jibs_PC#8719468509415360512 roll 3
Jibs_PC#8719468509415360512 roll 1
DICE 3 1 2 2 1 1 
Jibs_PC#8719468509415360512 move 9
Jibs_PC#8719468509415360512 endattack
Jibs_PC#8719468509415360512 movearmies 42 40 1
CARD 33
Jibs_PC#8719468509415360512 placearmies 31 3
Jibs_PC#8719468509415360512 attack 31 20
Jibs_PC#8719468509415360512 roll 3
Jibs_PC#8719468509415360512 roll 1
DICE 3 1 5 4 2 4 
Jibs_PC#8719468509415360512 move 14
Jibs_PC#8719468509415360512 attack 20 21
Jibs_PC#8719468509415360512 roll 3
Jibs_PC#8719468509415360512 roll 1
DICE 3 1 5 3 2 4 
Jibs_PC#8719468509415360512 move 13
Jibs_PC#8719468509415360512 attack 21 12
Jibs_PC#8719468509415360512 roll 3
Jibs_PC#8719468509415360512 roll 2
DICE 3 2 2 2 2 4 4 
Jibs_PC#8719468509415360512 roll 3
Jibs_PC#8719468509415360512 roll 2
DICE 3 2 3 1 1 2 1 
Jibs_PC#8719468509415360512 roll 3
Jibs_PC#8719468509415360512 roll 2
DICE 3 2 3 2 1 5 3 
Jibs_PC#8719468509415360512 roll 3
Jibs_PC#8719468509415360512 roll 2
DICE 3 2 5 3 1 1 0 
Jibs_PC#8719468509415360512 roll 3
Jibs_PC#8719468509415360512 roll 2
DICE 3 2 5 4 0 4 0 
Jibs_PC#8719468509415360512 move 7
Jibs_PC#8719468509415360512 endattack
Jibs_PC#8719468509415360512 nomove
CARD 37
Jibs_PC#8719468509415360512 placearmies 7 2
Jibs_PC#8719468509415360512 placearmies 7 1
Jibs_PC#8719468509415360512 attack 7 2
Jibs_PC#8719468509415360512 roll 3
Jibs_PC#8719468509415360512 roll 1
DICE 3 1 5 5 5 0 
Jibs_PC#8719468509415360512 move 8
Jibs_PC#8719468509415360512 endattack
Jibs_PC#8719468509415360512 nomove
CARD 24
Jibs_PC#8719468509415360512 placearmies 5 3
Jibs_PC#8719468509415360512 attack 5 10
Jibs_PC#8719468509415360512 roll 3
Jibs_PC#8719468509415360512 roll 2
DICE 3 2 5 3 3 5 3 
Jibs_PC#8719468509415360512 roll 3
Jibs_PC#8719468509415360512 roll 2
DICE 3 2 5 3 3 2 1 
Jibs_PC#8719468509415360512 roll 3
Jibs_PC#8719468509415360512 roll 1
DICE 3 1 2 0 0 3 
Jibs_PC#8719468509415360512 roll 3
Jibs_PC#8719468509415360512 roll 1
DICE 3 1 1 0 0 5 
Jibs_PC#8719468509415360512 roll 3
Jibs_PC#8719468509415360512 roll 1
DICE 3 1 5 4 2 5 
Jibs_PC#8719468509415360512 roll 3
Jibs_PC#8719468509415360512 roll 1
DICE 3 1 4 4 1 2 
Jibs_PC#8719468509415360512 move 11
Jibs_PC#8719468509415360512 attack 10 12
Jibs_PC#8719468509415360512 roll 3
Jibs_PC#8719468509415360512 roll 2
DICE 3 2 4 3 0 3 2 
Jibs_PC#8719468509415360512 roll 3
Jibs_PC#8719468509415360512 roll 2
DICE 3 2 5 4 3 3 0 
Jibs_PC#8719468509415360512 roll 3
Jibs_PC#8719468509415360512 roll 2
DICE 3 2 3 1 0 4 1 
Jibs_PC#8719468509415360512 roll 3
Jibs_PC#8719468509415360512 roll 2
DICE 3 2 5 4 3 4 2 
Jibs_PC#8719468509415360512 roll 3
Jibs_PC#8719468509415360512 roll 1
DICE 3 1 5 4 3 1 
Jibs_PC#8719468509415360512 move 8
Jibs_PC#8719468509415360512 attack 12 11
Jibs_PC#8719468509415360512 roll 3
Jibs_PC#8719468509415360512 roll 1
DICE 3 1 5 2 2 0 
Jibs_PC#8719468509415360512 move 5
Jibs_PC#8719468509415360512 attack 11 13
Jibs_PC#8719468509415360512 roll 3
Jibs_PC#8719468509415360512 roll 1
DICE 3 1 5 2 1 0 
Jibs_PC#8719468509415360512 move 3
Jibs_PC#8719468509415360512 endattack
Jibs_PC#8719468509415360512 movearmies 13 12 2
CARD 9
Jibs_PC#8719468509415360512 placearmies 24 1
Jibs_PC#8719468509415360512 placearmies 8 2
Jibs_PC#8719468509415360512 attack 24 26
Jibs_PC#8719468509415360512 roll 3
Jibs_PC#8719468509415360512 roll 1
DICE 3 1 3 3 1 0 
Jibs_PC#8719468509415360512 move 13
Jibs_PC#8719468509415360512 attack 26 25
Jibs_PC#8719468509415360512 roll 3
Jibs_PC#8719468509415360512 roll 1
DICE 3 1 3 1 0 5 
Jibs_PC#8719468509415360512 roll 3
Jibs_PC#8719468509415360512 roll 1
DICE 3 1 5 3 0 2 
Jibs_PC#8719468509415360512 move 11
Jibs_PC#8719468509415360512 attack 25 23
Jibs_PC#8719468509415360512 roll 3
Jibs_PC#8719468509415360512 roll 1
DICE 3 1 5 2 1 5 
Jibs_PC#8719468509415360512 roll 3
Jibs_PC#8719468509415360512 roll 1
DICE 3 1 3 2 2 2 
Jibs_PC#8719468509415360512 move 9
Jibs_PC#8719468509415360512 attack 23 21
Jibs_PC#8719468509415360512 roll 3
Jibs_PC#8719468509415360512 roll 1
DICE 3 1 3 3 0 5 
Jibs_PC#8719468509415360512 roll 3
Jibs_PC#8719468509415360512 roll 1
DICE 3 1 5 1 0 5 
Jibs_PC#8719468509415360512 roll 3
Jibs_PC#8719468509415360512 roll 1
DICE 3 1 5 5 0 5 
Jibs_PC#8719468509415360512 roll 3
Jibs_PC#8719468509415360512 roll 1
DICE 3 1 3 3 1 3 
Jibs_PC#8719468509415360512 roll 3
Jibs_PC#8719468509415360512 roll 1
DICE 3 1 5 2 1 1 
Jibs_PC#8719468509415360512 move 4
Jibs_PC#8719468509415360512 endattack
Jibs_PC#8719468509415360512 nomove
CARD 41
Jibs_PC#8719468509415360512 placearmies 28 3
Jibs_PC#8719468509415360512 attack 28 16
Jibs_PC#8719468509415360512 roll 3
Jibs_PC#8719468509415360512 roll 1
DICE 3 1 5 1 0 3 
Jibs_PC#8719468509415360512 move 9
Jibs_PC#8719468509415360512 attack 16 20
Jibs_PC#8719468509415360512 roll 3
Jibs_PC#8719468509415360512 roll 1
DICE 3 1 5 4 1 0 
Jibs_PC#8719468509415360512 move 8
Jibs_PC#8719468509415360512 attack 20 22
Jibs_PC#8719468509415360512 roll 3
Jibs_PC#8719468509415360512 roll 1
DICE 3 1 5 3 2 1 
Jibs_PC#8719468509415360512 move 7
Jibs_PC#8719468509415360512 endattack
Jibs_PC#8719468509415360512 nomove
CARD 27
Jibs_PC#8719468509415360512 placearmies 39 5
Jibs_PC#8719468509415360512 attack 39 33
Jibs_PC#8719468509415360512 roll 3
Jibs_PC#8719468509415360512 roll 1
DICE 3 1 2 1 1 0 
Jibs_PC#8719468509415360512 move 13
Jibs_PC#8719468509415360512 attack 33 29
Jibs_PC#8719468509415360512 roll 3
Jibs_PC#8719468509415360512 roll 1
DICE 3 1 5 2 2 1 
Jibs_PC#8719468509415360512 move 11
Jibs_PC#8719468509415360512 attack 29 36
Jibs_PC#8719468509415360512 roll 3
Jibs_PC#8719468509415360512 roll 1
DICE 3 1 4 3 1 1 
Jibs_PC#8719468509415360512 move 10
Jibs_PC#8719468509415360512 attack 36 38
Jibs_PC#8719468509415360512 roll 3
Jibs_PC#8719468509415360512 roll 1
DICE 3 1 2 1 0 1 
Jibs_PC#8719468509415360512 move 9
Jibs_PC#8719468509415360512 attack 38 35
Jibs_PC#8719468509415360512 roll 3
Jibs_PC#8719468509415360512 roll 1
DICE 3 1 3 1 1 5 
Jibs_PC#8719468509415360512 roll 3
Jibs_PC#8719468509415360512 roll 1
DICE 3 1 4 2 0 2 
Jibs_PC#8719468509415360512 move 7
Jibs_PC#8719468509415360512 attack 35 34
Jibs_PC#8719468509415360512 roll 3
Jibs_PC#8719468509415360512 roll 1
DICE 3 1 3 0 0 1 
Jibs_PC#8719468509415360512 move 6
Jibs_PC#8719468509415360512 attack 34 27
Jibs_PC#8719468509415360512 roll 3
Jibs_PC#8719468509415360512 roll 1
DICE 3 1 5 4 1 3 
Jibs_PC#8719468509415360512 move 5
Jibs_PC#8719468509415360512 attack 27 28
Jibs_PC#8719468509415360512 roll 3
Jibs_PC#8719468509415360512 roll 1
DICE 3 1 5 3 0 4 
Jibs_PC#8719468509415360512 move 4
Jibs_PC#8719468509415360512 attack 28 30
Jibs_PC#8719468509415360512 roll 3
Jibs_PC#8719468509415360512 roll 1
DICE 3 1 3 2 0 3 
Jibs_PC#8719468509415360512 roll 2
Jibs_PC#8719468509415360512 roll 1
DICE 2 1 4 2 4 
Jibs_PC#8719468509415360512 retreat
Jibs_PC#8719468509415360512 endattack
Jibs_PC#8719468509415360512 nomove
CARD 14
Jibs_PC#8719468509415360512 placearmies 32 1
Jibs_PC#8719468509415360512 placearmies 32 1
Jibs_PC#8719468509415360512 placearmies 32 1
Jibs_PC#8719468509415360512 attack 32 33
Jibs_PC#8719468509415360512 roll 3
Jibs_PC#8719468509415360512 roll 2
DICE 3 2 4 1 1 3 1 
Jibs_PC#8719468509415360512 roll 3
Jibs_PC#8719468509415360512 roll 1
DICE 3 1 5 4 1 1 
Jibs_PC#8719468509415360512 move 4
Jibs_PC#8719468509415360512 attack 33 39
Jibs_PC#8719468509415360512 roll 3
Jibs_PC#8719468509415360512 roll 1
DICE 3 1 4 0 0 4 
Jibs_PC#8719468509415360512 roll 2
Jibs_PC#8719468509415360512 roll 1
DICE 2 1 5 0 3 
Jibs_PC#8719468509415360512 endattack
Jibs_PC#8719468509415360512 nomove
CARD 5
Jibs_PC#8719468509415360512 placearmies 2 3
Jibs_PC#8719468509415360512 attack 2 3
Jibs_PC#8719468509415360512 roll 3
Jibs_PC#8719468509415360512 roll 1
DICE 3 1 0 0 0 4 
Jibs_PC#8719468509415360512 roll 3
Jibs_PC#8719468509415360512 roll 1
DICE 3 1 3 3 1 1 
Jibs_PC#8719468509415360512 move 9
Jibs_PC#8719468509415360512 attack 3 4
Jibs_PC#8719468509415360512 roll 3
Jibs_PC#8719468509415360512 roll 1
DICE 3 1 3 3 2 0 
Jibs_PC#8719468509415360512 move 8
Jibs_PC#8719468509415360512 attack 4 5
Jibs_PC#8719468509415360512 roll 3
Jibs_PC#8719468509415360512 roll 1
DICE 3 1 5 5 4 1 
Jibs_PC#8719468509415360512 move 7
Jibs_PC#8719468509415360512 attack 5 10
Jibs_PC#8719468509415360512 roll 3
Jibs_PC#8719468509415360512 roll 1
DICE 3 1 5 5 5 4 
Jibs_PC#8719468509415360512 move 6
Jibs_PC#8719468509415360512 endattack
Jibs_PC#8719468509415360512 nomove
CARD 15
Jibs_PC#8719468509415360512 placearmies 15 3
Jibs_PC#8719468509415360512 attack 15 14
Jibs_PC#8719468509415360512 roll 3
Jibs_PC#8719468509415360512 roll 1
DICE 3 1 5 4 2 5 
Jibs_PC#8719468509415360512 roll 2
Jibs_PC#8719468509415360512 roll 1
DICE 2 1 1 0 5 
Jibs_PC#8719468509415360512 retreat
Jibs_PC#8719468509415360512 attack 12 21
Jibs_PC#8719468509415360512 roll 3
Jibs_PC#8719468509415360512 roll 2
DICE 3 2 2 2 0 4 0 
Jibs_PC#8719468509415360512 roll 3
Jibs_PC#8719468509415360512 roll 2
DICE 3 2 3 1 0 5 5 
Jibs_PC#8719468509415360512 retreat
Jibs_PC#8719468509415360512 endattack
Jibs_PC#8719468509415360512 nomove
CARD 
Jibs_PC#8719468509415360512 placearmies 8 3
Jibs_PC#8719468509415360512 attack 8 6
Jibs_PC#8719468509415360512 roll 3
Jibs_PC#8719468509415360512 roll 1
DICE 3 1 5 3 0 0 
Jibs_PC#8719468509415360512 move 6
Jibs_PC#8719468509415360512 attack 6 14
Jibs_PC#8719468509415360512 roll 3
Jibs_PC#8719468509415360512 roll 1
DICE 3 1 4 3 3 5 
Jibs_PC#8719468509415360512 roll 3
Jibs_PC#8719468509415360512 roll 1
DICE 3 1 4 3 1 5 
Jibs_PC#8719468509415360512 retreat
Jibs_PC#8719468509415360512 endattack
Jibs_PC#8719468509415360512 nomove
CARD 36
Jibs_PC#8719468509415360512 placearmies 22 3
Jibs_PC#8719468509415360512 attack 22 31
Jibs_PC#8719468509415360512 roll 3
Jibs_PC#8719468509415360512 roll 1
DICE 3 1 4 3 0 0 
Jibs_PC#8719468509415360512 move 9
Jibs_PC#8719468509415360512 attack 31 32
Jibs_PC#8719468509415360512 roll 3
Jibs_PC#8719468509415360512 roll 1
DICE 3 1 5 1 0 0 
Jibs_PC#8719468509415360512 move 8
Jibs_PC#8719468509415360512 attack 32 33
Jibs_PC#8719468509415360512 roll 3
Jibs_PC#8719468509415360512 roll 1
DICE 3 1 3 1 0 0 
Jibs_PC#8719468509415360512 move 7
Jibs_PC#8719468509415360512 attack 33 39
Jibs_PC#8719468509415360512 roll 3
Jibs_PC#8719468509415360512 roll 2
DICE 3 2 3 1 0 4 3 
Jibs_PC#8719468509415360512 roll 3
Jibs_PC#8719468509415360512 roll 2
DICE 3 2 3 3 2 4 3 
Jibs_PC#8719468509415360512 retreat
Jibs_PC#8719468509415360512 attack 33 29
Jibs_PC#8719468509415360512 roll 2
Jibs_PC#8719468509415360512 roll 1
DICE 2 1 3 1 0 
Jibs_PC#8719468509415360512 endattack
Jibs_PC#8719468509415360512 nomove
CARD 12
Jibs_PC#8719468509415360512 placearmies 28 3
Jibs_PC#8719468509415360512 placearmies 19 1
Jibs_PC#8719468509415360512 attack 28 30
Jibs_PC#8719468509415360512 roll 3
Jibs_PC#8719468509415360512 roll 1
DICE 3 1 4 4 3 1 
Jibs_PC#8719468509415360512 move 4
Jibs_PC#8719468509415360512 attack 30 32
Jibs_PC#8719468509415360512 roll 3
Jibs_PC#8719468509415360512 roll 1
DICE 3 1 5 2 1 1 
Jibs_PC#8719468509415360512 attack 32 33
Jibs_PC#8719468509415360512 roll 2
Jibs_PC#8719468509415360512 roll 1
DICE 2 1 4 3 3 
Jibs_PC#8719468509415360512 endattack
Jibs_PC#8719468509415360512 movearmies 42 40 1
CARD wildcard
Jibs_PC#8719468509415360512 placearmies 39 2
Jibs_PC#8719468509415360512 placearmies 39 1
Jibs_PC#8719468509415360512 attack 39 40
Jibs_PC#8719468509415360512 roll 3
Jibs_PC#8719468509415360512 roll 2
DICE 3 2 4 3 1 5 3 
Jibs_PC#8719468509415360512 retreat
Jibs_PC#8719468509415360512 attack 39 41
Jibs_PC#8719468509415360512 roll 2
Jibs_PC#8719468509415360512 roll 1
DICE 2 1 5 3 0 
Jibs_PC#8719468509415360512 endattack
Jibs_PC#8719468509415360512 nomove
CARD 32
Jibs_PC#8719468509415360512 placearmies 7 3
Jibs_PC#8719468509415360512 attack 7 9
Jibs_PC#8719468509415360512 roll 3
Jibs_PC#8719468509415360512 roll 1
DICE 3 1 3 1 0 4 
Jibs_PC#8719468509415360512 roll 2
Jibs_PC#8719468509415360512 roll 1
DICE 2 1 5 3 0 
Jibs_PC#8719468509415360512 attack 10 12
Jibs_PC#8719468509415360512 roll 3
Jibs_PC#8719468509415360512 roll 2
DICE 3 2 5 5 1 4 0 
Jibs_PC#8719468509415360512 move 5
Jibs_PC#8719468509415360512 attack 12 13
Jibs_PC#8719468509415360512 roll 3
Jibs_PC#8719468509415360512 roll 1
DICE 3 1 5 4 4 0 
Jibs_PC#8719468509415360512 move 4
Jibs_PC#8719468509415360512 attack 13 11
Jibs_PC#8719468509415360512 roll 3
Jibs_PC#8719468509415360512 roll 2
DICE 3 2 4 3 1 5 4 
Jibs_PC#8719468509415360512 retreat
Jibs_PC#8719468509415360512 endattack
Jibs_PC#8719468509415360512 nomove
CARD 20
Jibs_PC#8719468509415360512 placearmies 11 2
Jibs_PC#8719468509415360512 placearmies 11 1
Jibs_PC#8719468509415360512 attack 11 13
Jibs_PC#8719468509415360512 roll 3
Jibs_PC#8719468509415360512 roll 2
DICE 3 2 4 3 1 4 1 
Jibs_PC#8719468509415360512 roll 3
Jibs_PC#8719468509415360512 roll 1
DICE 3 1 5 3 3 5 
Jibs_PC#8719468509415360512 retreat
Jibs_PC#8719468509415360512 attack 11 10
Jibs_PC#8719468509415360512 roll 2
Jibs_PC#8719468509415360512 roll 1
DICE 2 1 5 5 0 
Jibs_PC#8719468509415360512 endattack
Jibs_PC#8719468509415360512 nomove
CARD 2
Jibs_PC#8719468509415360512 placearmies 21 2
Jibs_PC#8719468509415360512 placearmies 6 1
Jibs_PC#8719468509415360512 attack 21 22
Jibs_PC#8719468509415360512 roll 3
Jibs_PC#8719468509415360512 roll 1
DICE 3 1 2 1 0 3 
Jibs_PC#8719468509415360512 roll 3
Jibs_PC#8719468509415360512 roll 1
DICE 3 1 3 3 2 4 
Jibs_PC#8719468509415360512 roll 2
Jibs_PC#8719468509415360512 roll 1
DICE 2 1 4 0 0 
Jibs_PC#8719468509415360512 attack 6 14
Jibs_PC#8719468509415360512 roll 3
Jibs_PC#8719468509415360512 roll 1
DICE 3 1 5 4 2 4 
Jibs_PC#8719468509415360512 move 4
Jibs_PC#8719468509415360512 endattack
Jibs_PC#8719468509415360512 nomove
CARD 35
Jibs_PC#8719468509415360512 placearmies 29 2
Jibs_PC#8719468509415360512 placearmies 29 1
Jibs_PC#8719468509415360512 attack 29 33
Jibs_PC#8719468509415360512 roll 3
Jibs_PC#8719468509415360512 roll 2
DICE 3 2 5 2 1 3 2 
Jibs_PC#8719468509415360512 roll 3
Jibs_PC#8719468509415360512 roll 1
DICE 3 1 5 5 5 1 
Jibs_PC#8719468509415360512 endattack
Jibs_PC#8719468509415360512 nomove
CARD 22
Jibs_PC#8719468509415360512 trade 33 14 wildcard
Jibs_PC#8719468509415360512 placearmies 40 6
Jibs_PC#8719468509415360512 placearmies 40 7
Jibs_PC#8719468509415360512 placearmies 32 1
Jibs_PC#8719468509415360512 attack 40 39
Jibs_PC#8719468509415360512 roll 3
Jibs_PC#8719468509415360512 roll 1
DICE 3 1 3 1 1 1 
Jibs_PC#8719468509415360512 move 15
Jibs_PC#8719468509415360512 attack 39 33
Jibs_PC#8719468509415360512 roll 3
Jibs_PC#8719468509415360512 roll 2
DICE 3 2 3 1 1 4 2 
Jibs_PC#8719468509415360512 roll 3
Jibs_PC#8719468509415360512 roll 2
DICE 3 2 4 3 0 1 0 
Jibs_PC#8719468509415360512 roll 3
Jibs_PC#8719468509415360512 roll 1
DICE 3 1 5 5 4 0 
Jibs_PC#8719468509415360512 move 5
Jibs_PC#8719468509415360512 attack 33 29
Jibs_PC#8719468509415360512 roll 3
Jibs_PC#8719468509415360512 roll 1
DICE 3 1 3 1 0 0 
Jibs_PC#8719468509415360512 move 3
Jibs_PC#8719468509415360512 attack 39 41
Jibs_PC#8719468509415360512 roll 3
Jibs_PC#8719468509415360512 roll 2
DICE 3 2 5 5 1 4 0 
Jibs_PC#8719468509415360512 move 3
Jibs_PC#8719468509415360512 endattack
Jibs_PC#8719468509415360512 movearmies 33 32 1
CARD 18
Jibs_PC#8719468509415360512 placearmies 18 3
Jibs_PC#8719468509415360512 attack 18 20
Jibs_PC#8719468509415360512 roll 3
Jibs_PC#8719468509415360512 roll 1
DICE 3 1 5 2 0 2 
Jibs_PC#8719468509415360512 endattack
Jibs_PC#8719468509415360512 nomove
CARD wildcard
Jibs_PC#8719468509415360512 placearmies 9 2
Jibs_PC#8719468509415360512 placearmies 9 1
Jibs_PC#8719468509415360512 attack 9 8
Jibs_PC#8719468509415360512 roll 3
Jibs_PC#8719468509415360512 roll 1
DICE 3 1 4 4 3 2 
Jibs_PC#8719468509415360512 move 4
Jibs_PC#8719468509415360512 attack 8 6
Jibs_PC#8719468509415360512 roll 3
Jibs_PC#8719468509415360512 roll 1
DICE 3 1 5 4 3 3 
Jibs_PC#8719468509415360512 endattack
Jibs_PC#8719468509415360512 nomove
CARD 1
Jibs_PC#8719468509415360512 placearmies 10 2
Jibs_PC#8719468509415360512 placearmies 10 1
Jibs_PC#8719468509415360512 attack 10 12
Jibs_PC#8719468509415360512 roll 3
Jibs_PC#8719468509415360512 roll 1
DICE 3 1 5 2 0 2 
Jibs_PC#8719468509415360512 move 4
Jibs_PC#8719468509415360512 attack 12 13
Jibs_PC#8719468509415360512 roll 3
Jibs_PC#8719468509415360512 roll 1
DICE 3 1 5 2 1 3 
Jibs_PC#8719468509415360512 endattack
Jibs_PC#8719468509415360512 movearmies 13 12 2
CARD 8
Jibs_PC#8719468509415360512 placearmies 22 6
Jibs_PC#8719468509415360512 attack 22 31
Jibs_PC#8719468509415360512 roll 3
Jibs_PC#8719468509415360512 roll 1
DICE 3 1 5 5 0 4 
Jibs_PC#8719468509415360512 move 6
Jibs_PC#8719468509415360512 attack 31 16
Jibs_PC#8719468509415360512 roll 3
Jibs_PC#8719468509415360512 roll 1
DICE 3 1 4 3 0 2 
Jibs_PC#8719468509415360512 move 5
Jibs_PC#8719468509415360512 trade 41 36 27
Jibs_PC#8719468509415360512 placearmies 16 6
Jibs_PC#8719468509415360512 placearmies 21 1
Jibs_PC#8719468509415360512 placearmies 21 1
Jibs_PC#8719468509415360512 attack 16 18
Jibs_PC#8719468509415360512 roll 3
Jibs_PC#8719468509415360512 roll 1
DICE 3 1 4 3 0 3 
Jibs_PC#8719468509415360512 move 10
Jibs_PC#8719468509415360512 attack 18 20
Jibs_PC#8719468509415360512 roll 3
Jibs_PC#8719468509415360512 roll 2
DICE 3 2 3 3 1 5 5 
Jibs_PC#8719468509415360512 roll 3
Jibs_PC#8719468509415360512 roll 2
DICE 3 2 0 0 0 5 3 
Jibs_PC#8719468509415360512 roll 3
Jibs_PC#8719468509415360512 roll 2
DICE 3 2 5 4 2 5 4 
Jibs_PC#8719468509415360512 roll 3
Jibs_PC#8719468509415360512 roll 2
DICE 3 2 5 2 1 5 5 
Jibs_PC#8719468509415360512 retreat
Jibs_PC#8719468509415360512 attack 14 17
Jibs_PC#8719468509415360512 roll 3
Jibs_PC#8719468509415360512 roll 1
DICE 3 1 4 1 0 0 
Jibs_PC#8719468509415360512 endattack
Jibs_PC#8719468509415360512 nomove
CARD 10
Jibs_PC#8719468509415360512 placearmies 19 6
Jibs_PC#8719468509415360512 placearmies 32 1
Jibs_PC#8719468509415360512 attack 19 20
Jibs_PC#8719468509415360512 roll 3
Jibs_PC#8719468509415360512 roll 2
DICE 3 2 3 1 0 1 0 
Jibs_PC#8719468509415360512 roll 3
Jibs_PC#8719468509415360512 roll 1
DICE 3 1 4 2 1 4 
Jibs_PC#8719468509415360512 roll 3
Jibs_PC#8719468509415360512 roll 1
DICE 3 1 3 3 1 3 
Jibs_PC#8719468509415360512 roll 3
Jibs_PC#8719468509415360512 roll 1
DICE 3 1 3 3 0 5 
Jibs_PC#8719468509415360512 roll 3
Jibs_PC#8719468509415360512 roll 1
DICE 3 1 5 5 5 1 
Jibs_PC#8719468509415360512 move 4
Jibs_PC#8719468509415360512 attack 20 22
Jibs_PC#8719468509415360512 roll 3
Jibs_PC#8719468509415360512 roll 2
DICE 3 2 5 1 0 3 2 
Jibs_PC#8719468509415360512 roll 2
Jibs_PC#8719468509415360512 roll 1
DICE 2 1 2 1 3 
Jibs_PC#8719468509415360512 retreat
Jibs_PC#8719468509415360512 attack 32 31
Jibs_PC#8719468509415360512 roll 3
Jibs_PC#8719468509415360512 roll 1
DICE 3 1 4 3 1 4 
Jibs_PC#8719468509415360512 roll 2
Jibs_PC#8719468509415360512 roll 1
DICE 2 1 1 1 5 
Jibs_PC#8719468509415360512 retreat
Jibs_PC#8719468509415360512 endattack
Jibs_PC#8719468509415360512 movearmies 29 28 2
CARD 3
Jibs_PC#8719468509415360512 trade 24 20 1
Jibs_PC#8719468509415360512 placearmies 6 1
Jibs_PC#8719468509415360512 placearmies 5 1
Jibs_PC#8719468509415360512 placearmies 1 14
Jibs_PC#8719468509415360512 placearmies 1 2
Jibs_PC#8719468509415360512 attack 1 38
Jibs_PC#8719468509415360512 roll 3
Jibs_PC#8719468509415360512 roll 1
DICE 3 1 4 3 2 3 
Jibs_PC#8719468509415360512 move 18
Jibs_PC#8719468509415360512 attack 38 36
Jibs_PC#8719468509415360512 roll 3
Jibs_PC#8719468509415360512 roll 1
DICE 3 1 2 0 0 1 
Jibs_PC#8719468509415360512 move 16
Jibs_PC#8719468509415360512 attack 36 29
Jibs_PC#8719468509415360512 roll 3
Jibs_PC#8719468509415360512 roll 1
DICE 3 1 5 4 0 4 
Jibs_PC#8719468509415360512 move 15
Jibs_PC#8719468509415360512 attack 29 33
Jibs_PC#8719468509415360512 roll 3
Jibs_PC#8719468509415360512 roll 1
DICE 3 1 5 3 3 5 
Jibs_PC#8719468509415360512 roll 3
Jibs_PC#8719468509415360512 roll 1
DICE 3 1 5 5 2 3 
Jibs_PC#8719468509415360512 move 13
Jibs_PC#8719468509415360512 attack 33 39
Jibs_PC#8719468509415360512 roll 3
Jibs_PC#8719468509415360512 roll 2
DICE 3 2 4 0 0 5 1 
Jibs_PC#8719468509415360512 roll 3
Jibs_PC#8719468509415360512 roll 2
DICE 3 2 3 2 0 4 0 
Jibs_PC#8719468509415360512 roll 3
Jibs_PC#8719468509415360512 roll 2
DICE 3 2 1 1 0 2 1 
Jibs_PC#8719468509415360512 roll 3
Jibs_PC#8719468509415360512 roll 2
DICE 3 2 2 1 0 4 4 
Jibs_PC#8719468509415360512 roll 3
Jibs_PC#8719468509415360512 roll 2
DICE 3 2 4 3 0 2 0 
Jibs_PC#8719468509415360512 roll 3
Jibs_PC#8719468509415360512 roll 2
DICE 3 2 4 3 2 3 0 
Jibs_PC#8719468509415360512 move 5
Jibs_PC#8719468509415360512 attack 39 40
Jibs_PC#8719468509415360512 roll 3
Jibs_PC#8719468509415360512 roll 1
DICE 3 1 5 4 0 0 
Jibs_PC#8719468509415360512 move 4
Jibs_PC#8719468509415360512 attack 40 42
Jibs_PC#8719468509415360512 roll 3
Jibs_PC#8719468509415360512 roll 1
DICE 3 1 4 2 0 2 
Jibs_PC#8719468509415360512 endattack
Jibs_PC#8719468509415360512 nomove
CARD 28
Jibs_PC#8719468509415360512 trade 9 2 8
Jibs_PC#8719468509415360512 placearmies 15 2
Jibs_PC#8719468509415360512 placearmies 10 5
Jibs_PC#8719468509415360512 placearmies 10 5
Jibs_PC#8719468509415360512 placearmies 10 1
Jibs_PC#8719468509415360512 attack 10 5
Jibs_PC#8719468509415360512 roll 3
Jibs_PC#8719468509415360512 roll 2
DICE 3 2 5 4 3 4 3 
Jibs_PC#8719468509415360512 move 11
Jibs_PC#8719468509415360512 attack 5 9
Jibs_PC#8719468509415360512 roll 3
Jibs_PC#8719468509415360512 roll 1
DICE 3 1 2 1 0 2 
Jibs_PC#8719468509415360512 roll 3
Jibs_PC#8719468509415360512 roll 1
DICE 3 1 3 3 2 4 
Jibs_PC#8719468509415360512 retreat
Jibs_PC#8719468509415360512 endattack
Jibs_PC#8719468509415360512 nomove
CARD 26
Jibs_PC#8719468509415360512 trade 35 23 12
Jibs_PC#8719468509415360512 placearmies 21 1
Jibs_PC#8719468509415360512 placearmies 22 1
Jibs_PC#8719468509415360512 placearmies 21 13
Jibs_PC#8719468509415360512 placearmies 21 1
Jibs_PC#8719468509415360512 attack 21 12
Jibs_PC#8719468509415360512 roll 3
Jibs_PC#8719468509415360512 roll 2
DICE 3 2 5 4 0 2 0 
Jibs_PC#8719468509415360512 roll 3
Jibs_PC#8719468509415360512 roll 1
DICE 3 1 2 2 0 3 
Jibs_PC#8719468509415360512 roll 3
Jibs_PC#8719468509415360512 roll 1
DICE 3 1 5 3 3 4 
Jibs_PC#8719468509415360512 move 15
Jibs_PC#8719468509415360512 attack 12 13
Jibs_PC#8719468509415360512 roll 3
Jibs_PC#8719468509415360512 roll 1
DICE 3 1 5 4 1 1 
Jibs_PC#8719468509415360512 move 14
Jibs_PC#8719468509415360512 attack 13 11
Jibs_PC#8719468509415360512 roll 3
Jibs_PC#8719468509415360512 roll 1
DICE 3 1 5 1 1 1 
Jibs_PC#8719468509415360512 move 13
Jibs_PC#8719468509415360512 attack 11 10
Jibs_PC#8719468509415360512 roll 3
Jibs_PC#8719468509415360512 roll 1
DICE 3 1 4 3 0 1 
Jibs_PC#8719468509415360512 move 12
Jibs_PC#8719468509415360512 attack 10 5
Jibs_PC#8719468509415360512 roll 3
Jibs_PC#8719468509415360512 roll 2
DICE 3 2 4 4 3 0 0 
Jibs_PC#8719468509415360512 roll 3
Jibs_PC#8719468509415360512 roll 2
DICE 3 2 4 4 2 5 2 
Jibs_PC#8719468509415360512 roll 3
Jibs_PC#8719468509415360512 roll 2
DICE 3 2 3 2 2 5 3 
Jibs_PC#8719468509415360512 roll 3
Jibs_PC#8719468509415360512 roll 2
DICE 3 2 4 0 0 1 1 
Jibs_PC#8719468509415360512 roll 3
Jibs_PC#8719468509415360512 roll 2
DICE 3 2 3 3 1 5 3 
Jibs_PC#8719468509415360512 roll 3
Jibs_PC#8719468509415360512 roll 2
DICE 3 2 4 3 0 3 3 
Jibs_PC#8719468509415360512 roll 3
Jibs_PC#8719468509415360512 roll 2
DICE 3 2 5 2 1 1 1 
Jibs_PC#8719468509415360512 roll 3
Jibs_PC#8719468509415360512 roll 2
DICE 3 2 3 2 0 5 2 
Jibs_PC#8719468509415360512 retreat
Jibs_PC#8719468509415360512 endattack
Jibs_PC#8719468509415360512 movearmies 23 21 2
CARD 7
Jibs_PC#8719468509415360512 trade 18 37 wildcard
Jibs_PC#8719468509415360512 placearmies 37 1
Jibs_PC#8719468509415360512 placearmies 37 7
Jibs_PC#8719468509415360512 placearmies 20 4
Jibs_PC#8719468509415360512 placearmies 41 1
Jibs_PC#8719468509415360512 attack 20 22
Jibs_PC#8719468509415360512 roll 3
Jibs_PC#8719468509415360512 roll 2
DICE 3 2 3 2 0 2 0 
Jibs_PC#8719468509415360512 move 5
Jibs_PC#8719468509415360512 attack 22 31
Jibs_PC#8719468509415360512 roll 3
Jibs_PC#8719468509415360512 roll 1
DICE 3 1 4 4 3 3 
Jibs_PC#8719468509415360512 move 4
Jibs_PC#8719468509415360512 attack 37 38
Jibs_PC#8719468509415360512 roll 3
Jibs_PC#8719468509415360512 roll 2
DICE 3 2 5 4 0 4 2 
Jibs_PC#8719468509415360512 move 10
Jibs_PC#8719468509415360512 attack 38 36
Jibs_PC#8719468509415360512 roll 3
Jibs_PC#8719468509415360512 roll 1
DICE 3 1 4 3 2 0 
Jibs_PC#8719468509415360512 move 9
Jibs_PC#8719468509415360512 attack 36 29
Jibs_PC#8719468509415360512 roll 3
Jibs_PC#8719468509415360512 roll 1
DICE 3 1 4 1 0 4 
Jibs_PC#8719468509415360512 roll 3
Jibs_PC#8719468509415360512 roll 1
DICE 3 1 4 2 1 3 
Jibs_PC#8719468509415360512 move 7
Jibs_PC#8719468509415360512 attack 29 33
Jibs_PC#8719468509415360512 roll 3
Jibs_PC#8719468509415360512 roll 1
DICE 3 1 5 3 2 4 
Jibs_PC#8719468509415360512 move 6
Jibs_PC#8719468509415360512 attack 33 39
Jibs_PC#8719468509415360512 roll 3
Jibs_PC#8719468509415360512 roll 1
DICE 3 1 2 2 0 5 
Jibs_PC#8719468509415360512 roll 3
Jibs_PC#8719468509415360512 roll 1
DICE 3 1 1 1 1 1 
Jibs_PC#8719468509415360512 retreat
Jibs_PC#8719468509415360512 attack 41 39
Jibs_PC#8719468509415360512 roll 3
Jibs_PC#8719468509415360512 roll 1
DICE 3 1 4 0 0 3 
Jibs_PC#8719468509415360512 endattack
Jibs_PC#8719468509415360512 movearmies 32 30 1
CARD 6
Jibs_PC#8719468509415360512 placearmies 42 2
Jibs_PC#8719468509415360512 placearmies 6 1
Jibs_PC#8719468509415360512 attack 42 41
Jibs_PC#8719468509415360512 roll 3
Jibs_PC#8719468509415360512 roll 1
DICE 3 1 4 2 1 2 
Jibs_PC#8719468509415360512 move 4
Jibs_PC#8719468509415360512 endattack
Jibs_PC#8719468509415360512 nomove
CARD 38
Jibs_PC#8719468509415360512 placearmies 15 1
Jibs_PC#8719468509415360512 placearmies 15 2
Jibs_PC#8719468509415360512 attack 15 16
Jibs_PC#8719468509415360512 roll 3
Jibs_PC#8719468509415360512 roll 1
DICE 3 1 4 2 1 0 
Jibs_PC#8719468509415360512 move 6
Jibs_PC#8719468509415360512 attack 16 30
Jibs_PC#8719468509415360512 roll 3
Jibs_PC#8719468509415360512 roll 2
DICE 3 2 5 4 2 4 1 
Jibs_PC#8719468509415360512 move 5
Jibs_PC#8719468509415360512 attack 30 32
Jibs_PC#8719468509415360512 roll 3
Jibs_PC#8719468509415360512 roll 1
DICE 3 1 4 4 3 0 
Jibs_PC#8719468509415360512 move 4
Jibs_PC#8719468509415360512 endattack
Jibs_PC#8719468509415360512 nomove
CARD 30
Jibs_PC#8719468509415360512 trade 22 10 7
Jibs_PC#8719468509415360512 placearmies 10 1
Jibs_PC#8719468509415360512 placearmies 21 1
Jibs_PC#8719468509415360512 placearmies 21 6
Jibs_PC#8719468509415360512 placearmies 10 8
Jibs_PC#8719468509415360512 attack 21 22
Jibs_PC#8719468509415360512 roll 3
Jibs_PC#8719468509415360512 roll 1
DICE 3 1 4 4 1 5 
Jibs_PC#8719468509415360512 roll 3
Jibs_PC#8719468509415360512 roll 1
DICE 3 1 4 4 1 2 
Jibs_PC#8719468509415360512 move 8
Jibs_PC#8719468509415360512 attack 10 5
Jibs_PC#8719468509415360512 roll 3
Jibs_PC#8719468509415360512 roll 2
DICE 3 2 5 2 1 5 4 
Jibs_PC#8719468509415360512 roll 3
Jibs_PC#8719468509415360512 roll 2
DICE 3 2 5 1 0 3 0 
Jibs_PC#8719468509415360512 move 11
Jibs_PC#8719468509415360512 attack 17 19
Jibs_PC#8719468509415360512 roll 2
Jibs_PC#8719468509415360512 roll 1
DICE 2 1 3 1 5 
Jibs_PC#8719468509415360512 retreat
Jibs_PC#8719468509415360512 attack 22 20
Jibs_PC#8719468509415360512 roll 3
Jibs_PC#8719468509415360512 roll 1
DICE 3 1 3 3 2 5 
Jibs_PC#8719468509415360512 roll 3
Jibs_PC#8719468509415360512 roll 1
DICE 3 1 2 2 0 1 
Jibs_PC#8719468509415360512 move 5
Jibs_PC#8719468509415360512 attack 20 19
Jibs_PC#8719468509415360512 roll 3
Jibs_PC#8719468509415360512 roll 1
DICE 3 1 5 3 1 3 
Jibs_PC#8719468509415360512 move 3
Jibs_PC#8719468509415360512 attack 5 9
Jibs_PC#8719468509415360512 roll 3
Jibs_PC#8719468509415360512 roll 1
DICE 3 1 4 2 0 5 
Jibs_PC#8719468509415360512 roll 3
Jibs_PC#8719468509415360512 roll 1
DICE 3 1 3 2 0 2 
Jibs_PC#8719468509415360512 move 8
Jibs_PC#8719468509415360512 attack 9 8
Jibs_PC#8719468509415360512 roll 3
Jibs_PC#8719468509415360512 roll 1
DICE 3 1 5 4 0 0 
Jibs_PC#8719468509415360512 move 7
Jibs_PC#8719468509415360512 attack 8 7
Jibs_PC#8719468509415360512 roll 3
Jibs_PC#8719468509415360512 roll 1
DICE 3 1 5 1 1 4 
Jibs_PC#8719468509415360512 move 6
Jibs_PC#8719468509415360512 attack 7 4
Jibs_PC#8719468509415360512 roll 3
Jibs_PC#8719468509415360512 roll 1
DICE 3 1 5 5 1 0 
Jibs_PC#8719468509415360512 move 4
Jibs_PC#8719468509415360512 attack 4 3
Jibs_PC#8719468509415360512 roll 3
Jibs_PC#8719468509415360512 roll 1
DICE 3 1 5 5 3 5 
Jibs_PC#8719468509415360512 roll 2
Jibs_PC#8719468509415360512 roll 1
DICE 2 1 5 2 5 
Jibs_PC#8719468509415360512 retreat
Jibs_PC#8719468509415360512 endattack
Jibs_PC#8719468509415360512 movearmies 5 4 1
CARD 29
Jibs_PC#8719468509415360512 placearmies 31 2
Jibs_PC#8719468509415360512 placearmies 28 1
Jibs_PC#8719468509415360512 attack 31 22
Jibs_PC#8719468509415360512 roll 3
Jibs_PC#8719468509415360512 roll 2
DICE 3 2 5 3 3 4 2 
Jibs_PC#8719468509415360512 move 5
Jibs_PC#8719468509415360512 attack 28 30
Jibs_PC#8719468509415360512 roll 3
Jibs_PC#8719468509415360512 roll 1
DICE 3 1 5 3 2 0 
Jibs_PC#8719468509415360512 attack 22 24
Jibs_PC#8719468509415360512 roll 3
Jibs_PC#8719468509415360512 roll 1
DICE 3 1 5 4 0 5 
Jibs_PC#8719468509415360512 roll 3
Jibs_PC#8719468509415360512 roll 1
DICE 3 1 3 1 0 2 
Jibs_PC#8719468509415360512 endattack
Jibs_PC#8719468509415360512 nomove
CARD 42
Jibs_PC#8719468509415360512 placearmies 41 3
Jibs_PC#8719468509415360512 attack 41 39
Jibs_PC#8719468509415360512 roll 3
Jibs_PC#8719468509415360512 roll 2
DICE 3 2 5 5 3 2 0 
Jibs_PC#8719468509415360512 roll 3
Jibs_PC#8719468509415360512 roll 1
DICE 3 1 5 1 0 5 
Jibs_PC#8719468509415360512 roll 3
Jibs_PC#8719468509415360512 roll 1
DICE 3 1 4 3 0 4 
Jibs_PC#8719468509415360512 roll 3
Jibs_PC#8719468509415360512 roll 1
DICE 3 1 5 5 3 5 
Jibs_PC#8719468509415360512 roll 3
Jibs_PC#8719468509415360512 roll 1
DICE 3 1 4 3 2 4 
Jibs_PC#8719468509415360512 roll 2
Jibs_PC#8719468509415360512 roll 1
DICE 2 1 5 1 0 
Jibs_PC#8719468509415360512 endattack
Jibs_PC#8719468509415360512 nomove
CARD 17
Jibs_PC#8719468509415360512 placearmies 15 3
Jibs_PC#8719468509415360512 attack 15 14
Jibs_PC#8719468509415360512 roll 3
Jibs_PC#8719468509415360512 roll 1
DICE 3 1 5 0 0 1 
Jibs_PC#8719468509415360512 endattack
Jibs_PC#8719468509415360512 nomove
CARD 11
Jibs_PC#8719468509415360512 placearmies 4 7
Jibs_PC#8719468509415360512 attack 4 3
Jibs_PC#8719468509415360512 roll 3
Jibs_PC#8719468509415360512 roll 1
DICE 3 1 4 1 1 5 
Jibs_PC#8719468509415360512 roll 3
Jibs_PC#8719468509415360512 roll 1
DICE 3 1 5 1 1 2 
Jibs_PC#8719468509415360512 move 8
Jibs_PC#8719468509415360512 attack 3 2
Jibs_PC#8719468509415360512 roll 3
Jibs_PC#8719468509415360512 roll 1
DICE 3 1 5 3 2 4 
Jibs_PC#8719468509415360512 move 6
Jibs_PC#8719468509415360512 attack 2 1
Jibs_PC#8719468509415360512 roll 3
Jibs_PC#8719468509415360512 roll 1
DICE 3 1 4 3 2 4 
Jibs_PC#8719468509415360512 roll 3
Jibs_PC#8719468509415360512 roll 1
DICE 3 1 4 2 0 0 
Jibs_PC#8719468509415360512 move 3
Jibs_PC#8719468509415360512 endattack
Jibs_PC#8719468509415360512 movearmies 20 21 1
CARD 19
Jibs_PC#8719468509415360512 trade 32 3 42
Jibs_PC#8719468509415360512 placearmies 24 8
Jibs_PC#8719468509415360512 attack 33 39
Jibs_PC#8719468509415360512 roll 3
Jibs_PC#8719468509415360512 roll 2
DICE 3 2 5 4 0 5 0 
Jibs_PC#8719468509415360512 roll 2
Jibs_PC#8719468509415360512 roll 1
DICE 2 1 5 2 4 
Jibs_PC#8719468509415360512 attack 24 21
Jibs_PC#8719468509415360512 roll 3
Jibs_PC#8719468509415360512 roll 2
DICE 3 2 5 2 0 5 5 
Jibs_PC#8719468509415360512 roll 3
Jibs_PC#8719468509415360512 roll 2
DICE 3 2 4 1 0 2 0 
Jibs_PC#8719468509415360512 roll 3
Jibs_PC#8719468509415360512 roll 1
DICE 3 1 4 1 0 5 
Jibs_PC#8719468509415360512 roll 3
Jibs_PC#8719468509415360512 roll 1
DICE 3 1 5 4 1 3 
Jibs_PC#8719468509415360512 move 7
Jibs_PC#8719468509415360512 attack 21 12
Jibs_PC#8719468509415360512 roll 3
Jibs_PC#8719468509415360512 roll 1
DICE 3 1 4 1 0 0 
Jibs_PC#8719468509415360512 move 6
Jibs_PC#8719468509415360512 attack 12 13
Jibs_PC#8719468509415360512 roll 3
Jibs_PC#8719468509415360512 roll 1
DICE 3 1 4 3 0 3 
Jibs_PC#8719468509415360512 move 5
Jibs_PC#8719468509415360512 attack 13 11
Jibs_PC#8719468509415360512 roll 3
Jibs_PC#8719468509415360512 roll 1
DICE 3 1 4 3 1 3 
Jibs_PC#8719468509415360512 move 4
Jibs_PC#8719468509415360512 attack 11 10
Jibs_PC#8719468509415360512 roll 3
Jibs_PC#8719468509415360512 roll 1
DICE 3 1 3 3 1 4 
Jibs_PC#8719468509415360512 roll 2
Jibs_PC#8719468509415360512 roll 1
DICE 2 1 4 1 3 
Jibs_PC#8719468509415360512 endattack
Jibs_PC#8719468509415360512 nomove
CARD 21
Jibs_PC#8719468509415360512 trade 28 38 17
Jibs_PC#8719468509415360512 placearmies 40 5
Jibs_PC#8719468509415360512 placearmies 6 4
Jibs_PC#8719468509415360512 attack 40 39
Jibs_PC#8719468509415360512 roll 3
Jibs_PC#8719468509415360512 roll 2
DICE 3 2 5 4 1 1 1 
Jibs_PC#8719468509415360512 move 5
Jibs_PC#8719468509415360512 endattack
Jibs_PC#8719468509415360512 nomove
CARD 39
Jibs_PC#8719468509415360512 placearmies 14 3
Jibs_PC#8719468509415360512 attack 14 17
Jibs_PC#8719468509415360512 roll 3
Jibs_PC#8719468509415360512 roll 2
DICE 3 2 5 2 2 2 1 
Jibs_PC#8719468509415360512 move 5
Jibs_PC#8719468509415360512 endattack
Jibs_PC#8719468509415360512 nomove
CARD 40
Jibs_PC#8719468509415360512 placearmies 19 4
Jibs_PC#8719468509415360512 attack 19 21
Jibs_PC#8719468509415360512 roll 3
Jibs_PC#8719468509415360512 roll 1
DICE 3 1 5 4 2 1 
Jibs_PC#8719468509415360512 move 6
Jibs_PC#8719468509415360512 attack 21 12
Jibs_PC#8719468509415360512 roll 3
Jibs_PC#8719468509415360512 roll 1
DICE 3 1 5 3 0 1 
Jibs_PC#8719468509415360512 move 5
Jibs_PC#8719468509415360512 attack 12 13
Jibs_PC#8719468509415360512 roll 3
Jibs_PC#8719468509415360512 roll 1
DICE 3 1 2 2 0 3 
Jibs_PC#8719468509415360512 roll 3
Jibs_PC#8719468509415360512 roll 1
DICE 3 1 3 2 1 4 
Jibs_PC#8719468509415360512 retreat
Jibs_PC#8719468509415360512 endattack
Jibs_PC#8719468509415360512 movearmies 3 7 1
CARD 25
Jibs_PC#8719468509415360512 placearmies 30 5
Jibs_PC#8719468509415360512 attack 30 32
Jibs_PC#8719468509415360512 roll 3
Jibs_PC#8719468509415360512 roll 2
DICE 3 2 3 3 2 4 2 
Jibs_PC#8719468509415360512 roll 3
Jibs_PC#8719468509415360512 roll 2
DICE 3 2 3 3 2 3 1 
Jibs_PC#8719468509415360512 roll 3
Jibs_PC#8719468509415360512 roll 2
DICE 3 2 4 4 1 0 0 
Jibs_PC#8719468509415360512 move 3
Jibs_PC#8719468509415360512 endattack
Jibs_PC#8719468509415360512 movearmies 32 31 2
CARD 4
Jibs_PC#8719468509415360512 placearmies 6 5
Jibs_PC#8719468509415360512 attack 39 33
Jibs_PC#8719468509415360512 roll 3
Jibs_PC#8719468509415360512 roll 1
DICE 3 1 5 4 0 2 
Jibs_PC#8719468509415360512 move 4
Jibs_PC#8719468509415360512 attack 6 8
Jibs_PC#8719468509415360512 roll 3
Jibs_PC#8719468509415360512 roll 1
DICE 3 1 5 3 1 4 
Jibs_PC#8719468509415360512 move 13
Jibs_PC#8719468509415360512 attack 8 7
Jibs_PC#8719468509415360512 roll 3
Jibs_PC#8719468509415360512 roll 2
DICE 3 2 4 1 0 5 4 
Jibs_PC#8719468509415360512 roll 3
Jibs_PC#8719468509415360512 roll 2
DICE 3 2 3 1 1 2 1 
Jibs_PC#8719468509415360512 retreat
Jibs_PC#8719468509415360512 attack 8 9
Jibs_PC#8719468509415360512 roll 3
Jibs_PC#8719468509415360512 roll 1
DICE 3 1 5 4 1 1 
Jibs_PC#8719468509415360512 move 9
Jibs_PC#8719468509415360512 attack 9 4
Jibs_PC#8719468509415360512 roll 3
Jibs_PC#8719468509415360512 roll 1
DICE 3 1 3 0 0 0 
Jibs_PC#8719468509415360512 move 8
Jibs_PC#8719468509415360512 attack 4 7
Jibs_PC#8719468509415360512 roll 3
Jibs_PC#8719468509415360512 roll 2
DICE 3 2 1 0 0 1 1 
Jibs_PC#8719468509415360512 roll 3
Jibs_PC#8719468509415360512 roll 2
DICE 3 2 5 4 3 5 0 
Jibs_PC#8719468509415360512 retreat
Jibs_PC#8719468509415360512 endattack
Jibs_PC#8719468509415360512 movearmies 33 39 3
CARD 16
Jibs_PC#8719468509415360512 placearmies 17 3
Jibs_PC#8719468509415360512 attack 17 18
Jibs_PC#8719468509415360512 roll 3
Jibs_PC#8719468509415360512 roll 2
DICE 3 2 4 2 1 2 2 
Jibs_PC#8719468509415360512 roll 3
Jibs_PC#8719468509415360512 roll 1
DICE 3 1 5 3 1 2 
Jibs_PC#8719468509415360512 move 6
Jibs_PC#8719468509415360512 attack 18 19
Jibs_PC#8719468509415360512 roll 3
Jibs_PC#8719468509415360512 roll 1
DICE 3 1 2 2 1 0 
Jibs_PC#8719468509415360512 move 5
Jibs_PC#8719468509415360512 attack 19 20
Jibs_PC#8719468509415360512 roll 3
Jibs_PC#8719468509415360512 roll 1
DICE 3 1 4 1 0 5 
Jibs_PC#8719468509415360512 roll 3
Jibs_PC#8719468509415360512 roll 1
DICE 3 1 3 1 0 0 
Jibs_PC#8719468509415360512 endattack
Jibs_PC#8719468509415360512 nomove
CARD 31
Jibs_PC#8719468509415360512 trade 29 19 25
Jibs_PC#8719468509415360512 placearmies 25 1
Jibs_PC#8719468509415360512 placearmies 25 4
Jibs_PC#8719468509415360512 placearmies 2 8
Jibs_PC#8719468509415360512 attack 2 6
Jibs_PC#8719468509415360512 roll 3
Jibs_PC#8719468509415360512 roll 1
DICE 3 1 5 4 0 5 
Jibs_PC#8719468509415360512 roll 3
Jibs_PC#8719468509415360512 roll 1
DICE 3 1 5 4 0 3 
Jibs_PC#8719468509415360512 move 8
Jibs_PC#8719468509415360512 attack 6 8
Jibs_PC#8719468509415360512 roll 3
Jibs_PC#8719468509415360512 roll 1
DICE 3 1 5 4 0 3 
Jibs_PC#8719468509415360512 move 7
Jibs_PC#8719468509415360512 attack 8 9
Jibs_PC#8719468509415360512 roll 3
Jibs_PC#8719468509415360512 roll 1
DICE 3 1 4 3 3 3 
Jibs_PC#8719468509415360512 move 6
Jibs_PC#8719468509415360512 attack 25 24
Jibs_PC#8719468509415360512 roll 3
Jibs_PC#8719468509415360512 roll 1
DICE 3 1 4 4 1 0 
Jibs_PC#8719468509415360512 move 7
Jibs_PC#8719468509415360512 attack 24 22
Jibs_PC#8719468509415360512 roll 3
Jibs_PC#8719468509415360512 roll 1
DICE 3 1 5 3 0 5 
Jibs_PC#8719468509415360512 roll 3
Jibs_PC#8719468509415360512 roll 1
DICE 3 1 5 1 0 3 
Jibs_PC#8719468509415360512 move 5
Jibs_PC#8719468509415360512 attack 22 20
Jibs_PC#8719468509415360512 roll 3
Jibs_PC#8719468509415360512 roll 2
DICE 3 2 4 2 0 5 3 
Jibs_PC#8719468509415360512 retreat
Jibs_PC#8719468509415360512 attack 9 4
Jibs_PC#8719468509415360512 roll 3
Jibs_PC#8719468509415360512 roll 2
DICE 3 2 3 2 1 3 0 
Jibs_PC#8719468509415360512 roll 3
Jibs_PC#8719468509415360512 roll 2
DICE 3 2 5 0 0 0 0 
Jibs_PC#8719468509415360512 retreat
Jibs_PC#8719468509415360512 endattack
Jibs_PC#8719468509415360512 movearmies 12 21 2
CARD 13
Jibs_PC#8719468509415360512 placearmies 29 4
Jibs_PC#8719468509415360512 attack 29 33
Jibs_PC#8719468509415360512 roll 3
Jibs_PC#8719468509415360512 roll 1
DICE 3 1 5 4 3 4 
Jibs_PC#8719468509415360512 move 4
Jibs_PC#8719468509415360512 endattack
Jibs_PC#8719468509415360512 nomove
CARD 34
Jibs_PC#8719468509415360512 placearmies 4 1
Jibs_PC#8719468509415360512 placearmies 39 4
Jibs_PC#8719468509415360512 attack 39 33
Jibs_PC#8719468509415360512 roll 3
Jibs_PC#8719468509415360512 roll 2
DICE 3 2 2 1 1 5 3 
Jibs_PC#8719468509415360512 roll 3
Jibs_PC#8719468509415360512 roll 2
DICE 3 2 3 1 0 5 5 
Jibs_PC#8719468509415360512 retreat
Jibs_PC#8719468509415360512 attack 4 7
Jibs_PC#8719468509415360512 roll 3
Jibs_PC#8719468509415360512 roll 1
DICE 3 1 5 4 0 0 
Jibs_PC#8719468509415360512 endattack
Jibs_PC#8719468509415360512 nomove
CARD 17
Jibs_PC#8719468509415360512 trade 26 11 31
Jibs_PC#8719468509415360512 placearmies 14 3
Jibs_PC#8719468509415360512 placearmies 16 4
Jibs_PC#8719468509415360512 placearmies 19 1
Jibs_PC#8719468509415360512 placearmies 19 1
Jibs_PC#8719468509415360512 placearmies 16 6
Jibs_PC#8719468509415360512 placearmies 16 3
Jibs_PC#8719468509415360512 attack 16 28
Jibs_PC#8719468509415360512 roll 3
Jibs_PC#8719468509415360512 roll 1
DICE 3 1 3 2 2 0 
Jibs_PC#8719468509415360512 move 12
Jibs_PC#8719468509415360512 endattack
Jibs_PC#8719468509415360512 movearmies 28 16 11
CARD 14
Jibs_PC#8719468509415360512 placearmies 6 7
Jibs_PC#8719468509415360512 attack 6 14
Jibs_PC#8719468509415360512 roll 3
Jibs_PC#8719468509415360512 roll 2
DICE 3 2 4 2 0 0 0 
Jibs_PC#8719468509415360512 roll 3
Jibs_PC#8719468509415360512 roll 2
DICE 3 2 3 2 1 2 0 
Jibs_PC#8719468509415360512 move 7
Jibs_PC#8719468509415360512 attack 9 4
Jibs_PC#8719468509415360512 roll 3
Jibs_PC#8719468509415360512 roll 1
DICE 3 1 4 1 0 2 
Jibs_PC#8719468509415360512 endattack
Jibs_PC#8719468509415360512 nomove
CARD 22
Jibs_PC#8719468509415360512 trade 5 6 34
Jibs_PC#8719468509415360512 placearmies 31 5
Jibs_PC#8719468509415360512 placearmies 30 2
Jibs_PC#8719468509415360512 placearmies 10 3
Jibs_PC#8719468509415360512 attack 31 22
Jibs_PC#8719468509415360512 roll 3
Jibs_PC#8719468509415360512 roll 2
DICE 3 2 5 4 2 5 1 
Jibs_PC#8719468509415360512 roll 3
Jibs_PC#8719468509415360512 roll 2
DICE 3 2 5 3 1 5 2 
Jibs_PC#8719468509415360512 roll 3
Jibs_PC#8719468509415360512 roll 1
DICE 3 1 5 4 4 2 
Jibs_PC#8719468509415360512 move 5
Jibs_PC#8719468509415360512 attack 30 28
Jibs_PC#8719468509415360512 roll 3
Jibs_PC#8719468509415360512 roll 1
DICE 3 1 1 0 0 0 
Jibs_PC#8719468509415360512 move 3
Jibs_PC#8719468509415360512 attack 10 12
Jibs_PC#8719468509415360512 roll 3
Jibs_PC#8719468509415360512 roll 1
DICE 3 1 4 2 2 5 
Jibs_PC#8719468509415360512 roll 3
Jibs_PC#8719468509415360512 roll 1
DICE 3 1 5 5 1 5 
Jibs_PC#8719468509415360512 roll 2
Jibs_PC#8719468509415360512 roll 1
DICE 2 1 4 4 4 
Jibs_PC#8719468509415360512 retreat
Jibs_PC#8719468509415360512 endattack
Jibs_PC#8719468509415360512 movearmies 34 38 2
CARD 38
Jibs_PC#8719468509415360512 placearmies 7 1
Jibs_PC#8719468509415360512 placearmies 39 4
Jibs_PC#8719468509415360512 attack 39 33
Jibs_PC#8719468509415360512 roll 3
Jibs_PC#8719468509415360512 roll 2
DICE 3 2 4 1 0 5 3 
Jibs_PC#8719468509415360512 roll 3
Jibs_PC#8719468509415360512 roll 2
DICE 3 2 4 2 1 4 3 
Jibs_PC#8719468509415360512 retreat
Jibs_PC#8719468509415360512 attack 7 9
Jibs_PC#8719468509415360512 roll 3
Jibs_PC#8719468509415360512 roll 1
DICE 3 1 5 1 1 2 
Jibs_PC#8719468509415360512 endattack
Jibs_PC#8719468509415360512 nomove
CARD 9
Jibs_PC#8719468509415360512 placearmies 16 1
Jibs_PC#8719468509415360512 placearmies 17 2
Jibs_PC#8719468509415360512 attack 16 30
Jibs_PC#8719468509415360512 roll 3
Jibs_PC#8719468509415360512 roll 2
DICE 3 2 4 4 1 3 1 
Jibs_PC#8719468509415360512 move 13
Jibs_PC#8719468509415360512 attack 30 32
Jibs_PC#8719468509415360512 roll 3
Jibs_PC#8719468509415360512 roll 1
DICE 3 1 4 3 1 4 
Jibs_PC#8719468509415360512 roll 3
Jibs_PC#8719468509415360512 roll 1
DICE 3 1 3 1 1 4 
Jibs_PC#8719468509415360512 retreat
Jibs_PC#8719468509415360512 endattack
Jibs_PC#8719468509415360512 nomove
CARD 28
Jibs_PC#8719468509415360512 placearmies 4 2
Jibs_PC#8719468509415360512 placearmies 14 1
Jibs_PC#8719468509415360512 placearmies 14 1
Jibs_PC#8719468509415360512 attack 4 7
Jibs_PC#8719468509415360512 roll 3
Jibs_PC#8719468509415360512 roll 1
DICE 3 1 4 3 2 3 
Jibs_PC#8719468509415360512 move 4
Jibs_PC#8719468509415360512 attack 14 15
Jibs_PC#8719468509415360512 roll 3
Jibs_PC#8719468509415360512 roll 1
DICE 3 1 5 3 2 4 
Jibs_PC#8719468509415360512 move 8
Jibs_PC#8719468509415360512 endattack
Jibs_PC#8719468509415360512 nomove
CARD wildcard
Jibs_PC#8719468509415360512 placearmies 10 3
Jibs_PC#8719468509415360512 placearmies 10 2
Jibs_PC#8719468509415360512 attack 10 12
Jibs_PC#8719468509415360512 roll 3
Jibs_PC#8719468509415360512 roll 1
DICE 3 1 2 1 0 2 
Jibs_PC#8719468509415360512 roll 3
Jibs_PC#8719468509415360512 roll 1
DICE 3 1 3 2 0 1 
Jibs_PC#8719468509415360512 move 4
Jibs_PC#8719468509415360512 attack 22 24
Jibs_PC#8719468509415360512 roll 3
Jibs_PC#8719468509415360512 roll 1
DICE 3 1 4 3 0 4 
Jibs_PC#8719468509415360512 roll 3
Jibs_PC#8719468509415360512 roll 1
DICE 3 1 4 4 0 1 
Jibs_PC#8719468509415360512 endattack
Jibs_PC#8719468509415360512 nomove
CARD 12
Jibs_PC#8719468509415360512 trade 15 16 9
Jibs_PC#8719468509415360512 placearmies 9 12
Jibs_PC#8719468509415360512 placearmies 9 1
Jibs_PC#8719468509415360512 attack 9 5
Jibs_PC#8719468509415360512 roll 3
Jibs_PC#8719468509415360512 roll 1
DICE 3 1 4 1 1 0 
Jibs_PC#8719468509415360512 move 17
Jibs_PC#8719468509415360512 attack 5 10
Jibs_PC#8719468509415360512 roll 3
Jibs_PC#8719468509415360512 roll 2
DICE 3 2 4 2 0 5 3 
Jibs_PC#8719468509415360512 roll 3
Jibs_PC#8719468509415360512 roll 2
DICE 3 2 5 3 2 1 0 
Jibs_PC#8719468509415360512 move 14
Jibs_PC#8719468509415360512 attack 10 12
Jibs_PC#8719468509415360512 roll 3
Jibs_PC#8719468509415360512 roll 2
DICE 3 2 5 4 0 4 4 
Jibs_PC#8719468509415360512 roll 3
Jibs_PC#8719468509415360512 roll 2
DICE 3 2 5 2 0 5 0 
Jibs_PC#8719468509415360512 retreat
Jibs_PC#8719468509415360512 attack 10 11
Jibs_PC#8719468509415360512 roll 3
Jibs_PC#8719468509415360512 roll 1
DICE 3 1 5 3 3 1 
Jibs_PC#8719468509415360512 move 11
Jibs_PC#8719468509415360512 attack 11 12
Jibs_PC#8719468509415360512 roll 3
Jibs_PC#8719468509415360512 roll 2
DICE 3 2 3 2 2 1 0 
Jibs_PC#8719468509415360512 move 10
Jibs_PC#8719468509415360512 attack 12 13
Jibs_PC#8719468509415360512 roll 3
Jibs_PC#8719468509415360512 roll 1
DICE 3 1 4 3 0 1 
Jibs_PC#8719468509415360512 move 3
Jibs_PC#8719468509415360512 endattack
Jibs_PC#8719468509415360512 movearmies 13 12 2
CARD 41
Jibs_PC#8719468509415360512 placearmies 17 2
Jibs_PC#8719468509415360512 placearmies 17 1
Jibs_PC#8719468509415360512 attack 17 14
Jibs_PC#8719468509415360512 roll 3
Jibs_PC#8719468509415360512 roll 1
DICE 3 1 4 4 4 5 
Jibs_PC#8719468509415360512 roll 3
Jibs_PC#8719468509415360512 roll 1
DICE 3 1 5 2 1 2 
Jibs_PC#8719468509415360512 move 4
Jibs_PC#8719468509415360512 endattack
Jibs_PC#8719468509415360512 movearmies 30 16 10
CARD 24
Jibs_PC#8719468509415360512 trade 13 22 wildcard
Jibs_PC#8719468509415360512 placearmies 7 4
Jibs_PC#8719468509415360512 placearmies 21 2
Jibs_PC#8719468509415360512 placearmies 7 2
Jibs_PC#8719468509415360512 attack 7 9
Jibs_PC#8719468509415360512 roll 3
Jibs_PC#8719468509415360512 roll 1
DICE 3 1 3 2 1 4 
Jibs_PC#8719468509415360512 roll 3
Jibs_PC#8719468509415360512 roll 1
DICE 3 1 3 0 0 2 
Jibs_PC#8719468509415360512 move 8
Jibs_PC#8719468509415360512 attack 9 5
Jibs_PC#8719468509415360512 roll 3
Jibs_PC#8719468509415360512 roll 1
DICE 3 1 3 1 0 2 
Jibs_PC#8719468509415360512 move 7
Jibs_PC#8719468509415360512 attack 5 10
Jibs_PC#8719468509415360512 roll 3
Jibs_PC#8719468509415360512 roll 1
DICE 3 1 4 4 2 3 
Jibs_PC#8719468509415360512 move 6
Jibs_PC#8719468509415360512 attack 10 11
Jibs_PC#8719468509415360512 roll 3
Jibs_PC#8719468509415360512 roll 1
DICE 3 1 5 2 1 4 
Jibs_PC#8719468509415360512 move 4
Jibs_PC#8719468509415360512 attack 11 13
Jibs_PC#8719468509415360512 roll 3
Jibs_PC#8719468509415360512 roll 1
DICE 3 1 4 3 2 4 
Jibs_PC#8719468509415360512 roll 2
Jibs_PC#8719468509415360512 roll 1
DICE 2 1 2 1 2 
Jibs_PC#8719468509415360512 retreat
Jibs_PC#8719468509415360512 endattack
Jibs_PC#8719468509415360512 movearmies 11 10 1
CARD 36
Jibs_PC#8719468509415360512 trade 21 38 12
Jibs_PC#8719468509415360512 placearmies 28 1
Jibs_PC#8719468509415360512 placearmies 28 1
Jibs_PC#8719468509415360512 placearmies 38 3
Jibs_PC#8719468509415360512 placearmies 24 8
Jibs_PC#8719468509415360512 placearmies 38 1
Jibs_PC#8719468509415360512 attack 38 1
Jibs_PC#8719468509415360512 roll 3
Jibs_PC#8719468509415360512 roll 2
DICE 3 2 5 3 2 2 1 
Jibs_PC#8719468509415360512 roll 3
Jibs_PC#8719468509415360512 roll 1
DICE 3 1 4 2 1 5 
Jibs_PC#8719468509415360512 roll 3
Jibs_PC#8719468509415360512 roll 1
DICE 3 1 3 1 0 5 
Jibs_PC#8719468509415360512 roll 3
Jibs_PC#8719468509415360512 roll 1
DICE 3 1 3 2 1 0 
Jibs_PC#8719468509415360512 move 6
Jibs_PC#8719468509415360512 attack 28 30
Jibs_PC#8719468509415360512 roll 3
Jibs_PC#8719468509415360512 roll 1
DICE 3 1 2 2 1 4 
Jibs_PC#8719468509415360512 roll 3
Jibs_PC#8719468509415360512 roll 1
DICE 3 1 3 2 2 2 
Jibs_PC#8719468509415360512 attack 24 26
Jibs_PC#8719468509415360512 roll 3
Jibs_PC#8719468509415360512 roll 1
DICE 3 1 5 1 0 0 
Jibs_PC#8719468509415360512 move 10
Jibs_PC#8719468509415360512 attack 26 25
Jibs_PC#8719468509415360512 roll 3
Jibs_PC#8719468509415360512 roll 1
DICE 3 1 5 4 3 0 
Jibs_PC#8719468509415360512 move 9
Jibs_PC#8719468509415360512 attack 25 23
Jibs_PC#8719468509415360512 roll 3
Jibs_PC#8719468509415360512 roll 1
DICE 3 1 3 2 1 4 
Jibs_PC#8719468509415360512 roll 3
Jibs_PC#8719468509415360512 roll 1
DICE 3 1 4 1 1 1 
Jibs_PC#8719468509415360512 move 7
Jibs_PC#8719468509415360512 attack 23 21
Jibs_PC#8719468509415360512 roll 3
Jibs_PC#8719468509415360512 roll 2
DICE 3 2 5 3 2 2 0 
Jibs_PC#8719468509415360512 roll 3
Jibs_PC#8719468509415360512 roll 2
DICE 3 2 5 2 0 3 2 
Jibs_PC#8719468509415360512 roll 3
Jibs_PC#8719468509415360512 roll 2
DICE 3 2 5 1 1 5 1 
Jibs_PC#8719468509415360512 roll 3
Jibs_PC#8719468509415360512 roll 2
DICE 3 2 3 1 0 2 1 
Jibs_PC#8719468509415360512 roll 2
Jibs_PC#8719468509415360512 roll 1
DICE 2 1 5 2 0 
