Jibs_PC#7363661505431689216 newplayer ai hard green s0914007
Jibs_PC#7363661505431689216 newplayer ai hard blue bob
Jibs_PC#7363661505431689216 newplayer ai hard red fred
Jibs_PC#7363661505431689216 newplayer ai hard cyan ted
Jibs_PC#7363661505431689216 newplayer ai hard magenta yura
Jibs_PC#7363661505431689216 newplayer ai hard yellow lala
Jibs_PC#7363661505431689216 startgame mission fixed autoplaceall recycle
PLAYER bob
MISSION 2 1 0 2 1 0
PLACEALL 5 12 21 24 3 7 28 39 14 31 19 35 42 37 25 27 40 33 1 32 10 22 20 26 4 8 41 18 29 11 16 36 6 34 2 30 13 9 38 17 15 23
Jibs_PC#7363661505431689216 placearmies 42 1
CARD 
Jibs_PC#7363661505431689216 placearmies 12 1
CARD 
Jibs_PC#7363661505431689216 placearmies 41 1
CARD 
Jibs_PC#7363661505431689216 placearmies 17 1
CARD 
Jibs_PC#7363661505431689216 placearmies 40 1
CARD 
Jibs_PC#7363661505431689216 placearmies 11 1
CARD 
Jibs_PC#7363661505431689216 placearmies 42 1
CARD 
Jibs_PC#7363661505431689216 placearmies 12 1
CARD 
Jibs_PC#7363661505431689216 placearmies 41 1
CARD 
Jibs_PC#7363661505431689216 placearmies 17 1
CARD 
Jibs_PC#7363661505431689216 placearmies 40 1
CARD 
Jibs_PC#7363661505431689216 placearmies 11 1
CARD 
Jibs_PC#7363661505431689216 placearmies 42 1
CARD 
Jibs_PC#7363661505431689216 placearmies 12 1
CARD 
Jibs_PC#7363661505431689216 placearmies 41 1
CARD 
Jibs_PC#7363661505431689216 placearmies 17 1
CARD 
Jibs_PC#7363661505431689216 placearmies 3 1
CARD 
Jibs_PC#7363661505431689216 placearmies 11 1
CARD 
Jibs_PC#7363661505431689216 placearmies 42 1
CARD 
Jibs_PC#7363661505431689216 placearmies 12 1
CARD 
Jibs_PC#7363661505431689216 placearmies 41 1
CARD 
Jibs_PC#7363661505431689216 placearmies 17 1
CARD 
Jibs_PC#7363661505431689216 placearmies 3 1
CARD 
Jibs_PC#7363661505431689216 placearmies 11 1
CARD 
Jibs_PC#7363661505431689216 placearmies 42 1
CARD 
Jibs_PC#7363661505431689216 placearmies 12 1
CARD 
Jibs_PC#7363661505431689216 placearmies 41 1
CARD 
Jibs_PC#7363661505431689216 placearmies 34 1
CARD 
Jibs_PC#7363661505431689216 placearmies 3 1
CARD 
Jibs_PC#7363661505431689216 placearmies 11 1
CARD 
Jibs_PC#7363661505431689216 placearmies 42 1
CARD 
Jibs_PC#7363661505431689216 placearmies 12 1
CARD 
Jibs_PC#7363661505431689216 placearmies 41 1
CARD 
Jibs_PC#7363661505431689216 placearmies 34 1
CARD 
Jibs_PC#7363661505431689216 placearmies 3 1
CARD 
Jibs_PC#7363661505431689216 placearmies 11 1
CARD 
Jibs_PC#7363661505431689216 placearmies 42 1
CARD 
Jibs_PC#7363661505431689216 placearmies 12 1
CARD 
Jibs_PC#7363661505431689216 placearmies 41 1
CARD 
Jibs_PC#7363661505431689216 placearmies 34 1
CARD 
Jibs_PC#7363661505431689216 placearmies 3 1
CARD 
Jibs_PC#7363661505431689216 placearmies 35 1
CARD 
Jibs_PC#7363661505431689216 placearmies 42 1
CARD 
Jibs_PC#7363661505431689216 placearmies 12 1
CARD 
Jibs_PC#7363661505431689216 placearmies 41 1
CARD 
Jibs_PC#7363661505431689216 placearmies 34 1
CARD 
Jibs_PC#7363661505431689216 placearmies 3 1
CARD 
Jibs_PC#7363661505431689216 placearmies 35 1
CARD 
Jibs_PC#7363661505431689216 placearmies 42 1
CARD 
Jibs_PC#7363661505431689216 placearmies 12 1
CARD 
Jibs_PC#7363661505431689216 placearmies 41 1
CARD 
Jibs_PC#7363661505431689216 placearmies 34 1
CARD 
Jibs_PC#7363661505431689216 placearmies 3 1
CARD 
Jibs_PC#7363661505431689216 placearmies 35 1
CARD 
Jibs_PC#7363661505431689216 placearmies 5 1
CARD 
Jibs_PC#7363661505431689216 placearmies 12 1
CARD 
Jibs_PC#7363661505431689216 placearmies 25 1
CARD 
Jibs_PC#7363661505431689216 placearmies 17 1
CARD 
Jibs_PC#7363661505431689216 placearmies 3 1
CARD 
Jibs_PC#7363661505431689216 placearmies 35 1
CARD 
Jibs_PC#7363661505431689216 placearmies 5 1
CARD 
Jibs_PC#7363661505431689216 placearmies 12 1
CARD 
Jibs_PC#7363661505431689216 placearmies 25 1
CARD 
Jibs_PC#7363661505431689216 placearmies 17 1
CARD 
Jibs_PC#7363661505431689216 placearmies 3 1
CARD 
Jibs_PC#7363661505431689216 placearmies 35 1
CARD 
Jibs_PC#7363661505431689216 placearmies 5 1
CARD 
Jibs_PC#7363661505431689216 placearmies 12 1
CARD 
Jibs_PC#7363661505431689216 placearmies 25 1
CARD 
Jibs_PC#7363661505431689216 placearmies 17 1
CARD 
Jibs_PC#7363661505431689216 placearmies 3 1
CARD 
Jibs_PC#7363661505431689216 placearmies 11 1
CARD 
Jibs_PC#7363661505431689216 placearmies 5 1
CARD 
Jibs_PC#7363661505431689216 placearmies 12 1
CARD 
Jibs_PC#7363661505431689216 placearmies 25 1
CARD 
Jibs_PC#7363661505431689216 placearmies 34 1
CARD 
Jibs_PC#7363661505431689216 placearmies 3 1
CARD 
Jibs_PC#7363661505431689216 placearmies 35 1
CARD 
Jibs_PC#7363661505431689216 placearmies 5 3
Jibs_PC#7363661505431689216 attack 42 40
Jibs_PC#7363661505431689216 roll 3
Jibs_PC#7363661505431689216 roll 2
DICE 3 2 5 1 0 5 5 
Jibs_PC#7363661505431689216 roll 3
Jibs_PC#7363661505431689216 roll 2
DICE 3 2 3 3 1 3 0 
Jibs_PC#7363661505431689216 roll 3
Jibs_PC#7363661505431689216 roll 2
DICE 3 2 3 2 0 3 3 
Jibs_PC#7363661505431689216 roll 3
Jibs_PC#7363661505431689216 roll 2
DICE 3 2 5 4 2 4 2 
Jibs_PC#7363661505431689216 move 4
Jibs_PC#7363661505431689216 endattack
Jibs_PC#7363661505431689216 nomove
CARD 27
Jibs_PC#7363661505431689216 placearmies 12 1
Jibs_PC#7363661505431689216 placearmies 12 2
Jibs_PC#7363661505431689216 attack 12 11
Jibs_PC#7363661505431689216 roll 3
Jibs_PC#7363661505431689216 roll 2
DICE 3 2 4 2 1 2 0 
Jibs_PC#7363661505431689216 roll 3
Jibs_PC#7363661505431689216 roll 2
DICE 3 2 5 4 2 5 1 
Jibs_PC#7363661505431689216 roll 3
Jibs_PC#7363661505431689216 roll 2
DICE 3 2 5 3 2 3 1 
Jibs_PC#7363661505431689216 roll 3
Jibs_PC#7363661505431689216 roll 2
DICE 3 2 2 2 0 5 0 
Jibs_PC#7363661505431689216 roll 3
Jibs_PC#7363661505431689216 roll 2
DICE 3 2 3 2 1 2 1 
Jibs_PC#7363661505431689216 move 14
Jibs_PC#7363661505431689216 attack 11 10
Jibs_PC#7363661505431689216 roll 3
Jibs_PC#7363661505431689216 roll 1
DICE 3 1 5 5 5 1 
Jibs_PC#7363661505431689216 move 13
Jibs_PC#7363661505431689216 endattack
Jibs_PC#7363661505431689216 nomove
CARD 35
Jibs_PC#7363661505431689216 placearmies 41 1
Jibs_PC#7363661505431689216 placearmies 41 2
Jibs_PC#7363661505431689216 attack 41 40
Jibs_PC#7363661505431689216 roll 3
Jibs_PC#7363661505431689216 roll 2
DICE 3 2 5 4 2 0 0 
Jibs_PC#7363661505431689216 roll 3
Jibs_PC#7363661505431689216 roll 2
DICE 3 2 4 3 3 4 2 
Jibs_PC#7363661505431689216 retreat
Jibs_PC#7363661505431689216 attack 41 39
Jibs_PC#7363661505431689216 roll 3
Jibs_PC#7363661505431689216 roll 1
DICE 3 1 5 5 3 5 
Jibs_PC#7363661505431689216 roll 3
Jibs_PC#7363661505431689216 roll 1
DICE 3 1 4 3 2 3 
Jibs_PC#7363661505431689216 move 10
Jibs_PC#7363661505431689216 attack 39 40
Jibs_PC#7363661505431689216 roll 3
Jibs_PC#7363661505431689216 roll 1
DICE 3 1 3 2 1 5 
Jibs_PC#7363661505431689216 roll 3
Jibs_PC#7363661505431689216 roll 1
DICE 3 1 4 1 0 4 
Jibs_PC#7363661505431689216 roll 3
Jibs_PC#7363661505431689216 roll 1
DICE 3 1 3 2 0 4 
Jibs_PC#7363661505431689216 roll 3
Jibs_PC#7363661505431689216 roll 1
DICE 3 1 4 3 2 4 
Jibs_PC#7363661505431689216 roll 3
Jibs_PC#7363661505431689216 roll 1
DICE 3 1 3 2 0 4 
Jibs_PC#7363661505431689216 roll 3
Jibs_PC#7363661505431689216 roll 1
DICE 3 1 4 3 1 0 
Jibs_PC#7363661505431689216 move 4
Jibs_PC#7363661505431689216 attack 40 42
Jibs_PC#7363661505431689216 roll 3
Jibs_PC#7363661505431689216 roll 1
DICE 3 1 5 4 3 4 
Jibs_PC#7363661505431689216 attack 25 23
Jibs_PC#7363661505431689216 roll 3
Jibs_PC#7363661505431689216 roll 1
DICE 3 1 2 0 0 1 
Jibs_PC#7363661505431689216 move 4
Jibs_PC#7363661505431689216 attack 23 24
Jibs_PC#7363661505431689216 roll 3
Jibs_PC#7363661505431689216 roll 1
DICE 3 1 4 4 3 4 
Jibs_PC#7363661505431689216 roll 2
Jibs_PC#7363661505431689216 roll 1
DICE 2 1 4 4 1 
Jibs_PC#7363661505431689216 endattack
Jibs_PC#7363661505431689216 movearmies 42 40 1
CARD 28
Jibs_PC#7363661505431689216 placearmies 17 3
Jibs_PC#7363661505431689216 attack 17 14
Jibs_PC#7363661505431689216 roll 3
Jibs_PC#7363661505431689216 roll 1
DICE 3 1 5 4 1 3 
Jibs_PC#7363661505431689216 move 10
Jibs_PC#7363661505431689216 attack 14 15
Jibs_PC#7363661505431689216 roll 3
Jibs_PC#7363661505431689216 roll 1
DICE 3 1 1 1 1 3 
Jibs_PC#7363661505431689216 roll 3
Jibs_PC#7363661505431689216 roll 1
DICE 3 1 5 4 1 1 
Jibs_PC#7363661505431689216 move 8
Jibs_PC#7363661505431689216 attack 15 16
Jibs_PC#7363661505431689216 roll 3
Jibs_PC#7363661505431689216 roll 1
DICE 3 1 3 2 0 0 
Jibs_PC#7363661505431689216 move 7
Jibs_PC#7363661505431689216 attack 16 20
Jibs_PC#7363661505431689216 roll 3
Jibs_PC#7363661505431689216 roll 1
DICE 3 1 5 4 2 1 
Jibs_PC#7363661505431689216 move 6
Jibs_PC#7363661505431689216 attack 20 19
Jibs_PC#7363661505431689216 roll 3
Jibs_PC#7363661505431689216 roll 1
DICE 3 1 5 5 2 4 
Jibs_PC#7363661505431689216 move 4
Jibs_PC#7363661505431689216 attack 34 38
Jibs_PC#7363661505431689216 roll 3
Jibs_PC#7363661505431689216 roll 1
DICE 3 1 2 0 0 1 
Jibs_PC#7363661505431689216 move 6
Jibs_PC#7363661505431689216 endattack
Jibs_PC#7363661505431689216 nomove
CARD 15
Jibs_PC#7363661505431689216 placearmies 3 2
Jibs_PC#7363661505431689216 placearmies 3 1
Jibs_PC#7363661505431689216 attack 3 7
Jibs_PC#7363661505431689216 roll 3
Jibs_PC#7363661505431689216 roll 1
DICE 3 1 4 2 1 5 
Jibs_PC#7363661505431689216 roll 3
Jibs_PC#7363661505431689216 roll 1
DICE 3 1 4 4 3 3 
Jibs_PC#7363661505431689216 move 13
Jibs_PC#7363661505431689216 attack 7 6
Jibs_PC#7363661505431689216 roll 3
Jibs_PC#7363661505431689216 roll 1
DICE 3 1 4 4 1 2 
Jibs_PC#7363661505431689216 move 12
Jibs_PC#7363661505431689216 attack 6 14
Jibs_PC#7363661505431689216 roll 3
Jibs_PC#7363661505431689216 roll 1
DICE 3 1 5 2 0 1 
Jibs_PC#7363661505431689216 move 11
Jibs_PC#7363661505431689216 attack 14 15
Jibs_PC#7363661505431689216 roll 3
Jibs_PC#7363661505431689216 roll 1
DICE 3 1 3 3 2 5 
Jibs_PC#7363661505431689216 roll 3
Jibs_PC#7363661505431689216 roll 1
DICE 3 1 3 2 0 4 
Jibs_PC#7363661505431689216 retreat
Jibs_PC#7363661505431689216 endattack
Jibs_PC#7363661505431689216 nomove
CARD 32
Jibs_PC#7363661505431689216 placearmies 35 3
Jibs_PC#7363661505431689216 attack 35 38
Jibs_PC#7363661505431689216 roll 3
Jibs_PC#7363661505431689216 roll 2
DICE 3 2 5 5 0 4 0 
Jibs_PC#7363661505431689216 roll 3
Jibs_PC#7363661505431689216 roll 2
DICE 3 2 1 1 0 3 0 
Jibs_PC#7363661505431689216 roll 3
Jibs_PC#7363661505431689216 roll 2
DICE 3 2 5 2 1 4 1 
Jibs_PC#7363661505431689216 roll 3
Jibs_PC#7363661505431689216 roll 1
DICE 3 1 4 2 2 4 
Jibs_PC#7363661505431689216 roll 3
Jibs_PC#7363661505431689216 roll 1
DICE 3 1 5 2 0 3 
Jibs_PC#7363661505431689216 move 7
Jibs_PC#7363661505431689216 attack 38 34
Jibs_PC#7363661505431689216 roll 3
Jibs_PC#7363661505431689216 roll 1
DICE 3 1 3 2 1 3 
Jibs_PC#7363661505431689216 roll 3
Jibs_PC#7363661505431689216 roll 1
DICE 3 1 1 0 0 4 
Jibs_PC#7363661505431689216 retreat
Jibs_PC#7363661505431689216 attack 38 37
Jibs_PC#7363661505431689216 roll 3
Jibs_PC#7363661505431689216 roll 1
DICE 3 1 3 1 0 3 
Jibs_PC#7363661505431689216 roll 3
Jibs_PC#7363661505431689216 roll 1
DICE 3 1 5 1 0 5 
Jibs_PC#7363661505431689216 retreat
Jibs_PC#7363661505431689216 endattack
Jibs_PC#7363661505431689216 nomove
CARD 33
Jibs_PC#7363661505431689216 placearmies 5 3
Jibs_PC#7363661505431689216 attack 5 9
Jibs_PC#7363661505431689216 roll 3
Jibs_PC#7363661505431689216 roll 1
DICE 3 1 2 1 0 4 
Jibs_PC#7363661505431689216 roll 3
Jibs_PC#7363661505431689216 roll 1
DICE 3 1 4 2 1 2 
Jibs_PC#7363661505431689216 move 9
Jibs_PC#7363661505431689216 attack 9 7
Jibs_PC#7363661505431689216 roll 3
Jibs_PC#7363661505431689216 roll 1
DICE 3 1 4 3 1 3 
Jibs_PC#7363661505431689216 move 8
Jibs_PC#7363661505431689216 attack 7 2
Jibs_PC#7363661505431689216 roll 3
Jibs_PC#7363661505431689216 roll 1
DICE 3 1 1 0 0 1 
Jibs_PC#7363661505431689216 roll 3
Jibs_PC#7363661505431689216 roll 1
DICE 3 1 5 4 2 4 
Jibs_PC#7363661505431689216 move 6
Jibs_PC#7363661505431689216 attack 2 3
Jibs_PC#7363661505431689216 roll 3
Jibs_PC#7363661505431689216 roll 1
DICE 3 1 4 2 0 5 
Jibs_PC#7363661505431689216 roll 3
Jibs_PC#7363661505431689216 roll 1
DICE 3 1 3 3 2 0 
Jibs_PC#7363661505431689216 move 3
Jibs_PC#7363661505431689216 endattack
Jibs_PC#7363661505431689216 movearmies 3 7 2
CARD 22
Jibs_PC#7363661505431689216 placearmies 12 3
Jibs_PC#7363661505431689216 attack 12 13
Jibs_PC#7363661505431689216 roll 3
Jibs_PC#7363661505431689216 roll 1
DICE 3 1 2 2 1 2 
Jibs_PC#7363661505431689216 roll 2
Jibs_PC#7363661505431689216 roll 1
DICE 2 1 1 1 5 
Jibs_PC#7363661505431689216 retreat
Jibs_PC#7363661505431689216 attack 10 5
Jibs_PC#7363661505431689216 roll 3
Jibs_PC#7363661505431689216 roll 1
DICE 3 1 4 2 2 0 
Jibs_PC#7363661505431689216 move 12
Jibs_PC#7363661505431689216 attack 5 9
Jibs_PC#7363661505431689216 roll 3
Jibs_PC#7363661505431689216 roll 1
DICE 3 1 4 2 1 4 
Jibs_PC#7363661505431689216 roll 3
Jibs_PC#7363661505431689216 roll 1
DICE 3 1 4 2 1 5 
Jibs_PC#7363661505431689216 roll 3
Jibs_PC#7363661505431689216 roll 1
DICE 3 1 3 0 0 3 
Jibs_PC#7363661505431689216 roll 3
Jibs_PC#7363661505431689216 roll 1
DICE 3 1 5 2 1 3 
Jibs_PC#7363661505431689216 move 8
Jibs_PC#7363661505431689216 attack 9 4
Jibs_PC#7363661505431689216 roll 3
Jibs_PC#7363661505431689216 roll 1
DICE 3 1 5 2 0 1 
Jibs_PC#7363661505431689216 move 7
Jibs_PC#7363661505431689216 endattack
Jibs_PC#7363661505431689216 nomove
CARD 31
Jibs_PC#7363661505431689216 placearmies 24 2
Jibs_PC#7363661505431689216 placearmies 39 1
Jibs_PC#7363661505431689216 placearmies 24 1
Jibs_PC#7363661505431689216 placearmies 21 1
Jibs_PC#7363661505431689216 attack 24 22
Jibs_PC#7363661505431689216 roll 3
Jibs_PC#7363661505431689216 roll 1
DICE 3 1 4 3 1 3 
Jibs_PC#7363661505431689216 move 4
Jibs_PC#7363661505431689216 endattack
Jibs_PC#7363661505431689216 movearmies 40 39 1
CARD 37
Jibs_PC#7363661505431689216 placearmies 19 1
Jibs_PC#7363661505431689216 placearmies 15 2
Jibs_PC#7363661505431689216 attack 19 21
Jibs_PC#7363661505431689216 roll 3
Jibs_PC#7363661505431689216 roll 2
DICE 3 2 5 5 0 1 1 
Jibs_PC#7363661505431689216 move 4
Jibs_PC#7363661505431689216 endattack
Jibs_PC#7363661505431689216 nomove
CARD 18
Jibs_PC#7363661505431689216 placearmies 6 3
Jibs_PC#7363661505431689216 attack 14 15
Jibs_PC#7363661505431689216 roll 3
Jibs_PC#7363661505431689216 roll 2
DICE 3 2 4 1 0 3 0 
Jibs_PC#7363661505431689216 roll 3
Jibs_PC#7363661505431689216 roll 1
DICE 3 1 4 2 2 1 
Jibs_PC#7363661505431689216 move 8
Jibs_PC#7363661505431689216 endattack
Jibs_PC#7363661505431689216 nomove
CARD 42
Jibs_PC#7363661505431689216 placearmies 38 1
Jibs_PC#7363661505431689216 placearmies 38 1
Jibs_PC#7363661505431689216 placearmies 33 1
Jibs_PC#7363661505431689216 attack 38 34
Jibs_PC#7363661505431689216 roll 3
Jibs_PC#7363661505431689216 roll 1
DICE 3 1 4 3 1 3 
Jibs_PC#7363661505431689216 move 4
Jibs_PC#7363661505431689216 endattack
Jibs_PC#7363661505431689216 nomove
CARD 4
Jibs_PC#7363661505431689216 placearmies 7 1
Jibs_PC#7363661505431689216 placearmies 7 1
Jibs_PC#7363661505431689216 placearmies 7 1
Jibs_PC#7363661505431689216 attack 7 6
Jibs_PC#7363661505431689216 roll 3
Jibs_PC#7363661505431689216 roll 2
DICE 3 2 4 3 1 5 0 
Jibs_PC#7363661505431689216 roll 3
Jibs_PC#7363661505431689216 roll 2
DICE 3 2 4 2 1 4 1 
Jibs_PC#7363661505431689216 roll 3
Jibs_PC#7363661505431689216 roll 2
DICE 3 2 5 4 2 5 3 
Jibs_PC#7363661505431689216 roll 2
Jibs_PC#7363661505431689216 roll 1
DICE 2 1 5 4 0 
Jibs_PC#7363661505431689216 endattack
Jibs_PC#7363661505431689216 movearmies 2 1 1
CARD 24
Jibs_PC#7363661505431689216 placearmies 12 3
Jibs_PC#7363661505431689216 attack 12 13
Jibs_PC#7363661505431689216 roll 3
Jibs_PC#7363661505431689216 roll 1
DICE 3 1 5 3 1 4 
Jibs_PC#7363661505431689216 move 3
Jibs_PC#7363661505431689216 attack 4 7
Jibs_PC#7363661505431689216 roll 3
Jibs_PC#7363661505431689216 roll 1
DICE 3 1 5 4 3 1 
Jibs_PC#7363661505431689216 move 5
Jibs_PC#7363661505431689216 attack 7 3
Jibs_PC#7363661505431689216 roll 3
Jibs_PC#7363661505431689216 roll 1
DICE 3 1 5 4 1 5 
Jibs_PC#7363661505431689216 roll 3
Jibs_PC#7363661505431689216 roll 1
DICE 3 1 3 1 0 5 
Jibs_PC#7363661505431689216 roll 2
Jibs_PC#7363661505431689216 roll 1
DICE 2 1 0 0 5 
Jibs_PC#7363661505431689216 retreat
Jibs_PC#7363661505431689216 endattack
Jibs_PC#7363661505431689216 movearmies 13 12 2
CARD 12
Jibs_PC#7363661505431689216 placearmies 25 4
Jibs_PC#7363661505431689216 placearmies 22 1
Jibs_PC#7363661505431689216 attack 25 26
Jibs_PC#7363661505431689216 roll 3
Jibs_PC#7363661505431689216 roll 1
DICE 3 1 5 3 1 0 
Jibs_PC#7363661505431689216 move 3
Jibs_PC#7363661505431689216 attack 22 31
Jibs_PC#7363661505431689216 roll 3
Jibs_PC#7363661505431689216 roll 1
DICE 3 1 5 4 2 3 
Jibs_PC#7363661505431689216 move 4
Jibs_PC#7363661505431689216 endattack
Jibs_PC#7363661505431689216 movearmies 26 24 2
CARD 5
Jibs_PC#7363661505431689216 placearmies 17 3
Jibs_PC#7363661505431689216 attack 17 14
Jibs_PC#7363661505431689216 roll 3
Jibs_PC#7363661505431689216 roll 1
DICE 3 1 5 5 0 1 
Jibs_PC#7363661505431689216 endattack
Jibs_PC#7363661505431689216 nomove
CARD 3
Jibs_PC#7363661505431689216 placearmies 15 3
Jibs_PC#7363661505431689216 attack 15 14
Jibs_PC#7363661505431689216 roll 3
Jibs_PC#7363661505431689216 roll 2
DICE 3 2 3 1 0 4 3 
Jibs_PC#7363661505431689216 roll 3
Jibs_PC#7363661505431689216 roll 2
DICE 3 2 5 1 1 5 0 
Jibs_PC#7363661505431689216 roll 3
Jibs_PC#7363661505431689216 roll 2
DICE 3 2 3 0 0 3 1 
Jibs_PC#7363661505431689216 roll 3
Jibs_PC#7363661505431689216 roll 2
DICE 3 2 2 1 0 2 2 
Jibs_PC#7363661505431689216 roll 3
Jibs_PC#7363661505431689216 roll 2
DICE 3 2 3 3 1 5 4 
Jibs_PC#7363661505431689216 retreat
Jibs_PC#7363661505431689216 endattack
Jibs_PC#7363661505431689216 nomove
CARD 
Jibs_PC#7363661505431689216 placearmies 34 3
Jibs_PC#7363661505431689216 attack 34 27
Jibs_PC#7363661505431689216 roll 3
Jibs_PC#7363661505431689216 roll 1
DICE 3 1 4 2 1 3 
Jibs_PC#7363661505431689216 move 6
Jibs_PC#7363661505431689216 endattack
Jibs_PC#7363661505431689216 nomove
CARD 40
Jibs_PC#7363661505431689216 placearmies 6 2
Jibs_PC#7363661505431689216 placearmies 6 1
Jibs_PC#7363661505431689216 attack 6 7
Jibs_PC#7363661505431689216 roll 3
Jibs_PC#7363661505431689216 roll 2
DICE 3 2 4 3 3 2 0 
Jibs_PC#7363661505431689216 move 4
Jibs_PC#7363661505431689216 attack 7 4
Jibs_PC#7363661505431689216 roll 3
Jibs_PC#7363661505431689216 roll 2
DICE 3 2 4 2 1 2 2 
Jibs_PC#7363661505431689216 roll 2
Jibs_PC#7363661505431689216 roll 1
DICE 2 1 5 1 5 
Jibs_PC#7363661505431689216 retreat
Jibs_PC#7363661505431689216 endattack
Jibs_PC#7363661505431689216 nomove
CARD 41
Jibs_PC#7363661505431689216 placearmies 8 3
Jibs_PC#7363661505431689216 placearmies 4 1
Jibs_PC#7363661505431689216 placearmies 9 1
Jibs_PC#7363661505431689216 attack 8 6
Jibs_PC#7363661505431689216 roll 3
Jibs_PC#7363661505431689216 roll 1
DICE 3 1 3 2 1 1 
Jibs_PC#7363661505431689216 attack 6 2
Jibs_PC#7363661505431689216 roll 2
Jibs_PC#7363661505431689216 roll 1
DICE 2 1 5 1 5 
Jibs_PC#7363661505431689216 retreat
Jibs_PC#7363661505431689216 endattack
Jibs_PC#7363661505431689216 nomove
CARD 34
Jibs_PC#7363661505431689216 placearmies 24 5
Jibs_PC#7363661505431689216 attack 24 21
Jibs_PC#7363661505431689216 roll 3
Jibs_PC#7363661505431689216 roll 2
DICE 3 2 5 4 4 0 0 
Jibs_PC#7363661505431689216 roll 3
Jibs_PC#7363661505431689216 roll 2
DICE 3 2 2 0 0 5 1 
Jibs_PC#7363661505431689216 roll 3
Jibs_PC#7363661505431689216 roll 2
DICE 3 2 5 5 0 4 0 
Jibs_PC#7363661505431689216 move 5
Jibs_PC#7363661505431689216 attack 21 19
Jibs_PC#7363661505431689216 roll 3
Jibs_PC#7363661505431689216 roll 1
DICE 3 1 2 2 0 5 
Jibs_PC#7363661505431689216 roll 3
Jibs_PC#7363661505431689216 roll 1
DICE 3 1 5 1 0 1 
Jibs_PC#7363661505431689216 endattack
Jibs_PC#7363661505431689216 movearmies 31 22 3
CARD 25
Jibs_PC#7363661505431689216 trade 15 18 3
Jibs_PC#7363661505431689216 placearmies 18 3
Jibs_PC#7363661505431689216 placearmies 14 10
Jibs_PC#7363661505431689216 attack 14 6
Jibs_PC#7363661505431689216 roll 3
Jibs_PC#7363661505431689216 roll 2
DICE 3 2 3 3 0 4 3 
Jibs_PC#7363661505431689216 roll 3
Jibs_PC#7363661505431689216 roll 2
DICE 3 2 5 5 0 3 0 
Jibs_PC#7363661505431689216 move 9
Jibs_PC#7363661505431689216 attack 18 19
Jibs_PC#7363661505431689216 roll 3
Jibs_PC#7363661505431689216 roll 2
DICE 3 2 4 2 0 4 4 
Jibs_PC#7363661505431689216 roll 3
Jibs_PC#7363661505431689216 roll 2
DICE 3 2 5 4 2 0 0 
Jibs_PC#7363661505431689216 roll 3
Jibs_PC#7363661505431689216 roll 1
DICE 3 1 5 4 3 2 
Jibs_PC#7363661505431689216 attack 19 21
Jibs_PC#7363661505431689216 roll 2
Jibs_PC#7363661505431689216 roll 1
DICE 2 1 4 2 4 
Jibs_PC#7363661505431689216 retreat
Jibs_PC#7363661505431689216 endattack
Jibs_PC#7363661505431689216 nomove
CARD 20
Jibs_PC#7363661505431689216 placearmies 15 2
Jibs_PC#7363661505431689216 placearmies 15 1
Jibs_PC#7363661505431689216 attack 15 14
Jibs_PC#7363661505431689216 roll 3
Jibs_PC#7363661505431689216 roll 1
DICE 3 1 3 0 0 4 
Jibs_PC#7363661505431689216 roll 3
Jibs_PC#7363661505431689216 roll 1
DICE 3 1 5 5 2 0 
Jibs_PC#7363661505431689216 endattack
Jibs_PC#7363661505431689216 nomove
CARD 14
Jibs_PC#7363661505431689216 trade 33 4 40
Jibs_PC#7363661505431689216 placearmies 27 13
Jibs_PC#7363661505431689216 attack 33 29
Jibs_PC#7363661505431689216 roll 3
Jibs_PC#7363661505431689216 roll 1
DICE 3 1 4 2 1 0 
Jibs_PC#7363661505431689216 attack 27 28
Jibs_PC#7363661505431689216 roll 3
Jibs_PC#7363661505431689216 roll 1
DICE 3 1 5 4 2 1 
Jibs_PC#7363661505431689216 move 18
Jibs_PC#7363661505431689216 attack 28 16
Jibs_PC#7363661505431689216 roll 3
Jibs_PC#7363661505431689216 roll 1
DICE 3 1 5 3 2 1 
Jibs_PC#7363661505431689216 move 17
Jibs_PC#7363661505431689216 attack 16 15
Jibs_PC#7363661505431689216 roll 3
Jibs_PC#7363661505431689216 roll 1
DICE 3 1 2 2 0 4 
Jibs_PC#7363661505431689216 roll 3
Jibs_PC#7363661505431689216 roll 1
DICE 3 1 4 1 0 0 
Jibs_PC#7363661505431689216 move 15
Jibs_PC#7363661505431689216 attack 15 14
Jibs_PC#7363661505431689216 roll 3
Jibs_PC#7363661505431689216 roll 2
DICE 3 2 3 3 2 3 3 
Jibs_PC#7363661505431689216 roll 3
Jibs_PC#7363661505431689216 roll 2
DICE 3 2 0 0 0 4 2 
Jibs_PC#7363661505431689216 roll 3
Jibs_PC#7363661505431689216 roll 2
DICE 3 2 3 2 0 4 4 
Jibs_PC#7363661505431689216 roll 3
Jibs_PC#7363661505431689216 roll 2
DICE 3 2 5 3 1 2 1 
Jibs_PC#7363661505431689216 roll 3
Jibs_PC#7363661505431689216 roll 1
DICE 3 1 5 5 1 1 
Jibs_PC#7363661505431689216 move 8
Jibs_PC#7363661505431689216 endattack
Jibs_PC#7363661505431689216 nomove
CARD 2
Jibs_PC#7363661505431689216 trade 27 24 41
Jibs_PC#7363661505431689216 placearmies 7 2
Jibs_PC#7363661505431689216 placearmies 7 1
Jibs_PC#7363661505431689216 placearmies 7 8
Jibs_PC#7363661505431689216 attack 7 4
Jibs_PC#7363661505431689216 roll 3
Jibs_PC#7363661505431689216 roll 2
DICE 3 2 4 4 1 5 1 
Jibs_PC#7363661505431689216 roll 3
Jibs_PC#7363661505431689216 roll 1
DICE 3 1 3 1 1 4 
Jibs_PC#7363661505431689216 roll 3
Jibs_PC#7363661505431689216 roll 1
DICE 3 1 3 2 0 3 
Jibs_PC#7363661505431689216 roll 3
Jibs_PC#7363661505431689216 roll 1
DICE 3 1 4 4 4 0 
Jibs_PC#7363661505431689216 move 9
Jibs_PC#7363661505431689216 attack 4 5
Jibs_PC#7363661505431689216 roll 3
Jibs_PC#7363661505431689216 roll 1
DICE 3 1 5 2 1 1 
Jibs_PC#7363661505431689216 move 8
Jibs_PC#7363661505431689216 attack 5 10
Jibs_PC#7363661505431689216 roll 3
Jibs_PC#7363661505431689216 roll 1
DICE 3 1 3 3 2 0 
Jibs_PC#7363661505431689216 move 7
Jibs_PC#7363661505431689216 attack 10 12
Jibs_PC#7363661505431689216 roll 3
Jibs_PC#7363661505431689216 roll 2
DICE 3 2 3 2 0 4 2 
Jibs_PC#7363661505431689216 roll 3
Jibs_PC#7363661505431689216 roll 2
DICE 3 2 5 5 1 5 2 
Jibs_PC#7363661505431689216 retreat
Jibs_PC#7363661505431689216 endattack
Jibs_PC#7363661505431689216 nomove
CARD 26
Jibs_PC#7363661505431689216 trade 35 31 34
Jibs_PC#7363661505431689216 placearmies 12 1
Jibs_PC#7363661505431689216 placearmies 12 5
Jibs_PC#7363661505431689216 placearmies 12 6
Jibs_PC#7363661505431689216 placearmies 12 1
Jibs_PC#7363661505431689216 attack 12 21
Jibs_PC#7363661505431689216 roll 3
Jibs_PC#7363661505431689216 roll 1
DICE 3 1 4 2 1 0 
Jibs_PC#7363661505431689216 move 15
Jibs_PC#7363661505431689216 attack 21 24
Jibs_PC#7363661505431689216 roll 3
Jibs_PC#7363661505431689216 roll 1
DICE 3 1 3 3 0 0 
Jibs_PC#7363661505431689216 move 14
Jibs_PC#7363661505431689216 attack 24 26
Jibs_PC#7363661505431689216 roll 3
Jibs_PC#7363661505431689216 roll 1
DICE 3 1 5 2 1 1 
Jibs_PC#7363661505431689216 move 10
Jibs_PC#7363661505431689216 attack 26 25
Jibs_PC#7363661505431689216 roll 3
Jibs_PC#7363661505431689216 roll 2
DICE 3 2 4 3 3 4 3 
Jibs_PC#7363661505431689216 roll 3
Jibs_PC#7363661505431689216 roll 2
DICE 3 2 1 0 0 2 1 
Jibs_PC#7363661505431689216 roll 3
Jibs_PC#7363661505431689216 roll 2
DICE 3 2 4 2 1 2 1 
Jibs_PC#7363661505431689216 move 5
Jibs_PC#7363661505431689216 attack 25 23
Jibs_PC#7363661505431689216 roll 3
Jibs_PC#7363661505431689216 roll 1
DICE 3 1 5 2 2 1 
Jibs_PC#7363661505431689216 move 3
Jibs_PC#7363661505431689216 endattack
Jibs_PC#7363661505431689216 movearmies 23 24 2
CARD wildcard
Jibs_PC#7363661505431689216 trade 28 37 25
Jibs_PC#7363661505431689216 placearmies 22 13
Jibs_PC#7363661505431689216 placearmies 22 2
Jibs_PC#7363661505431689216 attack 22 24
Jibs_PC#7363661505431689216 roll 3
Jibs_PC#7363661505431689216 roll 2
DICE 3 2 5 0 0 5 3 
Jibs_PC#7363661505431689216 roll 3
Jibs_PC#7363661505431689216 roll 2
DICE 3 2 5 3 2 4 0 
Jibs_PC#7363661505431689216 roll 3
Jibs_PC#7363661505431689216 roll 2
DICE 3 2 3 3 0 5 2 
Jibs_PC#7363661505431689216 roll 3
Jibs_PC#7363661505431689216 roll 2
DICE 3 2 5 4 4 5 4 
Jibs_PC#7363661505431689216 roll 3
Jibs_PC#7363661505431689216 roll 2
DICE 3 2 1 1 0 5 0 
Jibs_PC#7363661505431689216 retreat
Jibs_PC#7363661505431689216 attack 22 21
Jibs_PC#7363661505431689216 roll 3
Jibs_PC#7363661505431689216 roll 1
DICE 3 1 5 1 0 4 
Jibs_PC#7363661505431689216 move 12
Jibs_PC#7363661505431689216 attack 21 12
Jibs_PC#7363661505431689216 roll 3
Jibs_PC#7363661505431689216 roll 1
DICE 3 1 4 3 2 2 
Jibs_PC#7363661505431689216 move 11
Jibs_PC#7363661505431689216 attack 12 13
Jibs_PC#7363661505431689216 roll 3
Jibs_PC#7363661505431689216 roll 1
DICE 3 1 4 1 1 0 
Jibs_PC#7363661505431689216 move 10
Jibs_PC#7363661505431689216 attack 13 11
Jibs_PC#7363661505431689216 roll 3
Jibs_PC#7363661505431689216 roll 1
DICE 3 1 3 1 0 3 
Jibs_PC#7363661505431689216 roll 3
Jibs_PC#7363661505431689216 roll 1
DICE 3 1 4 1 1 2 
Jibs_PC#7363661505431689216 move 8
Jibs_PC#7363661505431689216 attack 11 10
Jibs_PC#7363661505431689216 roll 3
Jibs_PC#7363661505431689216 roll 2
DICE 3 2 5 5 2 5 5 
Jibs_PC#7363661505431689216 roll 3
Jibs_PC#7363661505431689216 roll 2
DICE 3 2 4 1 0 2 2 
Jibs_PC#7363661505431689216 roll 3
Jibs_PC#7363661505431689216 roll 2
DICE 3 2 4 2 1 5 3 
Jibs_PC#7363661505431689216 retreat
Jibs_PC#7363661505431689216 endattack
Jibs_PC#7363661505431689216 nomove
CARD 21
Jibs_PC#7363661505431689216 placearmies 20 3
Jibs_PC#7363661505431689216 attack 20 16
Jibs_PC#7363661505431689216 roll 3
Jibs_PC#7363661505431689216 roll 1
DICE 3 1 5 4 0 4 
Jibs_PC#7363661505431689216 move 4
Jibs_PC#7363661505431689216 attack 16 15
Jibs_PC#7363661505431689216 roll 3
Jibs_PC#7363661505431689216 roll 1
DICE 3 1 5 3 0 3 
Jibs_PC#7363661505431689216 endattack
Jibs_PC#7363661505431689216 nomove
CARD 13
Jibs_PC#7363661505431689216 trade 32 42 14
Jibs_PC#7363661505431689216 placearmies 29 5
Jibs_PC#7363661505431689216 placearmies 29 2
Jibs_PC#7363661505431689216 attack 29 36
Jibs_PC#7363661505431689216 roll 3
Jibs_PC#7363661505431689216 roll 1
DICE 3 1 5 3 1 4 
Jibs_PC#7363661505431689216 move 5
Jibs_PC#7363661505431689216 attack 36 37
Jibs_PC#7363661505431689216 roll 3
Jibs_PC#7363661505431689216 roll 1
DICE 3 1 5 4 2 0 
Jibs_PC#7363661505431689216 move 3
Jibs_PC#7363661505431689216 attack 29 32
Jibs_PC#7363661505431689216 roll 3
Jibs_PC#7363661505431689216 roll 1
DICE 3 1 4 3 2 0 
Jibs_PC#7363661505431689216 move 4
Jibs_PC#7363661505431689216 attack 32 31
Jibs_PC#7363661505431689216 roll 3
Jibs_PC#7363661505431689216 roll 1
DICE 3 1 4 1 0 2 
Jibs_PC#7363661505431689216 attack 31 20
Jibs_PC#7363661505431689216 roll 2
Jibs_PC#7363661505431689216 roll 1
DICE 2 1 2 2 0 
Jibs_PC#7363661505431689216 attack 14 17
Jibs_PC#7363661505431689216 roll 3
Jibs_PC#7363661505431689216 roll 1
DICE 3 1 4 4 2 0 
Jibs_PC#7363661505431689216 move 9
Jibs_PC#7363661505431689216 attack 17 19
Jibs_PC#7363661505431689216 roll 3
Jibs_PC#7363661505431689216 roll 2
DICE 3 2 4 3 1 2 1 
Jibs_PC#7363661505431689216 move 8
Jibs_PC#7363661505431689216 attack 19 21
Jibs_PC#7363661505431689216 roll 3
Jibs_PC#7363661505431689216 roll 1
DICE 3 1 5 4 2 0 
Jibs_PC#7363661505431689216 move 7
Jibs_PC#7363661505431689216 attack 21 24
Jibs_PC#7363661505431689216 roll 3
Jibs_PC#7363661505431689216 roll 2
DICE 3 2 2 0 0 2 1 
Jibs_PC#7363661505431689216 roll 3
Jibs_PC#7363661505431689216 roll 2
DICE 3 2 2 2 0 4 2 
Jibs_PC#7363661505431689216 retreat
Jibs_PC#7363661505431689216 endattack
Jibs_PC#7363661505431689216 movearmies 37 38 2
CARD 39
Jibs_PC#7363661505431689216 placearmies 10 1
Jibs_PC#7363661505431689216 placearmies 10 1
Jibs_PC#7363661505431689216 placearmies 7 1
Jibs_PC#7363661505431689216 attack 10 11
Jibs_PC#7363661505431689216 roll 3
Jibs_PC#7363661505431689216 roll 2
DICE 3 2 5 2 0 4 0 
Jibs_PC#7363661505431689216 roll 3
Jibs_PC#7363661505431689216 roll 1
DICE 3 1 4 2 0 0 
Jibs_PC#7363661505431689216 move 4
Jibs_PC#7363661505431689216 attack 11 12
Jibs_PC#7363661505431689216 roll 3
Jibs_PC#7363661505431689216 roll 1
DICE 3 1 5 1 1 0 
Jibs_PC#7363661505431689216 attack 12 13
Jibs_PC#7363661505431689216 roll 2
Jibs_PC#7363661505431689216 roll 1
DICE 2 1 4 2 4 
Jibs_PC#7363661505431689216 retreat
Jibs_PC#7363661505431689216 endattack
Jibs_PC#7363661505431689216 nomove
CARD 8
Jibs_PC#7363661505431689216 placearmies 24 2
Jibs_PC#7363661505431689216 placearmies 24 1
Jibs_PC#7363661505431689216 attack 24 21
Jibs_PC#7363661505431689216 roll 3
Jibs_PC#7363661505431689216 roll 2
DICE 3 2 1 1 0 3 3 
Jibs_PC#7363661505431689216 retreat
Jibs_PC#7363661505431689216 attack 24 22
Jibs_PC#7363661505431689216 roll 2
Jibs_PC#7363661505431689216 roll 1
DICE 2 1 5 2 1 
Jibs_PC#7363661505431689216 endattack
Jibs_PC#7363661505431689216 movearmies 25 24 1
CARD 29
Jibs_PC#7363661505431689216 placearmies 39 1
Jibs_PC#7363661505431689216 placearmies 39 1
Jibs_PC#7363661505431689216 placearmies 39 3
Jibs_PC#7363661505431689216 attack 39 33
Jibs_PC#7363661505431689216 roll 3
Jibs_PC#7363661505431689216 roll 1
DICE 3 1 5 4 1 1 
Jibs_PC#7363661505431689216 move 7
Jibs_PC#7363661505431689216 attack 33 29
Jibs_PC#7363661505431689216 roll 3
Jibs_PC#7363661505431689216 roll 1
DICE 3 1 5 4 1 0 
Jibs_PC#7363661505431689216 move 5
Jibs_PC#7363661505431689216 attack 29 36
Jibs_PC#7363661505431689216 roll 3
Jibs_PC#7363661505431689216 roll 2
DICE 3 2 4 4 2 5 3 
Jibs_PC#7363661505431689216 roll 3
Jibs_PC#7363661505431689216 roll 1
DICE 3 1 4 3 3 2 
Jibs_PC#7363661505431689216 attack 36 27
Jibs_PC#7363661505431689216 roll 2
Jibs_PC#7363661505431689216 roll 1
DICE 2 1 0 0 4 
Jibs_PC#7363661505431689216 retreat
Jibs_PC#7363661505431689216 endattack
Jibs_PC#7363661505431689216 nomove
CARD 23
Jibs_PC#7363661505431689216 placearmies 6 2
Jibs_PC#7363661505431689216 placearmies 6 1
Jibs_PC#7363661505431689216 attack 6 14
Jibs_PC#7363661505431689216 roll 3
Jibs_PC#7363661505431689216 roll 1
DICE 3 1 5 4 0 2 
Jibs_PC#7363661505431689216 move 11
Jibs_PC#7363661505431689216 attack 14 17
Jibs_PC#7363661505431689216 roll 3
Jibs_PC#7363661505431689216 roll 1
DICE 3 1 5 5 0 0 
Jibs_PC#7363661505431689216 move 10
Jibs_PC#7363661505431689216 attack 17 19
Jibs_PC#7363661505431689216 roll 3
Jibs_PC#7363661505431689216 roll 1
DICE 3 1 5 5 1 4 
Jibs_PC#7363661505431689216 move 9
Jibs_PC#7363661505431689216 attack 19 20
Jibs_PC#7363661505431689216 roll 3
Jibs_PC#7363661505431689216 roll 2
DICE 3 2 4 1 0 5 0 
Jibs_PC#7363661505431689216 roll 3
Jibs_PC#7363661505431689216 roll 1
DICE 3 1 3 1 0 3 
Jibs_PC#7363661505431689216 roll 3
Jibs_PC#7363661505431689216 roll 1
DICE 3 1 5 3 2 5 
Jibs_PC#7363661505431689216 roll 3
Jibs_PC#7363661505431689216 roll 1
DICE 3 1 5 2 1 2 
Jibs_PC#7363661505431689216 move 4
Jibs_PC#7363661505431689216 endattack
Jibs_PC#7363661505431689216 movearmies 15 16 2
CARD 6
Jibs_PC#7363661505431689216 placearmies 21 1
Jibs_PC#7363661505431689216 placearmies 21 2
Jibs_PC#7363661505431689216 attack 21 19
Jibs_PC#7363661505431689216 roll 3
Jibs_PC#7363661505431689216 roll 2
DICE 3 2 5 2 1 5 3 
Jibs_PC#7363661505431689216 roll 3
Jibs_PC#7363661505431689216 roll 2
DICE 3 2 5 2 0 2 2 
Jibs_PC#7363661505431689216 roll 2
Jibs_PC#7363661505431689216 roll 1
DICE 2 1 4 4 4 
Jibs_PC#7363661505431689216 retreat
Jibs_PC#7363661505431689216 attack 38 36
Jibs_PC#7363661505431689216 roll 2
Jibs_PC#7363661505431689216 roll 2
DICE 2 2 2 1 3 0 
Jibs_PC#7363661505431689216 retreat
Jibs_PC#7363661505431689216 endattack
Jibs_PC#7363661505431689216 nomove
CARD 
Jibs_PC#7363661505431689216 placearmies 12 2
Jibs_PC#7363661505431689216 placearmies 12 1
Jibs_PC#7363661505431689216 attack 12 13
Jibs_PC#7363661505431689216 roll 3
Jibs_PC#7363661505431689216 roll 1
DICE 3 1 5 3 0 4 
Jibs_PC#7363661505431689216 move 3
Jibs_PC#7363661505431689216 endattack
Jibs_PC#7363661505431689216 movearmies 13 12 2
CARD wildcard
Jibs_PC#7363661505431689216 trade 12 wildcard 29
Jibs_PC#7363661505431689216 placearmies 9 2
Jibs_PC#7363661505431689216 placearmies 9 11
Jibs_PC#7363661505431689216 attack 9 5
Jibs_PC#7363661505431689216 roll 3
Jibs_PC#7363661505431689216 roll 1
DICE 3 1 4 3 0 1 
Jibs_PC#7363661505431689216 move 14
Jibs_PC#7363661505431689216 attack 5 10
Jibs_PC#7363661505431689216 roll 3
Jibs_PC#7363661505431689216 roll 1
DICE 3 1 4 2 0 3 
Jibs_PC#7363661505431689216 move 13
Jibs_PC#7363661505431689216 attack 10 12
Jibs_PC#7363661505431689216 roll 3
Jibs_PC#7363661505431689216 roll 2
DICE 3 2 5 5 4 2 1 
Jibs_PC#7363661505431689216 roll 3
Jibs_PC#7363661505431689216 roll 2
DICE 3 2 1 0 0 2 2 
Jibs_PC#7363661505431689216 roll 3
Jibs_PC#7363661505431689216 roll 2
DICE 3 2 4 3 0 2 0 
Jibs_PC#7363661505431689216 move 10
Jibs_PC#7363661505431689216 attack 12 21
Jibs_PC#7363661505431689216 roll 3
Jibs_PC#7363661505431689216 roll 2
DICE 3 2 3 1 1 4 4 
Jibs_PC#7363661505431689216 roll 3
Jibs_PC#7363661505431689216 roll 2
DICE 3 2 5 5 0 5 2 
Jibs_PC#7363661505431689216 roll 3
Jibs_PC#7363661505431689216 roll 1
DICE 3 1 4 3 3 1 
Jibs_PC#7363661505431689216 move 6
Jibs_PC#7363661505431689216 attack 21 19
Jibs_PC#7363661505431689216 roll 3
Jibs_PC#7363661505431689216 roll 1
DICE 3 1 3 2 0 4 
Jibs_PC#7363661505431689216 roll 3
Jibs_PC#7363661505431689216 roll 1
DICE 3 1 5 3 2 3 
Jibs_PC#7363661505431689216 move 3
Jibs_PC#7363661505431689216 endattack
Jibs_PC#7363661505431689216 movearmies 19 21 2
CARD 38
Jibs_PC#7363661505431689216 placearmies 33 2
Jibs_PC#7363661505431689216 placearmies 33 3
Jibs_PC#7363661505431689216 attack 33 32
Jibs_PC#7363661505431689216 roll 3
Jibs_PC#7363661505431689216 roll 1
DICE 3 1 5 4 4 3 
Jibs_PC#7363661505431689216 move 6
Jibs_PC#7363661505431689216 endattack
Jibs_PC#7363661505431689216 movearmies 32 29 1
CARD 1
Jibs_PC#7363661505431689216 placearmies 20 1
Jibs_PC#7363661505431689216 placearmies 20 1
Jibs_PC#7363661505431689216 placearmies 6 1
Jibs_PC#7363661505431689216 attack 20 22
Jibs_PC#7363661505431689216 roll 3
Jibs_PC#7363661505431689216 roll 2
DICE 3 2 4 1 1 5 1 
Jibs_PC#7363661505431689216 roll 3
Jibs_PC#7363661505431689216 roll 2
DICE 3 2 4 1 0 5 4 
Jibs_PC#7363661505431689216 retreat
Jibs_PC#7363661505431689216 attack 16 28
Jibs_PC#7363661505431689216 roll 2
Jibs_PC#7363661505431689216 roll 1
DICE 2 1 2 2 2 
Jibs_PC#7363661505431689216 retreat
Jibs_PC#7363661505431689216 endattack
Jibs_PC#7363661505431689216 nomove
CARD 
Jibs_PC#7363661505431689216 placearmies 38 2
Jibs_PC#7363661505431689216 placearmies 38 1
Jibs_PC#7363661505431689216 attack 38 36
Jibs_PC#7363661505431689216 roll 3
Jibs_PC#7363661505431689216 roll 1
DICE 3 1 5 2 2 2 
Jibs_PC#7363661505431689216 move 4
Jibs_PC#7363661505431689216 attack 36 29
Jibs_PC#7363661505431689216 roll 3
Jibs_PC#7363661505431689216 roll 2
DICE 3 2 5 5 4 3 0 
Jibs_PC#7363661505431689216 attack 29 33
Jibs_PC#7363661505431689216 roll 2
Jibs_PC#7363661505431689216 roll 1
DICE 2 1 5 1 4 
Jibs_PC#7363661505431689216 endattack
Jibs_PC#7363661505431689216 nomove
CARD 16
Jibs_PC#7363661505431689216 trade 22 8 wildcard
Jibs_PC#7363661505431689216 placearmies 7 2
Jibs_PC#7363661505431689216 placearmies 7 4
Jibs_PC#7363661505431689216 placearmies 7 6
Jibs_PC#7363661505431689216 placearmies 7 1
Jibs_PC#7363661505431689216 attack 7 9
Jibs_PC#7363661505431689216 roll 3
Jibs_PC#7363661505431689216 roll 1
DICE 3 1 5 3 0 2 
Jibs_PC#7363661505431689216 move 14
Jibs_PC#7363661505431689216 attack 9 8
Jibs_PC#7363661505431689216 roll 3
Jibs_PC#7363661505431689216 roll 1
DICE 3 1 5 4 1 0 
Jibs_PC#7363661505431689216 move 13
Jibs_PC#7363661505431689216 attack 8 6
Jibs_PC#7363661505431689216 roll 3
Jibs_PC#7363661505431689216 roll 2
DICE 3 2 5 5 3 0 0 
Jibs_PC#7363661505431689216 move 12
Jibs_PC#7363661505431689216 attack 6 14
Jibs_PC#7363661505431689216 roll 3
Jibs_PC#7363661505431689216 roll 1
DICE 3 1 5 3 0 3 
Jibs_PC#7363661505431689216 move 11
Jibs_PC#7363661505431689216 attack 14 17
Jibs_PC#7363661505431689216 roll 3
Jibs_PC#7363661505431689216 roll 1
DICE 3 1 5 1 1 1 
Jibs_PC#7363661505431689216 move 10
Jibs_PC#7363661505431689216 attack 17 18
Jibs_PC#7363661505431689216 roll 3
Jibs_PC#7363661505431689216 roll 1
DICE 3 1 5 4 3 5 
Jibs_PC#7363661505431689216 roll 3
Jibs_PC#7363661505431689216 roll 1
DICE 3 1 5 2 2 5 
Jibs_PC#7363661505431689216 retreat
Jibs_PC#7363661505431689216 attack 17 19
Jibs_PC#7363661505431689216 roll 3
Jibs_PC#7363661505431689216 roll 1
DICE 3 1 4 3 1 0 
Jibs_PC#7363661505431689216 move 7
Jibs_PC#7363661505431689216 attack 19 20
Jibs_PC#7363661505431689216 roll 3
Jibs_PC#7363661505431689216 roll 2
DICE 3 2 5 2 1 2 1 
Jibs_PC#7363661505431689216 move 6
Jibs_PC#7363661505431689216 attack 20 22
Jibs_PC#7363661505431689216 roll 3
Jibs_PC#7363661505431689216 roll 2
DICE 3 2 5 5 4 1 1 
Jibs_PC#7363661505431689216 move 5
Jibs_PC#7363661505431689216 attack 22 31
Jibs_PC#7363661505431689216 roll 3
Jibs_PC#7363661505431689216 roll 1
DICE 3 1 5 3 1 5 
Jibs_PC#7363661505431689216 roll 3
Jibs_PC#7363661505431689216 roll 1
DICE 3 1 5 1 0 3 
Jibs_PC#7363661505431689216 endattack
Jibs_PC#7363661505431689216 nomove
CARD 17
Jibs_PC#7363661505431689216 placearmies 12 3
Jibs_PC#7363661505431689216 attack 21 22
Jibs_PC#7363661505431689216 roll 3
Jibs_PC#7363661505431689216 roll 1
DICE 3 1 5 4 4 1 
Jibs_PC#7363661505431689216 attack 12 11
Jibs_PC#7363661505431689216 roll 3
Jibs_PC#7363661505431689216 roll 1
DICE 3 1 4 2 1 1 
Jibs_PC#7363661505431689216 attack 11 13
Jibs_PC#7363661505431689216 roll 2
Jibs_PC#7363661505431689216 roll 1
DICE 2 1 2 2 0 
Jibs_PC#7363661505431689216 endattack
Jibs_PC#7363661505431689216 movearmies 24 21 1
CARD 30
Jibs_PC#7363661505431689216 placearmies 39 1
Jibs_PC#7363661505431689216 placearmies 32 3
Jibs_PC#7363661505431689216 placearmies 32 1
Jibs_PC#7363661505431689216 attack 32 31
Jibs_PC#7363661505431689216 roll 3
Jibs_PC#7363661505431689216 roll 2
DICE 3 2 1 0 0 5 5 
Jibs_PC#7363661505431689216 roll 3
Jibs_PC#7363661505431689216 roll 2
DICE 3 2 5 4 0 4 0 
Jibs_PC#7363661505431689216 retreat
Jibs_PC#7363661505431689216 attack 32 29
Jibs_PC#7363661505431689216 roll 3
Jibs_PC#7363661505431689216 roll 1
DICE 3 1 5 5 3 2 
Jibs_PC#7363661505431689216 move 6
Jibs_PC#7363661505431689216 endattack
Jibs_PC#7363661505431689216 nomove
CARD 36
Jibs_PC#7363661505431689216 placearmies 16 2
Jibs_PC#7363661505431689216 placearmies 16 1
Jibs_PC#7363661505431689216 attack 16 20
Jibs_PC#7363661505431689216 roll 3
Jibs_PC#7363661505431689216 roll 1
DICE 3 1 4 0 0 3 
Jibs_PC#7363661505431689216 move 4
Jibs_PC#7363661505431689216 attack 20 21
Jibs_PC#7363661505431689216 roll 3
Jibs_PC#7363661505431689216 roll 2
DICE 3 2 5 4 2 4 1 
Jibs_PC#7363661505431689216 attack 21 12
Jibs_PC#7363661505431689216 roll 2
Jibs_PC#7363661505431689216 roll 1
DICE 2 1 2 2 5 
Jibs_PC#7363661505431689216 retreat
Jibs_PC#7363661505431689216 endattack
Jibs_PC#7363661505431689216 nomove
CARD 7
Jibs_PC#7363661505431689216 placearmies 33 2
Jibs_PC#7363661505431689216 placearmies 33 1
Jibs_PC#7363661505431689216 attack 33 39
Jibs_PC#7363661505431689216 roll 3
Jibs_PC#7363661505431689216 roll 2
DICE 3 2 4 4 2 5 1 
Jibs_PC#7363661505431689216 roll 3
Jibs_PC#7363661505431689216 roll 1
DICE 3 1 4 3 3 4 
Jibs_PC#7363661505431689216 roll 2
Jibs_PC#7363661505431689216 roll 1
DICE 2 1 3 1 1 
Jibs_PC#7363661505431689216 endattack
Jibs_PC#7363661505431689216 nomove
CARD 11
Jibs_PC#7363661505431689216 placearmies 1 2
Jibs_PC#7363661505431689216 placearmies 1 1
Jibs_PC#7363661505431689216 placearmies 31 1
Jibs_PC#7363661505431689216 attack 1 38
Jibs_PC#7363661505431689216 roll 3
Jibs_PC#7363661505431689216 roll 1
DICE 3 1 1 1 1 1 
Jibs_PC#7363661505431689216 roll 3
Jibs_PC#7363661505431689216 roll 1
DICE 3 1 4 3 0 3 
Jibs_PC#7363661505431689216 endattack
Jibs_PC#7363661505431689216 nomove
CARD 10
Jibs_PC#7363661505431689216 placearmies 12 1
Jibs_PC#7363661505431689216 placearmies 5 1
Jibs_PC#7363661505431689216 placearmies 22 1
Jibs_PC#7363661505431689216 placearmies 22 2
Jibs_PC#7363661505431689216 attack 22 21
Jibs_PC#7363661505431689216 roll 3
Jibs_PC#7363661505431689216 roll 2
DICE 3 2 4 1 0 4 0 
Jibs_PC#7363661505431689216 roll 3
Jibs_PC#7363661505431689216 roll 1
DICE 3 1 5 1 0 1 
Jibs_PC#7363661505431689216 move 3
Jibs_PC#7363661505431689216 endattack
Jibs_PC#7363661505431689216 movearmies 12 21 1
CARD 19
Jibs_PC#7363661505431689216 trade 5 21 36
Jibs_PC#7363661505431689216 placearmies 29 3
Jibs_PC#7363661505431689216 placearmies 29 10
Jibs_PC#7363661505431689216 attack 29 30
Jibs_PC#7363661505431689216 roll 3
Jibs_PC#7363661505431689216 roll 1
DICE 3 1 3 1 1 0 
Jibs_PC#7363661505431689216 move 18
Jibs_PC#7363661505431689216 attack 30 31
Jibs_PC#7363661505431689216 roll 3
Jibs_PC#7363661505431689216 roll 2
DICE 3 2 5 4 1 4 4 
Jibs_PC#7363661505431689216 roll 3
Jibs_PC#7363661505431689216 roll 1
DICE 3 1 4 3 0 5 
Jibs_PC#7363661505431689216 roll 3
Jibs_PC#7363661505431689216 roll 1
DICE 3 1 3 3 1 2 
Jibs_PC#7363661505431689216 move 15
Jibs_PC#7363661505431689216 attack 31 20
Jibs_PC#7363661505431689216 roll 3
Jibs_PC#7363661505431689216 roll 1
DICE 3 1 5 5 1 2 
Jibs_PC#7363661505431689216 move 14
Jibs_PC#7363661505431689216 attack 20 21
Jibs_PC#7363661505431689216 roll 3
Jibs_PC#7363661505431689216 roll 2
DICE 3 2 3 1 1 5 3 
Jibs_PC#7363661505431689216 roll 3
Jibs_PC#7363661505431689216 roll 2
DICE 3 2 3 2 0 5 1 
Jibs_PC#7363661505431689216 roll 3
Jibs_PC#7363661505431689216 roll 2
DICE 3 2 5 4 0 4 3 
Jibs_PC#7363661505431689216 roll 3
Jibs_PC#7363661505431689216 roll 1
DICE 3 1 3 2 1 3 
Jibs_PC#7363661505431689216 roll 3
Jibs_PC#7363661505431689216 roll 1
DICE 3 1 5 5 1 5 
Jibs_PC#7363661505431689216 roll 3
Jibs_PC#7363661505431689216 roll 1
DICE 3 1 3 2 0 5 
Jibs_PC#7363661505431689216 roll 3
Jibs_PC#7363661505431689216 roll 1
DICE 3 1 5 5 4 2 
Jibs_PC#7363661505431689216 move 7
Jibs_PC#7363661505431689216 attack 21 12
Jibs_PC#7363661505431689216 roll 3
Jibs_PC#7363661505431689216 roll 1
DICE 3 1 4 4 3 0 
Jibs_PC#7363661505431689216 move 6
Jibs_PC#7363661505431689216 attack 12 13
Jibs_PC#7363661505431689216 roll 3
Jibs_PC#7363661505431689216 roll 2
DICE 3 2 4 1 1 5 1 
Jibs_PC#7363661505431689216 roll 3
Jibs_PC#7363661505431689216 roll 2
DICE 3 2 2 2 1 0 0 
Jibs_PC#7363661505431689216 attack 13 11
Jibs_PC#7363661505431689216 roll 2
Jibs_PC#7363661505431689216 roll 1
DICE 2 1 4 1 2 
Jibs_PC#7363661505431689216 endattack
Jibs_PC#7363661505431689216 movearmies 42 40 1
CARD 9
Jibs_PC#7363661505431689216 trade 20 6 7
Jibs_PC#7363661505431689216 placearmies 15 3
Jibs_PC#7363661505431689216 placearmies 15 6
Jibs_PC#7363661505431689216 attack 15 14
Jibs_PC#7363661505431689216 roll 3
Jibs_PC#7363661505431689216 roll 1
DICE 3 1 4 2 1 4 
Jibs_PC#7363661505431689216 roll 3
Jibs_PC#7363661505431689216 roll 1
DICE 3 1 4 2 0 0 
Jibs_PC#7363661505431689216 move 8
Jibs_PC#7363661505431689216 attack 14 17
Jibs_PC#7363661505431689216 roll 3
Jibs_PC#7363661505431689216 roll 1
DICE 3 1 3 2 1 0 
Jibs_PC#7363661505431689216 move 7
Jibs_PC#7363661505431689216 attack 17 19
Jibs_PC#7363661505431689216 roll 3
Jibs_PC#7363661505431689216 roll 1
DICE 3 1 5 4 3 1 
Jibs_PC#7363661505431689216 move 6
Jibs_PC#7363661505431689216 attack 19 20
Jibs_PC#7363661505431689216 roll 3
Jibs_PC#7363661505431689216 roll 1
DICE 3 1 5 4 1 4 
Jibs_PC#7363661505431689216 move 4
Jibs_PC#7363661505431689216 endattack
Jibs_PC#7363661505431689216 nomove
CARD 8
Jibs_PC#7363661505431689216 placearmies 39 3
Jibs_PC#7363661505431689216 attack 39 40
Jibs_PC#7363661505431689216 roll 3
Jibs_PC#7363661505431689216 roll 2
DICE 3 2 5 2 0 5 0 
Jibs_PC#7363661505431689216 roll 3
Jibs_PC#7363661505431689216 roll 1
DICE 3 1 5 3 0 1 
Jibs_PC#7363661505431689216 attack 40 41
Jibs_PC#7363661505431689216 roll 2
Jibs_PC#7363661505431689216 roll 1
DICE 2 1 4 3 1 
Jibs_PC#7363661505431689216 endattack
Jibs_PC#7363661505431689216 nomove
CARD 29
Jibs_PC#7363661505431689216 trade 26 17 10
Jibs_PC#7363661505431689216 placearmies 38 1
Jibs_PC#7363661505431689216 placearmies 4 5
Jibs_PC#7363661505431689216 placearmies 4 7
Jibs_PC#7363661505431689216 attack 4 5
Jibs_PC#7363661505431689216 roll 3
Jibs_PC#7363661505431689216 roll 2
DICE 3 2 3 1 1 5 1 
Jibs_PC#7363661505431689216 roll 3
Jibs_PC#7363661505431689216 roll 2
DICE 3 2 5 1 0 2 2 
Jibs_PC#7363661505431689216 roll 3
Jibs_PC#7363661505431689216 roll 1
DICE 3 1 4 1 1 3 
Jibs_PC#7363661505431689216 move 9
Jibs_PC#7363661505431689216 attack 5 10
Jibs_PC#7363661505431689216 roll 3
Jibs_PC#7363661505431689216 roll 1
DICE 3 1 4 2 1 0 
Jibs_PC#7363661505431689216 move 8
Jibs_PC#7363661505431689216 attack 10 12
Jibs_PC#7363661505431689216 roll 3
Jibs_PC#7363661505431689216 roll 1
DICE 3 1 4 0 0 1 
Jibs_PC#7363661505431689216 move 6
Jibs_PC#7363661505431689216 attack 12 13
Jibs_PC#7363661505431689216 roll 3
Jibs_PC#7363661505431689216 roll 1
DICE 3 1 5 3 1 0 
Jibs_PC#7363661505431689216 move 5
Jibs_PC#7363661505431689216 attack 13 11
Jibs_PC#7363661505431689216 roll 3
Jibs_PC#7363661505431689216 roll 2
DICE 3 2 2 1 0 1 1 
Jibs_PC#7363661505431689216 roll 3
Jibs_PC#7363661505431689216 roll 1
DICE 3 1 5 4 1 4 
Jibs_PC#7363661505431689216 endattack
Jibs_PC#7363661505431689216 movearmies 11 12 2
CARD wildcard
Jibs_PC#7363661505431689216 placearmies 22 2
Jibs_PC#7363661505431689216 placearmies 22 1
Jibs_PC#7363661505431689216 attack 22 21
Jibs_PC#7363661505431689216 roll 3
Jibs_PC#7363661505431689216 roll 1
DICE 3 1 4 4 1 0 
Jibs_PC#7363661505431689216 move 3
Jibs_PC#7363661505431689216 endattack
Jibs_PC#7363661505431689216 nomove
CARD 32
Jibs_PC#7363661505431689216 trade 23 1 9
Jibs_PC#7363661505431689216 placearmies 42 3
Jibs_PC#7363661505431689216 placearmies 42 8
Jibs_PC#7363661505431689216 placearmies 29 2
Jibs_PC#7363661505431689216 attack 42 40
Jibs_PC#7363661505431689216 roll 3
Jibs_PC#7363661505431689216 roll 1
DICE 3 1 4 2 2 1 
Jibs_PC#7363661505431689216 move 11
Jibs_PC#7363661505431689216 attack 40 39
Jibs_PC#7363661505431689216 roll 3
Jibs_PC#7363661505431689216 roll 1
DICE 3 1 4 3 2 0 
Jibs_PC#7363661505431689216 move 10
Jibs_PC#7363661505431689216 attack 39 41
Jibs_PC#7363661505431689216 roll 3
Jibs_PC#7363661505431689216 roll 2
DICE 3 2 4 0 0 2 0 
Jibs_PC#7363661505431689216 roll 3
Jibs_PC#7363661505431689216 roll 1
DICE 3 1 5 3 2 5 
Jibs_PC#7363661505431689216 roll 3
Jibs_PC#7363661505431689216 roll 1
DICE 3 1 4 2 1 4 
Jibs_PC#7363661505431689216 roll 3
Jibs_PC#7363661505431689216 roll 1
DICE 3 1 5 1 0 2 
Jibs_PC#7363661505431689216 move 3
Jibs_PC#7363661505431689216 endattack
Jibs_PC#7363661505431689216 movearmies 41 39 2
CARD 12
Jibs_PC#7363661505431689216 placearmies 14 4
Jibs_PC#7363661505431689216 placearmies 16 1
Jibs_PC#7363661505431689216 placearmies 19 1
Jibs_PC#7363661505431689216 placearmies 14 2
Jibs_PC#7363661505431689216 attack 14 6
Jibs_PC#7363661505431689216 roll 3
Jibs_PC#7363661505431689216 roll 1
DICE 3 1 5 4 2 1 
Jibs_PC#7363661505431689216 move 6
Jibs_PC#7363661505431689216 endattack
Jibs_PC#7363661505431689216 nomove
CARD 28
Jibs_PC#7363661505431689216 trade 39 11 29
Jibs_PC#7363661505431689216 placearmies 33 3
Jibs_PC#7363661505431689216 placearmies 33 6
Jibs_PC#7363661505431689216 attack 33 39
Jibs_PC#7363661505431689216 roll 3
Jibs_PC#7363661505431689216 roll 2
DICE 3 2 2 2 1 2 0 
Jibs_PC#7363661505431689216 roll 3
Jibs_PC#7363661505431689216 roll 2
DICE 3 2 5 4 1 5 4 
Jibs_PC#7363661505431689216 roll 3
Jibs_PC#7363661505431689216 roll 2
DICE 3 2 5 2 1 1 1 
Jibs_PC#7363661505431689216 roll 3
Jibs_PC#7363661505431689216 roll 2
DICE 3 2 3 1 1 2 0 
Jibs_PC#7363661505431689216 roll 3
Jibs_PC#7363661505431689216 roll 1
DICE 3 1 4 4 3 5 
Jibs_PC#7363661505431689216 roll 3
Jibs_PC#7363661505431689216 roll 1
DICE 3 1 5 3 2 3 
Jibs_PC#7363661505431689216 move 5
Jibs_PC#7363661505431689216 attack 39 40
Jibs_PC#7363661505431689216 roll 3
Jibs_PC#7363661505431689216 roll 1
DICE 3 1 5 3 0 1 
Jibs_PC#7363661505431689216 move 4
Jibs_PC#7363661505431689216 attack 40 41
Jibs_PC#7363661505431689216 roll 3
Jibs_PC#7363661505431689216 roll 1
DICE 3 1 4 4 1 0 
Jibs_PC#7363661505431689216 attack 41 42
Jibs_PC#7363661505431689216 roll 2
Jibs_PC#7363661505431689216 roll 1
DICE 2 1 4 2 0 
Jibs_PC#7363661505431689216 endattack
Jibs_PC#7363661505431689216 nomove
CARD 25
Jibs_PC#7363661505431689216 placearmies 8 1
Jibs_PC#7363661505431689216 placearmies 7 1
Jibs_PC#7363661505431689216 placearmies 2 1
Jibs_PC#7363661505431689216 placearmies 8 3
Jibs_PC#7363661505431689216 attack 38 37
Jibs_PC#7363661505431689216 roll 3
Jibs_PC#7363661505431689216 roll 1
DICE 3 1 5 1 0 4 
Jibs_PC#7363661505431689216 attack 8 6
Jibs_PC#7363661505431689216 roll 3
Jibs_PC#7363661505431689216 roll 2
DICE 3 2 3 2 1 5 5 
Jibs_PC#7363661505431689216 retreat
Jibs_PC#7363661505431689216 endattack
Jibs_PC#7363661505431689216 movearmies 10 12 1
CARD 18
Jibs_PC#7363661505431689216 trade 30 19 32
Jibs_PC#7363661505431689216 placearmies 22 2
Jibs_PC#7363661505431689216 placearmies 21 1
Jibs_PC#7363661505431689216 placearmies 21 7
Jibs_PC#7363661505431689216 attack 21 12
Jibs_PC#7363661505431689216 roll 3
Jibs_PC#7363661505431689216 roll 2
DICE 3 2 4 3 2 5 4 
Jibs_PC#7363661505431689216 roll 3
Jibs_PC#7363661505431689216 roll 2
DICE 3 2 3 3 0 5 5 
Jibs_PC#7363661505431689216 roll 3
Jibs_PC#7363661505431689216 roll 2
DICE 3 2 3 1 0 1 1 
Jibs_PC#7363661505431689216 roll 3
Jibs_PC#7363661505431689216 roll 2
DICE 3 2 5 4 4 3 2 
Jibs_PC#7363661505431689216 roll 3
Jibs_PC#7363661505431689216 roll 1
DICE 3 1 5 4 2 3 
Jibs_PC#7363661505431689216 move 4
Jibs_PC#7363661505431689216 attack 12 10
Jibs_PC#7363661505431689216 roll 3
Jibs_PC#7363661505431689216 roll 1
DICE 3 1 5 4 0 4 
Jibs_PC#7363661505431689216 attack 10 11
Jibs_PC#7363661505431689216 roll 2
Jibs_PC#7363661505431689216 roll 1
DICE 2 1 3 1 1 
Jibs_PC#7363661505431689216 endattack
Jibs_PC#7363661505431689216 nomove
CARD 42
Jibs_PC#7363661505431689216 placearmies 29 1
Jibs_PC#7363661505431689216 placearmies 29 1
Jibs_PC#7363661505431689216 placearmies 29 1
Jibs_PC#7363661505431689216 attack 29 27
Jibs_PC#7363661505431689216 roll 3
Jibs_PC#7363661505431689216 roll 1
DICE 3 1 5 4 1 3 
Jibs_PC#7363661505431689216 move 5
Jibs_PC#7363661505431689216 endattack
Jibs_PC#7363661505431689216 nomove
CARD 33
Jibs_PC#7363661505431689216 trade 13 8 28
Jibs_PC#7363661505431689216 placearmies 20 16
Jibs_PC#7363661505431689216 placearmies 20 2
Jibs_PC#7363661505431689216 attack 20 21
Jibs_PC#7363661505431689216 roll 3
Jibs_PC#7363661505431689216 roll 2
DICE 3 2 5 1 1 5 3 
Jibs_PC#7363661505431689216 roll 3
Jibs_PC#7363661505431689216 roll 2
DICE 3 2 4 1 0 4 1 
Jibs_PC#7363661505431689216 retreat
Jibs_PC#7363661505431689216 attack 20 31
Jibs_PC#7363661505431689216 roll 3
Jibs_PC#7363661505431689216 roll 1
DICE 3 1 5 2 0 3 
Jibs_PC#7363661505431689216 move 16
Jibs_PC#7363661505431689216 attack 31 32
Jibs_PC#7363661505431689216 roll 3
Jibs_PC#7363661505431689216 roll 1
DICE 3 1 5 4 2 0 
Jibs_PC#7363661505431689216 move 15
Jibs_PC#7363661505431689216 attack 32 30
Jibs_PC#7363661505431689216 roll 3
Jibs_PC#7363661505431689216 roll 1
DICE 3 1 5 5 3 4 
Jibs_PC#7363661505431689216 move 14
Jibs_PC#7363661505431689216 attack 30 29
Jibs_PC#7363661505431689216 roll 3
Jibs_PC#7363661505431689216 roll 1
DICE 3 1 5 3 0 1 
Jibs_PC#7363661505431689216 move 13
Jibs_PC#7363661505431689216 attack 29 27
Jibs_PC#7363661505431689216 roll 3
Jibs_PC#7363661505431689216 roll 2
DICE 3 2 1 0 0 5 2 
Jibs_PC#7363661505431689216 roll 3
Jibs_PC#7363661505431689216 roll 2
DICE 3 2 3 2 1 5 5 
Jibs_PC#7363661505431689216 roll 3
Jibs_PC#7363661505431689216 roll 2
DICE 3 2 3 0 0 0 0 
Jibs_PC#7363661505431689216 roll 3
Jibs_PC#7363661505431689216 roll 2
DICE 3 2 5 2 2 5 3 
Jibs_PC#7363661505431689216 roll 3
Jibs_PC#7363661505431689216 roll 2
DICE 3 2 5 4 0 3 2 
Jibs_PC#7363661505431689216 roll 3
Jibs_PC#7363661505431689216 roll 2
DICE 3 2 5 5 1 1 1 
Jibs_PC#7363661505431689216 move 5
Jibs_PC#7363661505431689216 attack 6 7
Jibs_PC#7363661505431689216 roll 3
Jibs_PC#7363661505431689216 roll 2
DICE 3 2 4 3 2 4 2 
Jibs_PC#7363661505431689216 roll 3
Jibs_PC#7363661505431689216 roll 1
DICE 3 1 5 2 1 2 
Jibs_PC#7363661505431689216 move 3
Jibs_PC#7363661505431689216 attack 27 36
Jibs_PC#7363661505431689216 roll 3
Jibs_PC#7363661505431689216 roll 1
DICE 3 1 3 2 2 0 
Jibs_PC#7363661505431689216 move 4
Jibs_PC#7363661505431689216 endattack
Jibs_PC#7363661505431689216 movearmies 7 6 2
CARD 14
Jibs_PC#7363661505431689216 trade 2 16 25
Jibs_PC#7363661505431689216 placearmies 35 3
Jibs_PC#7363661505431689216 placearmies 28 5
Jibs_PC#7363661505431689216 placearmies 33 1
Jibs_PC#7363661505431689216 placearmies 28 4
Jibs_PC#7363661505431689216 attack 28 16
Jibs_PC#7363661505431689216 roll 3
Jibs_PC#7363661505431689216 roll 2
DICE 3 2 5 3 2 3 1 
Jibs_PC#7363661505431689216 move 9
Jibs_PC#7363661505431689216 attack 16 20
Jibs_PC#7363661505431689216 roll 3
Jibs_PC#7363661505431689216 roll 2
DICE 3 2 1 1 0 4 2 
Jibs_PC#7363661505431689216 roll 3
Jibs_PC#7363661505431689216 roll 2
DICE 3 2 3 1 0 5 4 
Jibs_PC#7363661505431689216 retreat
Jibs_PC#7363661505431689216 attack 16 18
Jibs_PC#7363661505431689216 roll 3
Jibs_PC#7363661505431689216 roll 1
DICE 3 1 5 5 3 0 
Jibs_PC#7363661505431689216 move 4
Jibs_PC#7363661505431689216 attack 18 20
Jibs_PC#7363661505431689216 roll 3
Jibs_PC#7363661505431689216 roll 2
DICE 3 2 5 4 4 3 1 
Jibs_PC#7363661505431689216 endattack
Jibs_PC#7363661505431689216 nomove
CARD 5
Jibs_PC#7363661505431689216 placearmies 8 1
Jibs_PC#7363661505431689216 placearmies 8 1
Jibs_PC#7363661505431689216 placearmies 38 1
Jibs_PC#7363661505431689216 attack 8 7
Jibs_PC#7363661505431689216 roll 3
Jibs_PC#7363661505431689216 roll 1
DICE 3 1 4 4 1 4 
Jibs_PC#7363661505431689216 roll 3
Jibs_PC#7363661505431689216 roll 1
DICE 3 1 5 2 0 0 
Jibs_PC#7363661505431689216 endattack
Jibs_PC#7363661505431689216 nomove
CARD 41
Jibs_PC#7363661505431689216 placearmies 21 1
Jibs_PC#7363661505431689216 placearmies 11 3
Jibs_PC#7363661505431689216 placearmies 22 1
Jibs_PC#7363661505431689216 placearmies 21 1
Jibs_PC#7363661505431689216 attack 11 13
Jibs_PC#7363661505431689216 roll 3
Jibs_PC#7363661505431689216 roll 1
DICE 3 1 2 2 1 1 
Jibs_PC#7363661505431689216 move 3
Jibs_PC#7363661505431689216 endattack
Jibs_PC#7363661505431689216 movearmies 11 10 1
CARD 34
Jibs_PC#7363661505431689216 placearmies 19 2
Jibs_PC#7363661505431689216 placearmies 36 1
Jibs_PC#7363661505431689216 attack 36 38
Jibs_PC#7363661505431689216 roll 3
Jibs_PC#7363661505431689216 roll 2
DICE 3 2 2 1 1 2 2 
Jibs_PC#7363661505431689216 retreat
Jibs_PC#7363661505431689216 attack 19 20
Jibs_PC#7363661505431689216 roll 3
Jibs_PC#7363661505431689216 roll 2
DICE 3 2 5 3 0 5 4 
Jibs_PC#7363661505431689216 retreat
Jibs_PC#7363661505431689216 attack 19 18
Jibs_PC#7363661505431689216 roll 2
Jibs_PC#7363661505431689216 roll 1
DICE 2 1 4 2 2 
Jibs_PC#7363661505431689216 endattack
Jibs_PC#7363661505431689216 movearmies 6 14 3
CARD 3
Jibs_PC#7363661505431689216 placearmies 35 4
Jibs_PC#7363661505431689216 placearmies 20 1
Jibs_PC#7363661505431689216 attack 20 31
Jibs_PC#7363661505431689216 roll 3
Jibs_PC#7363661505431689216 roll 1
DICE 3 1 5 3 3 5 
Jibs_PC#7363661505431689216 roll 2
Jibs_PC#7363661505431689216 roll 1
DICE 2 1 4 3 5 
Jibs_PC#7363661505431689216 retreat
Jibs_PC#7363661505431689216 attack 35 38
Jibs_PC#7363661505431689216 roll 3
Jibs_PC#7363661505431689216 roll 2
DICE 3 2 3 1 0 4 3 
Jibs_PC#7363661505431689216 roll 3
Jibs_PC#7363661505431689216 roll 2
DICE 3 2 5 4 1 2 1 
Jibs_PC#7363661505431689216 move 5
Jibs_PC#7363661505431689216 endattack
Jibs_PC#7363661505431689216 nomove
CARD 22
Jibs_PC#7363661505431689216 trade wildcard 18 41
Jibs_PC#7363661505431689216 placearmies 7 1
Jibs_PC#7363661505431689216 placearmies 7 1
Jibs_PC#7363661505431689216 placearmies 5 11
Jibs_PC#7363661505431689216 attack 5 10
Jibs_PC#7363661505431689216 roll 3
Jibs_PC#7363661505431689216 roll 2
DICE 3 2 5 5 1 3 0 
Jibs_PC#7363661505431689216 move 11
Jibs_PC#7363661505431689216 attack 10 12
Jibs_PC#7363661505431689216 roll 3
Jibs_PC#7363661505431689216 roll 1
DICE 3 1 3 3 0 2 
Jibs_PC#7363661505431689216 move 10
Jibs_PC#7363661505431689216 attack 12 21
Jibs_PC#7363661505431689216 roll 3
Jibs_PC#7363661505431689216 roll 2
DICE 3 2 4 2 2 3 1 
Jibs_PC#7363661505431689216 roll 3
Jibs_PC#7363661505431689216 roll 2
DICE 3 2 5 2 1 4 0 
Jibs_PC#7363661505431689216 move 9
Jibs_PC#7363661505431689216 attack 7 6
Jibs_PC#7363661505431689216 roll 3
Jibs_PC#7363661505431689216 roll 1
DICE 3 1 5 4 3 5 
Jibs_PC#7363661505431689216 roll 3
Jibs_PC#7363661505431689216 roll 1
DICE 3 1 5 5 2 0 
Jibs_PC#7363661505431689216 attack 21 24
Jibs_PC#7363661505431689216 roll 3
Jibs_PC#7363661505431689216 roll 1
DICE 3 1 4 2 1 5 
Jibs_PC#7363661505431689216 roll 3
Jibs_PC#7363661505431689216 roll 1
DICE 3 1 4 2 2 3 
Jibs_PC#7363661505431689216 move 7
Jibs_PC#7363661505431689216 attack 24 26
Jibs_PC#7363661505431689216 roll 3
Jibs_PC#7363661505431689216 roll 1
DICE 3 1 5 4 4 2 
Jibs_PC#7363661505431689216 move 6
Jibs_PC#7363661505431689216 attack 26 25
Jibs_PC#7363661505431689216 roll 3
Jibs_PC#7363661505431689216 roll 1
DICE 3 1 5 5 0 0 
Jibs_PC#7363661505431689216 move 5
Jibs_PC#7363661505431689216 attack 25 23
Jibs_PC#7363661505431689216 roll 3
Jibs_PC#7363661505431689216 roll 1
DICE 3 1 5 5 0 1 
Jibs_PC#7363661505431689216 move 3
Jibs_PC#7363661505431689216 endattack
Jibs_PC#7363661505431689216 movearmies 2 6 1
CARD 31
Jibs_PC#7363661505431689216 placearmies 13 2
Jibs_PC#7363661505431689216 placearmies 22 1
Jibs_PC#7363661505431689216 attack 13 12
Jibs_PC#7363661505431689216 roll 3
Jibs_PC#7363661505431689216 roll 1
DICE 3 1 4 2 2 3 
Jibs_PC#7363661505431689216 move 4
Jibs_PC#7363661505431689216 attack 12 10
Jibs_PC#7363661505431689216 roll 3
Jibs_PC#7363661505431689216 roll 1
DICE 3 1 5 2 0 0 
Jibs_PC#7363661505431689216 attack 10 5
Jibs_PC#7363661505431689216 roll 2
Jibs_PC#7363661505431689216 roll 1
DICE 2 1 5 0 2 
Jibs_PC#7363661505431689216 attack 22 21
Jibs_PC#7363661505431689216 roll 3
Jibs_PC#7363661505431689216 roll 1
DICE 3 1 4 0 0 3 
Jibs_PC#7363661505431689216 move 5
Jibs_PC#7363661505431689216 attack 21 24
Jibs_PC#7363661505431689216 roll 3
Jibs_PC#7363661505431689216 roll 1
DICE 3 1 4 3 2 0 
Jibs_PC#7363661505431689216 move 3
Jibs_PC#7363661505431689216 endattack
Jibs_PC#7363661505431689216 movearmies 24 21 2
CARD 35
Jibs_PC#7363661505431689216 placearmies 36 2
Jibs_PC#7363661505431689216 placearmies 19 1
Jibs_PC#7363661505431689216 attack 36 35
Jibs_PC#7363661505431689216 roll 3
Jibs_PC#7363661505431689216 roll 1
DICE 3 1 5 3 2 1 
Jibs_PC#7363661505431689216 move 4
Jibs_PC#7363661505431689216 endattack
Jibs_PC#7363661505431689216 nomove
CARD 24
Jibs_PC#7363661505431689216 placearmies 38 5
Jibs_PC#7363661505431689216 attack 38 36
Jibs_PC#7363661505431689216 roll 3
Jibs_PC#7363661505431689216 roll 1
DICE 3 1 2 2 0 1 
Jibs_PC#7363661505431689216 move 9
Jibs_PC#7363661505431689216 attack 36 29
Jibs_PC#7363661505431689216 roll 3
Jibs_PC#7363661505431689216 roll 1
DICE 3 1 4 2 0 0 
Jibs_PC#7363661505431689216 move 8
Jibs_PC#7363661505431689216 attack 29 27
Jibs_PC#7363661505431689216 roll 3
Jibs_PC#7363661505431689216 roll 1
DICE 3 1 3 3 2 0 
Jibs_PC#7363661505431689216 move 7
Jibs_PC#7363661505431689216 attack 27 35
Jibs_PC#7363661505431689216 roll 3
Jibs_PC#7363661505431689216 roll 2
DICE 3 2 5 5 0 4 2 
Jibs_PC#7363661505431689216 roll 3
Jibs_PC#7363661505431689216 roll 2
DICE 3 2 5 0 0 3 2 
Jibs_PC#7363661505431689216 roll 3
Jibs_PC#7363661505431689216 roll 1
DICE 3 1 2 1 0 3 
Jibs_PC#7363661505431689216 roll 3
Jibs_PC#7363661505431689216 roll 1
DICE 3 1 3 0 0 5 
Jibs_PC#7363661505431689216 roll 3
Jibs_PC#7363661505431689216 roll 1
DICE 3 1 4 1 0 3 
Jibs_PC#7363661505431689216 endattack
Jibs_PC#7363661505431689216 movearmies 35 36 2
CARD wildcard
Jibs_PC#7363661505431689216 placearmies 23 1
Jibs_PC#7363661505431689216 placearmies 23 1
Jibs_PC#7363661505431689216 placearmies 37 2
Jibs_PC#7363661505431689216 attack 23 24
Jibs_PC#7363661505431689216 roll 3
Jibs_PC#7363661505431689216 roll 1
DICE 3 1 4 3 0 2 
Jibs_PC#7363661505431689216 move 4
Jibs_PC#7363661505431689216 attack 24 22
Jibs_PC#7363661505431689216 roll 3
Jibs_PC#7363661505431689216 roll 1
DICE 3 1 5 5 1 3 
Jibs_PC#7363661505431689216 attack 37 38
Jibs_PC#7363661505431689216 roll 3
Jibs_PC#7363661505431689216 roll 1
DICE 3 1 4 4 3 2 
Jibs_PC#7363661505431689216 move 4
Jibs_PC#7363661505431689216 endattack
Jibs_PC#7363661505431689216 movearmies 25 24 1
CARD 40
Jibs_PC#7363661505431689216 placearmies 21 5
Jibs_PC#7363661505431689216 attack 21 22
Jibs_PC#7363661505431689216 roll 3
Jibs_PC#7363661505431689216 roll 2
DICE 3 2 3 3 1 4 3 
Jibs_PC#7363661505431689216 roll 3
Jibs_PC#7363661505431689216 roll 2
DICE 3 2 2 2 1 5 1 
Jibs_PC#7363661505431689216 roll 3
Jibs_PC#7363661505431689216 roll 2
DICE 3 2 5 4 2 4 3 
Jibs_PC#7363661505431689216 move 4
Jibs_PC#7363661505431689216 endattack
Jibs_PC#7363661505431689216 movearmies 22 21 3
CARD 21
Jibs_PC#7363661505431689216 trade 12 33 24
Jibs_PC#7363661505431689216 placearmies 32 11
Jibs_PC#7363661505431689216 attack 32 33
Jibs_PC#7363661505431689216 roll 3
Jibs_PC#7363661505431689216 roll 2
DICE 3 2 2 1 1 2 0 
Jibs_PC#7363661505431689216 roll 3
Jibs_PC#7363661505431689216 roll 1
DICE 3 1 5 3 2 2 
Jibs_PC#7363661505431689216 move 10
Jibs_PC#7363661505431689216 attack 33 39
Jibs_PC#7363661505431689216 roll 3
Jibs_PC#7363661505431689216 roll 1
DICE 3 1 3 2 1 0 
Jibs_PC#7363661505431689216 move 9
Jibs_PC#7363661505431689216 attack 39 41
Jibs_PC#7363661505431689216 roll 3
Jibs_PC#7363661505431689216 roll 1
DICE 3 1 4 3 0 0 
Jibs_PC#7363661505431689216 move 8
Jibs_PC#7363661505431689216 attack 41 42
Jibs_PC#7363661505431689216 roll 3
Jibs_PC#7363661505431689216 roll 2
DICE 3 2 4 3 0 5 4 
Jibs_PC#7363661505431689216 roll 3
Jibs_PC#7363661505431689216 roll 2
DICE 3 2 4 0 0 1 1 
Jibs_PC#7363661505431689216 roll 3
Jibs_PC#7363661505431689216 roll 1
DICE 3 1 5 4 2 4 
Jibs_PC#7363661505431689216 move 4
Jibs_PC#7363661505431689216 attack 42 40
Jibs_PC#7363661505431689216 roll 3
Jibs_PC#7363661505431689216 roll 1
DICE 3 1 4 1 0 0 
Jibs_PC#7363661505431689216 endattack
Jibs_PC#7363661505431689216 movearmies 40 39 1
CARD 15
Jibs_PC#7363661505431689216 trade 5 22 wildcard
Jibs_PC#7363661505431689216 placearmies 36 1
Jibs_PC#7363661505431689216 placearmies 36 8
Jibs_PC#7363661505431689216 placearmies 20 3
Jibs_PC#7363661505431689216 placearmies 36 1
Jibs_PC#7363661505431689216 attack 20 31
Jibs_PC#7363661505431689216 roll 3
Jibs_PC#7363661505431689216 roll 1
DICE 3 1 4 0 0 2 
Jibs_PC#7363661505431689216 move 4
Jibs_PC#7363661505431689216 attack 31 32
Jibs_PC#7363661505431689216 roll 3
Jibs_PC#7363661505431689216 roll 1
DICE 3 1 5 1 1 3 
Jibs_PC#7363661505431689216 attack 32 33
Jibs_PC#7363661505431689216 roll 2
Jibs_PC#7363661505431689216 roll 1
DICE 2 1 5 4 0 
Jibs_PC#7363661505431689216 attack 36 38
Jibs_PC#7363661505431689216 roll 3
Jibs_PC#7363661505431689216 roll 2
DICE 3 2 5 4 0 1 0 
Jibs_PC#7363661505431689216 roll 3
Jibs_PC#7363661505431689216 roll 2
DICE 3 2 5 4 3 3 3 
Jibs_PC#7363661505431689216 move 12
Jibs_PC#7363661505431689216 attack 38 37
Jibs_PC#7363661505431689216 roll 3
Jibs_PC#7363661505431689216 roll 1
DICE 3 1 4 4 2 1 
Jibs_PC#7363661505431689216 move 3
Jibs_PC#7363661505431689216 attack 38 1
Jibs_PC#7363661505431689216 roll 3
Jibs_PC#7363661505431689216 roll 1
DICE 3 1 5 4 4 5 
Jibs_PC#7363661505431689216 roll 3
Jibs_PC#7363661505431689216 roll 1
DICE 3 1 5 4 2 4 
Jibs_PC#7363661505431689216 move 7
Jibs_PC#7363661505431689216 attack 1 3
Jibs_PC#7363661505431689216 roll 3
Jibs_PC#7363661505431689216 roll 1
DICE 3 1 3 0 0 1 
Jibs_PC#7363661505431689216 move 6
Jibs_PC#7363661505431689216 attack 3 7
Jibs_PC#7363661505431689216 roll 3
Jibs_PC#7363661505431689216 roll 1
DICE 3 1 0 0 0 3 
Jibs_PC#7363661505431689216 roll 3
Jibs_PC#7363661505431689216 roll 1
DICE 3 1 5 5 4 5 
Jibs_PC#7363661505431689216 retreat
Jibs_PC#7363661505431689216 endattack
Jibs_PC#7363661505431689216 movearmies 37 36 1
CARD 27
Jibs_PC#7363661505431689216 placearmies 24 2
Jibs_PC#7363661505431689216 placearmies 24 1
Jibs_PC#7363661505431689216 attack 24 22
Jibs_PC#7363661505431689216 roll 3
Jibs_PC#7363661505431689216 roll 1
DICE 3 1 3 1 1 1 
Jibs_PC#7363661505431689216 move 4
Jibs_PC#7363661505431689216 endattack
Jibs_PC#7363661505431689216 nomove
CARD 37
Jibs_PC#7363661505431689216 trade 42 35 21
Jibs_PC#7363661505431689216 placearmies 21 5
Jibs_PC#7363661505431689216 placearmies 21 3
Jibs_PC#7363661505431689216 placearmies 21 1
Jibs_PC#7363661505431689216 attack 21 20
Jibs_PC#7363661505431689216 roll 3
Jibs_PC#7363661505431689216 roll 1
DICE 3 1 4 4 0 3 
Jibs_PC#7363661505431689216 move 14
Jibs_PC#7363661505431689216 attack 20 31
Jibs_PC#7363661505431689216 roll 3
Jibs_PC#7363661505431689216 roll 1
DICE 3 1 3 3 1 2 
Jibs_PC#7363661505431689216 move 13
Jibs_PC#7363661505431689216 attack 31 32
Jibs_PC#7363661505431689216 roll 3
Jibs_PC#7363661505431689216 roll 1
DICE 3 1 1 0 0 5 
Jibs_PC#7363661505431689216 roll 3
Jibs_PC#7363661505431689216 roll 1
DICE 3 1 2 0 0 4 
Jibs_PC#7363661505431689216 roll 3
Jibs_PC#7363661505431689216 roll 1
DICE 3 1 5 1 0 2 
Jibs_PC#7363661505431689216 move 10
Jibs_PC#7363661505431689216 attack 32 33
Jibs_PC#7363661505431689216 roll 3
Jibs_PC#7363661505431689216 roll 2
DICE 3 2 5 1 1 3 0 
Jibs_PC#7363661505431689216 move 9
Jibs_PC#7363661505431689216 attack 33 39
Jibs_PC#7363661505431689216 roll 3
Jibs_PC#7363661505431689216 roll 2
DICE 3 2 2 1 0 5 1 
Jibs_PC#7363661505431689216 roll 3
Jibs_PC#7363661505431689216 roll 2
DICE 3 2 4 3 2 3 2 
Jibs_PC#7363661505431689216 move 6
Jibs_PC#7363661505431689216 attack 39 41
Jibs_PC#7363661505431689216 roll 3
Jibs_PC#7363661505431689216 roll 1
DICE 3 1 2 1 0 2 
Jibs_PC#7363661505431689216 roll 3
Jibs_PC#7363661505431689216 roll 1
DICE 3 1 5 3 0 5 
Jibs_PC#7363661505431689216 retreat
Jibs_PC#7363661505431689216 endattack
Jibs_PC#7363661505431689216 nomove
CARD 36
Jibs_PC#7363661505431689216 placearmies 19 2
Jibs_PC#7363661505431689216 placearmies 19 1
Jibs_PC#7363661505431689216 attack 19 20
Jibs_PC#7363661505431689216 roll 3
Jibs_PC#7363661505431689216 roll 1
DICE 3 1 5 4 2 3 
Jibs_PC#7363661505431689216 move 4
Jibs_PC#7363661505431689216 attack 20 16
Jibs_PC#7363661505431689216 roll 3
Jibs_PC#7363661505431689216 roll 1
DICE 3 1 5 1 1 3 
Jibs_PC#7363661505431689216 endattack
Jibs_PC#7363661505431689216 movearmies 18 19 1
CARD 4
Jibs_PC#7363661505431689216 placearmies 29 3
Jibs_PC#7363661505431689216 attack 29 33
Jibs_PC#7363661505431689216 roll 3
Jibs_PC#7363661505431689216 roll 1
DICE 3 1 4 3 1 2 
Jibs_PC#7363661505431689216 attack 33 32
Jibs_PC#7363661505431689216 roll 2
Jibs_PC#7363661505431689216 roll 1
DICE 2 1 3 0 1 
Jibs_PC#7363661505431689216 endattack
Jibs_PC#7363661505431689216 movearmies 36 29 1
CARD wildcard
Jibs_PC#7363661505431689216 trade 31 40 37
Jibs_PC#7363661505431689216 placearmies 22 1
Jibs_PC#7363661505431689216 placearmies 22 1
Jibs_PC#7363661505431689216 placearmies 2 11
Jibs_PC#7363661505431689216 attack 22 21
Jibs_PC#7363661505431689216 roll 3
Jibs_PC#7363661505431689216 roll 2
DICE 3 2 3 0 0 5 0 
Jibs_PC#7363661505431689216 roll 3
Jibs_PC#7363661505431689216 roll 2
DICE 3 2 4 3 0 4 2 
Jibs_PC#7363661505431689216 retreat
Jibs_PC#7363661505431689216 attack 22 20
Jibs_PC#7363661505431689216 roll 2
Jibs_PC#7363661505431689216 roll 1
DICE 2 1 2 0 0 
Jibs_PC#7363661505431689216 attack 2 1
Jibs_PC#7363661505431689216 roll 3
Jibs_PC#7363661505431689216 roll 1
DICE 3 1 3 1 1 0 
Jibs_PC#7363661505431689216 move 11
Jibs_PC#7363661505431689216 attack 1 3
Jibs_PC#7363661505431689216 roll 3
Jibs_PC#7363661505431689216 roll 2
DICE 3 2 5 5 2 5 0 
Jibs_PC#7363661505431689216 roll 3
Jibs_PC#7363661505431689216 roll 2
DICE 3 2 5 3 1 3 1 
Jibs_PC#7363661505431689216 roll 3
Jibs_PC#7363661505431689216 roll 1
DICE 3 1 4 3 0 1 
Jibs_PC#7363661505431689216 move 3
Jibs_PC#7363661505431689216 attack 1 38
Jibs_PC#7363661505431689216 roll 3
Jibs_PC#7363661505431689216 roll 1
DICE 3 1 5 4 3 2 
Jibs_PC#7363661505431689216 move 6
Jibs_PC#7363661505431689216 attack 38 37
Jibs_PC#7363661505431689216 roll 3
Jibs_PC#7363661505431689216 roll 2
DICE 3 2 5 3 1 3 2 
Jibs_PC#7363661505431689216 move 5
Jibs_PC#7363661505431689216 attack 37 36
Jibs_PC#7363661505431689216 roll 3
Jibs_PC#7363661505431689216 roll 1
DICE 3 1 5 2 1 3 
Jibs_PC#7363661505431689216 move 4
Jibs_PC#7363661505431689216 endattack
Jibs_PC#7363661505431689216 movearmies 3 4 2
CARD 10
Jibs_PC#7363661505431689216 placearmies 21 1
Jibs_PC#7363661505431689216 placearmies 5 1
Jibs_PC#7363661505431689216 placearmies 21 3
Jibs_PC#7363661505431689216 attack 21 24
Jibs_PC#7363661505431689216 roll 3
Jibs_PC#7363661505431689216 roll 1
DICE 3 1 5 1 0 4 
Jibs_PC#7363661505431689216 move 3
Jibs_PC#7363661505431689216 attack 24 26
Jibs_PC#7363661505431689216 roll 2
Jibs_PC#7363661505431689216 roll 1
DICE 2 1 5 4 3 
Jibs_PC#7363661505431689216 endattack
Jibs_PC#7363661505431689216 movearmies 5 10 2
CARD 21
Jibs_PC#7363661505431689216 trade 14 3 4
Jibs_PC#7363661505431689216 placearmies 16 3
Jibs_PC#7363661505431689216 placearmies 14 4
Jibs_PC#7363661505431689216 attack 16 20
Jibs_PC#7363661505431689216 roll 3
Jibs_PC#7363661505431689216 roll 2
DICE 3 2 4 2 1 3 2 
Jibs_PC#7363661505431689216 roll 3
Jibs_PC#7363661505431689216 roll 1
DICE 3 1 5 4 1 2 
Jibs_PC#7363661505431689216 move 3
Jibs_PC#7363661505431689216 attack 14 6
Jibs_PC#7363661505431689216 roll 3
Jibs_PC#7363661505431689216 roll 2
DICE 3 2 5 4 2 5 2 
Jibs_PC#7363661505431689216 roll 3
Jibs_PC#7363661505431689216 roll 2
DICE 3 2 5 2 1 4 3 
Jibs_PC#7363661505431689216 roll 3
Jibs_PC#7363661505431689216 roll 2
DICE 3 2 3 1 0 3 0 
Jibs_PC#7363661505431689216 roll 3
Jibs_PC#7363661505431689216 roll 1
DICE 3 1 5 5 1 5 
Jibs_PC#7363661505431689216 roll 3
Jibs_PC#7363661505431689216 roll 1
DICE 3 1 4 4 2 2 
Jibs_PC#7363661505431689216 move 5
Jibs_PC#7363661505431689216 attack 6 8
Jibs_PC#7363661505431689216 roll 3
Jibs_PC#7363661505431689216 roll 1
DICE 3 1 5 3 1 4 
Jibs_PC#7363661505431689216 move 3
Jibs_PC#7363661505431689216 endattack
Jibs_PC#7363661505431689216 movearmies 8 6 2
CARD 13
Jibs_PC#7363661505431689216 placearmies 32 2
Jibs_PC#7363661505431689216 placearmies 32 1
Jibs_PC#7363661505431689216 attack 32 30
Jibs_PC#7363661505431689216 roll 3
Jibs_PC#7363661505431689216 roll 1
DICE 3 1 5 4 2 3 
Jibs_PC#7363661505431689216 move 4
Jibs_PC#7363661505431689216 attack 30 16
Jibs_PC#7363661505431689216 roll 3
Jibs_PC#7363661505431689216 roll 2
DICE 3 2 5 3 1 4 2 
Jibs_PC#7363661505431689216 endattack
Jibs_PC#7363661505431689216 nomove
CARD 20
Jibs_PC#7363661505431689216 placearmies 4 2
Jibs_PC#7363661505431689216 placearmies 36 1
Jibs_PC#7363661505431689216 placearmies 7 1
Jibs_PC#7363661505431689216 attack 4 5
Jibs_PC#7363661505431689216 roll 3
Jibs_PC#7363661505431689216 roll 1
DICE 3 1 5 4 4 4 
Jibs_PC#7363661505431689216 move 4
Jibs_PC#7363661505431689216 attack 36 35
Jibs_PC#7363661505431689216 roll 3
Jibs_PC#7363661505431689216 roll 1
DICE 3 1 3 2 0 4 
Jibs_PC#7363661505431689216 roll 3
Jibs_PC#7363661505431689216 roll 1
DICE 3 1 1 1 0 1 
Jibs_PC#7363661505431689216 retreat
Jibs_PC#7363661505431689216 endattack
Jibs_PC#7363661505431689216 nomove
CARD 5
Jibs_PC#7363661505431689216 trade 38 36 21
Jibs_PC#7363661505431689216 placearmies 39 9
Jibs_PC#7363661505431689216 placearmies 10 1
Jibs_PC#7363661505431689216 placearmies 39 3
Jibs_PC#7363661505431689216 placearmies 39 2
Jibs_PC#7363661505431689216 attack 39 41
Jibs_PC#7363661505431689216 roll 3
Jibs_PC#7363661505431689216 roll 1
DICE 3 1 2 1 0 5 
Jibs_PC#7363661505431689216 roll 3
Jibs_PC#7363661505431689216 roll 1
DICE 3 1 5 3 1 2 
Jibs_PC#7363661505431689216 move 10
Jibs_PC#7363661505431689216 attack 41 40
Jibs_PC#7363661505431689216 roll 3
Jibs_PC#7363661505431689216 roll 2
DICE 3 2 5 4 0 2 0 
Jibs_PC#7363661505431689216 move 5
Jibs_PC#7363661505431689216 attack 41 42
Jibs_PC#7363661505431689216 roll 3
Jibs_PC#7363661505431689216 roll 1
DICE 3 1 5 5 3 2 
Jibs_PC#7363661505431689216 move 3
Jibs_PC#7363661505431689216 attack 21 23
Jibs_PC#7363661505431689216 roll 3
Jibs_PC#7363661505431689216 roll 1
DICE 3 1 5 2 0 4 
Jibs_PC#7363661505431689216 attack 23 25
Jibs_PC#7363661505431689216 roll 2
Jibs_PC#7363661505431689216 roll 1
DICE 2 1 5 2 4 
Jibs_PC#7363661505431689216 attack 39 33
Jibs_PC#7363661505431689216 roll 3
Jibs_PC#7363661505431689216 roll 1
DICE 3 1 5 5 2 0 
Jibs_PC#7363661505431689216 move 6
Jibs_PC#7363661505431689216 attack 33 32
Jibs_PC#7363661505431689216 roll 3
Jibs_PC#7363661505431689216 roll 1
DICE 3 1 2 2 0 1 
Jibs_PC#7363661505431689216 move 4
Jibs_PC#7363661505431689216 endattack
Jibs_PC#7363661505431689216 movearmies 32 33 3
CARD 25
Jibs_PC#7363661505431689216 placearmies 20 2
Jibs_PC#7363661505431689216 placearmies 20 1
Jibs_PC#7363661505431689216 attack 20 21
Jibs_PC#7363661505431689216 roll 3
Jibs_PC#7363661505431689216 roll 1
DICE 3 1 4 2 1 3 
Jibs_PC#7363661505431689216 move 5
Jibs_PC#7363661505431689216 attack 21 12
Jibs_PC#7363661505431689216 roll 3
Jibs_PC#7363661505431689216 roll 1
DICE 3 1 5 1 0 3 
Jibs_PC#7363661505431689216 move 4
Jibs_PC#7363661505431689216 attack 12 13
Jibs_PC#7363661505431689216 roll 3
Jibs_PC#7363661505431689216 roll 1
DICE 3 1 3 1 0 5 
Jibs_PC#7363661505431689216 roll 2
Jibs_PC#7363661505431689216 roll 1
DICE 2 1 2 2 5 
Jibs_PC#7363661505431689216 retreat
Jibs_PC#7363661505431689216 endattack
Jibs_PC#7363661505431689216 movearmies 6 14 3
CARD 19
Jibs_PC#7363661505431689216 trade 27 wildcard 20
Jibs_PC#7363661505431689216 placearmies 29 12
Jibs_PC#7363661505431689216 placearmies 29 1
Jibs_PC#7363661505431689216 attack 29 33
Jibs_PC#7363661505431689216 roll 3
Jibs_PC#7363661505431689216 roll 2
DICE 3 2 3 3 1 3 1 
Jibs_PC#7363661505431689216 roll 3
Jibs_PC#7363661505431689216 roll 2
DICE 3 2 4 3 3 4 3 
Jibs_PC#7363661505431689216 roll 3
Jibs_PC#7363661505431689216 roll 2
DICE 3 2 3 1 0 3 3 
Jibs_PC#7363661505431689216 roll 3
Jibs_PC#7363661505431689216 roll 2
DICE 3 2 4 2 0 3 2 
Jibs_PC#7363661505431689216 roll 3
Jibs_PC#7363661505431689216 roll 2
DICE 3 2 4 2 1 5 5 
Jibs_PC#7363661505431689216 retreat
Jibs_PC#7363661505431689216 attack 16 31
Jibs_PC#7363661505431689216 roll 2
Jibs_PC#7363661505431689216 roll 1
DICE 2 1 5 1 5 
Jibs_PC#7363661505431689216 retreat
Jibs_PC#7363661505431689216 attack 29 32
Jibs_PC#7363661505431689216 roll 3
Jibs_PC#7363661505431689216 roll 1
DICE 3 1 5 5 2 4 
Jibs_PC#7363661505431689216 move 6
Jibs_PC#7363661505431689216 attack 32 31
Jibs_PC#7363661505431689216 roll 3
Jibs_PC#7363661505431689216 roll 1
DICE 3 1 4 1 0 5 
Jibs_PC#7363661505431689216 roll 3
Jibs_PC#7363661505431689216 roll 1
DICE 3 1 5 5 2 2 
Jibs_PC#7363661505431689216 move 4
Jibs_PC#7363661505431689216 endattack
Jibs_PC#7363661505431689216 nomove
CARD 7
Jibs_PC#7363661505431689216 placearmies 7 3
Jibs_PC#7363661505431689216 attack 7 8
Jibs_PC#7363661505431689216 roll 3
Jibs_PC#7363661505431689216 roll 1
DICE 3 1 5 3 0 5 
Jibs_PC#7363661505431689216 roll 3
Jibs_PC#7363661505431689216 roll 1
DICE 3 1 3 2 2 5 
Jibs_PC#7363661505431689216 roll 2
Jibs_PC#7363661505431689216 roll 1
DICE 2 1 4 4 0 
Jibs_PC#7363661505431689216 endattack
Jibs_PC#7363661505431689216 nomove
CARD 12
Jibs_PC#7363661505431689216 placearmies 10 2
Jibs_PC#7363661505431689216 placearmies 10 3
Jibs_PC#7363661505431689216 placearmies 10 1
Jibs_PC#7363661505431689216 attack 10 12
Jibs_PC#7363661505431689216 roll 3
Jibs_PC#7363661505431689216 roll 2
DICE 3 2 5 4 1 2 1 
Jibs_PC#7363661505431689216 move 8
Jibs_PC#7363661505431689216 attack 12 21
Jibs_PC#7363661505431689216 roll 3
Jibs_PC#7363661505431689216 roll 1
DICE 3 1 5 3 1 3 
Jibs_PC#7363661505431689216 move 7
Jibs_PC#7363661505431689216 attack 21 22
Jibs_PC#7363661505431689216 roll 3
Jibs_PC#7363661505431689216 roll 1
DICE 3 1 2 1 1 2 
Jibs_PC#7363661505431689216 roll 3
Jibs_PC#7363661505431689216 roll 1
DICE 3 1 2 1 1 0 
Jibs_PC#7363661505431689216 move 4
Jibs_PC#7363661505431689216 endattack
Jibs_PC#7363661505431689216 movearmies 40 39 3
CARD 30
Jibs_PC#7363661505431689216 placearmies 6 3
Jibs_PC#7363661505431689216 attack 6 8
Jibs_PC#7363661505431689216 roll 3
Jibs_PC#7363661505431689216 roll 2
DICE 3 2 5 4 4 2 1 
Jibs_PC#7363661505431689216 endattack
Jibs_PC#7363661505431689216 movearmies 14 15 3
CARD 6
Jibs_PC#7363661505431689216 placearmies 34 3
Jibs_PC#7363661505431689216 attack 34 38
Jibs_PC#7363661505431689216 roll 3
Jibs_PC#7363661505431689216 roll 1
DICE 3 1 4 3 2 1 
Jibs_PC#7363661505431689216 attack 38 37
Jibs_PC#7363661505431689216 roll 2
Jibs_PC#7363661505431689216 roll 1
DICE 2 1 3 2 0 
Jibs_PC#7363661505431689216 endattack
Jibs_PC#7363661505431689216 nomove
CARD 24
Jibs_PC#7363661505431689216 placearmies 5 1
Jibs_PC#7363661505431689216 placearmies 5 1
Jibs_PC#7363661505431689216 placearmies 5 1
Jibs_PC#7363661505431689216 attack 5 10
Jibs_PC#7363661505431689216 roll 3
Jibs_PC#7363661505431689216 roll 2
DICE 3 2 4 1 0 4 2 
Jibs_PC#7363661505431689216 roll 3
Jibs_PC#7363661505431689216 roll 2
DICE 3 2 4 1 1 4 2 
Jibs_PC#7363661505431689216 retreat
Jibs_PC#7363661505431689216 attack 36 38
Jibs_PC#7363661505431689216 roll 2
Jibs_PC#7363661505431689216 roll 1
DICE 2 1 1 0 0 
Jibs_PC#7363661505431689216 endattack
Jibs_PC#7363661505431689216 nomove
CARD 9
Jibs_PC#7363661505431689216 trade 34 25 30
Jibs_PC#7363661505431689216 placearmies 21 22
Jibs_PC#7363661505431689216 attack 22 20
Jibs_PC#7363661505431689216 roll 3
Jibs_PC#7363661505431689216 roll 1
DICE 3 1 2 2 2 2 
Jibs_PC#7363661505431689216 roll 2
Jibs_PC#7363661505431689216 roll 1
DICE 2 1 4 4 5 
Jibs_PC#7363661505431689216 retreat
Jibs_PC#7363661505431689216 attack 21 20
Jibs_PC#7363661505431689216 roll 3
Jibs_PC#7363661505431689216 roll 1
DICE 3 1 1 0 0 3 
Jibs_PC#7363661505431689216 roll 3
Jibs_PC#7363661505431689216 roll 1
DICE 3 1 4 2 1 2 
Jibs_PC#7363661505431689216 move 21
Jibs_PC#7363661505431689216 attack 33 32
Jibs_PC#7363661505431689216 roll 2
Jibs_PC#7363661505431689216 roll 1
DICE 2 1 4 3 5 
Jibs_PC#7363661505431689216 retreat
Jibs_PC#7363661505431689216 attack 20 31
Jibs_PC#7363661505431689216 roll 3
Jibs_PC#7363661505431689216 roll 2
DICE 3 2 5 3 0 3 2 
Jibs_PC#7363661505431689216 roll 3
Jibs_PC#7363661505431689216 roll 2
DICE 3 2 4 3 2 2 0 
Jibs_PC#7363661505431689216 move 19
Jibs_PC#7363661505431689216 attack 31 32
Jibs_PC#7363661505431689216 roll 3
Jibs_PC#7363661505431689216 roll 1
DICE 3 1 4 1 1 3 
Jibs_PC#7363661505431689216 move 17
Jibs_PC#7363661505431689216 attack 32 30
Jibs_PC#7363661505431689216 roll 3
Jibs_PC#7363661505431689216 roll 1
DICE 3 1 5 2 1 2 
Jibs_PC#7363661505431689216 move 16
Jibs_PC#7363661505431689216 attack 30 29
Jibs_PC#7363661505431689216 roll 3
Jibs_PC#7363661505431689216 roll 1
DICE 3 1 5 5 2 5 
Jibs_PC#7363661505431689216 roll 3
Jibs_PC#7363661505431689216 roll 1
DICE 3 1 5 3 2 1 
Jibs_PC#7363661505431689216 move 13
Jibs_PC#7363661505431689216 attack 29 36
Jibs_PC#7363661505431689216 roll 3
Jibs_PC#7363661505431689216 roll 1
DICE 3 1 3 1 0 3 
Jibs_PC#7363661505431689216 roll 3
Jibs_PC#7363661505431689216 roll 1
DICE 3 1 4 3 1 3 
Jibs_PC#7363661505431689216 move 10
Jibs_PC#7363661505431689216 attack 36 38
Jibs_PC#7363661505431689216 roll 3
Jibs_PC#7363661505431689216 roll 2
DICE 3 2 4 3 2 5 3 
Jibs_PC#7363661505431689216 roll 3
Jibs_PC#7363661505431689216 roll 2
DICE 3 2 5 3 1 3 3 
Jibs_PC#7363661505431689216 roll 3
Jibs_PC#7363661505431689216 roll 1
DICE 3 1 3 1 0 2 
Jibs_PC#7363661505431689216 move 6
Jibs_PC#7363661505431689216 attack 38 37
Jibs_PC#7363661505431689216 roll 3
Jibs_PC#7363661505431689216 roll 2
DICE 3 2 3 2 0 5 5 
Jibs_PC#7363661505431689216 roll 3
Jibs_PC#7363661505431689216 roll 2
DICE 3 2 4 2 0 5 3 
Jibs_PC#7363661505431689216 retreat
Jibs_PC#7363661505431689216 endattack
Jibs_PC#7363661505431689216 movearmies 22 21 1
CARD 42
Jibs_PC#7363661505431689216 trade 15 13 6
Jibs_PC#7363661505431689216 placearmies 19 10
Jibs_PC#7363661505431689216 placearmies 19 3
Jibs_PC#7363661505431689216 attack 19 21
Jibs_PC#7363661505431689216 roll 3
Jibs_PC#7363661505431689216 roll 2
DICE 3 2 4 2 0 5 2 
Jibs_PC#7363661505431689216 roll 3
Jibs_PC#7363661505431689216 roll 2
DICE 3 2 5 2 1 5 1 
Jibs_PC#7363661505431689216 roll 3
Jibs_PC#7363661505431689216 roll 2
DICE 3 2 3 0 0 4 2 
Jibs_PC#7363661505431689216 roll 3
Jibs_PC#7363661505431689216 roll 2
DICE 3 2 5 1 1 1 1 
Jibs_PC#7363661505431689216 roll 3
Jibs_PC#7363661505431689216 roll 1
DICE 3 1 5 4 1 1 
Jibs_PC#7363661505431689216 move 8
Jibs_PC#7363661505431689216 attack 21 12
Jibs_PC#7363661505431689216 roll 3
Jibs_PC#7363661505431689216 roll 1
DICE 3 1 3 1 1 0 
Jibs_PC#7363661505431689216 move 7
Jibs_PC#7363661505431689216 attack 15 16
Jibs_PC#7363661505431689216 roll 3
Jibs_PC#7363661505431689216 roll 2
DICE 3 2 3 3 0 2 1 
Jibs_PC#7363661505431689216 move 5
Jibs_PC#7363661505431689216 attack 16 20
Jibs_PC#7363661505431689216 roll 3
Jibs_PC#7363661505431689216 roll 2
DICE 3 2 5 3 1 3 0 
Jibs_PC#7363661505431689216 move 3
Jibs_PC#7363661505431689216 attack 12 13
Jibs_PC#7363661505431689216 roll 3
Jibs_PC#7363661505431689216 roll 1
DICE 3 1 5 4 1 5 
Jibs_PC#7363661505431689216 roll 3
Jibs_PC#7363661505431689216 roll 1
DICE 3 1 4 4 4 3 
Jibs_PC#7363661505431689216 move 5
Jibs_PC#7363661505431689216 attack 13 11
Jibs_PC#7363661505431689216 roll 3
Jibs_PC#7363661505431689216 roll 1
DICE 3 1 5 2 1 4 
Jibs_PC#7363661505431689216 move 4
Jibs_PC#7363661505431689216 attack 11 10
Jibs_PC#7363661505431689216 roll 3
Jibs_PC#7363661505431689216 roll 2
DICE 3 2 3 2 0 3 1 
Jibs_PC#7363661505431689216 roll 2
Jibs_PC#7363661505431689216 roll 1
DICE 2 1 2 1 3 
Jibs_PC#7363661505431689216 retreat
Jibs_PC#7363661505431689216 endattack
Jibs_PC#7363661505431689216 movearmies 8 6 2
CARD 33
Jibs_PC#7363661505431689216 placearmies 27 1
Jibs_PC#7363661505431689216 placearmies 27 1
Jibs_PC#7363661505431689216 placearmies 28 1
Jibs_PC#7363661505431689216 attack 27 29
Jibs_PC#7363661505431689216 roll 3
Jibs_PC#7363661505431689216 roll 2
DICE 3 2 5 4 4 5 2 
Jibs_PC#7363661505431689216 roll 3
Jibs_PC#7363661505431689216 roll 1
DICE 3 1 5 3 1 4 
Jibs_PC#7363661505431689216 attack 29 32
Jibs_PC#7363661505431689216 roll 2
Jibs_PC#7363661505431689216 roll 1
DICE 2 1 3 1 1 
Jibs_PC#7363661505431689216 endattack
Jibs_PC#7363661505431689216 nomove
CARD 28
Jibs_PC#7363661505431689216 trade 10 12 9
Jibs_PC#7363661505431689216 placearmies 9 8
Jibs_PC#7363661505431689216 placearmies 9 1
Jibs_PC#7363661505431689216 placearmies 9 1
Jibs_PC#7363661505431689216 placearmies 9 1
Jibs_PC#7363661505431689216 attack 9 8
Jibs_PC#7363661505431689216 roll 3
Jibs_PC#7363661505431689216 roll 1
DICE 3 1 3 2 0 5 
Jibs_PC#7363661505431689216 roll 3
Jibs_PC#7363661505431689216 roll 1
DICE 3 1 4 4 4 1 
Jibs_PC#7363661505431689216 move 12
Jibs_PC#7363661505431689216 attack 8 6
Jibs_PC#7363661505431689216 roll 3
Jibs_PC#7363661505431689216 roll 2
DICE 3 2 4 3 0 5 1 
Jibs_PC#7363661505431689216 roll 3
Jibs_PC#7363661505431689216 roll 2
DICE 3 2 5 1 0 1 0 
Jibs_PC#7363661505431689216 move 10
Jibs_PC#7363661505431689216 endattack
Jibs_PC#7363661505431689216 nomove
CARD 16
Jibs_PC#7363661505431689216 placearmies 24 4
Jibs_PC#7363661505431689216 placearmies 38 3
Jibs_PC#7363661505431689216 attack 38 1
Jibs_PC#7363661505431689216 roll 3
Jibs_PC#7363661505431689216 roll 1
DICE 3 1 5 3 0 5 
Jibs_PC#7363661505431689216 roll 3
Jibs_PC#7363661505431689216 roll 1
DICE 3 1 4 3 2 5 
Jibs_PC#7363661505431689216 roll 2
Jibs_PC#7363661505431689216 roll 1
DICE 2 1 5 3 4 
Jibs_PC#7363661505431689216 attack 24 21
Jibs_PC#7363661505431689216 roll 3
Jibs_PC#7363661505431689216 roll 1
DICE 3 1 5 3 2 3 
Jibs_PC#7363661505431689216 move 4
Jibs_PC#7363661505431689216 attack 21 19
Jibs_PC#7363661505431689216 roll 3
Jibs_PC#7363661505431689216 roll 1
DICE 3 1 5 3 0 0 
Jibs_PC#7363661505431689216 endattack
Jibs_PC#7363661505431689216 movearmies 19 21 2
CARD 39
Jibs_PC#7363661505431689216 placearmies 20 2
Jibs_PC#7363661505431689216 placearmies 11 1
Jibs_PC#7363661505431689216 attack 20 22
Jibs_PC#7363661505431689216 roll 3
Jibs_PC#7363661505431689216 roll 1
DICE 3 1 5 2 1 4 
Jibs_PC#7363661505431689216 move 4
Jibs_PC#7363661505431689216 attack 11 10
Jibs_PC#7363661505431689216 roll 2
Jibs_PC#7363661505431689216 roll 1
DICE 2 1 5 3 4 
Jibs_PC#7363661505431689216 endattack
Jibs_PC#7363661505431689216 movearmies 22 20 3
CARD 18
Jibs_PC#7363661505431689216 placearmies 37 2
Jibs_PC#7363661505431689216 placearmies 37 1
Jibs_PC#7363661505431689216 attack 37 36
Jibs_PC#7363661505431689216 roll 3
Jibs_PC#7363661505431689216 roll 1
DICE 3 1 4 4 2 3 
Jibs_PC#7363661505431689216 move 4
Jibs_PC#7363661505431689216 attack 36 38
Jibs_PC#7363661505431689216 roll 3
Jibs_PC#7363661505431689216 roll 1
DICE 3 1 1 0 0 2 
Jibs_PC#7363661505431689216 roll 2
Jibs_PC#7363661505431689216 roll 1
DICE 2 1 3 3 0 
Jibs_PC#7363661505431689216 endattack
Jibs_PC#7363661505431689216 nomove
CARD 17
Jibs_PC#7363661505431689216 placearmies 6 3
Jibs_PC#7363661505431689216 attack 6 14
Jibs_PC#7363661505431689216 roll 3
Jibs_PC#7363661505431689216 roll 1
DICE 3 1 5 3 2 3 
Jibs_PC#7363661505431689216 move 12
Jibs_PC#7363661505431689216 attack 14 17
Jibs_PC#7363661505431689216 roll 3
Jibs_PC#7363661505431689216 roll 1
DICE 3 1 5 4 1 3 
Jibs_PC#7363661505431689216 move 11
Jibs_PC#7363661505431689216 attack 17 15
Jibs_PC#7363661505431689216 roll 3
Jibs_PC#7363661505431689216 roll 1
DICE 3 1 5 4 0 5 
Jibs_PC#7363661505431689216 roll 3
Jibs_PC#7363661505431689216 roll 1
DICE 3 1 4 1 0 3 
Jibs_PC#7363661505431689216 move 9
Jibs_PC#7363661505431689216 attack 15 16
Jibs_PC#7363661505431689216 roll 3
Jibs_PC#7363661505431689216 roll 2
DICE 3 2 5 4 3 3 0 
Jibs_PC#7363661505431689216 move 8
Jibs_PC#7363661505431689216 attack 16 18
Jibs_PC#7363661505431689216 roll 3
Jibs_PC#7363661505431689216 roll 1
DICE 3 1 5 1 0 1 
Jibs_PC#7363661505431689216 move 7
Jibs_PC#7363661505431689216 attack 18 19
Jibs_PC#7363661505431689216 roll 3
Jibs_PC#7363661505431689216 roll 1
DICE 3 1 5 4 0 1 
Jibs_PC#7363661505431689216 move 6
Jibs_PC#7363661505431689216 attack 19 20
Jibs_PC#7363661505431689216 roll 3
Jibs_PC#7363661505431689216 roll 2
DICE 3 2 4 2 1 5 3 
Jibs_PC#7363661505431689216 roll 3
Jibs_PC#7363661505431689216 roll 2
DICE 3 2 3 0 0 0 0 
Jibs_PC#7363661505431689216 retreat
Jibs_PC#7363661505431689216 endattack
Jibs_PC#7363661505431689216 nomove
CARD 23
Jibs_PC#7363661505431689216 placearmies 21 2
Jibs_PC#7363661505431689216 placearmies 21 4
Jibs_PC#7363661505431689216 attack 21 12
Jibs_PC#7363661505431689216 roll 3
Jibs_PC#7363661505431689216 roll 1
DICE 3 1 3 1 1 3 
Jibs_PC#7363661505431689216 roll 3
Jibs_PC#7363661505431689216 roll 1
DICE 3 1 5 2 0 0 
Jibs_PC#7363661505431689216 move 7
Jibs_PC#7363661505431689216 attack 12 13
Jibs_PC#7363661505431689216 roll 3
Jibs_PC#7363661505431689216 roll 1
DICE 3 1 5 2 1 3 
Jibs_PC#7363661505431689216 move 6
Jibs_PC#7363661505431689216 attack 13 11
Jibs_PC#7363661505431689216 roll 3
Jibs_PC#7363661505431689216 roll 1
DICE 3 1 5 3 0 1 
Jibs_PC#7363661505431689216 move 5
Jibs_PC#7363661505431689216 attack 11 10
Jibs_PC#7363661505431689216 roll 3
Jibs_PC#7363661505431689216 roll 2
DICE 3 2 3 3 2 4 1 
Jibs_PC#7363661505431689216 roll 3
Jibs_PC#7363661505431689216 roll 1
DICE 3 1 5 2 1 0 
Jibs_PC#7363661505431689216 endattack
Jibs_PC#7363661505431689216 movearmies 39 33 3
CARD 26
Jibs_PC#7363661505431689216 trade 19 33 18
Jibs_PC#7363661505431689216 placearmies 20 1
Jibs_PC#7363661505431689216 placearmies 20 4
Jibs_PC#7363661505431689216 placearmies 20 3
Jibs_PC#7363661505431689216 placearmies 20 5
Jibs_PC#7363661505431689216 attack 20 21
Jibs_PC#7363661505431689216 roll 3
Jibs_PC#7363661505431689216 roll 1
DICE 3 1 1 0 0 3 
Jibs_PC#7363661505431689216 roll 3
Jibs_PC#7363661505431689216 roll 1
DICE 3 1 5 2 0 3 
Jibs_PC#7363661505431689216 move 14
Jibs_PC#7363661505431689216 attack 21 12
Jibs_PC#7363661505431689216 roll 3
Jibs_PC#7363661505431689216 roll 1
DICE 3 1 5 2 0 2 
Jibs_PC#7363661505431689216 move 13
Jibs_PC#7363661505431689216 attack 12 10
Jibs_PC#7363661505431689216 roll 3
Jibs_PC#7363661505431689216 roll 2
DICE 3 2 5 4 0 5 2 
Jibs_PC#7363661505431689216 roll 3
Jibs_PC#7363661505431689216 roll 2
DICE 3 2 4 2 1 3 0 
Jibs_PC#7363661505431689216 move 11
Jibs_PC#7363661505431689216 attack 10 11
Jibs_PC#7363661505431689216 roll 3
Jibs_PC#7363661505431689216 roll 1
DICE 3 1 4 3 0 2 
Jibs_PC#7363661505431689216 move 5
Jibs_PC#7363661505431689216 attack 11 13
Jibs_PC#7363661505431689216 roll 3
Jibs_PC#7363661505431689216 roll 1
DICE 3 1 2 2 0 2 
Jibs_PC#7363661505431689216 roll 3
Jibs_PC#7363661505431689216 roll 1
DICE 3 1 3 1 1 5 
Jibs_PC#7363661505431689216 roll 2
Jibs_PC#7363661505431689216 roll 1
DICE 2 1 5 3 1 
Jibs_PC#7363661505431689216 endattack
Jibs_PC#7363661505431689216 nomove
CARD 8
Jibs_PC#7363661505431689216 trade 7 28 17
Jibs_PC#7363661505431689216 placearmies 28 6
Jibs_PC#7363661505431689216 placearmies 28 3
Jibs_PC#7363661505431689216 attack 28 30
Jibs_PC#7363661505431689216 roll 3
Jibs_PC#7363661505431689216 roll 2
DICE 3 2 5 3 3 0 0 
Jibs_PC#7363661505431689216 move 12
Jibs_PC#7363661505431689216 attack 30 31
Jibs_PC#7363661505431689216 roll 3
Jibs_PC#7363661505431689216 roll 2
DICE 3 2 4 1 0 1 0 
Jibs_PC#7363661505431689216 move 11
Jibs_PC#7363661505431689216 attack 31 20
Jibs_PC#7363661505431689216 roll 3
Jibs_PC#7363661505431689216 roll 1
DICE 3 1 2 1 0 5 
Jibs_PC#7363661505431689216 roll 3
Jibs_PC#7363661505431689216 roll 1
DICE 3 1 4 3 2 4 
Jibs_PC#7363661505431689216 retreat
Jibs_PC#7363661505431689216 attack 31 22
Jibs_PC#7363661505431689216 roll 3
Jibs_PC#7363661505431689216 roll 1
DICE 3 1 4 3 3 1 
Jibs_PC#7363661505431689216 move 8
Jibs_PC#7363661505431689216 attack 22 24
Jibs_PC#7363661505431689216 roll 3
Jibs_PC#7363661505431689216 roll 1
DICE 3 1 3 0 0 0 
Jibs_PC#7363661505431689216 move 7
Jibs_PC#7363661505431689216 attack 24 26
Jibs_PC#7363661505431689216 roll 3
Jibs_PC#7363661505431689216 roll 2
DICE 3 2 5 4 0 3 1 
Jibs_PC#7363661505431689216 move 6
Jibs_PC#7363661505431689216 attack 26 25
Jibs_PC#7363661505431689216 roll 3
Jibs_PC#7363661505431689216 roll 2
DICE 3 2 5 5 1 4 2 
Jibs_PC#7363661505431689216 roll 3
Jibs_PC#7363661505431689216 roll 2
DICE 3 2 5 4 3 3 2 
Jibs_PC#7363661505431689216 move 5
Jibs_PC#7363661505431689216 attack 25 23
Jibs_PC#7363661505431689216 roll 3
Jibs_PC#7363661505431689216 roll 1
DICE 3 1 1 1 0 2 
Jibs_PC#7363661505431689216 roll 3
Jibs_PC#7363661505431689216 roll 1
DICE 3 1 3 2 0 0 
Jibs_PC#7363661505431689216 attack 23 21
Jibs_PC#7363661505431689216 roll 2
Jibs_PC#7363661505431689216 roll 1
DICE 2 1 4 2 2 
Jibs_PC#7363661505431689216 endattack
Jibs_PC#7363661505431689216 nomove
CARD 11
Jibs_PC#7363661505431689216 placearmies 19 3
Jibs_PC#7363661505431689216 placearmies 19 1
Jibs_PC#7363661505431689216 attack 19 21
Jibs_PC#7363661505431689216 roll 3
Jibs_PC#7363661505431689216 roll 2
DICE 3 2 5 5 2 5 0 
Jibs_PC#7363661505431689216 roll 3
Jibs_PC#7363661505431689216 roll 1
DICE 3 1 3 2 1 0 
Jibs_PC#7363661505431689216 move 5
Jibs_PC#7363661505431689216 attack 21 12
Jibs_PC#7363661505431689216 roll 3
Jibs_PC#7363661505431689216 roll 1
DICE 3 1 4 2 1 4 
Jibs_PC#7363661505431689216 roll 3
Jibs_PC#7363661505431689216 roll 1
DICE 3 1 4 3 1 4 
Jibs_PC#7363661505431689216 roll 2
Jibs_PC#7363661505431689216 roll 1
DICE 2 1 5 3 2 
Jibs_PC#7363661505431689216 endattack
Jibs_PC#7363661505431689216 nomove
CARD 29
Jibs_PC#7363661505431689216 placearmies 1 5
Jibs_PC#7363661505431689216 attack 1 3
Jibs_PC#7363661505431689216 roll 3
Jibs_PC#7363661505431689216 roll 1
DICE 3 1 4 1 0 4 
Jibs_PC#7363661505431689216 roll 3
Jibs_PC#7363661505431689216 roll 1
DICE 3 1 3 3 0 5 
Jibs_PC#7363661505431689216 roll 3
Jibs_PC#7363661505431689216 roll 1
DICE 3 1 4 2 2 1 
Jibs_PC#7363661505431689216 move 4
Jibs_PC#7363661505431689216 attack 33 29
Jibs_PC#7363661505431689216 roll 3
Jibs_PC#7363661505431689216 roll 1
DICE 3 1 4 2 1 2 
Jibs_PC#7363661505431689216 move 3
Jibs_PC#7363661505431689216 attack 3 7
Jibs_PC#7363661505431689216 roll 3
Jibs_PC#7363661505431689216 roll 1
DICE 3 1 5 0 0 5 
Jibs_PC#7363661505431689216 roll 2
Jibs_PC#7363661505431689216 roll 1
DICE 2 1 3 1 4 
Jibs_PC#7363661505431689216 retreat
Jibs_PC#7363661505431689216 endattack
Jibs_PC#7363661505431689216 movearmies 29 33 2
CARD 1
Jibs_PC#7363661505431689216 placearmies 20 3
Jibs_PC#7363661505431689216 attack 10 12
Jibs_PC#7363661505431689216 roll 3
Jibs_PC#7363661505431689216 roll 2
DICE 3 2 3 2 1 5 3 
Jibs_PC#7363661505431689216 roll 3
Jibs_PC#7363661505431689216 roll 2
DICE 3 2 4 0 0 2 0 
Jibs_PC#7363661505431689216 roll 2
Jibs_PC#7363661505431689216 roll 1
DICE 2 1 3 2 4 
Jibs_PC#7363661505431689216 retreat
Jibs_PC#7363661505431689216 attack 20 21
Jibs_PC#7363661505431689216 roll 3
Jibs_PC#7363661505431689216 roll 1
DICE 3 1 3 2 0 0 
Jibs_PC#7363661505431689216 attack 21 12
Jibs_PC#7363661505431689216 roll 2
Jibs_PC#7363661505431689216 roll 1
DICE 2 1 3 1 3 
Jibs_PC#7363661505431689216 retreat
Jibs_PC#7363661505431689216 endattack
Jibs_PC#7363661505431689216 nomove
CARD wildcard
Jibs_PC#7363661505431689216 placearmies 32 3
Jibs_PC#7363661505431689216 placearmies 38 2
Jibs_PC#7363661505431689216 attack 32 29
Jibs_PC#7363661505431689216 roll 3
Jibs_PC#7363661505431689216 roll 1
DICE 3 1 3 2 1 4 
Jibs_PC#7363661505431689216 roll 3
Jibs_PC#7363661505431689216 roll 1
DICE 3 1 4 3 0 1 
Jibs_PC#7363661505431689216 endattack
Jibs_PC#7363661505431689216 nomove
CARD 22
Jibs_PC#7363661505431689216 trade 5 23 29
Jibs_PC#7363661505431689216 placearmies 16 4
Jibs_PC#7363661505431689216 placearmies 2 4
Jibs_PC#7363661505431689216 placearmies 5 1
Jibs_PC#7363661505431689216 placearmies 5 1
Jibs_PC#7363661505431689216 attack 2 1
Jibs_PC#7363661505431689216 roll 3
Jibs_PC#7363661505431689216 roll 1
DICE 3 1 4 2 0 4 
Jibs_PC#7363661505431689216 roll 3
Jibs_PC#7363661505431689216 roll 1
DICE 3 1 4 3 1 4 
Jibs_PC#7363661505431689216 roll 2
Jibs_PC#7363661505431689216 roll 1
DICE 2 1 2 1 1 
Jibs_PC#7363661505431689216 attack 16 20
Jibs_PC#7363661505431689216 roll 3
Jibs_PC#7363661505431689216 roll 1
DICE 3 1 5 4 3 5 
Jibs_PC#7363661505431689216 roll 3
Jibs_PC#7363661505431689216 roll 1
DICE 3 1 3 3 0 3 
Jibs_PC#7363661505431689216 roll 2
Jibs_PC#7363661505431689216 roll 1
DICE 2 1 3 3 0 
Jibs_PC#7363661505431689216 attack 5 10
Jibs_PC#7363661505431689216 roll 3
Jibs_PC#7363661505431689216 roll 2
DICE 3 2 5 1 0 2 0 
Jibs_PC#7363661505431689216 move 6
Jibs_PC#7363661505431689216 attack 10 11
Jibs_PC#7363661505431689216 roll 3
Jibs_PC#7363661505431689216 roll 1
DICE 3 1 4 4 0 0 
Jibs_PC#7363661505431689216 move 5
Jibs_PC#7363661505431689216 attack 11 13
Jibs_PC#7363661505431689216 roll 3
Jibs_PC#7363661505431689216 roll 2
DICE 3 2 5 3 2 3 0 
Jibs_PC#7363661505431689216 move 3
Jibs_PC#7363661505431689216 endattack
Jibs_PC#7363661505431689216 movearmies 1 2 1
CARD 35
Jibs_PC#7363661505431689216 trade 42 26 1
Jibs_PC#7363661505431689216 placearmies 3 7
Jibs_PC#7363661505431689216 placearmies 3 2
Jibs_PC#7363661505431689216 attack 3 4
Jibs_PC#7363661505431689216 roll 3
Jibs_PC#7363661505431689216 roll 1
DICE 3 1 4 2 1 1 
Jibs_PC#7363661505431689216 move 10
Jibs_PC#7363661505431689216 attack 4 5
Jibs_PC#7363661505431689216 roll 3
Jibs_PC#7363661505431689216 roll 1
DICE 3 1 5 4 0 1 
Jibs_PC#7363661505431689216 move 9
Jibs_PC#7363661505431689216 attack 5 10
Jibs_PC#7363661505431689216 roll 3
Jibs_PC#7363661505431689216 roll 1
DICE 3 1 5 3 0 0 
Jibs_PC#7363661505431689216 move 8
Jibs_PC#7363661505431689216 attack 10 12
Jibs_PC#7363661505431689216 roll 3
Jibs_PC#7363661505431689216 roll 1
DICE 3 1 5 0 0 0 
Jibs_PC#7363661505431689216 move 7
Jibs_PC#7363661505431689216 attack 12 21
Jibs_PC#7363661505431689216 roll 3
Jibs_PC#7363661505431689216 roll 2
DICE 3 2 1 1 1 4 2 
Jibs_PC#7363661505431689216 roll 3
Jibs_PC#7363661505431689216 roll 2
DICE 3 2 3 1 0 5 2 
Jibs_PC#7363661505431689216 retreat
Jibs_PC#7363661505431689216 endattack
Jibs_PC#7363661505431689216 movearmies 42 40 3
CARD 32
Jibs_PC#7363661505431689216 placearmies 21 2
Jibs_PC#7363661505431689216 placearmies 21 1
Jibs_PC#7363661505431689216 attack 21 19
Jibs_PC#7363661505431689216 roll 3
Jibs_PC#7363661505431689216 roll 1
DICE 3 1 4 2 2 2 
Jibs_PC#7363661505431689216 move 4
Jibs_PC#7363661505431689216 endattack
Jibs_PC#7363661505431689216 nomove
CARD 2
Jibs_PC#7363661505431689216 trade 24 11 22
Jibs_PC#7363661505431689216 placearmies 24 9
Jibs_PC#7363661505431689216 placearmies 29 6
Jibs_PC#7363661505431689216 attack 24 21
Jibs_PC#7363661505431689216 roll 3
Jibs_PC#7363661505431689216 roll 1
DICE 3 1 5 5 2 4 
Jibs_PC#7363661505431689216 move 11
Jibs_PC#7363661505431689216 attack 21 19
Jibs_PC#7363661505431689216 roll 3
Jibs_PC#7363661505431689216 roll 2
DICE 3 2 1 1 1 3 2 
Jibs_PC#7363661505431689216 roll 3
Jibs_PC#7363661505431689216 roll 2
DICE 3 2 5 5 3 3 0 
Jibs_PC#7363661505431689216 roll 3
Jibs_PC#7363661505431689216 roll 2
DICE 3 2 3 3 1 3 1 
Jibs_PC#7363661505431689216 roll 3
Jibs_PC#7363661505431689216 roll 1
DICE 3 1 5 5 3 1 
Jibs_PC#7363661505431689216 move 6
Jibs_PC#7363661505431689216 attack 29 33
Jibs_PC#7363661505431689216 roll 3
Jibs_PC#7363661505431689216 roll 2
DICE 3 2 4 4 3 5 4 
Jibs_PC#7363661505431689216 roll 3
Jibs_PC#7363661505431689216 roll 2
DICE 3 2 5 4 1 2 1 
Jibs_PC#7363661505431689216 roll 3
Jibs_PC#7363661505431689216 roll 2
DICE 3 2 5 4 0 3 2 
Jibs_PC#7363661505431689216 move 6
