Jibs_PC#6147444747735142400 newplayer ai hard green s0914007
Jibs_PC#6147444747735142400 newplayer ai hard blue bob
Jibs_PC#6147444747735142400 newplayer ai hard red fred
Jibs_PC#6147444747735142400 newplayer ai hard cyan ted
Jibs_PC#6147444747735142400 newplayer ai hard magenta yura
Jibs_PC#6147444747735142400 newplayer ai hard yellow lala
Jibs_PC#6147444747735142400 startgame mission fixed autoplaceall recycle
PLAYER lala
MISSION 1 2 3 1 0 0
PLACEALL 36 26 35 25 20 16 9 37 42 2 14 1 30 41 11 22 32 5 27 23 34 12 19 6 7 18 3 24 31 39 21 17 33 15 40 8 10 4 29 28 13 38
Jibs_PC#6147444747735142400 placearmies 36 1
CARD 
Jibs_PC#6147444747735142400 placearmies 41 1
CARD 
Jibs_PC#6147444747735142400 placearmies 11 1
CARD 
Jibs_PC#6147444747735142400 placearmies 2 1
CARD 
Jibs_PC#6147444747735142400 placearmies 32 1
CARD 
Jibs_PC#6147444747735142400 placearmies 5 1
CARD 
Jibs_PC#6147444747735142400 placearmies 36 1
CARD 
Jibs_PC#6147444747735142400 placearmies 41 1
CARD 
Jibs_PC#6147444747735142400 placearmies 11 1
CARD 
Jibs_PC#6147444747735142400 placearmies 2 1
CARD 
Jibs_PC#6147444747735142400 placearmies 20 1
CARD 
Jibs_PC#6147444747735142400 placearmies 5 1
CARD 
Jibs_PC#6147444747735142400 placearmies 36 1
CARD 
Jibs_PC#6147444747735142400 placearmies 41 1
CARD 
Jibs_PC#6147444747735142400 placearmies 11 1
CARD 
Jibs_PC#6147444747735142400 placearmies 25 1
CARD 
Jibs_PC#6147444747735142400 placearmies 20 1
CARD 
Jibs_PC#6147444747735142400 placearmies 5 1
CARD 
Jibs_PC#6147444747735142400 placearmies 36 1
CARD 
Jibs_PC#6147444747735142400 placearmies 41 1
CARD 
Jibs_PC#6147444747735142400 placearmies 11 1
CARD 
Jibs_PC#6147444747735142400 placearmies 25 1
CARD 
Jibs_PC#6147444747735142400 placearmies 20 1
CARD 
Jibs_PC#6147444747735142400 placearmies 5 1
CARD 
Jibs_PC#6147444747735142400 placearmies 36 1
CARD 
Jibs_PC#6147444747735142400 placearmies 41 1
CARD 
Jibs_PC#6147444747735142400 placearmies 11 1
CARD 
Jibs_PC#6147444747735142400 placearmies 25 1
CARD 
Jibs_PC#6147444747735142400 placearmies 20 1
CARD 
Jibs_PC#6147444747735142400 placearmies 5 1
CARD 
Jibs_PC#6147444747735142400 placearmies 36 1
CARD 
Jibs_PC#6147444747735142400 placearmies 41 1
CARD 
Jibs_PC#6147444747735142400 placearmies 11 1
CARD 
Jibs_PC#6147444747735142400 placearmies 25 1
CARD 
Jibs_PC#6147444747735142400 placearmies 20 1
CARD 
Jibs_PC#6147444747735142400 placearmies 5 1
CARD 
Jibs_PC#6147444747735142400 placearmies 36 1
CARD 
Jibs_PC#6147444747735142400 placearmies 41 1
CARD 
Jibs_PC#6147444747735142400 placearmies 11 1
CARD 
Jibs_PC#6147444747735142400 placearmies 2 1
CARD 
Jibs_PC#6147444747735142400 placearmies 20 1
CARD 
Jibs_PC#6147444747735142400 placearmies 5 1
CARD 
Jibs_PC#6147444747735142400 placearmies 36 1
CARD 
Jibs_PC#6147444747735142400 placearmies 41 1
CARD 
Jibs_PC#6147444747735142400 placearmies 11 1
CARD 
Jibs_PC#6147444747735142400 placearmies 2 1
CARD 
Jibs_PC#6147444747735142400 placearmies 20 1
CARD 
Jibs_PC#6147444747735142400 placearmies 5 1
CARD 
Jibs_PC#6147444747735142400 placearmies 36 1
CARD 
Jibs_PC#6147444747735142400 placearmies 41 1
CARD 
Jibs_PC#6147444747735142400 placearmies 11 1
CARD 
Jibs_PC#6147444747735142400 placearmies 2 1
CARD 
Jibs_PC#6147444747735142400 placearmies 20 1
CARD 
Jibs_PC#6147444747735142400 placearmies 5 1
CARD 
Jibs_PC#6147444747735142400 placearmies 36 1
CARD 
Jibs_PC#6147444747735142400 placearmies 41 1
CARD 
Jibs_PC#6147444747735142400 placearmies 11 1
CARD 
Jibs_PC#6147444747735142400 placearmies 2 1
CARD 
Jibs_PC#6147444747735142400 placearmies 20 1
CARD 
Jibs_PC#6147444747735142400 placearmies 5 1
CARD 
Jibs_PC#6147444747735142400 placearmies 36 1
CARD 
Jibs_PC#6147444747735142400 placearmies 18 1
CARD 
Jibs_PC#6147444747735142400 placearmies 42 1
CARD 
Jibs_PC#6147444747735142400 placearmies 2 1
CARD 
Jibs_PC#6147444747735142400 placearmies 20 1
CARD 
Jibs_PC#6147444747735142400 placearmies 39 1
CARD 
Jibs_PC#6147444747735142400 placearmies 36 1
CARD 
Jibs_PC#6147444747735142400 placearmies 41 1
CARD 
Jibs_PC#6147444747735142400 placearmies 42 1
CARD 
Jibs_PC#6147444747735142400 placearmies 2 1
CARD 
Jibs_PC#6147444747735142400 placearmies 20 1
CARD 
Jibs_PC#6147444747735142400 placearmies 39 1
CARD 
Jibs_PC#6147444747735142400 placearmies 36 1
CARD 
Jibs_PC#6147444747735142400 placearmies 18 1
CARD 
Jibs_PC#6147444747735142400 placearmies 42 1
CARD 
Jibs_PC#6147444747735142400 placearmies 2 1
CARD 
Jibs_PC#6147444747735142400 placearmies 20 1
CARD 
Jibs_PC#6147444747735142400 placearmies 39 1
CARD 
Jibs_PC#6147444747735142400 placearmies 36 3
Jibs_PC#6147444747735142400 attack 36 29
Jibs_PC#6147444747735142400 roll 3
Jibs_PC#6147444747735142400 roll 1
DICE 3 1 4 3 2 4 
Jibs_PC#6147444747735142400 roll 3
Jibs_PC#6147444747735142400 roll 1
DICE 3 1 5 3 0 1 
Jibs_PC#6147444747735142400 move 15
Jibs_PC#6147444747735142400 attack 29 28
Jibs_PC#6147444747735142400 roll 3
Jibs_PC#6147444747735142400 roll 1
DICE 3 1 5 3 0 4 
Jibs_PC#6147444747735142400 move 14
Jibs_PC#6147444747735142400 endattack
Jibs_PC#6147444747735142400 nomove
CARD 16
Jibs_PC#6147444747735142400 placearmies 41 1
Jibs_PC#6147444747735142400 placearmies 41 1
Jibs_PC#6147444747735142400 placearmies 18 1
Jibs_PC#6147444747735142400 attack 41 39
Jibs_PC#6147444747735142400 roll 3
Jibs_PC#6147444747735142400 roll 2
DICE 3 2 5 4 2 5 3 
Jibs_PC#6147444747735142400 roll 3
Jibs_PC#6147444747735142400 roll 2
DICE 3 2 5 2 0 3 0 
Jibs_PC#6147444747735142400 retreat
Jibs_PC#6147444747735142400 attack 41 42
Jibs_PC#6147444747735142400 roll 3
Jibs_PC#6147444747735142400 roll 2
DICE 3 2 5 2 1 4 4 
Jibs_PC#6147444747735142400 roll 3
Jibs_PC#6147444747735142400 roll 2
DICE 3 2 3 2 2 2 1 
Jibs_PC#6147444747735142400 retreat
Jibs_PC#6147444747735142400 attack 41 39
Jibs_PC#6147444747735142400 roll 3
Jibs_PC#6147444747735142400 roll 1
DICE 3 1 4 3 1 2 
Jibs_PC#6147444747735142400 move 11
Jibs_PC#6147444747735142400 attack 39 40
Jibs_PC#6147444747735142400 roll 3
Jibs_PC#6147444747735142400 roll 1
DICE 3 1 4 4 4 2 
Jibs_PC#6147444747735142400 move 5
Jibs_PC#6147444747735142400 attack 40 42
Jibs_PC#6147444747735142400 roll 3
Jibs_PC#6147444747735142400 roll 1
DICE 3 1 3 2 1 5 
Jibs_PC#6147444747735142400 roll 3
Jibs_PC#6147444747735142400 roll 1
DICE 3 1 5 3 1 2 
Jibs_PC#6147444747735142400 endattack
Jibs_PC#6147444747735142400 movearmies 42 40 1
CARD 15
Jibs_PC#6147444747735142400 placearmies 33 3
Jibs_PC#6147444747735142400 attack 11 10
Jibs_PC#6147444747735142400 roll 3
Jibs_PC#6147444747735142400 roll 1
DICE 3 1 5 3 2 4 
Jibs_PC#6147444747735142400 move 10
Jibs_PC#6147444747735142400 attack 10 12
Jibs_PC#6147444747735142400 roll 3
Jibs_PC#6147444747735142400 roll 1
DICE 3 1 5 3 1 1 
Jibs_PC#6147444747735142400 move 9
Jibs_PC#6147444747735142400 attack 12 13
Jibs_PC#6147444747735142400 roll 3
Jibs_PC#6147444747735142400 roll 1
DICE 3 1 2 2 1 1 
Jibs_PC#6147444747735142400 move 3
Jibs_PC#6147444747735142400 endattack
Jibs_PC#6147444747735142400 movearmies 12 10 1
CARD 10
Jibs_PC#6147444747735142400 placearmies 2 1
Jibs_PC#6147444747735142400 placearmies 22 2
Jibs_PC#6147444747735142400 attack 2 1
Jibs_PC#6147444747735142400 roll 3
Jibs_PC#6147444747735142400 roll 1
DICE 3 1 5 5 4 2 
Jibs_PC#6147444747735142400 move 10
Jibs_PC#6147444747735142400 endattack
Jibs_PC#6147444747735142400 nomove
CARD 11
Jibs_PC#6147444747735142400 placearmies 20 3
Jibs_PC#6147444747735142400 attack 20 22
Jibs_PC#6147444747735142400 roll 3
Jibs_PC#6147444747735142400 roll 2
DICE 3 2 4 3 2 4 0 
Jibs_PC#6147444747735142400 roll 3
Jibs_PC#6147444747735142400 roll 2
DICE 3 2 3 1 0 2 1 
Jibs_PC#6147444747735142400 retreat
Jibs_PC#6147444747735142400 attack 20 21
Jibs_PC#6147444747735142400 roll 3
Jibs_PC#6147444747735142400 roll 1
DICE 3 1 5 3 0 3 
Jibs_PC#6147444747735142400 move 13
Jibs_PC#6147444747735142400 attack 21 22
Jibs_PC#6147444747735142400 roll 3
Jibs_PC#6147444747735142400 roll 1
DICE 3 1 5 3 1 2 
Jibs_PC#6147444747735142400 move 12
Jibs_PC#6147444747735142400 attack 22 24
Jibs_PC#6147444747735142400 roll 3
Jibs_PC#6147444747735142400 roll 1
DICE 3 1 4 3 1 1 
Jibs_PC#6147444747735142400 move 11
Jibs_PC#6147444747735142400 attack 24 25
Jibs_PC#6147444747735142400 roll 3
Jibs_PC#6147444747735142400 roll 2
DICE 3 2 2 1 0 4 3 
Jibs_PC#6147444747735142400 roll 3
Jibs_PC#6147444747735142400 roll 2
DICE 3 2 4 2 2 3 2 
Jibs_PC#6147444747735142400 roll 3
Jibs_PC#6147444747735142400 roll 2
DICE 3 2 2 2 0 1 0 
Jibs_PC#6147444747735142400 roll 3
Jibs_PC#6147444747735142400 roll 2
DICE 3 2 5 4 0 2 2 
Jibs_PC#6147444747735142400 move 7
Jibs_PC#6147444747735142400 attack 25 23
Jibs_PC#6147444747735142400 roll 3
Jibs_PC#6147444747735142400 roll 1
DICE 3 1 3 3 3 5 
Jibs_PC#6147444747735142400 roll 3
Jibs_PC#6147444747735142400 roll 1
DICE 3 1 5 4 1 3 
Jibs_PC#6147444747735142400 move 3
Jibs_PC#6147444747735142400 attack 25 26
Jibs_PC#6147444747735142400 roll 2
Jibs_PC#6147444747735142400 roll 1
DICE 2 1 5 3 0 
Jibs_PC#6147444747735142400 endattack
Jibs_PC#6147444747735142400 movearmies 32 31 1
CARD 9
Jibs_PC#6147444747735142400 placearmies 38 3
Jibs_PC#6147444747735142400 attack 5 10
Jibs_PC#6147444747735142400 roll 3
Jibs_PC#6147444747735142400 roll 2
DICE 3 2 3 2 1 3 1 
Jibs_PC#6147444747735142400 roll 3
Jibs_PC#6147444747735142400 roll 1
DICE 3 1 5 5 2 5 
Jibs_PC#6147444747735142400 roll 3
Jibs_PC#6147444747735142400 roll 1
DICE 3 1 5 4 1 3 
Jibs_PC#6147444747735142400 move 8
Jibs_PC#6147444747735142400 attack 10 12
Jibs_PC#6147444747735142400 roll 3
Jibs_PC#6147444747735142400 roll 2
DICE 3 2 5 4 3 3 3 
Jibs_PC#6147444747735142400 roll 3
Jibs_PC#6147444747735142400 roll 2
DICE 3 2 4 4 2 4 3 
Jibs_PC#6147444747735142400 roll 3
Jibs_PC#6147444747735142400 roll 2
DICE 3 2 3 3 0 1 0 
Jibs_PC#6147444747735142400 move 6
Jibs_PC#6147444747735142400 attack 12 21
Jibs_PC#6147444747735142400 roll 3
Jibs_PC#6147444747735142400 roll 1
DICE 3 1 2 0 0 4 
Jibs_PC#6147444747735142400 roll 3
Jibs_PC#6147444747735142400 roll 1
DICE 3 1 5 2 1 2 
Jibs_PC#6147444747735142400 move 4
Jibs_PC#6147444747735142400 endattack
Jibs_PC#6147444747735142400 nomove
CARD 37
Jibs_PC#6147444747735142400 placearmies 28 3
Jibs_PC#6147444747735142400 attack 28 16
Jibs_PC#6147444747735142400 roll 3
Jibs_PC#6147444747735142400 roll 1
DICE 3 1 4 4 3 4 
Jibs_PC#6147444747735142400 roll 3
Jibs_PC#6147444747735142400 roll 1
DICE 3 1 4 1 0 3 
Jibs_PC#6147444747735142400 move 15
Jibs_PC#6147444747735142400 attack 16 18
Jibs_PC#6147444747735142400 roll 3
Jibs_PC#6147444747735142400 roll 2
DICE 3 2 2 2 2 3 1 
Jibs_PC#6147444747735142400 roll 3
Jibs_PC#6147444747735142400 roll 2
DICE 3 2 5 5 0 5 3 
Jibs_PC#6147444747735142400 retreat
Jibs_PC#6147444747735142400 attack 16 15
Jibs_PC#6147444747735142400 roll 3
Jibs_PC#6147444747735142400 roll 1
DICE 3 1 3 2 1 4 
Jibs_PC#6147444747735142400 roll 3
Jibs_PC#6147444747735142400 roll 1
DICE 3 1 4 4 2 5 
Jibs_PC#6147444747735142400 roll 3
Jibs_PC#6147444747735142400 roll 1
DICE 3 1 5 4 3 0 
Jibs_PC#6147444747735142400 move 10
Jibs_PC#6147444747735142400 attack 15 18
Jibs_PC#6147444747735142400 roll 3
Jibs_PC#6147444747735142400 roll 2
DICE 3 2 5 4 0 4 2 
Jibs_PC#6147444747735142400 move 9
Jibs_PC#6147444747735142400 attack 18 17
Jibs_PC#6147444747735142400 roll 3
Jibs_PC#6147444747735142400 roll 1
DICE 3 1 4 3 0 1 
Jibs_PC#6147444747735142400 move 8
Jibs_PC#6147444747735142400 attack 17 14
Jibs_PC#6147444747735142400 roll 3
Jibs_PC#6147444747735142400 roll 1
DICE 3 1 5 4 4 0 
Jibs_PC#6147444747735142400 move 7
Jibs_PC#6147444747735142400 attack 14 6
Jibs_PC#6147444747735142400 roll 3
Jibs_PC#6147444747735142400 roll 1
DICE 3 1 2 1 0 1 
Jibs_PC#6147444747735142400 move 6
Jibs_PC#6147444747735142400 attack 6 8
Jibs_PC#6147444747735142400 roll 3
Jibs_PC#6147444747735142400 roll 1
DICE 3 1 5 1 0 0 
Jibs_PC#6147444747735142400 move 3
Jibs_PC#6147444747735142400 endattack
Jibs_PC#6147444747735142400 movearmies 8 6 2
CARD 13
Jibs_PC#6147444747735142400 placearmies 39 1
Jibs_PC#6147444747735142400 placearmies 39 4
Jibs_PC#6147444747735142400 attack 39 33
Jibs_PC#6147444747735142400 roll 3
Jibs_PC#6147444747735142400 roll 2
DICE 3 2 5 2 1 2 2 
Jibs_PC#6147444747735142400 roll 3
Jibs_PC#6147444747735142400 roll 2
DICE 3 2 5 4 4 5 0 
Jibs_PC#6147444747735142400 roll 3
Jibs_PC#6147444747735142400 roll 2
DICE 3 2 2 1 0 3 1 
Jibs_PC#6147444747735142400 roll 3
Jibs_PC#6147444747735142400 roll 2
DICE 3 2 5 3 1 5 4 
Jibs_PC#6147444747735142400 roll 3
Jibs_PC#6147444747735142400 roll 2
DICE 3 2 2 2 2 5 3 
Jibs_PC#6147444747735142400 retreat
Jibs_PC#6147444747735142400 attack 39 33
Jibs_PC#6147444747735142400 roll 2
Jibs_PC#6147444747735142400 roll 2
DICE 2 2 5 2 5 0 
Jibs_PC#6147444747735142400 retreat
Jibs_PC#6147444747735142400 endattack
Jibs_PC#6147444747735142400 movearmies 40 39 1
CARD 
Jibs_PC#6147444747735142400 placearmies 13 1
Jibs_PC#6147444747735142400 placearmies 13 1
Jibs_PC#6147444747735142400 placearmies 13 1
Jibs_PC#6147444747735142400 attack 13 12
Jibs_PC#6147444747735142400 roll 3
Jibs_PC#6147444747735142400 roll 1
DICE 3 1 5 3 3 0 
Jibs_PC#6147444747735142400 move 5
Jibs_PC#6147444747735142400 attack 12 10
Jibs_PC#6147444747735142400 roll 3
Jibs_PC#6147444747735142400 roll 1
DICE 3 1 3 3 2 1 
Jibs_PC#6147444747735142400 move 3
Jibs_PC#6147444747735142400 endattack
Jibs_PC#6147444747735142400 nomove
CARD 41
Jibs_PC#6147444747735142400 placearmies 1 3
Jibs_PC#6147444747735142400 attack 1 3
Jibs_PC#6147444747735142400 roll 3
Jibs_PC#6147444747735142400 roll 1
DICE 3 1 5 2 1 2 
Jibs_PC#6147444747735142400 move 12
Jibs_PC#6147444747735142400 attack 3 4
Jibs_PC#6147444747735142400 roll 3
Jibs_PC#6147444747735142400 roll 1
DICE 3 1 4 3 3 5 
Jibs_PC#6147444747735142400 roll 3
Jibs_PC#6147444747735142400 roll 1
DICE 3 1 5 3 3 4 
Jibs_PC#6147444747735142400 move 10
Jibs_PC#6147444747735142400 attack 4 5
Jibs_PC#6147444747735142400 roll 3
Jibs_PC#6147444747735142400 roll 1
DICE 3 1 4 3 2 0 
Jibs_PC#6147444747735142400 move 9
Jibs_PC#6147444747735142400 attack 5 9
Jibs_PC#6147444747735142400 roll 3
Jibs_PC#6147444747735142400 roll 1
DICE 3 1 4 2 0 2 
Jibs_PC#6147444747735142400 move 8
Jibs_PC#6147444747735142400 attack 9 7
Jibs_PC#6147444747735142400 roll 3
Jibs_PC#6147444747735142400 roll 1
DICE 3 1 4 4 2 1 
Jibs_PC#6147444747735142400 move 7
Jibs_PC#6147444747735142400 attack 7 6
Jibs_PC#6147444747735142400 roll 3
Jibs_PC#6147444747735142400 roll 2
DICE 3 2 4 3 2 2 1 
Jibs_PC#6147444747735142400 roll 3
Jibs_PC#6147444747735142400 roll 2
DICE 3 2 2 1 1 3 0 
Jibs_PC#6147444747735142400 roll 3
Jibs_PC#6147444747735142400 roll 2
DICE 3 2 5 1 0 1 0 
Jibs_PC#6147444747735142400 move 5
Jibs_PC#6147444747735142400 attack 6 8
Jibs_PC#6147444747735142400 roll 3
Jibs_PC#6147444747735142400 roll 1
DICE 3 1 5 3 0 1 
Jibs_PC#6147444747735142400 move 3
Jibs_PC#6147444747735142400 endattack
Jibs_PC#6147444747735142400 movearmies 8 6 2
CARD 31
Jibs_PC#6147444747735142400 placearmies 31 3
Jibs_PC#6147444747735142400 attack 31 30
Jibs_PC#6147444747735142400 roll 3
Jibs_PC#6147444747735142400 roll 1
DICE 3 1 5 4 2 0 
Jibs_PC#6147444747735142400 move 4
Jibs_PC#6147444747735142400 endattack
Jibs_PC#6147444747735142400 movearmies 26 24 1
CARD 36
Jibs_PC#6147444747735142400 placearmies 21 2
Jibs_PC#6147444747735142400 placearmies 38 1
Jibs_PC#6147444747735142400 attack 21 12
Jibs_PC#6147444747735142400 roll 3
Jibs_PC#6147444747735142400 roll 2
DICE 3 2 1 1 1 4 0 
Jibs_PC#6147444747735142400 roll 3
Jibs_PC#6147444747735142400 roll 1
DICE 3 1 4 3 1 2 
Jibs_PC#6147444747735142400 move 4
Jibs_PC#6147444747735142400 attack 38 1
Jibs_PC#6147444747735142400 roll 3
Jibs_PC#6147444747735142400 roll 1
DICE 3 1 4 4 1 5 
Jibs_PC#6147444747735142400 roll 3
Jibs_PC#6147444747735142400 roll 1
DICE 3 1 3 3 2 4 
Jibs_PC#6147444747735142400 roll 2
Jibs_PC#6147444747735142400 roll 1
DICE 2 1 2 2 0 
Jibs_PC#6147444747735142400 endattack
Jibs_PC#6147444747735142400 nomove
CARD 22
Jibs_PC#6147444747735142400 placearmies 16 3
Jibs_PC#6147444747735142400 attack 16 20
Jibs_PC#6147444747735142400 roll 3
Jibs_PC#6147444747735142400 roll 1
DICE 3 1 3 2 1 1 
Jibs_PC#6147444747735142400 attack 20 19
Jibs_PC#6147444747735142400 roll 2
Jibs_PC#6147444747735142400 roll 1
DICE 2 1 5 2 2 
Jibs_PC#6147444747735142400 endattack
Jibs_PC#6147444747735142400 nomove
CARD 42
Jibs_PC#6147444747735142400 placearmies 39 1
Jibs_PC#6147444747735142400 placearmies 39 4
Jibs_PC#6147444747735142400 attack 39 33
Jibs_PC#6147444747735142400 roll 3
Jibs_PC#6147444747735142400 roll 1
DICE 3 1 5 1 1 3 
Jibs_PC#6147444747735142400 move 7
Jibs_PC#6147444747735142400 endattack
Jibs_PC#6147444747735142400 nomove
CARD 21
Jibs_PC#6147444747735142400 placearmies 10 1
Jibs_PC#6147444747735142400 placearmies 10 1
Jibs_PC#6147444747735142400 placearmies 10 1
Jibs_PC#6147444747735142400 attack 10 12
Jibs_PC#6147444747735142400 roll 3
Jibs_PC#6147444747735142400 roll 2
DICE 3 2 3 2 2 5 4 
Jibs_PC#6147444747735142400 roll 3
Jibs_PC#6147444747735142400 roll 2
DICE 3 2 1 0 0 5 2 
Jibs_PC#6147444747735142400 retreat
Jibs_PC#6147444747735142400 endattack
Jibs_PC#6147444747735142400 nomove
CARD 
Jibs_PC#6147444747735142400 placearmies 3 3
Jibs_PC#6147444747735142400 attack 6 14
Jibs_PC#6147444747735142400 roll 3
Jibs_PC#6147444747735142400 roll 1
DICE 3 1 4 1 0 3 
Jibs_PC#6147444747735142400 attack 3 1
Jibs_PC#6147444747735142400 roll 3
Jibs_PC#6147444747735142400 roll 2
DICE 3 2 3 2 0 4 1 
Jibs_PC#6147444747735142400 roll 2
Jibs_PC#6147444747735142400 roll 1
DICE 2 1 1 0 0 
Jibs_PC#6147444747735142400 endattack
Jibs_PC#6147444747735142400 nomove
CARD 29
Jibs_PC#6147444747735142400 placearmies 23 2
Jibs_PC#6147444747735142400 placearmies 23 1
Jibs_PC#6147444747735142400 attack 23 21
Jibs_PC#6147444747735142400 roll 3
Jibs_PC#6147444747735142400 roll 1
DICE 3 1 5 3 1 2 
Jibs_PC#6147444747735142400 move 5
Jibs_PC#6147444747735142400 endattack
Jibs_PC#6147444747735142400 movearmies 24 22 1
CARD 20
Jibs_PC#6147444747735142400 placearmies 12 3
Jibs_PC#6147444747735142400 attack 12 10
Jibs_PC#6147444747735142400 roll 3
Jibs_PC#6147444747735142400 roll 2
DICE 3 2 5 2 2 1 0 
Jibs_PC#6147444747735142400 move 6
Jibs_PC#6147444747735142400 attack 10 5
Jibs_PC#6147444747735142400 roll 3
Jibs_PC#6147444747735142400 roll 1
DICE 3 1 4 2 1 0 
Jibs_PC#6147444747735142400 move 5
Jibs_PC#6147444747735142400 endattack
Jibs_PC#6147444747735142400 movearmies 5 10 4
CARD 28
Jibs_PC#6147444747735142400 placearmies 16 3
Jibs_PC#6147444747735142400 attack 16 31
Jibs_PC#6147444747735142400 roll 3
Jibs_PC#6147444747735142400 roll 1
DICE 3 1 4 3 2 0 
Jibs_PC#6147444747735142400 endattack
Jibs_PC#6147444747735142400 nomove
CARD wildcard
Jibs_PC#6147444747735142400 placearmies 33 4
Jibs_PC#6147444747735142400 placearmies 33 1
Jibs_PC#6147444747735142400 attack 33 32
Jibs_PC#6147444747735142400 roll 3
Jibs_PC#6147444747735142400 roll 1
DICE 3 1 4 2 0 1 
Jibs_PC#6147444747735142400 move 10
Jibs_PC#6147444747735142400 attack 32 31
Jibs_PC#6147444747735142400 roll 3
Jibs_PC#6147444747735142400 roll 2
DICE 3 2 4 3 1 3 0 
Jibs_PC#6147444747735142400 roll 3
Jibs_PC#6147444747735142400 roll 1
DICE 3 1 3 2 0 1 
Jibs_PC#6147444747735142400 move 9
Jibs_PC#6147444747735142400 attack 31 22
Jibs_PC#6147444747735142400 roll 3
Jibs_PC#6147444747735142400 roll 2
DICE 3 2 5 4 1 2 1 
Jibs_PC#6147444747735142400 move 8
Jibs_PC#6147444747735142400 attack 22 24
Jibs_PC#6147444747735142400 roll 3
Jibs_PC#6147444747735142400 roll 1
DICE 3 1 3 2 0 0 
Jibs_PC#6147444747735142400 move 7
Jibs_PC#6147444747735142400 attack 24 26
Jibs_PC#6147444747735142400 roll 3
Jibs_PC#6147444747735142400 roll 1
DICE 3 1 4 1 1 1 
Jibs_PC#6147444747735142400 move 6
Jibs_PC#6147444747735142400 attack 26 25
Jibs_PC#6147444747735142400 roll 3
Jibs_PC#6147444747735142400 roll 1
DICE 3 1 5 5 1 5 
Jibs_PC#6147444747735142400 roll 3
Jibs_PC#6147444747735142400 roll 1
DICE 3 1 4 3 2 5 
Jibs_PC#6147444747735142400 retreat
Jibs_PC#6147444747735142400 endattack
Jibs_PC#6147444747735142400 nomove
CARD 14
Jibs_PC#6147444747735142400 placearmies 11 3
Jibs_PC#6147444747735142400 attack 11 12
Jibs_PC#6147444747735142400 roll 3
Jibs_PC#6147444747735142400 roll 1
DICE 3 1 5 3 0 5 
Jibs_PC#6147444747735142400 roll 2
Jibs_PC#6147444747735142400 roll 1
DICE 2 1 2 1 0 
Jibs_PC#6147444747735142400 endattack
Jibs_PC#6147444747735142400 nomove
CARD 12
Jibs_PC#6147444747735142400 placearmies 14 1
Jibs_PC#6147444747735142400 placearmies 14 1
Jibs_PC#6147444747735142400 placearmies 9 1
Jibs_PC#6147444747735142400 attack 14 15
Jibs_PC#6147444747735142400 roll 3
Jibs_PC#6147444747735142400 roll 1
DICE 3 1 4 1 1 4 
Jibs_PC#6147444747735142400 roll 3
Jibs_PC#6147444747735142400 roll 1
DICE 3 1 5 1 1 3 
Jibs_PC#6147444747735142400 endattack
Jibs_PC#6147444747735142400 nomove
CARD 26
Jibs_PC#6147444747735142400 placearmies 21 3
Jibs_PC#6147444747735142400 attack 21 22
Jibs_PC#6147444747735142400 roll 3
Jibs_PC#6147444747735142400 roll 1
DICE 3 1 5 5 1 0 
Jibs_PC#6147444747735142400 move 7
Jibs_PC#6147444747735142400 attack 22 24
Jibs_PC#6147444747735142400 roll 3
Jibs_PC#6147444747735142400 roll 1
DICE 3 1 5 5 0 2 
Jibs_PC#6147444747735142400 move 6
Jibs_PC#6147444747735142400 attack 24 26
Jibs_PC#6147444747735142400 roll 3
Jibs_PC#6147444747735142400 roll 2
DICE 3 2 4 3 0 1 1 
Jibs_PC#6147444747735142400 roll 3
Jibs_PC#6147444747735142400 roll 2
DICE 3 2 3 3 1 2 0 
Jibs_PC#6147444747735142400 move 3
Jibs_PC#6147444747735142400 endattack
Jibs_PC#6147444747735142400 movearmies 24 21 2
CARD 19
Jibs_PC#6147444747735142400 placearmies 10 3
Jibs_PC#6147444747735142400 attack 10 12
Jibs_PC#6147444747735142400 roll 3
Jibs_PC#6147444747735142400 roll 2
DICE 3 2 2 1 0 3 2 
Jibs_PC#6147444747735142400 roll 3
Jibs_PC#6147444747735142400 roll 2
DICE 3 2 4 1 0 3 2 
Jibs_PC#6147444747735142400 retreat
Jibs_PC#6147444747735142400 attack 10 11
Jibs_PC#6147444747735142400 roll 3
Jibs_PC#6147444747735142400 roll 1
DICE 3 1 2 0 0 0 
Jibs_PC#6147444747735142400 move 4
Jibs_PC#6147444747735142400 endattack
Jibs_PC#6147444747735142400 nomove
CARD 27
Jibs_PC#6147444747735142400 trade 16 13 wildcard
Jibs_PC#6147444747735142400 placearmies 16 1
Jibs_PC#6147444747735142400 placearmies 29 12
Jibs_PC#6147444747735142400 attack 29 33
Jibs_PC#6147444747735142400 roll 3
Jibs_PC#6147444747735142400 roll 2
DICE 3 2 4 2 2 4 4 
Jibs_PC#6147444747735142400 roll 3
Jibs_PC#6147444747735142400 roll 2
DICE 3 2 5 3 1 2 2 
Jibs_PC#6147444747735142400 move 10
Jibs_PC#6147444747735142400 attack 33 39
Jibs_PC#6147444747735142400 roll 3
Jibs_PC#6147444747735142400 roll 1
DICE 3 1 5 5 2 2 
Jibs_PC#6147444747735142400 move 9
Jibs_PC#6147444747735142400 attack 39 41
Jibs_PC#6147444747735142400 roll 3
Jibs_PC#6147444747735142400 roll 1
DICE 3 1 4 2 1 0 
Jibs_PC#6147444747735142400 move 8
Jibs_PC#6147444747735142400 attack 41 42
Jibs_PC#6147444747735142400 roll 3
Jibs_PC#6147444747735142400 roll 2
DICE 3 2 5 2 1 2 0 
Jibs_PC#6147444747735142400 move 5
Jibs_PC#6147444747735142400 endattack
Jibs_PC#6147444747735142400 nomove
CARD wildcard
Jibs_PC#6147444747735142400 placearmies 31 3
Jibs_PC#6147444747735142400 attack 31 22
Jibs_PC#6147444747735142400 roll 3
Jibs_PC#6147444747735142400 roll 1
DICE 3 1 3 1 0 3 
Jibs_PC#6147444747735142400 roll 2
Jibs_PC#6147444747735142400 roll 1
DICE 2 1 5 0 5 
Jibs_PC#6147444747735142400 retreat
Jibs_PC#6147444747735142400 endattack
Jibs_PC#6147444747735142400 nomove
CARD 
Jibs_PC#6147444747735142400 trade 10 41 12
Jibs_PC#6147444747735142400 placearmies 12 1
Jibs_PC#6147444747735142400 placearmies 12 10
Jibs_PC#6147444747735142400 attack 12 21
Jibs_PC#6147444747735142400 roll 3
Jibs_PC#6147444747735142400 roll 2
DICE 3 2 3 2 1 3 3 
Jibs_PC#6147444747735142400 roll 3
Jibs_PC#6147444747735142400 roll 2
DICE 3 2 5 3 1 0 0 
Jibs_PC#6147444747735142400 roll 3
Jibs_PC#6147444747735142400 roll 1
DICE 3 1 1 1 0 0 
Jibs_PC#6147444747735142400 move 11
Jibs_PC#6147444747735142400 attack 21 22
Jibs_PC#6147444747735142400 roll 3
Jibs_PC#6147444747735142400 roll 1
DICE 3 1 5 5 3 2 
Jibs_PC#6147444747735142400 move 10
Jibs_PC#6147444747735142400 attack 22 24
Jibs_PC#6147444747735142400 roll 3
Jibs_PC#6147444747735142400 roll 1
DICE 3 1 3 1 0 4 
Jibs_PC#6147444747735142400 roll 3
Jibs_PC#6147444747735142400 roll 1
DICE 3 1 3 0 0 3 
Jibs_PC#6147444747735142400 roll 3
Jibs_PC#6147444747735142400 roll 1
DICE 3 1 4 0 0 2 
Jibs_PC#6147444747735142400 move 7
Jibs_PC#6147444747735142400 attack 24 26
Jibs_PC#6147444747735142400 roll 3
Jibs_PC#6147444747735142400 roll 2
DICE 3 2 4 0 0 5 1 
Jibs_PC#6147444747735142400 roll 3
Jibs_PC#6147444747735142400 roll 2
DICE 3 2 4 2 0 3 1 
Jibs_PC#6147444747735142400 retreat
Jibs_PC#6147444747735142400 attack 24 23
Jibs_PC#6147444747735142400 roll 3
Jibs_PC#6147444747735142400 roll 1
DICE 3 1 2 1 1 2 
Jibs_PC#6147444747735142400 roll 3
Jibs_PC#6147444747735142400 roll 1
DICE 3 1 3 3 1 0 
Jibs_PC#6147444747735142400 attack 23 25
Jibs_PC#6147444747735142400 roll 2
Jibs_PC#6147444747735142400 roll 1
DICE 2 1 2 1 0 
Jibs_PC#6147444747735142400 endattack
Jibs_PC#6147444747735142400 nomove
CARD 38
Jibs_PC#6147444747735142400 trade 11 31 26
Jibs_PC#6147444747735142400 placearmies 4 4
Jibs_PC#6147444747735142400 placearmies 9 3
Jibs_PC#6147444747735142400 placearmies 15 6
Jibs_PC#6147444747735142400 attack 4 5
Jibs_PC#6147444747735142400 roll 3
Jibs_PC#6147444747735142400 roll 1
DICE 3 1 5 3 3 4 
Jibs_PC#6147444747735142400 move 4
Jibs_PC#6147444747735142400 attack 15 18
Jibs_PC#6147444747735142400 roll 3
Jibs_PC#6147444747735142400 roll 1
DICE 3 1 4 4 2 1 
Jibs_PC#6147444747735142400 move 8
Jibs_PC#6147444747735142400 attack 18 20
Jibs_PC#6147444747735142400 roll 3
Jibs_PC#6147444747735142400 roll 1
DICE 3 1 5 4 0 3 
Jibs_PC#6147444747735142400 move 7
Jibs_PC#6147444747735142400 attack 20 19
Jibs_PC#6147444747735142400 roll 3
Jibs_PC#6147444747735142400 roll 2
DICE 3 2 3 1 0 5 4 
Jibs_PC#6147444747735142400 roll 3
Jibs_PC#6147444747735142400 roll 2
DICE 3 2 5 5 1 3 3 
Jibs_PC#6147444747735142400 move 4
Jibs_PC#6147444747735142400 endattack
Jibs_PC#6147444747735142400 movearmies 9 5 4
CARD 4
Jibs_PC#6147444747735142400 trade 9 20 19
Jibs_PC#6147444747735142400 placearmies 30 11
Jibs_PC#6147444747735142400 placearmies 30 1
Jibs_PC#6147444747735142400 placearmies 30 1
Jibs_PC#6147444747735142400 attack 30 29
Jibs_PC#6147444747735142400 roll 3
Jibs_PC#6147444747735142400 roll 1
DICE 3 1 4 4 1 0 
Jibs_PC#6147444747735142400 move 16
Jibs_PC#6147444747735142400 attack 29 36
Jibs_PC#6147444747735142400 roll 3
Jibs_PC#6147444747735142400 roll 1
DICE 3 1 4 3 0 5 
Jibs_PC#6147444747735142400 roll 3
Jibs_PC#6147444747735142400 roll 1
DICE 3 1 5 4 2 0 
Jibs_PC#6147444747735142400 move 14
Jibs_PC#6147444747735142400 attack 36 38
Jibs_PC#6147444747735142400 roll 3
Jibs_PC#6147444747735142400 roll 1
DICE 3 1 5 0 0 2 
Jibs_PC#6147444747735142400 move 13
Jibs_PC#6147444747735142400 attack 38 1
Jibs_PC#6147444747735142400 roll 3
Jibs_PC#6147444747735142400 roll 2
DICE 3 2 3 2 2 4 3 
Jibs_PC#6147444747735142400 roll 3
Jibs_PC#6147444747735142400 roll 2
DICE 3 2 5 3 2 4 2 
Jibs_PC#6147444747735142400 move 10
Jibs_PC#6147444747735142400 attack 1 3
Jibs_PC#6147444747735142400 roll 3
Jibs_PC#6147444747735142400 roll 1
DICE 3 1 5 4 1 5 
Jibs_PC#6147444747735142400 roll 3
Jibs_PC#6147444747735142400 roll 1
DICE 3 1 4 3 0 1 
Jibs_PC#6147444747735142400 move 8
Jibs_PC#6147444747735142400 attack 3 2
Jibs_PC#6147444747735142400 roll 3
Jibs_PC#6147444747735142400 roll 1
DICE 3 1 5 4 4 3 
Jibs_PC#6147444747735142400 move 7
Jibs_PC#6147444747735142400 attack 2 6
Jibs_PC#6147444747735142400 roll 3
Jibs_PC#6147444747735142400 roll 1
DICE 3 1 5 4 4 5 
Jibs_PC#6147444747735142400 roll 3
Jibs_PC#6147444747735142400 roll 1
DICE 3 1 4 3 2 1 
Jibs_PC#6147444747735142400 move 5
Jibs_PC#6147444747735142400 attack 6 7
Jibs_PC#6147444747735142400 roll 3
Jibs_PC#6147444747735142400 roll 1
DICE 3 1 4 3 3 4 
Jibs_PC#6147444747735142400 roll 3
Jibs_PC#6147444747735142400 roll 1
DICE 3 1 4 3 1 1 
Jibs_PC#6147444747735142400 attack 7 4
Jibs_PC#6147444747735142400 roll 2
Jibs_PC#6147444747735142400 roll 1
DICE 2 1 1 0 1 
Jibs_PC#6147444747735142400 retreat
Jibs_PC#6147444747735142400 endattack
Jibs_PC#6147444747735142400 nomove
CARD 30
Jibs_PC#6147444747735142400 trade 37 28 27
Jibs_PC#6147444747735142400 placearmies 11 4
Jibs_PC#6147444747735142400 placearmies 11 1
Jibs_PC#6147444747735142400 placearmies 11 2
Jibs_PC#6147444747735142400 placearmies 11 2
Jibs_PC#6147444747735142400 placearmies 11 1
Jibs_PC#6147444747735142400 placearmies 11 1
Jibs_PC#6147444747735142400 placearmies 11 1
Jibs_PC#6147444747735142400 placearmies 11 1
Jibs_PC#6147444747735142400 attack 11 12
Jibs_PC#6147444747735142400 roll 3
Jibs_PC#6147444747735142400 roll 1
DICE 3 1 5 3 0 5 
Jibs_PC#6147444747735142400 roll 3
Jibs_PC#6147444747735142400 roll 1
DICE 3 1 4 3 0 0 
Jibs_PC#6147444747735142400 move 15
Jibs_PC#6147444747735142400 attack 12 13
Jibs_PC#6147444747735142400 roll 3
Jibs_PC#6147444747735142400 roll 1
DICE 3 1 4 4 1 5 
Jibs_PC#6147444747735142400 roll 3
Jibs_PC#6147444747735142400 roll 1
DICE 3 1 5 4 3 5 
Jibs_PC#6147444747735142400 roll 3
Jibs_PC#6147444747735142400 roll 1
DICE 3 1 4 1 0 5 
Jibs_PC#6147444747735142400 roll 3
Jibs_PC#6147444747735142400 roll 1
DICE 3 1 5 4 0 4 
Jibs_PC#6147444747735142400 move 3
Jibs_PC#6147444747735142400 attack 12 21
Jibs_PC#6147444747735142400 roll 3
Jibs_PC#6147444747735142400 roll 1
DICE 3 1 5 4 3 3 
Jibs_PC#6147444747735142400 move 8
Jibs_PC#6147444747735142400 attack 21 22
Jibs_PC#6147444747735142400 roll 3
Jibs_PC#6147444747735142400 roll 1
DICE 3 1 5 4 2 4 
Jibs_PC#6147444747735142400 move 6
Jibs_PC#6147444747735142400 attack 22 24
Jibs_PC#6147444747735142400 roll 3
Jibs_PC#6147444747735142400 roll 1
DICE 3 1 5 5 1 2 
Jibs_PC#6147444747735142400 move 5
Jibs_PC#6147444747735142400 attack 24 25
Jibs_PC#6147444747735142400 roll 3
Jibs_PC#6147444747735142400 roll 2
DICE 3 2 5 5 2 2 0 
Jibs_PC#6147444747735142400 move 4
Jibs_PC#6147444747735142400 attack 25 23
Jibs_PC#6147444747735142400 roll 3
Jibs_PC#6147444747735142400 roll 1
DICE 3 1 4 1 0 0 
Jibs_PC#6147444747735142400 endattack
Jibs_PC#6147444747735142400 movearmies 23 21 2
CARD 35
Jibs_PC#6147444747735142400 placearmies 16 3
Jibs_PC#6147444747735142400 attack 42 40
Jibs_PC#6147444747735142400 roll 3
Jibs_PC#6147444747735142400 roll 1
DICE 3 1 5 1 0 3 
Jibs_PC#6147444747735142400 move 3
Jibs_PC#6147444747735142400 attack 16 31
Jibs_PC#6147444747735142400 roll 3
Jibs_PC#6147444747735142400 roll 2
DICE 3 2 4 3 0 3 1 
Jibs_PC#6147444747735142400 move 6
Jibs_PC#6147444747735142400 attack 31 32
Jibs_PC#6147444747735142400 roll 3
Jibs_PC#6147444747735142400 roll 1
DICE 3 1 5 4 3 0 
Jibs_PC#6147444747735142400 move 5
Jibs_PC#6147444747735142400 attack 32 30
Jibs_PC#6147444747735142400 roll 3
Jibs_PC#6147444747735142400 roll 1
DICE 3 1 4 3 2 2 
Jibs_PC#6147444747735142400 move 4
Jibs_PC#6147444747735142400 attack 30 29
Jibs_PC#6147444747735142400 roll 3
Jibs_PC#6147444747735142400 roll 1
DICE 3 1 4 1 1 0 
Jibs_PC#6147444747735142400 attack 29 36
Jibs_PC#6147444747735142400 roll 2
Jibs_PC#6147444747735142400 roll 1
DICE 2 1 5 5 4 
Jibs_PC#6147444747735142400 endattack
Jibs_PC#6147444747735142400 movearmies 40 39 1
CARD 39
Jibs_PC#6147444747735142400 placearmies 37 3
Jibs_PC#6147444747735142400 attack 37 36
Jibs_PC#6147444747735142400 roll 3
Jibs_PC#6147444747735142400 roll 2
DICE 3 2 4 0 0 5 1 
Jibs_PC#6147444747735142400 retreat
Jibs_PC#6147444747735142400 endattack
Jibs_PC#6147444747735142400 nomove
CARD 
Jibs_PC#6147444747735142400 placearmies 35 3
Jibs_PC#6147444747735142400 attack 35 27
Jibs_PC#6147444747735142400 roll 3
Jibs_PC#6147444747735142400 roll 1
DICE 3 1 5 3 1 3 
Jibs_PC#6147444747735142400 endattack
Jibs_PC#6147444747735142400 nomove
CARD 32
Jibs_PC#6147444747735142400 placearmies 19 1
Jibs_PC#6147444747735142400 placearmies 8 2
Jibs_PC#6147444747735142400 attack 5 10
Jibs_PC#6147444747735142400 roll 3
Jibs_PC#6147444747735142400 roll 1
DICE 3 1 4 1 1 5 
Jibs_PC#6147444747735142400 roll 3
Jibs_PC#6147444747735142400 roll 1
DICE 3 1 2 2 2 5 
Jibs_PC#6147444747735142400 retreat
Jibs_PC#6147444747735142400 attack 19 17
Jibs_PC#6147444747735142400 roll 3
Jibs_PC#6147444747735142400 roll 1
DICE 3 1 3 3 3 2 
Jibs_PC#6147444747735142400 move 3
Jibs_PC#6147444747735142400 attack 8 6
Jibs_PC#6147444747735142400 roll 2
Jibs_PC#6147444747735142400 roll 1
DICE 2 1 5 4 5 
Jibs_PC#6147444747735142400 retreat
Jibs_PC#6147444747735142400 attack 5 10
Jibs_PC#6147444747735142400 roll 3
Jibs_PC#6147444747735142400 roll 1
DICE 3 1 2 2 1 1 
Jibs_PC#6147444747735142400 move 5
Jibs_PC#6147444747735142400 attack 10 12
Jibs_PC#6147444747735142400 roll 3
Jibs_PC#6147444747735142400 roll 1
DICE 3 1 5 2 0 4 
Jibs_PC#6147444747735142400 move 4
Jibs_PC#6147444747735142400 endattack
Jibs_PC#6147444747735142400 movearmies 17 18 2
CARD 7
Jibs_PC#6147444747735142400 placearmies 7 2
Jibs_PC#6147444747735142400 placearmies 7 1
Jibs_PC#6147444747735142400 attack 7 8
Jibs_PC#6147444747735142400 roll 3
Jibs_PC#6147444747735142400 roll 2
DICE 3 2 2 0 0 5 2 
Jibs_PC#6147444747735142400 retreat
Jibs_PC#6147444747735142400 attack 7 4
Jibs_PC#6147444747735142400 roll 2
Jibs_PC#6147444747735142400 roll 1
DICE 2 1 3 2 5 
Jibs_PC#6147444747735142400 retreat
Jibs_PC#6147444747735142400 endattack
Jibs_PC#6147444747735142400 nomove
CARD 
Jibs_PC#6147444747735142400 placearmies 11 3
Jibs_PC#6147444747735142400 attack 11 10
Jibs_PC#6147444747735142400 roll 3
Jibs_PC#6147444747735142400 roll 1
DICE 3 1 4 4 2 3 
Jibs_PC#6147444747735142400 endattack
Jibs_PC#6147444747735142400 nomove
CARD 17
Jibs_PC#6147444747735142400 trade 42 wildcard 39
Jibs_PC#6147444747735142400 placearmies 36 4
Jibs_PC#6147444747735142400 placearmies 36 9
Jibs_PC#6147444747735142400 placearmies 36 2
Jibs_PC#6147444747735142400 placearmies 16 1
Jibs_PC#6147444747735142400 attack 36 37
Jibs_PC#6147444747735142400 roll 3
Jibs_PC#6147444747735142400 roll 2
DICE 3 2 5 3 0 4 2 
Jibs_PC#6147444747735142400 move 16
Jibs_PC#6147444747735142400 attack 37 38
Jibs_PC#6147444747735142400 roll 3
Jibs_PC#6147444747735142400 roll 1
DICE 3 1 2 1 0 3 
Jibs_PC#6147444747735142400 roll 3
Jibs_PC#6147444747735142400 roll 1
DICE 3 1 5 5 3 1 
Jibs_PC#6147444747735142400 move 14
Jibs_PC#6147444747735142400 attack 38 1
Jibs_PC#6147444747735142400 roll 3
Jibs_PC#6147444747735142400 roll 1
DICE 3 1 4 2 1 1 
Jibs_PC#6147444747735142400 move 13
Jibs_PC#6147444747735142400 attack 1 3
Jibs_PC#6147444747735142400 roll 3
Jibs_PC#6147444747735142400 roll 1
DICE 3 1 5 3 2 5 
Jibs_PC#6147444747735142400 roll 3
Jibs_PC#6147444747735142400 roll 1
DICE 3 1 4 2 2 5 
Jibs_PC#6147444747735142400 roll 3
Jibs_PC#6147444747735142400 roll 1
DICE 3 1 5 4 2 4 
Jibs_PC#6147444747735142400 move 10
Jibs_PC#6147444747735142400 attack 3 7
Jibs_PC#6147444747735142400 roll 3
Jibs_PC#6147444747735142400 roll 2
DICE 3 2 4 3 0 5 0 
Jibs_PC#6147444747735142400 roll 3
Jibs_PC#6147444747735142400 roll 1
DICE 3 1 4 2 0 1 
Jibs_PC#6147444747735142400 move 8
Jibs_PC#6147444747735142400 attack 7 9
Jibs_PC#6147444747735142400 roll 3
Jibs_PC#6147444747735142400 roll 1
DICE 3 1 4 2 1 3 
Jibs_PC#6147444747735142400 move 7
Jibs_PC#6147444747735142400 attack 9 8
Jibs_PC#6147444747735142400 roll 3
Jibs_PC#6147444747735142400 roll 2
DICE 3 2 5 4 0 1 0 
Jibs_PC#6147444747735142400 move 6
Jibs_PC#6147444747735142400 attack 8 6
Jibs_PC#6147444747735142400 roll 3
Jibs_PC#6147444747735142400 roll 1
DICE 3 1 1 0 0 0 
Jibs_PC#6147444747735142400 move 5
Jibs_PC#6147444747735142400 attack 6 14
Jibs_PC#6147444747735142400 roll 3
Jibs_PC#6147444747735142400 roll 1
DICE 3 1 3 2 0 5 
Jibs_PC#6147444747735142400 roll 3
Jibs_PC#6147444747735142400 roll 1
DICE 3 1 5 3 2 4 
Jibs_PC#6147444747735142400 endattack
Jibs_PC#6147444747735142400 movearmies 42 40 2
CARD 23
Jibs_PC#6147444747735142400 placearmies 27 1
Jibs_PC#6147444747735142400 placearmies 27 1
Jibs_PC#6147444747735142400 placearmies 27 1
Jibs_PC#6147444747735142400 attack 27 28
Jibs_PC#6147444747735142400 roll 3
Jibs_PC#6147444747735142400 roll 1
DICE 3 1 5 1 0 1 
Jibs_PC#6147444747735142400 move 5
Jibs_PC#6147444747735142400 attack 28 29
Jibs_PC#6147444747735142400 roll 3
Jibs_PC#6147444747735142400 roll 1
DICE 3 1 2 2 1 5 
Jibs_PC#6147444747735142400 roll 3
Jibs_PC#6147444747735142400 roll 1
DICE 3 1 5 4 3 1 
Jibs_PC#6147444747735142400 attack 29 30
Jibs_PC#6147444747735142400 roll 2
Jibs_PC#6147444747735142400 roll 1
DICE 2 1 4 2 1 
Jibs_PC#6147444747735142400 endattack
Jibs_PC#6147444747735142400 nomove
CARD 40
Jibs_PC#6147444747735142400 placearmies 4 3
Jibs_PC#6147444747735142400 attack 4 9
Jibs_PC#6147444747735142400 roll 3
Jibs_PC#6147444747735142400 roll 1
DICE 3 1 4 2 0 3 
Jibs_PC#6147444747735142400 attack 9 8
Jibs_PC#6147444747735142400 roll 2
Jibs_PC#6147444747735142400 roll 1
DICE 2 1 4 3 1 
Jibs_PC#6147444747735142400 endattack
Jibs_PC#6147444747735142400 nomove
CARD 2
Jibs_PC#6147444747735142400 placearmies 2 3
Jibs_PC#6147444747735142400 attack 2 1
Jibs_PC#6147444747735142400 roll 3
Jibs_PC#6147444747735142400 roll 1
DICE 3 1 3 1 1 1 
Jibs_PC#6147444747735142400 endattack
Jibs_PC#6147444747735142400 nomove
CARD 8
Jibs_PC#6147444747735142400 placearmies 24 3
Jibs_PC#6147444747735142400 attack 24 26
Jibs_PC#6147444747735142400 roll 3
Jibs_PC#6147444747735142400 roll 1
DICE 3 1 4 2 1 1 
Jibs_PC#6147444747735142400 endattack
Jibs_PC#6147444747735142400 movearmies 26 24 1
CARD 18
Jibs_PC#6147444747735142400 trade 15 21 23
Jibs_PC#6147444747735142400 placearmies 3 10
Jibs_PC#6147444747735142400 placearmies 3 4
Jibs_PC#6147444747735142400 placearmies 33 1
Jibs_PC#6147444747735142400 placearmies 3 2
Jibs_PC#6147444747735142400 attack 3 2
Jibs_PC#6147444747735142400 roll 3
Jibs_PC#6147444747735142400 roll 1
DICE 3 1 5 4 0 1 
Jibs_PC#6147444747735142400 move 8
Jibs_PC#6147444747735142400 attack 3 1
Jibs_PC#6147444747735142400 roll 3
Jibs_PC#6147444747735142400 roll 2
DICE 3 2 3 2 1 4 0 
Jibs_PC#6147444747735142400 roll 3
Jibs_PC#6147444747735142400 roll 2
DICE 3 2 5 3 0 4 2 
Jibs_PC#6147444747735142400 move 3
Jibs_PC#6147444747735142400 attack 3 4
Jibs_PC#6147444747735142400 roll 3
Jibs_PC#6147444747735142400 roll 1
DICE 3 1 5 5 0 2 
Jibs_PC#6147444747735142400 move 4
Jibs_PC#6147444747735142400 attack 4 9
Jibs_PC#6147444747735142400 roll 3
Jibs_PC#6147444747735142400 roll 1
DICE 3 1 5 4 3 3 
Jibs_PC#6147444747735142400 attack 9 5
Jibs_PC#6147444747735142400 roll 2
Jibs_PC#6147444747735142400 roll 1
DICE 2 1 5 1 4 
Jibs_PC#6147444747735142400 endattack
Jibs_PC#6147444747735142400 movearmies 39 33 1
CARD 34
Jibs_PC#6147444747735142400 placearmies 30 2
Jibs_PC#6147444747735142400 placearmies 30 1
Jibs_PC#6147444747735142400 attack 30 31
Jibs_PC#6147444747735142400 roll 3
Jibs_PC#6147444747735142400 roll 1
DICE 3 1 3 0 0 0 
Jibs_PC#6147444747735142400 move 4
Jibs_PC#6147444747735142400 attack 31 32
Jibs_PC#6147444747735142400 roll 3
Jibs_PC#6147444747735142400 roll 1
DICE 3 1 3 1 0 5 
Jibs_PC#6147444747735142400 roll 2
Jibs_PC#6147444747735142400 roll 1
DICE 2 1 2 1 1 
Jibs_PC#6147444747735142400 endattack
Jibs_PC#6147444747735142400 nomove
CARD 24
Jibs_PC#6147444747735142400 trade 29 4 2
Jibs_PC#6147444747735142400 placearmies 18 3
Jibs_PC#6147444747735142400 placearmies 12 7
Jibs_PC#6147444747735142400 placearmies 17 3
Jibs_PC#6147444747735142400 attack 18 16
Jibs_PC#6147444747735142400 roll 3
Jibs_PC#6147444747735142400 roll 2
DICE 3 2 5 2 1 2 1 
Jibs_PC#6147444747735142400 move 5
Jibs_PC#6147444747735142400 attack 12 10
Jibs_PC#6147444747735142400 roll 3
Jibs_PC#6147444747735142400 roll 2
DICE 3 2 4 0 0 3 1 
Jibs_PC#6147444747735142400 roll 3
Jibs_PC#6147444747735142400 roll 2
DICE 3 2 4 1 0 4 2 
Jibs_PC#6147444747735142400 retreat
Jibs_PC#6147444747735142400 attack 12 13
Jibs_PC#6147444747735142400 roll 3
Jibs_PC#6147444747735142400 roll 2
DICE 3 2 3 2 0 5 2 
Jibs_PC#6147444747735142400 roll 3
Jibs_PC#6147444747735142400 roll 2
DICE 3 2 3 1 0 3 1 
Jibs_PC#6147444747735142400 retreat
Jibs_PC#6147444747735142400 endattack
Jibs_PC#6147444747735142400 nomove
CARD 33
Jibs_PC#6147444747735142400 placearmies 22 1
Jibs_PC#6147444747735142400 placearmies 21 5
Jibs_PC#6147444747735142400 attack 21 12
Jibs_PC#6147444747735142400 roll 3
Jibs_PC#6147444747735142400 roll 2
DICE 3 2 4 4 3 2 1 
Jibs_PC#6147444747735142400 roll 3
Jibs_PC#6147444747735142400 roll 2
DICE 3 2 5 3 0 0 0 
Jibs_PC#6147444747735142400 move 3
Jibs_PC#6147444747735142400 endattack
Jibs_PC#6147444747735142400 movearmies 21 22 1
CARD 3
Jibs_PC#6147444747735142400 trade 14 36 34
Jibs_PC#6147444747735142400 placearmies 7 5
Jibs_PC#6147444747735142400 placearmies 5 4
Jibs_PC#6147444747735142400 placearmies 5 8
Jibs_PC#6147444747735142400 attack 5 10
Jibs_PC#6147444747735142400 roll 3
Jibs_PC#6147444747735142400 roll 2
DICE 3 2 3 1 0 1 0 
Jibs_PC#6147444747735142400 move 13
Jibs_PC#6147444747735142400 attack 10 12
Jibs_PC#6147444747735142400 roll 3
Jibs_PC#6147444747735142400 roll 2
DICE 3 2 3 3 0 4 3 
Jibs_PC#6147444747735142400 roll 3
Jibs_PC#6147444747735142400 roll 2
DICE 3 2 3 3 3 5 2 
Jibs_PC#6147444747735142400 roll 3
Jibs_PC#6147444747735142400 roll 2
DICE 3 2 2 2 2 4 0 
Jibs_PC#6147444747735142400 roll 3
Jibs_PC#6147444747735142400 roll 1
DICE 3 1 5 4 0 0 
Jibs_PC#6147444747735142400 move 8
Jibs_PC#6147444747735142400 attack 12 21
Jibs_PC#6147444747735142400 roll 3
Jibs_PC#6147444747735142400 roll 2
DICE 3 2 5 5 0 5 1 
Jibs_PC#6147444747735142400 roll 3
Jibs_PC#6147444747735142400 roll 2
DICE 3 2 5 4 3 1 0 
Jibs_PC#6147444747735142400 roll 3
Jibs_PC#6147444747735142400 roll 2
DICE 3 2 5 4 3 3 2 
Jibs_PC#6147444747735142400 move 6
Jibs_PC#6147444747735142400 attack 7 8
Jibs_PC#6147444747735142400 roll 3
Jibs_PC#6147444747735142400 roll 2
DICE 3 2 5 4 2 2 0 
Jibs_PC#6147444747735142400 move 3
