Jibs_PC#351394264682051584 newplayer human green s0914007
Jibs_PC#351394264682051584 newplayer human blue bob
Jibs_PC#351394264682051584 newplayer human red amy
Jibs_PC#351394264682051584 startgame mission fixed autoplaceall recycle
PLAYER amy
MISSION 2 4 3
PLACEALL 41 26 11 35 13 2 19 20 36 40 7 8 24 16 27 39 3 25 34 17 18 37 6 33 21 10 31 23 14 30 5 42 32 15 22 38 29 12 28 1 4 9
Jibs_PC#351394264682051584 placearmies 41 1
CARD 
Jibs_PC#351394264682051584 placearmies 12 1
CARD 
Jibs_PC#351394264682051584 placearmies 25 1
CARD 
Jibs_PC#351394264682051584 placearmies 40 1
CARD 
Jibs_PC#351394264682051584 placearmies 10 1
CARD 
Jibs_PC#351394264682051584 placearmies 25 1
CARD 
Jibs_PC#351394264682051584 placearmies 41 1
CARD 
Jibs_PC#351394264682051584 placearmies 12 1
CARD 
Jibs_PC#351394264682051584 placearmies 25 1
CARD 
Jibs_PC#351394264682051584 placearmies 39 1
CARD 
Jibs_PC#351394264682051584 placearmies 10 1
CARD 
Jibs_PC#351394264682051584 placearmies 25 1
CARD 
Jibs_PC#351394264682051584 placearmies 41 1
CARD 
Jibs_PC#351394264682051584 placearmies 4 1
CARD 
Jibs_PC#351394264682051584 placearmies 25 1
CARD 
Jibs_PC#351394264682051584 placearmies 5 1
CARD 
Jibs_PC#351394264682051584 placearmies 12 1
CARD 
Jibs_PC#351394264682051584 placearmies 25 1
CARD 
Jibs_PC#351394264682051584 placearmies 1 1
CARD 
Jibs_PC#351394264682051584 placearmies 12 1
CARD 
Jibs_PC#351394264682051584 placearmies 25 1
CARD 
Jibs_PC#351394264682051584 placearmies 5 1
CARD 
Jibs_PC#351394264682051584 placearmies 10 1
CARD 
Jibs_PC#351394264682051584 placearmies 25 1
CARD 
Jibs_PC#351394264682051584 placearmies 1 1
CARD 
Jibs_PC#351394264682051584 placearmies 12 1
CARD 
Jibs_PC#351394264682051584 placearmies 25 1
CARD 
Jibs_PC#351394264682051584 placearmies 5 1
CARD 
Jibs_PC#351394264682051584 placearmies 10 1
CARD 
Jibs_PC#351394264682051584 placearmies 25 1
CARD 
Jibs_PC#351394264682051584 placearmies 1 1
CARD 
Jibs_PC#351394264682051584 placearmies 10 1
CARD 
Jibs_PC#351394264682051584 placearmies 25 1
CARD 
Jibs_PC#351394264682051584 placearmies 41 1
CARD 
Jibs_PC#351394264682051584 placearmies 12 1
CARD 
Jibs_PC#351394264682051584 placearmies 25 1
CARD 
Jibs_PC#351394264682051584 placearmies 41 1
CARD 
Jibs_PC#351394264682051584 placearmies 4 1
CARD 
Jibs_PC#351394264682051584 placearmies 25 1
CARD 
Jibs_PC#351394264682051584 placearmies 5 1
CARD 
Jibs_PC#351394264682051584 placearmies 12 1
CARD 
Jibs_PC#351394264682051584 placearmies 25 1
CARD 
Jibs_PC#351394264682051584 placearmies 1 1
CARD 
Jibs_PC#351394264682051584 placearmies 4 1
CARD 
Jibs_PC#351394264682051584 placearmies 25 1
CARD 
Jibs_PC#351394264682051584 placearmies 1 1
CARD 
Jibs_PC#351394264682051584 placearmies 12 1
CARD 
Jibs_PC#351394264682051584 placearmies 25 1
CARD 
Jibs_PC#351394264682051584 placearmies 5 1
CARD 
Jibs_PC#351394264682051584 placearmies 12 1
CARD 
Jibs_PC#351394264682051584 placearmies 25 1
CARD 
Jibs_PC#351394264682051584 placearmies 1 1
CARD 
Jibs_PC#351394264682051584 placearmies 10 1
CARD 
Jibs_PC#351394264682051584 placearmies 25 1
CARD 
Jibs_PC#351394264682051584 placearmies 40 1
CARD 
Jibs_PC#351394264682051584 placearmies 12 1
CARD 
Jibs_PC#351394264682051584 placearmies 25 1
CARD 
Jibs_PC#351394264682051584 placearmies 39 1
CARD 
Jibs_PC#351394264682051584 placearmies 12 1
CARD 
Jibs_PC#351394264682051584 placearmies 25 1
CARD 
Jibs_PC#351394264682051584 placearmies 5 1
CARD 
Jibs_PC#351394264682051584 placearmies 12 1
CARD 
Jibs_PC#351394264682051584 placearmies 25 1
CARD 
Jibs_PC#351394264682051584 placearmies 41 1
Jibs_PC#351394264682051584 placearmies 1 1
Jibs_PC#351394264682051584 placearmies 1 1
Jibs_PC#351394264682051584 placearmies 1 1
Jibs_PC#351394264682051584 attack 1 2
Jibs_PC#351394264682051584 roll 3
Jibs_PC#351394264682051584 roll 1
DICE 3 1 4 3 2 0 
Jibs_PC#351394264682051584 move all
Jibs_PC#351394264682051584 attack 2 3
Jibs_PC#351394264682051584 roll 3
Jibs_PC#351394264682051584 roll 1
DICE 3 1 3 1 0 1 
Jibs_PC#351394264682051584 move all
Jibs_PC#351394264682051584 attack 41 42
Jibs_PC#351394264682051584 roll 3
Jibs_PC#351394264682051584 roll 1
DICE 3 1 5 4 2 0 
Jibs_PC#351394264682051584 move all
Jibs_PC#351394264682051584 attack 3 4
Jibs_PC#351394264682051584 roll 3
Jibs_PC#351394264682051584 roll 2
DICE 3 2 3 1 0 3 1 
Jibs_PC#351394264682051584 roll 3
Jibs_PC#351394264682051584 roll 2
DICE 3 2 5 4 2 5 3 
Jibs_PC#351394264682051584 roll 3
Jibs_PC#351394264682051584 roll 2
DICE 3 2 4 2 1 1 1 
Jibs_PC#351394264682051584 roll 3
Jibs_PC#351394264682051584 roll 1
DICE 3 1 4 3 0 5 
Jibs_PC#351394264682051584 roll 3
Jibs_PC#351394264682051584 roll 1
DICE 3 1 4 3 3 3 
Jibs_PC#351394264682051584 endattack
Jibs_PC#351394264682051584 movearmies 42 40 5
CARD 27
Jibs_PC#351394264682051584 placearmies 10 1
Jibs_PC#351394264682051584 placearmies 12 1
Jibs_PC#351394264682051584 placearmies 14 1
Jibs_PC#351394264682051584 attack 10 11
Jibs_PC#351394264682051584 roll 3
Jibs_PC#351394264682051584 roll 1
DICE 3 1 5 2 0 1 
Jibs_PC#351394264682051584 move 3
Jibs_PC#351394264682051584 attack 14 15
Jibs_PC#351394264682051584 roll 1
Jibs_PC#351394264682051584 roll 1
DICE 1 1 1 2 
Jibs_PC#351394264682051584 endattack
Jibs_PC#351394264682051584 movearmies 11 10 2
CARD 33
Jibs_PC#351394264682051584 placearmies 25 1
Jibs_PC#351394264682051584 placearmies 25 1
Jibs_PC#351394264682051584 placearmies 25 1
Jibs_PC#351394264682051584 placearmies 25 1
Jibs_PC#351394264682051584 attack 25 26
Jibs_PC#351394264682051584 roll 3
Jibs_PC#351394264682051584 roll 1
DICE 3 1 4 0 0 2 
Jibs_PC#351394264682051584 move all
Jibs_PC#351394264682051584 attack 26 24
Jibs_PC#351394264682051584 roll 3
Jibs_PC#351394264682051584 roll 1
DICE 3 1 5 5 1 5 
Jibs_PC#351394264682051584 roll 3
Jibs_PC#351394264682051584 roll 1
DICE 3 1 5 1 0 5 
Jibs_PC#351394264682051584 roll 3
Jibs_PC#351394264682051584 roll 1
DICE 3 1 5 4 3 4 
Jibs_PC#351394264682051584 move all
Jibs_PC#351394264682051584 attack 24 23
Jibs_PC#351394264682051584 roll 3
Jibs_PC#351394264682051584 roll 1
DICE 3 1 4 4 0 1 
Jibs_PC#351394264682051584 move all
Jibs_PC#351394264682051584 attack 23 21
Jibs_PC#351394264682051584 roll 3
Jibs_PC#351394264682051584 roll 1
DICE 3 1 4 2 1 4 
Jibs_PC#351394264682051584 roll 3
Jibs_PC#351394264682051584 roll 1
DICE 3 1 5 3 0 1 
Jibs_PC#351394264682051584 move all
Jibs_PC#351394264682051584 attack 21 22
Jibs_PC#351394264682051584 roll 3
Jibs_PC#351394264682051584 roll 1
DICE 3 1 5 2 0 0 
Jibs_PC#351394264682051584 move 4
Jibs_PC#351394264682051584 endattack
Jibs_PC#351394264682051584 nomove
CARD 3
Jibs_PC#351394264682051584 placearmies 4 1
Jibs_PC#351394264682051584 placearmies 4 1
Jibs_PC#351394264682051584 placearmies 4 1
Jibs_PC#351394264682051584 placearmies 4 1
Jibs_PC#351394264682051584 placearmies 4 1
Jibs_PC#351394264682051584 placearmies 4 1
Jibs_PC#351394264682051584 placearmies 4 1
Jibs_PC#351394264682051584 attack 4 9
Jibs_PC#351394264682051584 roll 3
Jibs_PC#351394264682051584 roll 1
DICE 3 1 3 1 1 4 
Jibs_PC#351394264682051584 roll 3
Jibs_PC#351394264682051584 roll 1
DICE 3 1 4 2 2 4 
Jibs_PC#351394264682051584 roll 3
Jibs_PC#351394264682051584 roll 1
DICE 3 1 2 2 0 4 
Jibs_PC#351394264682051584 roll 3
Jibs_PC#351394264682051584 roll 1
DICE 3 1 5 4 2 5 
Jibs_PC#351394264682051584 roll 3
Jibs_PC#351394264682051584 roll 1
DICE 3 1 3 1 1 1 
Jibs_PC#351394264682051584 move all
Jibs_PC#351394264682051584 attack 9 8
Jibs_PC#351394264682051584 roll 3
Jibs_PC#351394264682051584 roll 1
DICE 3 1 4 2 1 3 
Jibs_PC#351394264682051584 move all
Jibs_PC#351394264682051584 attack 8 7
Jibs_PC#351394264682051584 roll 3
Jibs_PC#351394264682051584 roll 1
DICE 3 1 4 3 3 1 
Jibs_PC#351394264682051584 attack 7 6
Jibs_PC#351394264682051584 roll 2
Jibs_PC#351394264682051584 roll 1
DICE 2 1 4 2 5 
Jibs_PC#351394264682051584 roll 1
Jibs_PC#351394264682051584 roll 1
DICE 1 1 5 1 
