Jibs_PC#2675530762529265664 newplayer ai hard green s0914007
Jibs_PC#2675530762529265664 newplayer ai hard blue bob
Jibs_PC#2675530762529265664 newplayer ai hard red fred
Jibs_PC#2675530762529265664 newplayer ai hard cyan ted
Jibs_PC#2675530762529265664 newplayer ai hard magenta yura
Jibs_PC#2675530762529265664 newplayer ai hard yellow lala
Jibs_PC#2675530762529265664 startgame mission fixed autoplaceall recycle
PLAYER yura
MISSION 1 0 2 0 1 0
PLACEALL 26 3 39 41 21 30 5 24 37 42 12 1 8 16 33 22 20 38 7 19 4 27 11 15 6 28 10 23 2 32 14 9 13 40 18 29 25 34 35 36 17 31
Jibs_PC#2675530762529265664 placearmies 5 1
CARD 
Jibs_PC#2675530762529265664 placearmies 24 1
CARD 
Jibs_PC#2675530762529265664 placearmies 39 1
CARD 
Jibs_PC#2675530762529265664 placearmies 23 1
CARD 
Jibs_PC#2675530762529265664 placearmies 2 1
CARD 
Jibs_PC#2675530762529265664 placearmies 38 1
CARD 
Jibs_PC#2675530762529265664 placearmies 5 1
CARD 
Jibs_PC#2675530762529265664 placearmies 24 1
CARD 
Jibs_PC#2675530762529265664 placearmies 39 1
CARD 
Jibs_PC#2675530762529265664 placearmies 23 1
CARD 
Jibs_PC#2675530762529265664 placearmies 2 1
CARD 
Jibs_PC#2675530762529265664 placearmies 38 1
CARD 
Jibs_PC#2675530762529265664 placearmies 5 1
CARD 
Jibs_PC#2675530762529265664 placearmies 16 1
CARD 
Jibs_PC#2675530762529265664 placearmies 39 1
CARD 
Jibs_PC#2675530762529265664 placearmies 41 1
CARD 
Jibs_PC#2675530762529265664 placearmies 12 1
CARD 
Jibs_PC#2675530762529265664 placearmies 38 1
CARD 
Jibs_PC#2675530762529265664 placearmies 5 1
CARD 
Jibs_PC#2675530762529265664 placearmies 16 1
CARD 
Jibs_PC#2675530762529265664 placearmies 39 1
CARD 
Jibs_PC#2675530762529265664 placearmies 41 1
CARD 
Jibs_PC#2675530762529265664 placearmies 12 1
CARD 
Jibs_PC#2675530762529265664 placearmies 38 1
CARD 
Jibs_PC#2675530762529265664 placearmies 5 1
CARD 
Jibs_PC#2675530762529265664 placearmies 16 1
CARD 
Jibs_PC#2675530762529265664 placearmies 39 1
CARD 
Jibs_PC#2675530762529265664 placearmies 41 1
CARD 
Jibs_PC#2675530762529265664 placearmies 12 1
CARD 
Jibs_PC#2675530762529265664 placearmies 38 1
CARD 
Jibs_PC#2675530762529265664 placearmies 5 1
CARD 
Jibs_PC#2675530762529265664 placearmies 16 1
CARD 
Jibs_PC#2675530762529265664 placearmies 39 1
CARD 
Jibs_PC#2675530762529265664 placearmies 41 1
CARD 
Jibs_PC#2675530762529265664 placearmies 12 1
CARD 
Jibs_PC#2675530762529265664 placearmies 38 1
CARD 
Jibs_PC#2675530762529265664 placearmies 5 1
CARD 
Jibs_PC#2675530762529265664 placearmies 16 1
CARD 
Jibs_PC#2675530762529265664 placearmies 39 1
CARD 
Jibs_PC#2675530762529265664 placearmies 41 1
CARD 
Jibs_PC#2675530762529265664 placearmies 21 1
CARD 
Jibs_PC#2675530762529265664 placearmies 38 1
CARD 
Jibs_PC#2675530762529265664 placearmies 5 1
CARD 
Jibs_PC#2675530762529265664 placearmies 16 1
CARD 
Jibs_PC#2675530762529265664 placearmies 39 1
CARD 
Jibs_PC#2675530762529265664 placearmies 23 1
CARD 
Jibs_PC#2675530762529265664 placearmies 21 1
CARD 
Jibs_PC#2675530762529265664 placearmies 38 1
CARD 
Jibs_PC#2675530762529265664 placearmies 5 1
CARD 
Jibs_PC#2675530762529265664 placearmies 16 1
CARD 
Jibs_PC#2675530762529265664 placearmies 39 1
CARD 
Jibs_PC#2675530762529265664 placearmies 23 1
CARD 
Jibs_PC#2675530762529265664 placearmies 21 1
CARD 
Jibs_PC#2675530762529265664 placearmies 38 1
CARD 
Jibs_PC#2675530762529265664 placearmies 5 1
CARD 
Jibs_PC#2675530762529265664 placearmies 16 1
CARD 
Jibs_PC#2675530762529265664 placearmies 39 1
CARD 
Jibs_PC#2675530762529265664 placearmies 36 1
CARD 
Jibs_PC#2675530762529265664 placearmies 21 1
CARD 
Jibs_PC#2675530762529265664 placearmies 38 1
CARD 
Jibs_PC#2675530762529265664 placearmies 5 1
CARD 
Jibs_PC#2675530762529265664 placearmies 16 1
CARD 
Jibs_PC#2675530762529265664 placearmies 39 1
CARD 
Jibs_PC#2675530762529265664 placearmies 36 1
CARD 
Jibs_PC#2675530762529265664 placearmies 2 1
CARD 
Jibs_PC#2675530762529265664 placearmies 38 1
CARD 
Jibs_PC#2675530762529265664 placearmies 5 1
CARD 
Jibs_PC#2675530762529265664 placearmies 16 1
CARD 
Jibs_PC#2675530762529265664 placearmies 39 1
CARD 
Jibs_PC#2675530762529265664 placearmies 36 1
CARD 
Jibs_PC#2675530762529265664 placearmies 2 1
CARD 
Jibs_PC#2675530762529265664 placearmies 38 1
CARD 
Jibs_PC#2675530762529265664 placearmies 5 1
CARD 
Jibs_PC#2675530762529265664 placearmies 24 1
CARD 
Jibs_PC#2675530762529265664 placearmies 13 1
CARD 
Jibs_PC#2675530762529265664 placearmies 36 1
CARD 
Jibs_PC#2675530762529265664 placearmies 12 1
CARD 
Jibs_PC#2675530762529265664 placearmies 29 1
CARD 
Jibs_PC#2675530762529265664 placearmies 5 2
Jibs_PC#2675530762529265664 placearmies 25 1
Jibs_PC#2675530762529265664 attack 5 4
Jibs_PC#2675530762529265664 roll 3
Jibs_PC#2675530762529265664 roll 1
DICE 3 1 5 2 1 5 
Jibs_PC#2675530762529265664 roll 3
Jibs_PC#2675530762529265664 roll 1
DICE 3 1 5 3 1 5 
Jibs_PC#2675530762529265664 roll 3
Jibs_PC#2675530762529265664 roll 1
DICE 3 1 5 4 4 5 
Jibs_PC#2675530762529265664 roll 3
Jibs_PC#2675530762529265664 roll 1
DICE 3 1 5 4 4 5 
Jibs_PC#2675530762529265664 roll 3
Jibs_PC#2675530762529265664 roll 1
DICE 3 1 5 4 2 3 
Jibs_PC#2675530762529265664 move 11
Jibs_PC#2675530762529265664 attack 4 3
Jibs_PC#2675530762529265664 roll 3
Jibs_PC#2675530762529265664 roll 1
DICE 3 1 4 2 0 5 
Jibs_PC#2675530762529265664 roll 3
Jibs_PC#2675530762529265664 roll 1
DICE 3 1 5 3 0 3 
Jibs_PC#2675530762529265664 move 9
Jibs_PC#2675530762529265664 attack 3 2
Jibs_PC#2675530762529265664 roll 3
Jibs_PC#2675530762529265664 roll 2
DICE 3 2 3 2 0 4 2 
Jibs_PC#2675530762529265664 roll 3
Jibs_PC#2675530762529265664 roll 2
DICE 3 2 2 2 1 2 2 
Jibs_PC#2675530762529265664 retreat
Jibs_PC#2675530762529265664 endattack
Jibs_PC#2675530762529265664 nomove
CARD 2
Jibs_PC#2675530762529265664 placearmies 16 3
Jibs_PC#2675530762529265664 attack 16 15
Jibs_PC#2675530762529265664 roll 3
Jibs_PC#2675530762529265664 roll 1
DICE 3 1 5 4 2 1 
Jibs_PC#2675530762529265664 move 13
Jibs_PC#2675530762529265664 attack 15 14
Jibs_PC#2675530762529265664 roll 3
Jibs_PC#2675530762529265664 roll 1
DICE 3 1 5 5 4 3 
Jibs_PC#2675530762529265664 move 12
Jibs_PC#2675530762529265664 attack 14 17
Jibs_PC#2675530762529265664 roll 3
Jibs_PC#2675530762529265664 roll 1
DICE 3 1 5 5 1 5 
Jibs_PC#2675530762529265664 roll 3
Jibs_PC#2675530762529265664 roll 1
DICE 3 1 4 1 1 3 
Jibs_PC#2675530762529265664 move 10
Jibs_PC#2675530762529265664 attack 17 18
Jibs_PC#2675530762529265664 roll 3
Jibs_PC#2675530762529265664 roll 1
DICE 3 1 5 1 0 5 
Jibs_PC#2675530762529265664 roll 3
Jibs_PC#2675530762529265664 roll 1
DICE 3 1 5 2 1 0 
Jibs_PC#2675530762529265664 move 8
Jibs_PC#2675530762529265664 attack 18 20
Jibs_PC#2675530762529265664 roll 3
Jibs_PC#2675530762529265664 roll 1
DICE 3 1 4 2 2 3 
Jibs_PC#2675530762529265664 move 7
Jibs_PC#2675530762529265664 endattack
Jibs_PC#2675530762529265664 nomove
CARD 17
Jibs_PC#2675530762529265664 placearmies 39 3
Jibs_PC#2675530762529265664 attack 39 41
Jibs_PC#2675530762529265664 roll 3
Jibs_PC#2675530762529265664 roll 2
DICE 3 2 3 3 2 3 1 
Jibs_PC#2675530762529265664 roll 3
Jibs_PC#2675530762529265664 roll 2
DICE 3 2 4 3 3 4 0 
Jibs_PC#2675530762529265664 roll 3
Jibs_PC#2675530762529265664 roll 2
DICE 3 2 5 1 0 1 1 
Jibs_PC#2675530762529265664 roll 3
Jibs_PC#2675530762529265664 roll 2
DICE 3 2 5 5 3 3 3 
Jibs_PC#2675530762529265664 roll 3
Jibs_PC#2675530762529265664 roll 1
DICE 3 1 5 4 1 2 
Jibs_PC#2675530762529265664 move 9
Jibs_PC#2675530762529265664 attack 41 42
Jibs_PC#2675530762529265664 roll 3
Jibs_PC#2675530762529265664 roll 1
DICE 3 1 4 4 1 5 
Jibs_PC#2675530762529265664 roll 3
Jibs_PC#2675530762529265664 roll 1
DICE 3 1 3 2 0 5 
Jibs_PC#2675530762529265664 roll 3
Jibs_PC#2675530762529265664 roll 1
DICE 3 1 4 2 0 3 
Jibs_PC#2675530762529265664 move 5
Jibs_PC#2675530762529265664 attack 42 40
Jibs_PC#2675530762529265664 roll 3
Jibs_PC#2675530762529265664 roll 1
DICE 3 1 2 1 0 5 
Jibs_PC#2675530762529265664 roll 3
Jibs_PC#2675530762529265664 roll 1
DICE 3 1 4 2 1 3 
Jibs_PC#2675530762529265664 endattack
Jibs_PC#2675530762529265664 movearmies 39 33 3
CARD 7
Jibs_PC#2675530762529265664 placearmies 23 1
Jibs_PC#2675530762529265664 placearmies 23 2
Jibs_PC#2675530762529265664 attack 23 21
Jibs_PC#2675530762529265664 roll 3
Jibs_PC#2675530762529265664 roll 2
DICE 3 2 5 5 4 5 1 
Jibs_PC#2675530762529265664 roll 3
Jibs_PC#2675530762529265664 roll 2
DICE 3 2 4 3 2 1 0 
Jibs_PC#2675530762529265664 roll 3
Jibs_PC#2675530762529265664 roll 2
DICE 3 2 3 1 1 5 0 
Jibs_PC#2675530762529265664 roll 3
Jibs_PC#2675530762529265664 roll 1
DICE 3 1 3 2 1 1 
Jibs_PC#2675530762529265664 move 5
Jibs_PC#2675530762529265664 attack 21 19
Jibs_PC#2675530762529265664 roll 3
Jibs_PC#2675530762529265664 roll 1
DICE 3 1 5 4 0 3 
Jibs_PC#2675530762529265664 move 4
Jibs_PC#2675530762529265664 endattack
Jibs_PC#2675530762529265664 nomove
CARD 20
Jibs_PC#2675530762529265664 placearmies 2 3
Jibs_PC#2675530762529265664 attack 12 10
Jibs_PC#2675530762529265664 roll 3
Jibs_PC#2675530762529265664 roll 1
DICE 3 1 2 2 0 2 
Jibs_PC#2675530762529265664 roll 3
Jibs_PC#2675530762529265664 roll 1
DICE 3 1 5 2 1 0 
Jibs_PC#2675530762529265664 move 4
Jibs_PC#2675530762529265664 endattack
Jibs_PC#2675530762529265664 nomove
CARD 16
Jibs_PC#2675530762529265664 placearmies 38 3
Jibs_PC#2675530762529265664 attack 38 34
Jibs_PC#2675530762529265664 roll 3
Jibs_PC#2675530762529265664 roll 1
DICE 3 1 4 3 0 0 
Jibs_PC#2675530762529265664 move 15
Jibs_PC#2675530762529265664 attack 34 27
Jibs_PC#2675530762529265664 roll 3
Jibs_PC#2675530762529265664 roll 1
DICE 3 1 5 4 3 1 
Jibs_PC#2675530762529265664 move 14
Jibs_PC#2675530762529265664 attack 27 36
Jibs_PC#2675530762529265664 roll 3
Jibs_PC#2675530762529265664 roll 2
DICE 3 2 5 2 0 5 1 
Jibs_PC#2675530762529265664 roll 3
Jibs_PC#2675530762529265664 roll 2
DICE 3 2 3 1 0 5 4 
Jibs_PC#2675530762529265664 roll 3
Jibs_PC#2675530762529265664 roll 2
DICE 3 2 3 3 0 5 3 
Jibs_PC#2675530762529265664 roll 3
Jibs_PC#2675530762529265664 roll 2
DICE 3 2 3 3 2 4 4 
Jibs_PC#2675530762529265664 roll 3
Jibs_PC#2675530762529265664 roll 2
DICE 3 2 4 1 0 3 1 
Jibs_PC#2675530762529265664 retreat
Jibs_PC#2675530762529265664 endattack
Jibs_PC#2675530762529265664 nomove
CARD 9
Jibs_PC#2675530762529265664 placearmies 25 3
Jibs_PC#2675530762529265664 attack 3 1
Jibs_PC#2675530762529265664 roll 3
Jibs_PC#2675530762529265664 roll 1
DICE 3 1 4 3 0 3 
Jibs_PC#2675530762529265664 move 4
Jibs_PC#2675530762529265664 endattack
Jibs_PC#2675530762529265664 nomove
CARD 31
Jibs_PC#2675530762529265664 placearmies 20 1
Jibs_PC#2675530762529265664 placearmies 20 2
Jibs_PC#2675530762529265664 attack 20 19
Jibs_PC#2675530762529265664 roll 3
Jibs_PC#2675530762529265664 roll 2
DICE 3 2 2 1 0 4 0 
Jibs_PC#2675530762529265664 roll 3
Jibs_PC#2675530762529265664 roll 2
DICE 3 2 5 2 2 3 1 
Jibs_PC#2675530762529265664 roll 3
Jibs_PC#2675530762529265664 roll 1
DICE 3 1 3 3 1 5 
Jibs_PC#2675530762529265664 roll 3
Jibs_PC#2675530762529265664 roll 1
DICE 3 1 4 4 1 4 
Jibs_PC#2675530762529265664 roll 3
Jibs_PC#2675530762529265664 roll 1
DICE 3 1 3 2 0 4 
Jibs_PC#2675530762529265664 roll 3
Jibs_PC#2675530762529265664 roll 1
DICE 3 1 5 3 1 5 
Jibs_PC#2675530762529265664 roll 3
Jibs_PC#2675530762529265664 roll 1
DICE 3 1 5 3 2 5 
Jibs_PC#2675530762529265664 roll 3
Jibs_PC#2675530762529265664 roll 1
DICE 3 1 5 3 2 3 
Jibs_PC#2675530762529265664 endattack
Jibs_PC#2675530762529265664 nomove
CARD wildcard
Jibs_PC#2675530762529265664 placearmies 13 3
Jibs_PC#2675530762529265664 placearmies 33 1
Jibs_PC#2675530762529265664 placearmies 35 1
Jibs_PC#2675530762529265664 attack 13 11
Jibs_PC#2675530762529265664 roll 3
Jibs_PC#2675530762529265664 roll 1
DICE 3 1 5 3 2 1 
Jibs_PC#2675530762529265664 move 4
Jibs_PC#2675530762529265664 attack 11 12
Jibs_PC#2675530762529265664 roll 3
Jibs_PC#2675530762529265664 roll 1
DICE 3 1 3 1 1 2 
Jibs_PC#2675530762529265664 attack 33 32
Jibs_PC#2675530762529265664 roll 3
Jibs_PC#2675530762529265664 roll 1
DICE 3 1 4 2 0 0 
Jibs_PC#2675530762529265664 move 3
Jibs_PC#2675530762529265664 endattack
Jibs_PC#2675530762529265664 movearmies 32 33 2
CARD 36
Jibs_PC#2675530762529265664 placearmies 36 1
Jibs_PC#2675530762529265664 placearmies 21 2
Jibs_PC#2675530762529265664 attack 21 20
Jibs_PC#2675530762529265664 roll 2
Jibs_PC#2675530762529265664 roll 1
DICE 2 1 5 0 5 
Jibs_PC#2675530762529265664 retreat
Jibs_PC#2675530762529265664 attack 36 38
Jibs_PC#2675530762529265664 roll 3
Jibs_PC#2675530762529265664 roll 1
DICE 3 1 2 2 1 1 
Jibs_PC#2675530762529265664 endattack
Jibs_PC#2675530762529265664 nomove
CARD 4
Jibs_PC#2675530762529265664 placearmies 10 1
Jibs_PC#2675530762529265664 placearmies 2 2
Jibs_PC#2675530762529265664 attack 2 6
Jibs_PC#2675530762529265664 roll 3
Jibs_PC#2675530762529265664 roll 1
DICE 3 1 5 1 0 3 
Jibs_PC#2675530762529265664 move 9
Jibs_PC#2675530762529265664 attack 6 14
Jibs_PC#2675530762529265664 roll 3
Jibs_PC#2675530762529265664 roll 1
DICE 3 1 4 3 0 4 
Jibs_PC#2675530762529265664 roll 3
Jibs_PC#2675530762529265664 roll 1
DICE 3 1 3 3 3 1 
Jibs_PC#2675530762529265664 move 7
Jibs_PC#2675530762529265664 attack 10 12
Jibs_PC#2675530762529265664 roll 3
Jibs_PC#2675530762529265664 roll 2
DICE 3 2 4 4 3 0 0 
Jibs_PC#2675530762529265664 roll 3
Jibs_PC#2675530762529265664 roll 1
DICE 3 1 5 4 0 2 
Jibs_PC#2675530762529265664 move 4
Jibs_PC#2675530762529265664 attack 12 11
Jibs_PC#2675530762529265664 roll 3
Jibs_PC#2675530762529265664 roll 1
DICE 3 1 3 3 3 3 
Jibs_PC#2675530762529265664 roll 2
Jibs_PC#2675530762529265664 roll 1
DICE 2 1 5 0 2 
Jibs_PC#2675530762529265664 endattack
Jibs_PC#2675530762529265664 nomove
CARD 10
Jibs_PC#2675530762529265664 placearmies 27 3
Jibs_PC#2675530762529265664 attack 27 28
Jibs_PC#2675530762529265664 roll 3
Jibs_PC#2675530762529265664 roll 1
DICE 3 1 4 4 2 5 
Jibs_PC#2675530762529265664 roll 3
Jibs_PC#2675530762529265664 roll 1
DICE 3 1 5 3 2 2 
Jibs_PC#2675530762529265664 move 7
Jibs_PC#2675530762529265664 endattack
Jibs_PC#2675530762529265664 nomove
CARD 37
Jibs_PC#2675530762529265664 placearmies 1 3
Jibs_PC#2675530762529265664 attack 1 2
Jibs_PC#2675530762529265664 roll 3
Jibs_PC#2675530762529265664 roll 1
DICE 3 1 3 3 1 0 
Jibs_PC#2675530762529265664 move 6
Jibs_PC#2675530762529265664 attack 2 6
Jibs_PC#2675530762529265664 roll 3
Jibs_PC#2675530762529265664 roll 1
DICE 3 1 5 3 2 2 
Jibs_PC#2675530762529265664 move 5
Jibs_PC#2675530762529265664 endattack
Jibs_PC#2675530762529265664 nomove
CARD 12
Jibs_PC#2675530762529265664 placearmies 24 1
Jibs_PC#2675530762529265664 placearmies 17 2
Jibs_PC#2675530762529265664 attack 24 21
Jibs_PC#2675530762529265664 roll 3
Jibs_PC#2675530762529265664 roll 2
DICE 3 2 5 3 2 4 3 
Jibs_PC#2675530762529265664 roll 3
Jibs_PC#2675530762529265664 roll 1
DICE 3 1 5 3 0 5 
Jibs_PC#2675530762529265664 roll 2
Jibs_PC#2675530762529265664 roll 1
DICE 2 1 5 5 3 
Jibs_PC#2675530762529265664 endattack
Jibs_PC#2675530762529265664 movearmies 19 20 2
CARD 18
Jibs_PC#2675530762529265664 placearmies 33 1
Jibs_PC#2675530762529265664 placearmies 33 4
Jibs_PC#2675530762529265664 attack 33 29
Jibs_PC#2675530762529265664 roll 3
Jibs_PC#2675530762529265664 roll 2
DICE 3 2 5 5 3 3 1 
Jibs_PC#2675530762529265664 move 8
Jibs_PC#2675530762529265664 attack 29 36
Jibs_PC#2675530762529265664 roll 3
Jibs_PC#2675530762529265664 roll 1
DICE 3 1 5 5 0 5 
Jibs_PC#2675530762529265664 roll 3
Jibs_PC#2675530762529265664 roll 1
DICE 3 1 5 2 0 3 
Jibs_PC#2675530762529265664 move 5
Jibs_PC#2675530762529265664 endattack
Jibs_PC#2675530762529265664 movearmies 36 29 4
CARD 34
Jibs_PC#2675530762529265664 placearmies 38 1
Jibs_PC#2675530762529265664 placearmies 38 1
Jibs_PC#2675530762529265664 placearmies 23 1
Jibs_PC#2675530762529265664 attack 38 37
Jibs_PC#2675530762529265664 roll 3
Jibs_PC#2675530762529265664 roll 1
DICE 3 1 2 2 0 4 
Jibs_PC#2675530762529265664 roll 3
Jibs_PC#2675530762529265664 roll 1
DICE 3 1 5 4 4 1 
Jibs_PC#2675530762529265664 endattack
Jibs_PC#2675530762529265664 nomove
CARD 13
Jibs_PC#2675530762529265664 placearmies 11 3
Jibs_PC#2675530762529265664 attack 11 13
Jibs_PC#2675530762529265664 roll 3
Jibs_PC#2675530762529265664 roll 1
DICE 3 1 3 1 1 4 
Jibs_PC#2675530762529265664 roll 3
Jibs_PC#2675530762529265664 roll 1
DICE 3 1 5 3 2 4 
Jibs_PC#2675530762529265664 endattack
Jibs_PC#2675530762529265664 movearmies 13 12 2
CARD 29
Jibs_PC#2675530762529265664 placearmies 34 3
Jibs_PC#2675530762529265664 attack 34 35
Jibs_PC#2675530762529265664 roll 3
Jibs_PC#2675530762529265664 roll 2
DICE 3 2 4 0 0 4 0 
Jibs_PC#2675530762529265664 retreat
Jibs_PC#2675530762529265664 attack 28 16
Jibs_PC#2675530762529265664 roll 3
Jibs_PC#2675530762529265664 roll 1
DICE 3 1 4 3 1 5 
Jibs_PC#2675530762529265664 roll 3
Jibs_PC#2675530762529265664 roll 1
DICE 3 1 5 4 1 3 
Jibs_PC#2675530762529265664 move 5
Jibs_PC#2675530762529265664 endattack
Jibs_PC#2675530762529265664 nomove
CARD 5
Jibs_PC#2675530762529265664 trade 2 31 12
Jibs_PC#2675530762529265664 placearmies 5 4
Jibs_PC#2675530762529265664 placearmies 25 7
Jibs_PC#2675530762529265664 attack 5 9
Jibs_PC#2675530762529265664 roll 3
Jibs_PC#2675530762529265664 roll 1
DICE 3 1 4 2 0 1 
Jibs_PC#2675530762529265664 move 3
Jibs_PC#2675530762529265664 attack 25 24
Jibs_PC#2675530762529265664 roll 3
Jibs_PC#2675530762529265664 roll 1
DICE 3 1 5 2 1 2 
Jibs_PC#2675530762529265664 move 11
Jibs_PC#2675530762529265664 attack 24 23
Jibs_PC#2675530762529265664 roll 3
Jibs_PC#2675530762529265664 roll 2
DICE 3 2 5 5 1 3 2 
Jibs_PC#2675530762529265664 move 10
Jibs_PC#2675530762529265664 attack 23 21
Jibs_PC#2675530762529265664 roll 3
Jibs_PC#2675530762529265664 roll 2
DICE 3 2 3 1 1 5 1 
Jibs_PC#2675530762529265664 roll 3
Jibs_PC#2675530762529265664 roll 2
DICE 3 2 5 5 3 4 2 
Jibs_PC#2675530762529265664 move 7
Jibs_PC#2675530762529265664 attack 21 22
Jibs_PC#2675530762529265664 roll 3
Jibs_PC#2675530762529265664 roll 1
DICE 3 1 5 2 2 5 
Jibs_PC#2675530762529265664 roll 3
Jibs_PC#2675530762529265664 roll 1
DICE 3 1 5 2 1 4 
Jibs_PC#2675530762529265664 move 4
