Jibs_PC#3897749080218362880 newplayer ai hard green s0914007
Jibs_PC#3897749080218362880 newplayer ai hard blue bob
Jibs_PC#3897749080218362880 newplayer ai hard red fred
Jibs_PC#3897749080218362880 newplayer ai hard cyan ted
Jibs_PC#3897749080218362880 newplayer ai hard magenta yura
Jibs_PC#3897749080218362880 newplayer ai hard yellow lala
Jibs_PC#3897749080218362880 startgame mission fixed autoplaceall recycle
PLAYER lala
MISSION 1 1 1 2 1 0
PLACEALL 6 32 13 7 31 30 27 37 20 10 34 38 23 36 26 40 35 19 29 24 9 2 14 33 28 8 21 1 18 16 11 15 4 25 12 17 41 5 39 42 22 3
Jibs_PC#3897749080218362880 placearmies 41 1
CARD 
Jibs_PC#3897749080218362880 placearmies 32 1
CARD 
Jibs_PC#3897749080218362880 placearmies 39 1
CARD 
Jibs_PC#3897749080218362880 placearmies 40 1
CARD 
Jibs_PC#3897749080218362880 placearmies 12 1
CARD 
Jibs_PC#3897749080218362880 placearmies 3 1
CARD 
Jibs_PC#3897749080218362880 placearmies 41 1
CARD 
Jibs_PC#3897749080218362880 placearmies 8 1
CARD 
Jibs_PC#3897749080218362880 placearmies 39 1
CARD 
Jibs_PC#3897749080218362880 placearmies 40 1
CARD 
Jibs_PC#3897749080218362880 placearmies 12 1
CARD 
Jibs_PC#3897749080218362880 placearmies 3 1
CARD 
Jibs_PC#3897749080218362880 placearmies 41 1
CARD 
Jibs_PC#3897749080218362880 placearmies 32 1
CARD 
Jibs_PC#3897749080218362880 placearmies 39 1
CARD 
Jibs_PC#3897749080218362880 placearmies 40 1
CARD 
Jibs_PC#3897749080218362880 placearmies 12 1
CARD 
Jibs_PC#3897749080218362880 placearmies 3 1
CARD 
Jibs_PC#3897749080218362880 placearmies 41 1
CARD 
Jibs_PC#3897749080218362880 placearmies 32 1
CARD 
Jibs_PC#3897749080218362880 placearmies 39 1
CARD 
Jibs_PC#3897749080218362880 placearmies 40 1
CARD 
Jibs_PC#3897749080218362880 placearmies 12 1
CARD 
Jibs_PC#3897749080218362880 placearmies 3 1
CARD 
Jibs_PC#3897749080218362880 placearmies 41 1
CARD 
Jibs_PC#3897749080218362880 placearmies 32 1
CARD 
Jibs_PC#3897749080218362880 placearmies 39 1
CARD 
Jibs_PC#3897749080218362880 placearmies 40 1
CARD 
Jibs_PC#3897749080218362880 placearmies 12 1
CARD 
Jibs_PC#3897749080218362880 placearmies 3 1
CARD 
Jibs_PC#3897749080218362880 placearmies 41 1
CARD 
Jibs_PC#3897749080218362880 placearmies 32 1
CARD 
Jibs_PC#3897749080218362880 placearmies 20 1
CARD 
Jibs_PC#3897749080218362880 placearmies 40 1
CARD 
Jibs_PC#3897749080218362880 placearmies 12 1
CARD 
Jibs_PC#3897749080218362880 placearmies 3 1
CARD 
Jibs_PC#3897749080218362880 placearmies 41 1
CARD 
Jibs_PC#3897749080218362880 placearmies 32 1
CARD 
Jibs_PC#3897749080218362880 placearmies 20 1
CARD 
Jibs_PC#3897749080218362880 placearmies 40 1
CARD 
Jibs_PC#3897749080218362880 placearmies 12 1
CARD 
Jibs_PC#3897749080218362880 placearmies 3 1
CARD 
Jibs_PC#3897749080218362880 placearmies 11 1
CARD 
Jibs_PC#3897749080218362880 placearmies 32 1
CARD 
Jibs_PC#3897749080218362880 placearmies 20 1
CARD 
Jibs_PC#3897749080218362880 placearmies 40 1
CARD 
Jibs_PC#3897749080218362880 placearmies 12 1
CARD 
Jibs_PC#3897749080218362880 placearmies 3 1
CARD 
Jibs_PC#3897749080218362880 placearmies 11 1
CARD 
Jibs_PC#3897749080218362880 placearmies 32 1
CARD 
Jibs_PC#3897749080218362880 placearmies 20 1
CARD 
Jibs_PC#3897749080218362880 placearmies 40 1
CARD 
Jibs_PC#3897749080218362880 placearmies 12 1
CARD 
Jibs_PC#3897749080218362880 placearmies 3 1
CARD 
Jibs_PC#3897749080218362880 placearmies 11 1
CARD 
Jibs_PC#3897749080218362880 placearmies 32 1
CARD 
Jibs_PC#3897749080218362880 placearmies 20 1
CARD 
Jibs_PC#3897749080218362880 placearmies 7 1
CARD 
Jibs_PC#3897749080218362880 placearmies 12 1
CARD 
Jibs_PC#3897749080218362880 placearmies 3 1
CARD 
Jibs_PC#3897749080218362880 placearmies 11 1
CARD 
Jibs_PC#3897749080218362880 placearmies 32 1
CARD 
Jibs_PC#3897749080218362880 placearmies 20 1
CARD 
Jibs_PC#3897749080218362880 placearmies 7 1
CARD 
Jibs_PC#3897749080218362880 placearmies 12 1
CARD 
Jibs_PC#3897749080218362880 placearmies 3 1
CARD 
Jibs_PC#3897749080218362880 placearmies 11 1
CARD 
Jibs_PC#3897749080218362880 placearmies 32 1
CARD 
Jibs_PC#3897749080218362880 placearmies 20 1
CARD 
Jibs_PC#3897749080218362880 placearmies 7 1
CARD 
Jibs_PC#3897749080218362880 placearmies 12 1
CARD 
Jibs_PC#3897749080218362880 placearmies 3 1
CARD 
Jibs_PC#3897749080218362880 placearmies 11 1
CARD 
Jibs_PC#3897749080218362880 placearmies 32 1
CARD 
Jibs_PC#3897749080218362880 placearmies 20 1
CARD 
Jibs_PC#3897749080218362880 placearmies 7 1
CARD 
Jibs_PC#3897749080218362880 placearmies 12 1
CARD 
Jibs_PC#3897749080218362880 placearmies 3 1
CARD 
Jibs_PC#3897749080218362880 placearmies 11 3
Jibs_PC#3897749080218362880 attack 11 10
Jibs_PC#3897749080218362880 roll 3
Jibs_PC#3897749080218362880 roll 1
DICE 3 1 4 4 2 3 
Jibs_PC#3897749080218362880 move 9
Jibs_PC#3897749080218362880 endattack
Jibs_PC#3897749080218362880 nomove
CARD 1
Jibs_PC#3897749080218362880 placearmies 32 3
Jibs_PC#3897749080218362880 attack 32 29
Jibs_PC#3897749080218362880 roll 3
Jibs_PC#3897749080218362880 roll 1
DICE 3 1 5 3 2 2 
Jibs_PC#3897749080218362880 move 15
Jibs_PC#3897749080218362880 attack 29 27
Jibs_PC#3897749080218362880 roll 3
Jibs_PC#3897749080218362880 roll 1
DICE 3 1 4 3 0 1 
Jibs_PC#3897749080218362880 move 14
Jibs_PC#3897749080218362880 attack 27 28
Jibs_PC#3897749080218362880 roll 3
Jibs_PC#3897749080218362880 roll 1
DICE 3 1 4 4 3 5 
Jibs_PC#3897749080218362880 roll 3
Jibs_PC#3897749080218362880 roll 1
DICE 3 1 3 2 0 3 
Jibs_PC#3897749080218362880 roll 3
Jibs_PC#3897749080218362880 roll 1
DICE 3 1 3 2 1 1 
Jibs_PC#3897749080218362880 move 11
Jibs_PC#3897749080218362880 attack 28 30
Jibs_PC#3897749080218362880 roll 3
Jibs_PC#3897749080218362880 roll 1
DICE 3 1 5 4 3 1 
Jibs_PC#3897749080218362880 move 10
Jibs_PC#3897749080218362880 attack 30 31
Jibs_PC#3897749080218362880 roll 3
Jibs_PC#3897749080218362880 roll 1
DICE 3 1 4 4 3 4 
Jibs_PC#3897749080218362880 roll 3
Jibs_PC#3897749080218362880 roll 1
DICE 3 1 4 1 0 3 
Jibs_PC#3897749080218362880 move 8
Jibs_PC#3897749080218362880 endattack
Jibs_PC#3897749080218362880 nomove
CARD 38
Jibs_PC#3897749080218362880 placearmies 39 2
Jibs_PC#3897749080218362880 placearmies 20 1
Jibs_PC#3897749080218362880 attack 39 33
Jibs_PC#3897749080218362880 roll 3
Jibs_PC#3897749080218362880 roll 1
DICE 3 1 4 2 0 2 
Jibs_PC#3897749080218362880 move 7
Jibs_PC#3897749080218362880 attack 20 16
Jibs_PC#3897749080218362880 roll 3
Jibs_PC#3897749080218362880 roll 1
DICE 3 1 2 1 0 1 
Jibs_PC#3897749080218362880 move 9
Jibs_PC#3897749080218362880 attack 16 15
Jibs_PC#3897749080218362880 roll 3
Jibs_PC#3897749080218362880 roll 1
DICE 3 1 5 5 4 5 
Jibs_PC#3897749080218362880 roll 3
Jibs_PC#3897749080218362880 roll 1
DICE 3 1 5 3 1 0 
Jibs_PC#3897749080218362880 move 7
Jibs_PC#3897749080218362880 attack 15 14
Jibs_PC#3897749080218362880 roll 3
Jibs_PC#3897749080218362880 roll 1
DICE 3 1 5 4 1 4 
Jibs_PC#3897749080218362880 move 6
Jibs_PC#3897749080218362880 attack 14 17
Jibs_PC#3897749080218362880 roll 3
Jibs_PC#3897749080218362880 roll 1
DICE 3 1 5 2 0 3 
Jibs_PC#3897749080218362880 move 5
Jibs_PC#3897749080218362880 attack 17 18
Jibs_PC#3897749080218362880 roll 3
Jibs_PC#3897749080218362880 roll 1
DICE 3 1 5 3 3 2 
Jibs_PC#3897749080218362880 move 4
Jibs_PC#3897749080218362880 attack 18 19
Jibs_PC#3897749080218362880 roll 3
Jibs_PC#3897749080218362880 roll 1
DICE 3 1 4 3 0 4 
Jibs_PC#3897749080218362880 roll 2
Jibs_PC#3897749080218362880 roll 1
DICE 2 1 5 0 0 
Jibs_PC#3897749080218362880 endattack
Jibs_PC#3897749080218362880 movearmies 19 20 1
CARD 5
Jibs_PC#3897749080218362880 placearmies 7 3
Jibs_PC#3897749080218362880 attack 7 6
Jibs_PC#3897749080218362880 roll 3
Jibs_PC#3897749080218362880 roll 1
DICE 3 1 3 1 0 2 
Jibs_PC#3897749080218362880 move 7
Jibs_PC#3897749080218362880 attack 6 14
Jibs_PC#3897749080218362880 roll 3
Jibs_PC#3897749080218362880 roll 1
DICE 3 1 2 0 0 2 
Jibs_PC#3897749080218362880 roll 3
Jibs_PC#3897749080218362880 roll 1
DICE 3 1 3 0 0 4 
Jibs_PC#3897749080218362880 roll 3
Jibs_PC#3897749080218362880 roll 1
DICE 3 1 5 2 2 5 
Jibs_PC#3897749080218362880 roll 3
Jibs_PC#3897749080218362880 roll 1
DICE 3 1 3 2 1 1 
Jibs_PC#3897749080218362880 attack 40 41
Jibs_PC#3897749080218362880 roll 3
Jibs_PC#3897749080218362880 roll 2
DICE 3 2 3 3 0 2 0 
Jibs_PC#3897749080218362880 roll 3
Jibs_PC#3897749080218362880 roll 2
DICE 3 2 5 2 1 2 0 
Jibs_PC#3897749080218362880 roll 3
Jibs_PC#3897749080218362880 roll 2
DICE 3 2 2 1 0 2 0 
Jibs_PC#3897749080218362880 roll 3
Jibs_PC#3897749080218362880 roll 2
DICE 3 2 3 2 1 2 2 
Jibs_PC#3897749080218362880 roll 3
Jibs_PC#3897749080218362880 roll 2
DICE 3 2 4 3 2 4 3 
Jibs_PC#3897749080218362880 retreat
Jibs_PC#3897749080218362880 attack 40 39
Jibs_PC#3897749080218362880 roll 3
Jibs_PC#3897749080218362880 roll 1
DICE 3 1 5 4 0 0 
Jibs_PC#3897749080218362880 move 5
Jibs_PC#3897749080218362880 attack 39 41
Jibs_PC#3897749080218362880 roll 3
Jibs_PC#3897749080218362880 roll 2
DICE 3 2 2 0 0 4 0 
Jibs_PC#3897749080218362880 retreat
Jibs_PC#3897749080218362880 endattack
Jibs_PC#3897749080218362880 nomove
CARD 7
Jibs_PC#3897749080218362880 placearmies 12 3
Jibs_PC#3897749080218362880 attack 12 10
Jibs_PC#3897749080218362880 roll 3
Jibs_PC#3897749080218362880 roll 2
DICE 3 2 5 0 0 5 1 
Jibs_PC#3897749080218362880 roll 3
Jibs_PC#3897749080218362880 roll 2
DICE 3 2 5 0 0 1 0 
Jibs_PC#3897749080218362880 roll 3
Jibs_PC#3897749080218362880 roll 2
DICE 3 2 3 2 0 3 2 
Jibs_PC#3897749080218362880 roll 3
Jibs_PC#3897749080218362880 roll 2
DICE 3 2 4 3 2 4 4 
Jibs_PC#3897749080218362880 roll 3
Jibs_PC#3897749080218362880 roll 2
DICE 3 2 4 3 1 5 4 
Jibs_PC#3897749080218362880 retreat
Jibs_PC#3897749080218362880 attack 12 11
Jibs_PC#3897749080218362880 roll 3
Jibs_PC#3897749080218362880 roll 1
DICE 3 1 5 3 0 4 
Jibs_PC#3897749080218362880 move 7
Jibs_PC#3897749080218362880 attack 11 13
Jibs_PC#3897749080218362880 roll 3
Jibs_PC#3897749080218362880 roll 1
DICE 3 1 5 1 1 3 
Jibs_PC#3897749080218362880 move 3
Jibs_PC#3897749080218362880 endattack
Jibs_PC#3897749080218362880 movearmies 13 11 2
CARD wildcard
Jibs_PC#3897749080218362880 placearmies 3 3
Jibs_PC#3897749080218362880 attack 3 1
Jibs_PC#3897749080218362880 roll 3
Jibs_PC#3897749080218362880 roll 1
DICE 3 1 5 5 4 1 
Jibs_PC#3897749080218362880 move 16
Jibs_PC#3897749080218362880 attack 1 2
Jibs_PC#3897749080218362880 roll 3
Jibs_PC#3897749080218362880 roll 1
DICE 3 1 3 1 1 1 
Jibs_PC#3897749080218362880 move 15
Jibs_PC#3897749080218362880 attack 2 6
Jibs_PC#3897749080218362880 roll 3
Jibs_PC#3897749080218362880 roll 1
DICE 3 1 5 4 1 3 
Jibs_PC#3897749080218362880 move 14
Jibs_PC#3897749080218362880 attack 6 8
Jibs_PC#3897749080218362880 roll 3
Jibs_PC#3897749080218362880 roll 2
DICE 3 2 5 3 3 4 2 
Jibs_PC#3897749080218362880 move 13
Jibs_PC#3897749080218362880 attack 8 7
Jibs_PC#3897749080218362880 roll 3
Jibs_PC#3897749080218362880 roll 1
DICE 3 1 3 2 0 4 
Jibs_PC#3897749080218362880 roll 3
Jibs_PC#3897749080218362880 roll 1
DICE 3 1 3 3 3 1 
Jibs_PC#3897749080218362880 move 11
Jibs_PC#3897749080218362880 attack 7 4
Jibs_PC#3897749080218362880 roll 3
Jibs_PC#3897749080218362880 roll 1
DICE 3 1 1 1 0 5 
Jibs_PC#3897749080218362880 roll 3
Jibs_PC#3897749080218362880 roll 1
DICE 3 1 2 1 0 1 
Jibs_PC#3897749080218362880 move 9
Jibs_PC#3897749080218362880 attack 4 9
Jibs_PC#3897749080218362880 roll 3
Jibs_PC#3897749080218362880 roll 1
DICE 3 1 3 1 0 5 
Jibs_PC#3897749080218362880 roll 3
Jibs_PC#3897749080218362880 roll 1
DICE 3 1 4 3 0 2 
Jibs_PC#3897749080218362880 move 7
Jibs_PC#3897749080218362880 attack 9 5
Jibs_PC#3897749080218362880 roll 3
Jibs_PC#3897749080218362880 roll 1
DICE 3 1 4 2 1 5 
Jibs_PC#3897749080218362880 roll 3
Jibs_PC#3897749080218362880 roll 1
DICE 3 1 1 0 0 4 
Jibs_PC#3897749080218362880 roll 3
Jibs_PC#3897749080218362880 roll 1
DICE 3 1 5 4 1 1 
Jibs_PC#3897749080218362880 move 4
Jibs_PC#3897749080218362880 endattack
Jibs_PC#3897749080218362880 nomove
CARD 24
Jibs_PC#3897749080218362880 placearmies 41 3
Jibs_PC#3897749080218362880 attack 10 5
Jibs_PC#3897749080218362880 roll 3
Jibs_PC#3897749080218362880 roll 2
DICE 3 2 5 2 0 2 2 
Jibs_PC#3897749080218362880 roll 3
Jibs_PC#3897749080218362880 roll 2
DICE 3 2 5 1 1 4 3 
Jibs_PC#3897749080218362880 roll 3
Jibs_PC#3897749080218362880 roll 2
DICE 3 2 4 2 0 5 4 
Jibs_PC#3897749080218362880 roll 3
Jibs_PC#3897749080218362880 roll 2
DICE 3 2 5 4 2 5 3 
Jibs_PC#3897749080218362880 roll 2
Jibs_PC#3897749080218362880 roll 1
DICE 2 1 3 3 3 
Jibs_PC#3897749080218362880 retreat
Jibs_PC#3897749080218362880 attack 41 39
Jibs_PC#3897749080218362880 roll 3
Jibs_PC#3897749080218362880 roll 2
DICE 3 2 4 4 3 5 1 
Jibs_PC#3897749080218362880 roll 3
Jibs_PC#3897749080218362880 roll 2
DICE 3 2 3 3 0 3 2 
Jibs_PC#3897749080218362880 roll 2
Jibs_PC#3897749080218362880 roll 1
DICE 2 1 2 1 3 
Jibs_PC#3897749080218362880 retreat
Jibs_PC#3897749080218362880 endattack
Jibs_PC#3897749080218362880 nomove
CARD 
Jibs_PC#3897749080218362880 placearmies 37 3
Jibs_PC#3897749080218362880 attack 37 38
Jibs_PC#3897749080218362880 roll 3
Jibs_PC#3897749080218362880 roll 1
DICE 3 1 3 2 2 4 
Jibs_PC#3897749080218362880 roll 2
Jibs_PC#3897749080218362880 roll 1
DICE 2 1 3 1 4 
Jibs_PC#3897749080218362880 retreat
Jibs_PC#3897749080218362880 attack 31 20
Jibs_PC#3897749080218362880 roll 3
Jibs_PC#3897749080218362880 roll 2
DICE 3 2 5 1 1 3 0 
Jibs_PC#3897749080218362880 move 7
Jibs_PC#3897749080218362880 attack 20 22
Jibs_PC#3897749080218362880 roll 3
Jibs_PC#3897749080218362880 roll 1
DICE 3 1 2 1 0 5 
Jibs_PC#3897749080218362880 roll 3
Jibs_PC#3897749080218362880 roll 1
DICE 3 1 4 1 1 5 
Jibs_PC#3897749080218362880 roll 3
Jibs_PC#3897749080218362880 roll 1
DICE 3 1 4 4 1 1 
Jibs_PC#3897749080218362880 move 4
Jibs_PC#3897749080218362880 endattack
Jibs_PC#3897749080218362880 nomove
CARD 4
Jibs_PC#3897749080218362880 placearmies 33 2
Jibs_PC#3897749080218362880 placearmies 33 1
Jibs_PC#3897749080218362880 attack 33 39
Jibs_PC#3897749080218362880 roll 3
Jibs_PC#3897749080218362880 roll 1
DICE 3 1 2 2 1 1 
Jibs_PC#3897749080218362880 move 9
Jibs_PC#3897749080218362880 attack 39 41
Jibs_PC#3897749080218362880 roll 3
Jibs_PC#3897749080218362880 roll 2
DICE 3 2 5 1 1 3 2 
Jibs_PC#3897749080218362880 roll 3
Jibs_PC#3897749080218362880 roll 1
DICE 3 1 4 3 3 2 
Jibs_PC#3897749080218362880 move 7
Jibs_PC#3897749080218362880 attack 41 42
Jibs_PC#3897749080218362880 roll 3
Jibs_PC#3897749080218362880 roll 1
DICE 3 1 5 3 2 2 
Jibs_PC#3897749080218362880 move 5
Jibs_PC#3897749080218362880 attack 42 40
Jibs_PC#3897749080218362880 roll 3
Jibs_PC#3897749080218362880 roll 1
DICE 3 1 5 4 0 5 
Jibs_PC#3897749080218362880 roll 3
Jibs_PC#3897749080218362880 roll 1
DICE 3 1 5 4 3 0 
Jibs_PC#3897749080218362880 endattack
Jibs_PC#3897749080218362880 movearmies 40 39 1
CARD 17
Jibs_PC#3897749080218362880 placearmies 14 1
Jibs_PC#3897749080218362880 placearmies 14 1
Jibs_PC#3897749080218362880 placearmies 14 1
Jibs_PC#3897749080218362880 attack 14 6
Jibs_PC#3897749080218362880 roll 3
Jibs_PC#3897749080218362880 roll 1
DICE 3 1 3 3 2 0 
Jibs_PC#3897749080218362880 move 5
Jibs_PC#3897749080218362880 endattack
Jibs_PC#3897749080218362880 nomove
CARD 25
Jibs_PC#3897749080218362880 placearmies 11 3
Jibs_PC#3897749080218362880 attack 11 10
Jibs_PC#3897749080218362880 roll 3
Jibs_PC#3897749080218362880 roll 2
DICE 3 2 3 2 0 3 1 
Jibs_PC#3897749080218362880 roll 3
Jibs_PC#3897749080218362880 roll 1
DICE 3 1 5 2 0 5 
Jibs_PC#3897749080218362880 roll 3
Jibs_PC#3897749080218362880 roll 1
DICE 3 1 3 3 1 2 
Jibs_PC#3897749080218362880 move 6
Jibs_PC#3897749080218362880 endattack
Jibs_PC#3897749080218362880 movearmies 10 12 1
CARD 42
Jibs_PC#3897749080218362880 placearmies 38 3
Jibs_PC#3897749080218362880 attack 38 34
Jibs_PC#3897749080218362880 roll 3
Jibs_PC#3897749080218362880 roll 1
DICE 3 1 5 2 0 4 
Jibs_PC#3897749080218362880 endattack
Jibs_PC#3897749080218362880 nomove
CARD 21
Jibs_PC#3897749080218362880 placearmies 23 3
Jibs_PC#3897749080218362880 attack 23 21
Jibs_PC#3897749080218362880 roll 3
Jibs_PC#3897749080218362880 roll 1
DICE 3 1 4 0 0 4 
Jibs_PC#3897749080218362880 roll 2
Jibs_PC#3897749080218362880 roll 1
DICE 2 1 5 2 2 
Jibs_PC#3897749080218362880 endattack
Jibs_PC#3897749080218362880 nomove
CARD 20
Jibs_PC#3897749080218362880 placearmies 37 3
Jibs_PC#3897749080218362880 attack 37 38
Jibs_PC#3897749080218362880 roll 3
Jibs_PC#3897749080218362880 roll 1
DICE 3 1 5 3 2 5 
Jibs_PC#3897749080218362880 roll 3
Jibs_PC#3897749080218362880 roll 1
DICE 3 1 4 3 3 1 
Jibs_PC#3897749080218362880 attack 38 35
Jibs_PC#3897749080218362880 roll 2
Jibs_PC#3897749080218362880 roll 1
DICE 2 1 4 3 3 
Jibs_PC#3897749080218362880 endattack
Jibs_PC#3897749080218362880 nomove
CARD 8
Jibs_PC#3897749080218362880 placearmies 16 3
Jibs_PC#3897749080218362880 placearmies 33 1
Jibs_PC#3897749080218362880 placearmies 16 1
Jibs_PC#3897749080218362880 attack 16 20
Jibs_PC#3897749080218362880 roll 3
Jibs_PC#3897749080218362880 roll 1
DICE 3 1 5 1 1 5 
Jibs_PC#3897749080218362880 roll 3
Jibs_PC#3897749080218362880 roll 1
DICE 3 1 5 1 0 3 
Jibs_PC#3897749080218362880 endattack
Jibs_PC#3897749080218362880 movearmies 39 33 1
CARD 26
Jibs_PC#3897749080218362880 placearmies 14 3
Jibs_PC#3897749080218362880 attack 14 15
Jibs_PC#3897749080218362880 roll 3
Jibs_PC#3897749080218362880 roll 1
DICE 3 1 2 2 1 0 
Jibs_PC#3897749080218362880 attack 15 16
Jibs_PC#3897749080218362880 roll 2
Jibs_PC#3897749080218362880 roll 1
DICE 2 1 3 1 1 
Jibs_PC#3897749080218362880 endattack
Jibs_PC#3897749080218362880 nomove
CARD 18
Jibs_PC#3897749080218362880 placearmies 10 5
Jibs_PC#3897749080218362880 attack 10 5
Jibs_PC#3897749080218362880 roll 3
Jibs_PC#3897749080218362880 roll 1
DICE 3 1 4 3 1 0 
Jibs_PC#3897749080218362880 move 9
Jibs_PC#3897749080218362880 attack 5 9
Jibs_PC#3897749080218362880 roll 3
Jibs_PC#3897749080218362880 roll 1
DICE 3 1 5 5 3 4 
Jibs_PC#3897749080218362880 move 7
Jibs_PC#3897749080218362880 endattack
Jibs_PC#3897749080218362880 movearmies 9 5 6
CARD 15
Jibs_PC#3897749080218362880 placearmies 34 1
Jibs_PC#3897749080218362880 placearmies 34 1
Jibs_PC#3897749080218362880 placearmies 4 1
Jibs_PC#3897749080218362880 attack 34 35
Jibs_PC#3897749080218362880 roll 3
Jibs_PC#3897749080218362880 roll 2
DICE 3 2 4 3 0 0 0 
Jibs_PC#3897749080218362880 move 4
Jibs_PC#3897749080218362880 endattack
Jibs_PC#3897749080218362880 nomove
CARD 34
Jibs_PC#3897749080218362880 placearmies 21 2
Jibs_PC#3897749080218362880 placearmies 21 1
Jibs_PC#3897749080218362880 attack 21 12
Jibs_PC#3897749080218362880 roll 3
Jibs_PC#3897749080218362880 roll 2
DICE 3 2 5 1 0 2 2 
Jibs_PC#3897749080218362880 roll 3
Jibs_PC#3897749080218362880 roll 1
DICE 3 1 5 4 0 5 
Jibs_PC#3897749080218362880 roll 2
Jibs_PC#3897749080218362880 roll 1
DICE 2 1 1 1 3 
Jibs_PC#3897749080218362880 retreat
Jibs_PC#3897749080218362880 endattack
Jibs_PC#3897749080218362880 nomove
CARD 
Jibs_PC#3897749080218362880 trade 38 4 8
Jibs_PC#3897749080218362880 placearmies 22 5
Jibs_PC#3897749080218362880 placearmies 38 8
Jibs_PC#3897749080218362880 attack 22 21
Jibs_PC#3897749080218362880 roll 3
Jibs_PC#3897749080218362880 roll 2
DICE 3 2 5 4 2 3 0 
Jibs_PC#3897749080218362880 move 8
Jibs_PC#3897749080218362880 attack 21 23
Jibs_PC#3897749080218362880 roll 3
Jibs_PC#3897749080218362880 roll 1
DICE 3 1 5 5 3 0 
Jibs_PC#3897749080218362880 move 7
Jibs_PC#3897749080218362880 attack 38 34
Jibs_PC#3897749080218362880 roll 3
Jibs_PC#3897749080218362880 roll 1
DICE 3 1 4 2 1 3 
Jibs_PC#3897749080218362880 move 9
Jibs_PC#3897749080218362880 attack 34 35
Jibs_PC#3897749080218362880 roll 3
Jibs_PC#3897749080218362880 roll 2
DICE 3 2 5 5 3 5 4 
Jibs_PC#3897749080218362880 roll 3
Jibs_PC#3897749080218362880 roll 2
DICE 3 2 4 2 1 2 1 
Jibs_PC#3897749080218362880 roll 3
Jibs_PC#3897749080218362880 roll 1
DICE 3 1 2 2 0 5 
Jibs_PC#3897749080218362880 roll 3
Jibs_PC#3897749080218362880 roll 1
DICE 3 1 5 5 0 2 
Jibs_PC#3897749080218362880 move 3
Jibs_PC#3897749080218362880 attack 23 25
Jibs_PC#3897749080218362880 roll 3
Jibs_PC#3897749080218362880 roll 1
DICE 3 1 5 2 0 5 
Jibs_PC#3897749080218362880 roll 3
Jibs_PC#3897749080218362880 roll 1
DICE 3 1 5 2 1 3 
Jibs_PC#3897749080218362880 move 5
Jibs_PC#3897749080218362880 attack 25 26
Jibs_PC#3897749080218362880 roll 3
Jibs_PC#3897749080218362880 roll 1
DICE 3 1 5 2 0 1 
Jibs_PC#3897749080218362880 move 3
Jibs_PC#3897749080218362880 endattack
Jibs_PC#3897749080218362880 movearmies 34 38 3
CARD 11
Jibs_PC#3897749080218362880 placearmies 20 1
Jibs_PC#3897749080218362880 placearmies 20 1
Jibs_PC#3897749080218362880 placearmies 20 3
Jibs_PC#3897749080218362880 attack 20 21
Jibs_PC#3897749080218362880 roll 3
Jibs_PC#3897749080218362880 roll 1
DICE 3 1 5 4 0 2 
Jibs_PC#3897749080218362880 move 7
Jibs_PC#3897749080218362880 attack 21 24
Jibs_PC#3897749080218362880 roll 3
Jibs_PC#3897749080218362880 roll 1
DICE 3 1 3 1 0 0 
Jibs_PC#3897749080218362880 move 6
Jibs_PC#3897749080218362880 attack 24 25
Jibs_PC#3897749080218362880 roll 3
Jibs_PC#3897749080218362880 roll 2
DICE 3 2 4 2 0 5 3 
Jibs_PC#3897749080218362880 roll 3
Jibs_PC#3897749080218362880 roll 2
DICE 3 2 5 4 1 2 1 
Jibs_PC#3897749080218362880 attack 25 23
Jibs_PC#3897749080218362880 roll 2
Jibs_PC#3897749080218362880 roll 1
DICE 2 1 2 1 0 
Jibs_PC#3897749080218362880 endattack
Jibs_PC#3897749080218362880 movearmies 23 21 1
CARD 41
Jibs_PC#3897749080218362880 placearmies 16 3
Jibs_PC#3897749080218362880 attack 16 18
Jibs_PC#3897749080218362880 roll 3
Jibs_PC#3897749080218362880 roll 1
DICE 3 1 4 1 0 5 
Jibs_PC#3897749080218362880 roll 3
Jibs_PC#3897749080218362880 roll 1
DICE 3 1 5 5 1 5 
Jibs_PC#3897749080218362880 roll 2
Jibs_PC#3897749080218362880 roll 1
DICE 2 1 4 0 2 
Jibs_PC#3897749080218362880 endattack
Jibs_PC#3897749080218362880 nomove
CARD 14
Jibs_PC#3897749080218362880 trade wildcard 42 15
Jibs_PC#3897749080218362880 placearmies 12 1
Jibs_PC#3897749080218362880 placearmies 9 14
Jibs_PC#3897749080218362880 attack 5 4
Jibs_PC#3897749080218362880 roll 3
Jibs_PC#3897749080218362880 roll 2
DICE 3 2 5 4 1 4 1 
Jibs_PC#3897749080218362880 move 7
Jibs_PC#3897749080218362880 attack 4 3
Jibs_PC#3897749080218362880 roll 3
Jibs_PC#3897749080218362880 roll 1
DICE 3 1 2 1 1 2 
Jibs_PC#3897749080218362880 roll 3
Jibs_PC#3897749080218362880 roll 1
DICE 3 1 5 1 0 3 
Jibs_PC#3897749080218362880 move 4
Jibs_PC#3897749080218362880 attack 9 7
Jibs_PC#3897749080218362880 roll 3
Jibs_PC#3897749080218362880 roll 1
DICE 3 1 5 3 1 1 
Jibs_PC#3897749080218362880 move 13
Jibs_PC#3897749080218362880 attack 3 2
Jibs_PC#3897749080218362880 roll 3
Jibs_PC#3897749080218362880 roll 1
DICE 3 1 3 0 0 2 
Jibs_PC#3897749080218362880 attack 2 1
Jibs_PC#3897749080218362880 roll 2
Jibs_PC#3897749080218362880 roll 1
DICE 2 1 4 3 1 
Jibs_PC#3897749080218362880 attack 7 8
Jibs_PC#3897749080218362880 roll 3
Jibs_PC#3897749080218362880 roll 1
DICE 3 1 3 1 1 5 
Jibs_PC#3897749080218362880 roll 3
Jibs_PC#3897749080218362880 roll 1
DICE 3 1 4 3 1 0 
Jibs_PC#3897749080218362880 move 10
Jibs_PC#3897749080218362880 attack 8 6
Jibs_PC#3897749080218362880 roll 3
Jibs_PC#3897749080218362880 roll 2
DICE 3 2 5 5 4 4 0 
Jibs_PC#3897749080218362880 roll 3
Jibs_PC#3897749080218362880 roll 2
DICE 3 2 5 1 0 5 5 
Jibs_PC#3897749080218362880 roll 3
Jibs_PC#3897749080218362880 roll 2
DICE 3 2 2 1 0 3 0 
Jibs_PC#3897749080218362880 roll 3
Jibs_PC#3897749080218362880 roll 2
DICE 3 2 5 4 2 2 2 
Jibs_PC#3897749080218362880 move 6
Jibs_PC#3897749080218362880 attack 6 14
Jibs_PC#3897749080218362880 roll 3
Jibs_PC#3897749080218362880 roll 1
DICE 3 1 4 4 1 2 
Jibs_PC#3897749080218362880 move 5
Jibs_PC#3897749080218362880 attack 14 17
Jibs_PC#3897749080218362880 roll 3
Jibs_PC#3897749080218362880 roll 1
DICE 3 1 4 3 1 3 
Jibs_PC#3897749080218362880 move 3
Jibs_PC#3897749080218362880 endattack
Jibs_PC#3897749080218362880 movearmies 17 14 2
CARD 30
Jibs_PC#3897749080218362880 placearmies 38 1
Jibs_PC#3897749080218362880 placearmies 26 2
Jibs_PC#3897749080218362880 placearmies 38 1
Jibs_PC#3897749080218362880 attack 38 1
Jibs_PC#3897749080218362880 roll 3
Jibs_PC#3897749080218362880 roll 2
DICE 3 2 2 1 0 5 1 
Jibs_PC#3897749080218362880 roll 3
Jibs_PC#3897749080218362880 roll 2
DICE 3 2 2 0 0 5 3 
Jibs_PC#3897749080218362880 retreat
Jibs_PC#3897749080218362880 attack 26 24
Jibs_PC#3897749080218362880 roll 3
Jibs_PC#3897749080218362880 roll 1
DICE 3 1 3 2 2 0 
Jibs_PC#3897749080218362880 move 4
Jibs_PC#3897749080218362880 attack 24 21
Jibs_PC#3897749080218362880 roll 3
Jibs_PC#3897749080218362880 roll 2
DICE 3 2 5 3 1 3 0 
Jibs_PC#3897749080218362880 attack 21 23
Jibs_PC#3897749080218362880 roll 2
Jibs_PC#3897749080218362880 roll 1
DICE 2 1 4 0 2 
Jibs_PC#3897749080218362880 endattack
Jibs_PC#3897749080218362880 movearmies 35 38 2
CARD 22
Jibs_PC#3897749080218362880 trade 5 26 41
Jibs_PC#3897749080218362880 placearmies 33 1
Jibs_PC#3897749080218362880 placearmies 19 14
Jibs_PC#3897749080218362880 attack 19 17
Jibs_PC#3897749080218362880 roll 3
Jibs_PC#3897749080218362880 roll 1
DICE 3 1 3 1 0 1 
Jibs_PC#3897749080218362880 move 14
Jibs_PC#3897749080218362880 attack 17 14
Jibs_PC#3897749080218362880 roll 3
Jibs_PC#3897749080218362880 roll 2
DICE 3 2 3 3 2 5 1 
Jibs_PC#3897749080218362880 roll 3
Jibs_PC#3897749080218362880 roll 2
DICE 3 2 5 3 2 5 0 
Jibs_PC#3897749080218362880 roll 3
Jibs_PC#3897749080218362880 roll 2
DICE 3 2 5 4 0 4 3 
Jibs_PC#3897749080218362880 move 11
Jibs_PC#3897749080218362880 attack 14 6
Jibs_PC#3897749080218362880 roll 3
Jibs_PC#3897749080218362880 roll 1
DICE 3 1 4 4 2 5 
Jibs_PC#3897749080218362880 roll 3
Jibs_PC#3897749080218362880 roll 1
DICE 3 1 4 2 1 5 
Jibs_PC#3897749080218362880 roll 3
Jibs_PC#3897749080218362880 roll 1
DICE 3 1 3 3 3 1 
Jibs_PC#3897749080218362880 move 8
Jibs_PC#3897749080218362880 attack 6 8
Jibs_PC#3897749080218362880 roll 3
Jibs_PC#3897749080218362880 roll 1
DICE 3 1 1 1 1 0 
Jibs_PC#3897749080218362880 move 7
Jibs_PC#3897749080218362880 attack 8 9
Jibs_PC#3897749080218362880 roll 3
Jibs_PC#3897749080218362880 roll 2
DICE 3 2 5 2 2 4 4 
Jibs_PC#3897749080218362880 roll 3
Jibs_PC#3897749080218362880 roll 1
DICE 3 1 2 2 0 4 
Jibs_PC#3897749080218362880 roll 3
Jibs_PC#3897749080218362880 roll 1
DICE 3 1 5 2 0 5 
Jibs_PC#3897749080218362880 roll 3
Jibs_PC#3897749080218362880 roll 1
DICE 3 1 4 4 2 4 
Jibs_PC#3897749080218362880 roll 2
Jibs_PC#3897749080218362880 roll 1
DICE 2 1 3 0 0 
Jibs_PC#3897749080218362880 endattack
Jibs_PC#3897749080218362880 movearmies 41 39 2
CARD 16
Jibs_PC#3897749080218362880 trade 7 25 14
Jibs_PC#3897749080218362880 placearmies 18 2
Jibs_PC#3897749080218362880 placearmies 18 11
Jibs_PC#3897749080218362880 attack 18 20
Jibs_PC#3897749080218362880 roll 3
Jibs_PC#3897749080218362880 roll 1
DICE 3 1 5 0 0 2 
Jibs_PC#3897749080218362880 move 14
Jibs_PC#3897749080218362880 attack 20 19
Jibs_PC#3897749080218362880 roll 3
Jibs_PC#3897749080218362880 roll 1
DICE 3 1 5 3 1 4 
Jibs_PC#3897749080218362880 move 13
Jibs_PC#3897749080218362880 attack 19 17
Jibs_PC#3897749080218362880 roll 3
Jibs_PC#3897749080218362880 roll 1
DICE 3 1 5 3 0 4 
Jibs_PC#3897749080218362880 move 12
Jibs_PC#3897749080218362880 attack 17 14
Jibs_PC#3897749080218362880 roll 3
Jibs_PC#3897749080218362880 roll 1
DICE 3 1 4 2 1 1 
Jibs_PC#3897749080218362880 move 11
Jibs_PC#3897749080218362880 endattack
Jibs_PC#3897749080218362880 nomove
CARD 12
Jibs_PC#3897749080218362880 trade 24 21 34
Jibs_PC#3897749080218362880 placearmies 7 2
Jibs_PC#3897749080218362880 placearmies 5 1
Jibs_PC#3897749080218362880 placearmies 7 4
Jibs_PC#3897749080218362880 placearmies 7 3
Jibs_PC#3897749080218362880 placearmies 12 5
Jibs_PC#3897749080218362880 attack 7 9
Jibs_PC#3897749080218362880 roll 3
Jibs_PC#3897749080218362880 roll 2
DICE 3 2 4 3 2 3 0 
Jibs_PC#3897749080218362880 move 9
Jibs_PC#3897749080218362880 attack 12 21
Jibs_PC#3897749080218362880 roll 3
Jibs_PC#3897749080218362880 roll 1
DICE 3 1 5 2 1 5 
Jibs_PC#3897749080218362880 roll 3
Jibs_PC#3897749080218362880 roll 1
DICE 3 1 5 3 2 2 
Jibs_PC#3897749080218362880 move 5
Jibs_PC#3897749080218362880 attack 9 8
Jibs_PC#3897749080218362880 roll 3
Jibs_PC#3897749080218362880 roll 1
DICE 3 1 4 3 2 4 
Jibs_PC#3897749080218362880 roll 3
Jibs_PC#3897749080218362880 roll 1
DICE 3 1 3 3 1 5 
Jibs_PC#3897749080218362880 roll 3
Jibs_PC#3897749080218362880 roll 1
DICE 3 1 5 1 0 3 
Jibs_PC#3897749080218362880 move 6
Jibs_PC#3897749080218362880 attack 8 6
Jibs_PC#3897749080218362880 roll 3
Jibs_PC#3897749080218362880 roll 1
DICE 3 1 5 5 1 4 
Jibs_PC#3897749080218362880 move 5
Jibs_PC#3897749080218362880 attack 21 19
Jibs_PC#3897749080218362880 roll 3
Jibs_PC#3897749080218362880 roll 1
DICE 3 1 5 2 1 4 
Jibs_PC#3897749080218362880 move 3
Jibs_PC#3897749080218362880 attack 6 14
Jibs_PC#3897749080218362880 roll 3
Jibs_PC#3897749080218362880 roll 2
DICE 3 2 5 3 2 0 0 
Jibs_PC#3897749080218362880 roll 3
Jibs_PC#3897749080218362880 roll 2
DICE 3 2 4 3 2 3 0 
Jibs_PC#3897749080218362880 roll 3
Jibs_PC#3897749080218362880 roll 2
DICE 3 2 5 0 0 4 4 
Jibs_PC#3897749080218362880 roll 3
Jibs_PC#3897749080218362880 roll 2
DICE 3 2 5 1 1 1 1 
Jibs_PC#3897749080218362880 retreat
Jibs_PC#3897749080218362880 endattack
Jibs_PC#3897749080218362880 movearmies 19 21 2
CARD 39
Jibs_PC#3897749080218362880 placearmies 38 1
Jibs_PC#3897749080218362880 placearmies 23 3
Jibs_PC#3897749080218362880 placearmies 38 1
Jibs_PC#3897749080218362880 attack 38 1
Jibs_PC#3897749080218362880 roll 3
Jibs_PC#3897749080218362880 roll 2
DICE 3 2 5 4 1 4 2 
Jibs_PC#3897749080218362880 move 6
Jibs_PC#3897749080218362880 attack 23 25
Jibs_PC#3897749080218362880 roll 3
Jibs_PC#3897749080218362880 roll 1
DICE 3 1 3 0 0 5 
Jibs_PC#3897749080218362880 roll 3
Jibs_PC#3897749080218362880 roll 1
DICE 3 1 4 4 1 5 
Jibs_PC#3897749080218362880 roll 2
Jibs_PC#3897749080218362880 roll 1
DICE 2 1 5 4 5 
Jibs_PC#3897749080218362880 retreat
Jibs_PC#3897749080218362880 attack 1 3
Jibs_PC#3897749080218362880 roll 3
Jibs_PC#3897749080218362880 roll 1
DICE 3 1 5 3 1 0 
Jibs_PC#3897749080218362880 move 5
Jibs_PC#3897749080218362880 attack 3 2
Jibs_PC#3897749080218362880 roll 3
Jibs_PC#3897749080218362880 roll 1
DICE 3 1 4 2 2 2 
Jibs_PC#3897749080218362880 move 4
Jibs_PC#3897749080218362880 endattack
Jibs_PC#3897749080218362880 nomove
CARD wildcard
Jibs_PC#3897749080218362880 placearmies 33 4
Jibs_PC#3897749080218362880 placearmies 25 1
Jibs_PC#3897749080218362880 attack 33 32
Jibs_PC#3897749080218362880 roll 3
Jibs_PC#3897749080218362880 roll 1
DICE 3 1 4 3 2 4 
Jibs_PC#3897749080218362880 roll 3
Jibs_PC#3897749080218362880 roll 1
DICE 3 1 5 3 2 4 
Jibs_PC#3897749080218362880 move 5
Jibs_PC#3897749080218362880 endattack
Jibs_PC#3897749080218362880 movearmies 32 33 4
CARD 35
Jibs_PC#3897749080218362880 placearmies 14 2
Jibs_PC#3897749080218362880 placearmies 14 1
Jibs_PC#3897749080218362880 attack 14 6
Jibs_PC#3897749080218362880 roll 3
Jibs_PC#3897749080218362880 roll 2
DICE 3 2 4 2 0 4 1 
Jibs_PC#3897749080218362880 roll 3
Jibs_PC#3897749080218362880 roll 2
DICE 3 2 1 0 0 4 0 
Jibs_PC#3897749080218362880 roll 3
Jibs_PC#3897749080218362880 roll 2
DICE 3 2 4 1 0 3 0 
Jibs_PC#3897749080218362880 move 4
Jibs_PC#3897749080218362880 endattack
Jibs_PC#3897749080218362880 movearmies 6 14 3
CARD 31
Jibs_PC#3897749080218362880 placearmies 8 1
Jibs_PC#3897749080218362880 placearmies 7 2
Jibs_PC#3897749080218362880 placearmies 7 1
Jibs_PC#3897749080218362880 placearmies 21 1
Jibs_PC#3897749080218362880 attack 7 6
Jibs_PC#3897749080218362880 roll 3
Jibs_PC#3897749080218362880 roll 1
DICE 3 1 5 2 1 5 
Jibs_PC#3897749080218362880 roll 3
Jibs_PC#3897749080218362880 roll 1
DICE 3 1 5 3 2 1 
Jibs_PC#3897749080218362880 attack 21 24
Jibs_PC#3897749080218362880 roll 3
Jibs_PC#3897749080218362880 roll 1
DICE 3 1 5 2 1 4 
Jibs_PC#3897749080218362880 move 3
Jibs_PC#3897749080218362880 endattack
Jibs_PC#3897749080218362880 movearmies 24 21 2
CARD 32
Jibs_PC#3897749080218362880 trade 1 20 wildcard
Jibs_PC#3897749080218362880 placearmies 2 14
Jibs_PC#3897749080218362880 placearmies 2 1
Jibs_PC#3897749080218362880 attack 2 7
Jibs_PC#3897749080218362880 roll 3
Jibs_PC#3897749080218362880 roll 1
DICE 3 1 5 3 3 2 
Jibs_PC#3897749080218362880 move 18
Jibs_PC#3897749080218362880 attack 7 4
Jibs_PC#3897749080218362880 roll 3
Jibs_PC#3897749080218362880 roll 2
DICE 3 2 5 3 0 5 0 
Jibs_PC#3897749080218362880 roll 3
Jibs_PC#3897749080218362880 roll 1
DICE 3 1 5 3 3 2 
Jibs_PC#3897749080218362880 move 16
Jibs_PC#3897749080218362880 attack 4 5
Jibs_PC#3897749080218362880 roll 3
Jibs_PC#3897749080218362880 roll 2
DICE 3 2 4 2 0 3 3 
Jibs_PC#3897749080218362880 roll 3
Jibs_PC#3897749080218362880 roll 1
DICE 3 1 3 3 1 0 
Jibs_PC#3897749080218362880 move 14
Jibs_PC#3897749080218362880 attack 5 10
Jibs_PC#3897749080218362880 roll 3
Jibs_PC#3897749080218362880 roll 1
DICE 3 1 5 5 4 0 
Jibs_PC#3897749080218362880 move 13
Jibs_PC#3897749080218362880 attack 10 12
Jibs_PC#3897749080218362880 roll 3
Jibs_PC#3897749080218362880 roll 1
DICE 3 1 5 5 4 2 
Jibs_PC#3897749080218362880 move 12
Jibs_PC#3897749080218362880 attack 12 13
Jibs_PC#3897749080218362880 roll 3
Jibs_PC#3897749080218362880 roll 1
DICE 3 1 5 5 0 1 
Jibs_PC#3897749080218362880 move 5
Jibs_PC#3897749080218362880 attack 12 11
Jibs_PC#3897749080218362880 roll 3
Jibs_PC#3897749080218362880 roll 1
DICE 3 1 5 4 2 5 
Jibs_PC#3897749080218362880 roll 3
Jibs_PC#3897749080218362880 roll 1
DICE 3 1 4 4 1 4 
Jibs_PC#3897749080218362880 roll 3
Jibs_PC#3897749080218362880 roll 1
DICE 3 1 5 4 1 1 
Jibs_PC#3897749080218362880 move 3
Jibs_PC#3897749080218362880 endattack
Jibs_PC#3897749080218362880 movearmies 13 12 4
CARD 29
Jibs_PC#3897749080218362880 trade 17 16 35
Jibs_PC#3897749080218362880 placearmies 33 11
Jibs_PC#3897749080218362880 placearmies 33 3
Jibs_PC#3897749080218362880 placearmies 33 1
Jibs_PC#3897749080218362880 attack 33 29
Jibs_PC#3897749080218362880 roll 3
Jibs_PC#3897749080218362880 roll 1
DICE 3 1 4 1 0 2 
Jibs_PC#3897749080218362880 move 20
Jibs_PC#3897749080218362880 attack 29 36
Jibs_PC#3897749080218362880 roll 3
Jibs_PC#3897749080218362880 roll 1
DICE 3 1 5 1 1 4 
Jibs_PC#3897749080218362880 move 18
Jibs_PC#3897749080218362880 attack 36 38
Jibs_PC#3897749080218362880 roll 3
Jibs_PC#3897749080218362880 roll 1
DICE 3 1 5 5 1 5 
Jibs_PC#3897749080218362880 roll 3
Jibs_PC#3897749080218362880 roll 1
DICE 3 1 2 0 0 2 
Jibs_PC#3897749080218362880 roll 3
Jibs_PC#3897749080218362880 roll 1
DICE 3 1 2 2 0 5 
Jibs_PC#3897749080218362880 roll 3
Jibs_PC#3897749080218362880 roll 1
DICE 3 1 1 0 0 1 
Jibs_PC#3897749080218362880 roll 3
Jibs_PC#3897749080218362880 roll 1
DICE 3 1 4 1 1 5 
Jibs_PC#3897749080218362880 roll 3
Jibs_PC#3897749080218362880 roll 1
DICE 3 1 4 2 2 0 
Jibs_PC#3897749080218362880 move 12
Jibs_PC#3897749080218362880 attack 38 37
Jibs_PC#3897749080218362880 roll 3
Jibs_PC#3897749080218362880 roll 1
DICE 3 1 4 2 2 3 
Jibs_PC#3897749080218362880 move 3
Jibs_PC#3897749080218362880 attack 38 35
Jibs_PC#3897749080218362880 roll 3
Jibs_PC#3897749080218362880 roll 1
DICE 3 1 5 4 1 4 
Jibs_PC#3897749080218362880 move 8
Jibs_PC#3897749080218362880 attack 35 34
Jibs_PC#3897749080218362880 roll 3
Jibs_PC#3897749080218362880 roll 1
DICE 3 1 5 4 0 3 
Jibs_PC#3897749080218362880 move 7
Jibs_PC#3897749080218362880 attack 34 27
Jibs_PC#3897749080218362880 roll 3
Jibs_PC#3897749080218362880 roll 1
DICE 3 1 5 4 2 0 
Jibs_PC#3897749080218362880 move 6
Jibs_PC#3897749080218362880 attack 27 28
Jibs_PC#3897749080218362880 roll 3
Jibs_PC#3897749080218362880 roll 1
DICE 3 1 5 4 2 1 
Jibs_PC#3897749080218362880 move 5
Jibs_PC#3897749080218362880 attack 28 30
Jibs_PC#3897749080218362880 roll 3
Jibs_PC#3897749080218362880 roll 1
DICE 3 1 4 3 0 0 
Jibs_PC#3897749080218362880 move 3
Jibs_PC#3897749080218362880 attack 30 31
Jibs_PC#3897749080218362880 roll 2
Jibs_PC#3897749080218362880 roll 1
DICE 2 1 2 0 5 
Jibs_PC#3897749080218362880 retreat
Jibs_PC#3897749080218362880 endattack
Jibs_PC#3897749080218362880 movearmies 37 38 2
CARD 13
Jibs_PC#3897749080218362880 placearmies 18 3
Jibs_PC#3897749080218362880 attack 18 19
Jibs_PC#3897749080218362880 roll 3
Jibs_PC#3897749080218362880 roll 1
DICE 3 1 4 2 0 5 
Jibs_PC#3897749080218362880 roll 2
Jibs_PC#3897749080218362880 roll 1
DICE 2 1 5 3 0 
Jibs_PC#3897749080218362880 endattack
Jibs_PC#3897749080218362880 nomove
CARD 27
Jibs_PC#3897749080218362880 placearmies 6 2
Jibs_PC#3897749080218362880 placearmies 21 1
Jibs_PC#3897749080218362880 attack 21 20
Jibs_PC#3897749080218362880 roll 3
Jibs_PC#3897749080218362880 roll 1
DICE 3 1 4 4 0 3 
Jibs_PC#3897749080218362880 move 4
Jibs_PC#3897749080218362880 endattack
Jibs_PC#3897749080218362880 nomove
CARD 23
Jibs_PC#3897749080218362880 placearmies 5 1
Jibs_PC#3897749080218362880 placearmies 5 3
Jibs_PC#3897749080218362880 placearmies 12 2
Jibs_PC#3897749080218362880 attack 5 9
Jibs_PC#3897749080218362880 roll 3
Jibs_PC#3897749080218362880 roll 1
DICE 3 1 5 3 0 1 
Jibs_PC#3897749080218362880 move 4
Jibs_PC#3897749080218362880 attack 9 8
Jibs_PC#3897749080218362880 roll 3
Jibs_PC#3897749080218362880 roll 2
DICE 3 2 1 1 1 5 2 
Jibs_PC#3897749080218362880 retreat
Jibs_PC#3897749080218362880 attack 12 21
Jibs_PC#3897749080218362880 roll 3
Jibs_PC#3897749080218362880 roll 1
DICE 3 1 5 2 0 2 
Jibs_PC#3897749080218362880 move 7
Jibs_PC#3897749080218362880 attack 21 24
Jibs_PC#3897749080218362880 roll 3
Jibs_PC#3897749080218362880 roll 1
DICE 3 1 4 3 0 0 
Jibs_PC#3897749080218362880 move 5
Jibs_PC#3897749080218362880 attack 24 25
Jibs_PC#3897749080218362880 roll 3
Jibs_PC#3897749080218362880 roll 2
DICE 3 2 5 1 0 5 1 
Jibs_PC#3897749080218362880 retreat
Jibs_PC#3897749080218362880 endattack
Jibs_PC#3897749080218362880 movearmies 23 21 1
CARD 37
Jibs_PC#3897749080218362880 placearmies 30 3
Jibs_PC#3897749080218362880 placearmies 32 1
Jibs_PC#3897749080218362880 placearmies 25 3
Jibs_PC#3897749080218362880 attack 30 31
Jibs_PC#3897749080218362880 roll 3
Jibs_PC#3897749080218362880 roll 1
DICE 3 1 5 2 2 0 
Jibs_PC#3897749080218362880 move 3
Jibs_PC#3897749080218362880 attack 25 26
Jibs_PC#3897749080218362880 roll 3
Jibs_PC#3897749080218362880 roll 1
DICE 3 1 5 1 1 1 
Jibs_PC#3897749080218362880 move 4
Jibs_PC#3897749080218362880 endattack
Jibs_PC#3897749080218362880 movearmies 32 30 1
CARD 36
Jibs_PC#3897749080218362880 trade 12 31 27
Jibs_PC#3897749080218362880 placearmies 16 4
Jibs_PC#3897749080218362880 placearmies 16 4
Jibs_PC#3897749080218362880 placearmies 16 3
Jibs_PC#3897749080218362880 attack 16 28
Jibs_PC#3897749080218362880 roll 3
Jibs_PC#3897749080218362880 roll 2
DICE 3 2 4 2 0 5 2 
Jibs_PC#3897749080218362880 roll 3
Jibs_PC#3897749080218362880 roll 2
DICE 3 2 4 3 0 5 2 
Jibs_PC#3897749080218362880 roll 3
Jibs_PC#3897749080218362880 roll 1
DICE 3 1 5 5 1 5 
Jibs_PC#3897749080218362880 roll 3
Jibs_PC#3897749080218362880 roll 1
DICE 3 1 2 2 0 3 
Jibs_PC#3897749080218362880 roll 3
Jibs_PC#3897749080218362880 roll 1
DICE 3 1 5 4 3 1 
Jibs_PC#3897749080218362880 move 6
Jibs_PC#3897749080218362880 endattack
Jibs_PC#3897749080218362880 nomove
CARD 6
Jibs_PC#3897749080218362880 placearmies 6 3
Jibs_PC#3897749080218362880 attack 6 2
Jibs_PC#3897749080218362880 roll 3
Jibs_PC#3897749080218362880 roll 1
DICE 3 1 5 3 2 1 
Jibs_PC#3897749080218362880 move 7
Jibs_PC#3897749080218362880 attack 2 1
Jibs_PC#3897749080218362880 roll 3
Jibs_PC#3897749080218362880 roll 2
DICE 3 2 4 2 0 5 4 
Jibs_PC#3897749080218362880 roll 3
Jibs_PC#3897749080218362880 roll 2
DICE 3 2 3 2 0 1 1 
Jibs_PC#3897749080218362880 retreat
Jibs_PC#3897749080218362880 endattack
Jibs_PC#3897749080218362880 nomove
CARD 40
Jibs_PC#3897749080218362880 placearmies 24 1
Jibs_PC#3897749080218362880 placearmies 7 1
Jibs_PC#3897749080218362880 placearmies 3 1
Jibs_PC#3897749080218362880 placearmies 21 1
Jibs_PC#3897749080218362880 placearmies 7 2
Jibs_PC#3897749080218362880 attack 24 25
Jibs_PC#3897749080218362880 roll 3
Jibs_PC#3897749080218362880 roll 1
DICE 3 1 4 0 0 2 
Jibs_PC#3897749080218362880 attack 7 8
Jibs_PC#3897749080218362880 roll 3
Jibs_PC#3897749080218362880 roll 2
DICE 3 2 5 5 0 5 4 
Jibs_PC#3897749080218362880 roll 2
Jibs_PC#3897749080218362880 roll 1
DICE 2 1 3 0 4 
Jibs_PC#3897749080218362880 retreat
Jibs_PC#3897749080218362880 endattack
Jibs_PC#3897749080218362880 movearmies 11 10 1
CARD 3
Jibs_PC#3897749080218362880 placearmies 29 4
Jibs_PC#3897749080218362880 placearmies 30 3
Jibs_PC#3897749080218362880 attack 31 22
Jibs_PC#3897749080218362880 roll 2
Jibs_PC#3897749080218362880 roll 1
DICE 2 1 4 4 5 
Jibs_PC#3897749080218362880 retreat
Jibs_PC#3897749080218362880 attack 26 24
Jibs_PC#3897749080218362880 roll 3
Jibs_PC#3897749080218362880 roll 1
DICE 3 1 5 3 1 1 
Jibs_PC#3897749080218362880 attack 30 16
Jibs_PC#3897749080218362880 roll 3
Jibs_PC#3897749080218362880 roll 1
DICE 3 1 4 3 0 0 
Jibs_PC#3897749080218362880 move 4
Jibs_PC#3897749080218362880 attack 29 28
Jibs_PC#3897749080218362880 roll 3
Jibs_PC#3897749080218362880 roll 2
DICE 3 2 5 2 1 2 1 
Jibs_PC#3897749080218362880 roll 3
Jibs_PC#3897749080218362880 roll 2
DICE 3 2 3 3 1 4 3 
Jibs_PC#3897749080218362880 retreat
Jibs_PC#3897749080218362880 endattack
Jibs_PC#3897749080218362880 movearmies 16 30 3
CARD 9
Jibs_PC#3897749080218362880 placearmies 28 1
Jibs_PC#3897749080218362880 placearmies 14 1
Jibs_PC#3897749080218362880 placearmies 14 1
Jibs_PC#3897749080218362880 attack 28 16
Jibs_PC#3897749080218362880 roll 3
Jibs_PC#3897749080218362880 roll 1
DICE 3 1 4 2 2 3 
Jibs_PC#3897749080218362880 move 4
Jibs_PC#3897749080218362880 endattack
Jibs_PC#3897749080218362880 nomove
CARD 2
Jibs_PC#3897749080218362880 trade 39 23 40
Jibs_PC#3897749080218362880 placearmies 2 9
Jibs_PC#3897749080218362880 attack 2 7
Jibs_PC#3897749080218362880 roll 3
Jibs_PC#3897749080218362880 roll 2
DICE 3 2 5 2 1 4 1 
Jibs_PC#3897749080218362880 move 13
Jibs_PC#3897749080218362880 attack 7 3
Jibs_PC#3897749080218362880 roll 3
Jibs_PC#3897749080218362880 roll 2
DICE 3 2 5 2 1 0 0 
Jibs_PC#3897749080218362880 move 12
Jibs_PC#3897749080218362880 attack 3 1
Jibs_PC#3897749080218362880 roll 3
Jibs_PC#3897749080218362880 roll 1
DICE 3 1 5 4 1 4 
Jibs_PC#3897749080218362880 move 11
Jibs_PC#3897749080218362880 attack 20 31
Jibs_PC#3897749080218362880 roll 3
Jibs_PC#3897749080218362880 roll 2
DICE 3 2 5 5 0 0 0 
Jibs_PC#3897749080218362880 attack 31 32
Jibs_PC#3897749080218362880 roll 2
Jibs_PC#3897749080218362880 roll 1
DICE 2 1 5 4 1 
Jibs_PC#3897749080218362880 attack 1 38
Jibs_PC#3897749080218362880 roll 3
Jibs_PC#3897749080218362880 roll 2
DICE 3 2 2 2 1 5 1 
Jibs_PC#3897749080218362880 roll 3
Jibs_PC#3897749080218362880 roll 2
DICE 3 2 5 2 0 2 1 
Jibs_PC#3897749080218362880 move 9
Jibs_PC#3897749080218362880 attack 38 34
Jibs_PC#3897749080218362880 roll 3
Jibs_PC#3897749080218362880 roll 1
DICE 3 1 4 3 1 2 
Jibs_PC#3897749080218362880 move 8
Jibs_PC#3897749080218362880 attack 34 35
Jibs_PC#3897749080218362880 roll 3
Jibs_PC#3897749080218362880 roll 1
DICE 3 1 3 3 0 3 
Jibs_PC#3897749080218362880 roll 3
Jibs_PC#3897749080218362880 roll 1
DICE 3 1 3 0 0 5 
Jibs_PC#3897749080218362880 retreat
Jibs_PC#3897749080218362880 attack 34 27
Jibs_PC#3897749080218362880 roll 3
Jibs_PC#3897749080218362880 roll 1
DICE 3 1 2 2 0 4 
Jibs_PC#3897749080218362880 roll 3
Jibs_PC#3897749080218362880 roll 1
DICE 3 1 5 3 1 1 
Jibs_PC#3897749080218362880 move 4
Jibs_PC#3897749080218362880 attack 27 28
Jibs_PC#3897749080218362880 roll 3
Jibs_PC#3897749080218362880 roll 1
DICE 3 1 5 4 0 5 
Jibs_PC#3897749080218362880 roll 2
Jibs_PC#3897749080218362880 roll 1
DICE 2 1 5 1 2 
Jibs_PC#3897749080218362880 endattack
Jibs_PC#3897749080218362880 nomove
CARD 33
Jibs_PC#3897749080218362880 trade 22 37 3
Jibs_PC#3897749080218362880 placearmies 4 1
Jibs_PC#3897749080218362880 placearmies 25 8
Jibs_PC#3897749080218362880 attack 25 26
Jibs_PC#3897749080218362880 roll 3
Jibs_PC#3897749080218362880 roll 1
DICE 3 1 4 3 1 1 
Jibs_PC#3897749080218362880 move 8
Jibs_PC#3897749080218362880 attack 26 24
Jibs_PC#3897749080218362880 roll 3
Jibs_PC#3897749080218362880 roll 2
DICE 3 2 4 2 0 4 4 
Jibs_PC#3897749080218362880 roll 3
Jibs_PC#3897749080218362880 roll 2
DICE 3 2 5 2 0 5 0 
Jibs_PC#3897749080218362880 retreat
Jibs_PC#3897749080218362880 attack 21 24
Jibs_PC#3897749080218362880 roll 3
Jibs_PC#3897749080218362880 roll 2
DICE 3 2 3 3 1 4 3 
Jibs_PC#3897749080218362880 retreat
Jibs_PC#3897749080218362880 attack 26 24
Jibs_PC#3897749080218362880 roll 3
Jibs_PC#3897749080218362880 roll 2
DICE 3 2 5 0 0 4 0 
Jibs_PC#3897749080218362880 roll 3
Jibs_PC#3897749080218362880 roll 1
DICE 3 1 5 3 0 5 
Jibs_PC#3897749080218362880 retreat
Jibs_PC#3897749080218362880 attack 22 24
Jibs_PC#3897749080218362880 roll 2
Jibs_PC#3897749080218362880 roll 1
DICE 2 1 4 4 2 
Jibs_PC#3897749080218362880 endattack
Jibs_PC#3897749080218362880 movearmies 24 21 1
CARD 10
Jibs_PC#3897749080218362880 placearmies 30 3
Jibs_PC#3897749080218362880 placearmies 33 1
Jibs_PC#3897749080218362880 placearmies 30 1
Jibs_PC#3897749080218362880 attack 30 31
Jibs_PC#3897749080218362880 roll 3
Jibs_PC#3897749080218362880 roll 1
DICE 3 1 4 3 3 5 
Jibs_PC#3897749080218362880 roll 3
Jibs_PC#3897749080218362880 roll 1
DICE 3 1 4 2 2 3 
Jibs_PC#3897749080218362880 move 7
Jibs_PC#3897749080218362880 attack 31 22
Jibs_PC#3897749080218362880 roll 3
Jibs_PC#3897749080218362880 roll 1
DICE 3 1 5 3 1 3 
Jibs_PC#3897749080218362880 move 6
Jibs_PC#3897749080218362880 attack 29 32
Jibs_PC#3897749080218362880 roll 3
Jibs_PC#3897749080218362880 roll 2
DICE 3 2 3 3 1 3 3 
Jibs_PC#3897749080218362880 retreat
Jibs_PC#3897749080218362880 attack 22 24
Jibs_PC#3897749080218362880 roll 3
Jibs_PC#3897749080218362880 roll 1
DICE 3 1 4 2 2 3 
Jibs_PC#3897749080218362880 move 5
Jibs_PC#3897749080218362880 attack 24 23
Jibs_PC#3897749080218362880 roll 3
Jibs_PC#3897749080218362880 roll 1
DICE 3 1 5 2 1 5 
Jibs_PC#3897749080218362880 roll 3
Jibs_PC#3897749080218362880 roll 1
DICE 3 1 5 5 4 5 
Jibs_PC#3897749080218362880 retreat
Jibs_PC#3897749080218362880 endattack
Jibs_PC#3897749080218362880 movearmies 29 33 1
CARD 19
Jibs_PC#3897749080218362880 placearmies 16 1
Jibs_PC#3897749080218362880 placearmies 14 2
Jibs_PC#3897749080218362880 attack 16 20
Jibs_PC#3897749080218362880 roll 3
Jibs_PC#3897749080218362880 roll 1
DICE 3 1 5 4 0 4 
Jibs_PC#3897749080218362880 move 3
Jibs_PC#3897749080218362880 endattack
Jibs_PC#3897749080218362880 nomove
CARD 28
Jibs_PC#3897749080218362880 placearmies 32 2
Jibs_PC#3897749080218362880 placearmies 32 1
Jibs_PC#3897749080218362880 attack 32 33
Jibs_PC#3897749080218362880 roll 3
Jibs_PC#3897749080218362880 roll 2
DICE 3 2 5 1 0 3 1 
Jibs_PC#3897749080218362880 roll 3
Jibs_PC#3897749080218362880 roll 2
DICE 3 2 1 0 0 4 1 
Jibs_PC#3897749080218362880 retreat
Jibs_PC#3897749080218362880 endattack
Jibs_PC#3897749080218362880 nomove
CARD 
Jibs_PC#3897749080218362880 placearmies 9 5
Jibs_PC#3897749080218362880 attack 9 7
Jibs_PC#3897749080218362880 roll 3
Jibs_PC#3897749080218362880 roll 1
DICE 3 1 4 1 1 2 
Jibs_PC#3897749080218362880 move 5
Jibs_PC#3897749080218362880 attack 7 8
Jibs_PC#3897749080218362880 roll 3
Jibs_PC#3897749080218362880 roll 1
DICE 3 1 5 4 0 2 
Jibs_PC#3897749080218362880 move 3
Jibs_PC#3897749080218362880 attack 8 6
Jibs_PC#3897749080218362880 roll 2
Jibs_PC#3897749080218362880 roll 1
DICE 2 1 1 0 3 
Jibs_PC#3897749080218362880 retreat
Jibs_PC#3897749080218362880 attack 21 22
Jibs_PC#3897749080218362880 roll 2
Jibs_PC#3897749080218362880 roll 1
DICE 2 1 3 1 2 
Jibs_PC#3897749080218362880 endattack
Jibs_PC#3897749080218362880 movearmies 22 21 1
CARD 22
Jibs_PC#3897749080218362880 placearmies 24 1
Jibs_PC#3897749080218362880 placearmies 36 4
Jibs_PC#3897749080218362880 placearmies 24 1
Jibs_PC#3897749080218362880 attack 36 38
Jibs_PC#3897749080218362880 roll 3
Jibs_PC#3897749080218362880 roll 1
DICE 3 1 5 4 0 3 
Jibs_PC#3897749080218362880 move 4
Jibs_PC#3897749080218362880 attack 38 34
Jibs_PC#3897749080218362880 roll 3
Jibs_PC#3897749080218362880 roll 1
DICE 3 1 3 3 1 3 
Jibs_PC#3897749080218362880 roll 2
Jibs_PC#3897749080218362880 roll 1
DICE 2 1 3 2 4 
Jibs_PC#3897749080218362880 retreat
Jibs_PC#3897749080218362880 endattack
Jibs_PC#3897749080218362880 movearmies 39 33 2
CARD 40
Jibs_PC#3897749080218362880 trade 18 6 28
Jibs_PC#3897749080218362880 placearmies 14 14
Jibs_PC#3897749080218362880 attack 14 6
Jibs_PC#3897749080218362880 roll 3
Jibs_PC#3897749080218362880 roll 1
DICE 3 1 4 0 0 1 
Jibs_PC#3897749080218362880 move 21
Jibs_PC#3897749080218362880 attack 6 8
Jibs_PC#3897749080218362880 roll 3
Jibs_PC#3897749080218362880 roll 2
DICE 3 2 5 5 1 1 0 
Jibs_PC#3897749080218362880 move 19
Jibs_PC#3897749080218362880 attack 8 7
Jibs_PC#3897749080218362880 roll 3
Jibs_PC#3897749080218362880 roll 2
DICE 3 2 2 1 0 4 2 
Jibs_PC#3897749080218362880 roll 3
Jibs_PC#3897749080218362880 roll 2
DICE 3 2 5 2 2 1 0 
Jibs_PC#3897749080218362880 move 16
Jibs_PC#3897749080218362880 attack 7 9
Jibs_PC#3897749080218362880 roll 3
Jibs_PC#3897749080218362880 roll 2
DICE 3 2 2 2 1 0 0 
Jibs_PC#3897749080218362880 move 15
Jibs_PC#3897749080218362880 attack 9 5
Jibs_PC#3897749080218362880 roll 3
Jibs_PC#3897749080218362880 roll 1
DICE 3 1 3 2 2 3 
Jibs_PC#3897749080218362880 roll 3
Jibs_PC#3897749080218362880 roll 1
DICE 3 1 5 3 0 0 
Jibs_PC#3897749080218362880 move 13
Jibs_PC#3897749080218362880 attack 5 10
Jibs_PC#3897749080218362880 roll 3
Jibs_PC#3897749080218362880 roll 2
DICE 3 2 5 1 1 5 2 
Jibs_PC#3897749080218362880 roll 3
Jibs_PC#3897749080218362880 roll 2
DICE 3 2 5 4 0 5 3 
Jibs_PC#3897749080218362880 retreat
Jibs_PC#3897749080218362880 attack 5 4
Jibs_PC#3897749080218362880 roll 3
Jibs_PC#3897749080218362880 roll 2
DICE 3 2 4 3 3 5 4 
Jibs_PC#3897749080218362880 roll 3
Jibs_PC#3897749080218362880 roll 2
DICE 3 2 4 1 0 2 1 
Jibs_PC#3897749080218362880 roll 3
Jibs_PC#3897749080218362880 roll 1
DICE 3 1 5 1 1 2 
Jibs_PC#3897749080218362880 move 6
Jibs_PC#3897749080218362880 attack 4 3
Jibs_PC#3897749080218362880 roll 3
Jibs_PC#3897749080218362880 roll 1
DICE 3 1 2 1 1 2 
Jibs_PC#3897749080218362880 roll 3
Jibs_PC#3897749080218362880 roll 1
DICE 3 1 4 3 0 5 
Jibs_PC#3897749080218362880 roll 3
Jibs_PC#3897749080218362880 roll 1
DICE 3 1 3 2 2 1 
Jibs_PC#3897749080218362880 attack 3 2
Jibs_PC#3897749080218362880 roll 2
Jibs_PC#3897749080218362880 roll 1
DICE 2 1 3 2 0 
Jibs_PC#3897749080218362880 endattack
Jibs_PC#3897749080218362880 movearmies 6 2 1
CARD 16
Jibs_PC#3897749080218362880 placearmies 32 2
Jibs_PC#3897749080218362880 placearmies 32 1
Jibs_PC#3897749080218362880 attack 32 29
Jibs_PC#3897749080218362880 roll 3
Jibs_PC#3897749080218362880 roll 1
DICE 3 1 1 0 0 5 
Jibs_PC#3897749080218362880 roll 3
Jibs_PC#3897749080218362880 roll 1
DICE 3 1 4 3 0 0 
Jibs_PC#3897749080218362880 endattack
Jibs_PC#3897749080218362880 nomove
CARD 1
Jibs_PC#3897749080218362880 trade 11 10 22
Jibs_PC#3897749080218362880 placearmies 10 3
Jibs_PC#3897749080218362880 placearmies 21 3
Jibs_PC#3897749080218362880 placearmies 21 5
Jibs_PC#3897749080218362880 placearmies 21 4
Jibs_PC#3897749080218362880 attack 21 19
Jibs_PC#3897749080218362880 roll 3
Jibs_PC#3897749080218362880 roll 2
DICE 3 2 5 3 1 5 1 
Jibs_PC#3897749080218362880 roll 3
Jibs_PC#3897749080218362880 roll 1
DICE 3 1 2 1 0 2 
Jibs_PC#3897749080218362880 roll 3
Jibs_PC#3897749080218362880 roll 1
DICE 3 1 4 3 2 2 
Jibs_PC#3897749080218362880 move 10
Jibs_PC#3897749080218362880 attack 19 17
Jibs_PC#3897749080218362880 roll 3
Jibs_PC#3897749080218362880 roll 1
DICE 3 1 1 1 0 1 
Jibs_PC#3897749080218362880 roll 3
Jibs_PC#3897749080218362880 roll 1
DICE 3 1 4 0 0 4 
Jibs_PC#3897749080218362880 roll 3
Jibs_PC#3897749080218362880 roll 1
DICE 3 1 5 3 3 3 
Jibs_PC#3897749080218362880 move 7
Jibs_PC#3897749080218362880 attack 17 15
Jibs_PC#3897749080218362880 roll 3
Jibs_PC#3897749080218362880 roll 1
DICE 3 1 4 3 2 3 
Jibs_PC#3897749080218362880 move 6
Jibs_PC#3897749080218362880 attack 15 16
Jibs_PC#3897749080218362880 roll 3
Jibs_PC#3897749080218362880 roll 2
DICE 3 2 4 3 0 4 3 
Jibs_PC#3897749080218362880 roll 3
Jibs_PC#3897749080218362880 roll 2
DICE 3 2 5 2 1 5 0 
Jibs_PC#3897749080218362880 retreat
Jibs_PC#3897749080218362880 endattack
Jibs_PC#3897749080218362880 movearmies 11 10 3
CARD 21
Jibs_PC#3897749080218362880 trade 13 36 40
Jibs_PC#3897749080218362880 placearmies 30 14
Jibs_PC#3897749080218362880 placearmies 33 1
Jibs_PC#3897749080218362880 placearmies 30 1
Jibs_PC#3897749080218362880 attack 30 16
Jibs_PC#3897749080218362880 roll 3
Jibs_PC#3897749080218362880 roll 1
DICE 3 1 5 1 1 4 
Jibs_PC#3897749080218362880 move 15
Jibs_PC#3897749080218362880 attack 16 20
Jibs_PC#3897749080218362880 roll 3
Jibs_PC#3897749080218362880 roll 2
DICE 3 2 2 1 0 3 2 
Jibs_PC#3897749080218362880 roll 3
Jibs_PC#3897749080218362880 roll 2
DICE 3 2 4 1 0 5 2 
Jibs_PC#3897749080218362880 retreat
Jibs_PC#3897749080218362880 attack 36 27
Jibs_PC#3897749080218362880 roll 2
Jibs_PC#3897749080218362880 roll 1
DICE 2 1 3 3 0 
Jibs_PC#3897749080218362880 attack 33 29
Jibs_PC#3897749080218362880 roll 3
Jibs_PC#3897749080218362880 roll 2
DICE 3 2 5 2 1 4 2 
Jibs_PC#3897749080218362880 roll 3
Jibs_PC#3897749080218362880 roll 2
DICE 3 2 3 2 1 3 0 
Jibs_PC#3897749080218362880 roll 2
Jibs_PC#3897749080218362880 roll 1
DICE 2 1 5 2 5 
Jibs_PC#3897749080218362880 retreat
Jibs_PC#3897749080218362880 attack 16 28
Jibs_PC#3897749080218362880 roll 3
Jibs_PC#3897749080218362880 roll 2
DICE 3 2 4 3 2 2 2 
Jibs_PC#3897749080218362880 move 9
Jibs_PC#3897749080218362880 attack 28 29
Jibs_PC#3897749080218362880 roll 3
Jibs_PC#3897749080218362880 roll 1
DICE 3 1 3 2 2 0 
Jibs_PC#3897749080218362880 move 8
Jibs_PC#3897749080218362880 attack 29 32
Jibs_PC#3897749080218362880 roll 3
Jibs_PC#3897749080218362880 roll 1
DICE 3 1 3 2 2 3 
Jibs_PC#3897749080218362880 roll 3
Jibs_PC#3897749080218362880 roll 1
DICE 3 1 5 4 4 2 
Jibs_PC#3897749080218362880 move 3
Jibs_PC#3897749080218362880 attack 24 23
Jibs_PC#3897749080218362880 roll 3
Jibs_PC#3897749080218362880 roll 1
DICE 3 1 3 2 1 1 
Jibs_PC#3897749080218362880 move 4
Jibs_PC#3897749080218362880 endattack
Jibs_PC#3897749080218362880 movearmies 32 31 2
CARD 7
Jibs_PC#3897749080218362880 placearmies 2 1
Jibs_PC#3897749080218362880 placearmies 2 1
Jibs_PC#3897749080218362880 placearmies 18 1
Jibs_PC#3897749080218362880 attack 2 1
Jibs_PC#3897749080218362880 roll 3
Jibs_PC#3897749080218362880 roll 1
DICE 3 1 4 4 3 1 
Jibs_PC#3897749080218362880 move 4
Jibs_PC#3897749080218362880 attack 18 16
Jibs_PC#3897749080218362880 roll 3
Jibs_PC#3897749080218362880 roll 2
DICE 3 2 3 2 0 4 4 
Jibs_PC#3897749080218362880 retreat
Jibs_PC#3897749080218362880 endattack
Jibs_PC#3897749080218362880 nomove
CARD 4
Jibs_PC#3897749080218362880 trade 30 32 1
Jibs_PC#3897749080218362880 placearmies 34 3
Jibs_PC#3897749080218362880 placearmies 34 4
Jibs_PC#3897749080218362880 attack 34 27
Jibs_PC#3897749080218362880 roll 3
Jibs_PC#3897749080218362880 roll 2
DICE 3 2 4 2 1 5 2 
Jibs_PC#3897749080218362880 roll 3
Jibs_PC#3897749080218362880 roll 2
DICE 3 2 3 2 1 5 1 
Jibs_PC#3897749080218362880 retreat
Jibs_PC#3897749080218362880 attack 34 38
Jibs_PC#3897749080218362880 roll 3
Jibs_PC#3897749080218362880 roll 2
DICE 3 2 4 3 0 1 0 
Jibs_PC#3897749080218362880 move 4
Jibs_PC#3897749080218362880 endattack
Jibs_PC#3897749080218362880 nomove
CARD 15
Jibs_PC#3897749080218362880 placearmies 21 2
Jibs_PC#3897749080218362880 placearmies 21 1
Jibs_PC#3897749080218362880 placearmies 15 2
Jibs_PC#3897749080218362880 attack 10 5
Jibs_PC#3897749080218362880 roll 3
Jibs_PC#3897749080218362880 roll 1
DICE 3 1 4 2 0 3 
Jibs_PC#3897749080218362880 move 6
Jibs_PC#3897749080218362880 attack 21 24
Jibs_PC#3897749080218362880 roll 3
Jibs_PC#3897749080218362880 roll 1
DICE 3 1 3 3 0 3 
Jibs_PC#3897749080218362880 roll 3
Jibs_PC#3897749080218362880 roll 1
DICE 3 1 4 4 2 4 
Jibs_PC#3897749080218362880 roll 2
Jibs_PC#3897749080218362880 roll 1
DICE 2 1 5 2 3 
Jibs_PC#3897749080218362880 attack 5 9
Jibs_PC#3897749080218362880 roll 3
Jibs_PC#3897749080218362880 roll 1
DICE 3 1 5 2 1 5 
Jibs_PC#3897749080218362880 roll 3
Jibs_PC#3897749080218362880 roll 1
DICE 3 1 4 0 0 5 
Jibs_PC#3897749080218362880 retreat
Jibs_PC#3897749080218362880 attack 15 14
Jibs_PC#3897749080218362880 roll 3
Jibs_PC#3897749080218362880 roll 1
DICE 3 1 5 4 1 4 
Jibs_PC#3897749080218362880 move 4
Jibs_PC#3897749080218362880 endattack
Jibs_PC#3897749080218362880 movearmies 24 21 1
CARD 35
Jibs_PC#3897749080218362880 trade 9 19 7
Jibs_PC#3897749080218362880 placearmies 35 11
Jibs_PC#3897749080218362880 placearmies 35 5
Jibs_PC#3897749080218362880 placearmies 36 1
Jibs_PC#3897749080218362880 attack 35 34
Jibs_PC#3897749080218362880 roll 3
Jibs_PC#3897749080218362880 roll 1
DICE 3 1 3 2 0 3 
Jibs_PC#3897749080218362880 roll 3
Jibs_PC#3897749080218362880 roll 1
DICE 3 1 2 1 1 1 
Jibs_PC#3897749080218362880 move 14
Jibs_PC#3897749080218362880 attack 34 38
Jibs_PC#3897749080218362880 roll 3
Jibs_PC#3897749080218362880 roll 2
DICE 3 2 5 0 0 5 0 
Jibs_PC#3897749080218362880 roll 3
Jibs_PC#3897749080218362880 roll 2
DICE 3 2 5 2 0 2 0 
Jibs_PC#3897749080218362880 roll 3
Jibs_PC#3897749080218362880 roll 2
DICE 3 2 4 3 2 5 1 
Jibs_PC#3897749080218362880 roll 3
Jibs_PC#3897749080218362880 roll 1
DICE 3 1 5 4 0 2 
Jibs_PC#3897749080218362880 move 10
Jibs_PC#3897749080218362880 attack 38 1
Jibs_PC#3897749080218362880 roll 3
Jibs_PC#3897749080218362880 roll 2
DICE 3 2 3 2 0 3 1 
Jibs_PC#3897749080218362880 roll 3
Jibs_PC#3897749080218362880 roll 2
DICE 3 2 3 1 0 3 1 
Jibs_PC#3897749080218362880 roll 3
Jibs_PC#3897749080218362880 roll 2
DICE 3 2 4 3 2 5 4 
Jibs_PC#3897749080218362880 roll 3
Jibs_PC#3897749080218362880 roll 2
DICE 3 2 5 3 0 4 2 
Jibs_PC#3897749080218362880 roll 3
Jibs_PC#3897749080218362880 roll 1
DICE 3 1 4 4 4 3 
Jibs_PC#3897749080218362880 move 4
Jibs_PC#3897749080218362880 endattack
Jibs_PC#3897749080218362880 movearmies 29 27 2
CARD 3
Jibs_PC#3897749080218362880 placearmies 20 1
Jibs_PC#3897749080218362880 placearmies 20 1
Jibs_PC#3897749080218362880 placearmies 4 1
Jibs_PC#3897749080218362880 attack 20 31
Jibs_PC#3897749080218362880 roll 3
Jibs_PC#3897749080218362880 roll 2
DICE 3 2 2 0 0 2 0 
Jibs_PC#3897749080218362880 retreat
Jibs_PC#3897749080218362880 attack 20 22
Jibs_PC#3897749080218362880 roll 2
Jibs_PC#3897749080218362880 roll 1
DICE 2 1 3 2 1 
Jibs_PC#3897749080218362880 endattack
Jibs_PC#3897749080218362880 nomove
CARD 27
Jibs_PC#3897749080218362880 placearmies 21 2
Jibs_PC#3897749080218362880 placearmies 21 2
Jibs_PC#3897749080218362880 placearmies 21 2
Jibs_PC#3897749080218362880 attack 21 20
Jibs_PC#3897749080218362880 roll 3
Jibs_PC#3897749080218362880 roll 1
DICE 3 1 4 3 2 4 
Jibs_PC#3897749080218362880 roll 3
Jibs_PC#3897749080218362880 roll 1
DICE 3 1 3 2 0 2 
Jibs_PC#3897749080218362880 move 5
Jibs_PC#3897749080218362880 attack 20 31
Jibs_PC#3897749080218362880 roll 3
Jibs_PC#3897749080218362880 roll 2
DICE 3 2 4 0 0 3 2 
Jibs_PC#3897749080218362880 roll 3
Jibs_PC#3897749080218362880 roll 2
DICE 3 2 5 4 3 4 2 
Jibs_PC#3897749080218362880 endattack
Jibs_PC#3897749080218362880 movearmies 5 10 3
CARD 41
Jibs_PC#3897749080218362880 placearmies 16 6
Jibs_PC#3897749080218362880 placearmies 30 1
Jibs_PC#3897749080218362880 placearmies 32 1
Jibs_PC#3897749080218362880 attack 16 31
Jibs_PC#3897749080218362880 roll 3
Jibs_PC#3897749080218362880 roll 2
DICE 3 2 5 5 3 4 4 
Jibs_PC#3897749080218362880 roll 3
Jibs_PC#3897749080218362880 roll 1
DICE 3 1 5 2 1 0 
Jibs_PC#3897749080218362880 move 6
Jibs_PC#3897749080218362880 attack 31 22
Jibs_PC#3897749080218362880 roll 3
Jibs_PC#3897749080218362880 roll 2
DICE 3 2 4 3 0 5 0 
Jibs_PC#3897749080218362880 roll 3
Jibs_PC#3897749080218362880 roll 1
DICE 3 1 5 2 1 4 
Jibs_PC#3897749080218362880 move 3
Jibs_PC#3897749080218362880 endattack
Jibs_PC#3897749080218362880 movearmies 22 31 2
CARD wildcard
Jibs_PC#3897749080218362880 trade 2 16 27
Jibs_PC#3897749080218362880 placearmies 4 2
Jibs_PC#3897749080218362880 placearmies 18 8
Jibs_PC#3897749080218362880 placearmies 4 1
Jibs_PC#3897749080218362880 attack 18 16
Jibs_PC#3897749080218362880 roll 3
Jibs_PC#3897749080218362880 roll 2
DICE 3 2 5 4 2 4 0 
Jibs_PC#3897749080218362880 move 9
Jibs_PC#3897749080218362880 attack 16 30
Jibs_PC#3897749080218362880 roll 3
Jibs_PC#3897749080218362880 roll 2
DICE 3 2 5 5 2 3 1 
Jibs_PC#3897749080218362880 move 8
Jibs_PC#3897749080218362880 attack 4 5
Jibs_PC#3897749080218362880 roll 3
Jibs_PC#3897749080218362880 roll 1
DICE 3 1 4 4 1 1 
Jibs_PC#3897749080218362880 move 4
Jibs_PC#3897749080218362880 attack 30 32
Jibs_PC#3897749080218362880 roll 3
Jibs_PC#3897749080218362880 roll 2
DICE 3 2 4 2 0 3 2 
Jibs_PC#3897749080218362880 roll 3
Jibs_PC#3897749080218362880 roll 1
DICE 3 1 5 2 2 5 
Jibs_PC#3897749080218362880 roll 3
Jibs_PC#3897749080218362880 roll 1
DICE 3 1 4 0 0 1 
Jibs_PC#3897749080218362880 move 5
Jibs_PC#3897749080218362880 attack 32 33
Jibs_PC#3897749080218362880 roll 3
Jibs_PC#3897749080218362880 roll 2
DICE 3 2 4 3 3 4 0 
Jibs_PC#3897749080218362880 roll 3
Jibs_PC#3897749080218362880 roll 1
DICE 3 1 4 3 1 4 
Jibs_PC#3897749080218362880 retreat
Jibs_PC#3897749080218362880 endattack
Jibs_PC#3897749080218362880 nomove
CARD 5
Jibs_PC#3897749080218362880 trade 29 21 41
Jibs_PC#3897749080218362880 placearmies 21 1
Jibs_PC#3897749080218362880 placearmies 19 7
Jibs_PC#3897749080218362880 placearmies 19 3
Jibs_PC#3897749080218362880 placearmies 14 1
Jibs_PC#3897749080218362880 placearmies 19 3
Jibs_PC#3897749080218362880 placearmies 14 1
Jibs_PC#3897749080218362880 attack 19 18
Jibs_PC#3897749080218362880 roll 3
Jibs_PC#3897749080218362880 roll 1
DICE 3 1 4 1 0 4 
Jibs_PC#3897749080218362880 roll 3
Jibs_PC#3897749080218362880 roll 1
DICE 3 1 4 2 0 3 
Jibs_PC#3897749080218362880 move 12
Jibs_PC#3897749080218362880 attack 18 16
Jibs_PC#3897749080218362880 roll 3
Jibs_PC#3897749080218362880 roll 1
DICE 3 1 1 1 0 4 
Jibs_PC#3897749080218362880 roll 3
Jibs_PC#3897749080218362880 roll 1
DICE 3 1 2 1 0 3 
Jibs_PC#3897749080218362880 roll 3
Jibs_PC#3897749080218362880 roll 1
DICE 3 1 3 2 0 3 
Jibs_PC#3897749080218362880 roll 3
Jibs_PC#3897749080218362880 roll 1
DICE 3 1 3 1 0 5 
Jibs_PC#3897749080218362880 roll 3
Jibs_PC#3897749080218362880 roll 1
DICE 3 1 2 0 0 2 
Jibs_PC#3897749080218362880 roll 3
Jibs_PC#3897749080218362880 roll 1
DICE 3 1 5 3 2 3 
Jibs_PC#3897749080218362880 move 6
Jibs_PC#3897749080218362880 attack 21 22
Jibs_PC#3897749080218362880 roll 3
Jibs_PC#3897749080218362880 roll 1
DICE 3 1 5 2 1 4 
Jibs_PC#3897749080218362880 move 3
Jibs_PC#3897749080218362880 attack 16 30
Jibs_PC#3897749080218362880 roll 3
Jibs_PC#3897749080218362880 roll 1
DICE 3 1 4 2 1 4 
Jibs_PC#3897749080218362880 roll 3
Jibs_PC#3897749080218362880 roll 1
DICE 3 1 3 2 0 2 
Jibs_PC#3897749080218362880 move 3
Jibs_PC#3897749080218362880 attack 14 6
Jibs_PC#3897749080218362880 roll 3
Jibs_PC#3897749080218362880 roll 1
DICE 3 1 5 4 0 3 
Jibs_PC#3897749080218362880 move 5
Jibs_PC#3897749080218362880 attack 6 8
Jibs_PC#3897749080218362880 roll 3
Jibs_PC#3897749080218362880 roll 1
DICE 3 1 3 3 0 2 
Jibs_PC#3897749080218362880 move 3
Jibs_PC#3897749080218362880 endattack
Jibs_PC#3897749080218362880 movearmies 30 16 2
CARD 42
Jibs_PC#3897749080218362880 trade 33 3 wildcard
Jibs_PC#3897749080218362880 placearmies 23 6
Jibs_PC#3897749080218362880 placearmies 31 7
Jibs_PC#3897749080218362880 placearmies 31 4
Jibs_PC#3897749080218362880 attack 23 21
Jibs_PC#3897749080218362880 roll 3
Jibs_PC#3897749080218362880 roll 2
DICE 3 2 5 5 3 3 2 
Jibs_PC#3897749080218362880 move 9
Jibs_PC#3897749080218362880 attack 21 12
Jibs_PC#3897749080218362880 roll 3
Jibs_PC#3897749080218362880 roll 1
DICE 3 1 4 2 0 0 
Jibs_PC#3897749080218362880 move 8
Jibs_PC#3897749080218362880 attack 31 20
Jibs_PC#3897749080218362880 roll 3
Jibs_PC#3897749080218362880 roll 1
DICE 3 1 3 2 2 1 
Jibs_PC#3897749080218362880 move 14
Jibs_PC#3897749080218362880 attack 20 16
Jibs_PC#3897749080218362880 roll 3
Jibs_PC#3897749080218362880 roll 2
DICE 3 2 4 3 2 4 2 
Jibs_PC#3897749080218362880 roll 3
Jibs_PC#3897749080218362880 roll 2
DICE 3 2 1 1 0 4 1 
Jibs_PC#3897749080218362880 roll 3
Jibs_PC#3897749080218362880 roll 2
DICE 3 2 1 1 1 5 4 
Jibs_PC#3897749080218362880 roll 3
Jibs_PC#3897749080218362880 roll 2
DICE 3 2 5 3 2 4 3 
Jibs_PC#3897749080218362880 roll 3
Jibs_PC#3897749080218362880 roll 2
DICE 3 2 3 3 2 2 1 
Jibs_PC#3897749080218362880 move 7
Jibs_PC#3897749080218362880 attack 16 30
Jibs_PC#3897749080218362880 roll 3
Jibs_PC#3897749080218362880 roll 1
DICE 3 1 3 3 0 2 
Jibs_PC#3897749080218362880 move 6
Jibs_PC#3897749080218362880 attack 30 32
Jibs_PC#3897749080218362880 roll 3
Jibs_PC#3897749080218362880 roll 2
DICE 3 2 5 2 1 4 1 
Jibs_PC#3897749080218362880 roll 3
Jibs_PC#3897749080218362880 roll 1
DICE 3 1 5 4 2 2 
Jibs_PC#3897749080218362880 move 3
Jibs_PC#3897749080218362880 attack 12 13
Jibs_PC#3897749080218362880 roll 3
Jibs_PC#3897749080218362880 roll 1
DICE 3 1 5 4 2 1 
Jibs_PC#3897749080218362880 move 7
Jibs_PC#3897749080218362880 attack 13 11
Jibs_PC#3897749080218362880 roll 3
Jibs_PC#3897749080218362880 roll 1
DICE 3 1 5 1 0 1 
Jibs_PC#3897749080218362880 move 6
Jibs_PC#3897749080218362880 attack 11 10
Jibs_PC#3897749080218362880 roll 3
Jibs_PC#3897749080218362880 roll 2
DICE 3 2 4 2 0 5 1 
Jibs_PC#3897749080218362880 roll 3
Jibs_PC#3897749080218362880 roll 2
DICE 3 2 5 2 1 4 1 
Jibs_PC#3897749080218362880 roll 3
Jibs_PC#3897749080218362880 roll 1
DICE 3 1 5 5 4 0 
Jibs_PC#3897749080218362880 move 4
Jibs_PC#3897749080218362880 endattack
Jibs_PC#3897749080218362880 movearmies 32 31 2
CARD 17
Jibs_PC#3897749080218362880 placearmies 2 2
Jibs_PC#3897749080218362880 placearmies 2 1
Jibs_PC#3897749080218362880 attack 2 1
Jibs_PC#3897749080218362880 roll 3
Jibs_PC#3897749080218362880 roll 2
DICE 3 2 5 1 0 5 3 
Jibs_PC#3897749080218362880 roll 3
Jibs_PC#3897749080218362880 roll 2
DICE 3 2 4 3 1 4 3 
Jibs_PC#3897749080218362880 retreat
Jibs_PC#3897749080218362880 attack 5 10
Jibs_PC#3897749080218362880 roll 3
Jibs_PC#3897749080218362880 roll 2
DICE 3 2 2 0 0 2 1 
Jibs_PC#3897749080218362880 retreat
Jibs_PC#3897749080218362880 endattack
Jibs_PC#3897749080218362880 nomove
CARD 
Jibs_PC#3897749080218362880 placearmies 25 2
Jibs_PC#3897749080218362880 placearmies 22 1
Jibs_PC#3897749080218362880 attack 25 23
Jibs_PC#3897749080218362880 roll 3
Jibs_PC#3897749080218362880 roll 1
DICE 3 1 5 4 3 5 
Jibs_PC#3897749080218362880 roll 3
Jibs_PC#3897749080218362880 roll 1
DICE 3 1 2 2 1 1 
Jibs_PC#3897749080218362880 attack 23 21
Jibs_PC#3897749080218362880 roll 2
Jibs_PC#3897749080218362880 roll 1
DICE 2 1 2 1 2 
Jibs_PC#3897749080218362880 retreat
Jibs_PC#3897749080218362880 attack 22 21
Jibs_PC#3897749080218362880 roll 3
Jibs_PC#3897749080218362880 roll 1
DICE 3 1 2 1 0 5 
Jibs_PC#3897749080218362880 roll 2
Jibs_PC#3897749080218362880 roll 1
DICE 2 1 1 1 0 
Jibs_PC#3897749080218362880 endattack
Jibs_PC#3897749080218362880 movearmies 23 21 1
CARD 14
Jibs_PC#3897749080218362880 placearmies 10 17
Jibs_PC#3897749080218362880 placearmies 12 1
Jibs_PC#3897749080218362880 attack 31 22
Jibs_PC#3897749080218362880 roll 2
Jibs_PC#3897749080218362880 roll 1
DICE 2 1 5 2 1 
Jibs_PC#3897749080218362880 attack 1 3
Jibs_PC#3897749080218362880 roll 3
Jibs_PC#3897749080218362880 roll 1
DICE 3 1 2 0 0 0 
Jibs_PC#3897749080218362880 attack 10 5
Jibs_PC#3897749080218362880 roll 3
Jibs_PC#3897749080218362880 roll 2
DICE 3 2 2 2 0 5 2 
Jibs_PC#3897749080218362880 roll 3
Jibs_PC#3897749080218362880 roll 2
DICE 3 2 4 2 0 3 0 
Jibs_PC#3897749080218362880 move 18
Jibs_PC#3897749080218362880 attack 3 4
Jibs_PC#3897749080218362880 roll 2
Jibs_PC#3897749080218362880 roll 1
DICE 2 1 5 0 1 
Jibs_PC#3897749080218362880 attack 5 9
Jibs_PC#3897749080218362880 roll 3
Jibs_PC#3897749080218362880 roll 1
DICE 3 1 4 1 0 0 
Jibs_PC#3897749080218362880 move 17
Jibs_PC#3897749080218362880 attack 9 7
Jibs_PC#3897749080218362880 roll 3
Jibs_PC#3897749080218362880 roll 1
DICE 3 1 3 3 2 2 
Jibs_PC#3897749080218362880 move 15
Jibs_PC#3897749080218362880 attack 7 2
Jibs_PC#3897749080218362880 roll 3
Jibs_PC#3897749080218362880 roll 2
DICE 3 2 5 5 0 3 0 
Jibs_PC#3897749080218362880 move 13
Jibs_PC#3897749080218362880 attack 2 6
Jibs_PC#3897749080218362880 roll 3
Jibs_PC#3897749080218362880 roll 2
DICE 3 2 3 2 1 4 1 
Jibs_PC#3897749080218362880 roll 3
Jibs_PC#3897749080218362880 roll 1
DICE 3 1 4 2 1 2 
Jibs_PC#3897749080218362880 move 11
Jibs_PC#3897749080218362880 attack 6 8
Jibs_PC#3897749080218362880 roll 3
Jibs_PC#3897749080218362880 roll 2
DICE 3 2 4 0 0 2 1 
Jibs_PC#3897749080218362880 roll 3
Jibs_PC#3897749080218362880 roll 2
DICE 3 2 4 3 0 4 2 
Jibs_PC#3897749080218362880 roll 3
Jibs_PC#3897749080218362880 roll 1
DICE 3 1 5 4 1 0 
Jibs_PC#3897749080218362880 move 3
Jibs_PC#3897749080218362880 attack 6 14
Jibs_PC#3897749080218362880 roll 3
Jibs_PC#3897749080218362880 roll 1
DICE 3 1 3 3 2 2 
Jibs_PC#3897749080218362880 move 5
Jibs_PC#3897749080218362880 attack 14 17
Jibs_PC#3897749080218362880 roll 3
Jibs_PC#3897749080218362880 roll 1
DICE 3 1 3 3 2 3 
Jibs_PC#3897749080218362880 roll 3
Jibs_PC#3897749080218362880 roll 1
DICE 3 1 2 2 1 0 
Jibs_PC#3897749080218362880 attack 17 19
Jibs_PC#3897749080218362880 roll 2
Jibs_PC#3897749080218362880 roll 1
DICE 2 1 5 3 0 
Jibs_PC#3897749080218362880 endattack
Jibs_PC#3897749080218362880 movearmies 19 20 1
CARD 37
Jibs_PC#3897749080218362880 trade 35 42 14
Jibs_PC#3897749080218362880 placearmies 21 6
Jibs_PC#3897749080218362880 placearmies 21 1
Jibs_PC#3897749080218362880 attack 21 12
Jibs_PC#3897749080218362880 roll 3
Jibs_PC#3897749080218362880 roll 2
DICE 3 2 2 1 0 2 1 
Jibs_PC#3897749080218362880 roll 3
Jibs_PC#3897749080218362880 roll 2
DICE 3 2 5 3 0 3 2 
Jibs_PC#3897749080218362880 move 7
Jibs_PC#3897749080218362880 attack 12 10
Jibs_PC#3897749080218362880 roll 3
Jibs_PC#3897749080218362880 roll 1
DICE 3 1 3 2 1 1 
Jibs_PC#3897749080218362880 move 6
Jibs_PC#3897749080218362880 attack 10 5
Jibs_PC#3897749080218362880 roll 3
Jibs_PC#3897749080218362880 roll 1
DICE 3 1 3 0 0 2 
Jibs_PC#3897749080218362880 move 5
Jibs_PC#3897749080218362880 attack 5 9
Jibs_PC#3897749080218362880 roll 3
Jibs_PC#3897749080218362880 roll 2
DICE 3 2 5 3 3 0 0 
Jibs_PC#3897749080218362880 move 4
Jibs_PC#3897749080218362880 endattack
Jibs_PC#3897749080218362880 movearmies 26 24 2
CARD 12
Jibs_PC#3897749080218362880 trade 15 17 4
Jibs_PC#3897749080218362880 placearmies 17 5
Jibs_PC#3897749080218362880 placearmies 4 10
Jibs_PC#3897749080218362880 placearmies 4 5
Jibs_PC#3897749080218362880 placearmies 16 1
Jibs_PC#3897749080218362880 placearmies 14 1
Jibs_PC#3897749080218362880 placearmies 22 1
Jibs_PC#3897749080218362880 placearmies 8 1
Jibs_PC#3897749080218362880 placearmies 7 2
Jibs_PC#3897749080218362880 placearmies 4 3
Jibs_PC#3897749080218362880 attack 4 5
Jibs_PC#3897749080218362880 roll 3
Jibs_PC#3897749080218362880 roll 1
DICE 3 1 4 1 1 5 
Jibs_PC#3897749080218362880 roll 3
Jibs_PC#3897749080218362880 roll 1
DICE 3 1 2 1 0 0 
Jibs_PC#3897749080218362880 move 17
Jibs_PC#3897749080218362880 attack 5 9
Jibs_PC#3897749080218362880 roll 3
Jibs_PC#3897749080218362880 roll 2
DICE 3 2 4 2 1 5 2 
Jibs_PC#3897749080218362880 roll 3
Jibs_PC#3897749080218362880 roll 2
DICE 3 2 5 0 0 3 0 
Jibs_PC#3897749080218362880 roll 3
Jibs_PC#3897749080218362880 roll 2
DICE 3 2 3 0 0 5 3 
Jibs_PC#3897749080218362880 roll 3
Jibs_PC#3897749080218362880 roll 2
DICE 3 2 5 3 0 5 4 
Jibs_PC#3897749080218362880 roll 3
Jibs_PC#3897749080218362880 roll 2
DICE 3 2 5 2 0 1 0 
Jibs_PC#3897749080218362880 retreat
Jibs_PC#3897749080218362880 attack 7 9
Jibs_PC#3897749080218362880 roll 3
Jibs_PC#3897749080218362880 roll 1
DICE 3 1 2 0 0 3 
Jibs_PC#3897749080218362880 roll 2
Jibs_PC#3897749080218362880 roll 1
DICE 2 1 5 0 1 
Jibs_PC#3897749080218362880 attack 5 10
Jibs_PC#3897749080218362880 roll 3
Jibs_PC#3897749080218362880 roll 1
DICE 3 1 5 4 3 1 
Jibs_PC#3897749080218362880 move 9
Jibs_PC#3897749080218362880 attack 10 12
Jibs_PC#3897749080218362880 roll 3
Jibs_PC#3897749080218362880 roll 1
DICE 3 1 3 2 0 0 
Jibs_PC#3897749080218362880 move 8
Jibs_PC#3897749080218362880 attack 17 18
Jibs_PC#3897749080218362880 roll 3
Jibs_PC#3897749080218362880 roll 1
DICE 3 1 4 4 0 1 
Jibs_PC#3897749080218362880 move 5
Jibs_PC#3897749080218362880 attack 18 15
Jibs_PC#3897749080218362880 roll 3
Jibs_PC#3897749080218362880 roll 1
DICE 3 1 5 5 1 3 
Jibs_PC#3897749080218362880 move 3
Jibs_PC#3897749080218362880 attack 12 21
Jibs_PC#3897749080218362880 roll 3
Jibs_PC#3897749080218362880 roll 1
DICE 3 1 5 4 1 3 
Jibs_PC#3897749080218362880 move 7
Jibs_PC#3897749080218362880 attack 21 23
Jibs_PC#3897749080218362880 roll 3
Jibs_PC#3897749080218362880 roll 1
DICE 3 1 5 4 4 1 
Jibs_PC#3897749080218362880 move 5
Jibs_PC#3897749080218362880 attack 23 25
Jibs_PC#3897749080218362880 roll 3
Jibs_PC#3897749080218362880 roll 1
DICE 3 1 4 2 2 5 
Jibs_PC#3897749080218362880 roll 3
Jibs_PC#3897749080218362880 roll 1
DICE 3 1 3 3 0 4 
Jibs_PC#3897749080218362880 roll 2
Jibs_PC#3897749080218362880 roll 1
DICE 2 1 2 1 1 
Jibs_PC#3897749080218362880 endattack
Jibs_PC#3897749080218362880 movearmies 20 21 1
CARD 34
Jibs_PC#3897749080218362880 placearmies 24 2
Jibs_PC#3897749080218362880 placearmies 24 1
Jibs_PC#3897749080218362880 attack 24 25
Jibs_PC#3897749080218362880 roll 3
Jibs_PC#3897749080218362880 roll 2
DICE 3 2 3 0 0 0 0 
Jibs_PC#3897749080218362880 roll 3
Jibs_PC#3897749080218362880 roll 1
DICE 3 1 5 4 0 0 
Jibs_PC#3897749080218362880 move 4
Jibs_PC#3897749080218362880 endattack
Jibs_PC#3897749080218362880 nomove
CARD 24
Jibs_PC#3897749080218362880 placearmies 22 13
Jibs_PC#3897749080218362880 placearmies 22 9
Jibs_PC#3897749080218362880 placearmies 22 9
Jibs_PC#3897749080218362880 placearmies 22 1
Jibs_PC#3897749080218362880 placearmies 22 1
Jibs_PC#3897749080218362880 placearmies 22 1
Jibs_PC#3897749080218362880 attack 22 24
Jibs_PC#3897749080218362880 roll 3
Jibs_PC#3897749080218362880 roll 1
DICE 3 1 4 4 1 0 
Jibs_PC#3897749080218362880 move 36
Jibs_PC#3897749080218362880 attack 24 26
Jibs_PC#3897749080218362880 roll 3
Jibs_PC#3897749080218362880 roll 1
DICE 3 1 4 2 2 0 
Jibs_PC#3897749080218362880 move 9
Jibs_PC#3897749080218362880 attack 24 25
Jibs_PC#3897749080218362880 roll 3
Jibs_PC#3897749080218362880 roll 2
DICE 3 2 5 4 0 2 0 
Jibs_PC#3897749080218362880 roll 3
Jibs_PC#3897749080218362880 roll 2
DICE 3 2 5 3 0 5 3 
Jibs_PC#3897749080218362880 roll 3
Jibs_PC#3897749080218362880 roll 2
DICE 3 2 5 2 0 4 4 
Jibs_PC#3897749080218362880 roll 3
Jibs_PC#3897749080218362880 roll 1
DICE 3 1 5 5 3 2 
Jibs_PC#3897749080218362880 move 3
