Jibs_PC#3510044787245990912 newplayer human green s0914007
Jibs_PC#3510044787245990912 newplayer human blue bob
Jibs_PC#3510044787245990912 newplayer human red fred
Jibs_PC#3510044787245990912 newplayer human cyan ted
Jibs_PC#3510044787245990912 newplayer human magenta yura
Jibs_PC#3510044787245990912 newplayer human yellow lala
Jibs_PC#3510044787245990912 startgame mission increasing recycle
PLAYER fred
MISSION 6 6 11 5 0 2
PLACEALL 37 26 30 15 36 6 27 16 1 23 19 38 24 34 12 20 10 33 21 29 40 2 3 42 11 31 4 28 7 8 41 9 18 39 14 32 25 13 22 17 35 5
Jibs_PC#3510044787245990912 placearmies 25 1
CARD 
Jibs_PC#3510044787245990912 placearmies 26 1
CARD 
Jibs_PC#3510044787245990912 placearmies 12 1
CARD 
Jibs_PC#3510044787245990912 placearmies 15 1
CARD 
Jibs_PC#3510044787245990912 placearmies 3 1
CARD 
Jibs_PC#3510044787245990912 placearmies 42 1
CARD 
Jibs_PC#3510044787245990912 placearmies 27 1
CARD 
Jibs_PC#3510044787245990912 placearmies 13 1
CARD 
Jibs_PC#3510044787245990912 placearmies 12 1
CARD 
Jibs_PC#3510044787245990912 placearmies 17 1
CARD 
Jibs_PC#3510044787245990912 placearmies 7 1
CARD 
Jibs_PC#3510044787245990912 placearmies 33 1
CARD 
Jibs_PC#3510044787245990912 placearmies 21 1
CARD 
Jibs_PC#3510044787245990912 placearmies 9 1
CARD 
Jibs_PC#3510044787245990912 placearmies 30 1
CARD 
Jibs_PC#3510044787245990912 placearmies 20 1
CARD 
Jibs_PC#3510044787245990912 placearmies 14 1
CARD 
Jibs_PC#3510044787245990912 placearmies 32 1
CARD 
Jibs_PC#3510044787245990912 placearmies 27 1
CARD 
Jibs_PC#3510044787245990912 placearmies 9 1
CARD 
Jibs_PC#3510044787245990912 placearmies 12 1
CARD 
Jibs_PC#3510044787245990912 placearmies 39 1
CARD 
Jibs_PC#3510044787245990912 placearmies 10 1
CARD 
Jibs_PC#3510044787245990912 placearmies 42 1
CARD 
Jibs_PC#3510044787245990912 placearmies 27 1
CARD 
Jibs_PC#3510044787245990912 placearmies 26 1
CARD 
Jibs_PC#3510044787245990912 placearmies 30 1
CARD 
Jibs_PC#3510044787245990912 placearmies 23 1
CARD 
Jibs_PC#3510044787245990912 placearmies 19 1
CARD 
Jibs_PC#3510044787245990912 placearmies 42 1
CARD 
Jibs_PC#3510044787245990912 placearmies 25 1
CARD 
Jibs_PC#3510044787245990912 placearmies 9 1
CARD 
Jibs_PC#3510044787245990912 placearmies 30 1
CARD 
Jibs_PC#3510044787245990912 placearmies 20 1
CARD 
Jibs_PC#3510044787245990912 placearmies 35 1
CARD 
Jibs_PC#3510044787245990912 placearmies 33 1
CARD 
Jibs_PC#3510044787245990912 placearmies 27 1
CARD 
Jibs_PC#3510044787245990912 placearmies 26 1
CARD 
Jibs_PC#3510044787245990912 placearmies 30 1
CARD 
Jibs_PC#3510044787245990912 placearmies 17 1
CARD 
Jibs_PC#3510044787245990912 placearmies 36 1
CARD 
Jibs_PC#3510044787245990912 placearmies 6 1
CARD 
Jibs_PC#3510044787245990912 placearmies 21 1
CARD 
Jibs_PC#3510044787245990912 placearmies 9 1
CARD 
Jibs_PC#3510044787245990912 placearmies 12 1
CARD 
Jibs_PC#3510044787245990912 placearmies 15 1
CARD 
Jibs_PC#3510044787245990912 placearmies 36 1
CARD 
Jibs_PC#3510044787245990912 placearmies 42 1
CARD 
Jibs_PC#3510044787245990912 placearmies 25 1
CARD 
Jibs_PC#3510044787245990912 placearmies 9 1
CARD 
Jibs_PC#3510044787245990912 placearmies 12 1
CARD 
Jibs_PC#3510044787245990912 placearmies 15 1
CARD 
Jibs_PC#3510044787245990912 placearmies 7 1
CARD 
Jibs_PC#3510044787245990912 placearmies 32 1
CARD 
Jibs_PC#3510044787245990912 placearmies 21 1
CARD 
Jibs_PC#3510044787245990912 placearmies 9 1
CARD 
Jibs_PC#3510044787245990912 placearmies 30 1
CARD 
Jibs_PC#3510044787245990912 placearmies 20 1
CARD 
Jibs_PC#3510044787245990912 placearmies 3 1
CARD 
Jibs_PC#3510044787245990912 placearmies 5 1
CARD 
Jibs_PC#3510044787245990912 placearmies 41 1
CARD 
Jibs_PC#3510044787245990912 placearmies 26 1
CARD 
Jibs_PC#3510044787245990912 placearmies 12 1
CARD 
Jibs_PC#3510044787245990912 placearmies 23 1
CARD 
Jibs_PC#3510044787245990912 placearmies 19 1
CARD 
Jibs_PC#3510044787245990912 placearmies 38 1
CARD 
Jibs_PC#3510044787245990912 placearmies 27 1
CARD 
Jibs_PC#3510044787245990912 placearmies 9 1
CARD 
Jibs_PC#3510044787245990912 placearmies 30 1
CARD 
Jibs_PC#3510044787245990912 placearmies 39 1
CARD 
Jibs_PC#3510044787245990912 placearmies 14 1
CARD 
Jibs_PC#3510044787245990912 placearmies 8 1
CARD 
Jibs_PC#3510044787245990912 placearmies 41 1
CARD 
Jibs_PC#3510044787245990912 placearmies 26 1
CARD 
Jibs_PC#3510044787245990912 placearmies 12 1
CARD 
Jibs_PC#3510044787245990912 placearmies 39 1
CARD 
Jibs_PC#3510044787245990912 placearmies 35 1
CARD 
Jibs_PC#3510044787245990912 placearmies 6 1
CARD 
Jibs_PC#3510044787245990912 placearmies 41 1
Jibs_PC#3510044787245990912 placearmies 41 1
Jibs_PC#3510044787245990912 placearmies 25 1
Jibs_PC#3510044787245990912 attack 41 39
Jibs_PC#3510044787245990912 roll 3
Jibs_PC#3510044787245990912 roll 2
DICE 3 2 5 4 0 5 3 
Jibs_PC#3510044787245990912 roll 3
Jibs_PC#3510044787245990912 roll 2
DICE 3 2 4 2 0 4 2 
Jibs_PC#3510044787245990912 retreat
Jibs_PC#3510044787245990912 attack 41 39
Jibs_PC#3510044787245990912 roll 1
Jibs_PC#3510044787245990912 roll 2
DICE 1 2 0 5 5 
Jibs_PC#3510044787245990912 attack 25 23
Jibs_PC#3510044787245990912 roll 3
Jibs_PC#3510044787245990912 roll 2
DICE 3 2 2 0 0 4 0 
Jibs_PC#3510044787245990912 roll 2
Jibs_PC#3510044787245990912 roll 2
DICE 2 2 5 4 5 0 
Jibs_PC#3510044787245990912 roll 1
Jibs_PC#3510044787245990912 roll 2
DICE 1 2 5 5 0 
Jibs_PC#3510044787245990912 attack 27 28
Jibs_PC#3510044787245990912 roll 3
Jibs_PC#3510044787245990912 roll 1
DICE 3 1 5 3 0 0 
Jibs_PC#3510044787245990912 move all
Jibs_PC#3510044787245990912 endattack
Jibs_PC#3510044787245990912 nomove
CARD 42
Jibs_PC#3510044787245990912 placearmies 26 1
Jibs_PC#3510044787245990912 placearmies 26 1
Jibs_PC#3510044787245990912 placearmies 26 1
Jibs_PC#3510044787245990912 attack 26 25
Jibs_PC#3510044787245990912 roll 3
Jibs_PC#3510044787245990912 roll 1
DICE 3 1 5 3 1 0 
Jibs_PC#3510044787245990912 move all
Jibs_PC#3510044787245990912 attack 25 23
Jibs_PC#3510044787245990912 roll 3
Jibs_PC#3510044787245990912 roll 2
DICE 3 2 4 2 1 4 4 
Jibs_PC#3510044787245990912 roll 3
Jibs_PC#3510044787245990912 roll 2
DICE 3 2 5 4 4 5 0 
Jibs_PC#3510044787245990912 roll 3
Jibs_PC#3510044787245990912 roll 1
DICE 3 1 3 2 1 3 
Jibs_PC#3510044787245990912 roll 3
Jibs_PC#3510044787245990912 roll 1
DICE 3 1 5 4 3 3 
Jibs_PC#3510044787245990912 attack 23 24
Jibs_PC#3510044787245990912 roll 2
Jibs_PC#3510044787245990912 roll 1
DICE 2 1 4 1 3 
Jibs_PC#3510044787245990912 attack 24 22
Jibs_PC#3510044787245990912 roll 1
Jibs_PC#3510044787245990912 roll 1
DICE 1 1 5 0 
Jibs_PC#3510044787245990912 endattack
Jibs_PC#3510044787245990912 nomove
CARD wildcard
Jibs_PC#3510044787245990912 placearmies 12 1
Jibs_PC#3510044787245990912 placearmies 12 1
Jibs_PC#3510044787245990912 placearmies 30 1
Jibs_PC#3510044787245990912 attack 12 13
Jibs_PC#3510044787245990912 roll 3
Jibs_PC#3510044787245990912 roll 2
DICE 3 2 2 1 0 5 2 
Jibs_PC#3510044787245990912 roll 3
Jibs_PC#3510044787245990912 roll 2
DICE 3 2 4 3 2 5 2 
Jibs_PC#3510044787245990912 roll 3
Jibs_PC#3510044787245990912 roll 1
DICE 3 1 3 1 1 3 
Jibs_PC#3510044787245990912 roll 3
Jibs_PC#3510044787245990912 roll 1
DICE 3 1 3 1 0 2 
Jibs_PC#3510044787245990912 move all
Jibs_PC#3510044787245990912 attack 13 11
Jibs_PC#3510044787245990912 roll 3
Jibs_PC#3510044787245990912 roll 1
DICE 3 1 5 4 2 0 
Jibs_PC#3510044787245990912 move all
Jibs_PC#3510044787245990912 attack 11 10
Jibs_PC#3510044787245990912 roll 3
Jibs_PC#3510044787245990912 roll 2
DICE 3 2 5 5 3 3 0 
Jibs_PC#3510044787245990912 endattack
Jibs_PC#3510044787245990912 nomove
CARD 11
Jibs_PC#3510044787245990912 placearmies 17 1
Jibs_PC#3510044787245990912 placearmies 15 1
Jibs_PC#3510044787245990912 placearmies 20 1
Jibs_PC#3510044787245990912 attack 17 14
Jibs_PC#3510044787245990912 roll 3
Jibs_PC#3510044787245990912 roll 2
DICE 3 2 3 1 0 2 1 
Jibs_PC#3510044787245990912 roll 2
Jibs_PC#3510044787245990912 roll 2
DICE 2 2 3 2 5 4 
Jibs_PC#3510044787245990912 attack 15 16
Jibs_PC#3510044787245990912 roll 3
Jibs_PC#3510044787245990912 roll 1
DICE 3 1 4 2 1 2 
Jibs_PC#3510044787245990912 move all
Jibs_PC#3510044787245990912 attack 20 18
Jibs_PC#3510044787245990912 roll 3
Jibs_PC#3510044787245990912 roll 1
DICE 3 1 5 3 2 4 
Jibs_PC#3510044787245990912 move all
Jibs_PC#3510044787245990912 attack 18 19
Jibs_PC#3510044787245990912 roll 3
Jibs_PC#3510044787245990912 roll 2
DICE 3 2 5 1 0 3 0 
Jibs_PC#3510044787245990912 roll 3
Jibs_PC#3510044787245990912 roll 1
DICE 3 1 1 0 0 4 
Jibs_PC#3510044787245990912 retreat
Jibs_PC#3510044787245990912 attack 18 19
Jibs_PC#3510044787245990912 roll 2
Jibs_PC#3510044787245990912 roll 1
DICE 2 1 4 2 1 
Jibs_PC#3510044787245990912 endattack
Jibs_PC#3510044787245990912 nomove
CARD 24
Jibs_PC#3510044787245990912 placearmies 36 1
Jibs_PC#3510044787245990912 placearmies 35 1
Jibs_PC#3510044787245990912 placearmies 3 1
Jibs_PC#3510044787245990912 attack 3 2
Jibs_PC#3510044787245990912 roll 3
Jibs_PC#3510044787245990912 roll 1
DICE 3 1 4 2 0 5 
Jibs_PC#3510044787245990912 roll 2
Jibs_PC#3510044787245990912 roll 1
DICE 2 1 3 1 4 
Jibs_PC#3510044787245990912 retreat
Jibs_PC#3510044787245990912 attack 35 34
Jibs_PC#3510044787245990912 roll 3
Jibs_PC#3510044787245990912 roll 1
DICE 3 1 5 3 3 4 
Jibs_PC#3510044787245990912 attack 36 29
Jibs_PC#3510044787245990912 roll 3
Jibs_PC#3510044787245990912 roll 1
DICE 3 1 5 2 0 4 
Jibs_PC#3510044787245990912 endattack
Jibs_PC#3510044787245990912 nomove
CARD 36
Jibs_PC#3510044787245990912 placearmies 42 1
Jibs_PC#3510044787245990912 placearmies 42 1
Jibs_PC#3510044787245990912 placearmies 42 1
Jibs_PC#3510044787245990912 attack 42 41
Jibs_PC#3510044787245990912 roll 3
Jibs_PC#3510044787245990912 roll 1
DICE 3 1 1 1 1 1 
Jibs_PC#3510044787245990912 roll 3
Jibs_PC#3510044787245990912 roll 1
DICE 3 1 3 2 0 5 
Jibs_PC#3510044787245990912 roll 3
Jibs_PC#3510044787245990912 roll 1
DICE 3 1 3 3 0 4 
Jibs_PC#3510044787245990912 roll 3
Jibs_PC#3510044787245990912 roll 1
DICE 3 1 5 1 0 4 
Jibs_PC#3510044787245990912 move all
Jibs_PC#3510044787245990912 attack 41 39
Jibs_PC#3510044787245990912 roll 3
Jibs_PC#3510044787245990912 roll 2
DICE 3 2 5 1 0 4 1 
Jibs_PC#3510044787245990912 roll 2
Jibs_PC#3510044787245990912 roll 2
DICE 2 2 2 1 5 0 
Jibs_PC#3510044787245990912 roll 1
Jibs_PC#3510044787245990912 roll 1
DICE 1 1 0 2 
Jibs_PC#3510044787245990912 endattack
Jibs_PC#3510044787245990912 nomove
CARD wildcard
Jibs_PC#3510044787245990912 placearmies 28 1
Jibs_PC#3510044787245990912 placearmies 28 1
Jibs_PC#3510044787245990912 placearmies 21 1
Jibs_PC#3510044787245990912 attack 28 16
Jibs_PC#3510044787245990912 roll 3
Jibs_PC#3510044787245990912 roll 2
DICE 3 2 3 3 1 5 2 
Jibs_PC#3510044787245990912 roll 3
Jibs_PC#3510044787245990912 roll 2
DICE 3 2 4 2 1 4 3 
Jibs_PC#3510044787245990912 roll 3
Jibs_PC#3510044787245990912 roll 2
DICE 3 2 4 2 1 2 0 
Jibs_PC#3510044787245990912 roll 3
Jibs_PC#3510044787245990912 roll 1
DICE 3 1 3 2 1 2 
Jibs_PC#3510044787245990912 attack 16 15
Jibs_PC#3510044787245990912 roll 2
Jibs_PC#3510044787245990912 roll 1
DICE 2 1 5 3 5 
Jibs_PC#3510044787245990912 roll 1
Jibs_PC#3510044787245990912 roll 1
DICE 1 1 4 1 
Jibs_PC#3510044787245990912 attack 21 19
Jibs_PC#3510044787245990912 roll 3
Jibs_PC#3510044787245990912 roll 2
DICE 3 2 5 2 0 5 4 
Jibs_PC#3510044787245990912 roll 2
Jibs_PC#3510044787245990912 roll 2
DICE 2 2 5 1 5 2 
Jibs_PC#3510044787245990912 endattack
Jibs_PC#3510044787245990912 nomove
CARD 30
Jibs_PC#3510044787245990912 placearmies 22 1
Jibs_PC#3510044787245990912 placearmies 22 1
Jibs_PC#3510044787245990912 placearmies 22 1
Jibs_PC#3510044787245990912 attack 22 21
Jibs_PC#3510044787245990912 roll 3
Jibs_PC#3510044787245990912 roll 1
DICE 3 1 4 2 1 4 
Jibs_PC#3510044787245990912 roll 2
Jibs_PC#3510044787245990912 roll 1
DICE 2 1 2 0 0 
Jibs_PC#3510044787245990912 endattack
Jibs_PC#3510044787245990912 nomove
CARD 37
Jibs_PC#3510044787245990912 placearmies 30 1
Jibs_PC#3510044787245990912 placearmies 30 1
Jibs_PC#3510044787245990912 placearmies 30 1
Jibs_PC#3510044787245990912 placearmies 30 1
Jibs_PC#3510044787245990912 placearmies 30 1
Jibs_PC#3510044787245990912 attack 30 31
Jibs_PC#3510044787245990912 roll 3
Jibs_PC#3510044787245990912 roll 1
DICE 3 1 5 4 3 4 
Jibs_PC#3510044787245990912 move all
Jibs_PC#3510044787245990912 attack 31 32
Jibs_PC#3510044787245990912 roll 3
Jibs_PC#3510044787245990912 roll 2
DICE 3 2 5 4 1 3 3 
Jibs_PC#3510044787245990912 roll 3
Jibs_PC#3510044787245990912 roll 1
DICE 3 1 2 2 0 5 
Jibs_PC#3510044787245990912 roll 3
Jibs_PC#3510044787245990912 roll 1
DICE 3 1 5 4 2 5 
Jibs_PC#3510044787245990912 roll 3
Jibs_PC#3510044787245990912 roll 1
DICE 3 1 3 1 1 3 
Jibs_PC#3510044787245990912 roll 3
Jibs_PC#3510044787245990912 roll 1
DICE 3 1 3 2 1 4 
Jibs_PC#3510044787245990912 roll 3
Jibs_PC#3510044787245990912 roll 1
DICE 3 1 4 2 2 2 
Jibs_PC#3510044787245990912 move all
Jibs_PC#3510044787245990912 attack 32 33
Jibs_PC#3510044787245990912 roll 3
Jibs_PC#3510044787245990912 roll 2
DICE 3 2 4 3 0 4 2 
Jibs_PC#3510044787245990912 roll 3
Jibs_PC#3510044787245990912 roll 2
DICE 3 2 5 1 0 4 2 
Jibs_PC#3510044787245990912 roll 3
Jibs_PC#3510044787245990912 roll 1
DICE 3 1 3 2 1 3 
Jibs_PC#3510044787245990912 roll 3
Jibs_PC#3510044787245990912 roll 1
DICE 3 1 5 3 1 0 
Jibs_PC#3510044787245990912 endattack
Jibs_PC#3510044787245990912 nomove
CARD 21
Jibs_PC#3510044787245990912 placearmies 20 1
Jibs_PC#3510044787245990912 placearmies 20 1
Jibs_PC#3510044787245990912 placearmies 20 1
Jibs_PC#3510044787245990912 attack 20 16
Jibs_PC#3510044787245990912 roll 3
Jibs_PC#3510044787245990912 roll 1
DICE 3 1 4 2 2 4 
Jibs_PC#3510044787245990912 roll 2
Jibs_PC#3510044787245990912 roll 1
DICE 2 1 5 3 1 
Jibs_PC#3510044787245990912 attack 16 15
Jibs_PC#3510044787245990912 roll 1
Jibs_PC#3510044787245990912 roll 1
DICE 1 1 0 3 
Jibs_PC#3510044787245990912 endattack
Jibs_PC#3510044787245990912 nomove
CARD 19
Jibs_PC#3510044787245990912 placearmies 35 1
Jibs_PC#3510044787245990912 placearmies 36 1
Jibs_PC#3510044787245990912 placearmies 3 1
Jibs_PC#3510044787245990912 attack 34 27
Jibs_PC#3510044787245990912 roll 2
Jibs_PC#3510044787245990912 roll 1
DICE 2 1 5 1 1 
Jibs_PC#3510044787245990912 attack 36 37
Jibs_PC#3510044787245990912 roll 1
Jibs_PC#3510044787245990912 roll 1
DICE 1 1 2 3 
Jibs_PC#3510044787245990912 attack 3 2
Jibs_PC#3510044787245990912 roll 2
Jibs_PC#3510044787245990912 roll 1
DICE 2 1 5 4 2 
Jibs_PC#3510044787245990912 attack 7 4
Jibs_PC#3510044787245990912 roll 2
Jibs_PC#3510044787245990912 roll 1
DICE 2 1 5 3 0 
Jibs_PC#3510044787245990912 endattack
Jibs_PC#3510044787245990912 nomove
CARD 26
Jibs_PC#3510044787245990912 placearmies 41 1
Jibs_PC#3510044787245990912 placearmies 42 1
Jibs_PC#3510044787245990912 placearmies 41 1
Jibs_PC#3510044787245990912 attack 42 40
Jibs_PC#3510044787245990912 roll 1
Jibs_PC#3510044787245990912 roll 1
DICE 1 1 0 5 
Jibs_PC#3510044787245990912 attack 41 39
Jibs_PC#3510044787245990912 roll 2
Jibs_PC#3510044787245990912 roll 1
DICE 2 1 3 0 2 
Jibs_PC#3510044787245990912 endattack
Jibs_PC#3510044787245990912 nomove
CARD 13
Jibs_PC#3510044787245990912 placearmies 15 1
Jibs_PC#3510044787245990912 placearmies 15 1
Jibs_PC#3510044787245990912 placearmies 15 1
Jibs_PC#3510044787245990912 attack 15 16
Jibs_PC#3510044787245990912 roll 3
Jibs_PC#3510044787245990912 roll 1
DICE 3 1 5 3 2 2 
Jibs_PC#3510044787245990912 endattack
Jibs_PC#3510044787245990912 nomove
CARD 32
Jibs_PC#3510044787245990912 placearmies 9 1
Jibs_PC#3510044787245990912 placearmies 9 1
Jibs_PC#3510044787245990912 placearmies 9 1
Jibs_PC#3510044787245990912 placearmies 9 1
Jibs_PC#3510044787245990912 placearmies 9 1
Jibs_PC#3510044787245990912 placearmies 9 1
Jibs_PC#3510044787245990912 attack 9 5
Jibs_PC#3510044787245990912 roll 3
Jibs_PC#3510044787245990912 roll 2
DICE 3 2 3 3 0 0 0 
Jibs_PC#3510044787245990912 move all
Jibs_PC#3510044787245990912 attack 5 4
Jibs_PC#3510044787245990912 roll 3
Jibs_PC#3510044787245990912 roll 2
DICE 3 2 4 2 2 4 3 
Jibs_PC#3510044787245990912 roll 3
Jibs_PC#3510044787245990912 roll 2
DICE 3 2 1 1 0 2 2 
Jibs_PC#3510044787245990912 roll 3
Jibs_PC#3510044787245990912 roll 2
DICE 3 2 5 5 4 4 2 
Jibs_PC#3510044787245990912 move all
Jibs_PC#3510044787245990912 attack 4 3
Jibs_PC#3510044787245990912 roll 3
Jibs_PC#3510044787245990912 roll 1
DICE 3 1 5 1 0 4 
Jibs_PC#3510044787245990912 move all
Jibs_PC#3510044787245990912 attack 3 1
Jibs_PC#3510044787245990912 roll 3
Jibs_PC#3510044787245990912 roll 1
DICE 3 1 1 1 1 2 
Jibs_PC#3510044787245990912 roll 3
Jibs_PC#3510044787245990912 roll 1
DICE 3 1 2 0 0 0 
Jibs_PC#3510044787245990912 move all
Jibs_PC#3510044787245990912 attack 1 2
Jibs_PC#3510044787245990912 roll 3
Jibs_PC#3510044787245990912 roll 2
DICE 3 2 4 2 0 3 0 
Jibs_PC#3510044787245990912 move all
Jibs_PC#3510044787245990912 attack 2 6
Jibs_PC#3510044787245990912 retreat
Jibs_PC#3510044787245990912 attack 2 7
Jibs_PC#3510044787245990912 roll 3
Jibs_PC#3510044787245990912 roll 1
DICE 3 1 4 2 1 3 
Jibs_PC#3510044787245990912 attack 7 8
Jibs_PC#3510044787245990912 roll 2
Jibs_PC#3510044787245990912 roll 2
DICE 2 2 4 0 3 0 
Jibs_PC#3510044787245990912 roll 1
Jibs_PC#3510044787245990912 roll 1
DICE 1 1 5 0 
Jibs_PC#3510044787245990912 endattack
Jibs_PC#3510044787245990912 nomove
CARD 22
Jibs_PC#3510044787245990912 placearmies 33 1
Jibs_PC#3510044787245990912 placearmies 33 1
Jibs_PC#3510044787245990912 placearmies 33 1
Jibs_PC#3510044787245990912 placearmies 33 1
Jibs_PC#3510044787245990912 placearmies 33 1
Jibs_PC#3510044787245990912 attack 33 29
Jibs_PC#3510044787245990912 roll 3
Jibs_PC#3510044787245990912 roll 2
DICE 3 2 4 2 0 5 4 
Jibs_PC#3510044787245990912 roll 3
Jibs_PC#3510044787245990912 roll 2
DICE 3 2 5 3 3 5 2 
Jibs_PC#3510044787245990912 roll 3
Jibs_PC#3510044787245990912 roll 2
DICE 3 2 2 1 1 4 4 
Jibs_PC#3510044787245990912 retreat
Jibs_PC#3510044787245990912 endattack
Jibs_PC#3510044787245990912 nomove
CARD 
Jibs_PC#3510044787245990912 placearmies 20 1
Jibs_PC#3510044787245990912 placearmies 20 1
Jibs_PC#3510044787245990912 placearmies 20 1
Jibs_PC#3510044787245990912 attack 20 16
Jibs_PC#3510044787245990912 roll 3
Jibs_PC#3510044787245990912 roll 2
DICE 3 2 3 1 0 5 2 
Jibs_PC#3510044787245990912 retreat
Jibs_PC#3510044787245990912 attack 20 16
Jibs_PC#3510044787245990912 roll 1
Jibs_PC#3510044787245990912 roll 2
DICE 1 2 1 5 4 
Jibs_PC#3510044787245990912 endattack
Jibs_PC#3510044787245990912 nomove
CARD 
Jibs_PC#3510044787245990912 placearmies 36 1
Jibs_PC#3510044787245990912 placearmies 34 1
Jibs_PC#3510044787245990912 placearmies 36 1
Jibs_PC#3510044787245990912 attack 36 37
Jibs_PC#3510044787245990912 roll 2
Jibs_PC#3510044787245990912 roll 1
DICE 2 1 3 1 3 
Jibs_PC#3510044787245990912 roll 1
Jibs_PC#3510044787245990912 roll 1
DICE 1 1 3 2 
Jibs_PC#3510044787245990912 endattack
Jibs_PC#3510044787245990912 nomove
CARD 17
Jibs_PC#3510044787245990912 placearmies 42 1
Jibs_PC#3510044787245990912 placearmies 42 1
Jibs_PC#3510044787245990912 placearmies 42 1
Jibs_PC#3510044787245990912 attack 42 40
Jibs_PC#3510044787245990912 roll 3
Jibs_PC#3510044787245990912 roll 1
DICE 3 1 5 3 0 3 
Jibs_PC#3510044787245990912 endattack
Jibs_PC#3510044787245990912 movearmies 40 39 2
CARD 25
Jibs_PC#3510044787245990912 endtrade
Jibs_PC#3510044787245990912 placearmies 16 1
Jibs_PC#3510044787245990912 placearmies 16 1
Jibs_PC#3510044787245990912 placearmies 16 1
Jibs_PC#3510044787245990912 attack 16 20
Jibs_PC#3510044787245990912 roll 3
Jibs_PC#3510044787245990912 roll 1
DICE 3 1 3 2 2 0 
Jibs_PC#3510044787245990912 move all
Jibs_PC#3510044787245990912 attack 20 18
Jibs_PC#3510044787245990912 roll 3
Jibs_PC#3510044787245990912 roll 1
DICE 3 1 2 0 0 1 
Jibs_PC#3510044787245990912 move all
Jibs_PC#3510044787245990912 attack 18 17
Jibs_PC#3510044787245990912 roll 3
Jibs_PC#3510044787245990912 roll 1
DICE 3 1 5 4 0 3 
Jibs_PC#3510044787245990912 attack 17 19
Jibs_PC#3510044787245990912 roll 2
Jibs_PC#3510044787245990912 roll 2
DICE 2 2 3 2 0 0 
