Jibs_PC#150227379117363200 newplayer ai hard green s0914007
Jibs_PC#150227379117363200 newplayer ai hard blue bob
Jibs_PC#150227379117363200 newplayer ai hard red fred
Jibs_PC#150227379117363200 newplayer ai hard cyan ted
Jibs_PC#150227379117363200 newplayer ai hard magenta yura
Jibs_PC#150227379117363200 newplayer ai hard yellow lala
Jibs_PC#150227379117363200 startgame mission fixed autoplaceall recycle
PLAYER fred
MISSION 4 1 0 2 0 0
PLACEALL 22 6 1 29 5 33 25 35 28 17 34 40 14 20 8 42 4 27 7 32 30 15 36 13 18 21 3 11 19 26 10 39 9 41 12 23 16 31 24 38 37 2
Jibs_PC#150227379117363200 placearmies 10 1
CARD 
Jibs_PC#150227379117363200 placearmies 6 1
CARD 
Jibs_PC#150227379117363200 placearmies 1 1
CARD 
Jibs_PC#150227379117363200 placearmies 11 1
CARD 
Jibs_PC#150227379117363200 placearmies 36 1
CARD 
Jibs_PC#150227379117363200 placearmies 40 1
CARD 
Jibs_PC#150227379117363200 placearmies 10 1
CARD 
Jibs_PC#150227379117363200 placearmies 21 1
CARD 
Jibs_PC#150227379117363200 placearmies 1 1
CARD 
Jibs_PC#150227379117363200 placearmies 11 1
CARD 
Jibs_PC#150227379117363200 placearmies 36 1
CARD 
Jibs_PC#150227379117363200 placearmies 40 1
CARD 
Jibs_PC#150227379117363200 placearmies 10 1
CARD 
Jibs_PC#150227379117363200 placearmies 21 1
CARD 
Jibs_PC#150227379117363200 placearmies 1 1
CARD 
Jibs_PC#150227379117363200 placearmies 11 1
CARD 
Jibs_PC#150227379117363200 placearmies 36 1
CARD 
Jibs_PC#150227379117363200 placearmies 40 1
CARD 
Jibs_PC#150227379117363200 placearmies 10 1
CARD 
Jibs_PC#150227379117363200 placearmies 21 1
CARD 
Jibs_PC#150227379117363200 placearmies 1 1
CARD 
Jibs_PC#150227379117363200 placearmies 11 1
CARD 
Jibs_PC#150227379117363200 placearmies 36 1
CARD 
Jibs_PC#150227379117363200 placearmies 40 1
CARD 
Jibs_PC#150227379117363200 placearmies 10 1
CARD 
Jibs_PC#150227379117363200 placearmies 21 1
CARD 
Jibs_PC#150227379117363200 placearmies 1 1
CARD 
Jibs_PC#150227379117363200 placearmies 11 1
CARD 
Jibs_PC#150227379117363200 placearmies 36 1
CARD 
Jibs_PC#150227379117363200 placearmies 40 1
CARD 
Jibs_PC#150227379117363200 placearmies 10 1
CARD 
Jibs_PC#150227379117363200 placearmies 21 1
CARD 
Jibs_PC#150227379117363200 placearmies 1 1
CARD 
Jibs_PC#150227379117363200 placearmies 11 1
CARD 
Jibs_PC#150227379117363200 placearmies 36 1
CARD 
Jibs_PC#150227379117363200 placearmies 40 1
CARD 
Jibs_PC#150227379117363200 placearmies 10 1
CARD 
Jibs_PC#150227379117363200 placearmies 21 1
CARD 
Jibs_PC#150227379117363200 placearmies 1 1
CARD 
Jibs_PC#150227379117363200 placearmies 11 1
CARD 
Jibs_PC#150227379117363200 placearmies 36 1
CARD 
Jibs_PC#150227379117363200 placearmies 40 1
CARD 
Jibs_PC#150227379117363200 placearmies 22 1
CARD 
Jibs_PC#150227379117363200 placearmies 21 1
CARD 
Jibs_PC#150227379117363200 placearmies 1 1
CARD 
Jibs_PC#150227379117363200 placearmies 17 1
CARD 
Jibs_PC#150227379117363200 placearmies 36 1
CARD 
Jibs_PC#150227379117363200 placearmies 40 1
CARD 
Jibs_PC#150227379117363200 placearmies 22 1
CARD 
Jibs_PC#150227379117363200 placearmies 21 1
CARD 
Jibs_PC#150227379117363200 placearmies 1 1
CARD 
Jibs_PC#150227379117363200 placearmies 17 1
CARD 
Jibs_PC#150227379117363200 placearmies 36 1
CARD 
Jibs_PC#150227379117363200 placearmies 40 1
CARD 
Jibs_PC#150227379117363200 placearmies 22 1
CARD 
Jibs_PC#150227379117363200 placearmies 21 1
CARD 
Jibs_PC#150227379117363200 placearmies 1 1
CARD 
Jibs_PC#150227379117363200 placearmies 17 1
CARD 
Jibs_PC#150227379117363200 placearmies 36 1
CARD 
Jibs_PC#150227379117363200 placearmies 40 1
CARD 
Jibs_PC#150227379117363200 placearmies 22 1
CARD 
Jibs_PC#150227379117363200 placearmies 21 1
CARD 
Jibs_PC#150227379117363200 placearmies 1 1
CARD 
Jibs_PC#150227379117363200 placearmies 17 1
CARD 
Jibs_PC#150227379117363200 placearmies 36 1
CARD 
Jibs_PC#150227379117363200 placearmies 2 1
CARD 
Jibs_PC#150227379117363200 placearmies 22 1
CARD 
Jibs_PC#150227379117363200 placearmies 21 1
CARD 
Jibs_PC#150227379117363200 placearmies 1 1
CARD 
Jibs_PC#150227379117363200 placearmies 11 1
CARD 
Jibs_PC#150227379117363200 placearmies 36 1
CARD 
Jibs_PC#150227379117363200 placearmies 2 1
CARD 
Jibs_PC#150227379117363200 placearmies 22 1
CARD 
Jibs_PC#150227379117363200 placearmies 6 1
CARD 
Jibs_PC#150227379117363200 placearmies 1 1
CARD 
Jibs_PC#150227379117363200 placearmies 11 1
CARD 
Jibs_PC#150227379117363200 placearmies 36 1
CARD 
Jibs_PC#150227379117363200 placearmies 2 1
CARD 
Jibs_PC#150227379117363200 placearmies 22 1
Jibs_PC#150227379117363200 placearmies 22 2
Jibs_PC#150227379117363200 attack 10 12
Jibs_PC#150227379117363200 roll 3
Jibs_PC#150227379117363200 roll 1
DICE 3 1 3 2 2 2 
Jibs_PC#150227379117363200 move 7
Jibs_PC#150227379117363200 attack 22 24
Jibs_PC#150227379117363200 roll 3
Jibs_PC#150227379117363200 roll 1
DICE 3 1 4 2 2 5 
Jibs_PC#150227379117363200 roll 3
Jibs_PC#150227379117363200 roll 1
DICE 3 1 3 3 3 4 
Jibs_PC#150227379117363200 roll 3
Jibs_PC#150227379117363200 roll 1
DICE 3 1 4 2 1 3 
Jibs_PC#150227379117363200 move 7
Jibs_PC#150227379117363200 attack 24 23
Jibs_PC#150227379117363200 roll 3
Jibs_PC#150227379117363200 roll 1
DICE 3 1 3 2 0 3 
Jibs_PC#150227379117363200 roll 3
Jibs_PC#150227379117363200 roll 1
DICE 3 1 2 2 0 4 
Jibs_PC#150227379117363200 roll 3
Jibs_PC#150227379117363200 roll 1
DICE 3 1 4 3 1 3 
Jibs_PC#150227379117363200 move 4
Jibs_PC#150227379117363200 endattack
Jibs_PC#150227379117363200 nomove
CARD 24
Jibs_PC#150227379117363200 placearmies 21 2
Jibs_PC#150227379117363200 placearmies 21 1
Jibs_PC#150227379117363200 attack 21 23
Jibs_PC#150227379117363200 roll 3
Jibs_PC#150227379117363200 roll 2
DICE 3 2 4 3 1 0 0 
Jibs_PC#150227379117363200 roll 3
Jibs_PC#150227379117363200 roll 2
DICE 3 2 1 1 0 5 0 
Jibs_PC#150227379117363200 retreat
Jibs_PC#150227379117363200 attack 21 22
Jibs_PC#150227379117363200 roll 3
Jibs_PC#150227379117363200 roll 1
DICE 3 1 3 2 1 5 
Jibs_PC#150227379117363200 roll 3
Jibs_PC#150227379117363200 roll 1
DICE 3 1 3 2 0 2 
Jibs_PC#150227379117363200 move 12
Jibs_PC#150227379117363200 attack 22 24
Jibs_PC#150227379117363200 roll 3
Jibs_PC#150227379117363200 roll 1
DICE 3 1 5 4 2 1 
Jibs_PC#150227379117363200 move 11
Jibs_PC#150227379117363200 attack 24 23
Jibs_PC#150227379117363200 roll 3
Jibs_PC#150227379117363200 roll 1
DICE 3 1 5 4 3 0 
Jibs_PC#150227379117363200 move 9
Jibs_PC#150227379117363200 attack 23 25
Jibs_PC#150227379117363200 roll 3
Jibs_PC#150227379117363200 roll 1
DICE 3 1 4 3 2 3 
Jibs_PC#150227379117363200 move 8
Jibs_PC#150227379117363200 attack 25 26
Jibs_PC#150227379117363200 roll 3
Jibs_PC#150227379117363200 roll 1
DICE 3 1 4 2 1 0 
Jibs_PC#150227379117363200 move 3
Jibs_PC#150227379117363200 endattack
Jibs_PC#150227379117363200 movearmies 24 21 1
CARD wildcard
Jibs_PC#150227379117363200 placearmies 1 2
Jibs_PC#150227379117363200 placearmies 1 1
Jibs_PC#150227379117363200 attack 1 38
Jibs_PC#150227379117363200 roll 3
Jibs_PC#150227379117363200 roll 1
DICE 3 1 3 1 0 0 
Jibs_PC#150227379117363200 move 16
Jibs_PC#150227379117363200 endattack
Jibs_PC#150227379117363200 nomove
CARD 15
Jibs_PC#150227379117363200 placearmies 17 3
Jibs_PC#150227379117363200 attack 17 19
Jibs_PC#150227379117363200 roll 3
Jibs_PC#150227379117363200 roll 1
DICE 3 1 5 2 1 1 
Jibs_PC#150227379117363200 move 7
Jibs_PC#150227379117363200 attack 19 21
Jibs_PC#150227379117363200 roll 3
Jibs_PC#150227379117363200 roll 2
DICE 3 2 3 2 0 2 1 
Jibs_PC#150227379117363200 move 6
Jibs_PC#150227379117363200 attack 11 12
Jibs_PC#150227379117363200 roll 3
Jibs_PC#150227379117363200 roll 2
DICE 3 2 4 1 0 5 2 
Jibs_PC#150227379117363200 roll 3
Jibs_PC#150227379117363200 roll 2
DICE 3 2 5 3 0 4 1 
Jibs_PC#150227379117363200 roll 3
Jibs_PC#150227379117363200 roll 2
DICE 3 2 4 2 0 5 3 
Jibs_PC#150227379117363200 roll 3
Jibs_PC#150227379117363200 roll 2
DICE 3 2 2 2 0 3 2 
Jibs_PC#150227379117363200 roll 3
Jibs_PC#150227379117363200 roll 2
DICE 3 2 5 5 3 4 2 
Jibs_PC#150227379117363200 retreat
Jibs_PC#150227379117363200 attack 11 10
Jibs_PC#150227379117363200 roll 3
Jibs_PC#150227379117363200 roll 1
DICE 3 1 5 3 1 3 
Jibs_PC#150227379117363200 attack 21 12
Jibs_PC#150227379117363200 roll 3
Jibs_PC#150227379117363200 roll 2
DICE 3 2 3 2 1 2 1 
Jibs_PC#150227379117363200 roll 3
Jibs_PC#150227379117363200 roll 1
DICE 3 1 3 1 0 0 
Jibs_PC#150227379117363200 move 5
Jibs_PC#150227379117363200 attack 12 13
Jibs_PC#150227379117363200 roll 3
Jibs_PC#150227379117363200 roll 1
DICE 3 1 5 3 2 0 
Jibs_PC#150227379117363200 move 3
Jibs_PC#150227379117363200 endattack
Jibs_PC#150227379117363200 movearmies 12 21 1
CARD 3
Jibs_PC#150227379117363200 placearmies 36 3
Jibs_PC#150227379117363200 attack 36 38
Jibs_PC#150227379117363200 roll 3
Jibs_PC#150227379117363200 roll 2
DICE 3 2 1 0 0 0 0 
Jibs_PC#150227379117363200 roll 3
Jibs_PC#150227379117363200 roll 2
DICE 3 2 5 3 0 4 2 
Jibs_PC#150227379117363200 roll 3
Jibs_PC#150227379117363200 roll 2
DICE 3 2 5 4 1 5 1 
Jibs_PC#150227379117363200 roll 3
Jibs_PC#150227379117363200 roll 2
DICE 3 2 3 1 0 4 2 
Jibs_PC#150227379117363200 roll 3
Jibs_PC#150227379117363200 roll 2
DICE 3 2 4 4 3 5 2 
Jibs_PC#150227379117363200 roll 3
Jibs_PC#150227379117363200 roll 2
DICE 3 2 4 2 2 5 3 
Jibs_PC#150227379117363200 roll 3
Jibs_PC#150227379117363200 roll 2
DICE 3 2 4 3 1 4 3 
Jibs_PC#150227379117363200 roll 3
Jibs_PC#150227379117363200 roll 2
DICE 3 2 2 1 0 4 2 
Jibs_PC#150227379117363200 retreat
Jibs_PC#150227379117363200 attack 36 27
Jibs_PC#150227379117363200 roll 3
Jibs_PC#150227379117363200 roll 1
DICE 3 1 5 4 4 1 
Jibs_PC#150227379117363200 move 5
Jibs_PC#150227379117363200 endattack
Jibs_PC#150227379117363200 nomove
CARD 20
Jibs_PC#150227379117363200 placearmies 2 3
Jibs_PC#150227379117363200 attack 40 39
Jibs_PC#150227379117363200 roll 3
Jibs_PC#150227379117363200 roll 1
DICE 3 1 5 3 3 3 
Jibs_PC#150227379117363200 move 9
Jibs_PC#150227379117363200 attack 39 41
Jibs_PC#150227379117363200 roll 3
Jibs_PC#150227379117363200 roll 1
DICE 3 1 1 1 0 2 
Jibs_PC#150227379117363200 roll 3
Jibs_PC#150227379117363200 roll 1
DICE 3 1 3 1 0 3 
Jibs_PC#150227379117363200 roll 3
Jibs_PC#150227379117363200 roll 1
DICE 3 1 2 1 0 1 
Jibs_PC#150227379117363200 move 6
Jibs_PC#150227379117363200 attack 41 42
Jibs_PC#150227379117363200 roll 3
Jibs_PC#150227379117363200 roll 1
DICE 3 1 5 3 0 1 
Jibs_PC#150227379117363200 move 3
Jibs_PC#150227379117363200 endattack
Jibs_PC#150227379117363200 movearmies 42 40 1
CARD 39
Jibs_PC#150227379117363200 placearmies 18 3
Jibs_PC#150227379117363200 attack 18 15
Jibs_PC#150227379117363200 roll 3
Jibs_PC#150227379117363200 roll 1
DICE 3 1 2 1 0 1 
Jibs_PC#150227379117363200 attack 15 17
Jibs_PC#150227379117363200 roll 2
Jibs_PC#150227379117363200 roll 1
DICE 2 1 4 2 2 
Jibs_PC#150227379117363200 endattack
Jibs_PC#150227379117363200 nomove
CARD 25
Jibs_PC#150227379117363200 placearmies 6 1
Jibs_PC#150227379117363200 placearmies 6 1
Jibs_PC#150227379117363200 placearmies 6 1
Jibs_PC#150227379117363200 attack 6 7
Jibs_PC#150227379117363200 roll 3
Jibs_PC#150227379117363200 roll 1
DICE 3 1 4 1 1 1 
Jibs_PC#150227379117363200 move 5
Jibs_PC#150227379117363200 attack 7 9
Jibs_PC#150227379117363200 roll 3
Jibs_PC#150227379117363200 roll 1
DICE 3 1 5 4 3 1 
Jibs_PC#150227379117363200 move 4
Jibs_PC#150227379117363200 endattack
Jibs_PC#150227379117363200 movearmies 26 24 2
CARD 36
Jibs_PC#150227379117363200 placearmies 38 3
Jibs_PC#150227379117363200 attack 38 34
Jibs_PC#150227379117363200 roll 3
Jibs_PC#150227379117363200 roll 1
DICE 3 1 3 2 0 5 
Jibs_PC#150227379117363200 roll 3
Jibs_PC#150227379117363200 roll 1
DICE 3 1 1 0 0 3 
Jibs_PC#150227379117363200 roll 3
Jibs_PC#150227379117363200 roll 1
DICE 3 1 5 2 1 4 
Jibs_PC#150227379117363200 move 11
Jibs_PC#150227379117363200 attack 34 27
Jibs_PC#150227379117363200 roll 3
Jibs_PC#150227379117363200 roll 2
DICE 3 2 3 2 1 4 1 
Jibs_PC#150227379117363200 roll 3
Jibs_PC#150227379117363200 roll 2
DICE 3 2 2 1 1 5 4 
Jibs_PC#150227379117363200 roll 3
Jibs_PC#150227379117363200 roll 2
DICE 3 2 5 4 1 3 2 
Jibs_PC#150227379117363200 roll 3
Jibs_PC#150227379117363200 roll 2
DICE 3 2 5 2 1 4 1 
Jibs_PC#150227379117363200 move 7
Jibs_PC#150227379117363200 attack 27 29
Jibs_PC#150227379117363200 roll 3
Jibs_PC#150227379117363200 roll 1
DICE 3 1 2 1 0 0 
Jibs_PC#150227379117363200 move 6
Jibs_PC#150227379117363200 attack 29 36
Jibs_PC#150227379117363200 roll 3
Jibs_PC#150227379117363200 roll 1
DICE 3 1 4 4 1 5 
Jibs_PC#150227379117363200 roll 3
Jibs_PC#150227379117363200 roll 1
DICE 3 1 5 5 0 1 
Jibs_PC#150227379117363200 move 4
Jibs_PC#150227379117363200 attack 36 35
Jibs_PC#150227379117363200 roll 3
Jibs_PC#150227379117363200 roll 1
DICE 3 1 5 2 2 4 
Jibs_PC#150227379117363200 endattack
Jibs_PC#150227379117363200 movearmies 35 38 2
CARD 11
Jibs_PC#150227379117363200 placearmies 10 1
Jibs_PC#150227379117363200 placearmies 21 1
Jibs_PC#150227379117363200 placearmies 21 2
Jibs_PC#150227379117363200 placearmies 19 1
Jibs_PC#150227379117363200 attack 21 20
Jibs_PC#150227379117363200 roll 3
Jibs_PC#150227379117363200 roll 1
DICE 3 1 5 5 1 4 
Jibs_PC#150227379117363200 move 3
Jibs_PC#150227379117363200 endattack
Jibs_PC#150227379117363200 movearmies 20 21 2
CARD 26
Jibs_PC#150227379117363200 placearmies 4 3
Jibs_PC#150227379117363200 attack 4 3
Jibs_PC#150227379117363200 roll 3
Jibs_PC#150227379117363200 roll 1
DICE 3 1 5 3 3 2 
Jibs_PC#150227379117363200 endattack
Jibs_PC#150227379117363200 nomove
CARD 2
Jibs_PC#150227379117363200 placearmies 33 1
Jibs_PC#150227379117363200 placearmies 33 3
Jibs_PC#150227379117363200 placearmies 2 1
Jibs_PC#150227379117363200 attack 33 32
Jibs_PC#150227379117363200 roll 3
Jibs_PC#150227379117363200 roll 1
DICE 3 1 4 4 1 5 
Jibs_PC#150227379117363200 roll 3
Jibs_PC#150227379117363200 roll 1
DICE 3 1 4 3 2 3 
Jibs_PC#150227379117363200 endattack
Jibs_PC#150227379117363200 movearmies 32 33 2
CARD 42
Jibs_PC#150227379117363200 placearmies 18 3
Jibs_PC#150227379117363200 attack 18 19
Jibs_PC#150227379117363200 roll 3
Jibs_PC#150227379117363200 roll 2
DICE 3 2 4 1 0 3 0 
Jibs_PC#150227379117363200 attack 19 20
Jibs_PC#150227379117363200 roll 2
Jibs_PC#150227379117363200 roll 1
DICE 2 1 3 2 1 
Jibs_PC#150227379117363200 endattack
Jibs_PC#150227379117363200 movearmies 17 19 1
CARD 34
Jibs_PC#150227379117363200 placearmies 9 1
Jibs_PC#150227379117363200 placearmies 7 2
Jibs_PC#150227379117363200 attack 7 8
Jibs_PC#150227379117363200 roll 2
Jibs_PC#150227379117363200 roll 1
DICE 2 1 4 4 2 
Jibs_PC#150227379117363200 attack 9 5
Jibs_PC#150227379117363200 roll 3
Jibs_PC#150227379117363200 roll 1
DICE 3 1 5 3 0 1 
Jibs_PC#150227379117363200 move 4
Jibs_PC#150227379117363200 endattack
Jibs_PC#150227379117363200 movearmies 25 24 4
CARD 29
Jibs_PC#150227379117363200 placearmies 38 1
Jibs_PC#150227379117363200 placearmies 38 1
Jibs_PC#150227379117363200 placearmies 1 1
Jibs_PC#150227379117363200 attack 38 37
Jibs_PC#150227379117363200 roll 3
Jibs_PC#150227379117363200 roll 1
DICE 3 1 5 4 0 0 
Jibs_PC#150227379117363200 move 3
Jibs_PC#150227379117363200 endattack
Jibs_PC#150227379117363200 movearmies 38 1 1
CARD 18
Jibs_PC#150227379117363200 placearmies 21 3
Jibs_PC#150227379117363200 placearmies 21 1
Jibs_PC#150227379117363200 placearmies 10 1
Jibs_PC#150227379117363200 attack 21 19
Jibs_PC#150227379117363200 roll 3
Jibs_PC#150227379117363200 roll 2
DICE 3 2 4 2 0 5 4 
Jibs_PC#150227379117363200 roll 3
Jibs_PC#150227379117363200 roll 2
DICE 3 2 2 1 1 5 3 
Jibs_PC#150227379117363200 roll 3
Jibs_PC#150227379117363200 roll 2
DICE 3 2 3 1 0 1 0 
Jibs_PC#150227379117363200 endattack
Jibs_PC#150227379117363200 movearmies 19 21 2
CARD 12
Jibs_PC#150227379117363200 placearmies 3 1
Jibs_PC#150227379117363200 placearmies 3 1
Jibs_PC#150227379117363200 placearmies 4 1
Jibs_PC#150227379117363200 attack 3 1
Jibs_PC#150227379117363200 roll 3
Jibs_PC#150227379117363200 roll 2
DICE 3 2 5 4 3 5 0 
Jibs_PC#150227379117363200 roll 3
Jibs_PC#150227379117363200 roll 2
DICE 3 2 4 2 1 3 3 
Jibs_PC#150227379117363200 roll 2
Jibs_PC#150227379117363200 roll 1
DICE 2 1 5 1 4 
Jibs_PC#150227379117363200 endattack
Jibs_PC#150227379117363200 nomove
CARD 28
Jibs_PC#150227379117363200 placearmies 2 5
Jibs_PC#150227379117363200 attack 2 3
Jibs_PC#150227379117363200 roll 3
Jibs_PC#150227379117363200 roll 1
DICE 3 1 5 4 3 1 
Jibs_PC#150227379117363200 move 12
Jibs_PC#150227379117363200 attack 3 7
Jibs_PC#150227379117363200 roll 3
Jibs_PC#150227379117363200 roll 1
DICE 3 1 3 1 0 4 
Jibs_PC#150227379117363200 roll 3
Jibs_PC#150227379117363200 roll 1
DICE 3 1 5 5 0 1 
Jibs_PC#150227379117363200 move 10
Jibs_PC#150227379117363200 attack 7 9
Jibs_PC#150227379117363200 roll 3
Jibs_PC#150227379117363200 roll 1
DICE 3 1 4 4 0 3 
Jibs_PC#150227379117363200 move 9
Jibs_PC#150227379117363200 attack 9 8
Jibs_PC#150227379117363200 roll 3
Jibs_PC#150227379117363200 roll 2
DICE 3 2 4 2 0 4 0 
Jibs_PC#150227379117363200 roll 3
Jibs_PC#150227379117363200 roll 1
DICE 3 1 5 3 2 2 
Jibs_PC#150227379117363200 move 7
Jibs_PC#150227379117363200 attack 8 6
Jibs_PC#150227379117363200 roll 3
Jibs_PC#150227379117363200 roll 1
DICE 3 1 5 2 2 5 
Jibs_PC#150227379117363200 roll 3
Jibs_PC#150227379117363200 roll 1
DICE 3 1 4 3 1 0 
Jibs_PC#150227379117363200 move 5
Jibs_PC#150227379117363200 endattack
Jibs_PC#150227379117363200 movearmies 41 39 1
CARD 14
Jibs_PC#150227379117363200 placearmies 20 2
Jibs_PC#150227379117363200 placearmies 20 1
Jibs_PC#150227379117363200 attack 20 19
Jibs_PC#150227379117363200 roll 3
Jibs_PC#150227379117363200 roll 1
DICE 3 1 5 3 1 3 
Jibs_PC#150227379117363200 move 3
Jibs_PC#150227379117363200 endattack
Jibs_PC#150227379117363200 nomove
CARD 7
Jibs_PC#150227379117363200 trade wildcard 36 29
Jibs_PC#150227379117363200 placearmies 5 9
Jibs_PC#150227379117363200 placearmies 5 3
Jibs_PC#150227379117363200 placearmies 5 1
Jibs_PC#150227379117363200 attack 5 4
Jibs_PC#150227379117363200 roll 3
Jibs_PC#150227379117363200 roll 2
DICE 3 2 3 2 0 2 0 
Jibs_PC#150227379117363200 move 16
Jibs_PC#150227379117363200 attack 4 3
Jibs_PC#150227379117363200 roll 3
Jibs_PC#150227379117363200 roll 1
DICE 3 1 4 3 3 1 
Jibs_PC#150227379117363200 move 15
Jibs_PC#150227379117363200 attack 3 1
Jibs_PC#150227379117363200 roll 3
Jibs_PC#150227379117363200 roll 2
DICE 3 2 3 0 0 3 0 
Jibs_PC#150227379117363200 roll 3
Jibs_PC#150227379117363200 roll 2
DICE 3 2 5 2 1 2 0 
Jibs_PC#150227379117363200 move 12
Jibs_PC#150227379117363200 attack 1 2
Jibs_PC#150227379117363200 roll 3
Jibs_PC#150227379117363200 roll 1
DICE 3 1 4 4 2 2 
Jibs_PC#150227379117363200 move 11
Jibs_PC#150227379117363200 attack 2 6
Jibs_PC#150227379117363200 roll 3
Jibs_PC#150227379117363200 roll 2
DICE 3 2 5 2 1 1 0 
Jibs_PC#150227379117363200 roll 3
Jibs_PC#150227379117363200 roll 2
DICE 3 2 4 2 1 4 3 
Jibs_PC#150227379117363200 retreat
Jibs_PC#150227379117363200 attack 2 7
Jibs_PC#150227379117363200 roll 3
Jibs_PC#150227379117363200 roll 1
DICE 3 1 4 3 0 2 
Jibs_PC#150227379117363200 move 8
Jibs_PC#150227379117363200 attack 7 9
Jibs_PC#150227379117363200 roll 3
Jibs_PC#150227379117363200 roll 1
DICE 3 1 5 4 3 2 
Jibs_PC#150227379117363200 move 7
Jibs_PC#150227379117363200 attack 9 8
Jibs_PC#150227379117363200 roll 3
Jibs_PC#150227379117363200 roll 1
DICE 3 1 3 1 0 3 
Jibs_PC#150227379117363200 roll 3
Jibs_PC#150227379117363200 roll 1
DICE 3 1 2 2 0 1 
Jibs_PC#150227379117363200 move 5
Jibs_PC#150227379117363200 attack 8 6
Jibs_PC#150227379117363200 roll 3
Jibs_PC#150227379117363200 roll 2
DICE 3 2 2 0 0 4 4 
Jibs_PC#150227379117363200 retreat
Jibs_PC#150227379117363200 attack 24 21
Jibs_PC#150227379117363200 roll 3
Jibs_PC#150227379117363200 roll 2
DICE 3 2 5 5 2 4 3 
Jibs_PC#150227379117363200 roll 3
Jibs_PC#150227379117363200 roll 1
DICE 3 1 5 4 3 1 
Jibs_PC#150227379117363200 move 6
Jibs_PC#150227379117363200 attack 21 20
Jibs_PC#150227379117363200 roll 3
Jibs_PC#150227379117363200 roll 2
DICE 3 2 2 1 1 5 4 
Jibs_PC#150227379117363200 roll 3
Jibs_PC#150227379117363200 roll 2
DICE 3 2 1 1 0 4 3 
Jibs_PC#150227379117363200 retreat
Jibs_PC#150227379117363200 endattack
Jibs_PC#150227379117363200 nomove
CARD 31
Jibs_PC#150227379117363200 placearmies 30 3
Jibs_PC#150227379117363200 attack 30 31
Jibs_PC#150227379117363200 roll 3
Jibs_PC#150227379117363200 roll 1
DICE 3 1 5 3 2 4 
Jibs_PC#150227379117363200 attack 31 22
Jibs_PC#150227379117363200 roll 2
Jibs_PC#150227379117363200 roll 1
DICE 2 1 4 4 3 
Jibs_PC#150227379117363200 endattack
Jibs_PC#150227379117363200 movearmies 37 38 2
CARD 9
Jibs_PC#150227379117363200 placearmies 12 1
Jibs_PC#150227379117363200 placearmies 10 3
Jibs_PC#150227379117363200 placearmies 10 1
Jibs_PC#150227379117363200 attack 10 5
Jibs_PC#150227379117363200 roll 3
Jibs_PC#150227379117363200 roll 1
DICE 3 1 4 3 0 1 
Jibs_PC#150227379117363200 move 8
Jibs_PC#150227379117363200 endattack
Jibs_PC#150227379117363200 movearmies 13 12 2
CARD 23
Jibs_PC#150227379117363200 placearmies 6 1
Jibs_PC#150227379117363200 placearmies 6 4
Jibs_PC#150227379117363200 attack 6 14
Jibs_PC#150227379117363200 roll 3
Jibs_PC#150227379117363200 roll 1
DICE 3 1 2 2 1 5 
Jibs_PC#150227379117363200 roll 3
Jibs_PC#150227379117363200 roll 1
DICE 3 1 5 2 2 0 
Jibs_PC#150227379117363200 move 6
Jibs_PC#150227379117363200 attack 14 17
Jibs_PC#150227379117363200 roll 3
Jibs_PC#150227379117363200 roll 1
DICE 3 1 5 5 1 3 
Jibs_PC#150227379117363200 move 5
Jibs_PC#150227379117363200 endattack
Jibs_PC#150227379117363200 movearmies 39 33 1
CARD 13
Jibs_PC#150227379117363200 placearmies 20 2
Jibs_PC#150227379117363200 placearmies 19 1
Jibs_PC#150227379117363200 attack 20 21
Jibs_PC#150227379117363200 roll 3
Jibs_PC#150227379117363200 roll 2
DICE 3 2 5 3 2 1 1 
Jibs_PC#150227379117363200 endattack
Jibs_PC#150227379117363200 movearmies 21 19 2
CARD 22
Jibs_PC#150227379117363200 placearmies 8 1
Jibs_PC#150227379117363200 placearmies 8 1
Jibs_PC#150227379117363200 placearmies 9 1
Jibs_PC#150227379117363200 attack 8 6
Jibs_PC#150227379117363200 roll 3
Jibs_PC#150227379117363200 roll 1
DICE 3 1 4 1 1 3 
Jibs_PC#150227379117363200 move 4
Jibs_PC#150227379117363200 endattack
Jibs_PC#150227379117363200 nomove
CARD 5
Jibs_PC#150227379117363200 placearmies 38 1
Jibs_PC#150227379117363200 placearmies 29 2
Jibs_PC#150227379117363200 attack 29 32
Jibs_PC#150227379117363200 roll 2
Jibs_PC#150227379117363200 roll 1
DICE 2 1 4 1 2 
Jibs_PC#150227379117363200 endattack
Jibs_PC#150227379117363200 nomove
CARD 40
Jibs_PC#150227379117363200 trade 3 12 23
Jibs_PC#150227379117363200 placearmies 5 15
Jibs_PC#150227379117363200 attack 5 4
Jibs_PC#150227379117363200 roll 3
Jibs_PC#150227379117363200 roll 1
DICE 3 1 3 1 0 3 
Jibs_PC#150227379117363200 roll 3
Jibs_PC#150227379117363200 roll 1
DICE 3 1 4 2 0 4 
Jibs_PC#150227379117363200 roll 3
Jibs_PC#150227379117363200 roll 1
DICE 3 1 3 2 0 4 
Jibs_PC#150227379117363200 roll 3
Jibs_PC#150227379117363200 roll 1
DICE 3 1 4 4 2 0 
Jibs_PC#150227379117363200 move 18
Jibs_PC#150227379117363200 attack 4 3
Jibs_PC#150227379117363200 roll 3
Jibs_PC#150227379117363200 roll 1
DICE 3 1 5 4 2 5 
Jibs_PC#150227379117363200 roll 3
Jibs_PC#150227379117363200 roll 1
DICE 3 1 5 3 0 1 
Jibs_PC#150227379117363200 move 16
Jibs_PC#150227379117363200 attack 3 1
Jibs_PC#150227379117363200 roll 3
Jibs_PC#150227379117363200 roll 1
DICE 3 1 4 4 3 4 
Jibs_PC#150227379117363200 roll 3
Jibs_PC#150227379117363200 roll 1
DICE 3 1 4 3 3 5 
Jibs_PC#150227379117363200 roll 3
Jibs_PC#150227379117363200 roll 1
DICE 3 1 4 1 1 1 
Jibs_PC#150227379117363200 move 13
Jibs_PC#150227379117363200 attack 1 2
Jibs_PC#150227379117363200 roll 3
Jibs_PC#150227379117363200 roll 1
DICE 3 1 5 5 3 5 
Jibs_PC#150227379117363200 roll 3
Jibs_PC#150227379117363200 roll 1
DICE 3 1 4 3 2 1 
Jibs_PC#150227379117363200 move 11
Jibs_PC#150227379117363200 attack 2 6
Jibs_PC#150227379117363200 roll 3
Jibs_PC#150227379117363200 roll 2
DICE 3 2 4 3 2 5 2 
Jibs_PC#150227379117363200 roll 3
Jibs_PC#150227379117363200 roll 2
DICE 3 2 5 4 2 4 2 
Jibs_PC#150227379117363200 roll 3
Jibs_PC#150227379117363200 roll 1
DICE 3 1 3 0 0 0 
Jibs_PC#150227379117363200 move 9
Jibs_PC#150227379117363200 attack 6 7
Jibs_PC#150227379117363200 roll 3
Jibs_PC#150227379117363200 roll 1
DICE 3 1 0 0 0 4 
Jibs_PC#150227379117363200 roll 3
Jibs_PC#150227379117363200 roll 1
DICE 3 1 3 1 0 0 
Jibs_PC#150227379117363200 move 7
Jibs_PC#150227379117363200 attack 7 8
Jibs_PC#150227379117363200 roll 3
Jibs_PC#150227379117363200 roll 1
DICE 3 1 5 2 0 2 
Jibs_PC#150227379117363200 move 6
Jibs_PC#150227379117363200 endattack
Jibs_PC#150227379117363200 nomove
CARD 37
Jibs_PC#150227379117363200 trade 42 14 13
Jibs_PC#150227379117363200 placearmies 14 9
Jibs_PC#150227379117363200 attack 14 15
Jibs_PC#150227379117363200 roll 3
Jibs_PC#150227379117363200 roll 1
DICE 3 1 3 2 0 3 
Jibs_PC#150227379117363200 roll 3
Jibs_PC#150227379117363200 roll 1
DICE 3 1 5 3 1 3 
Jibs_PC#150227379117363200 move 8
Jibs_PC#150227379117363200 attack 15 16
Jibs_PC#150227379117363200 roll 3
Jibs_PC#150227379117363200 roll 1
DICE 3 1 5 4 4 2 
Jibs_PC#150227379117363200 move 7
Jibs_PC#150227379117363200 attack 16 20
Jibs_PC#150227379117363200 roll 3
Jibs_PC#150227379117363200 roll 1
DICE 3 1 5 3 2 3 
Jibs_PC#150227379117363200 move 6
Jibs_PC#150227379117363200 attack 17 18
Jibs_PC#150227379117363200 roll 3
Jibs_PC#150227379117363200 roll 1
DICE 3 1 4 2 2 5 
Jibs_PC#150227379117363200 roll 3
Jibs_PC#150227379117363200 roll 1
DICE 3 1 4 1 0 5 
Jibs_PC#150227379117363200 roll 2
Jibs_PC#150227379117363200 roll 1
DICE 2 1 0 0 2 
Jibs_PC#150227379117363200 retreat
Jibs_PC#150227379117363200 attack 20 18
Jibs_PC#150227379117363200 roll 3
Jibs_PC#150227379117363200 roll 1
DICE 3 1 1 1 0 2 
Jibs_PC#150227379117363200 roll 3
Jibs_PC#150227379117363200 roll 1
DICE 3 1 5 5 3 4 
Jibs_PC#150227379117363200 move 4
Jibs_PC#150227379117363200 endattack
Jibs_PC#150227379117363200 movearmies 42 41 2
CARD wildcard
Jibs_PC#150227379117363200 trade 24 34 22
Jibs_PC#150227379117363200 placearmies 21 13
Jibs_PC#150227379117363200 attack 21 12
Jibs_PC#150227379117363200 roll 3
Jibs_PC#150227379117363200 roll 2
DICE 3 2 3 3 2 4 0 
Jibs_PC#150227379117363200 roll 3
Jibs_PC#150227379117363200 roll 2
DICE 3 2 5 3 2 2 0 
Jibs_PC#150227379117363200 roll 3
Jibs_PC#150227379117363200 roll 2
DICE 3 2 1 1 0 5 4 
Jibs_PC#150227379117363200 roll 3
Jibs_PC#150227379117363200 roll 2
DICE 3 2 3 1 0 5 5 
Jibs_PC#150227379117363200 roll 3
Jibs_PC#150227379117363200 roll 2
DICE 3 2 2 2 1 4 0 
Jibs_PC#150227379117363200 roll 3
Jibs_PC#150227379117363200 roll 2
DICE 3 2 5 5 1 5 0 
Jibs_PC#150227379117363200 roll 3
Jibs_PC#150227379117363200 roll 1
DICE 3 1 5 4 0 3 
Jibs_PC#150227379117363200 move 6
Jibs_PC#150227379117363200 attack 12 10
Jibs_PC#150227379117363200 roll 3
Jibs_PC#150227379117363200 roll 1
DICE 3 1 1 0 0 5 
Jibs_PC#150227379117363200 roll 3
Jibs_PC#150227379117363200 roll 1
DICE 3 1 3 3 2 0 
Jibs_PC#150227379117363200 move 4
Jibs_PC#150227379117363200 attack 10 11
Jibs_PC#150227379117363200 roll 3
Jibs_PC#150227379117363200 roll 1
DICE 3 1 4 4 0 4 
Jibs_PC#150227379117363200 roll 2
Jibs_PC#150227379117363200 roll 1
DICE 2 1 3 3 0 
Jibs_PC#150227379117363200 endattack
Jibs_PC#150227379117363200 nomove
CARD 4
Jibs_PC#150227379117363200 trade 20 28 5
Jibs_PC#150227379117363200 placearmies 9 2
Jibs_PC#150227379117363200 placearmies 24 7
Jibs_PC#150227379117363200 attack 24 21
Jibs_PC#150227379117363200 roll 3
Jibs_PC#150227379117363200 roll 1
DICE 3 1 5 3 0 5 
Jibs_PC#150227379117363200 roll 3
Jibs_PC#150227379117363200 roll 1
DICE 3 1 4 2 1 1 
Jibs_PC#150227379117363200 move 6
Jibs_PC#150227379117363200 attack 21 22
Jibs_PC#150227379117363200 roll 3
Jibs_PC#150227379117363200 roll 2
DICE 3 2 5 5 2 0 0 
Jibs_PC#150227379117363200 move 4
Jibs_PC#150227379117363200 endattack
Jibs_PC#150227379117363200 nomove
CARD 17
Jibs_PC#150227379117363200 trade 11 18 40
Jibs_PC#150227379117363200 placearmies 32 7
Jibs_PC#150227379117363200 placearmies 38 1
Jibs_PC#150227379117363200 placearmies 31 1
Jibs_PC#150227379117363200 attack 32 33
Jibs_PC#150227379117363200 roll 3
Jibs_PC#150227379117363200 roll 2
DICE 3 2 4 2 1 4 0 
Jibs_PC#150227379117363200 roll 3
Jibs_PC#150227379117363200 roll 2
DICE 3 2 5 4 1 5 2 
Jibs_PC#150227379117363200 roll 3
Jibs_PC#150227379117363200 roll 2
DICE 3 2 5 1 0 1 1 
Jibs_PC#150227379117363200 roll 3
Jibs_PC#150227379117363200 roll 1
DICE 3 1 5 4 2 2 
Jibs_PC#150227379117363200 move 5
Jibs_PC#150227379117363200 attack 33 39
Jibs_PC#150227379117363200 roll 3
Jibs_PC#150227379117363200 roll 1
DICE 3 1 5 1 0 4 
Jibs_PC#150227379117363200 move 4
Jibs_PC#150227379117363200 endattack
Jibs_PC#150227379117363200 nomove
CARD 27
Jibs_PC#150227379117363200 placearmies 8 1
Jibs_PC#150227379117363200 placearmies 8 1
Jibs_PC#150227379117363200 placearmies 8 1
Jibs_PC#150227379117363200 attack 8 9
Jibs_PC#150227379117363200 roll 3
Jibs_PC#150227379117363200 roll 2
DICE 3 2 2 2 1 3 0 
Jibs_PC#150227379117363200 roll 3
Jibs_PC#150227379117363200 roll 2
DICE 3 2 5 2 1 5 3 
Jibs_PC#150227379117363200 roll 3
Jibs_PC#150227379117363200 roll 2
DICE 3 2 5 3 1 1 1 
Jibs_PC#150227379117363200 roll 3
Jibs_PC#150227379117363200 roll 1
DICE 3 1 2 1 0 2 
Jibs_PC#150227379117363200 roll 3
Jibs_PC#150227379117363200 roll 1
DICE 3 1 5 5 2 2 
Jibs_PC#150227379117363200 move 3
Jibs_PC#150227379117363200 endattack
Jibs_PC#150227379117363200 movearmies 8 6 1
CARD 16
Jibs_PC#150227379117363200 placearmies 16 3
Jibs_PC#150227379117363200 attack 16 31
Jibs_PC#150227379117363200 roll 3
Jibs_PC#150227379117363200 roll 2
DICE 3 2 5 2 0 5 5 
Jibs_PC#150227379117363200 retreat
Jibs_PC#150227379117363200 attack 41 39
Jibs_PC#150227379117363200 roll 3
Jibs_PC#150227379117363200 roll 2
DICE 3 2 5 4 1 4 0 
Jibs_PC#150227379117363200 roll 3
Jibs_PC#150227379117363200 roll 2
DICE 3 2 5 3 0 3 0 
Jibs_PC#150227379117363200 attack 39 33
Jibs_PC#150227379117363200 roll 2
Jibs_PC#150227379117363200 roll 1
DICE 2 1 4 2 2 
Jibs_PC#150227379117363200 endattack
Jibs_PC#150227379117363200 movearmies 40 39 1
CARD 10
Jibs_PC#150227379117363200 trade 25 7 4
Jibs_PC#150227379117363200 placearmies 11 3
Jibs_PC#150227379117363200 placearmies 12 5
Jibs_PC#150227379117363200 placearmies 12 5
Jibs_PC#150227379117363200 attack 19 21
Jibs_PC#150227379117363200 roll 3
Jibs_PC#150227379117363200 roll 2
DICE 3 2 5 4 1 5 4 
Jibs_PC#150227379117363200 roll 3
Jibs_PC#150227379117363200 roll 2
DICE 3 2 5 5 4 3 3 
Jibs_PC#150227379117363200 attack 12 13
Jibs_PC#150227379117363200 roll 3
Jibs_PC#150227379117363200 roll 1
DICE 3 1 4 1 1 2 
Jibs_PC#150227379117363200 move 3
Jibs_PC#150227379117363200 endattack
Jibs_PC#150227379117363200 movearmies 11 10 4
CARD 30
Jibs_PC#150227379117363200 placearmies 22 3
Jibs_PC#150227379117363200 attack 22 21
Jibs_PC#150227379117363200 roll 3
Jibs_PC#150227379117363200 roll 2
DICE 3 2 5 2 2 2 1 
Jibs_PC#150227379117363200 roll 3
Jibs_PC#150227379117363200 roll 1
DICE 3 1 2 1 1 0 
Jibs_PC#150227379117363200 move 5
Jibs_PC#150227379117363200 endattack
Jibs_PC#150227379117363200 nomove
CARD 8
Jibs_PC#150227379117363200 trade 15 9 27
Jibs_PC#150227379117363200 placearmies 29 5
Jibs_PC#150227379117363200 placearmies 29 6
Jibs_PC#150227379117363200 attack 29 33
Jibs_PC#150227379117363200 roll 3
Jibs_PC#150227379117363200 roll 2
DICE 3 2 5 4 3 4 3 
Jibs_PC#150227379117363200 move 11
Jibs_PC#150227379117363200 attack 33 39
Jibs_PC#150227379117363200 roll 3
Jibs_PC#150227379117363200 roll 2
DICE 3 2 5 4 4 1 0 
Jibs_PC#150227379117363200 move 10
Jibs_PC#150227379117363200 attack 38 1
Jibs_PC#150227379117363200 roll 3
Jibs_PC#150227379117363200 roll 1
DICE 3 1 4 3 2 4 
Jibs_PC#150227379117363200 roll 3
Jibs_PC#150227379117363200 roll 1
DICE 3 1 4 3 2 2 
Jibs_PC#150227379117363200 attack 39 40
Jibs_PC#150227379117363200 roll 3
Jibs_PC#150227379117363200 roll 2
DICE 3 2 3 0 0 3 1 
Jibs_PC#150227379117363200 roll 3
Jibs_PC#150227379117363200 roll 2
DICE 3 2 2 1 0 4 4 
Jibs_PC#150227379117363200 roll 3
Jibs_PC#150227379117363200 roll 2
DICE 3 2 4 3 2 3 2 
Jibs_PC#150227379117363200 move 4
Jibs_PC#150227379117363200 attack 40 42
Jibs_PC#150227379117363200 roll 3
Jibs_PC#150227379117363200 roll 2
DICE 3 2 3 0 0 4 2 
Jibs_PC#150227379117363200 retreat
Jibs_PC#150227379117363200 endattack
Jibs_PC#150227379117363200 movearmies 40 39 1
CARD 41
Jibs_PC#150227379117363200 placearmies 6 2
Jibs_PC#150227379117363200 placearmies 6 1
Jibs_PC#150227379117363200 attack 6 14
Jibs_PC#150227379117363200 roll 3
Jibs_PC#150227379117363200 roll 1
DICE 3 1 5 5 2 3 
Jibs_PC#150227379117363200 move 4
Jibs_PC#150227379117363200 endattack
Jibs_PC#150227379117363200 movearmies 9 5 2
CARD 19
Jibs_PC#150227379117363200 trade 39 wildcard 10
Jibs_PC#150227379117363200 placearmies 42 9
Jibs_PC#150227379117363200 placearmies 16 3
Jibs_PC#150227379117363200 placearmies 18 1
Jibs_PC#150227379117363200 attack 16 28
Jibs_PC#150227379117363200 roll 3
Jibs_PC#150227379117363200 roll 1
DICE 3 1 1 1 0 5 
Jibs_PC#150227379117363200 roll 3
Jibs_PC#150227379117363200 roll 1
DICE 3 1 3 0 0 5 
Jibs_PC#150227379117363200 retreat
Jibs_PC#150227379117363200 attack 16 28
Jibs_PC#150227379117363200 roll 2
Jibs_PC#150227379117363200 roll 1
DICE 2 1 4 0 0 
Jibs_PC#150227379117363200 attack 42 40
Jibs_PC#150227379117363200 roll 3
Jibs_PC#150227379117363200 roll 1
DICE 3 1 3 2 0 3 
Jibs_PC#150227379117363200 roll 3
Jibs_PC#150227379117363200 roll 1
DICE 3 1 5 2 1 1 
Jibs_PC#150227379117363200 move 9
Jibs_PC#150227379117363200 attack 40 39
Jibs_PC#150227379117363200 roll 3
Jibs_PC#150227379117363200 roll 2
DICE 3 2 4 4 1 2 2 
Jibs_PC#150227379117363200 roll 3
Jibs_PC#150227379117363200 roll 1
DICE 3 1 5 4 1 1 
Jibs_PC#150227379117363200 move 8
Jibs_PC#150227379117363200 attack 18 19
Jibs_PC#150227379117363200 roll 3
Jibs_PC#150227379117363200 roll 1
DICE 3 1 5 4 1 4 
Jibs_PC#150227379117363200 move 4
Jibs_PC#150227379117363200 attack 39 33
Jibs_PC#150227379117363200 roll 3
Jibs_PC#150227379117363200 roll 1
DICE 3 1 4 4 1 1 
Jibs_PC#150227379117363200 move 7
Jibs_PC#150227379117363200 endattack
Jibs_PC#150227379117363200 nomove
CARD 35
Jibs_PC#150227379117363200 placearmies 10 5
Jibs_PC#150227379117363200 attack 12 21
Jibs_PC#150227379117363200 roll 3
Jibs_PC#150227379117363200 roll 2
DICE 3 2 5 4 0 4 1 
Jibs_PC#150227379117363200 roll 3
Jibs_PC#150227379117363200 roll 2
DICE 3 2 5 4 1 3 1 
Jibs_PC#150227379117363200 roll 3
Jibs_PC#150227379117363200 roll 1
DICE 3 1 4 2 0 1 
Jibs_PC#150227379117363200 move 7
Jibs_PC#150227379117363200 endattack
Jibs_PC#150227379117363200 movearmies 13 11 1
CARD 38
Jibs_PC#150227379117363200 trade 2 31 8
Jibs_PC#150227379117363200 placearmies 22 2
Jibs_PC#150227379117363200 placearmies 22 8
Jibs_PC#150227379117363200 placearmies 22 1
Jibs_PC#150227379117363200 attack 22 21
Jibs_PC#150227379117363200 roll 3
Jibs_PC#150227379117363200 roll 2
DICE 3 2 3 1 1 0 0 
Jibs_PC#150227379117363200 roll 3
Jibs_PC#150227379117363200 roll 2
DICE 3 2 3 2 1 4 4 
Jibs_PC#150227379117363200 roll 3
Jibs_PC#150227379117363200 roll 2
DICE 3 2 4 4 2 5 3 
Jibs_PC#150227379117363200 roll 3
Jibs_PC#150227379117363200 roll 2
DICE 3 2 2 0 0 4 1 
Jibs_PC#150227379117363200 roll 3
Jibs_PC#150227379117363200 roll 2
DICE 3 2 5 3 0 4 2 
Jibs_PC#150227379117363200 roll 3
Jibs_PC#150227379117363200 roll 2
DICE 3 2 5 4 1 5 3 
Jibs_PC#150227379117363200 roll 3
Jibs_PC#150227379117363200 roll 1
DICE 3 1 4 4 0 0 
Jibs_PC#150227379117363200 move 5
Jibs_PC#150227379117363200 attack 21 12
Jibs_PC#150227379117363200 roll 3
Jibs_PC#150227379117363200 roll 1
DICE 3 1 2 2 0 3 
Jibs_PC#150227379117363200 roll 3
Jibs_PC#150227379117363200 roll 1
DICE 3 1 4 2 2 1 
Jibs_PC#150227379117363200 endattack
Jibs_PC#150227379117363200 movearmies 12 21 2
CARD 32
Jibs_PC#150227379117363200 placearmies 1 1
Jibs_PC#150227379117363200 placearmies 27 2
Jibs_PC#150227379117363200 attack 27 28
Jibs_PC#150227379117363200 roll 3
Jibs_PC#150227379117363200 roll 2
DICE 3 2 4 2 0 3 2 
Jibs_PC#150227379117363200 roll 3
Jibs_PC#150227379117363200 roll 1
DICE 3 1 5 4 1 3 
Jibs_PC#150227379117363200 endattack
Jibs_PC#150227379117363200 nomove
CARD 21
Jibs_PC#150227379117363200 trade 26 37 19
Jibs_PC#150227379117363200 placearmies 3 7
Jibs_PC#150227379117363200 attack 3 1
Jibs_PC#150227379117363200 roll 3
Jibs_PC#150227379117363200 roll 2
DICE 3 2 1 1 1 5 0 
Jibs_PC#150227379117363200 roll 3
Jibs_PC#150227379117363200 roll 2
DICE 3 2 5 4 1 4 0 
Jibs_PC#150227379117363200 roll 3
Jibs_PC#150227379117363200 roll 1
DICE 3 1 3 1 0 0 
Jibs_PC#150227379117363200 move 6
Jibs_PC#150227379117363200 attack 1 38
Jibs_PC#150227379117363200 roll 3
Jibs_PC#150227379117363200 roll 1
DICE 3 1 2 1 0 1 
Jibs_PC#150227379117363200 move 5
Jibs_PC#150227379117363200 attack 38 37
Jibs_PC#150227379117363200 roll 3
Jibs_PC#150227379117363200 roll 1
DICE 3 1 5 0 0 3 
Jibs_PC#150227379117363200 move 3
Jibs_PC#150227379117363200 endattack
Jibs_PC#150227379117363200 movearmies 37 38 2
CARD 6
Jibs_PC#150227379117363200 placearmies 19 4
Jibs_PC#150227379117363200 placearmies 33 1
Jibs_PC#150227379117363200 attack 19 21
Jibs_PC#150227379117363200 roll 3
Jibs_PC#150227379117363200 roll 2
DICE 3 2 3 2 0 5 1 
Jibs_PC#150227379117363200 roll 3
Jibs_PC#150227379117363200 roll 2
DICE 3 2 5 3 2 3 2 
Jibs_PC#150227379117363200 move 6
Jibs_PC#150227379117363200 attack 33 32
Jibs_PC#150227379117363200 roll 3
Jibs_PC#150227379117363200 roll 1
DICE 3 1 5 4 2 0 
Jibs_PC#150227379117363200 move 6
Jibs_PC#150227379117363200 attack 32 31
Jibs_PC#150227379117363200 roll 3
Jibs_PC#150227379117363200 roll 2
DICE 3 2 4 3 2 3 2 
Jibs_PC#150227379117363200 move 5
Jibs_PC#150227379117363200 attack 21 22
Jibs_PC#150227379117363200 roll 3
Jibs_PC#150227379117363200 roll 2
DICE 3 2 4 3 2 2 1 
Jibs_PC#150227379117363200 move 5
Jibs_PC#150227379117363200 attack 22 24
Jibs_PC#150227379117363200 roll 3
Jibs_PC#150227379117363200 roll 1
DICE 3 1 3 3 1 4 
Jibs_PC#150227379117363200 roll 3
Jibs_PC#150227379117363200 roll 1
DICE 3 1 5 5 4 2 
Jibs_PC#150227379117363200 attack 31 30
Jibs_PC#150227379117363200 roll 3
Jibs_PC#150227379117363200 roll 1
DICE 3 1 2 1 1 1 
Jibs_PC#150227379117363200 move 4
Jibs_PC#150227379117363200 endattack
Jibs_PC#150227379117363200 nomove
CARD 1
Jibs_PC#150227379117363200 placearmies 10 3
Jibs_PC#150227379117363200 attack 10 5
Jibs_PC#150227379117363200 roll 3
Jibs_PC#150227379117363200 roll 2
DICE 3 2 3 2 0 5 2 
Jibs_PC#150227379117363200 roll 3
Jibs_PC#150227379117363200 roll 2
DICE 3 2 4 2 1 5 2 
Jibs_PC#150227379117363200 roll 3
Jibs_PC#150227379117363200 roll 2
DICE 3 2 4 2 0 3 1 
Jibs_PC#150227379117363200 roll 3
Jibs_PC#150227379117363200 roll 2
DICE 3 2 5 3 2 3 1 
Jibs_PC#150227379117363200 move 8
Jibs_PC#150227379117363200 endattack
Jibs_PC#150227379117363200 movearmies 5 10 7
CARD 33
Jibs_PC#150227379117363200 placearmies 23 3
Jibs_PC#150227379117363200 attack 23 21
Jibs_PC#150227379117363200 roll 3
Jibs_PC#150227379117363200 roll 1
DICE 3 1 2 2 0 1 
Jibs_PC#150227379117363200 attack 21 22
Jibs_PC#150227379117363200 roll 2
Jibs_PC#150227379117363200 roll 1
DICE 2 1 5 4 1 
Jibs_PC#150227379117363200 endattack
Jibs_PC#150227379117363200 nomove
CARD 27
Jibs_PC#150227379117363200 placearmies 28 1
Jibs_PC#150227379117363200 placearmies 35 2
Jibs_PC#150227379117363200 attack 28 16
Jibs_PC#150227379117363200 roll 3
Jibs_PC#150227379117363200 roll 1
DICE 3 1 4 3 2 0 
Jibs_PC#150227379117363200 endattack
Jibs_PC#150227379117363200 movearmies 16 28 2
CARD 18
Jibs_PC#150227379117363200 placearmies 4 3
Jibs_PC#150227379117363200 attack 4 5
Jibs_PC#150227379117363200 roll 3
Jibs_PC#150227379117363200 roll 1
DICE 3 1 3 2 0 4 
Jibs_PC#150227379117363200 roll 2
Jibs_PC#150227379117363200 roll 1
DICE 2 1 2 0 5 
Jibs_PC#150227379117363200 retreat
Jibs_PC#150227379117363200 attack 14 17
Jibs_PC#150227379117363200 roll 3
Jibs_PC#150227379117363200 roll 2
DICE 3 2 5 2 2 4 0 
Jibs_PC#150227379117363200 endattack
Jibs_PC#150227379117363200 nomove
CARD 23
Jibs_PC#150227379117363200 placearmies 30 1
Jibs_PC#150227379117363200 placearmies 30 3
Jibs_PC#150227379117363200 placearmies 24 2
Jibs_PC#150227379117363200 attack 30 16
Jibs_PC#150227379117363200 roll 3
Jibs_PC#150227379117363200 roll 1
DICE 3 1 3 2 0 3 
Jibs_PC#150227379117363200 roll 3
Jibs_PC#150227379117363200 roll 1
DICE 3 1 4 1 1 0 
Jibs_PC#150227379117363200 move 6
Jibs_PC#150227379117363200 attack 24 26
Jibs_PC#150227379117363200 roll 3
Jibs_PC#150227379117363200 roll 1
DICE 3 1 5 1 0 3 
Jibs_PC#150227379117363200 move 4
Jibs_PC#150227379117363200 attack 16 28
Jibs_PC#150227379117363200 roll 3
Jibs_PC#150227379117363200 roll 2
DICE 3 2 4 3 2 4 2 
Jibs_PC#150227379117363200 roll 3
Jibs_PC#150227379117363200 roll 2
DICE 3 2 4 3 3 0 0 
Jibs_PC#150227379117363200 move 4
Jibs_PC#150227379117363200 endattack
Jibs_PC#150227379117363200 nomove
CARD 14
Jibs_PC#150227379117363200 trade 30 38 33
Jibs_PC#150227379117363200 placearmies 10 13
Jibs_PC#150227379117363200 attack 10 12
Jibs_PC#150227379117363200 roll 3
Jibs_PC#150227379117363200 roll 1
DICE 3 1 4 1 0 3 
Jibs_PC#150227379117363200 move 20
Jibs_PC#150227379117363200 attack 12 21
Jibs_PC#150227379117363200 roll 3
Jibs_PC#150227379117363200 roll 1
DICE 3 1 4 3 0 2 
Jibs_PC#150227379117363200 move 19
Jibs_PC#150227379117363200 attack 21 20
Jibs_PC#150227379117363200 roll 3
Jibs_PC#150227379117363200 roll 1
DICE 3 1 5 3 0 4 
Jibs_PC#150227379117363200 move 17
Jibs_PC#150227379117363200 attack 20 22
Jibs_PC#150227379117363200 roll 3
Jibs_PC#150227379117363200 roll 2
DICE 3 2 4 3 0 4 4 
Jibs_PC#150227379117363200 roll 3
Jibs_PC#150227379117363200 roll 2
DICE 3 2 4 4 1 5 2 
Jibs_PC#150227379117363200 roll 3
Jibs_PC#150227379117363200 roll 1
DICE 3 1 5 4 2 3 
Jibs_PC#150227379117363200 move 13
Jibs_PC#150227379117363200 attack 22 24
Jibs_PC#150227379117363200 roll 3
Jibs_PC#150227379117363200 roll 1
DICE 3 1 4 3 3 2 
Jibs_PC#150227379117363200 move 12
Jibs_PC#150227379117363200 attack 24 25
Jibs_PC#150227379117363200 roll 3
Jibs_PC#150227379117363200 roll 1
DICE 3 1 4 3 0 2 
Jibs_PC#150227379117363200 move 11
Jibs_PC#150227379117363200 attack 25 23
Jibs_PC#150227379117363200 roll 3
Jibs_PC#150227379117363200 roll 1
DICE 3 1 4 1 0 1 
Jibs_PC#150227379117363200 move 3
Jibs_PC#150227379117363200 attack 25 26
Jibs_PC#150227379117363200 roll 3
Jibs_PC#150227379117363200 roll 2
DICE 3 2 5 4 2 2 1 
Jibs_PC#150227379117363200 roll 3
Jibs_PC#150227379117363200 roll 2
DICE 3 2 5 3 1 0 0 
Jibs_PC#150227379117363200 move 3
Jibs_PC#150227379117363200 endattack
Jibs_PC#150227379117363200 movearmies 23 21 2
CARD 34
Jibs_PC#150227379117363200 trade 41 21 18
Jibs_PC#150227379117363200 placearmies 36 3
Jibs_PC#150227379117363200 placearmies 36 8
Jibs_PC#150227379117363200 placearmies 36 2
Jibs_PC#150227379117363200 attack 36 38
Jibs_PC#150227379117363200 roll 3
Jibs_PC#150227379117363200 roll 2
DICE 3 2 4 3 1 1 0 
Jibs_PC#150227379117363200 roll 3
Jibs_PC#150227379117363200 roll 2
DICE 3 2 3 0 0 5 2 
Jibs_PC#150227379117363200 retreat
Jibs_PC#150227379117363200 attack 36 37
Jibs_PC#150227379117363200 roll 3
Jibs_PC#150227379117363200 roll 1
DICE 3 1 4 3 0 4 
Jibs_PC#150227379117363200 roll 3
Jibs_PC#150227379117363200 roll 1
DICE 3 1 5 5 4 0 
Jibs_PC#150227379117363200 move 10
Jibs_PC#150227379117363200 attack 37 38
Jibs_PC#150227379117363200 roll 3
Jibs_PC#150227379117363200 roll 2
DICE 3 2 5 0 0 4 0 
Jibs_PC#150227379117363200 roll 3
Jibs_PC#150227379117363200 roll 1
DICE 3 1 5 4 2 5 
Jibs_PC#150227379117363200 roll 3
Jibs_PC#150227379117363200 roll 1
DICE 3 1 5 4 3 2 
Jibs_PC#150227379117363200 move 7
Jibs_PC#150227379117363200 attack 38 1
Jibs_PC#150227379117363200 roll 3
Jibs_PC#150227379117363200 roll 1
DICE 3 1 5 1 1 5 
Jibs_PC#150227379117363200 roll 3
Jibs_PC#150227379117363200 roll 1
DICE 3 1 3 1 0 0 
Jibs_PC#150227379117363200 move 5
Jibs_PC#150227379117363200 endattack
Jibs_PC#150227379117363200 movearmies 35 27 2
CARD 13
Jibs_PC#150227379117363200 placearmies 17 1
Jibs_PC#150227379117363200 placearmies 17 1
Jibs_PC#150227379117363200 placearmies 2 1
Jibs_PC#150227379117363200 attack 17 15
Jibs_PC#150227379117363200 roll 3
Jibs_PC#150227379117363200 roll 1
DICE 3 1 3 2 1 4 
Jibs_PC#150227379117363200 roll 3
Jibs_PC#150227379117363200 roll 1
DICE 3 1 5 4 1 0 
Jibs_PC#150227379117363200 endattack
Jibs_PC#150227379117363200 nomove
CARD 12
Jibs_PC#150227379117363200 trade 35 1 14
Jibs_PC#150227379117363200 placearmies 31 4
Jibs_PC#150227379117363200 placearmies 28 6
Jibs_PC#150227379117363200 attack 31 22
Jibs_PC#150227379117363200 roll 3
Jibs_PC#150227379117363200 roll 1
DICE 3 1 2 1 1 0 
Jibs_PC#150227379117363200 move 4
Jibs_PC#150227379117363200 attack 28 29
Jibs_PC#150227379117363200 roll 3
Jibs_PC#150227379117363200 roll 1
DICE 3 1 5 5 1 1 
Jibs_PC#150227379117363200 move 8
Jibs_PC#150227379117363200 attack 29 36
Jibs_PC#150227379117363200 roll 3
Jibs_PC#150227379117363200 roll 1
DICE 3 1 2 2 1 0 
Jibs_PC#150227379117363200 move 6
Jibs_PC#150227379117363200 attack 36 38
Jibs_PC#150227379117363200 roll 3
Jibs_PC#150227379117363200 roll 1
DICE 3 1 4 4 4 4 
Jibs_PC#150227379117363200 roll 3
Jibs_PC#150227379117363200 roll 1
DICE 3 1 5 2 0 0 
Jibs_PC#150227379117363200 move 4
Jibs_PC#150227379117363200 attack 38 37
Jibs_PC#150227379117363200 roll 3
Jibs_PC#150227379117363200 roll 1
DICE 3 1 1 1 0 1 
Jibs_PC#150227379117363200 roll 2
Jibs_PC#150227379117363200 roll 1
DICE 2 1 2 2 4 
Jibs_PC#150227379117363200 retreat
Jibs_PC#150227379117363200 endattack
Jibs_PC#150227379117363200 movearmies 22 31 3
CARD wildcard
Jibs_PC#150227379117363200 trade 17 32 27
Jibs_PC#150227379117363200 placearmies 21 1
Jibs_PC#150227379117363200 placearmies 5 1
Jibs_PC#150227379117363200 placearmies 21 12
Jibs_PC#150227379117363200 placearmies 21 1
Jibs_PC#150227379117363200 attack 21 22
Jibs_PC#150227379117363200 roll 3
Jibs_PC#150227379117363200 roll 1
DICE 3 1 3 3 1 5 
Jibs_PC#150227379117363200 roll 3
Jibs_PC#150227379117363200 roll 1
DICE 3 1 3 2 2 2 
Jibs_PC#150227379117363200 move 15
Jibs_PC#150227379117363200 attack 22 31
Jibs_PC#150227379117363200 roll 3
Jibs_PC#150227379117363200 roll 2
DICE 3 2 5 2 1 2 0 
Jibs_PC#150227379117363200 roll 3
Jibs_PC#150227379117363200 roll 2
DICE 3 2 5 4 2 1 0 
Jibs_PC#150227379117363200 move 14
Jibs_PC#150227379117363200 attack 31 32
Jibs_PC#150227379117363200 roll 3
Jibs_PC#150227379117363200 roll 1
DICE 3 1 2 1 0 5 
Jibs_PC#150227379117363200 roll 3
Jibs_PC#150227379117363200 roll 1
DICE 3 1 5 3 2 0 
Jibs_PC#150227379117363200 move 11
Jibs_PC#150227379117363200 attack 32 33
Jibs_PC#150227379117363200 roll 3
Jibs_PC#150227379117363200 roll 2
DICE 3 2 5 2 1 1 1 
Jibs_PC#150227379117363200 move 10
Jibs_PC#150227379117363200 attack 33 39
Jibs_PC#150227379117363200 roll 3
Jibs_PC#150227379117363200 roll 1
DICE 3 1 5 3 0 5 
Jibs_PC#150227379117363200 roll 3
Jibs_PC#150227379117363200 roll 1
DICE 3 1 4 0 0 0 
Jibs_PC#150227379117363200 move 8
Jibs_PC#150227379117363200 attack 39 41
Jibs_PC#150227379117363200 roll 3
Jibs_PC#150227379117363200 roll 1
DICE 3 1 3 1 0 1 
Jibs_PC#150227379117363200 move 7
Jibs_PC#150227379117363200 attack 41 42
Jibs_PC#150227379117363200 roll 3
Jibs_PC#150227379117363200 roll 1
DICE 3 1 3 3 2 4 
Jibs_PC#150227379117363200 roll 3
Jibs_PC#150227379117363200 roll 1
DICE 3 1 5 4 2 5 
Jibs_PC#150227379117363200 roll 3
Jibs_PC#150227379117363200 roll 1
DICE 3 1 5 3 3 3 
Jibs_PC#150227379117363200 move 4
Jibs_PC#150227379117363200 attack 42 40
Jibs_PC#150227379117363200 roll 3
Jibs_PC#150227379117363200 roll 1
DICE 3 1 5 4 4 0 
Jibs_PC#150227379117363200 endattack
Jibs_PC#150227379117363200 movearmies 25 23 3
CARD 10
Jibs_PC#150227379117363200 placearmies 1 3
Jibs_PC#150227379117363200 attack 1 38
Jibs_PC#150227379117363200 roll 3
Jibs_PC#150227379117363200 roll 2
DICE 3 2 4 1 0 3 0 
Jibs_PC#150227379117363200 move 7
Jibs_PC#150227379117363200 attack 38 36
Jibs_PC#150227379117363200 roll 3
Jibs_PC#150227379117363200 roll 1
DICE 3 1 5 3 0 5 
Jibs_PC#150227379117363200 roll 3
Jibs_PC#150227379117363200 roll 1
DICE 3 1 4 2 2 0 
Jibs_PC#150227379117363200 move 5
Jibs_PC#150227379117363200 attack 36 29
Jibs_PC#150227379117363200 roll 3
Jibs_PC#150227379117363200 roll 2
DICE 3 2 5 2 2 1 0 
Jibs_PC#150227379117363200 move 4
Jibs_PC#150227379117363200 attack 29 28
Jibs_PC#150227379117363200 roll 3
Jibs_PC#150227379117363200 roll 2
DICE 3 2 5 3 0 5 4 
Jibs_PC#150227379117363200 retreat
Jibs_PC#150227379117363200 endattack
Jibs_PC#150227379117363200 nomove
CARD 19
Jibs_PC#150227379117363200 placearmies 2 3
Jibs_PC#150227379117363200 attack 2 1
Jibs_PC#150227379117363200 roll 3
Jibs_PC#150227379117363200 roll 1
DICE 3 1 5 5 2 0 
Jibs_PC#150227379117363200 move 4
Jibs_PC#150227379117363200 attack 15 18
Jibs_PC#150227379117363200 roll 2
Jibs_PC#150227379117363200 roll 1
DICE 2 1 5 0 0 
Jibs_PC#150227379117363200 endattack
Jibs_PC#150227379117363200 nomove
CARD 42
Jibs_PC#150227379117363200 placearmies 16 3
Jibs_PC#150227379117363200 attack 16 15
Jibs_PC#150227379117363200 roll 3
Jibs_PC#150227379117363200 roll 1
DICE 3 1 1 1 0 5 
Jibs_PC#150227379117363200 roll 2
Jibs_PC#150227379117363200 roll 1
DICE 2 1 3 0 4 
Jibs_PC#150227379117363200 retreat
Jibs_PC#150227379117363200 endattack
Jibs_PC#150227379117363200 nomove
CARD 
Jibs_PC#150227379117363200 placearmies 21 12
Jibs_PC#150227379117363200 placearmies 21 1
Jibs_PC#150227379117363200 attack 21 19
Jibs_PC#150227379117363200 roll 3
Jibs_PC#150227379117363200 roll 1
DICE 3 1 5 2 1 0 
Jibs_PC#150227379117363200 move 14
Jibs_PC#150227379117363200 attack 19 18
Jibs_PC#150227379117363200 roll 3
Jibs_PC#150227379117363200 roll 2
DICE 3 2 1 1 0 4 3 
Jibs_PC#150227379117363200 roll 3
Jibs_PC#150227379117363200 roll 2
DICE 3 2 5 5 5 3 2 
Jibs_PC#150227379117363200 move 10
Jibs_PC#150227379117363200 attack 18 17
Jibs_PC#150227379117363200 roll 3
Jibs_PC#150227379117363200 roll 1
DICE 3 1 5 4 4 1 
Jibs_PC#150227379117363200 move 8
Jibs_PC#150227379117363200 attack 17 15
Jibs_PC#150227379117363200 roll 3
Jibs_PC#150227379117363200 roll 1
DICE 3 1 5 4 1 3 
Jibs_PC#150227379117363200 move 6
Jibs_PC#150227379117363200 attack 15 16
Jibs_PC#150227379117363200 roll 3
Jibs_PC#150227379117363200 roll 2
DICE 3 2 4 2 2 4 0 
Jibs_PC#150227379117363200 roll 3
Jibs_PC#150227379117363200 roll 1
DICE 3 1 5 3 0 1 
Jibs_PC#150227379117363200 move 3
Jibs_PC#150227379117363200 endattack
Jibs_PC#150227379117363200 movearmies 19 17 1
CARD 39
Jibs_PC#150227379117363200 placearmies 29 2
Jibs_PC#150227379117363200 placearmies 29 1
Jibs_PC#150227379117363200 attack 29 28
Jibs_PC#150227379117363200 roll 3
Jibs_PC#150227379117363200 roll 2
DICE 3 2 4 3 3 5 4 
Jibs_PC#150227379117363200 retreat
Jibs_PC#150227379117363200 attack 29 30
Jibs_PC#150227379117363200 roll 2
Jibs_PC#150227379117363200 roll 1
DICE 2 1 2 1 4 
Jibs_PC#150227379117363200 retreat
Jibs_PC#150227379117363200 attack 27 28
Jibs_PC#150227379117363200 roll 2
Jibs_PC#150227379117363200 roll 2
DICE 2 2 5 4 4 0 
Jibs_PC#150227379117363200 endattack
Jibs_PC#150227379117363200 nomove
CARD 29
Jibs_PC#150227379117363200 trade 16 6 42
Jibs_PC#150227379117363200 placearmies 1 12
Jibs_PC#150227379117363200 placearmies 1 1
Jibs_PC#150227379117363200 attack 1 38
Jibs_PC#150227379117363200 roll 3
Jibs_PC#150227379117363200 roll 1
DICE 3 1 5 5 0 2 
Jibs_PC#150227379117363200 move 16
Jibs_PC#150227379117363200 attack 38 36
Jibs_PC#150227379117363200 roll 3
Jibs_PC#150227379117363200 roll 1
DICE 3 1 1 1 0 5 
Jibs_PC#150227379117363200 roll 3
Jibs_PC#150227379117363200 roll 1
DICE 3 1 4 3 3 2 
Jibs_PC#150227379117363200 move 14
Jibs_PC#150227379117363200 attack 36 29
Jibs_PC#150227379117363200 roll 3
Jibs_PC#150227379117363200 roll 2
DICE 3 2 4 2 1 4 0 
Jibs_PC#150227379117363200 roll 3
Jibs_PC#150227379117363200 roll 1
DICE 3 1 2 1 1 5 
Jibs_PC#150227379117363200 roll 3
Jibs_PC#150227379117363200 roll 1
DICE 3 1 1 1 0 4 
Jibs_PC#150227379117363200 roll 3
Jibs_PC#150227379117363200 roll 1
DICE 3 1 5 3 2 5 
Jibs_PC#150227379117363200 roll 3
Jibs_PC#150227379117363200 roll 1
DICE 3 1 3 1 0 5 
Jibs_PC#150227379117363200 roll 3
Jibs_PC#150227379117363200 roll 1
DICE 3 1 3 2 0 4 
Jibs_PC#150227379117363200 roll 3
Jibs_PC#150227379117363200 roll 1
DICE 3 1 5 5 4 0 
Jibs_PC#150227379117363200 move 7
Jibs_PC#150227379117363200 attack 29 30
Jibs_PC#150227379117363200 roll 3
Jibs_PC#150227379117363200 roll 1
DICE 3 1 5 1 0 1 
Jibs_PC#150227379117363200 move 6
Jibs_PC#150227379117363200 attack 30 31
Jibs_PC#150227379117363200 roll 3
Jibs_PC#150227379117363200 roll 2
DICE 3 2 5 3 2 4 4 
Jibs_PC#150227379117363200 roll 3
Jibs_PC#150227379117363200 roll 1
DICE 3 1 3 2 2 5 
Jibs_PC#150227379117363200 retreat
Jibs_PC#150227379117363200 endattack
Jibs_PC#150227379117363200 movearmies 6 14 2
CARD 4
Jibs_PC#150227379117363200 placearmies 17 5
Jibs_PC#150227379117363200 placearmies 15 6
Jibs_PC#150227379117363200 placearmies 33 1
Jibs_PC#150227379117363200 placearmies 31 1
Jibs_PC#150227379117363200 placearmies 16 1
Jibs_PC#150227379117363200 placearmies 31 1
Jibs_PC#150227379117363200 attack 17 14
Jibs_PC#150227379117363200 roll 3
Jibs_PC#150227379117363200 roll 2
DICE 3 2 4 3 0 5 2 
Jibs_PC#150227379117363200 roll 3
Jibs_PC#150227379117363200 roll 2
DICE 3 2 4 3 3 3 1 
Jibs_PC#150227379117363200 move 6
Jibs_PC#150227379117363200 attack 14 6
Jibs_PC#150227379117363200 roll 3
Jibs_PC#150227379117363200 roll 1
DICE 3 1 5 2 2 5 
Jibs_PC#150227379117363200 roll 3
Jibs_PC#150227379117363200 roll 1
DICE 3 1 4 2 0 0 
Jibs_PC#150227379117363200 move 4
Jibs_PC#150227379117363200 endattack
Jibs_PC#150227379117363200 movearmies 15 16 7
CARD 31
Jibs_PC#150227379117363200 placearmies 28 2
Jibs_PC#150227379117363200 placearmies 28 1
Jibs_PC#150227379117363200 attack 28 29
Jibs_PC#150227379117363200 roll 3
Jibs_PC#150227379117363200 roll 1
DICE 3 1 5 3 1 5 
Jibs_PC#150227379117363200 roll 3
Jibs_PC#150227379117363200 roll 1
DICE 3 1 5 4 2 5 
Jibs_PC#150227379117363200 roll 2
Jibs_PC#150227379117363200 roll 1
DICE 2 1 2 1 1 
Jibs_PC#150227379117363200 endattack
Jibs_PC#150227379117363200 nomove
CARD 11
Jibs_PC#150227379117363200 trade 23 12 wildcard
Jibs_PC#150227379117363200 placearmies 4 8
Jibs_PC#150227379117363200 placearmies 4 5
Jibs_PC#150227379117363200 attack 4 5
Jibs_PC#150227379117363200 roll 3
Jibs_PC#150227379117363200 roll 2
DICE 3 2 4 1 0 2 0 
Jibs_PC#150227379117363200 move 14
Jibs_PC#150227379117363200 attack 5 10
Jibs_PC#150227379117363200 roll 3
Jibs_PC#150227379117363200 roll 1
DICE 3 1 3 2 2 3 
Jibs_PC#150227379117363200 roll 3
Jibs_PC#150227379117363200 roll 1
DICE 3 1 5 0 0 5 
Jibs_PC#150227379117363200 roll 3
Jibs_PC#150227379117363200 roll 1
DICE 3 1 5 2 0 3 
Jibs_PC#150227379117363200 move 11
Jibs_PC#150227379117363200 attack 10 12
Jibs_PC#150227379117363200 roll 3
Jibs_PC#150227379117363200 roll 1
DICE 3 1 4 4 0 2 
Jibs_PC#150227379117363200 move 10
Jibs_PC#150227379117363200 attack 12 21
Jibs_PC#150227379117363200 roll 3
Jibs_PC#150227379117363200 roll 1
DICE 3 1 3 2 2 3 
Jibs_PC#150227379117363200 roll 3
Jibs_PC#150227379117363200 roll 1
DICE 3 1 3 2 1 1 
Jibs_PC#150227379117363200 move 8
Jibs_PC#150227379117363200 attack 21 20
Jibs_PC#150227379117363200 roll 3
Jibs_PC#150227379117363200 roll 1
DICE 3 1 4 2 1 4 
Jibs_PC#150227379117363200 roll 3
Jibs_PC#150227379117363200 roll 1
DICE 3 1 5 5 1 5 
Jibs_PC#150227379117363200 roll 3
Jibs_PC#150227379117363200 roll 1
DICE 3 1 3 2 0 4 
Jibs_PC#150227379117363200 roll 3
Jibs_PC#150227379117363200 roll 1
DICE 3 1 4 4 0 2 
Jibs_PC#150227379117363200 move 4
Jibs_PC#150227379117363200 attack 20 18
Jibs_PC#150227379117363200 roll 3
Jibs_PC#150227379117363200 roll 2
DICE 3 2 5 3 3 5 1 
Jibs_PC#150227379117363200 roll 2
Jibs_PC#150227379117363200 roll 1
DICE 2 1 4 2 5 
Jibs_PC#150227379117363200 retreat
Jibs_PC#150227379117363200 endattack
Jibs_PC#150227379117363200 nomove
CARD 7
Jibs_PC#150227379117363200 placearmies 16 4
Jibs_PC#150227379117363200 placearmies 16 3
Jibs_PC#150227379117363200 placearmies 16 2
Jibs_PC#150227379117363200 attack 16 20
Jibs_PC#150227379117363200 roll 3
Jibs_PC#150227379117363200 roll 2
DICE 3 2 4 2 2 1 0 
Jibs_PC#150227379117363200 move 18
Jibs_PC#150227379117363200 attack 20 21
Jibs_PC#150227379117363200 roll 3
Jibs_PC#150227379117363200 roll 1
DICE 3 1 5 5 1 5 
Jibs_PC#150227379117363200 roll 3
Jibs_PC#150227379117363200 roll 1
DICE 3 1 4 1 0 2 
Jibs_PC#150227379117363200 move 16
Jibs_PC#150227379117363200 attack 21 12
Jibs_PC#150227379117363200 roll 3
Jibs_PC#150227379117363200 roll 1
DICE 3 1 5 4 3 2 
Jibs_PC#150227379117363200 move 15
Jibs_PC#150227379117363200 attack 12 10
Jibs_PC#150227379117363200 roll 3
Jibs_PC#150227379117363200 roll 1
DICE 3 1 4 3 2 0 
Jibs_PC#150227379117363200 move 14
Jibs_PC#150227379117363200 attack 6 8
Jibs_PC#150227379117363200 roll 3
Jibs_PC#150227379117363200 roll 1
DICE 3 1 3 2 0 1 
Jibs_PC#150227379117363200 attack 8 9
Jibs_PC#150227379117363200 roll 2
Jibs_PC#150227379117363200 roll 1
DICE 2 1 1 0 5 
Jibs_PC#150227379117363200 retreat
Jibs_PC#150227379117363200 attack 10 5
Jibs_PC#150227379117363200 roll 3
Jibs_PC#150227379117363200 roll 1
DICE 3 1 5 4 1 1 
Jibs_PC#150227379117363200 move 13
Jibs_PC#150227379117363200 attack 5 9
Jibs_PC#150227379117363200 roll 3
Jibs_PC#150227379117363200 roll 1
DICE 3 1 3 0 0 2 
Jibs_PC#150227379117363200 move 11
Jibs_PC#150227379117363200 attack 9 7
Jibs_PC#150227379117363200 roll 3
Jibs_PC#150227379117363200 roll 1
DICE 3 1 5 4 0 2 
Jibs_PC#150227379117363200 move 10
Jibs_PC#150227379117363200 attack 7 4
Jibs_PC#150227379117363200 roll 3
Jibs_PC#150227379117363200 roll 1
DICE 3 1 5 1 0 0 
Jibs_PC#150227379117363200 move 8
Jibs_PC#150227379117363200 attack 4 3
Jibs_PC#150227379117363200 roll 3
Jibs_PC#150227379117363200 roll 1
DICE 3 1 5 1 1 1 
Jibs_PC#150227379117363200 move 7
Jibs_PC#150227379117363200 attack 3 2
Jibs_PC#150227379117363200 roll 3
Jibs_PC#150227379117363200 roll 1
DICE 3 1 5 2 0 2 
Jibs_PC#150227379117363200 move 5
Jibs_PC#150227379117363200 attack 2 1
Jibs_PC#150227379117363200 roll 3
Jibs_PC#150227379117363200 roll 1
DICE 3 1 5 4 1 3 
Jibs_PC#150227379117363200 move 4
Jibs_PC#150227379117363200 endattack
Jibs_PC#150227379117363200 movearmies 3 1 1
CARD 9
Jibs_PC#150227379117363200 placearmies 29 2
Jibs_PC#150227379117363200 placearmies 29 1
Jibs_PC#150227379117363200 attack 29 33
Jibs_PC#150227379117363200 roll 3
Jibs_PC#150227379117363200 roll 2
DICE 3 2 3 1 0 5 1 
Jibs_PC#150227379117363200 retreat
Jibs_PC#150227379117363200 attack 29 32
Jibs_PC#150227379117363200 roll 2
Jibs_PC#150227379117363200 roll 1
DICE 2 1 4 4 0 
Jibs_PC#150227379117363200 endattack
Jibs_PC#150227379117363200 nomove
CARD 26
Jibs_PC#150227379117363200 placearmies 30 2
Jibs_PC#150227379117363200 placearmies 30 1
Jibs_PC#150227379117363200 attack 30 16
Jibs_PC#150227379117363200 roll 3
Jibs_PC#150227379117363200 roll 2
DICE 3 2 3 3 2 2 0 
Jibs_PC#150227379117363200 move 6
Jibs_PC#150227379117363200 attack 16 20
Jibs_PC#150227379117363200 roll 3
Jibs_PC#150227379117363200 roll 1
DICE 3 1 3 2 1 1 
Jibs_PC#150227379117363200 move 5
Jibs_PC#150227379117363200 attack 20 22
Jibs_PC#150227379117363200 roll 3
Jibs_PC#150227379117363200 roll 1
DICE 3 1 4 3 0 0 
Jibs_PC#150227379117363200 move 4
Jibs_PC#150227379117363200 endattack
Jibs_PC#150227379117363200 movearmies 22 20 3
CARD 15
Jibs_PC#150227379117363200 trade 10 31 9
Jibs_PC#150227379117363200 placearmies 1 24
Jibs_PC#150227379117363200 placearmies 1 1
Jibs_PC#150227379117363200 placearmies 19 1
Jibs_PC#150227379117363200 attack 1 38
Jibs_PC#150227379117363200 roll 3
Jibs_PC#150227379117363200 roll 1
DICE 3 1 4 0 0 3 
Jibs_PC#150227379117363200 move 29
Jibs_PC#150227379117363200 attack 38 36
Jibs_PC#150227379117363200 roll 3
Jibs_PC#150227379117363200 roll 1
DICE 3 1 5 5 2 3 
Jibs_PC#150227379117363200 move 27
Jibs_PC#150227379117363200 attack 31 30
Jibs_PC#150227379117363200 roll 2
Jibs_PC#150227379117363200 roll 1
DICE 2 1 4 3 4 
Jibs_PC#150227379117363200 retreat
Jibs_PC#150227379117363200 attack 36 29
Jibs_PC#150227379117363200 roll 3
Jibs_PC#150227379117363200 roll 1
DICE 3 1 5 5 0 3 
Jibs_PC#150227379117363200 move 26
Jibs_PC#150227379117363200 attack 29 30
Jibs_PC#150227379117363200 roll 3
Jibs_PC#150227379117363200 roll 1
DICE 3 1 4 4 0 3 
Jibs_PC#150227379117363200 move 25
Jibs_PC#150227379117363200 attack 30 16
Jibs_PC#150227379117363200 roll 3
Jibs_PC#150227379117363200 roll 1
DICE 3 1 4 3 2 0 
Jibs_PC#150227379117363200 move 24
Jibs_PC#150227379117363200 attack 16 20
Jibs_PC#150227379117363200 roll 3
Jibs_PC#150227379117363200 roll 2
DICE 3 2 5 4 4 5 5 
Jibs_PC#150227379117363200 roll 3
Jibs_PC#150227379117363200 roll 2
DICE 3 2 5 2 1 3 0 
Jibs_PC#150227379117363200 roll 3
Jibs_PC#150227379117363200 roll 2
DICE 3 2 3 3 0 3 1 
Jibs_PC#150227379117363200 roll 3
Jibs_PC#150227379117363200 roll 1
DICE 3 1 5 4 0 1 
Jibs_PC#150227379117363200 move 5
Jibs_PC#150227379117363200 attack 20 22
Jibs_PC#150227379117363200 roll 3
Jibs_PC#150227379117363200 roll 1
DICE 3 1 4 4 0 4 
Jibs_PC#150227379117363200 roll 3
Jibs_PC#150227379117363200 roll 1
DICE 3 1 4 1 0 3 
Jibs_PC#150227379117363200 attack 16 28
Jibs_PC#150227379117363200 roll 3
Jibs_PC#150227379117363200 roll 1
DICE 3 1 2 1 1 1 
Jibs_PC#150227379117363200 move 15
Jibs_PC#150227379117363200 attack 28 27
Jibs_PC#150227379117363200 roll 3
Jibs_PC#150227379117363200 roll 1
DICE 3 1 5 3 2 2 
Jibs_PC#150227379117363200 move 14
Jibs_PC#150227379117363200 attack 27 35
Jibs_PC#150227379117363200 roll 3
Jibs_PC#150227379117363200 roll 1
DICE 3 1 5 1 0 3 
Jibs_PC#150227379117363200 move 5
Jibs_PC#150227379117363200 attack 27 34
Jibs_PC#150227379117363200 roll 3
Jibs_PC#150227379117363200 roll 1
DICE 3 1 5 5 4 3 
Jibs_PC#150227379117363200 move 3
Jibs_PC#150227379117363200 endattack
Jibs_PC#150227379117363200 movearmies 34 38 2
CARD wildcard
Jibs_PC#150227379117363200 trade 13 19 26
Jibs_PC#150227379117363200 placearmies 32 7
Jibs_PC#150227379117363200 attack 32 31
Jibs_PC#150227379117363200 roll 3
Jibs_PC#150227379117363200 roll 2
DICE 3 2 4 4 0 2 2 
Jibs_PC#150227379117363200 move 8
Jibs_PC#150227379117363200 attack 31 22
Jibs_PC#150227379117363200 roll 3
Jibs_PC#150227379117363200 roll 2
DICE 3 2 2 2 2 1 0 
Jibs_PC#150227379117363200 roll 3
Jibs_PC#150227379117363200 roll 1
DICE 3 1 3 3 2 0 
Jibs_PC#150227379117363200 move 7
Jibs_PC#150227379117363200 attack 22 21
Jibs_PC#150227379117363200 roll 3
Jibs_PC#150227379117363200 roll 1
DICE 3 1 1 1 0 5 
Jibs_PC#150227379117363200 roll 3
Jibs_PC#150227379117363200 roll 1
DICE 3 1 2 1 0 0 
Jibs_PC#150227379117363200 move 5
Jibs_PC#150227379117363200 attack 21 12
Jibs_PC#150227379117363200 roll 3
Jibs_PC#150227379117363200 roll 1
DICE 3 1 5 3 0 4 
Jibs_PC#150227379117363200 move 4
Jibs_PC#150227379117363200 endattack
Jibs_PC#150227379117363200 nomove
CARD 3
Jibs_PC#150227379117363200 trade 34 39 7
Jibs_PC#150227379117363200 trade 4 15 wildcard
Jibs_PC#150227379117363200 placearmies 38 1
Jibs_PC#150227379117363200 placearmies 16 1
Jibs_PC#150227379117363200 placearmies 20 1
Jibs_PC#150227379117363200 placearmies 10 1
Jibs_PC#150227379117363200 placearmies 10 5
Jibs_PC#150227379117363200 placearmies 10 10
Jibs_PC#150227379117363200 placearmies 10 1
Jibs_PC#150227379117363200 placearmies 38 1
Jibs_PC#150227379117363200 placearmies 10 1
Jibs_PC#150227379117363200 placearmies 38 6
Jibs_PC#150227379117363200 placearmies 10 4
Jibs_PC#150227379117363200 placearmies 10 2
Jibs_PC#150227379117363200 placearmies 38 2
Jibs_PC#150227379117363200 placearmies 10 1
Jibs_PC#150227379117363200 placearmies 10 1
Jibs_PC#150227379117363200 placearmies 38 1
Jibs_PC#150227379117363200 placearmies 10 1
Jibs_PC#150227379117363200 attack 38 37
Jibs_PC#150227379117363200 roll 3
Jibs_PC#150227379117363200 roll 1
DICE 3 1 4 4 3 1 
Jibs_PC#150227379117363200 move 3
Jibs_PC#150227379117363200 attack 10 12
Jibs_PC#150227379117363200 roll 3
Jibs_PC#150227379117363200 roll 2
DICE 3 2 3 1 1 2 0 
Jibs_PC#150227379117363200 roll 3
Jibs_PC#150227379117363200 roll 2
DICE 3 2 5 4 4 4 1 
Jibs_PC#150227379117363200 move 29
Jibs_PC#150227379117363200 attack 12 21
Jibs_PC#150227379117363200 roll 3
Jibs_PC#150227379117363200 roll 1
DICE 3 1 4 2 0 0 
Jibs_PC#150227379117363200 move 28
Jibs_PC#150227379117363200 attack 21 22
Jibs_PC#150227379117363200 roll 3
Jibs_PC#150227379117363200 roll 1
DICE 3 1 3 1 0 1 
Jibs_PC#150227379117363200 move 27
Jibs_PC#150227379117363200 attack 22 31
Jibs_PC#150227379117363200 roll 3
Jibs_PC#150227379117363200 roll 1
DICE 3 1 4 4 1 5 
Jibs_PC#150227379117363200 roll 3
Jibs_PC#150227379117363200 roll 1
DICE 3 1 5 3 3 1 
Jibs_PC#150227379117363200 move 25
Jibs_PC#150227379117363200 attack 31 32
Jibs_PC#150227379117363200 roll 3
Jibs_PC#150227379117363200 roll 1
DICE 3 1 3 0 0 3 
Jibs_PC#150227379117363200 roll 3
Jibs_PC#150227379117363200 roll 1
DICE 3 1 5 4 3 2 
Jibs_PC#150227379117363200 move 3
