lochmill.inf.ed.ac.uk#9076932720327061504 newplayer human green s0914007
lochmill.inf.ed.ac.uk#9076932720327061504 newplayer human blue bob
lochmill.inf.ed.ac.uk#9076932720327061504 newplayer human red fred
lochmill.inf.ed.ac.uk#9076932720327061504 newplayer human cyan ted
lochmill.inf.ed.ac.uk#9076932720327061504 newplayer human magenta yura
lochmill.inf.ed.ac.uk#9076932720327061504 newplayer human yellow lala
lochmill.inf.ed.ac.uk#9076932720327061504 startgame mission fixed autoplaceall recycle
PLAYER bob
MISSION 4 3 2 2 0 0
PLACEALL 19 9 35 29 34 17 41 12 18 27 28 36 1 25 6 4 2 31 24 13 3 39 8 40 7 21 42 15 30 33 14 11 16 38 5 32 10 22 37 23 26 20
lochmill.inf.ed.ac.uk#9076932720327061504 placearmies 19 1
CARD 
lochmill.inf.ed.ac.uk#9076932720327061504 placearmies 25 1
CARD 
lochmill.inf.ed.ac.uk#9076932720327061504 placearmies 3 1
CARD 
lochmill.inf.ed.ac.uk#9076932720327061504 placearmies 29 1
CARD 
lochmill.inf.ed.ac.uk#9076932720327061504 placearmies 28 1
CARD 
lochmill.inf.ed.ac.uk#9076932720327061504 placearmies 40 1
CARD 
lochmill.inf.ed.ac.uk#9076932720327061504 placearmies 14 1
CARD 
lochmill.inf.ed.ac.uk#9076932720327061504 placearmies 21 1
CARD 
lochmill.inf.ed.ac.uk#9076932720327061504 placearmies 6 1
CARD 
lochmill.inf.ed.ac.uk#9076932720327061504 placearmies 27 1
CARD 
lochmill.inf.ed.ac.uk#9076932720327061504 placearmies 28 1
CARD 
lochmill.inf.ed.ac.uk#9076932720327061504 placearmies 40 1
CARD 
lochmill.inf.ed.ac.uk#9076932720327061504 placearmies 19 1
CARD 
lochmill.inf.ed.ac.uk#9076932720327061504 placearmies 22 1
CARD 
lochmill.inf.ed.ac.uk#9076932720327061504 placearmies 3 1
CARD 
lochmill.inf.ed.ac.uk#9076932720327061504 placearmies 38 1
CARD 
lochmill.inf.ed.ac.uk#9076932720327061504 placearmies 28 1
CARD 
lochmill.inf.ed.ac.uk#9076932720327061504 placearmies 40 1
CARD 
lochmill.inf.ed.ac.uk#9076932720327061504 placearmies 14 1
CARD 
lochmill.inf.ed.ac.uk#9076932720327061504 placearmies 22 1
CARD 
lochmill.inf.ed.ac.uk#9076932720327061504 placearmies 6 1
CARD 
lochmill.inf.ed.ac.uk#9076932720327061504 placearmies 38 1
CARD 
lochmill.inf.ed.ac.uk#9076932720327061504 placearmies 28 1
CARD 
lochmill.inf.ed.ac.uk#9076932720327061504 placearmies 40 1
CARD 
lochmill.inf.ed.ac.uk#9076932720327061504 placearmies 19 1
CARD 
lochmill.inf.ed.ac.uk#9076932720327061504 placearmies 21 1
CARD 
lochmill.inf.ed.ac.uk#9076932720327061504 placearmies 3 1
CARD 
lochmill.inf.ed.ac.uk#9076932720327061504 placearmies 27 1
CARD 
lochmill.inf.ed.ac.uk#9076932720327061504 placearmies 28 1
CARD 
lochmill.inf.ed.ac.uk#9076932720327061504 placearmies 40 1
CARD 
lochmill.inf.ed.ac.uk#9076932720327061504 placearmies 14 1
CARD 
lochmill.inf.ed.ac.uk#9076932720327061504 placearmies 25 1
CARD 
lochmill.inf.ed.ac.uk#9076932720327061504 placearmies 6 1
CARD 
lochmill.inf.ed.ac.uk#9076932720327061504 placearmies 29 1
CARD 
lochmill.inf.ed.ac.uk#9076932720327061504 placearmies 28 1
CARD 
lochmill.inf.ed.ac.uk#9076932720327061504 placearmies 40 1
CARD 
lochmill.inf.ed.ac.uk#9076932720327061504 placearmies 19 1
CARD 
lochmill.inf.ed.ac.uk#9076932720327061504 placearmies 25 1
CARD 
lochmill.inf.ed.ac.uk#9076932720327061504 placearmies 6 1
CARD 
lochmill.inf.ed.ac.uk#9076932720327061504 placearmies 38 1
CARD 
lochmill.inf.ed.ac.uk#9076932720327061504 placearmies 28 1
CARD 
lochmill.inf.ed.ac.uk#9076932720327061504 placearmies 40 1
CARD 
lochmill.inf.ed.ac.uk#9076932720327061504 placearmies 14 1
CARD 
lochmill.inf.ed.ac.uk#9076932720327061504 placearmies 21 1
CARD 
lochmill.inf.ed.ac.uk#9076932720327061504 placearmies 3 1
CARD 
lochmill.inf.ed.ac.uk#9076932720327061504 placearmies 27 1
CARD 
lochmill.inf.ed.ac.uk#9076932720327061504 placearmies 28 1
CARD 
lochmill.inf.ed.ac.uk#9076932720327061504 placearmies 40 1
CARD 
lochmill.inf.ed.ac.uk#9076932720327061504 placearmies 14 1
CARD 
lochmill.inf.ed.ac.uk#9076932720327061504 placearmies 22 1
CARD 
lochmill.inf.ed.ac.uk#9076932720327061504 placearmies 6 1
CARD 
lochmill.inf.ed.ac.uk#9076932720327061504 placearmies 29 1
CARD 
lochmill.inf.ed.ac.uk#9076932720327061504 placearmies 28 1
CARD 
lochmill.inf.ed.ac.uk#9076932720327061504 placearmies 40 1
CARD 
lochmill.inf.ed.ac.uk#9076932720327061504 placearmies 19 1
CARD 
lochmill.inf.ed.ac.uk#9076932720327061504 placearmies 25 1
CARD 
lochmill.inf.ed.ac.uk#9076932720327061504 placearmies 3 1
CARD 
lochmill.inf.ed.ac.uk#9076932720327061504 placearmies 27 1
CARD 
lochmill.inf.ed.ac.uk#9076932720327061504 placearmies 28 1
CARD 
lochmill.inf.ed.ac.uk#9076932720327061504 placearmies 40 1
CARD 
lochmill.inf.ed.ac.uk#9076932720327061504 placearmies 19 1
CARD 
lochmill.inf.ed.ac.uk#9076932720327061504 placearmies 22 1
CARD 
lochmill.inf.ed.ac.uk#9076932720327061504 placearmies 6 1
CARD 
lochmill.inf.ed.ac.uk#9076932720327061504 placearmies 29 1
CARD 
lochmill.inf.ed.ac.uk#9076932720327061504 placearmies 28 1
CARD 
lochmill.inf.ed.ac.uk#9076932720327061504 placearmies 40 1
CARD 
lochmill.inf.ed.ac.uk#9076932720327061504 placearmies 14 1
CARD 
lochmill.inf.ed.ac.uk#9076932720327061504 placearmies 21 1
CARD 
lochmill.inf.ed.ac.uk#9076932720327061504 placearmies 3 1
CARD 
lochmill.inf.ed.ac.uk#9076932720327061504 placearmies 38 1
CARD 
lochmill.inf.ed.ac.uk#9076932720327061504 placearmies 28 1
CARD 
lochmill.inf.ed.ac.uk#9076932720327061504 placearmies 40 1
CARD 
lochmill.inf.ed.ac.uk#9076932720327061504 placearmies 19 1
CARD 
lochmill.inf.ed.ac.uk#9076932720327061504 placearmies 25 1
CARD 
lochmill.inf.ed.ac.uk#9076932720327061504 placearmies 6 1
CARD 
lochmill.inf.ed.ac.uk#9076932720327061504 placearmies 29 1
CARD 
lochmill.inf.ed.ac.uk#9076932720327061504 placearmies 28 1
CARD 
lochmill.inf.ed.ac.uk#9076932720327061504 placearmies 40 1
CARD 
lochmill.inf.ed.ac.uk#9076932720327061504 placearmies 14 1
lochmill.inf.ed.ac.uk#9076932720327061504 placearmies 14 1
lochmill.inf.ed.ac.uk#9076932720327061504 placearmies 14 1
lochmill.inf.ed.ac.uk#9076932720327061504 attack 14 17
lochmill.inf.ed.ac.uk#9076932720327061504 roll 3
lochmill.inf.ed.ac.uk#9076932720327061504 roll 1
DICE 3 1 5 4 3 4 
lochmill.inf.ed.ac.uk#9076932720327061504 move all
lochmill.inf.ed.ac.uk#9076932720327061504 attack 17 15
lochmill.inf.ed.ac.uk#9076932720327061504 roll 3
lochmill.inf.ed.ac.uk#9076932720327061504 roll 1
DICE 3 1 5 3 1 4 
lochmill.inf.ed.ac.uk#9076932720327061504 move all
lochmill.inf.ed.ac.uk#9076932720327061504 attack 15 16
lochmill.inf.ed.ac.uk#9076932720327061504 roll 3
lochmill.inf.ed.ac.uk#9076932720327061504 roll 1
DICE 3 1 4 3 1 4 
lochmill.inf.ed.ac.uk#9076932720327061504 roll 3
lochmill.inf.ed.ac.uk#9076932720327061504 roll 1
DICE 3 1 4 3 3 0 
lochmill.inf.ed.ac.uk#9076932720327061504 move all
lochmill.inf.ed.ac.uk#9076932720327061504 attack 19 18
lochmill.inf.ed.ac.uk#9076932720327061504 roll 3
lochmill.inf.ed.ac.uk#9076932720327061504 roll 1
DICE 3 1 4 3 2 0 
lochmill.inf.ed.ac.uk#9076932720327061504 move all
lochmill.inf.ed.ac.uk#9076932720327061504 attack 18 20
lochmill.inf.ed.ac.uk#9076932720327061504 roll 3
lochmill.inf.ed.ac.uk#9076932720327061504 roll 1
DICE 3 1 3 1 0 5 
lochmill.inf.ed.ac.uk#9076932720327061504 roll 3
lochmill.inf.ed.ac.uk#9076932720327061504 roll 1
DICE 3 1 5 3 1 5 
lochmill.inf.ed.ac.uk#9076932720327061504 roll 3
lochmill.inf.ed.ac.uk#9076932720327061504 roll 1
DICE 3 1 3 0 0 1 
lochmill.inf.ed.ac.uk#9076932720327061504 move all
lochmill.inf.ed.ac.uk#9076932720327061504 endattack
lochmill.inf.ed.ac.uk#9076932720327061504 nomove
CARD 38
lochmill.inf.ed.ac.uk#9076932720327061504 placearmies 25 1
lochmill.inf.ed.ac.uk#9076932720327061504 placearmies 21 1
lochmill.inf.ed.ac.uk#9076932720327061504 placearmies 22 1
lochmill.inf.ed.ac.uk#9076932720327061504 attack 25 26
lochmill.inf.ed.ac.uk#9076932720327061504 roll 3
lochmill.inf.ed.ac.uk#9076932720327061504 roll 1
DICE 3 1 5 5 1 2 
lochmill.inf.ed.ac.uk#9076932720327061504 move all
lochmill.inf.ed.ac.uk#9076932720327061504 attack 26 24
lochmill.inf.ed.ac.uk#9076932720327061504 roll 3
lochmill.inf.ed.ac.uk#9076932720327061504 roll 1
DICE 3 1 5 2 1 2 
lochmill.inf.ed.ac.uk#9076932720327061504 move 3
lochmill.inf.ed.ac.uk#9076932720327061504 attack 24 23
lochmill.inf.ed.ac.uk#9076932720327061504 roll 2
lochmill.inf.ed.ac.uk#9076932720327061504 roll 1
DICE 2 1 2 1 4 
lochmill.inf.ed.ac.uk#9076932720327061504 roll 1
lochmill.inf.ed.ac.uk#9076932720327061504 roll 1
DICE 1 1 2 0 
lochmill.inf.ed.ac.uk#9076932720327061504 endattack
lochmill.inf.ed.ac.uk#9076932720327061504 movearmies 26 24 2
CARD 9
lochmill.inf.ed.ac.uk#9076932720327061504 placearmies 3 1
lochmill.inf.ed.ac.uk#9076932720327061504 placearmies 6 1
lochmill.inf.ed.ac.uk#9076932720327061504 placearmies 3 1
lochmill.inf.ed.ac.uk#9076932720327061504 attack 6 8
lochmill.inf.ed.ac.uk#9076932720327061504 roll 3
lochmill.inf.ed.ac.uk#9076932720327061504 roll 1
DICE 3 1 3 1 1 2 
lochmill.inf.ed.ac.uk#9076932720327061504 move all
lochmill.inf.ed.ac.uk#9076932720327061504 attack 3 2
lochmill.inf.ed.ac.uk#9076932720327061504 roll 3
lochmill.inf.ed.ac.uk#9076932720327061504 roll 1
DICE 3 1 4 4 3 5 
lochmill.inf.ed.ac.uk#9076932720327061504 roll 3
lochmill.inf.ed.ac.uk#9076932720327061504 roll 1
DICE 3 1 4 2 0 4 
lochmill.inf.ed.ac.uk#9076932720327061504 roll 3
lochmill.inf.ed.ac.uk#9076932720327061504 roll 1
DICE 3 1 5 2 0 4 
lochmill.inf.ed.ac.uk#9076932720327061504 move all
lochmill.inf.ed.ac.uk#9076932720327061504 attack 2 1
lochmill.inf.ed.ac.uk#9076932720327061504 roll 3
lochmill.inf.ed.ac.uk#9076932720327061504 roll 1
DICE 3 1 5 1 0 0 
lochmill.inf.ed.ac.uk#9076932720327061504 move all
lochmill.inf.ed.ac.uk#9076932720327061504 attack 8 7
lochmill.inf.ed.ac.uk#9076932720327061504 roll 3
lochmill.inf.ed.ac.uk#9076932720327061504 roll 1
DICE 3 1 3 0 0 5 
lochmill.inf.ed.ac.uk#9076932720327061504 roll 3
lochmill.inf.ed.ac.uk#9076932720327061504 roll 1
DICE 3 1 5 4 0 3 
lochmill.inf.ed.ac.uk#9076932720327061504 move all
lochmill.inf.ed.ac.uk#9076932720327061504 attack 7 4
lochmill.inf.ed.ac.uk#9076932720327061504 roll 3
lochmill.inf.ed.ac.uk#9076932720327061504 roll 1
DICE 3 1 5 4 1 4 
lochmill.inf.ed.ac.uk#9076932720327061504 move all
lochmill.inf.ed.ac.uk#9076932720327061504 attack 4 9
lochmill.inf.ed.ac.uk#9076932720327061504 roll 3
lochmill.inf.ed.ac.uk#9076932720327061504 roll 1
DICE 3 1 5 4 0 4 
lochmill.inf.ed.ac.uk#9076932720327061504 move all
lochmill.inf.ed.ac.uk#9076932720327061504 attack 9 5
lochmill.inf.ed.ac.uk#9076932720327061504 roll 3
lochmill.inf.ed.ac.uk#9076932720327061504 roll 1
DICE 3 1 5 3 2 0 
lochmill.inf.ed.ac.uk#9076932720327061504 attack 5 10
lochmill.inf.ed.ac.uk#9076932720327061504 roll 2
lochmill.inf.ed.ac.uk#9076932720327061504 roll 1
DICE 2 1 4 2 1 
lochmill.inf.ed.ac.uk#9076932720327061504 attack 10 12
lochmill.inf.ed.ac.uk#9076932720327061504 roll 1
lochmill.inf.ed.ac.uk#9076932720327061504 roll 1
DICE 1 1 2 3 
lochmill.inf.ed.ac.uk#9076932720327061504 endattack
lochmill.inf.ed.ac.uk#9076932720327061504 nomove
CARD 1
lochmill.inf.ed.ac.uk#9076932720327061504 placearmies 27 1
lochmill.inf.ed.ac.uk#9076932720327061504 placearmies 38 1
lochmill.inf.ed.ac.uk#9076932720327061504 placearmies 29 1
lochmill.inf.ed.ac.uk#9076932720327061504 attack 29 33
lochmill.inf.ed.ac.uk#9076932720327061504 roll 3
lochmill.inf.ed.ac.uk#9076932720327061504 roll 1
DICE 3 1 4 1 0 3 
lochmill.inf.ed.ac.uk#9076932720327061504 move all
lochmill.inf.ed.ac.uk#9076932720327061504 attack 33 32
lochmill.inf.ed.ac.uk#9076932720327061504 roll 3
lochmill.inf.ed.ac.uk#9076932720327061504 roll 1
DICE 3 1 5 3 2 5 
lochmill.inf.ed.ac.uk#9076932720327061504 roll 3
lochmill.inf.ed.ac.uk#9076932720327061504 roll 1
DICE 3 1 3 3 2 3 
lochmill.inf.ed.ac.uk#9076932720327061504 roll 3
lochmill.inf.ed.ac.uk#9076932720327061504 roll 1
DICE 3 1 3 2 0 4 
lochmill.inf.ed.ac.uk#9076932720327061504 roll 2
lochmill.inf.ed.ac.uk#9076932720327061504 roll 1
DICE 2 1 5 4 5 
lochmill.inf.ed.ac.uk#9076932720327061504 roll 1
lochmill.inf.ed.ac.uk#9076932720327061504 roll 1
DICE 1 1 1 1 
lochmill.inf.ed.ac.uk#9076932720327061504 attack 27 34
lochmill.inf.ed.ac.uk#9076932720327061504 roll 3
lochmill.inf.ed.ac.uk#9076932720327061504 roll 1
DICE 3 1 4 2 0 5 
lochmill.inf.ed.ac.uk#9076932720327061504 roll 3
lochmill.inf.ed.ac.uk#9076932720327061504 roll 1
DICE 3 1 4 2 0 0 
lochmill.inf.ed.ac.uk#9076932720327061504 move all
lochmill.inf.ed.ac.uk#9076932720327061504 attack 38 37
lochmill.inf.ed.ac.uk#9076932720327061504 roll 3
lochmill.inf.ed.ac.uk#9076932720327061504 roll 1
DICE 3 1 4 4 3 3 
lochmill.inf.ed.ac.uk#9076932720327061504 move all
lochmill.inf.ed.ac.uk#9076932720327061504 attack 37 36
lochmill.inf.ed.ac.uk#9076932720327061504 retreat
lochmill.inf.ed.ac.uk#9076932720327061504 attack 37 36
lochmill.inf.ed.ac.uk#9076932720327061504 roll 3
lochmill.inf.ed.ac.uk#9076932720327061504 roll 1
DICE 3 1 5 4 0 1 
lochmill.inf.ed.ac.uk#9076932720327061504 move all
lochmill.inf.ed.ac.uk#9076932720327061504 attack 36 35
lochmill.inf.ed.ac.uk#9076932720327061504 roll 3
lochmill.inf.ed.ac.uk#9076932720327061504 roll 1
DICE 3 1 5 4 3 3 
lochmill.inf.ed.ac.uk#9076932720327061504 endattack
lochmill.inf.ed.ac.uk#9076932720327061504 movearmies 35 27 2
CARD 13
lochmill.inf.ed.ac.uk#9076932720327061504 placearmies 28 1
lochmill.inf.ed.ac.uk#9076932720327061504 placearmies 28 1
lochmill.inf.ed.ac.uk#9076932720327061504 placearmies 28 1
lochmill.inf.ed.ac.uk#9076932720327061504 attack 28 16
lochmill.inf.ed.ac.uk#9076932720327061504 roll 3
lochmill.inf.ed.ac.uk#9076932720327061504 roll 2
DICE 3 2 5 4 1 5 4 
lochmill.inf.ed.ac.uk#9076932720327061504 roll 3
lochmill.inf.ed.ac.uk#9076932720327061504 roll 2
DICE 3 2 4 3 2 2 0 
lochmill.inf.ed.ac.uk#9076932720327061504 roll 3
lochmill.inf.ed.ac.uk#9076932720327061504 roll 2
DICE 3 2 3 2 0 3 0 
lochmill.inf.ed.ac.uk#9076932720327061504 roll 3
lochmill.inf.ed.ac.uk#9076932720327061504 roll 2
DICE 3 2 0 0 0 3 1 
lochmill.inf.ed.ac.uk#9076932720327061504 roll 3
lochmill.inf.ed.ac.uk#9076932720327061504 roll 2
DICE 3 2 3 2 2 2 0 
lochmill.inf.ed.ac.uk#9076932720327061504 roll 3
lochmill.inf.ed.ac.uk#9076932720327061504 roll 1
DICE 3 1 2 1 0 2 
lochmill.inf.ed.ac.uk#9076932720327061504 roll 3
lochmill.inf.ed.ac.uk#9076932720327061504 roll 1
DICE 3 1 5 4 4 0 
lochmill.inf.ed.ac.uk#9076932720327061504 move all
lochmill.inf.ed.ac.uk#9076932720327061504 attack 16 15
lochmill.inf.ed.ac.uk#9076932720327061504 roll 3
lochmill.inf.ed.ac.uk#9076932720327061504 roll 1
DICE 3 1 3 2 2 4 
lochmill.inf.ed.ac.uk#9076932720327061504 roll 3
lochmill.inf.ed.ac.uk#9076932720327061504 roll 1
DICE 3 1 4 4 2 2 
lochmill.inf.ed.ac.uk#9076932720327061504 move all
lochmill.inf.ed.ac.uk#9076932720327061504 attack 15 14
lochmill.inf.ed.ac.uk#9076932720327061504 roll 3
lochmill.inf.ed.ac.uk#9076932720327061504 roll 1
DICE 3 1 3 2 0 5 
lochmill.inf.ed.ac.uk#9076932720327061504 roll 3
lochmill.inf.ed.ac.uk#9076932720327061504 roll 1
DICE 3 1 5 1 1 4 
lochmill.inf.ed.ac.uk#9076932720327061504 move all
lochmill.inf.ed.ac.uk#9076932720327061504 attack 14 17
lochmill.inf.ed.ac.uk#9076932720327061504 roll 3
lochmill.inf.ed.ac.uk#9076932720327061504 roll 1
DICE 3 1 4 4 3 1 
lochmill.inf.ed.ac.uk#9076932720327061504 move all
lochmill.inf.ed.ac.uk#9076932720327061504 attack 17 18
lochmill.inf.ed.ac.uk#9076932720327061504 roll 3
lochmill.inf.ed.ac.uk#9076932720327061504 roll 1
DICE 3 1 5 3 2 4 
lochmill.inf.ed.ac.uk#9076932720327061504 move all
lochmill.inf.ed.ac.uk#9076932720327061504 attack 18 19
lochmill.inf.ed.ac.uk#9076932720327061504 roll 3
lochmill.inf.ed.ac.uk#9076932720327061504 roll 1
DICE 3 1 5 5 5 0 
lochmill.inf.ed.ac.uk#9076932720327061504 attack 19 20
lochmill.inf.ed.ac.uk#9076932720327061504 roll 2
lochmill.inf.ed.ac.uk#9076932720327061504 roll 2
DICE 2 2 4 4 4 4 
lochmill.inf.ed.ac.uk#9076932720327061504 endattack
lochmill.inf.ed.ac.uk#9076932720327061504 nomove
CARD 8
lochmill.inf.ed.ac.uk#9076932720327061504 placearmies 40 1
lochmill.inf.ed.ac.uk#9076932720327061504 placearmies 40 1
lochmill.inf.ed.ac.uk#9076932720327061504 placearmies 40 1
lochmill.inf.ed.ac.uk#9076932720327061504 attack 40 42
lochmill.inf.ed.ac.uk#9076932720327061504 roll 3
lochmill.inf.ed.ac.uk#9076932720327061504 roll 1
DICE 3 1 5 3 0 4 
lochmill.inf.ed.ac.uk#9076932720327061504 move all
lochmill.inf.ed.ac.uk#9076932720327061504 attack 42 41
lochmill.inf.ed.ac.uk#9076932720327061504 roll 3
lochmill.inf.ed.ac.uk#9076932720327061504 roll 1
DICE 3 1 5 4 4 4 
lochmill.inf.ed.ac.uk#9076932720327061504 move all
lochmill.inf.ed.ac.uk#9076932720327061504 attack 41 39
lochmill.inf.ed.ac.uk#9076932720327061504 roll 3
lochmill.inf.ed.ac.uk#9076932720327061504 roll 1
DICE 3 1 4 2 1 0 
lochmill.inf.ed.ac.uk#9076932720327061504 move all
lochmill.inf.ed.ac.uk#9076932720327061504 attack 39 33
lochmill.inf.ed.ac.uk#9076932720327061504 roll 3
lochmill.inf.ed.ac.uk#9076932720327061504 roll 1
DICE 3 1 5 1 1 0 
lochmill.inf.ed.ac.uk#9076932720327061504 move all
lochmill.inf.ed.ac.uk#9076932720327061504 attack 33 29
lochmill.inf.ed.ac.uk#9076932720327061504 roll 3
lochmill.inf.ed.ac.uk#9076932720327061504 roll 1
DICE 3 1 5 4 2 5 
lochmill.inf.ed.ac.uk#9076932720327061504 roll 3
lochmill.inf.ed.ac.uk#9076932720327061504 roll 1
DICE 3 1 4 0 0 0 
lochmill.inf.ed.ac.uk#9076932720327061504 move all
lochmill.inf.ed.ac.uk#9076932720327061504 attack 29 36
lochmill.inf.ed.ac.uk#9076932720327061504 roll 3
lochmill.inf.ed.ac.uk#9076932720327061504 roll 1
DICE 3 1 2 1 0 5 
lochmill.inf.ed.ac.uk#9076932720327061504 roll 3
lochmill.inf.ed.ac.uk#9076932720327061504 roll 1
DICE 3 1 5 4 3 3 
lochmill.inf.ed.ac.uk#9076932720327061504 move all
lochmill.inf.ed.ac.uk#9076932720327061504 attack 36 38
lochmill.inf.ed.ac.uk#9076932720327061504 roll 3
lochmill.inf.ed.ac.uk#9076932720327061504 roll 1
DICE 3 1 3 1 0 0 
lochmill.inf.ed.ac.uk#9076932720327061504 move all
lochmill.inf.ed.ac.uk#9076932720327061504 attack 38 1
lochmill.inf.ed.ac.uk#9076932720327061504 roll 3
lochmill.inf.ed.ac.uk#9076932720327061504 roll 2
DICE 3 2 5 5 0 3 2 
lochmill.inf.ed.ac.uk#9076932720327061504 roll 3
lochmill.inf.ed.ac.uk#9076932720327061504 roll 2
DICE 3 2 2 2 1 3 1 
lochmill.inf.ed.ac.uk#9076932720327061504 roll 3
lochmill.inf.ed.ac.uk#9076932720327061504 roll 2
DICE 3 2 3 1 0 3 2 
lochmill.inf.ed.ac.uk#9076932720327061504 roll 3
lochmill.inf.ed.ac.uk#9076932720327061504 roll 2
DICE 3 2 3 2 0 2 0 
lochmill.inf.ed.ac.uk#9076932720327061504 move all
lochmill.inf.ed.ac.uk#9076932720327061504 attack 1 2
lochmill.inf.ed.ac.uk#9076932720327061504 roll 3
lochmill.inf.ed.ac.uk#9076932720327061504 roll 1
DICE 3 1 5 3 0 0 
lochmill.inf.ed.ac.uk#9076932720327061504 attack 2 3
lochmill.inf.ed.ac.uk#9076932720327061504 roll 2
lochmill.inf.ed.ac.uk#9076932720327061504 roll 1
DICE 2 1 5 2 4 
lochmill.inf.ed.ac.uk#9076932720327061504 attack 3 4
lochmill.inf.ed.ac.uk#9076932720327061504 roll 1
lochmill.inf.ed.ac.uk#9076932720327061504 roll 1
DICE 1 1 0 5 
lochmill.inf.ed.ac.uk#9076932720327061504 endattack
lochmill.inf.ed.ac.uk#9076932720327061504 nomove
CARD 26
lochmill.inf.ed.ac.uk#9076932720327061504 placearmies 20 1
lochmill.inf.ed.ac.uk#9076932720327061504 placearmies 20 1
lochmill.inf.ed.ac.uk#9076932720327061504 placearmies 20 1
lochmill.inf.ed.ac.uk#9076932720327061504 attack 20 19
lochmill.inf.ed.ac.uk#9076932720327061504 roll 3
lochmill.inf.ed.ac.uk#9076932720327061504 roll 1
DICE 3 1 4 4 2 4 
lochmill.inf.ed.ac.uk#9076932720327061504 roll 3
lochmill.inf.ed.ac.uk#9076932720327061504 roll 1
DICE 3 1 2 1 0 2 
lochmill.inf.ed.ac.uk#9076932720327061504 roll 3
lochmill.inf.ed.ac.uk#9076932720327061504 roll 1
DICE 3 1 5 1 0 5 
lochmill.inf.ed.ac.uk#9076932720327061504 roll 3
lochmill.inf.ed.ac.uk#9076932720327061504 roll 1
DICE 3 1 5 5 0 2 
lochmill.inf.ed.ac.uk#9076932720327061504 attack 19 17
lochmill.inf.ed.ac.uk#9076932720327061504 roll 2
lochmill.inf.ed.ac.uk#9076932720327061504 roll 1
DICE 2 1 1 1 3 
lochmill.inf.ed.ac.uk#9076932720327061504 roll 1
lochmill.inf.ed.ac.uk#9076932720327061504 roll 1
DICE 1 1 3 2 
lochmill.inf.ed.ac.uk#9076932720327061504 endattack
lochmill.inf.ed.ac.uk#9076932720327061504 nomove
CARD 37
lochmill.inf.ed.ac.uk#9076932720327061504 placearmies 22 1
lochmill.inf.ed.ac.uk#9076932720327061504 placearmies 22 1
lochmill.inf.ed.ac.uk#9076932720327061504 placearmies 22 1
lochmill.inf.ed.ac.uk#9076932720327061504 placearmies 22 1
lochmill.inf.ed.ac.uk#9076932720327061504 placearmies 22 1
lochmill.inf.ed.ac.uk#9076932720327061504 placearmies 22 1
lochmill.inf.ed.ac.uk#9076932720327061504 attack 22 31
lochmill.inf.ed.ac.uk#9076932720327061504 roll 3
lochmill.inf.ed.ac.uk#9076932720327061504 roll 1
DICE 3 1 4 4 4 4 
lochmill.inf.ed.ac.uk#9076932720327061504 roll 3
lochmill.inf.ed.ac.uk#9076932720327061504 roll 1
DICE 3 1 5 3 0 0 
lochmill.inf.ed.ac.uk#9076932720327061504 move all
lochmill.inf.ed.ac.uk#9076932720327061504 attack 31 32
lochmill.inf.ed.ac.uk#9076932720327061504 roll 3
lochmill.inf.ed.ac.uk#9076932720327061504 roll 1
DICE 3 1 5 5 4 5 
lochmill.inf.ed.ac.uk#9076932720327061504 roll 3
lochmill.inf.ed.ac.uk#9076932720327061504 roll 1
DICE 3 1 4 1 0 2 
lochmill.inf.ed.ac.uk#9076932720327061504 move all
lochmill.inf.ed.ac.uk#9076932720327061504 attack 32 33
lochmill.inf.ed.ac.uk#9076932720327061504 roll 3
lochmill.inf.ed.ac.uk#9076932720327061504 roll 1
DICE 3 1 5 0 0 0 
lochmill.inf.ed.ac.uk#9076932720327061504 move all
lochmill.inf.ed.ac.uk#9076932720327061504 attack 33 29
lochmill.inf.ed.ac.uk#9076932720327061504 roll 3
lochmill.inf.ed.ac.uk#9076932720327061504 roll 1
DICE 3 1 3 2 1 4 
lochmill.inf.ed.ac.uk#9076932720327061504 roll 3
lochmill.inf.ed.ac.uk#9076932720327061504 roll 1
DICE 3 1 1 1 0 0 
lochmill.inf.ed.ac.uk#9076932720327061504 move all
lochmill.inf.ed.ac.uk#9076932720327061504 attack 29 30
lochmill.inf.ed.ac.uk#9076932720327061504 roll 3
lochmill.inf.ed.ac.uk#9076932720327061504 roll 1
DICE 3 1 3 2 1 0 
lochmill.inf.ed.ac.uk#9076932720327061504 move all
lochmill.inf.ed.ac.uk#9076932720327061504 attack 30 28
lochmill.inf.ed.ac.uk#9076932720327061504 roll 3
lochmill.inf.ed.ac.uk#9076932720327061504 roll 1
DICE 3 1 5 4 2 4 
lochmill.inf.ed.ac.uk#9076932720327061504 attack 28 27
lochmill.inf.ed.ac.uk#9076932720327061504 roll 2
lochmill.inf.ed.ac.uk#9076932720327061504 roll 2
DICE 2 2 2 1 4 1 
lochmill.inf.ed.ac.uk#9076932720327061504 endattack
lochmill.inf.ed.ac.uk#9076932720327061504 movearmies 21 22 5
CARD wildcard
lochmill.inf.ed.ac.uk#9076932720327061504 placearmies 4 1
lochmill.inf.ed.ac.uk#9076932720327061504 placearmies 4 1
lochmill.inf.ed.ac.uk#9076932720327061504 placearmies 4 1
lochmill.inf.ed.ac.uk#9076932720327061504 attack 4 3
lochmill.inf.ed.ac.uk#9076932720327061504 roll 3
lochmill.inf.ed.ac.uk#9076932720327061504 roll 1
DICE 3 1 5 4 3 0 
lochmill.inf.ed.ac.uk#9076932720327061504 attack 3 2
lochmill.inf.ed.ac.uk#9076932720327061504 roll 2
lochmill.inf.ed.ac.uk#9076932720327061504 roll 1
DICE 2 1 5 1 3 
lochmill.inf.ed.ac.uk#9076932720327061504 attack 2 1
lochmill.inf.ed.ac.uk#9076932720327061504 roll 1
lochmill.inf.ed.ac.uk#9076932720327061504 roll 1
DICE 1 1 5 2 
lochmill.inf.ed.ac.uk#9076932720327061504 endattack
lochmill.inf.ed.ac.uk#9076932720327061504 nomove
CARD 27
lochmill.inf.ed.ac.uk#9076932720327061504 placearmies 27 1
lochmill.inf.ed.ac.uk#9076932720327061504 placearmies 27 1
lochmill.inf.ed.ac.uk#9076932720327061504 placearmies 27 1
lochmill.inf.ed.ac.uk#9076932720327061504 attack 27 28
lochmill.inf.ed.ac.uk#9076932720327061504 roll 3
lochmill.inf.ed.ac.uk#9076932720327061504 roll 1
DICE 3 1 5 4 0 3 
lochmill.inf.ed.ac.uk#9076932720327061504 move all
lochmill.inf.ed.ac.uk#9076932720327061504 attack 28 30
lochmill.inf.ed.ac.uk#9076932720327061504 roll 3
lochmill.inf.ed.ac.uk#9076932720327061504 roll 1
DICE 3 1 3 2 1 4 
lochmill.inf.ed.ac.uk#9076932720327061504 roll 3
lochmill.inf.ed.ac.uk#9076932720327061504 roll 1
DICE 3 1 5 2 1 2 
lochmill.inf.ed.ac.uk#9076932720327061504 attack 30 31
lochmill.inf.ed.ac.uk#9076932720327061504 roll 2
lochmill.inf.ed.ac.uk#9076932720327061504 roll 1
DICE 2 1 2 1 2 
lochmill.inf.ed.ac.uk#9076932720327061504 roll 1
lochmill.inf.ed.ac.uk#9076932720327061504 roll 1
DICE 1 1 2 0 
lochmill.inf.ed.ac.uk#9076932720327061504 attack 34 38
lochmill.inf.ed.ac.uk#9076932720327061504 roll 3
lochmill.inf.ed.ac.uk#9076932720327061504 roll 1
DICE 3 1 4 1 1 1 
lochmill.inf.ed.ac.uk#9076932720327061504 attack 38 36
lochmill.inf.ed.ac.uk#9076932720327061504 roll 2
lochmill.inf.ed.ac.uk#9076932720327061504 roll 1
DICE 2 1 2 1 0 
lochmill.inf.ed.ac.uk#9076932720327061504 attack 36 29
lochmill.inf.ed.ac.uk#9076932720327061504 roll 1
lochmill.inf.ed.ac.uk#9076932720327061504 roll 1
DICE 1 1 1 3 
lochmill.inf.ed.ac.uk#9076932720327061504 endattack
lochmill.inf.ed.ac.uk#9076932720327061504 nomove
CARD 17
lochmill.inf.ed.ac.uk#9076932720327061504 placearmies 14 1
lochmill.inf.ed.ac.uk#9076932720327061504 placearmies 14 1
lochmill.inf.ed.ac.uk#9076932720327061504 placearmies 14 1
lochmill.inf.ed.ac.uk#9076932720327061504 attack 14 17
lochmill.inf.ed.ac.uk#9076932720327061504 roll 3
lochmill.inf.ed.ac.uk#9076932720327061504 roll 1
DICE 3 1 3 1 0 3 
lochmill.inf.ed.ac.uk#9076932720327061504 roll 2
lochmill.inf.ed.ac.uk#9076932720327061504 roll 1
DICE 2 1 4 0 3 
lochmill.inf.ed.ac.uk#9076932720327061504 attack 17 19
lochmill.inf.ed.ac.uk#9076932720327061504 roll 1
lochmill.inf.ed.ac.uk#9076932720327061504 roll 1
DICE 1 1 2 0 
lochmill.inf.ed.ac.uk#9076932720327061504 endattack
lochmill.inf.ed.ac.uk#9076932720327061504 nomove
CARD 12
lochmill.inf.ed.ac.uk#9076932720327061504 placearmies 39 1
lochmill.inf.ed.ac.uk#9076932720327061504 placearmies 39 1
lochmill.inf.ed.ac.uk#9076932720327061504 placearmies 39 1
lochmill.inf.ed.ac.uk#9076932720327061504 placearmies 39 1
lochmill.inf.ed.ac.uk#9076932720327061504 placearmies 39 1
lochmill.inf.ed.ac.uk#9076932720327061504 attack 39 33
lochmill.inf.ed.ac.uk#9076932720327061504 roll 3
lochmill.inf.ed.ac.uk#9076932720327061504 roll 1
DICE 3 1 4 3 3 0 
lochmill.inf.ed.ac.uk#9076932720327061504 move all
lochmill.inf.ed.ac.uk#9076932720327061504 attack 33 29
lochmill.inf.ed.ac.uk#9076932720327061504 roll 3
lochmill.inf.ed.ac.uk#9076932720327061504 roll 1
DICE 3 1 5 5 2 0 
lochmill.inf.ed.ac.uk#9076932720327061504 move all
lochmill.inf.ed.ac.uk#9076932720327061504 attack 29 36
lochmill.inf.ed.ac.uk#9076932720327061504 roll 3
lochmill.inf.ed.ac.uk#9076932720327061504 roll 1
DICE 3 1 5 1 1 3 
lochmill.inf.ed.ac.uk#9076932720327061504 attack 36 38
lochmill.inf.ed.ac.uk#9076932720327061504 roll 2
lochmill.inf.ed.ac.uk#9076932720327061504 roll 1
DICE 2 1 2 1 2 
lochmill.inf.ed.ac.uk#9076932720327061504 roll 1
lochmill.inf.ed.ac.uk#9076932720327061504 roll 1
DICE 1 1 4 2 
lochmill.inf.ed.ac.uk#9076932720327061504 endattack
lochmill.inf.ed.ac.uk#9076932720327061504 nomove
CARD 36
lochmill.inf.ed.ac.uk#9076932720327061504 placearmies 20 1
lochmill.inf.ed.ac.uk#9076932720327061504 placearmies 20 1
lochmill.inf.ed.ac.uk#9076932720327061504 placearmies 20 1
lochmill.inf.ed.ac.uk#9076932720327061504 attack 20 19
lochmill.inf.ed.ac.uk#9076932720327061504 roll 3
lochmill.inf.ed.ac.uk#9076932720327061504 roll 1
DICE 3 1 4 4 4 4 
lochmill.inf.ed.ac.uk#9076932720327061504 roll 2
lochmill.inf.ed.ac.uk#9076932720327061504 roll 1
DICE 2 1 5 2 0 
lochmill.inf.ed.ac.uk#9076932720327061504 attack 19 17
lochmill.inf.ed.ac.uk#9076932720327061504 roll 1
lochmill.inf.ed.ac.uk#9076932720327061504 roll 1
DICE 1 1 1 2 
lochmill.inf.ed.ac.uk#9076932720327061504 endattack
lochmill.inf.ed.ac.uk#9076932720327061504 nomove
CARD 23
lochmill.inf.ed.ac.uk#9076932720327061504 placearmies 22 1
lochmill.inf.ed.ac.uk#9076932720327061504 placearmies 22 1
lochmill.inf.ed.ac.uk#9076932720327061504 placearmies 22 1
lochmill.inf.ed.ac.uk#9076932720327061504 placearmies 22 1
lochmill.inf.ed.ac.uk#9076932720327061504 placearmies 22 1
lochmill.inf.ed.ac.uk#9076932720327061504 placearmies 22 1
lochmill.inf.ed.ac.uk#9076932720327061504 attack 22 31
lochmill.inf.ed.ac.uk#9076932720327061504 roll 3
lochmill.inf.ed.ac.uk#9076932720327061504 roll 1
DICE 3 1 4 4 1 5 
lochmill.inf.ed.ac.uk#9076932720327061504 roll 3
lochmill.inf.ed.ac.uk#9076932720327061504 roll 1
DICE 3 1 2 1 0 3 
lochmill.inf.ed.ac.uk#9076932720327061504 roll 3
lochmill.inf.ed.ac.uk#9076932720327061504 roll 1
DICE 3 1 2 0 0 2 
lochmill.inf.ed.ac.uk#9076932720327061504 roll 3
lochmill.inf.ed.ac.uk#9076932720327061504 roll 1
DICE 3 1 4 2 0 4 
lochmill.inf.ed.ac.uk#9076932720327061504 roll 3
lochmill.inf.ed.ac.uk#9076932720327061504 roll 1
DICE 3 1 3 3 1 2 
lochmill.inf.ed.ac.uk#9076932720327061504 move all
lochmill.inf.ed.ac.uk#9076932720327061504 attack 31 30
lochmill.inf.ed.ac.uk#9076932720327061504 roll 3
lochmill.inf.ed.ac.uk#9076932720327061504 roll 1
DICE 3 1 5 3 0 3 
lochmill.inf.ed.ac.uk#9076932720327061504 move all
lochmill.inf.ed.ac.uk#9076932720327061504 attack 30 28
lochmill.inf.ed.ac.uk#9076932720327061504 roll 3
lochmill.inf.ed.ac.uk#9076932720327061504 roll 1
DICE 3 1 5 4 1 1 
lochmill.inf.ed.ac.uk#9076932720327061504 move all
lochmill.inf.ed.ac.uk#9076932720327061504 attack 28 27
lochmill.inf.ed.ac.uk#9076932720327061504 roll 3
lochmill.inf.ed.ac.uk#9076932720327061504 roll 1
DICE 3 1 2 1 0 3 
lochmill.inf.ed.ac.uk#9076932720327061504 roll 3
lochmill.inf.ed.ac.uk#9076932720327061504 roll 1
DICE 3 1 5 4 2 3 
lochmill.inf.ed.ac.uk#9076932720327061504 attack 27 29
lochmill.inf.ed.ac.uk#9076932720327061504 roll 2
lochmill.inf.ed.ac.uk#9076932720327061504 roll 1
DICE 2 1 1 0 3 
lochmill.inf.ed.ac.uk#9076932720327061504 roll 1
lochmill.inf.ed.ac.uk#9076932720327061504 roll 1
DICE 1 1 2 3 
lochmill.inf.ed.ac.uk#9076932720327061504 endattack
lochmill.inf.ed.ac.uk#9076932720327061504 nomove
CARD 2
lochmill.inf.ed.ac.uk#9076932720327061504 placearmies 10 1
lochmill.inf.ed.ac.uk#9076932720327061504 placearmies 10 1
lochmill.inf.ed.ac.uk#9076932720327061504 placearmies 10 1
lochmill.inf.ed.ac.uk#9076932720327061504 placearmies 10 1
lochmill.inf.ed.ac.uk#9076932720327061504 placearmies 10 1
lochmill.inf.ed.ac.uk#9076932720327061504 placearmies 10 1
lochmill.inf.ed.ac.uk#9076932720327061504 placearmies 10 1
lochmill.inf.ed.ac.uk#9076932720327061504 placearmies 10 1
lochmill.inf.ed.ac.uk#9076932720327061504 attack 10 12
lochmill.inf.ed.ac.uk#9076932720327061504 roll 3
lochmill.inf.ed.ac.uk#9076932720327061504 roll 1
DICE 3 1 3 3 0 4 
lochmill.inf.ed.ac.uk#9076932720327061504 roll 3
lochmill.inf.ed.ac.uk#9076932720327061504 roll 1
DICE 3 1 5 5 1 2 
lochmill.inf.ed.ac.uk#9076932720327061504 move all
lochmill.inf.ed.ac.uk#9076932720327061504 attack 12 21
lochmill.inf.ed.ac.uk#9076932720327061504 roll 3
lochmill.inf.ed.ac.uk#9076932720327061504 roll 1
DICE 3 1 5 4 4 5 
lochmill.inf.ed.ac.uk#9076932720327061504 roll 3
lochmill.inf.ed.ac.uk#9076932720327061504 roll 1
DICE 3 1 5 4 2 0 
lochmill.inf.ed.ac.uk#9076932720327061504 move all
lochmill.inf.ed.ac.uk#9076932720327061504 attack 21 23
lochmill.inf.ed.ac.uk#9076932720327061504 roll 3
lochmill.inf.ed.ac.uk#9076932720327061504 roll 1
DICE 3 1 5 4 3 1 
lochmill.inf.ed.ac.uk#9076932720327061504 move all
lochmill.inf.ed.ac.uk#9076932720327061504 attack 23 25
lochmill.inf.ed.ac.uk#9076932720327061504 roll 3
lochmill.inf.ed.ac.uk#9076932720327061504 roll 1
DICE 3 1 4 4 2 0 
lochmill.inf.ed.ac.uk#9076932720327061504 attack 25 26
lochmill.inf.ed.ac.uk#9076932720327061504 roll 2
lochmill.inf.ed.ac.uk#9076932720327061504 roll 1
DICE 2 1 4 2 5 
lochmill.inf.ed.ac.uk#9076932720327061504 roll 1
lochmill.inf.ed.ac.uk#9076932720327061504 roll 1
DICE 1 1 1 0 
lochmill.inf.ed.ac.uk#9076932720327061504 endattack
lochmill.inf.ed.ac.uk#9076932720327061504 nomove
CARD 10
lochmill.inf.ed.ac.uk#9076932720327061504 placearmies 34 1
lochmill.inf.ed.ac.uk#9076932720327061504 placearmies 34 1
lochmill.inf.ed.ac.uk#9076932720327061504 placearmies 34 1
lochmill.inf.ed.ac.uk#9076932720327061504 attack 34 27
lochmill.inf.ed.ac.uk#9076932720327061504 roll 3
lochmill.inf.ed.ac.uk#9076932720327061504 roll 1
DICE 3 1 4 3 1 1 
lochmill.inf.ed.ac.uk#9076932720327061504 attack 27 28
lochmill.inf.ed.ac.uk#9076932720327061504 roll 2
lochmill.inf.ed.ac.uk#9076932720327061504 roll 1
DICE 2 1 4 0 2 
lochmill.inf.ed.ac.uk#9076932720327061504 attack 28 30
lochmill.inf.ed.ac.uk#9076932720327061504 roll 1
lochmill.inf.ed.ac.uk#9076932720327061504 roll 1
DICE 1 1 5 2 
lochmill.inf.ed.ac.uk#9076932720327061504 endattack
lochmill.inf.ed.ac.uk#9076932720327061504 nomove
CARD 14
lochmill.inf.ed.ac.uk#9076932720327061504 placearmies 17 1
lochmill.inf.ed.ac.uk#9076932720327061504 placearmies 17 1
lochmill.inf.ed.ac.uk#9076932720327061504 placearmies 17 1
lochmill.inf.ed.ac.uk#9076932720327061504 attack 17 19
lochmill.inf.ed.ac.uk#9076932720327061504 roll 3
lochmill.inf.ed.ac.uk#9076932720327061504 roll 1
DICE 3 1 4 2 1 4 
lochmill.inf.ed.ac.uk#9076932720327061504 roll 2
lochmill.inf.ed.ac.uk#9076932720327061504 roll 1
DICE 2 1 4 2 4 
lochmill.inf.ed.ac.uk#9076932720327061504 roll 1
lochmill.inf.ed.ac.uk#9076932720327061504 roll 1
DICE 1 1 1 4 
lochmill.inf.ed.ac.uk#9076932720327061504 endattack
lochmill.inf.ed.ac.uk#9076932720327061504 nomove
CARD 
lochmill.inf.ed.ac.uk#9076932720327061504 placearmies 38 1
lochmill.inf.ed.ac.uk#9076932720327061504 placearmies 38 1
lochmill.inf.ed.ac.uk#9076932720327061504 placearmies 38 1
lochmill.inf.ed.ac.uk#9076932720327061504 placearmies 38 1
lochmill.inf.ed.ac.uk#9076932720327061504 placearmies 38 1
lochmill.inf.ed.ac.uk#9076932720327061504 attack 38 1
lochmill.inf.ed.ac.uk#9076932720327061504 roll 3
lochmill.inf.ed.ac.uk#9076932720327061504 roll 1
DICE 3 1 4 3 1 1 
lochmill.inf.ed.ac.uk#9076932720327061504 move all
lochmill.inf.ed.ac.uk#9076932720327061504 attack 1 2
lochmill.inf.ed.ac.uk#9076932720327061504 roll 3
lochmill.inf.ed.ac.uk#9076932720327061504 roll 1
DICE 3 1 4 1 0 1 
lochmill.inf.ed.ac.uk#9076932720327061504 move all
lochmill.inf.ed.ac.uk#9076932720327061504 attack 2 3
lochmill.inf.ed.ac.uk#9076932720327061504 roll 3
lochmill.inf.ed.ac.uk#9076932720327061504 roll 1
DICE 3 1 4 3 2 3 
lochmill.inf.ed.ac.uk#9076932720327061504 attack 3 4
lochmill.inf.ed.ac.uk#9076932720327061504 roll 2
lochmill.inf.ed.ac.uk#9076932720327061504 roll 1
DICE 2 1 3 2 2 
lochmill.inf.ed.ac.uk#9076932720327061504 attack 4 5
lochmill.inf.ed.ac.uk#9076932720327061504 roll 1
lochmill.inf.ed.ac.uk#9076932720327061504 roll 1
DICE 1 1 3 3 
lochmill.inf.ed.ac.uk#9076932720327061504 endattack
lochmill.inf.ed.ac.uk#9076932720327061504 nomove
CARD 15
lochmill.inf.ed.ac.uk#9076932720327061504 placearmies 19 1
lochmill.inf.ed.ac.uk#9076932720327061504 placearmies 19 1
lochmill.inf.ed.ac.uk#9076932720327061504 placearmies 19 1
lochmill.inf.ed.ac.uk#9076932720327061504 attack 19 17
lochmill.inf.ed.ac.uk#9076932720327061504 roll 3
lochmill.inf.ed.ac.uk#9076932720327061504 roll 1
DICE 3 1 1 0 0 5 
lochmill.inf.ed.ac.uk#9076932720327061504 retreat
lochmill.inf.ed.ac.uk#9076932720327061504 attack 19 17
lochmill.inf.ed.ac.uk#9076932720327061504 roll 2
lochmill.inf.ed.ac.uk#9076932720327061504 roll 1
DICE 2 1 3 1 5 
lochmill.inf.ed.ac.uk#9076932720327061504 roll 1
lochmill.inf.ed.ac.uk#9076932720327061504 roll 1
DICE 1 1 1 2 
lochmill.inf.ed.ac.uk#9076932720327061504 endattack
lochmill.inf.ed.ac.uk#9076932720327061504 nomove
CARD 
lochmill.inf.ed.ac.uk#9076932720327061504 trade 9 wildcard 2
lochmill.inf.ed.ac.uk#9076932720327061504 placearmies 24 1
lochmill.inf.ed.ac.uk#9076932720327061504 placearmies 24 1
lochmill.inf.ed.ac.uk#9076932720327061504 placearmies 24 1
lochmill.inf.ed.ac.uk#9076932720327061504 placearmies 24 1
lochmill.inf.ed.ac.uk#9076932720327061504 placearmies 31 1
lochmill.inf.ed.ac.uk#9076932720327061504 placearmies 31 1
lochmill.inf.ed.ac.uk#9076932720327061504 placearmies 31 1
lochmill.inf.ed.ac.uk#9076932720327061504 placearmies 31 1
lochmill.inf.ed.ac.uk#9076932720327061504 placearmies 31 1
lochmill.inf.ed.ac.uk#9076932720327061504 placearmies 31 1
lochmill.inf.ed.ac.uk#9076932720327061504 placearmies 31 1
lochmill.inf.ed.ac.uk#9076932720327061504 attack 24 26
lochmill.inf.ed.ac.uk#9076932720327061504 roll 3
lochmill.inf.ed.ac.uk#9076932720327061504 roll 1
DICE 3 1 5 4 3 0 
lochmill.inf.ed.ac.uk#9076932720327061504 move all
lochmill.inf.ed.ac.uk#9076932720327061504 attack 26 25
lochmill.inf.ed.ac.uk#9076932720327061504 roll 3
lochmill.inf.ed.ac.uk#9076932720327061504 roll 1
DICE 3 1 5 5 2 1 
lochmill.inf.ed.ac.uk#9076932720327061504 move all
lochmill.inf.ed.ac.uk#9076932720327061504 attack 25 23
lochmill.inf.ed.ac.uk#9076932720327061504 roll 3
lochmill.inf.ed.ac.uk#9076932720327061504 roll 1
DICE 3 1 5 5 2 3 
lochmill.inf.ed.ac.uk#9076932720327061504 move all
lochmill.inf.ed.ac.uk#9076932720327061504 attack 23 21
lochmill.inf.ed.ac.uk#9076932720327061504 roll 3
lochmill.inf.ed.ac.uk#9076932720327061504 roll 1
DICE 3 1 3 0 0 5 
lochmill.inf.ed.ac.uk#9076932720327061504 roll 2
lochmill.inf.ed.ac.uk#9076932720327061504 roll 1
DICE 2 1 3 2 4 
lochmill.inf.ed.ac.uk#9076932720327061504 roll 1
lochmill.inf.ed.ac.uk#9076932720327061504 roll 1
DICE 1 1 0 1 
lochmill.inf.ed.ac.uk#9076932720327061504 attack 31 30
lochmill.inf.ed.ac.uk#9076932720327061504 roll 3
lochmill.inf.ed.ac.uk#9076932720327061504 roll 1
DICE 3 1 5 5 1 4 
lochmill.inf.ed.ac.uk#9076932720327061504 move all
lochmill.inf.ed.ac.uk#9076932720327061504 attack 30 28
lochmill.inf.ed.ac.uk#9076932720327061504 roll 3
lochmill.inf.ed.ac.uk#9076932720327061504 roll 1
DICE 3 1 5 1 0 5 
lochmill.inf.ed.ac.uk#9076932720327061504 roll 3
lochmill.inf.ed.ac.uk#9076932720327061504 roll 1
DICE 3 1 3 3 0 1 
lochmill.inf.ed.ac.uk#9076932720327061504 move all
lochmill.inf.ed.ac.uk#9076932720327061504 attack 28 27
lochmill.inf.ed.ac.uk#9076932720327061504 roll 3
lochmill.inf.ed.ac.uk#9076932720327061504 roll 1
DICE 3 1 5 3 2 1 
lochmill.inf.ed.ac.uk#9076932720327061504 move all
lochmill.inf.ed.ac.uk#9076932720327061504 attack 27 34
lochmill.inf.ed.ac.uk#9076932720327061504 roll 3
lochmill.inf.ed.ac.uk#9076932720327061504 roll 1
DICE 3 1 3 3 3 3 
lochmill.inf.ed.ac.uk#9076932720327061504 roll 2
lochmill.inf.ed.ac.uk#9076932720327061504 roll 1
DICE 2 1 1 1 0 
lochmill.inf.ed.ac.uk#9076932720327061504 attack 34 35
lochmill.inf.ed.ac.uk#9076932720327061504 roll 1
lochmill.inf.ed.ac.uk#9076932720327061504 roll 1
DICE 1 1 3 4 
lochmill.inf.ed.ac.uk#9076932720327061504 endattack
lochmill.inf.ed.ac.uk#9076932720327061504 nomove
CARD 30
lochmill.inf.ed.ac.uk#9076932720327061504 placearmies 5 1
lochmill.inf.ed.ac.uk#9076932720327061504 placearmies 5 1
lochmill.inf.ed.ac.uk#9076932720327061504 placearmies 5 1
lochmill.inf.ed.ac.uk#9076932720327061504 attack 5 4
lochmill.inf.ed.ac.uk#9076932720327061504 roll 3
lochmill.inf.ed.ac.uk#9076932720327061504 roll 1
DICE 3 1 4 2 0 1 
lochmill.inf.ed.ac.uk#9076932720327061504 endattack
lochmill.inf.ed.ac.uk#9076932720327061504 nomove
CARD 5
lochmill.inf.ed.ac.uk#9076932720327061504 placearmies 37 1
lochmill.inf.ed.ac.uk#9076932720327061504 placearmies 37 1
lochmill.inf.ed.ac.uk#9076932720327061504 placearmies 37 1
lochmill.inf.ed.ac.uk#9076932720327061504 attack 37 36
lochmill.inf.ed.ac.uk#9076932720327061504 roll 3
lochmill.inf.ed.ac.uk#9076932720327061504 roll 1
DICE 3 1 5 4 2 2 
lochmill.inf.ed.ac.uk#9076932720327061504 attack 36 29
lochmill.inf.ed.ac.uk#9076932720327061504 roll 2
lochmill.inf.ed.ac.uk#9076932720327061504 roll 1
DICE 2 1 5 0 3 
lochmill.inf.ed.ac.uk#9076932720327061504 attack 29 33
lochmill.inf.ed.ac.uk#9076932720327061504 roll 1
lochmill.inf.ed.ac.uk#9076932720327061504 roll 1
DICE 1 1 2 0 
lochmill.inf.ed.ac.uk#9076932720327061504 endattack
lochmill.inf.ed.ac.uk#9076932720327061504 nomove
CARD 41
lochmill.inf.ed.ac.uk#9076932720327061504 placearmies 17 1
lochmill.inf.ed.ac.uk#9076932720327061504 placearmies 17 1
lochmill.inf.ed.ac.uk#9076932720327061504 placearmies 17 1
lochmill.inf.ed.ac.uk#9076932720327061504 attack 17 19
lochmill.inf.ed.ac.uk#9076932720327061504 roll 3
lochmill.inf.ed.ac.uk#9076932720327061504 roll 1
DICE 3 1 3 2 0 5 
lochmill.inf.ed.ac.uk#9076932720327061504 roll 2
lochmill.inf.ed.ac.uk#9076932720327061504 roll 1
DICE 2 1 1 1 5 
lochmill.inf.ed.ac.uk#9076932720327061504 roll 1
lochmill.inf.ed.ac.uk#9076932720327061504 roll 1
DICE 1 1 3 0 
lochmill.inf.ed.ac.uk#9076932720327061504 endattack
lochmill.inf.ed.ac.uk#9076932720327061504 nomove
CARD 39
lochmill.inf.ed.ac.uk#9076932720327061504 placearmies 3 1
lochmill.inf.ed.ac.uk#9076932720327061504 placearmies 3 1
lochmill.inf.ed.ac.uk#9076932720327061504 placearmies 3 1
lochmill.inf.ed.ac.uk#9076932720327061504 placearmies 3 1
lochmill.inf.ed.ac.uk#9076932720327061504 placearmies 3 1
lochmill.inf.ed.ac.uk#9076932720327061504 attack 3 4
lochmill.inf.ed.ac.uk#9076932720327061504 roll 3
lochmill.inf.ed.ac.uk#9076932720327061504 roll 2
DICE 3 2 5 2 1 2 1 
lochmill.inf.ed.ac.uk#9076932720327061504 roll 3
lochmill.inf.ed.ac.uk#9076932720327061504 roll 1
DICE 3 1 4 4 2 4 
lochmill.inf.ed.ac.uk#9076932720327061504 roll 3
lochmill.inf.ed.ac.uk#9076932720327061504 roll 1
DICE 3 1 3 1 1 2 
lochmill.inf.ed.ac.uk#9076932720327061504 move all
lochmill.inf.ed.ac.uk#9076932720327061504 attack 4 5
lochmill.inf.ed.ac.uk#9076932720327061504 roll 3
lochmill.inf.ed.ac.uk#9076932720327061504 roll 1
DICE 3 1 5 1 0 3 
lochmill.inf.ed.ac.uk#9076932720327061504 attack 5 9
lochmill.inf.ed.ac.uk#9076932720327061504 roll 2
lochmill.inf.ed.ac.uk#9076932720327061504 roll 1
DICE 2 1 5 0 5 
lochmill.inf.ed.ac.uk#9076932720327061504 roll 1
lochmill.inf.ed.ac.uk#9076932720327061504 roll 1
DICE 1 1 0 0 
lochmill.inf.ed.ac.uk#9076932720327061504 endattack
lochmill.inf.ed.ac.uk#9076932720327061504 nomove
CARD wildcard
lochmill.inf.ed.ac.uk#9076932720327061504 placearmies 20 1
lochmill.inf.ed.ac.uk#9076932720327061504 placearmies 20 1
lochmill.inf.ed.ac.uk#9076932720327061504 placearmies 20 1
lochmill.inf.ed.ac.uk#9076932720327061504 attack 20 19
lochmill.inf.ed.ac.uk#9076932720327061504 roll 3
lochmill.inf.ed.ac.uk#9076932720327061504 roll 1
DICE 3 1 4 2 0 5 
lochmill.inf.ed.ac.uk#9076932720327061504 roll 2
lochmill.inf.ed.ac.uk#9076932720327061504 roll 1
DICE 2 1 4 0 1 
lochmill.inf.ed.ac.uk#9076932720327061504 attack 19 17
lochmill.inf.ed.ac.uk#9076932720327061504 roll 1
lochmill.inf.ed.ac.uk#9076932720327061504 roll 1
DICE 1 1 1 2 
lochmill.inf.ed.ac.uk#9076932720327061504 endattack
lochmill.inf.ed.ac.uk#9076932720327061504 nomove
CARD 20
lochmill.inf.ed.ac.uk#9076932720327061504 placearmies 23 1
lochmill.inf.ed.ac.uk#9076932720327061504 placearmies 23 1
lochmill.inf.ed.ac.uk#9076932720327061504 placearmies 32 1
lochmill.inf.ed.ac.uk#9076932720327061504 placearmies 32 1
lochmill.inf.ed.ac.uk#9076932720327061504 attack 23 21
lochmill.inf.ed.ac.uk#9076932720327061504 roll 2
lochmill.inf.ed.ac.uk#9076932720327061504 roll 1
DICE 2 1 3 1 5 
lochmill.inf.ed.ac.uk#9076932720327061504 roll 1
lochmill.inf.ed.ac.uk#9076932720327061504 roll 1
DICE 1 1 3 1 
lochmill.inf.ed.ac.uk#9076932720327061504 attack 32 33
lochmill.inf.ed.ac.uk#9076932720327061504 roll 2
lochmill.inf.ed.ac.uk#9076932720327061504 roll 1
DICE 2 1 2 1 4 
lochmill.inf.ed.ac.uk#9076932720327061504 roll 1
lochmill.inf.ed.ac.uk#9076932720327061504 roll 1
DICE 1 1 4 3 
lochmill.inf.ed.ac.uk#9076932720327061504 endattack
lochmill.inf.ed.ac.uk#9076932720327061504 nomove
CARD 24
lochmill.inf.ed.ac.uk#9076932720327061504 trade 10 1 5
lochmill.inf.ed.ac.uk#9076932720327061504 placearmies 12 1
lochmill.inf.ed.ac.uk#9076932720327061504 placearmies 12 1
lochmill.inf.ed.ac.uk#9076932720327061504 placearmies 12 1
lochmill.inf.ed.ac.uk#9076932720327061504 placearmies 12 1
lochmill.inf.ed.ac.uk#9076932720327061504 placearmies 12 1
lochmill.inf.ed.ac.uk#9076932720327061504 placearmies 10 1
lochmill.inf.ed.ac.uk#9076932720327061504 placearmies 10 1
lochmill.inf.ed.ac.uk#9076932720327061504 placearmies 10 1
lochmill.inf.ed.ac.uk#9076932720327061504 placearmies 10 1
lochmill.inf.ed.ac.uk#9076932720327061504 placearmies 10 1
lochmill.inf.ed.ac.uk#9076932720327061504 placearmies 12 1
lochmill.inf.ed.ac.uk#9076932720327061504 placearmies 12 1
lochmill.inf.ed.ac.uk#9076932720327061504 placearmies 12 1
lochmill.inf.ed.ac.uk#9076932720327061504 attack 12 21
lochmill.inf.ed.ac.uk#9076932720327061504 roll 3
lochmill.inf.ed.ac.uk#9076932720327061504 roll 1
DICE 3 1 5 2 1 0 
lochmill.inf.ed.ac.uk#9076932720327061504 move all
lochmill.inf.ed.ac.uk#9076932720327061504 attack 21 22
lochmill.inf.ed.ac.uk#9076932720327061504 roll 3
lochmill.inf.ed.ac.uk#9076932720327061504 roll 1
DICE 3 1 4 3 2 1 
lochmill.inf.ed.ac.uk#9076932720327061504 move all
lochmill.inf.ed.ac.uk#9076932720327061504 attack 22 24
lochmill.inf.ed.ac.uk#9076932720327061504 roll 3
lochmill.inf.ed.ac.uk#9076932720327061504 roll 1
DICE 3 1 3 3 1 2 
lochmill.inf.ed.ac.uk#9076932720327061504 move all
lochmill.inf.ed.ac.uk#9076932720327061504 attack 24 23
lochmill.inf.ed.ac.uk#9076932720327061504 roll 3
lochmill.inf.ed.ac.uk#9076932720327061504 roll 1
DICE 3 1 2 1 0 0 
lochmill.inf.ed.ac.uk#9076932720327061504 move all
lochmill.inf.ed.ac.uk#9076932720327061504 attack 23 25
lochmill.inf.ed.ac.uk#9076932720327061504 roll 3
lochmill.inf.ed.ac.uk#9076932720327061504 roll 1
DICE 3 1 4 4 2 0 
lochmill.inf.ed.ac.uk#9076932720327061504 move all
lochmill.inf.ed.ac.uk#9076932720327061504 attack 25 26
lochmill.inf.ed.ac.uk#9076932720327061504 roll 3
lochmill.inf.ed.ac.uk#9076932720327061504 roll 1
DICE 3 1 2 0 0 4 
lochmill.inf.ed.ac.uk#9076932720327061504 roll 2
lochmill.inf.ed.ac.uk#9076932720327061504 roll 1
DICE 2 1 3 3 5 
lochmill.inf.ed.ac.uk#9076932720327061504 roll 1
lochmill.inf.ed.ac.uk#9076932720327061504 roll 1
DICE 1 1 4 4 
lochmill.inf.ed.ac.uk#9076932720327061504 attack 10 5
lochmill.inf.ed.ac.uk#9076932720327061504 roll 3
lochmill.inf.ed.ac.uk#9076932720327061504 roll 1
DICE 3 1 3 1 0 2 
lochmill.inf.ed.ac.uk#9076932720327061504 move all
lochmill.inf.ed.ac.uk#9076932720327061504 attack 5 4
lochmill.inf.ed.ac.uk#9076932720327061504 roll 3
lochmill.inf.ed.ac.uk#9076932720327061504 roll 1
DICE 3 1 5 4 2 3 
lochmill.inf.ed.ac.uk#9076932720327061504 move all
lochmill.inf.ed.ac.uk#9076932720327061504 attack 4 3
lochmill.inf.ed.ac.uk#9076932720327061504 roll 3
lochmill.inf.ed.ac.uk#9076932720327061504 roll 1
DICE 3 1 3 2 1 2 
lochmill.inf.ed.ac.uk#9076932720327061504 move all
lochmill.inf.ed.ac.uk#9076932720327061504 attack 3 2
lochmill.inf.ed.ac.uk#9076932720327061504 roll 3
lochmill.inf.ed.ac.uk#9076932720327061504 roll 1
DICE 3 1 1 1 0 4 
lochmill.inf.ed.ac.uk#9076932720327061504 roll 3
lochmill.inf.ed.ac.uk#9076932720327061504 roll 1
DICE 3 1 5 5 1 4 
lochmill.inf.ed.ac.uk#9076932720327061504 attack 2 1
lochmill.inf.ed.ac.uk#9076932720327061504 roll 2
lochmill.inf.ed.ac.uk#9076932720327061504 roll 1
DICE 2 1 5 5 1 
lochmill.inf.ed.ac.uk#9076932720327061504 endattack
lochmill.inf.ed.ac.uk#9076932720327061504 nomove
CARD 18
lochmill.inf.ed.ac.uk#9076932720327061504 trade 17 14 41
lochmill.inf.ed.ac.uk#9076932720327061504 placearmies 37 1
lochmill.inf.ed.ac.uk#9076932720327061504 placearmies 37 1
lochmill.inf.ed.ac.uk#9076932720327061504 placearmies 37 1
lochmill.inf.ed.ac.uk#9076932720327061504 placearmies 37 1
lochmill.inf.ed.ac.uk#9076932720327061504 placearmies 37 1
lochmill.inf.ed.ac.uk#9076932720327061504 placearmies 29 1
lochmill.inf.ed.ac.uk#9076932720327061504 placearmies 29 1
lochmill.inf.ed.ac.uk#9076932720327061504 placearmies 29 1
lochmill.inf.ed.ac.uk#9076932720327061504 placearmies 29 1
lochmill.inf.ed.ac.uk#9076932720327061504 placearmies 29 1
lochmill.inf.ed.ac.uk#9076932720327061504 placearmies 37 1
lochmill.inf.ed.ac.uk#9076932720327061504 placearmies 37 1
lochmill.inf.ed.ac.uk#9076932720327061504 placearmies 37 1
lochmill.inf.ed.ac.uk#9076932720327061504 attack 37 38
lochmill.inf.ed.ac.uk#9076932720327061504 roll 3
lochmill.inf.ed.ac.uk#9076932720327061504 roll 1
DICE 3 1 3 3 0 2 
lochmill.inf.ed.ac.uk#9076932720327061504 move all
lochmill.inf.ed.ac.uk#9076932720327061504 attack 38 34
lochmill.inf.ed.ac.uk#9076932720327061504 roll 3
lochmill.inf.ed.ac.uk#9076932720327061504 roll 1
DICE 3 1 3 2 2 5 
lochmill.inf.ed.ac.uk#9076932720327061504 roll 3
lochmill.inf.ed.ac.uk#9076932720327061504 roll 1
DICE 3 1 5 4 0 1 
lochmill.inf.ed.ac.uk#9076932720327061504 move all
lochmill.inf.ed.ac.uk#9076932720327061504 attack 34 27
lochmill.inf.ed.ac.uk#9076932720327061504 roll 3
lochmill.inf.ed.ac.uk#9076932720327061504 roll 1
DICE 3 1 5 2 0 1 
lochmill.inf.ed.ac.uk#9076932720327061504 move all
lochmill.inf.ed.ac.uk#9076932720327061504 attack 27 28
lochmill.inf.ed.ac.uk#9076932720327061504 roll 3
lochmill.inf.ed.ac.uk#9076932720327061504 roll 1
DICE 3 1 0 0 0 4 
lochmill.inf.ed.ac.uk#9076932720327061504 roll 3
lochmill.inf.ed.ac.uk#9076932720327061504 roll 1
DICE 3 1 2 0 0 1 
lochmill.inf.ed.ac.uk#9076932720327061504 attack 28 30
lochmill.inf.ed.ac.uk#9076932720327061504 roll 2
lochmill.inf.ed.ac.uk#9076932720327061504 roll 1
DICE 2 1 3 2 2 
lochmill.inf.ed.ac.uk#9076932720327061504 attack 30 31
lochmill.inf.ed.ac.uk#9076932720327061504 roll 1
lochmill.inf.ed.ac.uk#9076932720327061504 roll 1
DICE 1 1 0 4 
lochmill.inf.ed.ac.uk#9076932720327061504 attack 29 33
lochmill.inf.ed.ac.uk#9076932720327061504 roll 3
lochmill.inf.ed.ac.uk#9076932720327061504 roll 1
DICE 3 1 5 4 3 3 
lochmill.inf.ed.ac.uk#9076932720327061504 move all
lochmill.inf.ed.ac.uk#9076932720327061504 attack 33 32
lochmill.inf.ed.ac.uk#9076932720327061504 roll 3
lochmill.inf.ed.ac.uk#9076932720327061504 roll 1
DICE 3 1 4 4 2 1 
lochmill.inf.ed.ac.uk#9076932720327061504 move all
lochmill.inf.ed.ac.uk#9076932720327061504 attack 32 31
lochmill.inf.ed.ac.uk#9076932720327061504 roll 3
lochmill.inf.ed.ac.uk#9076932720327061504 roll 1
DICE 3 1 5 4 2 0 
lochmill.inf.ed.ac.uk#9076932720327061504 attack 31 22
lochmill.inf.ed.ac.uk#9076932720327061504 roll 2
lochmill.inf.ed.ac.uk#9076932720327061504 roll 1
DICE 2 1 4 0 2 
lochmill.inf.ed.ac.uk#9076932720327061504 attack 22 21
lochmill.inf.ed.ac.uk#9076932720327061504 roll 1
lochmill.inf.ed.ac.uk#9076932720327061504 roll 1
DICE 1 1 1 1 
lochmill.inf.ed.ac.uk#9076932720327061504 endattack
lochmill.inf.ed.ac.uk#9076932720327061504 nomove
CARD 16
lochmill.inf.ed.ac.uk#9076932720327061504 placearmies 17 1
lochmill.inf.ed.ac.uk#9076932720327061504 placearmies 17 1
lochmill.inf.ed.ac.uk#9076932720327061504 placearmies 17 1
lochmill.inf.ed.ac.uk#9076932720327061504 attack 17 19
lochmill.inf.ed.ac.uk#9076932720327061504 roll 3
lochmill.inf.ed.ac.uk#9076932720327061504 roll 1
DICE 3 1 5 1 0 0 
lochmill.inf.ed.ac.uk#9076932720327061504 attack 19 20
lochmill.inf.ed.ac.uk#9076932720327061504 roll 2
lochmill.inf.ed.ac.uk#9076932720327061504 roll 1
DICE 2 1 5 3 0 
lochmill.inf.ed.ac.uk#9076932720327061504 trade 37 39 12
lochmill.inf.ed.ac.uk#9076932720327061504 placearmies 16 1
lochmill.inf.ed.ac.uk#9076932720327061504 placearmies 16 1
lochmill.inf.ed.ac.uk#9076932720327061504 placearmies 16 1
lochmill.inf.ed.ac.uk#9076932720327061504 placearmies 16 1
lochmill.inf.ed.ac.uk#9076932720327061504 placearmies 16 1
lochmill.inf.ed.ac.uk#9076932720327061504 placearmies 16 1
lochmill.inf.ed.ac.uk#9076932720327061504 placearmies 16 1
lochmill.inf.ed.ac.uk#9076932720327061504 placearmies 16 1
lochmill.inf.ed.ac.uk#9076932720327061504 placearmies 16 1
lochmill.inf.ed.ac.uk#9076932720327061504 placearmies 16 1
lochmill.inf.ed.ac.uk#9076932720327061504 attack 16 30
lochmill.inf.ed.ac.uk#9076932720327061504 roll 3
lochmill.inf.ed.ac.uk#9076932720327061504 roll 1
DICE 3 1 5 4 1 1 
lochmill.inf.ed.ac.uk#9076932720327061504 move all
lochmill.inf.ed.ac.uk#9076932720327061504 attack 30 29
lochmill.inf.ed.ac.uk#9076932720327061504 roll 3
lochmill.inf.ed.ac.uk#9076932720327061504 roll 1
DICE 3 1 3 2 1 1 
lochmill.inf.ed.ac.uk#9076932720327061504 move all
lochmill.inf.ed.ac.uk#9076932720327061504 attack 29 33
lochmill.inf.ed.ac.uk#9076932720327061504 roll 3
lochmill.inf.ed.ac.uk#9076932720327061504 roll 1
DICE 3 1 3 1 1 5 
lochmill.inf.ed.ac.uk#9076932720327061504 roll 3
lochmill.inf.ed.ac.uk#9076932720327061504 roll 1
DICE 3 1 5 4 4 2 
lochmill.inf.ed.ac.uk#9076932720327061504 move all
lochmill.inf.ed.ac.uk#9076932720327061504 attack 33 39
lochmill.inf.ed.ac.uk#9076932720327061504 roll 3
lochmill.inf.ed.ac.uk#9076932720327061504 roll 1
DICE 3 1 1 1 1 4 
lochmill.inf.ed.ac.uk#9076932720327061504 roll 3
lochmill.inf.ed.ac.uk#9076932720327061504 roll 1
DICE 3 1 4 4 0 3 
lochmill.inf.ed.ac.uk#9076932720327061504 move all
lochmill.inf.ed.ac.uk#9076932720327061504 attack 39 41
lochmill.inf.ed.ac.uk#9076932720327061504 roll 3
lochmill.inf.ed.ac.uk#9076932720327061504 roll 1
DICE 3 1 4 2 1 0 
lochmill.inf.ed.ac.uk#9076932720327061504 move all
lochmill.inf.ed.ac.uk#9076932720327061504 attack 41 42
lochmill.inf.ed.ac.uk#9076932720327061504 roll 3
lochmill.inf.ed.ac.uk#9076932720327061504 roll 1
DICE 3 1 5 5 0 5 
lochmill.inf.ed.ac.uk#9076932720327061504 roll 2
lochmill.inf.ed.ac.uk#9076932720327061504 roll 1
DICE 2 1 5 2 3 
lochmill.inf.ed.ac.uk#9076932720327061504 attack 42 40
lochmill.inf.ed.ac.uk#9076932720327061504 roll 1
lochmill.inf.ed.ac.uk#9076932720327061504 roll 1
DICE 1 1 2 5 
lochmill.inf.ed.ac.uk#9076932720327061504 endattack
lochmill.inf.ed.ac.uk#9076932720327061504 nomove
CARD 6
lochmill.inf.ed.ac.uk#9076932720327061504 trade 15 wildcard 36
lochmill.inf.ed.ac.uk#9076932720327061504 placearmies 40 1
lochmill.inf.ed.ac.uk#9076932720327061504 placearmies 40 1
lochmill.inf.ed.ac.uk#9076932720327061504 placearmies 40 1
lochmill.inf.ed.ac.uk#9076932720327061504 placearmies 40 1
lochmill.inf.ed.ac.uk#9076932720327061504 placearmies 40 1
lochmill.inf.ed.ac.uk#9076932720327061504 placearmies 40 1
lochmill.inf.ed.ac.uk#9076932720327061504 placearmies 40 1
lochmill.inf.ed.ac.uk#9076932720327061504 placearmies 40 1
lochmill.inf.ed.ac.uk#9076932720327061504 placearmies 40 1
lochmill.inf.ed.ac.uk#9076932720327061504 placearmies 40 1
lochmill.inf.ed.ac.uk#9076932720327061504 placearmies 40 1
lochmill.inf.ed.ac.uk#9076932720327061504 attack 40 42
lochmill.inf.ed.ac.uk#9076932720327061504 roll 3
lochmill.inf.ed.ac.uk#9076932720327061504 roll 1
DICE 3 1 5 2 2 1 
lochmill.inf.ed.ac.uk#9076932720327061504 move all
lochmill.inf.ed.ac.uk#9076932720327061504 attack 42 41
lochmill.inf.ed.ac.uk#9076932720327061504 roll 3
lochmill.inf.ed.ac.uk#9076932720327061504 roll 1
DICE 3 1 4 1 1 5 
lochmill.inf.ed.ac.uk#9076932720327061504 roll 3
lochmill.inf.ed.ac.uk#9076932720327061504 roll 1
DICE 3 1 3 2 1 1 
lochmill.inf.ed.ac.uk#9076932720327061504 move all
lochmill.inf.ed.ac.uk#9076932720327061504 attack 41 39
lochmill.inf.ed.ac.uk#9076932720327061504 roll 3
lochmill.inf.ed.ac.uk#9076932720327061504 roll 1
DICE 3 1 2 1 0 2 
lochmill.inf.ed.ac.uk#9076932720327061504 roll 3
lochmill.inf.ed.ac.uk#9076932720327061504 roll 1
DICE 3 1 5 4 4 2 
lochmill.inf.ed.ac.uk#9076932720327061504 move all
lochmill.inf.ed.ac.uk#9076932720327061504 attack 39 33
lochmill.inf.ed.ac.uk#9076932720327061504 roll 3
lochmill.inf.ed.ac.uk#9076932720327061504 roll 1
DICE 3 1 5 3 2 1 
lochmill.inf.ed.ac.uk#9076932720327061504 move all
lochmill.inf.ed.ac.uk#9076932720327061504 attack 33 29
lochmill.inf.ed.ac.uk#9076932720327061504 roll 3
lochmill.inf.ed.ac.uk#9076932720327061504 roll 1
DICE 3 1 3 2 1 3 
lochmill.inf.ed.ac.uk#9076932720327061504 roll 3
lochmill.inf.ed.ac.uk#9076932720327061504 roll 1
DICE 3 1 5 3 3 0 
lochmill.inf.ed.ac.uk#9076932720327061504 move all
lochmill.inf.ed.ac.uk#9076932720327061504 attack 29 36
lochmill.inf.ed.ac.uk#9076932720327061504 roll 3
lochmill.inf.ed.ac.uk#9076932720327061504 roll 1
DICE 3 1 5 1 1 2 
lochmill.inf.ed.ac.uk#9076932720327061504 attack 36 38
lochmill.inf.ed.ac.uk#9076932720327061504 roll 2
lochmill.inf.ed.ac.uk#9076932720327061504 roll 1
DICE 2 1 2 2 3 
lochmill.inf.ed.ac.uk#9076932720327061504 roll 1
lochmill.inf.ed.ac.uk#9076932720327061504 roll 1
DICE 1 1 0 2 
lochmill.inf.ed.ac.uk#9076932720327061504 endattack
lochmill.inf.ed.ac.uk#9076932720327061504 nomove
CARD 21
lochmill.inf.ed.ac.uk#9076932720327061504 placearmies 26 1
lochmill.inf.ed.ac.uk#9076932720327061504 placearmies 26 1
lochmill.inf.ed.ac.uk#9076932720327061504 placearmies 26 1
lochmill.inf.ed.ac.uk#9076932720327061504 attack 26 25
lochmill.inf.ed.ac.uk#9076932720327061504 roll 3
lochmill.inf.ed.ac.uk#9076932720327061504 roll 1
DICE 3 1 5 3 1 5 
lochmill.inf.ed.ac.uk#9076932720327061504 retreat
lochmill.inf.ed.ac.uk#9076932720327061504 attack 26 25
lochmill.inf.ed.ac.uk#9076932720327061504 roll 2
lochmill.inf.ed.ac.uk#9076932720327061504 roll 1
DICE 2 1 0 0 0 
lochmill.inf.ed.ac.uk#9076932720327061504 roll 1
lochmill.inf.ed.ac.uk#9076932720327061504 roll 1
DICE 1 1 0 1 
lochmill.inf.ed.ac.uk#9076932720327061504 endattack
lochmill.inf.ed.ac.uk#9076932720327061504 nomove
CARD 
lochmill.inf.ed.ac.uk#9076932720327061504 placearmies 21 1
lochmill.inf.ed.ac.uk#9076932720327061504 placearmies 21 1
lochmill.inf.ed.ac.uk#9076932720327061504 placearmies 21 1
lochmill.inf.ed.ac.uk#9076932720327061504 placearmies 21 1
lochmill.inf.ed.ac.uk#9076932720327061504 placearmies 21 1
lochmill.inf.ed.ac.uk#9076932720327061504 placearmies 25 1
lochmill.inf.ed.ac.uk#9076932720327061504 placearmies 25 1
lochmill.inf.ed.ac.uk#9076932720327061504 placearmies 25 1
lochmill.inf.ed.ac.uk#9076932720327061504 placearmies 25 1
lochmill.inf.ed.ac.uk#9076932720327061504 placearmies 25 1
lochmill.inf.ed.ac.uk#9076932720327061504 attack 25 26
lochmill.inf.ed.ac.uk#9076932720327061504 roll 3
lochmill.inf.ed.ac.uk#9076932720327061504 roll 1
DICE 3 1 3 3 2 5 
lochmill.inf.ed.ac.uk#9076932720327061504 roll 3
lochmill.inf.ed.ac.uk#9076932720327061504 roll 1
DICE 3 1 4 2 2 3 
lochmill.inf.ed.ac.uk#9076932720327061504 move all
lochmill.inf.ed.ac.uk#9076932720327061504 attack 21 22
lochmill.inf.ed.ac.uk#9076932720327061504 roll 3
lochmill.inf.ed.ac.uk#9076932720327061504 roll 1
DICE 3 1 3 3 2 1 
lochmill.inf.ed.ac.uk#9076932720327061504 move all
