Jibs_PC#4060571999787916288 newplayer ai hard green s0914007
Jibs_PC#4060571999787916288 newplayer ai hard blue bob
Jibs_PC#4060571999787916288 newplayer ai hard red fred
Jibs_PC#4060571999787916288 newplayer ai hard cyan ted
Jibs_PC#4060571999787916288 newplayer ai hard magenta yura
Jibs_PC#4060571999787916288 newplayer ai hard yellow lala
Jibs_PC#4060571999787916288 startgame mission fixed autoplaceall recycle
PLAYER yura
MISSION 4 2 3 1 1 0
PLACEALL 12 40 28 26 41 24 2 5 27 1 38 6 9 21 3 31 10 34 19 29 4 23 30 32 13 7 36 42 15 39 8 35 25 18 17 16 11 22 14 33 37 20
Jibs_PC#4060571999787916288 placearmies 12 1
CARD 
Jibs_PC#4060571999787916288 placearmies 5 1
CARD 
Jibs_PC#4060571999787916288 placearmies 36 1
CARD 
Jibs_PC#4060571999787916288 placearmies 26 1
CARD 
Jibs_PC#4060571999787916288 placearmies 38 1
CARD 
Jibs_PC#4060571999787916288 placearmies 39 1
CARD 
Jibs_PC#4060571999787916288 placearmies 12 1
CARD 
Jibs_PC#4060571999787916288 placearmies 5 1
CARD 
Jibs_PC#4060571999787916288 placearmies 36 1
CARD 
Jibs_PC#4060571999787916288 placearmies 26 1
CARD 
Jibs_PC#4060571999787916288 placearmies 38 1
CARD 
Jibs_PC#4060571999787916288 placearmies 39 1
CARD 
Jibs_PC#4060571999787916288 placearmies 12 1
CARD 
Jibs_PC#4060571999787916288 placearmies 5 1
CARD 
Jibs_PC#4060571999787916288 placearmies 36 1
CARD 
Jibs_PC#4060571999787916288 placearmies 26 1
CARD 
Jibs_PC#4060571999787916288 placearmies 38 1
CARD 
Jibs_PC#4060571999787916288 placearmies 39 1
CARD 
Jibs_PC#4060571999787916288 placearmies 12 1
CARD 
Jibs_PC#4060571999787916288 placearmies 5 1
CARD 
Jibs_PC#4060571999787916288 placearmies 36 1
CARD 
Jibs_PC#4060571999787916288 placearmies 26 1
CARD 
Jibs_PC#4060571999787916288 placearmies 38 1
CARD 
Jibs_PC#4060571999787916288 placearmies 39 1
CARD 
Jibs_PC#4060571999787916288 placearmies 12 1
CARD 
Jibs_PC#4060571999787916288 placearmies 5 1
CARD 
Jibs_PC#4060571999787916288 placearmies 36 1
CARD 
Jibs_PC#4060571999787916288 placearmies 26 1
CARD 
Jibs_PC#4060571999787916288 placearmies 38 1
CARD 
Jibs_PC#4060571999787916288 placearmies 39 1
CARD 
Jibs_PC#4060571999787916288 placearmies 12 1
CARD 
Jibs_PC#4060571999787916288 placearmies 5 1
CARD 
Jibs_PC#4060571999787916288 placearmies 36 1
CARD 
Jibs_PC#4060571999787916288 placearmies 26 1
CARD 
Jibs_PC#4060571999787916288 placearmies 38 1
CARD 
Jibs_PC#4060571999787916288 placearmies 39 1
CARD 
Jibs_PC#4060571999787916288 placearmies 12 1
CARD 
Jibs_PC#4060571999787916288 placearmies 5 1
CARD 
Jibs_PC#4060571999787916288 placearmies 36 1
CARD 
Jibs_PC#4060571999787916288 placearmies 26 1
CARD 
Jibs_PC#4060571999787916288 placearmies 38 1
CARD 
Jibs_PC#4060571999787916288 placearmies 39 1
CARD 
Jibs_PC#4060571999787916288 placearmies 12 1
CARD 
Jibs_PC#4060571999787916288 placearmies 5 1
CARD 
Jibs_PC#4060571999787916288 placearmies 36 1
CARD 
Jibs_PC#4060571999787916288 placearmies 26 1
CARD 
Jibs_PC#4060571999787916288 placearmies 38 1
CARD 
Jibs_PC#4060571999787916288 placearmies 39 1
CARD 
Jibs_PC#4060571999787916288 placearmies 12 1
CARD 
Jibs_PC#4060571999787916288 placearmies 5 1
CARD 
Jibs_PC#4060571999787916288 placearmies 36 1
CARD 
Jibs_PC#4060571999787916288 placearmies 26 1
CARD 
Jibs_PC#4060571999787916288 placearmies 38 1
CARD 
Jibs_PC#4060571999787916288 placearmies 39 1
CARD 
Jibs_PC#4060571999787916288 placearmies 12 1
CARD 
Jibs_PC#4060571999787916288 placearmies 5 1
CARD 
Jibs_PC#4060571999787916288 placearmies 36 1
CARD 
Jibs_PC#4060571999787916288 placearmies 26 1
CARD 
Jibs_PC#4060571999787916288 placearmies 38 1
CARD 
Jibs_PC#4060571999787916288 placearmies 39 1
CARD 
Jibs_PC#4060571999787916288 placearmies 12 1
CARD 
Jibs_PC#4060571999787916288 placearmies 5 1
CARD 
Jibs_PC#4060571999787916288 placearmies 36 1
CARD 
Jibs_PC#4060571999787916288 placearmies 26 1
CARD 
Jibs_PC#4060571999787916288 placearmies 38 1
CARD 
Jibs_PC#4060571999787916288 placearmies 20 1
CARD 
Jibs_PC#4060571999787916288 placearmies 12 1
CARD 
Jibs_PC#4060571999787916288 placearmies 5 1
CARD 
Jibs_PC#4060571999787916288 placearmies 36 1
CARD 
Jibs_PC#4060571999787916288 placearmies 26 1
CARD 
Jibs_PC#4060571999787916288 placearmies 38 1
CARD 
Jibs_PC#4060571999787916288 placearmies 20 1
CARD 
Jibs_PC#4060571999787916288 placearmies 12 1
CARD 
Jibs_PC#4060571999787916288 placearmies 5 1
CARD 
Jibs_PC#4060571999787916288 placearmies 36 1
CARD 
Jibs_PC#4060571999787916288 placearmies 26 1
CARD 
Jibs_PC#4060571999787916288 placearmies 38 1
CARD 
Jibs_PC#4060571999787916288 placearmies 20 1
CARD 
Jibs_PC#4060571999787916288 placearmies 12 2
Jibs_PC#4060571999787916288 placearmies 12 1
Jibs_PC#4060571999787916288 attack 12 10
Jibs_PC#4060571999787916288 roll 3
Jibs_PC#4060571999787916288 roll 1
DICE 3 1 5 3 3 3 
Jibs_PC#4060571999787916288 move 15
Jibs_PC#4060571999787916288 endattack
Jibs_PC#4060571999787916288 nomove
CARD wildcard
Jibs_PC#4060571999787916288 placearmies 5 3
Jibs_PC#4060571999787916288 attack 5 10
Jibs_PC#4060571999787916288 roll 3
Jibs_PC#4060571999787916288 roll 2
DICE 3 2 5 1 0 3 2 
Jibs_PC#4060571999787916288 roll 3
Jibs_PC#4060571999787916288 roll 2
DICE 3 2 4 1 0 5 4 
Jibs_PC#4060571999787916288 roll 3
Jibs_PC#4060571999787916288 roll 2
DICE 3 2 4 3 1 3 3 
Jibs_PC#4060571999787916288 roll 3
Jibs_PC#4060571999787916288 roll 2
DICE 3 2 3 3 3 1 1 
Jibs_PC#4060571999787916288 roll 3
Jibs_PC#4060571999787916288 roll 2
DICE 3 2 4 2 0 3 2 
Jibs_PC#4060571999787916288 roll 3
Jibs_PC#4060571999787916288 roll 2
DICE 3 2 3 2 1 5 4 
Jibs_PC#4060571999787916288 roll 3
Jibs_PC#4060571999787916288 roll 2
DICE 3 2 5 4 1 1 1 
Jibs_PC#4060571999787916288 roll 3
Jibs_PC#4060571999787916288 roll 2
DICE 3 2 5 4 1 5 2 
Jibs_PC#4060571999787916288 roll 3
Jibs_PC#4060571999787916288 roll 2
DICE 3 2 5 4 0 5 3 
Jibs_PC#4060571999787916288 roll 3
Jibs_PC#4060571999787916288 roll 2
DICE 3 2 3 1 0 5 1 
Jibs_PC#4060571999787916288 roll 3
Jibs_PC#4060571999787916288 roll 2
DICE 3 2 4 4 1 2 0 
Jibs_PC#4060571999787916288 roll 3
Jibs_PC#4060571999787916288 roll 2
DICE 3 2 5 5 4 5 0 
Jibs_PC#4060571999787916288 roll 3
Jibs_PC#4060571999787916288 roll 2
DICE 3 2 4 3 3 5 0 
Jibs_PC#4060571999787916288 roll 3
Jibs_PC#4060571999787916288 roll 2
DICE 3 2 5 1 0 4 0 
Jibs_PC#4060571999787916288 endattack
Jibs_PC#4060571999787916288 nomove
CARD 9
Jibs_PC#4060571999787916288 placearmies 4 3
Jibs_PC#4060571999787916288 attack 4 9
Jibs_PC#4060571999787916288 roll 3
Jibs_PC#4060571999787916288 roll 1
DICE 3 1 2 2 1 5 
Jibs_PC#4060571999787916288 roll 2
Jibs_PC#4060571999787916288 roll 1
DICE 2 1 3 2 4 
Jibs_PC#4060571999787916288 retreat
Jibs_PC#4060571999787916288 attack 36 37
Jibs_PC#4060571999787916288 roll 3
Jibs_PC#4060571999787916288 roll 1
DICE 3 1 4 3 0 0 
Jibs_PC#4060571999787916288 move 13
Jibs_PC#4060571999787916288 endattack
Jibs_PC#4060571999787916288 nomove
CARD 4
Jibs_PC#4060571999787916288 placearmies 26 3
Jibs_PC#4060571999787916288 attack 26 24
Jibs_PC#4060571999787916288 roll 3
Jibs_PC#4060571999787916288 roll 1
DICE 3 1 4 3 0 1 
Jibs_PC#4060571999787916288 move 16
Jibs_PC#4060571999787916288 attack 24 25
Jibs_PC#4060571999787916288 roll 3
Jibs_PC#4060571999787916288 roll 1
DICE 3 1 5 3 0 5 
Jibs_PC#4060571999787916288 roll 3
Jibs_PC#4060571999787916288 roll 1
DICE 3 1 2 2 0 4 
Jibs_PC#4060571999787916288 retreat
Jibs_PC#4060571999787916288 attack 24 21
Jibs_PC#4060571999787916288 roll 3
Jibs_PC#4060571999787916288 roll 1
DICE 3 1 3 2 1 2 
Jibs_PC#4060571999787916288 move 13
Jibs_PC#4060571999787916288 attack 21 22
Jibs_PC#4060571999787916288 roll 3
Jibs_PC#4060571999787916288 roll 1
DICE 3 1 5 4 2 5 
Jibs_PC#4060571999787916288 roll 3
Jibs_PC#4060571999787916288 roll 1
DICE 3 1 4 3 1 2 
Jibs_PC#4060571999787916288 move 11
Jibs_PC#4060571999787916288 attack 22 20
Jibs_PC#4060571999787916288 roll 3
Jibs_PC#4060571999787916288 roll 2
DICE 3 2 4 3 1 2 1 
Jibs_PC#4060571999787916288 roll 3
Jibs_PC#4060571999787916288 roll 2
DICE 3 2 4 3 2 2 0 
Jibs_PC#4060571999787916288 move 10
Jibs_PC#4060571999787916288 attack 20 16
Jibs_PC#4060571999787916288 roll 3
Jibs_PC#4060571999787916288 roll 1
DICE 3 1 3 3 2 3 
Jibs_PC#4060571999787916288 roll 3
Jibs_PC#4060571999787916288 roll 1
DICE 3 1 2 1 0 3 
Jibs_PC#4060571999787916288 retreat
Jibs_PC#4060571999787916288 attack 20 16
Jibs_PC#4060571999787916288 roll 3
Jibs_PC#4060571999787916288 roll 1
DICE 3 1 3 2 1 3 
Jibs_PC#4060571999787916288 roll 3
Jibs_PC#4060571999787916288 roll 1
DICE 3 1 2 1 1 0 
Jibs_PC#4060571999787916288 move 6
Jibs_PC#4060571999787916288 attack 16 15
Jibs_PC#4060571999787916288 roll 3
Jibs_PC#4060571999787916288 roll 1
DICE 3 1 3 2 0 1 
Jibs_PC#4060571999787916288 move 5
Jibs_PC#4060571999787916288 attack 15 14
Jibs_PC#4060571999787916288 roll 3
Jibs_PC#4060571999787916288 roll 1
DICE 3 1 5 2 0 2 
Jibs_PC#4060571999787916288 move 4
Jibs_PC#4060571999787916288 attack 14 17
Jibs_PC#4060571999787916288 roll 3
Jibs_PC#4060571999787916288 roll 1
DICE 3 1 5 2 0 0 
Jibs_PC#4060571999787916288 attack 17 19
Jibs_PC#4060571999787916288 roll 2
Jibs_PC#4060571999787916288 roll 1
DICE 2 1 1 1 2 
Jibs_PC#4060571999787916288 retreat
Jibs_PC#4060571999787916288 endattack
Jibs_PC#4060571999787916288 nomove
CARD 32
Jibs_PC#4060571999787916288 placearmies 38 3
Jibs_PC#4060571999787916288 attack 38 1
Jibs_PC#4060571999787916288 roll 3
Jibs_PC#4060571999787916288 roll 1
DICE 3 1 3 3 2 3 
Jibs_PC#4060571999787916288 roll 3
Jibs_PC#4060571999787916288 roll 1
DICE 3 1 5 5 1 3 
Jibs_PC#4060571999787916288 move 15
Jibs_PC#4060571999787916288 attack 1 3
Jibs_PC#4060571999787916288 roll 3
Jibs_PC#4060571999787916288 roll 1
DICE 3 1 3 3 3 4 
Jibs_PC#4060571999787916288 roll 3
Jibs_PC#4060571999787916288 roll 1
DICE 3 1 5 3 3 0 
Jibs_PC#4060571999787916288 move 13
Jibs_PC#4060571999787916288 attack 3 2
Jibs_PC#4060571999787916288 roll 3
Jibs_PC#4060571999787916288 roll 1
DICE 3 1 2 1 0 4 
Jibs_PC#4060571999787916288 roll 3
Jibs_PC#4060571999787916288 roll 1
DICE 3 1 5 5 4 2 
Jibs_PC#4060571999787916288 move 11
Jibs_PC#4060571999787916288 attack 2 6
Jibs_PC#4060571999787916288 roll 3
Jibs_PC#4060571999787916288 roll 1
DICE 3 1 5 4 3 5 
Jibs_PC#4060571999787916288 roll 3
Jibs_PC#4060571999787916288 roll 1
DICE 3 1 3 1 0 0 
Jibs_PC#4060571999787916288 move 9
Jibs_PC#4060571999787916288 attack 6 7
Jibs_PC#4060571999787916288 roll 3
Jibs_PC#4060571999787916288 roll 1
DICE 3 1 5 5 2 4 
Jibs_PC#4060571999787916288 move 8
Jibs_PC#4060571999787916288 attack 7 9
Jibs_PC#4060571999787916288 roll 3
Jibs_PC#4060571999787916288 roll 1
DICE 3 1 0 0 0 2 
Jibs_PC#4060571999787916288 roll 3
Jibs_PC#4060571999787916288 roll 1
DICE 3 1 5 1 0 1 
Jibs_PC#4060571999787916288 move 6
Jibs_PC#4060571999787916288 attack 9 4
Jibs_PC#4060571999787916288 roll 3
Jibs_PC#4060571999787916288 roll 2
DICE 3 2 5 4 3 3 0 
Jibs_PC#4060571999787916288 move 5
Jibs_PC#4060571999787916288 attack 4 5
Jibs_PC#4060571999787916288 roll 3
Jibs_PC#4060571999787916288 roll 1
DICE 3 1 4 0 0 0 
Jibs_PC#4060571999787916288 move 4
Jibs_PC#4060571999787916288 endattack
Jibs_PC#4060571999787916288 nomove
CARD 42
Jibs_PC#4060571999787916288 placearmies 39 3
Jibs_PC#4060571999787916288 attack 39 40
Jibs_PC#4060571999787916288 roll 3
Jibs_PC#4060571999787916288 roll 1
DICE 3 1 4 2 0 4 
Jibs_PC#4060571999787916288 roll 3
Jibs_PC#4060571999787916288 roll 1
DICE 3 1 2 2 1 1 
Jibs_PC#4060571999787916288 move 9
Jibs_PC#4060571999787916288 attack 39 41
Jibs_PC#4060571999787916288 roll 3
Jibs_PC#4060571999787916288 roll 1
DICE 3 1 4 3 2 1 
Jibs_PC#4060571999787916288 attack 40 42
Jibs_PC#4060571999787916288 roll 3
Jibs_PC#4060571999787916288 roll 1
DICE 3 1 5 2 0 4 
Jibs_PC#4060571999787916288 move 3
Jibs_PC#4060571999787916288 endattack
Jibs_PC#4060571999787916288 movearmies 41 39 2
CARD 22
Jibs_PC#4060571999787916288 placearmies 12 2
Jibs_PC#4060571999787916288 placearmies 19 1
Jibs_PC#4060571999787916288 attack 12 21
Jibs_PC#4060571999787916288 roll 3
Jibs_PC#4060571999787916288 roll 1
DICE 3 1 4 1 1 2 
Jibs_PC#4060571999787916288 endattack
Jibs_PC#4060571999787916288 nomove
CARD 20
Jibs_PC#4060571999787916288 placearmies 10 1
Jibs_PC#4060571999787916288 placearmies 10 1
Jibs_PC#4060571999787916288 placearmies 10 1
Jibs_PC#4060571999787916288 attack 10 11
Jibs_PC#4060571999787916288 roll 3
Jibs_PC#4060571999787916288 roll 1
DICE 3 1 5 5 2 0 
Jibs_PC#4060571999787916288 move 5
Jibs_PC#4060571999787916288 attack 11 12
Jibs_PC#4060571999787916288 roll 3
Jibs_PC#4060571999787916288 roll 1
DICE 3 1 5 5 3 3 
Jibs_PC#4060571999787916288 move 4
Jibs_PC#4060571999787916288 attack 12 13
Jibs_PC#4060571999787916288 roll 3
Jibs_PC#4060571999787916288 roll 1
DICE 3 1 5 5 5 5 
Jibs_PC#4060571999787916288 roll 2
Jibs_PC#4060571999787916288 roll 1
DICE 2 1 4 3 0 
Jibs_PC#4060571999787916288 endattack
Jibs_PC#4060571999787916288 movearmies 13 12 1
CARD 23
Jibs_PC#4060571999787916288 placearmies 37 3
Jibs_PC#4060571999787916288 attack 37 38
Jibs_PC#4060571999787916288 roll 3
Jibs_PC#4060571999787916288 roll 1
DICE 3 1 5 3 0 0 
Jibs_PC#4060571999787916288 move 15
Jibs_PC#4060571999787916288 attack 38 1
Jibs_PC#4060571999787916288 roll 3
Jibs_PC#4060571999787916288 roll 1
DICE 3 1 5 3 0 2 
Jibs_PC#4060571999787916288 move 14
Jibs_PC#4060571999787916288 attack 1 3
Jibs_PC#4060571999787916288 roll 3
Jibs_PC#4060571999787916288 roll 1
DICE 3 1 5 4 3 0 
Jibs_PC#4060571999787916288 move 13
Jibs_PC#4060571999787916288 attack 3 7
Jibs_PC#4060571999787916288 roll 3
Jibs_PC#4060571999787916288 roll 1
DICE 3 1 5 3 1 0 
Jibs_PC#4060571999787916288 move 12
Jibs_PC#4060571999787916288 attack 7 9
Jibs_PC#4060571999787916288 roll 3
Jibs_PC#4060571999787916288 roll 1
DICE 3 1 5 3 2 2 
Jibs_PC#4060571999787916288 move 11
Jibs_PC#4060571999787916288 attack 9 5
Jibs_PC#4060571999787916288 roll 3
Jibs_PC#4060571999787916288 roll 2
DICE 3 2 4 3 1 5 1 
Jibs_PC#4060571999787916288 roll 3
Jibs_PC#4060571999787916288 roll 2
DICE 3 2 3 2 1 5 4 
Jibs_PC#4060571999787916288 retreat
Jibs_PC#4060571999787916288 attack 9 8
Jibs_PC#4060571999787916288 roll 3
Jibs_PC#4060571999787916288 roll 1
DICE 3 1 5 5 4 0 
Jibs_PC#4060571999787916288 move 7
Jibs_PC#4060571999787916288 attack 8 6
Jibs_PC#4060571999787916288 roll 3
Jibs_PC#4060571999787916288 roll 1
DICE 3 1 5 2 2 0 
Jibs_PC#4060571999787916288 move 6
Jibs_PC#4060571999787916288 attack 6 2
Jibs_PC#4060571999787916288 roll 3
Jibs_PC#4060571999787916288 roll 1
DICE 3 1 5 4 0 4 
Jibs_PC#4060571999787916288 move 3
Jibs_PC#4060571999787916288 endattack
Jibs_PC#4060571999787916288 movearmies 2 7 2
CARD 31
Jibs_PC#4060571999787916288 placearmies 26 4
Jibs_PC#4060571999787916288 attack 26 25
Jibs_PC#4060571999787916288 roll 3
Jibs_PC#4060571999787916288 roll 1
DICE 3 1 5 5 3 4 
Jibs_PC#4060571999787916288 move 3
Jibs_PC#4060571999787916288 endattack
Jibs_PC#4060571999787916288 movearmies 26 24 1
CARD 8
Jibs_PC#4060571999787916288 placearmies 5 1
Jibs_PC#4060571999787916288 placearmies 5 1
Jibs_PC#4060571999787916288 placearmies 5 1
Jibs_PC#4060571999787916288 attack 5 10
Jibs_PC#4060571999787916288 roll 3
Jibs_PC#4060571999787916288 roll 1
DICE 3 1 3 2 0 5 
Jibs_PC#4060571999787916288 roll 3
Jibs_PC#4060571999787916288 roll 1
DICE 3 1 4 1 1 1 
Jibs_PC#4060571999787916288 move 4
Jibs_PC#4060571999787916288 endattack
Jibs_PC#4060571999787916288 nomove
CARD 16
Jibs_PC#4060571999787916288 placearmies 39 1
Jibs_PC#4060571999787916288 placearmies 39 4
Jibs_PC#4060571999787916288 attack 39 33
Jibs_PC#4060571999787916288 roll 3
Jibs_PC#4060571999787916288 roll 1
DICE 3 1 4 4 1 2 
Jibs_PC#4060571999787916288 move 7
Jibs_PC#4060571999787916288 attack 33 29
Jibs_PC#4060571999787916288 roll 3
Jibs_PC#4060571999787916288 roll 1
DICE 3 1 5 3 0 5 
Jibs_PC#4060571999787916288 roll 3
Jibs_PC#4060571999787916288 roll 1
DICE 3 1 5 5 1 5 
Jibs_PC#4060571999787916288 roll 3
Jibs_PC#4060571999787916288 roll 1
DICE 3 1 5 3 1 1 
Jibs_PC#4060571999787916288 move 4
Jibs_PC#4060571999787916288 endattack
Jibs_PC#4060571999787916288 movearmies 40 39 4
CARD 13
Jibs_PC#4060571999787916288 placearmies 21 1
Jibs_PC#4060571999787916288 placearmies 21 2
Jibs_PC#4060571999787916288 attack 21 12
Jibs_PC#4060571999787916288 roll 3
Jibs_PC#4060571999787916288 roll 2
DICE 3 2 4 4 2 4 2 
Jibs_PC#4060571999787916288 roll 3
Jibs_PC#4060571999787916288 roll 1
DICE 3 1 5 4 0 4 
Jibs_PC#4060571999787916288 move 4
Jibs_PC#4060571999787916288 endattack
Jibs_PC#4060571999787916288 nomove
CARD 27
Jibs_PC#4060571999787916288 placearmies 35 3
Jibs_PC#4060571999787916288 attack 35 27
Jibs_PC#4060571999787916288 roll 3
Jibs_PC#4060571999787916288 roll 1
DICE 3 1 5 2 2 0 
Jibs_PC#4060571999787916288 endattack
Jibs_PC#4060571999787916288 nomove
CARD 36
Jibs_PC#4060571999787916288 placearmies 7 2
Jibs_PC#4060571999787916288 placearmies 6 1
Jibs_PC#4060571999787916288 attack 7 4
Jibs_PC#4060571999787916288 roll 3
Jibs_PC#4060571999787916288 roll 1
DICE 3 1 5 1 0 1 
Jibs_PC#4060571999787916288 move 4
Jibs_PC#4060571999787916288 attack 4 5
Jibs_PC#4060571999787916288 roll 3
Jibs_PC#4060571999787916288 roll 1
DICE 3 1 4 2 1 1 
Jibs_PC#4060571999787916288 endattack
Jibs_PC#4060571999787916288 nomove
CARD 28
Jibs_PC#4060571999787916288 placearmies 24 2
Jibs_PC#4060571999787916288 placearmies 24 1
Jibs_PC#4060571999787916288 placearmies 17 1
Jibs_PC#4060571999787916288 attack 24 21
Jibs_PC#4060571999787916288 roll 3
Jibs_PC#4060571999787916288 roll 1
DICE 3 1 4 1 0 2 
Jibs_PC#4060571999787916288 move 4
Jibs_PC#4060571999787916288 endattack
Jibs_PC#4060571999787916288 movearmies 25 23 1
CARD 1
Jibs_PC#4060571999787916288 placearmies 10 3
Jibs_PC#4060571999787916288 attack 10 5
Jibs_PC#4060571999787916288 roll 3
Jibs_PC#4060571999787916288 roll 2
DICE 3 2 1 1 1 5 3 
Jibs_PC#4060571999787916288 roll 3
Jibs_PC#4060571999787916288 roll 2
DICE 3 2 4 2 1 4 2 
Jibs_PC#4060571999787916288 retreat
Jibs_PC#4060571999787916288 attack 10 11
Jibs_PC#4060571999787916288 roll 2
Jibs_PC#4060571999787916288 roll 1
DICE 2 1 5 0 3 
Jibs_PC#4060571999787916288 endattack
Jibs_PC#4060571999787916288 nomove
CARD 6
Jibs_PC#4060571999787916288 placearmies 32 1
Jibs_PC#4060571999787916288 placearmies 29 4
Jibs_PC#4060571999787916288 attack 29 27
Jibs_PC#4060571999787916288 roll 3
Jibs_PC#4060571999787916288 roll 2
DICE 3 2 5 4 3 3 1 
Jibs_PC#4060571999787916288 roll 3
Jibs_PC#4060571999787916288 roll 1
DICE 3 1 4 3 2 0 
Jibs_PC#4060571999787916288 move 6
Jibs_PC#4060571999787916288 attack 27 36
Jibs_PC#4060571999787916288 roll 3
Jibs_PC#4060571999787916288 roll 1
DICE 3 1 5 4 1 4 
Jibs_PC#4060571999787916288 move 5
Jibs_PC#4060571999787916288 attack 36 37
Jibs_PC#4060571999787916288 roll 3
Jibs_PC#4060571999787916288 roll 1
DICE 3 1 5 3 1 4 
Jibs_PC#4060571999787916288 move 4
Jibs_PC#4060571999787916288 attack 37 38
Jibs_PC#4060571999787916288 roll 3
Jibs_PC#4060571999787916288 roll 1
DICE 3 1 5 3 3 5 
Jibs_PC#4060571999787916288 roll 2
Jibs_PC#4060571999787916288 roll 1
DICE 2 1 4 2 4 
Jibs_PC#4060571999787916288 retreat
Jibs_PC#4060571999787916288 endattack
Jibs_PC#4060571999787916288 movearmies 39 33 3
CARD 26
Jibs_PC#4060571999787916288 trade wildcard 20 27
Jibs_PC#4060571999787916288 placearmies 12 5
Jibs_PC#4060571999787916288 placearmies 12 3
Jibs_PC#4060571999787916288 placearmies 12 5
Jibs_PC#4060571999787916288 attack 12 10
Jibs_PC#4060571999787916288 roll 3
Jibs_PC#4060571999787916288 roll 1
DICE 3 1 5 5 4 5 
Jibs_PC#4060571999787916288 roll 3
Jibs_PC#4060571999787916288 roll 1
DICE 3 1 5 3 2 3 
Jibs_PC#4060571999787916288 move 15
Jibs_PC#4060571999787916288 attack 10 5
Jibs_PC#4060571999787916288 roll 3
Jibs_PC#4060571999787916288 roll 2
DICE 3 2 3 1 1 5 2 
Jibs_PC#4060571999787916288 roll 3
Jibs_PC#4060571999787916288 roll 2
DICE 3 2 4 3 3 5 2 
Jibs_PC#4060571999787916288 roll 3
Jibs_PC#4060571999787916288 roll 2
DICE 3 2 5 1 0 4 1 
Jibs_PC#4060571999787916288 roll 3
Jibs_PC#4060571999787916288 roll 1
DICE 3 1 5 4 0 0 
Jibs_PC#4060571999787916288 move 10
Jibs_PC#4060571999787916288 endattack
Jibs_PC#4060571999787916288 nomove
CARD 38
Jibs_PC#4060571999787916288 placearmies 13 3
Jibs_PC#4060571999787916288 attack 13 11
Jibs_PC#4060571999787916288 roll 3
Jibs_PC#4060571999787916288 roll 2
DICE 3 2 5 5 4 5 2 
Jibs_PC#4060571999787916288 roll 2
Jibs_PC#4060571999787916288 roll 1
DICE 2 1 1 0 5 
Jibs_PC#4060571999787916288 retreat
Jibs_PC#4060571999787916288 endattack
Jibs_PC#4060571999787916288 nomove
CARD 
Jibs_PC#4060571999787916288 trade 4 31 28
Jibs_PC#4060571999787916288 placearmies 4 12
Jibs_PC#4060571999787916288 placearmies 4 1
Jibs_PC#4060571999787916288 attack 4 5
Jibs_PC#4060571999787916288 roll 3
Jibs_PC#4060571999787916288 roll 2
DICE 3 2 4 1 1 4 0 
Jibs_PC#4060571999787916288 roll 3
Jibs_PC#4060571999787916288 roll 2
DICE 3 2 5 1 0 3 2 
Jibs_PC#4060571999787916288 roll 3
Jibs_PC#4060571999787916288 roll 2
DICE 3 2 2 1 1 5 2 
Jibs_PC#4060571999787916288 roll 3
Jibs_PC#4060571999787916288 roll 2
DICE 3 2 3 1 1 1 0 
Jibs_PC#4060571999787916288 roll 3
Jibs_PC#4060571999787916288 roll 2
DICE 3 2 4 2 2 5 4 
Jibs_PC#4060571999787916288 roll 3
Jibs_PC#4060571999787916288 roll 2
DICE 3 2 4 2 0 4 2 
Jibs_PC#4060571999787916288 roll 3
Jibs_PC#4060571999787916288 roll 2
DICE 3 2 4 2 0 4 3 
Jibs_PC#4060571999787916288 roll 3
Jibs_PC#4060571999787916288 roll 2
DICE 3 2 5 2 0 3 3 
Jibs_PC#4060571999787916288 retreat
Jibs_PC#4060571999787916288 attack 6 14
Jibs_PC#4060571999787916288 roll 3
Jibs_PC#4060571999787916288 roll 1
DICE 3 1 5 4 4 4 
Jibs_PC#4060571999787916288 endattack
Jibs_PC#4060571999787916288 nomove
CARD 37
Jibs_PC#4060571999787916288 placearmies 31 4
Jibs_PC#4060571999787916288 placearmies 20 1
Jibs_PC#4060571999787916288 placearmies 21 2
Jibs_PC#4060571999787916288 attack 31 30
Jibs_PC#4060571999787916288 roll 3
Jibs_PC#4060571999787916288 roll 1
DICE 3 1 3 2 0 1 
Jibs_PC#4060571999787916288 move 3
Jibs_PC#4060571999787916288 attack 21 12
Jibs_PC#4060571999787916288 roll 3
Jibs_PC#4060571999787916288 roll 1
DICE 3 1 5 3 2 0 
Jibs_PC#4060571999787916288 move 4
Jibs_PC#4060571999787916288 attack 12 11
Jibs_PC#4060571999787916288 roll 3
Jibs_PC#4060571999787916288 roll 1
DICE 3 1 4 1 0 0 
Jibs_PC#4060571999787916288 trade 32 8 6
Jibs_PC#4060571999787916288 placearmies 11 3
Jibs_PC#4060571999787916288 placearmies 17 3
Jibs_PC#4060571999787916288 placearmies 30 4
Jibs_PC#4060571999787916288 attack 11 10
Jibs_PC#4060571999787916288 roll 3
Jibs_PC#4060571999787916288 roll 1
DICE 3 1 4 0 0 3 
Jibs_PC#4060571999787916288 move 5
Jibs_PC#4060571999787916288 attack 17 19
Jibs_PC#4060571999787916288 roll 3
Jibs_PC#4060571999787916288 roll 2
DICE 3 2 4 4 4 4 0 
Jibs_PC#4060571999787916288 roll 3
Jibs_PC#4060571999787916288 roll 1
DICE 3 1 2 2 0 4 
Jibs_PC#4060571999787916288 roll 3
Jibs_PC#4060571999787916288 roll 1
DICE 3 1 4 2 0 3 
Jibs_PC#4060571999787916288 attack 30 32
Jibs_PC#4060571999787916288 roll 3
Jibs_PC#4060571999787916288 roll 2
DICE 3 2 5 5 5 3 0 
Jibs_PC#4060571999787916288 move 5
Jibs_PC#4060571999787916288 attack 32 29
Jibs_PC#4060571999787916288 roll 3
Jibs_PC#4060571999787916288 roll 2
DICE 3 2 4 3 2 4 1 
Jibs_PC#4060571999787916288 roll 3
Jibs_PC#4060571999787916288 roll 1
DICE 3 1 5 4 3 1 
Jibs_PC#4060571999787916288 attack 10 5
Jibs_PC#4060571999787916288 roll 3
Jibs_PC#4060571999787916288 roll 2
DICE 3 2 3 0 0 3 3 
Jibs_PC#4060571999787916288 retreat
Jibs_PC#4060571999787916288 endattack
Jibs_PC#4060571999787916288 movearmies 29 30 2
CARD 35
Jibs_PC#4060571999787916288 trade 22 13 26
Jibs_PC#4060571999787916288 placearmies 33 9
Jibs_PC#4060571999787916288 attack 33 32
Jibs_PC#4060571999787916288 roll 3
Jibs_PC#4060571999787916288 roll 1
DICE 3 1 5 4 2 2 
Jibs_PC#4060571999787916288 move 11
Jibs_PC#4060571999787916288 attack 32 31
Jibs_PC#4060571999787916288 roll 3
Jibs_PC#4060571999787916288 roll 2
DICE 3 2 3 3 1 3 0 
Jibs_PC#4060571999787916288 roll 3
Jibs_PC#4060571999787916288 roll 1
DICE 3 1 4 2 2 2 
Jibs_PC#4060571999787916288 move 9
Jibs_PC#4060571999787916288 attack 31 22
Jibs_PC#4060571999787916288 roll 3
Jibs_PC#4060571999787916288 roll 1
DICE 3 1 1 1 0 4 
Jibs_PC#4060571999787916288 roll 3
Jibs_PC#4060571999787916288 roll 1
DICE 3 1 2 2 0 0 
Jibs_PC#4060571999787916288 move 7
Jibs_PC#4060571999787916288 attack 22 24
Jibs_PC#4060571999787916288 roll 3
Jibs_PC#4060571999787916288 roll 1
DICE 3 1 5 3 0 0 
Jibs_PC#4060571999787916288 move 6
Jibs_PC#4060571999787916288 attack 24 26
Jibs_PC#4060571999787916288 roll 3
Jibs_PC#4060571999787916288 roll 1
DICE 3 1 5 2 0 1 
Jibs_PC#4060571999787916288 move 5
Jibs_PC#4060571999787916288 attack 26 25
Jibs_PC#4060571999787916288 roll 3
Jibs_PC#4060571999787916288 roll 2
DICE 3 2 5 4 3 4 2 
Jibs_PC#4060571999787916288 move 4
Jibs_PC#4060571999787916288 attack 25 23
Jibs_PC#4060571999787916288 roll 3
Jibs_PC#4060571999787916288 roll 2
DICE 3 2 5 3 2 3 2 
Jibs_PC#4060571999787916288 endattack
Jibs_PC#4060571999787916288 movearmies 39 33 1
CARD 19
Jibs_PC#4060571999787916288 placearmies 5 3
Jibs_PC#4060571999787916288 attack 5 10
Jibs_PC#4060571999787916288 roll 3
Jibs_PC#4060571999787916288 roll 2
DICE 3 2 5 2 2 5 4 
Jibs_PC#4060571999787916288 roll 3
Jibs_PC#4060571999787916288 roll 2
DICE 3 2 1 0 0 5 0 
Jibs_PC#4060571999787916288 retreat
Jibs_PC#4060571999787916288 attack 5 9
Jibs_PC#4060571999787916288 roll 3
Jibs_PC#4060571999787916288 roll 1
DICE 3 1 4 3 3 2 
Jibs_PC#4060571999787916288 endattack
Jibs_PC#4060571999787916288 nomove
CARD 17
Jibs_PC#4060571999787916288 placearmies 13 2
Jibs_PC#4060571999787916288 placearmies 13 1
Jibs_PC#4060571999787916288 attack 13 11
Jibs_PC#4060571999787916288 roll 3
Jibs_PC#4060571999787916288 roll 1
DICE 3 1 5 4 3 2 
Jibs_PC#4060571999787916288 move 4
Jibs_PC#4060571999787916288 attack 11 12
Jibs_PC#4060571999787916288 roll 3
Jibs_PC#4060571999787916288 roll 1
DICE 3 1 1 1 1 0 
Jibs_PC#4060571999787916288 endattack
Jibs_PC#4060571999787916288 nomove
CARD 12
Jibs_PC#4060571999787916288 placearmies 4 3
Jibs_PC#4060571999787916288 attack 4 5
Jibs_PC#4060571999787916288 roll 3
Jibs_PC#4060571999787916288 roll 1
DICE 3 1 5 5 4 2 
Jibs_PC#4060571999787916288 move 7
Jibs_PC#4060571999787916288 attack 5 9
Jibs_PC#4060571999787916288 roll 3
Jibs_PC#4060571999787916288 roll 2
DICE 3 2 5 5 0 5 3 
Jibs_PC#4060571999787916288 roll 3
Jibs_PC#4060571999787916288 roll 2
DICE 3 2 4 4 2 5 3 
Jibs_PC#4060571999787916288 roll 3
Jibs_PC#4060571999787916288 roll 1
DICE 3 1 5 4 2 5 
Jibs_PC#4060571999787916288 roll 3
Jibs_PC#4060571999787916288 roll 1
DICE 3 1 5 4 4 5 
Jibs_PC#4060571999787916288 roll 2
Jibs_PC#4060571999787916288 roll 1
DICE 2 1 5 4 2 
Jibs_PC#4060571999787916288 endattack
Jibs_PC#4060571999787916288 movearmies 14 6 2
CARD 14
Jibs_PC#4060571999787916288 trade 1 42 35
Jibs_PC#4060571999787916288 placearmies 30 4
Jibs_PC#4060571999787916288 placearmies 15 3
Jibs_PC#4060571999787916288 attack 10 5
Jibs_PC#4060571999787916288 roll 2
Jibs_PC#4060571999787916288 roll 1
DICE 2 1 4 3 3 
Jibs_PC#4060571999787916288 attack 15 14
Jibs_PC#4060571999787916288 roll 3
Jibs_PC#4060571999787916288 roll 1
DICE 3 1 4 4 3 1 
Jibs_PC#4060571999787916288 attack 30 32
Jibs_PC#4060571999787916288 roll 3
Jibs_PC#4060571999787916288 roll 1
DICE 3 1 5 4 2 5 
Jibs_PC#4060571999787916288 roll 3
Jibs_PC#4060571999787916288 roll 1
DICE 3 1 5 3 1 3 
Jibs_PC#4060571999787916288 move 6
Jibs_PC#4060571999787916288 attack 32 31
Jibs_PC#4060571999787916288 roll 3
Jibs_PC#4060571999787916288 roll 1
DICE 3 1 4 4 4 2 
Jibs_PC#4060571999787916288 move 5
Jibs_PC#4060571999787916288 attack 31 22
Jibs_PC#4060571999787916288 roll 3
Jibs_PC#4060571999787916288 roll 1
DICE 3 1 2 2 1 3 
Jibs_PC#4060571999787916288 roll 3
Jibs_PC#4060571999787916288 roll 1
DICE 3 1 1 0 0 5 
Jibs_PC#4060571999787916288 retreat
Jibs_PC#4060571999787916288 endattack
Jibs_PC#4060571999787916288 movearmies 31 20 2
CARD 11
Jibs_PC#4060571999787916288 placearmies 23 3
Jibs_PC#4060571999787916288 placearmies 33 2
Jibs_PC#4060571999787916288 placearmies 23 1
Jibs_PC#4060571999787916288 attack 23 21
Jibs_PC#4060571999787916288 roll 3
Jibs_PC#4060571999787916288 roll 2
DICE 3 2 2 1 1 4 3 
Jibs_PC#4060571999787916288 roll 3
Jibs_PC#4060571999787916288 roll 2
DICE 3 2 5 4 2 5 3 
Jibs_PC#4060571999787916288 roll 3
Jibs_PC#4060571999787916288 roll 1
DICE 3 1 3 2 0 3 
Jibs_PC#4060571999787916288 roll 2
Jibs_PC#4060571999787916288 roll 1
DICE 2 1 5 0 1 
Jibs_PC#4060571999787916288 attack 33 32
Jibs_PC#4060571999787916288 roll 3
Jibs_PC#4060571999787916288 roll 1
DICE 3 1 4 3 0 4 
Jibs_PC#4060571999787916288 roll 3
Jibs_PC#4060571999787916288 roll 1
DICE 3 1 4 1 0 5 
Jibs_PC#4060571999787916288 retreat
Jibs_PC#4060571999787916288 endattack
Jibs_PC#4060571999787916288 movearmies 42 41 1
CARD 24
Jibs_PC#4060571999787916288 trade 9 36 12
Jibs_PC#4060571999787916288 placearmies 35 10
Jibs_PC#4060571999787916288 placearmies 12 1
Jibs_PC#4060571999787916288 attack 35 27
Jibs_PC#4060571999787916288 roll 3
Jibs_PC#4060571999787916288 roll 1
DICE 3 1 5 2 0 3 
Jibs_PC#4060571999787916288 move 10
Jibs_PC#4060571999787916288 attack 27 28
Jibs_PC#4060571999787916288 roll 3
Jibs_PC#4060571999787916288 roll 1
DICE 3 1 3 2 1 5 
Jibs_PC#4060571999787916288 roll 3
Jibs_PC#4060571999787916288 roll 1
DICE 3 1 5 3 3 5 
Jibs_PC#4060571999787916288 roll 3
Jibs_PC#4060571999787916288 roll 1
DICE 3 1 5 4 1 0 
Jibs_PC#4060571999787916288 move 7
Jibs_PC#4060571999787916288 attack 28 16
Jibs_PC#4060571999787916288 roll 3
Jibs_PC#4060571999787916288 roll 1
DICE 3 1 5 2 2 2 
Jibs_PC#4060571999787916288 move 6
Jibs_PC#4060571999787916288 attack 12 21
Jibs_PC#4060571999787916288 roll 3
Jibs_PC#4060571999787916288 roll 2
DICE 3 2 5 3 1 4 2 
Jibs_PC#4060571999787916288 move 5
Jibs_PC#4060571999787916288 endattack
Jibs_PC#4060571999787916288 nomove
CARD 15
Jibs_PC#4060571999787916288 placearmies 9 3
Jibs_PC#4060571999787916288 attack 9 5
Jibs_PC#4060571999787916288 roll 3
Jibs_PC#4060571999787916288 roll 2
DICE 3 2 2 1 0 1 0 
Jibs_PC#4060571999787916288 move 4
Jibs_PC#4060571999787916288 endattack
Jibs_PC#4060571999787916288 nomove
CARD 5
Jibs_PC#4060571999787916288 placearmies 20 1
Jibs_PC#4060571999787916288 placearmies 10 2
Jibs_PC#4060571999787916288 attack 20 22
Jibs_PC#4060571999787916288 roll 3
Jibs_PC#4060571999787916288 roll 1
DICE 3 1 5 3 1 4 
Jibs_PC#4060571999787916288 move 4
Jibs_PC#4060571999787916288 endattack
Jibs_PC#4060571999787916288 nomove
CARD 18
Jibs_PC#4060571999787916288 placearmies 33 1
Jibs_PC#4060571999787916288 placearmies 33 4
Jibs_PC#4060571999787916288 placearmies 23 1
Jibs_PC#4060571999787916288 attack 33 29
Jibs_PC#4060571999787916288 roll 3
Jibs_PC#4060571999787916288 roll 1
DICE 3 1 3 2 2 1 
Jibs_PC#4060571999787916288 move 6
Jibs_PC#4060571999787916288 endattack
Jibs_PC#4060571999787916288 movearmies 29 33 5
CARD 2
Jibs_PC#4060571999787916288 placearmies 16 2
Jibs_PC#4060571999787916288 placearmies 16 1
Jibs_PC#4060571999787916288 attack 21 19
Jibs_PC#4060571999787916288 roll 3
Jibs_PC#4060571999787916288 roll 2
DICE 3 2 2 1 0 5 1 
Jibs_PC#4060571999787916288 retreat
Jibs_PC#4060571999787916288 attack 16 20
Jibs_PC#4060571999787916288 roll 3
Jibs_PC#4060571999787916288 roll 1
DICE 3 1 4 3 0 0 
Jibs_PC#4060571999787916288 move 8
Jibs_PC#4060571999787916288 attack 20 18
Jibs_PC#4060571999787916288 roll 3
Jibs_PC#4060571999787916288 roll 1
DICE 3 1 2 2 2 4 
Jibs_PC#4060571999787916288 roll 3
Jibs_PC#4060571999787916288 roll 1
DICE 3 1 3 3 3 2 
Jibs_PC#4060571999787916288 move 6
Jibs_PC#4060571999787916288 attack 18 19
Jibs_PC#4060571999787916288 roll 3
Jibs_PC#4060571999787916288 roll 2
DICE 3 2 5 3 1 5 0 
Jibs_PC#4060571999787916288 roll 3
Jibs_PC#4060571999787916288 roll 2
DICE 3 2 2 2 1 4 2 
Jibs_PC#4060571999787916288 retreat
Jibs_PC#4060571999787916288 endattack
Jibs_PC#4060571999787916288 nomove
CARD 7
Jibs_PC#4060571999787916288 trade 38 17 5
Jibs_PC#4060571999787916288 placearmies 38 1
Jibs_PC#4060571999787916288 placearmies 5 13
Jibs_PC#4060571999787916288 attack 5 10
Jibs_PC#4060571999787916288 roll 3
Jibs_PC#4060571999787916288 roll 2
DICE 3 2 5 5 3 5 3 
Jibs_PC#4060571999787916288 roll 3
Jibs_PC#4060571999787916288 roll 2
DICE 3 2 4 1 0 5 1 
Jibs_PC#4060571999787916288 roll 3
Jibs_PC#4060571999787916288 roll 2
DICE 3 2 1 0 0 3 1 
Jibs_PC#4060571999787916288 roll 3
Jibs_PC#4060571999787916288 roll 2
DICE 3 2 3 3 1 4 4 
Jibs_PC#4060571999787916288 roll 3
Jibs_PC#4060571999787916288 roll 2
DICE 3 2 2 2 1 4 1 
Jibs_PC#4060571999787916288 roll 3
Jibs_PC#4060571999787916288 roll 1
DICE 3 1 3 2 1 5 
Jibs_PC#4060571999787916288 roll 3
Jibs_PC#4060571999787916288 roll 1
DICE 3 1 3 0 0 5 
Jibs_PC#4060571999787916288 roll 3
Jibs_PC#4060571999787916288 roll 1
DICE 3 1 2 2 0 0 
Jibs_PC#4060571999787916288 move 6
Jibs_PC#4060571999787916288 attack 10 12
Jibs_PC#4060571999787916288 roll 3
Jibs_PC#4060571999787916288 roll 1
DICE 3 1 5 3 0 3 
Jibs_PC#4060571999787916288 move 4
Jibs_PC#4060571999787916288 attack 12 13
Jibs_PC#4060571999787916288 roll 3
Jibs_PC#4060571999787916288 roll 1
DICE 3 1 4 2 0 3 
Jibs_PC#4060571999787916288 attack 13 11
Jibs_PC#4060571999787916288 roll 2
Jibs_PC#4060571999787916288 roll 1
DICE 2 1 5 5 3 
Jibs_PC#4060571999787916288 endattack
Jibs_PC#4060571999787916288 movearmies 11 12 1
CARD 10
Jibs_PC#4060571999787916288 placearmies 22 1
Jibs_PC#4060571999787916288 placearmies 22 2
Jibs_PC#4060571999787916288 attack 22 24
Jibs_PC#4060571999787916288 roll 3
Jibs_PC#4060571999787916288 roll 1
DICE 3 1 1 1 0 2 
Jibs_PC#4060571999787916288 roll 3
Jibs_PC#4060571999787916288 roll 1
DICE 3 1 4 1 0 3 
Jibs_PC#4060571999787916288 move 5
Jibs_PC#4060571999787916288 endattack
Jibs_PC#4060571999787916288 nomove
CARD 34
Jibs_PC#4060571999787916288 placearmies 33 6
Jibs_PC#4060571999787916288 attack 33 32
Jibs_PC#4060571999787916288 roll 3
Jibs_PC#4060571999787916288 roll 1
DICE 3 1 5 4 3 4 
Jibs_PC#4060571999787916288 move 12
Jibs_PC#4060571999787916288 attack 32 31
Jibs_PC#4060571999787916288 roll 3
Jibs_PC#4060571999787916288 roll 1
DICE 3 1 3 2 0 2 
Jibs_PC#4060571999787916288 move 10
Jibs_PC#4060571999787916288 attack 31 30
Jibs_PC#4060571999787916288 roll 3
Jibs_PC#4060571999787916288 roll 1
DICE 3 1 5 4 0 3 
Jibs_PC#4060571999787916288 move 8
Jibs_PC#4060571999787916288 attack 30 28
Jibs_PC#4060571999787916288 roll 3
Jibs_PC#4060571999787916288 roll 1
DICE 3 1 4 4 3 5 
Jibs_PC#4060571999787916288 roll 3
Jibs_PC#4060571999787916288 roll 1
DICE 3 1 4 2 1 5 
Jibs_PC#4060571999787916288 roll 3
Jibs_PC#4060571999787916288 roll 1
DICE 3 1 5 5 0 2 
Jibs_PC#4060571999787916288 move 4
Jibs_PC#4060571999787916288 attack 28 27
Jibs_PC#4060571999787916288 roll 3
Jibs_PC#4060571999787916288 roll 1
DICE 3 1 5 4 0 4 
Jibs_PC#4060571999787916288 attack 27 35
Jibs_PC#4060571999787916288 roll 2
Jibs_PC#4060571999787916288 roll 1
DICE 2 1 5 0 0 
Jibs_PC#4060571999787916288 endattack
Jibs_PC#4060571999787916288 movearmies 37 36 1
CARD 21
Jibs_PC#4060571999787916288 placearmies 18 1
Jibs_PC#4060571999787916288 placearmies 18 1
Jibs_PC#4060571999787916288 placearmies 18 1
Jibs_PC#4060571999787916288 attack 18 15
Jibs_PC#4060571999787916288 roll 3
Jibs_PC#4060571999787916288 roll 1
DICE 3 1 4 3 3 1 
Jibs_PC#4060571999787916288 move 5
Jibs_PC#4060571999787916288 attack 15 14
Jibs_PC#4060571999787916288 roll 3
Jibs_PC#4060571999787916288 roll 2
DICE 3 2 4 1 0 4 3 
Jibs_PC#4060571999787916288 retreat
Jibs_PC#4060571999787916288 attack 15 17
Jibs_PC#4060571999787916288 roll 2
Jibs_PC#4060571999787916288 roll 1
DICE 2 1 2 0 0 
Jibs_PC#4060571999787916288 endattack
Jibs_PC#4060571999787916288 movearmies 21 20 2
CARD 3
Jibs_PC#4060571999787916288 placearmies 38 11
Jibs_PC#4060571999787916288 attack 38 36
Jibs_PC#4060571999787916288 roll 3
Jibs_PC#4060571999787916288 roll 2
DICE 3 2 5 3 3 4 2 
Jibs_PC#4060571999787916288 move 13
Jibs_PC#4060571999787916288 attack 36 29
Jibs_PC#4060571999787916288 roll 3
Jibs_PC#4060571999787916288 roll 1
DICE 3 1 4 3 0 1 
Jibs_PC#4060571999787916288 move 12
Jibs_PC#4060571999787916288 attack 29 33
Jibs_PC#4060571999787916288 roll 3
Jibs_PC#4060571999787916288 roll 1
DICE 3 1 5 5 3 0 
Jibs_PC#4060571999787916288 move 11
Jibs_PC#4060571999787916288 attack 33 39
Jibs_PC#4060571999787916288 roll 3
Jibs_PC#4060571999787916288 roll 1
DICE 3 1 4 3 2 3 
Jibs_PC#4060571999787916288 move 10
Jibs_PC#4060571999787916288 attack 39 41
Jibs_PC#4060571999787916288 roll 3
Jibs_PC#4060571999787916288 roll 2
DICE 3 2 5 4 3 4 4 
Jibs_PC#4060571999787916288 roll 3
Jibs_PC#4060571999787916288 roll 1
DICE 3 1 5 4 2 2 
Jibs_PC#4060571999787916288 move 8
Jibs_PC#4060571999787916288 attack 41 42
Jibs_PC#4060571999787916288 roll 3
Jibs_PC#4060571999787916288 roll 2
DICE 3 2 5 4 0 3 0 
Jibs_PC#4060571999787916288 move 6
Jibs_PC#4060571999787916288 attack 42 40
Jibs_PC#4060571999787916288 roll 3
Jibs_PC#4060571999787916288 roll 2
DICE 3 2 5 5 2 2 0 
Jibs_PC#4060571999787916288 move 3
Jibs_PC#4060571999787916288 newplayer ai hard green s0914007
Jibs_PC#4060571999787916288 newplayer ai hard blue bob
Jibs_PC#4060571999787916288 newplayer ai hard red fred
Jibs_PC#4060571999787916288 newplayer ai hard cyan ted
Jibs_PC#4060571999787916288 newplayer ai hard magenta yura
Jibs_PC#4060571999787916288 newplayer ai hard yellow lala
Jibs_PC#4060571999787916288 startgame mission fixed autoplaceall recycle
PLAYER s0914007
MISSION 3 1 1 1 1 0
PLACEALL 39 26 10 12 38 16 21 9 31 36 11 24 28 7 14 1 19 33 2 8 41 40 27 23 5 22 4 35 29 20 6 18 42 30 32 34 15 13 17 25 3 37
Jibs_PC#4060571999787916288 placearmies 21 1
CARD 
Jibs_PC#4060571999787916288 placearmies 22 1
CARD 
Jibs_PC#4060571999787916288 placearmies 41 1
CARD 
Jibs_PC#4060571999787916288 placearmies 40 1
CARD 
Jibs_PC#4060571999787916288 placearmies 3 1
CARD 
Jibs_PC#4060571999787916288 placearmies 20 1
CARD 
Jibs_PC#4060571999787916288 placearmies 21 1
CARD 
Jibs_PC#4060571999787916288 placearmies 7 1
CARD 
Jibs_PC#4060571999787916288 placearmies 41 1
CARD 
Jibs_PC#4060571999787916288 placearmies 40 1
CARD 
Jibs_PC#4060571999787916288 placearmies 3 1
CARD 
Jibs_PC#4060571999787916288 placearmies 20 1
CARD 
Jibs_PC#4060571999787916288 placearmies 21 1
CARD 
Jibs_PC#4060571999787916288 placearmies 7 1
CARD 
Jibs_PC#4060571999787916288 placearmies 41 1
CARD 
Jibs_PC#4060571999787916288 placearmies 40 1
CARD 
Jibs_PC#4060571999787916288 placearmies 3 1
CARD 
Jibs_PC#4060571999787916288 placearmies 20 1
CARD 
Jibs_PC#4060571999787916288 placearmies 21 1
CARD 
Jibs_PC#4060571999787916288 placearmies 7 1
CARD 
Jibs_PC#4060571999787916288 placearmies 41 1
CARD 
Jibs_PC#4060571999787916288 placearmies 40 1
CARD 
Jibs_PC#4060571999787916288 placearmies 3 1
CARD 
Jibs_PC#4060571999787916288 placearmies 20 1
CARD 
Jibs_PC#4060571999787916288 placearmies 21 1
CARD 
Jibs_PC#4060571999787916288 placearmies 7 1
CARD 
Jibs_PC#4060571999787916288 placearmies 41 1
CARD 
Jibs_PC#4060571999787916288 placearmies 40 1
CARD 
Jibs_PC#4060571999787916288 placearmies 3 1
CARD 
Jibs_PC#4060571999787916288 placearmies 20 1
CARD 
Jibs_PC#4060571999787916288 placearmies 21 1
CARD 
Jibs_PC#4060571999787916288 placearmies 7 1
CARD 
Jibs_PC#4060571999787916288 placearmies 41 1
CARD 
Jibs_PC#4060571999787916288 placearmies 40 1
CARD 
Jibs_PC#4060571999787916288 placearmies 3 1
CARD 
Jibs_PC#4060571999787916288 placearmies 20 1
CARD 
Jibs_PC#4060571999787916288 placearmies 21 1
CARD 
Jibs_PC#4060571999787916288 placearmies 7 1
CARD 
Jibs_PC#4060571999787916288 placearmies 41 1
CARD 
Jibs_PC#4060571999787916288 placearmies 1 1
CARD 
Jibs_PC#4060571999787916288 placearmies 3 1
CARD 
Jibs_PC#4060571999787916288 placearmies 20 1
CARD 
Jibs_PC#4060571999787916288 placearmies 21 1
CARD 
Jibs_PC#4060571999787916288 placearmies 7 1
CARD 
Jibs_PC#4060571999787916288 placearmies 41 1
CARD 
Jibs_PC#4060571999787916288 placearmies 1 1
CARD 
Jibs_PC#4060571999787916288 placearmies 3 1
CARD 
Jibs_PC#4060571999787916288 placearmies 20 1
CARD 
Jibs_PC#4060571999787916288 placearmies 21 1
CARD 
Jibs_PC#4060571999787916288 placearmies 7 1
CARD 
Jibs_PC#4060571999787916288 placearmies 41 1
CARD 
Jibs_PC#4060571999787916288 placearmies 1 1
CARD 
Jibs_PC#4060571999787916288 placearmies 3 1
CARD 
Jibs_PC#4060571999787916288 placearmies 20 1
CARD 
Jibs_PC#4060571999787916288 placearmies 21 1
CARD 
Jibs_PC#4060571999787916288 placearmies 7 1
CARD 
Jibs_PC#4060571999787916288 placearmies 41 1
CARD 
Jibs_PC#4060571999787916288 placearmies 1 1
CARD 
Jibs_PC#4060571999787916288 placearmies 3 1
CARD 
Jibs_PC#4060571999787916288 placearmies 20 1
CARD 
Jibs_PC#4060571999787916288 placearmies 21 1
CARD 
Jibs_PC#4060571999787916288 placearmies 7 1
CARD 
Jibs_PC#4060571999787916288 placearmies 41 1
CARD 
Jibs_PC#4060571999787916288 placearmies 1 1
CARD 
Jibs_PC#4060571999787916288 placearmies 3 1
CARD 
Jibs_PC#4060571999787916288 placearmies 20 1
CARD 
Jibs_PC#4060571999787916288 placearmies 21 1
CARD 
Jibs_PC#4060571999787916288 placearmies 7 1
CARD 
Jibs_PC#4060571999787916288 placearmies 41 1
CARD 
Jibs_PC#4060571999787916288 placearmies 40 1
CARD 
Jibs_PC#4060571999787916288 placearmies 3 1
CARD 
Jibs_PC#4060571999787916288 placearmies 20 1
CARD 
Jibs_PC#4060571999787916288 placearmies 21 1
CARD 
Jibs_PC#4060571999787916288 placearmies 7 1
CARD 
Jibs_PC#4060571999787916288 placearmies 41 1
CARD 
Jibs_PC#4060571999787916288 placearmies 40 1
CARD 
Jibs_PC#4060571999787916288 placearmies 3 1
CARD 
Jibs_PC#4060571999787916288 placearmies 20 1
CARD 
Jibs_PC#4060571999787916288 placearmies 39 3
Jibs_PC#4060571999787916288 attack 21 12
Jibs_PC#4060571999787916288 roll 3
Jibs_PC#4060571999787916288 roll 1
DICE 3 1 4 4 4 0 
Jibs_PC#4060571999787916288 move 13
Jibs_PC#4060571999787916288 attack 12 10
Jibs_PC#4060571999787916288 roll 3
Jibs_PC#4060571999787916288 roll 1
DICE 3 1 2 1 0 0 
Jibs_PC#4060571999787916288 move 9
Jibs_PC#4060571999787916288 attack 10 11
Jibs_PC#4060571999787916288 roll 3
Jibs_PC#4060571999787916288 roll 1
DICE 3 1 5 5 2 2 
Jibs_PC#4060571999787916288 move 8
Jibs_PC#4060571999787916288 attack 11 13
Jibs_PC#4060571999787916288 roll 3
Jibs_PC#4060571999787916288 roll 1
DICE 3 1 5 4 3 2 
Jibs_PC#4060571999787916288 move 3
Jibs_PC#4060571999787916288 endattack
Jibs_PC#4060571999787916288 movearmies 12 21 3
CARD 5
Jibs_PC#4060571999787916288 placearmies 7 3
Jibs_PC#4060571999787916288 attack 7 4
Jibs_PC#4060571999787916288 roll 3
Jibs_PC#4060571999787916288 roll 1
DICE 3 1 5 4 1 1 
Jibs_PC#4060571999787916288 move 15
Jibs_PC#4060571999787916288 attack 4 5
Jibs_PC#4060571999787916288 roll 3
Jibs_PC#4060571999787916288 roll 1
DICE 3 1 5 1 0 4 
Jibs_PC#4060571999787916288 move 14
Jibs_PC#4060571999787916288 attack 5 10
Jibs_PC#4060571999787916288 roll 3
Jibs_PC#4060571999787916288 roll 1
DICE 3 1 4 0 0 1 
Jibs_PC#4060571999787916288 move 13
Jibs_PC#4060571999787916288 attack 10 11
Jibs_PC#4060571999787916288 roll 3
Jibs_PC#4060571999787916288 roll 2
DICE 3 2 4 1 1 3 3 
Jibs_PC#4060571999787916288 roll 3
Jibs_PC#4060571999787916288 roll 2
DICE 3 2 4 3 1 3 2 
Jibs_PC#4060571999787916288 roll 3
Jibs_PC#4060571999787916288 roll 2
DICE 3 2 5 1 0 2 2 
Jibs_PC#4060571999787916288 roll 3
Jibs_PC#4060571999787916288 roll 1
DICE 3 1 4 1 1 2 
Jibs_PC#4060571999787916288 move 10
Jibs_PC#4060571999787916288 attack 11 13
Jibs_PC#4060571999787916288 roll 3
Jibs_PC#4060571999787916288 roll 2
DICE 3 2 5 1 0 3 1 
Jibs_PC#4060571999787916288 roll 3
Jibs_PC#4060571999787916288 roll 2
DICE 3 2 5 4 2 1 0 
Jibs_PC#4060571999787916288 move 8
Jibs_PC#4060571999787916288 attack 13 12
Jibs_PC#4060571999787916288 roll 3
Jibs_PC#4060571999787916288 roll 1
DICE 3 1 4 1 0 1 
Jibs_PC#4060571999787916288 move 7
Jibs_PC#4060571999787916288 endattack
Jibs_PC#4060571999787916288 nomove
CARD 28
Jibs_PC#4060571999787916288 placearmies 41 1
Jibs_PC#4060571999787916288 placearmies 41 1
Jibs_PC#4060571999787916288 placearmies 41 1
Jibs_PC#4060571999787916288 attack 41 40
Jibs_PC#4060571999787916288 roll 3
Jibs_PC#4060571999787916288 roll 2
DICE 3 2 4 4 2 5 1 
Jibs_PC#4060571999787916288 roll 3
Jibs_PC#4060571999787916288 roll 2
DICE 3 2 4 2 0 3 2 
Jibs_PC#4060571999787916288 roll 3
Jibs_PC#4060571999787916288 roll 2
DICE 3 2 4 0 0 1 0 
Jibs_PC#4060571999787916288 roll 3
Jibs_PC#4060571999787916288 roll 2
DICE 3 2 2 2 0 5 5 
Jibs_PC#4060571999787916288 roll 3
Jibs_PC#4060571999787916288 roll 2
DICE 3 2 5 1 0 3 0 
Jibs_PC#4060571999787916288 retreat
Jibs_PC#4060571999787916288 attack 41 39
Jibs_PC#4060571999787916288 roll 3
Jibs_PC#4060571999787916288 roll 2
DICE 3 2 5 5 4 4 3 
Jibs_PC#4060571999787916288 roll 3
Jibs_PC#4060571999787916288 roll 2
DICE 3 2 1 1 0 2 0 
Jibs_PC#4060571999787916288 retreat
Jibs_PC#4060571999787916288 attack 41 40
Jibs_PC#4060571999787916288 roll 3
Jibs_PC#4060571999787916288 roll 2
DICE 3 2 4 1 0 3 3 
Jibs_PC#4060571999787916288 roll 3
Jibs_PC#4060571999787916288 roll 2
DICE 3 2 5 2 0 5 1 
Jibs_PC#4060571999787916288 retreat
Jibs_PC#4060571999787916288 attack 41 39
Jibs_PC#4060571999787916288 roll 3
Jibs_PC#4060571999787916288 roll 1
DICE 3 1 5 2 1 0 
Jibs_PC#4060571999787916288 move 8
Jibs_PC#4060571999787916288 attack 39 40
Jibs_PC#4060571999787916288 roll 3
Jibs_PC#4060571999787916288 roll 2
DICE 3 2 5 5 2 4 3 
Jibs_PC#4060571999787916288 move 3
Jibs_PC#4060571999787916288 endattack
Jibs_PC#4060571999787916288 movearmies 40 39 2
CARD 26
Jibs_PC#4060571999787916288 placearmies 1 2
Jibs_PC#4060571999787916288 placearmies 30 1
Jibs_PC#4060571999787916288 attack 1 38
Jibs_PC#4060571999787916288 roll 3
Jibs_PC#4060571999787916288 roll 1
DICE 3 1 5 3 2 3 
Jibs_PC#4060571999787916288 move 7
Jibs_PC#4060571999787916288 attack 38 34
Jibs_PC#4060571999787916288 roll 3
Jibs_PC#4060571999787916288 roll 1
DICE 3 1 5 4 0 4 
Jibs_PC#4060571999787916288 move 6
Jibs_PC#4060571999787916288 attack 34 27
Jibs_PC#4060571999787916288 roll 3
Jibs_PC#4060571999787916288 roll 1
DICE 3 1 4 3 2 2 
Jibs_PC#4060571999787916288 move 5
Jibs_PC#4060571999787916288 attack 27 28
Jibs_PC#4060571999787916288 roll 3
Jibs_PC#4060571999787916288 roll 1
DICE 3 1 3 2 2 2 
Jibs_PC#4060571999787916288 move 4
Jibs_PC#4060571999787916288 attack 28 29
Jibs_PC#4060571999787916288 roll 3
Jibs_PC#4060571999787916288 roll 1
DICE 3 1 4 3 1 2 
Jibs_PC#4060571999787916288 attack 29 32
Jibs_PC#4060571999787916288 roll 2
Jibs_PC#4060571999787916288 roll 1
DICE 2 1 5 1 1 
Jibs_PC#4060571999787916288 endattack
Jibs_PC#4060571999787916288 nomove
CARD 9
Jibs_PC#4060571999787916288 placearmies 3 1
Jibs_PC#4060571999787916288 placearmies 3 1
Jibs_PC#4060571999787916288 placearmies 3 1
Jibs_PC#4060571999787916288 attack 3 4
Jibs_PC#4060571999787916288 roll 3
Jibs_PC#4060571999787916288 roll 1
DICE 3 1 5 3 1 2 
Jibs_PC#4060571999787916288 move 16
Jibs_PC#4060571999787916288 attack 4 5
Jibs_PC#4060571999787916288 roll 3
Jibs_PC#4060571999787916288 roll 1
DICE 3 1 1 0 0 0 
Jibs_PC#4060571999787916288 move 15
Jibs_PC#4060571999787916288 attack 5 10
Jibs_PC#4060571999787916288 roll 3
Jibs_PC#4060571999787916288 roll 1
DICE 3 1 3 3 0 0 
Jibs_PC#4060571999787916288 move 14
Jibs_PC#4060571999787916288 attack 10 12
Jibs_PC#4060571999787916288 roll 3
Jibs_PC#4060571999787916288 roll 2
DICE 3 2 1 1 0 0 0 
Jibs_PC#4060571999787916288 roll 3
Jibs_PC#4060571999787916288 roll 2
DICE 3 2 1 0 0 2 0 
Jibs_PC#4060571999787916288 roll 3
Jibs_PC#4060571999787916288 roll 2
DICE 3 2 5 3 3 3 0 
Jibs_PC#4060571999787916288 roll 3
Jibs_PC#4060571999787916288 roll 2
DICE 3 2 5 4 3 0 0 
Jibs_PC#4060571999787916288 roll 3
Jibs_PC#4060571999787916288 roll 1
DICE 3 1 4 1 0 1 
Jibs_PC#4060571999787916288 move 11
Jibs_PC#4060571999787916288 attack 12 11
Jibs_PC#4060571999787916288 roll 3
Jibs_PC#4060571999787916288 roll 1
DICE 3 1 2 1 0 0 
Jibs_PC#4060571999787916288 move 5
Jibs_PC#4060571999787916288 attack 12 13
Jibs_PC#4060571999787916288 roll 3
Jibs_PC#4060571999787916288 roll 1
DICE 3 1 5 4 3 1 
Jibs_PC#4060571999787916288 move 3
Jibs_PC#4060571999787916288 endattack
Jibs_PC#4060571999787916288 movearmies 13 12 2
CARD 20
Jibs_PC#4060571999787916288 placearmies 20 3
Jibs_PC#4060571999787916288 attack 20 21
Jibs_PC#4060571999787916288 roll 3
Jibs_PC#4060571999787916288 roll 2
DICE 3 2 2 0 0 1 0 
Jibs_PC#4060571999787916288 roll 3
Jibs_PC#4060571999787916288 roll 2
DICE 3 2 5 3 2 2 0 
Jibs_PC#4060571999787916288 roll 3
Jibs_PC#4060571999787916288 roll 1
DICE 3 1 4 4 0 2 
Jibs_PC#4060571999787916288 move 15
Jibs_PC#4060571999787916288 attack 21 12
Jibs_PC#4060571999787916288 roll 3
Jibs_PC#4060571999787916288 roll 2
DICE 3 2 3 1 1 5 4 
Jibs_PC#4060571999787916288 roll 3
Jibs_PC#4060571999787916288 roll 2
DICE 3 2 5 3 3 1 0 
Jibs_PC#4060571999787916288 roll 3
Jibs_PC#4060571999787916288 roll 2
DICE 3 2 1 0 0 1 0 
Jibs_PC#4060571999787916288 roll 3
Jibs_PC#4060571999787916288 roll 2
DICE 3 2 5 5 1 5 3 
Jibs_PC#4060571999787916288 roll 3
Jibs_PC#4060571999787916288 roll 2
DICE 3 2 4 0 0 5 2 
Jibs_PC#4060571999787916288 retreat
Jibs_PC#4060571999787916288 attack 21 22
Jibs_PC#4060571999787916288 roll 3
Jibs_PC#4060571999787916288 roll 2
DICE 3 2 5 4 0 5 1 
Jibs_PC#4060571999787916288 roll 3
Jibs_PC#4060571999787916288 roll 1
DICE 3 1 5 5 4 2 
Jibs_PC#4060571999787916288 move 6
Jibs_PC#4060571999787916288 endattack
Jibs_PC#4060571999787916288 nomove
CARD 10
Jibs_PC#4060571999787916288 placearmies 6 3
Jibs_PC#4060571999787916288 attack 6 7
Jibs_PC#4060571999787916288 roll 3
Jibs_PC#4060571999787916288 roll 1
DICE 3 1 5 5 4 1 
Jibs_PC#4060571999787916288 endattack
Jibs_PC#4060571999787916288 nomove
CARD 7
Jibs_PC#4060571999787916288 placearmies 8 3
Jibs_PC#4060571999787916288 attack 8 6
Jibs_PC#4060571999787916288 roll 3
Jibs_PC#4060571999787916288 roll 1
DICE 3 1 4 4 3 3 
Jibs_PC#4060571999787916288 endattack
Jibs_PC#4060571999787916288 nomove
CARD 12
Jibs_PC#4060571999787916288 placearmies 39 4
Jibs_PC#4060571999787916288 placearmies 31 1
Jibs_PC#4060571999787916288 attack 39 33
Jibs_PC#4060571999787916288 roll 3
Jibs_PC#4060571999787916288 roll 1
DICE 3 1 3 0 0 1 
Jibs_PC#4060571999787916288 move 10
Jibs_PC#4060571999787916288 attack 33 32
Jibs_PC#4060571999787916288 roll 3
Jibs_PC#4060571999787916288 roll 2
DICE 3 2 5 2 1 5 4 
Jibs_PC#4060571999787916288 roll 3
Jibs_PC#4060571999787916288 roll 2
DICE 3 2 3 3 1 5 1 
Jibs_PC#4060571999787916288 roll 3
Jibs_PC#4060571999787916288 roll 1
DICE 3 1 2 1 0 1 
Jibs_PC#4060571999787916288 move 5
Jibs_PC#4060571999787916288 attack 32 29
Jibs_PC#4060571999787916288 roll 3
Jibs_PC#4060571999787916288 roll 1
DICE 3 1 4 4 3 0 
Jibs_PC#4060571999787916288 move 3
Jibs_PC#4060571999787916288 endattack
Jibs_PC#4060571999787916288 movearmies 31 32 1
CARD 27
Jibs_PC#4060571999787916288 placearmies 30 2
Jibs_PC#4060571999787916288 placearmies 30 1
Jibs_PC#4060571999787916288 attack 30 29
Jibs_PC#4060571999787916288 roll 3
Jibs_PC#4060571999787916288 roll 2
DICE 3 2 5 3 0 4 2 
Jibs_PC#4060571999787916288 roll 3
Jibs_PC#4060571999787916288 roll 1
DICE 3 1 2 2 1 2 
Jibs_PC#4060571999787916288 roll 3
Jibs_PC#4060571999787916288 roll 1
DICE 3 1 5 1 0 1 
Jibs_PC#4060571999787916288 endattack
Jibs_PC#4060571999787916288 nomove
CARD 40
Jibs_PC#4060571999787916288 placearmies 12 2
Jibs_PC#4060571999787916288 placearmies 5 1
Jibs_PC#4060571999787916288 placearmies 5 2
Jibs_PC#4060571999787916288 attack 5 9
Jibs_PC#4060571999787916288 roll 3
Jibs_PC#4060571999787916288 roll 1
DICE 3 1 3 2 2 0 
Jibs_PC#4060571999787916288 endattack
Jibs_PC#4060571999787916288 movearmies 11 12 4
CARD 3
Jibs_PC#4060571999787916288 placearmies 24 3
Jibs_PC#4060571999787916288 attack 24 25
Jibs_PC#4060571999787916288 roll 3
Jibs_PC#4060571999787916288 roll 1
DICE 3 1 4 2 0 0 
Jibs_PC#4060571999787916288 attack 25 26
Jibs_PC#4060571999787916288 roll 2
Jibs_PC#4060571999787916288 roll 1
DICE 2 1 5 5 2 
Jibs_PC#4060571999787916288 endattack
Jibs_PC#4060571999787916288 movearmies 22 21 1
CARD 37
Jibs_PC#4060571999787916288 placearmies 7 1
Jibs_PC#4060571999787916288 placearmies 15 2
Jibs_PC#4060571999787916288 attack 15 14
Jibs_PC#4060571999787916288 roll 2
Jibs_PC#4060571999787916288 roll 1
DICE 2 1 4 0 1 
Jibs_PC#4060571999787916288 endattack
Jibs_PC#4060571999787916288 nomove
CARD 8
Jibs_PC#4060571999787916288 placearmies 6 1
Jibs_PC#4060571999787916288 placearmies 6 2
Jibs_PC#4060571999787916288 attack 6 14
Jibs_PC#4060571999787916288 roll 3
Jibs_PC#4060571999787916288 roll 2
DICE 3 2 5 2 0 4 2 
Jibs_PC#4060571999787916288 roll 3
Jibs_PC#4060571999787916288 roll 1
DICE 3 1 1 1 1 5 
Jibs_PC#4060571999787916288 roll 3
Jibs_PC#4060571999787916288 roll 1
DICE 3 1 2 2 1 5 
Jibs_PC#4060571999787916288 roll 2
Jibs_PC#4060571999787916288 roll 1
DICE 2 1 4 0 4 
Jibs_PC#4060571999787916288 retreat
Jibs_PC#4060571999787916288 endattack
Jibs_PC#4060571999787916288 nomove
CARD 
Jibs_PC#4060571999787916288 placearmies 32 1
Jibs_PC#4060571999787916288 placearmies 33 1
Jibs_PC#4060571999787916288 placearmies 32 3
Jibs_PC#4060571999787916288 attack 32 29
Jibs_PC#4060571999787916288 roll 3
Jibs_PC#4060571999787916288 roll 2
DICE 3 2 4 4 3 3 0 
Jibs_PC#4060571999787916288 roll 3
Jibs_PC#4060571999787916288 roll 1
DICE 3 1 3 3 0 1 
Jibs_PC#4060571999787916288 move 5
Jibs_PC#4060571999787916288 attack 29 36
Jibs_PC#4060571999787916288 roll 3
Jibs_PC#4060571999787916288 roll 1
DICE 3 1 5 4 0 5 
Jibs_PC#4060571999787916288 roll 3
Jibs_PC#4060571999787916288 roll 1
DICE 3 1 5 4 0 2 
Jibs_PC#4060571999787916288 endattack
Jibs_PC#4060571999787916288 movearmies 36 29 2
CARD wildcard
Jibs_PC#4060571999787916288 placearmies 1 3
Jibs_PC#4060571999787916288 attack 1 2
Jibs_PC#4060571999787916288 roll 3
Jibs_PC#4060571999787916288 roll 1
DICE 3 1 5 2 1 2 
Jibs_PC#4060571999787916288 endattack
Jibs_PC#4060571999787916288 nomove
CARD 18
Jibs_PC#4060571999787916288 placearmies 4 1
Jibs_PC#4060571999787916288 placearmies 9 1
Jibs_PC#4060571999787916288 placearmies 4 2
Jibs_PC#4060571999787916288 placearmies 9 1
Jibs_PC#4060571999787916288 attack 12 21
Jibs_PC#4060571999787916288 roll 3
Jibs_PC#4060571999787916288 roll 2
DICE 3 2 4 2 1 5 2 
Jibs_PC#4060571999787916288 roll 3
Jibs_PC#4060571999787916288 roll 2
DICE 3 2 2 2 1 4 4 
Jibs_PC#4060571999787916288 roll 3
Jibs_PC#4060571999787916288 roll 2
DICE 3 2 4 2 2 3 2 
Jibs_PC#4060571999787916288 roll 2
Jibs_PC#4060571999787916288 roll 1
DICE 2 1 5 3 5 
Jibs_PC#4060571999787916288 retreat
Jibs_PC#4060571999787916288 attack 9 8
Jibs_PC#4060571999787916288 roll 3
Jibs_PC#4060571999787916288 roll 1
DICE 3 1 5 3 1 2 
Jibs_PC#4060571999787916288 move 3
Jibs_PC#4060571999787916288 endattack
Jibs_PC#4060571999787916288 movearmies 8 9 2
CARD 24
Jibs_PC#4060571999787916288 placearmies 21 1
Jibs_PC#4060571999787916288 placearmies 21 4
Jibs_PC#4060571999787916288 placearmies 21 1
Jibs_PC#4060571999787916288 attack 21 12
Jibs_PC#4060571999787916288 roll 3
Jibs_PC#4060571999787916288 roll 2
DICE 3 2 4 3 0 5 4 
Jibs_PC#4060571999787916288 roll 3
Jibs_PC#4060571999787916288 roll 2
DICE 3 2 4 3 1 3 2 
Jibs_PC#4060571999787916288 move 3
Jibs_PC#4060571999787916288 endattack
Jibs_PC#4060571999787916288 movearmies 12 21 2
CARD 4
Jibs_PC#4060571999787916288 placearmies 15 3
Jibs_PC#4060571999787916288 attack 15 18
Jibs_PC#4060571999787916288 roll 3
Jibs_PC#4060571999787916288 roll 1
DICE 3 1 5 3 0 3 
Jibs_PC#4060571999787916288 attack 7 6
Jibs_PC#4060571999787916288 roll 3
Jibs_PC#4060571999787916288 roll 2
DICE 3 2 5 1 0 5 2 
Jibs_PC#4060571999787916288 retreat
Jibs_PC#4060571999787916288 attack 18 16
Jibs_PC#4060571999787916288 roll 2
Jibs_PC#4060571999787916288 roll 1
DICE 2 1 4 3 3 
Jibs_PC#4060571999787916288 endattack
Jibs_PC#4060571999787916288 nomove
CARD 13
Jibs_PC#4060571999787916288 placearmies 6 2
Jibs_PC#4060571999787916288 placearmies 6 1
Jibs_PC#4060571999787916288 attack 6 14
Jibs_PC#4060571999787916288 roll 3
Jibs_PC#4060571999787916288 roll 1
DICE 3 1 5 4 1 4 
Jibs_PC#4060571999787916288 move 4
Jibs_PC#4060571999787916288 endattack
Jibs_PC#4060571999787916288 nomove
CARD 16
Jibs_PC#4060571999787916288 trade 26 27 wildcard
Jibs_PC#4060571999787916288 placearmies 17 11
Jibs_PC#4060571999787916288 placearmies 17 3
Jibs_PC#4060571999787916288 placearmies 36 1
Jibs_PC#4060571999787916288 attack 17 14
Jibs_PC#4060571999787916288 roll 3
Jibs_PC#4060571999787916288 roll 2
DICE 3 2 4 2 0 1 1 
Jibs_PC#4060571999787916288 roll 3
Jibs_PC#4060571999787916288 roll 2
DICE 3 2 5 4 2 5 2 
Jibs_PC#4060571999787916288 roll 3
Jibs_PC#4060571999787916288 roll 1
DICE 3 1 4 4 0 2 
Jibs_PC#4060571999787916288 move 13
Jibs_PC#4060571999787916288 attack 14 6
Jibs_PC#4060571999787916288 roll 3
Jibs_PC#4060571999787916288 roll 1
DICE 3 1 5 4 1 4 
Jibs_PC#4060571999787916288 move 12
Jibs_PC#4060571999787916288 attack 6 8
Jibs_PC#4060571999787916288 roll 3
Jibs_PC#4060571999787916288 roll 1
DICE 3 1 5 3 2 4 
Jibs_PC#4060571999787916288 move 11
Jibs_PC#4060571999787916288 attack 8 7
Jibs_PC#4060571999787916288 roll 3
Jibs_PC#4060571999787916288 roll 2
DICE 3 2 4 2 0 2 1 
Jibs_PC#4060571999787916288 move 10
Jibs_PC#4060571999787916288 attack 7 3
Jibs_PC#4060571999787916288 roll 3
Jibs_PC#4060571999787916288 roll 1
DICE 3 1 2 1 0 2 
Jibs_PC#4060571999787916288 roll 3
Jibs_PC#4060571999787916288 roll 1
DICE 3 1 5 4 1 4 
Jibs_PC#4060571999787916288 move 8
Jibs_PC#4060571999787916288 attack 3 1
Jibs_PC#4060571999787916288 roll 3
Jibs_PC#4060571999787916288 roll 1
DICE 3 1 4 2 1 0 
Jibs_PC#4060571999787916288 move 7
Jibs_PC#4060571999787916288 attack 29 30
Jibs_PC#4060571999787916288 roll 2
Jibs_PC#4060571999787916288 roll 1
DICE 2 1 5 2 4 
Jibs_PC#4060571999787916288 attack 1 38
Jibs_PC#4060571999787916288 roll 3
Jibs_PC#4060571999787916288 roll 1
DICE 3 1 5 5 2 0 
Jibs_PC#4060571999787916288 move 6
Jibs_PC#4060571999787916288 attack 38 37
Jibs_PC#4060571999787916288 roll 3
Jibs_PC#4060571999787916288 roll 1
DICE 3 1 4 4 2 5 
Jibs_PC#4060571999787916288 roll 3
Jibs_PC#4060571999787916288 roll 1
DICE 3 1 3 2 2 5 
Jibs_PC#4060571999787916288 roll 3
Jibs_PC#4060571999787916288 roll 1
DICE 3 1 5 2 1 3 
Jibs_PC#4060571999787916288 endattack
Jibs_PC#4060571999787916288 movearmies 36 29 1
CARD 23
Jibs_PC#4060571999787916288 placearmies 2 1
Jibs_PC#4060571999787916288 placearmies 28 2
Jibs_PC#4060571999787916288 attack 2 7
Jibs_PC#4060571999787916288 roll 3
Jibs_PC#4060571999787916288 roll 1
DICE 3 1 5 4 0 4 
Jibs_PC#4060571999787916288 endattack
Jibs_PC#4060571999787916288 nomove
CARD 33
Jibs_PC#4060571999787916288 trade 20 3 24
Jibs_PC#4060571999787916288 placearmies 9 13
Jibs_PC#4060571999787916288 attack 9 7
Jibs_PC#4060571999787916288 roll 3
Jibs_PC#4060571999787916288 roll 2
DICE 3 2 4 1 0 3 0 
Jibs_PC#4060571999787916288 roll 3
Jibs_PC#4060571999787916288 roll 1
DICE 3 1 4 0 0 3 
Jibs_PC#4060571999787916288 move 16
Jibs_PC#4060571999787916288 attack 7 2
Jibs_PC#4060571999787916288 roll 3
Jibs_PC#4060571999787916288 roll 1
DICE 3 1 2 1 1 5 
Jibs_PC#4060571999787916288 roll 3
Jibs_PC#4060571999787916288 roll 1
DICE 3 1 4 2 1 1 
Jibs_PC#4060571999787916288 move 14
Jibs_PC#4060571999787916288 attack 4 3
Jibs_PC#4060571999787916288 roll 3
Jibs_PC#4060571999787916288 roll 1
DICE 3 1 5 3 2 5 
Jibs_PC#4060571999787916288 roll 2
Jibs_PC#4060571999787916288 roll 1
DICE 2 1 4 1 5 
Jibs_PC#4060571999787916288 retreat
Jibs_PC#4060571999787916288 attack 2 1
Jibs_PC#4060571999787916288 roll 3
Jibs_PC#4060571999787916288 roll 1
DICE 3 1 5 3 1 2 
Jibs_PC#4060571999787916288 move 13
Jibs_PC#4060571999787916288 attack 1 3
Jibs_PC#4060571999787916288 roll 3
Jibs_PC#4060571999787916288 roll 1
DICE 3 1 4 3 2 3 
Jibs_PC#4060571999787916288 move 3
Jibs_PC#4060571999787916288 attack 1 38
Jibs_PC#4060571999787916288 roll 3
Jibs_PC#4060571999787916288 roll 1
DICE 3 1 5 3 2 0 
Jibs_PC#4060571999787916288 move 9
Jibs_PC#4060571999787916288 attack 38 36
Jibs_PC#4060571999787916288 roll 3
Jibs_PC#4060571999787916288 roll 1
DICE 3 1 5 2 1 2 
Jibs_PC#4060571999787916288 move 8
Jibs_PC#4060571999787916288 attack 36 35
Jibs_PC#4060571999787916288 roll 3
Jibs_PC#4060571999787916288 roll 1
DICE 3 1 5 3 2 4 
Jibs_PC#4060571999787916288 move 7
Jibs_PC#4060571999787916288 attack 35 34
Jibs_PC#4060571999787916288 roll 3
Jibs_PC#4060571999787916288 roll 1
DICE 3 1 3 2 0 2 
Jibs_PC#4060571999787916288 move 6
Jibs_PC#4060571999787916288 attack 34 27
Jibs_PC#4060571999787916288 roll 3
Jibs_PC#4060571999787916288 roll 1
DICE 3 1 4 3 2 2 
Jibs_PC#4060571999787916288 move 5
Jibs_PC#4060571999787916288 attack 27 28
Jibs_PC#4060571999787916288 roll 3
Jibs_PC#4060571999787916288 roll 2
DICE 3 2 3 3 2 2 1 
Jibs_PC#4060571999787916288 roll 3
Jibs_PC#4060571999787916288 roll 1
DICE 3 1 5 4 3 3 
Jibs_PC#4060571999787916288 move 4
Jibs_PC#4060571999787916288 endattack
Jibs_PC#4060571999787916288 movearmies 3 7 2
CARD 25
Jibs_PC#4060571999787916288 placearmies 12 6
Jibs_PC#4060571999787916288 attack 12 10
Jibs_PC#4060571999787916288 roll 3
Jibs_PC#4060571999787916288 roll 1
DICE 3 1 5 2 1 4 
Jibs_PC#4060571999787916288 move 6
Jibs_PC#4060571999787916288 attack 10 11
Jibs_PC#4060571999787916288 roll 3
Jibs_PC#4060571999787916288 roll 1
DICE 3 1 2 1 0 3 
Jibs_PC#4060571999787916288 roll 3
Jibs_PC#4060571999787916288 roll 1
DICE 3 1 3 1 0 2 
Jibs_PC#4060571999787916288 move 4
Jibs_PC#4060571999787916288 attack 11 13
Jibs_PC#4060571999787916288 roll 3
Jibs_PC#4060571999787916288 roll 1
DICE 3 1 5 3 2 1 
Jibs_PC#4060571999787916288 endattack
Jibs_PC#4060571999787916288 movearmies 13 11 1
CARD 2
Jibs_PC#4060571999787916288 trade 5 8 13
Jibs_PC#4060571999787916288 placearmies 16 2
Jibs_PC#4060571999787916288 placearmies 16 10
Jibs_PC#4060571999787916288 placearmies 16 1
Jibs_PC#4060571999787916288 attack 16 20
Jibs_PC#4060571999787916288 roll 3
Jibs_PC#4060571999787916288 roll 1
DICE 3 1 4 4 3 3 
Jibs_PC#4060571999787916288 move 14
Jibs_PC#4060571999787916288 attack 20 21
Jibs_PC#4060571999787916288 roll 3
Jibs_PC#4060571999787916288 roll 2
DICE 3 2 4 4 0 4 2 
Jibs_PC#4060571999787916288 roll 3
Jibs_PC#4060571999787916288 roll 2
DICE 3 2 5 1 0 3 1 
Jibs_PC#4060571999787916288 roll 3
Jibs_PC#4060571999787916288 roll 2
DICE 3 2 5 5 1 5 4 
Jibs_PC#4060571999787916288 roll 3
Jibs_PC#4060571999787916288 roll 1
DICE 3 1 4 3 1 2 
Jibs_PC#4060571999787916288 move 10
Jibs_PC#4060571999787916288 attack 21 12
Jibs_PC#4060571999787916288 roll 3
Jibs_PC#4060571999787916288 roll 1
DICE 3 1 4 3 1 2 
Jibs_PC#4060571999787916288 move 9
Jibs_PC#4060571999787916288 attack 12 10
Jibs_PC#4060571999787916288 roll 3
Jibs_PC#4060571999787916288 roll 1
DICE 3 1 4 4 0 5 
Jibs_PC#4060571999787916288 roll 3
Jibs_PC#4060571999787916288 roll 1
DICE 3 1 3 3 1 1 
Jibs_PC#4060571999787916288 move 7
Jibs_PC#4060571999787916288 attack 10 11
Jibs_PC#4060571999787916288 roll 3
Jibs_PC#4060571999787916288 roll 2
DICE 3 2 2 2 0 5 0 
Jibs_PC#4060571999787916288 roll 3
Jibs_PC#4060571999787916288 roll 1
DICE 3 1 4 4 1 2 
Jibs_PC#4060571999787916288 move 5
Jibs_PC#4060571999787916288 attack 11 13
Jibs_PC#4060571999787916288 roll 3
Jibs_PC#4060571999787916288 roll 2
DICE 3 2 2 2 1 3 1 
Jibs_PC#4060571999787916288 roll 3
Jibs_PC#4060571999787916288 roll 1
DICE 3 1 5 4 0 4 
Jibs_PC#4060571999787916288 endattack
Jibs_PC#4060571999787916288 movearmies 13 11 1
CARD 34
Jibs_PC#4060571999787916288 placearmies 37 5
Jibs_PC#4060571999787916288 placearmies 31 1
Jibs_PC#4060571999787916288 attack 37 38
Jibs_PC#4060571999787916288 roll 3
Jibs_PC#4060571999787916288 roll 1
DICE 3 1 2 2 2 0 
Jibs_PC#4060571999787916288 move 7
Jibs_PC#4060571999787916288 attack 38 36
Jibs_PC#4060571999787916288 roll 3
Jibs_PC#4060571999787916288 roll 1
DICE 3 1 5 1 1 2 
Jibs_PC#4060571999787916288 move 6
Jibs_PC#4060571999787916288 attack 36 35
Jibs_PC#4060571999787916288 roll 3
Jibs_PC#4060571999787916288 roll 1
DICE 3 1 4 2 0 0 
Jibs_PC#4060571999787916288 move 5
Jibs_PC#4060571999787916288 attack 35 34
Jibs_PC#4060571999787916288 roll 3
Jibs_PC#4060571999787916288 roll 1
DICE 3 1 4 3 2 1 
Jibs_PC#4060571999787916288 move 4
Jibs_PC#4060571999787916288 attack 34 27
Jibs_PC#4060571999787916288 roll 3
Jibs_PC#4060571999787916288 roll 1
DICE 3 1 4 3 1 2 
Jibs_PC#4060571999787916288 endattack
Jibs_PC#4060571999787916288 movearmies 27 29 2
CARD 31
Jibs_PC#4060571999787916288 trade 9 33 25
Jibs_PC#4060571999787916288 placearmies 9 5
Jibs_PC#4060571999787916288 placearmies 28 6
Jibs_PC#4060571999787916288 attack 9 8
Jibs_PC#4060571999787916288 roll 3
Jibs_PC#4060571999787916288 roll 1
DICE 3 1 3 3 2 1 
Jibs_PC#4060571999787916288 move 7
Jibs_PC#4060571999787916288 attack 8 6
Jibs_PC#4060571999787916288 roll 3
Jibs_PC#4060571999787916288 roll 1
DICE 3 1 3 1 0 5 
Jibs_PC#4060571999787916288 roll 3
Jibs_PC#4060571999787916288 roll 1
DICE 3 1 4 1 0 2 
Jibs_PC#4060571999787916288 move 5
Jibs_PC#4060571999787916288 attack 6 14
Jibs_PC#4060571999787916288 roll 3
Jibs_PC#4060571999787916288 roll 1
DICE 3 1 1 0 0 3 
Jibs_PC#4060571999787916288 roll 3
Jibs_PC#4060571999787916288 roll 1
DICE 3 1 5 4 1 3 
Jibs_PC#4060571999787916288 attack 14 15
Jibs_PC#4060571999787916288 roll 2
Jibs_PC#4060571999787916288 roll 1
DICE 2 1 2 0 4 
Jibs_PC#4060571999787916288 retreat
Jibs_PC#4060571999787916288 attack 28 16
Jibs_PC#4060571999787916288 roll 3
Jibs_PC#4060571999787916288 roll 1
DICE 3 1 4 3 3 0 
Jibs_PC#4060571999787916288 move 9
Jibs_PC#4060571999787916288 attack 16 20
Jibs_PC#4060571999787916288 roll 3
Jibs_PC#4060571999787916288 roll 1
DICE 3 1 5 3 3 1 
Jibs_PC#4060571999787916288 move 8
Jibs_PC#4060571999787916288 attack 20 21
Jibs_PC#4060571999787916288 roll 3
Jibs_PC#4060571999787916288 roll 1
DICE 3 1 5 5 1 2 
Jibs_PC#4060571999787916288 move 7
Jibs_PC#4060571999787916288 attack 21 12
Jibs_PC#4060571999787916288 roll 3
Jibs_PC#4060571999787916288 roll 1
DICE 3 1 4 3 1 2 
Jibs_PC#4060571999787916288 move 6
Jibs_PC#4060571999787916288 attack 12 13
Jibs_PC#4060571999787916288 roll 3
Jibs_PC#4060571999787916288 roll 2
DICE 3 2 5 1 0 4 1 
Jibs_PC#4060571999787916288 roll 3
Jibs_PC#4060571999787916288 roll 1
DICE 3 1 4 4 2 4 
Jibs_PC#4060571999787916288 retreat
Jibs_PC#4060571999787916288 endattack
Jibs_PC#4060571999787916288 movearmies 4 5 1
CARD 14
Jibs_PC#4060571999787916288 placearmies 22 1
Jibs_PC#4060571999787916288 placearmies 22 2
Jibs_PC#4060571999787916288 attack 22 21
Jibs_PC#4060571999787916288 roll 3
Jibs_PC#4060571999787916288 roll 1
DICE 3 1 4 3 3 1 
Jibs_PC#4060571999787916288 move 6
Jibs_PC#4060571999787916288 endattack
Jibs_PC#4060571999787916288 nomove
CARD 21
Jibs_PC#4060571999787916288 placearmies 15 3
Jibs_PC#4060571999787916288 attack 15 14
Jibs_PC#4060571999787916288 roll 3
Jibs_PC#4060571999787916288 roll 2
DICE 3 2 5 4 3 4 3 
Jibs_PC#4060571999787916288 attack 14 6
Jibs_PC#4060571999787916288 roll 2
Jibs_PC#4060571999787916288 roll 1
DICE 2 1 3 1 2 
Jibs_PC#4060571999787916288 endattack
Jibs_PC#4060571999787916288 nomove
CARD 32
Jibs_PC#4060571999787916288 trade 12 16 31
Jibs_PC#4060571999787916288 placearmies 29 1
Jibs_PC#4060571999787916288 placearmies 31 13
Jibs_PC#4060571999787916288 placearmies 31 1
Jibs_PC#4060571999787916288 attack 31 22
Jibs_PC#4060571999787916288 roll 3
Jibs_PC#4060571999787916288 roll 2
DICE 3 2 4 4 1 4 0 
Jibs_PC#4060571999787916288 roll 3
Jibs_PC#4060571999787916288 roll 1
DICE 3 1 4 3 3 2 
Jibs_PC#4060571999787916288 move 15
Jibs_PC#4060571999787916288 attack 29 28
Jibs_PC#4060571999787916288 roll 3
Jibs_PC#4060571999787916288 roll 1
DICE 3 1 5 4 2 0 
Jibs_PC#4060571999787916288 move 4
Jibs_PC#4060571999787916288 attack 22 24
Jibs_PC#4060571999787916288 roll 3
Jibs_PC#4060571999787916288 roll 1
DICE 3 1 4 1 1 0 
Jibs_PC#4060571999787916288 move 14
Jibs_PC#4060571999787916288 attack 24 26
Jibs_PC#4060571999787916288 roll 3
Jibs_PC#4060571999787916288 roll 2
DICE 3 2 5 5 4 5 5 
Jibs_PC#4060571999787916288 roll 3
Jibs_PC#4060571999787916288 roll 2
DICE 3 2 3 2 2 5 1 
Jibs_PC#4060571999787916288 roll 3
Jibs_PC#4060571999787916288 roll 1
DICE 3 1 5 3 1 2 
Jibs_PC#4060571999787916288 move 10
Jibs_PC#4060571999787916288 attack 26 25
Jibs_PC#4060571999787916288 roll 3
Jibs_PC#4060571999787916288 roll 1
DICE 3 1 4 4 2 4 
Jibs_PC#4060571999787916288 roll 3
Jibs_PC#4060571999787916288 roll 1
DICE 3 1 4 2 1 0 
Jibs_PC#4060571999787916288 move 8
Jibs_PC#4060571999787916288 attack 25 23
Jibs_PC#4060571999787916288 roll 3
Jibs_PC#4060571999787916288 roll 1
DICE 3 1 5 3 2 3 
Jibs_PC#4060571999787916288 move 7
Jibs_PC#4060571999787916288 attack 23 21
Jibs_PC#4060571999787916288 roll 3
Jibs_PC#4060571999787916288 roll 2
DICE 3 2 3 2 1 5 1 
Jibs_PC#4060571999787916288 roll 3
Jibs_PC#4060571999787916288 roll 2
DICE 3 2 3 2 0 3 2 
Jibs_PC#4060571999787916288 retreat
Jibs_PC#4060571999787916288 endattack
Jibs_PC#4060571999787916288 movearmies 32 30 1
CARD 6
Jibs_PC#4060571999787916288 placearmies 1 4
Jibs_PC#4060571999787916288 attack 1 38
Jibs_PC#4060571999787916288 roll 3
Jibs_PC#4060571999787916288 roll 1
DICE 3 1 2 1 1 5 
Jibs_PC#4060571999787916288 roll 3
Jibs_PC#4060571999787916288 roll 1
DICE 3 1 4 4 1 2 
Jibs_PC#4060571999787916288 attack 12 13
Jibs_PC#4060571999787916288 roll 3
Jibs_PC#4060571999787916288 roll 1
DICE 3 1 4 3 2 1 
Jibs_PC#4060571999787916288 endattack
Jibs_PC#4060571999787916288 movearmies 38 1 2
CARD 1
Jibs_PC#4060571999787916288 trade 37 4 21
Jibs_PC#4060571999787916288 placearmies 21 1
Jibs_PC#4060571999787916288 placearmies 21 4
Jibs_PC#4060571999787916288 placearmies 21 2
Jibs_PC#4060571999787916288 attack 21 12
Jibs_PC#4060571999787916288 roll 3
Jibs_PC#4060571999787916288 roll 1
DICE 3 1 2 1 0 4 
Jibs_PC#4060571999787916288 roll 3
Jibs_PC#4060571999787916288 roll 1
DICE 3 1 4 3 0 0 
Jibs_PC#4060571999787916288 move 12
Jibs_PC#4060571999787916288 attack 12 13
Jibs_PC#4060571999787916288 roll 3
Jibs_PC#4060571999787916288 roll 2
DICE 3 2 3 1 1 4 1 
Jibs_PC#4060571999787916288 roll 3
Jibs_PC#4060571999787916288 roll 2
DICE 3 2 3 2 0 2 0 
Jibs_PC#4060571999787916288 retreat
Jibs_PC#4060571999787916288 attack 12 10
Jibs_PC#4060571999787916288 roll 3
Jibs_PC#4060571999787916288 roll 1
DICE 3 1 2 0 0 3 
Jibs_PC#4060571999787916288 roll 3
Jibs_PC#4060571999787916288 roll 1
DICE 3 1 4 0 0 4 
Jibs_PC#4060571999787916288 roll 3
Jibs_PC#4060571999787916288 roll 1
DICE 3 1 5 4 0 0 
Jibs_PC#4060571999787916288 move 7
Jibs_PC#4060571999787916288 attack 10 11
Jibs_PC#4060571999787916288 roll 3
Jibs_PC#4060571999787916288 roll 2
DICE 3 2 2 2 0 2 0 
Jibs_PC#4060571999787916288 roll 3
Jibs_PC#4060571999787916288 roll 1
DICE 3 1 4 2 0 5 
Jibs_PC#4060571999787916288 roll 3
Jibs_PC#4060571999787916288 roll 1
DICE 3 1 5 4 2 5 
Jibs_PC#4060571999787916288 roll 3
Jibs_PC#4060571999787916288 roll 1
DICE 3 1 4 4 0 3 
Jibs_PC#4060571999787916288 attack 11 13
Jibs_PC#4060571999787916288 roll 2
Jibs_PC#4060571999787916288 roll 1
DICE 2 1 5 0 0 
Jibs_PC#4060571999787916288 endattack
Jibs_PC#4060571999787916288 nomove
CARD wildcard
Jibs_PC#4060571999787916288 placearmies 6 2
Jibs_PC#4060571999787916288 placearmies 18 1
Jibs_PC#4060571999787916288 attack 6 8
Jibs_PC#4060571999787916288 roll 3
Jibs_PC#4060571999787916288 roll 1
DICE 3 1 5 2 0 2 
Jibs_PC#4060571999787916288 endattack
Jibs_PC#4060571999787916288 nomove
CARD 42
Jibs_PC#4060571999787916288 trade 28 23 6
Jibs_PC#4060571999787916288 placearmies 23 14
Jibs_PC#4060571999787916288 placearmies 35 1
Jibs_PC#4060571999787916288 attack 23 21
Jibs_PC#4060571999787916288 roll 3
Jibs_PC#4060571999787916288 roll 1
DICE 3 1 5 1 0 5 
Jibs_PC#4060571999787916288 roll 3
Jibs_PC#4060571999787916288 roll 1
DICE 3 1 5 1 1 5 
Jibs_PC#4060571999787916288 roll 3
Jibs_PC#4060571999787916288 roll 1
DICE 3 1 4 2 0 4 
Jibs_PC#4060571999787916288 roll 3
Jibs_PC#4060571999787916288 roll 1
DICE 3 1 3 2 2 2 
Jibs_PC#4060571999787916288 move 14
Jibs_PC#4060571999787916288 attack 21 12
Jibs_PC#4060571999787916288 roll 3
Jibs_PC#4060571999787916288 roll 1
DICE 3 1 5 2 1 0 
Jibs_PC#4060571999787916288 move 12
Jibs_PC#4060571999787916288 attack 12 13
Jibs_PC#4060571999787916288 roll 3
Jibs_PC#4060571999787916288 roll 2
DICE 3 2 5 4 2 4 0 
Jibs_PC#4060571999787916288 move 11
Jibs_PC#4060571999787916288 attack 13 11
Jibs_PC#4060571999787916288 roll 3
Jibs_PC#4060571999787916288 roll 1
DICE 3 1 3 2 0 0 
Jibs_PC#4060571999787916288 move 10
Jibs_PC#4060571999787916288 attack 11 10
Jibs_PC#4060571999787916288 roll 3
Jibs_PC#4060571999787916288 roll 1
DICE 3 1 5 5 5 3 
Jibs_PC#4060571999787916288 move 9
Jibs_PC#4060571999787916288 attack 28 16
Jibs_PC#4060571999787916288 roll 3
Jibs_PC#4060571999787916288 roll 1
DICE 3 1 3 2 1 1 
Jibs_PC#4060571999787916288 move 5
Jibs_PC#4060571999787916288 attack 16 20
Jibs_PC#4060571999787916288 roll 3
Jibs_PC#4060571999787916288 roll 1
DICE 3 1 2 1 0 3 
Jibs_PC#4060571999787916288 roll 3
Jibs_PC#4060571999787916288 roll 1
DICE 3 1 5 3 1 3 
Jibs_PC#4060571999787916288 attack 20 19
Jibs_PC#4060571999787916288 roll 2
Jibs_PC#4060571999787916288 roll 1
DICE 2 1 5 1 2 
Jibs_PC#4060571999787916288 attack 10 5
Jibs_PC#4060571999787916288 roll 3
Jibs_PC#4060571999787916288 roll 2
DICE 3 2 3 1 1 4 1 
Jibs_PC#4060571999787916288 roll 3
Jibs_PC#4060571999787916288 roll 2
DICE 3 2 5 2 0 3 2 
Jibs_PC#4060571999787916288 roll 3
Jibs_PC#4060571999787916288 roll 1
DICE 3 1 2 0 0 1 
Jibs_PC#4060571999787916288 move 5
Jibs_PC#4060571999787916288 attack 5 9
Jibs_PC#4060571999787916288 roll 3
Jibs_PC#4060571999787916288 roll 1
DICE 3 1 5 2 2 0 
Jibs_PC#4060571999787916288 move 3
Jibs_PC#4060571999787916288 endattack
Jibs_PC#4060571999787916288 movearmies 9 5 2
CARD 41
Jibs_PC#4060571999787916288 placearmies 7 1
Jibs_PC#4060571999787916288 placearmies 7 1
Jibs_PC#4060571999787916288 placearmies 7 1
Jibs_PC#4060571999787916288 attack 7 8
Jibs_PC#4060571999787916288 roll 3
Jibs_PC#4060571999787916288 roll 2
DICE 3 2 4 4 0 5 0 
Jibs_PC#4060571999787916288 roll 3
Jibs_PC#4060571999787916288 roll 2
DICE 3 2 5 2 1 0 0 
Jibs_PC#4060571999787916288 move 4
Jibs_PC#4060571999787916288 endattack
Jibs_PC#4060571999787916288 movearmies 1 2 2
CARD 19
Jibs_PC#4060571999787916288 placearmies 18 2
Jibs_PC#4060571999787916288 placearmies 18 1
Jibs_PC#4060571999787916288 attack 18 19
Jibs_PC#4060571999787916288 roll 3
Jibs_PC#4060571999787916288 roll 2
DICE 3 2 5 3 1 3 1 
Jibs_PC#4060571999787916288 move 4
Jibs_PC#4060571999787916288 attack 19 21
Jibs_PC#4060571999787916288 roll 3
Jibs_PC#4060571999787916288 roll 2
DICE 3 2 5 4 4 2 1 
Jibs_PC#4060571999787916288 attack 21 12
Jibs_PC#4060571999787916288 roll 2
Jibs_PC#4060571999787916288 roll 1
DICE 2 1 4 1 2 
Jibs_PC#4060571999787916288 endattack
Jibs_PC#4060571999787916288 nomove
CARD 39
Jibs_PC#4060571999787916288 trade 10 2 wildcard
Jibs_PC#4060571999787916288 placearmies 35 3
Jibs_PC#4060571999787916288 placearmies 37 4
Jibs_PC#4060571999787916288 placearmies 34 1
Jibs_PC#4060571999787916288 placearmies 36 1
Jibs_PC#4060571999787916288 placearmies 22 1
Jibs_PC#4060571999787916288 placearmies 16 1
Jibs_PC#4060571999787916288 placearmies 20 1
Jibs_PC#4060571999787916288 placearmies 20 3
Jibs_PC#4060571999787916288 placearmies 10 3
Jibs_PC#4060571999787916288 placearmies 5 1
Jibs_PC#4060571999787916288 attack 37 38
Jibs_PC#4060571999787916288 roll 3
Jibs_PC#4060571999787916288 roll 1
DICE 3 1 5 5 3 1 
Jibs_PC#4060571999787916288 move 4
Jibs_PC#4060571999787916288 attack 10 12
Jibs_PC#4060571999787916288 roll 3
Jibs_PC#4060571999787916288 roll 2
DICE 3 2 5 4 0 5 0 
Jibs_PC#4060571999787916288 roll 3
Jibs_PC#4060571999787916288 roll 1
DICE 3 1 4 3 0 1 
Jibs_PC#4060571999787916288 move 4
Jibs_PC#4060571999787916288 attack 20 21
Jibs_PC#4060571999787916288 roll 3
Jibs_PC#4060571999787916288 roll 1
DICE 3 1 1 0 0 1 
Jibs_PC#4060571999787916288 roll 3
Jibs_PC#4060571999787916288 roll 1
DICE 3 1 2 1 1 0 
