Jibs_PC#570823986418222080 newplayer human green s0914007
Jibs_PC#570823986418222080 newplayer human blue bob
Jibs_PC#570823986418222080 newplayer human red fred
Jibs_PC#570823986418222080 startgame mission fixed autoplaceall recycle
PLAYER fred
MISSION 5 3 0
PLACEALL 28 3 22 39 12 35 26 15 29 14 37 38 41 11 18 42 36 34 24 7 32 20 8 19 9 17 21 4 1 6 33 10 13 27 23 5 2 16 30 31 25 40
Jibs_PC#570823986418222080 placearmies 33 1
CARD 
Jibs_PC#570823986418222080 placearmies 11 1
CARD 
Jibs_PC#570823986418222080 placearmies 21 1
CARD 
Jibs_PC#570823986418222080 placearmies 27 1
CARD 
Jibs_PC#570823986418222080 placearmies 11 1
CARD 
Jibs_PC#570823986418222080 placearmies 22 1
CARD 
Jibs_PC#570823986418222080 placearmies 33 1
CARD 
Jibs_PC#570823986418222080 placearmies 11 1
CARD 
Jibs_PC#570823986418222080 placearmies 21 1
CARD 
Jibs_PC#570823986418222080 placearmies 42 1
CARD 
Jibs_PC#570823986418222080 placearmies 10 1
CARD 
Jibs_PC#570823986418222080 placearmies 22 1
CARD 
Jibs_PC#570823986418222080 placearmies 39 1
CARD 
Jibs_PC#570823986418222080 placearmies 25 1
CARD 
Jibs_PC#570823986418222080 placearmies 21 1
CARD 
Jibs_PC#570823986418222080 placearmies 27 1
CARD 
Jibs_PC#570823986418222080 placearmies 11 1
CARD 
Jibs_PC#570823986418222080 placearmies 19 1
CARD 
Jibs_PC#570823986418222080 placearmies 33 1
CARD 
Jibs_PC#570823986418222080 placearmies 10 1
CARD 
Jibs_PC#570823986418222080 placearmies 22 1
CARD 
Jibs_PC#570823986418222080 placearmies 27 1
CARD 
Jibs_PC#570823986418222080 placearmies 23 1
CARD 
Jibs_PC#570823986418222080 placearmies 19 1
CARD 
Jibs_PC#570823986418222080 placearmies 31 1
CARD 
Jibs_PC#570823986418222080 placearmies 11 1
CARD 
Jibs_PC#570823986418222080 placearmies 21 1
CARD 
Jibs_PC#570823986418222080 placearmies 31 1
CARD 
Jibs_PC#570823986418222080 placearmies 11 1
CARD 
Jibs_PC#570823986418222080 placearmies 21 1
CARD 
Jibs_PC#570823986418222080 placearmies 31 1
CARD 
Jibs_PC#570823986418222080 placearmies 25 1
CARD 
Jibs_PC#570823986418222080 placearmies 19 1
CARD 
Jibs_PC#570823986418222080 placearmies 31 1
CARD 
Jibs_PC#570823986418222080 placearmies 11 1
CARD 
Jibs_PC#570823986418222080 placearmies 19 1
CARD 
Jibs_PC#570823986418222080 placearmies 31 1
CARD 
Jibs_PC#570823986418222080 placearmies 25 1
CARD 
Jibs_PC#570823986418222080 placearmies 19 1
CARD 
Jibs_PC#570823986418222080 placearmies 31 1
CARD 
Jibs_PC#570823986418222080 placearmies 11 1
CARD 
Jibs_PC#570823986418222080 placearmies 21 1
CARD 
Jibs_PC#570823986418222080 placearmies 33 1
CARD 
Jibs_PC#570823986418222080 placearmies 11 1
CARD 
Jibs_PC#570823986418222080 placearmies 21 1
CARD 
Jibs_PC#570823986418222080 placearmies 33 1
CARD 
Jibs_PC#570823986418222080 placearmies 25 1
CARD 
Jibs_PC#570823986418222080 placearmies 21 1
CARD 
Jibs_PC#570823986418222080 placearmies 27 1
CARD 
Jibs_PC#570823986418222080 placearmies 15 1
CARD 
Jibs_PC#570823986418222080 placearmies 21 1
CARD 
Jibs_PC#570823986418222080 placearmies 27 1
CARD 
Jibs_PC#570823986418222080 placearmies 25 1
CARD 
Jibs_PC#570823986418222080 placearmies 19 1
CARD 
Jibs_PC#570823986418222080 placearmies 9 1
CARD 
Jibs_PC#570823986418222080 placearmies 25 1
CARD 
Jibs_PC#570823986418222080 placearmies 21 1
CARD 
Jibs_PC#570823986418222080 placearmies 9 1
CARD 
Jibs_PC#570823986418222080 placearmies 16 1
CARD 
Jibs_PC#570823986418222080 placearmies 19 1
CARD 
Jibs_PC#570823986418222080 placearmies 9 1
CARD 
Jibs_PC#570823986418222080 placearmies 25 1
CARD 
Jibs_PC#570823986418222080 placearmies 21 1
CARD 
Jibs_PC#570823986418222080 placearmies 9 1
Jibs_PC#570823986418222080 placearmies 9 1
Jibs_PC#570823986418222080 placearmies 9 1
Jibs_PC#570823986418222080 placearmies 9 1
Jibs_PC#570823986418222080 attack 9 5
Jibs_PC#570823986418222080 roll 3
Jibs_PC#570823986418222080 roll 1
DICE 3 1 3 3 0 3 
Jibs_PC#570823986418222080 roll 3
Jibs_PC#570823986418222080 roll 1
DICE 3 1 5 2 0 5 
Jibs_PC#570823986418222080 roll 3
Jibs_PC#570823986418222080 roll 1
DICE 3 1 4 3 0 3 
Jibs_PC#570823986418222080 move all
Jibs_PC#570823986418222080 attack 5 10
Jibs_PC#570823986418222080 roll 3
Jibs_PC#570823986418222080 roll 2
DICE 3 2 4 1 0 5 3 
Jibs_PC#570823986418222080 roll 2
Jibs_PC#570823986418222080 roll 2
DICE 2 2 1 0 5 2 
Jibs_PC#570823986418222080 attack 27 34
Jibs_PC#570823986418222080 roll 3
Jibs_PC#570823986418222080 roll 1
DICE 3 1 4 3 1 4 
Jibs_PC#570823986418222080 roll 3
Jibs_PC#570823986418222080 roll 1
DICE 3 1 2 1 1 4 
Jibs_PC#570823986418222080 roll 3
Jibs_PC#570823986418222080 roll 1
DICE 3 1 4 4 0 4 
Jibs_PC#570823986418222080 roll 2
Jibs_PC#570823986418222080 roll 1
DICE 2 1 4 1 2 
Jibs_PC#570823986418222080 attack 34 38
Jibs_PC#570823986418222080 roll 1
Jibs_PC#570823986418222080 roll 1
DICE 1 1 0 3 
Jibs_PC#570823986418222080 attack 42 40
Jibs_PC#570823986418222080 roll 1
Jibs_PC#570823986418222080 roll 1
DICE 1 1 3 5 
Jibs_PC#570823986418222080 attack 39 40
Jibs_PC#570823986418222080 roll 1
Jibs_PC#570823986418222080 roll 1
DICE 1 1 3 1 
Jibs_PC#570823986418222080 attack 33 29
Jibs_PC#570823986418222080 roll 3
Jibs_PC#570823986418222080 roll 1
DICE 3 1 4 2 0 0 
Jibs_PC#570823986418222080 move all
Jibs_PC#570823986418222080 attack 29 36
Jibs_PC#570823986418222080 roll 3
Jibs_PC#570823986418222080 roll 1
DICE 3 1 4 3 3 3 
Jibs_PC#570823986418222080 move all
Jibs_PC#570823986418222080 attack 36 37
Jibs_PC#570823986418222080 roll 3
Jibs_PC#570823986418222080 roll 1
DICE 3 1 5 3 3 0 
Jibs_PC#570823986418222080 attack 37 38
Jibs_PC#570823986418222080 roll 2
Jibs_PC#570823986418222080 roll 1
DICE 2 1 4 0 3 
Jibs_PC#570823986418222080 attack 38 35
Jibs_PC#570823986418222080 roll 1
Jibs_PC#570823986418222080 roll 1
DICE 1 1 4 1 
Jibs_PC#570823986418222080 attack 31 32
Jibs_PC#570823986418222080 roll 3
Jibs_PC#570823986418222080 roll 1
DICE 3 1 3 2 0 5 
Jibs_PC#570823986418222080 roll 3
Jibs_PC#570823986418222080 roll 1
DICE 3 1 3 2 0 0 
Jibs_PC#570823986418222080 move all
Jibs_PC#570823986418222080 attack 32 30
Jibs_PC#570823986418222080 roll 3
Jibs_PC#570823986418222080 roll 1
DICE 3 1 2 1 1 3 
Jibs_PC#570823986418222080 roll 3
Jibs_PC#570823986418222080 roll 1
DICE 3 1 2 0 0 1 
Jibs_PC#570823986418222080 attack 30 16
Jibs_PC#570823986418222080 roll 2
Jibs_PC#570823986418222080 roll 2
DICE 2 2 0 0 2 0 
Jibs_PC#570823986418222080 endattack
Jibs_PC#570823986418222080 nomove
CARD 5
Jibs_PC#570823986418222080 placearmies 11 1
Jibs_PC#570823986418222080 placearmies 11 1
Jibs_PC#570823986418222080 placearmies 11 1
Jibs_PC#570823986418222080 placearmies 16 1
Jibs_PC#570823986418222080 attack 11 13
Jibs_PC#570823986418222080 roll 3
Jibs_PC#570823986418222080 roll 1
DICE 3 1 4 3 2 2 
Jibs_PC#570823986418222080 move all
Jibs_PC#570823986418222080 endattack
Jibs_PC#570823986418222080 movearmies 13 12 11
CARD 25
Jibs_PC#570823986418222080 placearmies 22 1
Jibs_PC#570823986418222080 placearmies 22 1
Jibs_PC#570823986418222080 placearmies 18 1
Jibs_PC#570823986418222080 attack 22 31
Jibs_PC#570823986418222080 roll 3
Jibs_PC#570823986418222080 roll 1
DICE 3 1 5 2 2 3 
Jibs_PC#570823986418222080 move all
Jibs_PC#570823986418222080 attack 19 17
Jibs_PC#570823986418222080 roll 3
Jibs_PC#570823986418222080 roll 1
DICE 3 1 5 5 0 1 
Jibs_PC#570823986418222080 move all
Jibs_PC#570823986418222080 attack 17 14
Jibs_PC#570823986418222080 roll 3
Jibs_PC#570823986418222080 roll 1
DICE 3 1 1 1 1 4 
Jibs_PC#570823986418222080 roll 3
Jibs_PC#570823986418222080 roll 1
DICE 3 1 5 4 4 3 
Jibs_PC#570823986418222080 move all
Jibs_PC#570823986418222080 attack 14 15
Jibs_PC#570823986418222080 roll 3
Jibs_PC#570823986418222080 roll 2
DICE 3 2 2 2 1 4 2 
Jibs_PC#570823986418222080 roll 2
Jibs_PC#570823986418222080 roll 2
DICE 2 2 5 2 1 0 
Jibs_PC#570823986418222080 attack 18 20
Jibs_PC#570823986418222080 roll 1
Jibs_PC#570823986418222080 roll 1
DICE 1 1 0 4 
Jibs_PC#570823986418222080 endattack
Jibs_PC#570823986418222080 nomove
CARD 19
Jibs_PC#570823986418222080 placearmies 32 1
Jibs_PC#570823986418222080 placearmies 32 1
Jibs_PC#570823986418222080 placearmies 5 1
Jibs_PC#570823986418222080 placearmies 5 1
Jibs_PC#570823986418222080 placearmies 5 1
Jibs_PC#570823986418222080 placearmies 5 1
Jibs_PC#570823986418222080 placearmies 2 1
Jibs_PC#570823986418222080 placearmies 2 1
Jibs_PC#570823986418222080 placearmies 2 1
Jibs_PC#570823986418222080 attack 2 1
Jibs_PC#570823986418222080 roll 3
Jibs_PC#570823986418222080 roll 1
DICE 3 1 5 3 0 0 
Jibs_PC#570823986418222080 attack 1 3
Jibs_PC#570823986418222080 roll 2
Jibs_PC#570823986418222080 roll 1
DICE 2 1 3 0 3 
Jibs_PC#570823986418222080 roll 1
Jibs_PC#570823986418222080 roll 1
DICE 1 1 4 0 
Jibs_PC#570823986418222080 attack 5 10
Jibs_PC#570823986418222080 roll 3
Jibs_PC#570823986418222080 roll 2
DICE 3 2 4 3 1 4 4 
Jibs_PC#570823986418222080 roll 2
Jibs_PC#570823986418222080 roll 2
DICE 2 2 5 0 4 1 
Jibs_PC#570823986418222080 roll 1
Jibs_PC#570823986418222080 roll 2
DICE 1 2 3 5 0 
Jibs_PC#570823986418222080 endattack
Jibs_PC#570823986418222080 nomove
CARD 23
Jibs_PC#570823986418222080 placearmies 10 1
Jibs_PC#570823986418222080 placearmies 10 1
Jibs_PC#570823986418222080 placearmies 10 1
Jibs_PC#570823986418222080 placearmies 25 1
Jibs_PC#570823986418222080 placearmies 25 1
Jibs_PC#570823986418222080 attack 25 26
Jibs_PC#570823986418222080 roll 3
Jibs_PC#570823986418222080 roll 1
DICE 3 1 5 1 0 4 
Jibs_PC#570823986418222080 move all
Jibs_PC#570823986418222080 attack 26 24
Jibs_PC#570823986418222080 roll 3
Jibs_PC#570823986418222080 roll 1
DICE 3 1 5 2 1 5 
Jibs_PC#570823986418222080 roll 3
Jibs_PC#570823986418222080 roll 1
DICE 3 1 4 3 2 5 
Jibs_PC#570823986418222080 roll 3
Jibs_PC#570823986418222080 roll 1
DICE 3 1 5 0 0 2 
Jibs_PC#570823986418222080 move all
Jibs_PC#570823986418222080 endattack
Jibs_PC#570823986418222080 nomove
CARD 30
Jibs_PC#570823986418222080 placearmies 18 1
Jibs_PC#570823986418222080 placearmies 18 1
Jibs_PC#570823986418222080 placearmies 18 1
Jibs_PC#570823986418222080 attack 15 16
Jibs_PC#570823986418222080 roll 1
Jibs_PC#570823986418222080 roll 2
DICE 1 2 3 5 4 
Jibs_PC#570823986418222080 attack 18 20
Jibs_PC#570823986418222080 roll 3
Jibs_PC#570823986418222080 roll 1
DICE 3 1 4 4 1 2 
Jibs_PC#570823986418222080 attack 20 16
Jibs_PC#570823986418222080 roll 2
Jibs_PC#570823986418222080 roll 2
DICE 2 2 5 0 1 0 
Jibs_PC#570823986418222080 roll 1
Jibs_PC#570823986418222080 roll 2
DICE 1 2 2 1 0 
Jibs_PC#570823986418222080 roll 1
Jibs_PC#570823986418222080 roll 1
DICE 1 1 5 1 
Jibs_PC#570823986418222080 endattack
Jibs_PC#570823986418222080 nomove
CARD 12
Jibs_PC#570823986418222080 placearmies 28 1
Jibs_PC#570823986418222080 placearmies 28 1
Jibs_PC#570823986418222080 placearmies 28 1
Jibs_PC#570823986418222080 placearmies 5 1
Jibs_PC#570823986418222080 placearmies 5 1
Jibs_PC#570823986418222080 placearmies 5 1
Jibs_PC#570823986418222080 placearmies 5 1
Jibs_PC#570823986418222080 placearmies 32 1
Jibs_PC#570823986418222080 placearmies 32 1
Jibs_PC#570823986418222080 attack 32 31
Jibs_PC#570823986418222080 roll 3
Jibs_PC#570823986418222080 roll 2
DICE 3 2 1 0 0 3 2 
Jibs_PC#570823986418222080 roll 2
Jibs_PC#570823986418222080 roll 2
DICE 2 2 4 0 1 0 
Jibs_PC#570823986418222080 roll 1
Jibs_PC#570823986418222080 roll 2
DICE 1 2 4 4 1 
Jibs_PC#570823986418222080 attack 28 16
Jibs_PC#570823986418222080 roll 3
Jibs_PC#570823986418222080 roll 1
DICE 3 1 4 3 2 0 
Jibs_PC#570823986418222080 attack 16 15
Jibs_PC#570823986418222080 roll 2
Jibs_PC#570823986418222080 roll 1
DICE 2 1 4 1 1 
Jibs_PC#570823986418222080 attack 15 18
Jibs_PC#570823986418222080 roll 1
Jibs_PC#570823986418222080 roll 1
DICE 1 1 2 3 
Jibs_PC#570823986418222080 endattack
Jibs_PC#570823986418222080 nomove
CARD 4
Jibs_PC#570823986418222080 placearmies 10 1
Jibs_PC#570823986418222080 placearmies 10 1
Jibs_PC#570823986418222080 placearmies 10 1
Jibs_PC#570823986418222080 placearmies 10 1
Jibs_PC#570823986418222080 placearmies 10 1
Jibs_PC#570823986418222080 attack 10 5
Jibs_PC#570823986418222080 roll 3
Jibs_PC#570823986418222080 roll 2
DICE 3 2 2 1 0 3 1 
Jibs_PC#570823986418222080 roll 3
Jibs_PC#570823986418222080 roll 2
DICE 3 2 4 3 2 3 3 
Jibs_PC#570823986418222080 roll 3
Jibs_PC#570823986418222080 roll 2
DICE 3 2 3 2 0 5 2 
Jibs_PC#570823986418222080 roll 3
Jibs_PC#570823986418222080 roll 2
DICE 3 2 3 2 1 3 0 
Jibs_PC#570823986418222080 retreat
Jibs_PC#570823986418222080 attack 24 22
Jibs_PC#570823986418222080 roll 3
Jibs_PC#570823986418222080 roll 1
DICE 3 1 5 2 1 0 
Jibs_PC#570823986418222080 move 3
Jibs_PC#570823986418222080 endattack
Jibs_PC#570823986418222080 nomove
CARD 16
Jibs_PC#570823986418222080 placearmies 14 1
Jibs_PC#570823986418222080 placearmies 14 1
Jibs_PC#570823986418222080 placearmies 14 1
Jibs_PC#570823986418222080 attack 14 15
Jibs_PC#570823986418222080 roll 3
Jibs_PC#570823986418222080 roll 1
DICE 3 1 2 2 1 4 
Jibs_PC#570823986418222080 roll 2
Jibs_PC#570823986418222080 roll 1
DICE 2 1 1 0 3 
Jibs_PC#570823986418222080 roll 1
Jibs_PC#570823986418222080 roll 1
DICE 1 1 0 2 
Jibs_PC#570823986418222080 attack 31 16
Jibs_PC#570823986418222080 roll 3
Jibs_PC#570823986418222080 roll 1
DICE 3 1 3 3 0 4 
Jibs_PC#570823986418222080 roll 2
Jibs_PC#570823986418222080 roll 1
DICE 2 1 5 4 3 
Jibs_PC#570823986418222080 attack 16 15
Jibs_PC#570823986418222080 roll 1
Jibs_PC#570823986418222080 roll 1
DICE 1 1 0 1 
Jibs_PC#570823986418222080 endattack
Jibs_PC#570823986418222080 nomove
CARD 37
Jibs_PC#570823986418222080 placearmies 32 1
Jibs_PC#570823986418222080 placearmies 32 1
Jibs_PC#570823986418222080 placearmies 5 1
Jibs_PC#570823986418222080 placearmies 5 1
Jibs_PC#570823986418222080 placearmies 30 1
Jibs_PC#570823986418222080 placearmies 28 1
Jibs_PC#570823986418222080 placearmies 32 1
Jibs_PC#570823986418222080 placearmies 5 1
Jibs_PC#570823986418222080 placearmies 30 1
Jibs_PC#570823986418222080 attack 30 16
Jibs_PC#570823986418222080 roll 2
Jibs_PC#570823986418222080 roll 1
DICE 2 1 4 0 4 
Jibs_PC#570823986418222080 roll 1
Jibs_PC#570823986418222080 roll 1
DICE 1 1 0 5 
Jibs_PC#570823986418222080 attack 28 16
Jibs_PC#570823986418222080 roll 1
Jibs_PC#570823986418222080 roll 1
DICE 1 1 5 2 
Jibs_PC#570823986418222080 attack 32 31
Jibs_PC#570823986418222080 roll 3
Jibs_PC#570823986418222080 roll 1
DICE 3 1 2 1 1 3 
Jibs_PC#570823986418222080 roll 2
Jibs_PC#570823986418222080 roll 1
DICE 2 1 4 0 1 
Jibs_PC#570823986418222080 endattack
Jibs_PC#570823986418222080 nomove
CARD 41
Jibs_PC#570823986418222080 placearmies 10 1
Jibs_PC#570823986418222080 placearmies 24 1
Jibs_PC#570823986418222080 placearmies 24 1
Jibs_PC#570823986418222080 placearmies 24 1
Jibs_PC#570823986418222080 placearmies 24 1
Jibs_PC#570823986418222080 endattack
Jibs_PC#570823986418222080 nomove
CARD 
Jibs_PC#570823986418222080 placearmies 14 1
Jibs_PC#570823986418222080 placearmies 14 1
Jibs_PC#570823986418222080 placearmies 14 1
Jibs_PC#570823986418222080 attack 14 15
Jibs_PC#570823986418222080 roll 3
Jibs_PC#570823986418222080 roll 1
DICE 3 1 5 4 0 4 
Jibs_PC#570823986418222080 attack 15 16
Jibs_PC#570823986418222080 roll 2
Jibs_PC#570823986418222080 roll 1
DICE 2 1 5 0 2 
Jibs_PC#570823986418222080 attack 16 28
Jibs_PC#570823986418222080 roll 1
Jibs_PC#570823986418222080 roll 1
DICE 1 1 2 4 
Jibs_PC#570823986418222080 attack 21 22
Jibs_PC#570823986418222080 roll 3
Jibs_PC#570823986418222080 roll 2
DICE 3 2 3 2 1 4 2 
Jibs_PC#570823986418222080 roll 3
Jibs_PC#570823986418222080 roll 2
DICE 3 2 3 2 0 2 0 
Jibs_PC#570823986418222080 roll 3
Jibs_PC#570823986418222080 roll 1
DICE 3 1 4 2 2 1 
Jibs_PC#570823986418222080 move all
Jibs_PC#570823986418222080 attack 22 31
Jibs_PC#570823986418222080 roll 3
Jibs_PC#570823986418222080 roll 2
DICE 3 2 5 0 0 3 0 
Jibs_PC#570823986418222080 roll 3
Jibs_PC#570823986418222080 roll 1
DICE 3 1 1 0 0 1 
Jibs_PC#570823986418222080 roll 3
Jibs_PC#570823986418222080 roll 1
DICE 3 1 3 2 1 4 
Jibs_PC#570823986418222080 roll 3
Jibs_PC#570823986418222080 roll 1
DICE 3 1 5 3 0 3 
Jibs_PC#570823986418222080 move all
Jibs_PC#570823986418222080 endattack
Jibs_PC#570823986418222080 movearmies 31 20 4
CARD 24
Jibs_PC#570823986418222080 trade 5 4 41
Jibs_PC#570823986418222080 placearmies 5 1
Jibs_PC#570823986418222080 placearmies 5 1
Jibs_PC#570823986418222080 placearmies 5 1
Jibs_PC#570823986418222080 placearmies 5 1
Jibs_PC#570823986418222080 placearmies 5 1
Jibs_PC#570823986418222080 placearmies 5 1
Jibs_PC#570823986418222080 placearmies 5 1
Jibs_PC#570823986418222080 placearmies 32 1
Jibs_PC#570823986418222080 placearmies 32 1
Jibs_PC#570823986418222080 placearmies 30 1
Jibs_PC#570823986418222080 placearmies 30 1
Jibs_PC#570823986418222080 placearmies 28 1
Jibs_PC#570823986418222080 placearmies 28 1
Jibs_PC#570823986418222080 placearmies 32 1
Jibs_PC#570823986418222080 placearmies 5 1
Jibs_PC#570823986418222080 placearmies 5 1
Jibs_PC#570823986418222080 placearmies 5 1
Jibs_PC#570823986418222080 placearmies 5 1
Jibs_PC#570823986418222080 placearmies 5 1
Jibs_PC#570823986418222080 attack 5 10
Jibs_PC#570823986418222080 roll 3
Jibs_PC#570823986418222080 roll 2
DICE 3 2 3 2 2 5 5 
Jibs_PC#570823986418222080 roll 3
Jibs_PC#570823986418222080 roll 2
DICE 3 2 5 5 2 2 1 
Jibs_PC#570823986418222080 roll 3
Jibs_PC#570823986418222080 roll 2
DICE 3 2 5 4 0 4 1 
Jibs_PC#570823986418222080 roll 3
Jibs_PC#570823986418222080 roll 1
DICE 3 1 5 5 1 3 
Jibs_PC#570823986418222080 move all
Jibs_PC#570823986418222080 attack 32 31
Jibs_PC#570823986418222080 roll 3
Jibs_PC#570823986418222080 roll 1
DICE 3 1 5 1 0 2 
Jibs_PC#570823986418222080 attack 30 16
Jibs_PC#570823986418222080 roll 2
Jibs_PC#570823986418222080 roll 1
DICE 2 1 4 0 5 
Jibs_PC#570823986418222080 roll 1
Jibs_PC#570823986418222080 roll 1
DICE 1 1 5 4 
Jibs_PC#570823986418222080 endattack
Jibs_PC#570823986418222080 movearmies 28 16 2
CARD 31
Jibs_PC#570823986418222080 placearmies 23 1
Jibs_PC#570823986418222080 placearmies 23 1
Jibs_PC#570823986418222080 placearmies 23 1
Jibs_PC#570823986418222080 attack 23 21
Jibs_PC#570823986418222080 roll 3
Jibs_PC#570823986418222080 roll 1
DICE 3 1 5 4 0 3 
Jibs_PC#570823986418222080 move all
Jibs_PC#570823986418222080 attack 24 22
Jibs_PC#570823986418222080 roll 3
Jibs_PC#570823986418222080 roll 1
DICE 3 1 5 3 2 1 
Jibs_PC#570823986418222080 move all
Jibs_PC#570823986418222080 endattack
Jibs_PC#570823986418222080 nomove
CARD 1
Jibs_PC#570823986418222080 placearmies 20 1
Jibs_PC#570823986418222080 placearmies 20 1
Jibs_PC#570823986418222080 placearmies 20 1
Jibs_PC#570823986418222080 attack 20 16
Jibs_PC#570823986418222080 roll 3
Jibs_PC#570823986418222080 roll 2
DICE 3 2 4 3 2 4 2 
Jibs_PC#570823986418222080 roll 3
Jibs_PC#570823986418222080 roll 2
DICE 3 2 5 2 0 5 3 
Jibs_PC#570823986418222080 roll 3
Jibs_PC#570823986418222080 roll 2
DICE 3 2 3 2 0 3 0 
Jibs_PC#570823986418222080 roll 3
Jibs_PC#570823986418222080 roll 1
DICE 3 1 5 4 0 4 
Jibs_PC#570823986418222080 attack 16 28
Jibs_PC#570823986418222080 roll 2
Jibs_PC#570823986418222080 roll 1
DICE 2 1 3 0 3 
Jibs_PC#570823986418222080 roll 1
Jibs_PC#570823986418222080 roll 1
DICE 1 1 3 1 
Jibs_PC#570823986418222080 endattack
Jibs_PC#570823986418222080 nomove
CARD wildcard
Jibs_PC#570823986418222080 placearmies 31 1
Jibs_PC#570823986418222080 placearmies 31 1
Jibs_PC#570823986418222080 placearmies 31 1
Jibs_PC#570823986418222080 placearmies 31 1
Jibs_PC#570823986418222080 placearmies 27 1
Jibs_PC#570823986418222080 placearmies 27 1
Jibs_PC#570823986418222080 placearmies 27 1
Jibs_PC#570823986418222080 placearmies 10 1
Jibs_PC#570823986418222080 placearmies 27 1
Jibs_PC#570823986418222080 attack 27 28
Jibs_PC#570823986418222080 roll 3
Jibs_PC#570823986418222080 roll 1
DICE 3 1 5 2 0 4 
Jibs_PC#570823986418222080 move all
Jibs_PC#570823986418222080 attack 28 16
Jibs_PC#570823986418222080 roll 3
Jibs_PC#570823986418222080 roll 1
DICE 3 1 5 3 1 1 
Jibs_PC#570823986418222080 endattack
Jibs_PC#570823986418222080 nomove
CARD 36
Jibs_PC#570823986418222080 placearmies 12 1
Jibs_PC#570823986418222080 placearmies 12 1
Jibs_PC#570823986418222080 placearmies 22 1
Jibs_PC#570823986418222080 placearmies 22 1
Jibs_PC#570823986418222080 placearmies 22 1
Jibs_PC#570823986418222080 placearmies 22 1
Jibs_PC#570823986418222080 attack 22 31
Jibs_PC#570823986418222080 roll 3
Jibs_PC#570823986418222080 roll 2
DICE 3 2 4 4 1 5 3 
Jibs_PC#570823986418222080 roll 3
Jibs_PC#570823986418222080 roll 2
DICE 3 2 5 4 0 1 0 
Jibs_PC#570823986418222080 roll 3
Jibs_PC#570823986418222080 roll 2
DICE 3 2 5 4 0 5 0 
Jibs_PC#570823986418222080 roll 3
Jibs_PC#570823986418222080 roll 2
DICE 3 2 5 2 1 3 0 
Jibs_PC#570823986418222080 roll 3
Jibs_PC#570823986418222080 roll 1
DICE 3 1 3 1 0 3 
Jibs_PC#570823986418222080 roll 3
Jibs_PC#570823986418222080 roll 1
DICE 3 1 3 2 2 2 
Jibs_PC#570823986418222080 move 3
Jibs_PC#570823986418222080 endattack
Jibs_PC#570823986418222080 nomove
CARD 17
Jibs_PC#570823986418222080 trade 19 12 wildcard
Jibs_PC#570823986418222080 placearmies 15 1
Jibs_PC#570823986418222080 placearmies 15 1
Jibs_PC#570823986418222080 placearmies 15 1
Jibs_PC#570823986418222080 placearmies 15 1
Jibs_PC#570823986418222080 placearmies 19 1
Jibs_PC#570823986418222080 placearmies 19 1
Jibs_PC#570823986418222080 placearmies 19 1
Jibs_PC#570823986418222080 placearmies 19 1
Jibs_PC#570823986418222080 placearmies 19 1
Jibs_PC#570823986418222080 placearmies 20 1
Jibs_PC#570823986418222080 placearmies 20 1
Jibs_PC#570823986418222080 placearmies 15 1
Jibs_PC#570823986418222080 placearmies 19 1
Jibs_PC#570823986418222080 attack 15 16
Jibs_PC#570823986418222080 roll 3
Jibs_PC#570823986418222080 roll 2
DICE 3 2 3 3 0 4 3 
Jibs_PC#570823986418222080 roll 3
Jibs_PC#570823986418222080 roll 2
DICE 3 2 3 1 0 5 3 
Jibs_PC#570823986418222080 roll 1
Jibs_PC#570823986418222080 roll 2
DICE 1 2 2 4 2 
Jibs_PC#570823986418222080 attack 19 21
Jibs_PC#570823986418222080 roll 3
Jibs_PC#570823986418222080 roll 2
DICE 3 2 5 4 3 0 0 
Jibs_PC#570823986418222080 roll 3
Jibs_PC#570823986418222080 roll 2
DICE 3 2 4 2 0 4 3 
Jibs_PC#570823986418222080 roll 3
Jibs_PC#570823986418222080 roll 2
DICE 3 2 5 2 0 4 1 
Jibs_PC#570823986418222080 move 5
Jibs_PC#570823986418222080 endattack
Jibs_PC#570823986418222080 nomove
CARD 28
Jibs_PC#570823986418222080 placearmies 10 1
Jibs_PC#570823986418222080 placearmies 10 1
Jibs_PC#570823986418222080 placearmies 10 1
Jibs_PC#570823986418222080 placearmies 10 1
Jibs_PC#570823986418222080 placearmies 10 1
Jibs_PC#570823986418222080 placearmies 32 1
Jibs_PC#570823986418222080 placearmies 32 1
Jibs_PC#570823986418222080 placearmies 32 1
Jibs_PC#570823986418222080 placearmies 32 1
Jibs_PC#570823986418222080 attack 32 31
Jibs_PC#570823986418222080 roll 3
Jibs_PC#570823986418222080 roll 2
DICE 3 2 4 2 1 4 1 
Jibs_PC#570823986418222080 roll 3
Jibs_PC#570823986418222080 roll 2
DICE 3 2 5 1 0 5 1 
Jibs_PC#570823986418222080 roll 1
Jibs_PC#570823986418222080 roll 2
DICE 1 2 0 3 2 
Jibs_PC#570823986418222080 attack 16 31
Jibs_PC#570823986418222080 roll 2
Jibs_PC#570823986418222080 roll 2
DICE 2 2 3 3 2 0 
Jibs_PC#570823986418222080 attack 10 12
Jibs_PC#570823986418222080 roll 3
Jibs_PC#570823986418222080 roll 2
DICE 3 2 4 2 1 5 2 
Jibs_PC#570823986418222080 roll 3
Jibs_PC#570823986418222080 roll 2
DICE 3 2 4 3 1 3 2 
Jibs_PC#570823986418222080 roll 3
Jibs_PC#570823986418222080 roll 2
DICE 3 2 5 1 0 5 1 
Jibs_PC#570823986418222080 roll 3
Jibs_PC#570823986418222080 roll 2
DICE 3 2 5 0 0 2 0 
Jibs_PC#570823986418222080 roll 3
Jibs_PC#570823986418222080 roll 2
DICE 3 2 5 3 2 4 1 
Jibs_PC#570823986418222080 roll 3
Jibs_PC#570823986418222080 roll 2
DICE 3 2 5 5 3 5 2 
Jibs_PC#570823986418222080 roll 3
Jibs_PC#570823986418222080 roll 2
DICE 3 2 5 2 2 4 2 
Jibs_PC#570823986418222080 roll 3
Jibs_PC#570823986418222080 roll 2
DICE 3 2 2 0 0 4 1 
Jibs_PC#570823986418222080 roll 3
Jibs_PC#570823986418222080 roll 2
DICE 3 2 2 1 1 4 2 
Jibs_PC#570823986418222080 roll 3
Jibs_PC#570823986418222080 roll 2
DICE 3 2 5 3 0 2 2 
Jibs_PC#570823986418222080 roll 3
Jibs_PC#570823986418222080 roll 2
DICE 3 2 4 4 1 4 3 
Jibs_PC#570823986418222080 roll 3
Jibs_PC#570823986418222080 roll 2
DICE 3 2 5 4 0 3 3 
Jibs_PC#570823986418222080 roll 3
Jibs_PC#570823986418222080 roll 2
DICE 3 2 2 1 1 4 3 
Jibs_PC#570823986418222080 roll 3
Jibs_PC#570823986418222080 roll 2
DICE 3 2 3 0 0 2 0 
Jibs_PC#570823986418222080 roll 3
Jibs_PC#570823986418222080 roll 1
DICE 3 1 5 2 1 5 
Jibs_PC#570823986418222080 roll 3
Jibs_PC#570823986418222080 roll 1
DICE 3 1 5 4 2 1 
Jibs_PC#570823986418222080 move all
Jibs_PC#570823986418222080 attack 12 11
Jibs_PC#570823986418222080 roll 3
Jibs_PC#570823986418222080 roll 1
DICE 3 1 4 2 0 1 
Jibs_PC#570823986418222080 move all
Jibs_PC#570823986418222080 attack 11 13
Jibs_PC#570823986418222080 roll 3
Jibs_PC#570823986418222080 roll 1
DICE 3 1 4 3 1 4 
Jibs_PC#570823986418222080 roll 3
Jibs_PC#570823986418222080 roll 1
DICE 3 1 5 4 0 5 
Jibs_PC#570823986418222080 roll 2
Jibs_PC#570823986418222080 roll 1
DICE 2 1 5 0 0 
