Jibs_PC#6857703031193891840 newplayer ai hard green s0914007
Jibs_PC#6857703031193891840 newplayer ai hard blue bob
Jibs_PC#6857703031193891840 newplayer ai hard red fred
Jibs_PC#6857703031193891840 newplayer ai hard cyan ted
Jibs_PC#6857703031193891840 newplayer ai hard magenta yura
Jibs_PC#6857703031193891840 newplayer ai hard yellow lala
Jibs_PC#6857703031193891840 startgame mission fixed autoplaceall recycle
PLAYER bob
MISSION 5 4 2 2 0 0
PLACEALL 37 11 40 38 23 6 28 21 27 31 12 8 13 34 10 42 22 35 18 41 30 39 2 1 16 32 7 14 20 17 5 33 29 9 25 15 3 19 36 24 4 26
Jibs_PC#6857703031193891840 placearmies 28 1
CARD 
Jibs_PC#6857703031193891840 placearmies 41 1
CARD 
Jibs_PC#6857703031193891840 placearmies 10 1
CARD 
Jibs_PC#6857703031193891840 placearmies 42 1
CARD 
Jibs_PC#6857703031193891840 placearmies 12 1
CARD 
Jibs_PC#6857703031193891840 placearmies 8 1
CARD 
Jibs_PC#6857703031193891840 placearmies 13 1
CARD 
Jibs_PC#6857703031193891840 placearmies 41 1
CARD 
Jibs_PC#6857703031193891840 placearmies 10 1
CARD 
Jibs_PC#6857703031193891840 placearmies 42 1
CARD 
Jibs_PC#6857703031193891840 placearmies 12 1
CARD 
Jibs_PC#6857703031193891840 placearmies 8 1
CARD 
Jibs_PC#6857703031193891840 placearmies 28 1
CARD 
Jibs_PC#6857703031193891840 placearmies 41 1
CARD 
Jibs_PC#6857703031193891840 placearmies 10 1
CARD 
Jibs_PC#6857703031193891840 placearmies 42 1
CARD 
Jibs_PC#6857703031193891840 placearmies 12 1
CARD 
Jibs_PC#6857703031193891840 placearmies 8 1
CARD 
Jibs_PC#6857703031193891840 placearmies 28 1
CARD 
Jibs_PC#6857703031193891840 placearmies 41 1
CARD 
Jibs_PC#6857703031193891840 placearmies 10 1
CARD 
Jibs_PC#6857703031193891840 placearmies 42 1
CARD 
Jibs_PC#6857703031193891840 placearmies 12 1
CARD 
Jibs_PC#6857703031193891840 placearmies 8 1
CARD 
Jibs_PC#6857703031193891840 placearmies 28 1
CARD 
Jibs_PC#6857703031193891840 placearmies 41 1
CARD 
Jibs_PC#6857703031193891840 placearmies 10 1
CARD 
Jibs_PC#6857703031193891840 placearmies 42 1
CARD 
Jibs_PC#6857703031193891840 placearmies 12 1
CARD 
Jibs_PC#6857703031193891840 placearmies 8 1
CARD 
Jibs_PC#6857703031193891840 placearmies 28 1
CARD 
Jibs_PC#6857703031193891840 placearmies 41 1
CARD 
Jibs_PC#6857703031193891840 placearmies 10 1
CARD 
Jibs_PC#6857703031193891840 placearmies 42 1
CARD 
Jibs_PC#6857703031193891840 placearmies 12 1
CARD 
Jibs_PC#6857703031193891840 placearmies 8 1
CARD 
Jibs_PC#6857703031193891840 placearmies 28 1
CARD 
Jibs_PC#6857703031193891840 placearmies 41 1
CARD 
Jibs_PC#6857703031193891840 placearmies 10 1
CARD 
Jibs_PC#6857703031193891840 placearmies 24 1
CARD 
Jibs_PC#6857703031193891840 placearmies 12 1
CARD 
Jibs_PC#6857703031193891840 placearmies 8 1
CARD 
Jibs_PC#6857703031193891840 placearmies 28 1
CARD 
Jibs_PC#6857703031193891840 placearmies 21 1
CARD 
Jibs_PC#6857703031193891840 placearmies 10 1
CARD 
Jibs_PC#6857703031193891840 placearmies 38 1
CARD 
Jibs_PC#6857703031193891840 placearmies 12 1
CARD 
Jibs_PC#6857703031193891840 placearmies 8 1
CARD 
Jibs_PC#6857703031193891840 placearmies 28 1
CARD 
Jibs_PC#6857703031193891840 placearmies 21 1
CARD 
Jibs_PC#6857703031193891840 placearmies 10 1
CARD 
Jibs_PC#6857703031193891840 placearmies 38 1
CARD 
Jibs_PC#6857703031193891840 placearmies 12 1
CARD 
Jibs_PC#6857703031193891840 placearmies 8 1
CARD 
Jibs_PC#6857703031193891840 placearmies 28 1
CARD 
Jibs_PC#6857703031193891840 placearmies 21 1
CARD 
Jibs_PC#6857703031193891840 placearmies 10 1
CARD 
Jibs_PC#6857703031193891840 placearmies 38 1
CARD 
Jibs_PC#6857703031193891840 placearmies 12 1
CARD 
Jibs_PC#6857703031193891840 placearmies 8 1
CARD 
Jibs_PC#6857703031193891840 placearmies 28 1
CARD 
Jibs_PC#6857703031193891840 placearmies 21 1
CARD 
Jibs_PC#6857703031193891840 placearmies 10 1
CARD 
Jibs_PC#6857703031193891840 placearmies 38 1
CARD 
Jibs_PC#6857703031193891840 placearmies 12 1
CARD 
Jibs_PC#6857703031193891840 placearmies 8 1
CARD 
Jibs_PC#6857703031193891840 placearmies 28 1
CARD 
Jibs_PC#6857703031193891840 placearmies 41 1
CARD 
Jibs_PC#6857703031193891840 placearmies 10 1
CARD 
Jibs_PC#6857703031193891840 placearmies 38 1
CARD 
Jibs_PC#6857703031193891840 placearmies 12 1
CARD 
Jibs_PC#6857703031193891840 placearmies 8 1
CARD 
Jibs_PC#6857703031193891840 placearmies 28 1
CARD 
Jibs_PC#6857703031193891840 placearmies 41 1
CARD 
Jibs_PC#6857703031193891840 placearmies 10 1
CARD 
Jibs_PC#6857703031193891840 placearmies 38 1
CARD 
Jibs_PC#6857703031193891840 placearmies 12 1
CARD 
Jibs_PC#6857703031193891840 placearmies 8 1
CARD 
Jibs_PC#6857703031193891840 placearmies 28 3
Jibs_PC#6857703031193891840 attack 28 27
Jibs_PC#6857703031193891840 roll 3
Jibs_PC#6857703031193891840 roll 1
DICE 3 1 3 2 0 4 
Jibs_PC#6857703031193891840 roll 3
Jibs_PC#6857703031193891840 roll 1
DICE 3 1 5 4 2 0 
Jibs_PC#6857703031193891840 move 14
Jibs_PC#6857703031193891840 attack 27 29
Jibs_PC#6857703031193891840 roll 3
Jibs_PC#6857703031193891840 roll 1
DICE 3 1 5 3 1 0 
Jibs_PC#6857703031193891840 move 13
Jibs_PC#6857703031193891840 attack 29 30
Jibs_PC#6857703031193891840 roll 3
Jibs_PC#6857703031193891840 roll 1
DICE 3 1 5 4 1 2 
Jibs_PC#6857703031193891840 move 12
Jibs_PC#6857703031193891840 attack 30 31
Jibs_PC#6857703031193891840 roll 3
Jibs_PC#6857703031193891840 roll 1
DICE 3 1 5 3 3 5 
Jibs_PC#6857703031193891840 roll 3
Jibs_PC#6857703031193891840 roll 1
DICE 3 1 4 0 0 0 
Jibs_PC#6857703031193891840 move 10
Jibs_PC#6857703031193891840 attack 31 32
Jibs_PC#6857703031193891840 roll 3
Jibs_PC#6857703031193891840 roll 1
DICE 3 1 2 0 0 2 
Jibs_PC#6857703031193891840 roll 3
Jibs_PC#6857703031193891840 roll 1
DICE 3 1 5 3 2 3 
Jibs_PC#6857703031193891840 move 8
Jibs_PC#6857703031193891840 attack 32 33
Jibs_PC#6857703031193891840 roll 3
Jibs_PC#6857703031193891840 roll 1
DICE 3 1 3 3 1 3 
Jibs_PC#6857703031193891840 roll 3
Jibs_PC#6857703031193891840 roll 1
DICE 3 1 4 1 0 2 
Jibs_PC#6857703031193891840 move 6
Jibs_PC#6857703031193891840 endattack
Jibs_PC#6857703031193891840 nomove
CARD 33
Jibs_PC#6857703031193891840 placearmies 21 3
Jibs_PC#6857703031193891840 attack 41 42
Jibs_PC#6857703031193891840 roll 3
Jibs_PC#6857703031193891840 roll 2
DICE 3 2 5 3 1 5 0 
Jibs_PC#6857703031193891840 roll 3
Jibs_PC#6857703031193891840 roll 2
DICE 3 2 2 1 0 1 0 
Jibs_PC#6857703031193891840 roll 3
Jibs_PC#6857703031193891840 roll 2
DICE 3 2 4 3 3 5 0 
Jibs_PC#6857703031193891840 roll 3
Jibs_PC#6857703031193891840 roll 2
DICE 3 2 4 3 1 5 2 
Jibs_PC#6857703031193891840 roll 3
Jibs_PC#6857703031193891840 roll 2
DICE 3 2 3 3 1 4 2 
Jibs_PC#6857703031193891840 retreat
Jibs_PC#6857703031193891840 attack 41 39
Jibs_PC#6857703031193891840 roll 3
Jibs_PC#6857703031193891840 roll 1
DICE 3 1 2 1 0 2 
Jibs_PC#6857703031193891840 roll 3
Jibs_PC#6857703031193891840 roll 1
DICE 3 1 5 0 0 5 
Jibs_PC#6857703031193891840 roll 3
Jibs_PC#6857703031193891840 roll 1
DICE 3 1 4 2 0 0 
Jibs_PC#6857703031193891840 endattack
Jibs_PC#6857703031193891840 nomove
CARD 9
Jibs_PC#6857703031193891840 placearmies 10 3
Jibs_PC#6857703031193891840 attack 10 12
Jibs_PC#6857703031193891840 roll 3
Jibs_PC#6857703031193891840 roll 2
DICE 3 2 5 2 1 4 2 
Jibs_PC#6857703031193891840 roll 3
Jibs_PC#6857703031193891840 roll 2
DICE 3 2 5 4 3 5 4 
Jibs_PC#6857703031193891840 roll 3
Jibs_PC#6857703031193891840 roll 2
DICE 3 2 4 3 1 3 1 
Jibs_PC#6857703031193891840 roll 3
Jibs_PC#6857703031193891840 roll 2
DICE 3 2 3 3 1 5 4 
Jibs_PC#6857703031193891840 roll 3
Jibs_PC#6857703031193891840 roll 2
DICE 3 2 4 0 0 3 2 
Jibs_PC#6857703031193891840 roll 3
Jibs_PC#6857703031193891840 roll 2
DICE 3 2 3 3 1 3 3 
Jibs_PC#6857703031193891840 roll 3
Jibs_PC#6857703031193891840 roll 2
DICE 3 2 4 2 0 2 1 
Jibs_PC#6857703031193891840 roll 3
Jibs_PC#6857703031193891840 roll 2
DICE 3 2 5 5 2 3 2 
Jibs_PC#6857703031193891840 roll 3
Jibs_PC#6857703031193891840 roll 2
DICE 3 2 5 3 0 5 4 
Jibs_PC#6857703031193891840 roll 3
Jibs_PC#6857703031193891840 roll 2
DICE 3 2 5 2 1 3 2 
Jibs_PC#6857703031193891840 roll 3
Jibs_PC#6857703031193891840 roll 2
DICE 3 2 5 3 2 4 2 
Jibs_PC#6857703031193891840 roll 3
Jibs_PC#6857703031193891840 roll 2
DICE 3 2 5 5 0 5 2 
Jibs_PC#6857703031193891840 roll 3
Jibs_PC#6857703031193891840 roll 2
DICE 3 2 2 1 0 4 3 
Jibs_PC#6857703031193891840 retreat
Jibs_PC#6857703031193891840 attack 10 11
Jibs_PC#6857703031193891840 roll 2
Jibs_PC#6857703031193891840 roll 1
DICE 2 1 5 2 0 
Jibs_PC#6857703031193891840 endattack
Jibs_PC#6857703031193891840 nomove
CARD 10
Jibs_PC#6857703031193891840 placearmies 42 3
Jibs_PC#6857703031193891840 attack 42 40
Jibs_PC#6857703031193891840 roll 3
Jibs_PC#6857703031193891840 roll 1
DICE 3 1 3 2 0 1 
Jibs_PC#6857703031193891840 endattack
Jibs_PC#6857703031193891840 nomove
CARD 42
Jibs_PC#6857703031193891840 placearmies 12 2
Jibs_PC#6857703031193891840 placearmies 12 1
Jibs_PC#6857703031193891840 attack 12 11
Jibs_PC#6857703031193891840 roll 3
Jibs_PC#6857703031193891840 roll 2
DICE 3 2 5 3 1 4 2 
Jibs_PC#6857703031193891840 move 4
Jibs_PC#6857703031193891840 endattack
Jibs_PC#6857703031193891840 nomove
CARD 2
Jibs_PC#6857703031193891840 placearmies 8 3
Jibs_PC#6857703031193891840 attack 8 9
Jibs_PC#6857703031193891840 roll 3
Jibs_PC#6857703031193891840 roll 1
DICE 3 1 3 2 0 4 
Jibs_PC#6857703031193891840 roll 3
Jibs_PC#6857703031193891840 roll 1
DICE 3 1 5 3 0 4 
Jibs_PC#6857703031193891840 move 15
Jibs_PC#6857703031193891840 attack 9 7
Jibs_PC#6857703031193891840 roll 3
Jibs_PC#6857703031193891840 roll 1
DICE 3 1 1 0 0 5 
Jibs_PC#6857703031193891840 roll 3
Jibs_PC#6857703031193891840 roll 1
DICE 3 1 4 0 0 4 
Jibs_PC#6857703031193891840 retreat
Jibs_PC#6857703031193891840 attack 9 4
Jibs_PC#6857703031193891840 roll 3
Jibs_PC#6857703031193891840 roll 1
DICE 3 1 5 3 3 2 
Jibs_PC#6857703031193891840 move 12
Jibs_PC#6857703031193891840 attack 4 3
Jibs_PC#6857703031193891840 roll 3
Jibs_PC#6857703031193891840 roll 1
DICE 3 1 5 2 1 4 
Jibs_PC#6857703031193891840 move 9
Jibs_PC#6857703031193891840 attack 4 5
Jibs_PC#6857703031193891840 roll 2
Jibs_PC#6857703031193891840 roll 1
DICE 2 1 4 3 1 
Jibs_PC#6857703031193891840 attack 3 7
Jibs_PC#6857703031193891840 roll 3
Jibs_PC#6857703031193891840 roll 1
DICE 3 1 2 1 1 2 
Jibs_PC#6857703031193891840 roll 3
Jibs_PC#6857703031193891840 roll 1
DICE 3 1 5 4 4 5 
Jibs_PC#6857703031193891840 roll 3
Jibs_PC#6857703031193891840 roll 1
DICE 3 1 5 5 0 0 
Jibs_PC#6857703031193891840 move 5
Jibs_PC#6857703031193891840 attack 7 2
Jibs_PC#6857703031193891840 roll 3
Jibs_PC#6857703031193891840 roll 1
DICE 3 1 5 5 1 4 
Jibs_PC#6857703031193891840 move 3
Jibs_PC#6857703031193891840 endattack
Jibs_PC#6857703031193891840 movearmies 2 6 2
CARD 8
Jibs_PC#6857703031193891840 placearmies 37 3
Jibs_PC#6857703031193891840 attack 33 39
Jibs_PC#6857703031193891840 roll 3
Jibs_PC#6857703031193891840 roll 2
DICE 3 2 5 5 5 3 1 
Jibs_PC#6857703031193891840 roll 3
Jibs_PC#6857703031193891840 roll 1
DICE 3 1 3 2 2 5 
Jibs_PC#6857703031193891840 roll 3
Jibs_PC#6857703031193891840 roll 1
DICE 3 1 5 1 0 2 
Jibs_PC#6857703031193891840 move 4
Jibs_PC#6857703031193891840 endattack
Jibs_PC#6857703031193891840 nomove
CARD 25
Jibs_PC#6857703031193891840 placearmies 41 3
Jibs_PC#6857703031193891840 attack 21 12
Jibs_PC#6857703031193891840 roll 3
Jibs_PC#6857703031193891840 roll 1
DICE 3 1 5 1 1 3 
Jibs_PC#6857703031193891840 move 7
Jibs_PC#6857703031193891840 attack 12 10
Jibs_PC#6857703031193891840 roll 3
Jibs_PC#6857703031193891840 roll 1
DICE 3 1 4 2 1 0 
Jibs_PC#6857703031193891840 move 6
Jibs_PC#6857703031193891840 attack 10 5
Jibs_PC#6857703031193891840 roll 3
Jibs_PC#6857703031193891840 roll 2
DICE 3 2 5 1 1 5 2 
Jibs_PC#6857703031193891840 roll 3
Jibs_PC#6857703031193891840 roll 2
DICE 3 2 5 4 3 5 0 
Jibs_PC#6857703031193891840 roll 2
Jibs_PC#6857703031193891840 roll 1
DICE 2 1 5 0 0 
Jibs_PC#6857703031193891840 endattack
Jibs_PC#6857703031193891840 nomove
CARD 20
Jibs_PC#6857703031193891840 placearmies 36 3
Jibs_PC#6857703031193891840 attack 36 35
Jibs_PC#6857703031193891840 roll 3
Jibs_PC#6857703031193891840 roll 1
DICE 3 1 3 2 0 5 
Jibs_PC#6857703031193891840 roll 2
Jibs_PC#6857703031193891840 roll 1
DICE 2 1 4 2 0 
Jibs_PC#6857703031193891840 endattack
Jibs_PC#6857703031193891840 nomove
CARD 23
Jibs_PC#6857703031193891840 placearmies 38 2
Jibs_PC#6857703031193891840 placearmies 38 1
Jibs_PC#6857703031193891840 attack 38 36
Jibs_PC#6857703031193891840 roll 3
Jibs_PC#6857703031193891840 roll 1
DICE 3 1 5 3 2 5 
Jibs_PC#6857703031193891840 roll 3
Jibs_PC#6857703031193891840 roll 1
DICE 3 1 3 2 1 4 
Jibs_PC#6857703031193891840 retreat
Jibs_PC#6857703031193891840 attack 38 37
Jibs_PC#6857703031193891840 roll 3
Jibs_PC#6857703031193891840 roll 2
DICE 3 2 5 4 1 3 0 
Jibs_PC#6857703031193891840 roll 3
Jibs_PC#6857703031193891840 roll 2
DICE 3 2 5 1 0 3 0 
Jibs_PC#6857703031193891840 move 7
Jibs_PC#6857703031193891840 attack 37 36
Jibs_PC#6857703031193891840 roll 3
Jibs_PC#6857703031193891840 roll 1
DICE 3 1 5 4 3 2 
Jibs_PC#6857703031193891840 move 6
Jibs_PC#6857703031193891840 attack 36 35
Jibs_PC#6857703031193891840 roll 3
Jibs_PC#6857703031193891840 roll 2
DICE 3 2 3 3 2 3 3 
Jibs_PC#6857703031193891840 roll 3
Jibs_PC#6857703031193891840 roll 2
DICE 3 2 2 2 0 5 4 
Jibs_PC#6857703031193891840 retreat
Jibs_PC#6857703031193891840 endattack
Jibs_PC#6857703031193891840 nomove
CARD 31
Jibs_PC#6857703031193891840 placearmies 11 3
Jibs_PC#6857703031193891840 attack 11 10
Jibs_PC#6857703031193891840 roll 3
Jibs_PC#6857703031193891840 roll 1
DICE 3 1 5 2 2 2 
Jibs_PC#6857703031193891840 move 6
Jibs_PC#6857703031193891840 attack 10 12
Jibs_PC#6857703031193891840 roll 3
Jibs_PC#6857703031193891840 roll 1
DICE 3 1 3 0 0 5 
Jibs_PC#6857703031193891840 roll 3
Jibs_PC#6857703031193891840 roll 1
DICE 3 1 3 2 2 2 
Jibs_PC#6857703031193891840 move 4
Jibs_PC#6857703031193891840 attack 12 13
Jibs_PC#6857703031193891840 roll 3
Jibs_PC#6857703031193891840 roll 2
DICE 3 2 4 2 0 4 4 
Jibs_PC#6857703031193891840 retreat
Jibs_PC#6857703031193891840 endattack
Jibs_PC#6857703031193891840 nomove
CARD 13
Jibs_PC#6857703031193891840 placearmies 6 2
Jibs_PC#6857703031193891840 placearmies 4 1
Jibs_PC#6857703031193891840 attack 6 14
Jibs_PC#6857703031193891840 roll 3
Jibs_PC#6857703031193891840 roll 1
DICE 3 1 4 3 3 5 
Jibs_PC#6857703031193891840 roll 3
Jibs_PC#6857703031193891840 roll 1
DICE 3 1 5 2 0 1 
Jibs_PC#6857703031193891840 endattack
Jibs_PC#6857703031193891840 movearmies 3 4 1
CARD 21
Jibs_PC#6857703031193891840 placearmies 39 3
Jibs_PC#6857703031193891840 attack 39 40
Jibs_PC#6857703031193891840 roll 3
Jibs_PC#6857703031193891840 roll 2
DICE 3 2 5 5 0 2 1 
Jibs_PC#6857703031193891840 roll 3
Jibs_PC#6857703031193891840 roll 1
DICE 3 1 5 3 1 4 
Jibs_PC#6857703031193891840 move 6
Jibs_PC#6857703031193891840 attack 40 42
Jibs_PC#6857703031193891840 roll 3
Jibs_PC#6857703031193891840 roll 1
DICE 3 1 4 3 1 5 
Jibs_PC#6857703031193891840 roll 3
Jibs_PC#6857703031193891840 roll 1
DICE 3 1 5 5 1 3 
Jibs_PC#6857703031193891840 move 4
Jibs_PC#6857703031193891840 endattack
Jibs_PC#6857703031193891840 nomove
CARD 34
Jibs_PC#6857703031193891840 placearmies 41 3
Jibs_PC#6857703031193891840 attack 41 42
Jibs_PC#6857703031193891840 roll 3
Jibs_PC#6857703031193891840 roll 2
DICE 3 2 5 5 4 5 2 
Jibs_PC#6857703031193891840 roll 3
Jibs_PC#6857703031193891840 roll 2
DICE 3 2 5 5 1 3 3 
Jibs_PC#6857703031193891840 roll 3
Jibs_PC#6857703031193891840 roll 1
DICE 3 1 3 0 0 1 
Jibs_PC#6857703031193891840 move 5
Jibs_PC#6857703031193891840 attack 42 40
Jibs_PC#6857703031193891840 roll 3
Jibs_PC#6857703031193891840 roll 1
DICE 3 1 5 0 0 1 
Jibs_PC#6857703031193891840 move 4
Jibs_PC#6857703031193891840 attack 40 39
Jibs_PC#6857703031193891840 roll 3
Jibs_PC#6857703031193891840 roll 1
DICE 3 1 4 2 1 2 
Jibs_PC#6857703031193891840 endattack
Jibs_PC#6857703031193891840 nomove
CARD 19
Jibs_PC#6857703031193891840 placearmies 35 2
Jibs_PC#6857703031193891840 placearmies 35 1
Jibs_PC#6857703031193891840 attack 35 38
Jibs_PC#6857703031193891840 roll 3
Jibs_PC#6857703031193891840 roll 1
DICE 3 1 3 3 0 2 
Jibs_PC#6857703031193891840 move 4
Jibs_PC#6857703031193891840 endattack
Jibs_PC#6857703031193891840 nomove
CARD 1
Jibs_PC#6857703031193891840 placearmies 24 2
Jibs_PC#6857703031193891840 placearmies 24 1
Jibs_PC#6857703031193891840 attack 24 21
Jibs_PC#6857703031193891840 roll 3
Jibs_PC#6857703031193891840 roll 1
DICE 3 1 5 5 0 3 
Jibs_PC#6857703031193891840 move 4
Jibs_PC#6857703031193891840 attack 21 22
Jibs_PC#6857703031193891840 roll 3
Jibs_PC#6857703031193891840 roll 1
DICE 3 1 5 4 2 2 
Jibs_PC#6857703031193891840 endattack
Jibs_PC#6857703031193891840 nomove
CARD 29
Jibs_PC#6857703031193891840 placearmies 12 2
Jibs_PC#6857703031193891840 placearmies 12 1
Jibs_PC#6857703031193891840 attack 12 13
Jibs_PC#6857703031193891840 roll 3
Jibs_PC#6857703031193891840 roll 2
DICE 3 2 5 4 1 5 0 
Jibs_PC#6857703031193891840 roll 3
Jibs_PC#6857703031193891840 roll 1
DICE 3 1 5 4 3 4 
Jibs_PC#6857703031193891840 endattack
Jibs_PC#6857703031193891840 movearmies 13 12 2
CARD 30
Jibs_PC#6857703031193891840 placearmies 4 3
Jibs_PC#6857703031193891840 placearmies 17 1
Jibs_PC#6857703031193891840 attack 4 5
Jibs_PC#6857703031193891840 roll 3
Jibs_PC#6857703031193891840 roll 2
DICE 3 2 5 2 1 4 0 
Jibs_PC#6857703031193891840 move 5
Jibs_PC#6857703031193891840 attack 5 10
Jibs_PC#6857703031193891840 roll 3
Jibs_PC#6857703031193891840 roll 1
DICE 3 1 3 0 0 4 
Jibs_PC#6857703031193891840 roll 3
Jibs_PC#6857703031193891840 roll 1
DICE 3 1 1 0 0 3 
Jibs_PC#6857703031193891840 roll 2
Jibs_PC#6857703031193891840 roll 1
DICE 2 1 4 1 5 
Jibs_PC#6857703031193891840 retreat
Jibs_PC#6857703031193891840 endattack
Jibs_PC#6857703031193891840 movearmies 14 17 2
CARD 12
Jibs_PC#6857703031193891840 placearmies 27 3
Jibs_PC#6857703031193891840 attack 27 34
Jibs_PC#6857703031193891840 roll 3
Jibs_PC#6857703031193891840 roll 1
DICE 3 1 5 4 3 0 
Jibs_PC#6857703031193891840 endattack
Jibs_PC#6857703031193891840 nomove
CARD 26
Jibs_PC#6857703031193891840 trade 9 20 19
Jibs_PC#6857703031193891840 placearmies 39 1
Jibs_PC#6857703031193891840 placearmies 19 11
Jibs_PC#6857703031193891840 placearmies 19 3
Jibs_PC#6857703031193891840 attack 19 18
Jibs_PC#6857703031193891840 roll 3
Jibs_PC#6857703031193891840 roll 1
DICE 3 1 1 0 0 5 
Jibs_PC#6857703031193891840 roll 3
Jibs_PC#6857703031193891840 roll 1
DICE 3 1 4 3 0 2 
Jibs_PC#6857703031193891840 move 15
Jibs_PC#6857703031193891840 attack 18 16
Jibs_PC#6857703031193891840 roll 3
Jibs_PC#6857703031193891840 roll 1
DICE 3 1 4 4 4 4 
Jibs_PC#6857703031193891840 roll 3
Jibs_PC#6857703031193891840 roll 1
DICE 3 1 4 3 3 5 
Jibs_PC#6857703031193891840 retreat
Jibs_PC#6857703031193891840 attack 18 15
Jibs_PC#6857703031193891840 roll 3
Jibs_PC#6857703031193891840 roll 1
DICE 3 1 4 2 0 3 
Jibs_PC#6857703031193891840 move 12
Jibs_PC#6857703031193891840 attack 15 14
Jibs_PC#6857703031193891840 roll 3
Jibs_PC#6857703031193891840 roll 1
DICE 3 1 4 1 0 3 
Jibs_PC#6857703031193891840 move 11
Jibs_PC#6857703031193891840 attack 14 6
Jibs_PC#6857703031193891840 roll 3
Jibs_PC#6857703031193891840 roll 1
DICE 3 1 4 4 1 2 
Jibs_PC#6857703031193891840 move 10
Jibs_PC#6857703031193891840 endattack
Jibs_PC#6857703031193891840 nomove
CARD 4
Jibs_PC#6857703031193891840 trade 10 23 1
Jibs_PC#6857703031193891840 placearmies 38 12
Jibs_PC#6857703031193891840 placearmies 38 1
Jibs_PC#6857703031193891840 attack 38 36
Jibs_PC#6857703031193891840 roll 3
Jibs_PC#6857703031193891840 roll 2
DICE 3 2 5 4 1 5 5 
Jibs_PC#6857703031193891840 roll 3
Jibs_PC#6857703031193891840 roll 2
DICE 3 2 4 2 1 5 4 
Jibs_PC#6857703031193891840 retreat
Jibs_PC#6857703031193891840 attack 38 34
Jibs_PC#6857703031193891840 roll 3
Jibs_PC#6857703031193891840 roll 2
DICE 3 2 4 3 1 1 0 
Jibs_PC#6857703031193891840 roll 3
Jibs_PC#6857703031193891840 roll 1
DICE 3 1 3 1 1 5 
Jibs_PC#6857703031193891840 roll 3
Jibs_PC#6857703031193891840 roll 1
DICE 3 1 5 4 2 0 
Jibs_PC#6857703031193891840 move 11
Jibs_PC#6857703031193891840 attack 34 27
Jibs_PC#6857703031193891840 roll 3
Jibs_PC#6857703031193891840 roll 1
DICE 3 1 1 0 0 1 
Jibs_PC#6857703031193891840 roll 3
Jibs_PC#6857703031193891840 roll 1
DICE 3 1 4 4 0 2 
Jibs_PC#6857703031193891840 move 9
Jibs_PC#6857703031193891840 attack 27 28
Jibs_PC#6857703031193891840 roll 3
Jibs_PC#6857703031193891840 roll 1
DICE 3 1 5 4 3 5 
Jibs_PC#6857703031193891840 roll 3
Jibs_PC#6857703031193891840 roll 1
DICE 3 1 3 2 2 3 
Jibs_PC#6857703031193891840 retreat
Jibs_PC#6857703031193891840 endattack
Jibs_PC#6857703031193891840 nomove
CARD 35
Jibs_PC#6857703031193891840 trade 42 31 29
Jibs_PC#6857703031193891840 placearmies 21 1
Jibs_PC#6857703031193891840 placearmies 22 1
Jibs_PC#6857703031193891840 placearmies 24 10
Jibs_PC#6857703031193891840 placearmies 21 1
Jibs_PC#6857703031193891840 attack 24 25
Jibs_PC#6857703031193891840 roll 3
Jibs_PC#6857703031193891840 roll 1
DICE 3 1 4 2 1 4 
Jibs_PC#6857703031193891840 roll 3
Jibs_PC#6857703031193891840 roll 1
DICE 3 1 5 1 0 2 
Jibs_PC#6857703031193891840 move 9
Jibs_PC#6857703031193891840 attack 25 26
Jibs_PC#6857703031193891840 roll 3
Jibs_PC#6857703031193891840 roll 1
DICE 3 1 5 4 2 2 
Jibs_PC#6857703031193891840 move 3
Jibs_PC#6857703031193891840 attack 25 23
Jibs_PC#6857703031193891840 roll 3
Jibs_PC#6857703031193891840 roll 1
DICE 3 1 5 4 0 2 
Jibs_PC#6857703031193891840 move 3
Jibs_PC#6857703031193891840 endattack
Jibs_PC#6857703031193891840 movearmies 23 21 2
CARD 16
Jibs_PC#6857703031193891840 placearmies 20 3
Jibs_PC#6857703031193891840 placearmies 10 1
Jibs_PC#6857703031193891840 placearmies 12 1
Jibs_PC#6857703031193891840 attack 20 31
Jibs_PC#6857703031193891840 roll 3
Jibs_PC#6857703031193891840 roll 1
DICE 3 1 4 3 3 3 
Jibs_PC#6857703031193891840 endattack
Jibs_PC#6857703031193891840 nomove
CARD 32
Jibs_PC#6857703031193891840 placearmies 5 3
Jibs_PC#6857703031193891840 attack 5 10
Jibs_PC#6857703031193891840 roll 3
Jibs_PC#6857703031193891840 roll 2
DICE 3 2 5 2 1 5 3 
Jibs_PC#6857703031193891840 retreat
Jibs_PC#6857703031193891840 attack 17 19
Jibs_PC#6857703031193891840 roll 3
Jibs_PC#6857703031193891840 roll 1
DICE 3 1 5 3 2 3 
Jibs_PC#6857703031193891840 endattack
Jibs_PC#6857703031193891840 nomove
CARD 17
Jibs_PC#6857703031193891840 trade 33 34 26
Jibs_PC#6857703031193891840 placearmies 16 3
Jibs_PC#6857703031193891840 placearmies 33 9
Jibs_PC#6857703031193891840 placearmies 33 1
Jibs_PC#6857703031193891840 attack 33 39
Jibs_PC#6857703031193891840 roll 3
Jibs_PC#6857703031193891840 roll 2
DICE 3 2 5 5 5 5 4 
Jibs_PC#6857703031193891840 roll 3
Jibs_PC#6857703031193891840 roll 2
DICE 3 2 5 3 0 0 0 
Jibs_PC#6857703031193891840 retreat
Jibs_PC#6857703031193891840 endattack
Jibs_PC#6857703031193891840 movearmies 16 28 3
CARD 
Jibs_PC#6857703031193891840 placearmies 39 1
Jibs_PC#6857703031193891840 placearmies 39 4
Jibs_PC#6857703031193891840 attack 6 2
Jibs_PC#6857703031193891840 roll 3
Jibs_PC#6857703031193891840 roll 1
DICE 3 1 5 3 2 3 
Jibs_PC#6857703031193891840 move 9
Jibs_PC#6857703031193891840 endattack
Jibs_PC#6857703031193891840 nomove
CARD 40
Jibs_PC#6857703031193891840 placearmies 38 3
Jibs_PC#6857703031193891840 attack 38 1
Jibs_PC#6857703031193891840 roll 3
Jibs_PC#6857703031193891840 roll 1
DICE 3 1 3 1 0 3 
Jibs_PC#6857703031193891840 roll 2
Jibs_PC#6857703031193891840 roll 1
DICE 2 1 5 0 3 
Jibs_PC#6857703031193891840 endattack
Jibs_PC#6857703031193891840 nomove
CARD 36
Jibs_PC#6857703031193891840 placearmies 21 6
Jibs_PC#6857703031193891840 attack 21 12
Jibs_PC#6857703031193891840 roll 3
Jibs_PC#6857703031193891840 roll 2
DICE 3 2 5 2 0 2 2 
Jibs_PC#6857703031193891840 roll 3
Jibs_PC#6857703031193891840 roll 2
DICE 3 2 4 3 2 5 3 
Jibs_PC#6857703031193891840 roll 3
Jibs_PC#6857703031193891840 roll 2
DICE 3 2 5 3 3 2 2 
Jibs_PC#6857703031193891840 roll 3
Jibs_PC#6857703031193891840 roll 1
DICE 3 1 5 5 1 2 
Jibs_PC#6857703031193891840 move 6
Jibs_PC#6857703031193891840 attack 12 13
Jibs_PC#6857703031193891840 roll 3
Jibs_PC#6857703031193891840 roll 1
DICE 3 1 4 2 0 1 
Jibs_PC#6857703031193891840 move 5
Jibs_PC#6857703031193891840 attack 13 11
Jibs_PC#6857703031193891840 roll 3
Jibs_PC#6857703031193891840 roll 1
DICE 3 1 5 3 0 3 
Jibs_PC#6857703031193891840 move 4
Jibs_PC#6857703031193891840 endattack
Jibs_PC#6857703031193891840 movearmies 26 24 1
CARD 6
Jibs_PC#6857703031193891840 trade 13 30 32
Jibs_PC#6857703031193891840 placearmies 31 1
Jibs_PC#6857703031193891840 placearmies 10 3
Jibs_PC#6857703031193891840 placearmies 31 3
Jibs_PC#6857703031193891840 attack 31 22
Jibs_PC#6857703031193891840 roll 3
Jibs_PC#6857703031193891840 roll 2
DICE 3 2 5 4 4 2 2 
Jibs_PC#6857703031193891840 roll 3
Jibs_PC#6857703031193891840 roll 2
DICE 3 2 1 1 0 2 1 
Jibs_PC#6857703031193891840 roll 3
Jibs_PC#6857703031193891840 roll 2
DICE 3 2 5 5 5 3 2 
Jibs_PC#6857703031193891840 move 4
Jibs_PC#6857703031193891840 endattack
Jibs_PC#6857703031193891840 nomove
CARD 39
Jibs_PC#6857703031193891840 trade 8 21 17
Jibs_PC#6857703031193891840 placearmies 8 1
Jibs_PC#6857703031193891840 placearmies 8 12
Jibs_PC#6857703031193891840 attack 8 6
Jibs_PC#6857703031193891840 roll 3
Jibs_PC#6857703031193891840 roll 1
DICE 3 1 5 2 0 4 
Jibs_PC#6857703031193891840 move 15
Jibs_PC#6857703031193891840 attack 6 2
Jibs_PC#6857703031193891840 roll 3
Jibs_PC#6857703031193891840 roll 2
DICE 3 2 2 2 1 5 1 
Jibs_PC#6857703031193891840 roll 3
Jibs_PC#6857703031193891840 roll 2
DICE 3 2 4 3 1 3 0 
Jibs_PC#6857703031193891840 roll 3
Jibs_PC#6857703031193891840 roll 2
DICE 3 2 4 4 3 3 2 
Jibs_PC#6857703031193891840 roll 3
Jibs_PC#6857703031193891840 roll 2
DICE 3 2 2 1 1 3 2 
Jibs_PC#6857703031193891840 roll 3
Jibs_PC#6857703031193891840 roll 2
DICE 3 2 3 2 1 4 0 
Jibs_PC#6857703031193891840 roll 3
Jibs_PC#6857703031193891840 roll 2
DICE 3 2 3 2 2 3 0 
Jibs_PC#6857703031193891840 roll 3
Jibs_PC#6857703031193891840 roll 2
DICE 3 2 5 2 0 5 5 
Jibs_PC#6857703031193891840 roll 3
Jibs_PC#6857703031193891840 roll 2
DICE 3 2 2 0 0 5 3 
Jibs_PC#6857703031193891840 roll 3
Jibs_PC#6857703031193891840 roll 2
DICE 3 2 5 1 0 5 0 
Jibs_PC#6857703031193891840 roll 3
Jibs_PC#6857703031193891840 roll 1
DICE 3 1 3 1 1 1 
Jibs_PC#6857703031193891840 move 4
Jibs_PC#6857703031193891840 attack 2 1
Jibs_PC#6857703031193891840 roll 3
Jibs_PC#6857703031193891840 roll 2
DICE 3 2 5 5 3 2 1 
Jibs_PC#6857703031193891840 endattack
Jibs_PC#6857703031193891840 movearmies 7 6 1
CARD 41
Jibs_PC#6857703031193891840 placearmies 33 3
Jibs_PC#6857703031193891840 attack 33 39
Jibs_PC#6857703031193891840 roll 3
Jibs_PC#6857703031193891840 roll 2
DICE 3 2 3 2 0 5 0 
Jibs_PC#6857703031193891840 roll 3
Jibs_PC#6857703031193891840 roll 2
DICE 3 2 5 5 0 1 1 
Jibs_PC#6857703031193891840 roll 3
Jibs_PC#6857703031193891840 roll 2
DICE 3 2 5 3 1 3 3 
Jibs_PC#6857703031193891840 roll 3
Jibs_PC#6857703031193891840 roll 2
DICE 3 2 4 2 0 4 3 
Jibs_PC#6857703031193891840 roll 3
Jibs_PC#6857703031193891840 roll 2
DICE 3 2 5 1 0 3 2 
Jibs_PC#6857703031193891840 roll 3
Jibs_PC#6857703031193891840 roll 1
DICE 3 1 3 1 0 3 
Jibs_PC#6857703031193891840 roll 3
Jibs_PC#6857703031193891840 roll 1
DICE 3 1 3 3 0 5 
Jibs_PC#6857703031193891840 roll 3
Jibs_PC#6857703031193891840 roll 1
DICE 3 1 4 4 3 5 
Jibs_PC#6857703031193891840 roll 3
Jibs_PC#6857703031193891840 roll 1
DICE 3 1 5 1 0 1 
Jibs_PC#6857703031193891840 move 6
Jibs_PC#6857703031193891840 attack 39 40
Jibs_PC#6857703031193891840 roll 3
Jibs_PC#6857703031193891840 roll 1
DICE 3 1 1 1 0 1 
Jibs_PC#6857703031193891840 roll 3
Jibs_PC#6857703031193891840 roll 1
DICE 3 1 4 3 0 4 
Jibs_PC#6857703031193891840 roll 3
Jibs_PC#6857703031193891840 roll 1
DICE 3 1 3 3 0 2 
Jibs_PC#6857703031193891840 attack 40 41
Jibs_PC#6857703031193891840 roll 2
Jibs_PC#6857703031193891840 roll 1
DICE 2 1 3 0 3 
Jibs_PC#6857703031193891840 retreat
Jibs_PC#6857703031193891840 endattack
Jibs_PC#6857703031193891840 nomove
CARD 27
Jibs_PC#6857703031193891840 placearmies 41 3
Jibs_PC#6857703031193891840 attack 41 39
Jibs_PC#6857703031193891840 roll 3
Jibs_PC#6857703031193891840 roll 1
DICE 3 1 3 2 0 5 
Jibs_PC#6857703031193891840 roll 2
Jibs_PC#6857703031193891840 roll 1
DICE 2 1 5 2 0 
Jibs_PC#6857703031193891840 endattack
Jibs_PC#6857703031193891840 nomove
CARD 18
Jibs_PC#6857703031193891840 placearmies 27 1
Jibs_PC#6857703031193891840 placearmies 27 2
Jibs_PC#6857703031193891840 attack 27 28
Jibs_PC#6857703031193891840 roll 3
Jibs_PC#6857703031193891840 roll 2
DICE 3 2 5 4 3 5 0 
Jibs_PC#6857703031193891840 roll 3
Jibs_PC#6857703031193891840 roll 2
DICE 3 2 5 4 4 5 4 
Jibs_PC#6857703031193891840 roll 3
Jibs_PC#6857703031193891840 roll 2
DICE 3 2 5 2 0 2 0 
Jibs_PC#6857703031193891840 roll 3
Jibs_PC#6857703031193891840 roll 1
DICE 3 1 5 3 1 2 
Jibs_PC#6857703031193891840 move 6
Jibs_PC#6857703031193891840 endattack
Jibs_PC#6857703031193891840 nomove
CARD 28
Jibs_PC#6857703031193891840 placearmies 36 3
Jibs_PC#6857703031193891840 attack 36 38
Jibs_PC#6857703031193891840 roll 3
Jibs_PC#6857703031193891840 roll 1
DICE 3 1 4 3 0 0 
Jibs_PC#6857703031193891840 move 4
Jibs_PC#6857703031193891840 endattack
Jibs_PC#6857703031193891840 movearmies 26 24 1
CARD 37
Jibs_PC#6857703031193891840 placearmies 10 3
Jibs_PC#6857703031193891840 attack 10 5
Jibs_PC#6857703031193891840 roll 3
Jibs_PC#6857703031193891840 roll 2
DICE 3 2 3 3 0 4 2 
Jibs_PC#6857703031193891840 roll 3
Jibs_PC#6857703031193891840 roll 2
DICE 3 2 3 2 1 4 3 
Jibs_PC#6857703031193891840 roll 3
Jibs_PC#6857703031193891840 roll 2
DICE 3 2 4 3 1 3 2 
Jibs_PC#6857703031193891840 move 4
Jibs_PC#6857703031193891840 endattack
Jibs_PC#6857703031193891840 nomove
CARD 24
Jibs_PC#6857703031193891840 placearmies 19 1
Jibs_PC#6857703031193891840 placearmies 19 1
Jibs_PC#6857703031193891840 placearmies 4 1
Jibs_PC#6857703031193891840 attack 19 20
Jibs_PC#6857703031193891840 roll 3
Jibs_PC#6857703031193891840 roll 1
DICE 3 1 4 3 2 3 
Jibs_PC#6857703031193891840 move 4
Jibs_PC#6857703031193891840 attack 20 18
Jibs_PC#6857703031193891840 roll 3
Jibs_PC#6857703031193891840 roll 1
DICE 3 1 4 4 2 5 
Jibs_PC#6857703031193891840 roll 2
Jibs_PC#6857703031193891840 roll 1
DICE 2 1 5 1 2 
Jibs_PC#6857703031193891840 endattack
Jibs_PC#6857703031193891840 nomove
CARD 38
Jibs_PC#6857703031193891840 placearmies 40 2
Jibs_PC#6857703031193891840 placearmies 40 1
Jibs_PC#6857703031193891840 attack 40 39
Jibs_PC#6857703031193891840 roll 3
Jibs_PC#6857703031193891840 roll 2
DICE 3 2 4 3 3 4 3 
Jibs_PC#6857703031193891840 retreat
Jibs_PC#6857703031193891840 attack 40 41
Jibs_PC#6857703031193891840 roll 2
Jibs_PC#6857703031193891840 roll 1
DICE 2 1 3 1 4 
Jibs_PC#6857703031193891840 retreat
Jibs_PC#6857703031193891840 endattack
Jibs_PC#6857703031193891840 nomove
CARD 
Jibs_PC#6857703031193891840 placearmies 39 2
Jibs_PC#6857703031193891840 placearmies 39 1
Jibs_PC#6857703031193891840 attack 39 40
Jibs_PC#6857703031193891840 roll 3
Jibs_PC#6857703031193891840 roll 2
DICE 3 2 4 2 1 1 0 
Jibs_PC#6857703031193891840 move 3
Jibs_PC#6857703031193891840 endattack
Jibs_PC#6857703031193891840 movearmies 40 39 2
CARD 3
Jibs_PC#6857703031193891840 trade 35 36 28
Jibs_PC#6857703031193891840 placearmies 27 13
Jibs_PC#6857703031193891840 attack 27 29
Jibs_PC#6857703031193891840 roll 3
Jibs_PC#6857703031193891840 roll 1
DICE 3 1 5 4 2 2 
Jibs_PC#6857703031193891840 move 13
Jibs_PC#6857703031193891840 attack 28 30
Jibs_PC#6857703031193891840 roll 3
Jibs_PC#6857703031193891840 roll 1
DICE 3 1 1 0 0 2 
Jibs_PC#6857703031193891840 roll 3
Jibs_PC#6857703031193891840 roll 1
DICE 3 1 3 3 0 4 
Jibs_PC#6857703031193891840 roll 3
Jibs_PC#6857703031193891840 roll 1
DICE 3 1 4 3 1 3 
Jibs_PC#6857703031193891840 attack 30 16
Jibs_PC#6857703031193891840 roll 2
Jibs_PC#6857703031193891840 roll 1
DICE 2 1 3 1 1 
Jibs_PC#6857703031193891840 attack 29 33
Jibs_PC#6857703031193891840 roll 3
Jibs_PC#6857703031193891840 roll 1
DICE 3 1 5 3 3 1 
Jibs_PC#6857703031193891840 move 12
Jibs_PC#6857703031193891840 attack 33 32
Jibs_PC#6857703031193891840 roll 3
Jibs_PC#6857703031193891840 roll 1
DICE 3 1 4 3 1 1 
Jibs_PC#6857703031193891840 move 11
Jibs_PC#6857703031193891840 attack 35 36
Jibs_PC#6857703031193891840 roll 2
Jibs_PC#6857703031193891840 roll 1
DICE 2 1 2 2 3 
Jibs_PC#6857703031193891840 retreat
Jibs_PC#6857703031193891840 attack 32 31
Jibs_PC#6857703031193891840 roll 3
Jibs_PC#6857703031193891840 roll 1
DICE 3 1 4 2 1 0 
Jibs_PC#6857703031193891840 move 10
Jibs_PC#6857703031193891840 attack 31 20
Jibs_PC#6857703031193891840 roll 3
Jibs_PC#6857703031193891840 roll 1
DICE 3 1 5 5 4 3 
Jibs_PC#6857703031193891840 move 9
Jibs_PC#6857703031193891840 attack 20 19
Jibs_PC#6857703031193891840 roll 3
Jibs_PC#6857703031193891840 roll 1
DICE 3 1 5 5 2 1 
Jibs_PC#6857703031193891840 move 8
Jibs_PC#6857703031193891840 attack 19 18
Jibs_PC#6857703031193891840 roll 3
Jibs_PC#6857703031193891840 roll 2
DICE 3 2 5 2 0 1 0 
Jibs_PC#6857703031193891840 move 7
Jibs_PC#6857703031193891840 attack 18 15
Jibs_PC#6857703031193891840 roll 3
Jibs_PC#6857703031193891840 roll 1
DICE 3 1 4 2 2 4 
Jibs_PC#6857703031193891840 roll 3
Jibs_PC#6857703031193891840 roll 1
DICE 3 1 5 4 2 5 
Jibs_PC#6857703031193891840 retreat
Jibs_PC#6857703031193891840 attack 18 17
Jibs_PC#6857703031193891840 roll 3
Jibs_PC#6857703031193891840 roll 1
DICE 3 1 3 3 1 4 
Jibs_PC#6857703031193891840 roll 3
Jibs_PC#6857703031193891840 roll 1
DICE 3 1 5 2 0 0 
Jibs_PC#6857703031193891840 attack 17 15
Jibs_PC#6857703031193891840 roll 2
Jibs_PC#6857703031193891840 roll 1
DICE 2 1 0 0 4 
Jibs_PC#6857703031193891840 retreat
Jibs_PC#6857703031193891840 endattack
Jibs_PC#6857703031193891840 nomove
CARD 7
Jibs_PC#6857703031193891840 trade 16 6 37
Jibs_PC#6857703031193891840 placearmies 11 8
Jibs_PC#6857703031193891840 placearmies 38 4
Jibs_PC#6857703031193891840 placearmies 11 1
Jibs_PC#6857703031193891840 attack 11 10
Jibs_PC#6857703031193891840 roll 3
Jibs_PC#6857703031193891840 roll 1
DICE 3 1 4 4 2 0 
Jibs_PC#6857703031193891840 move 12
Jibs_PC#6857703031193891840 attack 38 1
Jibs_PC#6857703031193891840 roll 3
Jibs_PC#6857703031193891840 roll 2
DICE 3 2 5 1 0 4 4 
Jibs_PC#6857703031193891840 roll 3
Jibs_PC#6857703031193891840 roll 2
DICE 3 2 5 1 0 5 2 
Jibs_PC#6857703031193891840 roll 3
Jibs_PC#6857703031193891840 roll 2
DICE 3 2 4 2 1 5 0 
Jibs_PC#6857703031193891840 roll 3
Jibs_PC#6857703031193891840 roll 1
DICE 3 1 5 5 0 3 
Jibs_PC#6857703031193891840 attack 1 2
Jibs_PC#6857703031193891840 roll 2
Jibs_PC#6857703031193891840 roll 1
DICE 2 1 4 0 5 
Jibs_PC#6857703031193891840 retreat
Jibs_PC#6857703031193891840 attack 10 5
Jibs_PC#6857703031193891840 roll 3
Jibs_PC#6857703031193891840 roll 2
DICE 3 2 5 3 1 5 3 
Jibs_PC#6857703031193891840 roll 3
Jibs_PC#6857703031193891840 roll 2
DICE 3 2 5 2 1 5 2 
Jibs_PC#6857703031193891840 roll 3
Jibs_PC#6857703031193891840 roll 2
DICE 3 2 5 1 0 4 4 
Jibs_PC#6857703031193891840 roll 3
Jibs_PC#6857703031193891840 roll 2
DICE 3 2 5 1 0 5 4 
Jibs_PC#6857703031193891840 roll 3
Jibs_PC#6857703031193891840 roll 2
DICE 3 2 4 2 1 5 3 
Jibs_PC#6857703031193891840 retreat
Jibs_PC#6857703031193891840 endattack
Jibs_PC#6857703031193891840 movearmies 24 21 2
CARD 14
Jibs_PC#6857703031193891840 placearmies 5 2
Jibs_PC#6857703031193891840 placearmies 5 1
Jibs_PC#6857703031193891840 attack 5 10
Jibs_PC#6857703031193891840 roll 3
Jibs_PC#6857703031193891840 roll 2
DICE 3 2 5 4 0 3 0 
Jibs_PC#6857703031193891840 roll 3
Jibs_PC#6857703031193891840 roll 1
DICE 3 1 5 3 0 3 
Jibs_PC#6857703031193891840 move 5
Jibs_PC#6857703031193891840 attack 10 11
Jibs_PC#6857703031193891840 roll 3
Jibs_PC#6857703031193891840 roll 1
DICE 3 1 5 1 0 1 
Jibs_PC#6857703031193891840 move 4
Jibs_PC#6857703031193891840 attack 11 12
Jibs_PC#6857703031193891840 roll 3
Jibs_PC#6857703031193891840 roll 1
DICE 3 1 5 1 0 0 
Jibs_PC#6857703031193891840 attack 12 13
Jibs_PC#6857703031193891840 roll 2
Jibs_PC#6857703031193891840 roll 1
DICE 2 1 2 1 5 
Jibs_PC#6857703031193891840 retreat
Jibs_PC#6857703031193891840 endattack
Jibs_PC#6857703031193891840 nomove
CARD 5
Jibs_PC#6857703031193891840 placearmies 4 2
Jibs_PC#6857703031193891840 placearmies 4 1
Jibs_PC#6857703031193891840 attack 4 5
Jibs_PC#6857703031193891840 roll 3
Jibs_PC#6857703031193891840 roll 1
DICE 3 1 4 2 0 0 
Jibs_PC#6857703031193891840 move 4
Jibs_PC#6857703031193891840 endattack
Jibs_PC#6857703031193891840 nomove
CARD wildcard
Jibs_PC#6857703031193891840 placearmies 39 4
Jibs_PC#6857703031193891840 placearmies 14 1
Jibs_PC#6857703031193891840 attack 39 33
Jibs_PC#6857703031193891840 roll 3
Jibs_PC#6857703031193891840 roll 1
DICE 3 1 5 1 0 1 
Jibs_PC#6857703031193891840 move 7
Jibs_PC#6857703031193891840 endattack
Jibs_PC#6857703031193891840 nomove
CARD 11
Jibs_PC#6857703031193891840 placearmies 16 2
Jibs_PC#6857703031193891840 placearmies 16 1
Jibs_PC#6857703031193891840 placearmies 32 1
Jibs_PC#6857703031193891840 attack 16 15
Jibs_PC#6857703031193891840 roll 3
Jibs_PC#6857703031193891840 roll 1
DICE 3 1 1 0 0 3 
Jibs_PC#6857703031193891840 roll 3
Jibs_PC#6857703031193891840 roll 1
DICE 3 1 5 4 4 1 
Jibs_PC#6857703031193891840 endattack
Jibs_PC#6857703031193891840 nomove
CARD wildcard
Jibs_PC#6857703031193891840 placearmies 21 2
Jibs_PC#6857703031193891840 placearmies 21 1
Jibs_PC#6857703031193891840 attack 21 22
Jibs_PC#6857703031193891840 roll 3
Jibs_PC#6857703031193891840 roll 2
DICE 3 2 4 2 1 5 0 
Jibs_PC#6857703031193891840 roll 3
Jibs_PC#6857703031193891840 roll 2
DICE 3 2 3 2 0 5 3 
Jibs_PC#6857703031193891840 retreat
Jibs_PC#6857703031193891840 attack 21 12
Jibs_PC#6857703031193891840 roll 3
Jibs_PC#6857703031193891840 roll 2
DICE 3 2 5 5 1 3 3 
Jibs_PC#6857703031193891840 attack 12 10
Jibs_PC#6857703031193891840 roll 2
Jibs_PC#6857703031193891840 roll 1
DICE 2 1 3 1 5 
Jibs_PC#6857703031193891840 retreat
Jibs_PC#6857703031193891840 endattack
Jibs_PC#6857703031193891840 movearmies 25 24 2
CARD 15
Jibs_PC#6857703031193891840 placearmies 22 1
Jibs_PC#6857703031193891840 placearmies 22 1
Jibs_PC#6857703031193891840 placearmies 11 1
Jibs_PC#6857703031193891840 attack 22 24
Jibs_PC#6857703031193891840 roll 3
Jibs_PC#6857703031193891840 roll 2
DICE 3 2 4 2 0 2 0 
Jibs_PC#6857703031193891840 roll 3
Jibs_PC#6857703031193891840 roll 1
DICE 3 1 5 2 2 2 
Jibs_PC#6857703031193891840 move 4
Jibs_PC#6857703031193891840 endattack
Jibs_PC#6857703031193891840 nomove
CARD 22
Jibs_PC#6857703031193891840 trade 12 38 wildcard
Jibs_PC#6857703031193891840 placearmies 3 5
Jibs_PC#6857703031193891840 placearmies 5 5
Jibs_PC#6857703031193891840 placearmies 5 3
Jibs_PC#6857703031193891840 attack 3 1
Jibs_PC#6857703031193891840 roll 3
Jibs_PC#6857703031193891840 roll 2
DICE 3 2 4 3 2 2 0 
Jibs_PC#6857703031193891840 move 5
Jibs_PC#6857703031193891840 attack 5 10
Jibs_PC#6857703031193891840 roll 3
Jibs_PC#6857703031193891840 roll 1
DICE 3 1 5 3 2 5 
Jibs_PC#6857703031193891840 roll 3
Jibs_PC#6857703031193891840 roll 1
DICE 3 1 5 4 2 1 
Jibs_PC#6857703031193891840 move 10
Jibs_PC#6857703031193891840 attack 10 11
Jibs_PC#6857703031193891840 roll 3
Jibs_PC#6857703031193891840 roll 2
DICE 3 2 4 4 0 2 1 
Jibs_PC#6857703031193891840 move 8
Jibs_PC#6857703031193891840 attack 11 13
Jibs_PC#6857703031193891840 roll 3
Jibs_PC#6857703031193891840 roll 1
DICE 3 1 3 3 1 3 
Jibs_PC#6857703031193891840 roll 3
Jibs_PC#6857703031193891840 roll 1
DICE 3 1 4 3 1 5 
Jibs_PC#6857703031193891840 retreat
Jibs_PC#6857703031193891840 attack 11 13
Jibs_PC#6857703031193891840 roll 3
Jibs_PC#6857703031193891840 roll 1
DICE 3 1 4 2 0 0 
Jibs_PC#6857703031193891840 move 5
Jibs_PC#6857703031193891840 attack 13 12
Jibs_PC#6857703031193891840 roll 3
Jibs_PC#6857703031193891840 roll 2
DICE 3 2 1 1 1 5 1 
Jibs_PC#6857703031193891840 retreat
Jibs_PC#6857703031193891840 endattack
Jibs_PC#6857703031193891840 nomove
CARD 19
Jibs_PC#6857703031193891840 trade 40 18 11
Jibs_PC#6857703031193891840 placearmies 33 11
Jibs_PC#6857703031193891840 attack 33 32
Jibs_PC#6857703031193891840 roll 3
Jibs_PC#6857703031193891840 roll 2
DICE 3 2 1 1 0 4 1 
Jibs_PC#6857703031193891840 roll 3
Jibs_PC#6857703031193891840 roll 2
DICE 3 2 4 3 2 3 0 
Jibs_PC#6857703031193891840 move 14
Jibs_PC#6857703031193891840 attack 32 31
Jibs_PC#6857703031193891840 roll 3
Jibs_PC#6857703031193891840 roll 1
DICE 3 1 5 1 1 2 
Jibs_PC#6857703031193891840 move 13
Jibs_PC#6857703031193891840 attack 31 22
Jibs_PC#6857703031193891840 roll 3
Jibs_PC#6857703031193891840 roll 1
DICE 3 1 5 5 3 5 
Jibs_PC#6857703031193891840 roll 3
Jibs_PC#6857703031193891840 roll 1
DICE 3 1 2 0 0 1 
Jibs_PC#6857703031193891840 move 11
Jibs_PC#6857703031193891840 attack 22 24
Jibs_PC#6857703031193891840 roll 3
Jibs_PC#6857703031193891840 roll 2
DICE 3 2 3 1 0 3 1 
Jibs_PC#6857703031193891840 roll 3
Jibs_PC#6857703031193891840 roll 2
DICE 3 2 3 2 1 5 3 
Jibs_PC#6857703031193891840 roll 3
Jibs_PC#6857703031193891840 roll 2
DICE 3 2 5 4 1 4 3 
Jibs_PC#6857703031193891840 roll 3
Jibs_PC#6857703031193891840 roll 2
DICE 3 2 5 2 1 3 3 
Jibs_PC#6857703031193891840 roll 3
Jibs_PC#6857703031193891840 roll 1
DICE 3 1 2 1 0 0 
Jibs_PC#6857703031193891840 move 5
Jibs_PC#6857703031193891840 trade 4 2 39
Jibs_PC#6857703031193891840 placearmies 24 9
Jibs_PC#6857703031193891840 placearmies 24 1
Jibs_PC#6857703031193891840 attack 24 21
Jibs_PC#6857703031193891840 roll 3
Jibs_PC#6857703031193891840 roll 1
DICE 3 1 4 4 1 3 
Jibs_PC#6857703031193891840 move 14
Jibs_PC#6857703031193891840 attack 21 12
Jibs_PC#6857703031193891840 roll 3
Jibs_PC#6857703031193891840 roll 2
DICE 3 2 5 2 1 2 1 
Jibs_PC#6857703031193891840 move 13
Jibs_PC#6857703031193891840 attack 12 10
Jibs_PC#6857703031193891840 roll 3
Jibs_PC#6857703031193891840 roll 2
DICE 3 2 3 1 0 5 0 
Jibs_PC#6857703031193891840 roll 3
Jibs_PC#6857703031193891840 roll 1
DICE 3 1 4 4 1 2 
Jibs_PC#6857703031193891840 move 11
Jibs_PC#6857703031193891840 attack 10 5
Jibs_PC#6857703031193891840 roll 3
Jibs_PC#6857703031193891840 roll 1
DICE 3 1 3 3 3 4 
Jibs_PC#6857703031193891840 roll 3
Jibs_PC#6857703031193891840 roll 1
DICE 3 1 1 1 0 3 
Jibs_PC#6857703031193891840 roll 3
Jibs_PC#6857703031193891840 roll 1
DICE 3 1 5 3 2 1 
Jibs_PC#6857703031193891840 move 8
Jibs_PC#6857703031193891840 attack 5 9
Jibs_PC#6857703031193891840 roll 3
Jibs_PC#6857703031193891840 roll 1
DICE 3 1 3 2 2 0 
Jibs_PC#6857703031193891840 move 7
Jibs_PC#6857703031193891840 attack 9 8
Jibs_PC#6857703031193891840 roll 3
Jibs_PC#6857703031193891840 roll 1
DICE 3 1 2 1 0 2 
Jibs_PC#6857703031193891840 roll 3
Jibs_PC#6857703031193891840 roll 1
DICE 3 1 2 2 0 4 
Jibs_PC#6857703031193891840 roll 3
Jibs_PC#6857703031193891840 roll 1
DICE 3 1 4 4 0 1 
Jibs_PC#6857703031193891840 move 4
Jibs_PC#6857703031193891840 endattack
Jibs_PC#6857703031193891840 movearmies 39 33 2
CARD 33
Jibs_PC#6857703031193891840 trade 25 7 wildcard
Jibs_PC#6857703031193891840 placearmies 15 2
Jibs_PC#6857703031193891840 placearmies 29 12
Jibs_PC#6857703031193891840 attack 29 33
Jibs_PC#6857703031193891840 roll 3
Jibs_PC#6857703031193891840 roll 2
DICE 3 2 5 0 0 5 3 
Jibs_PC#6857703031193891840 roll 3
Jibs_PC#6857703031193891840 roll 2
DICE 3 2 2 2 1 4 2 
Jibs_PC#6857703031193891840 roll 3
Jibs_PC#6857703031193891840 roll 2
DICE 3 2 4 1 0 5 1 
Jibs_PC#6857703031193891840 roll 3
Jibs_PC#6857703031193891840 roll 2
DICE 3 2 1 0 0 5 0 
Jibs_PC#6857703031193891840 roll 3
Jibs_PC#6857703031193891840 roll 2
DICE 3 2 4 4 4 4 0 
Jibs_PC#6857703031193891840 retreat
Jibs_PC#6857703031193891840 attack 15 14
Jibs_PC#6857703031193891840 roll 3
Jibs_PC#6857703031193891840 roll 2
DICE 3 2 3 2 0 4 2 
Jibs_PC#6857703031193891840 retreat
Jibs_PC#6857703031193891840 attack 29 36
Jibs_PC#6857703031193891840 roll 3
Jibs_PC#6857703031193891840 roll 1
DICE 3 1 0 0 0 4 
Jibs_PC#6857703031193891840 roll 2
Jibs_PC#6857703031193891840 roll 1
DICE 2 1 2 0 0 
Jibs_PC#6857703031193891840 endattack
Jibs_PC#6857703031193891840 nomove
CARD 13
Jibs_PC#6857703031193891840 placearmies 37 2
Jibs_PC#6857703031193891840 placearmies 23 1
Jibs_PC#6857703031193891840 attack 37 36
Jibs_PC#6857703031193891840 roll 3
Jibs_PC#6857703031193891840 roll 2
DICE 3 2 5 3 1 2 1 
Jibs_PC#6857703031193891840 move 4
Jibs_PC#6857703031193891840 endattack
Jibs_PC#6857703031193891840 nomove
CARD 8
Jibs_PC#6857703031193891840 placearmies 13 2
Jibs_PC#6857703031193891840 placearmies 6 1
Jibs_PC#6857703031193891840 attack 13 12
Jibs_PC#6857703031193891840 roll 3
Jibs_PC#6857703031193891840 roll 1
DICE 3 1 4 2 1 4 
Jibs_PC#6857703031193891840 roll 3
Jibs_PC#6857703031193891840 roll 1
DICE 3 1 5 5 3 4 
Jibs_PC#6857703031193891840 attack 12 10
Jibs_PC#6857703031193891840 roll 2
Jibs_PC#6857703031193891840 roll 1
DICE 2 1 3 0 1 
Jibs_PC#6857703031193891840 endattack
Jibs_PC#6857703031193891840 nomove
CARD 28
Jibs_PC#6857703031193891840 trade 3 24 5
Jibs_PC#6857703031193891840 placearmies 24 16
Jibs_PC#6857703031193891840 attack 24 26
Jibs_PC#6857703031193891840 roll 3
Jibs_PC#6857703031193891840 roll 1
DICE 3 1 5 5 1 3 
Jibs_PC#6857703031193891840 move 10
Jibs_PC#6857703031193891840 attack 26 25
Jibs_PC#6857703031193891840 roll 3
Jibs_PC#6857703031193891840 roll 1
DICE 3 1 4 2 2 1 
Jibs_PC#6857703031193891840 move 9
Jibs_PC#6857703031193891840 attack 24 23
Jibs_PC#6857703031193891840 roll 3
Jibs_PC#6857703031193891840 roll 2
DICE 3 2 4 3 3 3 2 
Jibs_PC#6857703031193891840 move 3
Jibs_PC#6857703031193891840 endattack
Jibs_PC#6857703031193891840 movearmies 23 21 2
CARD 16
Jibs_PC#6857703031193891840 placearmies 15 2
Jibs_PC#6857703031193891840 placearmies 15 1
Jibs_PC#6857703031193891840 placearmies 35 1
Jibs_PC#6857703031193891840 attack 15 14
Jibs_PC#6857703031193891840 roll 3
Jibs_PC#6857703031193891840 roll 2
DICE 3 2 5 2 0 4 1 
Jibs_PC#6857703031193891840 move 5
Jibs_PC#6857703031193891840 endattack
Jibs_PC#6857703031193891840 movearmies 17 19 1
CARD 31
Jibs_PC#6857703031193891840 placearmies 36 3
Jibs_PC#6857703031193891840 attack 36 35
Jibs_PC#6857703031193891840 roll 3
Jibs_PC#6857703031193891840 roll 2
DICE 3 2 2 2 0 4 0 
Jibs_PC#6857703031193891840 roll 3
Jibs_PC#6857703031193891840 roll 2
DICE 3 2 5 5 2 5 0 
Jibs_PC#6857703031193891840 retreat
Jibs_PC#6857703031193891840 attack 36 27
Jibs_PC#6857703031193891840 roll 3
Jibs_PC#6857703031193891840 roll 1
DICE 3 1 4 3 3 5 
Jibs_PC#6857703031193891840 roll 3
Jibs_PC#6857703031193891840 roll 1
DICE 3 1 4 2 2 3 
Jibs_PC#6857703031193891840 endattack
Jibs_PC#6857703031193891840 nomove
CARD 29
Jibs_PC#6857703031193891840 trade 41 19 28
Jibs_PC#6857703031193891840 placearmies 12 7
Jibs_PC#6857703031193891840 placearmies 10 6
Jibs_PC#6857703031193891840 placearmies 12 2
Jibs_PC#6857703031193891840 attack 12 21
Jibs_PC#6857703031193891840 roll 3
Jibs_PC#6857703031193891840 roll 2
DICE 3 2 2 2 1 5 5 
Jibs_PC#6857703031193891840 roll 3
Jibs_PC#6857703031193891840 roll 2
DICE 3 2 4 4 1 2 1 
Jibs_PC#6857703031193891840 roll 3
Jibs_PC#6857703031193891840 roll 1
DICE 3 1 3 2 2 4 
Jibs_PC#6857703031193891840 roll 3
Jibs_PC#6857703031193891840 roll 1
DICE 3 1 5 4 1 2 
Jibs_PC#6857703031193891840 move 6
Jibs_PC#6857703031193891840 attack 10 5
Jibs_PC#6857703031193891840 roll 3
Jibs_PC#6857703031193891840 roll 1
DICE 3 1 4 1 1 3 
Jibs_PC#6857703031193891840 move 7
Jibs_PC#6857703031193891840 attack 5 9
Jibs_PC#6857703031193891840 roll 3
Jibs_PC#6857703031193891840 roll 1
DICE 3 1 5 4 3 5 
Jibs_PC#6857703031193891840 roll 3
Jibs_PC#6857703031193891840 roll 1
DICE 3 1 1 0 0 2 
Jibs_PC#6857703031193891840 roll 3
Jibs_PC#6857703031193891840 roll 1
DICE 3 1 5 2 1 5 
Jibs_PC#6857703031193891840 roll 3
Jibs_PC#6857703031193891840 roll 1
DICE 3 1 3 1 0 2 
Jibs_PC#6857703031193891840 attack 21 23
Jibs_PC#6857703031193891840 roll 3
Jibs_PC#6857703031193891840 roll 1
DICE 3 1 4 4 1 3 
Jibs_PC#6857703031193891840 move 4
Jibs_PC#6857703031193891840 endattack
Jibs_PC#6857703031193891840 movearmies 23 21 3
CARD 9
Jibs_PC#6857703031193891840 placearmies 25 4
Jibs_PC#6857703031193891840 placearmies 33 2
Jibs_PC#6857703031193891840 attack 25 23
Jibs_PC#6857703031193891840 roll 3
Jibs_PC#6857703031193891840 roll 1
DICE 3 1 5 4 3 0 
Jibs_PC#6857703031193891840 move 12
Jibs_PC#6857703031193891840 attack 23 21
Jibs_PC#6857703031193891840 roll 3
Jibs_PC#6857703031193891840 roll 2
DICE 3 2 3 2 1 4 3 
Jibs_PC#6857703031193891840 roll 3
Jibs_PC#6857703031193891840 roll 2
DICE 3 2 4 2 2 3 1 
Jibs_PC#6857703031193891840 roll 3
Jibs_PC#6857703031193891840 roll 2
DICE 3 2 5 2 2 1 0 
Jibs_PC#6857703031193891840 roll 3
Jibs_PC#6857703031193891840 roll 1
DICE 3 1 5 3 0 5 
Jibs_PC#6857703031193891840 roll 3
Jibs_PC#6857703031193891840 roll 1
DICE 3 1 1 1 1 2 
Jibs_PC#6857703031193891840 roll 3
Jibs_PC#6857703031193891840 roll 1
DICE 3 1 4 2 0 1 
Jibs_PC#6857703031193891840 move 7
Jibs_PC#6857703031193891840 attack 21 12
Jibs_PC#6857703031193891840 roll 3
Jibs_PC#6857703031193891840 roll 1
DICE 3 1 3 2 2 0 
Jibs_PC#6857703031193891840 move 5
Jibs_PC#6857703031193891840 attack 12 13
Jibs_PC#6857703031193891840 roll 3
Jibs_PC#6857703031193891840 roll 1
DICE 3 1 3 2 1 5 
Jibs_PC#6857703031193891840 roll 3
Jibs_PC#6857703031193891840 roll 1
DICE 3 1 5 2 1 2 
Jibs_PC#6857703031193891840 attack 13 11
Jibs_PC#6857703031193891840 roll 2
Jibs_PC#6857703031193891840 roll 1
DICE 2 1 5 4 4 
Jibs_PC#6857703031193891840 attack 33 29
Jibs_PC#6857703031193891840 roll 3
Jibs_PC#6857703031193891840 roll 1
DICE 3 1 5 5 3 4 
Jibs_PC#6857703031193891840 move 4
Jibs_PC#6857703031193891840 endattack
Jibs_PC#6857703031193891840 movearmies 24 21 5
CARD 42
Jibs_PC#6857703031193891840 placearmies 20 4
Jibs_PC#6857703031193891840 placearmies 16 1
Jibs_PC#6857703031193891840 placearmies 19 3
Jibs_PC#6857703031193891840 attack 20 22
Jibs_PC#6857703031193891840 roll 3
Jibs_PC#6857703031193891840 roll 1
DICE 3 1 2 1 1 4 
Jibs_PC#6857703031193891840 roll 3
Jibs_PC#6857703031193891840 roll 1
DICE 3 1 3 1 0 0 
Jibs_PC#6857703031193891840 attack 22 24
Jibs_PC#6857703031193891840 roll 2
Jibs_PC#6857703031193891840 roll 1
DICE 2 1 3 2 4 
Jibs_PC#6857703031193891840 retreat
Jibs_PC#6857703031193891840 attack 19 21
Jibs_PC#6857703031193891840 roll 3
Jibs_PC#6857703031193891840 roll 2
DICE 3 2 5 2 2 2 0 
Jibs_PC#6857703031193891840 roll 3
Jibs_PC#6857703031193891840 roll 2
DICE 3 2 5 3 1 5 4 
Jibs_PC#6857703031193891840 retreat
Jibs_PC#6857703031193891840 endattack
Jibs_PC#6857703031193891840 movearmies 22 20 1
CARD 17
Jibs_PC#6857703031193891840 trade 14 15 29
Jibs_PC#6857703031193891840 placearmies 27 1
Jibs_PC#6857703031193891840 placearmies 27 12
Jibs_PC#6857703031193891840 attack 27 29
Jibs_PC#6857703031193891840 roll 3
Jibs_PC#6857703031193891840 roll 2
DICE 3 2 5 1 1 3 2 
Jibs_PC#6857703031193891840 roll 3
Jibs_PC#6857703031193891840 roll 2
DICE 3 2 5 4 3 0 0 
Jibs_PC#6857703031193891840 roll 3
Jibs_PC#6857703031193891840 roll 1
DICE 3 1 4 3 1 1 
Jibs_PC#6857703031193891840 move 14
Jibs_PC#6857703031193891840 attack 29 33
Jibs_PC#6857703031193891840 roll 3
Jibs_PC#6857703031193891840 roll 1
DICE 3 1 5 4 0 2 
Jibs_PC#6857703031193891840 move 13
Jibs_PC#6857703031193891840 attack 33 39
Jibs_PC#6857703031193891840 roll 3
Jibs_PC#6857703031193891840 roll 1
DICE 3 1 4 3 2 5 
Jibs_PC#6857703031193891840 roll 3
Jibs_PC#6857703031193891840 roll 1
DICE 3 1 5 4 3 5 
Jibs_PC#6857703031193891840 roll 3
Jibs_PC#6857703031193891840 roll 1
DICE 3 1 4 1 1 2 
Jibs_PC#6857703031193891840 move 10
Jibs_PC#6857703031193891840 attack 39 40
Jibs_PC#6857703031193891840 roll 3
Jibs_PC#6857703031193891840 roll 2
DICE 3 2 3 1 0 2 0 
Jibs_PC#6857703031193891840 roll 3
Jibs_PC#6857703031193891840 roll 1
DICE 3 1 5 5 0 1 
Jibs_PC#6857703031193891840 move 9
Jibs_PC#6857703031193891840 attack 40 41
Jibs_PC#6857703031193891840 roll 3
Jibs_PC#6857703031193891840 roll 1
DICE 3 1 4 3 2 2 
Jibs_PC#6857703031193891840 move 5
Jibs_PC#6857703031193891840 attack 41 42
Jibs_PC#6857703031193891840 roll 3
Jibs_PC#6857703031193891840 roll 1
DICE 3 1 4 4 0 2 
Jibs_PC#6857703031193891840 move 3
Jibs_PC#6857703031193891840 endattack
Jibs_PC#6857703031193891840 movearmies 40 39 2
CARD 34
Jibs_PC#6857703031193891840 placearmies 10 3
Jibs_PC#6857703031193891840 attack 10 11
Jibs_PC#6857703031193891840 roll 3
Jibs_PC#6857703031193891840 roll 2
DICE 3 2 3 1 0 5 5 
Jibs_PC#6857703031193891840 retreat
Jibs_PC#6857703031193891840 attack 1 38
Jibs_PC#6857703031193891840 roll 3
Jibs_PC#6857703031193891840 roll 1
DICE 3 1 5 1 0 4 
Jibs_PC#6857703031193891840 move 4
Jibs_PC#6857703031193891840 endattack
Jibs_PC#6857703031193891840 nomove
CARD 21
Jibs_PC#6857703031193891840 placearmies 11 3
Jibs_PC#6857703031193891840 attack 21 19
Jibs_PC#6857703031193891840 roll 3
Jibs_PC#6857703031193891840 roll 2
DICE 3 2 2 0 0 5 1 
Jibs_PC#6857703031193891840 retreat
Jibs_PC#6857703031193891840 attack 11 10
Jibs_PC#6857703031193891840 roll 3
Jibs_PC#6857703031193891840 roll 2
DICE 3 2 3 1 1 2 1 
Jibs_PC#6857703031193891840 roll 3
Jibs_PC#6857703031193891840 roll 1
DICE 3 1 5 3 0 3 
Jibs_PC#6857703031193891840 attack 21 22
Jibs_PC#6857703031193891840 roll 2
Jibs_PC#6857703031193891840 roll 1
DICE 2 1 5 2 2 
Jibs_PC#6857703031193891840 endattack
Jibs_PC#6857703031193891840 nomove
CARD 23
Jibs_PC#6857703031193891840 trade 27 13 17
Jibs_PC#6857703031193891840 placearmies 19 5
Jibs_PC#6857703031193891840 placearmies 19 13
Jibs_PC#6857703031193891840 attack 19 21
Jibs_PC#6857703031193891840 roll 3
Jibs_PC#6857703031193891840 roll 1
DICE 3 1 3 1 1 1 
Jibs_PC#6857703031193891840 move 20
Jibs_PC#6857703031193891840 attack 21 22
Jibs_PC#6857703031193891840 roll 3
Jibs_PC#6857703031193891840 roll 2
DICE 3 2 5 2 0 4 2 
Jibs_PC#6857703031193891840 roll 3
Jibs_PC#6857703031193891840 roll 1
DICE 3 1 3 1 0 0 
Jibs_PC#6857703031193891840 move 17
Jibs_PC#6857703031193891840 attack 22 31
Jibs_PC#6857703031193891840 roll 3
Jibs_PC#6857703031193891840 roll 1
DICE 3 1 5 1 0 5 
Jibs_PC#6857703031193891840 roll 3
Jibs_PC#6857703031193891840 roll 1
DICE 3 1 2 1 0 4 
Jibs_PC#6857703031193891840 roll 3
Jibs_PC#6857703031193891840 roll 1
DICE 3 1 5 2 0 4 
Jibs_PC#6857703031193891840 move 13
Jibs_PC#6857703031193891840 attack 31 32
Jibs_PC#6857703031193891840 roll 3
Jibs_PC#6857703031193891840 roll 1
DICE 3 1 5 4 1 4 
Jibs_PC#6857703031193891840 move 12
Jibs_PC#6857703031193891840 attack 32 33
Jibs_PC#6857703031193891840 roll 3
Jibs_PC#6857703031193891840 roll 1
DICE 3 1 3 2 1 3 
Jibs_PC#6857703031193891840 roll 3
Jibs_PC#6857703031193891840 roll 1
DICE 3 1 5 3 3 5 
Jibs_PC#6857703031193891840 roll 3
Jibs_PC#6857703031193891840 roll 1
DICE 3 1 5 2 2 4 
Jibs_PC#6857703031193891840 move 8
Jibs_PC#6857703031193891840 attack 33 39
Jibs_PC#6857703031193891840 roll 3
Jibs_PC#6857703031193891840 roll 2
DICE 3 2 5 2 0 3 1 
Jibs_PC#6857703031193891840 roll 3
Jibs_PC#6857703031193891840 roll 1
DICE 3 1 2 2 2 1 
Jibs_PC#6857703031193891840 move 7
Jibs_PC#6857703031193891840 attack 39 41
Jibs_PC#6857703031193891840 roll 3
Jibs_PC#6857703031193891840 roll 2
DICE 3 2 2 0 0 4 1 
Jibs_PC#6857703031193891840 roll 3
Jibs_PC#6857703031193891840 roll 2
DICE 3 2 3 2 1 5 2 
Jibs_PC#6857703031193891840 retreat
Jibs_PC#6857703031193891840 attack 14 6
Jibs_PC#6857703031193891840 roll 3
Jibs_PC#6857703031193891840 roll 2
DICE 3 2 3 2 2 3 1 
Jibs_PC#6857703031193891840 roll 3
Jibs_PC#6857703031193891840 roll 2
DICE 3 2 3 2 2 4 0 
Jibs_PC#6857703031193891840 retreat
Jibs_PC#6857703031193891840 endattack
Jibs_PC#6857703031193891840 movearmies 16 30 1
CARD 26
Jibs_PC#6857703031193891840 placearmies 27 3
Jibs_PC#6857703031193891840 attack 27 35
Jibs_PC#6857703031193891840 roll 3
Jibs_PC#6857703031193891840 roll 1
DICE 3 1 5 4 2 4 
Jibs_PC#6857703031193891840 endattack
Jibs_PC#6857703031193891840 movearmies 42 40 2
CARD 36
Jibs_PC#6857703031193891840 placearmies 38 3
Jibs_PC#6857703031193891840 attack 38 37
Jibs_PC#6857703031193891840 roll 3
Jibs_PC#6857703031193891840 roll 1
DICE 3 1 4 3 1 1 
Jibs_PC#6857703031193891840 move 6
Jibs_PC#6857703031193891840 endattack
Jibs_PC#6857703031193891840 nomove
CARD 35
Jibs_PC#6857703031193891840 trade 22 33 23
Jibs_PC#6857703031193891840 placearmies 23 7
Jibs_PC#6857703031193891840 placearmies 12 1
Jibs_PC#6857703031193891840 placearmies 8 7
Jibs_PC#6857703031193891840 attack 23 21
Jibs_PC#6857703031193891840 roll 3
Jibs_PC#6857703031193891840 roll 2
DICE 3 2 3 3 0 2 2 
Jibs_PC#6857703031193891840 move 9
Jibs_PC#6857703031193891840 attack 21 20
Jibs_PC#6857703031193891840 roll 3
Jibs_PC#6857703031193891840 roll 2
DICE 3 2 2 0 0 5 5 
Jibs_PC#6857703031193891840 roll 3
Jibs_PC#6857703031193891840 roll 2
DICE 3 2 5 2 0 3 2 
Jibs_PC#6857703031193891840 roll 3
Jibs_PC#6857703031193891840 roll 1
DICE 3 1 5 4 3 1 
Jibs_PC#6857703031193891840 move 4
Jibs_PC#6857703031193891840 attack 20 22
Jibs_PC#6857703031193891840 roll 3
Jibs_PC#6857703031193891840 roll 2
DICE 3 2 2 1 0 4 1 
Jibs_PC#6857703031193891840 retreat
Jibs_PC#6857703031193891840 attack 10 5
Jibs_PC#6857703031193891840 roll 2
Jibs_PC#6857703031193891840 roll 1
DICE 2 1 3 1 1 
Jibs_PC#6857703031193891840 attack 8 7
Jibs_PC#6857703031193891840 roll 3
Jibs_PC#6857703031193891840 roll 1
DICE 3 1 4 0 0 5 
Jibs_PC#6857703031193891840 roll 3
Jibs_PC#6857703031193891840 roll 1
DICE 3 1 4 2 0 3 
Jibs_PC#6857703031193891840 move 9
Jibs_PC#6857703031193891840 attack 7 6
Jibs_PC#6857703031193891840 roll 3
Jibs_PC#6857703031193891840 roll 1
DICE 3 1 3 2 2 4 
Jibs_PC#6857703031193891840 roll 3
Jibs_PC#6857703031193891840 roll 1
DICE 3 1 4 3 1 2 
Jibs_PC#6857703031193891840 move 7
Jibs_PC#6857703031193891840 attack 6 2
Jibs_PC#6857703031193891840 roll 3
Jibs_PC#6857703031193891840 roll 1
DICE 3 1 2 2 0 2 
Jibs_PC#6857703031193891840 roll 3
Jibs_PC#6857703031193891840 roll 1
DICE 3 1 5 1 1 1 
Jibs_PC#6857703031193891840 move 5
Jibs_PC#6857703031193891840 attack 2 3
Jibs_PC#6857703031193891840 roll 3
Jibs_PC#6857703031193891840 roll 1
DICE 3 1 4 4 4 2 
Jibs_PC#6857703031193891840 move 4
Jibs_PC#6857703031193891840 attack 3 4
Jibs_PC#6857703031193891840 roll 3
Jibs_PC#6857703031193891840 roll 1
DICE 3 1 4 4 1 5 
Jibs_PC#6857703031193891840 roll 2
Jibs_PC#6857703031193891840 roll 1
DICE 2 1 3 2 4 
Jibs_PC#6857703031193891840 retreat
Jibs_PC#6857703031193891840 endattack
Jibs_PC#6857703031193891840 movearmies 20 21 1
CARD 6
Jibs_PC#6857703031193891840 placearmies 39 3
Jibs_PC#6857703031193891840 placearmies 14 1
Jibs_PC#6857703031193891840 attack 39 41
Jibs_PC#6857703031193891840 roll 3
Jibs_PC#6857703031193891840 roll 2
DICE 3 2 1 1 0 5 4 
Jibs_PC#6857703031193891840 roll 3
Jibs_PC#6857703031193891840 roll 2
DICE 3 2 4 2 0 2 1 
Jibs_PC#6857703031193891840 endattack
Jibs_PC#6857703031193891840 movearmies 17 18 2
CARD 32
Jibs_PC#6857703031193891840 placearmies 40 1
Jibs_PC#6857703031193891840 placearmies 35 2
Jibs_PC#6857703031193891840 attack 40 41
Jibs_PC#6857703031193891840 roll 3
Jibs_PC#6857703031193891840 roll 2
DICE 3 2 1 1 0 2 0 
Jibs_PC#6857703031193891840 roll 3
Jibs_PC#6857703031193891840 roll 2
DICE 3 2 4 2 0 5 5 
Jibs_PC#6857703031193891840 retreat
Jibs_PC#6857703031193891840 attack 35 34
Jibs_PC#6857703031193891840 roll 3
Jibs_PC#6857703031193891840 roll 1
DICE 3 1 4 3 3 5 
Jibs_PC#6857703031193891840 roll 3
Jibs_PC#6857703031193891840 roll 1
DICE 3 1 5 0 0 0 
Jibs_PC#6857703031193891840 endattack
Jibs_PC#6857703031193891840 nomove
CARD 30
Jibs_PC#6857703031193891840 placearmies 9 2
Jibs_PC#6857703031193891840 placearmies 37 1
Jibs_PC#6857703031193891840 attack 9 5
Jibs_PC#6857703031193891840 roll 3
Jibs_PC#6857703031193891840 roll 2
DICE 3 2 5 2 0 3 2 
Jibs_PC#6857703031193891840 roll 3
Jibs_PC#6857703031193891840 roll 1
DICE 3 1 5 5 1 5 
Jibs_PC#6857703031193891840 roll 2
Jibs_PC#6857703031193891840 roll 1
DICE 2 1 5 1 4 
Jibs_PC#6857703031193891840 endattack
Jibs_PC#6857703031193891840 nomove
CARD 1
Jibs_PC#6857703031193891840 trade 16 42 6
Jibs_PC#6857703031193891840 placearmies 10 1
Jibs_PC#6857703031193891840 placearmies 21 3
Jibs_PC#6857703031193891840 placearmies 3 11
Jibs_PC#6857703031193891840 placearmies 21 2
Jibs_PC#6857703031193891840 attack 21 22
Jibs_PC#6857703031193891840 roll 3
Jibs_PC#6857703031193891840 roll 2
DICE 3 2 4 3 2 5 0 
Jibs_PC#6857703031193891840 roll 3
Jibs_PC#6857703031193891840 roll 1
DICE 3 1 5 5 2 2 
Jibs_PC#6857703031193891840 move 5
Jibs_PC#6857703031193891840 attack 3 4
Jibs_PC#6857703031193891840 roll 3
Jibs_PC#6857703031193891840 roll 1
DICE 3 1 2 1 0 4 
Jibs_PC#6857703031193891840 roll 3
Jibs_PC#6857703031193891840 roll 1
DICE 3 1 5 5 4 2 
Jibs_PC#6857703031193891840 move 10
Jibs_PC#6857703031193891840 attack 4 9
Jibs_PC#6857703031193891840 roll 3
Jibs_PC#6857703031193891840 roll 1
DICE 3 1 5 4 0 2 
Jibs_PC#6857703031193891840 move 6
Jibs_PC#6857703031193891840 attack 9 5
Jibs_PC#6857703031193891840 roll 3
Jibs_PC#6857703031193891840 roll 2
DICE 3 2 4 3 0 5 5 
Jibs_PC#6857703031193891840 roll 3
Jibs_PC#6857703031193891840 roll 2
DICE 3 2 5 5 3 1 0 
Jibs_PC#6857703031193891840 attack 22 31
Jibs_PC#6857703031193891840 roll 3
Jibs_PC#6857703031193891840 roll 1
DICE 3 1 5 1 1 4 
Jibs_PC#6857703031193891840 move 4
Jibs_PC#6857703031193891840 endattack
Jibs_PC#6857703031193891840 movearmies 12 21 1
CARD 10
Jibs_PC#6857703031193891840 placearmies 18 1
Jibs_PC#6857703031193891840 placearmies 18 3
Jibs_PC#6857703031193891840 attack 18 20
Jibs_PC#6857703031193891840 roll 3
Jibs_PC#6857703031193891840 roll 1
DICE 3 1 4 4 2 1 
Jibs_PC#6857703031193891840 move 6
Jibs_PC#6857703031193891840 attack 20 22
Jibs_PC#6857703031193891840 roll 3
Jibs_PC#6857703031193891840 roll 1
DICE 3 1 4 2 1 5 
Jibs_PC#6857703031193891840 roll 3
Jibs_PC#6857703031193891840 roll 1
DICE 3 1 5 5 3 5 
Jibs_PC#6857703031193891840 roll 3
Jibs_PC#6857703031193891840 roll 1
DICE 3 1 5 4 2 1 
Jibs_PC#6857703031193891840 attack 22 24
Jibs_PC#6857703031193891840 roll 2
Jibs_PC#6857703031193891840 roll 1
DICE 2 1 4 1 3 
Jibs_PC#6857703031193891840 endattack
Jibs_PC#6857703031193891840 movearmies 30 16 1
CARD 20
Jibs_PC#6857703031193891840 trade 8 34 30
Jibs_PC#6857703031193891840 placearmies 34 3
Jibs_PC#6857703031193891840 placearmies 40 7
Jibs_PC#6857703031193891840 placearmies 34 3
Jibs_PC#6857703031193891840 attack 40 41
Jibs_PC#6857703031193891840 roll 3
Jibs_PC#6857703031193891840 roll 2
DICE 3 2 4 3 2 3 2 
Jibs_PC#6857703031193891840 move 8
Jibs_PC#6857703031193891840 attack 41 39
Jibs_PC#6857703031193891840 roll 3
Jibs_PC#6857703031193891840 roll 1
DICE 3 1 3 2 1 3 
Jibs_PC#6857703031193891840 roll 3
Jibs_PC#6857703031193891840 roll 1
DICE 3 1 4 4 1 1 
Jibs_PC#6857703031193891840 move 6
Jibs_PC#6857703031193891840 attack 39 33
Jibs_PC#6857703031193891840 roll 3
Jibs_PC#6857703031193891840 roll 1
DICE 3 1 4 2 2 2 
Jibs_PC#6857703031193891840 move 5
Jibs_PC#6857703031193891840 attack 33 32
Jibs_PC#6857703031193891840 roll 3
Jibs_PC#6857703031193891840 roll 2
DICE 3 2 5 4 3 5 5 
Jibs_PC#6857703031193891840 retreat
Jibs_PC#6857703031193891840 attack 34 38
Jibs_PC#6857703031193891840 roll 3
Jibs_PC#6857703031193891840 roll 1
DICE 3 1 4 2 0 2 
Jibs_PC#6857703031193891840 move 10
Jibs_PC#6857703031193891840 attack 38 1
Jibs_PC#6857703031193891840 roll 3
Jibs_PC#6857703031193891840 roll 1
DICE 3 1 5 5 3 5 
Jibs_PC#6857703031193891840 roll 3
Jibs_PC#6857703031193891840 roll 1
DICE 3 1 5 3 2 0 
Jibs_PC#6857703031193891840 move 8
Jibs_PC#6857703031193891840 attack 1 3
Jibs_PC#6857703031193891840 roll 3
Jibs_PC#6857703031193891840 roll 2
DICE 3 2 5 4 2 5 2 
Jibs_PC#6857703031193891840 roll 3
Jibs_PC#6857703031193891840 roll 1
DICE 3 1 4 1 1 3 
Jibs_PC#6857703031193891840 move 6
Jibs_PC#6857703031193891840 endattack
Jibs_PC#6857703031193891840 nomove
CARD 37
Jibs_PC#6857703031193891840 trade 21 35 1
Jibs_PC#6857703031193891840 placearmies 37 7
Jibs_PC#6857703031193891840 attack 37 36
Jibs_PC#6857703031193891840 roll 3
Jibs_PC#6857703031193891840 roll 1
DICE 3 1 5 5 2 3 
Jibs_PC#6857703031193891840 move 13
Jibs_PC#6857703031193891840 attack 36 29
Jibs_PC#6857703031193891840 roll 3
Jibs_PC#6857703031193891840 roll 1
DICE 3 1 2 1 0 4 
Jibs_PC#6857703031193891840 roll 3
Jibs_PC#6857703031193891840 roll 1
DICE 3 1 4 3 0 5 
Jibs_PC#6857703031193891840 roll 3
Jibs_PC#6857703031193891840 roll 1
DICE 3 1 5 4 1 3 
Jibs_PC#6857703031193891840 move 10
Jibs_PC#6857703031193891840 attack 29 33
Jibs_PC#6857703031193891840 roll 3
Jibs_PC#6857703031193891840 roll 2
DICE 3 2 3 1 0 3 1 
Jibs_PC#6857703031193891840 roll 3
Jibs_PC#6857703031193891840 roll 2
DICE 3 2 5 5 1 2 0 
Jibs_PC#6857703031193891840 roll 3
Jibs_PC#6857703031193891840 roll 1
DICE 3 1 5 5 0 5 
Jibs_PC#6857703031193891840 roll 3
Jibs_PC#6857703031193891840 roll 1
DICE 3 1 3 1 1 3 
Jibs_PC#6857703031193891840 roll 3
Jibs_PC#6857703031193891840 roll 1
DICE 3 1 4 3 3 4 
Jibs_PC#6857703031193891840 retreat
Jibs_PC#6857703031193891840 attack 29 30
Jibs_PC#6857703031193891840 roll 3
Jibs_PC#6857703031193891840 roll 1
DICE 3 1 5 5 5 4 
Jibs_PC#6857703031193891840 move 4
Jibs_PC#6857703031193891840 endattack
Jibs_PC#6857703031193891840 nomove
CARD 30
Jibs_PC#6857703031193891840 placearmies 2 4
Jibs_PC#6857703031193891840 placearmies 7 1
Jibs_PC#6857703031193891840 placearmies 7 2
Jibs_PC#6857703031193891840 attack 31 16
Jibs_PC#6857703031193891840 roll 3
Jibs_PC#6857703031193891840 roll 2
DICE 3 2 3 1 0 3 0 
Jibs_PC#6857703031193891840 roll 2
Jibs_PC#6857703031193891840 roll 1
DICE 2 1 3 1 5 
Jibs_PC#6857703031193891840 retreat
Jibs_PC#6857703031193891840 attack 21 20
Jibs_PC#6857703031193891840 roll 2
Jibs_PC#6857703031193891840 roll 1
DICE 2 1 5 2 1 
Jibs_PC#6857703031193891840 attack 2 1
Jibs_PC#6857703031193891840 roll 3
Jibs_PC#6857703031193891840 roll 1
DICE 3 1 5 2 0 5 
Jibs_PC#6857703031193891840 roll 3
Jibs_PC#6857703031193891840 roll 1
DICE 3 1 5 5 1 4 
Jibs_PC#6857703031193891840 endattack
Jibs_PC#6857703031193891840 movearmies 20 21 1
CARD 18
Jibs_PC#6857703031193891840 trade 31 26 20
Jibs_PC#6857703031193891840 placearmies 24 2
Jibs_PC#6857703031193891840 placearmies 32 11
Jibs_PC#6857703031193891840 attack 32 33
Jibs_PC#6857703031193891840 roll 3
Jibs_PC#6857703031193891840 roll 1
DICE 3 1 5 4 1 1 
Jibs_PC#6857703031193891840 move 12
Jibs_PC#6857703031193891840 attack 33 39
Jibs_PC#6857703031193891840 roll 3
Jibs_PC#6857703031193891840 roll 1
DICE 3 1 4 1 0 2 
Jibs_PC#6857703031193891840 move 11
Jibs_PC#6857703031193891840 attack 39 41
Jibs_PC#6857703031193891840 roll 3
Jibs_PC#6857703031193891840 roll 1
DICE 3 1 5 2 0 2 
Jibs_PC#6857703031193891840 move 9
Jibs_PC#6857703031193891840 attack 41 42
Jibs_PC#6857703031193891840 roll 3
Jibs_PC#6857703031193891840 roll 1
DICE 3 1 3 1 0 4 
Jibs_PC#6857703031193891840 roll 3
Jibs_PC#6857703031193891840 roll 1
DICE 3 1 4 3 2 3 
Jibs_PC#6857703031193891840 move 5
Jibs_PC#6857703031193891840 attack 42 40
Jibs_PC#6857703031193891840 roll 3
Jibs_PC#6857703031193891840 roll 1
DICE 3 1 2 1 0 3 
Jibs_PC#6857703031193891840 roll 3
Jibs_PC#6857703031193891840 roll 1
DICE 3 1 5 5 1 4 
Jibs_PC#6857703031193891840 attack 24 26
Jibs_PC#6857703031193891840 roll 3
Jibs_PC#6857703031193891840 roll 1
DICE 3 1 5 5 1 4 
Jibs_PC#6857703031193891840 endattack
Jibs_PC#6857703031193891840 movearmies 39 33 1
CARD 33
Jibs_PC#6857703031193891840 placearmies 38 3
Jibs_PC#6857703031193891840 attack 38 36
Jibs_PC#6857703031193891840 roll 3
Jibs_PC#6857703031193891840 roll 1
DICE 3 1 5 5 2 1 
Jibs_PC#6857703031193891840 endattack
Jibs_PC#6857703031193891840 nomove
CARD 34
Jibs_PC#6857703031193891840 placearmies 30 1
Jibs_PC#6857703031193891840 placearmies 30 2
Jibs_PC#6857703031193891840 attack 30 28
Jibs_PC#6857703031193891840 roll 3
Jibs_PC#6857703031193891840 roll 1
DICE 3 1 5 4 4 4 
Jibs_PC#6857703031193891840 move 6
Jibs_PC#6857703031193891840 endattack
Jibs_PC#6857703031193891840 nomove
CARD 12
Jibs_PC#6857703031193891840 placearmies 7 7
Jibs_PC#6857703031193891840 attack 7 3
Jibs_PC#6857703031193891840 roll 3
Jibs_PC#6857703031193891840 roll 2
DICE 3 2 5 4 0 4 2 
Jibs_PC#6857703031193891840 roll 3
Jibs_PC#6857703031193891840 roll 2
DICE 3 2 5 3 2 3 2 
Jibs_PC#6857703031193891840 roll 3
Jibs_PC#6857703031193891840 roll 2
DICE 3 2 5 4 1 3 2 
Jibs_PC#6857703031193891840 move 3
Jibs_PC#6857703031193891840 endattack
Jibs_PC#6857703031193891840 movearmies 7 6 7
CARD 2
Jibs_PC#6857703031193891840 placearmies 16 4
Jibs_PC#6857703031193891840 placearmies 26 2
Jibs_PC#6857703031193891840 placearmies 16 1
Jibs_PC#6857703031193891840 attack 16 20
Jibs_PC#6857703031193891840 roll 3
Jibs_PC#6857703031193891840 roll 1
DICE 3 1 3 3 1 2 
Jibs_PC#6857703031193891840 move 4
Jibs_PC#6857703031193891840 attack 26 25
Jibs_PC#6857703031193891840 roll 3
Jibs_PC#6857703031193891840 roll 1
DICE 3 1 5 5 0 3 
Jibs_PC#6857703031193891840 move 4
Jibs_PC#6857703031193891840 attack 25 23
Jibs_PC#6857703031193891840 roll 3
Jibs_PC#6857703031193891840 roll 1
DICE 3 1 3 1 0 0 
Jibs_PC#6857703031193891840 attack 20 21
Jibs_PC#6857703031193891840 roll 3
Jibs_PC#6857703031193891840 roll 2
DICE 3 2 5 4 3 4 4 
Jibs_PC#6857703031193891840 roll 2
Jibs_PC#6857703031193891840 roll 1
DICE 2 1 4 0 0 
Jibs_PC#6857703031193891840 endattack
Jibs_PC#6857703031193891840 movearmies 23 21 2
CARD 25
Jibs_PC#6857703031193891840 trade 36 37 34
Jibs_PC#6857703031193891840 placearmies 36 13
Jibs_PC#6857703031193891840 attack 36 29
Jibs_PC#6857703031193891840 roll 3
Jibs_PC#6857703031193891840 roll 1
DICE 3 1 5 1 0 4 
Jibs_PC#6857703031193891840 move 17
Jibs_PC#6857703031193891840 attack 29 33
Jibs_PC#6857703031193891840 roll 3
Jibs_PC#6857703031193891840 roll 2
DICE 3 2 5 2 0 3 1 
Jibs_PC#6857703031193891840 move 16
Jibs_PC#6857703031193891840 attack 33 39
Jibs_PC#6857703031193891840 roll 3
Jibs_PC#6857703031193891840 roll 1
DICE 3 1 5 4 3 0 
Jibs_PC#6857703031193891840 move 15
Jibs_PC#6857703031193891840 attack 39 40
Jibs_PC#6857703031193891840 roll 3
Jibs_PC#6857703031193891840 roll 2
DICE 3 2 5 5 1 2 0 
Jibs_PC#6857703031193891840 roll 3
Jibs_PC#6857703031193891840 roll 1
DICE 3 1 4 2 0 3 
Jibs_PC#6857703031193891840 move 12
Jibs_PC#6857703031193891840 attack 40 41
Jibs_PC#6857703031193891840 roll 3
Jibs_PC#6857703031193891840 roll 2
DICE 3 2 4 0 0 3 0 
Jibs_PC#6857703031193891840 roll 3
Jibs_PC#6857703031193891840 roll 2
DICE 3 2 1 0 0 4 3 
Jibs_PC#6857703031193891840 roll 3
Jibs_PC#6857703031193891840 roll 2
DICE 3 2 5 3 1 5 5 
Jibs_PC#6857703031193891840 roll 3
Jibs_PC#6857703031193891840 roll 2
DICE 3 2 1 1 1 5 2 
Jibs_PC#6857703031193891840 roll 3
Jibs_PC#6857703031193891840 roll 2
DICE 3 2 2 0 0 5 3 
Jibs_PC#6857703031193891840 retreat
Jibs_PC#6857703031193891840 attack 40 42
Jibs_PC#6857703031193891840 roll 2
Jibs_PC#6857703031193891840 roll 1
DICE 2 1 3 2 1 
Jibs_PC#6857703031193891840 endattack
Jibs_PC#6857703031193891840 nomove
CARD 22
Jibs_PC#6857703031193891840 placearmies 28 2
Jibs_PC#6857703031193891840 placearmies 28 1
Jibs_PC#6857703031193891840 attack 28 16
Jibs_PC#6857703031193891840 roll 3
Jibs_PC#6857703031193891840 roll 2
DICE 3 2 5 4 3 3 1 
Jibs_PC#6857703031193891840 move 8
Jibs_PC#6857703031193891840 attack 16 31
Jibs_PC#6857703031193891840 roll 3
Jibs_PC#6857703031193891840 roll 2
DICE 3 2 5 4 2 3 3 
Jibs_PC#6857703031193891840 move 7
Jibs_PC#6857703031193891840 attack 31 22
Jibs_PC#6857703031193891840 roll 3
Jibs_PC#6857703031193891840 roll 1
DICE 3 1 3 2 0 2 
Jibs_PC#6857703031193891840 move 6
Jibs_PC#6857703031193891840 endattack
Jibs_PC#6857703031193891840 nomove
CARD 4
Jibs_PC#6857703031193891840 placearmies 6 11
Jibs_PC#6857703031193891840 attack 6 14
Jibs_PC#6857703031193891840 roll 3
Jibs_PC#6857703031193891840 roll 2
DICE 3 2 4 2 0 5 5 
Jibs_PC#6857703031193891840 roll 3
Jibs_PC#6857703031193891840 roll 2
DICE 3 2 5 4 3 4 2 
Jibs_PC#6857703031193891840 roll 3
Jibs_PC#6857703031193891840 roll 2
DICE 3 2 1 0 0 5 5 
Jibs_PC#6857703031193891840 roll 3
Jibs_PC#6857703031193891840 roll 2
DICE 3 2 4 3 1 5 3 
Jibs_PC#6857703031193891840 roll 3
Jibs_PC#6857703031193891840 roll 2
DICE 3 2 5 3 0 5 1 
Jibs_PC#6857703031193891840 roll 3
Jibs_PC#6857703031193891840 roll 1
DICE 3 1 5 3 1 5 
Jibs_PC#6857703031193891840 roll 3
Jibs_PC#6857703031193891840 roll 1
DICE 3 1 1 1 1 4 
Jibs_PC#6857703031193891840 roll 3
Jibs_PC#6857703031193891840 roll 1
DICE 3 1 4 4 0 1 
Jibs_PC#6857703031193891840 move 11
Jibs_PC#6857703031193891840 attack 14 17
Jibs_PC#6857703031193891840 roll 3
Jibs_PC#6857703031193891840 roll 1
DICE 3 1 3 1 1 5 
Jibs_PC#6857703031193891840 roll 3
Jibs_PC#6857703031193891840 roll 1
DICE 3 1 5 4 1 1 
Jibs_PC#6857703031193891840 move 8
Jibs_PC#6857703031193891840 attack 17 19
Jibs_PC#6857703031193891840 roll 3
Jibs_PC#6857703031193891840 roll 1
DICE 3 1 5 3 0 4 
Jibs_PC#6857703031193891840 move 7
Jibs_PC#6857703031193891840 attack 19 20
Jibs_PC#6857703031193891840 roll 3
Jibs_PC#6857703031193891840 roll 1
DICE 3 1 5 5 0 5 
Jibs_PC#6857703031193891840 roll 3
Jibs_PC#6857703031193891840 roll 1
DICE 3 1 5 4 3 0 
Jibs_PC#6857703031193891840 move 5
Jibs_PC#6857703031193891840 attack 20 18
Jibs_PC#6857703031193891840 roll 3
Jibs_PC#6857703031193891840 roll 1
DICE 3 1 2 2 0 2 
Jibs_PC#6857703031193891840 roll 3
Jibs_PC#6857703031193891840 roll 1
DICE 3 1 5 3 3 4 
Jibs_PC#6857703031193891840 attack 18 16
Jibs_PC#6857703031193891840 roll 2
Jibs_PC#6857703031193891840 roll 1
DICE 2 1 2 0 0 
Jibs_PC#6857703031193891840 endattack
Jibs_PC#6857703031193891840 movearmies 10 12 1
CARD 29
Jibs_PC#6857703031193891840 placearmies 21 2
Jibs_PC#6857703031193891840 placearmies 21 1
Jibs_PC#6857703031193891840 attack 21 12
Jibs_PC#6857703031193891840 roll 3
Jibs_PC#6857703031193891840 roll 2
DICE 3 2 4 3 2 4 3 
Jibs_PC#6857703031193891840 roll 3
Jibs_PC#6857703031193891840 roll 2
DICE 3 2 1 1 0 3 1 
Jibs_PC#6857703031193891840 retreat
Jibs_PC#6857703031193891840 attack 21 19
Jibs_PC#6857703031193891840 roll 2
Jibs_PC#6857703031193891840 roll 1
DICE 2 1 5 0 2 
Jibs_PC#6857703031193891840 endattack
Jibs_PC#6857703031193891840 nomove
CARD wildcard
Jibs_PC#6857703031193891840 placearmies 39 2
Jibs_PC#6857703031193891840 placearmies 39 1
Jibs_PC#6857703031193891840 attack 39 41
Jibs_PC#6857703031193891840 roll 3
Jibs_PC#6857703031193891840 roll 2
DICE 3 2 5 3 3 2 0 
Jibs_PC#6857703031193891840 move 3
Jibs_PC#6857703031193891840 endattack
Jibs_PC#6857703031193891840 movearmies 39 33 2
CARD 38
Jibs_PC#6857703031193891840 placearmies 22 3
Jibs_PC#6857703031193891840 attack 22 21
Jibs_PC#6857703031193891840 roll 3
Jibs_PC#6857703031193891840 roll 1
DICE 3 1 4 4 2 5 
Jibs_PC#6857703031193891840 roll 3
Jibs_PC#6857703031193891840 roll 1
DICE 3 1 4 4 1 4 
Jibs_PC#6857703031193891840 roll 3
Jibs_PC#6857703031193891840 roll 1
DICE 3 1 4 2 0 2 
Jibs_PC#6857703031193891840 move 6
Jibs_PC#6857703031193891840 attack 21 12
Jibs_PC#6857703031193891840 roll 3
Jibs_PC#6857703031193891840 roll 2
DICE 3 2 3 3 1 4 3 
Jibs_PC#6857703031193891840 roll 3
Jibs_PC#6857703031193891840 roll 2
DICE 3 2 1 0 0 1 1 
Jibs_PC#6857703031193891840 retreat
Jibs_PC#6857703031193891840 endattack
Jibs_PC#6857703031193891840 nomove
CARD 3
Jibs_PC#6857703031193891840 placearmies 14 3
Jibs_PC#6857703031193891840 placearmies 1 10
Jibs_PC#6857703031193891840 attack 14 15
Jibs_PC#6857703031193891840 roll 3
Jibs_PC#6857703031193891840 roll 1
DICE 3 1 5 5 4 2 
Jibs_PC#6857703031193891840 move 3
Jibs_PC#6857703031193891840 attack 1 38
Jibs_PC#6857703031193891840 roll 3
Jibs_PC#6857703031193891840 roll 1
DICE 3 1 4 1 0 2 
Jibs_PC#6857703031193891840 move 12
Jibs_PC#6857703031193891840 attack 38 37
Jibs_PC#6857703031193891840 roll 3
Jibs_PC#6857703031193891840 roll 1
DICE 3 1 5 3 1 2 
Jibs_PC#6857703031193891840 move 10
Jibs_PC#6857703031193891840 attack 37 36
Jibs_PC#6857703031193891840 roll 3
Jibs_PC#6857703031193891840 roll 1
DICE 3 1 5 0 0 0 
Jibs_PC#6857703031193891840 move 9
Jibs_PC#6857703031193891840 attack 36 35
Jibs_PC#6857703031193891840 roll 3
Jibs_PC#6857703031193891840 roll 1
DICE 3 1 5 2 0 0 
Jibs_PC#6857703031193891840 move 8
Jibs_PC#6857703031193891840 attack 35 34
Jibs_PC#6857703031193891840 roll 3
Jibs_PC#6857703031193891840 roll 1
DICE 3 1 2 1 0 5 
Jibs_PC#6857703031193891840 roll 3
Jibs_PC#6857703031193891840 roll 1
DICE 3 1 5 5 3 3 
Jibs_PC#6857703031193891840 move 5
Jibs_PC#6857703031193891840 attack 34 27
Jibs_PC#6857703031193891840 roll 3
Jibs_PC#6857703031193891840 roll 1
DICE 3 1 4 2 0 3 
Jibs_PC#6857703031193891840 move 4
Jibs_PC#6857703031193891840 attack 27 29
Jibs_PC#6857703031193891840 roll 3
Jibs_PC#6857703031193891840 roll 1
DICE 3 1 5 3 1 1 
Jibs_PC#6857703031193891840 attack 29 32
Jibs_PC#6857703031193891840 roll 2
Jibs_PC#6857703031193891840 roll 1
DICE 2 1 5 0 2 
Jibs_PC#6857703031193891840 endattack
Jibs_PC#6857703031193891840 movearmies 32 29 1
CARD 23
Jibs_PC#6857703031193891840 trade 32 33 wildcard
Jibs_PC#6857703031193891840 placearmies 19 2
Jibs_PC#6857703031193891840 placearmies 19 7
Jibs_PC#6857703031193891840 placearmies 19 1
Jibs_PC#6857703031193891840 placearmies 19 2
Jibs_PC#6857703031193891840 placearmies 19 1
Jibs_PC#6857703031193891840 attack 19 21
Jibs_PC#6857703031193891840 roll 3
Jibs_PC#6857703031193891840 roll 2
DICE 3 2 3 0 0 3 1 
Jibs_PC#6857703031193891840 roll 3
Jibs_PC#6857703031193891840 roll 2
DICE 3 2 3 2 1 3 0 
Jibs_PC#6857703031193891840 roll 3
Jibs_PC#6857703031193891840 roll 1
DICE 3 1 5 4 0 3 
Jibs_PC#6857703031193891840 move 11
Jibs_PC#6857703031193891840 attack 21 22
Jibs_PC#6857703031193891840 roll 3
Jibs_PC#6857703031193891840 roll 1
DICE 3 1 5 4 1 0 
Jibs_PC#6857703031193891840 move 9
Jibs_PC#6857703031193891840 attack 22 31
Jibs_PC#6857703031193891840 roll 3
Jibs_PC#6857703031193891840 roll 1
DICE 3 1 5 2 2 2 
Jibs_PC#6857703031193891840 move 7
Jibs_PC#6857703031193891840 attack 31 30
Jibs_PC#6857703031193891840 roll 3
Jibs_PC#6857703031193891840 roll 1
DICE 3 1 3 2 0 3 
Jibs_PC#6857703031193891840 roll 3
Jibs_PC#6857703031193891840 roll 1
DICE 3 1 5 3 2 3 
Jibs_PC#6857703031193891840 move 5
Jibs_PC#6857703031193891840 attack 30 28
Jibs_PC#6857703031193891840 roll 3
Jibs_PC#6857703031193891840 roll 1
DICE 3 1 3 2 0 0 
Jibs_PC#6857703031193891840 move 4
Jibs_PC#6857703031193891840 trade 25 9 12
Jibs_PC#6857703031193891840 placearmies 21 4
Jibs_PC#6857703031193891840 placearmies 21 4
Jibs_PC#6857703031193891840 attack 21 12
Jibs_PC#6857703031193891840 roll 3
Jibs_PC#6857703031193891840 roll 2
DICE 3 2 4 3 0 4 0 
Jibs_PC#6857703031193891840 roll 3
Jibs_PC#6857703031193891840 roll 1
DICE 3 1 5 4 0 4 
Jibs_PC#6857703031193891840 move 7
Jibs_PC#6857703031193891840 attack 12 13
Jibs_PC#6857703031193891840 roll 3
Jibs_PC#6857703031193891840 roll 1
DICE 3 1 4 1 0 2 
Jibs_PC#6857703031193891840 move 6
Jibs_PC#6857703031193891840 attack 13 11
Jibs_PC#6857703031193891840 roll 3
Jibs_PC#6857703031193891840 roll 1
DICE 3 1 2 1 0 0 
Jibs_PC#6857703031193891840 move 5
Jibs_PC#6857703031193891840 attack 11 10
Jibs_PC#6857703031193891840 roll 3
Jibs_PC#6857703031193891840 roll 1
DICE 3 1 1 0 0 1 
Jibs_PC#6857703031193891840 roll 3
Jibs_PC#6857703031193891840 roll 1
DICE 3 1 5 4 1 2 
Jibs_PC#6857703031193891840 attack 28 16
Jibs_PC#6857703031193891840 roll 3
Jibs_PC#6857703031193891840 roll 2
DICE 3 2 5 5 0 4 3 
Jibs_PC#6857703031193891840 attack 16 20
Jibs_PC#6857703031193891840 roll 2
Jibs_PC#6857703031193891840 roll 1
DICE 2 1 5 1 2 
Jibs_PC#6857703031193891840 endattack
Jibs_PC#6857703031193891840 movearmies 22 20 1
CARD 40
Jibs_PC#6857703031193891840 placearmies 33 1
Jibs_PC#6857703031193891840 placearmies 33 4
Jibs_PC#6857703031193891840 attack 33 29
Jibs_PC#6857703031193891840 roll 3
Jibs_PC#6857703031193891840 roll 2
DICE 3 2 2 2 0 5 0 
Jibs_PC#6857703031193891840 roll 3
Jibs_PC#6857703031193891840 roll 1
DICE 3 1 5 4 3 1 
Jibs_PC#6857703031193891840 move 5
Jibs_PC#6857703031193891840 endattack
Jibs_PC#6857703031193891840 movearmies 29 33 4
CARD 39
Jibs_PC#6857703031193891840 trade 18 29 23
Jibs_PC#6857703031193891840 placearmies 32 13
Jibs_PC#6857703031193891840 placearmies 27 1
Jibs_PC#6857703031193891840 placearmies 36 1
Jibs_PC#6857703031193891840 placearmies 17 1
Jibs_PC#6857703031193891840 placearmies 32 1
Jibs_PC#6857703031193891840 attack 32 33
Jibs_PC#6857703031193891840 roll 3
Jibs_PC#6857703031193891840 roll 2
DICE 3 2 5 3 0 3 2 
Jibs_PC#6857703031193891840 roll 3
Jibs_PC#6857703031193891840 roll 2
DICE 3 2 5 2 1 2 0 
Jibs_PC#6857703031193891840 roll 3
Jibs_PC#6857703031193891840 roll 2
DICE 3 2 5 3 0 2 1 
Jibs_PC#6857703031193891840 move 14
Jibs_PC#6857703031193891840 attack 33 39
Jibs_PC#6857703031193891840 roll 3
Jibs_PC#6857703031193891840 roll 1
DICE 3 1 3 3 0 2 
Jibs_PC#6857703031193891840 move 13
Jibs_PC#6857703031193891840 attack 39 40
Jibs_PC#6857703031193891840 roll 3
Jibs_PC#6857703031193891840 roll 1
DICE 3 1 5 2 1 2 
Jibs_PC#6857703031193891840 move 12
Jibs_PC#6857703031193891840 attack 18 16
Jibs_PC#6857703031193891840 roll 2
Jibs_PC#6857703031193891840 roll 1
DICE 2 1 3 1 3 
Jibs_PC#6857703031193891840 retreat
Jibs_PC#6857703031193891840 attack 15 16
Jibs_PC#6857703031193891840 roll 2
Jibs_PC#6857703031193891840 roll 1
DICE 2 1 4 2 4 
Jibs_PC#6857703031193891840 retreat
Jibs_PC#6857703031193891840 attack 40 42
Jibs_PC#6857703031193891840 roll 3
Jibs_PC#6857703031193891840 roll 2
DICE 3 2 3 2 0 5 5 
Jibs_PC#6857703031193891840 roll 3
Jibs_PC#6857703031193891840 roll 2
DICE 3 2 5 5 2 5 4 
Jibs_PC#6857703031193891840 roll 3
Jibs_PC#6857703031193891840 roll 1
DICE 3 1 4 4 1 2 
Jibs_PC#6857703031193891840 move 8
Jibs_PC#6857703031193891840 attack 42 41
Jibs_PC#6857703031193891840 roll 3
Jibs_PC#6857703031193891840 roll 2
DICE 3 2 5 4 2 4 0 
Jibs_PC#6857703031193891840 roll 3
Jibs_PC#6857703031193891840 roll 1
DICE 3 1 4 2 2 4 
Jibs_PC#6857703031193891840 roll 3
Jibs_PC#6857703031193891840 roll 1
DICE 3 1 5 4 3 1 
Jibs_PC#6857703031193891840 move 3
Jibs_PC#6857703031193891840 endattack
Jibs_PC#6857703031193891840 movearmies 18 15 1
CARD wildcard
Jibs_PC#6857703031193891840 trade 30 4 3
Jibs_PC#6857703031193891840 placearmies 30 2
Jibs_PC#6857703031193891840 placearmies 30 6
Jibs_PC#6857703031193891840 placearmies 10 5
Jibs_PC#6857703031193891840 placearmies 30 1
Jibs_PC#6857703031193891840 attack 30 29
Jibs_PC#6857703031193891840 roll 3
Jibs_PC#6857703031193891840 roll 1
DICE 3 1 2 2 0 2 
Jibs_PC#6857703031193891840 roll 3
Jibs_PC#6857703031193891840 roll 1
DICE 3 1 5 4 1 1 
Jibs_PC#6857703031193891840 move 10
Jibs_PC#6857703031193891840 attack 10 5
Jibs_PC#6857703031193891840 roll 3
Jibs_PC#6857703031193891840 roll 2
DICE 3 2 0 0 0 4 3 
Jibs_PC#6857703031193891840 roll 3
Jibs_PC#6857703031193891840 roll 2
DICE 3 2 2 2 2 5 4 
Jibs_PC#6857703031193891840 retreat
Jibs_PC#6857703031193891840 attack 29 36
Jibs_PC#6857703031193891840 roll 3
Jibs_PC#6857703031193891840 roll 2
DICE 3 2 5 4 0 5 3 
Jibs_PC#6857703031193891840 roll 3
Jibs_PC#6857703031193891840 roll 1
DICE 3 1 4 2 1 1 
Jibs_PC#6857703031193891840 move 8
Jibs_PC#6857703031193891840 attack 36 38
Jibs_PC#6857703031193891840 roll 3
Jibs_PC#6857703031193891840 roll 2
DICE 3 2 5 1 0 4 0 
Jibs_PC#6857703031193891840 move 7
Jibs_PC#6857703031193891840 attack 38 1
Jibs_PC#6857703031193891840 roll 3
Jibs_PC#6857703031193891840 roll 1
DICE 3 1 4 4 3 1 
Jibs_PC#6857703031193891840 move 6
Jibs_PC#6857703031193891840 attack 1 2
Jibs_PC#6857703031193891840 roll 3
Jibs_PC#6857703031193891840 roll 1
DICE 3 1 5 4 1 5 
Jibs_PC#6857703031193891840 roll 3
Jibs_PC#6857703031193891840 roll 1
DICE 3 1 5 4 1 0 
Jibs_PC#6857703031193891840 move 4
Jibs_PC#6857703031193891840 endattack
Jibs_PC#6857703031193891840 movearmies 21 19 1
CARD 19
Jibs_PC#6857703031193891840 trade 10 2 wildcard
Jibs_PC#6857703031193891840 placearmies 3 9
Jibs_PC#6857703031193891840 placearmies 33 1
Jibs_PC#6857703031193891840 placearmies 5 6
Jibs_PC#6857703031193891840 placearmies 5 1
Jibs_PC#6857703031193891840 attack 5 10
Jibs_PC#6857703031193891840 roll 3
Jibs_PC#6857703031193891840 roll 2
DICE 3 2 5 5 5 4 3 
Jibs_PC#6857703031193891840 roll 3
Jibs_PC#6857703031193891840 roll 2
DICE 3 2 4 3 2 3 2 
Jibs_PC#6857703031193891840 move 9
Jibs_PC#6857703031193891840 attack 10 12
Jibs_PC#6857703031193891840 roll 3
Jibs_PC#6857703031193891840 roll 1
DICE 3 1 3 3 0 1 
Jibs_PC#6857703031193891840 move 8
Jibs_PC#6857703031193891840 attack 12 21
Jibs_PC#6857703031193891840 roll 3
Jibs_PC#6857703031193891840 roll 1
DICE 3 1 5 4 3 0 
Jibs_PC#6857703031193891840 move 7
Jibs_PC#6857703031193891840 attack 3 1
Jibs_PC#6857703031193891840 roll 3
Jibs_PC#6857703031193891840 roll 1
DICE 3 1 3 1 1 3 
Jibs_PC#6857703031193891840 roll 3
Jibs_PC#6857703031193891840 roll 1
DICE 3 1 4 0 0 4 
Jibs_PC#6857703031193891840 roll 3
Jibs_PC#6857703031193891840 roll 1
DICE 3 1 3 1 0 0 
Jibs_PC#6857703031193891840 move 9
Jibs_PC#6857703031193891840 attack 1 2
Jibs_PC#6857703031193891840 roll 3
Jibs_PC#6857703031193891840 roll 2
DICE 3 2 5 1 0 1 1 
Jibs_PC#6857703031193891840 roll 3
Jibs_PC#6857703031193891840 roll 2
DICE 3 2 2 1 0 5 2 
Jibs_PC#6857703031193891840 roll 3
Jibs_PC#6857703031193891840 roll 2
DICE 3 2 4 4 3 5 1 
Jibs_PC#6857703031193891840 roll 3
Jibs_PC#6857703031193891840 roll 2
DICE 3 2 5 2 2 5 0 
Jibs_PC#6857703031193891840 roll 3
Jibs_PC#6857703031193891840 roll 1
DICE 3 1 4 3 0 5 
Jibs_PC#6857703031193891840 roll 2
Jibs_PC#6857703031193891840 roll 1
DICE 2 1 2 1 2 
Jibs_PC#6857703031193891840 retreat
Jibs_PC#6857703031193891840 attack 21 24
Jibs_PC#6857703031193891840 roll 3
Jibs_PC#6857703031193891840 roll 1
DICE 3 1 4 2 1 5 
Jibs_PC#6857703031193891840 roll 3
Jibs_PC#6857703031193891840 roll 1
DICE 3 1 5 5 5 3 
Jibs_PC#6857703031193891840 move 5
Jibs_PC#6857703031193891840 attack 24 26
Jibs_PC#6857703031193891840 roll 3
Jibs_PC#6857703031193891840 roll 1
DICE 3 1 4 4 1 5 
Jibs_PC#6857703031193891840 roll 3
Jibs_PC#6857703031193891840 roll 1
DICE 3 1 4 3 0 1 
Jibs_PC#6857703031193891840 endattack
Jibs_PC#6857703031193891840 movearmies 4 7 3
CARD 5
Jibs_PC#6857703031193891840 trade 40 38 39
Jibs_PC#6857703031193891840 placearmies 13 7
Jibs_PC#6857703031193891840 placearmies 13 3
Jibs_PC#6857703031193891840 placearmies 20 1
Jibs_PC#6857703031193891840 attack 13 12
Jibs_PC#6857703031193891840 roll 3
Jibs_PC#6857703031193891840 roll 1
DICE 3 1 1 1 0 2 
Jibs_PC#6857703031193891840 roll 3
Jibs_PC#6857703031193891840 roll 1
DICE 3 1 5 3 3 0 
Jibs_PC#6857703031193891840 move 9
Jibs_PC#6857703031193891840 attack 12 10
Jibs_PC#6857703031193891840 roll 3
Jibs_PC#6857703031193891840 roll 1
DICE 3 1 3 1 0 4 
Jibs_PC#6857703031193891840 roll 3
Jibs_PC#6857703031193891840 roll 1
DICE 3 1 5 1 0 3 
Jibs_PC#6857703031193891840 move 6
Jibs_PC#6857703031193891840 attack 25 24
Jibs_PC#6857703031193891840 roll 2
Jibs_PC#6857703031193891840 roll 1
DICE 2 1 5 3 0 
Jibs_PC#6857703031193891840 attack 20 21
Jibs_PC#6857703031193891840 roll 3
Jibs_PC#6857703031193891840 roll 1
DICE 3 1 5 2 0 4 
Jibs_PC#6857703031193891840 attack 10 5
Jibs_PC#6857703031193891840 roll 3
Jibs_PC#6857703031193891840 roll 1
DICE 3 1 4 0 0 4 
Jibs_PC#6857703031193891840 roll 3
Jibs_PC#6857703031193891840 roll 1
DICE 3 1 5 3 0 5 
Jibs_PC#6857703031193891840 retreat
Jibs_PC#6857703031193891840 endattack
Jibs_PC#6857703031193891840 movearmies 21 20 2
CARD 6
Jibs_PC#6857703031193891840 placearmies 7 1
Jibs_PC#6857703031193891840 placearmies 5 8
Jibs_PC#6857703031193891840 attack 5 10
Jibs_PC#6857703031193891840 roll 3
Jibs_PC#6857703031193891840 roll 2
DICE 3 2 5 5 1 4 1 
Jibs_PC#6857703031193891840 roll 3
Jibs_PC#6857703031193891840 roll 2
DICE 3 2 2 1 1 5 3 
Jibs_PC#6857703031193891840 roll 3
Jibs_PC#6857703031193891840 roll 2
DICE 3 2 4 1 0 3 2 
Jibs_PC#6857703031193891840 roll 3
Jibs_PC#6857703031193891840 roll 1
DICE 3 1 5 5 4 5 
Jibs_PC#6857703031193891840 roll 3
Jibs_PC#6857703031193891840 roll 1
DICE 3 1 5 4 3 3 
Jibs_PC#6857703031193891840 move 4
Jibs_PC#6857703031193891840 attack 7 2
Jibs_PC#6857703031193891840 roll 3
Jibs_PC#6857703031193891840 roll 1
DICE 3 1 2 2 0 3 
Jibs_PC#6857703031193891840 roll 3
Jibs_PC#6857703031193891840 roll 1
DICE 3 1 5 5 1 4 
Jibs_PC#6857703031193891840 attack 15 16
Jibs_PC#6857703031193891840 roll 2
Jibs_PC#6857703031193891840 roll 1
DICE 2 1 3 3 4 
Jibs_PC#6857703031193891840 retreat
Jibs_PC#6857703031193891840 endattack
Jibs_PC#6857703031193891840 movearmies 14 17 1
CARD 16
Jibs_PC#6857703031193891840 placearmies 38 3
Jibs_PC#6857703031193891840 placearmies 20 2
Jibs_PC#6857703031193891840 attack 38 1
Jibs_PC#6857703031193891840 roll 3
Jibs_PC#6857703031193891840 roll 2
DICE 3 2 3 1 1 5 1 
Jibs_PC#6857703031193891840 roll 3
Jibs_PC#6857703031193891840 roll 2
DICE 3 2 4 3 1 2 1 
Jibs_PC#6857703031193891840 attack 20 18
Jibs_PC#6857703031193891840 roll 3
Jibs_PC#6857703031193891840 roll 1
DICE 3 1 3 2 1 4 
Jibs_PC#6857703031193891840 roll 3
Jibs_PC#6857703031193891840 roll 1
DICE 3 1 3 2 2 3 
Jibs_PC#6857703031193891840 retreat
Jibs_PC#6857703031193891840 endattack
Jibs_PC#6857703031193891840 nomove
CARD 28
Jibs_PC#6857703031193891840 placearmies 2 5
Jibs_PC#6857703031193891840 placearmies 10 5
Jibs_PC#6857703031193891840 attack 2 1
Jibs_PC#6857703031193891840 roll 3
Jibs_PC#6857703031193891840 roll 2
DICE 3 2 4 1 0 3 1 
Jibs_PC#6857703031193891840 roll 3
Jibs_PC#6857703031193891840 roll 2
DICE 3 2 5 3 1 4 0 
Jibs_PC#6857703031193891840 move 6
Jibs_PC#6857703031193891840 attack 10 12
Jibs_PC#6857703031193891840 roll 3
Jibs_PC#6857703031193891840 roll 2
DICE 3 2 3 2 0 5 0 
Jibs_PC#6857703031193891840 roll 3
Jibs_PC#6857703031193891840 roll 1
DICE 3 1 5 5 2 2 
Jibs_PC#6857703031193891840 move 6
Jibs_PC#6857703031193891840 attack 12 13
Jibs_PC#6857703031193891840 roll 3
Jibs_PC#6857703031193891840 roll 1
DICE 3 1 4 4 1 2 
Jibs_PC#6857703031193891840 move 5
Jibs_PC#6857703031193891840 attack 13 11
Jibs_PC#6857703031193891840 roll 3
Jibs_PC#6857703031193891840 roll 1
DICE 3 1 5 5 4 4 
Jibs_PC#6857703031193891840 move 3
Jibs_PC#6857703031193891840 attack 1 38
Jibs_PC#6857703031193891840 roll 3
Jibs_PC#6857703031193891840 roll 1
DICE 3 1 5 2 0 4 
Jibs_PC#6857703031193891840 move 5
Jibs_PC#6857703031193891840 attack 38 36
Jibs_PC#6857703031193891840 roll 3
Jibs_PC#6857703031193891840 roll 1
DICE 3 1 1 1 0 2 
Jibs_PC#6857703031193891840 roll 3
Jibs_PC#6857703031193891840 roll 1
DICE 3 1 1 1 0 1 
Jibs_PC#6857703031193891840 roll 2
Jibs_PC#6857703031193891840 roll 1
DICE 2 1 1 0 4 
Jibs_PC#6857703031193891840 retreat
Jibs_PC#6857703031193891840 endattack
Jibs_PC#6857703031193891840 movearmies 35 38 1
CARD 14
Jibs_PC#6857703031193891840 placearmies 21 4
Jibs_PC#6857703031193891840 attack 21 12
Jibs_PC#6857703031193891840 roll 3
Jibs_PC#6857703031193891840 roll 1
DICE 3 1 5 2 0 4 
Jibs_PC#6857703031193891840 move 4
Jibs_PC#6857703031193891840 endattack
Jibs_PC#6857703031193891840 nomove
CARD 7
Jibs_PC#6857703031193891840 trade 5 16 14
Jibs_PC#6857703031193891840 placearmies 38 26
Jibs_PC#6857703031193891840 attack 26 25
Jibs_PC#6857703031193891840 roll 2
Jibs_PC#6857703031193891840 roll 1
DICE 2 1 5 4 2 
Jibs_PC#6857703031193891840 attack 38 36
Jibs_PC#6857703031193891840 roll 3
Jibs_PC#6857703031193891840 roll 1
DICE 3 1 3 2 0 2 
Jibs_PC#6857703031193891840 move 28
Jibs_PC#6857703031193891840 attack 36 29
Jibs_PC#6857703031193891840 roll 3
Jibs_PC#6857703031193891840 roll 1
DICE 3 1 5 3 1 4 
Jibs_PC#6857703031193891840 move 27
Jibs_PC#6857703031193891840 attack 29 30
Jibs_PC#6857703031193891840 roll 3
Jibs_PC#6857703031193891840 roll 1
DICE 3 1 0 0 0 1 
Jibs_PC#6857703031193891840 roll 3
Jibs_PC#6857703031193891840 roll 1
DICE 3 1 5 3 1 5 
Jibs_PC#6857703031193891840 roll 3
Jibs_PC#6857703031193891840 roll 1
DICE 3 1 4 2 2 0 
Jibs_PC#6857703031193891840 move 23
Jibs_PC#6857703031193891840 attack 30 31
Jibs_PC#6857703031193891840 roll 3
Jibs_PC#6857703031193891840 roll 1
DICE 3 1 5 3 3 4 
Jibs_PC#6857703031193891840 move 21
Jibs_PC#6857703031193891840 attack 31 22
Jibs_PC#6857703031193891840 roll 3
Jibs_PC#6857703031193891840 roll 1
DICE 3 1 2 0 0 1 
Jibs_PC#6857703031193891840 move 19
Jibs_PC#6857703031193891840 attack 22 24
Jibs_PC#6857703031193891840 roll 3
Jibs_PC#6857703031193891840 roll 2
DICE 3 2 4 2 2 1 0 
Jibs_PC#6857703031193891840 move 18
Jibs_PC#6857703031193891840 attack 24 23
Jibs_PC#6857703031193891840 roll 3
Jibs_PC#6857703031193891840 roll 1
DICE 3 1 5 3 1 4 
Jibs_PC#6857703031193891840 move 17
Jibs_PC#6857703031193891840 attack 23 21
Jibs_PC#6857703031193891840 roll 3
Jibs_PC#6857703031193891840 roll 1
DICE 3 1 2 2 0 1 
Jibs_PC#6857703031193891840 move 16
Jibs_PC#6857703031193891840 attack 21 19
Jibs_PC#6857703031193891840 roll 3
Jibs_PC#6857703031193891840 roll 2
DICE 3 2 5 3 1 4 0 
Jibs_PC#6857703031193891840 move 14
Jibs_PC#6857703031193891840 attack 19 20
Jibs_PC#6857703031193891840 roll 3
Jibs_PC#6857703031193891840 roll 2
DICE 3 2 4 1 1 3 3 
Jibs_PC#6857703031193891840 roll 3
Jibs_PC#6857703031193891840 roll 2
DICE 3 2 5 4 1 3 1 
Jibs_PC#6857703031193891840 move 12
Jibs_PC#6857703031193891840 attack 20 16
Jibs_PC#6857703031193891840 roll 3
Jibs_PC#6857703031193891840 roll 1
DICE 3 1 4 0 0 3 
Jibs_PC#6857703031193891840 move 11
Jibs_PC#6857703031193891840 attack 16 28
Jibs_PC#6857703031193891840 roll 3
Jibs_PC#6857703031193891840 roll 1
DICE 3 1 5 3 1 4 
Jibs_PC#6857703031193891840 move 3
