Jibs_PC#8454907183169912832 newplayer ai hard green s0914007
Jibs_PC#8454907183169912832 newplayer ai hard blue bob
Jibs_PC#8454907183169912832 newplayer ai hard red fred
Jibs_PC#8454907183169912832 newplayer ai hard cyan ted
Jibs_PC#8454907183169912832 newplayer ai hard magenta yura
Jibs_PC#8454907183169912832 newplayer ai hard yellow lala
Jibs_PC#8454907183169912832 startgame mission fixed autoplaceall recycle
PLAYER yura
MISSION 0 2 3 0 1 0
PLACEALL 36 16 37 41 26 33 11 18 14 5 25 1 9 27 13 19 17 24 3 28 4 35 32 39 22 34 7 21 38 12 20 40 2 15 6 30 42 8 10 29 23 31
Jibs_PC#8454907183169912832 placearmies 42 1
CARD 
Jibs_PC#8454907183169912832 placearmies 40 1
CARD 
Jibs_PC#8454907183169912832 placearmies 13 1
CARD 
Jibs_PC#8454907183169912832 placearmies 41 1
CARD 
Jibs_PC#8454907183169912832 placearmies 6 1
CARD 
Jibs_PC#8454907183169912832 placearmies 12 1
CARD 
Jibs_PC#8454907183169912832 placearmies 42 1
CARD 
Jibs_PC#8454907183169912832 placearmies 40 1
CARD 
Jibs_PC#8454907183169912832 placearmies 13 1
CARD 
Jibs_PC#8454907183169912832 placearmies 41 1
CARD 
Jibs_PC#8454907183169912832 placearmies 6 1
CARD 
Jibs_PC#8454907183169912832 placearmies 12 1
CARD 
Jibs_PC#8454907183169912832 placearmies 42 1
CARD 
Jibs_PC#8454907183169912832 placearmies 40 1
CARD 
Jibs_PC#8454907183169912832 placearmies 13 1
CARD 
Jibs_PC#8454907183169912832 placearmies 19 1
CARD 
Jibs_PC#8454907183169912832 placearmies 6 1
CARD 
Jibs_PC#8454907183169912832 placearmies 12 1
CARD 
Jibs_PC#8454907183169912832 placearmies 42 1
CARD 
Jibs_PC#8454907183169912832 placearmies 40 1
CARD 
Jibs_PC#8454907183169912832 placearmies 13 1
CARD 
Jibs_PC#8454907183169912832 placearmies 19 1
CARD 
Jibs_PC#8454907183169912832 placearmies 6 1
CARD 
Jibs_PC#8454907183169912832 placearmies 12 1
CARD 
Jibs_PC#8454907183169912832 placearmies 42 1
CARD 
Jibs_PC#8454907183169912832 placearmies 40 1
CARD 
Jibs_PC#8454907183169912832 placearmies 13 1
CARD 
Jibs_PC#8454907183169912832 placearmies 19 1
CARD 
Jibs_PC#8454907183169912832 placearmies 6 1
CARD 
Jibs_PC#8454907183169912832 placearmies 12 1
CARD 
Jibs_PC#8454907183169912832 placearmies 42 1
CARD 
Jibs_PC#8454907183169912832 placearmies 40 1
CARD 
Jibs_PC#8454907183169912832 placearmies 13 1
CARD 
Jibs_PC#8454907183169912832 placearmies 19 1
CARD 
Jibs_PC#8454907183169912832 placearmies 6 1
CARD 
Jibs_PC#8454907183169912832 placearmies 12 1
CARD 
Jibs_PC#8454907183169912832 placearmies 42 1
CARD 
Jibs_PC#8454907183169912832 placearmies 40 1
CARD 
Jibs_PC#8454907183169912832 placearmies 13 1
CARD 
Jibs_PC#8454907183169912832 placearmies 19 1
CARD 
Jibs_PC#8454907183169912832 placearmies 6 1
CARD 
Jibs_PC#8454907183169912832 placearmies 12 1
CARD 
Jibs_PC#8454907183169912832 placearmies 42 1
CARD 
Jibs_PC#8454907183169912832 placearmies 40 1
CARD 
Jibs_PC#8454907183169912832 placearmies 37 1
CARD 
Jibs_PC#8454907183169912832 placearmies 19 1
CARD 
Jibs_PC#8454907183169912832 placearmies 6 1
CARD 
Jibs_PC#8454907183169912832 placearmies 1 1
CARD 
Jibs_PC#8454907183169912832 placearmies 42 1
CARD 
Jibs_PC#8454907183169912832 placearmies 40 1
CARD 
Jibs_PC#8454907183169912832 placearmies 37 1
CARD 
Jibs_PC#8454907183169912832 placearmies 19 1
CARD 
Jibs_PC#8454907183169912832 placearmies 6 1
CARD 
Jibs_PC#8454907183169912832 placearmies 1 1
CARD 
Jibs_PC#8454907183169912832 placearmies 36 1
CARD 
Jibs_PC#8454907183169912832 placearmies 40 1
CARD 
Jibs_PC#8454907183169912832 placearmies 37 1
CARD 
Jibs_PC#8454907183169912832 placearmies 19 1
CARD 
Jibs_PC#8454907183169912832 placearmies 6 1
CARD 
Jibs_PC#8454907183169912832 placearmies 1 1
CARD 
Jibs_PC#8454907183169912832 placearmies 9 1
CARD 
Jibs_PC#8454907183169912832 placearmies 40 1
CARD 
Jibs_PC#8454907183169912832 placearmies 37 1
CARD 
Jibs_PC#8454907183169912832 placearmies 19 1
CARD 
Jibs_PC#8454907183169912832 placearmies 6 1
CARD 
Jibs_PC#8454907183169912832 placearmies 1 1
CARD 
Jibs_PC#8454907183169912832 placearmies 9 1
CARD 
Jibs_PC#8454907183169912832 placearmies 40 1
CARD 
Jibs_PC#8454907183169912832 placearmies 37 1
CARD 
Jibs_PC#8454907183169912832 placearmies 19 1
CARD 
Jibs_PC#8454907183169912832 placearmies 6 1
CARD 
Jibs_PC#8454907183169912832 placearmies 1 1
CARD 
Jibs_PC#8454907183169912832 placearmies 9 1
CARD 
Jibs_PC#8454907183169912832 placearmies 40 1
CARD 
Jibs_PC#8454907183169912832 placearmies 37 1
CARD 
Jibs_PC#8454907183169912832 placearmies 19 1
CARD 
Jibs_PC#8454907183169912832 placearmies 6 1
CARD 
Jibs_PC#8454907183169912832 placearmies 1 1
CARD 
Jibs_PC#8454907183169912832 placearmies 9 1
Jibs_PC#8454907183169912832 placearmies 9 2
Jibs_PC#8454907183169912832 attack 42 41
Jibs_PC#8454907183169912832 roll 3
Jibs_PC#8454907183169912832 roll 2
DICE 3 2 2 1 0 5 4 
Jibs_PC#8454907183169912832 roll 3
Jibs_PC#8454907183169912832 roll 2
DICE 3 2 4 3 0 5 4 
Jibs_PC#8454907183169912832 roll 3
Jibs_PC#8454907183169912832 roll 2
DICE 3 2 5 3 1 5 5 
Jibs_PC#8454907183169912832 roll 3
Jibs_PC#8454907183169912832 roll 2
DICE 3 2 2 0 0 4 4 
Jibs_PC#8454907183169912832 retreat
Jibs_PC#8454907183169912832 attack 9 8
Jibs_PC#8454907183169912832 roll 3
Jibs_PC#8454907183169912832 roll 1
DICE 3 1 5 5 4 1 
Jibs_PC#8454907183169912832 move 6
Jibs_PC#8454907183169912832 endattack
Jibs_PC#8454907183169912832 nomove
CARD 42
Jibs_PC#8454907183169912832 placearmies 40 3
Jibs_PC#8454907183169912832 attack 40 41
Jibs_PC#8454907183169912832 roll 3
Jibs_PC#8454907183169912832 roll 2
DICE 3 2 4 4 0 4 3 
Jibs_PC#8454907183169912832 roll 3
Jibs_PC#8454907183169912832 roll 2
DICE 3 2 3 1 1 4 2 
Jibs_PC#8454907183169912832 retreat
Jibs_PC#8454907183169912832 attack 40 39
Jibs_PC#8454907183169912832 roll 3
Jibs_PC#8454907183169912832 roll 1
DICE 3 1 2 1 0 2 
Jibs_PC#8454907183169912832 roll 3
Jibs_PC#8454907183169912832 roll 1
DICE 3 1 3 2 0 0 
Jibs_PC#8454907183169912832 move 12
Jibs_PC#8454907183169912832 attack 39 41
Jibs_PC#8454907183169912832 roll 3
Jibs_PC#8454907183169912832 roll 2
DICE 3 2 5 1 0 5 5 
Jibs_PC#8454907183169912832 roll 3
Jibs_PC#8454907183169912832 roll 2
DICE 3 2 5 4 0 2 2 
Jibs_PC#8454907183169912832 move 6
Jibs_PC#8454907183169912832 attack 41 42
Jibs_PC#8454907183169912832 roll 3
Jibs_PC#8454907183169912832 roll 2
DICE 3 2 4 2 2 3 1 
Jibs_PC#8454907183169912832 move 3
Jibs_PC#8454907183169912832 endattack
Jibs_PC#8454907183169912832 movearmies 41 39 2
CARD 32
Jibs_PC#8454907183169912832 placearmies 37 3
Jibs_PC#8454907183169912832 attack 13 11
Jibs_PC#8454907183169912832 roll 3
Jibs_PC#8454907183169912832 roll 1
DICE 3 1 3 3 2 4 
Jibs_PC#8454907183169912832 roll 3
Jibs_PC#8454907183169912832 roll 1
DICE 3 1 4 4 0 1 
Jibs_PC#8454907183169912832 move 6
Jibs_PC#8454907183169912832 endattack
Jibs_PC#8454907183169912832 nomove
CARD 35
Jibs_PC#8454907183169912832 placearmies 19 2
Jibs_PC#8454907183169912832 placearmies 19 1
Jibs_PC#8454907183169912832 attack 19 17
Jibs_PC#8454907183169912832 roll 3
Jibs_PC#8454907183169912832 roll 1
DICE 3 1 2 0 0 4 
Jibs_PC#8454907183169912832 roll 3
Jibs_PC#8454907183169912832 roll 1
DICE 3 1 2 2 1 4 
Jibs_PC#8454907183169912832 roll 3
Jibs_PC#8454907183169912832 roll 1
DICE 3 1 5 4 0 5 
Jibs_PC#8454907183169912832 roll 3
Jibs_PC#8454907183169912832 roll 1
DICE 3 1 5 2 1 0 
Jibs_PC#8454907183169912832 move 11
Jibs_PC#8454907183169912832 attack 17 14
Jibs_PC#8454907183169912832 roll 3
Jibs_PC#8454907183169912832 roll 1
DICE 3 1 5 1 0 2 
Jibs_PC#8454907183169912832 move 10
Jibs_PC#8454907183169912832 endattack
Jibs_PC#8454907183169912832 nomove
CARD 17
Jibs_PC#8454907183169912832 placearmies 6 3
Jibs_PC#8454907183169912832 attack 6 8
Jibs_PC#8454907183169912832 roll 3
Jibs_PC#8454907183169912832 roll 2
DICE 3 2 5 4 0 4 2 
Jibs_PC#8454907183169912832 roll 3
Jibs_PC#8454907183169912832 roll 2
DICE 3 2 2 1 1 3 2 
Jibs_PC#8454907183169912832 roll 3
Jibs_PC#8454907183169912832 roll 2
DICE 3 2 5 5 2 4 0 
Jibs_PC#8454907183169912832 roll 3
Jibs_PC#8454907183169912832 roll 2
DICE 3 2 5 5 1 5 5 
Jibs_PC#8454907183169912832 roll 3
Jibs_PC#8454907183169912832 roll 2
DICE 3 2 3 1 0 4 3 
Jibs_PC#8454907183169912832 retreat
Jibs_PC#8454907183169912832 attack 6 14
Jibs_PC#8454907183169912832 roll 3
Jibs_PC#8454907183169912832 roll 2
DICE 3 2 5 4 0 5 0 
Jibs_PC#8454907183169912832 roll 3
Jibs_PC#8454907183169912832 roll 2
DICE 3 2 4 3 0 1 1 
Jibs_PC#8454907183169912832 roll 3
Jibs_PC#8454907183169912832 roll 2
DICE 3 2 2 2 0 2 1 
Jibs_PC#8454907183169912832 roll 3
Jibs_PC#8454907183169912832 roll 2
DICE 3 2 5 1 1 4 1 
Jibs_PC#8454907183169912832 roll 3
Jibs_PC#8454907183169912832 roll 2
DICE 3 2 5 3 2 4 0 
Jibs_PC#8454907183169912832 roll 3
Jibs_PC#8454907183169912832 roll 2
DICE 3 2 5 4 3 1 0 
Jibs_PC#8454907183169912832 roll 3
Jibs_PC#8454907183169912832 roll 1
DICE 3 1 5 2 1 3 
Jibs_PC#8454907183169912832 move 7
Jibs_PC#8454907183169912832 attack 14 15
Jibs_PC#8454907183169912832 roll 3
Jibs_PC#8454907183169912832 roll 1
DICE 3 1 4 3 3 1 
Jibs_PC#8454907183169912832 move 6
Jibs_PC#8454907183169912832 attack 15 16
Jibs_PC#8454907183169912832 roll 3
Jibs_PC#8454907183169912832 roll 1
DICE 3 1 4 2 0 0 
Jibs_PC#8454907183169912832 move 5
Jibs_PC#8454907183169912832 attack 16 18
Jibs_PC#8454907183169912832 roll 3
Jibs_PC#8454907183169912832 roll 1
DICE 3 1 5 4 1 4 
Jibs_PC#8454907183169912832 move 4
Jibs_PC#8454907183169912832 attack 18 17
Jibs_PC#8454907183169912832 roll 3
Jibs_PC#8454907183169912832 roll 1
DICE 3 1 4 3 0 5 
Jibs_PC#8454907183169912832 roll 2
Jibs_PC#8454907183169912832 roll 1
DICE 2 1 3 1 4 
Jibs_PC#8454907183169912832 retreat
Jibs_PC#8454907183169912832 endattack
Jibs_PC#8454907183169912832 nomove
CARD 7
Jibs_PC#8454907183169912832 placearmies 1 3
Jibs_PC#8454907183169912832 attack 1 3
Jibs_PC#8454907183169912832 roll 3
Jibs_PC#8454907183169912832 roll 1
DICE 3 1 5 4 1 3 
Jibs_PC#8454907183169912832 move 9
Jibs_PC#8454907183169912832 attack 3 7
Jibs_PC#8454907183169912832 roll 3
Jibs_PC#8454907183169912832 roll 1
DICE 3 1 5 3 0 3 
Jibs_PC#8454907183169912832 move 8
Jibs_PC#8454907183169912832 attack 7 9
Jibs_PC#8454907183169912832 roll 3
Jibs_PC#8454907183169912832 roll 1
DICE 3 1 3 1 0 1 
Jibs_PC#8454907183169912832 move 7
Jibs_PC#8454907183169912832 attack 12 10
Jibs_PC#8454907183169912832 roll 3
Jibs_PC#8454907183169912832 roll 1
DICE 3 1 3 2 1 0 
Jibs_PC#8454907183169912832 move 7
Jibs_PC#8454907183169912832 attack 9 8
Jibs_PC#8454907183169912832 roll 3
Jibs_PC#8454907183169912832 roll 2
DICE 3 2 3 0 0 5 0 
Jibs_PC#8454907183169912832 roll 3
Jibs_PC#8454907183169912832 roll 2
DICE 3 2 5 1 1 5 4 
Jibs_PC#8454907183169912832 retreat
Jibs_PC#8454907183169912832 attack 9 5
Jibs_PC#8454907183169912832 roll 2
Jibs_PC#8454907183169912832 roll 1
DICE 2 1 0 0 1 
Jibs_PC#8454907183169912832 retreat
Jibs_PC#8454907183169912832 attack 10 5
Jibs_PC#8454907183169912832 roll 3
Jibs_PC#8454907183169912832 roll 1
DICE 3 1 4 4 3 3 
Jibs_PC#8454907183169912832 move 5
Jibs_PC#8454907183169912832 attack 5 4
Jibs_PC#8454907183169912832 roll 3
Jibs_PC#8454907183169912832 roll 1
DICE 3 1 5 0 0 1 
Jibs_PC#8454907183169912832 move 3
Jibs_PC#8454907183169912832 endattack
Jibs_PC#8454907183169912832 movearmies 5 9 1
CARD 31
Jibs_PC#8454907183169912832 placearmies 8 2
Jibs_PC#8454907183169912832 placearmies 8 1
Jibs_PC#8454907183169912832 attack 8 9
Jibs_PC#8454907183169912832 roll 3
Jibs_PC#8454907183169912832 roll 2
DICE 3 2 5 3 1 2 0 
Jibs_PC#8454907183169912832 roll 3
Jibs_PC#8454907183169912832 roll 1
DICE 3 1 5 4 2 5 
Jibs_PC#8454907183169912832 retreat
Jibs_PC#8454907183169912832 attack 8 6
Jibs_PC#8454907183169912832 roll 3
Jibs_PC#8454907183169912832 roll 1
DICE 3 1 4 1 0 0 
Jibs_PC#8454907183169912832 endattack
Jibs_PC#8454907183169912832 nomove
CARD 30
Jibs_PC#8454907183169912832 placearmies 39 5
Jibs_PC#8454907183169912832 attack 39 33
Jibs_PC#8454907183169912832 roll 3
Jibs_PC#8454907183169912832 roll 1
DICE 3 1 4 4 0 0 
Jibs_PC#8454907183169912832 move 10
Jibs_PC#8454907183169912832 attack 33 32
Jibs_PC#8454907183169912832 roll 3
Jibs_PC#8454907183169912832 roll 1
DICE 3 1 5 2 1 0 
Jibs_PC#8454907183169912832 move 8
Jibs_PC#8454907183169912832 attack 32 31
Jibs_PC#8454907183169912832 roll 3
Jibs_PC#8454907183169912832 roll 1
DICE 3 1 3 3 2 1 
Jibs_PC#8454907183169912832 move 7
Jibs_PC#8454907183169912832 attack 31 30
Jibs_PC#8454907183169912832 roll 3
Jibs_PC#8454907183169912832 roll 1
DICE 3 1 5 4 1 2 
Jibs_PC#8454907183169912832 move 6
Jibs_PC#8454907183169912832 attack 30 29
Jibs_PC#8454907183169912832 roll 3
Jibs_PC#8454907183169912832 roll 1
DICE 3 1 5 5 4 4 
Jibs_PC#8454907183169912832 move 4
Jibs_PC#8454907183169912832 endattack
Jibs_PC#8454907183169912832 movearmies 33 29 1
CARD 41
Jibs_PC#8454907183169912832 placearmies 11 3
Jibs_PC#8454907183169912832 attack 11 12
Jibs_PC#8454907183169912832 roll 3
Jibs_PC#8454907183169912832 roll 1
DICE 3 1 5 4 4 4 
Jibs_PC#8454907183169912832 move 8
Jibs_PC#8454907183169912832 attack 12 10
Jibs_PC#8454907183169912832 roll 3
Jibs_PC#8454907183169912832 roll 2
DICE 3 2 2 1 0 0 0 
Jibs_PC#8454907183169912832 move 6
Jibs_PC#8454907183169912832 attack 37 38
Jibs_PC#8454907183169912832 roll 3
Jibs_PC#8454907183169912832 roll 1
DICE 3 1 5 4 2 0 
Jibs_PC#8454907183169912832 move 9
Jibs_PC#8454907183169912832 attack 10 5
Jibs_PC#8454907183169912832 roll 3
Jibs_PC#8454907183169912832 roll 1
DICE 3 1 5 4 4 4 
Jibs_PC#8454907183169912832 move 5
Jibs_PC#8454907183169912832 attack 5 9
Jibs_PC#8454907183169912832 roll 3
Jibs_PC#8454907183169912832 roll 1
DICE 3 1 2 1 1 2 
Jibs_PC#8454907183169912832 roll 3
Jibs_PC#8454907183169912832 roll 1
DICE 3 1 5 1 0 1 
Jibs_PC#8454907183169912832 attack 9 8
Jibs_PC#8454907183169912832 roll 2
Jibs_PC#8454907183169912832 roll 1
DICE 2 1 5 0 3 
Jibs_PC#8454907183169912832 attack 38 1
Jibs_PC#8454907183169912832 roll 3
Jibs_PC#8454907183169912832 roll 1
DICE 3 1 3 2 2 4 
Jibs_PC#8454907183169912832 roll 3
Jibs_PC#8454907183169912832 roll 1
DICE 3 1 5 4 0 5 
Jibs_PC#8454907183169912832 roll 3
Jibs_PC#8454907183169912832 roll 1
DICE 3 1 5 0 0 1 
Jibs_PC#8454907183169912832 move 6
Jibs_PC#8454907183169912832 attack 1 3
Jibs_PC#8454907183169912832 roll 3
Jibs_PC#8454907183169912832 roll 1
DICE 3 1 4 2 2 0 
Jibs_PC#8454907183169912832 move 5
Jibs_PC#8454907183169912832 attack 3 7
Jibs_PC#8454907183169912832 roll 3
Jibs_PC#8454907183169912832 roll 1
DICE 3 1 2 2 0 2 
Jibs_PC#8454907183169912832 roll 3
Jibs_PC#8454907183169912832 roll 1
DICE 3 1 4 4 2 5 
Jibs_PC#8454907183169912832 roll 2
Jibs_PC#8454907183169912832 roll 1
DICE 2 1 5 4 4 
Jibs_PC#8454907183169912832 endattack
Jibs_PC#8454907183169912832 nomove
CARD wildcard
Jibs_PC#8454907183169912832 placearmies 17 3
Jibs_PC#8454907183169912832 attack 17 14
Jibs_PC#8454907183169912832 roll 3
Jibs_PC#8454907183169912832 roll 1
DICE 3 1 3 1 0 4 
Jibs_PC#8454907183169912832 roll 2
Jibs_PC#8454907183169912832 roll 1
DICE 2 1 3 1 2 
Jibs_PC#8454907183169912832 endattack
Jibs_PC#8454907183169912832 nomove
CARD 28
Jibs_PC#8454907183169912832 placearmies 18 2
Jibs_PC#8454907183169912832 placearmies 18 1
Jibs_PC#8454907183169912832 attack 18 17
Jibs_PC#8454907183169912832 roll 3
Jibs_PC#8454907183169912832 roll 1
DICE 3 1 4 3 2 3 
Jibs_PC#8454907183169912832 move 4
Jibs_PC#8454907183169912832 attack 17 14
Jibs_PC#8454907183169912832 roll 3
Jibs_PC#8454907183169912832 roll 2
DICE 3 2 5 2 1 2 0 
Jibs_PC#8454907183169912832 endattack
Jibs_PC#8454907183169912832 nomove
CARD 12
Jibs_PC#8454907183169912832 placearmies 4 1
Jibs_PC#8454907183169912832 placearmies 4 2
Jibs_PC#8454907183169912832 attack 4 5
Jibs_PC#8454907183169912832 roll 3
Jibs_PC#8454907183169912832 roll 1
DICE 3 1 2 2 0 1 
Jibs_PC#8454907183169912832 move 5
Jibs_PC#8454907183169912832 attack 5 10
Jibs_PC#8454907183169912832 roll 3
Jibs_PC#8454907183169912832 roll 1
DICE 3 1 5 2 1 4 
Jibs_PC#8454907183169912832 move 4
Jibs_PC#8454907183169912832 endattack
Jibs_PC#8454907183169912832 nomove
CARD 4
Jibs_PC#8454907183169912832 placearmies 6 1
Jibs_PC#8454907183169912832 placearmies 6 1
Jibs_PC#8454907183169912832 placearmies 20 1
Jibs_PC#8454907183169912832 attack 6 14
Jibs_PC#8454907183169912832 roll 3
Jibs_PC#8454907183169912832 roll 2
DICE 3 2 5 1 1 3 0 
Jibs_PC#8454907183169912832 roll 3
Jibs_PC#8454907183169912832 roll 1
DICE 3 1 5 3 1 2 
Jibs_PC#8454907183169912832 move 4
Jibs_PC#8454907183169912832 attack 14 15
Jibs_PC#8454907183169912832 roll 3
Jibs_PC#8454907183169912832 roll 1
DICE 3 1 4 3 0 4 
Jibs_PC#8454907183169912832 roll 2
Jibs_PC#8454907183169912832 roll 1
DICE 2 1 1 0 5 
Jibs_PC#8454907183169912832 retreat
Jibs_PC#8454907183169912832 endattack
Jibs_PC#8454907183169912832 nomove
CARD 15
Jibs_PC#8454907183169912832 placearmies 29 6
Jibs_PC#8454907183169912832 attack 29 36
Jibs_PC#8454907183169912832 roll 3
Jibs_PC#8454907183169912832 roll 2
DICE 3 2 5 3 3 3 1 
Jibs_PC#8454907183169912832 move 10
Jibs_PC#8454907183169912832 attack 36 38
Jibs_PC#8454907183169912832 roll 3
Jibs_PC#8454907183169912832 roll 1
DICE 3 1 5 1 1 3 
Jibs_PC#8454907183169912832 move 8
Jibs_PC#8454907183169912832 attack 38 37
Jibs_PC#8454907183169912832 roll 3
Jibs_PC#8454907183169912832 roll 1
DICE 3 1 5 2 2 3 
Jibs_PC#8454907183169912832 move 3
Jibs_PC#8454907183169912832 attack 38 35
Jibs_PC#8454907183169912832 roll 3
Jibs_PC#8454907183169912832 roll 1
DICE 3 1 4 4 0 2 
Jibs_PC#8454907183169912832 move 3
Jibs_PC#8454907183169912832 endattack
Jibs_PC#8454907183169912832 movearmies 37 38 2
CARD 14
Jibs_PC#8454907183169912832 placearmies 8 2
Jibs_PC#8454907183169912832 placearmies 8 1
Jibs_PC#8454907183169912832 attack 8 6
Jibs_PC#8454907183169912832 roll 3
Jibs_PC#8454907183169912832 roll 1
DICE 3 1 5 2 1 3 
Jibs_PC#8454907183169912832 move 4
Jibs_PC#8454907183169912832 endattack
Jibs_PC#8454907183169912832 nomove
CARD 16
Jibs_PC#8454907183169912832 placearmies 19 3
Jibs_PC#8454907183169912832 attack 19 20
Jibs_PC#8454907183169912832 roll 3
Jibs_PC#8454907183169912832 roll 2
DICE 3 2 1 1 0 5 1 
Jibs_PC#8454907183169912832 retreat
Jibs_PC#8454907183169912832 endattack
Jibs_PC#8454907183169912832 nomove
CARD 
Jibs_PC#8454907183169912832 placearmies 26 3
Jibs_PC#8454907183169912832 attack 26 24
Jibs_PC#8454907183169912832 roll 3
Jibs_PC#8454907183169912832 roll 1
DICE 3 1 5 4 2 2 
Jibs_PC#8454907183169912832 endattack
Jibs_PC#8454907183169912832 nomove
CARD 37
Jibs_PC#8454907183169912832 placearmies 10 1
Jibs_PC#8454907183169912832 placearmies 10 2
Jibs_PC#8454907183169912832 attack 10 11
Jibs_PC#8454907183169912832 roll 3
Jibs_PC#8454907183169912832 roll 1
DICE 3 1 5 1 0 0 
Jibs_PC#8454907183169912832 move 6
Jibs_PC#8454907183169912832 attack 11 12
Jibs_PC#8454907183169912832 roll 3
Jibs_PC#8454907183169912832 roll 2
DICE 3 2 2 1 1 4 4 
Jibs_PC#8454907183169912832 roll 3
Jibs_PC#8454907183169912832 roll 2
DICE 3 2 5 4 3 3 0 
Jibs_PC#8454907183169912832 attack 12 13
Jibs_PC#8454907183169912832 roll 2
Jibs_PC#8454907183169912832 roll 1
DICE 2 1 5 0 3 
Jibs_PC#8454907183169912832 endattack
Jibs_PC#8454907183169912832 movearmies 13 12 1
CARD 8
Jibs_PC#8454907183169912832 placearmies 20 2
Jibs_PC#8454907183169912832 placearmies 20 1
Jibs_PC#8454907183169912832 attack 20 31
Jibs_PC#8454907183169912832 roll 3
Jibs_PC#8454907183169912832 roll 1
DICE 3 1 5 5 4 2 
Jibs_PC#8454907183169912832 move 4
Jibs_PC#8454907183169912832 endattack
Jibs_PC#8454907183169912832 movearmies 31 20 3
CARD 18
Jibs_PC#8454907183169912832 placearmies 30 3
Jibs_PC#8454907183169912832 placearmies 32 1
Jibs_PC#8454907183169912832 placearmies 28 1
Jibs_PC#8454907183169912832 placearmies 38 1
Jibs_PC#8454907183169912832 placearmies 38 1
Jibs_PC#8454907183169912832 attack 30 31
Jibs_PC#8454907183169912832 roll 3
Jibs_PC#8454907183169912832 roll 1
DICE 3 1 5 5 1 4 
Jibs_PC#8454907183169912832 move 3
Jibs_PC#8454907183169912832 attack 38 1
Jibs_PC#8454907183169912832 roll 3
Jibs_PC#8454907183169912832 roll 1
DICE 3 1 4 1 0 3 
Jibs_PC#8454907183169912832 move 5
Jibs_PC#8454907183169912832 attack 1 3
Jibs_PC#8454907183169912832 roll 3
Jibs_PC#8454907183169912832 roll 1
DICE 3 1 2 1 1 1 
Jibs_PC#8454907183169912832 move 3
Jibs_PC#8454907183169912832 endattack
Jibs_PC#8454907183169912832 movearmies 3 1 2
CARD 11
Jibs_PC#8454907183169912832 trade 35 wildcard 16
Jibs_PC#8454907183169912832 placearmies 6 13
Jibs_PC#8454907183169912832 attack 6 14
Jibs_PC#8454907183169912832 roll 3
Jibs_PC#8454907183169912832 roll 2
DICE 3 2 3 2 0 5 0 
Jibs_PC#8454907183169912832 roll 3
Jibs_PC#8454907183169912832 roll 1
DICE 3 1 5 4 3 5 
Jibs_PC#8454907183169912832 roll 3
Jibs_PC#8454907183169912832 roll 1
DICE 3 1 5 4 4 1 
Jibs_PC#8454907183169912832 move 14
Jibs_PC#8454907183169912832 attack 14 17
Jibs_PC#8454907183169912832 roll 3
Jibs_PC#8454907183169912832 roll 1
DICE 3 1 5 4 0 3 
Jibs_PC#8454907183169912832 move 13
Jibs_PC#8454907183169912832 attack 17 18
Jibs_PC#8454907183169912832 roll 3
Jibs_PC#8454907183169912832 roll 1
DICE 3 1 5 4 2 0 
Jibs_PC#8454907183169912832 move 12
Jibs_PC#8454907183169912832 attack 18 20
Jibs_PC#8454907183169912832 roll 3
Jibs_PC#8454907183169912832 roll 2
DICE 3 2 5 3 1 3 3 
Jibs_PC#8454907183169912832 roll 3
Jibs_PC#8454907183169912832 roll 2
DICE 3 2 1 1 0 4 0 
Jibs_PC#8454907183169912832 roll 3
Jibs_PC#8454907183169912832 roll 2
DICE 3 2 4 2 1 3 3 
Jibs_PC#8454907183169912832 roll 3
Jibs_PC#8454907183169912832 roll 1
DICE 3 1 3 3 1 1 
Jibs_PC#8454907183169912832 move 8
Jibs_PC#8454907183169912832 attack 20 22
Jibs_PC#8454907183169912832 roll 3
Jibs_PC#8454907183169912832 roll 1
DICE 3 1 2 1 0 0 
Jibs_PC#8454907183169912832 move 7
Jibs_PC#8454907183169912832 attack 22 21
Jibs_PC#8454907183169912832 roll 3
Jibs_PC#8454907183169912832 roll 1
DICE 3 1 3 3 1 3 
Jibs_PC#8454907183169912832 roll 3
Jibs_PC#8454907183169912832 roll 1
DICE 3 1 4 4 1 5 
Jibs_PC#8454907183169912832 retreat
Jibs_PC#8454907183169912832 attack 22 31
Jibs_PC#8454907183169912832 roll 3
Jibs_PC#8454907183169912832 roll 2
DICE 3 2 4 2 1 2 2 
Jibs_PC#8454907183169912832 roll 3
Jibs_PC#8454907183169912832 roll 2
DICE 3 2 5 2 1 0 0 
Jibs_PC#8454907183169912832 attack 31 16
Jibs_PC#8454907183169912832 roll 2
Jibs_PC#8454907183169912832 roll 1
DICE 2 1 5 5 0 
Jibs_PC#8454907183169912832 endattack
Jibs_PC#8454907183169912832 nomove
CARD 26
Jibs_PC#8454907183169912832 placearmies 19 2
Jibs_PC#8454907183169912832 placearmies 21 1
Jibs_PC#8454907183169912832 attack 19 20
Jibs_PC#8454907183169912832 roll 3
Jibs_PC#8454907183169912832 roll 1
DICE 3 1 5 1 1 2 
Jibs_PC#8454907183169912832 endattack
Jibs_PC#8454907183169912832 nomove
CARD 23
Jibs_PC#8454907183169912832 trade 7 12 37
Jibs_PC#8454907183169912832 placearmies 24 1
Jibs_PC#8454907183169912832 placearmies 24 5
Jibs_PC#8454907183169912832 placearmies 24 5
Jibs_PC#8454907183169912832 placearmies 24 1
Jibs_PC#8454907183169912832 placearmies 24 1
Jibs_PC#8454907183169912832 attack 24 22
Jibs_PC#8454907183169912832 roll 3
Jibs_PC#8454907183169912832 roll 1
DICE 3 1 5 4 0 2 
Jibs_PC#8454907183169912832 move 15
Jibs_PC#8454907183169912832 attack 22 31
Jibs_PC#8454907183169912832 roll 3
Jibs_PC#8454907183169912832 roll 1
DICE 3 1 2 1 0 5 
Jibs_PC#8454907183169912832 roll 3
Jibs_PC#8454907183169912832 roll 1
DICE 3 1 5 5 4 3 
Jibs_PC#8454907183169912832 move 13
Jibs_PC#8454907183169912832 attack 31 32
Jibs_PC#8454907183169912832 roll 3
Jibs_PC#8454907183169912832 roll 2
DICE 3 2 4 3 0 2 0 
Jibs_PC#8454907183169912832 move 12
Jibs_PC#8454907183169912832 attack 32 33
Jibs_PC#8454907183169912832 roll 3
Jibs_PC#8454907183169912832 roll 1
DICE 3 1 5 4 1 5 
Jibs_PC#8454907183169912832 roll 3
Jibs_PC#8454907183169912832 roll 1
DICE 3 1 3 3 3 5 
Jibs_PC#8454907183169912832 roll 3
Jibs_PC#8454907183169912832 roll 1
DICE 3 1 5 4 0 1 
Jibs_PC#8454907183169912832 move 9
Jibs_PC#8454907183169912832 attack 33 39
Jibs_PC#8454907183169912832 roll 3
Jibs_PC#8454907183169912832 roll 1
DICE 3 1 4 3 3 4 
Jibs_PC#8454907183169912832 roll 3
Jibs_PC#8454907183169912832 roll 1
DICE 3 1 3 0 0 4 
Jibs_PC#8454907183169912832 roll 3
Jibs_PC#8454907183169912832 roll 1
DICE 3 1 4 1 0 0 
Jibs_PC#8454907183169912832 move 6
Jibs_PC#8454907183169912832 attack 39 40
Jibs_PC#8454907183169912832 roll 3
Jibs_PC#8454907183169912832 roll 1
DICE 3 1 5 1 1 0 
Jibs_PC#8454907183169912832 move 5
Jibs_PC#8454907183169912832 attack 40 42
Jibs_PC#8454907183169912832 roll 3
Jibs_PC#8454907183169912832 roll 2
DICE 3 2 3 2 2 2 2 
Jibs_PC#8454907183169912832 roll 3
Jibs_PC#8454907183169912832 roll 2
DICE 3 2 1 1 0 2 1 
Jibs_PC#8454907183169912832 retreat
Jibs_PC#8454907183169912832 endattack
Jibs_PC#8454907183169912832 nomove
CARD 25
Jibs_PC#8454907183169912832 placearmies 4 3
Jibs_PC#8454907183169912832 placearmies 5 1
Jibs_PC#8454907183169912832 placearmies 4 1
Jibs_PC#8454907183169912832 attack 4 7
Jibs_PC#8454907183169912832 roll 3
Jibs_PC#8454907183169912832 roll 2
DICE 3 2 5 4 1 5 1 
Jibs_PC#8454907183169912832 roll 3
Jibs_PC#8454907183169912832 roll 1
DICE 3 1 4 4 0 3 
Jibs_PC#8454907183169912832 endattack
Jibs_PC#8454907183169912832 nomove
CARD 34
Jibs_PC#8454907183169912832 trade 32 41 11
Jibs_PC#8454907183169912832 placearmies 41 6
Jibs_PC#8454907183169912832 placearmies 41 2
Jibs_PC#8454907183169912832 placearmies 41 3
Jibs_PC#8454907183169912832 placearmies 1 1
Jibs_PC#8454907183169912832 placearmies 41 2
Jibs_PC#8454907183169912832 attack 41 40
Jibs_PC#8454907183169912832 roll 3
Jibs_PC#8454907183169912832 roll 2
DICE 3 2 5 5 2 4 0 
Jibs_PC#8454907183169912832 move 15
Jibs_PC#8454907183169912832 attack 40 39
Jibs_PC#8454907183169912832 roll 3
Jibs_PC#8454907183169912832 roll 1
DICE 3 1 5 0 0 3 
Jibs_PC#8454907183169912832 move 14
Jibs_PC#8454907183169912832 attack 39 33
Jibs_PC#8454907183169912832 roll 3
Jibs_PC#8454907183169912832 roll 1
DICE 3 1 4 3 0 5 
Jibs_PC#8454907183169912832 roll 3
Jibs_PC#8454907183169912832 roll 1
DICE 3 1 5 4 2 5 
Jibs_PC#8454907183169912832 roll 3
Jibs_PC#8454907183169912832 roll 1
DICE 3 1 5 4 3 4 
Jibs_PC#8454907183169912832 move 11
Jibs_PC#8454907183169912832 attack 33 32
Jibs_PC#8454907183169912832 roll 3
Jibs_PC#8454907183169912832 roll 1
DICE 3 1 3 2 0 1 
Jibs_PC#8454907183169912832 move 10
Jibs_PC#8454907183169912832 attack 32 31
Jibs_PC#8454907183169912832 roll 3
Jibs_PC#8454907183169912832 roll 1
DICE 3 1 5 2 0 4 
Jibs_PC#8454907183169912832 move 9
Jibs_PC#8454907183169912832 attack 31 16
Jibs_PC#8454907183169912832 roll 3
Jibs_PC#8454907183169912832 roll 2
DICE 3 2 3 2 2 3 2 
Jibs_PC#8454907183169912832 roll 3
Jibs_PC#8454907183169912832 roll 2
DICE 3 2 5 0 0 3 1 
Jibs_PC#8454907183169912832 retreat
Jibs_PC#8454907183169912832 attack 31 22
Jibs_PC#8454907183169912832 roll 3
Jibs_PC#8454907183169912832 roll 1
DICE 3 1 5 1 1 5 
Jibs_PC#8454907183169912832 roll 3
Jibs_PC#8454907183169912832 roll 1
DICE 3 1 5 4 0 2 
Jibs_PC#8454907183169912832 move 3
Jibs_PC#8454907183169912832 attack 1 2
Jibs_PC#8454907183169912832 roll 3
Jibs_PC#8454907183169912832 roll 1
DICE 3 1 4 1 0 1 
Jibs_PC#8454907183169912832 move 4
Jibs_PC#8454907183169912832 endattack
Jibs_PC#8454907183169912832 movearmies 22 31 2
CARD wildcard
Jibs_PC#8454907183169912832 trade 42 15 18
Jibs_PC#8454907183169912832 placearmies 17 1
Jibs_PC#8454907183169912832 placearmies 17 1
Jibs_PC#8454907183169912832 placearmies 18 1
Jibs_PC#8454907183169912832 placearmies 16 5
Jibs_PC#8454907183169912832 placearmies 16 3
Jibs_PC#8454907183169912832 placearmies 16 2
Jibs_PC#8454907183169912832 attack 16 28
Jibs_PC#8454907183169912832 roll 3
Jibs_PC#8454907183169912832 roll 2
DICE 3 2 4 3 1 5 2 
Jibs_PC#8454907183169912832 roll 3
Jibs_PC#8454907183169912832 roll 1
DICE 3 1 2 1 0 1 
Jibs_PC#8454907183169912832 move 9
Jibs_PC#8454907183169912832 attack 28 29
Jibs_PC#8454907183169912832 roll 3
Jibs_PC#8454907183169912832 roll 1
DICE 3 1 5 4 3 5 
Jibs_PC#8454907183169912832 roll 3
Jibs_PC#8454907183169912832 roll 1
DICE 3 1 4 3 1 4 
Jibs_PC#8454907183169912832 retreat
Jibs_PC#8454907183169912832 attack 17 15
Jibs_PC#8454907183169912832 roll 2
Jibs_PC#8454907183169912832 roll 1
DICE 2 1 4 0 0 
Jibs_PC#8454907183169912832 attack 18 19
Jibs_PC#8454907183169912832 roll 3
Jibs_PC#8454907183169912832 roll 1
DICE 3 1 5 5 0 5 
Jibs_PC#8454907183169912832 roll 2
Jibs_PC#8454907183169912832 roll 1
DICE 2 1 0 0 3 
Jibs_PC#8454907183169912832 retreat
Jibs_PC#8454907183169912832 attack 28 30
Jibs_PC#8454907183169912832 roll 3
Jibs_PC#8454907183169912832 roll 2
DICE 3 2 4 2 1 1 0 
Jibs_PC#8454907183169912832 move 6
Jibs_PC#8454907183169912832 attack 30 32
Jibs_PC#8454907183169912832 roll 3
Jibs_PC#8454907183169912832 roll 1
DICE 3 1 5 4 1 1 
Jibs_PC#8454907183169912832 move 5
Jibs_PC#8454907183169912832 attack 32 33
Jibs_PC#8454907183169912832 roll 3
Jibs_PC#8454907183169912832 roll 1
DICE 3 1 5 3 2 3 
Jibs_PC#8454907183169912832 move 4
Jibs_PC#8454907183169912832 attack 33 39
Jibs_PC#8454907183169912832 roll 3
Jibs_PC#8454907183169912832 roll 1
DICE 3 1 4 3 3 4 
Jibs_PC#8454907183169912832 roll 2
Jibs_PC#8454907183169912832 roll 1
DICE 2 1 5 1 4 
Jibs_PC#8454907183169912832 endattack
Jibs_PC#8454907183169912832 movearmies 15 16 1
CARD 21
Jibs_PC#8454907183169912832 trade 17 28 23
Jibs_PC#8454907183169912832 placearmies 20 1
Jibs_PC#8454907183169912832 placearmies 21 7
Jibs_PC#8454907183169912832 placearmies 21 1
Jibs_PC#8454907183169912832 attack 21 12
Jibs_PC#8454907183169912832 roll 3
Jibs_PC#8454907183169912832 roll 2
DICE 3 2 3 2 1 5 3 
Jibs_PC#8454907183169912832 roll 3
Jibs_PC#8454907183169912832 roll 2
DICE 3 2 4 3 1 4 1 
Jibs_PC#8454907183169912832 roll 3
Jibs_PC#8454907183169912832 roll 1
DICE 3 1 3 1 1 2 
Jibs_PC#8454907183169912832 move 6
Jibs_PC#8454907183169912832 attack 12 10
Jibs_PC#8454907183169912832 roll 3
Jibs_PC#8454907183169912832 roll 1
DICE 3 1 4 3 0 3 
Jibs_PC#8454907183169912832 move 5
Jibs_PC#8454907183169912832 attack 10 11
Jibs_PC#8454907183169912832 roll 3
Jibs_PC#8454907183169912832 roll 1
DICE 3 1 3 2 1 4 
Jibs_PC#8454907183169912832 roll 3
Jibs_PC#8454907183169912832 roll 1
DICE 3 1 5 3 1 1 
Jibs_PC#8454907183169912832 attack 11 13
Jibs_PC#8454907183169912832 roll 2
Jibs_PC#8454907183169912832 roll 1
DICE 2 1 1 0 3 
Jibs_PC#8454907183169912832 retreat
Jibs_PC#8454907183169912832 endattack
Jibs_PC#8454907183169912832 nomove
CARD 13
Jibs_PC#8454907183169912832 placearmies 24 3
Jibs_PC#8454907183169912832 attack 24 21
Jibs_PC#8454907183169912832 roll 3
Jibs_PC#8454907183169912832 roll 1
DICE 3 1 4 4 0 1 
Jibs_PC#8454907183169912832 attack 21 22
Jibs_PC#8454907183169912832 roll 2
Jibs_PC#8454907183169912832 roll 1
DICE 2 1 3 0 2 
Jibs_PC#8454907183169912832 endattack
Jibs_PC#8454907183169912832 nomove
CARD 22
Jibs_PC#8454907183169912832 trade 31 4 34
Jibs_PC#8454907183169912832 placearmies 4 1
Jibs_PC#8454907183169912832 placearmies 4 7
Jibs_PC#8454907183169912832 placearmies 5 3
Jibs_PC#8454907183169912832 placearmies 5 2
Jibs_PC#8454907183169912832 attack 7 3
Jibs_PC#8454907183169912832 roll 2
Jibs_PC#8454907183169912832 roll 1
DICE 2 1 5 5 1 
Jibs_PC#8454907183169912832 attack 4 9
Jibs_PC#8454907183169912832 roll 3
Jibs_PC#8454907183169912832 roll 1
DICE 3 1 4 3 0 2 
Jibs_PC#8454907183169912832 move 10
Jibs_PC#8454907183169912832 attack 9 8
Jibs_PC#8454907183169912832 roll 3
Jibs_PC#8454907183169912832 roll 1
DICE 3 1 5 4 0 2 
Jibs_PC#8454907183169912832 move 9
Jibs_PC#8454907183169912832 attack 8 6
Jibs_PC#8454907183169912832 roll 3
Jibs_PC#8454907183169912832 roll 1
DICE 3 1 5 5 0 1 
Jibs_PC#8454907183169912832 move 8
Jibs_PC#8454907183169912832 attack 6 2
Jibs_PC#8454907183169912832 roll 3
Jibs_PC#8454907183169912832 roll 2
DICE 3 2 5 1 1 3 1 
Jibs_PC#8454907183169912832 roll 3
Jibs_PC#8454907183169912832 roll 2
DICE 3 2 3 2 2 4 3 
Jibs_PC#8454907183169912832 roll 3
Jibs_PC#8454907183169912832 roll 2
DICE 3 2 3 2 1 4 1 
Jibs_PC#8454907183169912832 roll 3
Jibs_PC#8454907183169912832 roll 2
DICE 3 2 4 3 2 5 1 
Jibs_PC#8454907183169912832 roll 2
Jibs_PC#8454907183169912832 roll 1
DICE 2 1 5 5 1 
Jibs_PC#8454907183169912832 attack 5 10
Jibs_PC#8454907183169912832 roll 3
Jibs_PC#8454907183169912832 roll 1
DICE 3 1 4 3 1 3 
Jibs_PC#8454907183169912832 move 6
Jibs_PC#8454907183169912832 attack 10 12
Jibs_PC#8454907183169912832 roll 3
Jibs_PC#8454907183169912832 roll 1
DICE 3 1 4 1 1 4 
Jibs_PC#8454907183169912832 roll 3
Jibs_PC#8454907183169912832 roll 1
DICE 3 1 5 3 0 4 
Jibs_PC#8454907183169912832 move 4
Jibs_PC#8454907183169912832 attack 12 11
Jibs_PC#8454907183169912832 roll 3
Jibs_PC#8454907183169912832 roll 2
DICE 3 2 5 2 1 5 0 
Jibs_PC#8454907183169912832 roll 2
Jibs_PC#8454907183169912832 roll 1
DICE 2 1 2 1 2 
Jibs_PC#8454907183169912832 retreat
Jibs_PC#8454907183169912832 endattack
Jibs_PC#8454907183169912832 nomove
CARD 19
Jibs_PC#8454907183169912832 placearmies 41 4
Jibs_PC#8454907183169912832 attack 31 22
Jibs_PC#8454907183169912832 roll 3
Jibs_PC#8454907183169912832 roll 2
DICE 3 2 1 0 0 5 4 
Jibs_PC#8454907183169912832 retreat
Jibs_PC#8454907183169912832 attack 41 39
Jibs_PC#8454907183169912832 roll 3
Jibs_PC#8454907183169912832 roll 2
DICE 3 2 4 2 0 5 4 
Jibs_PC#8454907183169912832 retreat
Jibs_PC#8454907183169912832 attack 41 39
Jibs_PC#8454907183169912832 roll 2
Jibs_PC#8454907183169912832 roll 2
DICE 2 2 4 4 5 4 
Jibs_PC#8454907183169912832 endattack
Jibs_PC#8454907183169912832 movearmies 35 27 2
CARD 
Jibs_PC#8454907183169912832 trade 30 26 21
Jibs_PC#8454907183169912832 placearmies 39 6
Jibs_PC#8454907183169912832 placearmies 30 1
Jibs_PC#8454907183169912832 attack 39 41
Jibs_PC#8454907183169912832 roll 3
Jibs_PC#8454907183169912832 roll 1
DICE 3 1 5 5 3 2 
Jibs_PC#8454907183169912832 move 7
Jibs_PC#8454907183169912832 attack 41 42
Jibs_PC#8454907183169912832 roll 3
Jibs_PC#8454907183169912832 roll 2
DICE 3 2 5 4 1 5 4 
Jibs_PC#8454907183169912832 roll 3
Jibs_PC#8454907183169912832 roll 2
DICE 3 2 3 3 1 2 2 
Jibs_PC#8454907183169912832 move 4
Jibs_PC#8454907183169912832 attack 42 40
Jibs_PC#8454907183169912832 roll 3
Jibs_PC#8454907183169912832 roll 1
DICE 3 1 4 0 0 2 
Jibs_PC#8454907183169912832 endattack
Jibs_PC#8454907183169912832 movearmies 40 39 1
CARD 2
Jibs_PC#8454907183169912832 placearmies 11 3
Jibs_PC#8454907183169912832 attack 20 22
Jibs_PC#8454907183169912832 roll 3
Jibs_PC#8454907183169912832 roll 2
DICE 3 2 5 2 2 2 1 
Jibs_PC#8454907183169912832 endattack
Jibs_PC#8454907183169912832 nomove
CARD 9
Jibs_PC#8454907183169912832 placearmies 21 3
Jibs_PC#8454907183169912832 attack 21 12
Jibs_PC#8454907183169912832 roll 3
Jibs_PC#8454907183169912832 roll 2
DICE 3 2 3 1 1 4 3 
Jibs_PC#8454907183169912832 retreat
Jibs_PC#8454907183169912832 endattack
Jibs_PC#8454907183169912832 nomove
CARD 
Jibs_PC#8454907183169912832 placearmies 3 3
Jibs_PC#8454907183169912832 attack 3 1
Jibs_PC#8454907183169912832 roll 3
Jibs_PC#8454907183169912832 roll 1
DICE 3 1 5 1 0 2 
Jibs_PC#8454907183169912832 move 4
Jibs_PC#8454907183169912832 endattack
Jibs_PC#8454907183169912832 movearmies 12 10 1
CARD 5
Jibs_PC#8454907183169912832 placearmies 27 1
Jibs_PC#8454907183169912832 placearmies 27 1
Jibs_PC#8454907183169912832 placearmies 38 1
Jibs_PC#8454907183169912832 attack 27 28
Jibs_PC#8454907183169912832 roll 3
Jibs_PC#8454907183169912832 roll 1
DICE 3 1 4 3 0 3 
Jibs_PC#8454907183169912832 move 4
Jibs_PC#8454907183169912832 endattack
Jibs_PC#8454907183169912832 movearmies 36 38 1
CARD 27
Jibs_PC#8454907183169912832 placearmies 33 1
Jibs_PC#8454907183169912832 placearmies 18 5
Jibs_PC#8454907183169912832 attack 18 20
Jibs_PC#8454907183169912832 roll 3
Jibs_PC#8454907183169912832 roll 1
DICE 3 1 4 1 1 5 
Jibs_PC#8454907183169912832 roll 3
Jibs_PC#8454907183169912832 roll 1
DICE 3 1 5 5 2 0 
Jibs_PC#8454907183169912832 move 5
Jibs_PC#8454907183169912832 attack 20 19
Jibs_PC#8454907183169912832 roll 3
Jibs_PC#8454907183169912832 roll 1
DICE 3 1 5 2 1 0 
Jibs_PC#8454907183169912832 move 3
Jibs_PC#8454907183169912832 endattack
Jibs_PC#8454907183169912832 movearmies 30 16 3
CARD 3
Jibs_PC#8454907183169912832 placearmies 11 3
Jibs_PC#8454907183169912832 attack 11 10
Jibs_PC#8454907183169912832 roll 3
Jibs_PC#8454907183169912832 roll 2
DICE 3 2 5 4 2 4 3 
Jibs_PC#8454907183169912832 move 6
Jibs_PC#8454907183169912832 attack 10 5
Jibs_PC#8454907183169912832 roll 3
Jibs_PC#8454907183169912832 roll 1
DICE 3 1 1 1 1 1 
Jibs_PC#8454907183169912832 roll 3
Jibs_PC#8454907183169912832 roll 1
DICE 3 1 4 2 0 0 
Jibs_PC#8454907183169912832 move 4
Jibs_PC#8454907183169912832 endattack
Jibs_PC#8454907183169912832 movearmies 5 10 3
CARD 1
Jibs_PC#8454907183169912832 placearmies 21 2
Jibs_PC#8454907183169912832 placearmies 21 1
Jibs_PC#8454907183169912832 attack 21 20
Jibs_PC#8454907183169912832 roll 3
Jibs_PC#8454907183169912832 roll 2
DICE 3 2 5 5 2 3 0 
Jibs_PC#8454907183169912832 move 4
Jibs_PC#8454907183169912832 endattack
Jibs_PC#8454907183169912832 movearmies 20 21 3
CARD 24
Jibs_PC#8454907183169912832 trade 8 19 5
Jibs_PC#8454907183169912832 placearmies 4 4
Jibs_PC#8454907183169912832 placearmies 13 4
Jibs_PC#8454907183169912832 placearmies 1 4
Jibs_PC#8454907183169912832 placearmies 1 1
Jibs_PC#8454907183169912832 attack 4 5
Jibs_PC#8454907183169912832 roll 3
Jibs_PC#8454907183169912832 roll 1
DICE 3 1 5 3 0 4 
Jibs_PC#8454907183169912832 move 4
Jibs_PC#8454907183169912832 attack 13 11
Jibs_PC#8454907183169912832 roll 3
Jibs_PC#8454907183169912832 roll 1
DICE 3 1 3 2 0 2 
Jibs_PC#8454907183169912832 move 4
Jibs_PC#8454907183169912832 attack 1 38
Jibs_PC#8454907183169912832 roll 3
Jibs_PC#8454907183169912832 roll 2
DICE 3 2 3 3 1 5 2 
Jibs_PC#8454907183169912832 roll 3
Jibs_PC#8454907183169912832 roll 2
DICE 3 2 5 2 2 3 1 
Jibs_PC#8454907183169912832 move 7
Jibs_PC#8454907183169912832 attack 38 37
Jibs_PC#8454907183169912832 roll 3
Jibs_PC#8454907183169912832 roll 1
DICE 3 1 2 2 1 0 
Jibs_PC#8454907183169912832 move 5
Jibs_PC#8454907183169912832 attack 37 36
Jibs_PC#8454907183169912832 roll 3
Jibs_PC#8454907183169912832 roll 1
DICE 3 1 5 5 1 0 
Jibs_PC#8454907183169912832 move 4
Jibs_PC#8454907183169912832 endattack
Jibs_PC#8454907183169912832 movearmies 36 38 3
CARD 20
Jibs_PC#8454907183169912832 trade 14 wildcard 27
Jibs_PC#8454907183169912832 placearmies 28 8
Jibs_PC#8454907183169912832 placearmies 28 4
Jibs_PC#8454907183169912832 placearmies 28 1
Jibs_PC#8454907183169912832 attack 28 30
Jibs_PC#8454907183169912832 roll 3
Jibs_PC#8454907183169912832 roll 1
DICE 3 1 1 0 0 0 
Jibs_PC#8454907183169912832 move 16
Jibs_PC#8454907183169912832 attack 30 16
Jibs_PC#8454907183169912832 roll 3
Jibs_PC#8454907183169912832 roll 2
DICE 3 2 4 4 3 5 2 
Jibs_PC#8454907183169912832 roll 3
Jibs_PC#8454907183169912832 roll 2
DICE 3 2 0 0 0 3 1 
Jibs_PC#8454907183169912832 retreat
Jibs_PC#8454907183169912832 attack 27 36
Jibs_PC#8454907183169912832 roll 2
Jibs_PC#8454907183169912832 roll 1
DICE 2 1 5 4 2 
Jibs_PC#8454907183169912832 attack 30 32
Jibs_PC#8454907183169912832 roll 3
Jibs_PC#8454907183169912832 roll 1
DICE 3 1 2 2 1 4 
Jibs_PC#8454907183169912832 roll 3
Jibs_PC#8454907183169912832 roll 1
DICE 3 1 5 4 2 0 
Jibs_PC#8454907183169912832 move 11
Jibs_PC#8454907183169912832 attack 32 33
Jibs_PC#8454907183169912832 roll 3
Jibs_PC#8454907183169912832 roll 2
DICE 3 2 3 3 1 4 2 
Jibs_PC#8454907183169912832 roll 3
Jibs_PC#8454907183169912832 roll 1
DICE 3 1 1 1 0 3 
Jibs_PC#8454907183169912832 roll 3
Jibs_PC#8454907183169912832 roll 1
DICE 3 1 5 3 3 3 
Jibs_PC#8454907183169912832 move 8
Jibs_PC#8454907183169912832 endattack
Jibs_PC#8454907183169912832 nomove
CARD 6
Jibs_PC#8454907183169912832 placearmies 14 4
Jibs_PC#8454907183169912832 placearmies 39 1
Jibs_PC#8454907183169912832 attack 14 6
Jibs_PC#8454907183169912832 roll 3
Jibs_PC#8454907183169912832 roll 1
DICE 3 1 4 3 0 3 
Jibs_PC#8454907183169912832 move 4
Jibs_PC#8454907183169912832 attack 19 20
Jibs_PC#8454907183169912832 roll 2
Jibs_PC#8454907183169912832 roll 1
DICE 2 1 5 4 2 
Jibs_PC#8454907183169912832 endattack
Jibs_PC#8454907183169912832 movearmies 40 39 1
CARD 39
Jibs_PC#8454907183169912832 placearmies 10 1
Jibs_PC#8454907183169912832 placearmies 22 2
Jibs_PC#8454907183169912832 attack 22 20
Jibs_PC#8454907183169912832 roll 3
Jibs_PC#8454907183169912832 roll 2
DICE 3 2 1 0 0 3 2 
Jibs_PC#8454907183169912832 retreat
Jibs_PC#8454907183169912832 attack 10 12
Jibs_PC#8454907183169912832 roll 3
Jibs_PC#8454907183169912832 roll 1
DICE 3 1 5 0 0 5 
Jibs_PC#8454907183169912832 roll 3
Jibs_PC#8454907183169912832 roll 1
DICE 3 1 5 0 0 4 
Jibs_PC#8454907183169912832 endattack
Jibs_PC#8454907183169912832 nomove
CARD 10
Jibs_PC#8454907183169912832 placearmies 21 3
Jibs_PC#8454907183169912832 attack 21 19
Jibs_PC#8454907183169912832 roll 3
Jibs_PC#8454907183169912832 roll 1
DICE 3 1 5 4 3 3 
Jibs_PC#8454907183169912832 move 6
Jibs_PC#8454907183169912832 endattack
Jibs_PC#8454907183169912832 nomove
CARD 33
Jibs_PC#8454907183169912832 placearmies 5 1
Jibs_PC#8454907183169912832 placearmies 38 3
Jibs_PC#8454907183169912832 attack 5 10
Jibs_PC#8454907183169912832 roll 3
Jibs_PC#8454907183169912832 roll 1
DICE 3 1 2 1 1 3 
Jibs_PC#8454907183169912832 roll 3
Jibs_PC#8454907183169912832 roll 1
DICE 3 1 4 2 2 5 
Jibs_PC#8454907183169912832 roll 2
Jibs_PC#8454907183169912832 roll 1
DICE 2 1 4 3 3 
Jibs_PC#8454907183169912832 endattack
Jibs_PC#8454907183169912832 nomove
CARD 29
Jibs_PC#8454907183169912832 placearmies 33 2
Jibs_PC#8454907183169912832 placearmies 36 1
Jibs_PC#8454907183169912832 attack 33 39
Jibs_PC#8454907183169912832 roll 3
Jibs_PC#8454907183169912832 roll 2
DICE 3 2 5 4 1 4 2 
Jibs_PC#8454907183169912832 roll 3
Jibs_PC#8454907183169912832 roll 2
DICE 3 2 3 2 0 5 5 
Jibs_PC#8454907183169912832 roll 3
Jibs_PC#8454907183169912832 roll 2
DICE 3 2 5 2 1 5 4 
Jibs_PC#8454907183169912832 roll 3
Jibs_PC#8454907183169912832 roll 2
DICE 3 2 5 4 0 4 1 
Jibs_PC#8454907183169912832 move 5
Jibs_PC#8454907183169912832 attack 36 37
Jibs_PC#8454907183169912832 roll 2
Jibs_PC#8454907183169912832 roll 1
DICE 2 1 1 1 3 
Jibs_PC#8454907183169912832 retreat
Jibs_PC#8454907183169912832 attack 39 40
Jibs_PC#8454907183169912832 roll 3
Jibs_PC#8454907183169912832 roll 1
DICE 3 1 5 4 4 1 
Jibs_PC#8454907183169912832 move 4
Jibs_PC#8454907183169912832 attack 40 41
Jibs_PC#8454907183169912832 roll 3
Jibs_PC#8454907183169912832 roll 1
DICE 3 1 5 5 3 1 
Jibs_PC#8454907183169912832 attack 41 42
Jibs_PC#8454907183169912832 roll 2
Jibs_PC#8454907183169912832 roll 1
DICE 2 1 2 1 1 
Jibs_PC#8454907183169912832 endattack
Jibs_PC#8454907183169912832 nomove
CARD 38
Jibs_PC#8454907183169912832 trade 2 3 39
Jibs_PC#8454907183169912832 placearmies 20 9
Jibs_PC#8454907183169912832 placearmies 20 4
Jibs_PC#8454907183169912832 attack 20 22
Jibs_PC#8454907183169912832 roll 3
Jibs_PC#8454907183169912832 roll 2
DICE 3 2 4 3 0 5 3 
Jibs_PC#8454907183169912832 roll 3
Jibs_PC#8454907183169912832 roll 2
DICE 3 2 5 5 1 4 1 
Jibs_PC#8454907183169912832 roll 3
Jibs_PC#8454907183169912832 roll 1
DICE 3 1 4 4 0 3 
Jibs_PC#8454907183169912832 move 12
Jibs_PC#8454907183169912832 attack 22 21
Jibs_PC#8454907183169912832 roll 3
Jibs_PC#8454907183169912832 roll 1
DICE 3 1 5 4 3 2 
Jibs_PC#8454907183169912832 move 11
Jibs_PC#8454907183169912832 attack 21 12
Jibs_PC#8454907183169912832 roll 3
Jibs_PC#8454907183169912832 roll 2
DICE 3 2 3 1 0 4 2 
Jibs_PC#8454907183169912832 roll 3
Jibs_PC#8454907183169912832 roll 2
DICE 3 2 4 4 2 3 2 
Jibs_PC#8454907183169912832 roll 3
Jibs_PC#8454907183169912832 roll 1
DICE 3 1 3 1 0 3 
Jibs_PC#8454907183169912832 roll 3
Jibs_PC#8454907183169912832 roll 1
DICE 3 1 5 4 0 4 
Jibs_PC#8454907183169912832 move 7
Jibs_PC#8454907183169912832 attack 12 13
Jibs_PC#8454907183169912832 roll 3
Jibs_PC#8454907183169912832 roll 1
DICE 3 1 4 1 0 4 
Jibs_PC#8454907183169912832 roll 3
Jibs_PC#8454907183169912832 roll 1
DICE 3 1 4 4 3 1 
Jibs_PC#8454907183169912832 move 5
Jibs_PC#8454907183169912832 attack 13 11
Jibs_PC#8454907183169912832 roll 3
Jibs_PC#8454907183169912832 roll 2
DICE 3 2 4 3 2 2 1 
Jibs_PC#8454907183169912832 roll 3
Jibs_PC#8454907183169912832 roll 2
DICE 3 2 5 4 2 5 3 
Jibs_PC#8454907183169912832 roll 3
Jibs_PC#8454907183169912832 roll 1
DICE 3 1 2 0 0 2 
Jibs_PC#8454907183169912832 roll 2
Jibs_PC#8454907183169912832 roll 1
DICE 2 1 2 1 2 
Jibs_PC#8454907183169912832 retreat
Jibs_PC#8454907183169912832 endattack
Jibs_PC#8454907183169912832 movearmies 6 14 3
CARD 40
Jibs_PC#8454907183169912832 trade 25 24 33
Jibs_PC#8454907183169912832 placearmies 19 2
Jibs_PC#8454907183169912832 placearmies 19 8
Jibs_PC#8454907183169912832 placearmies 19 1
Jibs_PC#8454907183169912832 attack 19 21
Jibs_PC#8454907183169912832 roll 3
Jibs_PC#8454907183169912832 roll 1
DICE 3 1 4 2 0 3 
Jibs_PC#8454907183169912832 move 16
Jibs_PC#8454907183169912832 attack 21 22
Jibs_PC#8454907183169912832 roll 3
Jibs_PC#8454907183169912832 roll 1
DICE 3 1 4 2 1 5 
Jibs_PC#8454907183169912832 roll 3
Jibs_PC#8454907183169912832 roll 1
DICE 3 1 5 3 0 3 
Jibs_PC#8454907183169912832 move 13
Jibs_PC#8454907183169912832 attack 22 20
Jibs_PC#8454907183169912832 roll 3
Jibs_PC#8454907183169912832 roll 1
DICE 3 1 5 2 0 5 
Jibs_PC#8454907183169912832 roll 3
Jibs_PC#8454907183169912832 roll 1
DICE 3 1 5 5 5 3 
Jibs_PC#8454907183169912832 move 10
Jibs_PC#8454907183169912832 attack 20 18
Jibs_PC#8454907183169912832 roll 3
Jibs_PC#8454907183169912832 roll 1
DICE 3 1 5 2 1 3 
Jibs_PC#8454907183169912832 move 9
Jibs_PC#8454907183169912832 attack 18 16
Jibs_PC#8454907183169912832 roll 3
Jibs_PC#8454907183169912832 roll 2
DICE 3 2 3 2 1 2 0 
Jibs_PC#8454907183169912832 roll 3
Jibs_PC#8454907183169912832 roll 2
DICE 3 2 5 4 0 4 4 
Jibs_PC#8454907183169912832 retreat
Jibs_PC#8454907183169912832 attack 18 17
Jibs_PC#8454907183169912832 roll 3
Jibs_PC#8454907183169912832 roll 1
DICE 3 1 5 2 1 0 
Jibs_PC#8454907183169912832 move 7
Jibs_PC#8454907183169912832 attack 17 15
Jibs_PC#8454907183169912832 roll 3
Jibs_PC#8454907183169912832 roll 1
DICE 3 1 5 4 0 3 
Jibs_PC#8454907183169912832 move 6
Jibs_PC#8454907183169912832 attack 15 16
Jibs_PC#8454907183169912832 roll 3
Jibs_PC#8454907183169912832 roll 1
DICE 3 1 1 0 0 5 
Jibs_PC#8454907183169912832 roll 3
Jibs_PC#8454907183169912832 roll 1
DICE 3 1 5 3 0 1 
Jibs_PC#8454907183169912832 move 4
Jibs_PC#8454907183169912832 endattack
Jibs_PC#8454907183169912832 movearmies 25 23 1
CARD 36
Jibs_PC#8454907183169912832 placearmies 8 2
Jibs_PC#8454907183169912832 placearmies 10 2
Jibs_PC#8454907183169912832 attack 8 6
Jibs_PC#8454907183169912832 roll 3
Jibs_PC#8454907183169912832 roll 1
DICE 3 1 4 3 0 1 
Jibs_PC#8454907183169912832 move 4
Jibs_PC#8454907183169912832 attack 10 12
Jibs_PC#8454907183169912832 roll 3
Jibs_PC#8454907183169912832 roll 1
DICE 3 1 5 3 1 2 
Jibs_PC#8454907183169912832 attack 38 36
Jibs_PC#8454907183169912832 roll 3
Jibs_PC#8454907183169912832 roll 2
DICE 3 2 5 5 5 2 0 
Jibs_PC#8454907183169912832 move 6
Jibs_PC#8454907183169912832 attack 36 35
Jibs_PC#8454907183169912832 roll 3
Jibs_PC#8454907183169912832 roll 1
DICE 3 1 2 1 1 0 
Jibs_PC#8454907183169912832 move 5
Jibs_PC#8454907183169912832 attack 35 34
Jibs_PC#8454907183169912832 roll 3
Jibs_PC#8454907183169912832 roll 1
DICE 3 1 5 4 3 3 
Jibs_PC#8454907183169912832 move 3
Jibs_PC#8454907183169912832 endattack
Jibs_PC#8454907183169912832 movearmies 2 6 1
CARD 16
Jibs_PC#8454907183169912832 placearmies 31 2
Jibs_PC#8454907183169912832 placearmies 29 1
Jibs_PC#8454907183169912832 placearmies 30 1
Jibs_PC#8454907183169912832 placearmies 30 1
Jibs_PC#8454907183169912832 attack 31 22
Jibs_PC#8454907183169912832 roll 3
Jibs_PC#8454907183169912832 roll 2
DICE 3 2 3 2 1 5 2 
Jibs_PC#8454907183169912832 retreat
Jibs_PC#8454907183169912832 attack 30 16
Jibs_PC#8454907183169912832 roll 2
Jibs_PC#8454907183169912832 roll 2
DICE 2 2 5 0 5 3 
Jibs_PC#8454907183169912832 endattack
Jibs_PC#8454907183169912832 nomove
CARD 
Jibs_PC#8454907183169912832 trade 13 9 40
Jibs_PC#8454907183169912832 placearmies 14 6
Jibs_PC#8454907183169912832 placearmies 13 4
Jibs_PC#8454907183169912832 placearmies 14 2
Jibs_PC#8454907183169912832 placearmies 14 1
Jibs_PC#8454907183169912832 attack 14 6
Jibs_PC#8454907183169912832 roll 3
Jibs_PC#8454907183169912832 roll 2
DICE 3 2 4 3 3 5 5 
Jibs_PC#8454907183169912832 roll 3
Jibs_PC#8454907183169912832 roll 2
DICE 3 2 3 2 0 4 0 
Jibs_PC#8454907183169912832 roll 3
Jibs_PC#8454907183169912832 roll 2
DICE 3 2 5 4 0 5 4 
Jibs_PC#8454907183169912832 roll 3
Jibs_PC#8454907183169912832 roll 2
DICE 3 2 5 4 2 1 0 
Jibs_PC#8454907183169912832 roll 3
Jibs_PC#8454907183169912832 roll 2
DICE 3 2 5 5 0 4 3 
Jibs_PC#8454907183169912832 move 7
Jibs_PC#8454907183169912832 attack 13 12
Jibs_PC#8454907183169912832 roll 3
Jibs_PC#8454907183169912832 roll 2
DICE 3 2 5 5 1 1 1 
Jibs_PC#8454907183169912832 roll 3
Jibs_PC#8454907183169912832 roll 1
DICE 3 1 2 1 1 2 
Jibs_PC#8454907183169912832 roll 3
Jibs_PC#8454907183169912832 roll 1
DICE 3 1 4 2 1 3 
Jibs_PC#8454907183169912832 move 6
Jibs_PC#8454907183169912832 attack 12 21
Jibs_PC#8454907183169912832 roll 3
Jibs_PC#8454907183169912832 roll 2
DICE 3 2 5 3 1 2 0 
Jibs_PC#8454907183169912832 move 5
Jibs_PC#8454907183169912832 endattack
Jibs_PC#8454907183169912832 nomove
CARD 5
Jibs_PC#8454907183169912832 placearmies 17 3
Jibs_PC#8454907183169912832 attack 17 14
Jibs_PC#8454907183169912832 roll 3
Jibs_PC#8454907183169912832 roll 1
DICE 3 1 5 5 4 3 
Jibs_PC#8454907183169912832 endattack
Jibs_PC#8454907183169912832 movearmies 22 20 1
CARD 42
Jibs_PC#8454907183169912832 placearmies 11 4
Jibs_PC#8454907183169912832 placearmies 34 1
Jibs_PC#8454907183169912832 attack 11 13
Jibs_PC#8454907183169912832 roll 3
Jibs_PC#8454907183169912832 roll 1
DICE 3 1 5 3 1 1 
Jibs_PC#8454907183169912832 move 4
Jibs_PC#8454907183169912832 attack 13 12
Jibs_PC#8454907183169912832 roll 3
Jibs_PC#8454907183169912832 roll 1
DICE 3 1 5 5 4 3 
Jibs_PC#8454907183169912832 endattack
Jibs_PC#8454907183169912832 movearmies 38 35 1
CARD 25
Jibs_PC#8454907183169912832 placearmies 29 2
Jibs_PC#8454907183169912832 placearmies 30 1
Jibs_PC#8454907183169912832 placearmies 31 2
Jibs_PC#8454907183169912832 attack 31 20
Jibs_PC#8454907183169912832 roll 3
Jibs_PC#8454907183169912832 roll 2
DICE 3 2 4 1 0 1 0 
Jibs_PC#8454907183169912832 attack 29 36
Jibs_PC#8454907183169912832 roll 3
Jibs_PC#8454907183169912832 roll 1
DICE 3 1 5 1 0 5 
Jibs_PC#8454907183169912832 roll 2
Jibs_PC#8454907183169912832 roll 1
DICE 2 1 4 0 2 
Jibs_PC#8454907183169912832 endattack
Jibs_PC#8454907183169912832 movearmies 20 31 2
CARD 24
Jibs_PC#8454907183169912832 trade 1 10 5
Jibs_PC#8454907183169912832 placearmies 21 12
Jibs_PC#8454907183169912832 placearmies 6 1
Jibs_PC#8454907183169912832 attack 21 12
Jibs_PC#8454907183169912832 roll 3
Jibs_PC#8454907183169912832 roll 2
DICE 3 2 3 2 0 4 1 
Jibs_PC#8454907183169912832 roll 3
Jibs_PC#8454907183169912832 roll 2
DICE 3 2 5 3 0 5 5 
Jibs_PC#8454907183169912832 roll 3
Jibs_PC#8454907183169912832 roll 2
DICE 3 2 4 2 1 5 4 
Jibs_PC#8454907183169912832 roll 3
Jibs_PC#8454907183169912832 roll 2
DICE 3 2 3 1 1 3 1 
Jibs_PC#8454907183169912832 roll 3
Jibs_PC#8454907183169912832 roll 2
DICE 3 2 5 5 4 4 1 
Jibs_PC#8454907183169912832 move 9
Jibs_PC#8454907183169912832 attack 12 10
Jibs_PC#8454907183169912832 roll 3
Jibs_PC#8454907183169912832 roll 1
DICE 3 1 5 3 2 1 
Jibs_PC#8454907183169912832 move 8
Jibs_PC#8454907183169912832 attack 10 11
Jibs_PC#8454907183169912832 roll 3
Jibs_PC#8454907183169912832 roll 1
DICE 3 1 2 1 0 1 
Jibs_PC#8454907183169912832 move 5
Jibs_PC#8454907183169912832 attack 11 13
Jibs_PC#8454907183169912832 roll 3
Jibs_PC#8454907183169912832 roll 1
DICE 3 1 5 4 3 2 
Jibs_PC#8454907183169912832 move 3
Jibs_PC#8454907183169912832 attack 10 5
Jibs_PC#8454907183169912832 roll 2
Jibs_PC#8454907183169912832 roll 1
DICE 2 1 3 1 0 
Jibs_PC#8454907183169912832 attack 6 7
Jibs_PC#8454907183169912832 roll 3
Jibs_PC#8454907183169912832 roll 1
DICE 3 1 5 1 0 3 
Jibs_PC#8454907183169912832 move 7
Jibs_PC#8454907183169912832 attack 7 9
Jibs_PC#8454907183169912832 roll 3
Jibs_PC#8454907183169912832 roll 1
DICE 3 1 4 4 4 3 
Jibs_PC#8454907183169912832 move 6
Jibs_PC#8454907183169912832 attack 9 8
Jibs_PC#8454907183169912832 roll 3
Jibs_PC#8454907183169912832 roll 1
DICE 3 1 4 4 2 1 
Jibs_PC#8454907183169912832 move 3
Jibs_PC#8454907183169912832 attack 9 4
Jibs_PC#8454907183169912832 roll 2
Jibs_PC#8454907183169912832 roll 1
DICE 2 1 3 0 1 
Jibs_PC#8454907183169912832 endattack
Jibs_PC#8454907183169912832 movearmies 8 7 2
CARD 19
Jibs_PC#8454907183169912832 placearmies 23 3
Jibs_PC#8454907183169912832 attack 23 21
Jibs_PC#8454907183169912832 roll 3
Jibs_PC#8454907183169912832 roll 1
DICE 3 1 5 4 3 3 
Jibs_PC#8454907183169912832 move 4
Jibs_PC#8454907183169912832 attack 21 12
Jibs_PC#8454907183169912832 roll 3
Jibs_PC#8454907183169912832 roll 1
DICE 3 1 5 5 4 3 
Jibs_PC#8454907183169912832 attack 16 20
Jibs_PC#8454907183169912832 roll 3
Jibs_PC#8454907183169912832 roll 1
DICE 3 1 5 5 2 4 
Jibs_PC#8454907183169912832 endattack
Jibs_PC#8454907183169912832 nomove
CARD wildcard
Jibs_PC#8454907183169912832 placearmies 34 3
Jibs_PC#8454907183169912832 attack 34 27
Jibs_PC#8454907183169912832 roll 3
Jibs_PC#8454907183169912832 roll 1
DICE 3 1 3 2 1 2 
Jibs_PC#8454907183169912832 move 6
Jibs_PC#8454907183169912832 attack 27 28
Jibs_PC#8454907183169912832 roll 3
Jibs_PC#8454907183169912832 roll 1
DICE 3 1 5 2 1 0 
Jibs_PC#8454907183169912832 move 5
Jibs_PC#8454907183169912832 attack 28 16
Jibs_PC#8454907183169912832 roll 3
Jibs_PC#8454907183169912832 roll 1
DICE 3 1 4 4 2 0 
Jibs_PC#8454907183169912832 move 4
Jibs_PC#8454907183169912832 endattack
Jibs_PC#8454907183169912832 nomove
CARD 17
Jibs_PC#8454907183169912832 placearmies 31 1
Jibs_PC#8454907183169912832 placearmies 31 1
Jibs_PC#8454907183169912832 placearmies 29 1
Jibs_PC#8454907183169912832 placearmies 30 2
Jibs_PC#8454907183169912832 attack 31 22
Jibs_PC#8454907183169912832 roll 3
Jibs_PC#8454907183169912832 roll 1
DICE 3 1 5 2 1 3 
Jibs_PC#8454907183169912832 move 3
Jibs_PC#8454907183169912832 attack 30 28
Jibs_PC#8454907183169912832 roll 3
Jibs_PC#8454907183169912832 roll 1
DICE 3 1 5 3 2 3 
Jibs_PC#8454907183169912832 attack 28 27
Jibs_PC#8454907183169912832 roll 2
Jibs_PC#8454907183169912832 roll 1
DICE 2 1 2 0 1 
Jibs_PC#8454907183169912832 endattack
Jibs_PC#8454907183169912832 movearmies 22 31 2
CARD 34
Jibs_PC#8454907183169912832 placearmies 7 1
Jibs_PC#8454907183169912832 placearmies 7 1
Jibs_PC#8454907183169912832 placearmies 6 1
Jibs_PC#8454907183169912832 attack 7 2
Jibs_PC#8454907183169912832 roll 3
Jibs_PC#8454907183169912832 roll 1
DICE 3 1 5 4 1 2 
Jibs_PC#8454907183169912832 move 4
Jibs_PC#8454907183169912832 attack 2 1
Jibs_PC#8454907183169912832 roll 3
Jibs_PC#8454907183169912832 roll 1
DICE 3 1 5 4 2 3 
Jibs_PC#8454907183169912832 attack 1 3
Jibs_PC#8454907183169912832 roll 2
Jibs_PC#8454907183169912832 roll 1
DICE 2 1 1 1 2 
Jibs_PC#8454907183169912832 retreat
Jibs_PC#8454907183169912832 endattack
Jibs_PC#8454907183169912832 movearmies 5 4 1
CARD 41
Jibs_PC#8454907183169912832 trade 22 36 wildcard
Jibs_PC#8454907183169912832 placearmies 20 2
Jibs_PC#8454907183169912832 placearmies 12 12
Jibs_PC#8454907183169912832 attack 12 11
Jibs_PC#8454907183169912832 roll 3
Jibs_PC#8454907183169912832 roll 2
DICE 3 2 3 1 0 5 4 
Jibs_PC#8454907183169912832 roll 3
Jibs_PC#8454907183169912832 roll 2
DICE 3 2 3 1 1 3 1 
Jibs_PC#8454907183169912832 roll 3
Jibs_PC#8454907183169912832 roll 2
DICE 3 2 5 3 0 3 3 
Jibs_PC#8454907183169912832 roll 3
Jibs_PC#8454907183169912832 roll 1
DICE 3 1 3 1 1 4 
Jibs_PC#8454907183169912832 roll 3
Jibs_PC#8454907183169912832 roll 1
DICE 3 1 5 0 0 5 
Jibs_PC#8454907183169912832 roll 3
Jibs_PC#8454907183169912832 roll 1
DICE 3 1 5 2 0 4 
Jibs_PC#8454907183169912832 move 7
Jibs_PC#8454907183169912832 attack 11 10
Jibs_PC#8454907183169912832 roll 3
Jibs_PC#8454907183169912832 roll 1
DICE 3 1 4 4 3 1 
Jibs_PC#8454907183169912832 move 6
Jibs_PC#8454907183169912832 attack 20 22
Jibs_PC#8454907183169912832 roll 3
Jibs_PC#8454907183169912832 roll 1
DICE 3 1 4 2 1 5 
Jibs_PC#8454907183169912832 roll 3
Jibs_PC#8454907183169912832 roll 1
DICE 3 1 5 3 1 1 
Jibs_PC#8454907183169912832 attack 10 5
Jibs_PC#8454907183169912832 roll 3
Jibs_PC#8454907183169912832 roll 1
DICE 3 1 2 1 0 3 
Jibs_PC#8454907183169912832 roll 3
Jibs_PC#8454907183169912832 roll 1
DICE 3 1 4 2 2 3 
Jibs_PC#8454907183169912832 move 4
Jibs_PC#8454907183169912832 endattack
Jibs_PC#8454907183169912832 nomove
CARD 28
Jibs_PC#8454907183169912832 trade 20 29 17
Jibs_PC#8454907183169912832 placearmies 16 4
Jibs_PC#8454907183169912832 placearmies 16 3
Jibs_PC#8454907183169912832 placearmies 16 1
Jibs_PC#8454907183169912832 placearmies 16 1
Jibs_PC#8454907183169912832 attack 16 20
Jibs_PC#8454907183169912832 roll 3
Jibs_PC#8454907183169912832 roll 1
DICE 3 1 5 5 0 0 
Jibs_PC#8454907183169912832 move 12
Jibs_PC#8454907183169912832 attack 20 21
Jibs_PC#8454907183169912832 roll 3
Jibs_PC#8454907183169912832 roll 1
DICE 3 1 4 4 2 2 
Jibs_PC#8454907183169912832 move 11
Jibs_PC#8454907183169912832 attack 21 12
Jibs_PC#8454907183169912832 roll 3
Jibs_PC#8454907183169912832 roll 1
DICE 3 1 5 3 0 0 
Jibs_PC#8454907183169912832 move 10
Jibs_PC#8454907183169912832 attack 12 11
Jibs_PC#8454907183169912832 roll 3
Jibs_PC#8454907183169912832 roll 1
DICE 3 1 4 2 0 0 
Jibs_PC#8454907183169912832 move 9
Jibs_PC#8454907183169912832 attack 11 10
Jibs_PC#8454907183169912832 roll 3
Jibs_PC#8454907183169912832 roll 1
DICE 3 1 3 1 1 5 
Jibs_PC#8454907183169912832 roll 3
Jibs_PC#8454907183169912832 roll 1
DICE 3 1 5 3 1 2 
Jibs_PC#8454907183169912832 move 7
Jibs_PC#8454907183169912832 attack 10 5
Jibs_PC#8454907183169912832 roll 3
Jibs_PC#8454907183169912832 roll 2
DICE 3 2 3 1 0 5 0 
Jibs_PC#8454907183169912832 roll 3
Jibs_PC#8454907183169912832 roll 2
DICE 3 2 4 2 0 2 2 
Jibs_PC#8454907183169912832 retreat
Jibs_PC#8454907183169912832 endattack
Jibs_PC#8454907183169912832 nomove
CARD 27
Jibs_PC#8454907183169912832 trade 6 38 34
Jibs_PC#8454907183169912832 placearmies 36 12
Jibs_PC#8454907183169912832 attack 36 38
Jibs_PC#8454907183169912832 roll 3
Jibs_PC#8454907183169912832 roll 1
DICE 3 1 4 4 4 3 
Jibs_PC#8454907183169912832 move 12
Jibs_PC#8454907183169912832 attack 38 37
Jibs_PC#8454907183169912832 roll 3
Jibs_PC#8454907183169912832 roll 1
DICE 3 1 5 0 0 2 
Jibs_PC#8454907183169912832 move 3
Jibs_PC#8454907183169912832 attack 38 34
Jibs_PC#8454907183169912832 roll 3
Jibs_PC#8454907183169912832 roll 1
DICE 3 1 5 5 0 3 
Jibs_PC#8454907183169912832 move 8
Jibs_PC#8454907183169912832 attack 34 35
Jibs_PC#8454907183169912832 roll 3
Jibs_PC#8454907183169912832 roll 2
DICE 3 2 4 1 0 3 2 
Jibs_PC#8454907183169912832 roll 3
Jibs_PC#8454907183169912832 roll 2
DICE 3 2 2 1 0 1 1 
Jibs_PC#8454907183169912832 roll 3
Jibs_PC#8454907183169912832 roll 1
DICE 3 1 3 0 0 0 
Jibs_PC#8454907183169912832 move 3
Jibs_PC#8454907183169912832 endattack
Jibs_PC#8454907183169912832 movearmies 37 38 2
CARD 31
Jibs_PC#8454907183169912832 placearmies 4 2
Jibs_PC#8454907183169912832 placearmies 4 1
Jibs_PC#8454907183169912832 attack 4 3
Jibs_PC#8454907183169912832 roll 3
Jibs_PC#8454907183169912832 roll 1
DICE 3 1 4 3 0 2 
Jibs_PC#8454907183169912832 move 3
Jibs_PC#8454907183169912832 endattack
Jibs_PC#8454907183169912832 movearmies 3 4 2
CARD 30
Jibs_PC#8454907183169912832 placearmies 22 1
Jibs_PC#8454907183169912832 placearmies 22 1
Jibs_PC#8454907183169912832 placearmies 22 1
Jibs_PC#8454907183169912832 attack 22 31
Jibs_PC#8454907183169912832 roll 3
Jibs_PC#8454907183169912832 roll 2
DICE 3 2 4 3 3 2 2 
Jibs_PC#8454907183169912832 roll 3
Jibs_PC#8454907183169912832 roll 2
DICE 3 2 3 3 0 4 3 
Jibs_PC#8454907183169912832 roll 3
Jibs_PC#8454907183169912832 roll 2
DICE 3 2 3 2 1 0 0 
Jibs_PC#8454907183169912832 attack 31 20
Jibs_PC#8454907183169912832 roll 2
Jibs_PC#8454907183169912832 roll 1
DICE 2 1 5 5 4 
Jibs_PC#8454907183169912832 endattack
Jibs_PC#8454907183169912832 movearmies 25 24 1
CARD 26
Jibs_PC#8454907183169912832 trade 16 25 27
Jibs_PC#8454907183169912832 placearmies 16 11
Jibs_PC#8454907183169912832 attack 16 28
Jibs_PC#8454907183169912832 roll 3
Jibs_PC#8454907183169912832 roll 1
DICE 3 1 5 4 3 0 
Jibs_PC#8454907183169912832 move 13
Jibs_PC#8454907183169912832 attack 28 29
Jibs_PC#8454907183169912832 roll 3
Jibs_PC#8454907183169912832 roll 2
DICE 3 2 2 1 0 5 1 
Jibs_PC#8454907183169912832 roll 3
Jibs_PC#8454907183169912832 roll 2
DICE 3 2 4 3 1 4 1 
Jibs_PC#8454907183169912832 roll 3
Jibs_PC#8454907183169912832 roll 1
DICE 3 1 4 3 1 3 
Jibs_PC#8454907183169912832 move 9
Jibs_PC#8454907183169912832 attack 29 33
Jibs_PC#8454907183169912832 roll 3
Jibs_PC#8454907183169912832 roll 1
DICE 3 1 5 4 2 4 
Jibs_PC#8454907183169912832 move 8
Jibs_PC#8454907183169912832 attack 33 39
Jibs_PC#8454907183169912832 roll 3
Jibs_PC#8454907183169912832 roll 1
DICE 3 1 5 4 3 5 
Jibs_PC#8454907183169912832 roll 3
Jibs_PC#8454907183169912832 roll 1
DICE 3 1 2 0 0 0 
Jibs_PC#8454907183169912832 move 6
Jibs_PC#8454907183169912832 attack 39 41
Jibs_PC#8454907183169912832 roll 3
Jibs_PC#8454907183169912832 roll 1
DICE 3 1 4 4 3 2 
Jibs_PC#8454907183169912832 move 5
Jibs_PC#8454907183169912832 attack 41 40
Jibs_PC#8454907183169912832 roll 3
Jibs_PC#8454907183169912832 roll 1
DICE 3 1 5 3 0 5 
Jibs_PC#8454907183169912832 roll 3
Jibs_PC#8454907183169912832 roll 1
DICE 3 1 3 3 0 2 
Jibs_PC#8454907183169912832 attack 10 5
Jibs_PC#8454907183169912832 roll 3
Jibs_PC#8454907183169912832 roll 2
DICE 3 2 5 5 1 4 0 
Jibs_PC#8454907183169912832 move 4
Jibs_PC#8454907183169912832 endattack
Jibs_PC#8454907183169912832 nomove
CARD 33
Jibs_PC#8454907183169912832 placearmies 36 3
Jibs_PC#8454907183169912832 attack 36 29
Jibs_PC#8454907183169912832 roll 3
Jibs_PC#8454907183169912832 roll 1
DICE 3 1 4 3 2 5 
Jibs_PC#8454907183169912832 roll 3
Jibs_PC#8454907183169912832 roll 1
DICE 3 1 3 3 2 1 
Jibs_PC#8454907183169912832 attack 29 33
Jibs_PC#8454907183169912832 roll 2
Jibs_PC#8454907183169912832 roll 1
DICE 2 1 2 0 3 
Jibs_PC#8454907183169912832 retreat
Jibs_PC#8454907183169912832 endattack
Jibs_PC#8454907183169912832 movearmies 34 38 2
CARD 21
Jibs_PC#8454907183169912832 placearmies 4 3
Jibs_PC#8454907183169912832 attack 4 5
Jibs_PC#8454907183169912832 roll 3
Jibs_PC#8454907183169912832 roll 2
DICE 3 2 1 0 0 1 1 
Jibs_PC#8454907183169912832 roll 3
Jibs_PC#8454907183169912832 roll 2
DICE 3 2 4 2 2 4 2 
Jibs_PC#8454907183169912832 retreat
Jibs_PC#8454907183169912832 attack 13 12
Jibs_PC#8454907183169912832 roll 2
Jibs_PC#8454907183169912832 roll 1
DICE 2 1 4 1 1 
Jibs_PC#8454907183169912832 endattack
Jibs_PC#8454907183169912832 nomove
CARD 12
Jibs_PC#8454907183169912832 placearmies 20 3
Jibs_PC#8454907183169912832 placearmies 20 1
Jibs_PC#8454907183169912832 attack 20 21
Jibs_PC#8454907183169912832 roll 3
Jibs_PC#8454907183169912832 roll 1
DICE 3 1 2 2 0 4 
Jibs_PC#8454907183169912832 roll 3
Jibs_PC#8454907183169912832 roll 1
DICE 3 1 4 4 0 5 
Jibs_PC#8454907183169912832 roll 3
Jibs_PC#8454907183169912832 roll 1
DICE 3 1 4 4 2 3 
Jibs_PC#8454907183169912832 endattack
Jibs_PC#8454907183169912832 movearmies 24 21 1
CARD wildcard
Jibs_PC#8454907183169912832 placearmies 40 3
Jibs_PC#8454907183169912832 attack 40 42
Jibs_PC#8454907183169912832 roll 3
Jibs_PC#8454907183169912832 roll 2
DICE 3 2 4 2 0 4 3 
Jibs_PC#8454907183169912832 roll 3
Jibs_PC#8454907183169912832 roll 2
DICE 3 2 5 4 4 2 0 
Jibs_PC#8454907183169912832 endattack
Jibs_PC#8454907183169912832 movearmies 5 10 3
CARD 8
Jibs_PC#8454907183169912832 placearmies 29 3
Jibs_PC#8454907183169912832 attack 29 33
Jibs_PC#8454907183169912832 roll 3
Jibs_PC#8454907183169912832 roll 1
DICE 3 1 5 1 1 2 
Jibs_PC#8454907183169912832 move 4
Jibs_PC#8454907183169912832 attack 38 1
Jibs_PC#8454907183169912832 roll 3
Jibs_PC#8454907183169912832 roll 2
DICE 3 2 3 3 1 4 3 
Jibs_PC#8454907183169912832 retreat
Jibs_PC#8454907183169912832 endattack
Jibs_PC#8454907183169912832 movearmies 35 38 2
CARD 3
Jibs_PC#8454907183169912832 placearmies 4 1
Jibs_PC#8454907183169912832 placearmies 12 2
Jibs_PC#8454907183169912832 attack 4 5
Jibs_PC#8454907183169912832 roll 3
Jibs_PC#8454907183169912832 roll 1
DICE 3 1 5 5 4 2 
Jibs_PC#8454907183169912832 move 4
Jibs_PC#8454907183169912832 attack 12 11
Jibs_PC#8454907183169912832 roll 3
Jibs_PC#8454907183169912832 roll 1
DICE 3 1 3 2 1 1 
Jibs_PC#8454907183169912832 endattack
Jibs_PC#8454907183169912832 nomove
CARD 15
Jibs_PC#8454907183169912832 trade 42 28 wildcard
Jibs_PC#8454907183169912832 placearmies 14 3
Jibs_PC#8454907183169912832 placearmies 20 1
Jibs_PC#8454907183169912832 placearmies 31 1
Jibs_PC#8454907183169912832 placearmies 31 3
Jibs_PC#8454907183169912832 placearmies 14 9
Jibs_PC#8454907183169912832 attack 14 6
Jibs_PC#8454907183169912832 roll 3
Jibs_PC#8454907183169912832 roll 2
DICE 3 2 3 1 1 0 0 
Jibs_PC#8454907183169912832 move 14
Jibs_PC#8454907183169912832 attack 31 16
Jibs_PC#8454907183169912832 roll 3
Jibs_PC#8454907183169912832 roll 1
DICE 3 1 5 3 2 4 
Jibs_PC#8454907183169912832 move 3
Jibs_PC#8454907183169912832 attack 6 8
Jibs_PC#8454907183169912832 roll 3
Jibs_PC#8454907183169912832 roll 1
DICE 3 1 3 2 1 1 
Jibs_PC#8454907183169912832 move 12
Jibs_PC#8454907183169912832 attack 8 9
Jibs_PC#8454907183169912832 roll 3
Jibs_PC#8454907183169912832 roll 1
DICE 3 1 3 1 0 4 
Jibs_PC#8454907183169912832 roll 3
Jibs_PC#8454907183169912832 roll 1
DICE 3 1 2 2 0 4 
Jibs_PC#8454907183169912832 roll 3
Jibs_PC#8454907183169912832 roll 1
DICE 3 1 4 3 0 2 
Jibs_PC#8454907183169912832 move 9
Jibs_PC#8454907183169912832 attack 9 7
Jibs_PC#8454907183169912832 roll 3
Jibs_PC#8454907183169912832 roll 1
DICE 3 1 5 4 3 2 
Jibs_PC#8454907183169912832 move 8
Jibs_PC#8454907183169912832 attack 7 4
Jibs_PC#8454907183169912832 roll 3
Jibs_PC#8454907183169912832 roll 1
DICE 3 1 5 2 1 1 
Jibs_PC#8454907183169912832 move 7
Jibs_PC#8454907183169912832 attack 4 3
Jibs_PC#8454907183169912832 roll 3
Jibs_PC#8454907183169912832 roll 1
DICE 3 1 5 3 0 4 
Jibs_PC#8454907183169912832 move 6
Jibs_PC#8454907183169912832 attack 3 2
Jibs_PC#8454907183169912832 roll 3
Jibs_PC#8454907183169912832 roll 1
DICE 3 1 4 3 1 5 
Jibs_PC#8454907183169912832 roll 3
Jibs_PC#8454907183169912832 roll 1
DICE 3 1 4 2 0 3 
Jibs_PC#8454907183169912832 move 3
Jibs_PC#8454907183169912832 endattack
Jibs_PC#8454907183169912832 movearmies 6 2 1
CARD 32
Jibs_PC#8454907183169912832 placearmies 39 1
Jibs_PC#8454907183169912832 placearmies 39 2
Jibs_PC#8454907183169912832 placearmies 10 1
Jibs_PC#8454907183169912832 placearmies 10 1
Jibs_PC#8454907183169912832 attack 10 11
Jibs_PC#8454907183169912832 roll 3
Jibs_PC#8454907183169912832 roll 2
DICE 3 2 5 4 4 2 1 
Jibs_PC#8454907183169912832 roll 3
Jibs_PC#8454907183169912832 roll 1
DICE 3 1 4 3 1 2 
Jibs_PC#8454907183169912832 move 5
Jibs_PC#8454907183169912832 attack 11 12
Jibs_PC#8454907183169912832 roll 3
Jibs_PC#8454907183169912832 roll 1
DICE 3 1 1 0 0 4 
Jibs_PC#8454907183169912832 roll 3
Jibs_PC#8454907183169912832 roll 1
DICE 3 1 5 5 5 2 
Jibs_PC#8454907183169912832 attack 12 13
Jibs_PC#8454907183169912832 roll 2
Jibs_PC#8454907183169912832 roll 1
DICE 2 1 3 2 5 
Jibs_PC#8454907183169912832 retreat
Jibs_PC#8454907183169912832 endattack
Jibs_PC#8454907183169912832 movearmies 42 40 1
CARD 35
Jibs_PC#8454907183169912832 placearmies 27 3
Jibs_PC#8454907183169912832 attack 27 28
Jibs_PC#8454907183169912832 roll 3
Jibs_PC#8454907183169912832 roll 1
DICE 3 1 4 3 2 5 
Jibs_PC#8454907183169912832 roll 3
Jibs_PC#8454907183169912832 roll 1
DICE 3 1 3 2 0 5 
Jibs_PC#8454907183169912832 roll 2
Jibs_PC#8454907183169912832 roll 1
DICE 2 1 3 2 5 
Jibs_PC#8454907183169912832 retreat
Jibs_PC#8454907183169912832 attack 38 1
Jibs_PC#8454907183169912832 roll 3
Jibs_PC#8454907183169912832 roll 2
DICE 3 2 5 4 4 3 2 
Jibs_PC#8454907183169912832 move 4
Jibs_PC#8454907183169912832 endattack
Jibs_PC#8454907183169912832 movearmies 1 38 3
CARD 39
Jibs_PC#8454907183169912832 trade 41 12 15
Jibs_PC#8454907183169912832 placearmies 5 10
Jibs_PC#8454907183169912832 placearmies 5 1
Jibs_PC#8454907183169912832 attack 5 9
Jibs_PC#8454907183169912832 roll 3
Jibs_PC#8454907183169912832 roll 1
DICE 3 1 2 2 1 5 
Jibs_PC#8454907183169912832 roll 3
Jibs_PC#8454907183169912832 roll 1
DICE 3 1 4 4 3 3 
Jibs_PC#8454907183169912832 move 13
Jibs_PC#8454907183169912832 attack 9 8
Jibs_PC#8454907183169912832 roll 3
Jibs_PC#8454907183169912832 roll 1
DICE 3 1 2 1 0 5 
Jibs_PC#8454907183169912832 roll 3
Jibs_PC#8454907183169912832 roll 1
DICE 3 1 3 0 0 4 
Jibs_PC#8454907183169912832 roll 3
Jibs_PC#8454907183169912832 roll 1
DICE 3 1 2 2 1 5 
Jibs_PC#8454907183169912832 roll 3
Jibs_PC#8454907183169912832 roll 1
DICE 3 1 4 3 1 4 
Jibs_PC#8454907183169912832 roll 3
Jibs_PC#8454907183169912832 roll 1
DICE 3 1 2 1 1 3 
Jibs_PC#8454907183169912832 retreat
Jibs_PC#8454907183169912832 attack 9 4
Jibs_PC#8454907183169912832 roll 3
Jibs_PC#8454907183169912832 roll 1
DICE 3 1 4 1 0 4 
Jibs_PC#8454907183169912832 roll 3
Jibs_PC#8454907183169912832 roll 1
DICE 3 1 5 4 1 5 
Jibs_PC#8454907183169912832 roll 3
Jibs_PC#8454907183169912832 roll 1
DICE 3 1 2 1 1 4 
Jibs_PC#8454907183169912832 roll 3
Jibs_PC#8454907183169912832 roll 1
DICE 3 1 5 3 3 0 
Jibs_PC#8454907183169912832 move 4
Jibs_PC#8454907183169912832 endattack
Jibs_PC#8454907183169912832 nomove
CARD 2
Jibs_PC#8454907183169912832 placearmies 3 3
Jibs_PC#8454907183169912832 placearmies 2 1
Jibs_PC#8454907183169912832 placearmies 8 1
Jibs_PC#8454907183169912832 placearmies 7 1
Jibs_PC#8454907183169912832 placearmies 7 2
Jibs_PC#8454907183169912832 placearmies 21 5
Jibs_PC#8454907183169912832 placearmies 21 1
Jibs_PC#8454907183169912832 attack 3 1
Jibs_PC#8454907183169912832 roll 3
Jibs_PC#8454907183169912832 roll 1
DICE 3 1 4 3 0 1 
Jibs_PC#8454907183169912832 move 3
Jibs_PC#8454907183169912832 attack 7 9
Jibs_PC#8454907183169912832 roll 3
Jibs_PC#8454907183169912832 roll 1
DICE 3 1 3 3 2 2 
Jibs_PC#8454907183169912832 attack 21 12
Jibs_PC#8454907183169912832 roll 3
Jibs_PC#8454907183169912832 roll 2
DICE 3 2 4 3 0 5 4 
Jibs_PC#8454907183169912832 roll 3
Jibs_PC#8454907183169912832 roll 2
DICE 3 2 5 4 3 5 0 
Jibs_PC#8454907183169912832 roll 3
Jibs_PC#8454907183169912832 roll 1
DICE 3 1 1 1 1 2 
Jibs_PC#8454907183169912832 roll 3
Jibs_PC#8454907183169912832 roll 1
DICE 3 1 5 2 1 3 
Jibs_PC#8454907183169912832 move 5
Jibs_PC#8454907183169912832 attack 12 11
Jibs_PC#8454907183169912832 roll 3
Jibs_PC#8454907183169912832 roll 1
DICE 3 1 3 0 0 0 
Jibs_PC#8454907183169912832 move 3
Jibs_PC#8454907183169912832 attack 11 10
Jibs_PC#8454907183169912832 roll 2
Jibs_PC#8454907183169912832 roll 1
DICE 2 1 2 0 4 
Jibs_PC#8454907183169912832 retreat
Jibs_PC#8454907183169912832 endattack
Jibs_PC#8454907183169912832 movearmies 8 7 1
CARD 7
Jibs_PC#8454907183169912832 placearmies 28 3
Jibs_PC#8454907183169912832 placearmies 28 2
Jibs_PC#8454907183169912832 attack 28 16
Jibs_PC#8454907183169912832 roll 3
Jibs_PC#8454907183169912832 roll 2
DICE 3 2 3 3 1 3 1 
Jibs_PC#8454907183169912832 roll 3
Jibs_PC#8454907183169912832 roll 2
DICE 3 2 3 1 0 4 2 
Jibs_PC#8454907183169912832 retreat
Jibs_PC#8454907183169912832 attack 28 30
Jibs_PC#8454907183169912832 roll 2
Jibs_PC#8454907183169912832 roll 1
DICE 2 1 2 1 3 
Jibs_PC#8454907183169912832 retreat
Jibs_PC#8454907183169912832 attack 39 33
Jibs_PC#8454907183169912832 roll 3
Jibs_PC#8454907183169912832 roll 2
DICE 3 2 1 0 0 4 1 
Jibs_PC#8454907183169912832 retreat
Jibs_PC#8454907183169912832 endattack
Jibs_PC#8454907183169912832 movearmies 40 39 1
CARD 
Jibs_PC#8454907183169912832 trade 24 21 39
Jibs_PC#8454907183169912832 placearmies 27 3
Jibs_PC#8454907183169912832 placearmies 32 9
Jibs_PC#8454907183169912832 placearmies 27 1
Jibs_PC#8454907183169912832 attack 32 31
Jibs_PC#8454907183169912832 roll 3
Jibs_PC#8454907183169912832 roll 2
DICE 3 2 5 5 3 5 0 
Jibs_PC#8454907183169912832 roll 3
Jibs_PC#8454907183169912832 roll 1
DICE 3 1 1 0 0 4 
Jibs_PC#8454907183169912832 roll 3
Jibs_PC#8454907183169912832 roll 1
DICE 3 1 4 0 0 0 
Jibs_PC#8454907183169912832 move 7
Jibs_PC#8454907183169912832 attack 31 22
Jibs_PC#8454907183169912832 roll 3
Jibs_PC#8454907183169912832 roll 1
DICE 3 1 5 4 1 1 
Jibs_PC#8454907183169912832 move 6
Jibs_PC#8454907183169912832 attack 22 20
Jibs_PC#8454907183169912832 roll 3
Jibs_PC#8454907183169912832 roll 2
DICE 3 2 5 5 0 5 0 
Jibs_PC#8454907183169912832 roll 3
Jibs_PC#8454907183169912832 roll 1
DICE 3 1 5 3 3 1 
Jibs_PC#8454907183169912832 move 4
Jibs_PC#8454907183169912832 attack 27 28
Jibs_PC#8454907183169912832 roll 3
Jibs_PC#8454907183169912832 roll 2
DICE 3 2 4 2 1 5 4 
Jibs_PC#8454907183169912832 roll 3
Jibs_PC#8454907183169912832 roll 2
DICE 3 2 4 3 2 4 3 
Jibs_PC#8454907183169912832 retreat
Jibs_PC#8454907183169912832 attack 20 21
Jibs_PC#8454907183169912832 roll 3
Jibs_PC#8454907183169912832 roll 1
DICE 3 1 5 3 2 5 
Jibs_PC#8454907183169912832 roll 2
Jibs_PC#8454907183169912832 roll 1
DICE 2 1 2 1 0 
Jibs_PC#8454907183169912832 endattack
Jibs_PC#8454907183169912832 nomove
CARD 37
Jibs_PC#8454907183169912832 placearmies 4 1
Jibs_PC#8454907183169912832 placearmies 4 1
Jibs_PC#8454907183169912832 placearmies 4 1
Jibs_PC#8454907183169912832 attack 4 9
Jibs_PC#8454907183169912832 roll 3
Jibs_PC#8454907183169912832 roll 2
DICE 3 2 3 3 0 5 1 
Jibs_PC#8454907183169912832 roll 3
Jibs_PC#8454907183169912832 roll 2
DICE 3 2 4 1 0 3 2 
Jibs_PC#8454907183169912832 retreat
Jibs_PC#8454907183169912832 attack 4 3
Jibs_PC#8454907183169912832 roll 3
Jibs_PC#8454907183169912832 roll 2
DICE 3 2 2 2 1 4 4 
Jibs_PC#8454907183169912832 retreat
Jibs_PC#8454907183169912832 attack 4 9
Jibs_PC#8454907183169912832 roll 2
Jibs_PC#8454907183169912832 roll 1
DICE 2 1 4 4 4 
Jibs_PC#8454907183169912832 retreat
Jibs_PC#8454907183169912832 endattack
Jibs_PC#8454907183169912832 nomove
CARD 
Jibs_PC#8454907183169912832 placearmies 9 4
Jibs_PC#8454907183169912832 placearmies 12 2
Jibs_PC#8454907183169912832 attack 9 5
Jibs_PC#8454907183169912832 roll 3
Jibs_PC#8454907183169912832 roll 1
DICE 3 1 3 1 0 3 
Jibs_PC#8454907183169912832 roll 3
Jibs_PC#8454907183169912832 roll 1
DICE 3 1 5 2 2 1 
Jibs_PC#8454907183169912832 attack 5 10
Jibs_PC#8454907183169912832 roll 2
Jibs_PC#8454907183169912832 roll 1
DICE 2 1 5 2 3 
Jibs_PC#8454907183169912832 attack 12 13
Jibs_PC#8454907183169912832 roll 3
Jibs_PC#8454907183169912832 roll 1
DICE 3 1 5 3 1 0 
Jibs_PC#8454907183169912832 endattack
Jibs_PC#8454907183169912832 movearmies 13 12 2
CARD 18
Jibs_PC#8454907183169912832 placearmies 28 2
Jibs_PC#8454907183169912832 placearmies 39 1
Jibs_PC#8454907183169912832 placearmies 28 2
Jibs_PC#8454907183169912832 attack 28 16
Jibs_PC#8454907183169912832 roll 3
Jibs_PC#8454907183169912832 roll 2
DICE 3 2 4 1 0 5 1 
Jibs_PC#8454907183169912832 roll 3
Jibs_PC#8454907183169912832 roll 2
DICE 3 2 4 4 4 5 3 
Jibs_PC#8454907183169912832 retreat
Jibs_PC#8454907183169912832 attack 28 30
Jibs_PC#8454907183169912832 roll 2
Jibs_PC#8454907183169912832 roll 1
DICE 2 1 4 1 0 
Jibs_PC#8454907183169912832 endattack
Jibs_PC#8454907183169912832 nomove
CARD 23
Jibs_PC#8454907183169912832 placearmies 27 3
Jibs_PC#8454907183169912832 placearmies 27 1
Jibs_PC#8454907183169912832 attack 27 28
Jibs_PC#8454907183169912832 roll 3
Jibs_PC#8454907183169912832 roll 1
DICE 3 1 3 1 0 1 
Jibs_PC#8454907183169912832 move 5
Jibs_PC#8454907183169912832 attack 28 30
Jibs_PC#8454907183169912832 roll 3
Jibs_PC#8454907183169912832 roll 2
DICE 3 2 5 3 0 5 5 
Jibs_PC#8454907183169912832 retreat
Jibs_PC#8454907183169912832 attack 28 16
Jibs_PC#8454907183169912832 roll 2
Jibs_PC#8454907183169912832 roll 1
DICE 2 1 2 2 2 
Jibs_PC#8454907183169912832 retreat
Jibs_PC#8454907183169912832 endattack
Jibs_PC#8454907183169912832 nomove
CARD 14
Jibs_PC#8454907183169912832 placearmies 4 2
Jibs_PC#8454907183169912832 placearmies 4 1
Jibs_PC#8454907183169912832 attack 4 3
Jibs_PC#8454907183169912832 roll 3
Jibs_PC#8454907183169912832 roll 2
DICE 3 2 5 5 1 3 2 
Jibs_PC#8454907183169912832 move 4
Jibs_PC#8454907183169912832 endattack
Jibs_PC#8454907183169912832 nomove
CARD 4
Jibs_PC#8454907183169912832 placearmies 7 9
Jibs_PC#8454907183169912832 attack 7 4
Jibs_PC#8454907183169912832 roll 3
Jibs_PC#8454907183169912832 roll 1
DICE 3 1 3 2 1 3 
Jibs_PC#8454907183169912832 roll 3
Jibs_PC#8454907183169912832 roll 1
DICE 3 1 2 2 1 2 
Jibs_PC#8454907183169912832 roll 3
Jibs_PC#8454907183169912832 roll 1
DICE 3 1 5 4 0 1 
Jibs_PC#8454907183169912832 move 7
Jibs_PC#8454907183169912832 attack 4 3
Jibs_PC#8454907183169912832 roll 3
Jibs_PC#8454907183169912832 roll 2
DICE 3 2 3 3 0 5 0 
Jibs_PC#8454907183169912832 roll 3
Jibs_PC#8454907183169912832 roll 2
DICE 3 2 4 3 3 5 0 
Jibs_PC#8454907183169912832 retreat
Jibs_PC#8454907183169912832 attack 2 3
Jibs_PC#8454907183169912832 roll 3
Jibs_PC#8454907183169912832 roll 2
DICE 3 2 5 4 0 4 3 
Jibs_PC#8454907183169912832 move 3
Jibs_PC#8454907183169912832 trade 26 32 19
Jibs_PC#8454907183169912832 trade 7 30 2
Jibs_PC#8454907183169912832 placearmies 12 6
Jibs_PC#8454907183169912832 placearmies 16 1
Jibs_PC#8454907183169912832 placearmies 18 1
Jibs_PC#8454907183169912832 placearmies 19 1
Jibs_PC#8454907183169912832 placearmies 1 1
Jibs_PC#8454907183169912832 placearmies 12 2
Jibs_PC#8454907183169912832 placearmies 12 1
Jibs_PC#8454907183169912832 placearmies 1 1
Jibs_PC#8454907183169912832 attack 12 21
Jibs_PC#8454907183169912832 roll 3
Jibs_PC#8454907183169912832 roll 2
DICE 3 2 5 2 1 2 0 
Jibs_PC#8454907183169912832 move 11
Jibs_PC#8454907183169912832 attack 21 22
Jibs_PC#8454907183169912832 roll 3
Jibs_PC#8454907183169912832 roll 1
DICE 3 1 4 4 1 0 
Jibs_PC#8454907183169912832 move 9
