Jibs_PC#1826587998940106752 newplayer ai hard green s0914007
Jibs_PC#1826587998940106752 newplayer ai hard blue bob
Jibs_PC#1826587998940106752 newplayer ai hard red fred
Jibs_PC#1826587998940106752 newplayer ai hard cyan ted
Jibs_PC#1826587998940106752 newplayer ai hard magenta yura
Jibs_PC#1826587998940106752 newplayer ai hard yellow lala
Jibs_PC#1826587998940106752 startgame mission fixed autoplaceall recycle
PLAYER ted
MISSION 5 4 2 0 1 0
PLACEALL 39 34 3 22 35 13 5 26 10 16 28 33 18 6 32 27 25 20 11 1 7 24 42 19 40 41 4 38 31 23 15 9 29 8 37 17 30 36 12 2 14 21
Jibs_PC#1826587998940106752 placearmies 11 1
CARD 
Jibs_PC#1826587998940106752 placearmies 9 1
CARD 
Jibs_PC#1826587998940106752 placearmies 32 1
CARD 
Jibs_PC#1826587998940106752 placearmies 8 1
CARD 
Jibs_PC#1826587998940106752 placearmies 42 1
CARD 
Jibs_PC#1826587998940106752 placearmies 23 1
CARD 
Jibs_PC#1826587998940106752 placearmies 11 1
CARD 
Jibs_PC#1826587998940106752 placearmies 9 1
CARD 
Jibs_PC#1826587998940106752 placearmies 32 1
CARD 
Jibs_PC#1826587998940106752 placearmies 24 1
CARD 
Jibs_PC#1826587998940106752 placearmies 42 1
CARD 
Jibs_PC#1826587998940106752 placearmies 23 1
CARD 
Jibs_PC#1826587998940106752 placearmies 11 1
CARD 
Jibs_PC#1826587998940106752 placearmies 9 1
CARD 
Jibs_PC#1826587998940106752 placearmies 32 1
CARD 
Jibs_PC#1826587998940106752 placearmies 24 1
CARD 
Jibs_PC#1826587998940106752 placearmies 42 1
CARD 
Jibs_PC#1826587998940106752 placearmies 23 1
CARD 
Jibs_PC#1826587998940106752 placearmies 11 1
CARD 
Jibs_PC#1826587998940106752 placearmies 9 1
CARD 
Jibs_PC#1826587998940106752 placearmies 32 1
CARD 
Jibs_PC#1826587998940106752 placearmies 24 1
CARD 
Jibs_PC#1826587998940106752 placearmies 42 1
CARD 
Jibs_PC#1826587998940106752 placearmies 23 1
CARD 
Jibs_PC#1826587998940106752 placearmies 11 1
CARD 
Jibs_PC#1826587998940106752 placearmies 9 1
CARD 
Jibs_PC#1826587998940106752 placearmies 32 1
CARD 
Jibs_PC#1826587998940106752 placearmies 24 1
CARD 
Jibs_PC#1826587998940106752 placearmies 42 1
CARD 
Jibs_PC#1826587998940106752 placearmies 23 1
CARD 
Jibs_PC#1826587998940106752 placearmies 11 1
CARD 
Jibs_PC#1826587998940106752 placearmies 9 1
CARD 
Jibs_PC#1826587998940106752 placearmies 32 1
CARD 
Jibs_PC#1826587998940106752 placearmies 24 1
CARD 
Jibs_PC#1826587998940106752 placearmies 42 1
CARD 
Jibs_PC#1826587998940106752 placearmies 23 1
CARD 
Jibs_PC#1826587998940106752 placearmies 11 1
CARD 
Jibs_PC#1826587998940106752 placearmies 9 1
CARD 
Jibs_PC#1826587998940106752 placearmies 32 1
CARD 
Jibs_PC#1826587998940106752 placearmies 24 1
CARD 
Jibs_PC#1826587998940106752 placearmies 42 1
CARD 
Jibs_PC#1826587998940106752 placearmies 23 1
CARD 
Jibs_PC#1826587998940106752 placearmies 11 1
CARD 
Jibs_PC#1826587998940106752 placearmies 9 1
CARD 
Jibs_PC#1826587998940106752 placearmies 32 1
CARD 
Jibs_PC#1826587998940106752 placearmies 24 1
CARD 
Jibs_PC#1826587998940106752 placearmies 42 1
CARD 
Jibs_PC#1826587998940106752 placearmies 20 1
CARD 
Jibs_PC#1826587998940106752 placearmies 11 1
CARD 
Jibs_PC#1826587998940106752 placearmies 9 1
CARD 
Jibs_PC#1826587998940106752 placearmies 32 1
CARD 
Jibs_PC#1826587998940106752 placearmies 8 1
CARD 
Jibs_PC#1826587998940106752 placearmies 42 1
CARD 
Jibs_PC#1826587998940106752 placearmies 20 1
CARD 
Jibs_PC#1826587998940106752 placearmies 11 1
CARD 
Jibs_PC#1826587998940106752 placearmies 9 1
CARD 
Jibs_PC#1826587998940106752 placearmies 32 1
CARD 
Jibs_PC#1826587998940106752 placearmies 8 1
CARD 
Jibs_PC#1826587998940106752 placearmies 42 1
CARD 
Jibs_PC#1826587998940106752 placearmies 20 1
CARD 
Jibs_PC#1826587998940106752 placearmies 39 1
CARD 
Jibs_PC#1826587998940106752 placearmies 9 1
CARD 
Jibs_PC#1826587998940106752 placearmies 32 1
CARD 
Jibs_PC#1826587998940106752 placearmies 8 1
CARD 
Jibs_PC#1826587998940106752 placearmies 42 1
CARD 
Jibs_PC#1826587998940106752 placearmies 20 1
CARD 
Jibs_PC#1826587998940106752 placearmies 39 1
CARD 
Jibs_PC#1826587998940106752 placearmies 9 1
CARD 
Jibs_PC#1826587998940106752 placearmies 32 1
CARD 
Jibs_PC#1826587998940106752 placearmies 8 1
CARD 
Jibs_PC#1826587998940106752 placearmies 42 1
CARD 
Jibs_PC#1826587998940106752 placearmies 20 1
CARD 
Jibs_PC#1826587998940106752 placearmies 39 1
CARD 
Jibs_PC#1826587998940106752 placearmies 9 1
CARD 
Jibs_PC#1826587998940106752 placearmies 32 1
CARD 
Jibs_PC#1826587998940106752 placearmies 8 1
CARD 
Jibs_PC#1826587998940106752 placearmies 42 1
CARD 
Jibs_PC#1826587998940106752 placearmies 20 1
CARD 
Jibs_PC#1826587998940106752 placearmies 39 3
Jibs_PC#1826587998940106752 attack 11 10
Jibs_PC#1826587998940106752 roll 3
Jibs_PC#1826587998940106752 roll 1
DICE 3 1 2 2 0 2 
Jibs_PC#1826587998940106752 roll 3
Jibs_PC#1826587998940106752 roll 1
DICE 3 1 5 4 3 2 
Jibs_PC#1826587998940106752 move 9
Jibs_PC#1826587998940106752 attack 10 12
Jibs_PC#1826587998940106752 roll 3
Jibs_PC#1826587998940106752 roll 1
DICE 3 1 5 1 0 0 
Jibs_PC#1826587998940106752 move 8
Jibs_PC#1826587998940106752 attack 12 13
Jibs_PC#1826587998940106752 roll 3
Jibs_PC#1826587998940106752 roll 1
DICE 3 1 5 4 2 5 
Jibs_PC#1826587998940106752 roll 3
Jibs_PC#1826587998940106752 roll 1
DICE 3 1 5 2 1 0 
Jibs_PC#1826587998940106752 move 3
Jibs_PC#1826587998940106752 endattack
Jibs_PC#1826587998940106752 movearmies 13 12 2
CARD 7
Jibs_PC#1826587998940106752 placearmies 9 3
Jibs_PC#1826587998940106752 attack 9 5
Jibs_PC#1826587998940106752 roll 3
Jibs_PC#1826587998940106752 roll 1
DICE 3 1 4 3 0 2 
Jibs_PC#1826587998940106752 move 16
Jibs_PC#1826587998940106752 attack 5 10
Jibs_PC#1826587998940106752 roll 3
Jibs_PC#1826587998940106752 roll 1
DICE 3 1 5 4 0 4 
Jibs_PC#1826587998940106752 move 15
Jibs_PC#1826587998940106752 attack 10 12
Jibs_PC#1826587998940106752 roll 3
Jibs_PC#1826587998940106752 roll 2
DICE 3 2 4 3 0 3 3 
Jibs_PC#1826587998940106752 roll 3
Jibs_PC#1826587998940106752 roll 2
DICE 3 2 5 4 0 3 3 
Jibs_PC#1826587998940106752 roll 3
Jibs_PC#1826587998940106752 roll 2
DICE 3 2 4 2 1 2 1 
Jibs_PC#1826587998940106752 roll 3
Jibs_PC#1826587998940106752 roll 1
DICE 3 1 3 3 3 3 
Jibs_PC#1826587998940106752 roll 3
Jibs_PC#1826587998940106752 roll 1
DICE 3 1 4 4 0 0 
Jibs_PC#1826587998940106752 move 12
Jibs_PC#1826587998940106752 attack 12 11
Jibs_PC#1826587998940106752 roll 3
Jibs_PC#1826587998940106752 roll 1
DICE 3 1 3 2 1 5 
Jibs_PC#1826587998940106752 roll 3
Jibs_PC#1826587998940106752 roll 1
DICE 3 1 5 5 2 5 
Jibs_PC#1826587998940106752 roll 3
Jibs_PC#1826587998940106752 roll 1
DICE 3 1 5 1 0 0 
Jibs_PC#1826587998940106752 move 5
Jibs_PC#1826587998940106752 attack 12 13
Jibs_PC#1826587998940106752 roll 3
Jibs_PC#1826587998940106752 roll 1
DICE 3 1 4 3 2 1 
Jibs_PC#1826587998940106752 move 3
Jibs_PC#1826587998940106752 endattack
Jibs_PC#1826587998940106752 movearmies 13 12 2
CARD 16
Jibs_PC#1826587998940106752 placearmies 32 3
Jibs_PC#1826587998940106752 attack 32 31
Jibs_PC#1826587998940106752 roll 3
Jibs_PC#1826587998940106752 roll 1
DICE 3 1 5 2 1 2 
Jibs_PC#1826587998940106752 move 16
Jibs_PC#1826587998940106752 attack 31 22
Jibs_PC#1826587998940106752 roll 3
Jibs_PC#1826587998940106752 roll 1
DICE 3 1 4 0 0 1 
Jibs_PC#1826587998940106752 move 15
Jibs_PC#1826587998940106752 attack 22 21
Jibs_PC#1826587998940106752 roll 3
Jibs_PC#1826587998940106752 roll 1
DICE 3 1 2 0 0 2 
Jibs_PC#1826587998940106752 roll 3
Jibs_PC#1826587998940106752 roll 1
DICE 3 1 5 4 0 2 
Jibs_PC#1826587998940106752 move 13
Jibs_PC#1826587998940106752 attack 21 12
Jibs_PC#1826587998940106752 roll 3
Jibs_PC#1826587998940106752 roll 2
DICE 3 2 5 2 2 5 0 
Jibs_PC#1826587998940106752 roll 3
Jibs_PC#1826587998940106752 roll 2
DICE 3 2 5 2 0 5 4 
Jibs_PC#1826587998940106752 roll 3
Jibs_PC#1826587998940106752 roll 2
DICE 3 2 2 1 0 2 0 
Jibs_PC#1826587998940106752 roll 3
Jibs_PC#1826587998940106752 roll 2
DICE 3 2 5 1 1 2 2 
Jibs_PC#1826587998940106752 roll 3
Jibs_PC#1826587998940106752 roll 1
DICE 3 1 5 5 0 3 
Jibs_PC#1826587998940106752 move 7
Jibs_PC#1826587998940106752 attack 12 11
Jibs_PC#1826587998940106752 roll 3
Jibs_PC#1826587998940106752 roll 2
DICE 3 2 5 5 3 5 2 
Jibs_PC#1826587998940106752 roll 3
Jibs_PC#1826587998940106752 roll 2
DICE 3 2 4 4 3 4 0 
Jibs_PC#1826587998940106752 roll 3
Jibs_PC#1826587998940106752 roll 2
DICE 3 2 5 2 1 3 0 
Jibs_PC#1826587998940106752 roll 3
Jibs_PC#1826587998940106752 roll 1
DICE 3 1 5 4 2 5 
Jibs_PC#1826587998940106752 roll 3
Jibs_PC#1826587998940106752 roll 1
DICE 3 1 4 3 0 1 
Jibs_PC#1826587998940106752 attack 11 10
Jibs_PC#1826587998940106752 roll 2
Jibs_PC#1826587998940106752 roll 1
DICE 2 1 1 0 2 
Jibs_PC#1826587998940106752 retreat
Jibs_PC#1826587998940106752 endattack
Jibs_PC#1826587998940106752 nomove
CARD 1
Jibs_PC#1826587998940106752 placearmies 8 3
Jibs_PC#1826587998940106752 attack 8 6
Jibs_PC#1826587998940106752 roll 3
Jibs_PC#1826587998940106752 roll 1
DICE 3 1 4 1 0 2 
Jibs_PC#1826587998940106752 move 9
Jibs_PC#1826587998940106752 attack 6 7
Jibs_PC#1826587998940106752 roll 3
Jibs_PC#1826587998940106752 roll 1
DICE 3 1 5 4 0 0 
Jibs_PC#1826587998940106752 move 8
Jibs_PC#1826587998940106752 attack 7 3
Jibs_PC#1826587998940106752 roll 3
Jibs_PC#1826587998940106752 roll 1
DICE 3 1 5 3 0 2 
Jibs_PC#1826587998940106752 move 7
Jibs_PC#1826587998940106752 attack 3 4
Jibs_PC#1826587998940106752 roll 3
Jibs_PC#1826587998940106752 roll 1
DICE 3 1 5 1 0 1 
Jibs_PC#1826587998940106752 move 6
Jibs_PC#1826587998940106752 attack 4 5
Jibs_PC#1826587998940106752 roll 3
Jibs_PC#1826587998940106752 roll 1
DICE 3 1 5 3 3 3 
Jibs_PC#1826587998940106752 move 5
Jibs_PC#1826587998940106752 attack 5 9
Jibs_PC#1826587998940106752 roll 3
Jibs_PC#1826587998940106752 roll 1
DICE 3 1 3 2 2 0 
Jibs_PC#1826587998940106752 move 3
Jibs_PC#1826587998940106752 attack 24 26
Jibs_PC#1826587998940106752 roll 3
Jibs_PC#1826587998940106752 roll 1
DICE 3 1 1 0 0 0 
Jibs_PC#1826587998940106752 move 7
Jibs_PC#1826587998940106752 endattack
Jibs_PC#1826587998940106752 movearmies 9 5 2
CARD 21
Jibs_PC#1826587998940106752 placearmies 42 3
Jibs_PC#1826587998940106752 attack 42 40
Jibs_PC#1826587998940106752 roll 3
Jibs_PC#1826587998940106752 roll 1
DICE 3 1 5 1 0 5 
Jibs_PC#1826587998940106752 roll 3
Jibs_PC#1826587998940106752 roll 1
DICE 3 1 5 1 0 2 
Jibs_PC#1826587998940106752 move 15
Jibs_PC#1826587998940106752 attack 40 41
Jibs_PC#1826587998940106752 roll 3
Jibs_PC#1826587998940106752 roll 1
DICE 3 1 5 3 0 5 
Jibs_PC#1826587998940106752 roll 3
Jibs_PC#1826587998940106752 roll 1
DICE 3 1 5 1 0 5 
Jibs_PC#1826587998940106752 roll 3
Jibs_PC#1826587998940106752 roll 1
DICE 3 1 5 3 0 4 
Jibs_PC#1826587998940106752 move 12
Jibs_PC#1826587998940106752 attack 41 39
Jibs_PC#1826587998940106752 roll 3
Jibs_PC#1826587998940106752 roll 2
DICE 3 2 2 2 1 4 0 
Jibs_PC#1826587998940106752 roll 3
Jibs_PC#1826587998940106752 roll 2
DICE 3 2 4 3 2 4 2 
Jibs_PC#1826587998940106752 roll 3
Jibs_PC#1826587998940106752 roll 2
DICE 3 2 2 2 0 2 1 
Jibs_PC#1826587998940106752 roll 3
Jibs_PC#1826587998940106752 roll 2
DICE 3 2 4 3 3 5 2 
Jibs_PC#1826587998940106752 roll 3
Jibs_PC#1826587998940106752 roll 2
DICE 3 2 4 3 1 2 1 
Jibs_PC#1826587998940106752 roll 3
Jibs_PC#1826587998940106752 roll 1
DICE 3 1 5 3 2 2 
Jibs_PC#1826587998940106752 move 7
Jibs_PC#1826587998940106752 endattack
Jibs_PC#1826587998940106752 nomove
CARD wildcard
Jibs_PC#1826587998940106752 placearmies 20 1
Jibs_PC#1826587998940106752 placearmies 20 2
Jibs_PC#1826587998940106752 attack 20 18
Jibs_PC#1826587998940106752 roll 3
Jibs_PC#1826587998940106752 roll 1
DICE 3 1 5 2 0 4 
Jibs_PC#1826587998940106752 move 9
Jibs_PC#1826587998940106752 attack 18 15
Jibs_PC#1826587998940106752 roll 3
Jibs_PC#1826587998940106752 roll 1
DICE 3 1 4 3 0 4 
Jibs_PC#1826587998940106752 roll 3
Jibs_PC#1826587998940106752 roll 1
DICE 3 1 3 2 2 3 
Jibs_PC#1826587998940106752 roll 3
Jibs_PC#1826587998940106752 roll 1
DICE 3 1 5 3 1 3 
Jibs_PC#1826587998940106752 move 6
Jibs_PC#1826587998940106752 attack 15 16
Jibs_PC#1826587998940106752 roll 3
Jibs_PC#1826587998940106752 roll 1
DICE 3 1 2 0 0 0 
Jibs_PC#1826587998940106752 move 5
Jibs_PC#1826587998940106752 attack 16 30
Jibs_PC#1826587998940106752 roll 3
Jibs_PC#1826587998940106752 roll 1
DICE 3 1 5 3 1 5 
Jibs_PC#1826587998940106752 roll 3
Jibs_PC#1826587998940106752 roll 1
DICE 3 1 5 2 1 2 
Jibs_PC#1826587998940106752 attack 23 25
Jibs_PC#1826587998940106752 roll 3
Jibs_PC#1826587998940106752 roll 1
DICE 3 1 5 3 1 5 
Jibs_PC#1826587998940106752 roll 3
Jibs_PC#1826587998940106752 roll 1
DICE 3 1 2 2 1 0 
Jibs_PC#1826587998940106752 move 6
Jibs_PC#1826587998940106752 attack 25 24
Jibs_PC#1826587998940106752 roll 3
Jibs_PC#1826587998940106752 roll 1
DICE 3 1 4 4 1 2 
Jibs_PC#1826587998940106752 move 5
Jibs_PC#1826587998940106752 attack 24 22
Jibs_PC#1826587998940106752 roll 3
Jibs_PC#1826587998940106752 roll 1
DICE 3 1 4 1 0 0 
Jibs_PC#1826587998940106752 move 4
Jibs_PC#1826587998940106752 endattack
Jibs_PC#1826587998940106752 nomove
CARD 31
Jibs_PC#1826587998940106752 placearmies 10 3
Jibs_PC#1826587998940106752 attack 10 11
Jibs_PC#1826587998940106752 roll 3
Jibs_PC#1826587998940106752 roll 2
DICE 3 2 5 4 1 2 1 
Jibs_PC#1826587998940106752 attack 11 12
Jibs_PC#1826587998940106752 roll 2
Jibs_PC#1826587998940106752 roll 1
DICE 2 1 4 4 3 
Jibs_PC#1826587998940106752 endattack
Jibs_PC#1826587998940106752 nomove
CARD 12
Jibs_PC#1826587998940106752 placearmies 31 3
Jibs_PC#1826587998940106752 attack 31 16
Jibs_PC#1826587998940106752 roll 3
Jibs_PC#1826587998940106752 roll 1
DICE 3 1 3 2 1 5 
Jibs_PC#1826587998940106752 roll 2
Jibs_PC#1826587998940106752 roll 1
DICE 2 1 0 0 0 
Jibs_PC#1826587998940106752 retreat
Jibs_PC#1826587998940106752 endattack
Jibs_PC#1826587998940106752 nomove
CARD 
Jibs_PC#1826587998940106752 placearmies 38 3
Jibs_PC#1826587998940106752 attack 5 10
Jibs_PC#1826587998940106752 roll 3
Jibs_PC#1826587998940106752 roll 1
DICE 3 1 3 3 2 3 
Jibs_PC#1826587998940106752 roll 2
Jibs_PC#1826587998940106752 roll 1
DICE 2 1 3 2 0 
Jibs_PC#1826587998940106752 attack 38 1
Jibs_PC#1826587998940106752 roll 3
Jibs_PC#1826587998940106752 roll 1
DICE 3 1 2 1 0 0 
Jibs_PC#1826587998940106752 attack 26 25
Jibs_PC#1826587998940106752 roll 3
Jibs_PC#1826587998940106752 roll 1
DICE 3 1 4 3 0 1 
Jibs_PC#1826587998940106752 move 6
Jibs_PC#1826587998940106752 attack 25 24
Jibs_PC#1826587998940106752 roll 3
Jibs_PC#1826587998940106752 roll 1
DICE 3 1 4 2 1 4 
Jibs_PC#1826587998940106752 roll 3
Jibs_PC#1826587998940106752 roll 1
DICE 3 1 3 2 0 3 
Jibs_PC#1826587998940106752 retreat
Jibs_PC#1826587998940106752 endattack
Jibs_PC#1826587998940106752 movearmies 1 38 2
CARD 8
Jibs_PC#1826587998940106752 placearmies 14 4
Jibs_PC#1826587998940106752 placearmies 39 1
Jibs_PC#1826587998940106752 attack 14 6
Jibs_PC#1826587998940106752 roll 3
Jibs_PC#1826587998940106752 roll 1
DICE 3 1 4 1 0 3 
Jibs_PC#1826587998940106752 move 4
Jibs_PC#1826587998940106752 attack 39 33
Jibs_PC#1826587998940106752 roll 3
Jibs_PC#1826587998940106752 roll 1
DICE 3 1 4 2 1 2 
Jibs_PC#1826587998940106752 move 7
Jibs_PC#1826587998940106752 attack 33 32
Jibs_PC#1826587998940106752 roll 3
Jibs_PC#1826587998940106752 roll 1
DICE 3 1 5 5 0 4 
Jibs_PC#1826587998940106752 move 5
Jibs_PC#1826587998940106752 attack 32 29
Jibs_PC#1826587998940106752 roll 3
Jibs_PC#1826587998940106752 roll 1
DICE 3 1 4 3 0 2 
Jibs_PC#1826587998940106752 move 3
Jibs_PC#1826587998940106752 endattack
Jibs_PC#1826587998940106752 movearmies 33 29 1
CARD 2
Jibs_PC#1826587998940106752 placearmies 22 1
Jibs_PC#1826587998940106752 placearmies 22 1
Jibs_PC#1826587998940106752 placearmies 24 1
Jibs_PC#1826587998940106752 attack 22 21
Jibs_PC#1826587998940106752 roll 3
Jibs_PC#1826587998940106752 roll 1
DICE 3 1 5 5 5 0 
Jibs_PC#1826587998940106752 move 5
Jibs_PC#1826587998940106752 attack 21 12
Jibs_PC#1826587998940106752 roll 3
Jibs_PC#1826587998940106752 roll 2
DICE 3 2 5 4 1 3 0 
Jibs_PC#1826587998940106752 move 4
Jibs_PC#1826587998940106752 endattack
Jibs_PC#1826587998940106752 nomove
CARD 3
Jibs_PC#1826587998940106752 placearmies 34 3
Jibs_PC#1826587998940106752 attack 34 27
Jibs_PC#1826587998940106752 roll 3
Jibs_PC#1826587998940106752 roll 1
DICE 3 1 1 0 0 0 
Jibs_PC#1826587998940106752 endattack
Jibs_PC#1826587998940106752 nomove
CARD 32
Jibs_PC#1826587998940106752 placearmies 31 2
Jibs_PC#1826587998940106752 placearmies 31 1
Jibs_PC#1826587998940106752 attack 31 16
Jibs_PC#1826587998940106752 roll 3
Jibs_PC#1826587998940106752 roll 1
DICE 3 1 3 1 0 5 
Jibs_PC#1826587998940106752 roll 3
Jibs_PC#1826587998940106752 roll 1
DICE 3 1 5 5 3 1 
Jibs_PC#1826587998940106752 endattack
Jibs_PC#1826587998940106752 nomove
CARD 33
Jibs_PC#1826587998940106752 placearmies 25 4
Jibs_PC#1826587998940106752 attack 25 24
Jibs_PC#1826587998940106752 roll 3
Jibs_PC#1826587998940106752 roll 2
DICE 3 2 5 1 1 5 1 
Jibs_PC#1826587998940106752 roll 3
Jibs_PC#1826587998940106752 roll 2
DICE 3 2 4 2 1 5 4 
Jibs_PC#1826587998940106752 roll 3
Jibs_PC#1826587998940106752 roll 2
DICE 3 2 5 2 1 5 2 
Jibs_PC#1826587998940106752 retreat
Jibs_PC#1826587998940106752 attack 38 37
Jibs_PC#1826587998940106752 roll 2
Jibs_PC#1826587998940106752 roll 1
DICE 2 1 3 2 3 
Jibs_PC#1826587998940106752 retreat
Jibs_PC#1826587998940106752 endattack
Jibs_PC#1826587998940106752 nomove
CARD 
Jibs_PC#1826587998940106752 placearmies 6 6
Jibs_PC#1826587998940106752 attack 6 8
Jibs_PC#1826587998940106752 roll 3
Jibs_PC#1826587998940106752 roll 1
DICE 3 1 3 1 1 5 
Jibs_PC#1826587998940106752 roll 3
Jibs_PC#1826587998940106752 roll 1
DICE 3 1 5 1 0 3 
Jibs_PC#1826587998940106752 move 8
Jibs_PC#1826587998940106752 attack 8 9
Jibs_PC#1826587998940106752 roll 3
Jibs_PC#1826587998940106752 roll 1
DICE 3 1 3 0 0 5 
Jibs_PC#1826587998940106752 roll 3
Jibs_PC#1826587998940106752 roll 1
DICE 3 1 5 3 2 2 
Jibs_PC#1826587998940106752 move 6
Jibs_PC#1826587998940106752 attack 9 7
Jibs_PC#1826587998940106752 roll 3
Jibs_PC#1826587998940106752 roll 1
DICE 3 1 4 2 0 3 
Jibs_PC#1826587998940106752 move 5
Jibs_PC#1826587998940106752 attack 7 4
Jibs_PC#1826587998940106752 roll 3
Jibs_PC#1826587998940106752 roll 1
DICE 3 1 5 2 1 0 
Jibs_PC#1826587998940106752 move 4
Jibs_PC#1826587998940106752 attack 4 5
Jibs_PC#1826587998940106752 roll 3
Jibs_PC#1826587998940106752 roll 1
DICE 3 1 5 1 0 4 
Jibs_PC#1826587998940106752 endattack
Jibs_PC#1826587998940106752 nomove
CARD 35
Jibs_PC#1826587998940106752 trade 7 31 3
Jibs_PC#1826587998940106752 placearmies 30 8
Jibs_PC#1826587998940106752 placearmies 30 1
Jibs_PC#1826587998940106752 placearmies 24 3
Jibs_PC#1826587998940106752 placearmies 12 1
Jibs_PC#1826587998940106752 attack 30 31
Jibs_PC#1826587998940106752 roll 3
Jibs_PC#1826587998940106752 roll 1
DICE 3 1 2 1 0 4 
Jibs_PC#1826587998940106752 roll 3
Jibs_PC#1826587998940106752 roll 1
DICE 3 1 5 0 0 4 
Jibs_PC#1826587998940106752 move 10
Jibs_PC#1826587998940106752 attack 31 16
Jibs_PC#1826587998940106752 roll 3
Jibs_PC#1826587998940106752 roll 2
DICE 3 2 5 1 1 5 4 
Jibs_PC#1826587998940106752 roll 3
Jibs_PC#1826587998940106752 roll 2
DICE 3 2 4 4 2 3 0 
Jibs_PC#1826587998940106752 roll 3
Jibs_PC#1826587998940106752 roll 1
DICE 3 1 3 2 1 5 
Jibs_PC#1826587998940106752 roll 3
Jibs_PC#1826587998940106752 roll 1
DICE 3 1 5 5 3 2 
Jibs_PC#1826587998940106752 move 6
Jibs_PC#1826587998940106752 attack 24 26
Jibs_PC#1826587998940106752 roll 3
Jibs_PC#1826587998940106752 roll 1
DICE 3 1 3 1 1 5 
Jibs_PC#1826587998940106752 roll 3
Jibs_PC#1826587998940106752 roll 1
DICE 3 1 5 5 4 4 
Jibs_PC#1826587998940106752 attack 12 13
Jibs_PC#1826587998940106752 roll 3
Jibs_PC#1826587998940106752 roll 1
DICE 3 1 5 4 4 0 
Jibs_PC#1826587998940106752 move 4
Jibs_PC#1826587998940106752 attack 13 11
Jibs_PC#1826587998940106752 roll 3
Jibs_PC#1826587998940106752 roll 1
DICE 3 1 5 3 1 5 
Jibs_PC#1826587998940106752 roll 2
Jibs_PC#1826587998940106752 roll 1
DICE 2 1 2 1 0 
Jibs_PC#1826587998940106752 attack 16 28
Jibs_PC#1826587998940106752 roll 3
Jibs_PC#1826587998940106752 roll 1
DICE 3 1 5 4 1 3 
Jibs_PC#1826587998940106752 move 5
Jibs_PC#1826587998940106752 attack 28 27
Jibs_PC#1826587998940106752 roll 3
Jibs_PC#1826587998940106752 roll 2
DICE 3 2 0 0 0 3 0 
Jibs_PC#1826587998940106752 retreat
Jibs_PC#1826587998940106752 endattack
Jibs_PC#1826587998940106752 nomove
CARD 19
Jibs_PC#1826587998940106752 placearmies 27 1
Jibs_PC#1826587998940106752 placearmies 27 1
Jibs_PC#1826587998940106752 placearmies 27 1
Jibs_PC#1826587998940106752 attack 27 28
Jibs_PC#1826587998940106752 roll 3
Jibs_PC#1826587998940106752 roll 2
DICE 3 2 4 1 1 0 0 
Jibs_PC#1826587998940106752 roll 3
Jibs_PC#1826587998940106752 roll 1
DICE 3 1 4 2 2 2 
Jibs_PC#1826587998940106752 move 5
Jibs_PC#1826587998940106752 attack 28 30
Jibs_PC#1826587998940106752 roll 3
Jibs_PC#1826587998940106752 roll 1
DICE 3 1 4 4 0 1 
Jibs_PC#1826587998940106752 move 4
Jibs_PC#1826587998940106752 endattack
Jibs_PC#1826587998940106752 nomove
CARD 34
Jibs_PC#1826587998940106752 placearmies 25 2
Jibs_PC#1826587998940106752 placearmies 25 1
Jibs_PC#1826587998940106752 attack 25 26
Jibs_PC#1826587998940106752 roll 3
Jibs_PC#1826587998940106752 roll 2
DICE 3 2 3 0 0 5 1 
Jibs_PC#1826587998940106752 retreat
Jibs_PC#1826587998940106752 attack 25 23
Jibs_PC#1826587998940106752 roll 2
Jibs_PC#1826587998940106752 roll 1
DICE 2 1 3 2 1 
Jibs_PC#1826587998940106752 endattack
Jibs_PC#1826587998940106752 nomove
CARD 10
Jibs_PC#1826587998940106752 trade wildcard 2 35
Jibs_PC#1826587998940106752 placearmies 29 14
Jibs_PC#1826587998940106752 placearmies 32 2
Jibs_PC#1826587998940106752 placearmies 29 1
Jibs_PC#1826587998940106752 attack 29 36
Jibs_PC#1826587998940106752 roll 3
Jibs_PC#1826587998940106752 roll 1
DICE 3 1 3 2 1 2 
Jibs_PC#1826587998940106752 move 17
Jibs_PC#1826587998940106752 attack 36 38
Jibs_PC#1826587998940106752 roll 3
Jibs_PC#1826587998940106752 roll 2
DICE 3 2 2 2 1 5 1 
Jibs_PC#1826587998940106752 roll 3
Jibs_PC#1826587998940106752 roll 1
DICE 3 1 5 3 1 1 
Jibs_PC#1826587998940106752 move 15
Jibs_PC#1826587998940106752 attack 38 1
Jibs_PC#1826587998940106752 roll 3
Jibs_PC#1826587998940106752 roll 1
DICE 3 1 2 2 0 1 
Jibs_PC#1826587998940106752 move 9
Jibs_PC#1826587998940106752 attack 1 3
Jibs_PC#1826587998940106752 roll 3
Jibs_PC#1826587998940106752 roll 1
DICE 3 1 4 1 0 2 
Jibs_PC#1826587998940106752 move 5
Jibs_PC#1826587998940106752 attack 3 2
Jibs_PC#1826587998940106752 roll 3
Jibs_PC#1826587998940106752 roll 1
DICE 3 1 5 4 2 4 
Jibs_PC#1826587998940106752 move 3
Jibs_PC#1826587998940106752 newplayer ai hard green s0914007
Jibs_PC#1826587998940106752 newplayer ai hard blue bob
Jibs_PC#1826587998940106752 newplayer ai hard red fred
Jibs_PC#1826587998940106752 newplayer ai hard cyan ted
Jibs_PC#1826587998940106752 newplayer ai hard magenta yura
Jibs_PC#1826587998940106752 newplayer ai hard yellow lala
Jibs_PC#1826587998940106752 startgame mission fixed autoplaceall recycle
PLAYER ted
MISSION 5 3 0 1 0 0
PLACEALL 41 25 34 32 30 5 1 21 36 16 7 35 19 6 17 20 4 39 23 29 26 12 14 28 24 40 9 2 22 10 8 37 3 13 31 11 18 38 33 15 27 42
Jibs_PC#1826587998940106752 placearmies 24 1
CARD 
Jibs_PC#1826587998940106752 placearmies 40 1
CARD 
Jibs_PC#1826587998940106752 placearmies 33 1
CARD 
Jibs_PC#1826587998940106752 placearmies 2 1
CARD 
Jibs_PC#1826587998940106752 placearmies 22 1
CARD 
Jibs_PC#1826587998940106752 placearmies 11 1
CARD 
Jibs_PC#1826587998940106752 placearmies 24 1
CARD 
Jibs_PC#1826587998940106752 placearmies 40 1
CARD 
Jibs_PC#1826587998940106752 placearmies 9 1
CARD 
Jibs_PC#1826587998940106752 placearmies 2 1
CARD 
Jibs_PC#1826587998940106752 placearmies 22 1
CARD 
Jibs_PC#1826587998940106752 placearmies 11 1
CARD 
Jibs_PC#1826587998940106752 placearmies 24 1
CARD 
Jibs_PC#1826587998940106752 placearmies 40 1
CARD 
Jibs_PC#1826587998940106752 placearmies 9 1
CARD 
Jibs_PC#1826587998940106752 placearmies 2 1
CARD 
Jibs_PC#1826587998940106752 placearmies 22 1
CARD 
Jibs_PC#1826587998940106752 placearmies 11 1
CARD 
Jibs_PC#1826587998940106752 placearmies 24 1
CARD 
Jibs_PC#1826587998940106752 placearmies 40 1
CARD 
Jibs_PC#1826587998940106752 placearmies 9 1
CARD 
Jibs_PC#1826587998940106752 placearmies 2 1
CARD 
Jibs_PC#1826587998940106752 placearmies 22 1
CARD 
Jibs_PC#1826587998940106752 placearmies 11 1
CARD 
Jibs_PC#1826587998940106752 placearmies 24 1
CARD 
Jibs_PC#1826587998940106752 placearmies 40 1
CARD 
Jibs_PC#1826587998940106752 placearmies 9 1
CARD 
Jibs_PC#1826587998940106752 placearmies 2 1
CARD 
Jibs_PC#1826587998940106752 placearmies 22 1
CARD 
Jibs_PC#1826587998940106752 placearmies 11 1
CARD 
Jibs_PC#1826587998940106752 placearmies 24 1
CARD 
Jibs_PC#1826587998940106752 placearmies 40 1
CARD 
Jibs_PC#1826587998940106752 placearmies 9 1
CARD 
Jibs_PC#1826587998940106752 placearmies 12 1
CARD 
Jibs_PC#1826587998940106752 placearmies 22 1
CARD 
Jibs_PC#1826587998940106752 placearmies 11 1
CARD 
Jibs_PC#1826587998940106752 placearmies 24 1
CARD 
Jibs_PC#1826587998940106752 placearmies 40 1
CARD 
Jibs_PC#1826587998940106752 placearmies 9 1
CARD 
Jibs_PC#1826587998940106752 placearmies 12 1
CARD 
Jibs_PC#1826587998940106752 placearmies 22 1
CARD 
Jibs_PC#1826587998940106752 placearmies 11 1
CARD 
Jibs_PC#1826587998940106752 placearmies 24 1
CARD 
Jibs_PC#1826587998940106752 placearmies 40 1
CARD 
Jibs_PC#1826587998940106752 placearmies 9 1
CARD 
Jibs_PC#1826587998940106752 placearmies 12 1
CARD 
Jibs_PC#1826587998940106752 placearmies 22 1
CARD 
Jibs_PC#1826587998940106752 placearmies 11 1
CARD 
Jibs_PC#1826587998940106752 placearmies 24 1
CARD 
Jibs_PC#1826587998940106752 placearmies 40 1
CARD 
Jibs_PC#1826587998940106752 placearmies 33 1
CARD 
Jibs_PC#1826587998940106752 placearmies 12 1
CARD 
Jibs_PC#1826587998940106752 placearmies 22 1
CARD 
Jibs_PC#1826587998940106752 placearmies 11 1
CARD 
Jibs_PC#1826587998940106752 placearmies 24 1
CARD 
Jibs_PC#1826587998940106752 placearmies 40 1
CARD 
Jibs_PC#1826587998940106752 placearmies 33 1
CARD 
Jibs_PC#1826587998940106752 placearmies 2 1
CARD 
Jibs_PC#1826587998940106752 placearmies 22 1
CARD 
Jibs_PC#1826587998940106752 placearmies 11 1
CARD 
Jibs_PC#1826587998940106752 placearmies 24 1
CARD 
Jibs_PC#1826587998940106752 placearmies 21 1
CARD 
Jibs_PC#1826587998940106752 placearmies 33 1
CARD 
Jibs_PC#1826587998940106752 placearmies 2 1
CARD 
Jibs_PC#1826587998940106752 placearmies 22 1
CARD 
Jibs_PC#1826587998940106752 placearmies 11 1
CARD 
Jibs_PC#1826587998940106752 placearmies 24 1
CARD 
Jibs_PC#1826587998940106752 placearmies 21 1
CARD 
Jibs_PC#1826587998940106752 placearmies 33 1
CARD 
Jibs_PC#1826587998940106752 placearmies 2 1
CARD 
Jibs_PC#1826587998940106752 placearmies 22 1
CARD 
Jibs_PC#1826587998940106752 placearmies 39 1
CARD 
Jibs_PC#1826587998940106752 placearmies 24 1
CARD 
Jibs_PC#1826587998940106752 placearmies 40 1
CARD 
Jibs_PC#1826587998940106752 placearmies 33 1
CARD 
Jibs_PC#1826587998940106752 placearmies 2 1
CARD 
Jibs_PC#1826587998940106752 placearmies 22 1
CARD 
Jibs_PC#1826587998940106752 placearmies 39 1
CARD 
Jibs_PC#1826587998940106752 placearmies 41 3
Jibs_PC#1826587998940106752 attack 24 22
Jibs_PC#1826587998940106752 roll 3
Jibs_PC#1826587998940106752 roll 2
DICE 3 2 4 1 1 3 1 
Jibs_PC#1826587998940106752 roll 3
Jibs_PC#1826587998940106752 roll 2
DICE 3 2 5 2 1 5 3 
Jibs_PC#1826587998940106752 retreat
Jibs_PC#1826587998940106752 attack 24 21
Jibs_PC#1826587998940106752 roll 3
Jibs_PC#1826587998940106752 roll 2
DICE 3 2 3 0 0 2 1 
Jibs_PC#1826587998940106752 roll 3
Jibs_PC#1826587998940106752 roll 2
DICE 3 2 3 1 0 4 1 
Jibs_PC#1826587998940106752 roll 3
Jibs_PC#1826587998940106752 roll 2
DICE 3 2 1 1 1 4 0 
Jibs_PC#1826587998940106752 roll 3
Jibs_PC#1826587998940106752 roll 1
DICE 3 1 4 2 0 0 
Jibs_PC#1826587998940106752 move 6
Jibs_PC#1826587998940106752 endattack
Jibs_PC#1826587998940106752 nomove
CARD wildcard
Jibs_PC#1826587998940106752 placearmies 6 3
Jibs_PC#1826587998940106752 attack 40 39
Jibs_PC#1826587998940106752 roll 3
Jibs_PC#1826587998940106752 roll 2
DICE 3 2 5 4 0 4 1 
Jibs_PC#1826587998940106752 roll 3
Jibs_PC#1826587998940106752 roll 1
DICE 3 1 5 4 3 1 
Jibs_PC#1826587998940106752 move 11
Jibs_PC#1826587998940106752 attack 39 41
Jibs_PC#1826587998940106752 roll 3
Jibs_PC#1826587998940106752 roll 2
DICE 3 2 4 3 0 2 1 
Jibs_PC#1826587998940106752 roll 3
Jibs_PC#1826587998940106752 roll 2
DICE 3 2 4 2 1 4 2 
Jibs_PC#1826587998940106752 roll 3
Jibs_PC#1826587998940106752 roll 2
DICE 3 2 4 3 1 2 0 
Jibs_PC#1826587998940106752 move 5
Jibs_PC#1826587998940106752 attack 41 42
Jibs_PC#1826587998940106752 roll 3
Jibs_PC#1826587998940106752 roll 1
DICE 3 1 5 2 2 3 
Jibs_PC#1826587998940106752 move 3
Jibs_PC#1826587998940106752 endattack
Jibs_PC#1826587998940106752 movearmies 41 39 1
CARD 17
Jibs_PC#1826587998940106752 placearmies 33 3
Jibs_PC#1826587998940106752 attack 33 39
Jibs_PC#1826587998940106752 roll 3
Jibs_PC#1826587998940106752 roll 2
DICE 3 2 5 4 3 5 5 
Jibs_PC#1826587998940106752 roll 3
Jibs_PC#1826587998940106752 roll 2
DICE 3 2 5 5 3 5 5 
Jibs_PC#1826587998940106752 retreat
Jibs_PC#1826587998940106752 attack 9 8
Jibs_PC#1826587998940106752 roll 3
Jibs_PC#1826587998940106752 roll 1
DICE 3 1 5 5 1 2 
Jibs_PC#1826587998940106752 move 7
Jibs_PC#1826587998940106752 endattack
Jibs_PC#1826587998940106752 nomove
CARD 6
Jibs_PC#1826587998940106752 placearmies 2 1
Jibs_PC#1826587998940106752 placearmies 20 2
Jibs_PC#1826587998940106752 attack 2 6
Jibs_PC#1826587998940106752 roll 3
Jibs_PC#1826587998940106752 roll 2
DICE 3 2 4 2 2 5 4 
Jibs_PC#1826587998940106752 roll 3
Jibs_PC#1826587998940106752 roll 2
DICE 3 2 4 4 0 1 0 
Jibs_PC#1826587998940106752 retreat
Jibs_PC#1826587998940106752 attack 2 1
Jibs_PC#1826587998940106752 roll 3
Jibs_PC#1826587998940106752 roll 1
DICE 3 1 5 4 1 2 
Jibs_PC#1826587998940106752 move 8
Jibs_PC#1826587998940106752 endattack
Jibs_PC#1826587998940106752 nomove
CARD 12
Jibs_PC#1826587998940106752 placearmies 22 3
Jibs_PC#1826587998940106752 attack 22 20
Jibs_PC#1826587998940106752 roll 3
Jibs_PC#1826587998940106752 roll 2
DICE 3 2 5 3 1 3 2 
Jibs_PC#1826587998940106752 roll 3
Jibs_PC#1826587998940106752 roll 1
DICE 3 1 2 0 0 5 
Jibs_PC#1826587998940106752 roll 3
Jibs_PC#1826587998940106752 roll 1
DICE 3 1 4 4 3 0 
Jibs_PC#1826587998940106752 move 14
Jibs_PC#1826587998940106752 attack 20 16
Jibs_PC#1826587998940106752 roll 3
Jibs_PC#1826587998940106752 roll 1
DICE 3 1 3 2 1 1 
Jibs_PC#1826587998940106752 move 13
Jibs_PC#1826587998940106752 attack 16 15
Jibs_PC#1826587998940106752 roll 3
Jibs_PC#1826587998940106752 roll 1
DICE 3 1 4 4 1 2 
Jibs_PC#1826587998940106752 move 12
Jibs_PC#1826587998940106752 attack 15 17
Jibs_PC#1826587998940106752 roll 3
Jibs_PC#1826587998940106752 roll 1
DICE 3 1 4 3 2 2 
Jibs_PC#1826587998940106752 move 11
Jibs_PC#1826587998940106752 attack 17 18
Jibs_PC#1826587998940106752 roll 3
Jibs_PC#1826587998940106752 roll 1
DICE 3 1 5 5 3 5 
Jibs_PC#1826587998940106752 roll 3
Jibs_PC#1826587998940106752 roll 1
DICE 3 1 5 4 3 0 
Jibs_PC#1826587998940106752 move 9
Jibs_PC#1826587998940106752 attack 18 19
Jibs_PC#1826587998940106752 roll 3
Jibs_PC#1826587998940106752 roll 1
DICE 3 1 2 1 0 1 
Jibs_PC#1826587998940106752 move 8
Jibs_PC#1826587998940106752 attack 19 21
Jibs_PC#1826587998940106752 roll 3
Jibs_PC#1826587998940106752 roll 2
DICE 3 2 5 4 1 4 0 
Jibs_PC#1826587998940106752 roll 3
Jibs_PC#1826587998940106752 roll 2
DICE 3 2 3 0 0 5 0 
Jibs_PC#1826587998940106752 retreat
Jibs_PC#1826587998940106752 endattack
Jibs_PC#1826587998940106752 nomove
CARD 25
Jibs_PC#1826587998940106752 placearmies 28 3
Jibs_PC#1826587998940106752 attack 28 16
Jibs_PC#1826587998940106752 roll 3
Jibs_PC#1826587998940106752 roll 1
DICE 3 1 2 2 1 1 
Jibs_PC#1826587998940106752 attack 11 12
Jibs_PC#1826587998940106752 roll 3
Jibs_PC#1826587998940106752 roll 2
DICE 3 2 2 2 1 3 0 
Jibs_PC#1826587998940106752 roll 3
Jibs_PC#1826587998940106752 roll 2
DICE 3 2 4 3 0 4 1 
Jibs_PC#1826587998940106752 roll 3
Jibs_PC#1826587998940106752 roll 2
DICE 3 2 2 2 1 3 1 
Jibs_PC#1826587998940106752 roll 3
Jibs_PC#1826587998940106752 roll 2
DICE 3 2 3 1 0 2 1 
Jibs_PC#1826587998940106752 roll 3
Jibs_PC#1826587998940106752 roll 1
DICE 3 1 4 2 0 4 
Jibs_PC#1826587998940106752 roll 3
Jibs_PC#1826587998940106752 roll 1
DICE 3 1 3 3 1 4 
Jibs_PC#1826587998940106752 roll 3
Jibs_PC#1826587998940106752 roll 1
DICE 3 1 4 3 2 2 
Jibs_PC#1826587998940106752 move 5
Jibs_PC#1826587998940106752 attack 12 13
Jibs_PC#1826587998940106752 roll 3
Jibs_PC#1826587998940106752 roll 1
DICE 3 1 0 0 0 2 
Jibs_PC#1826587998940106752 roll 3
Jibs_PC#1826587998940106752 roll 1
DICE 3 1 4 2 1 3 
Jibs_PC#1826587998940106752 endattack
Jibs_PC#1826587998940106752 movearmies 13 12 2
CARD 38
Jibs_PC#1826587998940106752 placearmies 21 1
Jibs_PC#1826587998940106752 placearmies 21 2
Jibs_PC#1826587998940106752 attack 21 12
Jibs_PC#1826587998940106752 roll 3
Jibs_PC#1826587998940106752 roll 2
DICE 3 2 4 1 0 5 3 
Jibs_PC#1826587998940106752 roll 3
Jibs_PC#1826587998940106752 roll 2
DICE 3 2 2 1 1 1 0 
Jibs_PC#1826587998940106752 roll 3
Jibs_PC#1826587998940106752 roll 1
DICE 3 1 1 1 1 3 
Jibs_PC#1826587998940106752 roll 3
Jibs_PC#1826587998940106752 roll 1
DICE 3 1 5 3 2 1 
Jibs_PC#1826587998940106752 endattack
Jibs_PC#1826587998940106752 nomove
CARD 9
Jibs_PC#1826587998940106752 placearmies 6 2
Jibs_PC#1826587998940106752 placearmies 39 1
Jibs_PC#1826587998940106752 placearmies 6 1
Jibs_PC#1826587998940106752 placearmies 6 1
Jibs_PC#1826587998940106752 attack 6 14
Jibs_PC#1826587998940106752 roll 3
Jibs_PC#1826587998940106752 roll 1
DICE 3 1 5 3 1 5 
Jibs_PC#1826587998940106752 roll 3
Jibs_PC#1826587998940106752 roll 1
DICE 3 1 5 3 3 5 
Jibs_PC#1826587998940106752 roll 3
Jibs_PC#1826587998940106752 roll 1
DICE 3 1 5 2 0 1 
Jibs_PC#1826587998940106752 endattack
Jibs_PC#1826587998940106752 movearmies 42 40 1
CARD 8
Jibs_PC#1826587998940106752 placearmies 8 1
Jibs_PC#1826587998940106752 placearmies 8 2
Jibs_PC#1826587998940106752 attack 8 7
Jibs_PC#1826587998940106752 roll 3
Jibs_PC#1826587998940106752 roll 1
DICE 3 1 4 4 2 4 
Jibs_PC#1826587998940106752 roll 3
Jibs_PC#1826587998940106752 roll 1
DICE 3 1 4 2 0 0 
Jibs_PC#1826587998940106752 move 8
Jibs_PC#1826587998940106752 attack 7 6
Jibs_PC#1826587998940106752 roll 3
Jibs_PC#1826587998940106752 roll 1
DICE 3 1 3 3 2 4 
Jibs_PC#1826587998940106752 roll 3
Jibs_PC#1826587998940106752 roll 1
DICE 3 1 3 3 3 2 
Jibs_PC#1826587998940106752 move 6
Jibs_PC#1826587998940106752 endattack
Jibs_PC#1826587998940106752 nomove
CARD 1
Jibs_PC#1826587998940106752 placearmies 1 3
Jibs_PC#1826587998940106752 attack 1 3
Jibs_PC#1826587998940106752 roll 3
Jibs_PC#1826587998940106752 roll 1
DICE 3 1 5 1 0 2 
Jibs_PC#1826587998940106752 move 10
Jibs_PC#1826587998940106752 attack 3 4
Jibs_PC#1826587998940106752 roll 3
Jibs_PC#1826587998940106752 roll 1
DICE 3 1 3 1 0 0 
Jibs_PC#1826587998940106752 move 9
Jibs_PC#1826587998940106752 attack 4 5
Jibs_PC#1826587998940106752 roll 3
Jibs_PC#1826587998940106752 roll 1
DICE 3 1 2 1 0 1 
Jibs_PC#1826587998940106752 move 8
Jibs_PC#1826587998940106752 attack 5 9
Jibs_PC#1826587998940106752 roll 3
Jibs_PC#1826587998940106752 roll 1
DICE 3 1 3 2 1 5 
Jibs_PC#1826587998940106752 roll 3
Jibs_PC#1826587998940106752 roll 1
DICE 3 1 3 2 0 5 
Jibs_PC#1826587998940106752 retreat
Jibs_PC#1826587998940106752 endattack
Jibs_PC#1826587998940106752 nomove
CARD 35
Jibs_PC#1826587998940106752 placearmies 19 2
Jibs_PC#1826587998940106752 placearmies 18 1
Jibs_PC#1826587998940106752 attack 19 21
Jibs_PC#1826587998940106752 roll 3
Jibs_PC#1826587998940106752 roll 1
DICE 3 1 5 4 4 0 
Jibs_PC#1826587998940106752 move 7
Jibs_PC#1826587998940106752 attack 21 24
Jibs_PC#1826587998940106752 roll 3
Jibs_PC#1826587998940106752 roll 1
DICE 3 1 3 3 3 0 
Jibs_PC#1826587998940106752 move 6
Jibs_PC#1826587998940106752 attack 24 26
Jibs_PC#1826587998940106752 roll 3
Jibs_PC#1826587998940106752 roll 1
DICE 3 1 3 3 1 0 
Jibs_PC#1826587998940106752 move 5
Jibs_PC#1826587998940106752 attack 26 25
Jibs_PC#1826587998940106752 roll 3
Jibs_PC#1826587998940106752 roll 1
DICE 3 1 5 4 1 1 
Jibs_PC#1826587998940106752 move 4
Jibs_PC#1826587998940106752 endattack
Jibs_PC#1826587998940106752 nomove
CARD 14
Jibs_PC#1826587998940106752 placearmies 16 1
Jibs_PC#1826587998940106752 placearmies 16 1
Jibs_PC#1826587998940106752 placearmies 13 1
Jibs_PC#1826587998940106752 attack 16 30
Jibs_PC#1826587998940106752 roll 3
Jibs_PC#1826587998940106752 roll 1
DICE 3 1 5 4 2 3 
Jibs_PC#1826587998940106752 move 4
Jibs_PC#1826587998940106752 endattack
Jibs_PC#1826587998940106752 nomove
CARD 36
Jibs_PC#1826587998940106752 placearmies 12 1
Jibs_PC#1826587998940106752 placearmies 12 1
Jibs_PC#1826587998940106752 placearmies 12 1
Jibs_PC#1826587998940106752 attack 12 21
Jibs_PC#1826587998940106752 roll 3
Jibs_PC#1826587998940106752 roll 1
DICE 3 1 5 1 0 2 
Jibs_PC#1826587998940106752 move 5
Jibs_PC#1826587998940106752 endattack
Jibs_PC#1826587998940106752 nomove
CARD 11
Jibs_PC#1826587998940106752 placearmies 14 5
Jibs_PC#1826587998940106752 attack 14 17
Jibs_PC#1826587998940106752 roll 3
Jibs_PC#1826587998940106752 roll 1
DICE 3 1 5 4 1 4 
Jibs_PC#1826587998940106752 move 7
Jibs_PC#1826587998940106752 endattack
Jibs_PC#1826587998940106752 movearmies 40 39 1
CARD 41
Jibs_PC#1826587998940106752 placearmies 6 2
Jibs_PC#1826587998940106752 placearmies 33 1
Jibs_PC#1826587998940106752 attack 6 2
Jibs_PC#1826587998940106752 roll 3
Jibs_PC#1826587998940106752 roll 1
DICE 3 1 3 1 1 2 
Jibs_PC#1826587998940106752 move 7
Jibs_PC#1826587998940106752 attack 2 1
Jibs_PC#1826587998940106752 roll 3
Jibs_PC#1826587998940106752 roll 1
DICE 3 1 1 1 0 3 
Jibs_PC#1826587998940106752 roll 3
Jibs_PC#1826587998940106752 roll 1
DICE 3 1 2 2 1 0 
Jibs_PC#1826587998940106752 move 5
Jibs_PC#1826587998940106752 attack 1 3
Jibs_PC#1826587998940106752 roll 3
Jibs_PC#1826587998940106752 roll 1
DICE 3 1 5 4 4 0 
Jibs_PC#1826587998940106752 move 4
Jibs_PC#1826587998940106752 attack 3 4
Jibs_PC#1826587998940106752 roll 3
Jibs_PC#1826587998940106752 roll 1
DICE 3 1 3 2 1 5 
Jibs_PC#1826587998940106752 roll 2
Jibs_PC#1826587998940106752 roll 1
DICE 2 1 5 1 3 
Jibs_PC#1826587998940106752 attack 33 29
Jibs_PC#1826587998940106752 roll 3
Jibs_PC#1826587998940106752 roll 1
DICE 3 1 2 1 0 3 
Jibs_PC#1826587998940106752 roll 3
Jibs_PC#1826587998940106752 roll 1
DICE 3 1 3 2 0 0 
Jibs_PC#1826587998940106752 move 5
Jibs_PC#1826587998940106752 endattack
Jibs_PC#1826587998940106752 nomove
CARD 24
Jibs_PC#1826587998940106752 placearmies 5 2
Jibs_PC#1826587998940106752 placearmies 5 1
Jibs_PC#1826587998940106752 attack 5 10
Jibs_PC#1826587998940106752 roll 3
Jibs_PC#1826587998940106752 roll 1
DICE 3 1 5 5 3 3 
Jibs_PC#1826587998940106752 move 8
Jibs_PC#1826587998940106752 attack 10 11
Jibs_PC#1826587998940106752 roll 3
Jibs_PC#1826587998940106752 roll 1
DICE 3 1 4 2 1 1 
Jibs_PC#1826587998940106752 move 7
Jibs_PC#1826587998940106752 attack 11 12
Jibs_PC#1826587998940106752 roll 3
Jibs_PC#1826587998940106752 roll 1
DICE 3 1 5 4 4 3 
Jibs_PC#1826587998940106752 move 6
Jibs_PC#1826587998940106752 attack 12 13
Jibs_PC#1826587998940106752 roll 3
Jibs_PC#1826587998940106752 roll 2
DICE 3 2 4 2 1 4 1 
Jibs_PC#1826587998940106752 roll 3
Jibs_PC#1826587998940106752 roll 1
DICE 3 1 4 1 0 0 
Jibs_PC#1826587998940106752 move 3
Jibs_PC#1826587998940106752 endattack
Jibs_PC#1826587998940106752 movearmies 13 12 2
CARD 10
Jibs_PC#1826587998940106752 placearmies 18 3
Jibs_PC#1826587998940106752 attack 18 16
Jibs_PC#1826587998940106752 roll 3
Jibs_PC#1826587998940106752 roll 1
DICE 3 1 3 3 3 5 
Jibs_PC#1826587998940106752 roll 3
Jibs_PC#1826587998940106752 roll 1
DICE 3 1 2 2 1 3 
Jibs_PC#1826587998940106752 roll 2
Jibs_PC#1826587998940106752 roll 1
DICE 2 1 5 2 3 
Jibs_PC#1826587998940106752 endattack
Jibs_PC#1826587998940106752 nomove
CARD 2
Jibs_PC#1826587998940106752 placearmies 30 1
Jibs_PC#1826587998940106752 placearmies 30 2
Jibs_PC#1826587998940106752 attack 30 29
Jibs_PC#1826587998940106752 roll 3
Jibs_PC#1826587998940106752 roll 2
DICE 3 2 4 4 3 5 3 
Jibs_PC#1826587998940106752 roll 3
Jibs_PC#1826587998940106752 roll 2
DICE 3 2 4 2 0 5 3 
Jibs_PC#1826587998940106752 retreat
Jibs_PC#1826587998940106752 attack 30 31
Jibs_PC#1826587998940106752 roll 3
Jibs_PC#1826587998940106752 roll 1
DICE 3 1 5 1 0 5 
Jibs_PC#1826587998940106752 roll 2
Jibs_PC#1826587998940106752 roll 1
DICE 2 1 4 0 2 
Jibs_PC#1826587998940106752 endattack
Jibs_PC#1826587998940106752 nomove
CARD 5
Jibs_PC#1826587998940106752 trade wildcard 9 11
Jibs_PC#1826587998940106752 placearmies 21 3
Jibs_PC#1826587998940106752 placearmies 21 8
Jibs_PC#1826587998940106752 placearmies 21 1
Jibs_PC#1826587998940106752 placearmies 21 1
Jibs_PC#1826587998940106752 attack 21 22
Jibs_PC#1826587998940106752 roll 3
Jibs_PC#1826587998940106752 roll 1
DICE 3 1 5 4 2 4 
Jibs_PC#1826587998940106752 move 17
Jibs_PC#1826587998940106752 attack 22 31
Jibs_PC#1826587998940106752 roll 3
Jibs_PC#1826587998940106752 roll 2
DICE 3 2 5 4 4 2 1 
Jibs_PC#1826587998940106752 move 16
Jibs_PC#1826587998940106752 attack 31 30
Jibs_PC#1826587998940106752 roll 3
Jibs_PC#1826587998940106752 roll 1
DICE 3 1 5 3 1 4 
Jibs_PC#1826587998940106752 move 15
Jibs_PC#1826587998940106752 attack 30 28
Jibs_PC#1826587998940106752 roll 3
Jibs_PC#1826587998940106752 roll 1
DICE 3 1 5 5 3 1 
Jibs_PC#1826587998940106752 move 14
Jibs_PC#1826587998940106752 attack 28 27
Jibs_PC#1826587998940106752 roll 3
Jibs_PC#1826587998940106752 roll 1
DICE 3 1 5 5 0 1 
Jibs_PC#1826587998940106752 move 13
Jibs_PC#1826587998940106752 attack 27 35
Jibs_PC#1826587998940106752 roll 3
Jibs_PC#1826587998940106752 roll 1
DICE 3 1 5 5 1 0 
Jibs_PC#1826587998940106752 move 12
Jibs_PC#1826587998940106752 attack 35 34
Jibs_PC#1826587998940106752 roll 3
Jibs_PC#1826587998940106752 roll 1
DICE 3 1 5 4 1 3 
Jibs_PC#1826587998940106752 move 11
Jibs_PC#1826587998940106752 attack 34 38
Jibs_PC#1826587998940106752 roll 3
Jibs_PC#1826587998940106752 roll 1
DICE 3 1 4 0 0 2 
Jibs_PC#1826587998940106752 move 10
Jibs_PC#1826587998940106752 attack 38 37
Jibs_PC#1826587998940106752 roll 3
Jibs_PC#1826587998940106752 roll 1
DICE 3 1 5 4 2 3 
Jibs_PC#1826587998940106752 move 9
Jibs_PC#1826587998940106752 attack 37 36
Jibs_PC#1826587998940106752 roll 3
Jibs_PC#1826587998940106752 roll 1
DICE 3 1 1 1 1 3 
Jibs_PC#1826587998940106752 roll 3
Jibs_PC#1826587998940106752 roll 1
DICE 3 1 1 0 0 4 
Jibs_PC#1826587998940106752 roll 3
Jibs_PC#1826587998940106752 roll 1
DICE 3 1 4 3 1 5 
Jibs_PC#1826587998940106752 roll 3
Jibs_PC#1826587998940106752 roll 1
DICE 3 1 5 3 1 5 
Jibs_PC#1826587998940106752 roll 3
Jibs_PC#1826587998940106752 roll 1
DICE 3 1 5 3 2 1 
Jibs_PC#1826587998940106752 move 4
Jibs_PC#1826587998940106752 endattack
Jibs_PC#1826587998940106752 nomove
CARD wildcard
Jibs_PC#1826587998940106752 placearmies 17 4
Jibs_PC#1826587998940106752 placearmies 14 1
Jibs_PC#1826587998940106752 attack 17 19
Jibs_PC#1826587998940106752 roll 3
Jibs_PC#1826587998940106752 roll 1
DICE 3 1 4 2 1 4 
Jibs_PC#1826587998940106752 roll 3
Jibs_PC#1826587998940106752 roll 1
DICE 3 1 5 2 0 1 
Jibs_PC#1826587998940106752 move 9
Jibs_PC#1826587998940106752 attack 19 20
Jibs_PC#1826587998940106752 roll 3
Jibs_PC#1826587998940106752 roll 1
DICE 3 1 5 2 0 4 
Jibs_PC#1826587998940106752 move 8
Jibs_PC#1826587998940106752 attack 20 18
Jibs_PC#1826587998940106752 roll 3
Jibs_PC#1826587998940106752 roll 1
DICE 3 1 5 0 0 1 
Jibs_PC#1826587998940106752 move 7
Jibs_PC#1826587998940106752 attack 18 16
Jibs_PC#1826587998940106752 roll 3
Jibs_PC#1826587998940106752 roll 2
DICE 3 2 5 0 0 1 1 
Jibs_PC#1826587998940106752 roll 3
Jibs_PC#1826587998940106752 roll 1
DICE 3 1 3 2 1 3 
Jibs_PC#1826587998940106752 roll 3
Jibs_PC#1826587998940106752 roll 1
DICE 3 1 3 1 0 5 
Jibs_PC#1826587998940106752 roll 3
Jibs_PC#1826587998940106752 roll 1
DICE 3 1 2 1 0 1 
Jibs_PC#1826587998940106752 attack 16 15
Jibs_PC#1826587998940106752 roll 2
Jibs_PC#1826587998940106752 roll 1
DICE 2 1 5 1 4 
Jibs_PC#1826587998940106752 attack 39 33
Jibs_PC#1826587998940106752 roll 3
Jibs_PC#1826587998940106752 roll 1
DICE 3 1 3 1 0 3 
Jibs_PC#1826587998940106752 roll 3
Jibs_PC#1826587998940106752 roll 1
DICE 3 1 5 4 1 0 
Jibs_PC#1826587998940106752 move 5
Jibs_PC#1826587998940106752 attack 33 32
Jibs_PC#1826587998940106752 roll 3
Jibs_PC#1826587998940106752 roll 1
DICE 3 1 4 3 2 0 
Jibs_PC#1826587998940106752 move 3
Jibs_PC#1826587998940106752 endattack
Jibs_PC#1826587998940106752 movearmies 32 33 2
CARD 15
Jibs_PC#1826587998940106752 trade 6 1 24
Jibs_PC#1826587998940106752 placearmies 29 9
Jibs_PC#1826587998940106752 placearmies 4 3
Jibs_PC#1826587998940106752 placearmies 29 1
Jibs_PC#1826587998940106752 attack 29 33
Jibs_PC#1826587998940106752 roll 3
Jibs_PC#1826587998940106752 roll 2
DICE 3 2 5 2 1 2 0 
Jibs_PC#1826587998940106752 roll 3
Jibs_PC#1826587998940106752 roll 2
DICE 3 2 5 4 1 4 2 
Jibs_PC#1826587998940106752 move 13
Jibs_PC#1826587998940106752 attack 33 39
Jibs_PC#1826587998940106752 roll 3
Jibs_PC#1826587998940106752 roll 1
DICE 3 1 5 3 0 5 
Jibs_PC#1826587998940106752 roll 3
Jibs_PC#1826587998940106752 roll 1
DICE 3 1 3 0 0 5 
Jibs_PC#1826587998940106752 roll 3
Jibs_PC#1826587998940106752 roll 1
DICE 3 1 5 5 3 4 
Jibs_PC#1826587998940106752 move 10
Jibs_PC#1826587998940106752 attack 4 5
Jibs_PC#1826587998940106752 roll 3
Jibs_PC#1826587998940106752 roll 1
DICE 3 1 5 2 1 5 
Jibs_PC#1826587998940106752 roll 3
Jibs_PC#1826587998940106752 roll 1
DICE 3 1 5 4 3 5 
Jibs_PC#1826587998940106752 retreat
Jibs_PC#1826587998940106752 attack 39 40
Jibs_PC#1826587998940106752 roll 3
Jibs_PC#1826587998940106752 roll 1
DICE 3 1 4 3 2 2 
Jibs_PC#1826587998940106752 move 9
Jibs_PC#1826587998940106752 attack 40 42
Jibs_PC#1826587998940106752 roll 3
Jibs_PC#1826587998940106752 roll 2
DICE 3 2 4 3 0 3 3 
Jibs_PC#1826587998940106752 roll 3
Jibs_PC#1826587998940106752 roll 1
DICE 3 1 3 2 1 4 
Jibs_PC#1826587998940106752 roll 3
Jibs_PC#1826587998940106752 roll 1
DICE 3 1 3 1 0 4 
Jibs_PC#1826587998940106752 roll 3
Jibs_PC#1826587998940106752 roll 1
DICE 3 1 4 0 0 2 
Jibs_PC#1826587998940106752 move 5
Jibs_PC#1826587998940106752 attack 42 41
Jibs_PC#1826587998940106752 roll 3
Jibs_PC#1826587998940106752 roll 1
DICE 3 1 3 3 0 1 
Jibs_PC#1826587998940106752 move 3
Jibs_PC#1826587998940106752 attack 4 5
Jibs_PC#1826587998940106752 roll 2
Jibs_PC#1826587998940106752 roll 1
DICE 2 1 5 3 1 
