Jibs_PC#3827175009365966848 newplayer human pink s0914007
Jibs_PC#3827175009365966848 newplayer human black NWO
Jibs_PC#3827175009365966848 newplayer human yellow Illuminatus
Jibs_PC#3827175009365966848 startgame mission fixed autoplaceall recycle
PLAYER s0914007
MISSION 3 1 2
PLACEALL 16 5 7 13 15 32 34 42 19 20 25 8 4 36 40 39 22 14 17 41 38 33 30 27 31 18 24 23 21 9 26 10 28 12 2 3 6 1 29 35 37 11
Jibs_PC#3827175009365966848 placearmies 13 1
CARD 
Jibs_PC#3827175009365966848 placearmies 15 1
CARD 
Jibs_PC#3827175009365966848 placearmies 8 1
CARD 
Jibs_PC#3827175009365966848 placearmies 12 1
CARD 
Jibs_PC#3827175009365966848 placearmies 42 1
CARD 
Jibs_PC#3827175009365966848 placearmies 40 1
CARD 
Jibs_PC#3827175009365966848 placearmies 13 1
CARD 
Jibs_PC#3827175009365966848 placearmies 42 1
CARD 
Jibs_PC#3827175009365966848 placearmies 40 1
CARD 
Jibs_PC#3827175009365966848 placearmies 12 1
CARD 
Jibs_PC#3827175009365966848 placearmies 42 1
CARD 
Jibs_PC#3827175009365966848 placearmies 9 1
CARD 
Jibs_PC#3827175009365966848 placearmies 12 1
CARD 
Jibs_PC#3827175009365966848 placearmies 42 1
CARD 
Jibs_PC#3827175009365966848 placearmies 9 1
CARD 
Jibs_PC#3827175009365966848 placearmies 13 1
CARD 
Jibs_PC#3827175009365966848 placearmies 42 1
CARD 
Jibs_PC#3827175009365966848 placearmies 9 1
CARD 
Jibs_PC#3827175009365966848 placearmies 12 1
CARD 
Jibs_PC#3827175009365966848 placearmies 42 1
CARD 
Jibs_PC#3827175009365966848 placearmies 9 1
CARD 
Jibs_PC#3827175009365966848 placearmies 13 1
CARD 
Jibs_PC#3827175009365966848 placearmies 42 1
CARD 
Jibs_PC#3827175009365966848 placearmies 9 1
CARD 
Jibs_PC#3827175009365966848 placearmies 12 1
CARD 
Jibs_PC#3827175009365966848 placearmies 42 1
CARD 
Jibs_PC#3827175009365966848 placearmies 8 1
CARD 
Jibs_PC#3827175009365966848 placearmies 13 1
CARD 
Jibs_PC#3827175009365966848 placearmies 42 1
CARD 
Jibs_PC#3827175009365966848 placearmies 8 1
CARD 
Jibs_PC#3827175009365966848 placearmies 13 1
CARD 
Jibs_PC#3827175009365966848 placearmies 42 1
CARD 
Jibs_PC#3827175009365966848 placearmies 8 1
CARD 
Jibs_PC#3827175009365966848 placearmies 12 1
CARD 
Jibs_PC#3827175009365966848 placearmies 42 1
CARD 
Jibs_PC#3827175009365966848 placearmies 8 1
CARD 
Jibs_PC#3827175009365966848 placearmies 13 1
CARD 
Jibs_PC#3827175009365966848 placearmies 42 1
CARD 
Jibs_PC#3827175009365966848 placearmies 8 1
CARD 
Jibs_PC#3827175009365966848 placearmies 12 1
CARD 
Jibs_PC#3827175009365966848 placearmies 42 1
CARD 
Jibs_PC#3827175009365966848 placearmies 9 1
CARD 
Jibs_PC#3827175009365966848 placearmies 12 1
CARD 
Jibs_PC#3827175009365966848 placearmies 42 1
CARD 
Jibs_PC#3827175009365966848 placearmies 9 1
CARD 
Jibs_PC#3827175009365966848 placearmies 13 1
CARD 
Jibs_PC#3827175009365966848 placearmies 42 1
CARD 
Jibs_PC#3827175009365966848 placearmies 9 1
CARD 
Jibs_PC#3827175009365966848 placearmies 13 1
CARD 
Jibs_PC#3827175009365966848 placearmies 42 1
CARD 
Jibs_PC#3827175009365966848 placearmies 9 1
CARD 
Jibs_PC#3827175009365966848 placearmies 12 1
CARD 
Jibs_PC#3827175009365966848 placearmies 42 1
CARD 
Jibs_PC#3827175009365966848 placearmies 9 1
CARD 
Jibs_PC#3827175009365966848 placearmies 13 1
CARD 
Jibs_PC#3827175009365966848 placearmies 42 1
CARD 
Jibs_PC#3827175009365966848 placearmies 9 1
CARD 
Jibs_PC#3827175009365966848 placearmies 12 1
CARD 
Jibs_PC#3827175009365966848 placearmies 42 1
CARD 
Jibs_PC#3827175009365966848 placearmies 8 1
CARD 
Jibs_PC#3827175009365966848 placearmies 13 1
CARD 
Jibs_PC#3827175009365966848 placearmies 25 1
CARD 
Jibs_PC#3827175009365966848 placearmies 9 1
CARD 
Jibs_PC#3827175009365966848 placearmies 13 1
Jibs_PC#3827175009365966848 placearmies 13 1
Jibs_PC#3827175009365966848 placearmies 13 1
Jibs_PC#3827175009365966848 placearmies 13 1
Jibs_PC#3827175009365966848 attack 13 11
Jibs_PC#3827175009365966848 roll 3
Jibs_PC#3827175009365966848 roll 1
DICE 3 1 3 3 2 2 
Jibs_PC#3827175009365966848 move all
Jibs_PC#3827175009365966848 attack 11 10
Jibs_PC#3827175009365966848 roll 3
Jibs_PC#3827175009365966848 roll 1
DICE 3 1 4 0 0 2 
Jibs_PC#3827175009365966848 move all
Jibs_PC#3827175009365966848 attack 10 5
Jibs_PC#3827175009365966848 roll 3
Jibs_PC#3827175009365966848 roll 1
DICE 3 1 5 5 0 4 
Jibs_PC#3827175009365966848 move all
Jibs_PC#3827175009365966848 attack 12 21
Jibs_PC#3827175009365966848 roll 3
Jibs_PC#3827175009365966848 roll 1
DICE 3 1 3 3 2 0 
Jibs_PC#3827175009365966848 move all
Jibs_PC#3827175009365966848 endattack
Jibs_PC#3827175009365966848 nomove
CARD 13
Jibs_PC#3827175009365966848 placearmies 25 1
Jibs_PC#3827175009365966848 placearmies 25 1
Jibs_PC#3827175009365966848 placearmies 25 1
Jibs_PC#3827175009365966848 attack 42 40
Jibs_PC#3827175009365966848 roll 3
Jibs_PC#3827175009365966848 roll 2
DICE 3 2 5 3 1 2 1 
Jibs_PC#3827175009365966848 roll 3
Jibs_PC#3827175009365966848 roll 1
DICE 3 1 4 3 1 3 
Jibs_PC#3827175009365966848 move all
Jibs_PC#3827175009365966848 attack 40 39
Jibs_PC#3827175009365966848 roll 3
Jibs_PC#3827175009365966848 roll 1
DICE 3 1 5 4 2 4 
Jibs_PC#3827175009365966848 move all
Jibs_PC#3827175009365966848 attack 39 33
Jibs_PC#3827175009365966848 roll 3
Jibs_PC#3827175009365966848 roll 1
DICE 3 1 3 2 1 5 
Jibs_PC#3827175009365966848 roll 3
Jibs_PC#3827175009365966848 roll 1
DICE 3 1 1 1 0 0 
Jibs_PC#3827175009365966848 move all
Jibs_PC#3827175009365966848 endattack
Jibs_PC#3827175009365966848 nomove
CARD 8
Jibs_PC#3827175009365966848 placearmies 8 1
Jibs_PC#3827175009365966848 placearmies 9 1
Jibs_PC#3827175009365966848 placearmies 9 1
Jibs_PC#3827175009365966848 placearmies 9 1
Jibs_PC#3827175009365966848 attack 8 6
Jibs_PC#3827175009365966848 roll 3
Jibs_PC#3827175009365966848 roll 1
DICE 3 1 4 4 1 4 
Jibs_PC#3827175009365966848 roll 3
Jibs_PC#3827175009365966848 roll 1
DICE 3 1 3 2 1 4 
Jibs_PC#3827175009365966848 roll 3
Jibs_PC#3827175009365966848 roll 1
DICE 3 1 5 1 0 3 
Jibs_PC#3827175009365966848 move all
Jibs_PC#3827175009365966848 attack 6 2
Jibs_PC#3827175009365966848 roll 3
Jibs_PC#3827175009365966848 roll 1
DICE 3 1 4 3 1 3 
Jibs_PC#3827175009365966848 move all
Jibs_PC#3827175009365966848 attack 2 1
Jibs_PC#3827175009365966848 roll 3
Jibs_PC#3827175009365966848 roll 1
DICE 3 1 5 4 2 2 
Jibs_PC#3827175009365966848 move all
Jibs_PC#3827175009365966848 attack 9 5
Jibs_PC#3827175009365966848 roll 3
Jibs_PC#3827175009365966848 roll 2
DICE 3 2 4 2 1 1 0 
Jibs_PC#3827175009365966848 roll 3
Jibs_PC#3827175009365966848 roll 2
DICE 3 2 5 4 0 3 3 
Jibs_PC#3827175009365966848 roll 3
Jibs_PC#3827175009365966848 roll 2
DICE 3 2 3 0 0 5 0 
Jibs_PC#3827175009365966848 roll 3
Jibs_PC#3827175009365966848 roll 2
DICE 3 2 5 5 3 3 1 
Jibs_PC#3827175009365966848 roll 3
Jibs_PC#3827175009365966848 roll 2
DICE 3 2 2 1 0 5 0 
Jibs_PC#3827175009365966848 roll 3
Jibs_PC#3827175009365966848 roll 2
DICE 3 2 3 2 1 5 4 
Jibs_PC#3827175009365966848 roll 3
Jibs_PC#3827175009365966848 roll 2
DICE 3 2 4 3 2 5 1 
Jibs_PC#3827175009365966848 roll 3
Jibs_PC#3827175009365966848 roll 2
DICE 3 2 4 3 1 3 2 
Jibs_PC#3827175009365966848 roll 3
Jibs_PC#3827175009365966848 roll 2
DICE 3 2 5 2 0 4 3 
Jibs_PC#3827175009365966848 roll 3
Jibs_PC#3827175009365966848 roll 2
DICE 3 2 5 2 0 3 0 
Jibs_PC#3827175009365966848 move all
Jibs_PC#3827175009365966848 attack 5 4
Jibs_PC#3827175009365966848 roll 3
Jibs_PC#3827175009365966848 roll 1
DICE 3 1 1 0 0 4 
Jibs_PC#3827175009365966848 roll 3
Jibs_PC#3827175009365966848 roll 1
DICE 3 1 3 2 0 3 
Jibs_PC#3827175009365966848 roll 3
Jibs_PC#3827175009365966848 roll 1
DICE 3 1 4 4 1 3 
Jibs_PC#3827175009365966848 move 3
Jibs_PC#3827175009365966848 endattack
Jibs_PC#3827175009365966848 movearmies 4 5 2
CARD 24
Jibs_PC#3827175009365966848 placearmies 10 1
Jibs_PC#3827175009365966848 placearmies 10 1
Jibs_PC#3827175009365966848 placearmies 10 1
Jibs_PC#3827175009365966848 placearmies 10 1
Jibs_PC#3827175009365966848 placearmies 10 1
Jibs_PC#3827175009365966848 placearmies 10 1
Jibs_PC#3827175009365966848 endattack
Jibs_PC#3827175009365966848 nomove
CARD 
Jibs_PC#3827175009365966848 placearmies 15 1
Jibs_PC#3827175009365966848 placearmies 15 1
Jibs_PC#3827175009365966848 placearmies 15 1
Jibs_PC#3827175009365966848 placearmies 15 1
Jibs_PC#3827175009365966848 placearmies 15 1
Jibs_PC#3827175009365966848 placearmies 15 1
Jibs_PC#3827175009365966848 attack 15 14
Jibs_PC#3827175009365966848 roll 3
Jibs_PC#3827175009365966848 roll 1
DICE 3 1 5 4 3 3 
Jibs_PC#3827175009365966848 move all
Jibs_PC#3827175009365966848 attack 14 6
Jibs_PC#3827175009365966848 roll 3
Jibs_PC#3827175009365966848 roll 1
DICE 3 1 3 3 0 0 
Jibs_PC#3827175009365966848 move all
Jibs_PC#3827175009365966848 endattack
Jibs_PC#3827175009365966848 nomove
CARD 2
Jibs_PC#3827175009365966848 placearmies 8 1
Jibs_PC#3827175009365966848 placearmies 8 1
Jibs_PC#3827175009365966848 placearmies 8 1
Jibs_PC#3827175009365966848 placearmies 8 1
Jibs_PC#3827175009365966848 placearmies 8 1
Jibs_PC#3827175009365966848 endattack
Jibs_PC#3827175009365966848 nomove
CARD 
Jibs_PC#3827175009365966848 placearmies 10 1
Jibs_PC#3827175009365966848 placearmies 21 1
Jibs_PC#3827175009365966848 placearmies 21 1
Jibs_PC#3827175009365966848 placearmies 26 1
Jibs_PC#3827175009365966848 placearmies 26 1
Jibs_PC#3827175009365966848 placearmies 26 1
Jibs_PC#3827175009365966848 endattack
Jibs_PC#3827175009365966848 nomove
CARD 
Jibs_PC#3827175009365966848 placearmies 14 1
Jibs_PC#3827175009365966848 placearmies 14 1
Jibs_PC#3827175009365966848 placearmies 14 1
Jibs_PC#3827175009365966848 placearmies 14 1
Jibs_PC#3827175009365966848 placearmies 14 1
Jibs_PC#3827175009365966848 placearmies 14 1
Jibs_PC#3827175009365966848 attack 14 17
Jibs_PC#3827175009365966848 roll 3
Jibs_PC#3827175009365966848 roll 1
DICE 3 1 5 4 3 0 
Jibs_PC#3827175009365966848 move all
Jibs_PC#3827175009365966848 attack 17 19
Jibs_PC#3827175009365966848 roll 3
Jibs_PC#3827175009365966848 roll 1
DICE 3 1 4 2 1 5 
Jibs_PC#3827175009365966848 roll 3
Jibs_PC#3827175009365966848 roll 1
DICE 3 1 5 5 4 0 
Jibs_PC#3827175009365966848 move all
Jibs_PC#3827175009365966848 attack 33 32
Jibs_PC#3827175009365966848 roll 3
Jibs_PC#3827175009365966848 roll 1
DICE 3 1 5 2 1 3 
Jibs_PC#3827175009365966848 move 12
Jibs_PC#3827175009365966848 attack 32 31
Jibs_PC#3827175009365966848 roll 3
Jibs_PC#3827175009365966848 roll 1
DICE 3 1 5 3 2 3 
Jibs_PC#3827175009365966848 move all
Jibs_PC#3827175009365966848 attack 31 16
Jibs_PC#3827175009365966848 roll 3
Jibs_PC#3827175009365966848 roll 1
DICE 3 1 5 3 3 4 
Jibs_PC#3827175009365966848 move all
Jibs_PC#3827175009365966848 attack 16 20
Jibs_PC#3827175009365966848 roll 3
Jibs_PC#3827175009365966848 roll 1
DICE 3 1 4 2 0 2 
Jibs_PC#3827175009365966848 move 8
Jibs_PC#3827175009365966848 endattack
Jibs_PC#3827175009365966848 movearmies 20 19 2
CARD 25
Jibs_PC#3827175009365966848 placearmies 8 1
Jibs_PC#3827175009365966848 placearmies 8 1
Jibs_PC#3827175009365966848 placearmies 8 1
Jibs_PC#3827175009365966848 placearmies 8 1
Jibs_PC#3827175009365966848 attack 8 6
Jibs_PC#3827175009365966848 roll 3
Jibs_PC#3827175009365966848 roll 2
DICE 3 2 5 4 0 5 2 
Jibs_PC#3827175009365966848 roll 3
Jibs_PC#3827175009365966848 roll 2
DICE 3 2 4 2 0 2 0 
Jibs_PC#3827175009365966848 roll 3
Jibs_PC#3827175009365966848 roll 2
DICE 3 2 4 3 0 1 0 
Jibs_PC#3827175009365966848 roll 3
Jibs_PC#3827175009365966848 roll 1
DICE 3 1 3 2 1 2 
Jibs_PC#3827175009365966848 move all
Jibs_PC#3827175009365966848 endattack
Jibs_PC#3827175009365966848 nomove
CARD 30
Jibs_PC#3827175009365966848 placearmies 21 1
Jibs_PC#3827175009365966848 placearmies 21 1
Jibs_PC#3827175009365966848 placearmies 21 1
Jibs_PC#3827175009365966848 placearmies 21 1
Jibs_PC#3827175009365966848 placearmies 21 1
Jibs_PC#3827175009365966848 attack 21 19
Jibs_PC#3827175009365966848 roll 3
Jibs_PC#3827175009365966848 roll 2
DICE 3 2 4 1 0 2 1 
Jibs_PC#3827175009365966848 roll 3
Jibs_PC#3827175009365966848 roll 2
DICE 3 2 4 4 2 2 1 
Jibs_PC#3827175009365966848 roll 3
Jibs_PC#3827175009365966848 roll 2
DICE 3 2 3 2 1 3 1 
Jibs_PC#3827175009365966848 roll 3
Jibs_PC#3827175009365966848 roll 2
DICE 3 2 5 3 0 5 0 
Jibs_PC#3827175009365966848 roll 3
Jibs_PC#3827175009365966848 roll 1
DICE 3 1 4 2 0 4 
Jibs_PC#3827175009365966848 roll 3
Jibs_PC#3827175009365966848 roll 1
DICE 3 1 4 1 1 2 
Jibs_PC#3827175009365966848 move 3
Jibs_PC#3827175009365966848 endattack
Jibs_PC#3827175009365966848 movearmies 19 21 2
CARD wildcard
Jibs_PC#3827175009365966848 trade 8 2 25
Jibs_PC#3827175009365966848 placearmies 33 1
Jibs_PC#3827175009365966848 placearmies 33 1
Jibs_PC#3827175009365966848 placearmies 33 1
Jibs_PC#3827175009365966848 placearmies 33 1
Jibs_PC#3827175009365966848 placearmies 33 1
Jibs_PC#3827175009365966848 placearmies 33 1
Jibs_PC#3827175009365966848 placearmies 33 1
Jibs_PC#3827175009365966848 placearmies 33 1
Jibs_PC#3827175009365966848 placearmies 33 1
Jibs_PC#3827175009365966848 placearmies 33 1
Jibs_PC#3827175009365966848 placearmies 33 1
Jibs_PC#3827175009365966848 placearmies 33 1
Jibs_PC#3827175009365966848 placearmies 33 1
Jibs_PC#3827175009365966848 placearmies 33 1
Jibs_PC#3827175009365966848 placearmies 33 1
Jibs_PC#3827175009365966848 placearmies 33 1
Jibs_PC#3827175009365966848 attack 20 19
Jibs_PC#3827175009365966848 roll 3
Jibs_PC#3827175009365966848 roll 1
DICE 3 1 5 3 3 1 
Jibs_PC#3827175009365966848 move 3
Jibs_PC#3827175009365966848 attack 33 29
Jibs_PC#3827175009365966848 roll 3
Jibs_PC#3827175009365966848 roll 1
DICE 3 1 4 0 0 5 
Jibs_PC#3827175009365966848 roll 3
Jibs_PC#3827175009365966848 roll 1
DICE 3 1 5 4 3 4 
Jibs_PC#3827175009365966848 move all
Jibs_PC#3827175009365966848 attack 29 28
Jibs_PC#3827175009365966848 roll 3
Jibs_PC#3827175009365966848 roll 1
DICE 3 1 3 3 1 2 
Jibs_PC#3827175009365966848 move all
Jibs_PC#3827175009365966848 attack 28 27
Jibs_PC#3827175009365966848 roll 3
Jibs_PC#3827175009365966848 roll 1
DICE 3 1 5 4 3 0 
Jibs_PC#3827175009365966848 move all
Jibs_PC#3827175009365966848 attack 27 35
Jibs_PC#3827175009365966848 roll 3
Jibs_PC#3827175009365966848 roll 1
DICE 3 1 4 2 2 1 
Jibs_PC#3827175009365966848 move all
Jibs_PC#3827175009365966848 attack 35 34
Jibs_PC#3827175009365966848 roll 3
Jibs_PC#3827175009365966848 roll 1
DICE 3 1 5 2 1 0 
Jibs_PC#3827175009365966848 move all
Jibs_PC#3827175009365966848 attack 34 38
Jibs_PC#3827175009365966848 roll 3
Jibs_PC#3827175009365966848 roll 1
DICE 3 1 3 1 1 5 
Jibs_PC#3827175009365966848 roll 3
Jibs_PC#3827175009365966848 roll 1
DICE 3 1 4 4 0 0 
Jibs_PC#3827175009365966848 move all
