coppola.inf.ed.ac.uk#5679740349548917760 newplayer human green s0914007
coppola.inf.ed.ac.uk#5679740349548917760 newplayer human blue bob
coppola.inf.ed.ac.uk#5679740349548917760 newplayer human orange sangseo
coppola.inf.ed.ac.uk#5679740349548917760 newplayer human red yura
coppola.inf.ed.ac.uk#5679740349548917760 startgame mission fixed autoplaceall recycle
PLAYER s0914007
MISSION 5 2 1 0
PLACEALL 26 36 5 39 27 3 31 20 15 17 40 25 9 19 22 34 30 6 1 2 42 29 21 7 11 32 13 18 38 4 23 10 8 14 41 16 35 28 33 37 12 24
coppola.inf.ed.ac.uk#5679740349548917760 placearmies 21 1
CARD 
coppola.inf.ed.ac.uk#5679740349548917760 placearmies 37 1
CARD 
coppola.inf.ed.ac.uk#5679740349548917760 placearmies 12 1
CARD 
coppola.inf.ed.ac.uk#5679740349548917760 placearmies 32 1
CARD 
coppola.inf.ed.ac.uk#5679740349548917760 placearmies 41 1
CARD 
coppola.inf.ed.ac.uk#5679740349548917760 placearmies 39 1
CARD 
coppola.inf.ed.ac.uk#5679740349548917760 placearmies 11 1
CARD 
coppola.inf.ed.ac.uk#5679740349548917760 placearmies 32 1
CARD 
coppola.inf.ed.ac.uk#5679740349548917760 placearmies 41 1
CARD 
coppola.inf.ed.ac.uk#5679740349548917760 placearmies 37 1
CARD 
coppola.inf.ed.ac.uk#5679740349548917760 placearmies 12 1
CARD 
coppola.inf.ed.ac.uk#5679740349548917760 placearmies 32 1
CARD 
coppola.inf.ed.ac.uk#5679740349548917760 placearmies 1 1
CARD 
coppola.inf.ed.ac.uk#5679740349548917760 placearmies 37 1
CARD 
coppola.inf.ed.ac.uk#5679740349548917760 placearmies 9 1
CARD 
coppola.inf.ed.ac.uk#5679740349548917760 placearmies 24 1
CARD 
coppola.inf.ed.ac.uk#5679740349548917760 placearmies 31 1
CARD 
coppola.inf.ed.ac.uk#5679740349548917760 placearmies 37 1
CARD 
coppola.inf.ed.ac.uk#5679740349548917760 placearmies 11 1
CARD 
coppola.inf.ed.ac.uk#5679740349548917760 placearmies 24 1
CARD 
coppola.inf.ed.ac.uk#5679740349548917760 placearmies 41 1
CARD 
coppola.inf.ed.ac.uk#5679740349548917760 placearmies 37 1
CARD 
coppola.inf.ed.ac.uk#5679740349548917760 placearmies 9 1
CARD 
coppola.inf.ed.ac.uk#5679740349548917760 placearmies 24 1
CARD 
coppola.inf.ed.ac.uk#5679740349548917760 placearmies 41 1
CARD 
coppola.inf.ed.ac.uk#5679740349548917760 placearmies 7 1
CARD 
coppola.inf.ed.ac.uk#5679740349548917760 placearmies 12 1
CARD 
coppola.inf.ed.ac.uk#5679740349548917760 placearmies 24 1
CARD 
coppola.inf.ed.ac.uk#5679740349548917760 placearmies 41 1
CARD 
coppola.inf.ed.ac.uk#5679740349548917760 placearmies 2 1
CARD 
coppola.inf.ed.ac.uk#5679740349548917760 placearmies 9 1
CARD 
coppola.inf.ed.ac.uk#5679740349548917760 placearmies 32 1
CARD 
coppola.inf.ed.ac.uk#5679740349548917760 placearmies 41 1
CARD 
coppola.inf.ed.ac.uk#5679740349548917760 placearmies 37 1
CARD 
coppola.inf.ed.ac.uk#5679740349548917760 placearmies 11 1
CARD 
coppola.inf.ed.ac.uk#5679740349548917760 placearmies 24 1
CARD 
coppola.inf.ed.ac.uk#5679740349548917760 placearmies 5 1
CARD 
coppola.inf.ed.ac.uk#5679740349548917760 placearmies 34 1
CARD 
coppola.inf.ed.ac.uk#5679740349548917760 placearmies 26 1
CARD 
coppola.inf.ed.ac.uk#5679740349548917760 placearmies 24 1
CARD 
coppola.inf.ed.ac.uk#5679740349548917760 placearmies 40 1
CARD 
coppola.inf.ed.ac.uk#5679740349548917760 placearmies 7 1
CARD 
coppola.inf.ed.ac.uk#5679740349548917760 placearmies 11 1
CARD 
coppola.inf.ed.ac.uk#5679740349548917760 placearmies 32 1
CARD 
coppola.inf.ed.ac.uk#5679740349548917760 placearmies 13 1
CARD 
coppola.inf.ed.ac.uk#5679740349548917760 placearmies 34 1
CARD 
coppola.inf.ed.ac.uk#5679740349548917760 placearmies 12 1
CARD 
coppola.inf.ed.ac.uk#5679740349548917760 placearmies 32 1
CARD 
coppola.inf.ed.ac.uk#5679740349548917760 placearmies 13 1
CARD 
coppola.inf.ed.ac.uk#5679740349548917760 placearmies 2 1
CARD 
coppola.inf.ed.ac.uk#5679740349548917760 placearmies 9 1
CARD 
coppola.inf.ed.ac.uk#5679740349548917760 placearmies 24 1
CARD 
coppola.inf.ed.ac.uk#5679740349548917760 placearmies 31 1
CARD 
coppola.inf.ed.ac.uk#5679740349548917760 placearmies 34 1
CARD 
coppola.inf.ed.ac.uk#5679740349548917760 placearmies 11 1
CARD 
coppola.inf.ed.ac.uk#5679740349548917760 placearmies 24 1
CARD 
coppola.inf.ed.ac.uk#5679740349548917760 placearmies 23 1
CARD 
coppola.inf.ed.ac.uk#5679740349548917760 placearmies 2 1
CARD 
coppola.inf.ed.ac.uk#5679740349548917760 placearmies 12 1
CARD 
coppola.inf.ed.ac.uk#5679740349548917760 placearmies 24 1
CARD 
coppola.inf.ed.ac.uk#5679740349548917760 placearmies 31 1
CARD 
coppola.inf.ed.ac.uk#5679740349548917760 placearmies 7 1
CARD 
coppola.inf.ed.ac.uk#5679740349548917760 placearmies 11 1
CARD 
coppola.inf.ed.ac.uk#5679740349548917760 placearmies 32 1
CARD 
coppola.inf.ed.ac.uk#5679740349548917760 placearmies 22 1
CARD 
coppola.inf.ed.ac.uk#5679740349548917760 placearmies 34 1
CARD 
coppola.inf.ed.ac.uk#5679740349548917760 placearmies 9 1
CARD 
coppola.inf.ed.ac.uk#5679740349548917760 placearmies 32 1
CARD 
coppola.inf.ed.ac.uk#5679740349548917760 placearmies 31 1
CARD 
coppola.inf.ed.ac.uk#5679740349548917760 placearmies 7 1
CARD 
coppola.inf.ed.ac.uk#5679740349548917760 placearmies 9 1
CARD 
coppola.inf.ed.ac.uk#5679740349548917760 placearmies 32 1
CARD 
coppola.inf.ed.ac.uk#5679740349548917760 placearmies 40 1
CARD 
coppola.inf.ed.ac.uk#5679740349548917760 placearmies 34 1
CARD 
coppola.inf.ed.ac.uk#5679740349548917760 placearmies 9 1
CARD 
coppola.inf.ed.ac.uk#5679740349548917760 placearmies 32 1
CARD 
coppola.inf.ed.ac.uk#5679740349548917760 placearmies 31 1
CARD 
coppola.inf.ed.ac.uk#5679740349548917760 placearmies 2 1
CARD 
coppola.inf.ed.ac.uk#5679740349548917760 placearmies 9 1
coppola.inf.ed.ac.uk#5679740349548917760 placearmies 9 1
coppola.inf.ed.ac.uk#5679740349548917760 placearmies 9 1
coppola.inf.ed.ac.uk#5679740349548917760 attack 9 7
coppola.inf.ed.ac.uk#5679740349548917760 roll 3
coppola.inf.ed.ac.uk#5679740349548917760 roll 2
DICE 3 2 5 1 0 4 1 
coppola.inf.ed.ac.uk#5679740349548917760 roll 3
coppola.inf.ed.ac.uk#5679740349548917760 roll 2
DICE 3 2 4 3 2 2 0 
coppola.inf.ed.ac.uk#5679740349548917760 roll 3
coppola.inf.ed.ac.uk#5679740349548917760 roll 2
DICE 3 2 3 1 1 4 3 
coppola.inf.ed.ac.uk#5679740349548917760 roll 3
coppola.inf.ed.ac.uk#5679740349548917760 roll 2
DICE 3 2 4 2 2 5 1 
coppola.inf.ed.ac.uk#5679740349548917760 roll 3
coppola.inf.ed.ac.uk#5679740349548917760 roll 1
DICE 3 1 4 2 0 2 
coppola.inf.ed.ac.uk#5679740349548917760 move all
coppola.inf.ed.ac.uk#5679740349548917760 attack 11 10
coppola.inf.ed.ac.uk#5679740349548917760 roll 3
coppola.inf.ed.ac.uk#5679740349548917760 roll 1
DICE 3 1 5 2 1 3 
coppola.inf.ed.ac.uk#5679740349548917760 move 3
coppola.inf.ed.ac.uk#5679740349548917760 attack 12 13
coppola.inf.ed.ac.uk#5679740349548917760 roll 3
coppola.inf.ed.ac.uk#5679740349548917760 roll 2
DICE 3 2 5 2 0 4 0 
coppola.inf.ed.ac.uk#5679740349548917760 roll 3
coppola.inf.ed.ac.uk#5679740349548917760 roll 1
DICE 3 1 5 3 3 2 
coppola.inf.ed.ac.uk#5679740349548917760 move 3
coppola.inf.ed.ac.uk#5679740349548917760 endattack
coppola.inf.ed.ac.uk#5679740349548917760 movearmies 11 10 3
CARD 15
coppola.inf.ed.ac.uk#5679740349548917760 placearmies 24 1
coppola.inf.ed.ac.uk#5679740349548917760 placearmies 32 1
coppola.inf.ed.ac.uk#5679740349548917760 placearmies 24 1
coppola.inf.ed.ac.uk#5679740349548917760 attack 24 26
coppola.inf.ed.ac.uk#5679740349548917760 roll 3
coppola.inf.ed.ac.uk#5679740349548917760 roll 2
DICE 3 2 4 4 2 3 3 
coppola.inf.ed.ac.uk#5679740349548917760 move all
coppola.inf.ed.ac.uk#5679740349548917760 attack 26 25
coppola.inf.ed.ac.uk#5679740349548917760 roll 3
coppola.inf.ed.ac.uk#5679740349548917760 roll 1
DICE 3 1 3 2 2 0 
coppola.inf.ed.ac.uk#5679740349548917760 move all
coppola.inf.ed.ac.uk#5679740349548917760 attack 25 23
coppola.inf.ed.ac.uk#5679740349548917760 roll 3
coppola.inf.ed.ac.uk#5679740349548917760 roll 2
DICE 3 2 4 1 0 2 1 
coppola.inf.ed.ac.uk#5679740349548917760 roll 3
coppola.inf.ed.ac.uk#5679740349548917760 roll 1
DICE 3 1 5 5 2 3 
coppola.inf.ed.ac.uk#5679740349548917760 move all
coppola.inf.ed.ac.uk#5679740349548917760 attack 23 21
coppola.inf.ed.ac.uk#5679740349548917760 roll 3
coppola.inf.ed.ac.uk#5679740349548917760 roll 2
DICE 3 2 3 2 2 3 1 
coppola.inf.ed.ac.uk#5679740349548917760 roll 3
coppola.inf.ed.ac.uk#5679740349548917760 roll 1
DICE 3 1 3 2 0 0 
coppola.inf.ed.ac.uk#5679740349548917760 move all
coppola.inf.ed.ac.uk#5679740349548917760 attack 21 22
coppola.inf.ed.ac.uk#5679740349548917760 roll 3
coppola.inf.ed.ac.uk#5679740349548917760 roll 2
DICE 3 2 5 4 3 4 0 
coppola.inf.ed.ac.uk#5679740349548917760 move 3
coppola.inf.ed.ac.uk#5679740349548917760 attack 32 31
coppola.inf.ed.ac.uk#5679740349548917760 roll 3
coppola.inf.ed.ac.uk#5679740349548917760 roll 2
DICE 3 2 3 2 0 3 3 
coppola.inf.ed.ac.uk#5679740349548917760 roll 3
coppola.inf.ed.ac.uk#5679740349548917760 roll 2
DICE 3 2 5 4 2 0 0 
coppola.inf.ed.ac.uk#5679740349548917760 roll 3
coppola.inf.ed.ac.uk#5679740349548917760 roll 2
DICE 3 2 5 1 1 4 4 
coppola.inf.ed.ac.uk#5679740349548917760 roll 3
coppola.inf.ed.ac.uk#5679740349548917760 roll 2
DICE 3 2 4 1 0 1 0 
coppola.inf.ed.ac.uk#5679740349548917760 roll 3
coppola.inf.ed.ac.uk#5679740349548917760 roll 1
DICE 3 1 5 3 0 5 
coppola.inf.ed.ac.uk#5679740349548917760 roll 3
coppola.inf.ed.ac.uk#5679740349548917760 roll 1
DICE 3 1 5 5 4 3 
coppola.inf.ed.ac.uk#5679740349548917760 move all
coppola.inf.ed.ac.uk#5679740349548917760 endattack
coppola.inf.ed.ac.uk#5679740349548917760 movearmies 31 22 6
CARD 17
coppola.inf.ed.ac.uk#5679740349548917760 placearmies 33 1
coppola.inf.ed.ac.uk#5679740349548917760 placearmies 33 1
coppola.inf.ed.ac.uk#5679740349548917760 placearmies 33 1
coppola.inf.ed.ac.uk#5679740349548917760 attack 33 39
coppola.inf.ed.ac.uk#5679740349548917760 roll 3
coppola.inf.ed.ac.uk#5679740349548917760 roll 2
DICE 3 2 4 3 1 3 1 
coppola.inf.ed.ac.uk#5679740349548917760 attack 41 42
coppola.inf.ed.ac.uk#5679740349548917760 roll 3
coppola.inf.ed.ac.uk#5679740349548917760 roll 1
DICE 3 1 5 4 2 2 
coppola.inf.ed.ac.uk#5679740349548917760 move 3
coppola.inf.ed.ac.uk#5679740349548917760 undo
coppola.inf.ed.ac.uk#5679740349548917760 undo
coppola.inf.ed.ac.uk#5679740349548917760 endattack
coppola.inf.ed.ac.uk#5679740349548917760 movearmies 39 33 2
CARD 40
coppola.inf.ed.ac.uk#5679740349548917760 placearmies 37 1
coppola.inf.ed.ac.uk#5679740349548917760 placearmies 34 1
coppola.inf.ed.ac.uk#5679740349548917760 placearmies 34 1
coppola.inf.ed.ac.uk#5679740349548917760 attack 34 38
coppola.inf.ed.ac.uk#5679740349548917760 roll 3
coppola.inf.ed.ac.uk#5679740349548917760 roll 1
DICE 3 1 4 2 0 3 
coppola.inf.ed.ac.uk#5679740349548917760 move 3
coppola.inf.ed.ac.uk#5679740349548917760 attack 34 35
coppola.inf.ed.ac.uk#5679740349548917760 roll 3
coppola.inf.ed.ac.uk#5679740349548917760 roll 1
DICE 3 1 2 0 0 0 
coppola.inf.ed.ac.uk#5679740349548917760 move 3
coppola.inf.ed.ac.uk#5679740349548917760 attack 37 36
coppola.inf.ed.ac.uk#5679740349548917760 roll 3
coppola.inf.ed.ac.uk#5679740349548917760 roll 1
DICE 3 1 5 5 2 2 
coppola.inf.ed.ac.uk#5679740349548917760 move 7
coppola.inf.ed.ac.uk#5679740349548917760 attack 36 29
coppola.inf.ed.ac.uk#5679740349548917760 roll 3
coppola.inf.ed.ac.uk#5679740349548917760 roll 1
DICE 3 1 5 0 0 2 
coppola.inf.ed.ac.uk#5679740349548917760 move 3
coppola.inf.ed.ac.uk#5679740349548917760 attack 29 27
coppola.inf.ed.ac.uk#5679740349548917760 roll 2
coppola.inf.ed.ac.uk#5679740349548917760 roll 1
DICE 2 1 2 0 4 
coppola.inf.ed.ac.uk#5679740349548917760 retreat
coppola.inf.ed.ac.uk#5679740349548917760 attack 36 27
coppola.inf.ed.ac.uk#5679740349548917760 roll 3
coppola.inf.ed.ac.uk#5679740349548917760 roll 1
DICE 3 1 4 4 2 1 
coppola.inf.ed.ac.uk#5679740349548917760 attack 27 28
coppola.inf.ed.ac.uk#5679740349548917760 roll 2
coppola.inf.ed.ac.uk#5679740349548917760 roll 1
DICE 2 1 1 0 0 
coppola.inf.ed.ac.uk#5679740349548917760 attack 28 30
coppola.inf.ed.ac.uk#5679740349548917760 roll 1
coppola.inf.ed.ac.uk#5679740349548917760 roll 1
DICE 1 1 4 1 
coppola.inf.ed.ac.uk#5679740349548917760 attack 2 1
coppola.inf.ed.ac.uk#5679740349548917760 roll 3
coppola.inf.ed.ac.uk#5679740349548917760 roll 2
DICE 3 2 5 3 2 4 2 
coppola.inf.ed.ac.uk#5679740349548917760 move 3
coppola.inf.ed.ac.uk#5679740349548917760 attack 29 32
coppola.inf.ed.ac.uk#5679740349548917760 roll 1
coppola.inf.ed.ac.uk#5679740349548917760 roll 1
DICE 1 1 0 3 
coppola.inf.ed.ac.uk#5679740349548917760 attack 1 3
coppola.inf.ed.ac.uk#5679740349548917760 roll 2
coppola.inf.ed.ac.uk#5679740349548917760 roll 1
DICE 2 1 2 1 4 
coppola.inf.ed.ac.uk#5679740349548917760 roll 1
coppola.inf.ed.ac.uk#5679740349548917760 roll 1
DICE 1 1 1 4 
coppola.inf.ed.ac.uk#5679740349548917760 attack 2 3
coppola.inf.ed.ac.uk#5679740349548917760 roll 1
coppola.inf.ed.ac.uk#5679740349548917760 roll 1
DICE 1 1 2 5 
coppola.inf.ed.ac.uk#5679740349548917760 endattack
coppola.inf.ed.ac.uk#5679740349548917760 nomove
CARD 24
coppola.inf.ed.ac.uk#5679740349548917760 placearmies 10 1
coppola.inf.ed.ac.uk#5679740349548917760 placearmies 12 1
coppola.inf.ed.ac.uk#5679740349548917760 placearmies 12 1
coppola.inf.ed.ac.uk#5679740349548917760 placearmies 10 1
coppola.inf.ed.ac.uk#5679740349548917760 placearmies 12 1
coppola.inf.ed.ac.uk#5679740349548917760 attack 12 21
coppola.inf.ed.ac.uk#5679740349548917760 roll 3
coppola.inf.ed.ac.uk#5679740349548917760 roll 2
DICE 3 2 4 3 0 3 3 
coppola.inf.ed.ac.uk#5679740349548917760 roll 3
coppola.inf.ed.ac.uk#5679740349548917760 roll 2
DICE 3 2 4 4 2 5 4 
coppola.inf.ed.ac.uk#5679740349548917760 roll 2
coppola.inf.ed.ac.uk#5679740349548917760 roll 2
DICE 2 2 0 0 4 1 
coppola.inf.ed.ac.uk#5679740349548917760 attack 7 3
coppola.inf.ed.ac.uk#5679740349548917760 roll 3
coppola.inf.ed.ac.uk#5679740349548917760 roll 1
DICE 3 1 4 3 0 0 
coppola.inf.ed.ac.uk#5679740349548917760 move 3
coppola.inf.ed.ac.uk#5679740349548917760 attack 7 4
coppola.inf.ed.ac.uk#5679740349548917760 roll 1
coppola.inf.ed.ac.uk#5679740349548917760 roll 1
DICE 1 1 5 5 
coppola.inf.ed.ac.uk#5679740349548917760 roll 1
coppola.inf.ed.ac.uk#5679740349548917760 roll 1
DICE 1 1 1 2 
coppola.inf.ed.ac.uk#5679740349548917760 endattack
coppola.inf.ed.ac.uk#5679740349548917760 movearmies 10 12 4
CARD 19
coppola.inf.ed.ac.uk#5679740349548917760 placearmies 21 1
coppola.inf.ed.ac.uk#5679740349548917760 placearmies 21 1
coppola.inf.ed.ac.uk#5679740349548917760 placearmies 21 1
coppola.inf.ed.ac.uk#5679740349548917760 placearmies 21 1
coppola.inf.ed.ac.uk#5679740349548917760 placearmies 21 1
coppola.inf.ed.ac.uk#5679740349548917760 placearmies 32 1
coppola.inf.ed.ac.uk#5679740349548917760 placearmies 31 1
coppola.inf.ed.ac.uk#5679740349548917760 attack 21 12
coppola.inf.ed.ac.uk#5679740349548917760 roll 3
coppola.inf.ed.ac.uk#5679740349548917760 roll 2
DICE 3 2 5 1 0 5 4 
coppola.inf.ed.ac.uk#5679740349548917760 roll 3
coppola.inf.ed.ac.uk#5679740349548917760 roll 2
DICE 3 2 4 4 0 3 2 
coppola.inf.ed.ac.uk#5679740349548917760 roll 3
coppola.inf.ed.ac.uk#5679740349548917760 roll 2
DICE 3 2 4 2 1 4 4 
coppola.inf.ed.ac.uk#5679740349548917760 roll 2
coppola.inf.ed.ac.uk#5679740349548917760 roll 2
DICE 2 2 2 1 5 4 
coppola.inf.ed.ac.uk#5679740349548917760 endattack
coppola.inf.ed.ac.uk#5679740349548917760 movearmies 22 21 4
CARD 
coppola.inf.ed.ac.uk#5679740349548917760 placearmies 5 1
coppola.inf.ed.ac.uk#5679740349548917760 placearmies 5 1
coppola.inf.ed.ac.uk#5679740349548917760 placearmies 5 1
coppola.inf.ed.ac.uk#5679740349548917760 placearmies 5 1
coppola.inf.ed.ac.uk#5679740349548917760 placearmies 5 1
coppola.inf.ed.ac.uk#5679740349548917760 attack 5 9
coppola.inf.ed.ac.uk#5679740349548917760 roll 3
coppola.inf.ed.ac.uk#5679740349548917760 roll 1
DICE 3 1 3 2 1 0 
coppola.inf.ed.ac.uk#5679740349548917760 move all
coppola.inf.ed.ac.uk#5679740349548917760 attack 9 4
coppola.inf.ed.ac.uk#5679740349548917760 roll 3
coppola.inf.ed.ac.uk#5679740349548917760 roll 1
DICE 3 1 1 1 0 2 
coppola.inf.ed.ac.uk#5679740349548917760 roll 3
coppola.inf.ed.ac.uk#5679740349548917760 roll 1
DICE 3 1 5 3 1 3 
coppola.inf.ed.ac.uk#5679740349548917760 move all
coppola.inf.ed.ac.uk#5679740349548917760 attack 4 3
coppola.inf.ed.ac.uk#5679740349548917760 roll 3
coppola.inf.ed.ac.uk#5679740349548917760 roll 2
DICE 3 2 3 1 0 5 5 
coppola.inf.ed.ac.uk#5679740349548917760 roll 1
coppola.inf.ed.ac.uk#5679740349548917760 roll 2
DICE 1 2 5 5 1 
coppola.inf.ed.ac.uk#5679740349548917760 endattack
coppola.inf.ed.ac.uk#5679740349548917760 nomove
CARD 6
coppola.inf.ed.ac.uk#5679740349548917760 placearmies 29 1
coppola.inf.ed.ac.uk#5679740349548917760 placearmies 29 1
coppola.inf.ed.ac.uk#5679740349548917760 placearmies 29 1
coppola.inf.ed.ac.uk#5679740349548917760 placearmies 29 1
coppola.inf.ed.ac.uk#5679740349548917760 attack 29 33
coppola.inf.ed.ac.uk#5679740349548917760 roll 3
coppola.inf.ed.ac.uk#5679740349548917760 roll 2
DICE 3 2 4 1 0 3 1 
coppola.inf.ed.ac.uk#5679740349548917760 roll 3
coppola.inf.ed.ac.uk#5679740349548917760 roll 2
DICE 3 2 3 1 0 4 3 
coppola.inf.ed.ac.uk#5679740349548917760 roll 1
coppola.inf.ed.ac.uk#5679740349548917760 roll 2
DICE 1 2 4 5 4 
coppola.inf.ed.ac.uk#5679740349548917760 endattack
coppola.inf.ed.ac.uk#5679740349548917760 movearmies 35 27 2
CARD 
coppola.inf.ed.ac.uk#5679740349548917760 placearmies 3 1
coppola.inf.ed.ac.uk#5679740349548917760 placearmies 3 1
coppola.inf.ed.ac.uk#5679740349548917760 placearmies 12 1
coppola.inf.ed.ac.uk#5679740349548917760 placearmies 12 1
coppola.inf.ed.ac.uk#5679740349548917760 placearmies 12 1
coppola.inf.ed.ac.uk#5679740349548917760 attack 12 21
coppola.inf.ed.ac.uk#5679740349548917760 roll 3
coppola.inf.ed.ac.uk#5679740349548917760 roll 2
DICE 3 2 3 2 0 2 1 
coppola.inf.ed.ac.uk#5679740349548917760 roll 3
coppola.inf.ed.ac.uk#5679740349548917760 roll 2
DICE 3 2 4 1 0 3 2 
coppola.inf.ed.ac.uk#5679740349548917760 roll 3
coppola.inf.ed.ac.uk#5679740349548917760 roll 2
DICE 3 2 4 2 0 4 1 
coppola.inf.ed.ac.uk#5679740349548917760 roll 3
coppola.inf.ed.ac.uk#5679740349548917760 roll 1
DICE 3 1 3 1 0 1 
coppola.inf.ed.ac.uk#5679740349548917760 attack 3 4
coppola.inf.ed.ac.uk#5679740349548917760 retreat
coppola.inf.ed.ac.uk#5679740349548917760 attack 3 4
coppola.inf.ed.ac.uk#5679740349548917760 roll 1
coppola.inf.ed.ac.uk#5679740349548917760 roll 1
DICE 1 1 3 0 
coppola.inf.ed.ac.uk#5679740349548917760 move 1
coppola.inf.ed.ac.uk#5679740349548917760 attack 3 2
coppola.inf.ed.ac.uk#5679740349548917760 roll 1
coppola.inf.ed.ac.uk#5679740349548917760 roll 1
DICE 1 1 2 0 
coppola.inf.ed.ac.uk#5679740349548917760 move 1
coppola.inf.ed.ac.uk#5679740349548917760 endattack
coppola.inf.ed.ac.uk#5679740349548917760 nomove
CARD 9
coppola.inf.ed.ac.uk#5679740349548917760 placearmies 32 1
coppola.inf.ed.ac.uk#5679740349548917760 placearmies 22 1
coppola.inf.ed.ac.uk#5679740349548917760 placearmies 22 1
coppola.inf.ed.ac.uk#5679740349548917760 attack 22 21
coppola.inf.ed.ac.uk#5679740349548917760 roll 3
coppola.inf.ed.ac.uk#5679740349548917760 roll 2
DICE 3 2 3 2 1 5 0 
coppola.inf.ed.ac.uk#5679740349548917760 roll 3
coppola.inf.ed.ac.uk#5679740349548917760 roll 2
DICE 3 2 5 4 3 5 1 
coppola.inf.ed.ac.uk#5679740349548917760 roll 2
coppola.inf.ed.ac.uk#5679740349548917760 roll 1
DICE 2 1 3 3 0 
coppola.inf.ed.ac.uk#5679740349548917760 move 2
coppola.inf.ed.ac.uk#5679740349548917760 endattack
coppola.inf.ed.ac.uk#5679740349548917760 nomove
CARD 33
coppola.inf.ed.ac.uk#5679740349548917760 placearmies 9 1
coppola.inf.ed.ac.uk#5679740349548917760 placearmies 9 1
coppola.inf.ed.ac.uk#5679740349548917760 placearmies 9 1
coppola.inf.ed.ac.uk#5679740349548917760 placearmies 9 1
coppola.inf.ed.ac.uk#5679740349548917760 placearmies 9 1
coppola.inf.ed.ac.uk#5679740349548917760 attack 9 4
coppola.inf.ed.ac.uk#5679740349548917760 roll 1
coppola.inf.ed.ac.uk#5679740349548917760 roll 1
DICE 1 1 4 3 
coppola.inf.ed.ac.uk#5679740349548917760 move all
coppola.inf.ed.ac.uk#5679740349548917760 attack 4 7
coppola.inf.ed.ac.uk#5679740349548917760 roll 1
coppola.inf.ed.ac.uk#5679740349548917760 roll 1
DICE 1 1 2 0 
coppola.inf.ed.ac.uk#5679740349548917760 move all
coppola.inf.ed.ac.uk#5679740349548917760 attack 7 8
coppola.inf.ed.ac.uk#5679740349548917760 roll 1
coppola.inf.ed.ac.uk#5679740349548917760 roll 1
DICE 1 1 1 4 
coppola.inf.ed.ac.uk#5679740349548917760 roll 1
coppola.inf.ed.ac.uk#5679740349548917760 roll 1
DICE 1 1 2 2 
coppola.inf.ed.ac.uk#5679740349548917760 roll 1
coppola.inf.ed.ac.uk#5679740349548917760 roll 1
DICE 1 1 4 0 
coppola.inf.ed.ac.uk#5679740349548917760 endattack
coppola.inf.ed.ac.uk#5679740349548917760 movearmies 41 39 3
CARD 22
coppola.inf.ed.ac.uk#5679740349548917760 placearmies 30 1
coppola.inf.ed.ac.uk#5679740349548917760 placearmies 30 1
coppola.inf.ed.ac.uk#5679740349548917760 placearmies 30 1
coppola.inf.ed.ac.uk#5679740349548917760 placearmies 30 1
coppola.inf.ed.ac.uk#5679740349548917760 attack 30 32
coppola.inf.ed.ac.uk#5679740349548917760 roll 3
coppola.inf.ed.ac.uk#5679740349548917760 roll 2
DICE 3 2 5 2 1 2 1 
coppola.inf.ed.ac.uk#5679740349548917760 roll 1
coppola.inf.ed.ac.uk#5679740349548917760 roll 1
DICE 1 1 5 1 
coppola.inf.ed.ac.uk#5679740349548917760 move all
coppola.inf.ed.ac.uk#5679740349548917760 attack 32 31
coppola.inf.ed.ac.uk#5679740349548917760 roll 2
coppola.inf.ed.ac.uk#5679740349548917760 roll 2
DICE 2 2 4 1 0 0 
coppola.inf.ed.ac.uk#5679740349548917760 move all
coppola.inf.ed.ac.uk#5679740349548917760 attack 31 22
coppola.inf.ed.ac.uk#5679740349548917760 roll 2
coppola.inf.ed.ac.uk#5679740349548917760 roll 2
DICE 2 2 2 1 2 0 
coppola.inf.ed.ac.uk#5679740349548917760 roll 1
coppola.inf.ed.ac.uk#5679740349548917760 roll 2
DICE 1 2 4 4 0 
coppola.inf.ed.ac.uk#5679740349548917760 endattack
coppola.inf.ed.ac.uk#5679740349548917760 movearmies 38 1 2
CARD 27
coppola.inf.ed.ac.uk#5679740349548917760 placearmies 12 1
coppola.inf.ed.ac.uk#5679740349548917760 placearmies 12 1
coppola.inf.ed.ac.uk#5679740349548917760 placearmies 12 1
coppola.inf.ed.ac.uk#5679740349548917760 placearmies 3 1
coppola.inf.ed.ac.uk#5679740349548917760 placearmies 12 1
coppola.inf.ed.ac.uk#5679740349548917760 attack 12 21
coppola.inf.ed.ac.uk#5679740349548917760 roll 3
coppola.inf.ed.ac.uk#5679740349548917760 roll 2
DICE 3 2 4 4 2 5 1 
coppola.inf.ed.ac.uk#5679740349548917760 roll 3
coppola.inf.ed.ac.uk#5679740349548917760 roll 1
DICE 3 1 5 1 0 3 
coppola.inf.ed.ac.uk#5679740349548917760 attack 3 4
coppola.inf.ed.ac.uk#5679740349548917760 roll 3
coppola.inf.ed.ac.uk#5679740349548917760 roll 1
DICE 3 1 5 4 4 5 
coppola.inf.ed.ac.uk#5679740349548917760 roll 2
coppola.inf.ed.ac.uk#5679740349548917760 roll 1
DICE 2 1 5 4 2 
coppola.inf.ed.ac.uk#5679740349548917760 attack 4 5
coppola.inf.ed.ac.uk#5679740349548917760 retreat
coppola.inf.ed.ac.uk#5679740349548917760 attack 4 9
coppola.inf.ed.ac.uk#5679740349548917760 roll 1
coppola.inf.ed.ac.uk#5679740349548917760 roll 1
DICE 1 1 3 2 
coppola.inf.ed.ac.uk#5679740349548917760 endattack
coppola.inf.ed.ac.uk#5679740349548917760 nomove
CARD 35
coppola.inf.ed.ac.uk#5679740349548917760 placearmies 24 1
coppola.inf.ed.ac.uk#5679740349548917760 placearmies 23 1
coppola.inf.ed.ac.uk#5679740349548917760 placearmies 22 1
coppola.inf.ed.ac.uk#5679740349548917760 attack 23 21
coppola.inf.ed.ac.uk#5679740349548917760 roll 1
coppola.inf.ed.ac.uk#5679740349548917760 roll 2
DICE 1 2 5 5 3 
coppola.inf.ed.ac.uk#5679740349548917760 attack 24 21
coppola.inf.ed.ac.uk#5679740349548917760 roll 1
coppola.inf.ed.ac.uk#5679740349548917760 roll 2
DICE 1 2 0 4 3 
coppola.inf.ed.ac.uk#5679740349548917760 endattack
coppola.inf.ed.ac.uk#5679740349548917760 nomove
CARD 
coppola.inf.ed.ac.uk#5679740349548917760 placearmies 8 1
coppola.inf.ed.ac.uk#5679740349548917760 placearmies 8 1
coppola.inf.ed.ac.uk#5679740349548917760 placearmies 8 1
coppola.inf.ed.ac.uk#5679740349548917760 placearmies 8 1
coppola.inf.ed.ac.uk#5679740349548917760 placearmies 8 1
coppola.inf.ed.ac.uk#5679740349548917760 attack 8 6
coppola.inf.ed.ac.uk#5679740349548917760 roll 1
coppola.inf.ed.ac.uk#5679740349548917760 roll 1
DICE 1 1 3 2 
coppola.inf.ed.ac.uk#5679740349548917760 move all
coppola.inf.ed.ac.uk#5679740349548917760 attack 6 14
coppola.inf.ed.ac.uk#5679740349548917760 roll 1
coppola.inf.ed.ac.uk#5679740349548917760 roll 1
DICE 1 1 2 0 
coppola.inf.ed.ac.uk#5679740349548917760 move all
coppola.inf.ed.ac.uk#5679740349548917760 attack 14 17
coppola.inf.ed.ac.uk#5679740349548917760 roll 1
coppola.inf.ed.ac.uk#5679740349548917760 roll 1
DICE 1 1 5 2 
coppola.inf.ed.ac.uk#5679740349548917760 move all
coppola.inf.ed.ac.uk#5679740349548917760 attack 17 15
coppola.inf.ed.ac.uk#5679740349548917760 roll 1
coppola.inf.ed.ac.uk#5679740349548917760 roll 1
DICE 1 1 4 5 
coppola.inf.ed.ac.uk#5679740349548917760 roll 1
coppola.inf.ed.ac.uk#5679740349548917760 roll 1
DICE 1 1 4 1 
coppola.inf.ed.ac.uk#5679740349548917760 endattack
coppola.inf.ed.ac.uk#5679740349548917760 movearmies 42 40 2
CARD wildcard
coppola.inf.ed.ac.uk#5679740349548917760 placearmies 32 1
coppola.inf.ed.ac.uk#5679740349548917760 placearmies 32 1
coppola.inf.ed.ac.uk#5679740349548917760 placearmies 32 1
coppola.inf.ed.ac.uk#5679740349548917760 placearmies 32 1
coppola.inf.ed.ac.uk#5679740349548917760 placearmies 32 1
coppola.inf.ed.ac.uk#5679740349548917760 attack 32 33
coppola.inf.ed.ac.uk#5679740349548917760 roll 2
coppola.inf.ed.ac.uk#5679740349548917760 roll 2
DICE 2 2 0 0 5 3 
coppola.inf.ed.ac.uk#5679740349548917760 roll 2
coppola.inf.ed.ac.uk#5679740349548917760 roll 2
DICE 2 2 4 0 5 2 
coppola.inf.ed.ac.uk#5679740349548917760 roll 1
coppola.inf.ed.ac.uk#5679740349548917760 roll 2
DICE 1 2 1 4 1 
coppola.inf.ed.ac.uk#5679740349548917760 endattack
coppola.inf.ed.ac.uk#5679740349548917760 movearmies 27 29 2
CARD 
coppola.inf.ed.ac.uk#5679740349548917760 placearmies 9 1
coppola.inf.ed.ac.uk#5679740349548917760 placearmies 9 1
coppola.inf.ed.ac.uk#5679740349548917760 placearmies 2 1
coppola.inf.ed.ac.uk#5679740349548917760 placearmies 2 1
coppola.inf.ed.ac.uk#5679740349548917760 placearmies 9 1
coppola.inf.ed.ac.uk#5679740349548917760 attack 9 5
coppola.inf.ed.ac.uk#5679740349548917760 roll 1
coppola.inf.ed.ac.uk#5679740349548917760 roll 1
DICE 1 1 1 0 
coppola.inf.ed.ac.uk#5679740349548917760 move 1
coppola.inf.ed.ac.uk#5679740349548917760 attack 9 7
coppola.inf.ed.ac.uk#5679740349548917760 roll 1
coppola.inf.ed.ac.uk#5679740349548917760 roll 1
DICE 1 1 3 4 
coppola.inf.ed.ac.uk#5679740349548917760 roll 1
coppola.inf.ed.ac.uk#5679740349548917760 roll 1
DICE 1 1 5 3 
coppola.inf.ed.ac.uk#5679740349548917760 attack 2 6
coppola.inf.ed.ac.uk#5679740349548917760 roll 1
coppola.inf.ed.ac.uk#5679740349548917760 roll 1
DICE 1 1 2 4 
coppola.inf.ed.ac.uk#5679740349548917760 roll 1
coppola.inf.ed.ac.uk#5679740349548917760 roll 1
DICE 1 1 2 1 
coppola.inf.ed.ac.uk#5679740349548917760 attack 21 23
coppola.inf.ed.ac.uk#5679740349548917760 roll 1
coppola.inf.ed.ac.uk#5679740349548917760 roll 1
DICE 1 1 0 5 
coppola.inf.ed.ac.uk#5679740349548917760 roll 1
coppola.inf.ed.ac.uk#5679740349548917760 roll 1
DICE 1 1 2 4 
coppola.inf.ed.ac.uk#5679740349548917760 endattack
coppola.inf.ed.ac.uk#5679740349548917760 nomove
CARD 25
coppola.inf.ed.ac.uk#5679740349548917760 placearmies 22 1
coppola.inf.ed.ac.uk#5679740349548917760 placearmies 22 1
coppola.inf.ed.ac.uk#5679740349548917760 placearmies 22 1
coppola.inf.ed.ac.uk#5679740349548917760 attack 22 21
coppola.inf.ed.ac.uk#5679740349548917760 roll 3
coppola.inf.ed.ac.uk#5679740349548917760 roll 1
DICE 3 1 5 4 1 2 
coppola.inf.ed.ac.uk#5679740349548917760 move 3
coppola.inf.ed.ac.uk#5679740349548917760 endattack
coppola.inf.ed.ac.uk#5679740349548917760 nomove
CARD 14
coppola.inf.ed.ac.uk#5679740349548917760 trade 40 wildcard 22
coppola.inf.ed.ac.uk#5679740349548917760 placearmies 15 1
coppola.inf.ed.ac.uk#5679740349548917760 placearmies 15 1
coppola.inf.ed.ac.uk#5679740349548917760 placearmies 15 1
coppola.inf.ed.ac.uk#5679740349548917760 placearmies 15 1
coppola.inf.ed.ac.uk#5679740349548917760 placearmies 15 1
coppola.inf.ed.ac.uk#5679740349548917760 placearmies 15 1
coppola.inf.ed.ac.uk#5679740349548917760 placearmies 15 1
coppola.inf.ed.ac.uk#5679740349548917760 placearmies 15 1
coppola.inf.ed.ac.uk#5679740349548917760 placearmies 15 1
coppola.inf.ed.ac.uk#5679740349548917760 placearmies 15 1
coppola.inf.ed.ac.uk#5679740349548917760 placearmies 15 1
coppola.inf.ed.ac.uk#5679740349548917760 placearmies 15 1
coppola.inf.ed.ac.uk#5679740349548917760 placearmies 15 1
coppola.inf.ed.ac.uk#5679740349548917760 placearmies 15 1
coppola.inf.ed.ac.uk#5679740349548917760 placearmies 15 1
coppola.inf.ed.ac.uk#5679740349548917760 attack 15 16
coppola.inf.ed.ac.uk#5679740349548917760 roll 1
coppola.inf.ed.ac.uk#5679740349548917760 roll 1
DICE 1 1 0 2 
coppola.inf.ed.ac.uk#5679740349548917760 roll 1
coppola.inf.ed.ac.uk#5679740349548917760 roll 1
DICE 1 1 1 5 
coppola.inf.ed.ac.uk#5679740349548917760 roll 1
coppola.inf.ed.ac.uk#5679740349548917760 roll 1
DICE 1 1 4 3 
coppola.inf.ed.ac.uk#5679740349548917760 move all
coppola.inf.ed.ac.uk#5679740349548917760 attack 16 18
coppola.inf.ed.ac.uk#5679740349548917760 roll 1
coppola.inf.ed.ac.uk#5679740349548917760 roll 1
DICE 1 1 0 2 
coppola.inf.ed.ac.uk#5679740349548917760 roll 1
coppola.inf.ed.ac.uk#5679740349548917760 roll 1
DICE 1 1 3 0 
coppola.inf.ed.ac.uk#5679740349548917760 move all
coppola.inf.ed.ac.uk#5679740349548917760 attack 18 20
coppola.inf.ed.ac.uk#5679740349548917760 retreat
coppola.inf.ed.ac.uk#5679740349548917760 attack 18 19
coppola.inf.ed.ac.uk#5679740349548917760 roll 1
coppola.inf.ed.ac.uk#5679740349548917760 roll 1
DICE 1 1 4 0 
coppola.inf.ed.ac.uk#5679740349548917760 move all
coppola.inf.ed.ac.uk#5679740349548917760 attack 19 20
coppola.inf.ed.ac.uk#5679740349548917760 roll 1
coppola.inf.ed.ac.uk#5679740349548917760 roll 1
DICE 1 1 3 0 
coppola.inf.ed.ac.uk#5679740349548917760 move all
coppola.inf.ed.ac.uk#5679740349548917760 attack 20 22
coppola.inf.ed.ac.uk#5679740349548917760 roll 1
coppola.inf.ed.ac.uk#5679740349548917760 roll 2
DICE 1 2 5 4 0 
coppola.inf.ed.ac.uk#5679740349548917760 roll 3
coppola.inf.ed.ac.uk#5679740349548917760 roll 2
DICE 3 2 2 2 0 4 0 
coppola.inf.ed.ac.uk#5679740349548917760 roll 3
coppola.inf.ed.ac.uk#5679740349548917760 roll 1
DICE 3 1 5 4 0 0 
coppola.inf.ed.ac.uk#5679740349548917760 move all
coppola.inf.ed.ac.uk#5679740349548917760 attack 22 24
coppola.inf.ed.ac.uk#5679740349548917760 roll 1
coppola.inf.ed.ac.uk#5679740349548917760 roll 1
DICE 1 1 3 1 
coppola.inf.ed.ac.uk#5679740349548917760 move all
coppola.inf.ed.ac.uk#5679740349548917760 attack 24 26
coppola.inf.ed.ac.uk#5679740349548917760 roll 1
coppola.inf.ed.ac.uk#5679740349548917760 roll 1
DICE 1 1 2 0 
coppola.inf.ed.ac.uk#5679740349548917760 move all
coppola.inf.ed.ac.uk#5679740349548917760 attack 26 25
coppola.inf.ed.ac.uk#5679740349548917760 roll 1
coppola.inf.ed.ac.uk#5679740349548917760 roll 1
DICE 1 1 4 0 
coppola.inf.ed.ac.uk#5679740349548917760 move all
coppola.inf.ed.ac.uk#5679740349548917760 attack 25 23
coppola.inf.ed.ac.uk#5679740349548917760 roll 1
coppola.inf.ed.ac.uk#5679740349548917760 roll 1
DICE 1 1 2 5 
coppola.inf.ed.ac.uk#5679740349548917760 roll 1
coppola.inf.ed.ac.uk#5679740349548917760 roll 1
DICE 1 1 5 4 
coppola.inf.ed.ac.uk#5679740349548917760 move all
coppola.inf.ed.ac.uk#5679740349548917760 attack 23 21
coppola.inf.ed.ac.uk#5679740349548917760 roll 1
coppola.inf.ed.ac.uk#5679740349548917760 roll 2
DICE 1 2 4 5 4 
coppola.inf.ed.ac.uk#5679740349548917760 endattack
coppola.inf.ed.ac.uk#5679740349548917760 movearmies 40 39 6
CARD 37
coppola.inf.ed.ac.uk#5679740349548917760 placearmies 32 1
coppola.inf.ed.ac.uk#5679740349548917760 placearmies 32 1
coppola.inf.ed.ac.uk#5679740349548917760 placearmies 32 1
coppola.inf.ed.ac.uk#5679740349548917760 placearmies 32 1
coppola.inf.ed.ac.uk#5679740349548917760 attack 32 33
coppola.inf.ed.ac.uk#5679740349548917760 roll 3
coppola.inf.ed.ac.uk#5679740349548917760 roll 2
DICE 3 2 4 3 2 1 0 
coppola.inf.ed.ac.uk#5679740349548917760 move all
coppola.inf.ed.ac.uk#5679740349548917760 attack 33 39
coppola.inf.ed.ac.uk#5679740349548917760 roll 3
coppola.inf.ed.ac.uk#5679740349548917760 roll 2
DICE 3 2 3 3 2 4 0 
coppola.inf.ed.ac.uk#5679740349548917760 roll 2
coppola.inf.ed.ac.uk#5679740349548917760 roll 2
DICE 2 2 4 3 3 2 
coppola.inf.ed.ac.uk#5679740349548917760 roll 2
coppola.inf.ed.ac.uk#5679740349548917760 roll 2
DICE 2 2 5 0 4 0 
coppola.inf.ed.ac.uk#5679740349548917760 roll 1
coppola.inf.ed.ac.uk#5679740349548917760 roll 2
DICE 1 2 4 5 2 
coppola.inf.ed.ac.uk#5679740349548917760 endattack
coppola.inf.ed.ac.uk#5679740349548917760 movearmies 29 33 2
CARD 1
coppola.inf.ed.ac.uk#5679740349548917760 trade 15 9 25
coppola.inf.ed.ac.uk#5679740349548917760 placearmies 2 1
coppola.inf.ed.ac.uk#5679740349548917760 placearmies 2 1
coppola.inf.ed.ac.uk#5679740349548917760 placearmies 12 1
coppola.inf.ed.ac.uk#5679740349548917760 placearmies 9 1
coppola.inf.ed.ac.uk#5679740349548917760 placearmies 12 1
coppola.inf.ed.ac.uk#5679740349548917760 placearmies 12 1
coppola.inf.ed.ac.uk#5679740349548917760 placearmies 6 1
coppola.inf.ed.ac.uk#5679740349548917760 placearmies 6 1
coppola.inf.ed.ac.uk#5679740349548917760 placearmies 6 1
coppola.inf.ed.ac.uk#5679740349548917760 placearmies 6 1
coppola.inf.ed.ac.uk#5679740349548917760 placearmies 2 1
coppola.inf.ed.ac.uk#5679740349548917760 placearmies 2 1
coppola.inf.ed.ac.uk#5679740349548917760 placearmies 12 1
coppola.inf.ed.ac.uk#5679740349548917760 attack 12 21
coppola.inf.ed.ac.uk#5679740349548917760 roll 3
coppola.inf.ed.ac.uk#5679740349548917760 roll 2
DICE 3 2 5 3 1 4 3 
coppola.inf.ed.ac.uk#5679740349548917760 roll 3
coppola.inf.ed.ac.uk#5679740349548917760 roll 2
DICE 3 2 5 4 0 0 0 
coppola.inf.ed.ac.uk#5679740349548917760 attack 6 14
coppola.inf.ed.ac.uk#5679740349548917760 roll 3
coppola.inf.ed.ac.uk#5679740349548917760 roll 1
DICE 3 1 4 4 3 3 
coppola.inf.ed.ac.uk#5679740349548917760 move all
coppola.inf.ed.ac.uk#5679740349548917760 attack 9 8
coppola.inf.ed.ac.uk#5679740349548917760 roll 3
coppola.inf.ed.ac.uk#5679740349548917760 roll 1
DICE 3 1 3 2 1 4 
coppola.inf.ed.ac.uk#5679740349548917760 roll 2
coppola.inf.ed.ac.uk#5679740349548917760 roll 1
DICE 2 1 1 1 3 
coppola.inf.ed.ac.uk#5679740349548917760 roll 1
coppola.inf.ed.ac.uk#5679740349548917760 roll 1
DICE 1 1 2 2 
coppola.inf.ed.ac.uk#5679740349548917760 attack 2 1
coppola.inf.ed.ac.uk#5679740349548917760 roll 3
coppola.inf.ed.ac.uk#5679740349548917760 roll 2
DICE 3 2 4 3 0 1 0 
coppola.inf.ed.ac.uk#5679740349548917760 roll 3
coppola.inf.ed.ac.uk#5679740349548917760 roll 1
DICE 3 1 4 0 0 3 
coppola.inf.ed.ac.uk#5679740349548917760 move all
coppola.inf.ed.ac.uk#5679740349548917760 endattack
coppola.inf.ed.ac.uk#5679740349548917760 movearmies 13 12 2
CARD 13
coppola.inf.ed.ac.uk#5679740349548917760 placearmies 17 1
coppola.inf.ed.ac.uk#5679740349548917760 placearmies 17 1
coppola.inf.ed.ac.uk#5679740349548917760 placearmies 17 1
coppola.inf.ed.ac.uk#5679740349548917760 placearmies 8 1
coppola.inf.ed.ac.uk#5679740349548917760 placearmies 8 1
coppola.inf.ed.ac.uk#5679740349548917760 placearmies 22 1
coppola.inf.ed.ac.uk#5679740349548917760 placearmies 22 1
coppola.inf.ed.ac.uk#5679740349548917760 attack 8 6
coppola.inf.ed.ac.uk#5679740349548917760 roll 1
coppola.inf.ed.ac.uk#5679740349548917760 roll 1
DICE 1 1 1 3 
coppola.inf.ed.ac.uk#5679740349548917760 roll 1
coppola.inf.ed.ac.uk#5679740349548917760 roll 1
DICE 1 1 5 0 
coppola.inf.ed.ac.uk#5679740349548917760 attack 17 14
coppola.inf.ed.ac.uk#5679740349548917760 roll 3
coppola.inf.ed.ac.uk#5679740349548917760 roll 2
DICE 3 2 1 1 0 5 1 
coppola.inf.ed.ac.uk#5679740349548917760 roll 1
coppola.inf.ed.ac.uk#5679740349548917760 roll 2
DICE 1 2 3 0 0 
coppola.inf.ed.ac.uk#5679740349548917760 roll 1
coppola.inf.ed.ac.uk#5679740349548917760 roll 2
DICE 1 2 2 5 0 
coppola.inf.ed.ac.uk#5679740349548917760 endattack
coppola.inf.ed.ac.uk#5679740349548917760 nomove
CARD wildcard
coppola.inf.ed.ac.uk#5679740349548917760 placearmies 38 1
coppola.inf.ed.ac.uk#5679740349548917760 placearmies 38 1
coppola.inf.ed.ac.uk#5679740349548917760 placearmies 38 1
coppola.inf.ed.ac.uk#5679740349548917760 placearmies 38 1
coppola.inf.ed.ac.uk#5679740349548917760 placearmies 38 1
coppola.inf.ed.ac.uk#5679740349548917760 placearmies 38 1
coppola.inf.ed.ac.uk#5679740349548917760 placearmies 38 1
coppola.inf.ed.ac.uk#5679740349548917760 placearmies 38 1
coppola.inf.ed.ac.uk#5679740349548917760 placearmies 38 1
coppola.inf.ed.ac.uk#5679740349548917760 placearmies 38 1
coppola.inf.ed.ac.uk#5679740349548917760 placearmies 38 1
coppola.inf.ed.ac.uk#5679740349548917760 attack 38 1
coppola.inf.ed.ac.uk#5679740349548917760 roll 3
coppola.inf.ed.ac.uk#5679740349548917760 roll 2
DICE 3 2 4 4 3 4 1 
coppola.inf.ed.ac.uk#5679740349548917760 roll 3
coppola.inf.ed.ac.uk#5679740349548917760 roll 2
DICE 3 2 4 2 0 5 4 
coppola.inf.ed.ac.uk#5679740349548917760 roll 3
coppola.inf.ed.ac.uk#5679740349548917760 roll 2
DICE 3 2 5 3 1 2 0 
coppola.inf.ed.ac.uk#5679740349548917760 roll 3
coppola.inf.ed.ac.uk#5679740349548917760 roll 1
DICE 3 1 2 1 0 3 
coppola.inf.ed.ac.uk#5679740349548917760 roll 3
coppola.inf.ed.ac.uk#5679740349548917760 roll 1
DICE 3 1 5 5 3 5 
coppola.inf.ed.ac.uk#5679740349548917760 roll 3
coppola.inf.ed.ac.uk#5679740349548917760 roll 1
DICE 3 1 5 4 0 4 
coppola.inf.ed.ac.uk#5679740349548917760 move all
coppola.inf.ed.ac.uk#5679740349548917760 attack 1 2
coppola.inf.ed.ac.uk#5679740349548917760 roll 1
coppola.inf.ed.ac.uk#5679740349548917760 roll 1
DICE 1 1 2 4 
coppola.inf.ed.ac.uk#5679740349548917760 roll 1
coppola.inf.ed.ac.uk#5679740349548917760 roll 1
DICE 1 1 0 3 
coppola.inf.ed.ac.uk#5679740349548917760 roll 3
coppola.inf.ed.ac.uk#5679740349548917760 roll 1
DICE 3 1 4 3 1 0 
coppola.inf.ed.ac.uk#5679740349548917760 attack 2 3
coppola.inf.ed.ac.uk#5679740349548917760 roll 2
coppola.inf.ed.ac.uk#5679740349548917760 roll 1
DICE 2 1 4 1 4 
coppola.inf.ed.ac.uk#5679740349548917760 roll 1
coppola.inf.ed.ac.uk#5679740349548917760 roll 1
DICE 1 1 0 4 
coppola.inf.ed.ac.uk#5679740349548917760 endattack
coppola.inf.ed.ac.uk#5679740349548917760 movearmies 34 38 1
CARD 41
coppola.inf.ed.ac.uk#5679740349548917760 trade 13 33 17
coppola.inf.ed.ac.uk#5679740349548917760 trade 14 35 19
coppola.inf.ed.ac.uk#5679740349548917760 placearmies 21 1
coppola.inf.ed.ac.uk#5679740349548917760 placearmies 21 1
coppola.inf.ed.ac.uk#5679740349548917760 placearmies 21 1
coppola.inf.ed.ac.uk#5679740349548917760 placearmies 21 1
coppola.inf.ed.ac.uk#5679740349548917760 placearmies 21 1
coppola.inf.ed.ac.uk#5679740349548917760 placearmies 21 1
coppola.inf.ed.ac.uk#5679740349548917760 placearmies 21 1
coppola.inf.ed.ac.uk#5679740349548917760 placearmies 21 1
coppola.inf.ed.ac.uk#5679740349548917760 placearmies 21 1
coppola.inf.ed.ac.uk#5679740349548917760 placearmies 21 1
coppola.inf.ed.ac.uk#5679740349548917760 placearmies 21 1
coppola.inf.ed.ac.uk#5679740349548917760 placearmies 21 1
coppola.inf.ed.ac.uk#5679740349548917760 placearmies 3 1
coppola.inf.ed.ac.uk#5679740349548917760 placearmies 3 1
coppola.inf.ed.ac.uk#5679740349548917760 placearmies 3 1
coppola.inf.ed.ac.uk#5679740349548917760 placearmies 3 1
coppola.inf.ed.ac.uk#5679740349548917760 placearmies 9 1
coppola.inf.ed.ac.uk#5679740349548917760 placearmies 9 1
coppola.inf.ed.ac.uk#5679740349548917760 placearmies 9 1
coppola.inf.ed.ac.uk#5679740349548917760 attack 9 8
coppola.inf.ed.ac.uk#5679740349548917760 roll 3
coppola.inf.ed.ac.uk#5679740349548917760 roll 1
DICE 3 1 5 3 2 3 
coppola.inf.ed.ac.uk#5679740349548917760 attack 8 6
coppola.inf.ed.ac.uk#5679740349548917760 roll 2
coppola.inf.ed.ac.uk#5679740349548917760 roll 1
DICE 2 1 4 0 3 
coppola.inf.ed.ac.uk#5679740349548917760 attack 3 2
coppola.inf.ed.ac.uk#5679740349548917760 roll 2
coppola.inf.ed.ac.uk#5679740349548917760 roll 1
DICE 2 1 3 0 5 
coppola.inf.ed.ac.uk#5679740349548917760 roll 3
coppola.inf.ed.ac.uk#5679740349548917760 roll 1
DICE 3 1 3 1 0 2 
coppola.inf.ed.ac.uk#5679740349548917760 attack 2 1
coppola.inf.ed.ac.uk#5679740349548917760 roll 2
coppola.inf.ed.ac.uk#5679740349548917760 roll 1
DICE 2 1 4 0 5 
coppola.inf.ed.ac.uk#5679740349548917760 roll 1
coppola.inf.ed.ac.uk#5679740349548917760 roll 1
DICE 1 1 5 4 
coppola.inf.ed.ac.uk#5679740349548917760 attack 21 23
coppola.inf.ed.ac.uk#5679740349548917760 roll 3
coppola.inf.ed.ac.uk#5679740349548917760 roll 1
DICE 3 1 5 2 0 2 
coppola.inf.ed.ac.uk#5679740349548917760 move all
coppola.inf.ed.ac.uk#5679740349548917760 attack 23 25
coppola.inf.ed.ac.uk#5679740349548917760 roll 3
coppola.inf.ed.ac.uk#5679740349548917760 roll 1
DICE 3 1 2 1 1 4 
coppola.inf.ed.ac.uk#5679740349548917760 roll 3
coppola.inf.ed.ac.uk#5679740349548917760 roll 1
DICE 3 1 5 4 1 0 
coppola.inf.ed.ac.uk#5679740349548917760 move 5
coppola.inf.ed.ac.uk#5679740349548917760 attack 23 24
coppola.inf.ed.ac.uk#5679740349548917760 roll 3
coppola.inf.ed.ac.uk#5679740349548917760 roll 1
DICE 3 1 4 1 0 5 
coppola.inf.ed.ac.uk#5679740349548917760 roll 3
coppola.inf.ed.ac.uk#5679740349548917760 roll 1
DICE 3 1 5 4 2 3 
coppola.inf.ed.ac.uk#5679740349548917760 move all
coppola.inf.ed.ac.uk#5679740349548917760 attack 24 22
coppola.inf.ed.ac.uk#5679740349548917760 roll 3
coppola.inf.ed.ac.uk#5679740349548917760 roll 2
DICE 3 2 2 0 0 4 0 
coppola.inf.ed.ac.uk#5679740349548917760 roll 3
coppola.inf.ed.ac.uk#5679740349548917760 roll 2
DICE 3 2 5 2 1 3 0 
coppola.inf.ed.ac.uk#5679740349548917760 roll 3
coppola.inf.ed.ac.uk#5679740349548917760 roll 1
DICE 3 1 2 2 1 2 
coppola.inf.ed.ac.uk#5679740349548917760 roll 2
coppola.inf.ed.ac.uk#5679740349548917760 roll 1
DICE 2 1 5 4 4 
coppola.inf.ed.ac.uk#5679740349548917760 attack 22 31
coppola.inf.ed.ac.uk#5679740349548917760 roll 1
coppola.inf.ed.ac.uk#5679740349548917760 roll 1
DICE 1 1 2 5 
coppola.inf.ed.ac.uk#5679740349548917760 attack 14 17
coppola.inf.ed.ac.uk#5679740349548917760 roll 3
coppola.inf.ed.ac.uk#5679740349548917760 roll 1
DICE 3 1 5 1 1 4 
coppola.inf.ed.ac.uk#5679740349548917760 move all
coppola.inf.ed.ac.uk#5679740349548917760 attack 17 19
coppola.inf.ed.ac.uk#5679740349548917760 roll 3
coppola.inf.ed.ac.uk#5679740349548917760 roll 1
DICE 3 1 4 3 0 5 
coppola.inf.ed.ac.uk#5679740349548917760 roll 2
coppola.inf.ed.ac.uk#5679740349548917760 roll 1
DICE 2 1 5 0 3 
coppola.inf.ed.ac.uk#5679740349548917760 attack 19 18
coppola.inf.ed.ac.uk#5679740349548917760 roll 1
coppola.inf.ed.ac.uk#5679740349548917760 roll 1
DICE 1 1 3 4 
coppola.inf.ed.ac.uk#5679740349548917760 endattack
coppola.inf.ed.ac.uk#5679740349548917760 nomove
CARD 29
coppola.inf.ed.ac.uk#5679740349548917760 endtrade
coppola.inf.ed.ac.uk#5679740349548917760 placearmies 18 1
coppola.inf.ed.ac.uk#5679740349548917760 placearmies 18 1
coppola.inf.ed.ac.uk#5679740349548917760 placearmies 18 1
coppola.inf.ed.ac.uk#5679740349548917760 placearmies 18 1
coppola.inf.ed.ac.uk#5679740349548917760 placearmies 18 1
coppola.inf.ed.ac.uk#5679740349548917760 attack 18 17
coppola.inf.ed.ac.uk#5679740349548917760 retreat
coppola.inf.ed.ac.uk#5679740349548917760 attack 18 19
coppola.inf.ed.ac.uk#5679740349548917760 roll 1
coppola.inf.ed.ac.uk#5679740349548917760 roll 1
DICE 1 1 0 5 
coppola.inf.ed.ac.uk#5679740349548917760 roll 1
coppola.inf.ed.ac.uk#5679740349548917760 roll 1
DICE 1 1 4 0 
coppola.inf.ed.ac.uk#5679740349548917760 move all
coppola.inf.ed.ac.uk#5679740349548917760 attack 19 17
coppola.inf.ed.ac.uk#5679740349548917760 roll 3
coppola.inf.ed.ac.uk#5679740349548917760 roll 1
DICE 3 1 4 2 0 0 
coppola.inf.ed.ac.uk#5679740349548917760 endattack
coppola.inf.ed.ac.uk#5679740349548917760 nomove
CARD 42
coppola.inf.ed.ac.uk#5679740349548917760 trade 24 27 41
coppola.inf.ed.ac.uk#5679740349548917760 placearmies 33 1
coppola.inf.ed.ac.uk#5679740349548917760 placearmies 33 1
coppola.inf.ed.ac.uk#5679740349548917760 placearmies 33 1
coppola.inf.ed.ac.uk#5679740349548917760 placearmies 33 1
coppola.inf.ed.ac.uk#5679740349548917760 placearmies 33 1
coppola.inf.ed.ac.uk#5679740349548917760 placearmies 33 1
coppola.inf.ed.ac.uk#5679740349548917760 placearmies 33 1
coppola.inf.ed.ac.uk#5679740349548917760 placearmies 30 1
coppola.inf.ed.ac.uk#5679740349548917760 placearmies 28 1
coppola.inf.ed.ac.uk#5679740349548917760 placearmies 30 1
coppola.inf.ed.ac.uk#5679740349548917760 placearmies 28 1
coppola.inf.ed.ac.uk#5679740349548917760 placearmies 30 1
coppola.inf.ed.ac.uk#5679740349548917760 placearmies 28 1
coppola.inf.ed.ac.uk#5679740349548917760 placearmies 30 1
coppola.inf.ed.ac.uk#5679740349548917760 placearmies 28 1
coppola.inf.ed.ac.uk#5679740349548917760 placearmies 30 1
coppola.inf.ed.ac.uk#5679740349548917760 placearmies 28 1
coppola.inf.ed.ac.uk#5679740349548917760 placearmies 33 1
coppola.inf.ed.ac.uk#5679740349548917760 placearmies 33 1
coppola.inf.ed.ac.uk#5679740349548917760 attack 33 39
coppola.inf.ed.ac.uk#5679740349548917760 roll 3
coppola.inf.ed.ac.uk#5679740349548917760 roll 2
DICE 3 2 5 4 3 5 4 
coppola.inf.ed.ac.uk#5679740349548917760 roll 3
coppola.inf.ed.ac.uk#5679740349548917760 roll 2
DICE 3 2 4 4 3 5 5 
coppola.inf.ed.ac.uk#5679740349548917760 retreat
coppola.inf.ed.ac.uk#5679740349548917760 endattack
coppola.inf.ed.ac.uk#5679740349548917760 nomove
CARD 
coppola.inf.ed.ac.uk#5679740349548917760 placearmies 25 1
coppola.inf.ed.ac.uk#5679740349548917760 placearmies 25 1
coppola.inf.ed.ac.uk#5679740349548917760 placearmies 25 1
coppola.inf.ed.ac.uk#5679740349548917760 placearmies 25 1
coppola.inf.ed.ac.uk#5679740349548917760 placearmies 25 1
coppola.inf.ed.ac.uk#5679740349548917760 placearmies 25 1
coppola.inf.ed.ac.uk#5679740349548917760 placearmies 1 1
coppola.inf.ed.ac.uk#5679740349548917760 placearmies 1 1
coppola.inf.ed.ac.uk#5679740349548917760 placearmies 1 1
coppola.inf.ed.ac.uk#5679740349548917760 placearmies 1 1
coppola.inf.ed.ac.uk#5679740349548917760 placearmies 6 1
coppola.inf.ed.ac.uk#5679740349548917760 placearmies 6 1
coppola.inf.ed.ac.uk#5679740349548917760 placearmies 6 1
coppola.inf.ed.ac.uk#5679740349548917760 attack 25 26
coppola.inf.ed.ac.uk#5679740349548917760 roll 3
coppola.inf.ed.ac.uk#5679740349548917760 roll 1
DICE 3 1 3 3 2 5 
coppola.inf.ed.ac.uk#5679740349548917760 roll 3
coppola.inf.ed.ac.uk#5679740349548917760 roll 1
DICE 3 1 5 3 1 0 
coppola.inf.ed.ac.uk#5679740349548917760 move all
