Jibs_PC#8155650996503772160 newplayer human green s0914007
Jibs_PC#8155650996503772160 newplayer human blue bob
Jibs_PC#8155650996503772160 newplayer human red fred
Jibs_PC#8155650996503772160 startgame mission fixed autoplaceall recycle
PLAYER bob
MISSION 2 3 2
PLACEALL 6 4 22 34 38 21 13 33 10 8 32 17 39 28 1 11 26 2 9 23 41 29 37 27 36 40 14 3 35 20 19 18 12 31 7 16 5 42 25 24 30 15
Jibs_PC#8155650996503772160 placearmies 9 1
CARD 
Jibs_PC#8155650996503772160 placearmies 32 1
CARD 
Jibs_PC#8155650996503772160 placearmies 21 1
CARD 
Jibs_PC#8155650996503772160 placearmies 8 1
CARD 
Jibs_PC#8155650996503772160 placearmies 30 1
CARD 
Jibs_PC#8155650996503772160 placearmies 22 1
CARD 
Jibs_PC#8155650996503772160 placearmies 6 1
CARD 
Jibs_PC#8155650996503772160 placearmies 28 1
CARD 
Jibs_PC#8155650996503772160 placearmies 25 1
CARD 
Jibs_PC#8155650996503772160 placearmies 5 1
CARD 
Jibs_PC#8155650996503772160 placearmies 35 1
CARD 
Jibs_PC#8155650996503772160 placearmies 25 1
CARD 
Jibs_PC#8155650996503772160 placearmies 3 1
CARD 
Jibs_PC#8155650996503772160 placearmies 33 1
CARD 
Jibs_PC#8155650996503772160 placearmies 21 1
CARD 
Jibs_PC#8155650996503772160 placearmies 6 1
CARD 
Jibs_PC#8155650996503772160 placearmies 37 1
CARD 
Jibs_PC#8155650996503772160 placearmies 22 1
CARD 
Jibs_PC#8155650996503772160 placearmies 8 1
CARD 
Jibs_PC#8155650996503772160 placearmies 38 1
CARD 
Jibs_PC#8155650996503772160 placearmies 22 1
CARD 
Jibs_PC#8155650996503772160 placearmies 9 1
CARD 
Jibs_PC#8155650996503772160 placearmies 35 1
CARD 
Jibs_PC#8155650996503772160 placearmies 21 1
CARD 
Jibs_PC#8155650996503772160 placearmies 5 1
CARD 
Jibs_PC#8155650996503772160 placearmies 32 1
CARD 
Jibs_PC#8155650996503772160 placearmies 25 1
CARD 
Jibs_PC#8155650996503772160 placearmies 3 1
CARD 
Jibs_PC#8155650996503772160 placearmies 33 1
CARD 
Jibs_PC#8155650996503772160 placearmies 25 1
CARD 
Jibs_PC#8155650996503772160 placearmies 3 1
CARD 
Jibs_PC#8155650996503772160 placearmies 30 1
CARD 
Jibs_PC#8155650996503772160 placearmies 21 1
CARD 
Jibs_PC#8155650996503772160 placearmies 9 1
CARD 
Jibs_PC#8155650996503772160 placearmies 28 1
CARD 
Jibs_PC#8155650996503772160 placearmies 22 1
CARD 
Jibs_PC#8155650996503772160 placearmies 39 1
CARD 
Jibs_PC#8155650996503772160 placearmies 33 1
CARD 
Jibs_PC#8155650996503772160 placearmies 22 1
CARD 
Jibs_PC#8155650996503772160 placearmies 39 1
CARD 
Jibs_PC#8155650996503772160 placearmies 38 1
CARD 
Jibs_PC#8155650996503772160 placearmies 21 1
CARD 
Jibs_PC#8155650996503772160 placearmies 39 1
CARD 
Jibs_PC#8155650996503772160 placearmies 40 1
CARD 
Jibs_PC#8155650996503772160 placearmies 22 1
CARD 
Jibs_PC#8155650996503772160 placearmies 39 1
CARD 
Jibs_PC#8155650996503772160 placearmies 32 1
CARD 
Jibs_PC#8155650996503772160 placearmies 27 1
CARD 
Jibs_PC#8155650996503772160 placearmies 6 1
CARD 
Jibs_PC#8155650996503772160 placearmies 38 1
CARD 
Jibs_PC#8155650996503772160 placearmies 27 1
CARD 
Jibs_PC#8155650996503772160 placearmies 39 1
CARD 
Jibs_PC#8155650996503772160 placearmies 30 1
CARD 
Jibs_PC#8155650996503772160 placearmies 25 1
CARD 
Jibs_PC#8155650996503772160 placearmies 5 1
CARD 
Jibs_PC#8155650996503772160 placearmies 28 1
CARD 
Jibs_PC#8155650996503772160 placearmies 27 1
CARD 
Jibs_PC#8155650996503772160 placearmies 6 1
CARD 
Jibs_PC#8155650996503772160 placearmies 35 1
CARD 
Jibs_PC#8155650996503772160 placearmies 27 1
CARD 
Jibs_PC#8155650996503772160 placearmies 8 1
CARD 
Jibs_PC#8155650996503772160 placearmies 4 1
CARD 
Jibs_PC#8155650996503772160 placearmies 2 1
CARD 
Jibs_PC#8155650996503772160 placearmies 39 1
Jibs_PC#8155650996503772160 placearmies 9 1
Jibs_PC#8155650996503772160 placearmies 39 1
Jibs_PC#8155650996503772160 placearmies 39 1
Jibs_PC#8155650996503772160 attack 39 40
Jibs_PC#8155650996503772160 roll 3
Jibs_PC#8155650996503772160 roll 2
DICE 3 2 5 4 3 4 4 
Jibs_PC#8155650996503772160 roll 3
Jibs_PC#8155650996503772160 roll 1
DICE 3 1 0 0 0 4 
Jibs_PC#8155650996503772160 roll 3
Jibs_PC#8155650996503772160 roll 1
DICE 3 1 5 2 1 3 
Jibs_PC#8155650996503772160 move all
Jibs_PC#8155650996503772160 attack 40 42
Jibs_PC#8155650996503772160 roll 3
Jibs_PC#8155650996503772160 roll 1
DICE 3 1 4 4 0 0 
Jibs_PC#8155650996503772160 move all
Jibs_PC#8155650996503772160 attack 42 41
Jibs_PC#8155650996503772160 roll 3
Jibs_PC#8155650996503772160 roll 1
DICE 3 1 5 3 0 4 
Jibs_PC#8155650996503772160 move all
Jibs_PC#8155650996503772160 attack 3 1
Jibs_PC#8155650996503772160 roll 3
Jibs_PC#8155650996503772160 roll 1
DICE 3 1 5 4 1 1 
Jibs_PC#8155650996503772160 attack 1 2
Jibs_PC#8155650996503772160 roll 2
Jibs_PC#8155650996503772160 roll 2
DICE 2 2 5 4 5 2 
Jibs_PC#8155650996503772160 roll 1
Jibs_PC#8155650996503772160 roll 1
DICE 1 1 5 4 
Jibs_PC#8155650996503772160 attack 8 7
Jibs_PC#8155650996503772160 roll 3
Jibs_PC#8155650996503772160 roll 1
DICE 3 1 5 0 0 5 
Jibs_PC#8155650996503772160 roll 2
Jibs_PC#8155650996503772160 roll 1
DICE 2 1 3 3 2 
Jibs_PC#8155650996503772160 attack 5 10
Jibs_PC#8155650996503772160 roll 3
Jibs_PC#8155650996503772160 roll 1
DICE 3 1 4 0 0 4 
Jibs_PC#8155650996503772160 roll 2
Jibs_PC#8155650996503772160 roll 1
DICE 2 1 4 1 0 
Jibs_PC#8155650996503772160 endattack
Jibs_PC#8155650996503772160 nomove
CARD 8
Jibs_PC#8155650996503772160 placearmies 4 1
Jibs_PC#8155650996503772160 placearmies 4 1
Jibs_PC#8155650996503772160 placearmies 4 1
Jibs_PC#8155650996503772160 attack 38 1
Jibs_PC#8155650996503772160 roll 3
Jibs_PC#8155650996503772160 roll 1
DICE 3 1 2 1 1 2 
Jibs_PC#8155650996503772160 roll 2
Jibs_PC#8155650996503772160 roll 1
DICE 2 1 5 1 2 
Jibs_PC#8155650996503772160 attack 37 36
Jibs_PC#8155650996503772160 roll 1
Jibs_PC#8155650996503772160 roll 1
DICE 1 1 0 1 
Jibs_PC#8155650996503772160 attack 35 34
Jibs_PC#8155650996503772160 roll 3
Jibs_PC#8155650996503772160 roll 1
DICE 3 1 4 4 1 2 
Jibs_PC#8155650996503772160 attack 32 29
Jibs_PC#8155650996503772160 roll 3
Jibs_PC#8155650996503772160 roll 1
DICE 3 1 5 3 1 0 
Jibs_PC#8155650996503772160 attack 34 27
Jibs_PC#8155650996503772160 roll 2
Jibs_PC#8155650996503772160 roll 2
DICE 2 2 4 3 5 0 
Jibs_PC#8155650996503772160 roll 1
Jibs_PC#8155650996503772160 roll 2
DICE 1 2 4 3 1 
Jibs_PC#8155650996503772160 roll 1
Jibs_PC#8155650996503772160 roll 2
DICE 1 2 2 2 2 
Jibs_PC#8155650996503772160 attack 28 27
Jibs_PC#8155650996503772160 roll 3
Jibs_PC#8155650996503772160 roll 2
DICE 3 2 5 2 2 3 0 
Jibs_PC#8155650996503772160 roll 3
Jibs_PC#8155650996503772160 roll 1
DICE 3 1 4 4 2 2 
Jibs_PC#8155650996503772160 attack 29 36
Jibs_PC#8155650996503772160 roll 2
Jibs_PC#8155650996503772160 roll 1
DICE 2 1 0 0 3 
Jibs_PC#8155650996503772160 roll 1
Jibs_PC#8155650996503772160 roll 1
DICE 1 1 3 1 
Jibs_PC#8155650996503772160 attack 30 16
Jibs_PC#8155650996503772160 roll 3
Jibs_PC#8155650996503772160 roll 1
DICE 3 1 4 0 0 0 
Jibs_PC#8155650996503772160 attack 16 31
Jibs_PC#8155650996503772160 roll 2
Jibs_PC#8155650996503772160 roll 1
DICE 2 1 3 2 5 
Jibs_PC#8155650996503772160 roll 1
Jibs_PC#8155650996503772160 roll 1
DICE 1 1 3 1 
Jibs_PC#8155650996503772160 attack 33 39
Jibs_PC#8155650996503772160 roll 3
Jibs_PC#8155650996503772160 roll 1
DICE 3 1 5 4 3 1 
Jibs_PC#8155650996503772160 attack 4 3
Jibs_PC#8155650996503772160 roll 3
Jibs_PC#8155650996503772160 roll 1
DICE 3 1 4 3 1 2 
Jibs_PC#8155650996503772160 move all
Jibs_PC#8155650996503772160 attack 3 2
Jibs_PC#8155650996503772160 roll 3
Jibs_PC#8155650996503772160 roll 1
DICE 3 1 1 0 0 5 
Jibs_PC#8155650996503772160 roll 2
Jibs_PC#8155650996503772160 roll 1
DICE 2 1 2 0 5 
Jibs_PC#8155650996503772160 roll 1
Jibs_PC#8155650996503772160 roll 1
DICE 1 1 1 3 
Jibs_PC#8155650996503772160 attack 1 2
Jibs_PC#8155650996503772160 roll 1
Jibs_PC#8155650996503772160 roll 1
DICE 1 1 4 4 
Jibs_PC#8155650996503772160 endattack
Jibs_PC#8155650996503772160 movearmies 27 28 2
CARD 32
Jibs_PC#8155650996503772160 placearmies 12 1
Jibs_PC#8155650996503772160 placearmies 12 1
Jibs_PC#8155650996503772160 placearmies 12 1
Jibs_PC#8155650996503772160 attack 25 26
Jibs_PC#8155650996503772160 roll 3
Jibs_PC#8155650996503772160 roll 1
DICE 3 1 3 2 1 3 
Jibs_PC#8155650996503772160 roll 3
Jibs_PC#8155650996503772160 roll 1
DICE 3 1 5 4 0 5 
Jibs_PC#8155650996503772160 roll 3
Jibs_PC#8155650996503772160 roll 1
DICE 3 1 2 1 0 1 
Jibs_PC#8155650996503772160 attack 21 23
Jibs_PC#8155650996503772160 roll 3
Jibs_PC#8155650996503772160 roll 1
DICE 3 1 5 5 3 2 
Jibs_PC#8155650996503772160 move all
Jibs_PC#8155650996503772160 attack 23 24
Jibs_PC#8155650996503772160 roll 3
Jibs_PC#8155650996503772160 roll 1
DICE 3 1 4 2 1 0 
Jibs_PC#8155650996503772160 move all
Jibs_PC#8155650996503772160 attack 22 31
Jibs_PC#8155650996503772160 roll 3
Jibs_PC#8155650996503772160 roll 1
DICE 3 1 5 2 2 0 
Jibs_PC#8155650996503772160 move all
Jibs_PC#8155650996503772160 endattack
Jibs_PC#8155650996503772160 movearmies 24 22 3
CARD 16
Jibs_PC#8155650996503772160 placearmies 41 1
Jibs_PC#8155650996503772160 placearmies 41 1
Jibs_PC#8155650996503772160 placearmies 41 1
Jibs_PC#8155650996503772160 placearmies 41 1
Jibs_PC#8155650996503772160 attack 41 39
Jibs_PC#8155650996503772160 roll 3
Jibs_PC#8155650996503772160 roll 2
DICE 3 2 2 1 0 5 0 
Jibs_PC#8155650996503772160 roll 3
Jibs_PC#8155650996503772160 roll 2
DICE 3 2 5 2 1 5 1 
Jibs_PC#8155650996503772160 roll 3
Jibs_PC#8155650996503772160 roll 1
DICE 3 1 5 2 1 2 
Jibs_PC#8155650996503772160 move all
Jibs_PC#8155650996503772160 attack 39 33
Jibs_PC#8155650996503772160 roll 3
Jibs_PC#8155650996503772160 roll 1
DICE 3 1 2 2 1 4 
Jibs_PC#8155650996503772160 roll 3
Jibs_PC#8155650996503772160 roll 1
DICE 3 1 4 4 1 1 
Jibs_PC#8155650996503772160 endattack
Jibs_PC#8155650996503772160 nomove
CARD 30
Jibs_PC#8155650996503772160 placearmies 18 1
Jibs_PC#8155650996503772160 placearmies 18 1
Jibs_PC#8155650996503772160 placearmies 32 1
Jibs_PC#8155650996503772160 placearmies 32 1
Jibs_PC#8155650996503772160 placearmies 32 1
Jibs_PC#8155650996503772160 attack 32 31
Jibs_PC#8155650996503772160 roll 3
Jibs_PC#8155650996503772160 roll 2
DICE 3 2 5 3 1 2 0 
Jibs_PC#8155650996503772160 roll 3
Jibs_PC#8155650996503772160 roll 2
DICE 3 2 5 5 3 3 2 
Jibs_PC#8155650996503772160 roll 3
Jibs_PC#8155650996503772160 roll 2
DICE 3 2 5 5 4 2 1 
Jibs_PC#8155650996503772160 attack 18 15
Jibs_PC#8155650996503772160 roll 2
Jibs_PC#8155650996503772160 roll 1
DICE 2 1 1 0 5 
Jibs_PC#8155650996503772160 roll 1
Jibs_PC#8155650996503772160 roll 1
DICE 1 1 4 1 
Jibs_PC#8155650996503772160 endattack
Jibs_PC#8155650996503772160 movearmies 28 16 2
CARD 39
Jibs_PC#8155650996503772160 placearmies 22 1
Jibs_PC#8155650996503772160 placearmies 22 1
Jibs_PC#8155650996503772160 placearmies 22 1
Jibs_PC#8155650996503772160 placearmies 22 1
Jibs_PC#8155650996503772160 placearmies 22 1
Jibs_PC#8155650996503772160 placearmies 22 1
Jibs_PC#8155650996503772160 attack 22 31
Jibs_PC#8155650996503772160 roll 3
Jibs_PC#8155650996503772160 roll 2
DICE 3 2 3 1 0 3 2 
Jibs_PC#8155650996503772160 roll 3
Jibs_PC#8155650996503772160 roll 2
DICE 3 2 4 4 3 4 3 
Jibs_PC#8155650996503772160 roll 3
Jibs_PC#8155650996503772160 roll 2
DICE 3 2 4 4 3 4 4 
Jibs_PC#8155650996503772160 roll 3
Jibs_PC#8155650996503772160 roll 2
DICE 3 2 3 1 0 5 3 
Jibs_PC#8155650996503772160 retreat
Jibs_PC#8155650996503772160 attack 22 31
Jibs_PC#8155650996503772160 roll 2
Jibs_PC#8155650996503772160 roll 2
DICE 2 2 5 5 3 0 
Jibs_PC#8155650996503772160 attack 31 30
Jibs_PC#8155650996503772160 roll 1
Jibs_PC#8155650996503772160 roll 1
DICE 1 1 5 5 
Jibs_PC#8155650996503772160 endattack
Jibs_PC#8155650996503772160 nomove
CARD 28
Jibs_PC#8155650996503772160 placearmies 5 1
Jibs_PC#8155650996503772160 placearmies 5 1
Jibs_PC#8155650996503772160 placearmies 5 1
Jibs_PC#8155650996503772160 placearmies 5 1
Jibs_PC#8155650996503772160 placearmies 5 1
Jibs_PC#8155650996503772160 placearmies 5 1
Jibs_PC#8155650996503772160 placearmies 5 1
Jibs_PC#8155650996503772160 attack 5 4
Jibs_PC#8155650996503772160 roll 3
Jibs_PC#8155650996503772160 roll 1
DICE 3 1 5 2 2 3 
Jibs_PC#8155650996503772160 move all
Jibs_PC#8155650996503772160 endattack
Jibs_PC#8155650996503772160 nomove
CARD 2
Jibs_PC#8155650996503772160 placearmies 32 1
Jibs_PC#8155650996503772160 placearmies 32 1
Jibs_PC#8155650996503772160 placearmies 32 1
Jibs_PC#8155650996503772160 placearmies 32 1
Jibs_PC#8155650996503772160 placearmies 32 1
Jibs_PC#8155650996503772160 attack 32 33
Jibs_PC#8155650996503772160 roll 3
Jibs_PC#8155650996503772160 roll 2
DICE 3 2 4 3 1 4 3 
Jibs_PC#8155650996503772160 roll 3
Jibs_PC#8155650996503772160 roll 2
DICE 3 2 5 1 0 2 0 
Jibs_PC#8155650996503772160 roll 3
Jibs_PC#8155650996503772160 roll 1
DICE 3 1 5 4 3 2 
Jibs_PC#8155650996503772160 attack 33 39
Jibs_PC#8155650996503772160 roll 2
Jibs_PC#8155650996503772160 roll 1
DICE 2 1 4 1 2 
Jibs_PC#8155650996503772160 endattack
Jibs_PC#8155650996503772160 nomove
CARD 35
Jibs_PC#8155650996503772160 placearmies 31 1
Jibs_PC#8155650996503772160 placearmies 31 1
Jibs_PC#8155650996503772160 placearmies 31 1
Jibs_PC#8155650996503772160 placearmies 31 1
Jibs_PC#8155650996503772160 placearmies 31 1
Jibs_PC#8155650996503772160 placearmies 31 1
Jibs_PC#8155650996503772160 attack 31 30
Jibs_PC#8155650996503772160 roll 3
Jibs_PC#8155650996503772160 roll 1
DICE 3 1 5 4 4 4 
Jibs_PC#8155650996503772160 move all
Jibs_PC#8155650996503772160 attack 30 28
Jibs_PC#8155650996503772160 roll 3
Jibs_PC#8155650996503772160 roll 1
DICE 3 1 2 2 1 1 
Jibs_PC#8155650996503772160 move all
Jibs_PC#8155650996503772160 attack 28 27
Jibs_PC#8155650996503772160 roll 3
Jibs_PC#8155650996503772160 roll 1
DICE 3 1 3 2 1 1 
Jibs_PC#8155650996503772160 move all
Jibs_PC#8155650996503772160 attack 27 34
Jibs_PC#8155650996503772160 roll 3
Jibs_PC#8155650996503772160 roll 1
DICE 3 1 2 1 0 0 
Jibs_PC#8155650996503772160 attack 34 38
Jibs_PC#8155650996503772160 roll 2
Jibs_PC#8155650996503772160 roll 1
DICE 2 1 3 0 5 
Jibs_PC#8155650996503772160 roll 1
Jibs_PC#8155650996503772160 roll 1
DICE 1 1 2 0 
Jibs_PC#8155650996503772160 endattack
Jibs_PC#8155650996503772160 nomove
CARD 10
Jibs_PC#8155650996503772160 placearmies 41 1
Jibs_PC#8155650996503772160 placearmies 41 1
Jibs_PC#8155650996503772160 placearmies 41 1
Jibs_PC#8155650996503772160 placearmies 41 1
Jibs_PC#8155650996503772160 attack 41 39
Jibs_PC#8155650996503772160 roll 3
Jibs_PC#8155650996503772160 roll 2
DICE 3 2 5 5 4 5 3 
Jibs_PC#8155650996503772160 roll 3
Jibs_PC#8155650996503772160 roll 1
DICE 3 1 2 1 0 0 
Jibs_PC#8155650996503772160 attack 39 33
Jibs_PC#8155650996503772160 roll 2
Jibs_PC#8155650996503772160 roll 1
DICE 2 1 5 4 3 
Jibs_PC#8155650996503772160 attack 4 3
Jibs_PC#8155650996503772160 roll 3
Jibs_PC#8155650996503772160 roll 1
DICE 3 1 5 4 2 2 
Jibs_PC#8155650996503772160 move all
Jibs_PC#8155650996503772160 attack 3 1
Jibs_PC#8155650996503772160 roll 3
Jibs_PC#8155650996503772160 roll 1
DICE 3 1 5 1 0 3 
Jibs_PC#8155650996503772160 move all
