Jibs_PC#2046950459373110272 newplayer ai hard green s0914007
Jibs_PC#2046950459373110272 newplayer ai hard blue bob
Jibs_PC#2046950459373110272 newplayer ai hard red fred
Jibs_PC#2046950459373110272 newplayer ai hard cyan ted
Jibs_PC#2046950459373110272 newplayer ai hard magenta yura
Jibs_PC#2046950459373110272 newplayer ai hard yellow lala
Jibs_PC#2046950459373110272 startgame mission fixed autoplaceall recycle
PLAYER bob
MISSION 3 4 2 1 1 0
PLACEALL 5 31 25 3 14 29 40 36 19 42 11 26 18 10 20 7 17 13 24 8 38 41 21 6 27 9 15 32 1 30 22 35 16 28 37 39 2 23 33 4 34 12
Jibs_PC#2046950459373110272 placearmies 5 1
CARD 
Jibs_PC#2046950459373110272 placearmies 36 1
CARD 
Jibs_PC#2046950459373110272 placearmies 33 1
CARD 
Jibs_PC#2046950459373110272 placearmies 42 1
CARD 
Jibs_PC#2046950459373110272 placearmies 11 1
CARD 
Jibs_PC#2046950459373110272 placearmies 12 1
CARD 
Jibs_PC#2046950459373110272 placearmies 5 1
CARD 
Jibs_PC#2046950459373110272 placearmies 36 1
CARD 
Jibs_PC#2046950459373110272 placearmies 33 1
CARD 
Jibs_PC#2046950459373110272 placearmies 42 1
CARD 
Jibs_PC#2046950459373110272 placearmies 11 1
CARD 
Jibs_PC#2046950459373110272 placearmies 12 1
CARD 
Jibs_PC#2046950459373110272 placearmies 5 1
CARD 
Jibs_PC#2046950459373110272 placearmies 36 1
CARD 
Jibs_PC#2046950459373110272 placearmies 33 1
CARD 
Jibs_PC#2046950459373110272 placearmies 42 1
CARD 
Jibs_PC#2046950459373110272 placearmies 11 1
CARD 
Jibs_PC#2046950459373110272 placearmies 12 1
CARD 
Jibs_PC#2046950459373110272 placearmies 5 1
CARD 
Jibs_PC#2046950459373110272 placearmies 36 1
CARD 
Jibs_PC#2046950459373110272 placearmies 33 1
CARD 
Jibs_PC#2046950459373110272 placearmies 42 1
CARD 
Jibs_PC#2046950459373110272 placearmies 11 1
CARD 
Jibs_PC#2046950459373110272 placearmies 12 1
CARD 
Jibs_PC#2046950459373110272 placearmies 5 1
CARD 
Jibs_PC#2046950459373110272 placearmies 36 1
CARD 
Jibs_PC#2046950459373110272 placearmies 33 1
CARD 
Jibs_PC#2046950459373110272 placearmies 42 1
CARD 
Jibs_PC#2046950459373110272 placearmies 11 1
CARD 
Jibs_PC#2046950459373110272 placearmies 12 1
CARD 
Jibs_PC#2046950459373110272 placearmies 5 1
CARD 
Jibs_PC#2046950459373110272 placearmies 36 1
CARD 
Jibs_PC#2046950459373110272 placearmies 33 1
CARD 
Jibs_PC#2046950459373110272 placearmies 42 1
CARD 
Jibs_PC#2046950459373110272 placearmies 11 1
CARD 
Jibs_PC#2046950459373110272 placearmies 12 1
CARD 
Jibs_PC#2046950459373110272 placearmies 5 1
CARD 
Jibs_PC#2046950459373110272 placearmies 36 1
CARD 
Jibs_PC#2046950459373110272 placearmies 33 1
CARD 
Jibs_PC#2046950459373110272 placearmies 42 1
CARD 
Jibs_PC#2046950459373110272 placearmies 11 1
CARD 
Jibs_PC#2046950459373110272 placearmies 12 1
CARD 
Jibs_PC#2046950459373110272 placearmies 5 1
CARD 
Jibs_PC#2046950459373110272 placearmies 36 1
CARD 
Jibs_PC#2046950459373110272 placearmies 33 1
CARD 
Jibs_PC#2046950459373110272 placearmies 7 1
CARD 
Jibs_PC#2046950459373110272 placearmies 21 1
CARD 
Jibs_PC#2046950459373110272 placearmies 12 1
CARD 
Jibs_PC#2046950459373110272 placearmies 5 1
CARD 
Jibs_PC#2046950459373110272 placearmies 36 1
CARD 
Jibs_PC#2046950459373110272 placearmies 33 1
CARD 
Jibs_PC#2046950459373110272 placearmies 7 1
CARD 
Jibs_PC#2046950459373110272 placearmies 21 1
CARD 
Jibs_PC#2046950459373110272 placearmies 12 1
CARD 
Jibs_PC#2046950459373110272 placearmies 5 1
CARD 
Jibs_PC#2046950459373110272 placearmies 36 1
CARD 
Jibs_PC#2046950459373110272 placearmies 33 1
CARD 
Jibs_PC#2046950459373110272 placearmies 7 1
CARD 
Jibs_PC#2046950459373110272 placearmies 21 1
CARD 
Jibs_PC#2046950459373110272 placearmies 12 1
CARD 
Jibs_PC#2046950459373110272 placearmies 5 1
CARD 
Jibs_PC#2046950459373110272 placearmies 36 1
CARD 
Jibs_PC#2046950459373110272 placearmies 19 1
CARD 
Jibs_PC#2046950459373110272 placearmies 7 1
CARD 
Jibs_PC#2046950459373110272 placearmies 21 1
CARD 
Jibs_PC#2046950459373110272 placearmies 12 1
CARD 
Jibs_PC#2046950459373110272 placearmies 5 1
CARD 
Jibs_PC#2046950459373110272 placearmies 36 1
CARD 
Jibs_PC#2046950459373110272 placearmies 19 1
CARD 
Jibs_PC#2046950459373110272 placearmies 7 1
CARD 
Jibs_PC#2046950459373110272 placearmies 21 1
CARD 
Jibs_PC#2046950459373110272 placearmies 12 1
CARD 
Jibs_PC#2046950459373110272 placearmies 5 1
CARD 
Jibs_PC#2046950459373110272 placearmies 36 1
CARD 
Jibs_PC#2046950459373110272 placearmies 19 1
CARD 
Jibs_PC#2046950459373110272 placearmies 7 1
CARD 
Jibs_PC#2046950459373110272 placearmies 21 1
CARD 
Jibs_PC#2046950459373110272 placearmies 12 1
CARD 
Jibs_PC#2046950459373110272 placearmies 24 3
Jibs_PC#2046950459373110272 attack 5 4
Jibs_PC#2046950459373110272 roll 3
Jibs_PC#2046950459373110272 roll 1
DICE 3 1 5 4 0 5 
Jibs_PC#2046950459373110272 roll 3
Jibs_PC#2046950459373110272 roll 1
DICE 3 1 5 4 4 0 
Jibs_PC#2046950459373110272 move 12
Jibs_PC#2046950459373110272 attack 4 7
Jibs_PC#2046950459373110272 roll 3
Jibs_PC#2046950459373110272 roll 2
DICE 3 2 5 2 0 1 1 
Jibs_PC#2046950459373110272 roll 3
Jibs_PC#2046950459373110272 roll 2
DICE 3 2 5 4 3 3 0 
Jibs_PC#2046950459373110272 roll 3
Jibs_PC#2046950459373110272 roll 2
DICE 3 2 1 1 0 1 0 
Jibs_PC#2046950459373110272 roll 3
Jibs_PC#2046950459373110272 roll 2
DICE 3 2 4 3 2 3 0 
Jibs_PC#2046950459373110272 move 10
Jibs_PC#2046950459373110272 attack 7 3
Jibs_PC#2046950459373110272 roll 3
Jibs_PC#2046950459373110272 roll 1
DICE 3 1 4 3 1 5 
Jibs_PC#2046950459373110272 roll 3
Jibs_PC#2046950459373110272 roll 1
DICE 3 1 5 5 0 3 
Jibs_PC#2046950459373110272 move 8
Jibs_PC#2046950459373110272 attack 3 1
Jibs_PC#2046950459373110272 roll 3
Jibs_PC#2046950459373110272 roll 1
DICE 3 1 3 3 2 1 
Jibs_PC#2046950459373110272 move 7
Jibs_PC#2046950459373110272 endattack
Jibs_PC#2046950459373110272 nomove
CARD wildcard
Jibs_PC#2046950459373110272 placearmies 36 3
Jibs_PC#2046950459373110272 attack 36 27
Jibs_PC#2046950459373110272 roll 3
Jibs_PC#2046950459373110272 roll 1
DICE 3 1 5 5 1 5 
Jibs_PC#2046950459373110272 roll 3
Jibs_PC#2046950459373110272 roll 1
DICE 3 1 5 4 2 0 
Jibs_PC#2046950459373110272 move 15
Jibs_PC#2046950459373110272 endattack
Jibs_PC#2046950459373110272 nomove
CARD 29
Jibs_PC#2046950459373110272 placearmies 19 3
Jibs_PC#2046950459373110272 attack 33 39
Jibs_PC#2046950459373110272 roll 3
Jibs_PC#2046950459373110272 roll 1
DICE 3 1 3 1 0 0 
Jibs_PC#2046950459373110272 move 10
Jibs_PC#2046950459373110272 attack 39 40
Jibs_PC#2046950459373110272 roll 3
Jibs_PC#2046950459373110272 roll 1
DICE 3 1 5 2 0 5 
Jibs_PC#2046950459373110272 roll 3
Jibs_PC#2046950459373110272 roll 1
DICE 3 1 2 2 1 3 
Jibs_PC#2046950459373110272 retreat
Jibs_PC#2046950459373110272 attack 19 17
Jibs_PC#2046950459373110272 roll 3
Jibs_PC#2046950459373110272 roll 1
DICE 3 1 2 1 0 3 
Jibs_PC#2046950459373110272 roll 3
Jibs_PC#2046950459373110272 roll 1
DICE 3 1 5 3 3 4 
Jibs_PC#2046950459373110272 move 5
Jibs_PC#2046950459373110272 attack 17 14
Jibs_PC#2046950459373110272 roll 3
Jibs_PC#2046950459373110272 roll 1
DICE 3 1 5 3 1 1 
Jibs_PC#2046950459373110272 move 4
Jibs_PC#2046950459373110272 endattack
Jibs_PC#2046950459373110272 nomove
CARD 27
Jibs_PC#2046950459373110272 placearmies 28 3
Jibs_PC#2046950459373110272 attack 42 40
Jibs_PC#2046950459373110272 roll 3
Jibs_PC#2046950459373110272 roll 1
DICE 3 1 3 1 0 0 
Jibs_PC#2046950459373110272 move 7
Jibs_PC#2046950459373110272 endattack
Jibs_PC#2046950459373110272 nomove
CARD 8
Jibs_PC#2046950459373110272 placearmies 11 3
Jibs_PC#2046950459373110272 attack 11 10
Jibs_PC#2046950459373110272 roll 3
Jibs_PC#2046950459373110272 roll 1
DICE 3 1 5 4 4 5 
Jibs_PC#2046950459373110272 roll 3
Jibs_PC#2046950459373110272 roll 1
DICE 3 1 5 5 4 1 
Jibs_PC#2046950459373110272 move 9
Jibs_PC#2046950459373110272 endattack
Jibs_PC#2046950459373110272 nomove
CARD 23
Jibs_PC#2046950459373110272 placearmies 12 3
Jibs_PC#2046950459373110272 attack 12 10
Jibs_PC#2046950459373110272 roll 3
Jibs_PC#2046950459373110272 roll 2
DICE 3 2 2 1 1 2 0 
Jibs_PC#2046950459373110272 roll 3
Jibs_PC#2046950459373110272 roll 2
DICE 3 2 1 0 0 5 1 
Jibs_PC#2046950459373110272 roll 3
Jibs_PC#2046950459373110272 roll 2
DICE 3 2 2 2 2 3 2 
Jibs_PC#2046950459373110272 roll 3
Jibs_PC#2046950459373110272 roll 2
DICE 3 2 5 2 0 5 5 
Jibs_PC#2046950459373110272 roll 3
Jibs_PC#2046950459373110272 roll 2
DICE 3 2 5 4 0 4 1 
Jibs_PC#2046950459373110272 roll 3
Jibs_PC#2046950459373110272 roll 2
DICE 3 2 2 0 0 5 5 
Jibs_PC#2046950459373110272 roll 3
Jibs_PC#2046950459373110272 roll 2
DICE 3 2 4 3 2 4 2 
Jibs_PC#2046950459373110272 roll 3
Jibs_PC#2046950459373110272 roll 2
DICE 3 2 3 3 3 2 2 
Jibs_PC#2046950459373110272 roll 3
Jibs_PC#2046950459373110272 roll 2
DICE 3 2 2 1 0 4 1 
Jibs_PC#2046950459373110272 roll 3
Jibs_PC#2046950459373110272 roll 2
DICE 3 2 5 4 3 4 2 
Jibs_PC#2046950459373110272 roll 3
Jibs_PC#2046950459373110272 roll 1
DICE 3 1 2 0 0 0 
Jibs_PC#2046950459373110272 move 4
Jibs_PC#2046950459373110272 attack 10 11
Jibs_PC#2046950459373110272 roll 3
Jibs_PC#2046950459373110272 roll 1
DICE 3 1 5 4 4 3 
Jibs_PC#2046950459373110272 endattack
Jibs_PC#2046950459373110272 movearmies 11 10 2
CARD 7
Jibs_PC#2046950459373110272 placearmies 5 3
Jibs_PC#2046950459373110272 attack 5 9
Jibs_PC#2046950459373110272 roll 3
Jibs_PC#2046950459373110272 roll 1
DICE 3 1 5 4 2 4 
Jibs_PC#2046950459373110272 attack 9 8
Jibs_PC#2046950459373110272 roll 2
Jibs_PC#2046950459373110272 roll 1
DICE 2 1 4 3 1 
Jibs_PC#2046950459373110272 endattack
Jibs_PC#2046950459373110272 nomove
CARD 38
Jibs_PC#2046950459373110272 placearmies 27 2
Jibs_PC#2046950459373110272 placearmies 27 1
Jibs_PC#2046950459373110272 attack 27 28
Jibs_PC#2046950459373110272 roll 3
Jibs_PC#2046950459373110272 roll 2
DICE 3 2 4 4 3 2 1 
Jibs_PC#2046950459373110272 roll 3
Jibs_PC#2046950459373110272 roll 2
DICE 3 2 4 4 0 1 0 
Jibs_PC#2046950459373110272 move 17
Jibs_PC#2046950459373110272 attack 28 29
Jibs_PC#2046950459373110272 roll 3
Jibs_PC#2046950459373110272 roll 1
DICE 3 1 5 2 1 2 
Jibs_PC#2046950459373110272 move 16
Jibs_PC#2046950459373110272 attack 29 30
Jibs_PC#2046950459373110272 roll 3
Jibs_PC#2046950459373110272 roll 1
DICE 3 1 1 1 0 5 
Jibs_PC#2046950459373110272 roll 3
Jibs_PC#2046950459373110272 roll 1
DICE 3 1 4 3 0 2 
Jibs_PC#2046950459373110272 move 14
Jibs_PC#2046950459373110272 attack 30 32
Jibs_PC#2046950459373110272 roll 3
Jibs_PC#2046950459373110272 roll 1
DICE 3 1 3 1 0 3 
Jibs_PC#2046950459373110272 roll 3
Jibs_PC#2046950459373110272 roll 1
DICE 3 1 5 3 1 5 
Jibs_PC#2046950459373110272 roll 3
Jibs_PC#2046950459373110272 roll 1
DICE 3 1 3 1 1 4 
Jibs_PC#2046950459373110272 roll 3
Jibs_PC#2046950459373110272 roll 1
DICE 3 1 5 2 1 5 
Jibs_PC#2046950459373110272 roll 3
Jibs_PC#2046950459373110272 roll 1
DICE 3 1 5 4 2 2 
Jibs_PC#2046950459373110272 move 9
Jibs_PC#2046950459373110272 attack 32 33
Jibs_PC#2046950459373110272 roll 3
Jibs_PC#2046950459373110272 roll 1
DICE 3 1 5 3 0 3 
Jibs_PC#2046950459373110272 move 8
Jibs_PC#2046950459373110272 endattack
Jibs_PC#2046950459373110272 nomove
CARD 40
Jibs_PC#2046950459373110272 placearmies 19 3
Jibs_PC#2046950459373110272 attack 39 41
Jibs_PC#2046950459373110272 roll 3
Jibs_PC#2046950459373110272 roll 1
DICE 3 1 3 2 1 4 
Jibs_PC#2046950459373110272 roll 3
Jibs_PC#2046950459373110272 roll 1
DICE 3 1 4 3 2 5 
Jibs_PC#2046950459373110272 retreat
Jibs_PC#2046950459373110272 attack 19 18
Jibs_PC#2046950459373110272 roll 3
Jibs_PC#2046950459373110272 roll 1
DICE 3 1 5 3 2 3 
Jibs_PC#2046950459373110272 endattack
Jibs_PC#2046950459373110272 movearmies 18 19 2
CARD 33
Jibs_PC#2046950459373110272 placearmies 40 3
Jibs_PC#2046950459373110272 attack 40 39
Jibs_PC#2046950459373110272 roll 3
Jibs_PC#2046950459373110272 roll 2
DICE 3 2 3 3 2 5 1 
Jibs_PC#2046950459373110272 roll 3
Jibs_PC#2046950459373110272 roll 2
DICE 3 2 4 3 3 3 2 
Jibs_PC#2046950459373110272 roll 3
Jibs_PC#2046950459373110272 roll 2
DICE 3 2 2 1 0 5 5 
Jibs_PC#2046950459373110272 roll 3
Jibs_PC#2046950459373110272 roll 2
DICE 3 2 2 2 0 5 4 
Jibs_PC#2046950459373110272 roll 3
Jibs_PC#2046950459373110272 roll 2
DICE 3 2 4 2 0 3 0 
Jibs_PC#2046950459373110272 roll 3
Jibs_PC#2046950459373110272 roll 1
DICE 3 1 4 1 0 4 
Jibs_PC#2046950459373110272 roll 3
Jibs_PC#2046950459373110272 roll 1
DICE 3 1 5 3 1 3 
Jibs_PC#2046950459373110272 endattack
Jibs_PC#2046950459373110272 nomove
CARD 5
Jibs_PC#2046950459373110272 placearmies 21 3
Jibs_PC#2046950459373110272 attack 21 24
Jibs_PC#2046950459373110272 roll 3
Jibs_PC#2046950459373110272 roll 2
DICE 3 2 5 3 1 2 0 
Jibs_PC#2046950459373110272 roll 3
Jibs_PC#2046950459373110272 roll 2
DICE 3 2 5 2 0 1 0 
Jibs_PC#2046950459373110272 move 9
Jibs_PC#2046950459373110272 attack 24 22
Jibs_PC#2046950459373110272 roll 3
Jibs_PC#2046950459373110272 roll 1
DICE 3 1 4 3 2 4 
Jibs_PC#2046950459373110272 roll 3
Jibs_PC#2046950459373110272 roll 1
DICE 3 1 5 2 0 2 
Jibs_PC#2046950459373110272 move 7
Jibs_PC#2046950459373110272 attack 22 20
Jibs_PC#2046950459373110272 roll 3
Jibs_PC#2046950459373110272 roll 1
DICE 3 1 5 3 2 4 
Jibs_PC#2046950459373110272 move 6
Jibs_PC#2046950459373110272 endattack
Jibs_PC#2046950459373110272 nomove
CARD 22
Jibs_PC#2046950459373110272 placearmies 10 1
Jibs_PC#2046950459373110272 placearmies 12 1
Jibs_PC#2046950459373110272 placearmies 12 3
Jibs_PC#2046950459373110272 attack 12 21
Jibs_PC#2046950459373110272 roll 3
Jibs_PC#2046950459373110272 roll 1
DICE 3 1 5 2 1 5 
Jibs_PC#2046950459373110272 roll 3
Jibs_PC#2046950459373110272 roll 1
DICE 3 1 5 2 0 0 
Jibs_PC#2046950459373110272 endattack
Jibs_PC#2046950459373110272 nomove
CARD 31
Jibs_PC#2046950459373110272 placearmies 8 3
Jibs_PC#2046950459373110272 attack 8 6
Jibs_PC#2046950459373110272 roll 3
Jibs_PC#2046950459373110272 roll 1
DICE 3 1 5 0 0 1 
Jibs_PC#2046950459373110272 move 4
Jibs_PC#2046950459373110272 endattack
Jibs_PC#2046950459373110272 nomove
CARD 9
Jibs_PC#2046950459373110272 placearmies 36 3
Jibs_PC#2046950459373110272 attack 36 37
Jibs_PC#2046950459373110272 roll 3
Jibs_PC#2046950459373110272 roll 1
DICE 3 1 4 3 1 3 
Jibs_PC#2046950459373110272 attack 37 38
Jibs_PC#2046950459373110272 roll 2
Jibs_PC#2046950459373110272 roll 1
DICE 2 1 3 3 5 
Jibs_PC#2046950459373110272 retreat
Jibs_PC#2046950459373110272 endattack
Jibs_PC#2046950459373110272 nomove
CARD 37
Jibs_PC#2046950459373110272 placearmies 25 3
Jibs_PC#2046950459373110272 attack 25 23
Jibs_PC#2046950459373110272 roll 3
Jibs_PC#2046950459373110272 roll 1
DICE 3 1 5 4 0 4 
Jibs_PC#2046950459373110272 endattack
Jibs_PC#2046950459373110272 nomove
CARD 4
Jibs_PC#2046950459373110272 placearmies 39 5
Jibs_PC#2046950459373110272 attack 39 33
Jibs_PC#2046950459373110272 roll 3
Jibs_PC#2046950459373110272 roll 2
DICE 3 2 4 3 2 1 1 
Jibs_PC#2046950459373110272 roll 3
Jibs_PC#2046950459373110272 roll 2
DICE 3 2 2 2 1 2 1 
Jibs_PC#2046950459373110272 roll 3
Jibs_PC#2046950459373110272 roll 2
DICE 3 2 2 2 2 5 1 
Jibs_PC#2046950459373110272 roll 3
Jibs_PC#2046950459373110272 roll 2
DICE 3 2 4 1 1 1 1 
Jibs_PC#2046950459373110272 roll 3
Jibs_PC#2046950459373110272 roll 2
DICE 3 2 3 2 0 5 2 
Jibs_PC#2046950459373110272 retreat
Jibs_PC#2046950459373110272 attack 39 33
Jibs_PC#2046950459373110272 roll 2
Jibs_PC#2046950459373110272 roll 2
DICE 2 2 4 1 3 3 
Jibs_PC#2046950459373110272 retreat
Jibs_PC#2046950459373110272 endattack
Jibs_PC#2046950459373110272 nomove
CARD 
Jibs_PC#2046950459373110272 placearmies 20 1
Jibs_PC#2046950459373110272 placearmies 20 1
Jibs_PC#2046950459373110272 placearmies 20 1
Jibs_PC#2046950459373110272 attack 20 21
Jibs_PC#2046950459373110272 roll 3
Jibs_PC#2046950459373110272 roll 2
DICE 3 2 4 4 3 2 0 
Jibs_PC#2046950459373110272 roll 3
Jibs_PC#2046950459373110272 roll 1
DICE 3 1 3 3 3 2 
Jibs_PC#2046950459373110272 move 8
Jibs_PC#2046950459373110272 attack 21 23
Jibs_PC#2046950459373110272 roll 3
Jibs_PC#2046950459373110272 roll 2
DICE 3 2 5 3 1 3 1 
Jibs_PC#2046950459373110272 roll 3
Jibs_PC#2046950459373110272 roll 1
DICE 3 1 4 3 1 2 
Jibs_PC#2046950459373110272 move 7
Jibs_PC#2046950459373110272 attack 23 25
Jibs_PC#2046950459373110272 roll 3
Jibs_PC#2046950459373110272 roll 1
DICE 3 1 4 3 2 3 
Jibs_PC#2046950459373110272 move 6
Jibs_PC#2046950459373110272 attack 25 26
Jibs_PC#2046950459373110272 roll 3
Jibs_PC#2046950459373110272 roll 1
DICE 3 1 5 4 0 4 
Jibs_PC#2046950459373110272 move 3
Jibs_PC#2046950459373110272 endattack
Jibs_PC#2046950459373110272 movearmies 26 24 1
CARD 25
Jibs_PC#2046950459373110272 placearmies 12 1
Jibs_PC#2046950459373110272 placearmies 12 4
Jibs_PC#2046950459373110272 attack 10 5
Jibs_PC#2046950459373110272 roll 3
Jibs_PC#2046950459373110272 roll 1
DICE 3 1 3 2 2 1 
Jibs_PC#2046950459373110272 attack 12 21
Jibs_PC#2046950459373110272 roll 3
Jibs_PC#2046950459373110272 roll 1
DICE 3 1 4 4 2 4 
Jibs_PC#2046950459373110272 roll 3
Jibs_PC#2046950459373110272 roll 1
DICE 3 1 1 1 1 1 
Jibs_PC#2046950459373110272 roll 3
Jibs_PC#2046950459373110272 roll 1
DICE 3 1 3 2 2 0 
Jibs_PC#2046950459373110272 endattack
Jibs_PC#2046950459373110272 movearmies 5 10 2
CARD 14
Jibs_PC#2046950459373110272 trade wildcard 38 9
Jibs_PC#2046950459373110272 placearmies 9 2
Jibs_PC#2046950459373110272 placearmies 1 11
Jibs_PC#2046950459373110272 attack 1 38
Jibs_PC#2046950459373110272 roll 3
Jibs_PC#2046950459373110272 roll 1
DICE 3 1 2 1 0 0 
Jibs_PC#2046950459373110272 move 17
Jibs_PC#2046950459373110272 attack 38 36
Jibs_PC#2046950459373110272 roll 3
Jibs_PC#2046950459373110272 roll 1
DICE 3 1 1 1 0 2 
Jibs_PC#2046950459373110272 roll 3
Jibs_PC#2046950459373110272 roll 1
DICE 3 1 4 3 1 5 
Jibs_PC#2046950459373110272 roll 3
Jibs_PC#2046950459373110272 roll 1
DICE 3 1 5 0 0 5 
Jibs_PC#2046950459373110272 roll 3
Jibs_PC#2046950459373110272 roll 1
DICE 3 1 3 1 1 0 
Jibs_PC#2046950459373110272 move 13
Jibs_PC#2046950459373110272 attack 36 29
Jibs_PC#2046950459373110272 roll 3
Jibs_PC#2046950459373110272 roll 1
DICE 3 1 5 1 1 1 
Jibs_PC#2046950459373110272 move 12
Jibs_PC#2046950459373110272 attack 29 33
Jibs_PC#2046950459373110272 roll 3
Jibs_PC#2046950459373110272 roll 2
DICE 3 2 4 1 1 3 3 
Jibs_PC#2046950459373110272 roll 3
Jibs_PC#2046950459373110272 roll 1
DICE 3 1 2 1 1 4 
Jibs_PC#2046950459373110272 roll 3
Jibs_PC#2046950459373110272 roll 1
DICE 3 1 4 3 3 5 
Jibs_PC#2046950459373110272 roll 3
Jibs_PC#2046950459373110272 roll 1
DICE 3 1 5 3 0 4 
Jibs_PC#2046950459373110272 move 8
Jibs_PC#2046950459373110272 attack 33 39
Jibs_PC#2046950459373110272 roll 3
Jibs_PC#2046950459373110272 roll 2
DICE 3 2 4 3 3 4 0 
Jibs_PC#2046950459373110272 roll 3
Jibs_PC#2046950459373110272 roll 1
DICE 3 1 5 3 2 5 
Jibs_PC#2046950459373110272 roll 3
Jibs_PC#2046950459373110272 roll 1
DICE 3 1 4 4 2 0 
Jibs_PC#2046950459373110272 move 5
Jibs_PC#2046950459373110272 attack 9 5
Jibs_PC#2046950459373110272 roll 3
Jibs_PC#2046950459373110272 roll 1
DICE 3 1 5 2 0 0 
Jibs_PC#2046950459373110272 move 4
Jibs_PC#2046950459373110272 attack 39 41
Jibs_PC#2046950459373110272 roll 3
Jibs_PC#2046950459373110272 roll 1
DICE 3 1 5 3 3 5 
Jibs_PC#2046950459373110272 roll 3
Jibs_PC#2046950459373110272 roll 1
DICE 3 1 5 4 4 2 
Jibs_PC#2046950459373110272 endattack
Jibs_PC#2046950459373110272 nomove
CARD 26
Jibs_PC#2046950459373110272 placearmies 37 2
Jibs_PC#2046950459373110272 placearmies 37 1
Jibs_PC#2046950459373110272 attack 37 36
Jibs_PC#2046950459373110272 roll 3
Jibs_PC#2046950459373110272 roll 1
DICE 3 1 5 3 2 2 
Jibs_PC#2046950459373110272 move 4
Jibs_PC#2046950459373110272 attack 36 29
Jibs_PC#2046950459373110272 roll 3
Jibs_PC#2046950459373110272 roll 1
DICE 3 1 5 3 2 0 
Jibs_PC#2046950459373110272 attack 29 33
Jibs_PC#2046950459373110272 roll 2
Jibs_PC#2046950459373110272 roll 1
DICE 2 1 4 3 1 
Jibs_PC#2046950459373110272 endattack
Jibs_PC#2046950459373110272 nomove
CARD 20
Jibs_PC#2046950459373110272 placearmies 19 1
Jibs_PC#2046950459373110272 placearmies 19 1
Jibs_PC#2046950459373110272 placearmies 19 1
Jibs_PC#2046950459373110272 attack 19 20
Jibs_PC#2046950459373110272 roll 3
Jibs_PC#2046950459373110272 roll 1
DICE 3 1 5 2 1 5 
Jibs_PC#2046950459373110272 roll 3
Jibs_PC#2046950459373110272 roll 1
DICE 3 1 5 4 1 3 
Jibs_PC#2046950459373110272 move 3
Jibs_PC#2046950459373110272 endattack
Jibs_PC#2046950459373110272 nomove
CARD 10
Jibs_PC#2046950459373110272 placearmies 40 3
Jibs_PC#2046950459373110272 attack 40 39
Jibs_PC#2046950459373110272 roll 3
Jibs_PC#2046950459373110272 roll 1
DICE 3 1 4 3 3 1 
Jibs_PC#2046950459373110272 endattack
Jibs_PC#2046950459373110272 nomove
CARD 35
Jibs_PC#2046950459373110272 trade 23 22 25
Jibs_PC#2046950459373110272 placearmies 34 3
Jibs_PC#2046950459373110272 placearmies 34 4
Jibs_PC#2046950459373110272 placearmies 23 5
Jibs_PC#2046950459373110272 placearmies 34 1
Jibs_PC#2046950459373110272 attack 34 38
Jibs_PC#2046950459373110272 roll 3
Jibs_PC#2046950459373110272 roll 1
DICE 3 1 4 2 2 0 
Jibs_PC#2046950459373110272 move 8
Jibs_PC#2046950459373110272 attack 38 1
Jibs_PC#2046950459373110272 roll 3
Jibs_PC#2046950459373110272 roll 1
DICE 3 1 3 0 0 0 
Jibs_PC#2046950459373110272 move 7
Jibs_PC#2046950459373110272 attack 23 21
Jibs_PC#2046950459373110272 roll 3
Jibs_PC#2046950459373110272 roll 2
DICE 3 2 5 5 1 4 1 
Jibs_PC#2046950459373110272 roll 3
Jibs_PC#2046950459373110272 roll 1
DICE 3 1 4 3 2 2 
Jibs_PC#2046950459373110272 move 7
Jibs_PC#2046950459373110272 attack 21 12
Jibs_PC#2046950459373110272 roll 3
Jibs_PC#2046950459373110272 roll 1
DICE 3 1 5 5 4 4 
Jibs_PC#2046950459373110272 move 5
Jibs_PC#2046950459373110272 attack 1 3
Jibs_PC#2046950459373110272 roll 3
Jibs_PC#2046950459373110272 roll 1
DICE 3 1 2 1 0 4 
Jibs_PC#2046950459373110272 roll 3
Jibs_PC#2046950459373110272 roll 1
DICE 3 1 2 2 1 3 
Jibs_PC#2046950459373110272 retreat
Jibs_PC#2046950459373110272 attack 12 13
Jibs_PC#2046950459373110272 roll 3
Jibs_PC#2046950459373110272 roll 1
DICE 3 1 4 2 0 4 
Jibs_PC#2046950459373110272 roll 3
Jibs_PC#2046950459373110272 roll 1
DICE 3 1 5 4 3 5 
Jibs_PC#2046950459373110272 retreat
Jibs_PC#2046950459373110272 attack 1 3
Jibs_PC#2046950459373110272 roll 3
Jibs_PC#2046950459373110272 roll 1
DICE 3 1 5 3 3 4 
Jibs_PC#2046950459373110272 move 4
Jibs_PC#2046950459373110272 endattack
Jibs_PC#2046950459373110272 movearmies 12 21 2
CARD 11
Jibs_PC#2046950459373110272 trade 7 31 14
Jibs_PC#2046950459373110272 placearmies 10 1
Jibs_PC#2046950459373110272 placearmies 10 8
Jibs_PC#2046950459373110272 placearmies 10 4
Jibs_PC#2046950459373110272 attack 10 12
Jibs_PC#2046950459373110272 roll 3
Jibs_PC#2046950459373110272 roll 1
DICE 3 1 3 1 1 1 
Jibs_PC#2046950459373110272 move 14
Jibs_PC#2046950459373110272 attack 12 21
Jibs_PC#2046950459373110272 roll 3
Jibs_PC#2046950459373110272 roll 2
DICE 3 2 3 1 1 4 2 
Jibs_PC#2046950459373110272 roll 3
Jibs_PC#2046950459373110272 roll 2
DICE 3 2 5 1 0 4 0 
Jibs_PC#2046950459373110272 roll 3
Jibs_PC#2046950459373110272 roll 2
DICE 3 2 2 1 0 5 3 
Jibs_PC#2046950459373110272 roll 3
Jibs_PC#2046950459373110272 roll 2
DICE 3 2 5 0 0 3 3 
Jibs_PC#2046950459373110272 roll 3
Jibs_PC#2046950459373110272 roll 1
DICE 3 1 5 3 2 3 
Jibs_PC#2046950459373110272 move 8
Jibs_PC#2046950459373110272 attack 21 19
Jibs_PC#2046950459373110272 roll 3
Jibs_PC#2046950459373110272 roll 2
DICE 3 2 5 4 3 3 2 
Jibs_PC#2046950459373110272 move 6
Jibs_PC#2046950459373110272 endattack
Jibs_PC#2046950459373110272 movearmies 19 21 5
CARD 6
Jibs_PC#2046950459373110272 placearmies 41 1
Jibs_PC#2046950459373110272 placearmies 41 1
Jibs_PC#2046950459373110272 placearmies 5 1
Jibs_PC#2046950459373110272 attack 41 39
Jibs_PC#2046950459373110272 roll 3
Jibs_PC#2046950459373110272 roll 2
DICE 3 2 4 2 2 2 0 
Jibs_PC#2046950459373110272 roll 3
Jibs_PC#2046950459373110272 roll 1
DICE 3 1 5 3 1 5 
Jibs_PC#2046950459373110272 roll 3
Jibs_PC#2046950459373110272 roll 1
DICE 3 1 2 2 0 2 
Jibs_PC#2046950459373110272 roll 2
Jibs_PC#2046950459373110272 roll 1
DICE 2 1 3 2 2 
Jibs_PC#2046950459373110272 attack 5 10
Jibs_PC#2046950459373110272 roll 3
Jibs_PC#2046950459373110272 roll 2
DICE 3 2 4 3 0 4 2 
Jibs_PC#2046950459373110272 roll 3
Jibs_PC#2046950459373110272 roll 1
DICE 3 1 5 3 2 5 
Jibs_PC#2046950459373110272 retreat
Jibs_PC#2046950459373110272 endattack
Jibs_PC#2046950459373110272 nomove
CARD 12
Jibs_PC#2046950459373110272 trade 29 40 20
Jibs_PC#2046950459373110272 placearmies 35 3
Jibs_PC#2046950459373110272 placearmies 35 4
Jibs_PC#2046950459373110272 placearmies 33 2
Jibs_PC#2046950459373110272 attack 35 34
Jibs_PC#2046950459373110272 roll 3
Jibs_PC#2046950459373110272 roll 1
DICE 3 1 1 1 0 2 
Jibs_PC#2046950459373110272 roll 3
Jibs_PC#2046950459373110272 roll 1
DICE 3 1 5 3 3 5 
Jibs_PC#2046950459373110272 retreat
Jibs_PC#2046950459373110272 attack 35 34
Jibs_PC#2046950459373110272 roll 3
Jibs_PC#2046950459373110272 roll 1
DICE 3 1 3 0 0 2 
Jibs_PC#2046950459373110272 move 5
Jibs_PC#2046950459373110272 attack 34 38
Jibs_PC#2046950459373110272 roll 3
Jibs_PC#2046950459373110272 roll 1
DICE 3 1 5 1 1 0 
Jibs_PC#2046950459373110272 move 4
Jibs_PC#2046950459373110272 endattack
Jibs_PC#2046950459373110272 movearmies 29 30 2
CARD 24
Jibs_PC#2046950459373110272 trade 27 33 10
Jibs_PC#2046950459373110272 placearmies 20 1
Jibs_PC#2046950459373110272 placearmies 16 4
Jibs_PC#2046950459373110272 placearmies 20 1
Jibs_PC#2046950459373110272 placearmies 16 5
Jibs_PC#2046950459373110272 attack 16 31
Jibs_PC#2046950459373110272 roll 3
Jibs_PC#2046950459373110272 roll 1
DICE 3 1 5 2 2 2 
Jibs_PC#2046950459373110272 move 9
Jibs_PC#2046950459373110272 attack 20 19
Jibs_PC#2046950459373110272 roll 3
Jibs_PC#2046950459373110272 roll 1
DICE 3 1 5 3 3 3 
Jibs_PC#2046950459373110272 move 3
Jibs_PC#2046950459373110272 attack 31 32
Jibs_PC#2046950459373110272 roll 3
Jibs_PC#2046950459373110272 roll 1
DICE 3 1 2 2 2 0 
Jibs_PC#2046950459373110272 move 8
Jibs_PC#2046950459373110272 attack 32 29
Jibs_PC#2046950459373110272 roll 3
Jibs_PC#2046950459373110272 roll 1
DICE 3 1 3 3 1 3 
Jibs_PC#2046950459373110272 roll 3
Jibs_PC#2046950459373110272 roll 1
DICE 3 1 1 1 0 1 
Jibs_PC#2046950459373110272 retreat
Jibs_PC#2046950459373110272 endattack
Jibs_PC#2046950459373110272 nomove
CARD 21
Jibs_PC#2046950459373110272 trade 8 5 35
Jibs_PC#2046950459373110272 placearmies 42 3
Jibs_PC#2046950459373110272 placearmies 42 5
Jibs_PC#2046950459373110272 placearmies 42 1
Jibs_PC#2046950459373110272 placearmies 42 1
Jibs_PC#2046950459373110272 placearmies 42 1
Jibs_PC#2046950459373110272 placearmies 42 1
Jibs_PC#2046950459373110272 placearmies 42 1
Jibs_PC#2046950459373110272 attack 42 41
Jibs_PC#2046950459373110272 roll 3
Jibs_PC#2046950459373110272 roll 1
DICE 3 1 4 3 0 5 
Jibs_PC#2046950459373110272 roll 3
Jibs_PC#2046950459373110272 roll 1
DICE 3 1 3 1 1 4 
Jibs_PC#2046950459373110272 roll 3
Jibs_PC#2046950459373110272 roll 1
DICE 3 1 2 2 0 1 
Jibs_PC#2046950459373110272 move 11
Jibs_PC#2046950459373110272 attack 41 39
Jibs_PC#2046950459373110272 roll 3
Jibs_PC#2046950459373110272 roll 2
DICE 3 2 2 2 1 5 1 
Jibs_PC#2046950459373110272 roll 3
Jibs_PC#2046950459373110272 roll 1
DICE 3 1 5 4 1 4 
Jibs_PC#2046950459373110272 move 9
Jibs_PC#2046950459373110272 endattack
Jibs_PC#2046950459373110272 nomove
CARD wildcard
Jibs_PC#2046950459373110272 placearmies 24 3
Jibs_PC#2046950459373110272 attack 3 7
Jibs_PC#2046950459373110272 roll 3
Jibs_PC#2046950459373110272 roll 1
DICE 3 1 3 1 0 5 
Jibs_PC#2046950459373110272 roll 2
Jibs_PC#2046950459373110272 roll 1
DICE 2 1 4 1 2 
Jibs_PC#2046950459373110272 endattack
Jibs_PC#2046950459373110272 movearmies 26 24 1
CARD 28
Jibs_PC#2046950459373110272 placearmies 10 1
Jibs_PC#2046950459373110272 placearmies 10 1
Jibs_PC#2046950459373110272 placearmies 21 3
Jibs_PC#2046950459373110272 attack 21 20
Jibs_PC#2046950459373110272 roll 3
Jibs_PC#2046950459373110272 roll 2
DICE 3 2 2 1 0 3 0 
Jibs_PC#2046950459373110272 roll 3
Jibs_PC#2046950459373110272 roll 1
DICE 3 1 3 3 1 1 
Jibs_PC#2046950459373110272 move 7
Jibs_PC#2046950459373110272 endattack
Jibs_PC#2046950459373110272 movearmies 20 21 6
CARD 36
Jibs_PC#2046950459373110272 placearmies 6 1
Jibs_PC#2046950459373110272 placearmies 6 1
Jibs_PC#2046950459373110272 placearmies 6 1
Jibs_PC#2046950459373110272 attack 6 7
Jibs_PC#2046950459373110272 roll 3
Jibs_PC#2046950459373110272 roll 2
DICE 3 2 3 1 1 4 0 
Jibs_PC#2046950459373110272 roll 3
Jibs_PC#2046950459373110272 roll 1
DICE 3 1 2 2 0 4 
Jibs_PC#2046950459373110272 roll 3
Jibs_PC#2046950459373110272 roll 1
DICE 3 1 0 0 0 4 
Jibs_PC#2046950459373110272 roll 3
Jibs_PC#2046950459373110272 roll 1
DICE 3 1 4 2 2 1 
Jibs_PC#2046950459373110272 attack 7 3
Jibs_PC#2046950459373110272 roll 2
Jibs_PC#2046950459373110272 roll 1
DICE 2 1 3 0 3 
Jibs_PC#2046950459373110272 retreat
Jibs_PC#2046950459373110272 endattack
Jibs_PC#2046950459373110272 nomove
CARD 17
Jibs_PC#2046950459373110272 placearmies 30 2
Jibs_PC#2046950459373110272 placearmies 33 1
Jibs_PC#2046950459373110272 attack 30 31
Jibs_PC#2046950459373110272 roll 3
Jibs_PC#2046950459373110272 roll 1
DICE 3 1 2 1 0 3 
Jibs_PC#2046950459373110272 roll 3
Jibs_PC#2046950459373110272 roll 1
DICE 3 1 5 4 0 2 
Jibs_PC#2046950459373110272 attack 33 32
Jibs_PC#2046950459373110272 roll 3
Jibs_PC#2046950459373110272 roll 2
DICE 3 2 4 2 0 2 0 
Jibs_PC#2046950459373110272 roll 3
Jibs_PC#2046950459373110272 roll 2
DICE 3 2 4 3 2 5 2 
Jibs_PC#2046950459373110272 retreat
Jibs_PC#2046950459373110272 endattack
Jibs_PC#2046950459373110272 nomove
CARD 2
Jibs_PC#2046950459373110272 placearmies 19 2
Jibs_PC#2046950459373110272 placearmies 19 1
Jibs_PC#2046950459373110272 attack 19 20
Jibs_PC#2046950459373110272 roll 3
Jibs_PC#2046950459373110272 roll 1
DICE 3 1 5 4 0 2 
Jibs_PC#2046950459373110272 move 4
Jibs_PC#2046950459373110272 endattack
Jibs_PC#2046950459373110272 nomove
CARD 3
Jibs_PC#2046950459373110272 placearmies 39 4
Jibs_PC#2046950459373110272 placearmies 39 1
Jibs_PC#2046950459373110272 attack 39 33
Jibs_PC#2046950459373110272 roll 3
Jibs_PC#2046950459373110272 roll 2
DICE 3 2 5 3 3 3 0 
Jibs_PC#2046950459373110272 roll 3
Jibs_PC#2046950459373110272 roll 2
DICE 3 2 4 4 3 1 0 
Jibs_PC#2046950459373110272 move 13
Jibs_PC#2046950459373110272 attack 33 29
Jibs_PC#2046950459373110272 roll 3
Jibs_PC#2046950459373110272 roll 1
DICE 3 1 5 1 0 0 
Jibs_PC#2046950459373110272 move 11
Jibs_PC#2046950459373110272 attack 29 28
Jibs_PC#2046950459373110272 roll 3
Jibs_PC#2046950459373110272 roll 1
DICE 3 1 5 3 1 2 
Jibs_PC#2046950459373110272 move 10
Jibs_PC#2046950459373110272 attack 28 16
Jibs_PC#2046950459373110272 roll 3
Jibs_PC#2046950459373110272 roll 1
DICE 3 1 3 3 1 2 
Jibs_PC#2046950459373110272 move 9
Jibs_PC#2046950459373110272 endattack
Jibs_PC#2046950459373110272 nomove
CARD 18
Jibs_PC#2046950459373110272 placearmies 3 3
Jibs_PC#2046950459373110272 attack 3 7
Jibs_PC#2046950459373110272 roll 3
Jibs_PC#2046950459373110272 roll 2
DICE 3 2 5 2 0 5 1 
Jibs_PC#2046950459373110272 roll 2
Jibs_PC#2046950459373110272 roll 1
DICE 2 1 3 2 3 
Jibs_PC#2046950459373110272 retreat
Jibs_PC#2046950459373110272 attack 24 21
Jibs_PC#2046950459373110272 roll 3
Jibs_PC#2046950459373110272 roll 2
DICE 3 2 3 2 0 4 2 
Jibs_PC#2046950459373110272 roll 3
Jibs_PC#2046950459373110272 roll 2
DICE 3 2 5 2 0 2 2 
Jibs_PC#2046950459373110272 retreat
Jibs_PC#2046950459373110272 endattack
Jibs_PC#2046950459373110272 movearmies 25 24 2
CARD 
Jibs_PC#2046950459373110272 placearmies 21 5
Jibs_PC#2046950459373110272 attack 21 24
Jibs_PC#2046950459373110272 roll 3
Jibs_PC#2046950459373110272 roll 2
DICE 3 2 4 4 4 1 0 
Jibs_PC#2046950459373110272 roll 3
Jibs_PC#2046950459373110272 roll 2
DICE 3 2 4 3 1 3 3 
Jibs_PC#2046950459373110272 retreat
Jibs_PC#2046950459373110272 attack 21 22
Jibs_PC#2046950459373110272 roll 3
Jibs_PC#2046950459373110272 roll 1
DICE 3 1 2 0 0 2 
Jibs_PC#2046950459373110272 roll 3
Jibs_PC#2046950459373110272 roll 1
DICE 3 1 5 5 0 4 
Jibs_PC#2046950459373110272 move 8
Jibs_PC#2046950459373110272 attack 22 24
Jibs_PC#2046950459373110272 roll 3
Jibs_PC#2046950459373110272 roll 2
DICE 3 2 4 1 0 5 3 
Jibs_PC#2046950459373110272 roll 3
Jibs_PC#2046950459373110272 roll 2
DICE 3 2 3 3 2 5 1 
Jibs_PC#2046950459373110272 roll 3
Jibs_PC#2046950459373110272 roll 1
DICE 3 1 1 0 0 3 
Jibs_PC#2046950459373110272 roll 3
Jibs_PC#2046950459373110272 roll 1
DICE 3 1 5 5 3 3 
Jibs_PC#2046950459373110272 attack 24 23
Jibs_PC#2046950459373110272 roll 2
Jibs_PC#2046950459373110272 roll 1
DICE 2 1 5 3 3 
Jibs_PC#2046950459373110272 endattack
Jibs_PC#2046950459373110272 movearmies 23 21 1
CARD 19
Jibs_PC#2046950459373110272 trade 26 12 17
Jibs_PC#2046950459373110272 placearmies 2 3
Jibs_PC#2046950459373110272 placearmies 2 5
Jibs_PC#2046950459373110272 placearmies 2 1
Jibs_PC#2046950459373110272 placearmies 5 4
Jibs_PC#2046950459373110272 attack 2 1
Jibs_PC#2046950459373110272 roll 3
Jibs_PC#2046950459373110272 roll 1
DICE 3 1 4 1 0 5 
Jibs_PC#2046950459373110272 roll 3
Jibs_PC#2046950459373110272 roll 1
DICE 3 1 4 3 2 0 
Jibs_PC#2046950459373110272 move 8
Jibs_PC#2046950459373110272 attack 5 10
Jibs_PC#2046950459373110272 roll 3
Jibs_PC#2046950459373110272 roll 2
DICE 3 2 5 4 2 4 0 
Jibs_PC#2046950459373110272 roll 3
Jibs_PC#2046950459373110272 roll 1
DICE 3 1 5 3 1 0 
Jibs_PC#2046950459373110272 move 6
Jibs_PC#2046950459373110272 attack 10 12
Jibs_PC#2046950459373110272 roll 3
Jibs_PC#2046950459373110272 roll 1
DICE 3 1 4 2 0 4 
Jibs_PC#2046950459373110272 roll 3
Jibs_PC#2046950459373110272 roll 1
DICE 3 1 5 2 2 3 
Jibs_PC#2046950459373110272 move 4
Jibs_PC#2046950459373110272 attack 12 13
Jibs_PC#2046950459373110272 roll 3
Jibs_PC#2046950459373110272 roll 1
DICE 3 1 5 2 2 1 
Jibs_PC#2046950459373110272 attack 13 11
Jibs_PC#2046950459373110272 roll 2
Jibs_PC#2046950459373110272 roll 1
DICE 2 1 5 3 5 
Jibs_PC#2046950459373110272 retreat
Jibs_PC#2046950459373110272 attack 1 3
Jibs_PC#2046950459373110272 roll 3
Jibs_PC#2046950459373110272 roll 2
DICE 3 2 5 4 1 5 1 
Jibs_PC#2046950459373110272 roll 3
Jibs_PC#2046950459373110272 roll 1
DICE 3 1 3 2 1 1 
Jibs_PC#2046950459373110272 move 3
Jibs_PC#2046950459373110272 endattack
Jibs_PC#2046950459373110272 movearmies 3 1 2
CARD 32
Jibs_PC#2046950459373110272 placearmies 31 1
Jibs_PC#2046950459373110272 placearmies 31 1
Jibs_PC#2046950459373110272 placearmies 31 1
Jibs_PC#2046950459373110272 attack 31 32
Jibs_PC#2046950459373110272 roll 3
Jibs_PC#2046950459373110272 roll 2
DICE 3 2 4 4 3 3 2 
Jibs_PC#2046950459373110272 roll 3
Jibs_PC#2046950459373110272 roll 1
DICE 3 1 4 2 1 5 
Jibs_PC#2046950459373110272 roll 3
Jibs_PC#2046950459373110272 roll 1
DICE 3 1 2 0 0 3 
Jibs_PC#2046950459373110272 roll 3
Jibs_PC#2046950459373110272 roll 1
DICE 3 1 4 4 1 3 
Jibs_PC#2046950459373110272 attack 32 29
Jibs_PC#2046950459373110272 roll 2
Jibs_PC#2046950459373110272 roll 1
DICE 2 1 1 0 2 
Jibs_PC#2046950459373110272 retreat
Jibs_PC#2046950459373110272 endattack
Jibs_PC#2046950459373110272 nomove
CARD 42
Jibs_PC#2046950459373110272 trade 4 21 3
Jibs_PC#2046950459373110272 placearmies 20 7
Jibs_PC#2046950459373110272 attack 20 22
Jibs_PC#2046950459373110272 roll 3
Jibs_PC#2046950459373110272 roll 1
DICE 3 1 5 4 0 0 
Jibs_PC#2046950459373110272 move 10
Jibs_PC#2046950459373110272 attack 22 24
Jibs_PC#2046950459373110272 roll 3
Jibs_PC#2046950459373110272 roll 1
DICE 3 1 5 2 1 0 
Jibs_PC#2046950459373110272 move 9
Jibs_PC#2046950459373110272 attack 24 26
Jibs_PC#2046950459373110272 roll 3
Jibs_PC#2046950459373110272 roll 1
DICE 3 1 2 0 0 4 
Jibs_PC#2046950459373110272 roll 3
Jibs_PC#2046950459373110272 roll 1
DICE 3 1 2 1 0 5 
Jibs_PC#2046950459373110272 roll 3
Jibs_PC#2046950459373110272 roll 1
DICE 3 1 3 2 2 1 
Jibs_PC#2046950459373110272 move 6
Jibs_PC#2046950459373110272 attack 26 25
Jibs_PC#2046950459373110272 roll 3
Jibs_PC#2046950459373110272 roll 1
DICE 3 1 5 2 2 2 
Jibs_PC#2046950459373110272 move 5
Jibs_PC#2046950459373110272 attack 14 6
Jibs_PC#2046950459373110272 roll 3
Jibs_PC#2046950459373110272 roll 1
DICE 3 1 5 5 4 5 
Jibs_PC#2046950459373110272 roll 2
Jibs_PC#2046950459373110272 roll 1
DICE 2 1 2 1 0 
Jibs_PC#2046950459373110272 attack 25 23
Jibs_PC#2046950459373110272 roll 3
Jibs_PC#2046950459373110272 roll 1
DICE 3 1 2 1 0 0 
Jibs_PC#2046950459373110272 move 4
Jibs_PC#2046950459373110272 endattack
Jibs_PC#2046950459373110272 nomove
CARD 30
Jibs_PC#2046950459373110272 placearmies 16 5
Jibs_PC#2046950459373110272 attack 16 20
Jibs_PC#2046950459373110272 roll 3
Jibs_PC#2046950459373110272 roll 1
DICE 3 1 1 0 0 1 
Jibs_PC#2046950459373110272 roll 3
Jibs_PC#2046950459373110272 roll 1
DICE 3 1 3 2 0 3 
Jibs_PC#2046950459373110272 roll 3
Jibs_PC#2046950459373110272 roll 1
DICE 3 1 5 3 2 4 
Jibs_PC#2046950459373110272 move 11
Jibs_PC#2046950459373110272 attack 20 21
Jibs_PC#2046950459373110272 roll 3
Jibs_PC#2046950459373110272 roll 2
DICE 3 2 5 3 0 4 0 
Jibs_PC#2046950459373110272 roll 3
Jibs_PC#2046950459373110272 roll 1
DICE 3 1 2 2 1 0 
Jibs_PC#2046950459373110272 move 10
Jibs_PC#2046950459373110272 attack 21 12
Jibs_PC#2046950459373110272 roll 3
Jibs_PC#2046950459373110272 roll 1
DICE 3 1 4 4 0 3 
Jibs_PC#2046950459373110272 move 9
Jibs_PC#2046950459373110272 attack 12 11
Jibs_PC#2046950459373110272 roll 3
Jibs_PC#2046950459373110272 roll 1
DICE 3 1 4 3 2 0 
Jibs_PC#2046950459373110272 move 8
Jibs_PC#2046950459373110272 attack 11 13
Jibs_PC#2046950459373110272 roll 3
Jibs_PC#2046950459373110272 roll 2
DICE 3 2 5 4 3 2 2 
Jibs_PC#2046950459373110272 move 3
Jibs_PC#2046950459373110272 attack 11 10
Jibs_PC#2046950459373110272 roll 3
Jibs_PC#2046950459373110272 roll 1
DICE 3 1 5 5 3 2 
Jibs_PC#2046950459373110272 move 4
Jibs_PC#2046950459373110272 endattack
Jibs_PC#2046950459373110272 movearmies 13 11 1
CARD 1
Jibs_PC#2046950459373110272 placearmies 1 1
Jibs_PC#2046950459373110272 placearmies 1 1
Jibs_PC#2046950459373110272 placearmies 1 1
Jibs_PC#2046950459373110272 attack 1 38
Jibs_PC#2046950459373110272 roll 3
Jibs_PC#2046950459373110272 roll 2
DICE 3 2 3 3 2 5 2 
Jibs_PC#2046950459373110272 roll 3
Jibs_PC#2046950459373110272 roll 2
DICE 3 2 4 1 0 5 0 
Jibs_PC#2046950459373110272 roll 3
Jibs_PC#2046950459373110272 roll 2
DICE 3 2 5 4 0 5 2 
Jibs_PC#2046950459373110272 roll 3
Jibs_PC#2046950459373110272 roll 1
DICE 3 1 5 4 2 1 
Jibs_PC#2046950459373110272 move 5
Jibs_PC#2046950459373110272 attack 38 37
Jibs_PC#2046950459373110272 roll 3
Jibs_PC#2046950459373110272 roll 1
DICE 3 1 5 4 4 5 
Jibs_PC#2046950459373110272 roll 3
Jibs_PC#2046950459373110272 roll 1
DICE 3 1 2 1 0 2 
Jibs_PC#2046950459373110272 retreat
Jibs_PC#2046950459373110272 endattack
Jibs_PC#2046950459373110272 nomove
CARD 39
Jibs_PC#2046950459373110272 placearmies 32 2
Jibs_PC#2046950459373110272 placearmies 32 1
Jibs_PC#2046950459373110272 attack 32 33
Jibs_PC#2046950459373110272 roll 3
Jibs_PC#2046950459373110272 roll 2
DICE 3 2 2 2 0 4 3 
Jibs_PC#2046950459373110272 retreat
Jibs_PC#2046950459373110272 attack 32 29
Jibs_PC#2046950459373110272 roll 2
Jibs_PC#2046950459373110272 roll 1
DICE 2 1 3 1 3 
Jibs_PC#2046950459373110272 retreat
Jibs_PC#2046950459373110272 endattack
Jibs_PC#2046950459373110272 nomove
CARD 
Jibs_PC#2046950459373110272 placearmies 23 3
Jibs_PC#2046950459373110272 attack 23 21
Jibs_PC#2046950459373110272 roll 3
Jibs_PC#2046950459373110272 roll 1
DICE 3 1 2 2 1 4 
Jibs_PC#2046950459373110272 roll 3
Jibs_PC#2046950459373110272 roll 1
DICE 3 1 1 1 0 2 
Jibs_PC#2046950459373110272 roll 3
Jibs_PC#2046950459373110272 roll 1
DICE 3 1 2 1 0 3 
Jibs_PC#2046950459373110272 roll 3
Jibs_PC#2046950459373110272 roll 1
DICE 3 1 2 2 2 1 
Jibs_PC#2046950459373110272 attack 21 12
Jibs_PC#2046950459373110272 roll 2
Jibs_PC#2046950459373110272 roll 1
DICE 2 1 4 2 4 
Jibs_PC#2046950459373110272 retreat
Jibs_PC#2046950459373110272 endattack
Jibs_PC#2046950459373110272 movearmies 19 21 1
CARD 41
Jibs_PC#2046950459373110272 trade wildcard 18 19
Jibs_PC#2046950459373110272 trade 6 36 1
Jibs_PC#2046950459373110272 placearmies 16 27
Jibs_PC#2046950459373110272 placearmies 12 1
Jibs_PC#2046950459373110272 attack 16 31
Jibs_PC#2046950459373110272 roll 3
Jibs_PC#2046950459373110272 roll 1
DICE 3 1 3 3 1 0 
Jibs_PC#2046950459373110272 move 27
Jibs_PC#2046950459373110272 attack 31 22
Jibs_PC#2046950459373110272 roll 3
Jibs_PC#2046950459373110272 roll 1
DICE 3 1 1 0 0 3 
Jibs_PC#2046950459373110272 roll 3
Jibs_PC#2046950459373110272 roll 1
DICE 3 1 3 2 1 0 
Jibs_PC#2046950459373110272 move 25
Jibs_PC#2046950459373110272 attack 22 24
Jibs_PC#2046950459373110272 roll 3
Jibs_PC#2046950459373110272 roll 1
DICE 3 1 4 3 2 1 
Jibs_PC#2046950459373110272 move 24
Jibs_PC#2046950459373110272 attack 24 26
Jibs_PC#2046950459373110272 roll 3
Jibs_PC#2046950459373110272 roll 1
DICE 3 1 5 3 0 2 
Jibs_PC#2046950459373110272 move 23
Jibs_PC#2046950459373110272 attack 26 25
Jibs_PC#2046950459373110272 roll 3
Jibs_PC#2046950459373110272 roll 1
DICE 3 1 3 2 1 1 
Jibs_PC#2046950459373110272 move 22
Jibs_PC#2046950459373110272 attack 25 23
Jibs_PC#2046950459373110272 roll 3
Jibs_PC#2046950459373110272 roll 1
DICE 3 1 2 1 0 1 
Jibs_PC#2046950459373110272 move 21
Jibs_PC#2046950459373110272 attack 23 21
Jibs_PC#2046950459373110272 roll 3
Jibs_PC#2046950459373110272 roll 2
DICE 3 2 5 1 0 5 3 
Jibs_PC#2046950459373110272 roll 3
Jibs_PC#2046950459373110272 roll 2
DICE 3 2 4 3 2 2 2 
Jibs_PC#2046950459373110272 roll 3
Jibs_PC#2046950459373110272 roll 1
DICE 3 1 3 3 2 2 
Jibs_PC#2046950459373110272 move 18
Jibs_PC#2046950459373110272 attack 21 19
Jibs_PC#2046950459373110272 roll 3
Jibs_PC#2046950459373110272 roll 1
DICE 3 1 5 4 3 4 
Jibs_PC#2046950459373110272 move 17
Jibs_PC#2046950459373110272 attack 19 18
Jibs_PC#2046950459373110272 roll 3
Jibs_PC#2046950459373110272 roll 1
DICE 3 1 5 3 0 2 
Jibs_PC#2046950459373110272 move 15
Jibs_PC#2046950459373110272 attack 18 17
Jibs_PC#2046950459373110272 roll 3
Jibs_PC#2046950459373110272 roll 1
DICE 3 1 5 1 0 0 
Jibs_PC#2046950459373110272 move 13
Jibs_PC#2046950459373110272 attack 17 15
Jibs_PC#2046950459373110272 roll 3
Jibs_PC#2046950459373110272 roll 1
DICE 3 1 5 4 0 0 
Jibs_PC#2046950459373110272 move 11
Jibs_PC#2046950459373110272 attack 15 14
Jibs_PC#2046950459373110272 roll 3
Jibs_PC#2046950459373110272 roll 1
DICE 3 1 3 1 0 2 
Jibs_PC#2046950459373110272 move 10
Jibs_PC#2046950459373110272 attack 14 6
Jibs_PC#2046950459373110272 roll 3
Jibs_PC#2046950459373110272 roll 2
DICE 3 2 5 4 0 4 4 
Jibs_PC#2046950459373110272 roll 3
Jibs_PC#2046950459373110272 roll 1
DICE 3 1 2 2 1 1 
Jibs_PC#2046950459373110272 move 8
Jibs_PC#2046950459373110272 attack 10 5
Jibs_PC#2046950459373110272 roll 3
Jibs_PC#2046950459373110272 roll 1
DICE 3 1 3 1 1 4 
Jibs_PC#2046950459373110272 roll 2
Jibs_PC#2046950459373110272 roll 1
DICE 2 1 2 0 4 
Jibs_PC#2046950459373110272 retreat
Jibs_PC#2046950459373110272 attack 6 8
Jibs_PC#2046950459373110272 roll 3
Jibs_PC#2046950459373110272 roll 1
DICE 3 1 5 1 0 5 
Jibs_PC#2046950459373110272 roll 3
Jibs_PC#2046950459373110272 roll 1
DICE 3 1 2 1 1 5 
Jibs_PC#2046950459373110272 roll 3
Jibs_PC#2046950459373110272 roll 1
DICE 3 1 5 2 2 0 
Jibs_PC#2046950459373110272 move 4
Jibs_PC#2046950459373110272 endattack
Jibs_PC#2046950459373110272 movearmies 8 6 3
CARD 34
Jibs_PC#2046950459373110272 placearmies 38 1
Jibs_PC#2046950459373110272 placearmies 7 2
Jibs_PC#2046950459373110272 attack 7 8
Jibs_PC#2046950459373110272 roll 2
Jibs_PC#2046950459373110272 roll 1
DICE 2 1 4 2 5 
Jibs_PC#2046950459373110272 retreat
Jibs_PC#2046950459373110272 attack 38 37
Jibs_PC#2046950459373110272 roll 3
Jibs_PC#2046950459373110272 roll 1
DICE 3 1 3 3 0 5 
Jibs_PC#2046950459373110272 roll 2
Jibs_PC#2046950459373110272 roll 1
DICE 2 1 2 1 4 
Jibs_PC#2046950459373110272 retreat
Jibs_PC#2046950459373110272 endattack
Jibs_PC#2046950459373110272 nomove
CARD 
Jibs_PC#2046950459373110272 placearmies 32 2
Jibs_PC#2046950459373110272 placearmies 32 1
Jibs_PC#2046950459373110272 attack 32 33
Jibs_PC#2046950459373110272 roll 3
Jibs_PC#2046950459373110272 roll 2
DICE 3 2 4 1 0 5 2 
Jibs_PC#2046950459373110272 retreat
Jibs_PC#2046950459373110272 attack 32 29
Jibs_PC#2046950459373110272 roll 2
Jibs_PC#2046950459373110272 roll 1
DICE 2 1 4 4 5 
Jibs_PC#2046950459373110272 retreat
Jibs_PC#2046950459373110272 endattack
Jibs_PC#2046950459373110272 nomove
CARD 
Jibs_PC#2046950459373110272 trade 11 30 41
Jibs_PC#2046950459373110272 placearmies 6 20
Jibs_PC#2046950459373110272 placearmies 6 2
Jibs_PC#2046950459373110272 placearmies 6 8
Jibs_PC#2046950459373110272 placearmies 16 1
Jibs_PC#2046950459373110272 attack 6 7
Jibs_PC#2046950459373110272 roll 3
Jibs_PC#2046950459373110272 roll 2
DICE 3 2 4 1 1 2 1 
Jibs_PC#2046950459373110272 roll 3
Jibs_PC#2046950459373110272 roll 1
DICE 3 1 5 3 1 2 
Jibs_PC#2046950459373110272 move 32
Jibs_PC#2046950459373110272 attack 7 9
Jibs_PC#2046950459373110272 roll 3
Jibs_PC#2046950459373110272 roll 1
DICE 3 1 5 4 1 1 
Jibs_PC#2046950459373110272 move 31
Jibs_PC#2046950459373110272 attack 9 5
Jibs_PC#2046950459373110272 roll 3
Jibs_PC#2046950459373110272 roll 1
DICE 3 1 5 2 1 2 
Jibs_PC#2046950459373110272 move 30
Jibs_PC#2046950459373110272 attack 5 4
Jibs_PC#2046950459373110272 roll 3
Jibs_PC#2046950459373110272 roll 1
DICE 3 1 2 0 0 2 
Jibs_PC#2046950459373110272 roll 3
Jibs_PC#2046950459373110272 roll 1
DICE 3 1 4 3 1 0 
Jibs_PC#2046950459373110272 move 28
Jibs_PC#2046950459373110272 attack 4 3
Jibs_PC#2046950459373110272 roll 3
Jibs_PC#2046950459373110272 roll 1
DICE 3 1 5 4 0 5 
Jibs_PC#2046950459373110272 roll 3
Jibs_PC#2046950459373110272 roll 1
DICE 3 1 4 0 0 2 
Jibs_PC#2046950459373110272 move 26
Jibs_PC#2046950459373110272 attack 3 2
Jibs_PC#2046950459373110272 roll 3
Jibs_PC#2046950459373110272 roll 1
DICE 3 1 2 0 0 0 
Jibs_PC#2046950459373110272 move 24
Jibs_PC#2046950459373110272 attack 2 1
Jibs_PC#2046950459373110272 roll 3
Jibs_PC#2046950459373110272 roll 1
DICE 3 1 5 0 0 4 
Jibs_PC#2046950459373110272 move 23
