Jibs_PC#947671753178622976 newplayer ai hard green s0914007
Jibs_PC#947671753178622976 newplayer ai hard blue bob
Jibs_PC#947671753178622976 newplayer ai hard red fred
Jibs_PC#947671753178622976 newplayer ai hard cyan ted
Jibs_PC#947671753178622976 newplayer ai hard magenta yura
Jibs_PC#947671753178622976 newplayer ai hard yellow lala
Jibs_PC#947671753178622976 startgame mission fixed autoplaceall recycle
PLAYER lala
MISSION 1 3 1 0 0 0
PLACEALL 25 17 36 34 18 3 9 40 1 13 26 23 33 7 20 39 28 27 19 2 16 8 42 38 12 21 10 29 14 35 32 24 37 31 6 15 41 4 30 11 5 22
Jibs_PC#947671753178622976 placearmies 9 1
CARD 
Jibs_PC#947671753178622976 placearmies 40 1
CARD 
Jibs_PC#947671753178622976 placearmies 36 1
CARD 
Jibs_PC#947671753178622976 placearmies 34 1
CARD 
Jibs_PC#947671753178622976 placearmies 5 1
CARD 
Jibs_PC#947671753178622976 placearmies 23 1
CARD 
Jibs_PC#947671753178622976 placearmies 9 1
CARD 
Jibs_PC#947671753178622976 placearmies 40 1
CARD 
Jibs_PC#947671753178622976 placearmies 36 1
CARD 
Jibs_PC#947671753178622976 placearmies 39 1
CARD 
Jibs_PC#947671753178622976 placearmies 5 1
CARD 
Jibs_PC#947671753178622976 placearmies 23 1
CARD 
Jibs_PC#947671753178622976 placearmies 9 1
CARD 
Jibs_PC#947671753178622976 placearmies 40 1
CARD 
Jibs_PC#947671753178622976 placearmies 36 1
CARD 
Jibs_PC#947671753178622976 placearmies 39 1
CARD 
Jibs_PC#947671753178622976 placearmies 5 1
CARD 
Jibs_PC#947671753178622976 placearmies 23 1
CARD 
Jibs_PC#947671753178622976 placearmies 9 1
CARD 
Jibs_PC#947671753178622976 placearmies 40 1
CARD 
Jibs_PC#947671753178622976 placearmies 36 1
CARD 
Jibs_PC#947671753178622976 placearmies 39 1
CARD 
Jibs_PC#947671753178622976 placearmies 5 1
CARD 
Jibs_PC#947671753178622976 placearmies 23 1
CARD 
Jibs_PC#947671753178622976 placearmies 9 1
CARD 
Jibs_PC#947671753178622976 placearmies 40 1
CARD 
Jibs_PC#947671753178622976 placearmies 36 1
CARD 
Jibs_PC#947671753178622976 placearmies 39 1
CARD 
Jibs_PC#947671753178622976 placearmies 5 1
CARD 
Jibs_PC#947671753178622976 placearmies 23 1
CARD 
Jibs_PC#947671753178622976 placearmies 9 1
CARD 
Jibs_PC#947671753178622976 placearmies 40 1
CARD 
Jibs_PC#947671753178622976 placearmies 36 1
CARD 
Jibs_PC#947671753178622976 placearmies 39 1
CARD 
Jibs_PC#947671753178622976 placearmies 5 1
CARD 
Jibs_PC#947671753178622976 placearmies 23 1
CARD 
Jibs_PC#947671753178622976 placearmies 9 1
CARD 
Jibs_PC#947671753178622976 placearmies 40 1
CARD 
Jibs_PC#947671753178622976 placearmies 36 1
CARD 
Jibs_PC#947671753178622976 placearmies 39 1
CARD 
Jibs_PC#947671753178622976 placearmies 5 1
CARD 
Jibs_PC#947671753178622976 placearmies 23 1
CARD 
Jibs_PC#947671753178622976 placearmies 9 1
CARD 
Jibs_PC#947671753178622976 placearmies 21 1
CARD 
Jibs_PC#947671753178622976 placearmies 36 1
CARD 
Jibs_PC#947671753178622976 placearmies 39 1
CARD 
Jibs_PC#947671753178622976 placearmies 5 1
CARD 
Jibs_PC#947671753178622976 placearmies 23 1
CARD 
Jibs_PC#947671753178622976 placearmies 9 1
CARD 
Jibs_PC#947671753178622976 placearmies 21 1
CARD 
Jibs_PC#947671753178622976 placearmies 36 1
CARD 
Jibs_PC#947671753178622976 placearmies 39 1
CARD 
Jibs_PC#947671753178622976 placearmies 5 1
CARD 
Jibs_PC#947671753178622976 placearmies 23 1
CARD 
Jibs_PC#947671753178622976 placearmies 9 1
CARD 
Jibs_PC#947671753178622976 placearmies 21 1
CARD 
Jibs_PC#947671753178622976 placearmies 36 1
CARD 
Jibs_PC#947671753178622976 placearmies 39 1
CARD 
Jibs_PC#947671753178622976 placearmies 5 1
CARD 
Jibs_PC#947671753178622976 placearmies 23 1
CARD 
Jibs_PC#947671753178622976 placearmies 9 1
CARD 
Jibs_PC#947671753178622976 placearmies 21 1
CARD 
Jibs_PC#947671753178622976 placearmies 36 1
CARD 
Jibs_PC#947671753178622976 placearmies 39 1
CARD 
Jibs_PC#947671753178622976 placearmies 5 1
CARD 
Jibs_PC#947671753178622976 placearmies 23 1
CARD 
Jibs_PC#947671753178622976 placearmies 9 1
CARD 
Jibs_PC#947671753178622976 placearmies 21 1
CARD 
Jibs_PC#947671753178622976 placearmies 36 1
CARD 
Jibs_PC#947671753178622976 placearmies 39 1
CARD 
Jibs_PC#947671753178622976 placearmies 5 1
CARD 
Jibs_PC#947671753178622976 placearmies 23 1
CARD 
Jibs_PC#947671753178622976 placearmies 9 1
CARD 
Jibs_PC#947671753178622976 placearmies 21 1
CARD 
Jibs_PC#947671753178622976 placearmies 36 1
CARD 
Jibs_PC#947671753178622976 placearmies 39 1
CARD 
Jibs_PC#947671753178622976 placearmies 5 1
CARD 
Jibs_PC#947671753178622976 placearmies 23 1
CARD 
Jibs_PC#947671753178622976 placearmies 9 3
Jibs_PC#947671753178622976 attack 9 5
Jibs_PC#947671753178622976 roll 3
Jibs_PC#947671753178622976 roll 2
DICE 3 2 5 5 2 5 2 
Jibs_PC#947671753178622976 roll 3
Jibs_PC#947671753178622976 roll 2
DICE 3 2 3 0 0 5 1 
Jibs_PC#947671753178622976 roll 3
Jibs_PC#947671753178622976 roll 2
DICE 3 2 3 1 0 2 1 
Jibs_PC#947671753178622976 roll 3
Jibs_PC#947671753178622976 roll 2
DICE 3 2 3 2 0 2 1 
Jibs_PC#947671753178622976 roll 3
Jibs_PC#947671753178622976 roll 2
DICE 3 2 5 1 0 5 3 
Jibs_PC#947671753178622976 roll 3
Jibs_PC#947671753178622976 roll 2
DICE 3 2 2 0 0 5 0 
Jibs_PC#947671753178622976 roll 3
Jibs_PC#947671753178622976 roll 2
DICE 3 2 5 2 0 5 2 
Jibs_PC#947671753178622976 roll 3
Jibs_PC#947671753178622976 roll 2
DICE 3 2 5 3 0 4 0 
Jibs_PC#947671753178622976 retreat
Jibs_PC#947671753178622976 attack 9 4
Jibs_PC#947671753178622976 roll 3
Jibs_PC#947671753178622976 roll 1
DICE 3 1 3 2 2 4 
Jibs_PC#947671753178622976 roll 3
Jibs_PC#947671753178622976 roll 1
DICE 3 1 5 3 1 0 
Jibs_PC#947671753178622976 move 5
Jibs_PC#947671753178622976 endattack
Jibs_PC#947671753178622976 nomove
CARD 26
Jibs_PC#947671753178622976 placearmies 21 3
Jibs_PC#947671753178622976 attack 40 41
Jibs_PC#947671753178622976 roll 3
Jibs_PC#947671753178622976 roll 1
DICE 3 1 4 1 1 1 
Jibs_PC#947671753178622976 move 7
Jibs_PC#947671753178622976 attack 21 19
Jibs_PC#947671753178622976 roll 3
Jibs_PC#947671753178622976 roll 1
DICE 3 1 5 4 2 0 
Jibs_PC#947671753178622976 move 9
Jibs_PC#947671753178622976 attack 19 18
Jibs_PC#947671753178622976 roll 3
Jibs_PC#947671753178622976 roll 1
DICE 3 1 5 4 0 4 
Jibs_PC#947671753178622976 move 8
Jibs_PC#947671753178622976 attack 18 15
Jibs_PC#947671753178622976 roll 3
Jibs_PC#947671753178622976 roll 1
DICE 3 1 4 3 0 1 
Jibs_PC#947671753178622976 move 7
Jibs_PC#947671753178622976 attack 15 14
Jibs_PC#947671753178622976 roll 3
Jibs_PC#947671753178622976 roll 1
DICE 3 1 3 2 1 5 
Jibs_PC#947671753178622976 roll 3
Jibs_PC#947671753178622976 roll 1
DICE 3 1 2 1 1 1 
Jibs_PC#947671753178622976 move 5
Jibs_PC#947671753178622976 endattack
Jibs_PC#947671753178622976 nomove
CARD 13
Jibs_PC#947671753178622976 placearmies 36 3
Jibs_PC#947671753178622976 attack 36 38
Jibs_PC#947671753178622976 roll 3
Jibs_PC#947671753178622976 roll 1
DICE 3 1 4 4 1 2 
Jibs_PC#947671753178622976 move 16
Jibs_PC#947671753178622976 attack 38 35
Jibs_PC#947671753178622976 roll 3
Jibs_PC#947671753178622976 roll 1
DICE 3 1 3 2 1 0 
Jibs_PC#947671753178622976 move 15
Jibs_PC#947671753178622976 attack 35 27
Jibs_PC#947671753178622976 roll 3
Jibs_PC#947671753178622976 roll 1
DICE 3 1 5 2 0 0 
Jibs_PC#947671753178622976 move 14
Jibs_PC#947671753178622976 attack 27 28
Jibs_PC#947671753178622976 roll 3
Jibs_PC#947671753178622976 roll 1
DICE 3 1 4 1 1 4 
Jibs_PC#947671753178622976 roll 3
Jibs_PC#947671753178622976 roll 1
DICE 3 1 5 3 1 3 
Jibs_PC#947671753178622976 move 12
Jibs_PC#947671753178622976 attack 28 29
Jibs_PC#947671753178622976 roll 3
Jibs_PC#947671753178622976 roll 1
DICE 3 1 4 2 1 2 
Jibs_PC#947671753178622976 move 11
Jibs_PC#947671753178622976 attack 29 32
Jibs_PC#947671753178622976 roll 3
Jibs_PC#947671753178622976 roll 1
DICE 3 1 4 2 1 3 
Jibs_PC#947671753178622976 move 10
Jibs_PC#947671753178622976 attack 32 31
Jibs_PC#947671753178622976 roll 3
Jibs_PC#947671753178622976 roll 1
DICE 3 1 3 1 0 0 
Jibs_PC#947671753178622976 move 9
Jibs_PC#947671753178622976 endattack
Jibs_PC#947671753178622976 nomove
CARD 23
Jibs_PC#947671753178622976 placearmies 39 3
Jibs_PC#947671753178622976 attack 39 33
Jibs_PC#947671753178622976 roll 3
Jibs_PC#947671753178622976 roll 1
DICE 3 1 5 4 2 1 
Jibs_PC#947671753178622976 move 15
Jibs_PC#947671753178622976 attack 33 29
Jibs_PC#947671753178622976 roll 3
Jibs_PC#947671753178622976 roll 1
DICE 3 1 5 1 0 3 
Jibs_PC#947671753178622976 move 14
Jibs_PC#947671753178622976 attack 29 27
Jibs_PC#947671753178622976 roll 3
Jibs_PC#947671753178622976 roll 1
DICE 3 1 4 2 1 2 
Jibs_PC#947671753178622976 move 13
Jibs_PC#947671753178622976 attack 27 28
Jibs_PC#947671753178622976 roll 3
Jibs_PC#947671753178622976 roll 1
DICE 3 1 2 1 1 2 
Jibs_PC#947671753178622976 roll 3
Jibs_PC#947671753178622976 roll 1
DICE 3 1 3 1 0 5 
Jibs_PC#947671753178622976 retreat
Jibs_PC#947671753178622976 endattack
Jibs_PC#947671753178622976 nomove
CARD 35
Jibs_PC#947671753178622976 placearmies 5 3
Jibs_PC#947671753178622976 attack 5 10
Jibs_PC#947671753178622976 roll 3
Jibs_PC#947671753178622976 roll 1
DICE 3 1 5 3 0 0 
Jibs_PC#947671753178622976 move 10
Jibs_PC#947671753178622976 attack 10 11
Jibs_PC#947671753178622976 roll 3
Jibs_PC#947671753178622976 roll 1
DICE 3 1 5 2 1 0 
Jibs_PC#947671753178622976 move 9
Jibs_PC#947671753178622976 attack 11 12
Jibs_PC#947671753178622976 roll 3
Jibs_PC#947671753178622976 roll 1
DICE 3 1 5 3 2 4 
Jibs_PC#947671753178622976 move 8
Jibs_PC#947671753178622976 attack 12 13
Jibs_PC#947671753178622976 roll 3
Jibs_PC#947671753178622976 roll 1
DICE 3 1 4 4 1 0 
Jibs_PC#947671753178622976 move 3
Jibs_PC#947671753178622976 endattack
Jibs_PC#947671753178622976 movearmies 13 12 2
CARD 15
Jibs_PC#947671753178622976 placearmies 23 3
Jibs_PC#947671753178622976 attack 23 21
Jibs_PC#947671753178622976 roll 3
Jibs_PC#947671753178622976 roll 1
DICE 3 1 5 4 2 0 
Jibs_PC#947671753178622976 move 16
Jibs_PC#947671753178622976 attack 21 12
Jibs_PC#947671753178622976 roll 3
Jibs_PC#947671753178622976 roll 2
DICE 3 2 4 2 2 2 1 
Jibs_PC#947671753178622976 roll 3
Jibs_PC#947671753178622976 roll 2
DICE 3 2 5 5 5 0 0 
Jibs_PC#947671753178622976 roll 3
Jibs_PC#947671753178622976 roll 2
DICE 3 2 4 3 3 1 0 
Jibs_PC#947671753178622976 roll 3
Jibs_PC#947671753178622976 roll 1
DICE 3 1 5 2 1 3 
Jibs_PC#947671753178622976 move 15
Jibs_PC#947671753178622976 attack 12 10
Jibs_PC#947671753178622976 roll 3
Jibs_PC#947671753178622976 roll 1
DICE 3 1 5 4 2 0 
Jibs_PC#947671753178622976 move 14
Jibs_PC#947671753178622976 attack 10 11
Jibs_PC#947671753178622976 roll 3
Jibs_PC#947671753178622976 roll 1
DICE 3 1 4 2 0 4 
Jibs_PC#947671753178622976 roll 3
Jibs_PC#947671753178622976 roll 1
DICE 3 1 5 4 1 2 
Jibs_PC#947671753178622976 move 5
Jibs_PC#947671753178622976 attack 11 13
Jibs_PC#947671753178622976 roll 3
Jibs_PC#947671753178622976 roll 1
DICE 3 1 2 2 0 5 
Jibs_PC#947671753178622976 roll 3
Jibs_PC#947671753178622976 roll 1
DICE 3 1 2 1 0 3 
Jibs_PC#947671753178622976 roll 2
Jibs_PC#947671753178622976 roll 1
DICE 2 1 2 1 2 
Jibs_PC#947671753178622976 retreat
Jibs_PC#947671753178622976 endattack
Jibs_PC#947671753178622976 nomove
CARD wildcard
Jibs_PC#947671753178622976 placearmies 4 3
Jibs_PC#947671753178622976 attack 4 3
Jibs_PC#947671753178622976 roll 3
Jibs_PC#947671753178622976 roll 1
DICE 3 1 3 2 1 5 
Jibs_PC#947671753178622976 roll 3
Jibs_PC#947671753178622976 roll 1
DICE 3 1 5 5 5 2 
Jibs_PC#947671753178622976 move 6
Jibs_PC#947671753178622976 endattack
Jibs_PC#947671753178622976 nomove
CARD 12
Jibs_PC#947671753178622976 placearmies 19 3
Jibs_PC#947671753178622976 attack 41 39
Jibs_PC#947671753178622976 roll 3
Jibs_PC#947671753178622976 roll 1
DICE 3 1 5 4 2 3 
Jibs_PC#947671753178622976 move 6
Jibs_PC#947671753178622976 attack 19 20
Jibs_PC#947671753178622976 roll 3
Jibs_PC#947671753178622976 roll 1
DICE 3 1 4 4 0 2 
Jibs_PC#947671753178622976 attack 20 16
Jibs_PC#947671753178622976 roll 2
Jibs_PC#947671753178622976 roll 1
DICE 2 1 5 2 5 
Jibs_PC#947671753178622976 retreat
Jibs_PC#947671753178622976 attack 39 33
Jibs_PC#947671753178622976 roll 3
Jibs_PC#947671753178622976 roll 1
DICE 3 1 4 3 0 3 
Jibs_PC#947671753178622976 move 5
Jibs_PC#947671753178622976 endattack
Jibs_PC#947671753178622976 nomove
CARD wildcard
Jibs_PC#947671753178622976 placearmies 36 3
Jibs_PC#947671753178622976 attack 36 29
Jibs_PC#947671753178622976 roll 3
Jibs_PC#947671753178622976 roll 1
DICE 3 1 2 0 0 1 
Jibs_PC#947671753178622976 attack 31 22
Jibs_PC#947671753178622976 roll 3
Jibs_PC#947671753178622976 roll 1
DICE 3 1 2 2 1 3 
Jibs_PC#947671753178622976 roll 3
Jibs_PC#947671753178622976 roll 1
DICE 3 1 2 2 1 2 
Jibs_PC#947671753178622976 roll 3
Jibs_PC#947671753178622976 roll 1
DICE 3 1 5 0 0 3 
Jibs_PC#947671753178622976 move 6
Jibs_PC#947671753178622976 attack 22 20
Jibs_PC#947671753178622976 roll 3
Jibs_PC#947671753178622976 roll 2
DICE 3 2 3 3 2 3 2 
Jibs_PC#947671753178622976 roll 3
Jibs_PC#947671753178622976 roll 1
DICE 3 1 5 4 4 5 
Jibs_PC#947671753178622976 retreat
Jibs_PC#947671753178622976 endattack
Jibs_PC#947671753178622976 movearmies 22 31 3
CARD 22
Jibs_PC#947671753178622976 placearmies 27 3
Jibs_PC#947671753178622976 attack 27 29
Jibs_PC#947671753178622976 roll 3
Jibs_PC#947671753178622976 roll 2
DICE 3 2 3 2 0 3 2 
Jibs_PC#947671753178622976 roll 3
Jibs_PC#947671753178622976 roll 2
DICE 3 2 4 4 3 4 3 
Jibs_PC#947671753178622976 retreat
Jibs_PC#947671753178622976 attack 27 28
Jibs_PC#947671753178622976 roll 3
Jibs_PC#947671753178622976 roll 1
DICE 3 1 4 2 0 2 
Jibs_PC#947671753178622976 move 10
Jibs_PC#947671753178622976 attack 28 16
Jibs_PC#947671753178622976 roll 3
Jibs_PC#947671753178622976 roll 1
DICE 3 1 3 1 1 0 
Jibs_PC#947671753178622976 move 9
Jibs_PC#947671753178622976 attack 16 20
Jibs_PC#947671753178622976 roll 3
Jibs_PC#947671753178622976 roll 1
DICE 3 1 4 4 1 0 
Jibs_PC#947671753178622976 move 8
Jibs_PC#947671753178622976 attack 20 18
Jibs_PC#947671753178622976 roll 3
Jibs_PC#947671753178622976 roll 1
DICE 3 1 5 3 2 2 
Jibs_PC#947671753178622976 move 7
Jibs_PC#947671753178622976 attack 18 15
Jibs_PC#947671753178622976 roll 3
Jibs_PC#947671753178622976 roll 1
DICE 3 1 3 3 0 1 
Jibs_PC#947671753178622976 move 6
Jibs_PC#947671753178622976 attack 15 17
Jibs_PC#947671753178622976 roll 3
Jibs_PC#947671753178622976 roll 1
DICE 3 1 2 2 1 4 
Jibs_PC#947671753178622976 roll 3
Jibs_PC#947671753178622976 roll 1
DICE 3 1 2 1 1 4 
Jibs_PC#947671753178622976 roll 3
Jibs_PC#947671753178622976 roll 1
DICE 3 1 3 3 0 4 
Jibs_PC#947671753178622976 roll 2
Jibs_PC#947671753178622976 roll 1
DICE 2 1 3 0 2 
Jibs_PC#947671753178622976 endattack
Jibs_PC#947671753178622976 nomove
CARD 28
Jibs_PC#947671753178622976 placearmies 42 3
Jibs_PC#947671753178622976 attack 42 40
Jibs_PC#947671753178622976 roll 3
Jibs_PC#947671753178622976 roll 1
DICE 3 1 5 3 1 1 
Jibs_PC#947671753178622976 endattack
Jibs_PC#947671753178622976 nomove
CARD 33
Jibs_PC#947671753178622976 placearmies 11 3
Jibs_PC#947671753178622976 attack 11 13
Jibs_PC#947671753178622976 roll 3
Jibs_PC#947671753178622976 roll 1
DICE 3 1 4 2 1 4 
Jibs_PC#947671753178622976 roll 3
Jibs_PC#947671753178622976 roll 1
DICE 3 1 4 3 1 0 
Jibs_PC#947671753178622976 attack 10 5
Jibs_PC#947671753178622976 roll 3
Jibs_PC#947671753178622976 roll 1
DICE 3 1 4 3 0 1 
Jibs_PC#947671753178622976 move 7
Jibs_PC#947671753178622976 attack 5 9
Jibs_PC#947671753178622976 roll 3
Jibs_PC#947671753178622976 roll 1
DICE 3 1 4 1 1 4 
Jibs_PC#947671753178622976 roll 3
Jibs_PC#947671753178622976 roll 1
DICE 3 1 3 3 0 1 
Jibs_PC#947671753178622976 move 4
Jibs_PC#947671753178622976 endattack
Jibs_PC#947671753178622976 movearmies 9 5 3
CARD 1
Jibs_PC#947671753178622976 placearmies 3 2
Jibs_PC#947671753178622976 placearmies 3 1
Jibs_PC#947671753178622976 attack 3 1
Jibs_PC#947671753178622976 roll 3
Jibs_PC#947671753178622976 roll 1
DICE 3 1 5 4 3 2 
Jibs_PC#947671753178622976 move 8
Jibs_PC#947671753178622976 endattack
Jibs_PC#947671753178622976 nomove
CARD 7
Jibs_PC#947671753178622976 placearmies 41 3
Jibs_PC#947671753178622976 attack 41 42
Jibs_PC#947671753178622976 roll 3
Jibs_PC#947671753178622976 roll 1
DICE 3 1 2 1 0 2 
Jibs_PC#947671753178622976 roll 2
Jibs_PC#947671753178622976 roll 1
DICE 2 1 4 3 4 
Jibs_PC#947671753178622976 retreat
Jibs_PC#947671753178622976 attack 14 15
Jibs_PC#947671753178622976 roll 3
Jibs_PC#947671753178622976 roll 1
DICE 3 1 4 3 2 0 
Jibs_PC#947671753178622976 move 4
Jibs_PC#947671753178622976 attack 33 32
Jibs_PC#947671753178622976 roll 3
Jibs_PC#947671753178622976 roll 1
DICE 3 1 4 3 0 5 
Jibs_PC#947671753178622976 roll 3
Jibs_PC#947671753178622976 roll 1
DICE 3 1 4 2 1 2 
Jibs_PC#947671753178622976 endattack
Jibs_PC#947671753178622976 nomove
CARD 24
Jibs_PC#947671753178622976 placearmies 29 3
Jibs_PC#947671753178622976 attack 29 32
Jibs_PC#947671753178622976 roll 3
Jibs_PC#947671753178622976 roll 2
DICE 3 2 4 2 1 2 0 
Jibs_PC#947671753178622976 roll 3
Jibs_PC#947671753178622976 roll 1
DICE 3 1 3 2 0 3 
Jibs_PC#947671753178622976 retreat
Jibs_PC#947671753178622976 attack 29 27
Jibs_PC#947671753178622976 roll 3
Jibs_PC#947671753178622976 roll 1
DICE 3 1 5 2 1 2 
Jibs_PC#947671753178622976 attack 27 28
Jibs_PC#947671753178622976 roll 2
Jibs_PC#947671753178622976 roll 1
DICE 2 1 4 2 3 
Jibs_PC#947671753178622976 attack 31 32
Jibs_PC#947671753178622976 roll 3
Jibs_PC#947671753178622976 roll 1
DICE 3 1 1 1 1 4 
Jibs_PC#947671753178622976 roll 2
Jibs_PC#947671753178622976 roll 1
DICE 2 1 4 0 5 
Jibs_PC#947671753178622976 retreat
Jibs_PC#947671753178622976 endattack
Jibs_PC#947671753178622976 nomove
CARD 14
Jibs_PC#947671753178622976 placearmies 34 2
Jibs_PC#947671753178622976 placearmies 34 1
Jibs_PC#947671753178622976 attack 34 27
Jibs_PC#947671753178622976 roll 3
Jibs_PC#947671753178622976 roll 1
DICE 3 1 3 2 0 4 
Jibs_PC#947671753178622976 roll 3
Jibs_PC#947671753178622976 roll 1
DICE 3 1 5 1 1 1 
Jibs_PC#947671753178622976 endattack
Jibs_PC#947671753178622976 nomove
CARD 3
Jibs_PC#947671753178622976 placearmies 40 1
Jibs_PC#947671753178622976 placearmies 40 1
Jibs_PC#947671753178622976 placearmies 26 1
Jibs_PC#947671753178622976 attack 40 41
Jibs_PC#947671753178622976 roll 3
Jibs_PC#947671753178622976 roll 2
DICE 3 2 5 4 2 4 0 
Jibs_PC#947671753178622976 move 4
Jibs_PC#947671753178622976 attack 41 39
Jibs_PC#947671753178622976 roll 3
Jibs_PC#947671753178622976 roll 1
DICE 3 1 3 3 0 3 
Jibs_PC#947671753178622976 roll 2
Jibs_PC#947671753178622976 roll 1
DICE 2 1 4 2 4 
Jibs_PC#947671753178622976 retreat
Jibs_PC#947671753178622976 endattack
Jibs_PC#947671753178622976 nomove
CARD 5
Jibs_PC#947671753178622976 placearmies 21 1
Jibs_PC#947671753178622976 placearmies 21 3
Jibs_PC#947671753178622976 placearmies 21 1
Jibs_PC#947671753178622976 attack 21 24
Jibs_PC#947671753178622976 roll 3
Jibs_PC#947671753178622976 roll 1
DICE 3 1 5 5 2 0 
Jibs_PC#947671753178622976 move 4
Jibs_PC#947671753178622976 attack 24 26
Jibs_PC#947671753178622976 roll 3
Jibs_PC#947671753178622976 roll 2
DICE 3 2 4 4 2 2 1 
Jibs_PC#947671753178622976 attack 26 25
Jibs_PC#947671753178622976 roll 2
Jibs_PC#947671753178622976 roll 1
DICE 2 1 5 0 3 
Jibs_PC#947671753178622976 attack 5 4
Jibs_PC#947671753178622976 roll 3
Jibs_PC#947671753178622976 roll 1
DICE 3 1 5 4 0 2 
Jibs_PC#947671753178622976 move 4
Jibs_PC#947671753178622976 endattack
Jibs_PC#947671753178622976 movearmies 25 24 1
CARD 11
Jibs_PC#947671753178622976 trade 26 12 7
Jibs_PC#947671753178622976 placearmies 1 9
Jibs_PC#947671753178622976 placearmies 1 4
Jibs_PC#947671753178622976 attack 1 2
Jibs_PC#947671753178622976 roll 3
Jibs_PC#947671753178622976 roll 1
DICE 3 1 5 2 1 2 
Jibs_PC#947671753178622976 move 20
Jibs_PC#947671753178622976 attack 2 7
Jibs_PC#947671753178622976 roll 3
Jibs_PC#947671753178622976 roll 1
DICE 3 1 4 2 1 3 
Jibs_PC#947671753178622976 move 19
Jibs_PC#947671753178622976 attack 7 9
Jibs_PC#947671753178622976 roll 3
Jibs_PC#947671753178622976 roll 1
DICE 3 1 3 1 1 5 
Jibs_PC#947671753178622976 roll 3
Jibs_PC#947671753178622976 roll 1
DICE 3 1 5 4 0 4 
Jibs_PC#947671753178622976 move 17
Jibs_PC#947671753178622976 attack 9 5
Jibs_PC#947671753178622976 roll 3
Jibs_PC#947671753178622976 roll 1
DICE 3 1 5 3 1 1 
Jibs_PC#947671753178622976 move 16
Jibs_PC#947671753178622976 attack 5 10
Jibs_PC#947671753178622976 roll 3
Jibs_PC#947671753178622976 roll 1
DICE 3 1 3 1 0 1 
Jibs_PC#947671753178622976 move 15
Jibs_PC#947671753178622976 attack 10 12
Jibs_PC#947671753178622976 roll 3
Jibs_PC#947671753178622976 roll 1
DICE 3 1 4 2 1 2 
Jibs_PC#947671753178622976 move 14
Jibs_PC#947671753178622976 attack 12 21
Jibs_PC#947671753178622976 roll 3
Jibs_PC#947671753178622976 roll 2
DICE 3 2 4 3 0 5 0 
Jibs_PC#947671753178622976 roll 3
Jibs_PC#947671753178622976 roll 1
DICE 3 1 2 2 1 4 
Jibs_PC#947671753178622976 roll 3
Jibs_PC#947671753178622976 roll 1
DICE 3 1 5 1 0 5 
Jibs_PC#947671753178622976 roll 3
Jibs_PC#947671753178622976 roll 1
DICE 3 1 4 2 0 3 
Jibs_PC#947671753178622976 move 10
Jibs_PC#947671753178622976 attack 21 22
Jibs_PC#947671753178622976 roll 3
Jibs_PC#947671753178622976 roll 1
DICE 3 1 4 1 1 3 
Jibs_PC#947671753178622976 move 9
Jibs_PC#947671753178622976 attack 22 24
Jibs_PC#947671753178622976 roll 3
Jibs_PC#947671753178622976 roll 2
DICE 3 2 4 2 0 3 1 
Jibs_PC#947671753178622976 move 8
Jibs_PC#947671753178622976 attack 24 26
Jibs_PC#947671753178622976 roll 3
Jibs_PC#947671753178622976 roll 1
DICE 3 1 4 1 0 3 
Jibs_PC#947671753178622976 move 7
Jibs_PC#947671753178622976 attack 26 25
Jibs_PC#947671753178622976 roll 3
Jibs_PC#947671753178622976 roll 1
DICE 3 1 3 3 2 2 
Jibs_PC#947671753178622976 move 6
Jibs_PC#947671753178622976 attack 25 23
Jibs_PC#947671753178622976 roll 3
Jibs_PC#947671753178622976 roll 1
DICE 3 1 3 0 0 1 
Jibs_PC#947671753178622976 move 3
Jibs_PC#947671753178622976 endattack
Jibs_PC#947671753178622976 movearmies 23 21 2
CARD 19
Jibs_PC#947671753178622976 trade 13 wildcard 24
Jibs_PC#947671753178622976 placearmies 19 7
Jibs_PC#947671753178622976 placearmies 19 3
Jibs_PC#947671753178622976 placearmies 39 3
Jibs_PC#947671753178622976 attack 19 21
Jibs_PC#947671753178622976 roll 3
Jibs_PC#947671753178622976 roll 2
DICE 3 2 5 4 1 1 1 
Jibs_PC#947671753178622976 roll 3
Jibs_PC#947671753178622976 roll 1
DICE 3 1 5 1 0 3 
Jibs_PC#947671753178622976 move 10
Jibs_PC#947671753178622976 attack 21 12
Jibs_PC#947671753178622976 roll 3
Jibs_PC#947671753178622976 roll 1
DICE 3 1 2 1 0 3 
Jibs_PC#947671753178622976 roll 3
Jibs_PC#947671753178622976 roll 1
DICE 3 1 5 4 1 1 
Jibs_PC#947671753178622976 move 8
Jibs_PC#947671753178622976 attack 12 11
Jibs_PC#947671753178622976 roll 3
Jibs_PC#947671753178622976 roll 1
DICE 3 1 5 3 2 0 
Jibs_PC#947671753178622976 move 7
Jibs_PC#947671753178622976 attack 11 10
Jibs_PC#947671753178622976 roll 3
Jibs_PC#947671753178622976 roll 1
DICE 3 1 4 3 0 0 
Jibs_PC#947671753178622976 move 6
Jibs_PC#947671753178622976 attack 10 5
Jibs_PC#947671753178622976 roll 3
Jibs_PC#947671753178622976 roll 1
DICE 3 1 3 2 2 1 
Jibs_PC#947671753178622976 move 5
Jibs_PC#947671753178622976 attack 5 9
Jibs_PC#947671753178622976 roll 3
Jibs_PC#947671753178622976 roll 1
DICE 3 1 4 0 0 1 
Jibs_PC#947671753178622976 move 4
Jibs_PC#947671753178622976 endattack
Jibs_PC#947671753178622976 nomove
CARD 10
Jibs_PC#947671753178622976 placearmies 31 2
Jibs_PC#947671753178622976 placearmies 31 1
Jibs_PC#947671753178622976 attack 31 32
Jibs_PC#947671753178622976 roll 3
Jibs_PC#947671753178622976 roll 1
DICE 3 1 4 4 3 1 
Jibs_PC#947671753178622976 move 4
Jibs_PC#947671753178622976 attack 32 33
Jibs_PC#947671753178622976 roll 3
Jibs_PC#947671753178622976 roll 1
DICE 3 1 3 2 0 5 
Jibs_PC#947671753178622976 roll 2
Jibs_PC#947671753178622976 roll 1
DICE 2 1 5 3 4 
Jibs_PC#947671753178622976 endattack
Jibs_PC#947671753178622976 nomove
CARD 9
Jibs_PC#947671753178622976 placearmies 27 1
Jibs_PC#947671753178622976 placearmies 17 2
Jibs_PC#947671753178622976 attack 17 19
Jibs_PC#947671753178622976 roll 3
Jibs_PC#947671753178622976 roll 1
DICE 3 1 4 4 1 4 
Jibs_PC#947671753178622976 roll 2
Jibs_PC#947671753178622976 roll 1
DICE 2 1 4 1 0 
Jibs_PC#947671753178622976 endattack
Jibs_PC#947671753178622976 nomove
CARD 29
Jibs_PC#947671753178622976 placearmies 6 3
Jibs_PC#947671753178622976 attack 6 14
Jibs_PC#947671753178622976 roll 3
Jibs_PC#947671753178622976 roll 1
DICE 3 1 3 2 0 4 
Jibs_PC#947671753178622976 roll 2
Jibs_PC#947671753178622976 roll 1
DICE 2 1 1 1 3 
Jibs_PC#947671753178622976 retreat
Jibs_PC#947671753178622976 endattack
Jibs_PC#947671753178622976 nomove
CARD 
Jibs_PC#947671753178622976 trade wildcard 1 11
Jibs_PC#947671753178622976 placearmies 13 8
Jibs_PC#947671753178622976 placearmies 13 1
Jibs_PC#947671753178622976 placearmies 13 1
Jibs_PC#947671753178622976 placearmies 13 3
Jibs_PC#947671753178622976 attack 13 11
Jibs_PC#947671753178622976 roll 3
Jibs_PC#947671753178622976 roll 1
DICE 3 1 5 4 4 2 
Jibs_PC#947671753178622976 move 15
Jibs_PC#947671753178622976 attack 11 12
Jibs_PC#947671753178622976 roll 3
Jibs_PC#947671753178622976 roll 1
DICE 3 1 4 3 1 3 
Jibs_PC#947671753178622976 move 14
Jibs_PC#947671753178622976 attack 12 10
Jibs_PC#947671753178622976 roll 3
Jibs_PC#947671753178622976 roll 1
DICE 3 1 5 4 3 0 
Jibs_PC#947671753178622976 move 12
Jibs_PC#947671753178622976 attack 4 3
Jibs_PC#947671753178622976 roll 3
Jibs_PC#947671753178622976 roll 1
DICE 3 1 4 2 1 3 
Jibs_PC#947671753178622976 attack 3 1
Jibs_PC#947671753178622976 roll 2
Jibs_PC#947671753178622976 roll 1
DICE 2 1 5 2 2 
Jibs_PC#947671753178622976 attack 10 5
Jibs_PC#947671753178622976 roll 3
Jibs_PC#947671753178622976 roll 1
DICE 3 1 3 0 0 4 
Jibs_PC#947671753178622976 roll 3
Jibs_PC#947671753178622976 roll 1
DICE 3 1 4 3 2 1 
Jibs_PC#947671753178622976 move 10
Jibs_PC#947671753178622976 attack 5 9
Jibs_PC#947671753178622976 roll 3
Jibs_PC#947671753178622976 roll 2
DICE 3 2 5 2 2 3 1 
Jibs_PC#947671753178622976 roll 3
Jibs_PC#947671753178622976 roll 2
DICE 3 2 5 5 2 4 0 
Jibs_PC#947671753178622976 move 9
Jibs_PC#947671753178622976 attack 9 7
Jibs_PC#947671753178622976 roll 3
Jibs_PC#947671753178622976 roll 1
DICE 3 1 5 3 3 4 
Jibs_PC#947671753178622976 move 7
Jibs_PC#947671753178622976 attack 7 8
Jibs_PC#947671753178622976 roll 3
Jibs_PC#947671753178622976 roll 1
DICE 3 1 1 0 0 3 
Jibs_PC#947671753178622976 roll 3
Jibs_PC#947671753178622976 roll 1
DICE 3 1 5 4 3 1 
Jibs_PC#947671753178622976 move 4
Jibs_PC#947671753178622976 attack 8 6
Jibs_PC#947671753178622976 roll 3
Jibs_PC#947671753178622976 roll 2
DICE 3 2 4 4 2 4 0 
Jibs_PC#947671753178622976 roll 2
Jibs_PC#947671753178622976 roll 1
DICE 2 1 4 3 5 
Jibs_PC#947671753178622976 retreat
Jibs_PC#947671753178622976 endattack
Jibs_PC#947671753178622976 movearmies 1 3 1
CARD 34
Jibs_PC#947671753178622976 placearmies 22 3
Jibs_PC#947671753178622976 attack 22 21
Jibs_PC#947671753178622976 roll 3
Jibs_PC#947671753178622976 roll 1
DICE 3 1 4 3 0 3 
Jibs_PC#947671753178622976 endattack
Jibs_PC#947671753178622976 movearmies 25 23 1
CARD 40
Jibs_PC#947671753178622976 placearmies 39 1
Jibs_PC#947671753178622976 placearmies 15 1
Jibs_PC#947671753178622976 placearmies 15 1
Jibs_PC#947671753178622976 attack 39 41
Jibs_PC#947671753178622976 roll 3
Jibs_PC#947671753178622976 roll 2
DICE 3 2 1 0 0 3 3 
Jibs_PC#947671753178622976 retreat
Jibs_PC#947671753178622976 attack 15 16
Jibs_PC#947671753178622976 roll 3
Jibs_PC#947671753178622976 roll 1
DICE 3 1 5 5 4 2 
Jibs_PC#947671753178622976 move 5
Jibs_PC#947671753178622976 attack 16 18
Jibs_PC#947671753178622976 roll 3
Jibs_PC#947671753178622976 roll 1
DICE 3 1 4 2 0 2 
Jibs_PC#947671753178622976 move 4
Jibs_PC#947671753178622976 attack 18 17
Jibs_PC#947671753178622976 roll 3
Jibs_PC#947671753178622976 roll 1
DICE 3 1 3 1 0 0 
Jibs_PC#947671753178622976 endattack
Jibs_PC#947671753178622976 nomove
CARD 36
Jibs_PC#947671753178622976 trade 23 22 9
Jibs_PC#947671753178622976 placearmies 28 2
Jibs_PC#947671753178622976 placearmies 33 10
Jibs_PC#947671753178622976 placearmies 33 1
Jibs_PC#947671753178622976 attack 33 39
Jibs_PC#947671753178622976 roll 3
Jibs_PC#947671753178622976 roll 2
DICE 3 2 4 3 1 3 3 
Jibs_PC#947671753178622976 roll 3
Jibs_PC#947671753178622976 roll 2
DICE 3 2 4 4 3 4 3 
Jibs_PC#947671753178622976 roll 3
Jibs_PC#947671753178622976 roll 1
DICE 3 1 5 4 2 2 
Jibs_PC#947671753178622976 move 10
Jibs_PC#947671753178622976 attack 39 41
Jibs_PC#947671753178622976 roll 3
Jibs_PC#947671753178622976 roll 2
DICE 3 2 3 1 1 4 1 
Jibs_PC#947671753178622976 roll 3
Jibs_PC#947671753178622976 roll 2
DICE 3 2 5 3 0 5 4 
Jibs_PC#947671753178622976 roll 3
Jibs_PC#947671753178622976 roll 2
DICE 3 2 3 2 1 2 2 
Jibs_PC#947671753178622976 roll 3
Jibs_PC#947671753178622976 roll 1
DICE 3 1 3 1 0 0 
Jibs_PC#947671753178622976 move 4
Jibs_PC#947671753178622976 attack 41 42
Jibs_PC#947671753178622976 roll 3
Jibs_PC#947671753178622976 roll 1
DICE 3 1 4 3 0 2 
Jibs_PC#947671753178622976 endattack
Jibs_PC#947671753178622976 nomove
CARD 39
Jibs_PC#947671753178622976 placearmies 27 3
Jibs_PC#947671753178622976 attack 27 28
Jibs_PC#947671753178622976 roll 3
Jibs_PC#947671753178622976 roll 2
DICE 3 2 5 3 1 3 0 
Jibs_PC#947671753178622976 roll 3
Jibs_PC#947671753178622976 roll 2
DICE 3 2 5 4 2 5 2 
Jibs_PC#947671753178622976 roll 3
Jibs_PC#947671753178622976 roll 1
DICE 3 1 5 4 2 3 
Jibs_PC#947671753178622976 move 5
Jibs_PC#947671753178622976 endattack
Jibs_PC#947671753178622976 nomove
CARD 6
Jibs_PC#947671753178622976 placearmies 40 3
Jibs_PC#947671753178622976 attack 40 39
Jibs_PC#947671753178622976 roll 3
Jibs_PC#947671753178622976 roll 1
DICE 3 1 1 0 0 0 
Jibs_PC#947671753178622976 endattack
Jibs_PC#947671753178622976 nomove
CARD 41
Jibs_PC#947671753178622976 placearmies 7 2
Jibs_PC#947671753178622976 placearmies 12 1
Jibs_PC#947671753178622976 placearmies 7 1
Jibs_PC#947671753178622976 placearmies 7 1
Jibs_PC#947671753178622976 attack 7 2
Jibs_PC#947671753178622976 roll 3
Jibs_PC#947671753178622976 roll 1
DICE 3 1 3 0 0 0 
Jibs_PC#947671753178622976 move 4
Jibs_PC#947671753178622976 attack 2 6
Jibs_PC#947671753178622976 roll 3
Jibs_PC#947671753178622976 roll 1
DICE 3 1 4 4 0 2 
Jibs_PC#947671753178622976 endattack
Jibs_PC#947671753178622976 movearmies 3 1 1
CARD 30
Jibs_PC#947671753178622976 placearmies 21 1
Jibs_PC#947671753178622976 placearmies 21 4
Jibs_PC#947671753178622976 placearmies 22 1
Jibs_PC#947671753178622976 attack 21 12
Jibs_PC#947671753178622976 roll 3
Jibs_PC#947671753178622976 roll 2
DICE 3 2 5 2 2 1 0 
Jibs_PC#947671753178622976 roll 3
Jibs_PC#947671753178622976 roll 1
DICE 3 1 4 1 0 2 
Jibs_PC#947671753178622976 move 6
Jibs_PC#947671753178622976 attack 12 10
Jibs_PC#947671753178622976 roll 3
Jibs_PC#947671753178622976 roll 1
DICE 3 1 5 3 0 1 
Jibs_PC#947671753178622976 move 5
Jibs_PC#947671753178622976 attack 10 5
Jibs_PC#947671753178622976 roll 3
Jibs_PC#947671753178622976 roll 1
DICE 3 1 5 4 0 2 
Jibs_PC#947671753178622976 move 4
Jibs_PC#947671753178622976 endattack
Jibs_PC#947671753178622976 movearmies 23 21 1
CARD 25
Jibs_PC#947671753178622976 placearmies 17 2
Jibs_PC#947671753178622976 placearmies 17 1
Jibs_PC#947671753178622976 attack 17 19
Jibs_PC#947671753178622976 roll 3
Jibs_PC#947671753178622976 roll 2
DICE 3 2 4 1 0 4 0 
Jibs_PC#947671753178622976 roll 3
Jibs_PC#947671753178622976 roll 1
DICE 3 1 3 1 1 5 
Jibs_PC#947671753178622976 roll 3
Jibs_PC#947671753178622976 roll 1
DICE 3 1 5 1 1 4 
Jibs_PC#947671753178622976 attack 19 20
Jibs_PC#947671753178622976 roll 2
Jibs_PC#947671753178622976 roll 1
DICE 2 1 2 1 2 
Jibs_PC#947671753178622976 retreat
Jibs_PC#947671753178622976 endattack
Jibs_PC#947671753178622976 nomove
CARD 20
Jibs_PC#947671753178622976 placearmies 42 1
Jibs_PC#947671753178622976 placearmies 42 1
Jibs_PC#947671753178622976 placearmies 29 1
Jibs_PC#947671753178622976 attack 42 40
Jibs_PC#947671753178622976 roll 3
Jibs_PC#947671753178622976 roll 1
DICE 3 1 2 1 0 4 
Jibs_PC#947671753178622976 roll 3
Jibs_PC#947671753178622976 roll 1
DICE 3 1 5 3 0 4 
Jibs_PC#947671753178622976 endattack
Jibs_PC#947671753178622976 nomove
CARD 37
Jibs_PC#947671753178622976 trade 28 29 6
Jibs_PC#947671753178622976 placearmies 28 8
Jibs_PC#947671753178622976 placearmies 28 1
Jibs_PC#947671753178622976 attack 28 29
Jibs_PC#947671753178622976 roll 3
Jibs_PC#947671753178622976 roll 2
DICE 3 2 5 3 1 4 1 
Jibs_PC#947671753178622976 move 15
Jibs_PC#947671753178622976 attack 29 33
Jibs_PC#947671753178622976 roll 3
Jibs_PC#947671753178622976 roll 1
DICE 3 1 5 3 0 0 
Jibs_PC#947671753178622976 move 14
Jibs_PC#947671753178622976 attack 33 39
Jibs_PC#947671753178622976 roll 3
Jibs_PC#947671753178622976 roll 2
DICE 3 2 3 2 0 2 0 
Jibs_PC#947671753178622976 roll 3
Jibs_PC#947671753178622976 roll 1
DICE 3 1 4 2 0 0 
Jibs_PC#947671753178622976 move 13
Jibs_PC#947671753178622976 trade 35 15 5
Jibs_PC#947671753178622976 placearmies 34 10
Jibs_PC#947671753178622976 attack 34 38
Jibs_PC#947671753178622976 roll 3
Jibs_PC#947671753178622976 roll 1
DICE 3 1 4 1 0 5 
Jibs_PC#947671753178622976 roll 3
Jibs_PC#947671753178622976 roll 1
DICE 3 1 5 2 0 2 
Jibs_PC#947671753178622976 move 9
Jibs_PC#947671753178622976 attack 38 37
Jibs_PC#947671753178622976 roll 3
Jibs_PC#947671753178622976 roll 1
DICE 3 1 2 1 0 5 
Jibs_PC#947671753178622976 roll 3
Jibs_PC#947671753178622976 roll 1
DICE 3 1 2 2 1 4 
Jibs_PC#947671753178622976 roll 3
Jibs_PC#947671753178622976 roll 1
DICE 3 1 4 3 2 0 
Jibs_PC#947671753178622976 move 6
Jibs_PC#947671753178622976 attack 37 36
Jibs_PC#947671753178622976 roll 3
Jibs_PC#947671753178622976 roll 1
DICE 3 1 5 5 2 3 
Jibs_PC#947671753178622976 move 5
Jibs_PC#947671753178622976 attack 36 35
Jibs_PC#947671753178622976 roll 3
Jibs_PC#947671753178622976 roll 1
DICE 3 1 4 4 2 1 
Jibs_PC#947671753178622976 move 3
Jibs_PC#947671753178622976 attack 39 41
Jibs_PC#947671753178622976 roll 3
Jibs_PC#947671753178622976 roll 1
DICE 3 1 3 3 2 5 
Jibs_PC#947671753178622976 roll 3
Jibs_PC#947671753178622976 roll 1
DICE 3 1 4 1 0 2 
Jibs_PC#947671753178622976 move 11
Jibs_PC#947671753178622976 attack 41 42
Jibs_PC#947671753178622976 roll 3
Jibs_PC#947671753178622976 roll 1
DICE 3 1 5 4 4 4 
Jibs_PC#947671753178622976 move 8
Jibs_PC#947671753178622976 attack 42 40
Jibs_PC#947671753178622976 roll 3
Jibs_PC#947671753178622976 roll 2
DICE 3 2 5 5 2 3 0 
Jibs_PC#947671753178622976 roll 3
Jibs_PC#947671753178622976 roll 1
DICE 3 1 5 1 0 3 
Jibs_PC#947671753178622976 move 3
Jibs_PC#947671753178622976 endattack
Jibs_PC#947671753178622976 movearmies 35 38 2
CARD 4
Jibs_PC#947671753178622976 placearmies 6 1
Jibs_PC#947671753178622976 placearmies 6 1
Jibs_PC#947671753178622976 placearmies 9 1
Jibs_PC#947671753178622976 attack 6 14
Jibs_PC#947671753178622976 roll 3
Jibs_PC#947671753178622976 roll 1
DICE 3 1 5 1 0 5 
Jibs_PC#947671753178622976 roll 3
Jibs_PC#947671753178622976 roll 1
DICE 3 1 4 0 0 4 
Jibs_PC#947671753178622976 roll 2
Jibs_PC#947671753178622976 roll 1
DICE 2 1 3 1 2 
Jibs_PC#947671753178622976 endattack
Jibs_PC#947671753178622976 movearmies 8 9 1
CARD 31
Jibs_PC#947671753178622976 trade 19 40 25
Jibs_PC#947671753178622976 placearmies 12 7
Jibs_PC#947671753178622976 placearmies 12 3
Jibs_PC#947671753178622976 placearmies 5 4
Jibs_PC#947671753178622976 placearmies 21 2
Jibs_PC#947671753178622976 attack 12 13
Jibs_PC#947671753178622976 roll 3
Jibs_PC#947671753178622976 roll 1
DICE 3 1 4 1 0 4 
Jibs_PC#947671753178622976 roll 3
Jibs_PC#947671753178622976 roll 1
DICE 3 1 3 3 0 1 
Jibs_PC#947671753178622976 move 5
Jibs_PC#947671753178622976 attack 12 11
Jibs_PC#947671753178622976 roll 3
Jibs_PC#947671753178622976 roll 1
DICE 3 1 5 3 1 1 
Jibs_PC#947671753178622976 move 3
Jibs_PC#947671753178622976 attack 5 4
Jibs_PC#947671753178622976 roll 3
Jibs_PC#947671753178622976 roll 1
DICE 3 1 5 3 2 3 
Jibs_PC#947671753178622976 move 6
Jibs_PC#947671753178622976 attack 4 7
Jibs_PC#947671753178622976 roll 3
Jibs_PC#947671753178622976 roll 2
DICE 3 2 4 1 0 0 0 
Jibs_PC#947671753178622976 move 5
Jibs_PC#947671753178622976 attack 21 20
Jibs_PC#947671753178622976 roll 3
Jibs_PC#947671753178622976 roll 1
DICE 3 1 3 1 1 1 
Jibs_PC#947671753178622976 move 3
Jibs_PC#947671753178622976 attack 7 8
Jibs_PC#947671753178622976 roll 3
Jibs_PC#947671753178622976 roll 1
DICE 3 1 5 3 0 4 
Jibs_PC#947671753178622976 move 4
Jibs_PC#947671753178622976 endattack
Jibs_PC#947671753178622976 movearmies 20 21 2
CARD 42
Jibs_PC#947671753178622976 placearmies 19 2
Jibs_PC#947671753178622976 placearmies 19 1
Jibs_PC#947671753178622976 attack 19 20
Jibs_PC#947671753178622976 roll 3
Jibs_PC#947671753178622976 roll 1
DICE 3 1 5 2 1 0 
Jibs_PC#947671753178622976 move 4
Jibs_PC#947671753178622976 attack 20 22
Jibs_PC#947671753178622976 roll 3
Jibs_PC#947671753178622976 roll 2
DICE 3 2 3 1 1 2 1 
Jibs_PC#947671753178622976 roll 2
Jibs_PC#947671753178622976 roll 1
DICE 2 1 3 2 4 
Jibs_PC#947671753178622976 retreat
Jibs_PC#947671753178622976 endattack
Jibs_PC#947671753178622976 nomove
CARD 18
Jibs_PC#947671753178622976 placearmies 30 3
Jibs_PC#947671753178622976 attack 30 29
Jibs_PC#947671753178622976 roll 3
Jibs_PC#947671753178622976 roll 1
DICE 3 1 5 5 2 0 
Jibs_PC#947671753178622976 endattack
Jibs_PC#947671753178622976 nomove
CARD 17
Jibs_PC#947671753178622976 placearmies 38 2
Jibs_PC#947671753178622976 placearmies 33 1
Jibs_PC#947671753178622976 placearmies 33 1
Jibs_PC#947671753178622976 placearmies 33 2
Jibs_PC#947671753178622976 attack 33 32
Jibs_PC#947671753178622976 roll 3
Jibs_PC#947671753178622976 roll 1
DICE 3 1 5 0 0 5 
Jibs_PC#947671753178622976 roll 3
Jibs_PC#947671753178622976 roll 1
DICE 3 1 4 4 0 0 
Jibs_PC#947671753178622976 endattack
Jibs_PC#947671753178622976 movearmies 32 33 2
CARD 8
Jibs_PC#947671753178622976 trade 34 30 31
Jibs_PC#947671753178622976 placearmies 9 8
Jibs_PC#947671753178622976 placearmies 14 5
Jibs_PC#947671753178622976 attack 9 5
Jibs_PC#947671753178622976 roll 3
Jibs_PC#947671753178622976 roll 2
DICE 3 2 4 1 0 3 0 
Jibs_PC#947671753178622976 move 11
Jibs_PC#947671753178622976 attack 5 10
Jibs_PC#947671753178622976 roll 3
Jibs_PC#947671753178622976 roll 1
DICE 3 1 3 2 0 2 
Jibs_PC#947671753178622976 move 10
Jibs_PC#947671753178622976 attack 10 12
Jibs_PC#947671753178622976 roll 3
Jibs_PC#947671753178622976 roll 2
DICE 3 2 2 1 1 4 1 
Jibs_PC#947671753178622976 roll 3
Jibs_PC#947671753178622976 roll 2
DICE 3 2 3 1 0 4 3 
Jibs_PC#947671753178622976 retreat
Jibs_PC#947671753178622976 endattack
Jibs_PC#947671753178622976 nomove
CARD 27
Jibs_PC#947671753178622976 placearmies 22 1
Jibs_PC#947671753178622976 placearmies 8 4
Jibs_PC#947671753178622976 placearmies 21 1
Jibs_PC#947671753178622976 placearmies 11 1
Jibs_PC#947671753178622976 attack 8 9
Jibs_PC#947671753178622976 roll 3
Jibs_PC#947671753178622976 roll 1
DICE 3 1 4 4 2 1 
Jibs_PC#947671753178622976 move 7
Jibs_PC#947671753178622976 endattack
Jibs_PC#947671753178622976 movearmies 13 12 4
CARD 32
Jibs_PC#947671753178622976 placearmies 20 2
Jibs_PC#947671753178622976 placearmies 20 1
Jibs_PC#947671753178622976 attack 20 22
Jibs_PC#947671753178622976 roll 3
Jibs_PC#947671753178622976 roll 2
DICE 3 2 5 4 2 1 0 
Jibs_PC#947671753178622976 move 4
Jibs_PC#947671753178622976 endattack
Jibs_PC#947671753178622976 nomove
CARD 38
Jibs_PC#947671753178622976 placearmies 29 1
Jibs_PC#947671753178622976 placearmies 29 1
Jibs_PC#947671753178622976 placearmies 31 1
Jibs_PC#947671753178622976 attack 29 33
Jibs_PC#947671753178622976 roll 3
Jibs_PC#947671753178622976 roll 2
DICE 3 2 5 3 0 0 0 
Jibs_PC#947671753178622976 roll 3
Jibs_PC#947671753178622976 roll 1
DICE 3 1 5 3 0 5 
Jibs_PC#947671753178622976 retreat
Jibs_PC#947671753178622976 attack 29 27
Jibs_PC#947671753178622976 roll 3
Jibs_PC#947671753178622976 roll 1
DICE 3 1 4 0 0 2 
Jibs_PC#947671753178622976 endattack
Jibs_PC#947671753178622976 nomove
CARD 2
Jibs_PC#947671753178622976 trade 33 41 8
Jibs_PC#947671753178622976 placearmies 33 8
Jibs_PC#947671753178622976 placearmies 33 5
Jibs_PC#947671753178622976 placearmies 38 1
Jibs_PC#947671753178622976 attack 33 29
Jibs_PC#947671753178622976 roll 3
Jibs_PC#947671753178622976 roll 1
DICE 3 1 5 4 4 2 
Jibs_PC#947671753178622976 move 15
Jibs_PC#947671753178622976 endattack
Jibs_PC#947671753178622976 movearmies 29 32 5
CARD 16
Jibs_PC#947671753178622976 placearmies 14 3
Jibs_PC#947671753178622976 attack 14 15
Jibs_PC#947671753178622976 roll 3
Jibs_PC#947671753178622976 roll 1
DICE 3 1 3 2 2 1 
Jibs_PC#947671753178622976 move 9
Jibs_PC#947671753178622976 endattack
Jibs_PC#947671753178622976 nomove
CARD 21
Jibs_PC#947671753178622976 placearmies 21 4
Jibs_PC#947671753178622976 attack 21 22
Jibs_PC#947671753178622976 roll 3
Jibs_PC#947671753178622976 roll 2
DICE 3 2 3 2 2 5 1 
Jibs_PC#947671753178622976 roll 3
Jibs_PC#947671753178622976 roll 2
DICE 3 2 5 4 2 4 3 
Jibs_PC#947671753178622976 roll 3
Jibs_PC#947671753178622976 roll 1
DICE 3 1 3 1 0 2 
Jibs_PC#947671753178622976 move 6
Jibs_PC#947671753178622976 attack 9 5
Jibs_PC#947671753178622976 roll 3
Jibs_PC#947671753178622976 roll 1
DICE 3 1 4 3 1 0 
Jibs_PC#947671753178622976 move 6
Jibs_PC#947671753178622976 endattack
Jibs_PC#947671753178622976 movearmies 22 21 1
CARD 11
Jibs_PC#947671753178622976 trade 20 18 38
Jibs_PC#947671753178622976 placearmies 16 2
Jibs_PC#947671753178622976 placearmies 16 1
Jibs_PC#947671753178622976 placearmies 17 4
Jibs_PC#947671753178622976 placearmies 17 2
Jibs_PC#947671753178622976 attack 17 14
Jibs_PC#947671753178622976 roll 3
Jibs_PC#947671753178622976 roll 1
DICE 3 1 3 3 0 3 
Jibs_PC#947671753178622976 roll 3
Jibs_PC#947671753178622976 roll 1
DICE 3 1 4 4 1 3 
Jibs_PC#947671753178622976 move 5
Jibs_PC#947671753178622976 endattack
Jibs_PC#947671753178622976 nomove
CARD 33
Jibs_PC#947671753178622976 trade 14 39 2
Jibs_PC#947671753178622976 placearmies 27 1
Jibs_PC#947671753178622976 placearmies 31 8
Jibs_PC#947671753178622976 placearmies 31 4
Jibs_PC#947671753178622976 attack 31 32
Jibs_PC#947671753178622976 roll 3
Jibs_PC#947671753178622976 roll 2
DICE 3 2 5 3 1 4 2 
Jibs_PC#947671753178622976 roll 3
Jibs_PC#947671753178622976 roll 2
DICE 3 2 5 4 3 3 1 
Jibs_PC#947671753178622976 roll 3
Jibs_PC#947671753178622976 roll 2
DICE 3 2 5 4 0 4 2 
Jibs_PC#947671753178622976 move 13
Jibs_PC#947671753178622976 attack 32 33
Jibs_PC#947671753178622976 roll 3
Jibs_PC#947671753178622976 roll 1
DICE 3 1 5 3 2 4 
Jibs_PC#947671753178622976 move 12
Jibs_PC#947671753178622976 attack 33 39
Jibs_PC#947671753178622976 roll 3
Jibs_PC#947671753178622976 roll 1
DICE 3 1 5 5 3 4 
Jibs_PC#947671753178622976 move 11
Jibs_PC#947671753178622976 attack 39 40
Jibs_PC#947671753178622976 roll 3
Jibs_PC#947671753178622976 roll 2
DICE 3 2 3 0 0 3 0 
Jibs_PC#947671753178622976 roll 3
Jibs_PC#947671753178622976 roll 2
DICE 3 2 2 1 1 5 5 
Jibs_PC#947671753178622976 retreat
Jibs_PC#947671753178622976 endattack
Jibs_PC#947671753178622976 nomove
CARD 7
Jibs_PC#947671753178622976 placearmies 29 3
Jibs_PC#947671753178622976 attack 29 30
Jibs_PC#947671753178622976 roll 3
Jibs_PC#947671753178622976 roll 1
DICE 3 1 5 2 0 3 
Jibs_PC#947671753178622976 move 12
Jibs_PC#947671753178622976 attack 30 31
Jibs_PC#947671753178622976 roll 3
Jibs_PC#947671753178622976 roll 1
DICE 3 1 4 3 1 4 
Jibs_PC#947671753178622976 roll 3
Jibs_PC#947671753178622976 roll 1
DICE 3 1 3 2 0 4 
Jibs_PC#947671753178622976 roll 3
Jibs_PC#947671753178622976 roll 1
DICE 3 1 5 3 1 2 
Jibs_PC#947671753178622976 move 9
Jibs_PC#947671753178622976 attack 31 22
Jibs_PC#947671753178622976 roll 3
Jibs_PC#947671753178622976 roll 2
DICE 3 2 1 1 1 4 1 
Jibs_PC#947671753178622976 roll 3
Jibs_PC#947671753178622976 roll 2
DICE 3 2 2 2 1 4 3 
Jibs_PC#947671753178622976 retreat
Jibs_PC#947671753178622976 attack 31 32
Jibs_PC#947671753178622976 roll 3
Jibs_PC#947671753178622976 roll 1
DICE 3 1 2 1 0 2 
Jibs_PC#947671753178622976 roll 3
Jibs_PC#947671753178622976 roll 1
DICE 3 1 5 4 3 3 
Jibs_PC#947671753178622976 attack 32 33
Jibs_PC#947671753178622976 roll 2
Jibs_PC#947671753178622976 roll 1
DICE 2 1 2 2 5 
Jibs_PC#947671753178622976 retreat
Jibs_PC#947671753178622976 endattack
Jibs_PC#947671753178622976 movearmies 42 40 4
CARD 23
Jibs_PC#947671753178622976 placearmies 6 3
Jibs_PC#947671753178622976 attack 15 14
Jibs_PC#947671753178622976 roll 3
Jibs_PC#947671753178622976 roll 2
DICE 3 2 5 2 0 5 3 
Jibs_PC#947671753178622976 roll 3
Jibs_PC#947671753178622976 roll 2
DICE 3 2 2 0 0 2 1 
Jibs_PC#947671753178622976 retreat
Jibs_PC#947671753178622976 attack 6 7
Jibs_PC#947671753178622976 roll 3
Jibs_PC#947671753178622976 roll 1
DICE 3 1 1 1 0 2 
Jibs_PC#947671753178622976 roll 2
Jibs_PC#947671753178622976 roll 1
DICE 2 1 2 2 3 
Jibs_PC#947671753178622976 retreat
Jibs_PC#947671753178622976 attack 10 11
Jibs_PC#947671753178622976 roll 3
Jibs_PC#947671753178622976 roll 2
DICE 3 2 4 3 2 5 4 
Jibs_PC#947671753178622976 roll 3
Jibs_PC#947671753178622976 roll 2
DICE 3 2 5 4 2 2 1 
Jibs_PC#947671753178622976 roll 3
Jibs_PC#947671753178622976 roll 2
DICE 3 2 5 2 2 2 0 
Jibs_PC#947671753178622976 endattack
Jibs_PC#947671753178622976 nomove
CARD 13
Jibs_PC#947671753178622976 placearmies 4 7
Jibs_PC#947671753178622976 attack 4 3
Jibs_PC#947671753178622976 roll 3
Jibs_PC#947671753178622976 roll 1
DICE 3 1 5 2 1 1 
Jibs_PC#947671753178622976 move 7
Jibs_PC#947671753178622976 attack 3 2
Jibs_PC#947671753178622976 roll 3
Jibs_PC#947671753178622976 roll 1
DICE 3 1 4 2 1 5 
Jibs_PC#947671753178622976 roll 3
Jibs_PC#947671753178622976 roll 1
DICE 3 1 3 2 2 1 
Jibs_PC#947671753178622976 move 5
Jibs_PC#947671753178622976 attack 2 1
Jibs_PC#947671753178622976 roll 3
Jibs_PC#947671753178622976 roll 2
DICE 3 2 3 3 0 4 3 
Jibs_PC#947671753178622976 retreat
Jibs_PC#947671753178622976 attack 12 10
Jibs_PC#947671753178622976 roll 3
Jibs_PC#947671753178622976 roll 1
DICE 3 1 5 3 2 1 
Jibs_PC#947671753178622976 move 5
Jibs_PC#947671753178622976 attack 10 11
Jibs_PC#947671753178622976 roll 3
Jibs_PC#947671753178622976 roll 2
DICE 3 2 3 2 0 5 1 
Jibs_PC#947671753178622976 roll 3
Jibs_PC#947671753178622976 roll 2
DICE 3 2 3 2 0 4 2 
Jibs_PC#947671753178622976 retreat
Jibs_PC#947671753178622976 attack 22 31
Jibs_PC#947671753178622976 roll 3
Jibs_PC#947671753178622976 roll 1
DICE 3 1 5 4 2 1 
Jibs_PC#947671753178622976 move 3
Jibs_PC#947671753178622976 endattack
Jibs_PC#947671753178622976 movearmies 31 22 2
CARD 35
Jibs_PC#947671753178622976 trade 10 36 33
Jibs_PC#947671753178622976 placearmies 14 5
Jibs_PC#947671753178622976 placearmies 14 5
Jibs_PC#947671753178622976 placearmies 16 1
Jibs_PC#947671753178622976 attack 14 15
Jibs_PC#947671753178622976 roll 3
Jibs_PC#947671753178622976 roll 2
DICE 3 2 4 4 3 4 2 
Jibs_PC#947671753178622976 roll 3
Jibs_PC#947671753178622976 roll 2
DICE 3 2 4 1 1 1 1 
Jibs_PC#947671753178622976 retreat
Jibs_PC#947671753178622976 attack 16 15
Jibs_PC#947671753178622976 roll 3
Jibs_PC#947671753178622976 roll 2
DICE 3 2 3 1 0 1 0 
Jibs_PC#947671753178622976 roll 3
Jibs_PC#947671753178622976 roll 1
DICE 3 1 5 2 1 2 
Jibs_PC#947671753178622976 move 3
Jibs_PC#947671753178622976 endattack
Jibs_PC#947671753178622976 movearmies 15 16 2
CARD 12
Jibs_PC#947671753178622976 placearmies 27 3
Jibs_PC#947671753178622976 attack 39 41
Jibs_PC#947671753178622976 roll 3
Jibs_PC#947671753178622976 roll 2
DICE 3 2 4 4 1 3 2 
Jibs_PC#947671753178622976 roll 3
Jibs_PC#947671753178622976 roll 1
DICE 3 1 5 1 1 0 
Jibs_PC#947671753178622976 move 6
Jibs_PC#947671753178622976 attack 41 42
Jibs_PC#947671753178622976 roll 3
Jibs_PC#947671753178622976 roll 1
DICE 3 1 4 4 4 3 
Jibs_PC#947671753178622976 move 5
Jibs_PC#947671753178622976 endattack
Jibs_PC#947671753178622976 nomove
CARD 34
Jibs_PC#947671753178622976 trade 3 16 23
Jibs_PC#947671753178622976 placearmies 40 1
Jibs_PC#947671753178622976 placearmies 40 6
Jibs_PC#947671753178622976 placearmies 38 5
Jibs_PC#947671753178622976 placearmies 36 1
Jibs_PC#947671753178622976 attack 40 39
Jibs_PC#947671753178622976 roll 3
Jibs_PC#947671753178622976 roll 1
DICE 3 1 3 2 0 2 
Jibs_PC#947671753178622976 move 13
Jibs_PC#947671753178622976 attack 39 33
Jibs_PC#947671753178622976 roll 3
Jibs_PC#947671753178622976 roll 1
DICE 3 1 3 3 2 4 
Jibs_PC#947671753178622976 roll 3
Jibs_PC#947671753178622976 roll 1
DICE 3 1 5 5 4 5 
Jibs_PC#947671753178622976 roll 3
Jibs_PC#947671753178622976 roll 1
DICE 3 1 4 3 2 2 
Jibs_PC#947671753178622976 move 3
Jibs_PC#947671753178622976 attack 39 41
Jibs_PC#947671753178622976 roll 3
Jibs_PC#947671753178622976 roll 1
DICE 3 1 5 3 3 3 
Jibs_PC#947671753178622976 move 7
Jibs_PC#947671753178622976 endattack
Jibs_PC#947671753178622976 movearmies 33 29 2
CARD 40
Jibs_PC#947671753178622976 placearmies 11 2
Jibs_PC#947671753178622976 placearmies 11 1
Jibs_PC#947671753178622976 attack 11 10
Jibs_PC#947671753178622976 roll 3
Jibs_PC#947671753178622976 roll 2
DICE 3 2 3 3 3 0 0 
Jibs_PC#947671753178622976 move 4
Jibs_PC#947671753178622976 endattack
Jibs_PC#947671753178622976 nomove
CARD wildcard
Jibs_PC#947671753178622976 trade 42 32 35
Jibs_PC#947671753178622976 placearmies 5 5
Jibs_PC#947671753178622976 placearmies 2 3
Jibs_PC#947671753178622976 placearmies 5 2
Jibs_PC#947671753178622976 placearmies 21 2
Jibs_PC#947671753178622976 attack 21 19
Jibs_PC#947671753178622976 roll 3
Jibs_PC#947671753178622976 roll 1
DICE 3 1 5 0 0 0 
Jibs_PC#947671753178622976 move 3
Jibs_PC#947671753178622976 attack 2 6
Jibs_PC#947671753178622976 roll 3
Jibs_PC#947671753178622976 roll 2
DICE 3 2 4 1 1 4 1 
Jibs_PC#947671753178622976 roll 3
Jibs_PC#947671753178622976 roll 2
DICE 3 2 4 1 0 2 1 
Jibs_PC#947671753178622976 roll 2
Jibs_PC#947671753178622976 roll 1
DICE 2 1 2 2 0 
Jibs_PC#947671753178622976 endattack
Jibs_PC#947671753178622976 movearmies 19 21 2
CARD 26
Jibs_PC#947671753178622976 placearmies 20 2
Jibs_PC#947671753178622976 placearmies 14 1
Jibs_PC#947671753178622976 attack 20 19
Jibs_PC#947671753178622976 roll 3
Jibs_PC#947671753178622976 roll 1
DICE 3 1 4 3 2 5 
Jibs_PC#947671753178622976 roll 3
Jibs_PC#947671753178622976 roll 1
DICE 3 1 3 1 0 5 
Jibs_PC#947671753178622976 roll 2
Jibs_PC#947671753178622976 roll 1
DICE 2 1 3 1 3 
Jibs_PC#947671753178622976 retreat
Jibs_PC#947671753178622976 attack 14 6
Jibs_PC#947671753178622976 roll 3
Jibs_PC#947671753178622976 roll 2
DICE 3 2 4 3 1 5 4 
Jibs_PC#947671753178622976 roll 3
Jibs_PC#947671753178622976 roll 2
DICE 3 2 5 2 0 5 2 
Jibs_PC#947671753178622976 roll 3
Jibs_PC#947671753178622976 roll 2
DICE 3 2 2 2 1 5 0 
Jibs_PC#947671753178622976 roll 3
Jibs_PC#947671753178622976 roll 1
DICE 3 1 2 2 0 0 
Jibs_PC#947671753178622976 move 8
Jibs_PC#947671753178622976 attack 6 8
Jibs_PC#947671753178622976 roll 3
Jibs_PC#947671753178622976 roll 1
DICE 3 1 5 2 2 4 
Jibs_PC#947671753178622976 move 7
Jibs_PC#947671753178622976 attack 8 9
Jibs_PC#947671753178622976 roll 3
Jibs_PC#947671753178622976 roll 1
DICE 3 1 4 3 2 4 
Jibs_PC#947671753178622976 roll 3
Jibs_PC#947671753178622976 roll 1
DICE 3 1 4 4 3 5 
Jibs_PC#947671753178622976 roll 3
Jibs_PC#947671753178622976 roll 1
DICE 3 1 2 0 0 0 
Jibs_PC#947671753178622976 move 4
Jibs_PC#947671753178622976 endattack
Jibs_PC#947671753178622976 nomove
CARD 1
Jibs_PC#947671753178622976 trade 17 7 34
Jibs_PC#947671753178622976 placearmies 42 3
Jibs_PC#947671753178622976 placearmies 42 4
Jibs_PC#947671753178622976 placearmies 42 1
Jibs_PC#947671753178622976 placearmies 42 1
Jibs_PC#947671753178622976 attack 42 41
Jibs_PC#947671753178622976 roll 3
Jibs_PC#947671753178622976 roll 2
DICE 3 2 4 1 0 5 0 
Jibs_PC#947671753178622976 roll 3
Jibs_PC#947671753178622976 roll 2
DICE 3 2 5 4 3 4 4 
Jibs_PC#947671753178622976 roll 3
Jibs_PC#947671753178622976 roll 2
DICE 3 2 4 4 3 4 0 
Jibs_PC#947671753178622976 roll 3
Jibs_PC#947671753178622976 roll 2
DICE 3 2 5 2 2 5 3 
Jibs_PC#947671753178622976 roll 3
Jibs_PC#947671753178622976 roll 2
DICE 3 2 3 3 2 3 1 
Jibs_PC#947671753178622976 roll 3
Jibs_PC#947671753178622976 roll 2
DICE 3 2 5 1 0 1 1 
Jibs_PC#947671753178622976 roll 3
Jibs_PC#947671753178622976 roll 2
DICE 3 2 5 4 3 5 3 
Jibs_PC#947671753178622976 roll 3
Jibs_PC#947671753178622976 roll 1
DICE 3 1 3 1 1 5 
Jibs_PC#947671753178622976 retreat
Jibs_PC#947671753178622976 attack 42 40
Jibs_PC#947671753178622976 roll 3
Jibs_PC#947671753178622976 roll 1
DICE 3 1 4 3 1 2 
Jibs_PC#947671753178622976 move 4
Jibs_PC#947671753178622976 attack 40 39
Jibs_PC#947671753178622976 roll 3
Jibs_PC#947671753178622976 roll 1
DICE 3 1 5 4 3 3 
Jibs_PC#947671753178622976 attack 39 41
Jibs_PC#947671753178622976 roll 2
Jibs_PC#947671753178622976 roll 1
DICE 2 1 3 0 2 
Jibs_PC#947671753178622976 endattack
Jibs_PC#947671753178622976 movearmies 41 39 1
CARD 9
Jibs_PC#947671753178622976 placearmies 32 3
Jibs_PC#947671753178622976 attack 32 31
Jibs_PC#947671753178622976 roll 3
Jibs_PC#947671753178622976 roll 1
DICE 3 1 4 4 2 4 
Jibs_PC#947671753178622976 roll 3
Jibs_PC#947671753178622976 roll 1
DICE 3 1 5 3 1 4 
Jibs_PC#947671753178622976 endattack
Jibs_PC#947671753178622976 nomove
CARD 15
Jibs_PC#947671753178622976 trade 27 21 wildcard
Jibs_PC#947671753178622976 placearmies 10 8
Jibs_PC#947671753178622976 placearmies 1 5
Jibs_PC#947671753178622976 attack 10 12
Jibs_PC#947671753178622976 roll 3
Jibs_PC#947671753178622976 roll 1
DICE 3 1 4 1 0 3 
Jibs_PC#947671753178622976 move 11
Jibs_PC#947671753178622976 attack 12 21
Jibs_PC#947671753178622976 roll 3
Jibs_PC#947671753178622976 roll 2
DICE 3 2 2 2 1 2 1 
Jibs_PC#947671753178622976 roll 3
Jibs_PC#947671753178622976 roll 2
DICE 3 2 3 1 0 4 2 
Jibs_PC#947671753178622976 roll 3
Jibs_PC#947671753178622976 roll 2
DICE 3 2 5 4 3 3 0 
Jibs_PC#947671753178622976 roll 3
Jibs_PC#947671753178622976 roll 1
DICE 3 1 5 4 3 1 
Jibs_PC#947671753178622976 move 7
Jibs_PC#947671753178622976 endattack
Jibs_PC#947671753178622976 nomove
CARD 28
Jibs_PC#947671753178622976 placearmies 5 4
Jibs_PC#947671753178622976 attack 5 9
Jibs_PC#947671753178622976 roll 3
Jibs_PC#947671753178622976 roll 2
DICE 3 2 2 2 0 4 2 
Jibs_PC#947671753178622976 roll 3
Jibs_PC#947671753178622976 roll 2
DICE 3 2 4 1 1 2 0 
Jibs_PC#947671753178622976 roll 3
Jibs_PC#947671753178622976 roll 2
DICE 3 2 2 2 0 4 2 
Jibs_PC#947671753178622976 roll 3
Jibs_PC#947671753178622976 roll 2
DICE 3 2 1 0 0 3 1 
Jibs_PC#947671753178622976 roll 3
Jibs_PC#947671753178622976 roll 2
DICE 3 2 4 3 1 2 1 
Jibs_PC#947671753178622976 move 10
Jibs_PC#947671753178622976 attack 9 8
Jibs_PC#947671753178622976 roll 3
Jibs_PC#947671753178622976 roll 1
DICE 3 1 5 3 2 5 
Jibs_PC#947671753178622976 roll 3
Jibs_PC#947671753178622976 roll 1
DICE 3 1 5 2 2 4 
Jibs_PC#947671753178622976 move 8
Jibs_PC#947671753178622976 attack 8 6
Jibs_PC#947671753178622976 roll 3
Jibs_PC#947671753178622976 roll 1
DICE 3 1 3 1 0 4 
Jibs_PC#947671753178622976 roll 3
Jibs_PC#947671753178622976 roll 1
DICE 3 1 2 0 0 3 
Jibs_PC#947671753178622976 roll 3
Jibs_PC#947671753178622976 roll 1
DICE 3 1 3 2 0 1 
Jibs_PC#947671753178622976 move 5
Jibs_PC#947671753178622976 endattack
Jibs_PC#947671753178622976 movearmies 25 24 3
CARD 24
Jibs_PC#947671753178622976 placearmies 20 3
Jibs_PC#947671753178622976 attack 20 19
Jibs_PC#947671753178622976 roll 3
Jibs_PC#947671753178622976 roll 1
DICE 3 1 3 2 2 2 
Jibs_PC#947671753178622976 move 3
Jibs_PC#947671753178622976 endattack
Jibs_PC#947671753178622976 nomove
CARD 30
Jibs_PC#947671753178622976 placearmies 27 1
Jibs_PC#947671753178622976 placearmies 27 4
Jibs_PC#947671753178622976 attack 27 29
Jibs_PC#947671753178622976 roll 3
Jibs_PC#947671753178622976 roll 2
DICE 3 2 3 1 0 3 0 
Jibs_PC#947671753178622976 roll 3
Jibs_PC#947671753178622976 roll 2
DICE 3 2 4 3 2 2 2 
Jibs_PC#947671753178622976 move 10
Jibs_PC#947671753178622976 attack 29 28
Jibs_PC#947671753178622976 roll 3
Jibs_PC#947671753178622976 roll 1
DICE 3 1 5 3 2 0 
Jibs_PC#947671753178622976 move 9
Jibs_PC#947671753178622976 attack 28 16
Jibs_PC#947671753178622976 roll 3
Jibs_PC#947671753178622976 roll 2
DICE 3 2 5 2 1 5 4 
Jibs_PC#947671753178622976 roll 3
Jibs_PC#947671753178622976 roll 2
DICE 3 2 2 2 0 4 0 
Jibs_PC#947671753178622976 roll 3
Jibs_PC#947671753178622976 roll 2
DICE 3 2 5 2 0 5 0 
Jibs_PC#947671753178622976 roll 3
Jibs_PC#947671753178622976 roll 2
DICE 3 2 4 1 0 5 5 
Jibs_PC#947671753178622976 retreat
Jibs_PC#947671753178622976 endattack
Jibs_PC#947671753178622976 nomove
CARD 22
Jibs_PC#947671753178622976 trade 4 40 15
Jibs_PC#947671753178622976 placearmies 30 13
Jibs_PC#947671753178622976 attack 36 29
Jibs_PC#947671753178622976 roll 2
Jibs_PC#947671753178622976 roll 1
DICE 2 1 4 4 3 
Jibs_PC#947671753178622976 attack 30 28
Jibs_PC#947671753178622976 roll 3
Jibs_PC#947671753178622976 roll 2
DICE 3 2 5 4 1 4 2 
Jibs_PC#947671753178622976 roll 3
Jibs_PC#947671753178622976 roll 1
DICE 3 1 5 4 4 2 
Jibs_PC#947671753178622976 move 13
Jibs_PC#947671753178622976 attack 28 16
Jibs_PC#947671753178622976 roll 3
Jibs_PC#947671753178622976 roll 2
DICE 3 2 5 5 2 5 0 
Jibs_PC#947671753178622976 roll 3
Jibs_PC#947671753178622976 roll 1
DICE 3 1 2 0 0 3 
Jibs_PC#947671753178622976 retreat
Jibs_PC#947671753178622976 attack 31 16
Jibs_PC#947671753178622976 roll 2
Jibs_PC#947671753178622976 roll 1
DICE 2 1 4 3 3 
Jibs_PC#947671753178622976 attack 28 27
Jibs_PC#947671753178622976 roll 3
Jibs_PC#947671753178622976 roll 1
DICE 3 1 4 3 2 1 
Jibs_PC#947671753178622976 move 3
Jibs_PC#947671753178622976 attack 38 1
Jibs_PC#947671753178622976 roll 3
Jibs_PC#947671753178622976 roll 2
DICE 3 2 5 3 1 4 3 
Jibs_PC#947671753178622976 roll 3
Jibs_PC#947671753178622976 roll 2
DICE 3 2 4 2 0 4 3 
Jibs_PC#947671753178622976 roll 3
Jibs_PC#947671753178622976 roll 2
DICE 3 2 5 1 0 3 0 
Jibs_PC#947671753178622976 roll 3
Jibs_PC#947671753178622976 roll 2
DICE 3 2 3 1 1 3 1 
Jibs_PC#947671753178622976 roll 3
Jibs_PC#947671753178622976 roll 2
DICE 3 2 5 3 3 1 0 
Jibs_PC#947671753178622976 roll 3
Jibs_PC#947671753178622976 roll 2
DICE 3 2 2 2 0 4 3 
Jibs_PC#947671753178622976 roll 3
Jibs_PC#947671753178622976 roll 2
DICE 3 2 5 4 2 5 2 
Jibs_PC#947671753178622976 roll 2
Jibs_PC#947671753178622976 roll 1
DICE 2 1 3 1 5 
Jibs_PC#947671753178622976 retreat
Jibs_PC#947671753178622976 endattack
Jibs_PC#947671753178622976 movearmies 28 16 7
CARD 25
Jibs_PC#947671753178622976 placearmies 11 3
Jibs_PC#947671753178622976 attack 21 20
Jibs_PC#947671753178622976 roll 3
Jibs_PC#947671753178622976 roll 2
DICE 3 2 5 4 2 3 2 
Jibs_PC#947671753178622976 move 6
Jibs_PC#947671753178622976 attack 20 31
Jibs_PC#947671753178622976 roll 3
Jibs_PC#947671753178622976 roll 1
DICE 3 1 2 1 0 1 
Jibs_PC#947671753178622976 move 5
Jibs_PC#947671753178622976 attack 11 13
Jibs_PC#947671753178622976 roll 3
Jibs_PC#947671753178622976 roll 1
DICE 3 1 5 2 1 1 
Jibs_PC#947671753178622976 endattack
Jibs_PC#947671753178622976 movearmies 13 11 1
CARD 6
Jibs_PC#947671753178622976 trade 11 26 24
Jibs_PC#947671753178622976 placearmies 3 4
Jibs_PC#947671753178622976 placearmies 22 1
Jibs_PC#947671753178622976 placearmies 24 1
Jibs_PC#947671753178622976 placearmies 24 6
Jibs_PC#947671753178622976 placearmies 24 2
Jibs_PC#947671753178622976 attack 24 21
Jibs_PC#947671753178622976 roll 3
Jibs_PC#947671753178622976 roll 1
DICE 3 1 3 1 1 1 
Jibs_PC#947671753178622976 move 12
Jibs_PC#947671753178622976 attack 21 12
Jibs_PC#947671753178622976 roll 3
Jibs_PC#947671753178622976 roll 1
DICE 3 1 3 3 0 3 
Jibs_PC#947671753178622976 roll 3
Jibs_PC#947671753178622976 roll 1
DICE 3 1 5 4 1 1 
Jibs_PC#947671753178622976 move 9
Jibs_PC#947671753178622976 attack 3 1
Jibs_PC#947671753178622976 roll 3
Jibs_PC#947671753178622976 roll 1
DICE 3 1 5 0 0 1 
Jibs_PC#947671753178622976 move 4
