Jibs_PC#659018430401772544 newplayer ai hard green s0914007
Jibs_PC#659018430401772544 newplayer ai hard blue bob
Jibs_PC#659018430401772544 newplayer ai hard red fred
Jibs_PC#659018430401772544 newplayer ai hard cyan ted
Jibs_PC#659018430401772544 newplayer ai hard magenta yura
Jibs_PC#659018430401772544 newplayer ai hard yellow lala
Jibs_PC#659018430401772544 startgame mission fixed autoplaceall recycle
PLAYER yura
MISSION 4 0 0 2 0 0
PLACEALL 5 33 16 4 10 41 32 18 1 34 24 27 19 29 35 22 31 25 17 3 21 38 37 42 13 8 7 12 28 6 39 2 15 23 20 30 36 9 11 26 14 40
Jibs_PC#659018430401772544 placearmies 36 1
CARD 
Jibs_PC#659018430401772544 placearmies 9 1
CARD 
Jibs_PC#659018430401772544 placearmies 7 1
CARD 
Jibs_PC#659018430401772544 placearmies 12 1
CARD 
Jibs_PC#659018430401772544 placearmies 31 1
CARD 
Jibs_PC#659018430401772544 placearmies 41 1
CARD 
Jibs_PC#659018430401772544 placearmies 36 1
CARD 
Jibs_PC#659018430401772544 placearmies 9 1
CARD 
Jibs_PC#659018430401772544 placearmies 7 1
CARD 
Jibs_PC#659018430401772544 placearmies 12 1
CARD 
Jibs_PC#659018430401772544 placearmies 31 1
CARD 
Jibs_PC#659018430401772544 placearmies 41 1
CARD 
Jibs_PC#659018430401772544 placearmies 36 1
CARD 
Jibs_PC#659018430401772544 placearmies 9 1
CARD 
Jibs_PC#659018430401772544 placearmies 7 1
CARD 
Jibs_PC#659018430401772544 placearmies 12 1
CARD 
Jibs_PC#659018430401772544 placearmies 31 1
CARD 
Jibs_PC#659018430401772544 placearmies 41 1
CARD 
Jibs_PC#659018430401772544 placearmies 36 1
CARD 
Jibs_PC#659018430401772544 placearmies 9 1
CARD 
Jibs_PC#659018430401772544 placearmies 7 1
CARD 
Jibs_PC#659018430401772544 placearmies 12 1
CARD 
Jibs_PC#659018430401772544 placearmies 31 1
CARD 
Jibs_PC#659018430401772544 placearmies 41 1
CARD 
Jibs_PC#659018430401772544 placearmies 36 1
CARD 
Jibs_PC#659018430401772544 placearmies 9 1
CARD 
Jibs_PC#659018430401772544 placearmies 7 1
CARD 
Jibs_PC#659018430401772544 placearmies 12 1
CARD 
Jibs_PC#659018430401772544 placearmies 31 1
CARD 
Jibs_PC#659018430401772544 placearmies 6 1
CARD 
Jibs_PC#659018430401772544 placearmies 36 1
CARD 
Jibs_PC#659018430401772544 placearmies 9 1
CARD 
Jibs_PC#659018430401772544 placearmies 7 1
CARD 
Jibs_PC#659018430401772544 placearmies 12 1
CARD 
Jibs_PC#659018430401772544 placearmies 31 1
CARD 
Jibs_PC#659018430401772544 placearmies 6 1
CARD 
Jibs_PC#659018430401772544 placearmies 36 1
CARD 
Jibs_PC#659018430401772544 placearmies 9 1
CARD 
Jibs_PC#659018430401772544 placearmies 7 1
CARD 
Jibs_PC#659018430401772544 placearmies 12 1
CARD 
Jibs_PC#659018430401772544 placearmies 31 1
CARD 
Jibs_PC#659018430401772544 placearmies 6 1
CARD 
Jibs_PC#659018430401772544 placearmies 36 1
CARD 
Jibs_PC#659018430401772544 placearmies 9 1
CARD 
Jibs_PC#659018430401772544 placearmies 7 1
CARD 
Jibs_PC#659018430401772544 placearmies 12 1
CARD 
Jibs_PC#659018430401772544 placearmies 31 1
CARD 
Jibs_PC#659018430401772544 placearmies 6 1
CARD 
Jibs_PC#659018430401772544 placearmies 36 1
CARD 
Jibs_PC#659018430401772544 placearmies 9 1
CARD 
Jibs_PC#659018430401772544 placearmies 7 1
CARD 
Jibs_PC#659018430401772544 placearmies 12 1
CARD 
Jibs_PC#659018430401772544 placearmies 31 1
CARD 
Jibs_PC#659018430401772544 placearmies 6 1
CARD 
Jibs_PC#659018430401772544 placearmies 36 1
CARD 
Jibs_PC#659018430401772544 placearmies 9 1
CARD 
Jibs_PC#659018430401772544 placearmies 7 1
CARD 
Jibs_PC#659018430401772544 placearmies 12 1
CARD 
Jibs_PC#659018430401772544 placearmies 31 1
CARD 
Jibs_PC#659018430401772544 placearmies 6 1
CARD 
Jibs_PC#659018430401772544 placearmies 36 1
CARD 
Jibs_PC#659018430401772544 placearmies 33 1
CARD 
Jibs_PC#659018430401772544 placearmies 7 1
CARD 
Jibs_PC#659018430401772544 placearmies 12 1
CARD 
Jibs_PC#659018430401772544 placearmies 31 1
CARD 
Jibs_PC#659018430401772544 placearmies 6 1
CARD 
Jibs_PC#659018430401772544 placearmies 36 1
CARD 
Jibs_PC#659018430401772544 placearmies 33 1
CARD 
Jibs_PC#659018430401772544 placearmies 7 1
CARD 
Jibs_PC#659018430401772544 placearmies 12 1
CARD 
Jibs_PC#659018430401772544 placearmies 31 1
CARD 
Jibs_PC#659018430401772544 placearmies 6 1
CARD 
Jibs_PC#659018430401772544 placearmies 36 1
CARD 
Jibs_PC#659018430401772544 placearmies 33 1
CARD 
Jibs_PC#659018430401772544 placearmies 7 1
CARD 
Jibs_PC#659018430401772544 placearmies 12 1
CARD 
Jibs_PC#659018430401772544 placearmies 31 1
CARD 
Jibs_PC#659018430401772544 placearmies 6 1
CARD 
Jibs_PC#659018430401772544 placearmies 36 3
Jibs_PC#659018430401772544 attack 36 27
Jibs_PC#659018430401772544 roll 3
Jibs_PC#659018430401772544 roll 1
DICE 3 1 4 1 0 2 
Jibs_PC#659018430401772544 move 16
Jibs_PC#659018430401772544 endattack
Jibs_PC#659018430401772544 nomove
CARD 2
Jibs_PC#659018430401772544 placearmies 2 3
Jibs_PC#659018430401772544 attack 2 1
Jibs_PC#659018430401772544 roll 3
Jibs_PC#659018430401772544 roll 1
DICE 3 1 5 4 0 1 
Jibs_PC#659018430401772544 endattack
Jibs_PC#659018430401772544 nomove
CARD 40
Jibs_PC#659018430401772544 placearmies 7 3
Jibs_PC#659018430401772544 attack 7 9
Jibs_PC#659018430401772544 roll 3
Jibs_PC#659018430401772544 roll 2
DICE 3 2 4 1 0 0 0 
Jibs_PC#659018430401772544 roll 3
Jibs_PC#659018430401772544 roll 2
DICE 3 2 5 1 1 4 2 
Jibs_PC#659018430401772544 retreat
Jibs_PC#659018430401772544 attack 7 6
Jibs_PC#659018430401772544 roll 3
Jibs_PC#659018430401772544 roll 2
DICE 3 2 5 3 0 5 1 
Jibs_PC#659018430401772544 roll 3
Jibs_PC#659018430401772544 roll 2
DICE 3 2 5 4 3 3 2 
Jibs_PC#659018430401772544 roll 3
Jibs_PC#659018430401772544 roll 2
DICE 3 2 5 1 1 3 2 
Jibs_PC#659018430401772544 roll 3
Jibs_PC#659018430401772544 roll 2
DICE 3 2 4 2 0 5 1 
Jibs_PC#659018430401772544 roll 3
Jibs_PC#659018430401772544 roll 2
DICE 3 2 4 1 1 3 3 
Jibs_PC#659018430401772544 retreat
Jibs_PC#659018430401772544 attack 7 9
Jibs_PC#659018430401772544 roll 3
Jibs_PC#659018430401772544 roll 2
DICE 3 2 3 0 0 3 1 
Jibs_PC#659018430401772544 roll 3
Jibs_PC#659018430401772544 roll 2
DICE 3 2 5 4 0 2 1 
Jibs_PC#659018430401772544 roll 3
Jibs_PC#659018430401772544 roll 2
DICE 3 2 3 1 0 5 4 
Jibs_PC#659018430401772544 roll 3
Jibs_PC#659018430401772544 roll 2
DICE 3 2 5 5 1 3 1 
Jibs_PC#659018430401772544 roll 3
Jibs_PC#659018430401772544 roll 2
DICE 3 2 4 3 2 3 2 
Jibs_PC#659018430401772544 retreat
Jibs_PC#659018430401772544 attack 7 6
Jibs_PC#659018430401772544 roll 3
Jibs_PC#659018430401772544 roll 2
DICE 3 2 5 4 4 5 1 
Jibs_PC#659018430401772544 roll 3
Jibs_PC#659018430401772544 roll 2
DICE 3 2 5 3 1 4 3 
Jibs_PC#659018430401772544 retreat
Jibs_PC#659018430401772544 attack 7 9
Jibs_PC#659018430401772544 roll 3
Jibs_PC#659018430401772544 roll 2
DICE 3 2 5 3 2 4 1 
Jibs_PC#659018430401772544 move 5
Jibs_PC#659018430401772544 attack 9 5
Jibs_PC#659018430401772544 roll 3
Jibs_PC#659018430401772544 roll 1
DICE 3 1 5 2 1 5 
Jibs_PC#659018430401772544 roll 3
Jibs_PC#659018430401772544 roll 1
DICE 3 1 5 1 1 3 
Jibs_PC#659018430401772544 endattack
Jibs_PC#659018430401772544 nomove
CARD 28
Jibs_PC#659018430401772544 placearmies 12 1
Jibs_PC#659018430401772544 placearmies 12 1
Jibs_PC#659018430401772544 placearmies 38 1
Jibs_PC#659018430401772544 attack 12 13
Jibs_PC#659018430401772544 roll 3
Jibs_PC#659018430401772544 roll 1
DICE 3 1 5 3 0 0 
Jibs_PC#659018430401772544 move 15
Jibs_PC#659018430401772544 attack 13 11
Jibs_PC#659018430401772544 roll 3
Jibs_PC#659018430401772544 roll 1
DICE 3 1 5 3 0 2 
Jibs_PC#659018430401772544 move 14
Jibs_PC#659018430401772544 attack 11 10
Jibs_PC#659018430401772544 roll 3
Jibs_PC#659018430401772544 roll 1
DICE 3 1 4 2 2 4 
Jibs_PC#659018430401772544 roll 3
Jibs_PC#659018430401772544 roll 1
DICE 3 1 3 0 0 5 
Jibs_PC#659018430401772544 roll 3
Jibs_PC#659018430401772544 roll 1
DICE 3 1 5 2 2 0 
Jibs_PC#659018430401772544 move 11
Jibs_PC#659018430401772544 attack 10 5
Jibs_PC#659018430401772544 roll 3
Jibs_PC#659018430401772544 roll 2
DICE 3 2 5 2 1 5 0 
Jibs_PC#659018430401772544 roll 3
Jibs_PC#659018430401772544 roll 2
DICE 3 2 4 1 0 3 2 
Jibs_PC#659018430401772544 roll 3
Jibs_PC#659018430401772544 roll 1
DICE 3 1 4 0 0 2 
Jibs_PC#659018430401772544 move 8
Jibs_PC#659018430401772544 endattack
Jibs_PC#659018430401772544 nomove
CARD 24
Jibs_PC#659018430401772544 placearmies 31 3
Jibs_PC#659018430401772544 attack 31 22
Jibs_PC#659018430401772544 roll 3
Jibs_PC#659018430401772544 roll 1
DICE 3 1 4 3 2 1 
Jibs_PC#659018430401772544 move 16
Jibs_PC#659018430401772544 attack 22 21
Jibs_PC#659018430401772544 roll 3
Jibs_PC#659018430401772544 roll 1
DICE 3 1 4 3 1 4 
Jibs_PC#659018430401772544 roll 3
Jibs_PC#659018430401772544 roll 1
DICE 3 1 5 3 2 5 
Jibs_PC#659018430401772544 roll 3
Jibs_PC#659018430401772544 roll 1
DICE 3 1 4 0 0 0 
Jibs_PC#659018430401772544 move 13
Jibs_PC#659018430401772544 attack 21 12
Jibs_PC#659018430401772544 roll 3
Jibs_PC#659018430401772544 roll 1
DICE 3 1 3 1 1 4 
Jibs_PC#659018430401772544 roll 3
Jibs_PC#659018430401772544 roll 1
DICE 3 1 5 5 1 4 
Jibs_PC#659018430401772544 move 11
Jibs_PC#659018430401772544 attack 12 10
Jibs_PC#659018430401772544 roll 3
Jibs_PC#659018430401772544 roll 1
DICE 3 1 5 4 4 2 
Jibs_PC#659018430401772544 move 10
Jibs_PC#659018430401772544 attack 10 11
Jibs_PC#659018430401772544 roll 3
Jibs_PC#659018430401772544 roll 1
DICE 3 1 5 2 1 0 
Jibs_PC#659018430401772544 move 5
Jibs_PC#659018430401772544 attack 11 13
Jibs_PC#659018430401772544 roll 3
Jibs_PC#659018430401772544 roll 1
DICE 3 1 3 3 1 1 
Jibs_PC#659018430401772544 move 3
Jibs_PC#659018430401772544 attack 10 5
Jibs_PC#659018430401772544 roll 3
Jibs_PC#659018430401772544 roll 2
DICE 3 2 3 1 0 1 0 
Jibs_PC#659018430401772544 roll 3
Jibs_PC#659018430401772544 roll 2
DICE 3 2 3 2 1 4 0 
Jibs_PC#659018430401772544 retreat
Jibs_PC#659018430401772544 endattack
Jibs_PC#659018430401772544 movearmies 11 10 1
CARD 13
Jibs_PC#659018430401772544 placearmies 25 3
Jibs_PC#659018430401772544 attack 41 39
Jibs_PC#659018430401772544 roll 3
Jibs_PC#659018430401772544 roll 1
DICE 3 1 5 3 1 5 
Jibs_PC#659018430401772544 roll 3
Jibs_PC#659018430401772544 roll 1
DICE 3 1 5 5 3 2 
Jibs_PC#659018430401772544 endattack
Jibs_PC#659018430401772544 nomove
CARD 14
Jibs_PC#659018430401772544 placearmies 27 3
Jibs_PC#659018430401772544 attack 27 28
Jibs_PC#659018430401772544 roll 3
Jibs_PC#659018430401772544 roll 1
DICE 3 1 4 2 0 4 
Jibs_PC#659018430401772544 roll 3
Jibs_PC#659018430401772544 roll 1
DICE 3 1 4 1 0 2 
Jibs_PC#659018430401772544 move 17
Jibs_PC#659018430401772544 attack 28 16
Jibs_PC#659018430401772544 roll 3
Jibs_PC#659018430401772544 roll 1
DICE 3 1 4 2 2 2 
Jibs_PC#659018430401772544 move 16
Jibs_PC#659018430401772544 attack 16 20
Jibs_PC#659018430401772544 roll 3
Jibs_PC#659018430401772544 roll 1
DICE 3 1 5 3 2 3 
Jibs_PC#659018430401772544 move 15
Jibs_PC#659018430401772544 attack 20 21
Jibs_PC#659018430401772544 roll 3
Jibs_PC#659018430401772544 roll 1
DICE 3 1 4 4 3 1 
Jibs_PC#659018430401772544 move 14
Jibs_PC#659018430401772544 attack 21 12
Jibs_PC#659018430401772544 roll 3
Jibs_PC#659018430401772544 roll 1
DICE 3 1 5 3 2 5 
Jibs_PC#659018430401772544 roll 3
Jibs_PC#659018430401772544 roll 1
DICE 3 1 5 5 4 0 
Jibs_PC#659018430401772544 move 12
Jibs_PC#659018430401772544 attack 12 11
Jibs_PC#659018430401772544 roll 3
Jibs_PC#659018430401772544 roll 1
DICE 3 1 5 3 0 1 
Jibs_PC#659018430401772544 move 11
Jibs_PC#659018430401772544 attack 11 13
Jibs_PC#659018430401772544 roll 3
Jibs_PC#659018430401772544 roll 2
DICE 3 2 4 2 0 5 3 
Jibs_PC#659018430401772544 roll 3
Jibs_PC#659018430401772544 roll 2
DICE 3 2 5 1 1 5 2 
Jibs_PC#659018430401772544 retreat
Jibs_PC#659018430401772544 attack 11 13
Jibs_PC#659018430401772544 roll 3
Jibs_PC#659018430401772544 roll 2
DICE 3 2 4 3 2 1 0 
Jibs_PC#659018430401772544 roll 3
Jibs_PC#659018430401772544 roll 1
DICE 3 1 4 3 0 0 
Jibs_PC#659018430401772544 move 3
Jibs_PC#659018430401772544 endattack
Jibs_PC#659018430401772544 movearmies 13 12 2
CARD 16
Jibs_PC#659018430401772544 placearmies 33 3
Jibs_PC#659018430401772544 attack 33 39
Jibs_PC#659018430401772544 roll 3
Jibs_PC#659018430401772544 roll 2
DICE 3 2 3 1 0 4 0 
Jibs_PC#659018430401772544 roll 3
Jibs_PC#659018430401772544 roll 2
DICE 3 2 5 4 1 5 5 
Jibs_PC#659018430401772544 retreat
Jibs_PC#659018430401772544 attack 33 32
Jibs_PC#659018430401772544 roll 3
Jibs_PC#659018430401772544 roll 1
DICE 3 1 3 0 0 5 
Jibs_PC#659018430401772544 roll 2
Jibs_PC#659018430401772544 roll 1
DICE 2 1 4 2 3 
Jibs_PC#659018430401772544 endattack
Jibs_PC#659018430401772544 nomove
CARD 19
Jibs_PC#659018430401772544 placearmies 7 3
Jibs_PC#659018430401772544 attack 7 8
Jibs_PC#659018430401772544 roll 3
Jibs_PC#659018430401772544 roll 1
DICE 3 1 4 3 2 0 
Jibs_PC#659018430401772544 endattack
Jibs_PC#659018430401772544 nomove
CARD wildcard
Jibs_PC#659018430401772544 placearmies 5 3
Jibs_PC#659018430401772544 attack 5 9
Jibs_PC#659018430401772544 roll 3
Jibs_PC#659018430401772544 roll 1
DICE 3 1 2 1 0 1 
Jibs_PC#659018430401772544 move 7
Jibs_PC#659018430401772544 endattack
Jibs_PC#659018430401772544 nomove
CARD 25
Jibs_PC#659018430401772544 placearmies 31 3
Jibs_PC#659018430401772544 attack 31 16
Jibs_PC#659018430401772544 roll 3
Jibs_PC#659018430401772544 roll 1
DICE 3 1 4 1 0 1 
Jibs_PC#659018430401772544 endattack
Jibs_PC#659018430401772544 nomove
CARD wildcard
Jibs_PC#659018430401772544 placearmies 25 4
Jibs_PC#659018430401772544 placearmies 6 1
Jibs_PC#659018430401772544 attack 25 23
Jibs_PC#659018430401772544 roll 3
Jibs_PC#659018430401772544 roll 1
DICE 3 1 1 0 0 4 
Jibs_PC#659018430401772544 roll 3
Jibs_PC#659018430401772544 roll 1
DICE 3 1 3 3 0 5 
Jibs_PC#659018430401772544 roll 3
Jibs_PC#659018430401772544 roll 1
DICE 3 1 5 4 3 5 
Jibs_PC#659018430401772544 roll 3
Jibs_PC#659018430401772544 roll 1
DICE 3 1 5 5 0 1 
Jibs_PC#659018430401772544 move 4
Jibs_PC#659018430401772544 endattack
Jibs_PC#659018430401772544 nomove
CARD 5
Jibs_PC#659018430401772544 placearmies 21 3
Jibs_PC#659018430401772544 attack 21 24
Jibs_PC#659018430401772544 roll 3
Jibs_PC#659018430401772544 roll 1
DICE 3 1 5 4 0 2 
Jibs_PC#659018430401772544 endattack
Jibs_PC#659018430401772544 nomove
CARD 30
Jibs_PC#659018430401772544 placearmies 1 2
Jibs_PC#659018430401772544 placearmies 1 1
Jibs_PC#659018430401772544 attack 1 38
Jibs_PC#659018430401772544 roll 3
Jibs_PC#659018430401772544 roll 2
DICE 3 2 4 4 4 4 0 
Jibs_PC#659018430401772544 roll 3
Jibs_PC#659018430401772544 roll 1
DICE 3 1 5 4 2 3 
Jibs_PC#659018430401772544 move 4
Jibs_PC#659018430401772544 endattack
Jibs_PC#659018430401772544 nomove
CARD 38
Jibs_PC#659018430401772544 placearmies 7 3
Jibs_PC#659018430401772544 attack 7 4
Jibs_PC#659018430401772544 roll 3
Jibs_PC#659018430401772544 roll 1
DICE 3 1 4 2 1 5 
Jibs_PC#659018430401772544 roll 2
Jibs_PC#659018430401772544 roll 1
DICE 2 1 2 0 1 
Jibs_PC#659018430401772544 endattack
Jibs_PC#659018430401772544 nomove
CARD 33
Jibs_PC#659018430401772544 placearmies 9 3
Jibs_PC#659018430401772544 attack 9 8
Jibs_PC#659018430401772544 roll 3
Jibs_PC#659018430401772544 roll 2
DICE 3 2 5 3 0 0 0 
Jibs_PC#659018430401772544 roll 3
Jibs_PC#659018430401772544 roll 1
DICE 3 1 3 0 0 4 
Jibs_PC#659018430401772544 retreat
Jibs_PC#659018430401772544 attack 9 4
Jibs_PC#659018430401772544 roll 3
Jibs_PC#659018430401772544 roll 2
DICE 3 2 4 4 3 3 1 
Jibs_PC#659018430401772544 move 8
Jibs_PC#659018430401772544 attack 4 3
Jibs_PC#659018430401772544 roll 3
Jibs_PC#659018430401772544 roll 1
DICE 3 1 5 3 0 5 
Jibs_PC#659018430401772544 roll 3
Jibs_PC#659018430401772544 roll 1
DICE 3 1 4 4 0 2 
Jibs_PC#659018430401772544 move 6
Jibs_PC#659018430401772544 attack 3 1
Jibs_PC#659018430401772544 roll 3
Jibs_PC#659018430401772544 roll 1
DICE 3 1 5 4 0 3 
Jibs_PC#659018430401772544 move 5
Jibs_PC#659018430401772544 attack 1 2
Jibs_PC#659018430401772544 roll 3
Jibs_PC#659018430401772544 roll 1
DICE 3 1 4 3 1 5 
Jibs_PC#659018430401772544 roll 3
Jibs_PC#659018430401772544 roll 1
DICE 3 1 5 0 0 1 
Jibs_PC#659018430401772544 attack 2 7
Jibs_PC#659018430401772544 roll 2
Jibs_PC#659018430401772544 roll 1
DICE 2 1 2 0 1 
Jibs_PC#659018430401772544 endattack
Jibs_PC#659018430401772544 nomove
CARD 3
Jibs_PC#659018430401772544 placearmies 10 3
Jibs_PC#659018430401772544 attack 10 11
Jibs_PC#659018430401772544 roll 3
Jibs_PC#659018430401772544 roll 2
DICE 3 2 5 4 3 5 2 
Jibs_PC#659018430401772544 roll 3
Jibs_PC#659018430401772544 roll 2
DICE 3 2 5 2 1 5 5 
Jibs_PC#659018430401772544 roll 3
Jibs_PC#659018430401772544 roll 2
DICE 3 2 4 4 1 4 3 
Jibs_PC#659018430401772544 roll 3
Jibs_PC#659018430401772544 roll 2
DICE 3 2 4 3 1 2 2 
Jibs_PC#659018430401772544 endattack
Jibs_PC#659018430401772544 nomove
CARD 26
Jibs_PC#659018430401772544 placearmies 23 4
Jibs_PC#659018430401772544 placearmies 6 1
Jibs_PC#659018430401772544 attack 23 21
Jibs_PC#659018430401772544 roll 3
Jibs_PC#659018430401772544 roll 1
DICE 3 1 3 3 1 2 
Jibs_PC#659018430401772544 move 7
Jibs_PC#659018430401772544 attack 21 24
Jibs_PC#659018430401772544 roll 3
Jibs_PC#659018430401772544 roll 2
DICE 3 2 4 4 3 2 1 
Jibs_PC#659018430401772544 roll 3
Jibs_PC#659018430401772544 roll 1
DICE 3 1 4 2 2 1 
Jibs_PC#659018430401772544 move 6
Jibs_PC#659018430401772544 attack 24 26
Jibs_PC#659018430401772544 roll 3
Jibs_PC#659018430401772544 roll 1
DICE 3 1 5 3 1 4 
Jibs_PC#659018430401772544 move 3
Jibs_PC#659018430401772544 attack 24 22
Jibs_PC#659018430401772544 roll 2
Jibs_PC#659018430401772544 roll 1
DICE 2 1 2 1 3 
Jibs_PC#659018430401772544 retreat
Jibs_PC#659018430401772544 endattack
Jibs_PC#659018430401772544 movearmies 26 24 2
CARD 29
Jibs_PC#659018430401772544 placearmies 12 1
Jibs_PC#659018430401772544 placearmies 12 1
Jibs_PC#659018430401772544 placearmies 12 1
Jibs_PC#659018430401772544 attack 12 11
Jibs_PC#659018430401772544 roll 3
Jibs_PC#659018430401772544 roll 2
DICE 3 2 3 3 3 4 0 
Jibs_PC#659018430401772544 roll 3
Jibs_PC#659018430401772544 roll 2
DICE 3 2 4 2 0 4 3 
Jibs_PC#659018430401772544 retreat
Jibs_PC#659018430401772544 attack 12 10
Jibs_PC#659018430401772544 roll 2
Jibs_PC#659018430401772544 roll 1
DICE 2 1 5 3 1 
Jibs_PC#659018430401772544 endattack
Jibs_PC#659018430401772544 nomove
CARD 20
Jibs_PC#659018430401772544 placearmies 38 3
Jibs_PC#659018430401772544 attack 38 34
Jibs_PC#659018430401772544 roll 3
Jibs_PC#659018430401772544 roll 1
DICE 3 1 4 4 3 2 
Jibs_PC#659018430401772544 move 6
Jibs_PC#659018430401772544 attack 34 27
Jibs_PC#659018430401772544 roll 3
Jibs_PC#659018430401772544 roll 1
DICE 3 1 5 2 0 5 
Jibs_PC#659018430401772544 roll 3
Jibs_PC#659018430401772544 roll 1
DICE 3 1 2 0 0 2 
Jibs_PC#659018430401772544 roll 3
Jibs_PC#659018430401772544 roll 1
DICE 3 1 1 0 0 4 
Jibs_PC#659018430401772544 roll 2
Jibs_PC#659018430401772544 roll 1
DICE 2 1 5 0 4 
Jibs_PC#659018430401772544 endattack
Jibs_PC#659018430401772544 nomove
CARD 39
Jibs_PC#659018430401772544 trade 28 wildcard 33
Jibs_PC#659018430401772544 placearmies 15 3
Jibs_PC#659018430401772544 placearmies 15 10
Jibs_PC#659018430401772544 attack 15 16
Jibs_PC#659018430401772544 roll 3
Jibs_PC#659018430401772544 roll 2
DICE 3 2 4 4 0 5 2 
Jibs_PC#659018430401772544 roll 3
Jibs_PC#659018430401772544 roll 2
DICE 3 2 5 4 0 3 0 
Jibs_PC#659018430401772544 move 12
Jibs_PC#659018430401772544 attack 16 18
Jibs_PC#659018430401772544 roll 3
Jibs_PC#659018430401772544 roll 1
DICE 3 1 3 1 1 1 
Jibs_PC#659018430401772544 move 11
Jibs_PC#659018430401772544 attack 18 17
Jibs_PC#659018430401772544 roll 3
Jibs_PC#659018430401772544 roll 1
DICE 3 1 2 2 1 4 
Jibs_PC#659018430401772544 roll 3
Jibs_PC#659018430401772544 roll 1
DICE 3 1 2 1 1 0 
Jibs_PC#659018430401772544 move 9
Jibs_PC#659018430401772544 attack 17 14
Jibs_PC#659018430401772544 roll 3
Jibs_PC#659018430401772544 roll 1
DICE 3 1 3 1 1 2 
Jibs_PC#659018430401772544 move 8
Jibs_PC#659018430401772544 attack 14 6
Jibs_PC#659018430401772544 roll 3
Jibs_PC#659018430401772544 roll 2
DICE 3 2 3 2 0 2 1 
Jibs_PC#659018430401772544 roll 3
Jibs_PC#659018430401772544 roll 2
DICE 3 2 5 4 3 4 4 
Jibs_PC#659018430401772544 roll 3
Jibs_PC#659018430401772544 roll 1
DICE 3 1 5 4 0 2 
Jibs_PC#659018430401772544 move 6
Jibs_PC#659018430401772544 endattack
Jibs_PC#659018430401772544 movearmies 6 14 5
CARD 12
Jibs_PC#659018430401772544 placearmies 7 2
Jibs_PC#659018430401772544 placearmies 7 1
Jibs_PC#659018430401772544 attack 7 6
Jibs_PC#659018430401772544 roll 3
Jibs_PC#659018430401772544 roll 1
DICE 3 1 5 4 2 5 
Jibs_PC#659018430401772544 roll 3
Jibs_PC#659018430401772544 roll 1
DICE 3 1 5 2 2 1 
Jibs_PC#659018430401772544 attack 6 8
Jibs_PC#659018430401772544 roll 2
Jibs_PC#659018430401772544 roll 1
DICE 2 1 1 0 3 
Jibs_PC#659018430401772544 retreat
Jibs_PC#659018430401772544 endattack
Jibs_PC#659018430401772544 nomove
CARD 37
Jibs_PC#659018430401772544 trade 13 wildcard 26
Jibs_PC#659018430401772544 placearmies 11 2
Jibs_PC#659018430401772544 placearmies 11 4
Jibs_PC#659018430401772544 placearmies 11 1
Jibs_PC#659018430401772544 attack 11 10
Jibs_PC#659018430401772544 roll 3
Jibs_PC#659018430401772544 roll 2
DICE 3 2 4 4 3 3 1 
Jibs_PC#659018430401772544 move 8
Jibs_PC#659018430401772544 attack 10 12
Jibs_PC#659018430401772544 roll 3
Jibs_PC#659018430401772544 roll 1
DICE 3 1 5 2 2 5 
Jibs_PC#659018430401772544 roll 3
Jibs_PC#659018430401772544 roll 1
DICE 3 1 4 3 0 1 
Jibs_PC#659018430401772544 move 6
Jibs_PC#659018430401772544 attack 12 13
Jibs_PC#659018430401772544 roll 3
Jibs_PC#659018430401772544 roll 1
DICE 3 1 5 4 1 2 
Jibs_PC#659018430401772544 move 3
Jibs_PC#659018430401772544 endattack
Jibs_PC#659018430401772544 movearmies 13 12 2
CARD 17
Jibs_PC#659018430401772544 placearmies 24 1
Jibs_PC#659018430401772544 placearmies 39 3
Jibs_PC#659018430401772544 placearmies 39 1
Jibs_PC#659018430401772544 attack 24 22
Jibs_PC#659018430401772544 roll 3
Jibs_PC#659018430401772544 roll 1
DICE 3 1 4 2 0 1 
Jibs_PC#659018430401772544 move 4
Jibs_PC#659018430401772544 attack 39 33
Jibs_PC#659018430401772544 roll 3
Jibs_PC#659018430401772544 roll 1
DICE 3 1 1 1 1 5 
Jibs_PC#659018430401772544 roll 3
Jibs_PC#659018430401772544 roll 1
DICE 3 1 2 2 1 2 
Jibs_PC#659018430401772544 retreat
Jibs_PC#659018430401772544 endattack
Jibs_PC#659018430401772544 nomove
CARD 4
Jibs_PC#659018430401772544 trade 2 30 20
Jibs_PC#659018430401772544 placearmies 20 1
Jibs_PC#659018430401772544 placearmies 20 1
Jibs_PC#659018430401772544 placearmies 20 11
Jibs_PC#659018430401772544 attack 20 21
Jibs_PC#659018430401772544 roll 3
Jibs_PC#659018430401772544 roll 1
DICE 3 1 4 3 0 5 
Jibs_PC#659018430401772544 roll 3
Jibs_PC#659018430401772544 roll 1
DICE 3 1 5 4 3 5 
Jibs_PC#659018430401772544 roll 3
Jibs_PC#659018430401772544 roll 1
DICE 3 1 5 4 3 0 
Jibs_PC#659018430401772544 move 13
Jibs_PC#659018430401772544 attack 21 22
Jibs_PC#659018430401772544 roll 3
Jibs_PC#659018430401772544 roll 2
DICE 3 2 5 4 4 1 0 
Jibs_PC#659018430401772544 roll 3
Jibs_PC#659018430401772544 roll 2
DICE 3 2 4 4 0 4 2 
Jibs_PC#659018430401772544 roll 3
Jibs_PC#659018430401772544 roll 1
DICE 3 1 5 3 1 0 
Jibs_PC#659018430401772544 move 11
Jibs_PC#659018430401772544 attack 22 24
Jibs_PC#659018430401772544 roll 3
Jibs_PC#659018430401772544 roll 1
DICE 3 1 2 1 0 0 
Jibs_PC#659018430401772544 move 10
Jibs_PC#659018430401772544 attack 24 23
Jibs_PC#659018430401772544 roll 3
Jibs_PC#659018430401772544 roll 1
DICE 3 1 5 2 0 4 
Jibs_PC#659018430401772544 move 9
Jibs_PC#659018430401772544 attack 23 25
Jibs_PC#659018430401772544 roll 3
Jibs_PC#659018430401772544 roll 1
DICE 3 1 2 1 0 5 
Jibs_PC#659018430401772544 roll 3
Jibs_PC#659018430401772544 roll 1
DICE 3 1 3 3 1 4 
Jibs_PC#659018430401772544 roll 3
Jibs_PC#659018430401772544 roll 1
DICE 3 1 3 1 0 5 
Jibs_PC#659018430401772544 roll 3
Jibs_PC#659018430401772544 roll 1
DICE 3 1 3 1 0 3 
Jibs_PC#659018430401772544 roll 3
Jibs_PC#659018430401772544 roll 1
DICE 3 1 3 3 0 0 
Jibs_PC#659018430401772544 move 4
Jibs_PC#659018430401772544 attack 25 26
Jibs_PC#659018430401772544 roll 3
Jibs_PC#659018430401772544 roll 1
DICE 3 1 4 4 1 2 
Jibs_PC#659018430401772544 endattack
Jibs_PC#659018430401772544 movearmies 26 24 1
CARD 11
Jibs_PC#659018430401772544 trade 40 38 39
Jibs_PC#659018430401772544 placearmies 38 1
Jibs_PC#659018430401772544 placearmies 38 7
Jibs_PC#659018430401772544 placearmies 33 1
Jibs_PC#659018430401772544 attack 38 1
Jibs_PC#659018430401772544 roll 3
Jibs_PC#659018430401772544 roll 1
DICE 3 1 3 3 2 4 
Jibs_PC#659018430401772544 roll 3
Jibs_PC#659018430401772544 roll 1
DICE 3 1 4 4 0 2 
Jibs_PC#659018430401772544 move 9
Jibs_PC#659018430401772544 attack 1 3
Jibs_PC#659018430401772544 roll 3
Jibs_PC#659018430401772544 roll 1
DICE 3 1 5 2 2 1 
Jibs_PC#659018430401772544 move 8
Jibs_PC#659018430401772544 endattack
Jibs_PC#659018430401772544 nomove
CARD 21
Jibs_PC#659018430401772544 placearmies 16 3
Jibs_PC#659018430401772544 attack 14 6
Jibs_PC#659018430401772544 roll 3
Jibs_PC#659018430401772544 roll 2
DICE 3 2 5 3 2 2 0 
Jibs_PC#659018430401772544 move 5
Jibs_PC#659018430401772544 attack 16 20
Jibs_PC#659018430401772544 roll 3
Jibs_PC#659018430401772544 roll 1
DICE 3 1 5 3 1 1 
Jibs_PC#659018430401772544 attack 20 19
Jibs_PC#659018430401772544 roll 2
Jibs_PC#659018430401772544 roll 1
DICE 2 1 2 2 2 
Jibs_PC#659018430401772544 retreat
Jibs_PC#659018430401772544 endattack
Jibs_PC#659018430401772544 movearmies 6 14 4
CARD 23
Jibs_PC#659018430401772544 placearmies 9 3
Jibs_PC#659018430401772544 attack 9 8
Jibs_PC#659018430401772544 roll 3
Jibs_PC#659018430401772544 roll 1
DICE 3 1 3 1 1 4 
Jibs_PC#659018430401772544 roll 2
Jibs_PC#659018430401772544 roll 1
DICE 2 1 4 1 0 
Jibs_PC#659018430401772544 endattack
Jibs_PC#659018430401772544 nomove
CARD 7
Jibs_PC#659018430401772544 placearmies 10 1
Jibs_PC#659018430401772544 placearmies 10 3
Jibs_PC#659018430401772544 placearmies 12 1
Jibs_PC#659018430401772544 attack 12 21
Jibs_PC#659018430401772544 roll 3
Jibs_PC#659018430401772544 roll 1
DICE 3 1 4 4 1 0 
Jibs_PC#659018430401772544 move 5
Jibs_PC#659018430401772544 endattack
Jibs_PC#659018430401772544 nomove
CARD 32
Jibs_PC#659018430401772544 placearmies 39 1
Jibs_PC#659018430401772544 placearmies 39 4
Jibs_PC#659018430401772544 attack 39 33
Jibs_PC#659018430401772544 roll 3
Jibs_PC#659018430401772544 roll 2
DICE 3 2 5 4 0 4 4 
Jibs_PC#659018430401772544 roll 3
Jibs_PC#659018430401772544 roll 1
DICE 3 1 5 2 0 3 
Jibs_PC#659018430401772544 move 7
Jibs_PC#659018430401772544 endattack
Jibs_PC#659018430401772544 nomove
CARD 42
Jibs_PC#659018430401772544 placearmies 28 3
Jibs_PC#659018430401772544 attack 28 27
Jibs_PC#659018430401772544 roll 3
Jibs_PC#659018430401772544 roll 2
DICE 3 2 4 1 0 5 0 
Jibs_PC#659018430401772544 roll 2
Jibs_PC#659018430401772544 roll 1
DICE 2 1 5 1 4 
Jibs_PC#659018430401772544 endattack
Jibs_PC#659018430401772544 movearmies 26 24 1
CARD 35
Jibs_PC#659018430401772544 placearmies 3 3
Jibs_PC#659018430401772544 attack 3 2
Jibs_PC#659018430401772544 roll 3
Jibs_PC#659018430401772544 roll 1
DICE 3 1 5 2 0 3 
Jibs_PC#659018430401772544 move 10
Jibs_PC#659018430401772544 attack 2 7
Jibs_PC#659018430401772544 roll 3
Jibs_PC#659018430401772544 roll 1
DICE 3 1 4 3 1 4 
Jibs_PC#659018430401772544 roll 3
Jibs_PC#659018430401772544 roll 1
DICE 3 1 5 4 2 3 
Jibs_PC#659018430401772544 move 8
Jibs_PC#659018430401772544 attack 7 9
Jibs_PC#659018430401772544 roll 3
Jibs_PC#659018430401772544 roll 1
DICE 3 1 5 3 3 3 
Jibs_PC#659018430401772544 move 7
Jibs_PC#659018430401772544 endattack
Jibs_PC#659018430401772544 nomove
CARD 27
Jibs_PC#659018430401772544 placearmies 20 2
Jibs_PC#659018430401772544 placearmies 20 1
Jibs_PC#659018430401772544 attack 20 19
Jibs_PC#659018430401772544 roll 3
Jibs_PC#659018430401772544 roll 1
DICE 3 1 5 3 2 1 
Jibs_PC#659018430401772544 move 3
Jibs_PC#659018430401772544 endattack
Jibs_PC#659018430401772544 movearmies 14 6 4
CARD 8
Jibs_PC#659018430401772544 trade 24 3 7
Jibs_PC#659018430401772544 placearmies 8 2
Jibs_PC#659018430401772544 placearmies 8 10
Jibs_PC#659018430401772544 placearmies 8 1
Jibs_PC#659018430401772544 attack 8 6
Jibs_PC#659018430401772544 roll 3
Jibs_PC#659018430401772544 roll 2
DICE 3 2 5 4 0 4 2 
Jibs_PC#659018430401772544 roll 3
Jibs_PC#659018430401772544 roll 2
DICE 3 2 5 5 4 4 0 
Jibs_PC#659018430401772544 roll 3
Jibs_PC#659018430401772544 roll 1
DICE 3 1 4 0 0 0 
Jibs_PC#659018430401772544 move 14
Jibs_PC#659018430401772544 attack 6 14
Jibs_PC#659018430401772544 roll 3
Jibs_PC#659018430401772544 roll 1
DICE 3 1 5 3 2 0 
Jibs_PC#659018430401772544 move 13
Jibs_PC#659018430401772544 attack 14 15
Jibs_PC#659018430401772544 roll 3
Jibs_PC#659018430401772544 roll 1
DICE 3 1 2 0 0 0 
Jibs_PC#659018430401772544 move 12
Jibs_PC#659018430401772544 attack 15 16
Jibs_PC#659018430401772544 roll 3
Jibs_PC#659018430401772544 roll 1
DICE 3 1 5 4 4 3 
Jibs_PC#659018430401772544 move 11
Jibs_PC#659018430401772544 attack 16 18
Jibs_PC#659018430401772544 roll 3
Jibs_PC#659018430401772544 roll 1
DICE 3 1 5 4 0 2 
Jibs_PC#659018430401772544 move 10
Jibs_PC#659018430401772544 attack 18 19
Jibs_PC#659018430401772544 roll 3
Jibs_PC#659018430401772544 roll 2
DICE 3 2 4 2 0 5 0 
Jibs_PC#659018430401772544 roll 3
Jibs_PC#659018430401772544 roll 2
DICE 3 2 5 3 1 4 3 
Jibs_PC#659018430401772544 retreat
Jibs_PC#659018430401772544 attack 18 17
Jibs_PC#659018430401772544 roll 3
Jibs_PC#659018430401772544 roll 1
DICE 3 1 2 0 0 3 
Jibs_PC#659018430401772544 roll 3
Jibs_PC#659018430401772544 roll 1
DICE 3 1 5 4 2 0 
Jibs_PC#659018430401772544 move 6
Jibs_PC#659018430401772544 endattack
Jibs_PC#659018430401772544 nomove
CARD 22
Jibs_PC#659018430401772544 placearmies 21 5
Jibs_PC#659018430401772544 attack 21 19
Jibs_PC#659018430401772544 roll 3
Jibs_PC#659018430401772544 roll 1
DICE 3 1 5 3 1 0 
Jibs_PC#659018430401772544 move 8
Jibs_PC#659018430401772544 endattack
Jibs_PC#659018430401772544 movearmies 19 21 7
CARD 6
Jibs_PC#659018430401772544 trade 14 4 42
Jibs_PC#659018430401772544 placearmies 33 4
Jibs_PC#659018430401772544 placearmies 33 5
Jibs_PC#659018430401772544 attack 33 29
Jibs_PC#659018430401772544 roll 3
Jibs_PC#659018430401772544 roll 1
DICE 3 1 5 2 0 2 
Jibs_PC#659018430401772544 move 14
Jibs_PC#659018430401772544 attack 29 27
Jibs_PC#659018430401772544 roll 3
Jibs_PC#659018430401772544 roll 2
DICE 3 2 5 1 0 1 1 
Jibs_PC#659018430401772544 roll 3
Jibs_PC#659018430401772544 roll 1
DICE 3 1 5 4 0 1 
Jibs_PC#659018430401772544 move 12
Jibs_PC#659018430401772544 attack 27 36
Jibs_PC#659018430401772544 roll 3
Jibs_PC#659018430401772544 roll 1
DICE 3 1 4 2 0 5 
Jibs_PC#659018430401772544 roll 3
Jibs_PC#659018430401772544 roll 1
DICE 3 1 4 4 1 0 
Jibs_PC#659018430401772544 move 10
Jibs_PC#659018430401772544 attack 36 37
Jibs_PC#659018430401772544 roll 3
Jibs_PC#659018430401772544 roll 1
DICE 3 1 4 3 2 1 
Jibs_PC#659018430401772544 move 9
Jibs_PC#659018430401772544 attack 37 38
Jibs_PC#659018430401772544 roll 3
Jibs_PC#659018430401772544 roll 1
DICE 3 1 3 3 2 0 
Jibs_PC#659018430401772544 move 8
Jibs_PC#659018430401772544 attack 38 34
Jibs_PC#659018430401772544 roll 3
Jibs_PC#659018430401772544 roll 1
DICE 3 1 5 2 1 5 
Jibs_PC#659018430401772544 roll 3
Jibs_PC#659018430401772544 roll 1
DICE 3 1 4 3 3 0 
Jibs_PC#659018430401772544 move 5
Jibs_PC#659018430401772544 endattack
Jibs_PC#659018430401772544 movearmies 42 40 1
CARD 31
Jibs_PC#659018430401772544 trade 16 11 35
Jibs_PC#659018430401772544 placearmies 22 5
Jibs_PC#659018430401772544 placearmies 22 8
Jibs_PC#659018430401772544 attack 22 20
Jibs_PC#659018430401772544 roll 3
Jibs_PC#659018430401772544 roll 2
DICE 3 2 4 2 0 3 2 
Jibs_PC#659018430401772544 roll 3
Jibs_PC#659018430401772544 roll 1
DICE 3 1 5 4 0 5 
Jibs_PC#659018430401772544 retreat
Jibs_PC#659018430401772544 attack 22 31
Jibs_PC#659018430401772544 roll 3
Jibs_PC#659018430401772544 roll 1
DICE 3 1 1 0 0 4 
Jibs_PC#659018430401772544 roll 3
Jibs_PC#659018430401772544 roll 1
DICE 3 1 4 3 3 4 
Jibs_PC#659018430401772544 roll 3
Jibs_PC#659018430401772544 roll 1
DICE 3 1 5 4 2 2 
Jibs_PC#659018430401772544 move 9
Jibs_PC#659018430401772544 attack 31 32
Jibs_PC#659018430401772544 roll 3
Jibs_PC#659018430401772544 roll 2
DICE 3 2 5 2 1 5 5 
Jibs_PC#659018430401772544 roll 3
Jibs_PC#659018430401772544 roll 2
DICE 3 2 5 1 0 5 4 
Jibs_PC#659018430401772544 retreat
Jibs_PC#659018430401772544 endattack
Jibs_PC#659018430401772544 nomove
CARD 36
Jibs_PC#659018430401772544 placearmies 9 1
Jibs_PC#659018430401772544 placearmies 9 2
Jibs_PC#659018430401772544 attack 9 5
Jibs_PC#659018430401772544 roll 3
Jibs_PC#659018430401772544 roll 1
DICE 3 1 5 0 0 4 
Jibs_PC#659018430401772544 move 9
Jibs_PC#659018430401772544 attack 5 10
Jibs_PC#659018430401772544 roll 3
Jibs_PC#659018430401772544 roll 2
DICE 3 2 5 5 0 4 4 
Jibs_PC#659018430401772544 roll 3
Jibs_PC#659018430401772544 roll 2
DICE 3 2 5 4 1 1 0 
Jibs_PC#659018430401772544 roll 3
Jibs_PC#659018430401772544 roll 1
DICE 3 1 3 3 0 3 
Jibs_PC#659018430401772544 roll 3
Jibs_PC#659018430401772544 roll 1
DICE 3 1 2 0 0 2 
Jibs_PC#659018430401772544 roll 3
Jibs_PC#659018430401772544 roll 1
DICE 3 1 3 0 0 1 
Jibs_PC#659018430401772544 move 6
Jibs_PC#659018430401772544 attack 10 11
Jibs_PC#659018430401772544 roll 3
Jibs_PC#659018430401772544 roll 1
DICE 3 1 5 5 5 3 
Jibs_PC#659018430401772544 move 5
Jibs_PC#659018430401772544 attack 11 12
Jibs_PC#659018430401772544 roll 3
Jibs_PC#659018430401772544 roll 1
DICE 3 1 5 3 2 3 
Jibs_PC#659018430401772544 move 4
Jibs_PC#659018430401772544 attack 12 13
Jibs_PC#659018430401772544 roll 3
Jibs_PC#659018430401772544 roll 1
DICE 3 1 5 5 0 2 
Jibs_PC#659018430401772544 endattack
Jibs_PC#659018430401772544 movearmies 13 12 2
CARD 9
Jibs_PC#659018430401772544 placearmies 20 3
Jibs_PC#659018430401772544 attack 20 22
Jibs_PC#659018430401772544 roll 3
Jibs_PC#659018430401772544 roll 1
DICE 3 1 4 3 0 4 
Jibs_PC#659018430401772544 roll 2
Jibs_PC#659018430401772544 roll 1
DICE 2 1 2 1 0 
Jibs_PC#659018430401772544 endattack
Jibs_PC#659018430401772544 nomove
CARD 18
Jibs_PC#659018430401772544 placearmies 4 3
Jibs_PC#659018430401772544 attack 4 3
Jibs_PC#659018430401772544 roll 3
Jibs_PC#659018430401772544 roll 1
DICE 3 1 5 5 1 3 
Jibs_PC#659018430401772544 attack 17 19
Jibs_PC#659018430401772544 roll 3
Jibs_PC#659018430401772544 roll 1
DICE 3 1 3 3 1 0 
Jibs_PC#659018430401772544 move 5
Jibs_PC#659018430401772544 endattack
Jibs_PC#659018430401772544 nomove
CARD 1
Jibs_PC#659018430401772544 placearmies 21 3
Jibs_PC#659018430401772544 attack 21 12
Jibs_PC#659018430401772544 roll 3
Jibs_PC#659018430401772544 roll 2
DICE 3 2 4 2 1 5 0 
Jibs_PC#659018430401772544 roll 3
Jibs_PC#659018430401772544 roll 2
DICE 3 2 3 0 0 5 4 
Jibs_PC#659018430401772544 roll 3
Jibs_PC#659018430401772544 roll 2
DICE 3 2 4 2 0 2 0 
Jibs_PC#659018430401772544 move 8
Jibs_PC#659018430401772544 attack 12 10
Jibs_PC#659018430401772544 roll 3
Jibs_PC#659018430401772544 roll 1
DICE 3 1 4 4 0 0 
Jibs_PC#659018430401772544 move 7
Jibs_PC#659018430401772544 attack 10 11
Jibs_PC#659018430401772544 roll 3
Jibs_PC#659018430401772544 roll 1
DICE 3 1 3 0 0 0 
Jibs_PC#659018430401772544 move 5
Jibs_PC#659018430401772544 attack 11 13
Jibs_PC#659018430401772544 roll 3
Jibs_PC#659018430401772544 roll 1
DICE 3 1 4 3 1 3 
Jibs_PC#659018430401772544 move 3
Jibs_PC#659018430401772544 endattack
Jibs_PC#659018430401772544 movearmies 11 10 1
CARD 10
Jibs_PC#659018430401772544 placearmies 38 6
Jibs_PC#659018430401772544 attack 38 35
Jibs_PC#659018430401772544 roll 3
Jibs_PC#659018430401772544 roll 1
DICE 3 1 3 1 1 1 
Jibs_PC#659018430401772544 move 3
Jibs_PC#659018430401772544 attack 38 1
Jibs_PC#659018430401772544 roll 3
Jibs_PC#659018430401772544 roll 1
DICE 3 1 2 0 0 3 
Jibs_PC#659018430401772544 roll 3
Jibs_PC#659018430401772544 roll 1
DICE 3 1 5 3 1 0 
Jibs_PC#659018430401772544 endattack
Jibs_PC#659018430401772544 movearmies 34 27 4
CARD 41
Jibs_PC#659018430401772544 placearmies 31 3
Jibs_PC#659018430401772544 attack 31 22
Jibs_PC#659018430401772544 roll 3
Jibs_PC#659018430401772544 roll 2
DICE 3 2 3 1 1 2 2 
Jibs_PC#659018430401772544 roll 3
Jibs_PC#659018430401772544 roll 1
DICE 3 1 4 3 2 2 
Jibs_PC#659018430401772544 move 6
Jibs_PC#659018430401772544 attack 22 20
Jibs_PC#659018430401772544 roll 3
Jibs_PC#659018430401772544 roll 1
DICE 3 1 3 3 3 5 
Jibs_PC#659018430401772544 roll 3
Jibs_PC#659018430401772544 roll 1
DICE 3 1 5 5 1 3 
Jibs_PC#659018430401772544 move 4
Jibs_PC#659018430401772544 attack 24 21
Jibs_PC#659018430401772544 roll 2
Jibs_PC#659018430401772544 roll 1
DICE 2 1 2 0 0 
Jibs_PC#659018430401772544 endattack
Jibs_PC#659018430401772544 movearmies 20 21 3
CARD 15
Jibs_PC#659018430401772544 placearmies 32 2
Jibs_PC#659018430401772544 placearmies 5 1
Jibs_PC#659018430401772544 attack 32 29
Jibs_PC#659018430401772544 roll 3
Jibs_PC#659018430401772544 roll 1
DICE 3 1 5 4 0 4 
Jibs_PC#659018430401772544 endattack
Jibs_PC#659018430401772544 nomove
CARD 34
Jibs_PC#659018430401772544 trade 37 22 1
Jibs_PC#659018430401772544 placearmies 3 5
Jibs_PC#659018430401772544 placearmies 3 2
Jibs_PC#659018430401772544 attack 19 20
Jibs_PC#659018430401772544 roll 3
Jibs_PC#659018430401772544 roll 1
DICE 3 1 4 2 0 5 
Jibs_PC#659018430401772544 roll 3
Jibs_PC#659018430401772544 roll 1
DICE 3 1 3 2 1 2 
Jibs_PC#659018430401772544 attack 3 1
Jibs_PC#659018430401772544 roll 3
Jibs_PC#659018430401772544 roll 2
DICE 3 2 4 2 1 3 3 
Jibs_PC#659018430401772544 roll 3
Jibs_PC#659018430401772544 roll 2
DICE 3 2 5 1 0 3 0 
Jibs_PC#659018430401772544 move 8
Jibs_PC#659018430401772544 attack 1 2
Jibs_PC#659018430401772544 roll 3
Jibs_PC#659018430401772544 roll 1
DICE 3 1 3 0 0 3 
Jibs_PC#659018430401772544 roll 3
Jibs_PC#659018430401772544 roll 1
DICE 3 1 3 3 0 1 
Jibs_PC#659018430401772544 move 6
Jibs_PC#659018430401772544 attack 2 7
Jibs_PC#659018430401772544 roll 3
Jibs_PC#659018430401772544 roll 1
DICE 3 1 3 1 1 5 
Jibs_PC#659018430401772544 roll 3
Jibs_PC#659018430401772544 roll 1
DICE 3 1 4 3 1 2 
Jibs_PC#659018430401772544 move 4
Jibs_PC#659018430401772544 attack 7 9
Jibs_PC#659018430401772544 roll 3
Jibs_PC#659018430401772544 roll 1
DICE 3 1 5 5 0 3 
Jibs_PC#659018430401772544 endattack
Jibs_PC#659018430401772544 nomove
CARD 4
Jibs_PC#659018430401772544 trade 17 32 10
Jibs_PC#659018430401772544 placearmies 12 1
Jibs_PC#659018430401772544 placearmies 12 3
Jibs_PC#659018430401772544 placearmies 10 10
Jibs_PC#659018430401772544 placearmies 10 1
Jibs_PC#659018430401772544 attack 10 5
Jibs_PC#659018430401772544 roll 3
Jibs_PC#659018430401772544 roll 2
DICE 3 2 3 2 1 5 4 
Jibs_PC#659018430401772544 roll 3
Jibs_PC#659018430401772544 roll 2
DICE 3 2 2 2 1 4 4 
Jibs_PC#659018430401772544 roll 3
Jibs_PC#659018430401772544 roll 2
DICE 3 2 4 4 0 5 2 
Jibs_PC#659018430401772544 roll 3
Jibs_PC#659018430401772544 roll 1
DICE 3 1 4 4 1 5 
Jibs_PC#659018430401772544 roll 3
Jibs_PC#659018430401772544 roll 1
DICE 3 1 4 1 1 5 
Jibs_PC#659018430401772544 roll 3
Jibs_PC#659018430401772544 roll 1
DICE 3 1 4 4 0 0 
Jibs_PC#659018430401772544 move 8
Jibs_PC#659018430401772544 endattack
Jibs_PC#659018430401772544 movearmies 13 12 2
CARD 42
Jibs_PC#659018430401772544 placearmies 33 3
Jibs_PC#659018430401772544 placearmies 38 3
Jibs_PC#659018430401772544 attack 33 32
Jibs_PC#659018430401772544 roll 3
Jibs_PC#659018430401772544 roll 1
DICE 3 1 5 2 0 0 
Jibs_PC#659018430401772544 move 3
Jibs_PC#659018430401772544 attack 27 29
Jibs_PC#659018430401772544 roll 3
Jibs_PC#659018430401772544 roll 2
DICE 3 2 5 2 1 2 2 
Jibs_PC#659018430401772544 roll 3
Jibs_PC#659018430401772544 roll 2
DICE 3 2 2 2 1 5 0 
Jibs_PC#659018430401772544 roll 2
Jibs_PC#659018430401772544 roll 1
DICE 2 1 4 3 4 
Jibs_PC#659018430401772544 roll 1
Jibs_PC#659018430401772544 roll 1
DICE 1 1 5 5 
Jibs_PC#659018430401772544 attack 32 29
Jibs_PC#659018430401772544 roll 2
Jibs_PC#659018430401772544 roll 1
DICE 2 1 3 2 2 
Jibs_PC#659018430401772544 trade 5 31 19
Jibs_PC#659018430401772544 trade 29 41 21
Jibs_PC#659018430401772544 placearmies 32 1
Jibs_PC#659018430401772544 placearmies 30 10
Jibs_PC#659018430401772544 placearmies 29 7
Jibs_PC#659018430401772544 placearmies 30 2
Jibs_PC#659018430401772544 attack 30 31
Jibs_PC#659018430401772544 roll 3
Jibs_PC#659018430401772544 roll 1
DICE 3 1 4 2 0 3 
Jibs_PC#659018430401772544 move 11
Jibs_PC#659018430401772544 attack 31 22
Jibs_PC#659018430401772544 roll 3
Jibs_PC#659018430401772544 roll 1
DICE 3 1 4 2 2 0 
Jibs_PC#659018430401772544 move 9
Jibs_PC#659018430401772544 attack 29 28
Jibs_PC#659018430401772544 roll 3
Jibs_PC#659018430401772544 roll 1
DICE 3 1 4 2 0 0 
Jibs_PC#659018430401772544 move 10
Jibs_PC#659018430401772544 attack 22 20
Jibs_PC#659018430401772544 roll 3
Jibs_PC#659018430401772544 roll 2
DICE 3 2 4 4 0 4 2 
Jibs_PC#659018430401772544 roll 3
Jibs_PC#659018430401772544 roll 2
DICE 3 2 4 4 0 4 3 
Jibs_PC#659018430401772544 roll 3
Jibs_PC#659018430401772544 roll 1
DICE 3 1 4 1 0 3 
Jibs_PC#659018430401772544 move 6
Jibs_PC#659018430401772544 attack 20 19
Jibs_PC#659018430401772544 roll 3
Jibs_PC#659018430401772544 roll 1
DICE 3 1 5 5 5 2 
Jibs_PC#659018430401772544 move 5
Jibs_PC#659018430401772544 attack 19 17
Jibs_PC#659018430401772544 roll 3
Jibs_PC#659018430401772544 roll 1
DICE 3 1 3 2 0 5 
Jibs_PC#659018430401772544 roll 3
Jibs_PC#659018430401772544 roll 1
DICE 3 1 4 1 1 1 
Jibs_PC#659018430401772544 attack 17 15
Jibs_PC#659018430401772544 roll 2
Jibs_PC#659018430401772544 roll 1
DICE 2 1 2 1 4 
Jibs_PC#659018430401772544 retreat
Jibs_PC#659018430401772544 attack 28 16
Jibs_PC#659018430401772544 roll 3
Jibs_PC#659018430401772544 roll 1
DICE 3 1 5 3 1 5 
Jibs_PC#659018430401772544 roll 3
Jibs_PC#659018430401772544 roll 1
DICE 3 1 5 4 4 5 
Jibs_PC#659018430401772544 roll 3
Jibs_PC#659018430401772544 roll 1
DICE 3 1 4 1 1 3 
Jibs_PC#659018430401772544 move 7
Jibs_PC#659018430401772544 attack 16 18
Jibs_PC#659018430401772544 roll 3
Jibs_PC#659018430401772544 roll 1
DICE 3 1 1 0 0 4 
Jibs_PC#659018430401772544 roll 3
Jibs_PC#659018430401772544 roll 1
DICE 3 1 5 4 0 1 
Jibs_PC#659018430401772544 move 4
Jibs_PC#659018430401772544 attack 18 15
Jibs_PC#659018430401772544 roll 3
Jibs_PC#659018430401772544 roll 1
DICE 3 1 4 3 1 2 
Jibs_PC#659018430401772544 attack 15 14
Jibs_PC#659018430401772544 roll 2
Jibs_PC#659018430401772544 roll 1
DICE 2 1 5 0 4 
Jibs_PC#659018430401772544 endattack
Jibs_PC#659018430401772544 movearmies 31 20 1
CARD 7
Jibs_PC#659018430401772544 trade 36 12 8
Jibs_PC#659018430401772544 placearmies 21 3
Jibs_PC#659018430401772544 placearmies 21 8
Jibs_PC#659018430401772544 attack 21 22
Jibs_PC#659018430401772544 roll 3
Jibs_PC#659018430401772544 roll 1
DICE 3 1 5 5 2 3 
Jibs_PC#659018430401772544 move 14
Jibs_PC#659018430401772544 attack 22 31
Jibs_PC#659018430401772544 roll 3
Jibs_PC#659018430401772544 roll 1
DICE 3 1 4 3 1 4 
Jibs_PC#659018430401772544 roll 3
Jibs_PC#659018430401772544 roll 1
DICE 3 1 5 1 0 3 
Jibs_PC#659018430401772544 move 11
Jibs_PC#659018430401772544 attack 31 32
Jibs_PC#659018430401772544 roll 3
Jibs_PC#659018430401772544 roll 2
DICE 3 2 4 3 3 5 1 
Jibs_PC#659018430401772544 roll 3
Jibs_PC#659018430401772544 roll 1
DICE 3 1 3 2 1 1 
Jibs_PC#659018430401772544 move 9
Jibs_PC#659018430401772544 attack 32 33
Jibs_PC#659018430401772544 roll 3
Jibs_PC#659018430401772544 roll 2
DICE 3 2 3 0 0 5 4 
Jibs_PC#659018430401772544 roll 3
Jibs_PC#659018430401772544 roll 2
DICE 3 2 4 3 2 5 1 
Jibs_PC#659018430401772544 roll 3
Jibs_PC#659018430401772544 roll 1
DICE 3 1 2 1 0 0 
Jibs_PC#659018430401772544 move 5
Jibs_PC#659018430401772544 attack 33 39
Jibs_PC#659018430401772544 roll 3
Jibs_PC#659018430401772544 roll 1
DICE 3 1 5 2 1 2 
Jibs_PC#659018430401772544 move 4
Jibs_PC#659018430401772544 attack 39 40
Jibs_PC#659018430401772544 roll 3
Jibs_PC#659018430401772544 roll 2
DICE 3 2 3 3 1 2 0 
Jibs_PC#659018430401772544 attack 40 41
Jibs_PC#659018430401772544 roll 2
Jibs_PC#659018430401772544 roll 1
DICE 2 1 5 0 1 
Jibs_PC#659018430401772544 endattack
Jibs_PC#659018430401772544 nomove
CARD 24
Jibs_PC#659018430401772544 placearmies 6 3
Jibs_PC#659018430401772544 attack 6 14
Jibs_PC#659018430401772544 roll 3
Jibs_PC#659018430401772544 roll 2
DICE 3 2 2 1 0 3 1 
Jibs_PC#659018430401772544 retreat
Jibs_PC#659018430401772544 endattack
Jibs_PC#659018430401772544 nomove
CARD 
Jibs_PC#659018430401772544 placearmies 5 5
Jibs_PC#659018430401772544 attack 12 21
Jibs_PC#659018430401772544 roll 3
Jibs_PC#659018430401772544 roll 2
DICE 3 2 5 3 0 4 0 
Jibs_PC#659018430401772544 move 6
Jibs_PC#659018430401772544 attack 21 20
Jibs_PC#659018430401772544 roll 3
Jibs_PC#659018430401772544 roll 2
DICE 3 2 2 0 0 5 0 
Jibs_PC#659018430401772544 roll 3
Jibs_PC#659018430401772544 roll 2
DICE 3 2 5 3 2 5 5 
Jibs_PC#659018430401772544 retreat
Jibs_PC#659018430401772544 attack 5 4
Jibs_PC#659018430401772544 roll 3
Jibs_PC#659018430401772544 roll 1
DICE 3 1 5 3 0 3 
Jibs_PC#659018430401772544 move 11
Jibs_PC#659018430401772544 attack 4 7
Jibs_PC#659018430401772544 roll 3
Jibs_PC#659018430401772544 roll 1
DICE 3 1 5 2 0 0 
Jibs_PC#659018430401772544 move 10
Jibs_PC#659018430401772544 attack 7 6
Jibs_PC#659018430401772544 roll 3
Jibs_PC#659018430401772544 roll 2
DICE 3 2 5 1 1 2 0 
Jibs_PC#659018430401772544 move 9
Jibs_PC#659018430401772544 attack 6 14
Jibs_PC#659018430401772544 roll 3
Jibs_PC#659018430401772544 roll 2
DICE 3 2 5 3 2 4 1 
Jibs_PC#659018430401772544 move 8
Jibs_PC#659018430401772544 attack 14 17
Jibs_PC#659018430401772544 roll 3
Jibs_PC#659018430401772544 roll 2
DICE 3 2 4 3 0 3 3 
Jibs_PC#659018430401772544 roll 3
Jibs_PC#659018430401772544 roll 1
DICE 3 1 3 1 1 2 
Jibs_PC#659018430401772544 move 6
Jibs_PC#659018430401772544 attack 17 19
Jibs_PC#659018430401772544 roll 3
Jibs_PC#659018430401772544 roll 1
DICE 3 1 3 3 0 5 
Jibs_PC#659018430401772544 roll 3
Jibs_PC#659018430401772544 roll 1
DICE 3 1 2 1 0 4 
Jibs_PC#659018430401772544 roll 3
Jibs_PC#659018430401772544 roll 1
DICE 3 1 5 1 0 4 
Jibs_PC#659018430401772544 attack 19 18
Jibs_PC#659018430401772544 roll 2
Jibs_PC#659018430401772544 roll 1
DICE 2 1 2 2 3 
Jibs_PC#659018430401772544 retreat
Jibs_PC#659018430401772544 endattack
Jibs_PC#659018430401772544 movearmies 19 21 1
CARD 11
Jibs_PC#659018430401772544 placearmies 38 4
Jibs_PC#659018430401772544 attack 38 1
Jibs_PC#659018430401772544 roll 3
Jibs_PC#659018430401772544 roll 1
DICE 3 1 3 2 2 3 
Jibs_PC#659018430401772544 roll 3
Jibs_PC#659018430401772544 roll 1
DICE 3 1 4 3 1 0 
Jibs_PC#659018430401772544 move 6
Jibs_PC#659018430401772544 attack 1 3
Jibs_PC#659018430401772544 roll 3
Jibs_PC#659018430401772544 roll 1
DICE 3 1 3 1 0 2 
Jibs_PC#659018430401772544 move 5
Jibs_PC#659018430401772544 attack 3 7
Jibs_PC#659018430401772544 roll 3
Jibs_PC#659018430401772544 roll 1
DICE 3 1 4 1 0 4 
Jibs_PC#659018430401772544 roll 3
Jibs_PC#659018430401772544 roll 1
DICE 3 1 5 2 1 1 
Jibs_PC#659018430401772544 endattack
Jibs_PC#659018430401772544 movearmies 35 27 1
CARD 38
Jibs_PC#659018430401772544 placearmies 41 3
Jibs_PC#659018430401772544 attack 41 42
Jibs_PC#659018430401772544 roll 3
Jibs_PC#659018430401772544 roll 2
DICE 3 2 5 2 1 3 2 
Jibs_PC#659018430401772544 roll 3
Jibs_PC#659018430401772544 roll 1
DICE 3 1 3 3 1 5 
Jibs_PC#659018430401772544 roll 2
Jibs_PC#659018430401772544 roll 1
DICE 2 1 5 1 4 
Jibs_PC#659018430401772544 endattack
Jibs_PC#659018430401772544 nomove
CARD 16
Jibs_PC#659018430401772544 placearmies 9 1
Jibs_PC#659018430401772544 placearmies 9 1
Jibs_PC#659018430401772544 placearmies 2 1
Jibs_PC#659018430401772544 attack 9 5
Jibs_PC#659018430401772544 roll 3
Jibs_PC#659018430401772544 roll 2
DICE 3 2 2 0 0 4 0 
Jibs_PC#659018430401772544 retreat
Jibs_PC#659018430401772544 attack 9 4
Jibs_PC#659018430401772544 roll 2
Jibs_PC#659018430401772544 roll 1
DICE 2 1 3 2 5 
Jibs_PC#659018430401772544 retreat
Jibs_PC#659018430401772544 endattack
Jibs_PC#659018430401772544 nomove
CARD 
Jibs_PC#659018430401772544 placearmies 21 1
Jibs_PC#659018430401772544 placearmies 21 2
Jibs_PC#659018430401772544 placearmies 21 2
Jibs_PC#659018430401772544 attack 21 20
Jibs_PC#659018430401772544 roll 3
Jibs_PC#659018430401772544 roll 2
DICE 3 2 4 4 3 5 1 
Jibs_PC#659018430401772544 roll 3
Jibs_PC#659018430401772544 roll 1
DICE 3 1 5 1 0 4 
Jibs_PC#659018430401772544 move 5
Jibs_PC#659018430401772544 attack 20 16
Jibs_PC#659018430401772544 roll 3
Jibs_PC#659018430401772544 roll 2
DICE 3 2 3 1 0 5 4 
Jibs_PC#659018430401772544 retreat
Jibs_PC#659018430401772544 endattack
Jibs_PC#659018430401772544 movearmies 20 21 2
CARD wildcard
Jibs_PC#659018430401772544 trade 34 7 38
Jibs_PC#659018430401772544 placearmies 7 6
Jibs_PC#659018430401772544 placearmies 7 5
Jibs_PC#659018430401772544 attack 7 9
Jibs_PC#659018430401772544 roll 3
Jibs_PC#659018430401772544 roll 2
DICE 3 2 4 3 3 3 0 
Jibs_PC#659018430401772544 move 13
Jibs_PC#659018430401772544 attack 9 8
Jibs_PC#659018430401772544 roll 3
Jibs_PC#659018430401772544 roll 1
DICE 3 1 4 3 2 4 
Jibs_PC#659018430401772544 roll 3
Jibs_PC#659018430401772544 roll 1
DICE 3 1 5 5 4 4 
Jibs_PC#659018430401772544 move 11
Jibs_PC#659018430401772544 attack 8 6
Jibs_PC#659018430401772544 roll 3
Jibs_PC#659018430401772544 roll 1
DICE 3 1 4 2 0 2 
Jibs_PC#659018430401772544 move 10
Jibs_PC#659018430401772544 attack 6 2
Jibs_PC#659018430401772544 roll 3
Jibs_PC#659018430401772544 roll 2
DICE 3 2 4 3 0 4 2 
Jibs_PC#659018430401772544 roll 3
Jibs_PC#659018430401772544 roll 1
DICE 3 1 5 1 1 4 
Jibs_PC#659018430401772544 move 3
Jibs_PC#659018430401772544 attack 6 14
Jibs_PC#659018430401772544 roll 3
Jibs_PC#659018430401772544 roll 1
DICE 3 1 5 3 2 2 
Jibs_PC#659018430401772544 move 5
Jibs_PC#659018430401772544 attack 14 17
Jibs_PC#659018430401772544 roll 3
Jibs_PC#659018430401772544 roll 1
DICE 3 1 3 2 0 4 
Jibs_PC#659018430401772544 roll 3
Jibs_PC#659018430401772544 roll 1
DICE 3 1 5 5 1 4 
Jibs_PC#659018430401772544 attack 17 19
Jibs_PC#659018430401772544 roll 2
Jibs_PC#659018430401772544 roll 1
DICE 2 1 4 4 4 
Jibs_PC#659018430401772544 retreat
Jibs_PC#659018430401772544 endattack
Jibs_PC#659018430401772544 movearmies 2 7 2
CARD 14
Jibs_PC#659018430401772544 trade 15 24 16
Jibs_PC#659018430401772544 placearmies 33 1
Jibs_PC#659018430401772544 placearmies 33 2
Jibs_PC#659018430401772544 placearmies 24 6
Jibs_PC#659018430401772544 placearmies 33 5
Jibs_PC#659018430401772544 attack 24 21
Jibs_PC#659018430401772544 roll 3
Jibs_PC#659018430401772544 roll 2
DICE 3 2 5 4 2 5 5 
Jibs_PC#659018430401772544 roll 3
Jibs_PC#659018430401772544 roll 2
DICE 3 2 3 2 1 2 0 
Jibs_PC#659018430401772544 roll 3
Jibs_PC#659018430401772544 roll 2
DICE 3 2 3 3 0 5 2 
Jibs_PC#659018430401772544 roll 3
Jibs_PC#659018430401772544 roll 1
DICE 3 1 4 0 0 5 
Jibs_PC#659018430401772544 roll 3
Jibs_PC#659018430401772544 roll 1
DICE 3 1 4 3 2 0 
Jibs_PC#659018430401772544 move 4
Jibs_PC#659018430401772544 attack 21 12
Jibs_PC#659018430401772544 roll 3
Jibs_PC#659018430401772544 roll 1
DICE 3 1 2 0 0 0 
Jibs_PC#659018430401772544 attack 33 29
Jibs_PC#659018430401772544 roll 3
Jibs_PC#659018430401772544 roll 1
DICE 3 1 5 3 0 5 
Jibs_PC#659018430401772544 roll 3
Jibs_PC#659018430401772544 roll 1
DICE 3 1 4 1 1 2 
Jibs_PC#659018430401772544 move 7
Jibs_PC#659018430401772544 attack 29 36
Jibs_PC#659018430401772544 roll 3
Jibs_PC#659018430401772544 roll 1
DICE 3 1 3 3 2 0 
Jibs_PC#659018430401772544 move 5
Jibs_PC#659018430401772544 attack 36 38
Jibs_PC#659018430401772544 roll 3
Jibs_PC#659018430401772544 roll 1
DICE 3 1 5 5 2 0 
Jibs_PC#659018430401772544 move 4
Jibs_PC#659018430401772544 endattack
Jibs_PC#659018430401772544 movearmies 12 21 2
CARD wildcard
Jibs_PC#659018430401772544 trade 6 42 wildcard
Jibs_PC#659018430401772544 placearmies 5 2
Jibs_PC#659018430401772544 placearmies 10 4
Jibs_PC#659018430401772544 placearmies 5 7
Jibs_PC#659018430401772544 attack 10 12
Jibs_PC#659018430401772544 roll 3
Jibs_PC#659018430401772544 roll 1
DICE 3 1 3 3 1 0 
Jibs_PC#659018430401772544 move 4
Jibs_PC#659018430401772544 attack 5 9
Jibs_PC#659018430401772544 roll 3
Jibs_PC#659018430401772544 roll 1
DICE 3 1 3 1 0 3 
Jibs_PC#659018430401772544 roll 3
Jibs_PC#659018430401772544 roll 1
DICE 3 1 2 0 0 4 
Jibs_PC#659018430401772544 roll 3
Jibs_PC#659018430401772544 roll 1
DICE 3 1 5 4 3 1 
Jibs_PC#659018430401772544 move 8
Jibs_PC#659018430401772544 attack 9 8
Jibs_PC#659018430401772544 roll 3
Jibs_PC#659018430401772544 roll 1
DICE 3 1 3 2 1 5 
Jibs_PC#659018430401772544 roll 3
Jibs_PC#659018430401772544 roll 1
DICE 3 1 4 3 0 2 
Jibs_PC#659018430401772544 move 5
Jibs_PC#659018430401772544 attack 8 6
Jibs_PC#659018430401772544 roll 3
Jibs_PC#659018430401772544 roll 1
DICE 3 1 3 2 0 2 
Jibs_PC#659018430401772544 move 4
Jibs_PC#659018430401772544 attack 6 2
Jibs_PC#659018430401772544 roll 3
Jibs_PC#659018430401772544 roll 1
DICE 3 1 5 2 1 0 
Jibs_PC#659018430401772544 attack 2 3
Jibs_PC#659018430401772544 roll 2
Jibs_PC#659018430401772544 roll 1
DICE 2 1 5 0 1 
Jibs_PC#659018430401772544 endattack
Jibs_PC#659018430401772544 movearmies 3 4 1
CARD 30
Jibs_PC#659018430401772544 trade 27 9 25
Jibs_PC#659018430401772544 placearmies 16 7
Jibs_PC#659018430401772544 placearmies 7 5
Jibs_PC#659018430401772544 attack 16 31
Jibs_PC#659018430401772544 roll 3
Jibs_PC#659018430401772544 roll 1
DICE 3 1 4 4 1 1 
Jibs_PC#659018430401772544 move 8
Jibs_PC#659018430401772544 attack 31 22
Jibs_PC#659018430401772544 roll 3
Jibs_PC#659018430401772544 roll 2
DICE 3 2 5 0 0 5 5 
Jibs_PC#659018430401772544 roll 3
Jibs_PC#659018430401772544 roll 2
DICE 3 2 4 4 0 4 1 
Jibs_PC#659018430401772544 roll 3
Jibs_PC#659018430401772544 roll 1
DICE 3 1 2 1 0 2 
Jibs_PC#659018430401772544 roll 3
Jibs_PC#659018430401772544 roll 1
DICE 3 1 4 4 0 2 
Jibs_PC#659018430401772544 attack 27 36
Jibs_PC#659018430401772544 roll 3
Jibs_PC#659018430401772544 roll 1
DICE 3 1 4 3 3 2 
Jibs_PC#659018430401772544 attack 22 20
Jibs_PC#659018430401772544 roll 2
Jibs_PC#659018430401772544 roll 1
DICE 2 1 4 1 2 
Jibs_PC#659018430401772544 attack 7 9
Jibs_PC#659018430401772544 roll 3
Jibs_PC#659018430401772544 roll 2
DICE 3 2 5 5 2 5 4 
Jibs_PC#659018430401772544 roll 3
Jibs_PC#659018430401772544 roll 1
DICE 3 1 5 4 1 0 
Jibs_PC#659018430401772544 move 6
Jibs_PC#659018430401772544 attack 9 5
Jibs_PC#659018430401772544 roll 3
Jibs_PC#659018430401772544 roll 1
DICE 3 1 4 2 1 4 
Jibs_PC#659018430401772544 roll 3
Jibs_PC#659018430401772544 roll 1
DICE 3 1 3 1 0 1 
Jibs_PC#659018430401772544 move 4
Jibs_PC#659018430401772544 attack 5 10
Jibs_PC#659018430401772544 roll 3
Jibs_PC#659018430401772544 roll 1
DICE 3 1 5 3 0 3 
Jibs_PC#659018430401772544 endattack
Jibs_PC#659018430401772544 nomove
CARD 28
Jibs_PC#659018430401772544 trade 23 18 wildcard
Jibs_PC#659018430401772544 placearmies 21 2
Jibs_PC#659018430401772544 placearmies 32 1
Jibs_PC#659018430401772544 placearmies 29 1
Jibs_PC#659018430401772544 placearmies 38 7
Jibs_PC#659018430401772544 placearmies 21 1
Jibs_PC#659018430401772544 attack 21 22
Jibs_PC#659018430401772544 roll 3
Jibs_PC#659018430401772544 roll 1
DICE 3 1 5 3 0 4 
Jibs_PC#659018430401772544 move 4
Jibs_PC#659018430401772544 attack 29 27
Jibs_PC#659018430401772544 roll 2
Jibs_PC#659018430401772544 roll 1
DICE 2 1 4 2 4 
Jibs_PC#659018430401772544 retreat
Jibs_PC#659018430401772544 attack 22 31
Jibs_PC#659018430401772544 roll 3
Jibs_PC#659018430401772544 roll 1
DICE 3 1 5 4 2 1 
Jibs_PC#659018430401772544 attack 38 37
Jibs_PC#659018430401772544 roll 3
Jibs_PC#659018430401772544 roll 1
DICE 3 1 5 4 3 2 
Jibs_PC#659018430401772544 move 10
Jibs_PC#659018430401772544 attack 37 36
Jibs_PC#659018430401772544 roll 3
Jibs_PC#659018430401772544 roll 2
DICE 3 2 5 4 0 5 0 
Jibs_PC#659018430401772544 roll 3
Jibs_PC#659018430401772544 roll 2
DICE 3 2 5 1 0 4 3 
Jibs_PC#659018430401772544 roll 3
Jibs_PC#659018430401772544 roll 1
DICE 3 1 4 2 0 1 
Jibs_PC#659018430401772544 move 7
Jibs_PC#659018430401772544 attack 36 35
Jibs_PC#659018430401772544 roll 3
Jibs_PC#659018430401772544 roll 2
DICE 3 2 2 2 1 5 3 
Jibs_PC#659018430401772544 roll 3
Jibs_PC#659018430401772544 roll 2
DICE 3 2 5 5 0 5 0 
Jibs_PC#659018430401772544 roll 3
Jibs_PC#659018430401772544 roll 1
DICE 3 1 5 4 0 4 
Jibs_PC#659018430401772544 attack 35 27
Jibs_PC#659018430401772544 roll 2
Jibs_PC#659018430401772544 roll 1
DICE 2 1 3 0 5 
Jibs_PC#659018430401772544 retreat
Jibs_PC#659018430401772544 endattack
Jibs_PC#659018430401772544 movearmies 31 32 2
CARD 26
Jibs_PC#659018430401772544 placearmies 12 1
Jibs_PC#659018430401772544 placearmies 12 2
Jibs_PC#659018430401772544 attack 12 21
Jibs_PC#659018430401772544 roll 3
Jibs_PC#659018430401772544 roll 2
DICE 3 2 5 5 1 2 0 
Jibs_PC#659018430401772544 move 6
Jibs_PC#659018430401772544 attack 21 24
Jibs_PC#659018430401772544 roll 3
Jibs_PC#659018430401772544 roll 1
DICE 3 1 3 1 0 0 
Jibs_PC#659018430401772544 move 5
Jibs_PC#659018430401772544 attack 24 26
Jibs_PC#659018430401772544 roll 3
Jibs_PC#659018430401772544 roll 1
DICE 3 1 5 3 0 1 
Jibs_PC#659018430401772544 move 4
Jibs_PC#659018430401772544 endattack
Jibs_PC#659018430401772544 nomove
CARD 3
Jibs_PC#659018430401772544 placearmies 7 4
Jibs_PC#659018430401772544 placearmies 10 1
Jibs_PC#659018430401772544 attack 7 8
Jibs_PC#659018430401772544 roll 3
Jibs_PC#659018430401772544 roll 1
DICE 3 1 0 0 0 2 
Jibs_PC#659018430401772544 roll 3
Jibs_PC#659018430401772544 roll 1
DICE 3 1 4 1 0 5 
Jibs_PC#659018430401772544 roll 2
Jibs_PC#659018430401772544 roll 1
DICE 2 1 2 2 4 
Jibs_PC#659018430401772544 retreat
Jibs_PC#659018430401772544 attack 10 12
Jibs_PC#659018430401772544 roll 3
Jibs_PC#659018430401772544 roll 1
DICE 3 1 4 3 1 5 
Jibs_PC#659018430401772544 roll 2
Jibs_PC#659018430401772544 roll 1
DICE 2 1 5 1 4 
Jibs_PC#659018430401772544 endattack
Jibs_PC#659018430401772544 nomove
CARD 35
Jibs_PC#659018430401772544 placearmies 32 7
Jibs_PC#659018430401772544 attack 32 30
Jibs_PC#659018430401772544 roll 3
Jibs_PC#659018430401772544 roll 2
DICE 3 2 5 4 1 3 0 
Jibs_PC#659018430401772544 move 10
Jibs_PC#659018430401772544 attack 30 28
Jibs_PC#659018430401772544 roll 3
Jibs_PC#659018430401772544 roll 1
DICE 3 1 4 2 1 2 
Jibs_PC#659018430401772544 move 8
Jibs_PC#659018430401772544 attack 28 27
Jibs_PC#659018430401772544 roll 3
Jibs_PC#659018430401772544 roll 1
DICE 3 1 4 3 0 5 
Jibs_PC#659018430401772544 roll 3
Jibs_PC#659018430401772544 roll 1
DICE 3 1 5 4 2 0 
Jibs_PC#659018430401772544 move 5
Jibs_PC#659018430401772544 attack 27 34
Jibs_PC#659018430401772544 roll 3
Jibs_PC#659018430401772544 roll 2
DICE 3 2 1 1 0 5 2 
Jibs_PC#659018430401772544 retreat
Jibs_PC#659018430401772544 endattack
Jibs_PC#659018430401772544 movearmies 29 30 1
CARD 33
Jibs_PC#659018430401772544 placearmies 26 1
Jibs_PC#659018430401772544 placearmies 4 2
Jibs_PC#659018430401772544 attack 26 25
Jibs_PC#659018430401772544 roll 3
Jibs_PC#659018430401772544 roll 1
DICE 3 1 3 2 0 3 
Jibs_PC#659018430401772544 roll 3
Jibs_PC#659018430401772544 roll 1
DICE 3 1 5 4 1 5 
Jibs_PC#659018430401772544 roll 2
Jibs_PC#659018430401772544 roll 1
DICE 2 1 0 0 5 
Jibs_PC#659018430401772544 retreat
Jibs_PC#659018430401772544 attack 4 9
Jibs_PC#659018430401772544 roll 3
Jibs_PC#659018430401772544 roll 1
DICE 3 1 2 2 1 0 
Jibs_PC#659018430401772544 attack 9 5
Jibs_PC#659018430401772544 roll 2
Jibs_PC#659018430401772544 roll 1
DICE 2 1 4 3 0 
Jibs_PC#659018430401772544 endattack
Jibs_PC#659018430401772544 nomove
CARD 2
Jibs_PC#659018430401772544 trade 4 14 35
Jibs_PC#659018430401772544 placearmies 17 3
Jibs_PC#659018430401772544 placearmies 12 3
Jibs_PC#659018430401772544 placearmies 14 1
Jibs_PC#659018430401772544 attack 17 19
Jibs_PC#659018430401772544 roll 3
Jibs_PC#659018430401772544 roll 1
DICE 3 1 3 3 2 5 
Jibs_PC#659018430401772544 roll 3
Jibs_PC#659018430401772544 roll 1
DICE 3 1 5 2 2 0 
Jibs_PC#659018430401772544 attack 12 13
Jibs_PC#659018430401772544 roll 3
Jibs_PC#659018430401772544 roll 1
DICE 3 1 5 5 1 1 
Jibs_PC#659018430401772544 move 4
Jibs_PC#659018430401772544 attack 13 11
Jibs_PC#659018430401772544 roll 3
Jibs_PC#659018430401772544 roll 1
DICE 3 1 5 1 0 4 
Jibs_PC#659018430401772544 endattack
Jibs_PC#659018430401772544 movearmies 11 12 2
CARD 13
Jibs_PC#659018430401772544 placearmies 27 5
Jibs_PC#659018430401772544 placearmies 31 1
Jibs_PC#659018430401772544 placearmies 38 1
Jibs_PC#659018430401772544 placearmies 35 1
Jibs_PC#659018430401772544 attack 30 16
Jibs_PC#659018430401772544 roll 2
Jibs_PC#659018430401772544 roll 1
DICE 2 1 5 0 0 
Jibs_PC#659018430401772544 attack 27 34
Jibs_PC#659018430401772544 roll 3
Jibs_PC#659018430401772544 roll 2
DICE 3 2 2 2 2 2 1 
Jibs_PC#659018430401772544 roll 3
Jibs_PC#659018430401772544 roll 2
DICE 3 2 4 3 0 3 0 
Jibs_PC#659018430401772544 move 3
Jibs_PC#659018430401772544 endattack
Jibs_PC#659018430401772544 movearmies 34 38 2
CARD 40
Jibs_PC#659018430401772544 trade 11 30 2
Jibs_PC#659018430401772544 placearmies 2 1
Jibs_PC#659018430401772544 placearmies 24 8
Jibs_PC#659018430401772544 placearmies 24 1
Jibs_PC#659018430401772544 placearmies 2 1
Jibs_PC#659018430401772544 placearmies 2 1
Jibs_PC#659018430401772544 placearmies 2 1
Jibs_PC#659018430401772544 attack 24 22
Jibs_PC#659018430401772544 roll 3
Jibs_PC#659018430401772544 roll 1
DICE 3 1 5 4 0 1 
Jibs_PC#659018430401772544 move 9
Jibs_PC#659018430401772544 attack 22 31
Jibs_PC#659018430401772544 roll 3
Jibs_PC#659018430401772544 roll 2
DICE 3 2 3 3 2 5 2 
Jibs_PC#659018430401772544 roll 3
Jibs_PC#659018430401772544 roll 1
DICE 3 1 4 4 1 4 
Jibs_PC#659018430401772544 roll 3
Jibs_PC#659018430401772544 roll 1
DICE 3 1 5 4 0 5 
Jibs_PC#659018430401772544 roll 3
Jibs_PC#659018430401772544 roll 1
DICE 3 1 5 5 4 3 
Jibs_PC#659018430401772544 move 5
Jibs_PC#659018430401772544 attack 2 7
Jibs_PC#659018430401772544 roll 3
Jibs_PC#659018430401772544 roll 2
DICE 3 2 3 2 1 5 3 
Jibs_PC#659018430401772544 roll 3
Jibs_PC#659018430401772544 roll 2
DICE 3 2 4 4 0 2 0 
Jibs_PC#659018430401772544 move 3
Jibs_PC#659018430401772544 attack 31 32
Jibs_PC#659018430401772544 roll 3
Jibs_PC#659018430401772544 roll 1
DICE 3 1 2 1 1 3 
Jibs_PC#659018430401772544 roll 3
Jibs_PC#659018430401772544 roll 1
DICE 3 1 5 4 3 1 
Jibs_PC#659018430401772544 endattack
Jibs_PC#659018430401772544 movearmies 7 6 2
CARD 39
Jibs_PC#659018430401772544 placearmies 12 5
Jibs_PC#659018430401772544 attack 12 21
Jibs_PC#659018430401772544 roll 3
Jibs_PC#659018430401772544 roll 1
DICE 3 1 5 4 0 2 
Jibs_PC#659018430401772544 move 7
Jibs_PC#659018430401772544 attack 21 24
Jibs_PC#659018430401772544 roll 3
Jibs_PC#659018430401772544 roll 1
DICE 3 1 4 1 1 3 
Jibs_PC#659018430401772544 move 5
Jibs_PC#659018430401772544 attack 24 25
Jibs_PC#659018430401772544 roll 3
Jibs_PC#659018430401772544 roll 1
DICE 3 1 3 2 1 5 
Jibs_PC#659018430401772544 roll 3
Jibs_PC#659018430401772544 roll 1
DICE 3 1 4 3 1 2 
Jibs_PC#659018430401772544 endattack
Jibs_PC#659018430401772544 movearmies 20 21 1
CARD 20
Jibs_PC#659018430401772544 trade 26 33 40
Jibs_PC#659018430401772544 placearmies 16 9
Jibs_PC#659018430401772544 placearmies 16 3
Jibs_PC#659018430401772544 placearmies 16 1
Jibs_PC#659018430401772544 placearmies 16 2
Jibs_PC#659018430401772544 placearmies 16 2
Jibs_PC#659018430401772544 attack 16 20
Jibs_PC#659018430401772544 roll 3
Jibs_PC#659018430401772544 roll 1
DICE 3 1 4 2 0 1 
Jibs_PC#659018430401772544 move 18
Jibs_PC#659018430401772544 attack 20 21
Jibs_PC#659018430401772544 roll 3
Jibs_PC#659018430401772544 roll 2
DICE 3 2 5 3 0 5 4 
Jibs_PC#659018430401772544 roll 3
Jibs_PC#659018430401772544 roll 2
DICE 3 2 3 1 1 4 4 
Jibs_PC#659018430401772544 roll 3
Jibs_PC#659018430401772544 roll 2
DICE 3 2 4 3 0 3 0 
Jibs_PC#659018430401772544 roll 3
Jibs_PC#659018430401772544 roll 1
DICE 3 1 3 1 0 2 
Jibs_PC#659018430401772544 move 13
Jibs_PC#659018430401772544 attack 21 12
Jibs_PC#659018430401772544 roll 3
Jibs_PC#659018430401772544 roll 1
DICE 3 1 5 4 1 2 
Jibs_PC#659018430401772544 move 12
Jibs_PC#659018430401772544 attack 12 13
Jibs_PC#659018430401772544 roll 3
Jibs_PC#659018430401772544 roll 1
DICE 3 1 1 0 0 5 
Jibs_PC#659018430401772544 roll 3
Jibs_PC#659018430401772544 roll 1
DICE 3 1 5 4 3 4 
Jibs_PC#659018430401772544 move 10
Jibs_PC#659018430401772544 attack 13 11
Jibs_PC#659018430401772544 roll 3
Jibs_PC#659018430401772544 roll 1
DICE 3 1 4 2 0 1 
Jibs_PC#659018430401772544 move 9
Jibs_PC#659018430401772544 attack 11 10
Jibs_PC#659018430401772544 roll 3
Jibs_PC#659018430401772544 roll 1
DICE 3 1 4 3 3 5 
Jibs_PC#659018430401772544 roll 3
Jibs_PC#659018430401772544 roll 1
DICE 3 1 3 3 2 5 
Jibs_PC#659018430401772544 roll 3
Jibs_PC#659018430401772544 roll 1
DICE 3 1 5 4 0 1 
Jibs_PC#659018430401772544 move 6
Jibs_PC#659018430401772544 attack 10 5
Jibs_PC#659018430401772544 roll 3
Jibs_PC#659018430401772544 roll 2
DICE 3 2 5 4 3 2 0 
Jibs_PC#659018430401772544 move 5
Jibs_PC#659018430401772544 attack 5 9
Jibs_PC#659018430401772544 roll 3
Jibs_PC#659018430401772544 roll 1
DICE 3 1 5 3 2 5 
Jibs_PC#659018430401772544 roll 3
Jibs_PC#659018430401772544 roll 1
DICE 3 1 5 4 0 3 
Jibs_PC#659018430401772544 endattack
Jibs_PC#659018430401772544 movearmies 9 5 2
CARD 1
Jibs_PC#659018430401772544 placearmies 2 3
Jibs_PC#659018430401772544 attack 2 1
Jibs_PC#659018430401772544 roll 3
Jibs_PC#659018430401772544 roll 1
DICE 3 1 4 3 0 3 
Jibs_PC#659018430401772544 move 4
Jibs_PC#659018430401772544 endattack
Jibs_PC#659018430401772544 nomove
CARD 22
Jibs_PC#659018430401772544 placearmies 19 1
Jibs_PC#659018430401772544 placearmies 19 1
Jibs_PC#659018430401772544 placearmies 25 1
Jibs_PC#659018430401772544 attack 19 20
Jibs_PC#659018430401772544 roll 3
Jibs_PC#659018430401772544 roll 1
DICE 3 1 5 4 4 5 
Jibs_PC#659018430401772544 roll 3
Jibs_PC#659018430401772544 roll 1
DICE 3 1 5 2 1 3 
Jibs_PC#659018430401772544 attack 20 16
Jibs_PC#659018430401772544 roll 2
Jibs_PC#659018430401772544 roll 1
DICE 2 1 1 0 2 
Jibs_PC#659018430401772544 retreat
Jibs_PC#659018430401772544 attack 25 26
Jibs_PC#659018430401772544 roll 3
Jibs_PC#659018430401772544 roll 2
DICE 3 2 1 1 0 5 3 
Jibs_PC#659018430401772544 retreat
Jibs_PC#659018430401772544 endattack
Jibs_PC#659018430401772544 nomove
CARD 4
Jibs_PC#659018430401772544 placearmies 30 10
Jibs_PC#659018430401772544 placearmies 21 1
Jibs_PC#659018430401772544 attack 30 31
Jibs_PC#659018430401772544 roll 3
Jibs_PC#659018430401772544 roll 1
DICE 3 1 5 3 2 0 
Jibs_PC#659018430401772544 move 10
Jibs_PC#659018430401772544 attack 31 32
Jibs_PC#659018430401772544 roll 3
Jibs_PC#659018430401772544 roll 2
DICE 3 2 3 3 2 3 2 
Jibs_PC#659018430401772544 roll 3
Jibs_PC#659018430401772544 roll 2
DICE 3 2 5 4 2 5 2 
Jibs_PC#659018430401772544 retreat
Jibs_PC#659018430401772544 attack 33 32
Jibs_PC#659018430401772544 roll 2
Jibs_PC#659018430401772544 roll 1
DICE 2 1 2 1 0 
Jibs_PC#659018430401772544 attack 31 22
Jibs_PC#659018430401772544 roll 3
Jibs_PC#659018430401772544 roll 1
DICE 3 1 1 1 0 0 
Jibs_PC#659018430401772544 move 6
Jibs_PC#659018430401772544 attack 23 24
Jibs_PC#659018430401772544 roll 2
Jibs_PC#659018430401772544 roll 1
DICE 2 1 4 2 5 
Jibs_PC#659018430401772544 retreat
Jibs_PC#659018430401772544 attack 22 24
Jibs_PC#659018430401772544 roll 3
Jibs_PC#659018430401772544 roll 1
DICE 3 1 5 3 2 4 
Jibs_PC#659018430401772544 move 5
Jibs_PC#659018430401772544 attack 24 26
Jibs_PC#659018430401772544 roll 3
Jibs_PC#659018430401772544 roll 2
DICE 3 2 4 4 4 1 1 
Jibs_PC#659018430401772544 move 4
Jibs_PC#659018430401772544 attack 26 25
Jibs_PC#659018430401772544 roll 3
Jibs_PC#659018430401772544 roll 2
DICE 3 2 5 3 2 3 3 
Jibs_PC#659018430401772544 roll 2
Jibs_PC#659018430401772544 roll 1
DICE 2 1 4 2 0 
