Jibs_PC#1198424629804553216 newplayer human green s0914007
Jibs_PC#1198424629804553216 newplayer human blue bob
Jibs_PC#1198424629804553216 newplayer human red fred
Jibs_PC#1198424629804553216 startgame mission fixed autoplaceall recycle
PLAYER bob
MISSION 4 4 3
PLACEALL 32 1 13 33 10 26 11 14 7 34 15 2 37 21 30 40 5 25 12 38 31 23 36 39 27 35 22 18 4 6 42 28 20 41 8 16 24 9 19 3 29 17
Jibs_PC#1198424629804553216 placearmies 3 1
CARD 
Jibs_PC#1198424629804553216 placearmies 15 1
CARD 
Jibs_PC#1198424629804553216 placearmies 2 1
CARD 
Jibs_PC#1198424629804553216 placearmies 3 1
CARD 
Jibs_PC#1198424629804553216 placearmies 10 1
CARD 
Jibs_PC#1198424629804553216 placearmies 7 1
CARD 
Jibs_PC#1198424629804553216 placearmies 3 1
CARD 
Jibs_PC#1198424629804553216 placearmies 14 1
CARD 
Jibs_PC#1198424629804553216 placearmies 39 1
CARD 
Jibs_PC#1198424629804553216 placearmies 3 1
CARD 
Jibs_PC#1198424629804553216 placearmies 10 1
CARD 
Jibs_PC#1198424629804553216 placearmies 39 1
CARD 
Jibs_PC#1198424629804553216 placearmies 3 1
CARD 
Jibs_PC#1198424629804553216 placearmies 15 1
CARD 
Jibs_PC#1198424629804553216 placearmies 39 1
CARD 
Jibs_PC#1198424629804553216 placearmies 3 1
CARD 
Jibs_PC#1198424629804553216 placearmies 15 1
CARD 
Jibs_PC#1198424629804553216 placearmies 39 1
CARD 
Jibs_PC#1198424629804553216 placearmies 3 1
CARD 
Jibs_PC#1198424629804553216 placearmies 14 1
CARD 
Jibs_PC#1198424629804553216 placearmies 39 1
CARD 
Jibs_PC#1198424629804553216 placearmies 3 1
CARD 
Jibs_PC#1198424629804553216 placearmies 14 1
CARD 
Jibs_PC#1198424629804553216 placearmies 39 1
CARD 
Jibs_PC#1198424629804553216 placearmies 3 1
CARD 
Jibs_PC#1198424629804553216 placearmies 15 1
CARD 
Jibs_PC#1198424629804553216 placearmies 39 1
CARD 
Jibs_PC#1198424629804553216 placearmies 3 1
CARD 
Jibs_PC#1198424629804553216 placearmies 15 1
CARD 
Jibs_PC#1198424629804553216 placearmies 39 1
CARD 
Jibs_PC#1198424629804553216 placearmies 3 1
CARD 
Jibs_PC#1198424629804553216 placearmies 15 1
CARD 
Jibs_PC#1198424629804553216 placearmies 39 1
CARD 
Jibs_PC#1198424629804553216 placearmies 3 1
CARD 
Jibs_PC#1198424629804553216 placearmies 15 1
CARD 
Jibs_PC#1198424629804553216 placearmies 39 1
CARD 
Jibs_PC#1198424629804553216 placearmies 3 1
CARD 
Jibs_PC#1198424629804553216 placearmies 15 1
CARD 
Jibs_PC#1198424629804553216 placearmies 39 1
CARD 
Jibs_PC#1198424629804553216 placearmies 3 1
CARD 
Jibs_PC#1198424629804553216 placearmies 15 1
CARD 
Jibs_PC#1198424629804553216 placearmies 39 1
CARD 
Jibs_PC#1198424629804553216 placearmies 3 1
CARD 
Jibs_PC#1198424629804553216 placearmies 15 1
CARD 
Jibs_PC#1198424629804553216 placearmies 39 1
CARD 
Jibs_PC#1198424629804553216 placearmies 3 1
CARD 
Jibs_PC#1198424629804553216 placearmies 15 1
CARD 
Jibs_PC#1198424629804553216 placearmies 39 1
CARD 
Jibs_PC#1198424629804553216 placearmies 3 1
CARD 
Jibs_PC#1198424629804553216 placearmies 15 1
CARD 
Jibs_PC#1198424629804553216 placearmies 39 1
CARD 
Jibs_PC#1198424629804553216 placearmies 3 1
CARD 
Jibs_PC#1198424629804553216 placearmies 15 1
CARD 
Jibs_PC#1198424629804553216 placearmies 39 1
CARD 
Jibs_PC#1198424629804553216 placearmies 3 1
CARD 
Jibs_PC#1198424629804553216 placearmies 15 1
CARD 
Jibs_PC#1198424629804553216 placearmies 39 1
CARD 
Jibs_PC#1198424629804553216 placearmies 3 1
CARD 
Jibs_PC#1198424629804553216 placearmies 15 1
CARD 
Jibs_PC#1198424629804553216 placearmies 39 1
CARD 
Jibs_PC#1198424629804553216 placearmies 3 1
CARD 
Jibs_PC#1198424629804553216 placearmies 15 1
CARD 
Jibs_PC#1198424629804553216 placearmies 39 1
CARD 
Jibs_PC#1198424629804553216 placearmies 11 1
Jibs_PC#1198424629804553216 placearmies 11 1
Jibs_PC#1198424629804553216 placearmies 11 1
Jibs_PC#1198424629804553216 placearmies 11 1
Jibs_PC#1198424629804553216 attack 11 10
Jibs_PC#1198424629804553216 roll 3
Jibs_PC#1198424629804553216 roll 2
DICE 3 2 4 3 2 5 2 
Jibs_PC#1198424629804553216 roll 3
Jibs_PC#1198424629804553216 roll 2
DICE 3 2 5 1 0 2 2 
Jibs_PC#1198424629804553216 roll 2
Jibs_PC#1198424629804553216 roll 1
DICE 2 1 4 2 2 
Jibs_PC#1198424629804553216 attack 3 4
Jibs_PC#1198424629804553216 roll 3
Jibs_PC#1198424629804553216 roll 1
DICE 3 1 5 1 1 4 
Jibs_PC#1198424629804553216 move all
Jibs_PC#1198424629804553216 attack 4 5
Jibs_PC#1198424629804553216 roll 3
Jibs_PC#1198424629804553216 roll 1
DICE 3 1 5 2 2 2 
Jibs_PC#1198424629804553216 move all
Jibs_PC#1198424629804553216 attack 5 9
Jibs_PC#1198424629804553216 roll 3
Jibs_PC#1198424629804553216 roll 1
DICE 3 1 3 1 1 2 
Jibs_PC#1198424629804553216 move all
Jibs_PC#1198424629804553216 attack 9 8
Jibs_PC#1198424629804553216 roll 3
Jibs_PC#1198424629804553216 roll 1
DICE 3 1 3 1 0 0 
Jibs_PC#1198424629804553216 move all
Jibs_PC#1198424629804553216 attack 8 7
Jibs_PC#1198424629804553216 roll 3
Jibs_PC#1198424629804553216 roll 2
DICE 3 2 3 1 1 5 4 
Jibs_PC#1198424629804553216 roll 3
Jibs_PC#1198424629804553216 roll 2
DICE 3 2 3 1 1 5 1 
Jibs_PC#1198424629804553216 roll 3
Jibs_PC#1198424629804553216 roll 2
DICE 3 2 3 3 0 4 1 
Jibs_PC#1198424629804553216 roll 3
Jibs_PC#1198424629804553216 roll 1
DICE 3 1 4 1 0 5 
Jibs_PC#1198424629804553216 roll 3
Jibs_PC#1198424629804553216 roll 1
DICE 3 1 4 0 0 5 
Jibs_PC#1198424629804553216 roll 3
Jibs_PC#1198424629804553216 roll 1
DICE 3 1 5 4 1 3 
Jibs_PC#1198424629804553216 move all
Jibs_PC#1198424629804553216 attack 7 2
Jibs_PC#1198424629804553216 roll 3
Jibs_PC#1198424629804553216 roll 2
DICE 3 2 3 2 1 4 4 
Jibs_PC#1198424629804553216 roll 3
Jibs_PC#1198424629804553216 roll 2
DICE 3 2 5 2 1 4 0 
Jibs_PC#1198424629804553216 move all
Jibs_PC#1198424629804553216 attack 2 1
Jibs_PC#1198424629804553216 roll 3
Jibs_PC#1198424629804553216 roll 1
DICE 3 1 5 1 0 4 
Jibs_PC#1198424629804553216 move 3
Jibs_PC#1198424629804553216 attack 2 6
Jibs_PC#1198424629804553216 roll 3
Jibs_PC#1198424629804553216 roll 1
DICE 3 1 5 1 0 5 
Jibs_PC#1198424629804553216 roll 2
Jibs_PC#1198424629804553216 roll 1
DICE 2 1 4 3 5 
Jibs_PC#1198424629804553216 roll 1
Jibs_PC#1198424629804553216 roll 1
DICE 1 1 0 0 
Jibs_PC#1198424629804553216 endattack
Jibs_PC#1198424629804553216 nomove
CARD 1
Jibs_PC#1198424629804553216 placearmies 15 1
Jibs_PC#1198424629804553216 placearmies 14 1
Jibs_PC#1198424629804553216 placearmies 14 1
Jibs_PC#1198424629804553216 attack 15 16
Jibs_PC#1198424629804553216 roll 3
Jibs_PC#1198424629804553216 roll 1
DICE 3 1 4 4 3 0 
Jibs_PC#1198424629804553216 move all
Jibs_PC#1198424629804553216 attack 16 20
Jibs_PC#1198424629804553216 roll 3
Jibs_PC#1198424629804553216 roll 1
DICE 3 1 4 4 1 3 
Jibs_PC#1198424629804553216 move all
Jibs_PC#1198424629804553216 attack 20 18
Jibs_PC#1198424629804553216 roll 3
Jibs_PC#1198424629804553216 roll 1
DICE 3 1 5 3 2 0 
Jibs_PC#1198424629804553216 move all
Jibs_PC#1198424629804553216 attack 18 19
Jibs_PC#1198424629804553216 roll 3
Jibs_PC#1198424629804553216 roll 1
DICE 3 1 4 0 0 4 
Jibs_PC#1198424629804553216 roll 3
Jibs_PC#1198424629804553216 roll 1
DICE 3 1 3 1 1 2 
Jibs_PC#1198424629804553216 move all
Jibs_PC#1198424629804553216 attack 19 17
Jibs_PC#1198424629804553216 roll 3
Jibs_PC#1198424629804553216 roll 1
DICE 3 1 4 4 4 0 
Jibs_PC#1198424629804553216 move all
Jibs_PC#1198424629804553216 endattack
Jibs_PC#1198424629804553216 movearmies 17 19 11
CARD 3
Jibs_PC#1198424629804553216 placearmies 13 1
Jibs_PC#1198424629804553216 placearmies 13 1
Jibs_PC#1198424629804553216 placearmies 13 1
Jibs_PC#1198424629804553216 attack 39 40
Jibs_PC#1198424629804553216 roll 3
Jibs_PC#1198424629804553216 roll 1
DICE 3 1 5 2 1 3 
Jibs_PC#1198424629804553216 move 6
Jibs_PC#1198424629804553216 attack 40 42
Jibs_PC#1198424629804553216 roll 3
Jibs_PC#1198424629804553216 roll 1
DICE 3 1 4 4 0 5 
Jibs_PC#1198424629804553216 roll 3
Jibs_PC#1198424629804553216 roll 1
DICE 3 1 4 3 2 0 
Jibs_PC#1198424629804553216 move all
Jibs_PC#1198424629804553216 attack 42 41
Jibs_PC#1198424629804553216 roll 3
Jibs_PC#1198424629804553216 roll 1
DICE 3 1 3 2 1 3 
Jibs_PC#1198424629804553216 roll 2
Jibs_PC#1198424629804553216 roll 1
DICE 2 1 2 1 4 
Jibs_PC#1198424629804553216 roll 1
Jibs_PC#1198424629804553216 roll 1
DICE 1 1 3 0 
Jibs_PC#1198424629804553216 attack 39 33
Jibs_PC#1198424629804553216 roll 3
Jibs_PC#1198424629804553216 roll 1
DICE 3 1 3 2 0 0 
Jibs_PC#1198424629804553216 move all
Jibs_PC#1198424629804553216 attack 33 32
Jibs_PC#1198424629804553216 roll 3
Jibs_PC#1198424629804553216 roll 1
DICE 3 1 4 3 0 2 
Jibs_PC#1198424629804553216 move all
Jibs_PC#1198424629804553216 attack 32 29
Jibs_PC#1198424629804553216 roll 3
Jibs_PC#1198424629804553216 roll 1
DICE 3 1 3 3 2 3 
Jibs_PC#1198424629804553216 roll 3
Jibs_PC#1198424629804553216 roll 1
DICE 3 1 5 2 0 1 
Jibs_PC#1198424629804553216 move 6
Jibs_PC#1198424629804553216 endattack
Jibs_PC#1198424629804553216 nomove
CARD 41
Jibs_PC#1198424629804553216 placearmies 8 1
Jibs_PC#1198424629804553216 placearmies 8 1
Jibs_PC#1198424629804553216 placearmies 8 1
Jibs_PC#1198424629804553216 placearmies 8 1
Jibs_PC#1198424629804553216 placearmies 8 1
Jibs_PC#1198424629804553216 attack 8 6
Jibs_PC#1198424629804553216 roll 3
Jibs_PC#1198424629804553216 roll 1
DICE 3 1 5 1 0 1 
Jibs_PC#1198424629804553216 move all
Jibs_PC#1198424629804553216 endattack
Jibs_PC#1198424629804553216 nomove
CARD wildcard
Jibs_PC#1198424629804553216 placearmies 21 1
Jibs_PC#1198424629804553216 placearmies 21 1
Jibs_PC#1198424629804553216 placearmies 21 1
Jibs_PC#1198424629804553216 placearmies 21 1
Jibs_PC#1198424629804553216 placearmies 21 1
Jibs_PC#1198424629804553216 placearmies 21 1
Jibs_PC#1198424629804553216 placearmies 21 1
Jibs_PC#1198424629804553216 placearmies 21 1
Jibs_PC#1198424629804553216 placearmies 21 1
Jibs_PC#1198424629804553216 attack 21 22
Jibs_PC#1198424629804553216 retreat
Jibs_PC#1198424629804553216 attack 21 23
Jibs_PC#1198424629804553216 roll 3
Jibs_PC#1198424629804553216 roll 1
DICE 3 1 5 2 2 4 
Jibs_PC#1198424629804553216 move all
Jibs_PC#1198424629804553216 attack 23 25
Jibs_PC#1198424629804553216 roll 3
Jibs_PC#1198424629804553216 roll 1
DICE 3 1 4 0 0 5 
Jibs_PC#1198424629804553216 roll 3
Jibs_PC#1198424629804553216 roll 1
DICE 3 1 5 3 3 5 
Jibs_PC#1198424629804553216 roll 3
Jibs_PC#1198424629804553216 roll 1
DICE 3 1 4 2 2 4 
Jibs_PC#1198424629804553216 roll 3
Jibs_PC#1198424629804553216 roll 1
DICE 3 1 4 2 1 5 
Jibs_PC#1198424629804553216 roll 3
Jibs_PC#1198424629804553216 roll 1
DICE 3 1 4 2 1 4 
Jibs_PC#1198424629804553216 roll 3
Jibs_PC#1198424629804553216 roll 1
DICE 3 1 3 1 0 5 
Jibs_PC#1198424629804553216 roll 2
Jibs_PC#1198424629804553216 roll 1
DICE 2 1 2 1 3 
Jibs_PC#1198424629804553216 roll 1
Jibs_PC#1198424629804553216 roll 1
DICE 1 1 5 5 
Jibs_PC#1198424629804553216 endattack
Jibs_PC#1198424629804553216 movearmies 19 20 11
CARD 37
Jibs_PC#1198424629804553216 placearmies 13 1
Jibs_PC#1198424629804553216 placearmies 29 1
Jibs_PC#1198424629804553216 placearmies 29 1
Jibs_PC#1198424629804553216 placearmies 29 1
Jibs_PC#1198424629804553216 placearmies 29 1
Jibs_PC#1198424629804553216 placearmies 29 1
Jibs_PC#1198424629804553216 attack 29 36
Jibs_PC#1198424629804553216 roll 3
Jibs_PC#1198424629804553216 roll 1
DICE 3 1 5 3 2 4 
Jibs_PC#1198424629804553216 move all
Jibs_PC#1198424629804553216 attack 36 37
Jibs_PC#1198424629804553216 roll 3
Jibs_PC#1198424629804553216 roll 1
DICE 3 1 5 4 3 0 
Jibs_PC#1198424629804553216 move all
Jibs_PC#1198424629804553216 attack 37 38
Jibs_PC#1198424629804553216 roll 3
Jibs_PC#1198424629804553216 roll 1
DICE 3 1 5 4 3 4 
Jibs_PC#1198424629804553216 move all
Jibs_PC#1198424629804553216 attack 38 1
Jibs_PC#1198424629804553216 roll 3
Jibs_PC#1198424629804553216 roll 2
DICE 3 2 5 3 0 4 4 
Jibs_PC#1198424629804553216 roll 3
Jibs_PC#1198424629804553216 roll 2
DICE 3 2 3 1 0 4 0 
Jibs_PC#1198424629804553216 roll 3
Jibs_PC#1198424629804553216 roll 1
DICE 3 1 4 3 2 2 
Jibs_PC#1198424629804553216 move 3
Jibs_PC#1198424629804553216 endattack
Jibs_PC#1198424629804553216 movearmies 32 29 3
CARD 10
Jibs_PC#1198424629804553216 placearmies 2 1
Jibs_PC#1198424629804553216 placearmies 2 1
Jibs_PC#1198424629804553216 placearmies 2 1
Jibs_PC#1198424629804553216 placearmies 2 1
Jibs_PC#1198424629804553216 attack 2 1
Jibs_PC#1198424629804553216 roll 3
Jibs_PC#1198424629804553216 roll 2
DICE 3 2 5 4 0 5 2 
Jibs_PC#1198424629804553216 roll 3
Jibs_PC#1198424629804553216 roll 2
DICE 3 2 2 1 0 4 1 
Jibs_PC#1198424629804553216 roll 1
Jibs_PC#1198424629804553216 roll 2
DICE 1 2 2 3 2 
Jibs_PC#1198424629804553216 endattack
Jibs_PC#1198424629804553216 nomove
CARD 
Jibs_PC#1198424629804553216 placearmies 23 1
Jibs_PC#1198424629804553216 placearmies 23 1
Jibs_PC#1198424629804553216 placearmies 23 1
Jibs_PC#1198424629804553216 placearmies 16 1
Jibs_PC#1198424629804553216 placearmies 16 1
Jibs_PC#1198424629804553216 placearmies 23 1
Jibs_PC#1198424629804553216 placearmies 23 1
Jibs_PC#1198424629804553216 placearmies 23 1
Jibs_PC#1198424629804553216 attack 23 25
Jibs_PC#1198424629804553216 roll 3
Jibs_PC#1198424629804553216 roll 1
DICE 3 1 4 2 1 2 
Jibs_PC#1198424629804553216 move all
Jibs_PC#1198424629804553216 attack 25 26
Jibs_PC#1198424629804553216 roll 3
Jibs_PC#1198424629804553216 roll 1
DICE 3 1 5 4 1 1 
Jibs_PC#1198424629804553216 move all
Jibs_PC#1198424629804553216 attack 26 24
Jibs_PC#1198424629804553216 roll 3
Jibs_PC#1198424629804553216 roll 1
DICE 3 1 4 2 1 5 
Jibs_PC#1198424629804553216 roll 3
Jibs_PC#1198424629804553216 roll 1
DICE 3 1 5 2 1 4 
Jibs_PC#1198424629804553216 attack 24 22
Jibs_PC#1198424629804553216 roll 2
Jibs_PC#1198424629804553216 roll 1
DICE 2 1 5 0 3 
Jibs_PC#1198424629804553216 attack 20 31
Jibs_PC#1198424629804553216 roll 3
Jibs_PC#1198424629804553216 roll 1
DICE 3 1 4 2 2 3 
Jibs_PC#1198424629804553216 move all
Jibs_PC#1198424629804553216 endattack
Jibs_PC#1198424629804553216 movearmies 22 21 1
CARD 23
Jibs_PC#1198424629804553216 placearmies 32 1
Jibs_PC#1198424629804553216 placearmies 32 1
Jibs_PC#1198424629804553216 placearmies 32 1
Jibs_PC#1198424629804553216 placearmies 38 1
Jibs_PC#1198424629804553216 placearmies 32 1
Jibs_PC#1198424629804553216 placearmies 29 1
Jibs_PC#1198424629804553216 attack 38 34
Jibs_PC#1198424629804553216 roll 3
Jibs_PC#1198424629804553216 roll 1
DICE 3 1 4 2 0 4 
Jibs_PC#1198424629804553216 roll 2
Jibs_PC#1198424629804553216 roll 1
DICE 2 1 0 0 4 
Jibs_PC#1198424629804553216 roll 1
Jibs_PC#1198424629804553216 roll 1
DICE 1 1 1 1 
Jibs_PC#1198424629804553216 attack 29 27
Jibs_PC#1198424629804553216 roll 3
Jibs_PC#1198424629804553216 roll 1
DICE 3 1 3 2 1 3 
Jibs_PC#1198424629804553216 roll 3
Jibs_PC#1198424629804553216 roll 1
DICE 3 1 4 1 0 2 
Jibs_PC#1198424629804553216 attack 27 35
Jibs_PC#1198424629804553216 roll 2
Jibs_PC#1198424629804553216 roll 1
DICE 2 1 4 3 2 
Jibs_PC#1198424629804553216 attack 35 34
Jibs_PC#1198424629804553216 roll 1
Jibs_PC#1198424629804553216 roll 1
DICE 1 1 3 3 
Jibs_PC#1198424629804553216 attack 13 11
Jibs_PC#1198424629804553216 roll 3
Jibs_PC#1198424629804553216 roll 1
DICE 3 1 3 2 2 3 
Jibs_PC#1198424629804553216 roll 3
Jibs_PC#1198424629804553216 roll 1
DICE 3 1 1 1 0 2 
Jibs_PC#1198424629804553216 retreat
Jibs_PC#1198424629804553216 endattack
Jibs_PC#1198424629804553216 movearmies 1 38 1
CARD 25
Jibs_PC#1198424629804553216 placearmies 2 1
Jibs_PC#1198424629804553216 placearmies 2 1
Jibs_PC#1198424629804553216 placearmies 2 1
Jibs_PC#1198424629804553216 placearmies 2 1
Jibs_PC#1198424629804553216 attack 2 1
Jibs_PC#1198424629804553216 roll 3
Jibs_PC#1198424629804553216 roll 1
DICE 3 1 5 2 0 4 
Jibs_PC#1198424629804553216 move all
Jibs_PC#1198424629804553216 endattack
Jibs_PC#1198424629804553216 nomove
CARD 33
Jibs_PC#1198424629804553216 placearmies 21 1
Jibs_PC#1198424629804553216 placearmies 21 1
Jibs_PC#1198424629804553216 placearmies 21 1
Jibs_PC#1198424629804553216 placearmies 21 1
Jibs_PC#1198424629804553216 placearmies 21 1
Jibs_PC#1198424629804553216 placearmies 21 1
Jibs_PC#1198424629804553216 placearmies 21 1
Jibs_PC#1198424629804553216 placearmies 21 1
Jibs_PC#1198424629804553216 placearmies 21 1
Jibs_PC#1198424629804553216 placearmies 21 1
Jibs_PC#1198424629804553216 placearmies 21 1
Jibs_PC#1198424629804553216 placearmies 21 1
Jibs_PC#1198424629804553216 placearmies 21 1
Jibs_PC#1198424629804553216 attack 21 12
Jibs_PC#1198424629804553216 roll 3
Jibs_PC#1198424629804553216 roll 1
DICE 3 1 3 3 2 2 
Jibs_PC#1198424629804553216 move all
Jibs_PC#1198424629804553216 attack 12 13
Jibs_PC#1198424629804553216 roll 3
Jibs_PC#1198424629804553216 roll 2
DICE 3 2 4 3 3 4 1 
Jibs_PC#1198424629804553216 roll 3
Jibs_PC#1198424629804553216 roll 2
DICE 3 2 3 1 1 4 3 
Jibs_PC#1198424629804553216 roll 3
Jibs_PC#1198424629804553216 roll 2
DICE 3 2 3 0 0 1 1 
Jibs_PC#1198424629804553216 roll 3
Jibs_PC#1198424629804553216 roll 1
DICE 3 1 5 4 1 2 
Jibs_PC#1198424629804553216 move all
Jibs_PC#1198424629804553216 attack 13 11
Jibs_PC#1198424629804553216 roll 3
Jibs_PC#1198424629804553216 roll 1
DICE 3 1 5 4 2 3 
Jibs_PC#1198424629804553216 move all
Jibs_PC#1198424629804553216 attack 11 10
Jibs_PC#1198424629804553216 roll 3
Jibs_PC#1198424629804553216 roll 2
DICE 3 2 5 3 0 5 3 
Jibs_PC#1198424629804553216 roll 3
Jibs_PC#1198424629804553216 roll 2
DICE 3 2 4 4 0 2 0 
Jibs_PC#1198424629804553216 move all
