Jibs_PC#6503806969344463872 newplayer human yellow s0914007
Jibs_PC#6503806969344463872 newplayer human black PureChance
Jibs_PC#6503806969344463872 newplayer human white Hitler
Jibs_PC#6503806969344463872 startgame mission fixed autoplaceall recycle
PLAYER Hitler
MISSION 2 2 3
PLACEALL 12 5 11 38 33 34 17 1 7 19 15 21 37 6 8 24 30 40 28 9 14 31 26 29 23 22 41 27 39 18 32 35 3 13 36 42 4 20 25 10 2 16
Jibs_PC#6503806969344463872 placearmies 13 1
CARD 
Jibs_PC#6503806969344463872 placearmies 26 1
CARD 
Jibs_PC#6503806969344463872 placearmies 11 1
CARD 
Jibs_PC#6503806969344463872 placearmies 12 1
CARD 
Jibs_PC#6503806969344463872 placearmies 26 1
CARD 
Jibs_PC#6503806969344463872 placearmies 11 1
CARD 
Jibs_PC#6503806969344463872 placearmies 10 1
CARD 
Jibs_PC#6503806969344463872 placearmies 26 1
CARD 
Jibs_PC#6503806969344463872 placearmies 11 1
CARD 
Jibs_PC#6503806969344463872 placearmies 10 1
CARD 
Jibs_PC#6503806969344463872 placearmies 26 1
CARD 
Jibs_PC#6503806969344463872 placearmies 11 1
CARD 
Jibs_PC#6503806969344463872 placearmies 10 1
CARD 
Jibs_PC#6503806969344463872 placearmies 26 1
CARD 
Jibs_PC#6503806969344463872 placearmies 11 1
CARD 
Jibs_PC#6503806969344463872 placearmies 12 1
CARD 
Jibs_PC#6503806969344463872 placearmies 26 1
CARD 
Jibs_PC#6503806969344463872 placearmies 11 1
CARD 
Jibs_PC#6503806969344463872 placearmies 12 1
CARD 
Jibs_PC#6503806969344463872 placearmies 26 1
CARD 
Jibs_PC#6503806969344463872 placearmies 11 1
CARD 
Jibs_PC#6503806969344463872 placearmies 10 1
CARD 
Jibs_PC#6503806969344463872 placearmies 26 1
CARD 
Jibs_PC#6503806969344463872 placearmies 11 1
CARD 
Jibs_PC#6503806969344463872 placearmies 10 1
CARD 
Jibs_PC#6503806969344463872 placearmies 26 1
CARD 
Jibs_PC#6503806969344463872 placearmies 11 1
CARD 
Jibs_PC#6503806969344463872 placearmies 38 1
CARD 
Jibs_PC#6503806969344463872 placearmies 26 1
CARD 
Jibs_PC#6503806969344463872 placearmies 11 1
CARD 
Jibs_PC#6503806969344463872 placearmies 38 1
CARD 
Jibs_PC#6503806969344463872 placearmies 26 1
CARD 
Jibs_PC#6503806969344463872 placearmies 40 1
CARD 
Jibs_PC#6503806969344463872 placearmies 38 1
CARD 
Jibs_PC#6503806969344463872 placearmies 39 1
CARD 
Jibs_PC#6503806969344463872 placearmies 40 1
CARD 
Jibs_PC#6503806969344463872 placearmies 12 1
CARD 
Jibs_PC#6503806969344463872 placearmies 39 1
CARD 
Jibs_PC#6503806969344463872 placearmies 40 1
CARD 
Jibs_PC#6503806969344463872 placearmies 38 1
CARD 
Jibs_PC#6503806969344463872 placearmies 39 1
CARD 
Jibs_PC#6503806969344463872 placearmies 40 1
CARD 
Jibs_PC#6503806969344463872 placearmies 12 1
CARD 
Jibs_PC#6503806969344463872 placearmies 39 1
CARD 
Jibs_PC#6503806969344463872 placearmies 40 1
CARD 
Jibs_PC#6503806969344463872 placearmies 38 1
CARD 
Jibs_PC#6503806969344463872 placearmies 39 1
CARD 
Jibs_PC#6503806969344463872 placearmies 40 1
CARD 
Jibs_PC#6503806969344463872 placearmies 38 1
CARD 
Jibs_PC#6503806969344463872 placearmies 39 1
CARD 
Jibs_PC#6503806969344463872 placearmies 40 1
CARD 
Jibs_PC#6503806969344463872 placearmies 4 1
CARD 
Jibs_PC#6503806969344463872 placearmies 39 1
CARD 
Jibs_PC#6503806969344463872 placearmies 40 1
CARD 
Jibs_PC#6503806969344463872 placearmies 4 1
CARD 
Jibs_PC#6503806969344463872 placearmies 39 1
CARD 
Jibs_PC#6503806969344463872 placearmies 40 1
CARD 
Jibs_PC#6503806969344463872 placearmies 12 1
CARD 
Jibs_PC#6503806969344463872 placearmies 39 1
CARD 
Jibs_PC#6503806969344463872 placearmies 40 1
CARD 
Jibs_PC#6503806969344463872 placearmies 12 1
CARD 
Jibs_PC#6503806969344463872 placearmies 39 1
CARD 
Jibs_PC#6503806969344463872 placearmies 40 1
CARD 
Jibs_PC#6503806969344463872 placearmies 13 1
Jibs_PC#6503806969344463872 placearmies 13 1
Jibs_PC#6503806969344463872 placearmies 4 1
Jibs_PC#6503806969344463872 placearmies 10 1
Jibs_PC#6503806969344463872 attack 13 11
Jibs_PC#6503806969344463872 roll 3
Jibs_PC#6503806969344463872 roll 2
DICE 3 2 4 2 1 5 2 
Jibs_PC#6503806969344463872 roll 1
Jibs_PC#6503806969344463872 roll 2
DICE 1 2 4 1 0 
Jibs_PC#6503806969344463872 roll 1
Jibs_PC#6503806969344463872 roll 2
DICE 1 2 1 5 5 
Jibs_PC#6503806969344463872 attack 12 11
Jibs_PC#6503806969344463872 roll 3
Jibs_PC#6503806969344463872 roll 2
DICE 3 2 5 4 3 3 0 
Jibs_PC#6503806969344463872 roll 3
Jibs_PC#6503806969344463872 roll 2
DICE 3 2 4 2 2 3 0 
Jibs_PC#6503806969344463872 roll 3
Jibs_PC#6503806969344463872 roll 2
DICE 3 2 4 4 1 4 3 
Jibs_PC#6503806969344463872 roll 3
Jibs_PC#6503806969344463872 roll 2
DICE 3 2 5 2 1 5 4 
Jibs_PC#6503806969344463872 roll 3
Jibs_PC#6503806969344463872 roll 2
DICE 3 2 5 3 1 5 3 
Jibs_PC#6503806969344463872 roll 2
Jibs_PC#6503806969344463872 roll 2
DICE 2 2 2 0 2 0 
Jibs_PC#6503806969344463872 attack 10 11
Jibs_PC#6503806969344463872 roll 3
Jibs_PC#6503806969344463872 roll 2
DICE 3 2 1 0 0 5 0 
Jibs_PC#6503806969344463872 roll 3
Jibs_PC#6503806969344463872 roll 2
DICE 3 2 5 3 3 0 0 
Jibs_PC#6503806969344463872 roll 3
Jibs_PC#6503806969344463872 roll 2
DICE 3 2 3 1 1 4 3 
Jibs_PC#6503806969344463872 roll 2
Jibs_PC#6503806969344463872 roll 2
DICE 2 2 4 2 5 0 
Jibs_PC#6503806969344463872 roll 1
Jibs_PC#6503806969344463872 roll 2
DICE 1 2 5 5 2 
Jibs_PC#6503806969344463872 attack 38 1
Jibs_PC#6503806969344463872 roll 3
Jibs_PC#6503806969344463872 roll 1
DICE 3 1 3 1 0 0 
Jibs_PC#6503806969344463872 move all
Jibs_PC#6503806969344463872 attack 4 5
Jibs_PC#6503806969344463872 roll 3
Jibs_PC#6503806969344463872 roll 1
DICE 3 1 3 3 1 2 
Jibs_PC#6503806969344463872 attack 1 2
Jibs_PC#6503806969344463872 roll 3
Jibs_PC#6503806969344463872 roll 1
DICE 3 1 4 3 2 1 
Jibs_PC#6503806969344463872 move all
Jibs_PC#6503806969344463872 attack 2 3
Jibs_PC#6503806969344463872 roll 3
Jibs_PC#6503806969344463872 roll 1
DICE 3 1 4 3 1 2 
Jibs_PC#6503806969344463872 move all
Jibs_PC#6503806969344463872 attack 3 7
Jibs_PC#6503806969344463872 roll 3
Jibs_PC#6503806969344463872 roll 1
DICE 3 1 5 3 2 4 
Jibs_PC#6503806969344463872 attack 7 8
Jibs_PC#6503806969344463872 roll 2
Jibs_PC#6503806969344463872 roll 1
DICE 2 1 1 1 3 
Jibs_PC#6503806969344463872 roll 1
Jibs_PC#6503806969344463872 roll 1
DICE 1 1 1 1 
Jibs_PC#6503806969344463872 attack 5 9
Jibs_PC#6503806969344463872 roll 2
Jibs_PC#6503806969344463872 roll 1
DICE 2 1 2 0 1 
Jibs_PC#6503806969344463872 attack 9 8
Jibs_PC#6503806969344463872 roll 1
Jibs_PC#6503806969344463872 roll 1
DICE 1 1 2 4 
Jibs_PC#6503806969344463872 endattack
Jibs_PC#6503806969344463872 nomove
CARD 3
Jibs_PC#6503806969344463872 placearmies 39 1
Jibs_PC#6503806969344463872 placearmies 39 1
Jibs_PC#6503806969344463872 placearmies 26 1
Jibs_PC#6503806969344463872 attack 26 25
Jibs_PC#6503806969344463872 roll 3
Jibs_PC#6503806969344463872 roll 1
DICE 3 1 2 2 1 5 
Jibs_PC#6503806969344463872 roll 3
Jibs_PC#6503806969344463872 roll 1
DICE 3 1 5 1 1 4 
Jibs_PC#6503806969344463872 move all
Jibs_PC#6503806969344463872 attack 25 23
Jibs_PC#6503806969344463872 roll 3
Jibs_PC#6503806969344463872 roll 1
DICE 3 1 5 3 0 0 
Jibs_PC#6503806969344463872 move all
Jibs_PC#6503806969344463872 attack 23 24
Jibs_PC#6503806969344463872 roll 3
Jibs_PC#6503806969344463872 roll 1
DICE 3 1 2 0 0 5 
Jibs_PC#6503806969344463872 roll 3
Jibs_PC#6503806969344463872 roll 1
DICE 3 1 5 2 0 5 
Jibs_PC#6503806969344463872 roll 3
Jibs_PC#6503806969344463872 roll 1
DICE 3 1 5 2 1 4 
Jibs_PC#6503806969344463872 move all
Jibs_PC#6503806969344463872 attack 24 21
Jibs_PC#6503806969344463872 roll 3
Jibs_PC#6503806969344463872 roll 1
DICE 3 1 4 2 1 1 
Jibs_PC#6503806969344463872 move all
Jibs_PC#6503806969344463872 endattack
Jibs_PC#6503806969344463872 movearmies 21 22 3
CARD 8
Jibs_PC#6503806969344463872 placearmies 11 1
Jibs_PC#6503806969344463872 placearmies 11 1
Jibs_PC#6503806969344463872 placearmies 11 1
Jibs_PC#6503806969344463872 attack 11 13
Jibs_PC#6503806969344463872 roll 3
Jibs_PC#6503806969344463872 roll 1
DICE 3 1 5 2 0 3 
Jibs_PC#6503806969344463872 move all
Jibs_PC#6503806969344463872 attack 13 12
Jibs_PC#6503806969344463872 roll 3
Jibs_PC#6503806969344463872 roll 1
DICE 3 1 3 1 1 3 
Jibs_PC#6503806969344463872 roll 2
Jibs_PC#6503806969344463872 roll 1
DICE 2 1 5 1 0 
Jibs_PC#6503806969344463872 endattack
Jibs_PC#6503806969344463872 nomove
CARD 9
Jibs_PC#6503806969344463872 placearmies 9 1
Jibs_PC#6503806969344463872 placearmies 9 1
Jibs_PC#6503806969344463872 placearmies 19 1
Jibs_PC#6503806969344463872 placearmies 19 1
Jibs_PC#6503806969344463872 placearmies 9 1
Jibs_PC#6503806969344463872 attack 9 8
Jibs_PC#6503806969344463872 roll 3
Jibs_PC#6503806969344463872 roll 1
DICE 3 1 3 2 1 3 
Jibs_PC#6503806969344463872 roll 2
Jibs_PC#6503806969344463872 roll 1
DICE 2 1 3 2 1 
Jibs_PC#6503806969344463872 attack 8 6
Jibs_PC#6503806969344463872 roll 1
Jibs_PC#6503806969344463872 roll 1
DICE 1 1 1 3 
Jibs_PC#6503806969344463872 attack 19 21
Jibs_PC#6503806969344463872 roll 2
Jibs_PC#6503806969344463872 roll 2
DICE 2 2 3 3 2 1 
Jibs_PC#6503806969344463872 roll 2
Jibs_PC#6503806969344463872 roll 1
DICE 2 1 3 1 0 
Jibs_PC#6503806969344463872 endattack
Jibs_PC#6503806969344463872 nomove
CARD 18
Jibs_PC#6503806969344463872 placearmies 23 1
Jibs_PC#6503806969344463872 placearmies 23 1
Jibs_PC#6503806969344463872 placearmies 23 1
Jibs_PC#6503806969344463872 placearmies 23 1
Jibs_PC#6503806969344463872 attack 23 21
Jibs_PC#6503806969344463872 roll 3
Jibs_PC#6503806969344463872 roll 2
DICE 3 2 5 3 2 1 0 
Jibs_PC#6503806969344463872 move all
Jibs_PC#6503806969344463872 endattack
Jibs_PC#6503806969344463872 nomove
CARD 4
Jibs_PC#6503806969344463872 placearmies 11 1
Jibs_PC#6503806969344463872 placearmies 11 1
Jibs_PC#6503806969344463872 placearmies 11 1
Jibs_PC#6503806969344463872 attack 11 10
Jibs_PC#6503806969344463872 roll 3
Jibs_PC#6503806969344463872 roll 1
DICE 3 1 3 2 0 3 
Jibs_PC#6503806969344463872 roll 2
Jibs_PC#6503806969344463872 roll 1
DICE 2 1 4 3 2 
Jibs_PC#6503806969344463872 endattack
Jibs_PC#6503806969344463872 nomove
CARD 39
Jibs_PC#6503806969344463872 placearmies 8 1
Jibs_PC#6503806969344463872 placearmies 8 1
Jibs_PC#6503806969344463872 placearmies 8 1
Jibs_PC#6503806969344463872 placearmies 5 1
Jibs_PC#6503806969344463872 placearmies 5 1
Jibs_PC#6503806969344463872 attack 8 6
Jibs_PC#6503806969344463872 roll 3
Jibs_PC#6503806969344463872 roll 1
DICE 3 1 5 1 1 3 
Jibs_PC#6503806969344463872 attack 6 14
Jibs_PC#6503806969344463872 roll 2
Jibs_PC#6503806969344463872 roll 1
DICE 2 1 5 4 0 
Jibs_PC#6503806969344463872 endattack
Jibs_PC#6503806969344463872 nomove
CARD 31
Jibs_PC#6503806969344463872 placearmies 21 1
Jibs_PC#6503806969344463872 placearmies 22 1
Jibs_PC#6503806969344463872 placearmies 21 1
Jibs_PC#6503806969344463872 placearmies 22 1
Jibs_PC#6503806969344463872 placearmies 21 1
Jibs_PC#6503806969344463872 placearmies 22 1
Jibs_PC#6503806969344463872 placearmies 22 1
Jibs_PC#6503806969344463872 attack 21 12
Jibs_PC#6503806969344463872 roll 3
Jibs_PC#6503806969344463872 roll 2
DICE 3 2 5 4 1 3 0 
Jibs_PC#6503806969344463872 move 3
Jibs_PC#6503806969344463872 endattack
Jibs_PC#6503806969344463872 movearmies 22 21 2
CARD 17
Jibs_PC#6503806969344463872 placearmies 10 1
Jibs_PC#6503806969344463872 placearmies 10 1
Jibs_PC#6503806969344463872 placearmies 10 1
Jibs_PC#6503806969344463872 attack 10 12
Jibs_PC#6503806969344463872 roll 3
Jibs_PC#6503806969344463872 roll 2
DICE 3 2 5 3 0 5 3 
Jibs_PC#6503806969344463872 roll 2
Jibs_PC#6503806969344463872 roll 2
DICE 2 2 4 1 5 4 
Jibs_PC#6503806969344463872 endattack
Jibs_PC#6503806969344463872 nomove
CARD 
Jibs_PC#6503806969344463872 trade 3 18 31
Jibs_PC#6503806969344463872 placearmies 14 1
Jibs_PC#6503806969344463872 placearmies 19 1
Jibs_PC#6503806969344463872 placearmies 19 1
Jibs_PC#6503806969344463872 placearmies 19 1
Jibs_PC#6503806969344463872 placearmies 19 1
Jibs_PC#6503806969344463872 placearmies 19 1
Jibs_PC#6503806969344463872 placearmies 19 1
Jibs_PC#6503806969344463872 placearmies 19 1
Jibs_PC#6503806969344463872 placearmies 19 1
Jibs_PC#6503806969344463872 placearmies 19 1
Jibs_PC#6503806969344463872 placearmies 19 1
Jibs_PC#6503806969344463872 placearmies 19 1
Jibs_PC#6503806969344463872 placearmies 19 1
Jibs_PC#6503806969344463872 placearmies 19 1
Jibs_PC#6503806969344463872 placearmies 14 1
Jibs_PC#6503806969344463872 placearmies 14 1
Jibs_PC#6503806969344463872 placearmies 14 1
Jibs_PC#6503806969344463872 placearmies 19 1
Jibs_PC#6503806969344463872 placearmies 19 1
Jibs_PC#6503806969344463872 placearmies 19 1
Jibs_PC#6503806969344463872 placearmies 19 1
Jibs_PC#6503806969344463872 attack 14 15
Jibs_PC#6503806969344463872 roll 3
Jibs_PC#6503806969344463872 roll 1
DICE 3 1 3 2 1 1 
Jibs_PC#6503806969344463872 move all
Jibs_PC#6503806969344463872 attack 15 16
Jibs_PC#6503806969344463872 roll 3
Jibs_PC#6503806969344463872 roll 1
DICE 3 1 4 1 1 1 
Jibs_PC#6503806969344463872 move all
Jibs_PC#6503806969344463872 attack 16 18
Jibs_PC#6503806969344463872 roll 3
Jibs_PC#6503806969344463872 roll 1
DICE 3 1 3 1 0 1 
Jibs_PC#6503806969344463872 attack 18 20
Jibs_PC#6503806969344463872 roll 2
Jibs_PC#6503806969344463872 roll 1
DICE 2 1 4 2 4 
Jibs_PC#6503806969344463872 roll 1
Jibs_PC#6503806969344463872 roll 1
DICE 1 1 2 0 
Jibs_PC#6503806969344463872 attack 19 21
Jibs_PC#6503806969344463872 roll 3
Jibs_PC#6503806969344463872 roll 2
DICE 3 2 3 2 2 2 0 
Jibs_PC#6503806969344463872 roll 3
Jibs_PC#6503806969344463872 roll 2
DICE 3 2 4 3 2 4 1 
Jibs_PC#6503806969344463872 roll 3
Jibs_PC#6503806969344463872 roll 2
DICE 3 2 5 3 1 5 2 
Jibs_PC#6503806969344463872 roll 3
Jibs_PC#6503806969344463872 roll 2
DICE 3 2 4 2 1 3 2 
Jibs_PC#6503806969344463872 roll 3
Jibs_PC#6503806969344463872 roll 1
DICE 3 1 5 2 2 5 
Jibs_PC#6503806969344463872 roll 3
Jibs_PC#6503806969344463872 roll 1
DICE 3 1 3 2 0 4 
Jibs_PC#6503806969344463872 roll 3
Jibs_PC#6503806969344463872 roll 1
DICE 3 1 5 5 1 0 
Jibs_PC#6503806969344463872 move all
Jibs_PC#6503806969344463872 attack 21 22
Jibs_PC#6503806969344463872 roll 3
Jibs_PC#6503806969344463872 roll 2
DICE 3 2 5 3 2 5 1 
Jibs_PC#6503806969344463872 roll 3
Jibs_PC#6503806969344463872 roll 2
DICE 3 2 5 4 2 5 2 
Jibs_PC#6503806969344463872 roll 3
Jibs_PC#6503806969344463872 roll 2
DICE 3 2 0 0 0 5 4 
Jibs_PC#6503806969344463872 roll 3
Jibs_PC#6503806969344463872 roll 2
DICE 3 2 5 4 3 1 0 
Jibs_PC#6503806969344463872 roll 3
Jibs_PC#6503806969344463872 roll 2
DICE 3 2 3 2 2 4 2 
Jibs_PC#6503806969344463872 roll 3
Jibs_PC#6503806969344463872 roll 2
DICE 3 2 3 3 1 0 0 
Jibs_PC#6503806969344463872 move 3
Jibs_PC#6503806969344463872 endattack
Jibs_PC#6503806969344463872 movearmies 3 1 2
CARD 11
Jibs_PC#6503806969344463872 trade 8 4 17
Jibs_PC#6503806969344463872 placearmies 23 1
Jibs_PC#6503806969344463872 placearmies 23 1
Jibs_PC#6503806969344463872 placearmies 23 1
Jibs_PC#6503806969344463872 placearmies 23 1
Jibs_PC#6503806969344463872 placearmies 23 1
Jibs_PC#6503806969344463872 placearmies 23 1
Jibs_PC#6503806969344463872 placearmies 23 1
Jibs_PC#6503806969344463872 placearmies 23 1
Jibs_PC#6503806969344463872 placearmies 23 1
Jibs_PC#6503806969344463872 placearmies 23 1
Jibs_PC#6503806969344463872 placearmies 23 1
Jibs_PC#6503806969344463872 placearmies 23 1
Jibs_PC#6503806969344463872 placearmies 23 1
Jibs_PC#6503806969344463872 attack 23 21
Jibs_PC#6503806969344463872 roll 3
Jibs_PC#6503806969344463872 roll 2
DICE 3 2 4 3 0 3 2 
Jibs_PC#6503806969344463872 roll 3
Jibs_PC#6503806969344463872 roll 1
DICE 3 1 5 4 0 4 
Jibs_PC#6503806969344463872 move all
Jibs_PC#6503806969344463872 attack 21 22
Jibs_PC#6503806969344463872 roll 3
Jibs_PC#6503806969344463872 roll 2
DICE 3 2 4 3 2 4 2 
Jibs_PC#6503806969344463872 roll 3
Jibs_PC#6503806969344463872 roll 2
DICE 3 2 3 2 1 2 0 
Jibs_PC#6503806969344463872 move 5
Jibs_PC#6503806969344463872 attack 21 19
Jibs_PC#6503806969344463872 roll 3
Jibs_PC#6503806969344463872 roll 1
DICE 3 1 5 1 1 5 
Jibs_PC#6503806969344463872 roll 3
Jibs_PC#6503806969344463872 roll 1
DICE 3 1 2 1 1 5 
Jibs_PC#6503806969344463872 roll 3
Jibs_PC#6503806969344463872 roll 1
DICE 3 1 4 3 2 3 
Jibs_PC#6503806969344463872 move all
Jibs_PC#6503806969344463872 attack 19 17
Jibs_PC#6503806969344463872 roll 3
Jibs_PC#6503806969344463872 roll 1
DICE 3 1 4 3 2 3 
Jibs_PC#6503806969344463872 attack 17 14
Jibs_PC#6503806969344463872 roll 2
Jibs_PC#6503806969344463872 roll 1
DICE 2 1 2 1 0 
Jibs_PC#6503806969344463872 attack 14 6
Jibs_PC#6503806969344463872 roll 1
Jibs_PC#6503806969344463872 roll 1
DICE 1 1 1 2 
Jibs_PC#6503806969344463872 endattack
Jibs_PC#6503806969344463872 movearmies 12 21 2
CARD 14
Jibs_PC#6503806969344463872 placearmies 11 1
Jibs_PC#6503806969344463872 placearmies 11 1
Jibs_PC#6503806969344463872 placearmies 11 1
Jibs_PC#6503806969344463872 attack 11 12
Jibs_PC#6503806969344463872 roll 3
Jibs_PC#6503806969344463872 roll 1
DICE 3 1 4 4 3 1 
Jibs_PC#6503806969344463872 endattack
Jibs_PC#6503806969344463872 movearmies 12 10 1
CARD 32
Jibs_PC#6503806969344463872 placearmies 6 1
Jibs_PC#6503806969344463872 placearmies 6 1
Jibs_PC#6503806969344463872 placearmies 6 1
Jibs_PC#6503806969344463872 placearmies 6 1
Jibs_PC#6503806969344463872 placearmies 6 1
Jibs_PC#6503806969344463872 placearmies 6 1
Jibs_PC#6503806969344463872 placearmies 6 1
Jibs_PC#6503806969344463872 placearmies 5 1
Jibs_PC#6503806969344463872 placearmies 5 1
Jibs_PC#6503806969344463872 placearmies 6 1
Jibs_PC#6503806969344463872 placearmies 6 1
Jibs_PC#6503806969344463872 attack 6 14
Jibs_PC#6503806969344463872 roll 3
Jibs_PC#6503806969344463872 roll 1
DICE 3 1 5 3 0 3 
Jibs_PC#6503806969344463872 move all
Jibs_PC#6503806969344463872 attack 14 17
Jibs_PC#6503806969344463872 roll 3
Jibs_PC#6503806969344463872 roll 1
DICE 3 1 1 1 0 4 
Jibs_PC#6503806969344463872 roll 3
Jibs_PC#6503806969344463872 roll 1
DICE 3 1 5 3 3 4 
Jibs_PC#6503806969344463872 move all
Jibs_PC#6503806969344463872 attack 17 19
Jibs_PC#6503806969344463872 roll 3
Jibs_PC#6503806969344463872 roll 1
DICE 3 1 4 3 1 1 
Jibs_PC#6503806969344463872 move all
Jibs_PC#6503806969344463872 attack 19 21
Jibs_PC#6503806969344463872 roll 3
Jibs_PC#6503806969344463872 roll 2
DICE 3 2 4 3 0 1 1 
Jibs_PC#6503806969344463872 roll 3
Jibs_PC#6503806969344463872 roll 1
DICE 3 1 5 2 1 2 
Jibs_PC#6503806969344463872 move 4
Jibs_PC#6503806969344463872 attack 5 10
Jibs_PC#6503806969344463872 roll 3
Jibs_PC#6503806969344463872 roll 2
DICE 3 2 5 3 3 3 1 
Jibs_PC#6503806969344463872 move all
Jibs_PC#6503806969344463872 endattack
Jibs_PC#6503806969344463872 movearmies 19 20 1
CARD 34
Jibs_PC#6503806969344463872 placearmies 22 1
Jibs_PC#6503806969344463872 placearmies 22 1
Jibs_PC#6503806969344463872 placearmies 22 1
Jibs_PC#6503806969344463872 attack 22 21
Jibs_PC#6503806969344463872 roll 3
Jibs_PC#6503806969344463872 roll 2
DICE 3 2 5 4 3 4 1 
Jibs_PC#6503806969344463872 roll 3
Jibs_PC#6503806969344463872 roll 2
DICE 3 2 5 1 0 3 1 
Jibs_PC#6503806969344463872 roll 3
Jibs_PC#6503806969344463872 roll 1
DICE 3 1 5 4 0 2 
Jibs_PC#6503806969344463872 move 4
Jibs_PC#6503806969344463872 attack 21 19
Jibs_PC#6503806969344463872 retreat
Jibs_PC#6503806969344463872 attack 21 19
Jibs_PC#6503806969344463872 roll 3
Jibs_PC#6503806969344463872 roll 1
DICE 3 1 5 5 4 4 
Jibs_PC#6503806969344463872 endattack
Jibs_PC#6503806969344463872 movearmies 19 21 2
CARD 28
Jibs_PC#6503806969344463872 trade 32 39 9
Jibs_PC#6503806969344463872 placearmies 12 1
Jibs_PC#6503806969344463872 placearmies 12 1
Jibs_PC#6503806969344463872 placearmies 12 1
Jibs_PC#6503806969344463872 placearmies 12 1
Jibs_PC#6503806969344463872 placearmies 12 1
Jibs_PC#6503806969344463872 placearmies 12 1
Jibs_PC#6503806969344463872 placearmies 12 1
Jibs_PC#6503806969344463872 placearmies 12 1
Jibs_PC#6503806969344463872 placearmies 12 1
Jibs_PC#6503806969344463872 placearmies 12 1
Jibs_PC#6503806969344463872 placearmies 12 1
Jibs_PC#6503806969344463872 placearmies 12 1
Jibs_PC#6503806969344463872 placearmies 12 1
Jibs_PC#6503806969344463872 attack 12 21
Jibs_PC#6503806969344463872 roll 3
Jibs_PC#6503806969344463872 roll 2
DICE 3 2 2 2 0 1 1 
Jibs_PC#6503806969344463872 roll 3
Jibs_PC#6503806969344463872 roll 1
DICE 3 1 2 1 0 4 
Jibs_PC#6503806969344463872 roll 3
Jibs_PC#6503806969344463872 roll 1
DICE 3 1 5 5 1 5 
Jibs_PC#6503806969344463872 roll 3
Jibs_PC#6503806969344463872 roll 1
DICE 3 1 3 0 0 4 
Jibs_PC#6503806969344463872 roll 3
Jibs_PC#6503806969344463872 roll 1
DICE 3 1 4 3 0 1 
Jibs_PC#6503806969344463872 move 3
Jibs_PC#6503806969344463872 attack 12 10
Jibs_PC#6503806969344463872 roll 3
Jibs_PC#6503806969344463872 roll 2
DICE 3 2 3 1 0 5 2 
Jibs_PC#6503806969344463872 roll 3
Jibs_PC#6503806969344463872 roll 2
DICE 3 2 4 2 0 3 2 
Jibs_PC#6503806969344463872 roll 3
Jibs_PC#6503806969344463872 roll 2
DICE 3 2 3 2 2 5 2 
Jibs_PC#6503806969344463872 roll 3
Jibs_PC#6503806969344463872 roll 2
DICE 3 2 3 0 0 4 2 
Jibs_PC#6503806969344463872 retreat
Jibs_PC#6503806969344463872 endattack
Jibs_PC#6503806969344463872 nomove
CARD 22
Jibs_PC#6503806969344463872 placearmies 17 1
Jibs_PC#6503806969344463872 placearmies 10 1
Jibs_PC#6503806969344463872 placearmies 10 1
Jibs_PC#6503806969344463872 placearmies 17 1
Jibs_PC#6503806969344463872 placearmies 17 1
Jibs_PC#6503806969344463872 placearmies 17 1
Jibs_PC#6503806969344463872 placearmies 10 1
Jibs_PC#6503806969344463872 placearmies 10 1
Jibs_PC#6503806969344463872 placearmies 10 1
Jibs_PC#6503806969344463872 placearmies 20 1
Jibs_PC#6503806969344463872 placearmies 31 1
Jibs_PC#6503806969344463872 placearmies 31 1
Jibs_PC#6503806969344463872 attack 10 11
Jibs_PC#6503806969344463872 roll 3
Jibs_PC#6503806969344463872 roll 1
DICE 3 1 5 5 2 0 
Jibs_PC#6503806969344463872 move all
Jibs_PC#6503806969344463872 attack 11 13
Jibs_PC#6503806969344463872 roll 3
Jibs_PC#6503806969344463872 roll 1
DICE 3 1 5 3 0 0 
Jibs_PC#6503806969344463872 move all
Jibs_PC#6503806969344463872 attack 13 12
Jibs_PC#6503806969344463872 roll 3
Jibs_PC#6503806969344463872 roll 2
DICE 3 2 5 3 3 2 0 
Jibs_PC#6503806969344463872 move all
Jibs_PC#6503806969344463872 attack 17 19
Jibs_PC#6503806969344463872 roll 3
Jibs_PC#6503806969344463872 roll 1
DICE 3 1 4 3 1 5 
Jibs_PC#6503806969344463872 roll 3
Jibs_PC#6503806969344463872 roll 1
DICE 3 1 5 4 1 4 
Jibs_PC#6503806969344463872 endattack
Jibs_PC#6503806969344463872 nomove
CARD 21
Jibs_PC#6503806969344463872 placearmies 30 1
Jibs_PC#6503806969344463872 placearmies 30 1
Jibs_PC#6503806969344463872 placearmies 30 1
Jibs_PC#6503806969344463872 attack 30 16
Jibs_PC#6503806969344463872 roll 3
Jibs_PC#6503806969344463872 roll 1
DICE 3 1 5 2 1 0 
Jibs_PC#6503806969344463872 attack 16 15
Jibs_PC#6503806969344463872 roll 2
Jibs_PC#6503806969344463872 roll 1
DICE 2 1 3 1 0 
Jibs_PC#6503806969344463872 attack 15 14
Jibs_PC#6503806969344463872 roll 1
Jibs_PC#6503806969344463872 roll 1
DICE 1 1 0 2 
Jibs_PC#6503806969344463872 endattack
Jibs_PC#6503806969344463872 movearmies 39 33 12
CARD 23
Jibs_PC#6503806969344463872 placearmies 21 1
Jibs_PC#6503806969344463872 placearmies 21 1
Jibs_PC#6503806969344463872 placearmies 21 1
Jibs_PC#6503806969344463872 attack 21 12
Jibs_PC#6503806969344463872 retreat
Jibs_PC#6503806969344463872 attack 21 19
Jibs_PC#6503806969344463872 roll 3
Jibs_PC#6503806969344463872 roll 2
DICE 3 2 5 2 2 2 0 
Jibs_PC#6503806969344463872 roll 3
Jibs_PC#6503806969344463872 roll 1
DICE 3 1 3 2 0 2 
Jibs_PC#6503806969344463872 move all
Jibs_PC#6503806969344463872 attack 19 17
Jibs_PC#6503806969344463872 roll 3
Jibs_PC#6503806969344463872 roll 1
DICE 3 1 4 3 0 2 
Jibs_PC#6503806969344463872 move all
Jibs_PC#6503806969344463872 attack 17 14
Jibs_PC#6503806969344463872 roll 3
Jibs_PC#6503806969344463872 roll 1
DICE 3 1 2 1 0 4 
Jibs_PC#6503806969344463872 roll 2
Jibs_PC#6503806969344463872 roll 1
DICE 2 1 0 0 0 
Jibs_PC#6503806969344463872 roll 1
Jibs_PC#6503806969344463872 roll 1
DICE 1 1 1 3 
Jibs_PC#6503806969344463872 attack 40 39
Jibs_PC#6503806969344463872 roll 3
Jibs_PC#6503806969344463872 roll 1
DICE 3 1 5 5 1 2 
Jibs_PC#6503806969344463872 move all
Jibs_PC#6503806969344463872 endattack
Jibs_PC#6503806969344463872 nomove
CARD 20
Jibs_PC#6503806969344463872 placearmies 12 1
Jibs_PC#6503806969344463872 placearmies 12 1
Jibs_PC#6503806969344463872 placearmies 12 1
Jibs_PC#6503806969344463872 placearmies 12 1
Jibs_PC#6503806969344463872 placearmies 12 1
Jibs_PC#6503806969344463872 placearmies 12 1
Jibs_PC#6503806969344463872 placearmies 12 1
Jibs_PC#6503806969344463872 placearmies 12 1
Jibs_PC#6503806969344463872 placearmies 12 1
Jibs_PC#6503806969344463872 placearmies 12 1
Jibs_PC#6503806969344463872 placearmies 12 1
Jibs_PC#6503806969344463872 placearmies 12 1
Jibs_PC#6503806969344463872 placearmies 12 1
Jibs_PC#6503806969344463872 placearmies 12 1
Jibs_PC#6503806969344463872 attack 12 21
Jibs_PC#6503806969344463872 roll 3
Jibs_PC#6503806969344463872 roll 1
DICE 3 1 3 2 1 5 
Jibs_PC#6503806969344463872 roll 3
Jibs_PC#6503806969344463872 roll 1
DICE 3 1 4 4 3 3 
Jibs_PC#6503806969344463872 move all
Jibs_PC#6503806969344463872 attack 21 23
Jibs_PC#6503806969344463872 roll 3
Jibs_PC#6503806969344463872 roll 1
DICE 3 1 3 3 2 3 
Jibs_PC#6503806969344463872 roll 3
Jibs_PC#6503806969344463872 roll 1
DICE 3 1 5 5 2 4 
Jibs_PC#6503806969344463872 move all
Jibs_PC#6503806969344463872 attack 20 22
Jibs_PC#6503806969344463872 roll 2
Jibs_PC#6503806969344463872 roll 2
DICE 2 2 5 1 3 1 
Jibs_PC#6503806969344463872 roll 1
Jibs_PC#6503806969344463872 roll 2
DICE 1 2 0 3 2 
Jibs_PC#6503806969344463872 attack 31 22
Jibs_PC#6503806969344463872 roll 2
Jibs_PC#6503806969344463872 roll 2
DICE 2 2 2 2 3 2 
Jibs_PC#6503806969344463872 attack 23 25
Jibs_PC#6503806969344463872 roll 3
Jibs_PC#6503806969344463872 roll 1
DICE 3 1 2 2 0 0 
Jibs_PC#6503806969344463872 move all
Jibs_PC#6503806969344463872 attack 25 26
Jibs_PC#6503806969344463872 roll 3
Jibs_PC#6503806969344463872 roll 1
DICE 3 1 4 2 1 0 
Jibs_PC#6503806969344463872 move all
Jibs_PC#6503806969344463872 attack 26 24
Jibs_PC#6503806969344463872 roll 3
Jibs_PC#6503806969344463872 roll 1
DICE 3 1 5 4 2 1 
Jibs_PC#6503806969344463872 move all
Jibs_PC#6503806969344463872 attack 24 22
Jibs_PC#6503806969344463872 roll 3
Jibs_PC#6503806969344463872 roll 2
DICE 3 2 4 3 3 3 1 
Jibs_PC#6503806969344463872 move all
