Jibs_PC#296843344896548864 newplayer ai hard green s0914007
Jibs_PC#296843344896548864 newplayer ai hard blue bob
Jibs_PC#296843344896548864 newplayer ai hard red fred
Jibs_PC#296843344896548864 newplayer ai hard cyan ted
Jibs_PC#296843344896548864 newplayer ai hard magenta yura
Jibs_PC#296843344896548864 newplayer ai hard yellow lala
Jibs_PC#296843344896548864 startgame mission fixed autoplaceall recycle
PLAYER bob
MISSION 2 3 0 0 1 0
PLACEALL 12 39 41 13 29 33 32 23 42 25 6 16 8 31 15 17 19 28 2 26 11 4 20 36 9 18 40 30 35 7 24 3 22 5 38 10 34 37 21 14 1 27
Jibs_PC#296843344896548864 placearmies 32 1
CARD 
Jibs_PC#296843344896548864 placearmies 23 1
CARD 
Jibs_PC#296843344896548864 placearmies 41 1
CARD 
Jibs_PC#296843344896548864 placearmies 4 1
CARD 
Jibs_PC#296843344896548864 placearmies 19 1
CARD 
Jibs_PC#296843344896548864 placearmies 36 1
CARD 
Jibs_PC#296843344896548864 placearmies 32 1
CARD 
Jibs_PC#296843344896548864 placearmies 23 1
CARD 
Jibs_PC#296843344896548864 placearmies 41 1
CARD 
Jibs_PC#296843344896548864 placearmies 4 1
CARD 
Jibs_PC#296843344896548864 placearmies 19 1
CARD 
Jibs_PC#296843344896548864 placearmies 36 1
CARD 
Jibs_PC#296843344896548864 placearmies 8 1
CARD 
Jibs_PC#296843344896548864 placearmies 23 1
CARD 
Jibs_PC#296843344896548864 placearmies 41 1
CARD 
Jibs_PC#296843344896548864 placearmies 4 1
CARD 
Jibs_PC#296843344896548864 placearmies 19 1
CARD 
Jibs_PC#296843344896548864 placearmies 36 1
CARD 
Jibs_PC#296843344896548864 placearmies 8 1
CARD 
Jibs_PC#296843344896548864 placearmies 23 1
CARD 
Jibs_PC#296843344896548864 placearmies 41 1
CARD 
Jibs_PC#296843344896548864 placearmies 4 1
CARD 
Jibs_PC#296843344896548864 placearmies 19 1
CARD 
Jibs_PC#296843344896548864 placearmies 36 1
CARD 
Jibs_PC#296843344896548864 placearmies 8 1
CARD 
Jibs_PC#296843344896548864 placearmies 23 1
CARD 
Jibs_PC#296843344896548864 placearmies 11 1
CARD 
Jibs_PC#296843344896548864 placearmies 4 1
CARD 
Jibs_PC#296843344896548864 placearmies 19 1
CARD 
Jibs_PC#296843344896548864 placearmies 36 1
CARD 
Jibs_PC#296843344896548864 placearmies 8 1
CARD 
Jibs_PC#296843344896548864 placearmies 23 1
CARD 
Jibs_PC#296843344896548864 placearmies 11 1
CARD 
Jibs_PC#296843344896548864 placearmies 4 1
CARD 
Jibs_PC#296843344896548864 placearmies 19 1
CARD 
Jibs_PC#296843344896548864 placearmies 36 1
CARD 
Jibs_PC#296843344896548864 placearmies 8 1
CARD 
Jibs_PC#296843344896548864 placearmies 23 1
CARD 
Jibs_PC#296843344896548864 placearmies 11 1
CARD 
Jibs_PC#296843344896548864 placearmies 4 1
CARD 
Jibs_PC#296843344896548864 placearmies 19 1
CARD 
Jibs_PC#296843344896548864 placearmies 36 1
CARD 
Jibs_PC#296843344896548864 placearmies 8 1
CARD 
Jibs_PC#296843344896548864 placearmies 23 1
CARD 
Jibs_PC#296843344896548864 placearmies 11 1
CARD 
Jibs_PC#296843344896548864 placearmies 4 1
CARD 
Jibs_PC#296843344896548864 placearmies 19 1
CARD 
Jibs_PC#296843344896548864 placearmies 36 1
CARD 
Jibs_PC#296843344896548864 placearmies 8 1
CARD 
Jibs_PC#296843344896548864 placearmies 23 1
CARD 
Jibs_PC#296843344896548864 placearmies 11 1
CARD 
Jibs_PC#296843344896548864 placearmies 4 1
CARD 
Jibs_PC#296843344896548864 placearmies 19 1
CARD 
Jibs_PC#296843344896548864 placearmies 36 1
CARD 
Jibs_PC#296843344896548864 placearmies 8 1
CARD 
Jibs_PC#296843344896548864 placearmies 23 1
CARD 
Jibs_PC#296843344896548864 placearmies 11 1
CARD 
Jibs_PC#296843344896548864 placearmies 4 1
CARD 
Jibs_PC#296843344896548864 placearmies 19 1
CARD 
Jibs_PC#296843344896548864 placearmies 36 1
CARD 
Jibs_PC#296843344896548864 placearmies 8 1
CARD 
Jibs_PC#296843344896548864 placearmies 23 1
CARD 
Jibs_PC#296843344896548864 placearmies 11 1
CARD 
Jibs_PC#296843344896548864 placearmies 4 1
CARD 
Jibs_PC#296843344896548864 placearmies 19 1
CARD 
Jibs_PC#296843344896548864 placearmies 33 1
CARD 
Jibs_PC#296843344896548864 placearmies 8 1
CARD 
Jibs_PC#296843344896548864 placearmies 23 1
CARD 
Jibs_PC#296843344896548864 placearmies 11 1
CARD 
Jibs_PC#296843344896548864 placearmies 4 1
CARD 
Jibs_PC#296843344896548864 placearmies 19 1
CARD 
Jibs_PC#296843344896548864 placearmies 33 1
CARD 
Jibs_PC#296843344896548864 placearmies 12 1
CARD 
Jibs_PC#296843344896548864 placearmies 23 1
CARD 
Jibs_PC#296843344896548864 placearmies 21 1
CARD 
Jibs_PC#296843344896548864 placearmies 4 1
CARD 
Jibs_PC#296843344896548864 placearmies 19 1
CARD 
Jibs_PC#296843344896548864 placearmies 33 1
CARD 
Jibs_PC#296843344896548864 placearmies 12 3
Jibs_PC#296843344896548864 attack 8 6
Jibs_PC#296843344896548864 roll 3
Jibs_PC#296843344896548864 roll 1
DICE 3 1 2 1 0 4 
Jibs_PC#296843344896548864 roll 3
Jibs_PC#296843344896548864 roll 1
DICE 3 1 5 3 2 1 
Jibs_PC#296843344896548864 move 9
Jibs_PC#296843344896548864 endattack
Jibs_PC#296843344896548864 nomove
CARD 27
Jibs_PC#296843344896548864 placearmies 23 1
Jibs_PC#296843344896548864 placearmies 39 2
Jibs_PC#296843344896548864 attack 23 21
Jibs_PC#296843344896548864 roll 3
Jibs_PC#296843344896548864 roll 2
DICE 3 2 5 4 2 4 3 
Jibs_PC#296843344896548864 move 14
Jibs_PC#296843344896548864 attack 21 12
Jibs_PC#296843344896548864 roll 3
Jibs_PC#296843344896548864 roll 2
DICE 3 2 5 2 0 4 3 
Jibs_PC#296843344896548864 roll 3
Jibs_PC#296843344896548864 roll 2
DICE 3 2 4 2 1 5 4 
Jibs_PC#296843344896548864 retreat
Jibs_PC#296843344896548864 attack 21 22
Jibs_PC#296843344896548864 roll 3
Jibs_PC#296843344896548864 roll 1
DICE 3 1 4 4 2 2 
Jibs_PC#296843344896548864 move 10
Jibs_PC#296843344896548864 attack 22 24
Jibs_PC#296843344896548864 roll 3
Jibs_PC#296843344896548864 roll 1
DICE 3 1 5 1 0 1 
Jibs_PC#296843344896548864 move 5
Jibs_PC#296843344896548864 attack 24 25
Jibs_PC#296843344896548864 roll 3
Jibs_PC#296843344896548864 roll 1
DICE 3 1 4 4 0 2 
Jibs_PC#296843344896548864 move 3
Jibs_PC#296843344896548864 endattack
Jibs_PC#296843344896548864 movearmies 22 21 1
CARD 30
Jibs_PC#296843344896548864 placearmies 41 3
Jibs_PC#296843344896548864 attack 41 39
Jibs_PC#296843344896548864 roll 3
Jibs_PC#296843344896548864 roll 2
DICE 3 2 3 2 1 3 2 
Jibs_PC#296843344896548864 roll 3
Jibs_PC#296843344896548864 roll 2
DICE 3 2 4 3 1 1 1 
Jibs_PC#296843344896548864 roll 3
Jibs_PC#296843344896548864 roll 1
DICE 3 1 3 0 0 0 
Jibs_PC#296843344896548864 move 5
Jibs_PC#296843344896548864 attack 11 12
Jibs_PC#296843344896548864 roll 3
Jibs_PC#296843344896548864 roll 2
DICE 3 2 3 2 0 4 3 
Jibs_PC#296843344896548864 roll 3
Jibs_PC#296843344896548864 roll 2
DICE 3 2 4 3 3 4 0 
Jibs_PC#296843344896548864 roll 3
Jibs_PC#296843344896548864 roll 2
DICE 3 2 5 1 0 3 0 
Jibs_PC#296843344896548864 roll 3
Jibs_PC#296843344896548864 roll 1
DICE 3 1 5 4 2 2 
Jibs_PC#296843344896548864 move 5
Jibs_PC#296843344896548864 attack 12 21
Jibs_PC#296843344896548864 roll 3
Jibs_PC#296843344896548864 roll 2
DICE 3 2 4 4 1 5 1 
Jibs_PC#296843344896548864 roll 3
Jibs_PC#296843344896548864 roll 1
DICE 3 1 3 2 0 3 
Jibs_PC#296843344896548864 roll 2
Jibs_PC#296843344896548864 roll 1
DICE 2 1 4 3 3 
Jibs_PC#296843344896548864 endattack
Jibs_PC#296843344896548864 nomove
CARD 36
Jibs_PC#296843344896548864 placearmies 4 3
Jibs_PC#296843344896548864 attack 4 9
Jibs_PC#296843344896548864 roll 3
Jibs_PC#296843344896548864 roll 1
DICE 3 1 4 3 0 2 
Jibs_PC#296843344896548864 move 16
Jibs_PC#296843344896548864 attack 9 7
Jibs_PC#296843344896548864 roll 3
Jibs_PC#296843344896548864 roll 1
DICE 3 1 5 5 3 3 
Jibs_PC#296843344896548864 move 15
Jibs_PC#296843344896548864 attack 7 6
Jibs_PC#296843344896548864 roll 3
Jibs_PC#296843344896548864 roll 2
DICE 3 2 2 2 0 1 1 
Jibs_PC#296843344896548864 roll 3
Jibs_PC#296843344896548864 roll 2
DICE 3 2 3 1 0 5 1 
Jibs_PC#296843344896548864 roll 3
Jibs_PC#296843344896548864 roll 2
DICE 3 2 5 4 1 1 1 
Jibs_PC#296843344896548864 roll 3
Jibs_PC#296843344896548864 roll 2
DICE 3 2 5 2 2 3 2 
Jibs_PC#296843344896548864 roll 3
Jibs_PC#296843344896548864 roll 2
DICE 3 2 2 1 0 2 0 
Jibs_PC#296843344896548864 roll 3
Jibs_PC#296843344896548864 roll 2
DICE 3 2 5 3 1 5 5 
Jibs_PC#296843344896548864 roll 3
Jibs_PC#296843344896548864 roll 2
DICE 3 2 5 5 0 2 1 
Jibs_PC#296843344896548864 roll 3
Jibs_PC#296843344896548864 roll 1
DICE 3 1 4 4 3 5 
Jibs_PC#296843344896548864 retreat
Jibs_PC#296843344896548864 attack 7 2
Jibs_PC#296843344896548864 roll 3
Jibs_PC#296843344896548864 roll 1
DICE 3 1 5 4 0 1 
Jibs_PC#296843344896548864 move 7
Jibs_PC#296843344896548864 attack 2 1
Jibs_PC#296843344896548864 roll 3
Jibs_PC#296843344896548864 roll 1
DICE 3 1 5 3 2 0 
Jibs_PC#296843344896548864 move 6
Jibs_PC#296843344896548864 attack 1 3
Jibs_PC#296843344896548864 roll 3
Jibs_PC#296843344896548864 roll 1
DICE 3 1 5 2 2 1 
Jibs_PC#296843344896548864 move 3
Jibs_PC#296843344896548864 endattack
Jibs_PC#296843344896548864 movearmies 3 7 2
CARD 19
Jibs_PC#296843344896548864 placearmies 19 3
Jibs_PC#296843344896548864 attack 19 17
Jibs_PC#296843344896548864 roll 3
Jibs_PC#296843344896548864 roll 1
DICE 3 1 5 1 1 3 
Jibs_PC#296843344896548864 move 16
Jibs_PC#296843344896548864 attack 17 18
Jibs_PC#296843344896548864 roll 3
Jibs_PC#296843344896548864 roll 1
DICE 3 1 4 3 0 3 
Jibs_PC#296843344896548864 move 15
Jibs_PC#296843344896548864 attack 18 16
Jibs_PC#296843344896548864 roll 3
Jibs_PC#296843344896548864 roll 1
DICE 3 1 5 3 1 2 
Jibs_PC#296843344896548864 move 14
Jibs_PC#296843344896548864 attack 16 15
Jibs_PC#296843344896548864 roll 3
Jibs_PC#296843344896548864 roll 1
DICE 3 1 4 3 2 2 
Jibs_PC#296843344896548864 move 13
Jibs_PC#296843344896548864 attack 15 14
Jibs_PC#296843344896548864 roll 3
Jibs_PC#296843344896548864 roll 1
DICE 3 1 5 4 1 5 
Jibs_PC#296843344896548864 roll 3
Jibs_PC#296843344896548864 roll 1
DICE 3 1 4 1 0 1 
Jibs_PC#296843344896548864 move 11
Jibs_PC#296843344896548864 attack 14 6
Jibs_PC#296843344896548864 roll 3
Jibs_PC#296843344896548864 roll 1
DICE 3 1 4 3 0 5 
Jibs_PC#296843344896548864 roll 3
Jibs_PC#296843344896548864 roll 1
DICE 3 1 2 1 0 1 
Jibs_PC#296843344896548864 move 9
Jibs_PC#296843344896548864 endattack
Jibs_PC#296843344896548864 nomove
CARD 14
Jibs_PC#296843344896548864 placearmies 36 1
Jibs_PC#296843344896548864 placearmies 36 1
Jibs_PC#296843344896548864 placearmies 36 1
Jibs_PC#296843344896548864 attack 36 29
Jibs_PC#296843344896548864 roll 3
Jibs_PC#296843344896548864 roll 1
DICE 3 1 5 4 0 4 
Jibs_PC#296843344896548864 move 13
Jibs_PC#296843344896548864 attack 29 30
Jibs_PC#296843344896548864 roll 3
Jibs_PC#296843344896548864 roll 1
DICE 3 1 5 3 1 1 
Jibs_PC#296843344896548864 move 12
Jibs_PC#296843344896548864 attack 30 16
Jibs_PC#296843344896548864 roll 3
Jibs_PC#296843344896548864 roll 1
DICE 3 1 3 2 1 5 
Jibs_PC#296843344896548864 roll 3
Jibs_PC#296843344896548864 roll 1
DICE 3 1 5 3 0 1 
Jibs_PC#296843344896548864 move 10
Jibs_PC#296843344896548864 attack 16 31
Jibs_PC#296843344896548864 roll 3
Jibs_PC#296843344896548864 roll 1
DICE 3 1 4 3 0 2 
Jibs_PC#296843344896548864 move 9
Jibs_PC#296843344896548864 attack 31 32
Jibs_PC#296843344896548864 roll 3
Jibs_PC#296843344896548864 roll 2
DICE 3 2 4 3 3 2 0 
Jibs_PC#296843344896548864 roll 3
Jibs_PC#296843344896548864 roll 1
DICE 3 1 5 3 3 0 
Jibs_PC#296843344896548864 move 3
Jibs_PC#296843344896548864 attack 31 20
Jibs_PC#296843344896548864 roll 3
Jibs_PC#296843344896548864 roll 1
DICE 3 1 3 1 0 5 
Jibs_PC#296843344896548864 roll 3
Jibs_PC#296843344896548864 roll 1
DICE 3 1 5 4 0 0 
Jibs_PC#296843344896548864 move 4
Jibs_PC#296843344896548864 endattack
Jibs_PC#296843344896548864 movearmies 32 31 2
CARD 32
Jibs_PC#296843344896548864 placearmies 34 3
Jibs_PC#296843344896548864 attack 34 38
Jibs_PC#296843344896548864 roll 3
Jibs_PC#296843344896548864 roll 1
DICE 3 1 3 3 1 4 
Jibs_PC#296843344896548864 roll 2
Jibs_PC#296843344896548864 roll 1
DICE 2 1 5 0 2 
Jibs_PC#296843344896548864 endattack
Jibs_PC#296843344896548864 nomove
CARD wildcard
Jibs_PC#296843344896548864 placearmies 22 1
Jibs_PC#296843344896548864 placearmies 22 1
Jibs_PC#296843344896548864 placearmies 22 1
Jibs_PC#296843344896548864 attack 22 21
Jibs_PC#296843344896548864 roll 3
Jibs_PC#296843344896548864 roll 2
DICE 3 2 2 0 0 4 0 
Jibs_PC#296843344896548864 roll 3
Jibs_PC#296843344896548864 roll 2
DICE 3 2 5 4 0 5 1 
Jibs_PC#296843344896548864 roll 3
Jibs_PC#296843344896548864 roll 1
DICE 3 1 5 2 1 3 
Jibs_PC#296843344896548864 endattack
Jibs_PC#296843344896548864 movearmies 24 21 1
CARD 18
Jibs_PC#296843344896548864 placearmies 11 3
Jibs_PC#296843344896548864 placearmies 11 1
Jibs_PC#296843344896548864 placearmies 11 1
Jibs_PC#296843344896548864 attack 11 10
Jibs_PC#296843344896548864 roll 3
Jibs_PC#296843344896548864 roll 1
DICE 3 1 3 3 0 1 
Jibs_PC#296843344896548864 move 5
Jibs_PC#296843344896548864 endattack
Jibs_PC#296843344896548864 nomove
CARD 12
Jibs_PC#296843344896548864 placearmies 7 1
Jibs_PC#296843344896548864 placearmies 7 1
Jibs_PC#296843344896548864 placearmies 7 1
Jibs_PC#296843344896548864 attack 7 8
Jibs_PC#296843344896548864 roll 3
Jibs_PC#296843344896548864 roll 1
DICE 3 1 4 4 4 4 
Jibs_PC#296843344896548864 roll 3
Jibs_PC#296843344896548864 roll 1
DICE 3 1 3 0 0 1 
Jibs_PC#296843344896548864 move 4
Jibs_PC#296843344896548864 endattack
Jibs_PC#296843344896548864 nomove
CARD 34
Jibs_PC#296843344896548864 placearmies 18 3
Jibs_PC#296843344896548864 attack 18 16
Jibs_PC#296843344896548864 roll 3
Jibs_PC#296843344896548864 roll 1
DICE 3 1 5 4 1 0 
Jibs_PC#296843344896548864 attack 6 7
Jibs_PC#296843344896548864 roll 3
Jibs_PC#296843344896548864 roll 1
DICE 3 1 4 3 2 2 
Jibs_PC#296843344896548864 move 8
Jibs_PC#296843344896548864 endattack
Jibs_PC#296843344896548864 nomove
CARD 29
Jibs_PC#296843344896548864 placearmies 36 3
Jibs_PC#296843344896548864 attack 36 38
Jibs_PC#296843344896548864 roll 3
Jibs_PC#296843344896548864 roll 2
DICE 3 2 5 5 4 5 4 
Jibs_PC#296843344896548864 roll 2
Jibs_PC#296843344896548864 roll 1
DICE 2 1 5 4 5 
Jibs_PC#296843344896548864 retreat
Jibs_PC#296843344896548864 attack 31 22
Jibs_PC#296843344896548864 roll 2
Jibs_PC#296843344896548864 roll 1
DICE 2 1 2 0 3 
Jibs_PC#296843344896548864 retreat
Jibs_PC#296843344896548864 attack 20 22
Jibs_PC#296843344896548864 roll 3
Jibs_PC#296843344896548864 roll 1
DICE 3 1 3 1 1 2 
Jibs_PC#296843344896548864 endattack
Jibs_PC#296843344896548864 nomove
CARD 1
Jibs_PC#296843344896548864 placearmies 34 3
Jibs_PC#296843344896548864 attack 34 27
Jibs_PC#296843344896548864 roll 3
Jibs_PC#296843344896548864 roll 1
DICE 3 1 2 1 1 1 
Jibs_PC#296843344896548864 endattack
Jibs_PC#296843344896548864 nomove
CARD 25
Jibs_PC#296843344896548864 placearmies 21 1
Jibs_PC#296843344896548864 placearmies 21 2
Jibs_PC#296843344896548864 attack 21 12
Jibs_PC#296843344896548864 roll 3
Jibs_PC#296843344896548864 roll 1
DICE 3 1 3 0 0 1 
Jibs_PC#296843344896548864 move 6
Jibs_PC#296843344896548864 attack 12 11
Jibs_PC#296843344896548864 roll 3
Jibs_PC#296843344896548864 roll 1
DICE 3 1 2 2 0 1 
Jibs_PC#296843344896548864 move 5
Jibs_PC#296843344896548864 attack 11 13
Jibs_PC#296843344896548864 roll 3
Jibs_PC#296843344896548864 roll 1
DICE 3 1 4 3 0 3 
Jibs_PC#296843344896548864 move 3
Jibs_PC#296843344896548864 endattack
Jibs_PC#296843344896548864 movearmies 25 24 2
CARD 41
Jibs_PC#296843344896548864 placearmies 10 4
Jibs_PC#296843344896548864 placearmies 10 1
Jibs_PC#296843344896548864 attack 10 11
Jibs_PC#296843344896548864 roll 3
Jibs_PC#296843344896548864 roll 2
DICE 3 2 5 2 0 2 0 
Jibs_PC#296843344896548864 move 9
Jibs_PC#296843344896548864 attack 11 13
Jibs_PC#296843344896548864 roll 3
Jibs_PC#296843344896548864 roll 2
DICE 3 2 3 2 1 3 1 
Jibs_PC#296843344896548864 roll 3
Jibs_PC#296843344896548864 roll 2
DICE 3 2 5 2 1 5 3 
Jibs_PC#296843344896548864 retreat
Jibs_PC#296843344896548864 attack 11 13
Jibs_PC#296843344896548864 roll 3
Jibs_PC#296843344896548864 roll 2
DICE 3 2 4 1 1 4 0 
Jibs_PC#296843344896548864 roll 3
Jibs_PC#296843344896548864 roll 1
DICE 3 1 5 1 0 5 
Jibs_PC#296843344896548864 retreat
Jibs_PC#296843344896548864 attack 11 12
Jibs_PC#296843344896548864 roll 3
Jibs_PC#296843344896548864 roll 1
DICE 3 1 5 2 2 1 
Jibs_PC#296843344896548864 attack 12 13
Jibs_PC#296843344896548864 roll 2
Jibs_PC#296843344896548864 roll 1
DICE 2 1 4 3 1 
Jibs_PC#296843344896548864 endattack
Jibs_PC#296843344896548864 movearmies 13 12 1
CARD 42
Jibs_PC#296843344896548864 placearmies 8 1
Jibs_PC#296843344896548864 placearmies 8 2
Jibs_PC#296843344896548864 attack 8 6
Jibs_PC#296843344896548864 roll 3
Jibs_PC#296843344896548864 roll 1
DICE 3 1 5 1 1 2 
Jibs_PC#296843344896548864 move 6
Jibs_PC#296843344896548864 endattack
Jibs_PC#296843344896548864 nomove
CARD 8
Jibs_PC#296843344896548864 placearmies 16 2
Jibs_PC#296843344896548864 placearmies 7 1
Jibs_PC#296843344896548864 attack 7 9
Jibs_PC#296843344896548864 roll 3
Jibs_PC#296843344896548864 roll 1
DICE 3 1 2 1 0 5 
Jibs_PC#296843344896548864 roll 3
Jibs_PC#296843344896548864 roll 1
DICE 3 1 3 1 0 4 
Jibs_PC#296843344896548864 retreat
Jibs_PC#296843344896548864 attack 16 20
Jibs_PC#296843344896548864 roll 3
Jibs_PC#296843344896548864 roll 1
DICE 3 1 3 1 0 2 
Jibs_PC#296843344896548864 move 3
Jibs_PC#296843344896548864 endattack
Jibs_PC#296843344896548864 nomove
CARD 20
Jibs_PC#296843344896548864 placearmies 22 1
Jibs_PC#296843344896548864 placearmies 36 2
Jibs_PC#296843344896548864 attack 36 35
Jibs_PC#296843344896548864 roll 3
Jibs_PC#296843344896548864 roll 1
DICE 3 1 3 1 0 5 
Jibs_PC#296843344896548864 roll 2
Jibs_PC#296843344896548864 roll 1
DICE 2 1 2 0 1 
Jibs_PC#296843344896548864 endattack
Jibs_PC#296843344896548864 movearmies 22 31 3
CARD 22
Jibs_PC#296843344896548864 trade 27 wildcard 25
Jibs_PC#296843344896548864 placearmies 27 11
Jibs_PC#296843344896548864 attack 27 28
Jibs_PC#296843344896548864 roll 3
Jibs_PC#296843344896548864 roll 1
DICE 3 1 4 2 1 0 
Jibs_PC#296843344896548864 move 15
Jibs_PC#296843344896548864 attack 28 16
Jibs_PC#296843344896548864 roll 3
Jibs_PC#296843344896548864 roll 2
DICE 3 2 5 3 1 4 1 
Jibs_PC#296843344896548864 move 14
Jibs_PC#296843344896548864 attack 16 20
Jibs_PC#296843344896548864 roll 3
Jibs_PC#296843344896548864 roll 2
DICE 3 2 4 2 2 3 2 
Jibs_PC#296843344896548864 roll 3
Jibs_PC#296843344896548864 roll 2
DICE 3 2 5 2 0 4 0 
Jibs_PC#296843344896548864 move 12
Jibs_PC#296843344896548864 attack 20 21
Jibs_PC#296843344896548864 roll 3
Jibs_PC#296843344896548864 roll 1
DICE 3 1 5 4 2 0 
Jibs_PC#296843344896548864 move 11
Jibs_PC#296843344896548864 attack 21 12
Jibs_PC#296843344896548864 roll 3
Jibs_PC#296843344896548864 roll 2
DICE 3 2 5 5 3 3 3 
Jibs_PC#296843344896548864 move 10
Jibs_PC#296843344896548864 attack 12 10
Jibs_PC#296843344896548864 roll 3
Jibs_PC#296843344896548864 roll 1
DICE 3 1 3 3 2 5 
Jibs_PC#296843344896548864 roll 3
Jibs_PC#296843344896548864 roll 1
DICE 3 1 3 1 1 0 
Jibs_PC#296843344896548864 move 8
Jibs_PC#296843344896548864 attack 10 11
Jibs_PC#296843344896548864 roll 3
Jibs_PC#296843344896548864 roll 1
DICE 3 1 5 2 2 5 
Jibs_PC#296843344896548864 roll 3
Jibs_PC#296843344896548864 roll 1
DICE 3 1 2 1 1 5 
Jibs_PC#296843344896548864 roll 3
Jibs_PC#296843344896548864 roll 1
DICE 3 1 4 2 1 5 
Jibs_PC#296843344896548864 roll 3
Jibs_PC#296843344896548864 roll 1
DICE 3 1 5 5 1 0 
Jibs_PC#296843344896548864 move 4
Jibs_PC#296843344896548864 attack 11 13
Jibs_PC#296843344896548864 roll 3
Jibs_PC#296843344896548864 roll 1
DICE 3 1 5 3 0 5 
Jibs_PC#296843344896548864 roll 2
Jibs_PC#296843344896548864 roll 1
DICE 2 1 2 1 3 
Jibs_PC#296843344896548864 retreat
Jibs_PC#296843344896548864 endattack
Jibs_PC#296843344896548864 nomove
CARD 21
Jibs_PC#296843344896548864 trade 30 18 41
Jibs_PC#296843344896548864 placearmies 24 1
Jibs_PC#296843344896548864 placearmies 24 11
Jibs_PC#296843344896548864 placearmies 24 1
Jibs_PC#296843344896548864 attack 24 21
Jibs_PC#296843344896548864 roll 3
Jibs_PC#296843344896548864 roll 1
DICE 3 1 5 4 1 0 
Jibs_PC#296843344896548864 move 15
Jibs_PC#296843344896548864 attack 21 12
Jibs_PC#296843344896548864 roll 3
Jibs_PC#296843344896548864 roll 1
DICE 3 1 1 0 0 0 
Jibs_PC#296843344896548864 move 14
Jibs_PC#296843344896548864 attack 12 10
Jibs_PC#296843344896548864 roll 3
Jibs_PC#296843344896548864 roll 1
DICE 3 1 3 2 1 2 
Jibs_PC#296843344896548864 move 13
Jibs_PC#296843344896548864 attack 10 11
Jibs_PC#296843344896548864 roll 3
Jibs_PC#296843344896548864 roll 2
DICE 3 2 5 1 1 5 0 
Jibs_PC#296843344896548864 roll 3
Jibs_PC#296843344896548864 roll 1
DICE 3 1 4 0 0 1 
Jibs_PC#296843344896548864 move 5
Jibs_PC#296843344896548864 attack 11 13
Jibs_PC#296843344896548864 roll 3
Jibs_PC#296843344896548864 roll 1
DICE 3 1 4 4 3 1 
Jibs_PC#296843344896548864 move 3
Jibs_PC#296843344896548864 endattack
Jibs_PC#296843344896548864 movearmies 11 10 1
CARD 28
Jibs_PC#296843344896548864 placearmies 39 3
Jibs_PC#296843344896548864 placearmies 39 2
Jibs_PC#296843344896548864 attack 39 33
Jibs_PC#296843344896548864 roll 3
Jibs_PC#296843344896548864 roll 2
DICE 3 2 5 1 0 1 1 
Jibs_PC#296843344896548864 roll 3
Jibs_PC#296843344896548864 roll 2
DICE 3 2 2 1 0 4 1 
Jibs_PC#296843344896548864 roll 3
Jibs_PC#296843344896548864 roll 2
DICE 3 2 4 4 1 1 0 
Jibs_PC#296843344896548864 roll 3
Jibs_PC#296843344896548864 roll 1
DICE 3 1 4 3 1 3 
Jibs_PC#296843344896548864 move 6
Jibs_PC#296843344896548864 endattack
Jibs_PC#296843344896548864 movearmies 33 39 5
CARD 16
Jibs_PC#296843344896548864 trade 19 34 8
Jibs_PC#296843344896548864 placearmies 5 12
Jibs_PC#296843344896548864 placearmies 5 1
Jibs_PC#296843344896548864 attack 5 10
Jibs_PC#296843344896548864 roll 3
Jibs_PC#296843344896548864 roll 2
DICE 3 2 4 3 0 4 1 
Jibs_PC#296843344896548864 roll 3
Jibs_PC#296843344896548864 roll 2
DICE 3 2 3 3 2 3 0 
Jibs_PC#296843344896548864 roll 3
Jibs_PC#296843344896548864 roll 2
DICE 3 2 3 1 1 5 5 
Jibs_PC#296843344896548864 roll 3
Jibs_PC#296843344896548864 roll 2
DICE 3 2 4 1 1 5 2 
Jibs_PC#296843344896548864 roll 3
Jibs_PC#296843344896548864 roll 2
DICE 3 2 4 3 1 1 0 
Jibs_PC#296843344896548864 roll 3
Jibs_PC#296843344896548864 roll 2
DICE 3 2 2 1 1 4 4 
Jibs_PC#296843344896548864 roll 3
Jibs_PC#296843344896548864 roll 2
DICE 3 2 4 4 2 5 0 
Jibs_PC#296843344896548864 roll 3
Jibs_PC#296843344896548864 roll 2
DICE 3 2 5 4 2 3 2 
Jibs_PC#296843344896548864 roll 3
Jibs_PC#296843344896548864 roll 1
DICE 3 1 3 3 3 5 
Jibs_PC#296843344896548864 roll 3
Jibs_PC#296843344896548864 roll 1
DICE 3 1 4 3 0 0 
Jibs_PC#296843344896548864 attack 6 14
Jibs_PC#296843344896548864 roll 3
Jibs_PC#296843344896548864 roll 1
DICE 3 1 5 4 0 2 
Jibs_PC#296843344896548864 move 5
Jibs_PC#296843344896548864 attack 14 17
Jibs_PC#296843344896548864 roll 3
Jibs_PC#296843344896548864 roll 1
DICE 3 1 4 4 1 1 
Jibs_PC#296843344896548864 move 4
Jibs_PC#296843344896548864 endattack
Jibs_PC#296843344896548864 nomove
CARD 23
Jibs_PC#296843344896548864 placearmies 7 3
Jibs_PC#296843344896548864 attack 7 8
Jibs_PC#296843344896548864 roll 3
Jibs_PC#296843344896548864 roll 2
DICE 3 2 4 0 0 1 1 
Jibs_PC#296843344896548864 roll 3
Jibs_PC#296843344896548864 roll 2
DICE 3 2 4 4 2 5 2 
Jibs_PC#296843344896548864 retreat
Jibs_PC#296843344896548864 attack 7 2
Jibs_PC#296843344896548864 roll 3
Jibs_PC#296843344896548864 roll 1
DICE 3 1 2 2 0 2 
Jibs_PC#296843344896548864 roll 3
Jibs_PC#296843344896548864 roll 1
DICE 3 1 5 1 0 4 
Jibs_PC#296843344896548864 move 6
Jibs_PC#296843344896548864 attack 2 1
Jibs_PC#296843344896548864 roll 3
Jibs_PC#296843344896548864 roll 2
DICE 3 2 5 0 0 1 1 
Jibs_PC#296843344896548864 roll 3
Jibs_PC#296843344896548864 roll 2
DICE 3 2 3 2 0 3 2 
Jibs_PC#296843344896548864 retreat
Jibs_PC#296843344896548864 endattack
Jibs_PC#296843344896548864 nomove
CARD 9
Jibs_PC#296843344896548864 trade 32 1 22
Jibs_PC#296843344896548864 placearmies 32 2
Jibs_PC#296843344896548864 placearmies 31 5
Jibs_PC#296843344896548864 attack 32 33
Jibs_PC#296843344896548864 roll 3
Jibs_PC#296843344896548864 roll 1
DICE 3 1 4 3 1 4 
Jibs_PC#296843344896548864 roll 3
Jibs_PC#296843344896548864 roll 1
DICE 3 1 5 2 0 4 
Jibs_PC#296843344896548864 attack 31 16
Jibs_PC#296843344896548864 roll 3
Jibs_PC#296843344896548864 roll 1
DICE 3 1 5 1 0 3 
Jibs_PC#296843344896548864 move 9
Jibs_PC#296843344896548864 attack 16 28
Jibs_PC#296843344896548864 roll 3
Jibs_PC#296843344896548864 roll 1
DICE 3 1 5 1 0 4 
Jibs_PC#296843344896548864 move 8
Jibs_PC#296843344896548864 attack 28 27
Jibs_PC#296843344896548864 roll 3
Jibs_PC#296843344896548864 roll 1
DICE 3 1 4 4 2 0 
Jibs_PC#296843344896548864 move 7
Jibs_PC#296843344896548864 attack 27 34
Jibs_PC#296843344896548864 roll 3
Jibs_PC#296843344896548864 roll 1
DICE 3 1 2 0 0 5 
Jibs_PC#296843344896548864 roll 3
Jibs_PC#296843344896548864 roll 1
DICE 3 1 4 3 2 3 
Jibs_PC#296843344896548864 move 5
Jibs_PC#296843344896548864 attack 34 38
Jibs_PC#296843344896548864 roll 3
Jibs_PC#296843344896548864 roll 1
DICE 3 1 4 2 0 5 
Jibs_PC#296843344896548864 roll 3
Jibs_PC#296843344896548864 roll 1
DICE 3 1 4 3 1 4 
Jibs_PC#296843344896548864 roll 2
Jibs_PC#296843344896548864 roll 1
DICE 2 1 5 4 4 
Jibs_PC#296843344896548864 endattack
Jibs_PC#296843344896548864 movearmies 35 36 1
CARD wildcard
Jibs_PC#296843344896548864 placearmies 20 3
Jibs_PC#296843344896548864 attack 20 21
Jibs_PC#296843344896548864 roll 3
Jibs_PC#296843344896548864 roll 1
DICE 3 1 4 3 1 1 
Jibs_PC#296843344896548864 endattack
Jibs_PC#296843344896548864 nomove
CARD 37
Jibs_PC#296843344896548864 placearmies 24 3
Jibs_PC#296843344896548864 attack 24 22
Jibs_PC#296843344896548864 roll 3
Jibs_PC#296843344896548864 roll 1
DICE 3 1 5 5 4 0 
Jibs_PC#296843344896548864 endattack
Jibs_PC#296843344896548864 movearmies 13 11 2
CARD 17
Jibs_PC#296843344896548864 trade 36 12 16
Jibs_PC#296843344896548864 placearmies 39 13
Jibs_PC#296843344896548864 attack 39 33
Jibs_PC#296843344896548864 roll 3
Jibs_PC#296843344896548864 roll 2
DICE 3 2 4 2 0 4 2 
Jibs_PC#296843344896548864 roll 3
Jibs_PC#296843344896548864 roll 2
DICE 3 2 4 1 0 4 3 
Jibs_PC#296843344896548864 roll 3
Jibs_PC#296843344896548864 roll 2
DICE 3 2 4 3 2 3 0 
Jibs_PC#296843344896548864 roll 3
Jibs_PC#296843344896548864 roll 1
DICE 3 1 4 4 2 5 
Jibs_PC#296843344896548864 roll 3
Jibs_PC#296843344896548864 roll 1
DICE 3 1 2 0 0 2 
Jibs_PC#296843344896548864 roll 3
Jibs_PC#296843344896548864 roll 1
DICE 3 1 5 3 3 3 
Jibs_PC#296843344896548864 move 12
Jibs_PC#296843344896548864 endattack
Jibs_PC#296843344896548864 nomove
CARD 15
Jibs_PC#296843344896548864 placearmies 4 3
Jibs_PC#296843344896548864 attack 4 7
Jibs_PC#296843344896548864 roll 3
Jibs_PC#296843344896548864 roll 1
DICE 3 1 4 3 0 3 
Jibs_PC#296843344896548864 endattack
Jibs_PC#296843344896548864 nomove
CARD 6
Jibs_PC#296843344896548864 trade 14 29 9
Jibs_PC#296843344896548864 placearmies 19 10
Jibs_PC#296843344896548864 placearmies 19 2
Jibs_PC#296843344896548864 placearmies 19 1
Jibs_PC#296843344896548864 attack 19 20
Jibs_PC#296843344896548864 roll 3
Jibs_PC#296843344896548864 roll 1
DICE 3 1 4 3 3 3 
Jibs_PC#296843344896548864 move 13
Jibs_PC#296843344896548864 attack 20 21
Jibs_PC#296843344896548864 roll 3
Jibs_PC#296843344896548864 roll 2
DICE 3 2 5 3 3 5 4 
Jibs_PC#296843344896548864 roll 3
Jibs_PC#296843344896548864 roll 2
DICE 3 2 4 3 0 4 3 
Jibs_PC#296843344896548864 roll 3
Jibs_PC#296843344896548864 roll 2
DICE 3 2 4 2 0 5 3 
Jibs_PC#296843344896548864 roll 3
Jibs_PC#296843344896548864 roll 2
DICE 3 2 5 3 0 2 1 
Jibs_PC#296843344896548864 roll 3
Jibs_PC#296843344896548864 roll 1
DICE 3 1 4 4 1 2 
Jibs_PC#296843344896548864 move 6
Jibs_PC#296843344896548864 endattack
Jibs_PC#296843344896548864 nomove
CARD 35
Jibs_PC#296843344896548864 placearmies 36 2
Jibs_PC#296843344896548864 placearmies 36 1
Jibs_PC#296843344896548864 attack 36 37
Jibs_PC#296843344896548864 roll 3
Jibs_PC#296843344896548864 roll 1
DICE 3 1 3 3 2 4 
Jibs_PC#296843344896548864 roll 3
Jibs_PC#296843344896548864 roll 1
DICE 3 1 2 2 2 1 
Jibs_PC#296843344896548864 endattack
Jibs_PC#296843344896548864 movearmies 37 38 2
CARD 39
Jibs_PC#296843344896548864 placearmies 22 1
Jibs_PC#296843344896548864 placearmies 22 1
Jibs_PC#296843344896548864 placearmies 22 1
Jibs_PC#296843344896548864 attack 22 31
Jibs_PC#296843344896548864 roll 3
Jibs_PC#296843344896548864 roll 1
DICE 3 1 4 4 0 1 
Jibs_PC#296843344896548864 move 5
Jibs_PC#296843344896548864 endattack
Jibs_PC#296843344896548864 nomove
CARD 11
Jibs_PC#296843344896548864 placearmies 33 5
Jibs_PC#296843344896548864 attack 33 29
Jibs_PC#296843344896548864 roll 3
Jibs_PC#296843344896548864 roll 1
DICE 3 1 5 0 0 1 
Jibs_PC#296843344896548864 move 15
Jibs_PC#296843344896548864 attack 29 27
Jibs_PC#296843344896548864 roll 3
Jibs_PC#296843344896548864 roll 1
DICE 3 1 5 2 2 0 
Jibs_PC#296843344896548864 move 14
Jibs_PC#296843344896548864 attack 27 28
Jibs_PC#296843344896548864 roll 3
Jibs_PC#296843344896548864 roll 1
DICE 3 1 4 0 0 5 
Jibs_PC#296843344896548864 roll 3
Jibs_PC#296843344896548864 roll 1
DICE 3 1 2 2 0 0 
Jibs_PC#296843344896548864 move 12
Jibs_PC#296843344896548864 attack 28 30
Jibs_PC#296843344896548864 roll 3
Jibs_PC#296843344896548864 roll 1
DICE 3 1 5 4 0 4 
Jibs_PC#296843344896548864 move 11
Jibs_PC#296843344896548864 attack 30 31
Jibs_PC#296843344896548864 roll 3
Jibs_PC#296843344896548864 roll 2
DICE 3 2 3 2 1 0 0 
Jibs_PC#296843344896548864 roll 3
Jibs_PC#296843344896548864 roll 2
DICE 3 2 2 0 0 2 2 
Jibs_PC#296843344896548864 roll 3
Jibs_PC#296843344896548864 roll 2
DICE 3 2 2 2 2 3 0 
Jibs_PC#296843344896548864 roll 3
Jibs_PC#296843344896548864 roll 2
DICE 3 2 4 2 1 3 1 
Jibs_PC#296843344896548864 move 7
Jibs_PC#296843344896548864 attack 31 32
Jibs_PC#296843344896548864 roll 3
Jibs_PC#296843344896548864 roll 1
DICE 3 1 5 1 1 0 
Jibs_PC#296843344896548864 move 3
Jibs_PC#296843344896548864 endattack
Jibs_PC#296843344896548864 movearmies 33 29 1
CARD 24
Jibs_PC#296843344896548864 placearmies 17 3
Jibs_PC#296843344896548864 attack 17 19
Jibs_PC#296843344896548864 roll 3
Jibs_PC#296843344896548864 roll 1
DICE 3 1 5 3 0 5 
Jibs_PC#296843344896548864 roll 3
Jibs_PC#296843344896548864 roll 1
DICE 3 1 3 0 0 5 
Jibs_PC#296843344896548864 retreat
Jibs_PC#296843344896548864 attack 17 15
Jibs_PC#296843344896548864 roll 3
Jibs_PC#296843344896548864 roll 1
DICE 3 1 5 4 3 2 
Jibs_PC#296843344896548864 move 4
Jibs_PC#296843344896548864 endattack
Jibs_PC#296843344896548864 nomove
CARD 13
Jibs_PC#296843344896548864 trade 21 37 35
Jibs_PC#296843344896548864 placearmies 21 3
Jibs_PC#296843344896548864 placearmies 19 4
Jibs_PC#296843344896548864 attack 21 12
Jibs_PC#296843344896548864 roll 3
Jibs_PC#296843344896548864 roll 1
DICE 3 1 2 2 1 2 
Jibs_PC#296843344896548864 roll 3
Jibs_PC#296843344896548864 roll 1
DICE 3 1 4 1 0 3 
Jibs_PC#296843344896548864 move 9
Jibs_PC#296843344896548864 attack 12 13
Jibs_PC#296843344896548864 roll 3
Jibs_PC#296843344896548864 roll 1
DICE 3 1 5 3 2 2 
Jibs_PC#296843344896548864 move 8
Jibs_PC#296843344896548864 attack 13 11
Jibs_PC#296843344896548864 roll 3
Jibs_PC#296843344896548864 roll 2
DICE 3 2 4 3 0 4 2 
Jibs_PC#296843344896548864 roll 3
Jibs_PC#296843344896548864 roll 2
DICE 3 2 4 4 2 4 0 
Jibs_PC#296843344896548864 roll 3
Jibs_PC#296843344896548864 roll 1
DICE 3 1 4 0 0 0 
Jibs_PC#296843344896548864 move 5
Jibs_PC#296843344896548864 attack 11 10
Jibs_PC#296843344896548864 roll 3
Jibs_PC#296843344896548864 roll 2
DICE 3 2 3 2 1 4 1 
Jibs_PC#296843344896548864 roll 3
Jibs_PC#296843344896548864 roll 2
DICE 3 2 1 1 0 1 1 
Jibs_PC#296843344896548864 retreat
Jibs_PC#296843344896548864 endattack
Jibs_PC#296843344896548864 nomove
CARD 10
Jibs_PC#296843344896548864 placearmies 38 1
Jibs_PC#296843344896548864 placearmies 38 1
Jibs_PC#296843344896548864 placearmies 16 1
Jibs_PC#296843344896548864 attack 38 1
Jibs_PC#296843344896548864 roll 3
Jibs_PC#296843344896548864 roll 2
DICE 3 2 4 4 0 4 2 
Jibs_PC#296843344896548864 roll 3
Jibs_PC#296843344896548864 roll 1
DICE 3 1 5 3 2 5 
Jibs_PC#296843344896548864 roll 3
Jibs_PC#296843344896548864 roll 1
DICE 3 1 2 2 0 3 
Jibs_PC#296843344896548864 roll 2
Jibs_PC#296843344896548864 roll 1
DICE 2 1 4 3 1 
Jibs_PC#296843344896548864 endattack
Jibs_PC#296843344896548864 nomove
CARD 7
Jibs_PC#296843344896548864 trade 28 17 11
Jibs_PC#296843344896548864 placearmies 23 3
Jibs_PC#296843344896548864 placearmies 23 4
Jibs_PC#296843344896548864 placearmies 23 2
Jibs_PC#296843344896548864 attack 23 21
Jibs_PC#296843344896548864 roll 3
Jibs_PC#296843344896548864 roll 1
DICE 3 1 4 3 1 5 
Jibs_PC#296843344896548864 roll 3
Jibs_PC#296843344896548864 roll 1
DICE 3 1 4 4 0 1 
Jibs_PC#296843344896548864 move 8
Jibs_PC#296843344896548864 attack 21 12
Jibs_PC#296843344896548864 roll 3
Jibs_PC#296843344896548864 roll 1
DICE 3 1 5 3 1 5 
Jibs_PC#296843344896548864 roll 3
Jibs_PC#296843344896548864 roll 1
DICE 3 1 4 2 1 5 
Jibs_PC#296843344896548864 retreat
Jibs_PC#296843344896548864 endattack
Jibs_PC#296843344896548864 nomove
CARD 2
Jibs_PC#296843344896548864 placearmies 30 1
Jibs_PC#296843344896548864 placearmies 29 3
Jibs_PC#296843344896548864 placearmies 31 1
Jibs_PC#296843344896548864 attack 29 36
Jibs_PC#296843344896548864 roll 3
Jibs_PC#296843344896548864 roll 1
DICE 3 1 4 3 0 3 
Jibs_PC#296843344896548864 move 4
Jibs_PC#296843344896548864 attack 31 22
Jibs_PC#296843344896548864 roll 3
Jibs_PC#296843344896548864 roll 1
DICE 3 1 5 4 3 5 
Jibs_PC#296843344896548864 roll 3
Jibs_PC#296843344896548864 roll 1
DICE 3 1 4 3 1 3 
Jibs_PC#296843344896548864 attack 36 38
Jibs_PC#296843344896548864 roll 3
Jibs_PC#296843344896548864 roll 1
DICE 3 1 3 2 0 3 
Jibs_PC#296843344896548864 roll 2
Jibs_PC#296843344896548864 roll 1
DICE 2 1 4 4 1 
Jibs_PC#296843344896548864 endattack
Jibs_PC#296843344896548864 movearmies 22 31 2
CARD 38
Jibs_PC#296843344896548864 placearmies 15 1
Jibs_PC#296843344896548864 placearmies 10 2
Jibs_PC#296843344896548864 attack 10 12
Jibs_PC#296843344896548864 roll 3
Jibs_PC#296843344896548864 roll 1
DICE 3 1 4 3 1 0 
Jibs_PC#296843344896548864 attack 12 13
Jibs_PC#296843344896548864 roll 2
Jibs_PC#296843344896548864 roll 1
DICE 2 1 3 2 0 
Jibs_PC#296843344896548864 endattack
Jibs_PC#296843344896548864 nomove
CARD 4
Jibs_PC#296843344896548864 placearmies 19 3
Jibs_PC#296843344896548864 attack 19 17
Jibs_PC#296843344896548864 roll 3
Jibs_PC#296843344896548864 roll 1
DICE 3 1 4 1 1 3 
Jibs_PC#296843344896548864 move 7
Jibs_PC#296843344896548864 endattack
Jibs_PC#296843344896548864 nomove
CARD 5
Jibs_PC#296843344896548864 trade wildcard 39 7
Jibs_PC#296843344896548864 placearmies 16 2
Jibs_PC#296843344896548864 placearmies 16 7
Jibs_PC#296843344896548864 attack 16 31
Jibs_PC#296843344896548864 roll 3
Jibs_PC#296843344896548864 roll 2
DICE 3 2 3 2 0 5 2 
Jibs_PC#296843344896548864 roll 3
Jibs_PC#296843344896548864 roll 2
DICE 3 2 5 4 0 2 0 
Jibs_PC#296843344896548864 retreat
Jibs_PC#296843344896548864 attack 16 28
Jibs_PC#296843344896548864 roll 3
Jibs_PC#296843344896548864 roll 1
DICE 3 1 3 1 0 0 
Jibs_PC#296843344896548864 move 8
Jibs_PC#296843344896548864 endattack
Jibs_PC#296843344896548864 nomove
CARD 40
Jibs_PC#296843344896548864 placearmies 21 2
Jibs_PC#296843344896548864 placearmies 21 1
Jibs_PC#296843344896548864 attack 21 12
Jibs_PC#296843344896548864 roll 3
Jibs_PC#296843344896548864 roll 1
DICE 3 1 4 4 0 5 
Jibs_PC#296843344896548864 roll 3
Jibs_PC#296843344896548864 roll 1
DICE 3 1 4 2 2 1 
Jibs_PC#296843344896548864 move 7
Jibs_PC#296843344896548864 attack 12 10
Jibs_PC#296843344896548864 roll 3
Jibs_PC#296843344896548864 roll 1
DICE 3 1 5 2 1 1 
Jibs_PC#296843344896548864 move 6
Jibs_PC#296843344896548864 attack 10 11
Jibs_PC#296843344896548864 roll 3
Jibs_PC#296843344896548864 roll 2
DICE 3 2 4 2 0 4 1 
Jibs_PC#296843344896548864 roll 3
Jibs_PC#296843344896548864 roll 1
DICE 3 1 4 3 0 3 
Jibs_PC#296843344896548864 move 4
Jibs_PC#296843344896548864 attack 11 13
Jibs_PC#296843344896548864 roll 3
Jibs_PC#296843344896548864 roll 2
DICE 3 2 4 3 0 2 2 
Jibs_PC#296843344896548864 endattack
Jibs_PC#296843344896548864 movearmies 13 11 1
CARD 26
Jibs_PC#296843344896548864 trade 42 15 38
Jibs_PC#296843344896548864 placearmies 31 1
Jibs_PC#296843344896548864 placearmies 29 1
Jibs_PC#296843344896548864 placearmies 38 2
Jibs_PC#296843344896548864 placearmies 30 6
Jibs_PC#296843344896548864 placearmies 38 1
Jibs_PC#296843344896548864 placearmies 29 5
Jibs_PC#296843344896548864 attack 38 37
Jibs_PC#296843344896548864 roll 3
Jibs_PC#296843344896548864 roll 1
DICE 3 1 3 1 0 2 
Jibs_PC#296843344896548864 move 3
Jibs_PC#296843344896548864 attack 30 16
Jibs_PC#296843344896548864 roll 3
Jibs_PC#296843344896548864 roll 1
DICE 3 1 4 1 1 5 
Jibs_PC#296843344896548864 roll 3
Jibs_PC#296843344896548864 roll 1
DICE 3 1 5 5 1 2 
Jibs_PC#296843344896548864 move 5
Jibs_PC#296843344896548864 attack 16 20
Jibs_PC#296843344896548864 roll 3
Jibs_PC#296843344896548864 roll 1
DICE 3 1 2 1 1 0 
Jibs_PC#296843344896548864 move 3
Jibs_PC#296843344896548864 attack 29 28
Jibs_PC#296843344896548864 roll 3
Jibs_PC#296843344896548864 roll 2
DICE 3 2 5 3 1 4 0 
Jibs_PC#296843344896548864 roll 3
Jibs_PC#296843344896548864 roll 2
DICE 3 2 1 1 0 2 1 
Jibs_PC#296843344896548864 roll 3
Jibs_PC#296843344896548864 roll 2
DICE 3 2 5 1 0 2 1 
Jibs_PC#296843344896548864 roll 3
Jibs_PC#296843344896548864 roll 2
DICE 3 2 5 3 0 4 3 
Jibs_PC#296843344896548864 retreat
Jibs_PC#296843344896548864 endattack
Jibs_PC#296843344896548864 movearmies 32 29 2
CARD 3
Jibs_PC#296843344896548864 placearmies 15 3
Jibs_PC#296843344896548864 attack 15 16
Jibs_PC#296843344896548864 roll 3
Jibs_PC#296843344896548864 roll 2
DICE 3 2 5 5 4 3 0 
Jibs_PC#296843344896548864 move 7
Jibs_PC#296843344896548864 attack 16 31
Jibs_PC#296843344896548864 roll 3
Jibs_PC#296843344896548864 roll 2
DICE 3 2 5 3 2 5 1 
Jibs_PC#296843344896548864 roll 3
Jibs_PC#296843344896548864 roll 1
DICE 3 1 5 4 0 5 
Jibs_PC#296843344896548864 roll 3
Jibs_PC#296843344896548864 roll 1
DICE 3 1 4 0 0 4 
Jibs_PC#296843344896548864 roll 3
Jibs_PC#296843344896548864 roll 1
DICE 3 1 2 0 0 0 
Jibs_PC#296843344896548864 endattack
Jibs_PC#296843344896548864 nomove
CARD 31
Jibs_PC#296843344896548864 placearmies 17 1
Jibs_PC#296843344896548864 placearmies 17 2
Jibs_PC#296843344896548864 attack 17 14
Jibs_PC#296843344896548864 roll 3
Jibs_PC#296843344896548864 roll 1
DICE 3 1 5 5 4 5 
Jibs_PC#296843344896548864 roll 3
Jibs_PC#296843344896548864 roll 1
DICE 3 1 4 3 0 5 
Jibs_PC#296843344896548864 roll 3
Jibs_PC#296843344896548864 roll 1
DICE 3 1 5 1 0 4 
Jibs_PC#296843344896548864 move 7
Jibs_PC#296843344896548864 attack 14 15
Jibs_PC#296843344896548864 roll 3
Jibs_PC#296843344896548864 roll 1
DICE 3 1 4 2 1 3 
Jibs_PC#296843344896548864 move 6
Jibs_PC#296843344896548864 attack 15 16
Jibs_PC#296843344896548864 roll 3
Jibs_PC#296843344896548864 roll 1
DICE 3 1 5 1 1 1 
Jibs_PC#296843344896548864 move 5
Jibs_PC#296843344896548864 attack 16 20
Jibs_PC#296843344896548864 roll 3
Jibs_PC#296843344896548864 roll 2
DICE 3 2 5 4 0 2 1 
Jibs_PC#296843344896548864 roll 3
Jibs_PC#296843344896548864 roll 1
DICE 3 1 4 2 2 0 
Jibs_PC#296843344896548864 move 3
Jibs_PC#296843344896548864 endattack
Jibs_PC#296843344896548864 nomove
CARD 33
Jibs_PC#296843344896548864 placearmies 28 1
Jibs_PC#296843344896548864 placearmies 1 2
Jibs_PC#296843344896548864 attack 28 16
Jibs_PC#296843344896548864 roll 3
Jibs_PC#296843344896548864 roll 2
DICE 3 2 2 1 0 5 3 
Jibs_PC#296843344896548864 retreat
Jibs_PC#296843344896548864 attack 28 27
Jibs_PC#296843344896548864 roll 2
Jibs_PC#296843344896548864 roll 1
DICE 2 1 4 0 5 
Jibs_PC#296843344896548864 retreat
Jibs_PC#296843344896548864 attack 1 38
Jibs_PC#296843344896548864 roll 3
Jibs_PC#296843344896548864 roll 2
DICE 3 2 2 0 0 5 0 
Jibs_PC#296843344896548864 retreat
Jibs_PC#296843344896548864 endattack
Jibs_PC#296843344896548864 nomove
CARD 
Jibs_PC#296843344896548864 placearmies 24 3
Jibs_PC#296843344896548864 placearmies 10 1
Jibs_PC#296843344896548864 placearmies 21 1
Jibs_PC#296843344896548864 attack 24 22
Jibs_PC#296843344896548864 roll 3
Jibs_PC#296843344896548864 roll 1
DICE 3 1 5 3 2 3 
Jibs_PC#296843344896548864 endattack
Jibs_PC#296843344896548864 movearmies 11 10 1
CARD wildcard
Jibs_PC#296843344896548864 placearmies 32 1
Jibs_PC#296843344896548864 placearmies 32 1
Jibs_PC#296843344896548864 placearmies 29 1
Jibs_PC#296843344896548864 placearmies 29 3
Jibs_PC#296843344896548864 attack 29 28
Jibs_PC#296843344896548864 roll 3
Jibs_PC#296843344896548864 roll 2
DICE 3 2 4 3 1 5 3 
Jibs_PC#296843344896548864 roll 3
Jibs_PC#296843344896548864 roll 2
DICE 3 2 5 1 0 5 2 
Jibs_PC#296843344896548864 roll 3
Jibs_PC#296843344896548864 roll 2
DICE 3 2 3 3 0 5 2 
Jibs_PC#296843344896548864 roll 3
Jibs_PC#296843344896548864 roll 1
DICE 3 1 5 3 2 1 
Jibs_PC#296843344896548864 endattack
Jibs_PC#296843344896548864 movearmies 38 36 1
CARD 36
Jibs_PC#296843344896548864 trade 23 13 31
Jibs_PC#296843344896548864 placearmies 3 13
Jibs_PC#296843344896548864 attack 3 1
Jibs_PC#296843344896548864 roll 3
Jibs_PC#296843344896548864 roll 2
DICE 3 2 4 3 3 2 0 
Jibs_PC#296843344896548864 move 13
Jibs_PC#296843344896548864 attack 1 38
Jibs_PC#296843344896548864 roll 3
Jibs_PC#296843344896548864 roll 1
DICE 3 1 4 3 3 0 
Jibs_PC#296843344896548864 move 12
Jibs_PC#296843344896548864 attack 38 35
Jibs_PC#296843344896548864 roll 3
Jibs_PC#296843344896548864 roll 1
DICE 3 1 5 4 2 0 
Jibs_PC#296843344896548864 move 11
Jibs_PC#296843344896548864 attack 35 34
Jibs_PC#296843344896548864 roll 3
Jibs_PC#296843344896548864 roll 1
DICE 3 1 5 3 2 0 
Jibs_PC#296843344896548864 move 10
Jibs_PC#296843344896548864 attack 31 20
Jibs_PC#296843344896548864 roll 3
Jibs_PC#296843344896548864 roll 2
DICE 3 2 3 1 0 5 1 
Jibs_PC#296843344896548864 retreat
Jibs_PC#296843344896548864 attack 34 27
Jibs_PC#296843344896548864 roll 3
Jibs_PC#296843344896548864 roll 1
DICE 3 1 5 4 0 3 
Jibs_PC#296843344896548864 move 9
Jibs_PC#296843344896548864 attack 27 29
Jibs_PC#296843344896548864 roll 3
Jibs_PC#296843344896548864 roll 1
DICE 3 1 2 2 2 3 
Jibs_PC#296843344896548864 roll 3
Jibs_PC#296843344896548864 roll 1
DICE 3 1 5 3 3 3 
Jibs_PC#296843344896548864 move 7
Jibs_PC#296843344896548864 attack 29 33
Jibs_PC#296843344896548864 roll 3
Jibs_PC#296843344896548864 roll 1
DICE 3 1 4 3 1 2 
Jibs_PC#296843344896548864 move 6
Jibs_PC#296843344896548864 attack 33 39
Jibs_PC#296843344896548864 roll 3
Jibs_PC#296843344896548864 roll 1
DICE 3 1 5 4 3 5 
Jibs_PC#296843344896548864 roll 3
Jibs_PC#296843344896548864 roll 1
DICE 3 1 5 1 1 4 
Jibs_PC#296843344896548864 move 4
Jibs_PC#296843344896548864 endattack
Jibs_PC#296843344896548864 nomove
CARD 39
Jibs_PC#296843344896548864 placearmies 2 1
Jibs_PC#296843344896548864 placearmies 14 1
Jibs_PC#296843344896548864 placearmies 19 1
Jibs_PC#296843344896548864 placearmies 16 1
Jibs_PC#296843344896548864 placearmies 2 1
Jibs_PC#296843344896548864 placearmies 2 3
Jibs_PC#296843344896548864 attack 2 7
Jibs_PC#296843344896548864 roll 3
Jibs_PC#296843344896548864 roll 2
DICE 3 2 5 4 2 4 1 
Jibs_PC#296843344896548864 roll 3
Jibs_PC#296843344896548864 roll 1
DICE 3 1 3 1 0 5 
Jibs_PC#296843344896548864 retreat
Jibs_PC#296843344896548864 attack 2 7
Jibs_PC#296843344896548864 roll 3
Jibs_PC#296843344896548864 roll 1
DICE 3 1 5 4 0 1 
Jibs_PC#296843344896548864 move 6
Jibs_PC#296843344896548864 attack 7 9
Jibs_PC#296843344896548864 roll 3
Jibs_PC#296843344896548864 roll 1
DICE 3 1 5 1 0 2 
Jibs_PC#296843344896548864 move 5
Jibs_PC#296843344896548864 attack 9 8
Jibs_PC#296843344896548864 roll 3
Jibs_PC#296843344896548864 roll 1
DICE 3 1 4 3 0 4 
Jibs_PC#296843344896548864 roll 3
Jibs_PC#296843344896548864 roll 1
DICE 3 1 3 3 1 2 
Jibs_PC#296843344896548864 endattack
Jibs_PC#296843344896548864 nomove
CARD 19
Jibs_PC#296843344896548864 trade 2 26 wildcard
Jibs_PC#296843344896548864 placearmies 10 1
Jibs_PC#296843344896548864 placearmies 21 4
Jibs_PC#296843344896548864 placearmies 21 10
Jibs_PC#296843344896548864 placearmies 21 3
Jibs_PC#296843344896548864 attack 21 19
Jibs_PC#296843344896548864 roll 3
Jibs_PC#296843344896548864 roll 2
DICE 3 2 4 2 0 4 3 
Jibs_PC#296843344896548864 roll 3
Jibs_PC#296843344896548864 roll 2
DICE 3 2 2 1 0 3 2 
Jibs_PC#296843344896548864 roll 3
Jibs_PC#296843344896548864 roll 2
DICE 3 2 2 2 0 5 4 
Jibs_PC#296843344896548864 roll 3
Jibs_PC#296843344896548864 roll 2
DICE 3 2 2 1 0 2 2 
Jibs_PC#296843344896548864 roll 3
Jibs_PC#296843344896548864 roll 2
DICE 3 2 3 3 3 5 1 
Jibs_PC#296843344896548864 roll 3
Jibs_PC#296843344896548864 roll 1
DICE 3 1 3 3 2 2 
Jibs_PC#296843344896548864 move 8
Jibs_PC#296843344896548864 attack 19 18
Jibs_PC#296843344896548864 roll 3
Jibs_PC#296843344896548864 roll 1
DICE 3 1 5 4 2 1 
Jibs_PC#296843344896548864 move 7
Jibs_PC#296843344896548864 attack 18 17
Jibs_PC#296843344896548864 roll 3
Jibs_PC#296843344896548864 roll 1
DICE 3 1 5 5 3 4 
Jibs_PC#296843344896548864 move 6
Jibs_PC#296843344896548864 attack 17 15
Jibs_PC#296843344896548864 roll 3
Jibs_PC#296843344896548864 roll 1
DICE 3 1 2 1 0 2 
Jibs_PC#296843344896548864 roll 3
Jibs_PC#296843344896548864 roll 1
DICE 3 1 5 2 0 2 
Jibs_PC#296843344896548864 move 4
Jibs_PC#296843344896548864 endattack
Jibs_PC#296843344896548864 movearmies 26 24 1
CARD 41
Jibs_PC#296843344896548864 placearmies 37 1
Jibs_PC#296843344896548864 placearmies 37 1
Jibs_PC#296843344896548864 placearmies 40 1
Jibs_PC#296843344896548864 attack 28 27
Jibs_PC#296843344896548864 roll 2
Jibs_PC#296843344896548864 roll 1
DICE 2 1 5 2 1 
Jibs_PC#296843344896548864 attack 32 33
Jibs_PC#296843344896548864 roll 2
Jibs_PC#296843344896548864 roll 1
DICE 2 1 3 0 4 
Jibs_PC#296843344896548864 retreat
Jibs_PC#296843344896548864 attack 37 38
Jibs_PC#296843344896548864 roll 3
Jibs_PC#296843344896548864 roll 1
DICE 3 1 5 4 3 2 
Jibs_PC#296843344896548864 move 4
Jibs_PC#296843344896548864 attack 38 34
Jibs_PC#296843344896548864 roll 3
Jibs_PC#296843344896548864 roll 1
DICE 3 1 3 3 2 5 
Jibs_PC#296843344896548864 roll 2
Jibs_PC#296843344896548864 roll 1
DICE 2 1 0 0 3 
Jibs_PC#296843344896548864 retreat
Jibs_PC#296843344896548864 endattack
Jibs_PC#296843344896548864 movearmies 42 40 2
CARD 15
Jibs_PC#296843344896548864 trade 6 40 39
Jibs_PC#296843344896548864 placearmies 31 5
Jibs_PC#296843344896548864 placearmies 6 4
Jibs_PC#296843344896548864 attack 31 22
Jibs_PC#296843344896548864 roll 3
Jibs_PC#296843344896548864 roll 2
DICE 3 2 3 1 0 5 0 
Jibs_PC#296843344896548864 roll 3
Jibs_PC#296843344896548864 roll 2
DICE 3 2 3 3 2 3 2 
Jibs_PC#296843344896548864 roll 3
Jibs_PC#296843344896548864 roll 1
DICE 3 1 4 3 2 2 
Jibs_PC#296843344896548864 move 5
Jibs_PC#296843344896548864 attack 6 7
Jibs_PC#296843344896548864 roll 3
Jibs_PC#296843344896548864 roll 1
DICE 3 1 3 2 2 3 
Jibs_PC#296843344896548864 roll 3
Jibs_PC#296843344896548864 roll 1
DICE 3 1 4 4 2 2 
Jibs_PC#296843344896548864 move 5
Jibs_PC#296843344896548864 attack 7 9
Jibs_PC#296843344896548864 roll 3
Jibs_PC#296843344896548864 roll 1
DICE 3 1 4 3 0 1 
Jibs_PC#296843344896548864 move 4
Jibs_PC#296843344896548864 attack 22 24
Jibs_PC#296843344896548864 roll 3
Jibs_PC#296843344896548864 roll 2
DICE 3 2 1 0 0 3 1 
Jibs_PC#296843344896548864 retreat
Jibs_PC#296843344896548864 endattack
Jibs_PC#296843344896548864 nomove
CARD 28
Jibs_PC#296843344896548864 trade 20 10 19
Jibs_PC#296843344896548864 placearmies 20 5
Jibs_PC#296843344896548864 placearmies 20 8
Jibs_PC#296843344896548864 attack 20 21
Jibs_PC#296843344896548864 roll 3
Jibs_PC#296843344896548864 roll 2
DICE 3 2 5 2 0 4 0 
Jibs_PC#296843344896548864 move 17
Jibs_PC#296843344896548864 attack 21 12
Jibs_PC#296843344896548864 roll 3
Jibs_PC#296843344896548864 roll 1
DICE 3 1 3 2 1 4 
Jibs_PC#296843344896548864 roll 3
Jibs_PC#296843344896548864 roll 1
DICE 3 1 2 1 0 0 
Jibs_PC#296843344896548864 move 15
Jibs_PC#296843344896548864 attack 12 13
Jibs_PC#296843344896548864 roll 3
Jibs_PC#296843344896548864 roll 2
DICE 3 2 5 2 1 2 0 
Jibs_PC#296843344896548864 move 14
Jibs_PC#296843344896548864 attack 13 11
Jibs_PC#296843344896548864 roll 3
Jibs_PC#296843344896548864 roll 1
DICE 3 1 4 3 1 4 
Jibs_PC#296843344896548864 roll 3
Jibs_PC#296843344896548864 roll 1
DICE 3 1 4 0 0 0 
Jibs_PC#296843344896548864 move 12
Jibs_PC#296843344896548864 attack 11 10
Jibs_PC#296843344896548864 roll 3
Jibs_PC#296843344896548864 roll 2
DICE 3 2 5 3 2 5 0 
Jibs_PC#296843344896548864 roll 3
Jibs_PC#296843344896548864 roll 2
DICE 3 2 4 3 1 4 3 
Jibs_PC#296843344896548864 roll 3
Jibs_PC#296843344896548864 roll 2
DICE 3 2 5 5 5 5 4 
Jibs_PC#296843344896548864 roll 3
Jibs_PC#296843344896548864 roll 2
DICE 3 2 2 0 0 2 1 
Jibs_PC#296843344896548864 roll 3
Jibs_PC#296843344896548864 roll 2
DICE 3 2 3 2 0 2 0 
Jibs_PC#296843344896548864 move 5
Jibs_PC#296843344896548864 attack 10 5
Jibs_PC#296843344896548864 roll 3
Jibs_PC#296843344896548864 roll 1
DICE 3 1 3 2 1 2 
Jibs_PC#296843344896548864 move 4
Jibs_PC#296843344896548864 endattack
Jibs_PC#296843344896548864 nomove
CARD 7
Jibs_PC#296843344896548864 placearmies 15 1
Jibs_PC#296843344896548864 placearmies 24 2
Jibs_PC#296843344896548864 attack 24 21
Jibs_PC#296843344896548864 roll 3
Jibs_PC#296843344896548864 roll 1
DICE 3 1 4 3 3 4 
Jibs_PC#296843344896548864 roll 2
Jibs_PC#296843344896548864 roll 1
DICE 2 1 5 3 3 
Jibs_PC#296843344896548864 endattack
Jibs_PC#296843344896548864 movearmies 26 24 1
CARD 11
Jibs_PC#296843344896548864 trade 24 36 15
Jibs_PC#296843344896548864 placearmies 40 5
Jibs_PC#296843344896548864 placearmies 36 4
Jibs_PC#296843344896548864 placearmies 38 2
Jibs_PC#296843344896548864 attack 40 39
Jibs_PC#296843344896548864 roll 3
Jibs_PC#296843344896548864 roll 2
DICE 3 2 3 2 0 3 0 
Jibs_PC#296843344896548864 roll 3
Jibs_PC#296843344896548864 roll 2
DICE 3 2 3 2 2 5 2 
Jibs_PC#296843344896548864 roll 3
Jibs_PC#296843344896548864 roll 2
DICE 3 2 3 2 1 2 2 
Jibs_PC#296843344896548864 roll 3
Jibs_PC#296843344896548864 roll 2
DICE 3 2 3 0 0 5 0 
Jibs_PC#296843344896548864 retreat
Jibs_PC#296843344896548864 attack 36 35
Jibs_PC#296843344896548864 roll 3
Jibs_PC#296843344896548864 roll 1
DICE 3 1 2 2 1 1 
Jibs_PC#296843344896548864 move 5
Jibs_PC#296843344896548864 attack 36 29
Jibs_PC#296843344896548864 roll 2
Jibs_PC#296843344896548864 roll 1
DICE 2 1 5 1 2 
Jibs_PC#296843344896548864 attack 35 34
Jibs_PC#296843344896548864 roll 3
Jibs_PC#296843344896548864 roll 1
DICE 3 1 4 1 0 5 
Jibs_PC#296843344896548864 roll 3
Jibs_PC#296843344896548864 roll 1
DICE 3 1 5 2 0 3 
Jibs_PC#296843344896548864 endattack
Jibs_PC#296843344896548864 movearmies 34 38 2
CARD 42
Jibs_PC#296843344896548864 placearmies 9 3
Jibs_PC#296843344896548864 attack 9 8
Jibs_PC#296843344896548864 roll 3
Jibs_PC#296843344896548864 roll 2
DICE 3 2 4 2 1 3 1 
Jibs_PC#296843344896548864 roll 3
Jibs_PC#296843344896548864 roll 1
DICE 3 1 5 2 2 4 
Jibs_PC#296843344896548864 move 3
Jibs_PC#296843344896548864 endattack
Jibs_PC#296843344896548864 movearmies 8 7 2
CARD 35
Jibs_PC#296843344896548864 placearmies 12 1
Jibs_PC#296843344896548864 placearmies 16 2
Jibs_PC#296843344896548864 placearmies 5 1
Jibs_PC#296843344896548864 placearmies 5 1
Jibs_PC#296843344896548864 attack 16 18
Jibs_PC#296843344896548864 roll 3
Jibs_PC#296843344896548864 roll 1
DICE 3 1 5 2 2 4 
Jibs_PC#296843344896548864 move 4
Jibs_PC#296843344896548864 attack 5 4
Jibs_PC#296843344896548864 roll 3
Jibs_PC#296843344896548864 roll 1
DICE 3 1 5 3 0 0 
Jibs_PC#296843344896548864 move 4
Jibs_PC#296843344896548864 endattack
Jibs_PC#296843344896548864 movearmies 4 5 3
CARD wildcard
Jibs_PC#296843344896548864 placearmies 21 3
Jibs_PC#296843344896548864 attack 21 12
Jibs_PC#296843344896548864 roll 3
Jibs_PC#296843344896548864 roll 2
DICE 3 2 5 5 5 5 3 
Jibs_PC#296843344896548864 roll 3
Jibs_PC#296843344896548864 roll 1
DICE 3 1 3 3 3 3 
Jibs_PC#296843344896548864 roll 2
Jibs_PC#296843344896548864 roll 1
DICE 2 1 3 0 1 
Jibs_PC#296843344896548864 endattack
Jibs_PC#296843344896548864 nomove
CARD 16
Jibs_PC#296843344896548864 placearmies 40 3
Jibs_PC#296843344896548864 placearmies 38 1
Jibs_PC#296843344896548864 attack 40 39
Jibs_PC#296843344896548864 roll 3
Jibs_PC#296843344896548864 roll 2
DICE 3 2 2 1 0 4 3 
Jibs_PC#296843344896548864 roll 3
Jibs_PC#296843344896548864 roll 2
DICE 3 2 4 3 0 3 2 
Jibs_PC#296843344896548864 attack 39 33
Jibs_PC#296843344896548864 roll 2
Jibs_PC#296843344896548864 roll 1
DICE 2 1 3 1 1 
Jibs_PC#296843344896548864 attack 38 1
Jibs_PC#296843344896548864 roll 3
Jibs_PC#296843344896548864 roll 1
DICE 3 1 4 3 0 2 
Jibs_PC#296843344896548864 move 6
Jibs_PC#296843344896548864 attack 1 3
Jibs_PC#296843344896548864 roll 3
Jibs_PC#296843344896548864 roll 1
DICE 3 1 5 1 0 4 
Jibs_PC#296843344896548864 move 4
Jibs_PC#296843344896548864 endattack
Jibs_PC#296843344896548864 movearmies 3 1 3
CARD 34
Jibs_PC#296843344896548864 placearmies 9 3
Jibs_PC#296843344896548864 attack 7 2
Jibs_PC#296843344896548864 roll 2
Jibs_PC#296843344896548864 roll 1
DICE 2 1 3 1 5 
Jibs_PC#296843344896548864 retreat
Jibs_PC#296843344896548864 attack 9 4
Jibs_PC#296843344896548864 roll 3
Jibs_PC#296843344896548864 roll 1
DICE 3 1 4 1 0 3 
Jibs_PC#296843344896548864 move 6
Jibs_PC#296843344896548864 endattack
Jibs_PC#296843344896548864 nomove
CARD 38
Jibs_PC#296843344896548864 trade 5 33 wildcard
Jibs_PC#296843344896548864 placearmies 13 5
Jibs_PC#296843344896548864 placearmies 18 4
Jibs_PC#296843344896548864 placearmies 16 4
Jibs_PC#296843344896548864 attack 13 12
Jibs_PC#296843344896548864 roll 3
Jibs_PC#296843344896548864 roll 2
DICE 3 2 5 2 1 3 2 
Jibs_PC#296843344896548864 roll 3
Jibs_PC#296843344896548864 roll 1
DICE 3 1 4 2 0 0 
Jibs_PC#296843344896548864 move 4
Jibs_PC#296843344896548864 attack 18 19
Jibs_PC#296843344896548864 roll 3
Jibs_PC#296843344896548864 roll 1
DICE 3 1 5 2 0 4 
Jibs_PC#296843344896548864 move 7
Jibs_PC#296843344896548864 attack 19 17
Jibs_PC#296843344896548864 roll 3
Jibs_PC#296843344896548864 roll 1
DICE 3 1 5 5 4 3 
Jibs_PC#296843344896548864 move 6
Jibs_PC#296843344896548864 attack 5 9
Jibs_PC#296843344896548864 roll 3
Jibs_PC#296843344896548864 roll 1
DICE 3 1 5 1 0 2 
Jibs_PC#296843344896548864 move 5
Jibs_PC#296843344896548864 attack 16 31
Jibs_PC#296843344896548864 roll 3
Jibs_PC#296843344896548864 roll 1
DICE 3 1 2 1 1 2 
Jibs_PC#296843344896548864 roll 3
Jibs_PC#296843344896548864 roll 1
DICE 3 1 5 2 0 1 
Jibs_PC#296843344896548864 attack 9 8
Jibs_PC#296843344896548864 roll 3
Jibs_PC#296843344896548864 roll 1
DICE 3 1 5 4 1 5 
Jibs_PC#296843344896548864 roll 3
Jibs_PC#296843344896548864 roll 1
DICE 3 1 4 3 1 1 
Jibs_PC#296843344896548864 attack 17 15
Jibs_PC#296843344896548864 roll 3
Jibs_PC#296843344896548864 roll 2
DICE 3 2 2 2 0 2 1 
Jibs_PC#296843344896548864 roll 3
Jibs_PC#296843344896548864 roll 2
DICE 3 2 4 4 1 5 4 
Jibs_PC#296843344896548864 retreat
Jibs_PC#296843344896548864 endattack
Jibs_PC#296843344896548864 nomove
CARD 27
Jibs_PC#296843344896548864 placearmies 15 3
Jibs_PC#296843344896548864 attack 15 17
Jibs_PC#296843344896548864 roll 3
Jibs_PC#296843344896548864 roll 2
DICE 3 2 3 3 1 5 1 
Jibs_PC#296843344896548864 roll 3
Jibs_PC#296843344896548864 roll 2
DICE 3 2 4 3 1 2 0 
Jibs_PC#296843344896548864 move 5
Jibs_PC#296843344896548864 endattack
Jibs_PC#296843344896548864 nomove
CARD 37
Jibs_PC#296843344896548864 placearmies 30 6
Jibs_PC#296843344896548864 placearmies 28 1
Jibs_PC#296843344896548864 attack 30 31
Jibs_PC#296843344896548864 roll 3
Jibs_PC#296843344896548864 roll 2
DICE 3 2 3 3 0 0 0 
Jibs_PC#296843344896548864 roll 3
Jibs_PC#296843344896548864 roll 1
DICE 3 1 4 3 2 1 
Jibs_PC#296843344896548864 move 6
Jibs_PC#296843344896548864 attack 31 20
Jibs_PC#296843344896548864 roll 3
Jibs_PC#296843344896548864 roll 1
DICE 3 1 5 4 2 2 
Jibs_PC#296843344896548864 move 4
Jibs_PC#296843344896548864 attack 1 2
Jibs_PC#296843344896548864 roll 3
Jibs_PC#296843344896548864 roll 1
DICE 3 1 5 2 1 0 
Jibs_PC#296843344896548864 move 4
Jibs_PC#296843344896548864 endattack
Jibs_PC#296843344896548864 movearmies 20 31 3
CARD 12
Jibs_PC#296843344896548864 placearmies 4 3
Jibs_PC#296843344896548864 attack 4 3
Jibs_PC#296843344896548864 roll 3
Jibs_PC#296843344896548864 roll 1
DICE 3 1 5 4 3 4 
Jibs_PC#296843344896548864 move 8
Jibs_PC#296843344896548864 attack 3 1
Jibs_PC#296843344896548864 roll 3
Jibs_PC#296843344896548864 roll 1
DICE 3 1 2 2 0 4 
Jibs_PC#296843344896548864 roll 3
Jibs_PC#296843344896548864 roll 1
DICE 3 1 4 3 1 0 
Jibs_PC#296843344896548864 move 6
Jibs_PC#296843344896548864 attack 1 38
Jibs_PC#296843344896548864 roll 3
Jibs_PC#296843344896548864 roll 1
DICE 3 1 5 4 0 1 
Jibs_PC#296843344896548864 move 5
Jibs_PC#296843344896548864 attack 38 37
Jibs_PC#296843344896548864 roll 3
Jibs_PC#296843344896548864 roll 1
DICE 3 1 4 4 3 1 
Jibs_PC#296843344896548864 move 4
Jibs_PC#296843344896548864 endattack
Jibs_PC#296843344896548864 nomove
CARD 29
Jibs_PC#296843344896548864 placearmies 14 3
Jibs_PC#296843344896548864 placearmies 14 2
Jibs_PC#296843344896548864 attack 14 15
Jibs_PC#296843344896548864 roll 3
Jibs_PC#296843344896548864 roll 1
DICE 3 1 3 2 0 4 
Jibs_PC#296843344896548864 roll 3
Jibs_PC#296843344896548864 roll 1
DICE 3 1 5 4 3 5 
Jibs_PC#296843344896548864 roll 3
Jibs_PC#296843344896548864 roll 1
DICE 3 1 3 2 2 3 
Jibs_PC#296843344896548864 roll 3
Jibs_PC#296843344896548864 roll 1
DICE 3 1 5 4 2 3 
Jibs_PC#296843344896548864 endattack
Jibs_PC#296843344896548864 nomove
CARD 25
Jibs_PC#296843344896548864 trade 41 11 37
Jibs_PC#296843344896548864 placearmies 21 13
Jibs_PC#296843344896548864 attack 21 22
Jibs_PC#296843344896548864 roll 3
Jibs_PC#296843344896548864 roll 2
DICE 3 2 4 3 0 4 0 
Jibs_PC#296843344896548864 roll 3
Jibs_PC#296843344896548864 roll 2
DICE 3 2 5 3 3 5 0 
Jibs_PC#296843344896548864 retreat
Jibs_PC#296843344896548864 attack 21 12
Jibs_PC#296843344896548864 roll 3
Jibs_PC#296843344896548864 roll 2
DICE 3 2 4 2 1 5 2 
Jibs_PC#296843344896548864 roll 3
Jibs_PC#296843344896548864 roll 2
DICE 3 2 4 0 0 3 3 
Jibs_PC#296843344896548864 roll 3
Jibs_PC#296843344896548864 roll 2
DICE 3 2 1 1 0 5 3 
Jibs_PC#296843344896548864 roll 3
Jibs_PC#296843344896548864 roll 2
DICE 3 2 5 5 3 5 1 
Jibs_PC#296843344896548864 roll 3
Jibs_PC#296843344896548864 roll 2
DICE 3 2 5 5 1 4 2 
Jibs_PC#296843344896548864 move 5
Jibs_PC#296843344896548864 attack 12 10
Jibs_PC#296843344896548864 roll 3
Jibs_PC#296843344896548864 roll 1
DICE 3 1 5 5 0 1 
Jibs_PC#296843344896548864 move 4
Jibs_PC#296843344896548864 attack 10 11
Jibs_PC#296843344896548864 roll 3
Jibs_PC#296843344896548864 roll 1
DICE 3 1 5 0 0 4 
Jibs_PC#296843344896548864 attack 11 13
Jibs_PC#296843344896548864 roll 2
Jibs_PC#296843344896548864 roll 1
DICE 2 1 4 2 3 
Jibs_PC#296843344896548864 endattack
Jibs_PC#296843344896548864 movearmies 24 21 1
CARD 8
Jibs_PC#296843344896548864 trade 3 34 12
Jibs_PC#296843344896548864 placearmies 34 9
Jibs_PC#296843344896548864 placearmies 36 4
Jibs_PC#296843344896548864 placearmies 35 1
Jibs_PC#296843344896548864 placearmies 31 3
Jibs_PC#296843344896548864 attack 36 37
Jibs_PC#296843344896548864 roll 3
Jibs_PC#296843344896548864 roll 2
DICE 3 2 5 2 0 4 0 
Jibs_PC#296843344896548864 roll 3
Jibs_PC#296843344896548864 roll 2
DICE 3 2 5 3 2 4 3 
Jibs_PC#296843344896548864 retreat
Jibs_PC#296843344896548864 attack 34 38
Jibs_PC#296843344896548864 roll 3
Jibs_PC#296843344896548864 roll 1
DICE 3 1 4 3 2 0 
Jibs_PC#296843344896548864 move 11
Jibs_PC#296843344896548864 attack 36 37
Jibs_PC#296843344896548864 roll 3
Jibs_PC#296843344896548864 roll 1
DICE 3 1 4 4 3 4 
Jibs_PC#296843344896548864 roll 2
Jibs_PC#296843344896548864 roll 1
DICE 2 1 5 0 1 
Jibs_PC#296843344896548864 attack 2 1
Jibs_PC#296843344896548864 roll 3
Jibs_PC#296843344896548864 roll 1
DICE 3 1 3 2 2 3 
Jibs_PC#296843344896548864 roll 2
Jibs_PC#296843344896548864 roll 1
DICE 2 1 1 0 2 
Jibs_PC#296843344896548864 retreat
Jibs_PC#296843344896548864 attack 38 1
Jibs_PC#296843344896548864 roll 3
Jibs_PC#296843344896548864 roll 1
DICE 3 1 4 4 4 2 
Jibs_PC#296843344896548864 move 10
Jibs_PC#296843344896548864 attack 1 3
Jibs_PC#296843344896548864 roll 3
Jibs_PC#296843344896548864 roll 1
DICE 3 1 5 1 0 4 
Jibs_PC#296843344896548864 move 9
Jibs_PC#296843344896548864 attack 3 4
Jibs_PC#296843344896548864 roll 3
Jibs_PC#296843344896548864 roll 1
DICE 3 1 4 3 0 1 
Jibs_PC#296843344896548864 move 7
Jibs_PC#296843344896548864 attack 31 22
Jibs_PC#296843344896548864 roll 3
Jibs_PC#296843344896548864 roll 1
DICE 3 1 3 0 0 5 
Jibs_PC#296843344896548864 roll 3
Jibs_PC#296843344896548864 roll 1
DICE 3 1 4 2 1 5 
Jibs_PC#296843344896548864 roll 3
Jibs_PC#296843344896548864 roll 1
DICE 3 1 5 0 0 4 
Jibs_PC#296843344896548864 move 4
Jibs_PC#296843344896548864 attack 4 7
Jibs_PC#296843344896548864 roll 3
Jibs_PC#296843344896548864 roll 2
DICE 3 2 5 4 3 3 0 
Jibs_PC#296843344896548864 move 5
Jibs_PC#296843344896548864 attack 7 6
Jibs_PC#296843344896548864 roll 3
Jibs_PC#296843344896548864 roll 1
DICE 3 1 4 2 2 1 
Jibs_PC#296843344896548864 move 3
Jibs_PC#296843344896548864 trade 42 4 35
Jibs_PC#296843344896548864 placearmies 4 3
Jibs_PC#296843344896548864 placearmies 7 1
Jibs_PC#296843344896548864 attack 4 9
Jibs_PC#296843344896548864 roll 3
Jibs_PC#296843344896548864 roll 1
DICE 3 1 1 1 1 5 
Jibs_PC#296843344896548864 roll 3
Jibs_PC#296843344896548864 roll 1
DICE 3 1 4 1 1 2 
Jibs_PC#296843344896548864 endattack
Jibs_PC#296843344896548864 movearmies 9 7 2
CARD 18
Jibs_PC#296843344896548864 placearmies 8 1
Jibs_PC#296843344896548864 placearmies 8 1
Jibs_PC#296843344896548864 placearmies 15 1
Jibs_PC#296843344896548864 attack 8 9
Jibs_PC#296843344896548864 roll 3
Jibs_PC#296843344896548864 roll 1
DICE 3 1 5 4 3 5 
Jibs_PC#296843344896548864 roll 3
Jibs_PC#296843344896548864 roll 1
DICE 3 1 5 1 0 5 
Jibs_PC#296843344896548864 roll 2
Jibs_PC#296843344896548864 roll 1
DICE 2 1 1 0 3 
Jibs_PC#296843344896548864 retreat
Jibs_PC#296843344896548864 attack 15 17
Jibs_PC#296843344896548864 roll 3
Jibs_PC#296843344896548864 roll 2
DICE 3 2 4 1 1 5 2 
Jibs_PC#296843344896548864 retreat
Jibs_PC#296843344896548864 endattack
Jibs_PC#296843344896548864 nomove
CARD 
Jibs_PC#296843344896548864 placearmies 10 1
Jibs_PC#296843344896548864 placearmies 21 2
Jibs_PC#296843344896548864 placearmies 17 2
Jibs_PC#296843344896548864 attack 21 19
Jibs_PC#296843344896548864 roll 3
Jibs_PC#296843344896548864 roll 1
DICE 3 1 3 3 0 1 
Jibs_PC#296843344896548864 endattack
Jibs_PC#296843344896548864 movearmies 19 21 2
CARD 22
Jibs_PC#296843344896548864 trade 28 38 29
Jibs_PC#296843344896548864 placearmies 28 9
Jibs_PC#296843344896548864 placearmies 7 1
Jibs_PC#296843344896548864 placearmies 4 1
Jibs_PC#296843344896548864 placearmies 22 8
Jibs_PC#296843344896548864 placearmies 28 3
Jibs_PC#296843344896548864 placearmies 22 1
Jibs_PC#296843344896548864 attack 22 21
Jibs_PC#296843344896548864 roll 3
Jibs_PC#296843344896548864 roll 2
DICE 3 2 2 2 1 1 0 
Jibs_PC#296843344896548864 roll 3
Jibs_PC#296843344896548864 roll 1
DICE 3 1 4 3 3 5 
Jibs_PC#296843344896548864 roll 3
Jibs_PC#296843344896548864 roll 1
DICE 3 1 4 4 3 3 
Jibs_PC#296843344896548864 move 11
Jibs_PC#296843344896548864 attack 7 8
Jibs_PC#296843344896548864 roll 3
Jibs_PC#296843344896548864 roll 2
DICE 3 2 5 2 0 2 1 
Jibs_PC#296843344896548864 move 3
Jibs_PC#296843344896548864 attack 21 12
Jibs_PC#296843344896548864 roll 3
Jibs_PC#296843344896548864 roll 1
DICE 3 1 4 2 0 5 
Jibs_PC#296843344896548864 roll 3
Jibs_PC#296843344896548864 roll 1
DICE 3 1 5 5 1 4 
Jibs_PC#296843344896548864 move 9
Jibs_PC#296843344896548864 attack 12 10
Jibs_PC#296843344896548864 roll 3
Jibs_PC#296843344896548864 roll 2
DICE 3 2 4 3 3 1 0 
Jibs_PC#296843344896548864 move 8
Jibs_PC#296843344896548864 attack 10 5
Jibs_PC#296843344896548864 roll 3
Jibs_PC#296843344896548864 roll 2
DICE 3 2 4 4 1 1 0 
Jibs_PC#296843344896548864 move 3
Jibs_PC#296843344896548864 attack 10 11
Jibs_PC#296843344896548864 roll 3
Jibs_PC#296843344896548864 roll 1
DICE 3 1 4 3 0 5 
Jibs_PC#296843344896548864 roll 3
Jibs_PC#296843344896548864 roll 1
DICE 3 1 5 4 3 2 
Jibs_PC#296843344896548864 attack 6 14
Jibs_PC#296843344896548864 roll 2
Jibs_PC#296843344896548864 roll 1
DICE 2 1 4 3 1 
Jibs_PC#296843344896548864 attack 28 16
Jibs_PC#296843344896548864 roll 3
Jibs_PC#296843344896548864 roll 1
DICE 3 1 2 2 1 4 
Jibs_PC#296843344896548864 roll 3
Jibs_PC#296843344896548864 roll 1
DICE 3 1 5 3 1 4 
Jibs_PC#296843344896548864 move 14
Jibs_PC#296843344896548864 attack 16 18
Jibs_PC#296843344896548864 roll 3
Jibs_PC#296843344896548864 roll 1
DICE 3 1 4 1 0 0 
Jibs_PC#296843344896548864 move 12
Jibs_PC#296843344896548864 attack 18 15
Jibs_PC#296843344896548864 roll 3
Jibs_PC#296843344896548864 roll 2
DICE 3 2 5 5 0 1 0 
Jibs_PC#296843344896548864 move 10
Jibs_PC#296843344896548864 attack 15 17
Jibs_PC#296843344896548864 roll 3
Jibs_PC#296843344896548864 roll 2
DICE 3 2 5 5 2 3 0 
Jibs_PC#296843344896548864 roll 3
Jibs_PC#296843344896548864 roll 2
DICE 3 2 1 0 0 5 1 
Jibs_PC#296843344896548864 roll 3
Jibs_PC#296843344896548864 roll 2
DICE 3 2 5 3 2 5 4 
Jibs_PC#296843344896548864 roll 3
Jibs_PC#296843344896548864 roll 2
DICE 3 2 5 3 0 0 0 
Jibs_PC#296843344896548864 roll 3
Jibs_PC#296843344896548864 roll 2
DICE 3 2 4 4 2 5 2 
Jibs_PC#296843344896548864 roll 3
Jibs_PC#296843344896548864 roll 2
DICE 3 2 3 1 0 4 2 
Jibs_PC#296843344896548864 retreat
Jibs_PC#296843344896548864 endattack
Jibs_PC#296843344896548864 movearmies 31 20 1
CARD 21
Jibs_PC#296843344896548864 placearmies 13 3
Jibs_PC#296843344896548864 attack 13 12
Jibs_PC#296843344896548864 roll 3
Jibs_PC#296843344896548864 roll 1
DICE 3 1 5 3 0 3 
Jibs_PC#296843344896548864 move 4
Jibs_PC#296843344896548864 attack 12 10
Jibs_PC#296843344896548864 roll 3
Jibs_PC#296843344896548864 roll 1
DICE 3 1 4 4 4 1 
Jibs_PC#296843344896548864 endattack
Jibs_PC#296843344896548864 nomove
CARD 1
Jibs_PC#296843344896548864 trade 18 27 21
Jibs_PC#296843344896548864 placearmies 18 5
Jibs_PC#296843344896548864 placearmies 18 3
Jibs_PC#296843344896548864 placearmies 22 1
Jibs_PC#296843344896548864 placearmies 18 3
Jibs_PC#296843344896548864 placearmies 21 7
Jibs_PC#296843344896548864 placearmies 21 3
Jibs_PC#296843344896548864 placearmies 22 12
Jibs_PC#296843344896548864 placearmies 21 1
Jibs_PC#296843344896548864 attack 11 12
Jibs_PC#296843344896548864 roll 2
Jibs_PC#296843344896548864 roll 1
DICE 2 1 3 0 5 
Jibs_PC#296843344896548864 retreat
Jibs_PC#296843344896548864 attack 18 19
Jibs_PC#296843344896548864 roll 3
Jibs_PC#296843344896548864 roll 1
DICE 3 1 5 3 0 5 
Jibs_PC#296843344896548864 roll 3
Jibs_PC#296843344896548864 roll 1
DICE 3 1 4 1 0 5 
Jibs_PC#296843344896548864 roll 3
Jibs_PC#296843344896548864 roll 1
DICE 3 1 1 1 0 4 
Jibs_PC#296843344896548864 roll 3
Jibs_PC#296843344896548864 roll 1
DICE 3 1 3 2 1 0 
Jibs_PC#296843344896548864 move 6
Jibs_PC#296843344896548864 attack 18 17
Jibs_PC#296843344896548864 roll 3
Jibs_PC#296843344896548864 roll 2
DICE 3 2 5 2 0 2 1 
Jibs_PC#296843344896548864 move 3
