Jibs_PC#3058468083043719168 newplayer ai hard green s0914007
Jibs_PC#3058468083043719168 newplayer ai hard blue bob
Jibs_PC#3058468083043719168 newplayer ai hard red fred
Jibs_PC#3058468083043719168 newplayer ai hard cyan ted
Jibs_PC#3058468083043719168 newplayer ai hard magenta yura
Jibs_PC#3058468083043719168 newplayer ai hard yellow lala
Jibs_PC#3058468083043719168 startgame mission fixed autoplaceall recycle
PLAYER ted
MISSION 1 3 2 0 1 0
PLACEALL 20 14 4 23 39 3 16 27 38 31 8 37 1 10 40 34 21 42 19 28 13 41 29 9 24 26 12 17 2 18 22 35 6 33 36 7 25 11 15 30 32 5
Jibs_PC#3058468083043719168 placearmies 20 1
CARD 
Jibs_PC#3058468083043719168 placearmies 14 1
CARD 
Jibs_PC#3058468083043719168 placearmies 38 1
CARD 
Jibs_PC#3058468083043719168 placearmies 41 1
CARD 
Jibs_PC#3058468083043719168 placearmies 39 1
CARD 
Jibs_PC#3058468083043719168 placearmies 5 1
CARD 
Jibs_PC#3058468083043719168 placearmies 20 1
CARD 
Jibs_PC#3058468083043719168 placearmies 26 1
CARD 
Jibs_PC#3058468083043719168 placearmies 40 1
CARD 
Jibs_PC#3058468083043719168 placearmies 41 1
CARD 
Jibs_PC#3058468083043719168 placearmies 39 1
CARD 
Jibs_PC#3058468083043719168 placearmies 5 1
CARD 
Jibs_PC#3058468083043719168 placearmies 20 1
CARD 
Jibs_PC#3058468083043719168 placearmies 11 1
CARD 
Jibs_PC#3058468083043719168 placearmies 12 1
CARD 
Jibs_PC#3058468083043719168 placearmies 41 1
CARD 
Jibs_PC#3058468083043719168 placearmies 39 1
CARD 
Jibs_PC#3058468083043719168 placearmies 5 1
CARD 
Jibs_PC#3058468083043719168 placearmies 20 1
CARD 
Jibs_PC#3058468083043719168 placearmies 11 1
CARD 
Jibs_PC#3058468083043719168 placearmies 12 1
CARD 
Jibs_PC#3058468083043719168 placearmies 41 1
CARD 
Jibs_PC#3058468083043719168 placearmies 39 1
CARD 
Jibs_PC#3058468083043719168 placearmies 5 1
CARD 
Jibs_PC#3058468083043719168 placearmies 20 1
CARD 
Jibs_PC#3058468083043719168 placearmies 11 1
CARD 
Jibs_PC#3058468083043719168 placearmies 12 1
CARD 
Jibs_PC#3058468083043719168 placearmies 41 1
CARD 
Jibs_PC#3058468083043719168 placearmies 39 1
CARD 
Jibs_PC#3058468083043719168 placearmies 5 1
CARD 
Jibs_PC#3058468083043719168 placearmies 20 1
CARD 
Jibs_PC#3058468083043719168 placearmies 11 1
CARD 
Jibs_PC#3058468083043719168 placearmies 12 1
CARD 
Jibs_PC#3058468083043719168 placearmies 41 1
CARD 
Jibs_PC#3058468083043719168 placearmies 39 1
CARD 
Jibs_PC#3058468083043719168 placearmies 5 1
CARD 
Jibs_PC#3058468083043719168 placearmies 20 1
CARD 
Jibs_PC#3058468083043719168 placearmies 11 1
CARD 
Jibs_PC#3058468083043719168 placearmies 12 1
CARD 
Jibs_PC#3058468083043719168 placearmies 41 1
CARD 
Jibs_PC#3058468083043719168 placearmies 8 1
CARD 
Jibs_PC#3058468083043719168 placearmies 5 1
CARD 
Jibs_PC#3058468083043719168 placearmies 20 1
CARD 
Jibs_PC#3058468083043719168 placearmies 14 1
CARD 
Jibs_PC#3058468083043719168 placearmies 12 1
CARD 
Jibs_PC#3058468083043719168 placearmies 41 1
CARD 
Jibs_PC#3058468083043719168 placearmies 8 1
CARD 
Jibs_PC#3058468083043719168 placearmies 5 1
CARD 
Jibs_PC#3058468083043719168 placearmies 20 1
CARD 
Jibs_PC#3058468083043719168 placearmies 14 1
CARD 
Jibs_PC#3058468083043719168 placearmies 12 1
CARD 
Jibs_PC#3058468083043719168 placearmies 17 1
CARD 
Jibs_PC#3058468083043719168 placearmies 8 1
CARD 
Jibs_PC#3058468083043719168 placearmies 5 1
CARD 
Jibs_PC#3058468083043719168 placearmies 20 1
CARD 
Jibs_PC#3058468083043719168 placearmies 14 1
CARD 
Jibs_PC#3058468083043719168 placearmies 12 1
CARD 
Jibs_PC#3058468083043719168 placearmies 17 1
CARD 
Jibs_PC#3058468083043719168 placearmies 8 1
CARD 
Jibs_PC#3058468083043719168 placearmies 5 1
CARD 
Jibs_PC#3058468083043719168 placearmies 20 1
CARD 
Jibs_PC#3058468083043719168 placearmies 14 1
CARD 
Jibs_PC#3058468083043719168 placearmies 12 1
CARD 
Jibs_PC#3058468083043719168 placearmies 17 1
CARD 
Jibs_PC#3058468083043719168 placearmies 8 1
CARD 
Jibs_PC#3058468083043719168 placearmies 5 1
CARD 
Jibs_PC#3058468083043719168 placearmies 20 1
CARD 
Jibs_PC#3058468083043719168 placearmies 14 1
CARD 
Jibs_PC#3058468083043719168 placearmies 12 1
CARD 
Jibs_PC#3058468083043719168 placearmies 17 1
CARD 
Jibs_PC#3058468083043719168 placearmies 8 1
CARD 
Jibs_PC#3058468083043719168 placearmies 5 1
CARD 
Jibs_PC#3058468083043719168 placearmies 20 1
CARD 
Jibs_PC#3058468083043719168 placearmies 14 1
CARD 
Jibs_PC#3058468083043719168 placearmies 12 1
CARD 
Jibs_PC#3058468083043719168 placearmies 17 1
CARD 
Jibs_PC#3058468083043719168 placearmies 8 1
CARD 
Jibs_PC#3058468083043719168 placearmies 42 1
CARD 
Jibs_PC#3058468083043719168 placearmies 20 3
Jibs_PC#3058468083043719168 attack 20 31
Jibs_PC#3058468083043719168 roll 3
Jibs_PC#3058468083043719168 roll 1
DICE 3 1 4 4 0 0 
Jibs_PC#3058468083043719168 move 16
Jibs_PC#3058468083043719168 attack 31 30
Jibs_PC#3058468083043719168 roll 3
Jibs_PC#3058468083043719168 roll 1
DICE 3 1 3 2 1 0 
Jibs_PC#3058468083043719168 move 15
Jibs_PC#3058468083043719168 attack 30 28
Jibs_PC#3058468083043719168 roll 3
Jibs_PC#3058468083043719168 roll 1
DICE 3 1 5 4 3 5 
Jibs_PC#3058468083043719168 roll 3
Jibs_PC#3058468083043719168 roll 1
DICE 3 1 3 3 1 0 
Jibs_PC#3058468083043719168 move 13
Jibs_PC#3058468083043719168 attack 28 27
Jibs_PC#3058468083043719168 roll 3
Jibs_PC#3058468083043719168 roll 1
DICE 3 1 5 4 2 0 
Jibs_PC#3058468083043719168 move 12
Jibs_PC#3058468083043719168 attack 27 29
Jibs_PC#3058468083043719168 roll 3
Jibs_PC#3058468083043719168 roll 1
DICE 3 1 5 2 1 1 
Jibs_PC#3058468083043719168 move 11
Jibs_PC#3058468083043719168 attack 29 32
Jibs_PC#3058468083043719168 roll 3
Jibs_PC#3058468083043719168 roll 1
DICE 3 1 5 3 0 5 
Jibs_PC#3058468083043719168 roll 3
Jibs_PC#3058468083043719168 roll 1
DICE 3 1 5 2 1 1 
Jibs_PC#3058468083043719168 move 9
Jibs_PC#3058468083043719168 attack 32 33
Jibs_PC#3058468083043719168 roll 3
Jibs_PC#3058468083043719168 roll 1
DICE 3 1 3 2 0 5 
Jibs_PC#3058468083043719168 roll 3
Jibs_PC#3058468083043719168 roll 1
DICE 3 1 2 1 0 4 
Jibs_PC#3058468083043719168 roll 3
Jibs_PC#3058468083043719168 roll 1
DICE 3 1 5 4 0 3 
Jibs_PC#3058468083043719168 move 6
Jibs_PC#3058468083043719168 endattack
Jibs_PC#3058468083043719168 nomove
CARD 22
Jibs_PC#3058468083043719168 placearmies 14 3
Jibs_PC#3058468083043719168 attack 14 6
Jibs_PC#3058468083043719168 roll 3
Jibs_PC#3058468083043719168 roll 1
DICE 3 1 4 2 2 4 
Jibs_PC#3058468083043719168 roll 3
Jibs_PC#3058468083043719168 roll 1
DICE 3 1 5 1 1 0 
Jibs_PC#3058468083043719168 move 9
Jibs_PC#3058468083043719168 endattack
Jibs_PC#3058468083043719168 nomove
CARD wildcard
Jibs_PC#3058468083043719168 placearmies 12 2
Jibs_PC#3058468083043719168 placearmies 12 1
Jibs_PC#3058468083043719168 attack 12 21
Jibs_PC#3058468083043719168 roll 3
Jibs_PC#3058468083043719168 roll 1
DICE 3 1 5 3 2 4 
Jibs_PC#3058468083043719168 move 14
Jibs_PC#3058468083043719168 attack 21 22
Jibs_PC#3058468083043719168 roll 3
Jibs_PC#3058468083043719168 roll 1
DICE 3 1 2 0 0 2 
Jibs_PC#3058468083043719168 roll 3
Jibs_PC#3058468083043719168 roll 1
DICE 3 1 3 2 0 1 
Jibs_PC#3058468083043719168 move 12
Jibs_PC#3058468083043719168 attack 22 24
Jibs_PC#3058468083043719168 roll 3
Jibs_PC#3058468083043719168 roll 1
DICE 3 1 4 4 3 4 
Jibs_PC#3058468083043719168 roll 3
Jibs_PC#3058468083043719168 roll 1
DICE 3 1 2 2 0 1 
Jibs_PC#3058468083043719168 move 10
Jibs_PC#3058468083043719168 attack 24 23
Jibs_PC#3058468083043719168 roll 3
Jibs_PC#3058468083043719168 roll 1
DICE 3 1 4 4 1 3 
Jibs_PC#3058468083043719168 move 9
Jibs_PC#3058468083043719168 attack 23 25
Jibs_PC#3058468083043719168 roll 3
Jibs_PC#3058468083043719168 roll 1
DICE 3 1 5 3 2 2 
Jibs_PC#3058468083043719168 move 8
Jibs_PC#3058468083043719168 attack 25 26
Jibs_PC#3058468083043719168 roll 3
Jibs_PC#3058468083043719168 roll 2
DICE 3 2 3 2 1 5 2 
Jibs_PC#3058468083043719168 roll 3
Jibs_PC#3058468083043719168 roll 2
DICE 3 2 4 3 1 4 4 
Jibs_PC#3058468083043719168 roll 3
Jibs_PC#3058468083043719168 roll 2
DICE 3 2 5 3 3 4 0 
Jibs_PC#3058468083043719168 endattack
Jibs_PC#3058468083043719168 movearmies 26 24 1
CARD 34
Jibs_PC#3058468083043719168 placearmies 17 2
Jibs_PC#3058468083043719168 placearmies 17 1
Jibs_PC#3058468083043719168 attack 17 19
Jibs_PC#3058468083043719168 roll 3
Jibs_PC#3058468083043719168 roll 1
DICE 3 1 4 1 0 1 
Jibs_PC#3058468083043719168 move 8
Jibs_PC#3058468083043719168 attack 19 21
Jibs_PC#3058468083043719168 roll 3
Jibs_PC#3058468083043719168 roll 1
DICE 3 1 3 1 0 1 
Jibs_PC#3058468083043719168 move 7
Jibs_PC#3058468083043719168 attack 21 22
Jibs_PC#3058468083043719168 roll 3
Jibs_PC#3058468083043719168 roll 1
DICE 3 1 3 3 1 5 
Jibs_PC#3058468083043719168 roll 3
Jibs_PC#3058468083043719168 roll 1
DICE 3 1 3 2 2 4 
Jibs_PC#3058468083043719168 retreat
Jibs_PC#3058468083043719168 endattack
Jibs_PC#3058468083043719168 nomove
CARD 41
Jibs_PC#3058468083043719168 placearmies 39 3
Jibs_PC#3058468083043719168 attack 39 40
Jibs_PC#3058468083043719168 roll 3
Jibs_PC#3058468083043719168 roll 2
DICE 3 2 1 0 0 2 0 
Jibs_PC#3058468083043719168 roll 3
Jibs_PC#3058468083043719168 roll 2
DICE 3 2 4 2 1 5 0 
Jibs_PC#3058468083043719168 roll 3
Jibs_PC#3058468083043719168 roll 1
DICE 3 1 4 0 0 1 
Jibs_PC#3058468083043719168 move 6
Jibs_PC#3058468083043719168 endattack
Jibs_PC#3058468083043719168 nomove
CARD 32
Jibs_PC#3058468083043719168 placearmies 5 3
Jibs_PC#3058468083043719168 attack 5 10
Jibs_PC#3058468083043719168 roll 3
Jibs_PC#3058468083043719168 roll 1
DICE 3 1 5 2 0 5 
Jibs_PC#3058468083043719168 roll 3
Jibs_PC#3058468083043719168 roll 1
DICE 3 1 3 2 2 4 
Jibs_PC#3058468083043719168 roll 3
Jibs_PC#3058468083043719168 roll 1
DICE 3 1 5 1 1 4 
Jibs_PC#3058468083043719168 move 13
Jibs_PC#3058468083043719168 attack 10 11
Jibs_PC#3058468083043719168 roll 3
Jibs_PC#3058468083043719168 roll 2
DICE 3 2 2 2 2 5 0 
Jibs_PC#3058468083043719168 roll 3
Jibs_PC#3058468083043719168 roll 2
DICE 3 2 4 3 1 1 1 
Jibs_PC#3058468083043719168 roll 3
Jibs_PC#3058468083043719168 roll 2
DICE 3 2 2 1 0 3 1 
Jibs_PC#3058468083043719168 roll 3
Jibs_PC#3058468083043719168 roll 2
DICE 3 2 5 3 1 1 0 
Jibs_PC#3058468083043719168 roll 3
Jibs_PC#3058468083043719168 roll 1
DICE 3 1 4 2 0 0 
Jibs_PC#3058468083043719168 move 9
Jibs_PC#3058468083043719168 attack 11 12
Jibs_PC#3058468083043719168 roll 3
Jibs_PC#3058468083043719168 roll 1
DICE 3 1 5 4 1 0 
Jibs_PC#3058468083043719168 move 8
Jibs_PC#3058468083043719168 attack 12 13
Jibs_PC#3058468083043719168 roll 3
Jibs_PC#3058468083043719168 roll 1
DICE 3 1 2 0 0 5 
Jibs_PC#3058468083043719168 roll 3
Jibs_PC#3058468083043719168 roll 1
DICE 3 1 3 1 0 1 
Jibs_PC#3058468083043719168 move 3
Jibs_PC#3058468083043719168 endattack
Jibs_PC#3058468083043719168 movearmies 13 12 2
CARD 6
Jibs_PC#3058468083043719168 placearmies 27 3
Jibs_PC#3058468083043719168 attack 27 34
Jibs_PC#3058468083043719168 roll 3
Jibs_PC#3058468083043719168 roll 1
DICE 3 1 3 1 0 1 
Jibs_PC#3058468083043719168 attack 34 35
Jibs_PC#3058468083043719168 roll 2
Jibs_PC#3058468083043719168 roll 1
DICE 2 1 5 2 0 
Jibs_PC#3058468083043719168 endattack
Jibs_PC#3058468083043719168 nomove
CARD 19
Jibs_PC#3058468083043719168 placearmies 6 2
Jibs_PC#3058468083043719168 placearmies 14 1
Jibs_PC#3058468083043719168 attack 6 8
Jibs_PC#3058468083043719168 roll 3
Jibs_PC#3058468083043719168 roll 2
DICE 3 2 3 2 1 1 1 
Jibs_PC#3058468083043719168 roll 3
Jibs_PC#3058468083043719168 roll 2
DICE 3 2 5 1 1 3 0 
Jibs_PC#3058468083043719168 roll 3
Jibs_PC#3058468083043719168 roll 2
DICE 3 2 4 3 0 2 0 
Jibs_PC#3058468083043719168 roll 3
Jibs_PC#3058468083043719168 roll 2
DICE 3 2 5 4 1 3 1 
Jibs_PC#3058468083043719168 move 10
Jibs_PC#3058468083043719168 attack 8 9
Jibs_PC#3058468083043719168 roll 3
Jibs_PC#3058468083043719168 roll 1
DICE 3 1 3 1 1 3 
Jibs_PC#3058468083043719168 roll 3
Jibs_PC#3058468083043719168 roll 1
DICE 3 1 5 2 0 5 
Jibs_PC#3058468083043719168 retreat
Jibs_PC#3058468083043719168 attack 8 7
Jibs_PC#3058468083043719168 roll 3
Jibs_PC#3058468083043719168 roll 1
DICE 3 1 5 3 0 3 
Jibs_PC#3058468083043719168 move 7
Jibs_PC#3058468083043719168 attack 7 2
Jibs_PC#3058468083043719168 roll 3
Jibs_PC#3058468083043719168 roll 1
DICE 3 1 3 3 0 2 
Jibs_PC#3058468083043719168 move 6
Jibs_PC#3058468083043719168 attack 2 1
Jibs_PC#3058468083043719168 roll 3
Jibs_PC#3058468083043719168 roll 1
DICE 3 1 5 4 4 5 
Jibs_PC#3058468083043719168 roll 3
Jibs_PC#3058468083043719168 roll 1
DICE 3 1 5 4 3 3 
Jibs_PC#3058468083043719168 move 4
Jibs_PC#3058468083043719168 attack 1 3
Jibs_PC#3058468083043719168 roll 3
Jibs_PC#3058468083043719168 roll 1
DICE 3 1 3 1 0 0 
Jibs_PC#3058468083043719168 attack 3 4
Jibs_PC#3058468083043719168 roll 2
Jibs_PC#3058468083043719168 roll 1
DICE 2 1 3 1 0 
Jibs_PC#3058468083043719168 endattack
Jibs_PC#3058468083043719168 nomove
CARD 29
Jibs_PC#3058468083043719168 placearmies 38 2
Jibs_PC#3058468083043719168 placearmies 38 1
Jibs_PC#3058468083043719168 attack 38 35
Jibs_PC#3058468083043719168 roll 3
Jibs_PC#3058468083043719168 roll 2
DICE 3 2 5 4 3 4 1 
Jibs_PC#3058468083043719168 move 4
Jibs_PC#3058468083043719168 endattack
Jibs_PC#3058468083043719168 movearmies 26 24 1
CARD 1
Jibs_PC#3058468083043719168 placearmies 21 3
Jibs_PC#3058468083043719168 attack 21 12
Jibs_PC#3058468083043719168 roll 3
Jibs_PC#3058468083043719168 roll 2
DICE 3 2 2 1 0 4 4 
Jibs_PC#3058468083043719168 roll 3
Jibs_PC#3058468083043719168 roll 2
DICE 3 2 4 4 2 1 0 
Jibs_PC#3058468083043719168 retreat
Jibs_PC#3058468083043719168 attack 41 40
Jibs_PC#3058468083043719168 roll 3
Jibs_PC#3058468083043719168 roll 2
DICE 3 2 5 2 0 4 1 
Jibs_PC#3058468083043719168 roll 3
Jibs_PC#3058468083043719168 roll 2
DICE 3 2 5 3 1 3 3 
Jibs_PC#3058468083043719168 retreat
Jibs_PC#3058468083043719168 attack 21 12
Jibs_PC#3058468083043719168 roll 3
Jibs_PC#3058468083043719168 roll 2
DICE 3 2 1 1 0 4 0 
Jibs_PC#3058468083043719168 roll 3
Jibs_PC#3058468083043719168 roll 2
DICE 3 2 5 3 0 1 1 
Jibs_PC#3058468083043719168 retreat
Jibs_PC#3058468083043719168 attack 41 42
Jibs_PC#3058468083043719168 roll 3
Jibs_PC#3058468083043719168 roll 2
DICE 3 2 4 2 1 5 3 
Jibs_PC#3058468083043719168 roll 3
Jibs_PC#3058468083043719168 roll 2
DICE 3 2 4 3 2 2 0 
Jibs_PC#3058468083043719168 move 5
Jibs_PC#3058468083043719168 attack 42 40
Jibs_PC#3058468083043719168 roll 3
Jibs_PC#3058468083043719168 roll 2
DICE 3 2 5 4 3 4 0 
Jibs_PC#3058468083043719168 roll 3
Jibs_PC#3058468083043719168 roll 1
DICE 3 1 4 4 0 3 
Jibs_PC#3058468083043719168 move 4
Jibs_PC#3058468083043719168 attack 40 39
Jibs_PC#3058468083043719168 roll 3
Jibs_PC#3058468083043719168 roll 1
DICE 3 1 5 5 4 5 
Jibs_PC#3058468083043719168 roll 2
Jibs_PC#3058468083043719168 roll 1
DICE 2 1 3 1 0 
Jibs_PC#3058468083043719168 attack 21 20
Jibs_PC#3058468083043719168 roll 3
Jibs_PC#3058468083043719168 roll 1
DICE 3 1 5 2 0 5 
Jibs_PC#3058468083043719168 roll 3
Jibs_PC#3058468083043719168 roll 1
DICE 3 1 5 1 1 0 
Jibs_PC#3058468083043719168 endattack
Jibs_PC#3058468083043719168 nomove
CARD 38
Jibs_PC#3058468083043719168 placearmies 36 3
Jibs_PC#3058468083043719168 attack 36 27
Jibs_PC#3058468083043719168 roll 3
Jibs_PC#3058468083043719168 roll 1
DICE 3 1 2 2 1 0 
Jibs_PC#3058468083043719168 endattack
Jibs_PC#3058468083043719168 nomove
CARD 28
Jibs_PC#3058468083043719168 placearmies 9 3
Jibs_PC#3058468083043719168 placearmies 12 1
Jibs_PC#3058468083043719168 placearmies 5 1
Jibs_PC#3058468083043719168 attack 9 4
Jibs_PC#3058468083043719168 roll 3
Jibs_PC#3058468083043719168 roll 2
DICE 3 2 2 1 1 3 2 
Jibs_PC#3058468083043719168 retreat
Jibs_PC#3058468083043719168 endattack
Jibs_PC#3058468083043719168 movearmies 9 5 1
CARD 
Jibs_PC#3058468083043719168 placearmies 34 3
Jibs_PC#3058468083043719168 attack 33 39
Jibs_PC#3058468083043719168 roll 3
Jibs_PC#3058468083043719168 roll 2
DICE 3 2 5 3 2 5 4 
Jibs_PC#3058468083043719168 roll 3
Jibs_PC#3058468083043719168 roll 2
DICE 3 2 2 1 0 5 0 
Jibs_PC#3058468083043719168 retreat
Jibs_PC#3058468083043719168 attack 34 38
Jibs_PC#3058468083043719168 roll 3
Jibs_PC#3058468083043719168 roll 1
DICE 3 1 4 3 1 5 
Jibs_PC#3058468083043719168 roll 2
Jibs_PC#3058468083043719168 roll 1
DICE 2 1 4 3 1 
Jibs_PC#3058468083043719168 attack 33 39
Jibs_PC#3058468083043719168 roll 2
Jibs_PC#3058468083043719168 roll 1
DICE 2 1 4 4 1 
Jibs_PC#3058468083043719168 endattack
Jibs_PC#3058468083043719168 nomove
CARD 36
Jibs_PC#3058468083043719168 placearmies 4 2
Jibs_PC#3058468083043719168 placearmies 4 1
Jibs_PC#3058468083043719168 attack 4 9
Jibs_PC#3058468083043719168 roll 3
Jibs_PC#3058468083043719168 roll 1
DICE 3 1 1 1 0 2 
Jibs_PC#3058468083043719168 roll 3
Jibs_PC#3058468083043719168 roll 1
DICE 3 1 5 2 0 3 
Jibs_PC#3058468083043719168 endattack
Jibs_PC#3058468083043719168 nomove
CARD 4
Jibs_PC#3058468083043719168 placearmies 24 2
Jibs_PC#3058468083043719168 placearmies 35 1
Jibs_PC#3058468083043719168 attack 24 21
Jibs_PC#3058468083043719168 roll 3
Jibs_PC#3058468083043719168 roll 1
DICE 3 1 4 3 2 4 
Jibs_PC#3058468083043719168 roll 3
Jibs_PC#3058468083043719168 roll 1
DICE 3 1 3 2 2 2 
Jibs_PC#3058468083043719168 attack 35 36
Jibs_PC#3058468083043719168 roll 3
Jibs_PC#3058468083043719168 roll 1
DICE 3 1 4 2 0 1 
Jibs_PC#3058468083043719168 move 4
Jibs_PC#3058468083043719168 endattack
Jibs_PC#3058468083043719168 nomove
CARD 25
Jibs_PC#3058468083043719168 placearmies 20 1
Jibs_PC#3058468083043719168 placearmies 20 1
Jibs_PC#3058468083043719168 placearmies 40 1
Jibs_PC#3058468083043719168 attack 20 22
Jibs_PC#3058468083043719168 roll 3
Jibs_PC#3058468083043719168 roll 1
DICE 3 1 5 5 2 4 
Jibs_PC#3058468083043719168 move 4
Jibs_PC#3058468083043719168 endattack
Jibs_PC#3058468083043719168 nomove
CARD 30
Jibs_PC#3058468083043719168 placearmies 27 1
Jibs_PC#3058468083043719168 placearmies 27 1
Jibs_PC#3058468083043719168 placearmies 27 1
Jibs_PC#3058468083043719168 attack 27 36
Jibs_PC#3058468083043719168 roll 3
Jibs_PC#3058468083043719168 roll 2
DICE 3 2 4 0 0 3 2 
Jibs_PC#3058468083043719168 roll 3
Jibs_PC#3058468083043719168 roll 2
DICE 3 2 5 2 2 3 2 
Jibs_PC#3058468083043719168 retreat
Jibs_PC#3058468083043719168 attack 27 28
Jibs_PC#3058468083043719168 roll 3
Jibs_PC#3058468083043719168 roll 1
DICE 3 1 3 3 0 4 
Jibs_PC#3058468083043719168 roll 2
Jibs_PC#3058468083043719168 roll 1
DICE 2 1 4 2 1 
Jibs_PC#3058468083043719168 endattack
Jibs_PC#3058468083043719168 nomove
CARD 18
Jibs_PC#3058468083043719168 placearmies 5 1
Jibs_PC#3058468083043719168 placearmies 12 1
Jibs_PC#3058468083043719168 placearmies 5 3
Jibs_PC#3058468083043719168 attack 5 4
Jibs_PC#3058468083043719168 roll 3
Jibs_PC#3058468083043719168 roll 1
DICE 3 1 0 0 0 4 
Jibs_PC#3058468083043719168 roll 3
Jibs_PC#3058468083043719168 roll 1
DICE 3 1 5 3 2 0 
Jibs_PC#3058468083043719168 move 4
Jibs_PC#3058468083043719168 endattack
Jibs_PC#3058468083043719168 movearmies 4 5 3
CARD 26
Jibs_PC#3058468083043719168 placearmies 38 2
Jibs_PC#3058468083043719168 placearmies 38 1
Jibs_PC#3058468083043719168 attack 38 36
Jibs_PC#3058468083043719168 roll 3
Jibs_PC#3058468083043719168 roll 2
DICE 3 2 5 4 2 5 3 
Jibs_PC#3058468083043719168 roll 3
Jibs_PC#3058468083043719168 roll 1
DICE 3 1 3 3 3 3 
Jibs_PC#3058468083043719168 retreat
Jibs_PC#3058468083043719168 attack 38 35
Jibs_PC#3058468083043719168 roll 2
Jibs_PC#3058468083043719168 roll 1
DICE 2 1 2 1 2 
Jibs_PC#3058468083043719168 retreat
Jibs_PC#3058468083043719168 endattack
Jibs_PC#3058468083043719168 nomove
CARD 
Jibs_PC#3058468083043719168 trade wildcard 29 4
Jibs_PC#3058468083043719168 placearmies 14 13
Jibs_PC#3058468083043719168 attack 14 15
Jibs_PC#3058468083043719168 roll 3
Jibs_PC#3058468083043719168 roll 1
DICE 3 1 5 5 4 1 
Jibs_PC#3058468083043719168 move 14
Jibs_PC#3058468083043719168 attack 15 16
Jibs_PC#3058468083043719168 roll 3
Jibs_PC#3058468083043719168 roll 1
DICE 3 1 3 3 0 0 
Jibs_PC#3058468083043719168 move 13
Jibs_PC#3058468083043719168 attack 16 28
Jibs_PC#3058468083043719168 roll 3
Jibs_PC#3058468083043719168 roll 2
DICE 3 2 4 4 3 4 0 
Jibs_PC#3058468083043719168 roll 3
Jibs_PC#3058468083043719168 roll 1
DICE 3 1 4 2 0 5 
Jibs_PC#3058468083043719168 roll 3
Jibs_PC#3058468083043719168 roll 1
DICE 3 1 5 2 2 5 
Jibs_PC#3058468083043719168 roll 3
Jibs_PC#3058468083043719168 roll 1
DICE 3 1 4 2 1 3 
Jibs_PC#3058468083043719168 move 9
Jibs_PC#3058468083043719168 attack 28 27
Jibs_PC#3058468083043719168 roll 3
Jibs_PC#3058468083043719168 roll 1
DICE 3 1 3 2 0 3 
Jibs_PC#3058468083043719168 roll 3
Jibs_PC#3058468083043719168 roll 1
DICE 3 1 5 5 0 4 
Jibs_PC#3058468083043719168 move 7
Jibs_PC#3058468083043719168 attack 9 4
Jibs_PC#3058468083043719168 roll 2
Jibs_PC#3058468083043719168 roll 1
DICE 2 1 4 3 3 
Jibs_PC#3058468083043719168 attack 27 36
Jibs_PC#3058468083043719168 roll 3
Jibs_PC#3058468083043719168 roll 1
DICE 3 1 5 3 1 3 
Jibs_PC#3058468083043719168 move 6
Jibs_PC#3058468083043719168 attack 36 38
Jibs_PC#3058468083043719168 roll 3
Jibs_PC#3058468083043719168 roll 2
DICE 3 2 5 2 0 2 0 
Jibs_PC#3058468083043719168 move 5
Jibs_PC#3058468083043719168 attack 38 37
Jibs_PC#3058468083043719168 roll 3
Jibs_PC#3058468083043719168 roll 1
DICE 3 1 3 2 0 2 
Jibs_PC#3058468083043719168 move 3
Jibs_PC#3058468083043719168 endattack
Jibs_PC#3058468083043719168 movearmies 37 38 2
CARD 39
Jibs_PC#3058468083043719168 trade 34 1 25
Jibs_PC#3058468083043719168 placearmies 21 1
Jibs_PC#3058468083043719168 placearmies 21 5
Jibs_PC#3058468083043719168 placearmies 21 7
Jibs_PC#3058468083043719168 attack 21 22
Jibs_PC#3058468083043719168 roll 3
Jibs_PC#3058468083043719168 roll 2
DICE 3 2 3 3 1 2 2 
Jibs_PC#3058468083043719168 roll 3
Jibs_PC#3058468083043719168 roll 2
DICE 3 2 5 2 0 4 2 
Jibs_PC#3058468083043719168 roll 3
Jibs_PC#3058468083043719168 roll 1
DICE 3 1 4 4 3 3 
Jibs_PC#3058468083043719168 move 13
Jibs_PC#3058468083043719168 attack 22 20
Jibs_PC#3058468083043719168 roll 3
Jibs_PC#3058468083043719168 roll 1
DICE 3 1 4 2 0 4 
Jibs_PC#3058468083043719168 roll 3
Jibs_PC#3058468083043719168 roll 1
DICE 3 1 4 0 0 0 
Jibs_PC#3058468083043719168 move 10
Jibs_PC#3058468083043719168 attack 20 19
Jibs_PC#3058468083043719168 roll 3
Jibs_PC#3058468083043719168 roll 1
DICE 3 1 3 2 0 5 
Jibs_PC#3058468083043719168 roll 3
Jibs_PC#3058468083043719168 roll 1
DICE 3 1 4 1 0 4 
Jibs_PC#3058468083043719168 roll 3
Jibs_PC#3058468083043719168 roll 1
DICE 3 1 3 3 0 4 
Jibs_PC#3058468083043719168 roll 3
Jibs_PC#3058468083043719168 roll 1
DICE 3 1 1 0 0 3 
Jibs_PC#3058468083043719168 roll 3
Jibs_PC#3058468083043719168 roll 1
DICE 3 1 5 1 0 5 
Jibs_PC#3058468083043719168 roll 3
Jibs_PC#3058468083043719168 roll 1
DICE 3 1 4 4 2 2 
Jibs_PC#3058468083043719168 move 4
Jibs_PC#3058468083043719168 attack 19 18
Jibs_PC#3058468083043719168 roll 3
Jibs_PC#3058468083043719168 roll 1
DICE 3 1 1 1 0 2 
Jibs_PC#3058468083043719168 roll 2
Jibs_PC#3058468083043719168 roll 1
DICE 2 1 4 4 3 
Jibs_PC#3058468083043719168 endattack
Jibs_PC#3058468083043719168 movearmies 25 23 1
CARD 12
Jibs_PC#3058468083043719168 trade 41 38 30
Jibs_PC#3058468083043719168 placearmies 41 2
Jibs_PC#3058468083043719168 placearmies 41 1
Jibs_PC#3058468083043719168 placearmies 40 4
Jibs_PC#3058468083043719168 placearmies 40 2
Jibs_PC#3058468083043719168 placearmies 40 1
Jibs_PC#3058468083043719168 placearmies 40 1
Jibs_PC#3058468083043719168 placearmies 40 1
Jibs_PC#3058468083043719168 placearmies 40 1
Jibs_PC#3058468083043719168 attack 40 39
Jibs_PC#3058468083043719168 roll 3
Jibs_PC#3058468083043719168 roll 2
DICE 3 2 4 3 1 5 0 
Jibs_PC#3058468083043719168 roll 3
Jibs_PC#3058468083043719168 roll 1
DICE 3 1 3 2 1 0 
Jibs_PC#3058468083043719168 move 10
Jibs_PC#3058468083043719168 endattack
Jibs_PC#3058468083043719168 movearmies 41 39 5
CARD 16
Jibs_PC#3058468083043719168 placearmies 5 4
Jibs_PC#3058468083043719168 placearmies 5 1
Jibs_PC#3058468083043719168 attack 5 4
Jibs_PC#3058468083043719168 roll 3
Jibs_PC#3058468083043719168 roll 2
DICE 3 2 1 0 0 5 1 
Jibs_PC#3058468083043719168 roll 3
Jibs_PC#3058468083043719168 roll 2
DICE 3 2 4 3 3 1 0 
Jibs_PC#3058468083043719168 move 6
Jibs_PC#3058468083043719168 endattack
Jibs_PC#3058468083043719168 movearmies 4 5 5
CARD 42
Jibs_PC#3058468083043719168 placearmies 29 3
Jibs_PC#3058468083043719168 attack 29 27
Jibs_PC#3058468083043719168 roll 3
Jibs_PC#3058468083043719168 roll 1
DICE 3 1 5 1 0 1 
Jibs_PC#3058468083043719168 endattack
Jibs_PC#3058468083043719168 nomove
CARD 27
Jibs_PC#3058468083043719168 trade 28 18 39
Jibs_PC#3058468083043719168 placearmies 7 4
Jibs_PC#3058468083043719168 placearmies 38 6
Jibs_PC#3058468083043719168 attack 7 4
Jibs_PC#3058468083043719168 roll 3
Jibs_PC#3058468083043719168 roll 1
DICE 3 1 5 4 2 4 
Jibs_PC#3058468083043719168 move 4
Jibs_PC#3058468083043719168 attack 38 35
Jibs_PC#3058468083043719168 roll 3
Jibs_PC#3058468083043719168 roll 1
DICE 3 1 5 1 0 5 
Jibs_PC#3058468083043719168 roll 3
Jibs_PC#3058468083043719168 roll 1
DICE 3 1 5 2 2 4 
Jibs_PC#3058468083043719168 move 8
Jibs_PC#3058468083043719168 attack 35 34
Jibs_PC#3058468083043719168 roll 3
Jibs_PC#3058468083043719168 roll 1
DICE 3 1 2 1 1 1 
Jibs_PC#3058468083043719168 move 7
Jibs_PC#3058468083043719168 attack 34 27
Jibs_PC#3058468083043719168 roll 3
Jibs_PC#3058468083043719168 roll 2
DICE 3 2 3 3 0 3 3 
Jibs_PC#3058468083043719168 roll 3
Jibs_PC#3058468083043719168 roll 2
DICE 3 2 2 1 1 3 0 
Jibs_PC#3058468083043719168 retreat
Jibs_PC#3058468083043719168 endattack
Jibs_PC#3058468083043719168 nomove
CARD 23
Jibs_PC#3058468083043719168 placearmies 18 2
Jibs_PC#3058468083043719168 placearmies 21 1
Jibs_PC#3058468083043719168 placearmies 18 3
Jibs_PC#3058468083043719168 attack 18 15
Jibs_PC#3058468083043719168 roll 3
Jibs_PC#3058468083043719168 roll 1
DICE 3 1 4 3 2 0 
Jibs_PC#3058468083043719168 move 6
Jibs_PC#3058468083043719168 attack 15 14
Jibs_PC#3058468083043719168 roll 3
Jibs_PC#3058468083043719168 roll 1
DICE 3 1 4 4 0 4 
Jibs_PC#3058468083043719168 roll 3
Jibs_PC#3058468083043719168 roll 1
DICE 3 1 4 2 0 0 
Jibs_PC#3058468083043719168 move 4
Jibs_PC#3058468083043719168 attack 14 17
Jibs_PC#3058468083043719168 roll 3
Jibs_PC#3058468083043719168 roll 1
DICE 3 1 4 2 1 2 
Jibs_PC#3058468083043719168 endattack
Jibs_PC#3058468083043719168 movearmies 23 21 1
CARD 15
Jibs_PC#3058468083043719168 placearmies 39 3
Jibs_PC#3058468083043719168 placearmies 39 2
Jibs_PC#3058468083043719168 attack 39 33
Jibs_PC#3058468083043719168 roll 3
Jibs_PC#3058468083043719168 roll 1
DICE 3 1 4 3 1 4 
Jibs_PC#3058468083043719168 roll 3
Jibs_PC#3058468083043719168 roll 1
DICE 3 1 5 4 0 3 
Jibs_PC#3058468083043719168 move 18
Jibs_PC#3058468083043719168 attack 33 32
Jibs_PC#3058468083043719168 roll 3
Jibs_PC#3058468083043719168 roll 1
DICE 3 1 3 2 1 3 
Jibs_PC#3058468083043719168 roll 3
Jibs_PC#3058468083043719168 roll 1
DICE 3 1 3 0 0 2 
Jibs_PC#3058468083043719168 move 15
Jibs_PC#3058468083043719168 attack 32 31
Jibs_PC#3058468083043719168 roll 3
Jibs_PC#3058468083043719168 roll 1
DICE 3 1 4 2 2 3 
Jibs_PC#3058468083043719168 move 14
Jibs_PC#3058468083043719168 attack 31 30
Jibs_PC#3058468083043719168 roll 3
Jibs_PC#3058468083043719168 roll 1
DICE 3 1 4 3 0 2 
Jibs_PC#3058468083043719168 move 13
Jibs_PC#3058468083043719168 attack 30 29
Jibs_PC#3058468083043719168 roll 3
Jibs_PC#3058468083043719168 roll 1
DICE 3 1 5 1 0 0 
Jibs_PC#3058468083043719168 move 11
Jibs_PC#3058468083043719168 attack 29 27
Jibs_PC#3058468083043719168 roll 3
Jibs_PC#3058468083043719168 roll 2
DICE 3 2 5 5 1 5 0 
Jibs_PC#3058468083043719168 roll 3
Jibs_PC#3058468083043719168 roll 1
DICE 3 1 2 2 1 4 
Jibs_PC#3058468083043719168 roll 3
Jibs_PC#3058468083043719168 roll 1
DICE 3 1 3 3 2 1 
Jibs_PC#3058468083043719168 move 7
Jibs_PC#3058468083043719168 attack 27 36
Jibs_PC#3058468083043719168 roll 3
Jibs_PC#3058468083043719168 roll 1
DICE 3 1 4 4 2 1 
Jibs_PC#3058468083043719168 move 6
Jibs_PC#3058468083043719168 attack 36 38
Jibs_PC#3058468083043719168 roll 3
Jibs_PC#3058468083043719168 roll 1
DICE 3 1 3 0 0 2 
Jibs_PC#3058468083043719168 move 5
Jibs_PC#3058468083043719168 attack 38 37
Jibs_PC#3058468083043719168 roll 3
Jibs_PC#3058468083043719168 roll 1
DICE 3 1 3 3 2 5 
Jibs_PC#3058468083043719168 roll 3
Jibs_PC#3058468083043719168 roll 1
DICE 3 1 5 3 2 5 
Jibs_PC#3058468083043719168 retreat
Jibs_PC#3058468083043719168 attack 38 35
Jibs_PC#3058468083043719168 roll 2
Jibs_PC#3058468083043719168 roll 1
DICE 2 1 5 4 1 
Jibs_PC#3058468083043719168 endattack
Jibs_PC#3058468083043719168 movearmies 33 29 1
CARD 37
Jibs_PC#3058468083043719168 placearmies 12 1
Jibs_PC#3058468083043719168 placearmies 5 4
Jibs_PC#3058468083043719168 attack 5 4
Jibs_PC#3058468083043719168 roll 3
Jibs_PC#3058468083043719168 roll 2
DICE 3 2 4 3 0 4 3 
Jibs_PC#3058468083043719168 roll 3
Jibs_PC#3058468083043719168 roll 2
DICE 3 2 3 3 3 4 1 
Jibs_PC#3058468083043719168 roll 3
Jibs_PC#3058468083043719168 roll 2
DICE 3 2 4 3 0 1 0 
Jibs_PC#3058468083043719168 roll 3
Jibs_PC#3058468083043719168 roll 1
DICE 3 1 4 4 1 1 
Jibs_PC#3058468083043719168 move 6
Jibs_PC#3058468083043719168 endattack
Jibs_PC#3058468083043719168 movearmies 4 5 5
CARD 11
Jibs_PC#3058468083043719168 placearmies 7 3
Jibs_PC#3058468083043719168 attack 7 4
Jibs_PC#3058468083043719168 roll 3
Jibs_PC#3058468083043719168 roll 1
DICE 3 1 5 1 0 2 
Jibs_PC#3058468083043719168 endattack
Jibs_PC#3058468083043719168 nomove
CARD 24
Jibs_PC#3058468083043719168 placearmies 22 2
Jibs_PC#3058468083043719168 placearmies 22 4
Jibs_PC#3058468083043719168 placearmies 22 1
Jibs_PC#3058468083043719168 attack 22 31
Jibs_PC#3058468083043719168 roll 3
Jibs_PC#3058468083043719168 roll 1
DICE 3 1 3 2 0 5 
Jibs_PC#3058468083043719168 roll 3
Jibs_PC#3058468083043719168 roll 1
DICE 3 1 4 3 2 5 
Jibs_PC#3058468083043719168 roll 3
Jibs_PC#3058468083043719168 roll 1
DICE 3 1 5 2 0 1 
Jibs_PC#3058468083043719168 move 6
Jibs_PC#3058468083043719168 attack 31 16
Jibs_PC#3058468083043719168 roll 3
Jibs_PC#3058468083043719168 roll 1
DICE 3 1 3 2 0 2 
Jibs_PC#3058468083043719168 move 4
Jibs_PC#3058468083043719168 endattack
Jibs_PC#3058468083043719168 movearmies 17 14 2
CARD 5
Jibs_PC#3058468083043719168 trade 16 36 27
Jibs_PC#3058468083043719168 trade 22 19 37
Jibs_PC#3058468083043719168 placearmies 36 1
Jibs_PC#3058468083043719168 placearmies 30 7
Jibs_PC#3058468083043719168 placearmies 32 1
Jibs_PC#3058468083043719168 placearmies 30 7
Jibs_PC#3058468083043719168 placearmies 30 2
Jibs_PC#3058468083043719168 attack 30 16
Jibs_PC#3058468083043719168 roll 3
Jibs_PC#3058468083043719168 roll 2
DICE 3 2 5 4 1 4 2 
Jibs_PC#3058468083043719168 roll 3
Jibs_PC#3058468083043719168 roll 2
DICE 3 2 5 4 2 5 4 
Jibs_PC#3058468083043719168 roll 3
Jibs_PC#3058468083043719168 roll 2
DICE 3 2 3 1 0 5 0 
Jibs_PC#3058468083043719168 roll 3
Jibs_PC#3058468083043719168 roll 1
DICE 3 1 4 3 2 3 
Jibs_PC#3058468083043719168 move 14
Jibs_PC#3058468083043719168 attack 16 20
Jibs_PC#3058468083043719168 roll 3
Jibs_PC#3058468083043719168 roll 1
DICE 3 1 5 2 1 4 
Jibs_PC#3058468083043719168 move 13
Jibs_PC#3058468083043719168 attack 20 21
Jibs_PC#3058468083043719168 roll 3
Jibs_PC#3058468083043719168 roll 2
DICE 3 2 3 2 0 4 1 
Jibs_PC#3058468083043719168 roll 3
Jibs_PC#3058468083043719168 roll 2
DICE 3 2 4 4 1 4 1 
Jibs_PC#3058468083043719168 roll 3
Jibs_PC#3058468083043719168 roll 2
DICE 3 2 3 2 1 3 0 
Jibs_PC#3058468083043719168 roll 3
Jibs_PC#3058468083043719168 roll 1
DICE 3 1 5 3 2 2 
Jibs_PC#3058468083043719168 move 9
Jibs_PC#3058468083043719168 attack 21 12
Jibs_PC#3058468083043719168 roll 3
Jibs_PC#3058468083043719168 roll 2
DICE 3 2 4 4 0 5 0 
Jibs_PC#3058468083043719168 roll 3
Jibs_PC#3058468083043719168 roll 2
DICE 3 2 5 4 2 5 3 
Jibs_PC#3058468083043719168 roll 3
Jibs_PC#3058468083043719168 roll 2
DICE 3 2 5 3 2 3 1 
Jibs_PC#3058468083043719168 move 6
Jibs_PC#3058468083043719168 attack 12 13
Jibs_PC#3058468083043719168 roll 3
Jibs_PC#3058468083043719168 roll 1
DICE 3 1 5 1 1 5 
Jibs_PC#3058468083043719168 roll 3
Jibs_PC#3058468083043719168 roll 1
DICE 3 1 5 3 0 5 
Jibs_PC#3058468083043719168 retreat
Jibs_PC#3058468083043719168 attack 36 37
Jibs_PC#3058468083043719168 roll 3
Jibs_PC#3058468083043719168 roll 1
DICE 3 1 1 0 0 5 
Jibs_PC#3058468083043719168 roll 2
Jibs_PC#3058468083043719168 roll 1
DICE 2 1 2 0 0 
Jibs_PC#3058468083043719168 endattack
Jibs_PC#3058468083043719168 movearmies 37 38 1
CARD 13
Jibs_PC#3058468083043719168 placearmies 5 3
Jibs_PC#3058468083043719168 attack 5 4
Jibs_PC#3058468083043719168 roll 3
Jibs_PC#3058468083043719168 roll 2
DICE 3 2 4 3 1 3 1 
Jibs_PC#3058468083043719168 roll 3
Jibs_PC#3058468083043719168 roll 1
DICE 3 1 5 2 0 3 
Jibs_PC#3058468083043719168 move 9
Jibs_PC#3058468083043719168 attack 4 3
Jibs_PC#3058468083043719168 roll 3
Jibs_PC#3058468083043719168 roll 1
DICE 3 1 2 1 0 3 
Jibs_PC#3058468083043719168 roll 3
Jibs_PC#3058468083043719168 roll 1
DICE 3 1 4 3 0 2 
Jibs_PC#3058468083043719168 move 7
Jibs_PC#3058468083043719168 attack 3 1
Jibs_PC#3058468083043719168 roll 3
Jibs_PC#3058468083043719168 roll 1
DICE 3 1 3 2 0 0 
Jibs_PC#3058468083043719168 move 6
Jibs_PC#3058468083043719168 attack 1 2
Jibs_PC#3058468083043719168 roll 3
Jibs_PC#3058468083043719168 roll 1
DICE 3 1 5 4 1 1 
Jibs_PC#3058468083043719168 move 5
Jibs_PC#3058468083043719168 attack 2 6
Jibs_PC#3058468083043719168 roll 3
Jibs_PC#3058468083043719168 roll 1
DICE 3 1 4 4 1 5 
Jibs_PC#3058468083043719168 roll 3
Jibs_PC#3058468083043719168 roll 1
DICE 3 1 1 1 0 4 
Jibs_PC#3058468083043719168 retreat
Jibs_PC#3058468083043719168 endattack
Jibs_PC#3058468083043719168 nomove
CARD 7
Jibs_PC#3058468083043719168 trade 32 23 24
Jibs_PC#3058468083043719168 placearmies 9 13
Jibs_PC#3058468083043719168 attack 9 5
Jibs_PC#3058468083043719168 roll 3
Jibs_PC#3058468083043719168 roll 1
DICE 3 1 5 0 0 2 
Jibs_PC#3058468083043719168 move 13
Jibs_PC#3058468083043719168 attack 5 4
Jibs_PC#3058468083043719168 roll 3
Jibs_PC#3058468083043719168 roll 1
DICE 3 1 1 0 0 3 
Jibs_PC#3058468083043719168 roll 3
Jibs_PC#3058468083043719168 roll 1
DICE 3 1 5 5 4 5 
Jibs_PC#3058468083043719168 roll 3
Jibs_PC#3058468083043719168 roll 1
DICE 3 1 5 0 0 1 
Jibs_PC#3058468083043719168 move 10
Jibs_PC#3058468083043719168 attack 4 3
Jibs_PC#3058468083043719168 roll 3
Jibs_PC#3058468083043719168 roll 1
DICE 3 1 2 2 1 4 
Jibs_PC#3058468083043719168 roll 3
Jibs_PC#3058468083043719168 roll 1
DICE 3 1 5 5 0 2 
Jibs_PC#3058468083043719168 move 8
Jibs_PC#3058468083043719168 attack 3 1
Jibs_PC#3058468083043719168 roll 3
Jibs_PC#3058468083043719168 roll 1
DICE 3 1 5 0 0 5 
Jibs_PC#3058468083043719168 roll 3
Jibs_PC#3058468083043719168 roll 1
DICE 3 1 4 4 3 0 
Jibs_PC#3058468083043719168 move 6
Jibs_PC#3058468083043719168 attack 1 2
Jibs_PC#3058468083043719168 roll 3
Jibs_PC#3058468083043719168 roll 2
DICE 3 2 5 4 3 5 1 
Jibs_PC#3058468083043719168 roll 3
Jibs_PC#3058468083043719168 roll 2
DICE 3 2 3 2 1 3 0 
Jibs_PC#3058468083043719168 roll 3
Jibs_PC#3058468083043719168 roll 1
DICE 3 1 4 4 1 1 
Jibs_PC#3058468083043719168 endattack
Jibs_PC#3058468083043719168 movearmies 2 6 2
CARD 9
Jibs_PC#3058468083043719168 placearmies 31 2
Jibs_PC#3058468083043719168 placearmies 31 1
Jibs_PC#3058468083043719168 attack 31 20
Jibs_PC#3058468083043719168 roll 3
Jibs_PC#3058468083043719168 roll 1
DICE 3 1 4 2 1 2 
Jibs_PC#3058468083043719168 move 4
Jibs_PC#3058468083043719168 attack 20 16
Jibs_PC#3058468083043719168 roll 3
Jibs_PC#3058468083043719168 roll 1
DICE 3 1 1 1 0 1 
Jibs_PC#3058468083043719168 roll 2
Jibs_PC#3058468083043719168 roll 1
DICE 2 1 4 3 3 
Jibs_PC#3058468083043719168 endattack
Jibs_PC#3058468083043719168 movearmies 25 24 1
CARD 10
Jibs_PC#3058468083043719168 placearmies 12 7
Jibs_PC#3058468083043719168 attack 12 13
Jibs_PC#3058468083043719168 roll 3
Jibs_PC#3058468083043719168 roll 1
DICE 3 1 3 3 2 3 
Jibs_PC#3058468083043719168 roll 3
Jibs_PC#3058468083043719168 roll 1
DICE 3 1 5 1 0 4 
Jibs_PC#3058468083043719168 move 9
Jibs_PC#3058468083043719168 attack 13 11
Jibs_PC#3058468083043719168 roll 3
Jibs_PC#3058468083043719168 roll 1
DICE 3 1 3 3 2 1 
Jibs_PC#3058468083043719168 move 8
Jibs_PC#3058468083043719168 attack 11 10
Jibs_PC#3058468083043719168 roll 3
Jibs_PC#3058468083043719168 roll 1
DICE 3 1 4 1 1 3 
Jibs_PC#3058468083043719168 move 7
Jibs_PC#3058468083043719168 trade 13 26 42
Jibs_PC#3058468083043719168 placearmies 32 3
Jibs_PC#3058468083043719168 placearmies 21 1
Jibs_PC#3058468083043719168 attack 10 5
Jibs_PC#3058468083043719168 roll 3
Jibs_PC#3058468083043719168 roll 1
DICE 3 1 4 1 1 4 
Jibs_PC#3058468083043719168 roll 3
Jibs_PC#3058468083043719168 roll 1
DICE 3 1 4 2 0 0 
Jibs_PC#3058468083043719168 move 5
Jibs_PC#3058468083043719168 attack 32 31
Jibs_PC#3058468083043719168 roll 3
Jibs_PC#3058468083043719168 roll 1
DICE 3 1 2 2 0 3 
Jibs_PC#3058468083043719168 roll 3
Jibs_PC#3058468083043719168 roll 1
DICE 3 1 4 1 0 1 
Jibs_PC#3058468083043719168 attack 31 20
Jibs_PC#3058468083043719168 roll 2
Jibs_PC#3058468083043719168 roll 1
DICE 2 1 5 1 3 
Jibs_PC#3058468083043719168 attack 5 9
Jibs_PC#3058468083043719168 roll 3
Jibs_PC#3058468083043719168 roll 1
DICE 3 1 5 4 4 2 
Jibs_PC#3058468083043719168 move 3
Jibs_PC#3058468083043719168 endattack
Jibs_PC#3058468083043719168 movearmies 9 5 2
CARD 33
Jibs_PC#3058468083043719168 placearmies 8 3
Jibs_PC#3058468083043719168 attack 8 9
Jibs_PC#3058468083043719168 roll 3
Jibs_PC#3058468083043719168 roll 1
DICE 3 1 4 1 0 1 
Jibs_PC#3058468083043719168 attack 28 27
Jibs_PC#3058468083043719168 roll 2
Jibs_PC#3058468083043719168 roll 1
DICE 2 1 5 3 3 
Jibs_PC#3058468083043719168 attack 34 38
Jibs_PC#3058468083043719168 roll 3
Jibs_PC#3058468083043719168 roll 2
DICE 3 2 5 4 4 3 0 
Jibs_PC#3058468083043719168 attack 38 37
Jibs_PC#3058468083043719168 roll 2
Jibs_PC#3058468083043719168 roll 1
DICE 2 1 4 3 0 
Jibs_PC#3058468083043719168 endattack
Jibs_PC#3058468083043719168 nomove
CARD 21
Jibs_PC#3058468083043719168 trade 12 15 10
Jibs_PC#3058468083043719168 placearmies 16 11
Jibs_PC#3058468083043719168 attack 16 30
Jibs_PC#3058468083043719168 roll 3
Jibs_PC#3058468083043719168 roll 1
DICE 3 1 5 2 0 1 
Jibs_PC#3058468083043719168 move 12
Jibs_PC#3058468083043719168 attack 30 32
Jibs_PC#3058468083043719168 roll 3
Jibs_PC#3058468083043719168 roll 1
DICE 3 1 5 5 2 2 
Jibs_PC#3058468083043719168 move 11
Jibs_PC#3058468083043719168 attack 32 33
Jibs_PC#3058468083043719168 roll 3
Jibs_PC#3058468083043719168 roll 1
DICE 3 1 5 1 0 3 
Jibs_PC#3058468083043719168 move 10
Jibs_PC#3058468083043719168 attack 33 39
Jibs_PC#3058468083043719168 roll 3
Jibs_PC#3058468083043719168 roll 1
DICE 3 1 5 4 4 1 
Jibs_PC#3058468083043719168 move 9
Jibs_PC#3058468083043719168 attack 39 41
Jibs_PC#3058468083043719168 roll 3
Jibs_PC#3058468083043719168 roll 1
DICE 3 1 2 1 1 1 
Jibs_PC#3058468083043719168 move 8
Jibs_PC#3058468083043719168 attack 41 42
Jibs_PC#3058468083043719168 roll 3
Jibs_PC#3058468083043719168 roll 1
DICE 3 1 5 1 1 2 
Jibs_PC#3058468083043719168 move 5
Jibs_PC#3058468083043719168 attack 42 40
Jibs_PC#3058468083043719168 roll 3
Jibs_PC#3058468083043719168 roll 1
DICE 3 1 5 2 0 1 
Jibs_PC#3058468083043719168 move 3
Jibs_PC#3058468083043719168 endattack
Jibs_PC#3058468083043719168 movearmies 15 18 2
CARD 3
Jibs_PC#3058468083043719168 trade 6 11 7
Jibs_PC#3058468083043719168 placearmies 29 5
Jibs_PC#3058468083043719168 placearmies 29 6
Jibs_PC#3058468083043719168 attack 29 33
Jibs_PC#3058468083043719168 roll 3
Jibs_PC#3058468083043719168 roll 1
DICE 3 1 5 3 0 0 
Jibs_PC#3058468083043719168 move 13
Jibs_PC#3058468083043719168 attack 33 39
Jibs_PC#3058468083043719168 roll 3
Jibs_PC#3058468083043719168 roll 1
DICE 3 1 5 1 1 2 
Jibs_PC#3058468083043719168 move 12
Jibs_PC#3058468083043719168 attack 39 41
Jibs_PC#3058468083043719168 roll 3
Jibs_PC#3058468083043719168 roll 2
DICE 3 2 2 0 0 4 3 
Jibs_PC#3058468083043719168 roll 3
Jibs_PC#3058468083043719168 roll 2
DICE 3 2 4 4 0 3 0 
Jibs_PC#3058468083043719168 roll 3
Jibs_PC#3058468083043719168 roll 1
DICE 3 1 3 1 1 0 
Jibs_PC#3058468083043719168 move 9
Jibs_PC#3058468083043719168 attack 41 42
Jibs_PC#3058468083043719168 roll 3
Jibs_PC#3058468083043719168 roll 2
DICE 3 2 4 3 0 4 2 
Jibs_PC#3058468083043719168 roll 3
Jibs_PC#3058468083043719168 roll 1
DICE 3 1 5 3 3 2 
Jibs_PC#3058468083043719168 move 7
Jibs_PC#3058468083043719168 attack 42 40
Jibs_PC#3058468083043719168 roll 3
Jibs_PC#3058468083043719168 roll 2
DICE 3 2 5 4 0 4 2 
Jibs_PC#3058468083043719168 roll 3
Jibs_PC#3058468083043719168 roll 1
DICE 3 1 4 4 1 2 
Jibs_PC#3058468083043719168 move 3
Jibs_PC#3058468083043719168 endattack
Jibs_PC#3058468083043719168 movearmies 20 21 1
CARD 20
Jibs_PC#3058468083043719168 placearmies 27 3
Jibs_PC#3058468083043719168 placearmies 9 1
Jibs_PC#3058468083043719168 attack 27 36
Jibs_PC#3058468083043719168 roll 3
Jibs_PC#3058468083043719168 roll 1
DICE 3 1 3 2 0 1 
Jibs_PC#3058468083043719168 move 4
Jibs_PC#3058468083043719168 attack 36 35
Jibs_PC#3058468083043719168 roll 3
Jibs_PC#3058468083043719168 roll 2
DICE 3 2 3 2 0 5 1 
Jibs_PC#3058468083043719168 roll 2
Jibs_PC#3058468083043719168 roll 1
DICE 2 1 3 1 0 
Jibs_PC#3058468083043719168 endattack
Jibs_PC#3058468083043719168 movearmies 37 36 1
CARD 35
Jibs_PC#3058468083043719168 placearmies 32 4
Jibs_PC#3058468083043719168 attack 32 33
Jibs_PC#3058468083043719168 roll 3
Jibs_PC#3058468083043719168 roll 1
DICE 3 1 4 2 2 4 
Jibs_PC#3058468083043719168 roll 3
Jibs_PC#3058468083043719168 roll 1
DICE 3 1 5 3 0 4 
Jibs_PC#3058468083043719168 attack 33 39
Jibs_PC#3058468083043719168 roll 2
Jibs_PC#3058468083043719168 roll 1
DICE 2 1 4 2 3 
Jibs_PC#3058468083043719168 attack 18 20
Jibs_PC#3058468083043719168 roll 2
Jibs_PC#3058468083043719168 roll 1
DICE 2 1 2 0 2 
Jibs_PC#3058468083043719168 retreat
Jibs_PC#3058468083043719168 endattack
Jibs_PC#3058468083043719168 nomove
CARD 17
Jibs_PC#3058468083043719168 placearmies 40 3
Jibs_PC#3058468083043719168 placearmies 21 2
Jibs_PC#3058468083043719168 placearmies 5 1
Jibs_PC#3058468083043719168 attack 40 39
Jibs_PC#3058468083043719168 roll 3
Jibs_PC#3058468083043719168 roll 2
DICE 3 2 5 3 0 3 0 
Jibs_PC#3058468083043719168 move 5
Jibs_PC#3058468083043719168 attack 39 33
Jibs_PC#3058468083043719168 roll 3
Jibs_PC#3058468083043719168 roll 1
DICE 3 1 3 1 0 2 
Jibs_PC#3058468083043719168 move 4
Jibs_PC#3058468083043719168 attack 21 23
Jibs_PC#3058468083043719168 roll 3
Jibs_PC#3058468083043719168 roll 1
DICE 3 1 4 1 0 0 
Jibs_PC#3058468083043719168 move 3
Jibs_PC#3058468083043719168 attack 5 4
Jibs_PC#3058468083043719168 roll 3
Jibs_PC#3058468083043719168 roll 1
DICE 3 1 5 5 5 2 
Jibs_PC#3058468083043719168 move 3
Jibs_PC#3058468083043719168 endattack
Jibs_PC#3058468083043719168 movearmies 4 5 2
CARD 14
Jibs_PC#3058468083043719168 placearmies 9 1
Jibs_PC#3058468083043719168 placearmies 36 3
Jibs_PC#3058468083043719168 attack 9 4
Jibs_PC#3058468083043719168 roll 3
Jibs_PC#3058468083043719168 roll 1
DICE 3 1 5 4 3 1 
Jibs_PC#3058468083043719168 move 4
Jibs_PC#3058468083043719168 attack 36 29
Jibs_PC#3058468083043719168 roll 3
Jibs_PC#3058468083043719168 roll 1
DICE 3 1 5 3 1 2 
Jibs_PC#3058468083043719168 move 4
Jibs_PC#3058468083043719168 attack 29 32
Jibs_PC#3058468083043719168 roll 3
Jibs_PC#3058468083043719168 roll 1
DICE 3 1 4 4 4 4 
Jibs_PC#3058468083043719168 roll 2
Jibs_PC#3058468083043719168 roll 1
DICE 2 1 5 3 2 
Jibs_PC#3058468083043719168 endattack
Jibs_PC#3058468083043719168 nomove
CARD 31
Jibs_PC#3058468083043719168 placearmies 18 2
Jibs_PC#3058468083043719168 placearmies 18 1
Jibs_PC#3058468083043719168 attack 18 20
Jibs_PC#3058468083043719168 roll 3
Jibs_PC#3058468083043719168 roll 1
DICE 3 1 2 0 0 3 
Jibs_PC#3058468083043719168 roll 3
Jibs_PC#3058468083043719168 roll 1
DICE 3 1 4 4 4 1 
Jibs_PC#3058468083043719168 endattack
Jibs_PC#3058468083043719168 nomove
CARD 40
Jibs_PC#3058468083043719168 trade 33 20 14
Jibs_PC#3058468083043719168 placearmies 23 14
Jibs_PC#3058468083043719168 placearmies 21 1
Jibs_PC#3058468083043719168 placearmies 23 2
Jibs_PC#3058468083043719168 placearmies 33 1
Jibs_PC#3058468083043719168 attack 21 19
Jibs_PC#3058468083043719168 roll 2
Jibs_PC#3058468083043719168 roll 1
DICE 2 1 5 4 2 
Jibs_PC#3058468083043719168 attack 23 25
Jibs_PC#3058468083043719168 roll 3
Jibs_PC#3058468083043719168 roll 1
DICE 3 1 4 2 0 4 
Jibs_PC#3058468083043719168 roll 3
Jibs_PC#3058468083043719168 roll 1
DICE 3 1 5 3 1 0 
Jibs_PC#3058468083043719168 move 17
Jibs_PC#3058468083043719168 attack 25 26
Jibs_PC#3058468083043719168 roll 3
Jibs_PC#3058468083043719168 roll 1
DICE 3 1 1 1 0 2 
Jibs_PC#3058468083043719168 roll 3
Jibs_PC#3058468083043719168 roll 1
DICE 3 1 4 3 2 1 
Jibs_PC#3058468083043719168 move 15
Jibs_PC#3058468083043719168 attack 26 24
Jibs_PC#3058468083043719168 roll 3
Jibs_PC#3058468083043719168 roll 2
DICE 3 2 4 3 0 4 1 
Jibs_PC#3058468083043719168 roll 3
Jibs_PC#3058468083043719168 roll 1
DICE 3 1 4 3 2 5 
Jibs_PC#3058468083043719168 roll 3
Jibs_PC#3058468083043719168 roll 1
DICE 3 1 2 2 0 2 
Jibs_PC#3058468083043719168 roll 3
Jibs_PC#3058468083043719168 roll 1
DICE 3 1 4 4 3 0 
Jibs_PC#3058468083043719168 move 11
Jibs_PC#3058468083043719168 attack 24 22
Jibs_PC#3058468083043719168 roll 3
Jibs_PC#3058468083043719168 roll 1
DICE 3 1 5 4 1 0 
Jibs_PC#3058468083043719168 move 10
Jibs_PC#3058468083043719168 attack 22 20
Jibs_PC#3058468083043719168 roll 3
Jibs_PC#3058468083043719168 roll 2
DICE 3 2 5 3 1 3 1 
Jibs_PC#3058468083043719168 roll 3
Jibs_PC#3058468083043719168 roll 1
DICE 3 1 2 1 1 2 
Jibs_PC#3058468083043719168 roll 3
Jibs_PC#3058468083043719168 roll 1
DICE 3 1 4 2 1 3 
Jibs_PC#3058468083043719168 move 8
Jibs_PC#3058468083043719168 attack 20 18
Jibs_PC#3058468083043719168 roll 3
Jibs_PC#3058468083043719168 roll 1
DICE 3 1 5 5 1 1 
Jibs_PC#3058468083043719168 move 6
Jibs_PC#3058468083043719168 attack 18 17
Jibs_PC#3058468083043719168 roll 3
Jibs_PC#3058468083043719168 roll 1
DICE 3 1 5 5 2 2 
Jibs_PC#3058468083043719168 move 4
Jibs_PC#3058468083043719168 attack 17 15
Jibs_PC#3058468083043719168 roll 3
Jibs_PC#3058468083043719168 roll 1
DICE 3 1 4 1 0 3 
Jibs_PC#3058468083043719168 attack 15 16
Jibs_PC#3058468083043719168 roll 2
Jibs_PC#3058468083043719168 roll 1
DICE 2 1 2 0 3 
Jibs_PC#3058468083043719168 retreat
Jibs_PC#3058468083043719168 attack 33 32
Jibs_PC#3058468083043719168 roll 3
Jibs_PC#3058468083043719168 roll 2
DICE 3 2 3 2 1 1 1 
Jibs_PC#3058468083043719168 move 5
Jibs_PC#3058468083043719168 attack 32 30
Jibs_PC#3058468083043719168 roll 3
Jibs_PC#3058468083043719168 roll 1
DICE 3 1 3 3 1 2 
Jibs_PC#3058468083043719168 move 4
Jibs_PC#3058468083043719168 endattack
Jibs_PC#3058468083043719168 movearmies 15 18 1
CARD 8
Jibs_PC#3058468083043719168 placearmies 4 5
Jibs_PC#3058468083043719168 attack 4 5
Jibs_PC#3058468083043719168 roll 3
Jibs_PC#3058468083043719168 roll 2
DICE 3 2 3 2 1 4 1 
Jibs_PC#3058468083043719168 roll 3
Jibs_PC#3058468083043719168 roll 2
DICE 3 2 5 4 0 3 0 
Jibs_PC#3058468083043719168 roll 3
Jibs_PC#3058468083043719168 roll 1
DICE 3 1 4 3 0 0 
Jibs_PC#3058468083043719168 move 7
Jibs_PC#3058468083043719168 attack 5 10
Jibs_PC#3058468083043719168 roll 3
Jibs_PC#3058468083043719168 roll 1
DICE 3 1 4 4 3 3 
Jibs_PC#3058468083043719168 move 6
Jibs_PC#3058468083043719168 attack 10 12
Jibs_PC#3058468083043719168 roll 3
Jibs_PC#3058468083043719168 roll 1
DICE 3 1 2 1 1 5 
Jibs_PC#3058468083043719168 roll 3
Jibs_PC#3058468083043719168 roll 1
DICE 3 1 5 4 2 1 
Jibs_PC#3058468083043719168 move 3
Jibs_PC#3058468083043719168 attack 12 21
Jibs_PC#3058468083043719168 roll 2
Jibs_PC#3058468083043719168 roll 1
DICE 2 1 5 4 2 
Jibs_PC#3058468083043719168 endattack
Jibs_PC#3058468083043719168 nomove
CARD wildcard
Jibs_PC#3058468083043719168 trade 5 17 40
Jibs_PC#3058468083043719168 placearmies 14 1
Jibs_PC#3058468083043719168 placearmies 16 7
Jibs_PC#3058468083043719168 placearmies 16 1
Jibs_PC#3058468083043719168 attack 16 30
Jibs_PC#3058468083043719168 roll 3
Jibs_PC#3058468083043719168 roll 2
DICE 3 2 5 0 0 1 0 
Jibs_PC#3058468083043719168 roll 3
Jibs_PC#3058468083043719168 roll 2
DICE 3 2 4 4 1 3 2 
Jibs_PC#3058468083043719168 retreat
Jibs_PC#3058468083043719168 attack 16 28
Jibs_PC#3058468083043719168 roll 3
Jibs_PC#3058468083043719168 roll 1
DICE 3 1 4 1 0 1 
Jibs_PC#3058468083043719168 move 7
Jibs_PC#3058468083043719168 endattack
Jibs_PC#3058468083043719168 nomove
CARD 2
Jibs_PC#3058468083043719168 placearmies 18 2
Jibs_PC#3058468083043719168 placearmies 11 6
Jibs_PC#3058468083043719168 attack 11 10
Jibs_PC#3058468083043719168 roll 3
Jibs_PC#3058468083043719168 roll 2
DICE 3 2 1 0 0 5 1 
Jibs_PC#3058468083043719168 roll 3
Jibs_PC#3058468083043719168 roll 2
DICE 3 2 5 5 4 5 4 
Jibs_PC#3058468083043719168 roll 3
Jibs_PC#3058468083043719168 roll 1
DICE 3 1 4 2 1 0 
Jibs_PC#3058468083043719168 move 5
Jibs_PC#3058468083043719168 attack 10 5
Jibs_PC#3058468083043719168 roll 3
Jibs_PC#3058468083043719168 roll 1
DICE 3 1 5 4 2 5 
Jibs_PC#3058468083043719168 roll 3
Jibs_PC#3058468083043719168 roll 1
DICE 3 1 2 2 1 3 
Jibs_PC#3058468083043719168 roll 2
Jibs_PC#3058468083043719168 roll 1
DICE 2 1 4 1 1 
Jibs_PC#3058468083043719168 attack 13 12
Jibs_PC#3058468083043719168 roll 2
Jibs_PC#3058468083043719168 roll 1
DICE 2 1 3 1 2 
Jibs_PC#3058468083043719168 attack 18 16
Jibs_PC#3058468083043719168 roll 3
Jibs_PC#3058468083043719168 roll 1
DICE 3 1 4 0 0 1 
Jibs_PC#3058468083043719168 move 4
Jibs_PC#3058468083043719168 endattack
Jibs_PC#3058468083043719168 movearmies 42 40 2
CARD 16
Jibs_PC#3058468083043719168 trade 9 21 wildcard
Jibs_PC#3058468083043719168 placearmies 6 6
Jibs_PC#3058468083043719168 placearmies 29 9
Jibs_PC#3058468083043719168 attack 6 14
Jibs_PC#3058468083043719168 roll 3
Jibs_PC#3058468083043719168 roll 2
DICE 3 2 3 1 0 2 2 
Jibs_PC#3058468083043719168 roll 3
Jibs_PC#3058468083043719168 roll 2
DICE 3 2 5 1 0 5 0 
Jibs_PC#3058468083043719168 roll 3
Jibs_PC#3058468083043719168 roll 2
DICE 3 2 5 3 1 5 1 
Jibs_PC#3058468083043719168 roll 3
Jibs_PC#3058468083043719168 roll 1
DICE 3 1 5 2 1 4 
Jibs_PC#3058468083043719168 move 5
Jibs_PC#3058468083043719168 attack 29 28
Jibs_PC#3058468083043719168 roll 3
Jibs_PC#3058468083043719168 roll 2
DICE 3 2 5 4 1 3 1 
Jibs_PC#3058468083043719168 roll 3
Jibs_PC#3058468083043719168 roll 2
DICE 3 2 5 2 2 5 3 
Jibs_PC#3058468083043719168 roll 3
Jibs_PC#3058468083043719168 roll 2
DICE 3 2 5 4 4 3 2 
Jibs_PC#3058468083043719168 roll 3
Jibs_PC#3058468083043719168 roll 2
DICE 3 2 5 3 0 4 3 
Jibs_PC#3058468083043719168 roll 3
Jibs_PC#3058468083043719168 roll 2
DICE 3 2 5 4 0 3 0 
Jibs_PC#3058468083043719168 move 6
Jibs_PC#3058468083043719168 attack 28 30
Jibs_PC#3058468083043719168 roll 3
Jibs_PC#3058468083043719168 roll 1
DICE 3 1 5 2 0 3 
Jibs_PC#3058468083043719168 move 5
Jibs_PC#3058468083043719168 attack 30 32
Jibs_PC#3058468083043719168 roll 3
Jibs_PC#3058468083043719168 roll 1
DICE 3 1 5 2 0 5 
Jibs_PC#3058468083043719168 roll 3
Jibs_PC#3058468083043719168 roll 1
DICE 3 1 3 0 0 1 
Jibs_PC#3058468083043719168 attack 14 17
Jibs_PC#3058468083043719168 roll 3
Jibs_PC#3058468083043719168 roll 1
DICE 3 1 3 3 2 2 
Jibs_PC#3058468083043719168 move 4
Jibs_PC#3058468083043719168 endattack
Jibs_PC#3058468083043719168 nomove
CARD 13
Jibs_PC#3058468083043719168 placearmies 15 11
Jibs_PC#3058468083043719168 attack 15 14
Jibs_PC#3058468083043719168 roll 3
Jibs_PC#3058468083043719168 roll 1
DICE 3 1 4 1 0 1 
Jibs_PC#3058468083043719168 move 11
Jibs_PC#3058468083043719168 attack 14 17
Jibs_PC#3058468083043719168 roll 3
Jibs_PC#3058468083043719168 roll 2
DICE 3 2 2 1 1 5 4 
Jibs_PC#3058468083043719168 roll 3
Jibs_PC#3058468083043719168 roll 2
DICE 3 2 5 5 0 5 2 
Jibs_PC#3058468083043719168 roll 3
Jibs_PC#3058468083043719168 roll 2
DICE 3 2 2 1 0 3 2 
Jibs_PC#3058468083043719168 roll 3
Jibs_PC#3058468083043719168 roll 2
DICE 3 2 5 1 0 1 0 
Jibs_PC#3058468083043719168 roll 3
Jibs_PC#3058468083043719168 roll 1
DICE 3 1 5 1 1 2 
Jibs_PC#3058468083043719168 move 3
