Jibs_PC#4875085262140228608 newplayer human green s0914007
Jibs_PC#4875085262140228608 newplayer human blue bob
Jibs_PC#4875085262140228608 newplayer human red robert
Jibs_PC#4875085262140228608 startgame mission fixed autoplaceall recycle
PLAYER s0914007
MISSION 3 3 1
PLACEALL 22 27 42 25 40 29 3 36 31 24 34 2 7 8 21 5 30 39 4 33 1 23 26 6 15 16 11 10 37 28 41 38 32 18 19 13 35 20 12 17 14 9
Jibs_PC#4875085262140228608 placearmies 23 1
CARD 
Jibs_PC#4875085262140228608 placearmies 33 1
CARD 
Jibs_PC#4875085262140228608 placearmies 42 1
CARD 
Jibs_PC#4875085262140228608 placearmies 22 1
CARD 
Jibs_PC#4875085262140228608 placearmies 33 1
CARD 
Jibs_PC#4875085262140228608 placearmies 39 1
CARD 
Jibs_PC#4875085262140228608 placearmies 23 1
CARD 
Jibs_PC#4875085262140228608 placearmies 36 1
CARD 
Jibs_PC#4875085262140228608 placearmies 6 1
CARD 
Jibs_PC#4875085262140228608 placearmies 22 1
CARD 
Jibs_PC#4875085262140228608 placearmies 33 1
CARD 
Jibs_PC#4875085262140228608 placearmies 39 1
CARD 
Jibs_PC#4875085262140228608 placearmies 22 1
CARD 
Jibs_PC#4875085262140228608 placearmies 33 1
CARD 
Jibs_PC#4875085262140228608 placearmies 39 1
CARD 
Jibs_PC#4875085262140228608 placearmies 18 1
CARD 
Jibs_PC#4875085262140228608 placearmies 33 1
CARD 
Jibs_PC#4875085262140228608 placearmies 6 1
CARD 
Jibs_PC#4875085262140228608 placearmies 18 1
CARD 
Jibs_PC#4875085262140228608 placearmies 38 1
CARD 
Jibs_PC#4875085262140228608 placearmies 39 1
CARD 
Jibs_PC#4875085262140228608 placearmies 23 1
CARD 
Jibs_PC#4875085262140228608 placearmies 33 1
CARD 
Jibs_PC#4875085262140228608 placearmies 6 1
CARD 
Jibs_PC#4875085262140228608 placearmies 23 1
CARD 
Jibs_PC#4875085262140228608 placearmies 33 1
CARD 
Jibs_PC#4875085262140228608 placearmies 39 1
CARD 
Jibs_PC#4875085262140228608 placearmies 22 1
CARD 
Jibs_PC#4875085262140228608 placearmies 38 1
CARD 
Jibs_PC#4875085262140228608 placearmies 6 1
CARD 
Jibs_PC#4875085262140228608 placearmies 18 1
CARD 
Jibs_PC#4875085262140228608 placearmies 38 1
CARD 
Jibs_PC#4875085262140228608 placearmies 39 1
CARD 
Jibs_PC#4875085262140228608 placearmies 23 1
CARD 
Jibs_PC#4875085262140228608 placearmies 38 1
CARD 
Jibs_PC#4875085262140228608 placearmies 6 1
CARD 
Jibs_PC#4875085262140228608 placearmies 22 1
CARD 
Jibs_PC#4875085262140228608 placearmies 38 1
CARD 
Jibs_PC#4875085262140228608 placearmies 42 1
CARD 
Jibs_PC#4875085262140228608 placearmies 18 1
CARD 
Jibs_PC#4875085262140228608 placearmies 38 1
CARD 
Jibs_PC#4875085262140228608 placearmies 42 1
CARD 
Jibs_PC#4875085262140228608 placearmies 18 1
CARD 
Jibs_PC#4875085262140228608 placearmies 38 1
CARD 
Jibs_PC#4875085262140228608 placearmies 12 1
CARD 
Jibs_PC#4875085262140228608 placearmies 23 1
CARD 
Jibs_PC#4875085262140228608 placearmies 16 1
CARD 
Jibs_PC#4875085262140228608 placearmies 12 1
CARD 
Jibs_PC#4875085262140228608 placearmies 22 1
CARD 
Jibs_PC#4875085262140228608 placearmies 16 1
CARD 
Jibs_PC#4875085262140228608 placearmies 39 1
CARD 
Jibs_PC#4875085262140228608 placearmies 4 1
CARD 
Jibs_PC#4875085262140228608 placearmies 16 1
CARD 
Jibs_PC#4875085262140228608 placearmies 42 1
CARD 
Jibs_PC#4875085262140228608 placearmies 4 1
CARD 
Jibs_PC#4875085262140228608 placearmies 16 1
CARD 
Jibs_PC#4875085262140228608 placearmies 12 1
CARD 
Jibs_PC#4875085262140228608 placearmies 4 1
CARD 
Jibs_PC#4875085262140228608 placearmies 16 1
CARD 
Jibs_PC#4875085262140228608 placearmies 6 1
CARD 
Jibs_PC#4875085262140228608 placearmies 4 1
CARD 
Jibs_PC#4875085262140228608 placearmies 16 1
CARD 
Jibs_PC#4875085262140228608 placearmies 12 1
CARD 
Jibs_PC#4875085262140228608 placearmies 18 1
Jibs_PC#4875085262140228608 placearmies 22 1
Jibs_PC#4875085262140228608 placearmies 25 1
Jibs_PC#4875085262140228608 placearmies 25 1
Jibs_PC#4875085262140228608 attack 25 26
Jibs_PC#4875085262140228608 roll 2
Jibs_PC#4875085262140228608 roll 1
DICE 2 1 3 3 5 
Jibs_PC#4875085262140228608 roll 1
Jibs_PC#4875085262140228608 roll 1
DICE 1 1 5 3 
Jibs_PC#4875085262140228608 attack 23 21
Jibs_PC#4875085262140228608 roll 3
Jibs_PC#4875085262140228608 roll 1
DICE 3 1 5 3 2 1 
Jibs_PC#4875085262140228608 move all
Jibs_PC#4875085262140228608 attack 4 9
Jibs_PC#4875085262140228608 roll 3
Jibs_PC#4875085262140228608 roll 1
DICE 3 1 5 4 3 3 
Jibs_PC#4875085262140228608 move all
Jibs_PC#4875085262140228608 attack 18 19
Jibs_PC#4875085262140228608 roll 3
Jibs_PC#4875085262140228608 roll 1
DICE 3 1 5 4 4 3 
Jibs_PC#4875085262140228608 move all
Jibs_PC#4875085262140228608 attack 19 20
Jibs_PC#4875085262140228608 roll 3
Jibs_PC#4875085262140228608 roll 1
DICE 3 1 2 1 1 1 
Jibs_PC#4875085262140228608 move all
Jibs_PC#4875085262140228608 endattack
Jibs_PC#4875085262140228608 nomove
CARD 37
Jibs_PC#4875085262140228608 placearmies 8 1
Jibs_PC#4875085262140228608 placearmies 8 1
Jibs_PC#4875085262140228608 placearmies 8 1
Jibs_PC#4875085262140228608 placearmies 8 1
Jibs_PC#4875085262140228608 attack 8 7
Jibs_PC#4875085262140228608 roll 2
Jibs_PC#4875085262140228608 roll 1
DICE 2 1 5 4 3 
Jibs_PC#4875085262140228608 move 2
Jibs_PC#4875085262140228608 attack 16 20
Jibs_PC#4875085262140228608 roll 3
Jibs_PC#4875085262140228608 roll 2
DICE 3 2 5 4 3 0 0 
Jibs_PC#4875085262140228608 roll 3
Jibs_PC#4875085262140228608 roll 2
DICE 3 2 5 5 5 5 4 
Jibs_PC#4875085262140228608 roll 3
Jibs_PC#4875085262140228608 roll 2
DICE 3 2 5 3 3 4 1 
Jibs_PC#4875085262140228608 move all
Jibs_PC#4875085262140228608 endattack
Jibs_PC#4875085262140228608 nomove
CARD 31
Jibs_PC#4875085262140228608 placearmies 39 1
Jibs_PC#4875085262140228608 placearmies 31 1
Jibs_PC#4875085262140228608 placearmies 31 1
Jibs_PC#4875085262140228608 placearmies 31 1
Jibs_PC#4875085262140228608 attack 39 41
Jibs_PC#4875085262140228608 roll 2
Jibs_PC#4875085262140228608 roll 1
DICE 2 1 4 4 4 
Jibs_PC#4875085262140228608 roll 2
Jibs_PC#4875085262140228608 roll 1
DICE 2 1 4 3 2 
Jibs_PC#4875085262140228608 move 2
Jibs_PC#4875085262140228608 attack 42 40
Jibs_PC#4875085262140228608 roll 2
Jibs_PC#4875085262140228608 roll 1
DICE 2 1 4 4 5 
Jibs_PC#4875085262140228608 roll 2
Jibs_PC#4875085262140228608 roll 1
DICE 2 1 2 1 5 
Jibs_PC#4875085262140228608 roll 2
Jibs_PC#4875085262140228608 roll 1
DICE 2 1 0 0 2 
Jibs_PC#4875085262140228608 roll 1
Jibs_PC#4875085262140228608 roll 1
DICE 1 1 1 3 
Jibs_PC#4875085262140228608 attack 39 40
Jibs_PC#4875085262140228608 roll 3
Jibs_PC#4875085262140228608 roll 1
DICE 3 1 3 1 0 4 
Jibs_PC#4875085262140228608 roll 3
Jibs_PC#4875085262140228608 roll 1
DICE 3 1 4 1 0 4 
Jibs_PC#4875085262140228608 roll 3
Jibs_PC#4875085262140228608 roll 1
DICE 3 1 5 1 0 0 
Jibs_PC#4875085262140228608 attack 6 14
Jibs_PC#4875085262140228608 roll 3
Jibs_PC#4875085262140228608 roll 1
DICE 3 1 5 3 1 5 
Jibs_PC#4875085262140228608 roll 3
Jibs_PC#4875085262140228608 roll 1
DICE 3 1 5 2 1 4 
Jibs_PC#4875085262140228608 move all
Jibs_PC#4875085262140228608 attack 12 10
Jibs_PC#4875085262140228608 roll 3
Jibs_PC#4875085262140228608 roll 1
DICE 3 1 5 4 0 1 
Jibs_PC#4875085262140228608 move 3
Jibs_PC#4875085262140228608 attack 14 15
Jibs_PC#4875085262140228608 roll 2
Jibs_PC#4875085262140228608 roll 1
DICE 2 1 4 3 2 
Jibs_PC#4875085262140228608 move 2
Jibs_PC#4875085262140228608 attack 14 17
Jibs_PC#4875085262140228608 roll 2
Jibs_PC#4875085262140228608 roll 1
DICE 2 1 0 0 1 
Jibs_PC#4875085262140228608 roll 1
Jibs_PC#4875085262140228608 roll 1
DICE 1 1 3 4 
Jibs_PC#4875085262140228608 endattack
Jibs_PC#4875085262140228608 movearmies 40 39 2
CARD 26
Jibs_PC#4875085262140228608 placearmies 21 1
Jibs_PC#4875085262140228608 placearmies 22 1
Jibs_PC#4875085262140228608 placearmies 21 1
Jibs_PC#4875085262140228608 placearmies 21 1
Jibs_PC#4875085262140228608 placearmies 22 1
Jibs_PC#4875085262140228608 placearmies 21 1
Jibs_PC#4875085262140228608 placearmies 21 1
Jibs_PC#4875085262140228608 attack 21 12
Jibs_PC#4875085262140228608 roll 2
Jibs_PC#4875085262140228608 roll 2
DICE 2 2 4 0 5 3 
Jibs_PC#4875085262140228608 roll 2
Jibs_PC#4875085262140228608 roll 2
DICE 2 2 4 1 4 2 
Jibs_PC#4875085262140228608 roll 2
Jibs_PC#4875085262140228608 roll 2
DICE 2 2 5 2 4 2 
Jibs_PC#4875085262140228608 roll 1
Jibs_PC#4875085262140228608 roll 1
DICE 1 1 1 0 
Jibs_PC#4875085262140228608 move 1
Jibs_PC#4875085262140228608 endattack
Jibs_PC#4875085262140228608 movearmies 9 5 3
CARD 18
Jibs_PC#4875085262140228608 placearmies 33 1
Jibs_PC#4875085262140228608 placearmies 33 1
Jibs_PC#4875085262140228608 placearmies 33 1
Jibs_PC#4875085262140228608 attack 33 29
Jibs_PC#4875085262140228608 roll 3
Jibs_PC#4875085262140228608 roll 1
DICE 3 1 1 1 0 5 
Jibs_PC#4875085262140228608 roll 3
Jibs_PC#4875085262140228608 roll 1
DICE 3 1 5 2 1 0 
Jibs_PC#4875085262140228608 move all
Jibs_PC#4875085262140228608 attack 38 35
Jibs_PC#4875085262140228608 roll 3
Jibs_PC#4875085262140228608 roll 1
DICE 3 1 2 1 1 4 
Jibs_PC#4875085262140228608 roll 3
Jibs_PC#4875085262140228608 roll 1
DICE 3 1 4 3 1 5 
Jibs_PC#4875085262140228608 roll 3
Jibs_PC#4875085262140228608 roll 1
DICE 3 1 4 4 0 1 
Jibs_PC#4875085262140228608 move 3
Jibs_PC#4875085262140228608 attack 29 32
Jibs_PC#4875085262140228608 roll 2
Jibs_PC#4875085262140228608 roll 1
DICE 2 1 3 2 3 
Jibs_PC#4875085262140228608 roll 2
Jibs_PC#4875085262140228608 roll 1
DICE 2 1 5 2 1 
Jibs_PC#4875085262140228608 move 2
Jibs_PC#4875085262140228608 attack 29 28
Jibs_PC#4875085262140228608 roll 2
Jibs_PC#4875085262140228608 roll 1
DICE 2 1 4 1 2 
Jibs_PC#4875085262140228608 move 2
Jibs_PC#4875085262140228608 attack 20 19
Jibs_PC#4875085262140228608 roll 1
Jibs_PC#4875085262140228608 roll 1
DICE 1 1 5 0 
Jibs_PC#4875085262140228608 move 1
Jibs_PC#4875085262140228608 attack 7 3
Jibs_PC#4875085262140228608 roll 1
Jibs_PC#4875085262140228608 roll 1
DICE 1 1 1 1 
Jibs_PC#4875085262140228608 attack 8 9
Jibs_PC#4875085262140228608 roll 1
Jibs_PC#4875085262140228608 roll 1
DICE 1 1 0 2 
Jibs_PC#4875085262140228608 endattack
Jibs_PC#4875085262140228608 movearmies 29 33 3
CARD 9
Jibs_PC#4875085262140228608 placearmies 31 1
Jibs_PC#4875085262140228608 placearmies 31 1
Jibs_PC#4875085262140228608 placearmies 31 1
Jibs_PC#4875085262140228608 placearmies 31 1
Jibs_PC#4875085262140228608 placearmies 31 1
Jibs_PC#4875085262140228608 placearmies 31 1
Jibs_PC#4875085262140228608 attack 10 12
Jibs_PC#4875085262140228608 roll 2
Jibs_PC#4875085262140228608 roll 1
DICE 2 1 4 2 2 
Jibs_PC#4875085262140228608 attack 15 18
Jibs_PC#4875085262140228608 roll 1
Jibs_PC#4875085262140228608 roll 1
DICE 1 1 1 0 
Jibs_PC#4875085262140228608 endattack
Jibs_PC#4875085262140228608 movearmies 41 39 1
CARD 20
Jibs_PC#4875085262140228608 placearmies 21 1
Jibs_PC#4875085262140228608 placearmies 21 1
Jibs_PC#4875085262140228608 placearmies 22 1
Jibs_PC#4875085262140228608 placearmies 5 1
Jibs_PC#4875085262140228608 placearmies 5 1
Jibs_PC#4875085262140228608 placearmies 5 1
Jibs_PC#4875085262140228608 placearmies 5 1
Jibs_PC#4875085262140228608 attack 5 10
Jibs_PC#4875085262140228608 roll 3
Jibs_PC#4875085262140228608 roll 1
DICE 3 1 3 1 1 3 
Jibs_PC#4875085262140228608 roll 3
Jibs_PC#4875085262140228608 roll 1
DICE 3 1 5 5 1 3 
Jibs_PC#4875085262140228608 move all
Jibs_PC#4875085262140228608 attack 10 12
Jibs_PC#4875085262140228608 roll 3
Jibs_PC#4875085262140228608 roll 2
DICE 3 2 4 4 0 5 3 
Jibs_PC#4875085262140228608 roll 3
Jibs_PC#4875085262140228608 roll 1
DICE 3 1 5 5 5 0 
Jibs_PC#4875085262140228608 attack 12 13
Jibs_PC#4875085262140228608 roll 2
Jibs_PC#4875085262140228608 roll 1
DICE 2 1 0 0 0 
Jibs_PC#4875085262140228608 roll 1
Jibs_PC#4875085262140228608 roll 1
DICE 1 1 5 2 
Jibs_PC#4875085262140228608 endattack
Jibs_PC#4875085262140228608 nomove
CARD 2
Jibs_PC#4875085262140228608 placearmies 20 1
Jibs_PC#4875085262140228608 placearmies 20 1
Jibs_PC#4875085262140228608 placearmies 20 1
Jibs_PC#4875085262140228608 placearmies 20 1
Jibs_PC#4875085262140228608 placearmies 20 1
Jibs_PC#4875085262140228608 attack 20 21
Jibs_PC#4875085262140228608 roll 3
Jibs_PC#4875085262140228608 roll 2
DICE 3 2 3 3 1 5 2 
Jibs_PC#4875085262140228608 roll 3
Jibs_PC#4875085262140228608 roll 2
DICE 3 2 5 5 5 1 0 
Jibs_PC#4875085262140228608 roll 3
Jibs_PC#4875085262140228608 roll 2
DICE 3 2 4 3 3 5 1 
Jibs_PC#4875085262140228608 roll 3
Jibs_PC#4875085262140228608 roll 2
DICE 3 2 3 3 1 2 0 
Jibs_PC#4875085262140228608 roll 3
Jibs_PC#4875085262140228608 roll 1
DICE 3 1 5 4 1 2 
Jibs_PC#4875085262140228608 move all
Jibs_PC#4875085262140228608 attack 21 12
Jibs_PC#4875085262140228608 roll 3
Jibs_PC#4875085262140228608 roll 1
DICE 3 1 4 2 0 0 
Jibs_PC#4875085262140228608 move 3
Jibs_PC#4875085262140228608 attack 12 10
Jibs_PC#4875085262140228608 roll 2
Jibs_PC#4875085262140228608 roll 1
DICE 2 1 5 2 0 
Jibs_PC#4875085262140228608 attack 10 5
Jibs_PC#4875085262140228608 roll 1
Jibs_PC#4875085262140228608 roll 1
DICE 1 1 3 1 
Jibs_PC#4875085262140228608 attack 38 1
Jibs_PC#4875085262140228608 roll 2
Jibs_PC#4875085262140228608 roll 1
DICE 2 1 3 1 4 
Jibs_PC#4875085262140228608 roll 1
Jibs_PC#4875085262140228608 roll 1
DICE 1 1 3 3 
Jibs_PC#4875085262140228608 endattack
Jibs_PC#4875085262140228608 movearmies 35 36 2
CARD 3
Jibs_PC#4875085262140228608 placearmies 18 1
Jibs_PC#4875085262140228608 placearmies 18 1
Jibs_PC#4875085262140228608 placearmies 18 1
Jibs_PC#4875085262140228608 placearmies 18 1
Jibs_PC#4875085262140228608 placearmies 18 1
Jibs_PC#4875085262140228608 placearmies 18 1
Jibs_PC#4875085262140228608 attack 18 17
Jibs_PC#4875085262140228608 roll 2
Jibs_PC#4875085262140228608 roll 1
DICE 2 1 5 5 2 
Jibs_PC#4875085262140228608 move 2
Jibs_PC#4875085262140228608 attack 18 16
Jibs_PC#4875085262140228608 roll 2
Jibs_PC#4875085262140228608 roll 1
DICE 2 1 4 2 4 
Jibs_PC#4875085262140228608 roll 2
Jibs_PC#4875085262140228608 roll 1
DICE 2 1 4 3 2 
Jibs_PC#4875085262140228608 move 2
Jibs_PC#4875085262140228608 attack 18 19
Jibs_PC#4875085262140228608 roll 1
Jibs_PC#4875085262140228608 roll 1
DICE 1 1 1 4 
Jibs_PC#4875085262140228608 attack 16 20
Jibs_PC#4875085262140228608 roll 1
Jibs_PC#4875085262140228608 roll 1
DICE 1 1 1 1 
Jibs_PC#4875085262140228608 attack 31 20
Jibs_PC#4875085262140228608 roll 3
Jibs_PC#4875085262140228608 roll 1
DICE 3 1 3 2 0 5 
Jibs_PC#4875085262140228608 roll 3
Jibs_PC#4875085262140228608 roll 1
DICE 3 1 4 2 0 4 
Jibs_PC#4875085262140228608 roll 3
Jibs_PC#4875085262140228608 roll 1
DICE 3 1 5 2 1 1 
Jibs_PC#4875085262140228608 move 3
Jibs_PC#4875085262140228608 attack 20 19
Jibs_PC#4875085262140228608 roll 2
Jibs_PC#4875085262140228608 roll 1
DICE 2 1 1 0 2 
Jibs_PC#4875085262140228608 roll 1
Jibs_PC#4875085262140228608 roll 1
DICE 1 1 3 0 
Jibs_PC#4875085262140228608 endattack
Jibs_PC#4875085262140228608 movearmies 17 19 1
CARD 32
Jibs_PC#4875085262140228608 trade 37 18 2
Jibs_PC#4875085262140228608 placearmies 23 1
Jibs_PC#4875085262140228608 placearmies 23 1
Jibs_PC#4875085262140228608 placearmies 23 1
Jibs_PC#4875085262140228608 placearmies 23 1
Jibs_PC#4875085262140228608 placearmies 23 1
Jibs_PC#4875085262140228608 placearmies 23 1
Jibs_PC#4875085262140228608 placearmies 13 1
Jibs_PC#4875085262140228608 placearmies 13 1
Jibs_PC#4875085262140228608 placearmies 13 1
Jibs_PC#4875085262140228608 placearmies 13 1
Jibs_PC#4875085262140228608 placearmies 13 1
Jibs_PC#4875085262140228608 placearmies 13 1
Jibs_PC#4875085262140228608 placearmies 13 1
Jibs_PC#4875085262140228608 attack 23 21
Jibs_PC#4875085262140228608 roll 3
Jibs_PC#4875085262140228608 roll 2
DICE 3 2 2 1 1 3 0 
Jibs_PC#4875085262140228608 roll 3
Jibs_PC#4875085262140228608 roll 2
DICE 3 2 5 3 0 5 0 
Jibs_PC#4875085262140228608 roll 3
Jibs_PC#4875085262140228608 roll 1
DICE 3 1 3 2 2 1 
Jibs_PC#4875085262140228608 move all
Jibs_PC#4875085262140228608 attack 22 20
Jibs_PC#4875085262140228608 roll 1
Jibs_PC#4875085262140228608 roll 1
DICE 1 1 4 0 
Jibs_PC#4875085262140228608 move 1
Jibs_PC#4875085262140228608 attack 13 11
Jibs_PC#4875085262140228608 roll 3
Jibs_PC#4875085262140228608 roll 1
DICE 3 1 5 5 4 3 
Jibs_PC#4875085262140228608 move all
Jibs_PC#4875085262140228608 attack 11 12
Jibs_PC#4875085262140228608 roll 3
Jibs_PC#4875085262140228608 roll 1
DICE 3 1 5 0 0 3 
Jibs_PC#4875085262140228608 move all
Jibs_PC#4875085262140228608 attack 12 10
Jibs_PC#4875085262140228608 roll 1
Jibs_PC#4875085262140228608 roll 1
DICE 1 1 4 5 
Jibs_PC#4875085262140228608 roll 3
Jibs_PC#4875085262140228608 roll 1
DICE 3 1 5 4 1 1 
Jibs_PC#4875085262140228608 move 3
Jibs_PC#4875085262140228608 endattack
Jibs_PC#4875085262140228608 movearmies 12 10 1
CARD 39
Jibs_PC#4875085262140228608 placearmies 7 1
Jibs_PC#4875085262140228608 placearmies 7 1
Jibs_PC#4875085262140228608 placearmies 7 1
Jibs_PC#4875085262140228608 placearmies 7 1
Jibs_PC#4875085262140228608 attack 7 3
Jibs_PC#4875085262140228608 roll 2
Jibs_PC#4875085262140228608 roll 1
DICE 2 1 4 2 0 
Jibs_PC#4875085262140228608 move 2
Jibs_PC#4875085262140228608 attack 3 4
Jibs_PC#4875085262140228608 roll 1
Jibs_PC#4875085262140228608 roll 1
DICE 1 1 4 1 
Jibs_PC#4875085262140228608 attack 7 9
Jibs_PC#4875085262140228608 roll 2
Jibs_PC#4875085262140228608 roll 1
DICE 2 1 5 2 5 
Jibs_PC#4875085262140228608 roll 1
Jibs_PC#4875085262140228608 roll 1
DICE 1 1 3 1 
Jibs_PC#4875085262140228608 attack 28 16
Jibs_PC#4875085262140228608 roll 1
Jibs_PC#4875085262140228608 roll 1
DICE 1 1 4 0 
Jibs_PC#4875085262140228608 endattack
Jibs_PC#4875085262140228608 movearmies 36 38 3
CARD 16
Jibs_PC#4875085262140228608 placearmies 31 1
Jibs_PC#4875085262140228608 placearmies 31 1
Jibs_PC#4875085262140228608 placearmies 31 1
Jibs_PC#4875085262140228608 placearmies 31 1
Jibs_PC#4875085262140228608 placearmies 31 1
Jibs_PC#4875085262140228608 placearmies 31 1
Jibs_PC#4875085262140228608 attack 31 16
Jibs_PC#4875085262140228608 roll 2
Jibs_PC#4875085262140228608 roll 1
DICE 2 1 5 2 3 
Jibs_PC#4875085262140228608 move 2
Jibs_PC#4875085262140228608 attack 16 20
Jibs_PC#4875085262140228608 roll 1
Jibs_PC#4875085262140228608 roll 1
DICE 1 1 2 2 
Jibs_PC#4875085262140228608 attack 31 20
Jibs_PC#4875085262140228608 roll 2
Jibs_PC#4875085262140228608 roll 1
DICE 2 1 2 2 3 
Jibs_PC#4875085262140228608 roll 2
Jibs_PC#4875085262140228608 roll 1
DICE 2 1 1 0 4 
Jibs_PC#4875085262140228608 roll 2
Jibs_PC#4875085262140228608 roll 1
DICE 2 1 4 1 3 
Jibs_PC#4875085262140228608 move 2
Jibs_PC#4875085262140228608 attack 31 22
Jibs_PC#4875085262140228608 roll 3
Jibs_PC#4875085262140228608 roll 2
DICE 3 2 3 3 1 1 1 
Jibs_PC#4875085262140228608 roll 3
Jibs_PC#4875085262140228608 roll 2
DICE 3 2 5 3 2 1 1 
Jibs_PC#4875085262140228608 roll 3
Jibs_PC#4875085262140228608 roll 2
DICE 3 2 5 1 0 1 0 
Jibs_PC#4875085262140228608 roll 3
Jibs_PC#4875085262140228608 roll 2
DICE 3 2 5 3 0 4 0 
Jibs_PC#4875085262140228608 roll 3
Jibs_PC#4875085262140228608 roll 2
DICE 3 2 1 1 0 2 0 
Jibs_PC#4875085262140228608 roll 3
Jibs_PC#4875085262140228608 roll 1
DICE 3 1 5 2 2 5 
Jibs_PC#4875085262140228608 roll 2
Jibs_PC#4875085262140228608 roll 1
DICE 2 1 4 0 2 
Jibs_PC#4875085262140228608 attack 22 24
Jibs_PC#4875085262140228608 roll 1
Jibs_PC#4875085262140228608 roll 1
DICE 1 1 5 1 
Jibs_PC#4875085262140228608 attack 20 21
Jibs_PC#4875085262140228608 retreat
Jibs_PC#4875085262140228608 endattack
Jibs_PC#4875085262140228608 nomove
CARD 21
Jibs_PC#4875085262140228608 placearmies 23 1
Jibs_PC#4875085262140228608 placearmies 23 1
Jibs_PC#4875085262140228608 placearmies 23 1
Jibs_PC#4875085262140228608 placearmies 23 1
Jibs_PC#4875085262140228608 placearmies 23 1
Jibs_PC#4875085262140228608 attack 23 24
Jibs_PC#4875085262140228608 roll 3
Jibs_PC#4875085262140228608 roll 1
DICE 3 1 3 2 2 2 
Jibs_PC#4875085262140228608 move all
Jibs_PC#4875085262140228608 attack 24 22
Jibs_PC#4875085262140228608 roll 3
Jibs_PC#4875085262140228608 roll 1
DICE 3 1 5 5 4 5 
Jibs_PC#4875085262140228608 roll 3
Jibs_PC#4875085262140228608 roll 1
DICE 3 1 1 1 0 3 
Jibs_PC#4875085262140228608 retreat
Jibs_PC#4875085262140228608 attack 24 22
Jibs_PC#4875085262140228608 roll 2
Jibs_PC#4875085262140228608 roll 1
DICE 2 1 5 5 3 
Jibs_PC#4875085262140228608 attack 21 19
Jibs_PC#4875085262140228608 roll 3
Jibs_PC#4875085262140228608 roll 2
DICE 3 2 5 1 1 2 0 
Jibs_PC#4875085262140228608 endattack
Jibs_PC#4875085262140228608 movearmies 19 21 2
CARD 24
Jibs_PC#4875085262140228608 trade 31 9 16
Jibs_PC#4875085262140228608 placearmies 8 1
Jibs_PC#4875085262140228608 placearmies 8 1
Jibs_PC#4875085262140228608 placearmies 8 1
Jibs_PC#4875085262140228608 placearmies 5 1
Jibs_PC#4875085262140228608 placearmies 5 1
Jibs_PC#4875085262140228608 placearmies 5 1
Jibs_PC#4875085262140228608 placearmies 5 1
Jibs_PC#4875085262140228608 placearmies 5 1
Jibs_PC#4875085262140228608 placearmies 38 1
Jibs_PC#4875085262140228608 placearmies 5 1
Jibs_PC#4875085262140228608 placearmies 32 1
Jibs_PC#4875085262140228608 placearmies 32 1
Jibs_PC#4875085262140228608 placearmies 32 1
Jibs_PC#4875085262140228608 attack 32 31
Jibs_PC#4875085262140228608 roll 3
Jibs_PC#4875085262140228608 roll 1
DICE 3 1 4 3 0 0 
Jibs_PC#4875085262140228608 move all
Jibs_PC#4875085262140228608 attack 8 6
Jibs_PC#4875085262140228608 roll 3
Jibs_PC#4875085262140228608 roll 1
DICE 3 1 5 3 1 1 
Jibs_PC#4875085262140228608 attack 6 2
Jibs_PC#4875085262140228608 roll 2
Jibs_PC#4875085262140228608 roll 1
DICE 2 1 5 3 0 
Jibs_PC#4875085262140228608 attack 2 1
Jibs_PC#4875085262140228608 roll 1
Jibs_PC#4875085262140228608 roll 1
DICE 1 1 2 2 
Jibs_PC#4875085262140228608 attack 38 1
Jibs_PC#4875085262140228608 roll 3
Jibs_PC#4875085262140228608 roll 1
DICE 3 1 2 2 1 5 
Jibs_PC#4875085262140228608 roll 3
Jibs_PC#4875085262140228608 roll 1
DICE 3 1 4 3 2 4 
Jibs_PC#4875085262140228608 roll 2
Jibs_PC#4875085262140228608 roll 1
DICE 2 1 1 0 1 
Jibs_PC#4875085262140228608 roll 1
Jibs_PC#4875085262140228608 roll 1
DICE 1 1 5 5 
Jibs_PC#4875085262140228608 attack 5 10
Jibs_PC#4875085262140228608 roll 3
Jibs_PC#4875085262140228608 roll 2
DICE 3 2 4 2 0 5 4 
Jibs_PC#4875085262140228608 roll 3
Jibs_PC#4875085262140228608 roll 2
DICE 3 2 5 3 1 4 3 
Jibs_PC#4875085262140228608 roll 3
Jibs_PC#4875085262140228608 roll 2
DICE 3 2 4 3 1 5 3 
Jibs_PC#4875085262140228608 roll 1
Jibs_PC#4875085262140228608 roll 2
DICE 1 2 2 4 2 
Jibs_PC#4875085262140228608 attack 31 22
Jibs_PC#4875085262140228608 roll 3
Jibs_PC#4875085262140228608 roll 2
DICE 3 2 5 4 4 5 0 
Jibs_PC#4875085262140228608 roll 2
Jibs_PC#4875085262140228608 roll 1
DICE 2 1 2 0 1 
Jibs_PC#4875085262140228608 attack 22 24
Jibs_PC#4875085262140228608 roll 1
Jibs_PC#4875085262140228608 roll 1
DICE 1 1 4 0 
Jibs_PC#4875085262140228608 endattack
Jibs_PC#4875085262140228608 movearmies 9 5 2
CARD 36
Jibs_PC#4875085262140228608 trade 26 32 21
Jibs_PC#4875085262140228608 placearmies 39 1
Jibs_PC#4875085262140228608 placearmies 20 1
Jibs_PC#4875085262140228608 placearmies 20 1
Jibs_PC#4875085262140228608 placearmies 20 1
Jibs_PC#4875085262140228608 placearmies 20 1
Jibs_PC#4875085262140228608 placearmies 20 1
Jibs_PC#4875085262140228608 placearmies 20 1
Jibs_PC#4875085262140228608 placearmies 20 1
Jibs_PC#4875085262140228608 placearmies 20 1
Jibs_PC#4875085262140228608 attack 20 19
Jibs_PC#4875085262140228608 roll 3
Jibs_PC#4875085262140228608 roll 1
DICE 3 1 5 2 1 0 
Jibs_PC#4875085262140228608 move all
Jibs_PC#4875085262140228608 attack 19 21
Jibs_PC#4875085262140228608 roll 3
Jibs_PC#4875085262140228608 roll 2
DICE 3 2 4 3 1 2 2 
Jibs_PC#4875085262140228608 roll 3
Jibs_PC#4875085262140228608 roll 1
DICE 3 1 5 3 1 5 
Jibs_PC#4875085262140228608 roll 3
Jibs_PC#4875085262140228608 roll 1
DICE 3 1 4 1 0 0 
Jibs_PC#4875085262140228608 move all
Jibs_PC#4875085262140228608 attack 21 23
Jibs_PC#4875085262140228608 roll 3
Jibs_PC#4875085262140228608 roll 1
DICE 3 1 5 4 0 1 
Jibs_PC#4875085262140228608 move 3
Jibs_PC#4875085262140228608 attack 21 22
Jibs_PC#4875085262140228608 roll 3
Jibs_PC#4875085262140228608 roll 1
DICE 3 1 5 4 1 5 
Jibs_PC#4875085262140228608 roll 2
Jibs_PC#4875085262140228608 roll 1
DICE 2 1 5 2 5 
Jibs_PC#4875085262140228608 roll 1
Jibs_PC#4875085262140228608 roll 1
DICE 1 1 1 4 
Jibs_PC#4875085262140228608 attack 23 25
Jibs_PC#4875085262140228608 roll 2
Jibs_PC#4875085262140228608 roll 1
DICE 2 1 2 0 2 
Jibs_PC#4875085262140228608 roll 1
Jibs_PC#4875085262140228608 roll 1
DICE 1 1 4 2 
Jibs_PC#4875085262140228608 attack 39 33
Jibs_PC#4875085262140228608 roll 3
Jibs_PC#4875085262140228608 roll 2
DICE 3 2 5 5 3 3 1 
Jibs_PC#4875085262140228608 roll 3
Jibs_PC#4875085262140228608 roll 2
DICE 3 2 5 2 0 4 2 
Jibs_PC#4875085262140228608 roll 3
Jibs_PC#4875085262140228608 roll 1
DICE 3 1 5 5 4 4 
Jibs_PC#4875085262140228608 endattack
Jibs_PC#4875085262140228608 nomove
CARD 40
Jibs_PC#4875085262140228608 placearmies 12 1
Jibs_PC#4875085262140228608 placearmies 12 1
Jibs_PC#4875085262140228608 placearmies 10 1
Jibs_PC#4875085262140228608 placearmies 12 1
Jibs_PC#4875085262140228608 placearmies 12 1
Jibs_PC#4875085262140228608 attack 12 21
Jibs_PC#4875085262140228608 roll 1
Jibs_PC#4875085262140228608 roll 1
DICE 1 1 1 4 
Jibs_PC#4875085262140228608 roll 1
Jibs_PC#4875085262140228608 roll 1
DICE 1 1 2 4 
Jibs_PC#4875085262140228608 roll 2
Jibs_PC#4875085262140228608 roll 1
DICE 2 1 5 3 5 
Jibs_PC#4875085262140228608 roll 1
Jibs_PC#4875085262140228608 roll 1
DICE 1 1 2 4 
Jibs_PC#4875085262140228608 attack 10 5
Jibs_PC#4875085262140228608 roll 3
Jibs_PC#4875085262140228608 roll 2
DICE 3 2 4 3 2 4 0 
Jibs_PC#4875085262140228608 roll 2
Jibs_PC#4875085262140228608 roll 2
DICE 2 2 2 1 5 4 
Jibs_PC#4875085262140228608 endattack
Jibs_PC#4875085262140228608 nomove
CARD 
Jibs_PC#4875085262140228608 placearmies 5 1
Jibs_PC#4875085262140228608 placearmies 5 1
Jibs_PC#4875085262140228608 placearmies 5 1
Jibs_PC#4875085262140228608 placearmies 5 1
Jibs_PC#4875085262140228608 placearmies 5 1
Jibs_PC#4875085262140228608 placearmies 5 1
Jibs_PC#4875085262140228608 placearmies 5 1
Jibs_PC#4875085262140228608 attack 5 10
Jibs_PC#4875085262140228608 roll 3
Jibs_PC#4875085262140228608 roll 1
DICE 3 1 3 1 0 3 
Jibs_PC#4875085262140228608 roll 3
Jibs_PC#4875085262140228608 roll 1
DICE 3 1 5 4 1 5 
Jibs_PC#4875085262140228608 roll 3
Jibs_PC#4875085262140228608 roll 1
DICE 3 1 1 1 0 3 
Jibs_PC#4875085262140228608 roll 3
Jibs_PC#4875085262140228608 roll 1
DICE 3 1 1 1 1 2 
Jibs_PC#4875085262140228608 roll 3
Jibs_PC#4875085262140228608 roll 1
DICE 3 1 3 2 1 0 
Jibs_PC#4875085262140228608 move all
Jibs_PC#4875085262140228608 attack 10 11
Jibs_PC#4875085262140228608 roll 2
Jibs_PC#4875085262140228608 roll 1
DICE 2 1 3 0 1 
Jibs_PC#4875085262140228608 move 2
Jibs_PC#4875085262140228608 attack 10 12
Jibs_PC#4875085262140228608 roll 1
Jibs_PC#4875085262140228608 roll 1
DICE 1 1 1 1 
Jibs_PC#4875085262140228608 attack 11 12
Jibs_PC#4875085262140228608 roll 1
Jibs_PC#4875085262140228608 roll 1
DICE 1 1 1 1 
Jibs_PC#4875085262140228608 endattack
Jibs_PC#4875085262140228608 nomove
CARD 38
Jibs_PC#4875085262140228608 placearmies 21 1
Jibs_PC#4875085262140228608 placearmies 21 1
Jibs_PC#4875085262140228608 placearmies 21 1
Jibs_PC#4875085262140228608 placearmies 21 1
Jibs_PC#4875085262140228608 placearmies 21 1
Jibs_PC#4875085262140228608 placearmies 21 1
Jibs_PC#4875085262140228608 placearmies 21 1
Jibs_PC#4875085262140228608 placearmies 21 1
Jibs_PC#4875085262140228608 placearmies 21 1
Jibs_PC#4875085262140228608 placearmies 21 1
Jibs_PC#4875085262140228608 placearmies 25 1
Jibs_PC#4875085262140228608 placearmies 25 1
Jibs_PC#4875085262140228608 attack 25 26
Jibs_PC#4875085262140228608 roll 2
Jibs_PC#4875085262140228608 roll 1
DICE 2 1 4 4 4 
Jibs_PC#4875085262140228608 roll 1
Jibs_PC#4875085262140228608 roll 1
DICE 1 1 4 0 
Jibs_PC#4875085262140228608 attack 21 12
Jibs_PC#4875085262140228608 roll 2
Jibs_PC#4875085262140228608 roll 1
DICE 2 1 5 1 5 
Jibs_PC#4875085262140228608 roll 3
Jibs_PC#4875085262140228608 roll 1
DICE 3 1 5 4 1 0 
Jibs_PC#4875085262140228608 move all
Jibs_PC#4875085262140228608 attack 12 13
Jibs_PC#4875085262140228608 roll 3
Jibs_PC#4875085262140228608 roll 1
DICE 3 1 2 2 1 3 
Jibs_PC#4875085262140228608 roll 3
Jibs_PC#4875085262140228608 roll 1
DICE 3 1 5 2 0 2 
Jibs_PC#4875085262140228608 move 3
Jibs_PC#4875085262140228608 attack 13 11
Jibs_PC#4875085262140228608 roll 2
Jibs_PC#4875085262140228608 roll 1
DICE 2 1 3 2 1 
Jibs_PC#4875085262140228608 attack 11 10
Jibs_PC#4875085262140228608 roll 1
Jibs_PC#4875085262140228608 roll 1
DICE 1 1 2 1 
