Jibs_PC#2681599567746094080 newplayer human green s0914007
Jibs_PC#2681599567746094080 newplayer human blue bob
Jibs_PC#2681599567746094080 newplayer human red fred
Jibs_PC#2681599567746094080 newplayer human orange the grapes
Jibs_PC#2681599567746094080 newplayer human cyan mr abc
Jibs_PC#2681599567746094080 newplayer human magenta newplayer
Jibs_PC#2681599567746094080 startgame mission fixed autoplaceall recycle
PLAYER bob
MISSION 5 4 0 1 0 0
PLACEALL 26 12 38 42 41 7 21 8 31 24 34 5 15 25 36 16 1 39 27 13 14 10 11 17 37 22 33 20 4 23 32 18 3 40 9 19 29 6 2 30 28 35
Jibs_PC#2681599567746094080 placearmies 26 1
CARD 
Jibs_PC#2681599567746094080 placearmies 13 1
CARD 
Jibs_PC#2681599567746094080 placearmies 36 1
CARD 
Jibs_PC#2681599567746094080 placearmies 42 1
CARD 
Jibs_PC#2681599567746094080 placearmies 9 1
CARD 
Jibs_PC#2681599567746094080 placearmies 5 1
CARD 
Jibs_PC#2681599567746094080 placearmies 15 1
CARD 
Jibs_PC#2681599567746094080 placearmies 12 1
CARD 
Jibs_PC#2681599567746094080 placearmies 38 1
CARD 
Jibs_PC#2681599567746094080 placearmies 40 1
CARD 
Jibs_PC#2681599567746094080 placearmies 4 1
CARD 
Jibs_PC#2681599567746094080 placearmies 7 1
CARD 
Jibs_PC#2681599567746094080 placearmies 21 1
CARD 
Jibs_PC#2681599567746094080 placearmies 12 1
CARD 
Jibs_PC#2681599567746094080 placearmies 38 1
CARD 
Jibs_PC#2681599567746094080 placearmies 42 1
CARD 
Jibs_PC#2681599567746094080 placearmies 1 1
CARD 
Jibs_PC#2681599567746094080 placearmies 5 1
CARD 
Jibs_PC#2681599567746094080 placearmies 15 1
CARD 
Jibs_PC#2681599567746094080 placearmies 13 1
CARD 
Jibs_PC#2681599567746094080 placearmies 33 1
CARD 
Jibs_PC#2681599567746094080 placearmies 40 1
CARD 
Jibs_PC#2681599567746094080 placearmies 1 1
CARD 
Jibs_PC#2681599567746094080 placearmies 7 1
CARD 
Jibs_PC#2681599567746094080 placearmies 15 1
CARD 
Jibs_PC#2681599567746094080 placearmies 13 1
CARD 
Jibs_PC#2681599567746094080 placearmies 31 1
CARD 
Jibs_PC#2681599567746094080 placearmies 42 1
CARD 
Jibs_PC#2681599567746094080 placearmies 4 1
CARD 
Jibs_PC#2681599567746094080 placearmies 7 1
CARD 
Jibs_PC#2681599567746094080 placearmies 15 1
CARD 
Jibs_PC#2681599567746094080 placearmies 12 1
CARD 
Jibs_PC#2681599567746094080 placearmies 36 1
CARD 
Jibs_PC#2681599567746094080 placearmies 40 1
CARD 
Jibs_PC#2681599567746094080 placearmies 9 1
CARD 
Jibs_PC#2681599567746094080 placearmies 23 1
CARD 
Jibs_PC#2681599567746094080 placearmies 15 1
CARD 
Jibs_PC#2681599567746094080 placearmies 12 1
CARD 
Jibs_PC#2681599567746094080 placearmies 31 1
CARD 
Jibs_PC#2681599567746094080 placearmies 16 1
CARD 
Jibs_PC#2681599567746094080 placearmies 9 1
CARD 
Jibs_PC#2681599567746094080 placearmies 23 1
CARD 
Jibs_PC#2681599567746094080 placearmies 32 1
CARD 
Jibs_PC#2681599567746094080 placearmies 22 1
CARD 
Jibs_PC#2681599567746094080 placearmies 33 1
CARD 
Jibs_PC#2681599567746094080 placearmies 16 1
CARD 
Jibs_PC#2681599567746094080 placearmies 41 1
CARD 
Jibs_PC#2681599567746094080 placearmies 23 1
CARD 
Jibs_PC#2681599567746094080 placearmies 15 1
CARD 
Jibs_PC#2681599567746094080 placearmies 13 1
CARD 
Jibs_PC#2681599567746094080 placearmies 38 1
CARD 
Jibs_PC#2681599567746094080 placearmies 16 1
CARD 
Jibs_PC#2681599567746094080 placearmies 4 1
CARD 
Jibs_PC#2681599567746094080 placearmies 5 1
CARD 
Jibs_PC#2681599567746094080 placearmies 15 1
CARD 
Jibs_PC#2681599567746094080 placearmies 22 1
CARD 
Jibs_PC#2681599567746094080 placearmies 33 1
CARD 
Jibs_PC#2681599567746094080 placearmies 20 1
CARD 
Jibs_PC#2681599567746094080 placearmies 41 1
CARD 
Jibs_PC#2681599567746094080 placearmies 23 1
CARD 
Jibs_PC#2681599567746094080 placearmies 15 1
CARD 
Jibs_PC#2681599567746094080 placearmies 22 1
CARD 
Jibs_PC#2681599567746094080 placearmies 36 1
CARD 
Jibs_PC#2681599567746094080 placearmies 20 1
CARD 
Jibs_PC#2681599567746094080 placearmies 1 1
CARD 
Jibs_PC#2681599567746094080 placearmies 7 1
CARD 
Jibs_PC#2681599567746094080 placearmies 15 1
CARD 
Jibs_PC#2681599567746094080 placearmies 22 1
CARD 
Jibs_PC#2681599567746094080 placearmies 31 1
CARD 
Jibs_PC#2681599567746094080 placearmies 20 1
CARD 
Jibs_PC#2681599567746094080 placearmies 41 1
CARD 
Jibs_PC#2681599567746094080 placearmies 5 1
CARD 
Jibs_PC#2681599567746094080 placearmies 32 1
CARD 
Jibs_PC#2681599567746094080 placearmies 22 1
CARD 
Jibs_PC#2681599567746094080 placearmies 36 1
CARD 
Jibs_PC#2681599567746094080 placearmies 16 1
CARD 
Jibs_PC#2681599567746094080 placearmies 9 1
CARD 
Jibs_PC#2681599567746094080 placearmies 7 1
CARD 
Jibs_PC#2681599567746094080 placearmies 15 1
Jibs_PC#2681599567746094080 placearmies 15 1
Jibs_PC#2681599567746094080 placearmies 15 1
Jibs_PC#2681599567746094080 attack 15 18
Jibs_PC#2681599567746094080 retreat
Jibs_PC#2681599567746094080 attack 15 14
Jibs_PC#2681599567746094080 roll 3
Jibs_PC#2681599567746094080 roll 1
DICE 3 1 5 4 1 0 
Jibs_PC#2681599567746094080 move all
Jibs_PC#2681599567746094080 attack 14 6
Jibs_PC#2681599567746094080 roll 3
Jibs_PC#2681599567746094080 roll 1
DICE 3 1 4 3 0 5 
Jibs_PC#2681599567746094080 roll 3
Jibs_PC#2681599567746094080 roll 1
DICE 3 1 3 3 2 4 
Jibs_PC#2681599567746094080 roll 3
Jibs_PC#2681599567746094080 roll 1
DICE 3 1 5 2 2 0 
Jibs_PC#2681599567746094080 move all
Jibs_PC#2681599567746094080 attack 6 2
Jibs_PC#2681599567746094080 roll 3
Jibs_PC#2681599567746094080 roll 1
DICE 3 1 4 2 1 5 
Jibs_PC#2681599567746094080 roll 3
Jibs_PC#2681599567746094080 roll 1
DICE 3 1 5 4 4 2 
Jibs_PC#2681599567746094080 move all
Jibs_PC#2681599567746094080 attack 2 1
Jibs_PC#2681599567746094080 roll 3
Jibs_PC#2681599567746094080 roll 2
DICE 3 2 5 2 2 3 2 
Jibs_PC#2681599567746094080 roll 3
Jibs_PC#2681599567746094080 roll 2
DICE 3 2 5 4 2 0 0 
Jibs_PC#2681599567746094080 roll 3
Jibs_PC#2681599567746094080 roll 1
DICE 3 1 4 3 0 5 
Jibs_PC#2681599567746094080 roll 3
Jibs_PC#2681599567746094080 roll 1
DICE 3 1 5 3 0 1 
Jibs_PC#2681599567746094080 move 3
Jibs_PC#2681599567746094080 attack 1 3
Jibs_PC#2681599567746094080 roll 2
Jibs_PC#2681599567746094080 roll 1
DICE 2 1 5 5 1 
Jibs_PC#2681599567746094080 attack 3 7
Jibs_PC#2681599567746094080 roll 1
Jibs_PC#2681599567746094080 roll 2
DICE 1 2 1 3 0 
Jibs_PC#2681599567746094080 attack 2 7
Jibs_PC#2681599567746094080 roll 1
Jibs_PC#2681599567746094080 roll 2
DICE 1 2 0 2 0 
Jibs_PC#2681599567746094080 attack 32 33
Jibs_PC#2681599567746094080 roll 2
Jibs_PC#2681599567746094080 roll 2
DICE 2 2 3 0 5 1 
Jibs_PC#2681599567746094080 attack 21 19
Jibs_PC#2681599567746094080 roll 1
Jibs_PC#2681599567746094080 roll 1
DICE 1 1 2 1 
Jibs_PC#2681599567746094080 attack 26 24
Jibs_PC#2681599567746094080 roll 1
Jibs_PC#2681599567746094080 roll 1
DICE 1 1 3 4 
Jibs_PC#2681599567746094080 endattack
Jibs_PC#2681599567746094080 nomove
CARD 2
Jibs_PC#2681599567746094080 placearmies 12 1
Jibs_PC#2681599567746094080 placearmies 12 1
Jibs_PC#2681599567746094080 placearmies 12 1
Jibs_PC#2681599567746094080 attack 12 10
Jibs_PC#2681599567746094080 roll 1
Jibs_PC#2681599567746094080 roll 1
DICE 1 1 4 5 
Jibs_PC#2681599567746094080 roll 3
Jibs_PC#2681599567746094080 roll 1
DICE 3 1 5 3 1 3 
Jibs_PC#2681599567746094080 move 3
Jibs_PC#2681599567746094080 attack 10 11
Jibs_PC#2681599567746094080 roll 2
Jibs_PC#2681599567746094080 roll 1
DICE 2 1 4 1 4 
Jibs_PC#2681599567746094080 roll 1
Jibs_PC#2681599567746094080 roll 1
DICE 1 1 5 2 
Jibs_PC#2681599567746094080 attack 22 31
Jibs_PC#2681599567746094080 roll 3
Jibs_PC#2681599567746094080 roll 2
DICE 3 2 5 2 1 0 0 
Jibs_PC#2681599567746094080 roll 3
Jibs_PC#2681599567746094080 roll 2
DICE 3 2 4 2 0 1 0 
Jibs_PC#2681599567746094080 move all
Jibs_PC#2681599567746094080 attack 31 32
Jibs_PC#2681599567746094080 roll 3
Jibs_PC#2681599567746094080 roll 1
DICE 3 1 4 3 2 4 
Jibs_PC#2681599567746094080 roll 3
Jibs_PC#2681599567746094080 roll 1
DICE 3 1 4 3 1 2 
Jibs_PC#2681599567746094080 attack 32 33
Jibs_PC#2681599567746094080 roll 2
Jibs_PC#2681599567746094080 roll 2
DICE 2 2 3 2 5 3 
Jibs_PC#2681599567746094080 attack 12 21
Jibs_PC#2681599567746094080 roll 3
Jibs_PC#2681599567746094080 roll 1
DICE 3 1 2 2 2 5 
Jibs_PC#2681599567746094080 retreat
Jibs_PC#2681599567746094080 endattack
Jibs_PC#2681599567746094080 movearmies 13 12 4
CARD 5
Jibs_PC#2681599567746094080 placearmies 38 1
Jibs_PC#2681599567746094080 placearmies 36 1
Jibs_PC#2681599567746094080 placearmies 33 1
Jibs_PC#2681599567746094080 attack 36 35
Jibs_PC#2681599567746094080 roll 3
Jibs_PC#2681599567746094080 roll 1
DICE 3 1 5 4 4 3 
Jibs_PC#2681599567746094080 move all
Jibs_PC#2681599567746094080 attack 35 27
Jibs_PC#2681599567746094080 roll 3
Jibs_PC#2681599567746094080 roll 1
DICE 3 1 5 3 3 2 
Jibs_PC#2681599567746094080 move all
Jibs_PC#2681599567746094080 attack 27 28
Jibs_PC#2681599567746094080 roll 3
Jibs_PC#2681599567746094080 roll 1
DICE 3 1 3 1 0 4 
Jibs_PC#2681599567746094080 roll 2
Jibs_PC#2681599567746094080 roll 1
DICE 2 1 2 2 5 
Jibs_PC#2681599567746094080 roll 1
Jibs_PC#2681599567746094080 roll 1
DICE 1 1 0 0 
Jibs_PC#2681599567746094080 attack 33 29
Jibs_PC#2681599567746094080 roll 3
Jibs_PC#2681599567746094080 roll 1
DICE 3 1 4 3 0 3 
Jibs_PC#2681599567746094080 move all
Jibs_PC#2681599567746094080 attack 29 32
Jibs_PC#2681599567746094080 roll 3
Jibs_PC#2681599567746094080 roll 1
DICE 3 1 3 2 1 0 
Jibs_PC#2681599567746094080 attack 32 30
Jibs_PC#2681599567746094080 roll 2
Jibs_PC#2681599567746094080 roll 1
DICE 2 1 4 3 2 
Jibs_PC#2681599567746094080 attack 30 28
Jibs_PC#2681599567746094080 roll 1
Jibs_PC#2681599567746094080 roll 1
DICE 1 1 5 0 
Jibs_PC#2681599567746094080 attack 38 34
Jibs_PC#2681599567746094080 roll 3
Jibs_PC#2681599567746094080 roll 1
DICE 3 1 5 3 3 5 
Jibs_PC#2681599567746094080 roll 3
Jibs_PC#2681599567746094080 roll 1
DICE 3 1 3 1 0 5 
Jibs_PC#2681599567746094080 roll 2
Jibs_PC#2681599567746094080 roll 1
DICE 2 1 4 4 1 
Jibs_PC#2681599567746094080 endattack
Jibs_PC#2681599567746094080 nomove
CARD 14
Jibs_PC#2681599567746094080 placearmies 20 1
Jibs_PC#2681599567746094080 placearmies 16 1
Jibs_PC#2681599567746094080 placearmies 42 1
Jibs_PC#2681599567746094080 attack 42 41
Jibs_PC#2681599567746094080 roll 3
Jibs_PC#2681599567746094080 roll 2
DICE 3 2 5 3 1 3 2 
Jibs_PC#2681599567746094080 roll 3
Jibs_PC#2681599567746094080 roll 2
DICE 3 2 4 3 2 4 3 
Jibs_PC#2681599567746094080 retreat
Jibs_PC#2681599567746094080 attack 42 41
Jibs_PC#2681599567746094080 roll 2
Jibs_PC#2681599567746094080 roll 2
DICE 2 2 4 3 4 0 
Jibs_PC#2681599567746094080 roll 1
Jibs_PC#2681599567746094080 roll 1
DICE 1 1 5 4 
Jibs_PC#2681599567746094080 attack 40 39
Jibs_PC#2681599567746094080 roll 3
Jibs_PC#2681599567746094080 roll 1
DICE 3 1 2 1 0 5 
Jibs_PC#2681599567746094080 roll 2
Jibs_PC#2681599567746094080 roll 1
DICE 2 1 2 1 4 
Jibs_PC#2681599567746094080 roll 1
Jibs_PC#2681599567746094080 roll 1
DICE 1 1 5 4 
Jibs_PC#2681599567746094080 attack 16 15
Jibs_PC#2681599567746094080 roll 3
Jibs_PC#2681599567746094080 roll 1
DICE 3 1 4 3 1 4 
Jibs_PC#2681599567746094080 roll 3
Jibs_PC#2681599567746094080 roll 1
DICE 3 1 5 3 2 3 
Jibs_PC#2681599567746094080 move all
Jibs_PC#2681599567746094080 attack 15 14
Jibs_PC#2681599567746094080 roll 3
Jibs_PC#2681599567746094080 roll 1
DICE 3 1 4 3 1 5 
Jibs_PC#2681599567746094080 roll 2
Jibs_PC#2681599567746094080 roll 1
DICE 2 1 5 4 4 
Jibs_PC#2681599567746094080 attack 14 17
Jibs_PC#2681599567746094080 roll 1
Jibs_PC#2681599567746094080 roll 1
DICE 1 1 3 0 
Jibs_PC#2681599567746094080 attack 20 18
Jibs_PC#2681599567746094080 roll 3
Jibs_PC#2681599567746094080 roll 1
DICE 3 1 3 1 0 2 
Jibs_PC#2681599567746094080 move all
Jibs_PC#2681599567746094080 attack 18 19
Jibs_PC#2681599567746094080 roll 3
Jibs_PC#2681599567746094080 roll 1
DICE 3 1 4 1 0 4 
Jibs_PC#2681599567746094080 roll 2
Jibs_PC#2681599567746094080 roll 1
DICE 2 1 2 1 3 
Jibs_PC#2681599567746094080 roll 1
Jibs_PC#2681599567746094080 roll 1
DICE 1 1 4 4 
Jibs_PC#2681599567746094080 endattack
Jibs_PC#2681599567746094080 nomove
CARD 37
Jibs_PC#2681599567746094080 placearmies 4 1
Jibs_PC#2681599567746094080 placearmies 9 1
Jibs_PC#2681599567746094080 placearmies 4 1
Jibs_PC#2681599567746094080 attack 9 5
Jibs_PC#2681599567746094080 roll 3
Jibs_PC#2681599567746094080 roll 2
DICE 3 2 4 4 3 4 1 
Jibs_PC#2681599567746094080 roll 3
Jibs_PC#2681599567746094080 roll 2
DICE 3 2 4 1 0 3 0 
Jibs_PC#2681599567746094080 roll 3
Jibs_PC#2681599567746094080 roll 2
DICE 3 2 2 1 0 5 2 
Jibs_PC#2681599567746094080 roll 2
Jibs_PC#2681599567746094080 roll 2
DICE 2 2 4 3 5 3 
Jibs_PC#2681599567746094080 attack 4 3
Jibs_PC#2681599567746094080 roll 3
Jibs_PC#2681599567746094080 roll 1
DICE 3 1 5 5 3 3 
Jibs_PC#2681599567746094080 move all
Jibs_PC#2681599567746094080 attack 3 1
Jibs_PC#2681599567746094080 roll 3
Jibs_PC#2681599567746094080 roll 1
DICE 3 1 4 4 0 3 
Jibs_PC#2681599567746094080 move all
Jibs_PC#2681599567746094080 attack 1 2
Jibs_PC#2681599567746094080 roll 3
Jibs_PC#2681599567746094080 roll 1
DICE 3 1 3 2 0 1 
Jibs_PC#2681599567746094080 attack 2 6
Jibs_PC#2681599567746094080 roll 2
Jibs_PC#2681599567746094080 roll 1
DICE 2 1 2 1 0 
Jibs_PC#2681599567746094080 attack 6 8
Jibs_PC#2681599567746094080 roll 1
Jibs_PC#2681599567746094080 roll 1
DICE 1 1 0 3 
Jibs_PC#2681599567746094080 endattack
Jibs_PC#2681599567746094080 nomove
CARD wildcard
Jibs_PC#2681599567746094080 placearmies 23 1
Jibs_PC#2681599567746094080 placearmies 23 1
Jibs_PC#2681599567746094080 placearmies 5 1
Jibs_PC#2681599567746094080 attack 23 25
Jibs_PC#2681599567746094080 roll 3
Jibs_PC#2681599567746094080 roll 1
DICE 3 1 3 3 0 0 
Jibs_PC#2681599567746094080 move all
Jibs_PC#2681599567746094080 attack 25 26
Jibs_PC#2681599567746094080 roll 3
Jibs_PC#2681599567746094080 roll 1
DICE 3 1 4 2 0 4 
Jibs_PC#2681599567746094080 roll 3
Jibs_PC#2681599567746094080 roll 1
DICE 3 1 3 3 1 5 
Jibs_PC#2681599567746094080 roll 3
Jibs_PC#2681599567746094080 roll 1
DICE 3 1 4 1 1 0 
Jibs_PC#2681599567746094080 attack 26 24
Jibs_PC#2681599567746094080 roll 2
Jibs_PC#2681599567746094080 roll 1
DICE 2 1 5 0 2 
Jibs_PC#2681599567746094080 attack 24 21
Jibs_PC#2681599567746094080 roll 1
Jibs_PC#2681599567746094080 roll 1
DICE 1 1 4 1 
Jibs_PC#2681599567746094080 attack 5 9
Jibs_PC#2681599567746094080 roll 2
Jibs_PC#2681599567746094080 roll 1
DICE 2 1 5 0 2 
Jibs_PC#2681599567746094080 attack 9 4
Jibs_PC#2681599567746094080 roll 1
Jibs_PC#2681599567746094080 roll 1
DICE 1 1 1 2 
Jibs_PC#2681599567746094080 attack 7 4
Jibs_PC#2681599567746094080 roll 3
Jibs_PC#2681599567746094080 roll 1
DICE 3 1 5 3 3 0 
Jibs_PC#2681599567746094080 move all
Jibs_PC#2681599567746094080 attack 4 3
Jibs_PC#2681599567746094080 roll 3
Jibs_PC#2681599567746094080 roll 1
DICE 3 1 5 1 0 3 
Jibs_PC#2681599567746094080 move all
Jibs_PC#2681599567746094080 attack 3 1
Jibs_PC#2681599567746094080 roll 3
Jibs_PC#2681599567746094080 roll 1
DICE 3 1 3 3 2 5 
Jibs_PC#2681599567746094080 roll 2
Jibs_PC#2681599567746094080 roll 1
DICE 2 1 4 1 2 
Jibs_PC#2681599567746094080 attack 1 2
Jibs_PC#2681599567746094080 roll 1
Jibs_PC#2681599567746094080 roll 1
DICE 1 1 0 5 
Jibs_PC#2681599567746094080 endattack
Jibs_PC#2681599567746094080 nomove
CARD 41
Jibs_PC#2681599567746094080 placearmies 37 1
Jibs_PC#2681599567746094080 placearmies 37 1
Jibs_PC#2681599567746094080 placearmies 37 1
Jibs_PC#2681599567746094080 attack 37 38
Jibs_PC#2681599567746094080 roll 3
Jibs_PC#2681599567746094080 roll 1
DICE 3 1 1 1 0 4 
Jibs_PC#2681599567746094080 retreat
Jibs_PC#2681599567746094080 attack 37 38
Jibs_PC#2681599567746094080 roll 2
Jibs_PC#2681599567746094080 roll 1
DICE 2 1 3 1 0 
Jibs_PC#2681599567746094080 attack 38 1
Jibs_PC#2681599567746094080 roll 1
Jibs_PC#2681599567746094080 roll 1
DICE 1 1 5 2 
Jibs_PC#2681599567746094080 endattack
Jibs_PC#2681599567746094080 nomove
CARD 15
Jibs_PC#2681599567746094080 placearmies 31 1
Jibs_PC#2681599567746094080 placearmies 31 1
Jibs_PC#2681599567746094080 placearmies 31 1
Jibs_PC#2681599567746094080 placearmies 31 1
Jibs_PC#2681599567746094080 placearmies 31 1
Jibs_PC#2681599567746094080 attack 31 32
Jibs_PC#2681599567746094080 roll 3
Jibs_PC#2681599567746094080 roll 1
DICE 3 1 4 4 0 5 
Jibs_PC#2681599567746094080 roll 3
Jibs_PC#2681599567746094080 roll 1
DICE 3 1 5 4 2 5 
Jibs_PC#2681599567746094080 roll 3
Jibs_PC#2681599567746094080 roll 1
DICE 3 1 4 3 2 2 
Jibs_PC#2681599567746094080 attack 32 33
Jibs_PC#2681599567746094080 roll 2
Jibs_PC#2681599567746094080 roll 1
DICE 2 1 0 0 5 
Jibs_PC#2681599567746094080 roll 1
Jibs_PC#2681599567746094080 roll 1
DICE 1 1 0 0 
Jibs_PC#2681599567746094080 endattack
Jibs_PC#2681599567746094080 nomove
CARD 20
Jibs_PC#2681599567746094080 placearmies 29 1
Jibs_PC#2681599567746094080 placearmies 34 1
Jibs_PC#2681599567746094080 placearmies 29 1
Jibs_PC#2681599567746094080 attack 29 32
Jibs_PC#2681599567746094080 roll 2
Jibs_PC#2681599567746094080 roll 1
DICE 2 1 4 3 0 
Jibs_PC#2681599567746094080 attack 32 31
Jibs_PC#2681599567746094080 roll 1
Jibs_PC#2681599567746094080 roll 1
DICE 1 1 3 2 
Jibs_PC#2681599567746094080 attack 34 38
Jibs_PC#2681599567746094080 roll 2
Jibs_PC#2681599567746094080 roll 1
DICE 2 1 5 4 1 
Jibs_PC#2681599567746094080 attack 38 37
Jibs_PC#2681599567746094080 roll 1
Jibs_PC#2681599567746094080 roll 1
DICE 1 1 2 1 
Jibs_PC#2681599567746094080 endattack
Jibs_PC#2681599567746094080 nomove
CARD 32
Jibs_PC#2681599567746094080 placearmies 20 1
Jibs_PC#2681599567746094080 placearmies 20 1
Jibs_PC#2681599567746094080 placearmies 20 1
Jibs_PC#2681599567746094080 placearmies 20 1
Jibs_PC#2681599567746094080 placearmies 20 1
Jibs_PC#2681599567746094080 attack 20 19
Jibs_PC#2681599567746094080 roll 3
Jibs_PC#2681599567746094080 roll 1
DICE 3 1 5 0 0 3 
Jibs_PC#2681599567746094080 move all
Jibs_PC#2681599567746094080 attack 19 21
Jibs_PC#2681599567746094080 roll 3
Jibs_PC#2681599567746094080 roll 1
DICE 3 1 5 2 1 1 
Jibs_PC#2681599567746094080 move all
Jibs_PC#2681599567746094080 attack 21 22
Jibs_PC#2681599567746094080 roll 3
Jibs_PC#2681599567746094080 roll 1
DICE 3 1 5 3 0 3 
Jibs_PC#2681599567746094080 attack 22 24
Jibs_PC#2681599567746094080 roll 2
Jibs_PC#2681599567746094080 roll 1
DICE 2 1 5 2 1 
Jibs_PC#2681599567746094080 attack 24 23
Jibs_PC#2681599567746094080 roll 1
Jibs_PC#2681599567746094080 roll 1
DICE 1 1 3 5 
Jibs_PC#2681599567746094080 endattack
Jibs_PC#2681599567746094080 nomove
CARD 29
Jibs_PC#2681599567746094080 placearmies 6 1
Jibs_PC#2681599567746094080 placearmies 6 1
Jibs_PC#2681599567746094080 placearmies 6 1
Jibs_PC#2681599567746094080 attack 6 14
Jibs_PC#2681599567746094080 roll 3
Jibs_PC#2681599567746094080 roll 1
DICE 3 1 5 2 1 1 
Jibs_PC#2681599567746094080 attack 14 17
Jibs_PC#2681599567746094080 roll 2
Jibs_PC#2681599567746094080 roll 1
DICE 2 1 5 0 1 
Jibs_PC#2681599567746094080 attack 17 19
Jibs_PC#2681599567746094080 roll 1
Jibs_PC#2681599567746094080 roll 1
DICE 1 1 3 5 
Jibs_PC#2681599567746094080 endattack
Jibs_PC#2681599567746094080 nomove
CARD 16
Jibs_PC#2681599567746094080 placearmies 23 1
Jibs_PC#2681599567746094080 placearmies 3 1
Jibs_PC#2681599567746094080 placearmies 7 1
Jibs_PC#2681599567746094080 attack 7 8
Jibs_PC#2681599567746094080 roll 1
Jibs_PC#2681599567746094080 roll 1
DICE 1 1 5 2 
Jibs_PC#2681599567746094080 attack 3 2
Jibs_PC#2681599567746094080 roll 1
Jibs_PC#2681599567746094080 roll 1
DICE 1 1 1 5 
Jibs_PC#2681599567746094080 endattack
Jibs_PC#2681599567746094080 nomove
CARD 34
Jibs_PC#2681599567746094080 placearmies 1 1
Jibs_PC#2681599567746094080 placearmies 1 1
Jibs_PC#2681599567746094080 placearmies 1 1
Jibs_PC#2681599567746094080 attack 1 2
Jibs_PC#2681599567746094080 roll 3
Jibs_PC#2681599567746094080 roll 1
DICE 3 1 5 1 0 4 
Jibs_PC#2681599567746094080 attack 2 3
Jibs_PC#2681599567746094080 roll 2
Jibs_PC#2681599567746094080 roll 1
DICE 2 1 2 2 3 
Jibs_PC#2681599567746094080 roll 1
Jibs_PC#2681599567746094080 roll 1
DICE 1 1 2 4 
Jibs_PC#2681599567746094080 endattack
Jibs_PC#2681599567746094080 nomove
CARD 3
Jibs_PC#2681599567746094080 placearmies 12 1
Jibs_PC#2681599567746094080 placearmies 12 1
Jibs_PC#2681599567746094080 placearmies 12 1
Jibs_PC#2681599567746094080 placearmies 12 1
Jibs_PC#2681599567746094080 placearmies 12 1
Jibs_PC#2681599567746094080 attack 12 21
Jibs_PC#2681599567746094080 roll 3
Jibs_PC#2681599567746094080 roll 1
DICE 3 1 3 2 0 0 
Jibs_PC#2681599567746094080 move all
Jibs_PC#2681599567746094080 attack 21 22
Jibs_PC#2681599567746094080 roll 3
Jibs_PC#2681599567746094080 roll 1
DICE 3 1 5 4 1 2 
Jibs_PC#2681599567746094080 move all
Jibs_PC#2681599567746094080 attack 22 31
Jibs_PC#2681599567746094080 roll 3
Jibs_PC#2681599567746094080 roll 1
DICE 3 1 5 2 1 4 
Jibs_PC#2681599567746094080 move all
Jibs_PC#2681599567746094080 attack 31 30
Jibs_PC#2681599567746094080 roll 3
Jibs_PC#2681599567746094080 roll 1
DICE 3 1 4 2 0 2 
Jibs_PC#2681599567746094080 move all
Jibs_PC#2681599567746094080 attack 30 28
Jibs_PC#2681599567746094080 roll 3
Jibs_PC#2681599567746094080 roll 1
DICE 3 1 0 0 0 3 
Jibs_PC#2681599567746094080 roll 3
Jibs_PC#2681599567746094080 roll 1
DICE 3 1 5 3 2 2 
Jibs_PC#2681599567746094080 move all
Jibs_PC#2681599567746094080 attack 28 27
Jibs_PC#2681599567746094080 roll 3
Jibs_PC#2681599567746094080 roll 1
DICE 3 1 5 3 1 4 
Jibs_PC#2681599567746094080 move all
Jibs_PC#2681599567746094080 attack 27 34
Jibs_PC#2681599567746094080 roll 3
Jibs_PC#2681599567746094080 roll 1
DICE 3 1 3 3 1 0 
Jibs_PC#2681599567746094080 move all
Jibs_PC#2681599567746094080 attack 34 38
Jibs_PC#2681599567746094080 roll 3
Jibs_PC#2681599567746094080 roll 1
DICE 3 1 3 0 0 5 
Jibs_PC#2681599567746094080 roll 2
Jibs_PC#2681599567746094080 roll 1
DICE 2 1 3 2 4 
Jibs_PC#2681599567746094080 roll 1
Jibs_PC#2681599567746094080 roll 1
DICE 1 1 4 2 
Jibs_PC#2681599567746094080 endattack
Jibs_PC#2681599567746094080 nomove
CARD 4
Jibs_PC#2681599567746094080 placearmies 32 1
Jibs_PC#2681599567746094080 placearmies 29 1
Jibs_PC#2681599567746094080 placearmies 35 1
Jibs_PC#2681599567746094080 attack 35 34
Jibs_PC#2681599567746094080 roll 1
Jibs_PC#2681599567746094080 roll 1
DICE 1 1 2 4 
Jibs_PC#2681599567746094080 attack 29 27
Jibs_PC#2681599567746094080 roll 1
Jibs_PC#2681599567746094080 roll 1
DICE 1 1 4 5 
Jibs_PC#2681599567746094080 attack 32 30
Jibs_PC#2681599567746094080 roll 1
Jibs_PC#2681599567746094080 roll 1
DICE 1 1 4 3 
Jibs_PC#2681599567746094080 endattack
Jibs_PC#2681599567746094080 nomove
CARD 27
Jibs_PC#2681599567746094080 placearmies 19 1
Jibs_PC#2681599567746094080 placearmies 19 1
Jibs_PC#2681599567746094080 placearmies 19 1
Jibs_PC#2681599567746094080 placearmies 19 1
Jibs_PC#2681599567746094080 placearmies 19 1
Jibs_PC#2681599567746094080 attack 19 17
Jibs_PC#2681599567746094080 roll 3
Jibs_PC#2681599567746094080 roll 1
DICE 3 1 5 3 3 3 
Jibs_PC#2681599567746094080 move all
Jibs_PC#2681599567746094080 attack 17 14
Jibs_PC#2681599567746094080 roll 3
Jibs_PC#2681599567746094080 roll 1
DICE 3 1 5 5 2 2 
Jibs_PC#2681599567746094080 move all
Jibs_PC#2681599567746094080 endattack
Jibs_PC#2681599567746094080 movearmies 14 17 3
CARD 33
Jibs_PC#2681599567746094080 placearmies 6 1
Jibs_PC#2681599567746094080 placearmies 6 1
Jibs_PC#2681599567746094080 placearmies 6 1
Jibs_PC#2681599567746094080 attack 6 14
Jibs_PC#2681599567746094080 roll 3
Jibs_PC#2681599567746094080 roll 1
DICE 3 1 5 4 1 0 
Jibs_PC#2681599567746094080 attack 14 15
Jibs_PC#2681599567746094080 roll 2
Jibs_PC#2681599567746094080 roll 1
DICE 2 1 1 0 1 
Jibs_PC#2681599567746094080 roll 1
Jibs_PC#2681599567746094080 roll 1
DICE 1 1 0 2 
Jibs_PC#2681599567746094080 endattack
Jibs_PC#2681599567746094080 nomove
CARD 23
Jibs_PC#2681599567746094080 placearmies 3 1
Jibs_PC#2681599567746094080 placearmies 3 1
Jibs_PC#2681599567746094080 placearmies 3 1
Jibs_PC#2681599567746094080 attack 3 1
Jibs_PC#2681599567746094080 roll 3
Jibs_PC#2681599567746094080 roll 1
DICE 3 1 5 4 0 1 
Jibs_PC#2681599567746094080 attack 1 2
Jibs_PC#2681599567746094080 roll 2
Jibs_PC#2681599567746094080 roll 1
DICE 2 1 2 1 2 
Jibs_PC#2681599567746094080 roll 1
Jibs_PC#2681599567746094080 roll 1
DICE 1 1 0 1 
Jibs_PC#2681599567746094080 attack 23 24
Jibs_PC#2681599567746094080 roll 1
Jibs_PC#2681599567746094080 roll 1
DICE 1 1 4 2 
Jibs_PC#2681599567746094080 endattack
Jibs_PC#2681599567746094080 nomove
CARD 8
Jibs_PC#2681599567746094080 placearmies 2 1
Jibs_PC#2681599567746094080 placearmies 2 1
Jibs_PC#2681599567746094080 placearmies 2 1
Jibs_PC#2681599567746094080 attack 2 3
Jibs_PC#2681599567746094080 roll 3
Jibs_PC#2681599567746094080 roll 1
DICE 3 1 5 5 2 3 
Jibs_PC#2681599567746094080 attack 3 4
Jibs_PC#2681599567746094080 roll 2
Jibs_PC#2681599567746094080 roll 1
DICE 2 1 3 1 3 
Jibs_PC#2681599567746094080 roll 1
Jibs_PC#2681599567746094080 roll 1
DICE 1 1 5 5 
Jibs_PC#2681599567746094080 endattack
Jibs_PC#2681599567746094080 nomove
CARD 24
Jibs_PC#2681599567746094080 placearmies 31 1
Jibs_PC#2681599567746094080 placearmies 31 1
Jibs_PC#2681599567746094080 placearmies 31 1
Jibs_PC#2681599567746094080 placearmies 31 1
Jibs_PC#2681599567746094080 placearmies 31 1
Jibs_PC#2681599567746094080 attack 31 30
Jibs_PC#2681599567746094080 roll 3
Jibs_PC#2681599567746094080 roll 1
DICE 3 1 4 4 0 5 
Jibs_PC#2681599567746094080 roll 3
Jibs_PC#2681599567746094080 roll 1
DICE 3 1 2 0 0 0 
Jibs_PC#2681599567746094080 move all
Jibs_PC#2681599567746094080 attack 30 32
Jibs_PC#2681599567746094080 roll 3
Jibs_PC#2681599567746094080 roll 1
DICE 3 1 5 4 2 4 
Jibs_PC#2681599567746094080 attack 32 33
Jibs_PC#2681599567746094080 roll 2
Jibs_PC#2681599567746094080 roll 1
DICE 2 1 1 0 4 
Jibs_PC#2681599567746094080 roll 1
Jibs_PC#2681599567746094080 roll 1
DICE 1 1 2 5 
Jibs_PC#2681599567746094080 endattack
Jibs_PC#2681599567746094080 nomove
CARD 12
Jibs_PC#2681599567746094080 placearmies 33 1
Jibs_PC#2681599567746094080 placearmies 33 1
Jibs_PC#2681599567746094080 placearmies 33 1
Jibs_PC#2681599567746094080 attack 33 32
Jibs_PC#2681599567746094080 roll 3
Jibs_PC#2681599567746094080 roll 1
DICE 3 1 5 1 0 2 
Jibs_PC#2681599567746094080 attack 32 31
Jibs_PC#2681599567746094080 roll 2
Jibs_PC#2681599567746094080 roll 1
DICE 2 1 5 3 1 
Jibs_PC#2681599567746094080 attack 31 30
Jibs_PC#2681599567746094080 roll 1
Jibs_PC#2681599567746094080 roll 1
DICE 1 1 5 5 
Jibs_PC#2681599567746094080 endattack
Jibs_PC#2681599567746094080 nomove
CARD 17
Jibs_PC#2681599567746094080 trade 37 29 33
Jibs_PC#2681599567746094080 placearmies 19 1
Jibs_PC#2681599567746094080 placearmies 19 1
Jibs_PC#2681599567746094080 placearmies 19 1
Jibs_PC#2681599567746094080 placearmies 19 1
Jibs_PC#2681599567746094080 placearmies 19 1
Jibs_PC#2681599567746094080 placearmies 19 1
Jibs_PC#2681599567746094080 placearmies 19 1
Jibs_PC#2681599567746094080 placearmies 19 1
Jibs_PC#2681599567746094080 placearmies 19 1
Jibs_PC#2681599567746094080 placearmies 19 1
Jibs_PC#2681599567746094080 placearmies 19 1
Jibs_PC#2681599567746094080 placearmies 19 1
Jibs_PC#2681599567746094080 placearmies 19 1
Jibs_PC#2681599567746094080 placearmies 19 1
Jibs_PC#2681599567746094080 placearmies 17 1
Jibs_PC#2681599567746094080 attack 19 21
Jibs_PC#2681599567746094080 roll 3
Jibs_PC#2681599567746094080 roll 1
DICE 3 1 5 3 2 2 
Jibs_PC#2681599567746094080 move all
Jibs_PC#2681599567746094080 attack 21 22
Jibs_PC#2681599567746094080 roll 3
Jibs_PC#2681599567746094080 roll 1
DICE 3 1 4 0 0 1 
Jibs_PC#2681599567746094080 move all
Jibs_PC#2681599567746094080 attack 22 24
Jibs_PC#2681599567746094080 roll 3
Jibs_PC#2681599567746094080 roll 1
DICE 3 1 4 1 0 4 
Jibs_PC#2681599567746094080 roll 3
Jibs_PC#2681599567746094080 roll 1
DICE 3 1 4 0 0 5 
Jibs_PC#2681599567746094080 roll 3
Jibs_PC#2681599567746094080 roll 1
DICE 3 1 5 2 1 3 
Jibs_PC#2681599567746094080 move all
Jibs_PC#2681599567746094080 attack 24 23
Jibs_PC#2681599567746094080 roll 3
Jibs_PC#2681599567746094080 roll 1
DICE 3 1 4 3 1 2 
Jibs_PC#2681599567746094080 move all
Jibs_PC#2681599567746094080 attack 23 25
Jibs_PC#2681599567746094080 roll 3
Jibs_PC#2681599567746094080 roll 1
DICE 3 1 5 3 0 3 
Jibs_PC#2681599567746094080 move all
Jibs_PC#2681599567746094080 attack 25 26
Jibs_PC#2681599567746094080 roll 3
Jibs_PC#2681599567746094080 roll 1
DICE 3 1 5 2 0 0 
Jibs_PC#2681599567746094080 move all
Jibs_PC#2681599567746094080 attack 17 14
Jibs_PC#2681599567746094080 roll 3
Jibs_PC#2681599567746094080 roll 1
DICE 3 1 4 4 2 2 
Jibs_PC#2681599567746094080 move all
