Jibs_PC#884713611280011264 newplayer ai hard green s0914007
Jibs_PC#884713611280011264 newplayer ai hard blue bob
Jibs_PC#884713611280011264 newplayer ai hard red fred
Jibs_PC#884713611280011264 newplayer ai hard cyan ted
Jibs_PC#884713611280011264 newplayer ai hard magenta yura
Jibs_PC#884713611280011264 newplayer ai hard yellow lala
Jibs_PC#884713611280011264 startgame mission fixed autoplaceall recycle
PLAYER s0914007
MISSION 3 0 1 2 0 0
PLACEALL 6 39 14 32 30 18 38 31 34 35 42 28 1 12 3 20 15 5 26 4 33 23 27 17 36 19 41 7 24 37 9 25 40 21 10 29 13 8 16 2 11 22
Jibs_PC#884713611280011264 placearmies 13 1
CARD 
Jibs_PC#884713611280011264 placearmies 12 1
CARD 
Jibs_PC#884713611280011264 placearmies 41 1
CARD 
Jibs_PC#884713611280011264 placearmies 7 1
CARD 
Jibs_PC#884713611280011264 placearmies 42 1
CARD 
Jibs_PC#884713611280011264 placearmies 5 1
CARD 
Jibs_PC#884713611280011264 placearmies 13 1
CARD 
Jibs_PC#884713611280011264 placearmies 12 1
CARD 
Jibs_PC#884713611280011264 placearmies 34 1
CARD 
Jibs_PC#884713611280011264 placearmies 7 1
CARD 
Jibs_PC#884713611280011264 placearmies 42 1
CARD 
Jibs_PC#884713611280011264 placearmies 5 1
CARD 
Jibs_PC#884713611280011264 placearmies 13 1
CARD 
Jibs_PC#884713611280011264 placearmies 12 1
CARD 
Jibs_PC#884713611280011264 placearmies 34 1
CARD 
Jibs_PC#884713611280011264 placearmies 7 1
CARD 
Jibs_PC#884713611280011264 placearmies 42 1
CARD 
Jibs_PC#884713611280011264 placearmies 5 1
CARD 
Jibs_PC#884713611280011264 placearmies 13 1
CARD 
Jibs_PC#884713611280011264 placearmies 12 1
CARD 
Jibs_PC#884713611280011264 placearmies 34 1
CARD 
Jibs_PC#884713611280011264 placearmies 7 1
CARD 
Jibs_PC#884713611280011264 placearmies 42 1
CARD 
Jibs_PC#884713611280011264 placearmies 5 1
CARD 
Jibs_PC#884713611280011264 placearmies 13 1
CARD 
Jibs_PC#884713611280011264 placearmies 12 1
CARD 
Jibs_PC#884713611280011264 placearmies 34 1
CARD 
Jibs_PC#884713611280011264 placearmies 7 1
CARD 
Jibs_PC#884713611280011264 placearmies 42 1
CARD 
Jibs_PC#884713611280011264 placearmies 5 1
CARD 
Jibs_PC#884713611280011264 placearmies 13 1
CARD 
Jibs_PC#884713611280011264 placearmies 12 1
CARD 
Jibs_PC#884713611280011264 placearmies 34 1
CARD 
Jibs_PC#884713611280011264 placearmies 7 1
CARD 
Jibs_PC#884713611280011264 placearmies 42 1
CARD 
Jibs_PC#884713611280011264 placearmies 5 1
CARD 
Jibs_PC#884713611280011264 placearmies 13 1
CARD 
Jibs_PC#884713611280011264 placearmies 12 1
CARD 
Jibs_PC#884713611280011264 placearmies 34 1
CARD 
Jibs_PC#884713611280011264 placearmies 7 1
CARD 
Jibs_PC#884713611280011264 placearmies 42 1
CARD 
Jibs_PC#884713611280011264 placearmies 5 1
CARD 
Jibs_PC#884713611280011264 placearmies 6 1
CARD 
Jibs_PC#884713611280011264 placearmies 12 1
CARD 
Jibs_PC#884713611280011264 placearmies 34 1
CARD 
Jibs_PC#884713611280011264 placearmies 7 1
CARD 
Jibs_PC#884713611280011264 placearmies 42 1
CARD 
Jibs_PC#884713611280011264 placearmies 5 1
CARD 
Jibs_PC#884713611280011264 placearmies 6 1
CARD 
Jibs_PC#884713611280011264 placearmies 12 1
CARD 
Jibs_PC#884713611280011264 placearmies 34 1
CARD 
Jibs_PC#884713611280011264 placearmies 7 1
CARD 
Jibs_PC#884713611280011264 placearmies 42 1
CARD 
Jibs_PC#884713611280011264 placearmies 5 1
CARD 
Jibs_PC#884713611280011264 placearmies 6 1
CARD 
Jibs_PC#884713611280011264 placearmies 12 1
CARD 
Jibs_PC#884713611280011264 placearmies 34 1
CARD 
Jibs_PC#884713611280011264 placearmies 7 1
CARD 
Jibs_PC#884713611280011264 placearmies 42 1
CARD 
Jibs_PC#884713611280011264 placearmies 5 1
CARD 
Jibs_PC#884713611280011264 placearmies 6 1
CARD 
Jibs_PC#884713611280011264 placearmies 12 1
CARD 
Jibs_PC#884713611280011264 placearmies 34 1
CARD 
Jibs_PC#884713611280011264 placearmies 7 1
CARD 
Jibs_PC#884713611280011264 placearmies 15 1
CARD 
Jibs_PC#884713611280011264 placearmies 5 1
CARD 
Jibs_PC#884713611280011264 placearmies 6 1
CARD 
Jibs_PC#884713611280011264 placearmies 12 1
CARD 
Jibs_PC#884713611280011264 placearmies 34 1
CARD 
Jibs_PC#884713611280011264 placearmies 7 1
CARD 
Jibs_PC#884713611280011264 placearmies 15 1
CARD 
Jibs_PC#884713611280011264 placearmies 5 1
CARD 
Jibs_PC#884713611280011264 placearmies 6 1
CARD 
Jibs_PC#884713611280011264 placearmies 12 1
CARD 
Jibs_PC#884713611280011264 placearmies 34 1
CARD 
Jibs_PC#884713611280011264 placearmies 7 1
CARD 
Jibs_PC#884713611280011264 placearmies 15 1
CARD 
Jibs_PC#884713611280011264 placearmies 5 1
CARD 
Jibs_PC#884713611280011264 placearmies 6 3
Jibs_PC#884713611280011264 attack 6 14
Jibs_PC#884713611280011264 roll 3
Jibs_PC#884713611280011264 roll 1
DICE 3 1 3 2 0 4 
Jibs_PC#884713611280011264 roll 3
Jibs_PC#884713611280011264 roll 1
DICE 3 1 5 1 0 1 
Jibs_PC#884713611280011264 move 8
Jibs_PC#884713611280011264 endattack
Jibs_PC#884713611280011264 nomove
CARD 18
Jibs_PC#884713611280011264 placearmies 12 1
Jibs_PC#884713611280011264 placearmies 12 1
Jibs_PC#884713611280011264 placearmies 12 1
Jibs_PC#884713611280011264 attack 12 13
Jibs_PC#884713611280011264 roll 3
Jibs_PC#884713611280011264 roll 2
DICE 3 2 5 3 0 2 0 
Jibs_PC#884713611280011264 roll 3
Jibs_PC#884713611280011264 roll 2
DICE 3 2 4 3 1 5 3 
Jibs_PC#884713611280011264 roll 3
Jibs_PC#884713611280011264 roll 2
DICE 3 2 3 1 1 2 1 
Jibs_PC#884713611280011264 roll 3
Jibs_PC#884713611280011264 roll 2
DICE 3 2 4 3 1 4 0 
Jibs_PC#884713611280011264 roll 3
Jibs_PC#884713611280011264 roll 2
DICE 3 2 3 2 2 3 1 
Jibs_PC#884713611280011264 roll 3
Jibs_PC#884713611280011264 roll 2
DICE 3 2 2 2 0 3 2 
Jibs_PC#884713611280011264 roll 3
Jibs_PC#884713611280011264 roll 2
DICE 3 2 4 2 0 1 0 
Jibs_PC#884713611280011264 roll 3
Jibs_PC#884713611280011264 roll 1
DICE 3 1 3 0 0 3 
Jibs_PC#884713611280011264 retreat
Jibs_PC#884713611280011264 attack 12 10
Jibs_PC#884713611280011264 roll 3
Jibs_PC#884713611280011264 roll 1
DICE 3 1 5 3 2 4 
Jibs_PC#884713611280011264 move 8
Jibs_PC#884713611280011264 attack 10 11
Jibs_PC#884713611280011264 roll 3
Jibs_PC#884713611280011264 roll 1
DICE 3 1 4 3 2 4 
Jibs_PC#884713611280011264 roll 3
Jibs_PC#884713611280011264 roll 1
DICE 3 1 3 3 0 5 
Jibs_PC#884713611280011264 retreat
Jibs_PC#884713611280011264 endattack
Jibs_PC#884713611280011264 nomove
CARD wildcard
Jibs_PC#884713611280011264 placearmies 34 3
Jibs_PC#884713611280011264 attack 34 27
Jibs_PC#884713611280011264 roll 3
Jibs_PC#884713611280011264 roll 1
DICE 3 1 4 3 0 5 
Jibs_PC#884713611280011264 roll 3
Jibs_PC#884713611280011264 roll 1
DICE 3 1 5 4 0 0 
Jibs_PC#884713611280011264 move 14
Jibs_PC#884713611280011264 attack 27 28
Jibs_PC#884713611280011264 roll 3
Jibs_PC#884713611280011264 roll 1
DICE 3 1 5 5 0 4 
Jibs_PC#884713611280011264 move 13
Jibs_PC#884713611280011264 attack 28 29
Jibs_PC#884713611280011264 roll 3
Jibs_PC#884713611280011264 roll 1
DICE 3 1 1 1 0 5 
Jibs_PC#884713611280011264 roll 3
Jibs_PC#884713611280011264 roll 1
DICE 3 1 4 3 2 3 
Jibs_PC#884713611280011264 move 11
Jibs_PC#884713611280011264 attack 29 30
Jibs_PC#884713611280011264 roll 3
Jibs_PC#884713611280011264 roll 1
DICE 3 1 4 3 0 2 
Jibs_PC#884713611280011264 move 10
Jibs_PC#884713611280011264 attack 30 31
Jibs_PC#884713611280011264 roll 3
Jibs_PC#884713611280011264 roll 1
DICE 3 1 4 3 0 1 
Jibs_PC#884713611280011264 move 9
Jibs_PC#884713611280011264 attack 31 32
Jibs_PC#884713611280011264 roll 3
Jibs_PC#884713611280011264 roll 1
DICE 3 1 2 2 0 2 
Jibs_PC#884713611280011264 roll 3
Jibs_PC#884713611280011264 roll 1
DICE 3 1 4 2 0 5 
Jibs_PC#884713611280011264 roll 3
Jibs_PC#884713611280011264 roll 1
DICE 3 1 5 3 2 3 
Jibs_PC#884713611280011264 move 3
Jibs_PC#884713611280011264 endattack
Jibs_PC#884713611280011264 movearmies 32 29 2
CARD 40
Jibs_PC#884713611280011264 placearmies 23 3
Jibs_PC#884713611280011264 attack 7 3
Jibs_PC#884713611280011264 roll 3
Jibs_PC#884713611280011264 roll 1
DICE 3 1 5 4 0 1 
Jibs_PC#884713611280011264 move 13
Jibs_PC#884713611280011264 endattack
Jibs_PC#884713611280011264 nomove
CARD 6
Jibs_PC#884713611280011264 placearmies 42 1
Jibs_PC#884713611280011264 placearmies 42 1
Jibs_PC#884713611280011264 placearmies 42 1
Jibs_PC#884713611280011264 attack 42 40
Jibs_PC#884713611280011264 roll 3
Jibs_PC#884713611280011264 roll 1
DICE 3 1 3 1 0 4 
Jibs_PC#884713611280011264 roll 3
Jibs_PC#884713611280011264 roll 1
DICE 3 1 1 0 0 2 
Jibs_PC#884713611280011264 roll 3
Jibs_PC#884713611280011264 roll 1
DICE 3 1 4 1 0 2 
Jibs_PC#884713611280011264 move 11
Jibs_PC#884713611280011264 attack 40 39
Jibs_PC#884713611280011264 roll 3
Jibs_PC#884713611280011264 roll 1
DICE 3 1 2 1 1 3 
Jibs_PC#884713611280011264 roll 3
Jibs_PC#884713611280011264 roll 1
DICE 3 1 5 1 1 3 
Jibs_PC#884713611280011264 move 9
Jibs_PC#884713611280011264 attack 39 41
Jibs_PC#884713611280011264 roll 3
Jibs_PC#884713611280011264 roll 2
DICE 3 2 5 3 0 3 2 
Jibs_PC#884713611280011264 move 3
Jibs_PC#884713611280011264 endattack
Jibs_PC#884713611280011264 movearmies 41 39 2
CARD 4
Jibs_PC#884713611280011264 placearmies 5 3
Jibs_PC#884713611280011264 attack 5 10
Jibs_PC#884713611280011264 roll 3
Jibs_PC#884713611280011264 roll 2
DICE 3 2 4 3 3 2 0 
Jibs_PC#884713611280011264 roll 3
Jibs_PC#884713611280011264 roll 2
DICE 3 2 5 4 2 5 4 
Jibs_PC#884713611280011264 roll 3
Jibs_PC#884713611280011264 roll 2
DICE 3 2 5 2 0 5 1 
Jibs_PC#884713611280011264 roll 3
Jibs_PC#884713611280011264 roll 2
DICE 3 2 5 2 0 2 1 
Jibs_PC#884713611280011264 roll 3
Jibs_PC#884713611280011264 roll 1
DICE 3 1 5 4 4 1 
Jibs_PC#884713611280011264 move 13
Jibs_PC#884713611280011264 attack 10 11
Jibs_PC#884713611280011264 roll 3
Jibs_PC#884713611280011264 roll 1
DICE 3 1 4 0 0 1 
Jibs_PC#884713611280011264 move 12
Jibs_PC#884713611280011264 attack 11 12
Jibs_PC#884713611280011264 roll 3
Jibs_PC#884713611280011264 roll 1
DICE 3 1 3 2 0 5 
Jibs_PC#884713611280011264 roll 3
Jibs_PC#884713611280011264 roll 1
DICE 3 1 2 1 1 0 
Jibs_PC#884713611280011264 move 10
Jibs_PC#884713611280011264 attack 12 13
Jibs_PC#884713611280011264 roll 3
Jibs_PC#884713611280011264 roll 1
DICE 3 1 5 3 0 2 
Jibs_PC#884713611280011264 move 3
Jibs_PC#884713611280011264 attack 12 21
Jibs_PC#884713611280011264 roll 3
Jibs_PC#884713611280011264 roll 1
DICE 3 1 4 3 2 2 
Jibs_PC#884713611280011264 move 6
Jibs_PC#884713611280011264 endattack
Jibs_PC#884713611280011264 movearmies 13 11 1
CARD 20
Jibs_PC#884713611280011264 placearmies 6 3
Jibs_PC#884713611280011264 attack 14 15
Jibs_PC#884713611280011264 roll 3
Jibs_PC#884713611280011264 roll 2
DICE 3 2 5 4 0 4 3 
Jibs_PC#884713611280011264 roll 3
Jibs_PC#884713611280011264 roll 2
DICE 3 2 3 2 0 5 2 
Jibs_PC#884713611280011264 roll 3
Jibs_PC#884713611280011264 roll 2
DICE 3 2 5 3 2 5 2 
Jibs_PC#884713611280011264 roll 3
Jibs_PC#884713611280011264 roll 1
DICE 3 1 5 2 1 0 
Jibs_PC#884713611280011264 move 4
Jibs_PC#884713611280011264 endattack
Jibs_PC#884713611280011264 nomove
CARD 8
Jibs_PC#884713611280011264 placearmies 4 3
Jibs_PC#884713611280011264 attack 4 5
Jibs_PC#884713611280011264 roll 3
Jibs_PC#884713611280011264 roll 1
DICE 3 1 2 2 0 3 
Jibs_PC#884713611280011264 roll 2
Jibs_PC#884713611280011264 roll 1
DICE 2 1 5 1 0 
Jibs_PC#884713611280011264 endattack
Jibs_PC#884713611280011264 nomove
CARD 32
Jibs_PC#884713611280011264 placearmies 29 2
Jibs_PC#884713611280011264 placearmies 31 1
Jibs_PC#884713611280011264 attack 29 36
Jibs_PC#884713611280011264 roll 3
Jibs_PC#884713611280011264 roll 1
DICE 3 1 4 4 0 5 
Jibs_PC#884713611280011264 roll 3
Jibs_PC#884713611280011264 roll 1
DICE 3 1 3 2 1 0 
Jibs_PC#884713611280011264 attack 36 35
Jibs_PC#884713611280011264 roll 2
Jibs_PC#884713611280011264 roll 1
DICE 2 1 4 1 1 
Jibs_PC#884713611280011264 endattack
Jibs_PC#884713611280011264 nomove
CARD 2
Jibs_PC#884713611280011264 placearmies 3 2
Jibs_PC#884713611280011264 placearmies 23 1
Jibs_PC#884713611280011264 attack 3 4
Jibs_PC#884713611280011264 roll 3
Jibs_PC#884713611280011264 roll 1
DICE 3 1 5 1 0 4 
Jibs_PC#884713611280011264 move 14
Jibs_PC#884713611280011264 attack 4 5
Jibs_PC#884713611280011264 roll 3
Jibs_PC#884713611280011264 roll 2
DICE 3 2 5 0 0 2 2 
Jibs_PC#884713611280011264 roll 3
Jibs_PC#884713611280011264 roll 1
DICE 3 1 3 3 0 3 
Jibs_PC#884713611280011264 roll 3
Jibs_PC#884713611280011264 roll 1
DICE 3 1 2 2 1 2 
Jibs_PC#884713611280011264 roll 3
Jibs_PC#884713611280011264 roll 1
DICE 3 1 5 4 4 3 
Jibs_PC#884713611280011264 move 10
Jibs_PC#884713611280011264 attack 5 10
Jibs_PC#884713611280011264 roll 3
Jibs_PC#884713611280011264 roll 1
DICE 3 1 5 5 2 5 
Jibs_PC#884713611280011264 roll 3
Jibs_PC#884713611280011264 roll 1
DICE 3 1 3 2 1 5 
Jibs_PC#884713611280011264 roll 3
Jibs_PC#884713611280011264 roll 1
DICE 3 1 5 3 2 0 
Jibs_PC#884713611280011264 move 7
Jibs_PC#884713611280011264 attack 10 12
Jibs_PC#884713611280011264 roll 3
Jibs_PC#884713611280011264 roll 1
DICE 3 1 2 2 1 1 
Jibs_PC#884713611280011264 move 6
Jibs_PC#884713611280011264 attack 12 13
Jibs_PC#884713611280011264 roll 3
Jibs_PC#884713611280011264 roll 2
DICE 3 2 5 2 1 4 1 
Jibs_PC#884713611280011264 move 5
Jibs_PC#884713611280011264 attack 13 11
Jibs_PC#884713611280011264 roll 3
Jibs_PC#884713611280011264 roll 2
DICE 3 2 4 4 3 1 1 
Jibs_PC#884713611280011264 move 3
Jibs_PC#884713611280011264 attack 23 25
Jibs_PC#884713611280011264 roll 3
Jibs_PC#884713611280011264 roll 1
DICE 3 1 5 4 0 0 
Jibs_PC#884713611280011264 move 4
Jibs_PC#884713611280011264 endattack
Jibs_PC#884713611280011264 movearmies 13 12 1
CARD 22
Jibs_PC#884713611280011264 placearmies 39 3
Jibs_PC#884713611280011264 placearmies 39 2
Jibs_PC#884713611280011264 attack 39 33
Jibs_PC#884713611280011264 roll 3
Jibs_PC#884713611280011264 roll 1
DICE 3 1 5 1 0 5 
Jibs_PC#884713611280011264 roll 3
Jibs_PC#884713611280011264 roll 1
DICE 3 1 4 2 0 1 
Jibs_PC#884713611280011264 move 11
Jibs_PC#884713611280011264 endattack
Jibs_PC#884713611280011264 nomove
CARD 3
Jibs_PC#884713611280011264 placearmies 21 2
Jibs_PC#884713611280011264 placearmies 21 1
Jibs_PC#884713611280011264 attack 21 12
Jibs_PC#884713611280011264 roll 3
Jibs_PC#884713611280011264 roll 2
DICE 3 2 3 3 1 5 3 
Jibs_PC#884713611280011264 roll 3
Jibs_PC#884713611280011264 roll 2
DICE 3 2 5 5 0 5 3 
Jibs_PC#884713611280011264 roll 3
Jibs_PC#884713611280011264 roll 1
DICE 3 1 3 2 0 2 
Jibs_PC#884713611280011264 move 5
Jibs_PC#884713611280011264 attack 12 11
Jibs_PC#884713611280011264 roll 3
Jibs_PC#884713611280011264 roll 2
DICE 3 2 5 3 1 3 3 
Jibs_PC#884713611280011264 roll 3
Jibs_PC#884713611280011264 roll 2
DICE 3 2 5 2 1 5 3 
Jibs_PC#884713611280011264 retreat
Jibs_PC#884713611280011264 endattack
Jibs_PC#884713611280011264 nomove
CARD 39
Jibs_PC#884713611280011264 placearmies 6 1
Jibs_PC#884713611280011264 placearmies 15 1
Jibs_PC#884713611280011264 placearmies 26 1
Jibs_PC#884713611280011264 attack 6 8
Jibs_PC#884713611280011264 roll 3
Jibs_PC#884713611280011264 roll 1
DICE 3 1 5 4 1 3 
Jibs_PC#884713611280011264 move 4
Jibs_PC#884713611280011264 attack 15 17
Jibs_PC#884713611280011264 roll 3
Jibs_PC#884713611280011264 roll 1
DICE 3 1 3 0 0 3 
Jibs_PC#884713611280011264 roll 3
Jibs_PC#884713611280011264 roll 1
DICE 3 1 4 3 0 3 
Jibs_PC#884713611280011264 attack 17 19
Jibs_PC#884713611280011264 roll 2
Jibs_PC#884713611280011264 roll 1
DICE 2 1 3 0 1 
Jibs_PC#884713611280011264 attack 8 7
Jibs_PC#884713611280011264 roll 3
Jibs_PC#884713611280011264 roll 1
DICE 3 1 3 0 0 1 
Jibs_PC#884713611280011264 attack 7 4
Jibs_PC#884713611280011264 roll 2
Jibs_PC#884713611280011264 roll 1
DICE 2 1 4 3 0 
Jibs_PC#884713611280011264 endattack
Jibs_PC#884713611280011264 nomove
CARD 14
Jibs_PC#884713611280011264 placearmies 35 3
Jibs_PC#884713611280011264 attack 35 38
Jibs_PC#884713611280011264 roll 3
Jibs_PC#884713611280011264 roll 1
DICE 3 1 5 1 1 1 
Jibs_PC#884713611280011264 move 4
Jibs_PC#884713611280011264 attack 38 37
Jibs_PC#884713611280011264 roll 3
Jibs_PC#884713611280011264 roll 1
DICE 3 1 5 3 1 5 
Jibs_PC#884713611280011264 roll 2
Jibs_PC#884713611280011264 roll 1
DICE 2 1 5 2 1 
Jibs_PC#884713611280011264 attack 31 22
Jibs_PC#884713611280011264 roll 3
Jibs_PC#884713611280011264 roll 1
DICE 3 1 4 3 0 3 
Jibs_PC#884713611280011264 move 4
Jibs_PC#884713611280011264 endattack
Jibs_PC#884713611280011264 movearmies 37 38 1
CARD 28
Jibs_PC#884713611280011264 placearmies 5 3
Jibs_PC#884713611280011264 attack 5 4
Jibs_PC#884713611280011264 roll 3
Jibs_PC#884713611280011264 roll 2
DICE 3 2 3 3 2 3 2 
Jibs_PC#884713611280011264 roll 2
Jibs_PC#884713611280011264 roll 1
DICE 2 1 4 0 1 
Jibs_PC#884713611280011264 endattack
Jibs_PC#884713611280011264 nomove
CARD 36
Jibs_PC#884713611280011264 placearmies 33 5
Jibs_PC#884713611280011264 attack 33 29
Jibs_PC#884713611280011264 roll 3
Jibs_PC#884713611280011264 roll 1
DICE 3 1 4 2 2 5 
Jibs_PC#884713611280011264 roll 3
Jibs_PC#884713611280011264 roll 1
DICE 3 1 4 3 3 5 
Jibs_PC#884713611280011264 roll 3
Jibs_PC#884713611280011264 roll 1
DICE 3 1 3 1 0 5 
Jibs_PC#884713611280011264 roll 3
Jibs_PC#884713611280011264 roll 1
DICE 3 1 5 5 0 0 
Jibs_PC#884713611280011264 move 11
Jibs_PC#884713611280011264 attack 29 36
Jibs_PC#884713611280011264 roll 3
Jibs_PC#884713611280011264 roll 1
DICE 3 1 4 2 1 1 
Jibs_PC#884713611280011264 move 10
Jibs_PC#884713611280011264 attack 36 38
Jibs_PC#884713611280011264 roll 3
Jibs_PC#884713611280011264 roll 2
DICE 3 2 2 1 1 3 1 
Jibs_PC#884713611280011264 roll 3
Jibs_PC#884713611280011264 roll 2
DICE 3 2 3 3 1 5 2 
Jibs_PC#884713611280011264 roll 3
Jibs_PC#884713611280011264 roll 1
DICE 3 1 5 4 0 3 
Jibs_PC#884713611280011264 move 6
Jibs_PC#884713611280011264 endattack
Jibs_PC#884713611280011264 nomove
CARD 23
Jibs_PC#884713611280011264 placearmies 12 2
Jibs_PC#884713611280011264 placearmies 12 1
Jibs_PC#884713611280011264 attack 12 11
Jibs_PC#884713611280011264 roll 3
Jibs_PC#884713611280011264 roll 2
DICE 3 2 3 2 1 1 0 
Jibs_PC#884713611280011264 move 4
Jibs_PC#884713611280011264 attack 11 10
Jibs_PC#884713611280011264 roll 3
Jibs_PC#884713611280011264 roll 1
DICE 3 1 4 1 1 1 
Jibs_PC#884713611280011264 endattack
Jibs_PC#884713611280011264 nomove
CARD 1
Jibs_PC#884713611280011264 trade 18 8 wildcard
Jibs_PC#884713611280011264 placearmies 19 2
Jibs_PC#884713611280011264 placearmies 19 7
Jibs_PC#884713611280011264 placearmies 19 3
Jibs_PC#884713611280011264 placearmies 1 1
Jibs_PC#884713611280011264 attack 19 20
Jibs_PC#884713611280011264 roll 3
Jibs_PC#884713611280011264 roll 1
DICE 3 1 5 4 3 1 
Jibs_PC#884713611280011264 move 13
Jibs_PC#884713611280011264 attack 20 31
Jibs_PC#884713611280011264 roll 3
Jibs_PC#884713611280011264 roll 1
DICE 3 1 4 4 2 0 
Jibs_PC#884713611280011264 move 12
Jibs_PC#884713611280011264 attack 31 32
Jibs_PC#884713611280011264 roll 3
Jibs_PC#884713611280011264 roll 1
DICE 3 1 5 2 1 3 
Jibs_PC#884713611280011264 move 11
Jibs_PC#884713611280011264 attack 32 33
Jibs_PC#884713611280011264 roll 3
Jibs_PC#884713611280011264 roll 2
DICE 3 2 5 0 0 4 1 
Jibs_PC#884713611280011264 roll 3
Jibs_PC#884713611280011264 roll 1
DICE 3 1 5 5 1 3 
Jibs_PC#884713611280011264 move 9
Jibs_PC#884713611280011264 attack 33 39
Jibs_PC#884713611280011264 roll 3
Jibs_PC#884713611280011264 roll 1
DICE 3 1 3 2 2 4 
Jibs_PC#884713611280011264 roll 3
Jibs_PC#884713611280011264 roll 1
DICE 3 1 4 0 0 5 
Jibs_PC#884713611280011264 roll 3
Jibs_PC#884713611280011264 roll 1
DICE 3 1 3 3 2 5 
Jibs_PC#884713611280011264 roll 3
Jibs_PC#884713611280011264 roll 1
DICE 3 1 3 2 0 0 
Jibs_PC#884713611280011264 move 5
Jibs_PC#884713611280011264 attack 39 41
Jibs_PC#884713611280011264 roll 3
Jibs_PC#884713611280011264 roll 1
DICE 3 1 3 3 0 0 
Jibs_PC#884713611280011264 move 4
Jibs_PC#884713611280011264 attack 41 42
Jibs_PC#884713611280011264 roll 3
Jibs_PC#884713611280011264 roll 1
DICE 3 1 5 5 0 4 
Jibs_PC#884713611280011264 attack 42 40
Jibs_PC#884713611280011264 roll 2
Jibs_PC#884713611280011264 roll 1
DICE 2 1 1 0 2 
Jibs_PC#884713611280011264 retreat
Jibs_PC#884713611280011264 endattack
Jibs_PC#884713611280011264 movearmies 8 6 2
CARD wildcard
Jibs_PC#884713611280011264 placearmies 22 3
Jibs_PC#884713611280011264 attack 22 20
Jibs_PC#884713611280011264 roll 3
Jibs_PC#884713611280011264 roll 1
DICE 3 1 5 2 0 5 
Jibs_PC#884713611280011264 roll 3
Jibs_PC#884713611280011264 roll 1
DICE 3 1 4 3 0 4 
Jibs_PC#884713611280011264 roll 3
Jibs_PC#884713611280011264 roll 1
DICE 3 1 4 2 1 4 
Jibs_PC#884713611280011264 roll 3
Jibs_PC#884713611280011264 roll 1
DICE 3 1 4 1 0 0 
Jibs_PC#884713611280011264 attack 20 18
Jibs_PC#884713611280011264 roll 2
Jibs_PC#884713611280011264 roll 1
DICE 2 1 4 2 5 
Jibs_PC#884713611280011264 retreat
Jibs_PC#884713611280011264 endattack
Jibs_PC#884713611280011264 nomove
CARD 31
Jibs_PC#884713611280011264 trade 6 22 36
Jibs_PC#884713611280011264 placearmies 4 12
Jibs_PC#884713611280011264 placearmies 25 1
Jibs_PC#884713611280011264 attack 4 9
Jibs_PC#884713611280011264 roll 3
Jibs_PC#884713611280011264 roll 1
DICE 3 1 3 3 2 5 
Jibs_PC#884713611280011264 roll 3
Jibs_PC#884713611280011264 roll 1
DICE 3 1 3 0 0 3 
Jibs_PC#884713611280011264 roll 3
Jibs_PC#884713611280011264 roll 1
DICE 3 1 5 4 1 5 
Jibs_PC#884713611280011264 roll 3
Jibs_PC#884713611280011264 roll 1
DICE 3 1 5 1 1 0 
Jibs_PC#884713611280011264 move 10
Jibs_PC#884713611280011264 attack 9 7
Jibs_PC#884713611280011264 roll 3
Jibs_PC#884713611280011264 roll 1
DICE 3 1 1 1 0 1 
Jibs_PC#884713611280011264 roll 3
Jibs_PC#884713611280011264 roll 1
DICE 3 1 5 3 2 4 
Jibs_PC#884713611280011264 move 8
Jibs_PC#884713611280011264 attack 7 8
Jibs_PC#884713611280011264 roll 3
Jibs_PC#884713611280011264 roll 1
DICE 3 1 3 1 0 0 
Jibs_PC#884713611280011264 move 7
Jibs_PC#884713611280011264 attack 8 6
Jibs_PC#884713611280011264 roll 3
Jibs_PC#884713611280011264 roll 2
DICE 3 2 5 5 0 1 0 
Jibs_PC#884713611280011264 roll 3
Jibs_PC#884713611280011264 roll 1
DICE 3 1 4 2 1 0 
Jibs_PC#884713611280011264 move 6
Jibs_PC#884713611280011264 attack 6 14
Jibs_PC#884713611280011264 roll 3
Jibs_PC#884713611280011264 roll 1
DICE 3 1 5 5 1 5 
Jibs_PC#884713611280011264 roll 3
Jibs_PC#884713611280011264 roll 1
DICE 3 1 2 1 0 3 
Jibs_PC#884713611280011264 retreat
Jibs_PC#884713611280011264 attack 25 24
Jibs_PC#884713611280011264 roll 3
Jibs_PC#884713611280011264 roll 1
DICE 3 1 4 3 0 4 
Jibs_PC#884713611280011264 roll 3
Jibs_PC#884713611280011264 roll 1
DICE 3 1 5 4 4 1 
Jibs_PC#884713611280011264 endattack
Jibs_PC#884713611280011264 nomove
CARD 29
Jibs_PC#884713611280011264 placearmies 40 3
Jibs_PC#884713611280011264 attack 40 39
Jibs_PC#884713611280011264 roll 3
Jibs_PC#884713611280011264 roll 1
DICE 3 1 2 0 0 4 
Jibs_PC#884713611280011264 roll 2
Jibs_PC#884713611280011264 roll 1
DICE 2 1 4 1 4 
Jibs_PC#884713611280011264 retreat
Jibs_PC#884713611280011264 attack 38 34
Jibs_PC#884713611280011264 roll 3
Jibs_PC#884713611280011264 roll 1
DICE 3 1 5 5 0 4 
Jibs_PC#884713611280011264 move 5
Jibs_PC#884713611280011264 endattack
Jibs_PC#884713611280011264 nomove
CARD 26
Jibs_PC#884713611280011264 placearmies 10 1
Jibs_PC#884713611280011264 placearmies 10 1
Jibs_PC#884713611280011264 placearmies 18 1
Jibs_PC#884713611280011264 attack 10 5
Jibs_PC#884713611280011264 roll 3
Jibs_PC#884713611280011264 roll 1
DICE 3 1 5 4 1 3 
Jibs_PC#884713611280011264 move 4
Jibs_PC#884713611280011264 endattack
Jibs_PC#884713611280011264 nomove
CARD 13
Jibs_PC#884713611280011264 trade 32 14 wildcard
Jibs_PC#884713611280011264 placearmies 42 4
Jibs_PC#884713611280011264 placearmies 15 4
Jibs_PC#884713611280011264 attack 42 40
Jibs_PC#884713611280011264 roll 3
Jibs_PC#884713611280011264 roll 2
DICE 3 2 3 3 0 3 3 
Jibs_PC#884713611280011264 roll 3
Jibs_PC#884713611280011264 roll 2
DICE 3 2 5 0 0 3 0 
Jibs_PC#884713611280011264 roll 2
Jibs_PC#884713611280011264 roll 1
DICE 2 1 4 2 3 
Jibs_PC#884713611280011264 attack 15 16
Jibs_PC#884713611280011264 roll 3
Jibs_PC#884713611280011264 roll 1
DICE 3 1 5 4 3 0 
Jibs_PC#884713611280011264 move 4
Jibs_PC#884713611280011264 attack 16 20
Jibs_PC#884713611280011264 roll 3
Jibs_PC#884713611280011264 roll 2
DICE 3 2 3 2 0 0 0 
Jibs_PC#884713611280011264 endattack
Jibs_PC#884713611280011264 movearmies 32 33 2
CARD 38
Jibs_PC#884713611280011264 placearmies 35 3
Jibs_PC#884713611280011264 attack 35 36
Jibs_PC#884713611280011264 roll 3
Jibs_PC#884713611280011264 roll 1
DICE 3 1 3 3 1 0 
Jibs_PC#884713611280011264 endattack
Jibs_PC#884713611280011264 nomove
CARD 41
Jibs_PC#884713611280011264 placearmies 24 2
Jibs_PC#884713611280011264 placearmies 9 1
Jibs_PC#884713611280011264 attack 24 26
Jibs_PC#884713611280011264 roll 3
Jibs_PC#884713611280011264 roll 2
DICE 3 2 4 3 0 5 0 
Jibs_PC#884713611280011264 roll 3
Jibs_PC#884713611280011264 roll 1
DICE 3 1 5 2 1 2 
Jibs_PC#884713611280011264 endattack
Jibs_PC#884713611280011264 movearmies 26 24 2
CARD 9
Jibs_PC#884713611280011264 trade 4 3 26
Jibs_PC#884713611280011264 placearmies 34 6
Jibs_PC#884713611280011264 placearmies 29 1
Jibs_PC#884713611280011264 attack 34 27
Jibs_PC#884713611280011264 roll 3
Jibs_PC#884713611280011264 roll 1
DICE 3 1 3 2 0 5 
Jibs_PC#884713611280011264 roll 3
Jibs_PC#884713611280011264 roll 1
DICE 3 1 4 3 0 5 
Jibs_PC#884713611280011264 roll 3
Jibs_PC#884713611280011264 roll 1
DICE 3 1 5 4 4 5 
Jibs_PC#884713611280011264 roll 3
Jibs_PC#884713611280011264 roll 1
DICE 3 1 3 2 0 2 
Jibs_PC#884713611280011264 move 7
Jibs_PC#884713611280011264 endattack
Jibs_PC#884713611280011264 nomove
CARD 34
Jibs_PC#884713611280011264 placearmies 12 3
Jibs_PC#884713611280011264 attack 12 13
Jibs_PC#884713611280011264 roll 3
Jibs_PC#884713611280011264 roll 1
DICE 3 1 2 2 0 1 
Jibs_PC#884713611280011264 endattack
Jibs_PC#884713611280011264 movearmies 5 10 3
CARD 16
Jibs_PC#884713611280011264 placearmies 20 1
Jibs_PC#884713611280011264 placearmies 20 2
Jibs_PC#884713611280011264 placearmies 20 2
Jibs_PC#884713611280011264 placearmies 14 1
Jibs_PC#884713611280011264 attack 20 18
Jibs_PC#884713611280011264 roll 3
Jibs_PC#884713611280011264 roll 2
DICE 3 2 4 4 0 5 4 
Jibs_PC#884713611280011264 roll 3
Jibs_PC#884713611280011264 roll 2
DICE 3 2 4 4 1 5 2 
Jibs_PC#884713611280011264 roll 3
Jibs_PC#884713611280011264 roll 1
DICE 3 1 3 2 2 1 
Jibs_PC#884713611280011264 move 3
Jibs_PC#884713611280011264 endattack
Jibs_PC#884713611280011264 movearmies 18 19 2
CARD 24
Jibs_PC#884713611280011264 trade 2 31 41
Jibs_PC#884713611280011264 placearmies 36 1
Jibs_PC#884713611280011264 placearmies 28 4
Jibs_PC#884713611280011264 placearmies 36 4
Jibs_PC#884713611280011264 placearmies 28 2
Jibs_PC#884713611280011264 attack 28 16
Jibs_PC#884713611280011264 roll 3
Jibs_PC#884713611280011264 roll 1
DICE 3 1 5 4 0 3 
Jibs_PC#884713611280011264 move 6
Jibs_PC#884713611280011264 attack 16 20
Jibs_PC#884713611280011264 roll 3
Jibs_PC#884713611280011264 roll 2
DICE 3 2 5 4 3 2 0 
Jibs_PC#884713611280011264 move 5
Jibs_PC#884713611280011264 attack 20 31
Jibs_PC#884713611280011264 roll 3
Jibs_PC#884713611280011264 roll 1
DICE 3 1 4 2 0 5 
Jibs_PC#884713611280011264 roll 3
Jibs_PC#884713611280011264 roll 1
DICE 3 1 5 4 3 4 
Jibs_PC#884713611280011264 endattack
Jibs_PC#884713611280011264 nomove
CARD 7
Jibs_PC#884713611280011264 placearmies 6 1
Jibs_PC#884713611280011264 placearmies 9 2
Jibs_PC#884713611280011264 attack 9 5
Jibs_PC#884713611280011264 roll 3
Jibs_PC#884713611280011264 roll 1
DICE 3 1 5 1 0 1 
Jibs_PC#884713611280011264 attack 24 21
Jibs_PC#884713611280011264 roll 2
Jibs_PC#884713611280011264 roll 1
DICE 2 1 4 2 5 
Jibs_PC#884713611280011264 retreat
Jibs_PC#884713611280011264 endattack
Jibs_PC#884713611280011264 nomove
CARD 12
Jibs_PC#884713611280011264 placearmies 27 3
Jibs_PC#884713611280011264 attack 27 36
Jibs_PC#884713611280011264 roll 3
Jibs_PC#884713611280011264 roll 2
DICE 3 2 4 0 0 2 1 
Jibs_PC#884713611280011264 roll 3
Jibs_PC#884713611280011264 roll 2
DICE 3 2 4 3 1 4 3 
Jibs_PC#884713611280011264 retreat
Jibs_PC#884713611280011264 attack 27 28
Jibs_PC#884713611280011264 roll 3
Jibs_PC#884713611280011264 roll 1
DICE 3 1 3 3 1 1 
Jibs_PC#884713611280011264 move 6
Jibs_PC#884713611280011264 endattack
Jibs_PC#884713611280011264 nomove
CARD 42
Jibs_PC#884713611280011264 trade 20 1 16
Jibs_PC#884713611280011264 placearmies 10 3
Jibs_PC#884713611280011264 placearmies 21 1
Jibs_PC#884713611280011264 placearmies 21 1
Jibs_PC#884713611280011264 placearmies 21 10
Jibs_PC#884713611280011264 attack 21 24
Jibs_PC#884713611280011264 roll 3
Jibs_PC#884713611280011264 roll 2
DICE 3 2 3 0 0 1 0 
Jibs_PC#884713611280011264 roll 3
Jibs_PC#884713611280011264 roll 1
DICE 3 1 3 1 1 5 
Jibs_PC#884713611280011264 retreat
Jibs_PC#884713611280011264 attack 21 22
Jibs_PC#884713611280011264 roll 3
Jibs_PC#884713611280011264 roll 1
DICE 3 1 5 3 0 4 
Jibs_PC#884713611280011264 move 9
Jibs_PC#884713611280011264 attack 22 24
Jibs_PC#884713611280011264 roll 3
Jibs_PC#884713611280011264 roll 1
DICE 3 1 5 5 0 4 
Jibs_PC#884713611280011264 move 8
Jibs_PC#884713611280011264 attack 24 23
Jibs_PC#884713611280011264 roll 3
Jibs_PC#884713611280011264 roll 1
DICE 3 1 5 3 1 5 
Jibs_PC#884713611280011264 roll 3
Jibs_PC#884713611280011264 roll 1
DICE 3 1 5 3 0 3 
Jibs_PC#884713611280011264 move 6
Jibs_PC#884713611280011264 attack 23 25
Jibs_PC#884713611280011264 roll 3
Jibs_PC#884713611280011264 roll 1
DICE 3 1 5 4 0 1 
Jibs_PC#884713611280011264 move 5
Jibs_PC#884713611280011264 attack 25 26
Jibs_PC#884713611280011264 roll 3
Jibs_PC#884713611280011264 roll 1
DICE 3 1 3 3 2 2 
Jibs_PC#884713611280011264 move 3
Jibs_PC#884713611280011264 endattack
Jibs_PC#884713611280011264 movearmies 26 24 1
CARD 15
Jibs_PC#884713611280011264 placearmies 19 1
Jibs_PC#884713611280011264 placearmies 19 5
Jibs_PC#884713611280011264 attack 19 21
Jibs_PC#884713611280011264 roll 3
Jibs_PC#884713611280011264 roll 2
DICE 3 2 3 2 1 4 0 
Jibs_PC#884713611280011264 roll 3
Jibs_PC#884713611280011264 roll 1
DICE 3 1 5 2 0 4 
Jibs_PC#884713611280011264 move 7
Jibs_PC#884713611280011264 attack 21 12
Jibs_PC#884713611280011264 roll 3
Jibs_PC#884713611280011264 roll 1
DICE 3 1 4 4 2 0 
Jibs_PC#884713611280011264 move 6
Jibs_PC#884713611280011264 attack 12 11
Jibs_PC#884713611280011264 roll 3
Jibs_PC#884713611280011264 roll 1
DICE 3 1 5 0 0 4 
Jibs_PC#884713611280011264 move 5
Jibs_PC#884713611280011264 attack 11 13
Jibs_PC#884713611280011264 roll 3
Jibs_PC#884713611280011264 roll 2
DICE 3 2 5 4 2 4 3 
Jibs_PC#884713611280011264 roll 3
Jibs_PC#884713611280011264 roll 1
DICE 3 1 5 2 1 4 
Jibs_PC#884713611280011264 move 3
Jibs_PC#884713611280011264 endattack
Jibs_PC#884713611280011264 movearmies 13 12 2
CARD 33
Jibs_PC#884713611280011264 trade 40 28 7
Jibs_PC#884713611280011264 placearmies 35 9
Jibs_PC#884713611280011264 attack 31 32
Jibs_PC#884713611280011264 roll 2
Jibs_PC#884713611280011264 roll 1
DICE 2 1 4 3 5 
Jibs_PC#884713611280011264 retreat
Jibs_PC#884713611280011264 attack 36 27
Jibs_PC#884713611280011264 roll 3
Jibs_PC#884713611280011264 roll 1
DICE 3 1 3 2 2 3 
Jibs_PC#884713611280011264 roll 3
Jibs_PC#884713611280011264 roll 1
DICE 3 1 4 3 0 0 
Jibs_PC#884713611280011264 move 5
Jibs_PC#884713611280011264 attack 27 29
Jibs_PC#884713611280011264 roll 3
Jibs_PC#884713611280011264 roll 2
DICE 3 2 5 1 0 1 1 
Jibs_PC#884713611280011264 roll 3
Jibs_PC#884713611280011264 roll 1
DICE 3 1 5 5 0 2 
Jibs_PC#884713611280011264 attack 29 32
Jibs_PC#884713611280011264 roll 2
Jibs_PC#884713611280011264 roll 1
DICE 2 1 4 0 5 
Jibs_PC#884713611280011264 retreat
Jibs_PC#884713611280011264 attack 35 38
Jibs_PC#884713611280011264 roll 3
Jibs_PC#884713611280011264 roll 1
DICE 3 1 5 5 0 2 
Jibs_PC#884713611280011264 move 9
Jibs_PC#884713611280011264 attack 38 34
Jibs_PC#884713611280011264 roll 3
Jibs_PC#884713611280011264 roll 1
DICE 3 1 3 1 0 1 
Jibs_PC#884713611280011264 move 3
Jibs_PC#884713611280011264 attack 38 1
Jibs_PC#884713611280011264 roll 3
Jibs_PC#884713611280011264 roll 2
DICE 3 2 3 3 1 5 2 
Jibs_PC#884713611280011264 roll 3
Jibs_PC#884713611280011264 roll 1
DICE 3 1 3 1 1 4 
Jibs_PC#884713611280011264 retreat
Jibs_PC#884713611280011264 endattack
Jibs_PC#884713611280011264 movearmies 34 38 2
CARD 11
Jibs_PC#884713611280011264 placearmies 2 3
Jibs_PC#884713611280011264 attack 2 1
Jibs_PC#884713611280011264 roll 3
Jibs_PC#884713611280011264 roll 1
DICE 3 1 5 4 2 2 
Jibs_PC#884713611280011264 attack 6 14
Jibs_PC#884713611280011264 roll 3
Jibs_PC#884713611280011264 roll 2
DICE 3 2 4 2 0 5 1 
Jibs_PC#884713611280011264 roll 3
Jibs_PC#884713611280011264 roll 1
DICE 3 1 4 3 2 3 
Jibs_PC#884713611280011264 endattack
Jibs_PC#884713611280011264 nomove
CARD 37
Jibs_PC#884713611280011264 placearmies 28 2
Jibs_PC#884713611280011264 placearmies 28 1
Jibs_PC#884713611280011264 attack 28 16
Jibs_PC#884713611280011264 roll 3
Jibs_PC#884713611280011264 roll 1
DICE 3 1 3 1 0 3 
Jibs_PC#884713611280011264 roll 3
Jibs_PC#884713611280011264 roll 1
DICE 3 1 5 1 1 2 
Jibs_PC#884713611280011264 move 7
Jibs_PC#884713611280011264 attack 16 18
Jibs_PC#884713611280011264 roll 3
Jibs_PC#884713611280011264 roll 1
DICE 3 1 5 5 4 0 
Jibs_PC#884713611280011264 move 6
Jibs_PC#884713611280011264 attack 18 19
Jibs_PC#884713611280011264 roll 3
Jibs_PC#884713611280011264 roll 1
DICE 3 1 4 3 0 5 
Jibs_PC#884713611280011264 roll 3
Jibs_PC#884713611280011264 roll 1
DICE 3 1 3 2 0 1 
Jibs_PC#884713611280011264 move 4
Jibs_PC#884713611280011264 endattack
Jibs_PC#884713611280011264 nomove
CARD 30
Jibs_PC#884713611280011264 trade 39 13 15
Jibs_PC#884713611280011264 placearmies 10 8
Jibs_PC#884713611280011264 placearmies 10 4
Jibs_PC#884713611280011264 placearmies 10 1
Jibs_PC#884713611280011264 attack 10 5
Jibs_PC#884713611280011264 roll 3
Jibs_PC#884713611280011264 roll 2
DICE 3 2 5 4 4 4 3 
Jibs_PC#884713611280011264 roll 3
Jibs_PC#884713611280011264 roll 1
DICE 3 1 4 2 1 4 
Jibs_PC#884713611280011264 roll 3
Jibs_PC#884713611280011264 roll 1
DICE 3 1 5 3 3 4 
Jibs_PC#884713611280011264 move 18
Jibs_PC#884713611280011264 attack 5 4
Jibs_PC#884713611280011264 roll 3
Jibs_PC#884713611280011264 roll 1
DICE 3 1 5 4 4 4 
Jibs_PC#884713611280011264 move 17
Jibs_PC#884713611280011264 attack 4 9
Jibs_PC#884713611280011264 roll 3
Jibs_PC#884713611280011264 roll 1
DICE 3 1 4 2 1 0 
Jibs_PC#884713611280011264 move 16
Jibs_PC#884713611280011264 attack 9 7
Jibs_PC#884713611280011264 roll 3
Jibs_PC#884713611280011264 roll 1
DICE 3 1 5 0 0 4 
Jibs_PC#884713611280011264 move 15
Jibs_PC#884713611280011264 attack 7 8
Jibs_PC#884713611280011264 roll 3
Jibs_PC#884713611280011264 roll 1
DICE 3 1 4 2 2 5 
Jibs_PC#884713611280011264 roll 3
Jibs_PC#884713611280011264 roll 1
DICE 3 1 5 3 2 1 
Jibs_PC#884713611280011264 move 13
Jibs_PC#884713611280011264 attack 8 6
Jibs_PC#884713611280011264 roll 3
Jibs_PC#884713611280011264 roll 1
DICE 3 1 5 3 3 4 
Jibs_PC#884713611280011264 move 12
Jibs_PC#884713611280011264 attack 6 2
Jibs_PC#884713611280011264 roll 3
Jibs_PC#884713611280011264 roll 1
DICE 3 1 4 4 0 2 
Jibs_PC#884713611280011264 move 11
Jibs_PC#884713611280011264 attack 2 3
Jibs_PC#884713611280011264 roll 3
Jibs_PC#884713611280011264 roll 1
DICE 3 1 5 2 0 2 
Jibs_PC#884713611280011264 move 10
Jibs_PC#884713611280011264 attack 3 1
Jibs_PC#884713611280011264 roll 3
Jibs_PC#884713611280011264 roll 2
DICE 3 2 0 0 0 5 5 
Jibs_PC#884713611280011264 roll 3
Jibs_PC#884713611280011264 roll 2
DICE 3 2 3 0 0 4 2 
Jibs_PC#884713611280011264 roll 3
Jibs_PC#884713611280011264 roll 2
DICE 3 2 5 3 1 4 0 
Jibs_PC#884713611280011264 roll 3
Jibs_PC#884713611280011264 roll 1
DICE 3 1 5 5 3 2 
Jibs_PC#884713611280011264 move 5
Jibs_PC#884713611280011264 attack 1 38
Jibs_PC#884713611280011264 roll 3
Jibs_PC#884713611280011264 roll 2
DICE 3 2 5 4 2 1 0 
Jibs_PC#884713611280011264 roll 3
Jibs_PC#884713611280011264 roll 2
DICE 3 2 5 5 1 3 1 
Jibs_PC#884713611280011264 roll 3
Jibs_PC#884713611280011264 roll 2
DICE 3 2 2 1 0 5 2 
Jibs_PC#884713611280011264 retreat
Jibs_PC#884713611280011264 endattack
Jibs_PC#884713611280011264 movearmies 26 24 1
CARD 35
Jibs_PC#884713611280011264 placearmies 15 6
Jibs_PC#884713611280011264 attack 15 14
Jibs_PC#884713611280011264 roll 3
Jibs_PC#884713611280011264 roll 2
DICE 3 2 4 1 1 4 2 
Jibs_PC#884713611280011264 roll 3
Jibs_PC#884713611280011264 roll 2
DICE 3 2 5 4 0 2 1 
Jibs_PC#884713611280011264 roll 3
Jibs_PC#884713611280011264 roll 1
DICE 3 1 5 5 1 2 
Jibs_PC#884713611280011264 move 4
Jibs_PC#884713611280011264 trade 38 24 37
Jibs_PC#884713611280011264 placearmies 12 2
Jibs_PC#884713611280011264 placearmies 14 1
Jibs_PC#884713611280011264 placearmies 21 7
Jibs_PC#884713611280011264 attack 14 6
Jibs_PC#884713611280011264 roll 3
Jibs_PC#884713611280011264 roll 1
DICE 3 1 5 5 4 0 
Jibs_PC#884713611280011264 move 4
Jibs_PC#884713611280011264 attack 12 10
Jibs_PC#884713611280011264 roll 3
Jibs_PC#884713611280011264 roll 1
DICE 3 1 5 2 1 2 
Jibs_PC#884713611280011264 move 4
Jibs_PC#884713611280011264 attack 21 20
Jibs_PC#884713611280011264 roll 3
Jibs_PC#884713611280011264 roll 1
DICE 3 1 4 3 1 3 
Jibs_PC#884713611280011264 move 6
Jibs_PC#884713611280011264 attack 20 18
Jibs_PC#884713611280011264 roll 3
Jibs_PC#884713611280011264 roll 1
DICE 3 1 4 4 2 2 
Jibs_PC#884713611280011264 move 5
Jibs_PC#884713611280011264 attack 18 16
Jibs_PC#884713611280011264 roll 3
Jibs_PC#884713611280011264 roll 1
DICE 3 1 2 2 1 0 
Jibs_PC#884713611280011264 move 4
Jibs_PC#884713611280011264 endattack
Jibs_PC#884713611280011264 movearmies 11 10 1
CARD 27
Jibs_PC#884713611280011264 placearmies 31 2
Jibs_PC#884713611280011264 placearmies 31 1
Jibs_PC#884713611280011264 attack 31 32
Jibs_PC#884713611280011264 roll 3
Jibs_PC#884713611280011264 roll 1
DICE 3 1 4 0 0 4 
Jibs_PC#884713611280011264 roll 3
Jibs_PC#884713611280011264 roll 1
DICE 3 1 2 2 1 3 
Jibs_PC#884713611280011264 roll 2
Jibs_PC#884713611280011264 roll 1
DICE 2 1 3 0 5 
Jibs_PC#884713611280011264 retreat
Jibs_PC#884713611280011264 endattack
Jibs_PC#884713611280011264 nomove
CARD 
Jibs_PC#884713611280011264 placearmies 19 1
Jibs_PC#884713611280011264 placearmies 19 2
Jibs_PC#884713611280011264 attack 19 21
Jibs_PC#884713611280011264 roll 3
Jibs_PC#884713611280011264 roll 2
DICE 3 2 4 3 0 4 0 
Jibs_PC#884713611280011264 roll 3
Jibs_PC#884713611280011264 roll 1
DICE 3 1 5 3 0 3 
Jibs_PC#884713611280011264 move 5
Jibs_PC#884713611280011264 attack 21 12
Jibs_PC#884713611280011264 roll 3
Jibs_PC#884713611280011264 roll 1
DICE 3 1 5 2 0 1 
Jibs_PC#884713611280011264 move 4
Jibs_PC#884713611280011264 attack 12 11
Jibs_PC#884713611280011264 roll 3
Jibs_PC#884713611280011264 roll 1
DICE 3 1 5 2 0 1 
Jibs_PC#884713611280011264 attack 11 13
Jibs_PC#884713611280011264 roll 2
Jibs_PC#884713611280011264 roll 1
DICE 2 1 3 1 5 
Jibs_PC#884713611280011264 retreat
Jibs_PC#884713611280011264 endattack
Jibs_PC#884713611280011264 nomove
CARD 19
Jibs_PC#884713611280011264 placearmies 24 2
Jibs_PC#884713611280011264 placearmies 2 2
Jibs_PC#884713611280011264 attack 24 21
Jibs_PC#884713611280011264 roll 3
Jibs_PC#884713611280011264 roll 1
DICE 3 1 5 1 0 4 
Jibs_PC#884713611280011264 move 4
Jibs_PC#884713611280011264 endattack
Jibs_PC#884713611280011264 nomove
CARD 10
Jibs_PC#884713611280011264 trade 33 9 12
Jibs_PC#884713611280011264 placearmies 10 4
Jibs_PC#884713611280011264 placearmies 10 3
Jibs_PC#884713611280011264 placearmies 10 3
Jibs_PC#884713611280011264 placearmies 10 1
Jibs_PC#884713611280011264 placearmies 16 4
Jibs_PC#884713611280011264 attack 10 12
Jibs_PC#884713611280011264 roll 3
Jibs_PC#884713611280011264 roll 1
DICE 3 1 4 4 1 0 
Jibs_PC#884713611280011264 move 15
Jibs_PC#884713611280011264 attack 12 21
Jibs_PC#884713611280011264 roll 3
Jibs_PC#884713611280011264 roll 2
DICE 3 2 5 1 0 1 1 
Jibs_PC#884713611280011264 roll 3
Jibs_PC#884713611280011264 roll 2
DICE 3 2 5 5 0 5 1 
Jibs_PC#884713611280011264 roll 3
Jibs_PC#884713611280011264 roll 2
DICE 3 2 5 3 3 2 1 
Jibs_PC#884713611280011264 move 12
Jibs_PC#884713611280011264 attack 21 19
Jibs_PC#884713611280011264 roll 3
Jibs_PC#884713611280011264 roll 1
DICE 3 1 3 1 0 3 
Jibs_PC#884713611280011264 roll 3
Jibs_PC#884713611280011264 roll 1
DICE 3 1 5 4 3 0 
Jibs_PC#884713611280011264 move 3
Jibs_PC#884713611280011264 attack 16 31
Jibs_PC#884713611280011264 roll 3
Jibs_PC#884713611280011264 roll 2
DICE 3 2 5 4 2 2 1 
Jibs_PC#884713611280011264 move 6
Jibs_PC#884713611280011264 attack 21 22
Jibs_PC#884713611280011264 roll 3
Jibs_PC#884713611280011264 roll 1
DICE 3 1 5 4 4 5 
Jibs_PC#884713611280011264 roll 3
Jibs_PC#884713611280011264 roll 1
DICE 3 1 0 0 0 2 
Jibs_PC#884713611280011264 roll 3
Jibs_PC#884713611280011264 roll 1
DICE 3 1 4 2 0 4 
Jibs_PC#884713611280011264 roll 3
Jibs_PC#884713611280011264 roll 1
DICE 3 1 4 1 1 3 
Jibs_PC#884713611280011264 move 3
Jibs_PC#884713611280011264 attack 33 29
Jibs_PC#884713611280011264 roll 3
Jibs_PC#884713611280011264 roll 2
DICE 3 2 5 4 4 5 2 
Jibs_PC#884713611280011264 roll 3
Jibs_PC#884713611280011264 roll 1
DICE 3 1 3 1 0 4 
Jibs_PC#884713611280011264 retreat
Jibs_PC#884713611280011264 attack 31 30
Jibs_PC#884713611280011264 roll 3
Jibs_PC#884713611280011264 roll 1
DICE 3 1 5 4 1 3 
Jibs_PC#884713611280011264 move 5
Jibs_PC#884713611280011264 attack 30 28
Jibs_PC#884713611280011264 roll 3
Jibs_PC#884713611280011264 roll 1
DICE 3 1 4 0 0 2 
Jibs_PC#884713611280011264 move 3
Jibs_PC#884713611280011264 endattack
Jibs_PC#884713611280011264 movearmies 19 21 2
CARD 17
Jibs_PC#884713611280011264 placearmies 29 3
Jibs_PC#884713611280011264 attack 29 30
Jibs_PC#884713611280011264 roll 3
Jibs_PC#884713611280011264 roll 2
DICE 3 2 5 1 1 5 2 
Jibs_PC#884713611280011264 retreat
Jibs_PC#884713611280011264 endattack
Jibs_PC#884713611280011264 nomove
CARD 
Jibs_PC#884713611280011264 trade 42 30 19
Jibs_PC#884713611280011264 placearmies 11 2
Jibs_PC#884713611280011264 placearmies 11 4
Jibs_PC#884713611280011264 placearmies 11 1
Jibs_PC#884713611280011264 attack 11 10
Jibs_PC#884713611280011264 roll 3
Jibs_PC#884713611280011264 roll 1
DICE 3 1 4 3 1 3 
Jibs_PC#884713611280011264 move 8
Jibs_PC#884713611280011264 attack 10 12
Jibs_PC#884713611280011264 roll 3
Jibs_PC#884713611280011264 roll 1
DICE 3 1 4 1 0 0 
Jibs_PC#884713611280011264 move 7
Jibs_PC#884713611280011264 attack 12 13
Jibs_PC#884713611280011264 roll 3
Jibs_PC#884713611280011264 roll 1
DICE 3 1 4 4 2 2 
Jibs_PC#884713611280011264 move 3
Jibs_PC#884713611280011264 endattack
Jibs_PC#884713611280011264 movearmies 13 12 2
CARD 5
Jibs_PC#884713611280011264 placearmies 23 4
Jibs_PC#884713611280011264 attack 1 38
Jibs_PC#884713611280011264 roll 2
Jibs_PC#884713611280011264 roll 2
DICE 2 2 5 3 5 0 
Jibs_PC#884713611280011264 retreat
Jibs_PC#884713611280011264 attack 23 21
Jibs_PC#884713611280011264 roll 3
Jibs_PC#884713611280011264 roll 2
DICE 3 2 5 5 0 1 0 
Jibs_PC#884713611280011264 roll 3
Jibs_PC#884713611280011264 roll 2
DICE 3 2 4 4 2 5 0 
Jibs_PC#884713611280011264 roll 3
Jibs_PC#884713611280011264 roll 1
DICE 3 1 5 5 2 5 
Jibs_PC#884713611280011264 roll 2
Jibs_PC#884713611280011264 roll 1
DICE 2 1 5 3 2 
Jibs_PC#884713611280011264 endattack
Jibs_PC#884713611280011264 movearmies 25 24 1
CARD 21
Jibs_PC#884713611280011264 placearmies 33 13
Jibs_PC#884713611280011264 attack 28 27
Jibs_PC#884713611280011264 roll 2
Jibs_PC#884713611280011264 roll 1
DICE 2 1 4 4 3 
Jibs_PC#884713611280011264 attack 33 29
Jibs_PC#884713611280011264 roll 3
Jibs_PC#884713611280011264 roll 2
DICE 3 2 5 2 1 3 2 
Jibs_PC#884713611280011264 roll 3
Jibs_PC#884713611280011264 roll 1
DICE 3 1 4 4 0 3 
Jibs_PC#884713611280011264 move 14
Jibs_PC#884713611280011264 attack 29 36
Jibs_PC#884713611280011264 roll 3
Jibs_PC#884713611280011264 roll 1
DICE 3 1 4 4 3 0 
Jibs_PC#884713611280011264 move 13
Jibs_PC#884713611280011264 attack 36 38
Jibs_PC#884713611280011264 roll 3
Jibs_PC#884713611280011264 roll 1
DICE 3 1 4 3 2 4 
Jibs_PC#884713611280011264 roll 3
Jibs_PC#884713611280011264 roll 1
DICE 3 1 5 1 0 2 
Jibs_PC#884713611280011264 move 10
Jibs_PC#884713611280011264 attack 38 37
Jibs_PC#884713611280011264 roll 3
Jibs_PC#884713611280011264 roll 1
DICE 3 1 4 3 3 2 
Jibs_PC#884713611280011264 move 3
Jibs_PC#884713611280011264 attack 38 35
Jibs_PC#884713611280011264 roll 3
Jibs_PC#884713611280011264 roll 1
DICE 3 1 4 3 3 2 
Jibs_PC#884713611280011264 move 5
Jibs_PC#884713611280011264 attack 35 34
Jibs_PC#884713611280011264 roll 3
Jibs_PC#884713611280011264 roll 1
DICE 3 1 5 2 1 4 
Jibs_PC#884713611280011264 move 3
Jibs_PC#884713611280011264 endattack
Jibs_PC#884713611280011264 movearmies 37 38 2
CARD 25
Jibs_PC#884713611280011264 trade 23 34 5
Jibs_PC#884713611280011264 placearmies 12 3
Jibs_PC#884713611280011264 placearmies 12 3
Jibs_PC#884713611280011264 placearmies 10 1
Jibs_PC#884713611280011264 placearmies 12 3
Jibs_PC#884713611280011264 placearmies 12 1
Jibs_PC#884713611280011264 attack 12 21
Jibs_PC#884713611280011264 roll 3
Jibs_PC#884713611280011264 roll 2
DICE 3 2 3 1 1 5 5 
Jibs_PC#884713611280011264 roll 3
Jibs_PC#884713611280011264 roll 2
DICE 3 2 4 2 0 5 0 
Jibs_PC#884713611280011264 roll 3
Jibs_PC#884713611280011264 roll 1
DICE 3 1 2 2 0 0 
Jibs_PC#884713611280011264 move 12
Jibs_PC#884713611280011264 attack 21 19
Jibs_PC#884713611280011264 roll 3
Jibs_PC#884713611280011264 roll 1
DICE 3 1 5 3 2 4 
Jibs_PC#884713611280011264 move 10
Jibs_PC#884713611280011264 attack 19 20
Jibs_PC#884713611280011264 roll 3
Jibs_PC#884713611280011264 roll 1
DICE 3 1 3 3 1 1 
Jibs_PC#884713611280011264 move 9
Jibs_PC#884713611280011264 attack 20 31
Jibs_PC#884713611280011264 roll 3
Jibs_PC#884713611280011264 roll 1
DICE 3 1 5 2 1 4 
Jibs_PC#884713611280011264 move 8
Jibs_PC#884713611280011264 attack 31 32
Jibs_PC#884713611280011264 roll 3
Jibs_PC#884713611280011264 roll 1
DICE 3 1 5 5 4 5 
Jibs_PC#884713611280011264 roll 3
Jibs_PC#884713611280011264 roll 1
DICE 3 1 4 3 2 1 
Jibs_PC#884713611280011264 move 6
Jibs_PC#884713611280011264 attack 32 33
Jibs_PC#884713611280011264 roll 3
Jibs_PC#884713611280011264 roll 1
DICE 3 1 5 2 1 1 
Jibs_PC#884713611280011264 move 5
Jibs_PC#884713611280011264 attack 33 39
Jibs_PC#884713611280011264 roll 3
Jibs_PC#884713611280011264 roll 1
DICE 3 1 4 4 0 5 
Jibs_PC#884713611280011264 roll 3
Jibs_PC#884713611280011264 roll 1
DICE 3 1 5 3 1 0 
Jibs_PC#884713611280011264 attack 39 41
Jibs_PC#884713611280011264 roll 2
Jibs_PC#884713611280011264 roll 1
DICE 2 1 2 1 1 
Jibs_PC#884713611280011264 endattack
Jibs_PC#884713611280011264 nomove
CARD 42
Jibs_PC#884713611280011264 placearmies 24 3
Jibs_PC#884713611280011264 placearmies 24 1
Jibs_PC#884713611280011264 attack 24 21
Jibs_PC#884713611280011264 roll 3
Jibs_PC#884713611280011264 roll 2
DICE 3 2 5 4 2 4 3 
Jibs_PC#884713611280011264 move 5
Jibs_PC#884713611280011264 attack 21 22
Jibs_PC#884713611280011264 roll 3
Jibs_PC#884713611280011264 roll 2
DICE 3 2 3 2 1 3 2 
Jibs_PC#884713611280011264 retreat
Jibs_PC#884713611280011264 endattack
Jibs_PC#884713611280011264 nomove
CARD 6
Jibs_PC#884713611280011264 trade 29 17 11
Jibs_PC#884713611280011264 placearmies 22 5
Jibs_PC#884713611280011264 placearmies 22 3
Jibs_PC#884713611280011264 placearmies 22 4
Jibs_PC#884713611280011264 attack 22 21
Jibs_PC#884713611280011264 roll 3
Jibs_PC#884713611280011264 roll 2
DICE 3 2 5 3 2 5 3 
Jibs_PC#884713611280011264 roll 3
Jibs_PC#884713611280011264 roll 2
DICE 3 2 2 2 0 5 5 
Jibs_PC#884713611280011264 roll 3
Jibs_PC#884713611280011264 roll 2
DICE 3 2 2 0 0 5 2 
Jibs_PC#884713611280011264 roll 3
Jibs_PC#884713611280011264 roll 2
DICE 3 2 5 2 0 3 1 
Jibs_PC#884713611280011264 roll 3
Jibs_PC#884713611280011264 roll 1
DICE 3 1 4 2 2 1 
Jibs_PC#884713611280011264 move 8
Jibs_PC#884713611280011264 attack 21 12
Jibs_PC#884713611280011264 roll 3
Jibs_PC#884713611280011264 roll 1
DICE 3 1 5 4 4 3 
Jibs_PC#884713611280011264 move 7
Jibs_PC#884713611280011264 attack 12 13
Jibs_PC#884713611280011264 roll 3
Jibs_PC#884713611280011264 roll 1
DICE 3 1 5 1 1 0 
Jibs_PC#884713611280011264 move 6
Jibs_PC#884713611280011264 attack 13 11
Jibs_PC#884713611280011264 roll 3
Jibs_PC#884713611280011264 roll 1
DICE 3 1 5 4 0 3 
Jibs_PC#884713611280011264 move 5
Jibs_PC#884713611280011264 attack 11 10
Jibs_PC#884713611280011264 roll 3
Jibs_PC#884713611280011264 roll 2
DICE 3 2 5 4 1 2 1 
Jibs_PC#884713611280011264 move 4
Jibs_PC#884713611280011264 attack 29 33
Jibs_PC#884713611280011264 roll 2
Jibs_PC#884713611280011264 roll 1
DICE 2 1 1 0 2 
Jibs_PC#884713611280011264 retreat
Jibs_PC#884713611280011264 endattack
Jibs_PC#884713611280011264 movearmies 34 38 2
CARD 20
Jibs_PC#884713611280011264 placearmies 41 2
Jibs_PC#884713611280011264 placearmies 41 1
Jibs_PC#884713611280011264 attack 41 40
Jibs_PC#884713611280011264 roll 3
Jibs_PC#884713611280011264 roll 2
DICE 3 2 5 5 5 4 0 
Jibs_PC#884713611280011264 move 4
Jibs_PC#884713611280011264 attack 40 42
Jibs_PC#884713611280011264 roll 3
Jibs_PC#884713611280011264 roll 1
DICE 3 1 5 2 2 3 
Jibs_PC#884713611280011264 endattack
Jibs_PC#884713611280011264 movearmies 42 40 1
CARD 1
Jibs_PC#884713611280011264 trade 35 10 6
Jibs_PC#884713611280011264 placearmies 23 7
Jibs_PC#884713611280011264 placearmies 23 3
Jibs_PC#884713611280011264 placearmies 2 4
Jibs_PC#884713611280011264 attack 23 21
Jibs_PC#884713611280011264 roll 3
Jibs_PC#884713611280011264 roll 1
DICE 3 1 4 2 1 5 
Jibs_PC#884713611280011264 roll 3
Jibs_PC#884713611280011264 roll 1
DICE 3 1 5 4 0 4 
Jibs_PC#884713611280011264 move 9
Jibs_PC#884713611280011264 attack 21 12
Jibs_PC#884713611280011264 roll 3
Jibs_PC#884713611280011264 roll 1
DICE 3 1 5 3 0 1 
Jibs_PC#884713611280011264 move 8
Jibs_PC#884713611280011264 attack 2 6
Jibs_PC#884713611280011264 roll 3
Jibs_PC#884713611280011264 roll 2
DICE 3 2 3 1 0 4 3 
Jibs_PC#884713611280011264 roll 3
Jibs_PC#884713611280011264 roll 2
DICE 3 2 4 2 0 4 2 
Jibs_PC#884713611280011264 retreat
Jibs_PC#884713611280011264 attack 12 13
Jibs_PC#884713611280011264 roll 3
Jibs_PC#884713611280011264 roll 1
DICE 3 1 4 4 1 0 
Jibs_PC#884713611280011264 move 7
Jibs_PC#884713611280011264 attack 13 11
Jibs_PC#884713611280011264 roll 3
Jibs_PC#884713611280011264 roll 1
DICE 3 1 5 4 3 0 
Jibs_PC#884713611280011264 move 6
Jibs_PC#884713611280011264 attack 11 10
Jibs_PC#884713611280011264 roll 3
Jibs_PC#884713611280011264 roll 2
DICE 3 2 5 4 0 4 1 
Jibs_PC#884713611280011264 roll 3
Jibs_PC#884713611280011264 roll 2
DICE 3 2 5 2 0 4 3 
Jibs_PC#884713611280011264 roll 3
Jibs_PC#884713611280011264 roll 1
DICE 3 1 4 3 2 3 
Jibs_PC#884713611280011264 move 3
Jibs_PC#884713611280011264 endattack
Jibs_PC#884713611280011264 movearmies 10 5 1
CARD 32
Jibs_PC#884713611280011264 placearmies 16 5
Jibs_PC#884713611280011264 attack 16 20
Jibs_PC#884713611280011264 roll 3
Jibs_PC#884713611280011264 roll 1
DICE 3 1 3 0 0 5 
Jibs_PC#884713611280011264 roll 3
Jibs_PC#884713611280011264 roll 1
DICE 3 1 5 4 1 1 
Jibs_PC#884713611280011264 move 5
Jibs_PC#884713611280011264 attack 20 19
Jibs_PC#884713611280011264 roll 3
Jibs_PC#884713611280011264 roll 1
DICE 3 1 3 0 0 2 
Jibs_PC#884713611280011264 move 3
Jibs_PC#884713611280011264 attack 38 1
Jibs_PC#884713611280011264 roll 3
Jibs_PC#884713611280011264 roll 2
DICE 3 2 4 4 0 4 0 
Jibs_PC#884713611280011264 roll 3
Jibs_PC#884713611280011264 roll 1
DICE 3 1 4 3 2 1 
Jibs_PC#884713611280011264 move 4
Jibs_PC#884713611280011264 endattack
Jibs_PC#884713611280011264 movearmies 30 16 1
CARD 30
Jibs_PC#884713611280011264 placearmies 31 3
Jibs_PC#884713611280011264 placearmies 31 2
Jibs_PC#884713611280011264 attack 31 20
Jibs_PC#884713611280011264 roll 3
Jibs_PC#884713611280011264 roll 2
DICE 3 2 4 0 0 5 5 
Jibs_PC#884713611280011264 roll 3
Jibs_PC#884713611280011264 roll 2
DICE 3 2 5 5 4 4 1 
Jibs_PC#884713611280011264 endattack
Jibs_PC#884713611280011264 nomove
CARD 31
Jibs_PC#884713611280011264 placearmies 24 4
Jibs_PC#884713611280011264 placearmies 3 1
Jibs_PC#884713611280011264 placearmies 21 1
Jibs_PC#884713611280011264 placearmies 7 1
Jibs_PC#884713611280011264 attack 24 22
Jibs_PC#884713611280011264 roll 3
Jibs_PC#884713611280011264 roll 1
DICE 3 1 3 2 0 1 
Jibs_PC#884713611280011264 move 4
Jibs_PC#884713611280011264 endattack
Jibs_PC#884713611280011264 movearmies 2 7 2
CARD 13
Jibs_PC#884713611280011264 trade 27 20 30
Jibs_PC#884713611280011264 placearmies 19 5
Jibs_PC#884713611280011264 placearmies 19 1
Jibs_PC#884713611280011264 placearmies 29 6
Jibs_PC#884713611280011264 placearmies 6 1
Jibs_PC#884713611280011264 placearmies 29 2
Jibs_PC#884713611280011264 attack 19 21
Jibs_PC#884713611280011264 roll 3
Jibs_PC#884713611280011264 roll 2
DICE 3 2 5 2 0 5 0 
Jibs_PC#884713611280011264 roll 3
Jibs_PC#884713611280011264 roll 1
DICE 3 1 3 3 1 4 
Jibs_PC#884713611280011264 roll 3
Jibs_PC#884713611280011264 roll 1
DICE 3 1 2 1 1 3 
Jibs_PC#884713611280011264 roll 3
Jibs_PC#884713611280011264 roll 1
DICE 3 1 5 5 3 2 
Jibs_PC#884713611280011264 move 5
Jibs_PC#884713611280011264 attack 21 12
Jibs_PC#884713611280011264 roll 3
Jibs_PC#884713611280011264 roll 1
DICE 3 1 4 1 0 1 
Jibs_PC#884713611280011264 move 4
Jibs_PC#884713611280011264 attack 29 33
Jibs_PC#884713611280011264 roll 3
Jibs_PC#884713611280011264 roll 1
DICE 3 1 5 3 2 4 
Jibs_PC#884713611280011264 move 9
Jibs_PC#884713611280011264 attack 33 39
Jibs_PC#884713611280011264 roll 3
Jibs_PC#884713611280011264 roll 1
DICE 3 1 1 0 0 5 
Jibs_PC#884713611280011264 roll 3
Jibs_PC#884713611280011264 roll 1
DICE 3 1 5 4 3 3 
Jibs_PC#884713611280011264 move 7
Jibs_PC#884713611280011264 attack 39 41
Jibs_PC#884713611280011264 roll 3
Jibs_PC#884713611280011264 roll 1
DICE 3 1 5 3 3 0 
Jibs_PC#884713611280011264 move 6
Jibs_PC#884713611280011264 attack 41 42
Jibs_PC#884713611280011264 roll 3
Jibs_PC#884713611280011264 roll 2
DICE 3 2 4 3 0 4 0 
Jibs_PC#884713611280011264 roll 3
Jibs_PC#884713611280011264 roll 1
DICE 3 1 4 4 1 5 
Jibs_PC#884713611280011264 roll 3
Jibs_PC#884713611280011264 roll 1
DICE 3 1 5 5 1 0 
Jibs_PC#884713611280011264 attack 6 2
Jibs_PC#884713611280011264 roll 3
Jibs_PC#884713611280011264 roll 1
DICE 3 1 3 3 1 0 
Jibs_PC#884713611280011264 move 4
Jibs_PC#884713611280011264 endattack
Jibs_PC#884713611280011264 movearmies 36 29 1
CARD wildcard
Jibs_PC#884713611280011264 placearmies 20 1
Jibs_PC#884713611280011264 placearmies 20 1
Jibs_PC#884713611280011264 placearmies 40 1
Jibs_PC#884713611280011264 attack 40 39
Jibs_PC#884713611280011264 roll 2
Jibs_PC#884713611280011264 roll 1
DICE 2 1 5 2 5 
Jibs_PC#884713611280011264 retreat
Jibs_PC#884713611280011264 attack 20 16
Jibs_PC#884713611280011264 roll 3
Jibs_PC#884713611280011264 roll 2
DICE 3 2 2 2 0 4 3 
Jibs_PC#884713611280011264 retreat
Jibs_PC#884713611280011264 attack 20 21
Jibs_PC#884713611280011264 roll 2
Jibs_PC#884713611280011264 roll 1
DICE 2 1 3 2 1 
Jibs_PC#884713611280011264 endattack
Jibs_PC#884713611280011264 nomove
CARD 19
Jibs_PC#884713611280011264 trade 21 32 13
Jibs_PC#884713611280011264 placearmies 22 2
Jibs_PC#884713611280011264 placearmies 13 6
Jibs_PC#884713611280011264 attack 7 6
Jibs_PC#884713611280011264 roll 3
Jibs_PC#884713611280011264 roll 1
DICE 3 1 5 2 0 4 
Jibs_PC#884713611280011264 attack 13 12
Jibs_PC#884713611280011264 roll 3
Jibs_PC#884713611280011264 roll 2
DICE 3 2 5 1 1 2 1 
Jibs_PC#884713611280011264 roll 3
Jibs_PC#884713611280011264 roll 2
DICE 3 2 5 3 3 4 3 
Jibs_PC#884713611280011264 roll 3
Jibs_PC#884713611280011264 roll 2
DICE 3 2 5 1 0 2 2 
Jibs_PC#884713611280011264 roll 3
Jibs_PC#884713611280011264 roll 1
DICE 3 1 4 3 1 2 
Jibs_PC#884713611280011264 move 5
Jibs_PC#884713611280011264 attack 22 21
Jibs_PC#884713611280011264 roll 3
Jibs_PC#884713611280011264 roll 2
DICE 3 2 5 4 1 1 0 
Jibs_PC#884713611280011264 move 4
Jibs_PC#884713611280011264 endattack
Jibs_PC#884713611280011264 movearmies 12 21 4
CARD 3
Jibs_PC#884713611280011264 placearmies 42 3
Jibs_PC#884713611280011264 placearmies 16 3
Jibs_PC#884713611280011264 placearmies 2 1
Jibs_PC#884713611280011264 attack 42 40
Jibs_PC#884713611280011264 roll 3
Jibs_PC#884713611280011264 roll 2
DICE 3 2 5 5 0 3 3 
Jibs_PC#884713611280011264 move 3
Jibs_PC#884713611280011264 attack 16 31
Jibs_PC#884713611280011264 roll 3
Jibs_PC#884713611280011264 roll 1
DICE 3 1 3 1 0 5 
Jibs_PC#884713611280011264 roll 3
Jibs_PC#884713611280011264 roll 1
DICE 3 1 5 4 1 3 
Jibs_PC#884713611280011264 attack 2 7
Jibs_PC#884713611280011264 roll 3
Jibs_PC#884713611280011264 roll 1
DICE 3 1 4 4 2 0 
Jibs_PC#884713611280011264 move 4
Jibs_PC#884713611280011264 endattack
Jibs_PC#884713611280011264 movearmies 29 33 1
CARD 38
Jibs_PC#884713611280011264 trade 42 1 19
Jibs_PC#884713611280011264 placearmies 20 3
Jibs_PC#884713611280011264 placearmies 20 4
Jibs_PC#884713611280011264 attack 20 22
Jibs_PC#884713611280011264 roll 3
Jibs_PC#884713611280011264 roll 2
DICE 3 2 4 4 1 5 2 
Jibs_PC#884713611280011264 roll 3
Jibs_PC#884713611280011264 roll 1
DICE 3 1 4 4 1 0 
Jibs_PC#884713611280011264 move 6
Jibs_PC#884713611280011264 attack 22 31
Jibs_PC#884713611280011264 roll 3
Jibs_PC#884713611280011264 roll 2
DICE 3 2 3 2 0 5 0 
Jibs_PC#884713611280011264 roll 3
Jibs_PC#884713611280011264 roll 2
DICE 3 2 5 1 0 3 1 
Jibs_PC#884713611280011264 retreat
Jibs_PC#884713611280011264 endattack
Jibs_PC#884713611280011264 movearmies 22 20 3
CARD 41
Jibs_PC#884713611280011264 placearmies 24 4
Jibs_PC#884713611280011264 placearmies 4 1
Jibs_PC#884713611280011264 placearmies 9 1
Jibs_PC#884713611280011264 placearmies 4 1
Jibs_PC#884713611280011264 attack 24 22
Jibs_PC#884713611280011264 roll 3
Jibs_PC#884713611280011264 roll 1
DICE 3 1 4 4 1 1 
Jibs_PC#884713611280011264 move 4
Jibs_PC#884713611280011264 attack 6 2
Jibs_PC#884713611280011264 roll 2
Jibs_PC#884713611280011264 roll 1
DICE 2 1 5 1 5 
Jibs_PC#884713611280011264 retreat
Jibs_PC#884713611280011264 attack 21 19
Jibs_PC#884713611280011264 roll 3
Jibs_PC#884713611280011264 roll 1
DICE 3 1 5 5 4 4 
Jibs_PC#884713611280011264 move 6
Jibs_PC#884713611280011264 attack 19 18
Jibs_PC#884713611280011264 roll 3
Jibs_PC#884713611280011264 roll 1
DICE 3 1 2 1 0 4 
Jibs_PC#884713611280011264 roll 3
Jibs_PC#884713611280011264 roll 1
DICE 3 1 3 0 0 1 
Jibs_PC#884713611280011264 move 4
Jibs_PC#884713611280011264 attack 18 17
Jibs_PC#884713611280011264 roll 3
Jibs_PC#884713611280011264 roll 1
DICE 3 1 4 3 1 4 
Jibs_PC#884713611280011264 roll 2
Jibs_PC#884713611280011264 roll 1
DICE 2 1 0 0 2 
Jibs_PC#884713611280011264 retreat
Jibs_PC#884713611280011264 endattack
Jibs_PC#884713611280011264 movearmies 3 4 1
CARD 18
Jibs_PC#884713611280011264 trade 25 wildcard 38
Jibs_PC#884713611280011264 placearmies 33 3
Jibs_PC#884713611280011264 placearmies 17 12
Jibs_PC#884713611280011264 placearmies 17 2
Jibs_PC#884713611280011264 placearmies 17 2
Jibs_PC#884713611280011264 attack 33 32
Jibs_PC#884713611280011264 roll 3
Jibs_PC#884713611280011264 roll 1
DICE 3 1 4 2 1 3 
Jibs_PC#884713611280011264 move 3
Jibs_PC#884713611280011264 attack 17 18
Jibs_PC#884713611280011264 roll 3
Jibs_PC#884713611280011264 roll 2
DICE 3 2 5 3 1 5 1 
Jibs_PC#884713611280011264 roll 3
Jibs_PC#884713611280011264 roll 1
DICE 3 1 5 3 2 5 
Jibs_PC#884713611280011264 roll 3
Jibs_PC#884713611280011264 roll 1
DICE 3 1 5 3 0 5 
Jibs_PC#884713611280011264 roll 3
Jibs_PC#884713611280011264 roll 1
DICE 3 1 4 3 1 4 
Jibs_PC#884713611280011264 roll 3
Jibs_PC#884713611280011264 roll 1
DICE 3 1 2 0 0 2 
Jibs_PC#884713611280011264 roll 3
Jibs_PC#884713611280011264 roll 1
DICE 3 1 3 1 0 5 
Jibs_PC#884713611280011264 roll 3
Jibs_PC#884713611280011264 roll 1
DICE 3 1 4 3 1 3 
Jibs_PC#884713611280011264 move 10
Jibs_PC#884713611280011264 attack 18 20
Jibs_PC#884713611280011264 roll 3
Jibs_PC#884713611280011264 roll 2
DICE 3 2 5 2 0 3 1 
Jibs_PC#884713611280011264 roll 3
Jibs_PC#884713611280011264 roll 2
DICE 3 2 5 3 1 5 0 
Jibs_PC#884713611280011264 roll 3
Jibs_PC#884713611280011264 roll 1
DICE 3 1 5 2 1 0 
Jibs_PC#884713611280011264 move 7
Jibs_PC#884713611280011264 attack 20 21
Jibs_PC#884713611280011264 roll 3
Jibs_PC#884713611280011264 roll 2
DICE 3 2 5 4 0 4 3 
Jibs_PC#884713611280011264 move 5
Jibs_PC#884713611280011264 attack 21 12
Jibs_PC#884713611280011264 roll 3
Jibs_PC#884713611280011264 roll 1
DICE 3 1 3 3 0 0 
Jibs_PC#884713611280011264 move 4
Jibs_PC#884713611280011264 endattack
Jibs_PC#884713611280011264 movearmies 32 31 2
CARD 15
Jibs_PC#884713611280011264 placearmies 6 3
Jibs_PC#884713611280011264 placearmies 22 1
Jibs_PC#884713611280011264 placearmies 6 1
Jibs_PC#884713611280011264 attack 22 31
Jibs_PC#884713611280011264 roll 3
Jibs_PC#884713611280011264 roll 2
DICE 3 2 2 0 0 5 3 
Jibs_PC#884713611280011264 retreat
Jibs_PC#884713611280011264 attack 6 2
Jibs_PC#884713611280011264 roll 3
Jibs_PC#884713611280011264 roll 1
DICE 3 1 5 4 3 5 
Jibs_PC#884713611280011264 roll 3
Jibs_PC#884713611280011264 roll 1
DICE 3 1 4 4 2 5 
Jibs_PC#884713611280011264 roll 3
Jibs_PC#884713611280011264 roll 1
DICE 3 1 5 2 0 4 
Jibs_PC#884713611280011264 endattack
Jibs_PC#884713611280011264 movearmies 5 4 1
CARD 7
Jibs_PC#884713611280011264 trade 31 41 15
Jibs_PC#884713611280011264 placearmies 1 18
Jibs_PC#884713611280011264 placearmies 1 7
Jibs_PC#884713611280011264 attack 1 3
Jibs_PC#884713611280011264 roll 3
Jibs_PC#884713611280011264 roll 1
DICE 3 1 0 0 0 1 
Jibs_PC#884713611280011264 roll 3
Jibs_PC#884713611280011264 roll 1
DICE 3 1 4 2 1 5 
Jibs_PC#884713611280011264 roll 3
Jibs_PC#884713611280011264 roll 1
DICE 3 1 2 0 0 0 
Jibs_PC#884713611280011264 move 25
Jibs_PC#884713611280011264 attack 3 2
Jibs_PC#884713611280011264 roll 3
Jibs_PC#884713611280011264 roll 2
DICE 3 2 4 3 2 2 0 
Jibs_PC#884713611280011264 roll 3
Jibs_PC#884713611280011264 roll 1
DICE 3 1 3 2 0 2 
Jibs_PC#884713611280011264 move 23
Jibs_PC#884713611280011264 attack 2 6
Jibs_PC#884713611280011264 roll 3
Jibs_PC#884713611280011264 roll 1
DICE 3 1 3 3 2 4 
Jibs_PC#884713611280011264 roll 3
Jibs_PC#884713611280011264 roll 1
DICE 3 1 5 2 1 2 
Jibs_PC#884713611280011264 move 21
Jibs_PC#884713611280011264 attack 6 8
Jibs_PC#884713611280011264 roll 3
Jibs_PC#884713611280011264 roll 1
DICE 3 1 5 0 0 1 
Jibs_PC#884713611280011264 move 20
Jibs_PC#884713611280011264 attack 8 9
Jibs_PC#884713611280011264 roll 3
Jibs_PC#884713611280011264 roll 2
DICE 3 2 5 5 3 5 3 
Jibs_PC#884713611280011264 roll 3
Jibs_PC#884713611280011264 roll 1
DICE 3 1 5 3 2 5 
Jibs_PC#884713611280011264 roll 3
Jibs_PC#884713611280011264 roll 1
DICE 3 1 5 3 3 4 
Jibs_PC#884713611280011264 move 17
Jibs_PC#884713611280011264 attack 9 5
Jibs_PC#884713611280011264 roll 3
Jibs_PC#884713611280011264 roll 1
DICE 3 1 5 1 0 5 
Jibs_PC#884713611280011264 roll 3
Jibs_PC#884713611280011264 roll 1
DICE 3 1 5 5 4 2 
Jibs_PC#884713611280011264 move 14
Jibs_PC#884713611280011264 attack 12 10
Jibs_PC#884713611280011264 roll 3
Jibs_PC#884713611280011264 roll 2
DICE 3 2 5 3 2 4 2 
Jibs_PC#884713611280011264 attack 5 4
Jibs_PC#884713611280011264 roll 3
Jibs_PC#884713611280011264 roll 2
DICE 3 2 4 2 0 4 3 
Jibs_PC#884713611280011264 roll 3
Jibs_PC#884713611280011264 roll 2
DICE 3 2 4 4 3 4 0 
Jibs_PC#884713611280011264 roll 3
Jibs_PC#884713611280011264 roll 2
DICE 3 2 4 1 1 5 0 
Jibs_PC#884713611280011264 roll 3
Jibs_PC#884713611280011264 roll 2
DICE 3 2 4 1 0 5 0 
Jibs_PC#884713611280011264 roll 3
Jibs_PC#884713611280011264 roll 2
DICE 3 2 5 3 1 5 2 
Jibs_PC#884713611280011264 roll 3
Jibs_PC#884713611280011264 roll 1
DICE 3 1 5 5 2 5 
Jibs_PC#884713611280011264 roll 3
Jibs_PC#884713611280011264 roll 1
DICE 3 1 2 2 0 2 
Jibs_PC#884713611280011264 roll 3
Jibs_PC#884713611280011264 roll 1
DICE 3 1 5 2 0 2 
Jibs_PC#884713611280011264 move 3
Jibs_PC#884713611280011264 attack 31 22
Jibs_PC#884713611280011264 roll 3
Jibs_PC#884713611280011264 roll 2
DICE 3 2 3 2 0 5 1 
Jibs_PC#884713611280011264 roll 3
Jibs_PC#884713611280011264 roll 2
DICE 3 2 4 2 0 5 2 
Jibs_PC#884713611280011264 retreat
Jibs_PC#884713611280011264 endattack
Jibs_PC#884713611280011264 movearmies 5 10 2
CARD 2
Jibs_PC#884713611280011264 placearmies 11 3
Jibs_PC#884713611280011264 attack 11 12
Jibs_PC#884713611280011264 roll 3
Jibs_PC#884713611280011264 roll 1
DICE 3 1 2 2 0 3 
Jibs_PC#884713611280011264 roll 3
Jibs_PC#884713611280011264 roll 1
DICE 3 1 3 1 0 2 
Jibs_PC#884713611280011264 endattack
Jibs_PC#884713611280011264 nomove
CARD 28
Jibs_PC#884713611280011264 placearmies 10 10
Jibs_PC#884713611280011264 placearmies 10 9
Jibs_PC#884713611280011264 placearmies 17 1
Jibs_PC#884713611280011264 placearmies 10 5
Jibs_PC#884713611280011264 attack 10 11
Jibs_PC#884713611280011264 roll 3
Jibs_PC#884713611280011264 roll 1
DICE 3 1 4 2 1 1 
Jibs_PC#884713611280011264 move 12
Jibs_PC#884713611280011264 attack 10 12
Jibs_PC#884713611280011264 roll 3
Jibs_PC#884713611280011264 roll 2
DICE 3 2 5 0 0 5 2 
Jibs_PC#884713611280011264 roll 3
Jibs_PC#884713611280011264 roll 2
DICE 3 2 5 3 1 2 2 
Jibs_PC#884713611280011264 roll 3
Jibs_PC#884713611280011264 roll 1
DICE 3 1 3 0 0 4 
Jibs_PC#884713611280011264 roll 3
Jibs_PC#884713611280011264 roll 1
DICE 3 1 3 0 0 5 
Jibs_PC#884713611280011264 roll 3
Jibs_PC#884713611280011264 roll 1
DICE 3 1 2 1 1 5 
Jibs_PC#884713611280011264 roll 3
Jibs_PC#884713611280011264 roll 1
DICE 3 1 3 2 0 5 
Jibs_PC#884713611280011264 roll 3
Jibs_PC#884713611280011264 roll 1
DICE 3 1 5 3 2 0 
Jibs_PC#884713611280011264 move 10
Jibs_PC#884713611280011264 attack 11 13
Jibs_PC#884713611280011264 roll 3
Jibs_PC#884713611280011264 roll 1
DICE 3 1 3 2 1 4 
Jibs_PC#884713611280011264 roll 3
Jibs_PC#884713611280011264 roll 1
DICE 3 1 1 0 0 2 
Jibs_PC#884713611280011264 roll 3
Jibs_PC#884713611280011264 roll 1
DICE 3 1 4 4 1 5 
Jibs_PC#884713611280011264 roll 3
Jibs_PC#884713611280011264 roll 1
DICE 3 1 4 3 2 5 
Jibs_PC#884713611280011264 roll 3
Jibs_PC#884713611280011264 roll 1
DICE 3 1 4 2 1 1 
Jibs_PC#884713611280011264 move 3
Jibs_PC#884713611280011264 endattack
Jibs_PC#884713611280011264 movearmies 12 21 9
CARD 40
Jibs_PC#884713611280011264 trade 18 7 28
Jibs_PC#884713611280011264 placearmies 22 4
Jibs_PC#884713611280011264 placearmies 22 5
Jibs_PC#884713611280011264 attack 22 31
Jibs_PC#884713611280011264 roll 3
Jibs_PC#884713611280011264 roll 2
DICE 3 2 5 3 2 4 1 
Jibs_PC#884713611280011264 move 10
Jibs_PC#884713611280011264 attack 31 32
Jibs_PC#884713611280011264 roll 3
Jibs_PC#884713611280011264 roll 1
DICE 3 1 5 4 3 0 
Jibs_PC#884713611280011264 move 9
Jibs_PC#884713611280011264 attack 32 33
Jibs_PC#884713611280011264 roll 3
Jibs_PC#884713611280011264 roll 2
DICE 3 2 3 3 2 1 0 
Jibs_PC#884713611280011264 move 8
Jibs_PC#884713611280011264 attack 33 39
Jibs_PC#884713611280011264 roll 3
Jibs_PC#884713611280011264 roll 1
DICE 3 1 2 1 0 2 
Jibs_PC#884713611280011264 roll 3
Jibs_PC#884713611280011264 roll 1
DICE 3 1 4 4 2 2 
Jibs_PC#884713611280011264 move 6
Jibs_PC#884713611280011264 attack 39 41
Jibs_PC#884713611280011264 roll 3
Jibs_PC#884713611280011264 roll 1
DICE 3 1 4 4 1 4 
Jibs_PC#884713611280011264 roll 3
Jibs_PC#884713611280011264 roll 1
DICE 3 1 4 1 1 3 
Jibs_PC#884713611280011264 move 4
Jibs_PC#884713611280011264 endattack
Jibs_PC#884713611280011264 nomove
CARD 24
Jibs_PC#884713611280011264 placearmies 21 17
Jibs_PC#884713611280011264 attack 21 24
Jibs_PC#884713611280011264 roll 3
Jibs_PC#884713611280011264 roll 1
DICE 3 1 5 2 1 0 
Jibs_PC#884713611280011264 move 25
Jibs_PC#884713611280011264 attack 40 39
Jibs_PC#884713611280011264 roll 2
Jibs_PC#884713611280011264 roll 1
DICE 2 1 3 2 2 
Jibs_PC#884713611280011264 attack 24 26
Jibs_PC#884713611280011264 roll 3
Jibs_PC#884713611280011264 roll 1
DICE 3 1 4 2 1 4 
Jibs_PC#884713611280011264 roll 3
Jibs_PC#884713611280011264 roll 1
DICE 3 1 0 0 0 4 
Jibs_PC#884713611280011264 roll 3
Jibs_PC#884713611280011264 roll 1
DICE 3 1 4 2 2 3 
Jibs_PC#884713611280011264 move 9
Jibs_PC#884713611280011264 attack 24 25
Jibs_PC#884713611280011264 roll 3
Jibs_PC#884713611280011264 roll 1
DICE 3 1 5 5 3 1 
Jibs_PC#884713611280011264 move 5
Jibs_PC#884713611280011264 attack 24 23
Jibs_PC#884713611280011264 roll 3
Jibs_PC#884713611280011264 roll 1
DICE 3 1 2 1 0 4 
Jibs_PC#884713611280011264 roll 3
Jibs_PC#884713611280011264 roll 1
DICE 3 1 3 3 0 4 
Jibs_PC#884713611280011264 roll 3
Jibs_PC#884713611280011264 roll 1
DICE 3 1 5 2 1 0 
Jibs_PC#884713611280011264 move 3
Jibs_PC#884713611280011264 endattack
Jibs_PC#884713611280011264 movearmies 20 16 1
CARD 14
Jibs_PC#884713611280011264 placearmies 41 1
Jibs_PC#884713611280011264 placearmies 22 2
Jibs_PC#884713611280011264 attack 41 40
Jibs_PC#884713611280011264 roll 3
Jibs_PC#884713611280011264 roll 1
DICE 3 1 5 2 2 5 
Jibs_PC#884713611280011264 roll 3
Jibs_PC#884713611280011264 roll 1
DICE 3 1 4 1 0 4 
Jibs_PC#884713611280011264 roll 2
Jibs_PC#884713611280011264 roll 1
DICE 2 1 3 0 4 
Jibs_PC#884713611280011264 retreat
Jibs_PC#884713611280011264 attack 22 20
Jibs_PC#884713611280011264 roll 2
Jibs_PC#884713611280011264 roll 1
DICE 2 1 5 5 1 
Jibs_PC#884713611280011264 endattack
Jibs_PC#884713611280011264 nomove
CARD 33
Jibs_PC#884713611280011264 trade 2 40 14
Jibs_PC#884713611280011264 placearmies 24 9
Jibs_PC#884713611280011264 placearmies 30 1
Jibs_PC#884713611280011264 placearmies 29 1
Jibs_PC#884713611280011264 placearmies 42 3
Jibs_PC#884713611280011264 placearmies 24 1
Jibs_PC#884713611280011264 placearmies 24 1
Jibs_PC#884713611280011264 placearmies 42 4
Jibs_PC#884713611280011264 placearmies 24 2
Jibs_PC#884713611280011264 placearmies 24 2
Jibs_PC#884713611280011264 placearmies 42 1
Jibs_PC#884713611280011264 placearmies 24 1
Jibs_PC#884713611280011264 placearmies 42 1
Jibs_PC#884713611280011264 placearmies 24 1
Jibs_PC#884713611280011264 attack 42 41
Jibs_PC#884713611280011264 roll 3
Jibs_PC#884713611280011264 roll 2
DICE 3 2 4 2 2 4 1 
Jibs_PC#884713611280011264 roll 3
Jibs_PC#884713611280011264 roll 1
DICE 3 1 5 4 4 5 
Jibs_PC#884713611280011264 roll 3
Jibs_PC#884713611280011264 roll 1
DICE 3 1 5 4 0 1 
Jibs_PC#884713611280011264 move 3
Jibs_PC#884713611280011264 attack 24 22
Jibs_PC#884713611280011264 roll 3
Jibs_PC#884713611280011264 roll 1
DICE 3 1 4 3 1 2 
Jibs_PC#884713611280011264 move 20
Jibs_PC#884713611280011264 attack 22 31
Jibs_PC#884713611280011264 roll 3
Jibs_PC#884713611280011264 roll 1
DICE 3 1 5 3 1 5 
Jibs_PC#884713611280011264 roll 3
Jibs_PC#884713611280011264 roll 1
DICE 3 1 5 1 0 4 
Jibs_PC#884713611280011264 move 17
Jibs_PC#884713611280011264 attack 31 32
Jibs_PC#884713611280011264 roll 3
Jibs_PC#884713611280011264 roll 1
DICE 3 1 0 0 0 3 
Jibs_PC#884713611280011264 roll 3
Jibs_PC#884713611280011264 roll 1
DICE 3 1 5 4 0 4 
Jibs_PC#884713611280011264 move 5
Jibs_PC#884713611280011264 attack 32 33
Jibs_PC#884713611280011264 roll 3
Jibs_PC#884713611280011264 roll 1
DICE 3 1 4 2 1 3 
Jibs_PC#884713611280011264 move 3
Jibs_PC#884713611280011264 attack 31 20
Jibs_PC#884713611280011264 roll 3
Jibs_PC#884713611280011264 roll 2
DICE 3 2 5 5 0 3 1 
Jibs_PC#884713611280011264 move 10
Jibs_PC#884713611280011264 attack 20 19
Jibs_PC#884713611280011264 roll 3
Jibs_PC#884713611280011264 roll 1
DICE 3 1 2 1 0 2 
Jibs_PC#884713611280011264 roll 3
Jibs_PC#884713611280011264 roll 1
DICE 3 1 5 5 2 1 
Jibs_PC#884713611280011264 move 3
