Jibs_PC#4411133672803933184 newplayer ai hard green s0914007
Jibs_PC#4411133672803933184 newplayer ai hard blue bob
Jibs_PC#4411133672803933184 newplayer ai hard red fred
Jibs_PC#4411133672803933184 newplayer ai hard cyan ted
Jibs_PC#4411133672803933184 newplayer ai hard magenta yura
Jibs_PC#4411133672803933184 newplayer ai hard yellow lala
Jibs_PC#4411133672803933184 startgame mission fixed autoplaceall recycle
PLAYER lala
MISSION 5 4 2 2 0 0
PLACEALL 7 29 32 42 15 20 30 23 36 19 9 21 2 24 22 18 41 39 34 40 13 25 16 6 14 38 3 11 31 8 33 17 10 35 12 27 4 5 28 1 37 26
Jibs_PC#4411133672803933184 placearmies 33 1
CARD 
Jibs_PC#4411133672803933184 placearmies 5 1
CARD 
Jibs_PC#4411133672803933184 placearmies 32 1
CARD 
Jibs_PC#4411133672803933184 placearmies 25 1
CARD 
Jibs_PC#4411133672803933184 placearmies 12 1
CARD 
Jibs_PC#4411133672803933184 placearmies 21 1
CARD 
Jibs_PC#4411133672803933184 placearmies 33 1
CARD 
Jibs_PC#4411133672803933184 placearmies 5 1
CARD 
Jibs_PC#4411133672803933184 placearmies 3 1
CARD 
Jibs_PC#4411133672803933184 placearmies 42 1
CARD 
Jibs_PC#4411133672803933184 placearmies 12 1
CARD 
Jibs_PC#4411133672803933184 placearmies 39 1
CARD 
Jibs_PC#4411133672803933184 placearmies 33 1
CARD 
Jibs_PC#4411133672803933184 placearmies 5 1
CARD 
Jibs_PC#4411133672803933184 placearmies 3 1
CARD 
Jibs_PC#4411133672803933184 placearmies 42 1
CARD 
Jibs_PC#4411133672803933184 placearmies 12 1
CARD 
Jibs_PC#4411133672803933184 placearmies 21 1
CARD 
Jibs_PC#4411133672803933184 placearmies 33 1
CARD 
Jibs_PC#4411133672803933184 placearmies 5 1
CARD 
Jibs_PC#4411133672803933184 placearmies 3 1
CARD 
Jibs_PC#4411133672803933184 placearmies 42 1
CARD 
Jibs_PC#4411133672803933184 placearmies 12 1
CARD 
Jibs_PC#4411133672803933184 placearmies 21 1
CARD 
Jibs_PC#4411133672803933184 placearmies 33 1
CARD 
Jibs_PC#4411133672803933184 placearmies 5 1
CARD 
Jibs_PC#4411133672803933184 placearmies 3 1
CARD 
Jibs_PC#4411133672803933184 placearmies 42 1
CARD 
Jibs_PC#4411133672803933184 placearmies 12 1
CARD 
Jibs_PC#4411133672803933184 placearmies 21 1
CARD 
Jibs_PC#4411133672803933184 placearmies 33 1
CARD 
Jibs_PC#4411133672803933184 placearmies 5 1
CARD 
Jibs_PC#4411133672803933184 placearmies 3 1
CARD 
Jibs_PC#4411133672803933184 placearmies 42 1
CARD 
Jibs_PC#4411133672803933184 placearmies 12 1
CARD 
Jibs_PC#4411133672803933184 placearmies 21 1
CARD 
Jibs_PC#4411133672803933184 placearmies 33 1
CARD 
Jibs_PC#4411133672803933184 placearmies 5 1
CARD 
Jibs_PC#4411133672803933184 placearmies 3 1
CARD 
Jibs_PC#4411133672803933184 placearmies 42 1
CARD 
Jibs_PC#4411133672803933184 placearmies 12 1
CARD 
Jibs_PC#4411133672803933184 placearmies 21 1
CARD 
Jibs_PC#4411133672803933184 placearmies 33 1
CARD 
Jibs_PC#4411133672803933184 placearmies 24 1
CARD 
Jibs_PC#4411133672803933184 placearmies 3 1
CARD 
Jibs_PC#4411133672803933184 placearmies 42 1
CARD 
Jibs_PC#4411133672803933184 placearmies 12 1
CARD 
Jibs_PC#4411133672803933184 placearmies 21 1
CARD 
Jibs_PC#4411133672803933184 placearmies 33 1
CARD 
Jibs_PC#4411133672803933184 placearmies 5 1
CARD 
Jibs_PC#4411133672803933184 placearmies 3 1
CARD 
Jibs_PC#4411133672803933184 placearmies 42 1
CARD 
Jibs_PC#4411133672803933184 placearmies 12 1
CARD 
Jibs_PC#4411133672803933184 placearmies 21 1
CARD 
Jibs_PC#4411133672803933184 placearmies 33 1
CARD 
Jibs_PC#4411133672803933184 placearmies 24 1
CARD 
Jibs_PC#4411133672803933184 placearmies 3 1
CARD 
Jibs_PC#4411133672803933184 placearmies 42 1
CARD 
Jibs_PC#4411133672803933184 placearmies 12 1
CARD 
Jibs_PC#4411133672803933184 placearmies 21 1
CARD 
Jibs_PC#4411133672803933184 placearmies 33 1
CARD 
Jibs_PC#4411133672803933184 placearmies 5 1
CARD 
Jibs_PC#4411133672803933184 placearmies 3 1
CARD 
Jibs_PC#4411133672803933184 placearmies 42 1
CARD 
Jibs_PC#4411133672803933184 placearmies 31 1
CARD 
Jibs_PC#4411133672803933184 placearmies 21 1
CARD 
Jibs_PC#4411133672803933184 placearmies 33 1
CARD 
Jibs_PC#4411133672803933184 placearmies 5 1
CARD 
Jibs_PC#4411133672803933184 placearmies 10 1
CARD 
Jibs_PC#4411133672803933184 placearmies 42 1
CARD 
Jibs_PC#4411133672803933184 placearmies 12 1
CARD 
Jibs_PC#4411133672803933184 placearmies 21 1
CARD 
Jibs_PC#4411133672803933184 placearmies 33 1
CARD 
Jibs_PC#4411133672803933184 placearmies 24 1
CARD 
Jibs_PC#4411133672803933184 placearmies 10 1
CARD 
Jibs_PC#4411133672803933184 placearmies 42 1
CARD 
Jibs_PC#4411133672803933184 placearmies 12 1
CARD 
Jibs_PC#4411133672803933184 placearmies 21 1
CARD 
Jibs_PC#4411133672803933184 placearmies 33 3
Jibs_PC#4411133672803933184 attack 33 39
Jibs_PC#4411133672803933184 roll 3
Jibs_PC#4411133672803933184 roll 2
DICE 3 2 4 1 1 5 5 
Jibs_PC#4411133672803933184 roll 3
Jibs_PC#4411133672803933184 roll 2
DICE 3 2 4 2 1 4 3 
Jibs_PC#4411133672803933184 roll 3
Jibs_PC#4411133672803933184 roll 2
DICE 3 2 1 0 0 4 0 
Jibs_PC#4411133672803933184 roll 3
Jibs_PC#4411133672803933184 roll 2
DICE 3 2 5 2 0 3 1 
Jibs_PC#4411133672803933184 move 10
Jibs_PC#4411133672803933184 endattack
Jibs_PC#4411133672803933184 nomove
CARD 6
Jibs_PC#4411133672803933184 placearmies 24 1
Jibs_PC#4411133672803933184 placearmies 24 2
Jibs_PC#4411133672803933184 attack 5 4
Jibs_PC#4411133672803933184 roll 3
Jibs_PC#4411133672803933184 roll 1
DICE 3 1 1 1 0 0 
Jibs_PC#4411133672803933184 move 10
Jibs_PC#4411133672803933184 endattack
Jibs_PC#4411133672803933184 nomove
CARD 25
Jibs_PC#4411133672803933184 placearmies 3 3
Jibs_PC#4411133672803933184 attack 3 4
Jibs_PC#4411133672803933184 roll 3
Jibs_PC#4411133672803933184 roll 2
DICE 3 2 5 5 1 4 2 
Jibs_PC#4411133672803933184 roll 3
Jibs_PC#4411133672803933184 roll 2
DICE 3 2 3 3 2 3 2 
Jibs_PC#4411133672803933184 retreat
Jibs_PC#4411133672803933184 attack 3 7
Jibs_PC#4411133672803933184 roll 3
Jibs_PC#4411133672803933184 roll 1
DICE 3 1 5 2 1 1 
Jibs_PC#4411133672803933184 move 12
Jibs_PC#4411133672803933184 attack 7 4
Jibs_PC#4411133672803933184 roll 3
Jibs_PC#4411133672803933184 roll 2
DICE 3 2 4 4 2 5 2 
Jibs_PC#4411133672803933184 roll 3
Jibs_PC#4411133672803933184 roll 2
DICE 3 2 4 3 2 4 2 
Jibs_PC#4411133672803933184 roll 3
Jibs_PC#4411133672803933184 roll 2
DICE 3 2 2 1 1 1 0 
Jibs_PC#4411133672803933184 roll 3
Jibs_PC#4411133672803933184 roll 2
DICE 3 2 5 5 4 3 2 
Jibs_PC#4411133672803933184 roll 3
Jibs_PC#4411133672803933184 roll 1
DICE 3 1 4 3 1 3 
Jibs_PC#4411133672803933184 move 9
Jibs_PC#4411133672803933184 attack 4 9
Jibs_PC#4411133672803933184 roll 3
Jibs_PC#4411133672803933184 roll 1
DICE 3 1 5 3 1 2 
Jibs_PC#4411133672803933184 move 8
Jibs_PC#4411133672803933184 attack 9 8
Jibs_PC#4411133672803933184 roll 3
Jibs_PC#4411133672803933184 roll 1
DICE 3 1 2 0 0 5 
Jibs_PC#4411133672803933184 roll 3
Jibs_PC#4411133672803933184 roll 1
DICE 3 1 3 3 2 5 
Jibs_PC#4411133672803933184 roll 3
Jibs_PC#4411133672803933184 roll 1
DICE 3 1 5 5 3 5 
Jibs_PC#4411133672803933184 roll 3
Jibs_PC#4411133672803933184 roll 1
DICE 3 1 3 1 0 4 
Jibs_PC#4411133672803933184 roll 3
Jibs_PC#4411133672803933184 roll 1
DICE 3 1 5 5 2 4 
Jibs_PC#4411133672803933184 attack 10 5
Jibs_PC#4411133672803933184 roll 2
Jibs_PC#4411133672803933184 roll 1
DICE 2 1 3 3 0 
Jibs_PC#4411133672803933184 attack 8 6
Jibs_PC#4411133672803933184 roll 2
Jibs_PC#4411133672803933184 roll 1
DICE 2 1 2 1 1 
Jibs_PC#4411133672803933184 endattack
Jibs_PC#4411133672803933184 movearmies 5 10 1
CARD 37
Jibs_PC#4411133672803933184 placearmies 1 3
Jibs_PC#4411133672803933184 attack 42 40
Jibs_PC#4411133672803933184 roll 3
Jibs_PC#4411133672803933184 roll 1
DICE 3 1 4 3 1 0 
Jibs_PC#4411133672803933184 move 12
Jibs_PC#4411133672803933184 attack 40 39
Jibs_PC#4411133672803933184 roll 3
Jibs_PC#4411133672803933184 roll 2
DICE 3 2 5 2 1 3 2 
Jibs_PC#4411133672803933184 roll 3
Jibs_PC#4411133672803933184 roll 2
DICE 3 2 5 4 1 3 2 
Jibs_PC#4411133672803933184 roll 3
Jibs_PC#4411133672803933184 roll 2
DICE 3 2 3 1 0 5 0 
Jibs_PC#4411133672803933184 roll 3
Jibs_PC#4411133672803933184 roll 2
DICE 3 2 4 4 1 4 3 
Jibs_PC#4411133672803933184 roll 3
Jibs_PC#4411133672803933184 roll 2
DICE 3 2 3 2 1 5 1 
Jibs_PC#4411133672803933184 roll 3
Jibs_PC#4411133672803933184 roll 2
DICE 3 2 4 2 1 5 2 
Jibs_PC#4411133672803933184 roll 3
Jibs_PC#4411133672803933184 roll 2
DICE 3 2 3 2 1 5 1 
Jibs_PC#4411133672803933184 roll 3
Jibs_PC#4411133672803933184 roll 2
DICE 3 2 1 1 0 0 0 
Jibs_PC#4411133672803933184 roll 3
Jibs_PC#4411133672803933184 roll 1
DICE 3 1 5 1 0 5 
Jibs_PC#4411133672803933184 roll 3
Jibs_PC#4411133672803933184 roll 1
DICE 3 1 4 3 1 0 
Jibs_PC#4411133672803933184 attack 39 41
Jibs_PC#4411133672803933184 roll 2
Jibs_PC#4411133672803933184 roll 1
DICE 2 1 4 2 2 
Jibs_PC#4411133672803933184 endattack
Jibs_PC#4411133672803933184 movearmies 41 39 1
CARD 41
Jibs_PC#4411133672803933184 placearmies 31 3
Jibs_PC#4411133672803933184 attack 12 10
Jibs_PC#4411133672803933184 roll 3
Jibs_PC#4411133672803933184 roll 2
DICE 3 2 4 3 2 2 2 
Jibs_PC#4411133672803933184 move 12
Jibs_PC#4411133672803933184 attack 10 11
Jibs_PC#4411133672803933184 roll 3
Jibs_PC#4411133672803933184 roll 1
DICE 3 1 4 3 0 4 
Jibs_PC#4411133672803933184 roll 3
Jibs_PC#4411133672803933184 roll 1
DICE 3 1 5 5 0 5 
Jibs_PC#4411133672803933184 roll 3
Jibs_PC#4411133672803933184 roll 1
DICE 3 1 5 4 3 5 
Jibs_PC#4411133672803933184 roll 3
Jibs_PC#4411133672803933184 roll 1
DICE 3 1 5 5 3 1 
Jibs_PC#4411133672803933184 move 5
Jibs_PC#4411133672803933184 attack 11 13
Jibs_PC#4411133672803933184 roll 3
Jibs_PC#4411133672803933184 roll 1
DICE 3 1 5 4 0 3 
Jibs_PC#4411133672803933184 move 3
Jibs_PC#4411133672803933184 attack 31 30
Jibs_PC#4411133672803933184 roll 3
Jibs_PC#4411133672803933184 roll 1
DICE 3 1 5 3 1 4 
Jibs_PC#4411133672803933184 move 4
Jibs_PC#4411133672803933184 endattack
Jibs_PC#4411133672803933184 movearmies 13 12 2
CARD 23
Jibs_PC#4411133672803933184 placearmies 21 3
Jibs_PC#4411133672803933184 attack 21 12
Jibs_PC#4411133672803933184 roll 3
Jibs_PC#4411133672803933184 roll 2
DICE 3 2 4 1 0 1 0 
Jibs_PC#4411133672803933184 roll 3
Jibs_PC#4411133672803933184 roll 1
DICE 3 1 3 3 2 1 
Jibs_PC#4411133672803933184 move 15
Jibs_PC#4411133672803933184 attack 12 13
Jibs_PC#4411133672803933184 roll 3
Jibs_PC#4411133672803933184 roll 1
DICE 3 1 2 1 0 0 
Jibs_PC#4411133672803933184 move 14
Jibs_PC#4411133672803933184 attack 13 11
Jibs_PC#4411133672803933184 roll 3
Jibs_PC#4411133672803933184 roll 2
DICE 3 2 3 2 1 5 3 
Jibs_PC#4411133672803933184 roll 3
Jibs_PC#4411133672803933184 roll 2
DICE 3 2 3 2 0 5 0 
Jibs_PC#4411133672803933184 roll 3
Jibs_PC#4411133672803933184 roll 1
DICE 3 1 4 4 3 4 
Jibs_PC#4411133672803933184 roll 3
Jibs_PC#4411133672803933184 roll 1
DICE 3 1 3 3 0 5 
Jibs_PC#4411133672803933184 roll 3
Jibs_PC#4411133672803933184 roll 1
DICE 3 1 4 3 1 1 
Jibs_PC#4411133672803933184 move 8
Jibs_PC#4411133672803933184 attack 11 10
Jibs_PC#4411133672803933184 roll 3
Jibs_PC#4411133672803933184 roll 2
DICE 3 2 3 1 1 4 0 
Jibs_PC#4411133672803933184 roll 3
Jibs_PC#4411133672803933184 roll 2
DICE 3 2 4 3 2 5 0 
Jibs_PC#4411133672803933184 roll 3
Jibs_PC#4411133672803933184 roll 2
DICE 3 2 4 2 0 5 4 
Jibs_PC#4411133672803933184 roll 3
Jibs_PC#4411133672803933184 roll 2
DICE 3 2 5 1 0 5 0 
Jibs_PC#4411133672803933184 roll 2
Jibs_PC#4411133672803933184 roll 1
DICE 2 1 4 2 4 
Jibs_PC#4411133672803933184 retreat
Jibs_PC#4411133672803933184 endattack
Jibs_PC#4411133672803933184 nomove
CARD 15
Jibs_PC#4411133672803933184 placearmies 2 3
Jibs_PC#4411133672803933184 attack 2 3
Jibs_PC#4411133672803933184 roll 3
Jibs_PC#4411133672803933184 roll 1
DICE 3 1 5 5 4 3 
Jibs_PC#4411133672803933184 endattack
Jibs_PC#4411133672803933184 nomove
CARD 27
Jibs_PC#4411133672803933184 placearmies 24 2
Jibs_PC#4411133672803933184 placearmies 24 1
Jibs_PC#4411133672803933184 attack 24 26
Jibs_PC#4411133672803933184 roll 3
Jibs_PC#4411133672803933184 roll 1
DICE 3 1 5 4 3 1 
Jibs_PC#4411133672803933184 move 6
Jibs_PC#4411133672803933184 attack 26 25
Jibs_PC#4411133672803933184 roll 3
Jibs_PC#4411133672803933184 roll 2
DICE 3 2 3 2 2 5 1 
Jibs_PC#4411133672803933184 roll 3
Jibs_PC#4411133672803933184 roll 1
DICE 3 1 3 3 0 3 
Jibs_PC#4411133672803933184 retreat
Jibs_PC#4411133672803933184 attack 24 25
Jibs_PC#4411133672803933184 roll 3
Jibs_PC#4411133672803933184 roll 1
DICE 3 1 3 2 1 1 
Jibs_PC#4411133672803933184 endattack
Jibs_PC#4411133672803933184 movearmies 26 24 3
CARD 4
Jibs_PC#4411133672803933184 placearmies 6 2
Jibs_PC#4411133672803933184 placearmies 6 1
Jibs_PC#4411133672803933184 attack 6 2
Jibs_PC#4411133672803933184 roll 3
Jibs_PC#4411133672803933184 roll 1
DICE 3 1 4 1 1 3 
Jibs_PC#4411133672803933184 move 4
Jibs_PC#4411133672803933184 endattack
Jibs_PC#4411133672803933184 nomove
CARD 18
Jibs_PC#4411133672803933184 placearmies 1 4
Jibs_PC#4411133672803933184 placearmies 1 1
Jibs_PC#4411133672803933184 attack 1 38
Jibs_PC#4411133672803933184 roll 3
Jibs_PC#4411133672803933184 roll 1
DICE 3 1 2 0 0 0 
Jibs_PC#4411133672803933184 move 8
Jibs_PC#4411133672803933184 attack 38 37
Jibs_PC#4411133672803933184 roll 3
Jibs_PC#4411133672803933184 roll 1
DICE 3 1 5 1 0 4 
Jibs_PC#4411133672803933184 move 7
Jibs_PC#4411133672803933184 attack 37 36
Jibs_PC#4411133672803933184 roll 3
Jibs_PC#4411133672803933184 roll 1
DICE 3 1 5 5 1 4 
Jibs_PC#4411133672803933184 move 6
Jibs_PC#4411133672803933184 attack 36 29
Jibs_PC#4411133672803933184 roll 3
Jibs_PC#4411133672803933184 roll 1
DICE 3 1 4 2 1 4 
Jibs_PC#4411133672803933184 roll 3
Jibs_PC#4411133672803933184 roll 1
DICE 3 1 4 4 4 0 
Jibs_PC#4411133672803933184 move 4
Jibs_PC#4411133672803933184 endattack
Jibs_PC#4411133672803933184 nomove
CARD 2
Jibs_PC#4411133672803933184 placearmies 10 3
Jibs_PC#4411133672803933184 attack 10 12
Jibs_PC#4411133672803933184 roll 3
Jibs_PC#4411133672803933184 roll 1
DICE 3 1 5 2 2 0 
Jibs_PC#4411133672803933184 attack 12 13
Jibs_PC#4411133672803933184 roll 2
Jibs_PC#4411133672803933184 roll 1
DICE 2 1 5 2 1 
Jibs_PC#4411133672803933184 endattack
Jibs_PC#4411133672803933184 nomove
CARD 34
Jibs_PC#4411133672803933184 placearmies 11 2
Jibs_PC#4411133672803933184 placearmies 11 1
Jibs_PC#4411133672803933184 attack 11 13
Jibs_PC#4411133672803933184 roll 3
Jibs_PC#4411133672803933184 roll 2
DICE 3 2 0 0 0 4 0 
Jibs_PC#4411133672803933184 retreat
Jibs_PC#4411133672803933184 attack 11 10
Jibs_PC#4411133672803933184 roll 2
Jibs_PC#4411133672803933184 roll 1
DICE 2 1 5 5 2 
Jibs_PC#4411133672803933184 endattack
Jibs_PC#4411133672803933184 nomove
CARD 22
Jibs_PC#4411133672803933184 placearmies 3 1
Jibs_PC#4411133672803933184 placearmies 33 2
Jibs_PC#4411133672803933184 attack 3 7
Jibs_PC#4411133672803933184 roll 3
Jibs_PC#4411133672803933184 roll 1
DICE 3 1 5 3 3 2 
Jibs_PC#4411133672803933184 endattack
Jibs_PC#4411133672803933184 nomove
CARD 36
Jibs_PC#4411133672803933184 placearmies 24 3
Jibs_PC#4411133672803933184 attack 24 21
Jibs_PC#4411133672803933184 roll 3
Jibs_PC#4411133672803933184 roll 1
DICE 3 1 1 1 0 3 
Jibs_PC#4411133672803933184 roll 3
Jibs_PC#4411133672803933184 roll 1
DICE 3 1 4 2 1 2 
Jibs_PC#4411133672803933184 move 5
Jibs_PC#4411133672803933184 attack 21 22
Jibs_PC#4411133672803933184 roll 3
Jibs_PC#4411133672803933184 roll 1
DICE 3 1 2 2 1 2 
Jibs_PC#4411133672803933184 roll 3
Jibs_PC#4411133672803933184 roll 1
DICE 3 1 3 2 0 3 
Jibs_PC#4411133672803933184 roll 2
Jibs_PC#4411133672803933184 roll 1
DICE 2 1 2 2 2 
Jibs_PC#4411133672803933184 retreat
Jibs_PC#4411133672803933184 endattack
Jibs_PC#4411133672803933184 movearmies 25 24 2
CARD 12
Jibs_PC#4411133672803933184 placearmies 2 3
Jibs_PC#4411133672803933184 attack 2 3
Jibs_PC#4411133672803933184 roll 3
Jibs_PC#4411133672803933184 roll 1
DICE 3 1 4 1 1 5 
Jibs_PC#4411133672803933184 roll 3
Jibs_PC#4411133672803933184 roll 1
DICE 3 1 2 1 0 3 
Jibs_PC#4411133672803933184 retreat
Jibs_PC#4411133672803933184 attack 2 7
Jibs_PC#4411133672803933184 roll 3
Jibs_PC#4411133672803933184 roll 2
DICE 3 2 4 3 3 3 0 
Jibs_PC#4411133672803933184 roll 3
Jibs_PC#4411133672803933184 roll 1
DICE 3 1 4 3 2 1 
Jibs_PC#4411133672803933184 move 4
Jibs_PC#4411133672803933184 attack 7 3
Jibs_PC#4411133672803933184 roll 3
Jibs_PC#4411133672803933184 roll 1
DICE 3 1 2 1 0 2 
Jibs_PC#4411133672803933184 roll 2
Jibs_PC#4411133672803933184 roll 1
DICE 2 1 2 0 3 
Jibs_PC#4411133672803933184 retreat
Jibs_PC#4411133672803933184 endattack
Jibs_PC#4411133672803933184 nomove
CARD 3
Jibs_PC#4411133672803933184 placearmies 39 1
Jibs_PC#4411133672803933184 placearmies 29 4
Jibs_PC#4411133672803933184 placearmies 1 1
Jibs_PC#4411133672803933184 attack 29 32
Jibs_PC#4411133672803933184 roll 3
Jibs_PC#4411133672803933184 roll 2
DICE 3 2 5 4 0 4 3 
Jibs_PC#4411133672803933184 move 7
Jibs_PC#4411133672803933184 attack 32 31
Jibs_PC#4411133672803933184 roll 3
Jibs_PC#4411133672803933184 roll 1
DICE 3 1 4 2 1 5 
Jibs_PC#4411133672803933184 roll 3
Jibs_PC#4411133672803933184 roll 1
DICE 3 1 5 2 1 0 
Jibs_PC#4411133672803933184 move 5
Jibs_PC#4411133672803933184 attack 31 22
Jibs_PC#4411133672803933184 roll 3
Jibs_PC#4411133672803933184 roll 1
DICE 3 1 5 2 0 5 
Jibs_PC#4411133672803933184 roll 3
Jibs_PC#4411133672803933184 roll 1
DICE 3 1 4 4 2 3 
Jibs_PC#4411133672803933184 endattack
Jibs_PC#4411133672803933184 nomove
CARD 35
Jibs_PC#4411133672803933184 placearmies 13 3
Jibs_PC#4411133672803933184 attack 13 11
Jibs_PC#4411133672803933184 roll 3
Jibs_PC#4411133672803933184 roll 1
DICE 3 1 4 4 4 3 
Jibs_PC#4411133672803933184 move 4
Jibs_PC#4411133672803933184 endattack
Jibs_PC#4411133672803933184 movearmies 30 16 3
CARD 11
Jibs_PC#4411133672803933184 placearmies 10 2
Jibs_PC#4411133672803933184 placearmies 10 1
Jibs_PC#4411133672803933184 attack 10 12
Jibs_PC#4411133672803933184 roll 3
Jibs_PC#4411133672803933184 roll 1
DICE 3 1 4 3 0 4 
Jibs_PC#4411133672803933184 roll 3
Jibs_PC#4411133672803933184 roll 1
DICE 3 1 3 2 0 1 
Jibs_PC#4411133672803933184 endattack
Jibs_PC#4411133672803933184 nomove
CARD 8
Jibs_PC#4411133672803933184 placearmies 33 1
Jibs_PC#4411133672803933184 placearmies 33 1
Jibs_PC#4411133672803933184 placearmies 34 1
Jibs_PC#4411133672803933184 attack 33 39
Jibs_PC#4411133672803933184 roll 3
Jibs_PC#4411133672803933184 roll 2
DICE 3 2 5 3 2 1 1 
Jibs_PC#4411133672803933184 roll 3
Jibs_PC#4411133672803933184 roll 1
DICE 3 1 5 4 1 0 
Jibs_PC#4411133672803933184 move 4
Jibs_PC#4411133672803933184 attack 39 40
Jibs_PC#4411133672803933184 roll 3
Jibs_PC#4411133672803933184 roll 1
DICE 3 1 4 2 0 0 
Jibs_PC#4411133672803933184 attack 40 41
Jibs_PC#4411133672803933184 roll 2
Jibs_PC#4411133672803933184 roll 1
DICE 2 1 5 0 1 
Jibs_PC#4411133672803933184 endattack
Jibs_PC#4411133672803933184 nomove
CARD 26
Jibs_PC#4411133672803933184 placearmies 21 2
Jibs_PC#4411133672803933184 placearmies 21 1
Jibs_PC#4411133672803933184 attack 21 22
Jibs_PC#4411133672803933184 roll 3
Jibs_PC#4411133672803933184 roll 2
DICE 3 2 2 1 1 2 1 
Jibs_PC#4411133672803933184 retreat
Jibs_PC#4411133672803933184 attack 21 20
Jibs_PC#4411133672803933184 roll 2
Jibs_PC#4411133672803933184 roll 1
DICE 2 1 5 0 1 
Jibs_PC#4411133672803933184 endattack
Jibs_PC#4411133672803933184 nomove
CARD 21
Jibs_PC#4411133672803933184 placearmies 7 2
Jibs_PC#4411133672803933184 placearmies 7 1
Jibs_PC#4411133672803933184 attack 7 3
Jibs_PC#4411133672803933184 roll 3
Jibs_PC#4411133672803933184 roll 1
DICE 3 1 5 4 3 0 
Jibs_PC#4411133672803933184 move 4
Jibs_PC#4411133672803933184 attack 3 1
Jibs_PC#4411133672803933184 roll 3
Jibs_PC#4411133672803933184 roll 2
DICE 3 2 4 0 0 2 0 
Jibs_PC#4411133672803933184 roll 2
Jibs_PC#4411133672803933184 roll 1
DICE 2 1 5 3 1 
Jibs_PC#4411133672803933184 endattack
Jibs_PC#4411133672803933184 nomove
CARD 39
Jibs_PC#4411133672803933184 placearmies 22 1
Jibs_PC#4411133672803933184 placearmies 22 1
Jibs_PC#4411133672803933184 placearmies 38 1
Jibs_PC#4411133672803933184 attack 22 24
Jibs_PC#4411133672803933184 roll 3
Jibs_PC#4411133672803933184 roll 2
DICE 3 2 5 5 1 5 3 
Jibs_PC#4411133672803933184 roll 3
Jibs_PC#4411133672803933184 roll 2
DICE 3 2 0 0 0 1 0 
Jibs_PC#4411133672803933184 retreat
Jibs_PC#4411133672803933184 endattack
Jibs_PC#4411133672803933184 nomove
CARD 
Jibs_PC#4411133672803933184 trade 23 34 11
Jibs_PC#4411133672803933184 placearmies 11 5
Jibs_PC#4411133672803933184 placearmies 11 4
Jibs_PC#4411133672803933184 attack 11 10
Jibs_PC#4411133672803933184 roll 3
Jibs_PC#4411133672803933184 roll 1
DICE 3 1 3 2 1 2 
Jibs_PC#4411133672803933184 move 14
Jibs_PC#4411133672803933184 attack 10 5
Jibs_PC#4411133672803933184 roll 3
Jibs_PC#4411133672803933184 roll 1
DICE 3 1 4 1 0 3 
Jibs_PC#4411133672803933184 move 13
Jibs_PC#4411133672803933184 attack 5 4
Jibs_PC#4411133672803933184 roll 3
Jibs_PC#4411133672803933184 roll 1
DICE 3 1 5 3 1 0 
Jibs_PC#4411133672803933184 move 12
Jibs_PC#4411133672803933184 attack 4 9
Jibs_PC#4411133672803933184 roll 3
Jibs_PC#4411133672803933184 roll 1
DICE 3 1 5 4 3 5 
Jibs_PC#4411133672803933184 roll 3
Jibs_PC#4411133672803933184 roll 1
DICE 3 1 5 5 1 4 
Jibs_PC#4411133672803933184 move 10
Jibs_PC#4411133672803933184 attack 9 8
Jibs_PC#4411133672803933184 roll 3
Jibs_PC#4411133672803933184 roll 1
DICE 3 1 5 4 3 1 
Jibs_PC#4411133672803933184 move 9
Jibs_PC#4411133672803933184 attack 8 7
Jibs_PC#4411133672803933184 roll 3
Jibs_PC#4411133672803933184 roll 1
DICE 3 1 3 2 1 5 
Jibs_PC#4411133672803933184 roll 3
Jibs_PC#4411133672803933184 roll 1
DICE 3 1 3 3 0 1 
Jibs_PC#4411133672803933184 move 7
Jibs_PC#4411133672803933184 attack 7 6
Jibs_PC#4411133672803933184 roll 3
Jibs_PC#4411133672803933184 roll 1
DICE 3 1 2 2 0 1 
Jibs_PC#4411133672803933184 move 6
Jibs_PC#4411133672803933184 attack 16 20
Jibs_PC#4411133672803933184 roll 3
Jibs_PC#4411133672803933184 roll 2
DICE 3 2 4 2 0 5 1 
Jibs_PC#4411133672803933184 roll 2
Jibs_PC#4411133672803933184 roll 1
DICE 2 1 4 4 4 
Jibs_PC#4411133672803933184 retreat
Jibs_PC#4411133672803933184 attack 6 14
Jibs_PC#4411133672803933184 roll 3
Jibs_PC#4411133672803933184 roll 1
DICE 3 1 2 1 0 1 
Jibs_PC#4411133672803933184 move 5
Jibs_PC#4411133672803933184 attack 14 17
Jibs_PC#4411133672803933184 roll 3
Jibs_PC#4411133672803933184 roll 1
DICE 3 1 5 5 4 0 
Jibs_PC#4411133672803933184 move 4
Jibs_PC#4411133672803933184 attack 17 19
Jibs_PC#4411133672803933184 roll 3
Jibs_PC#4411133672803933184 roll 1
DICE 3 1 5 1 0 4 
Jibs_PC#4411133672803933184 attack 19 20
Jibs_PC#4411133672803933184 roll 2
Jibs_PC#4411133672803933184 roll 1
DICE 2 1 4 2 0 
Jibs_PC#4411133672803933184 endattack
Jibs_PC#4411133672803933184 nomove
CARD 19
Jibs_PC#4411133672803933184 placearmies 12 1
Jibs_PC#4411133672803933184 placearmies 12 1
Jibs_PC#4411133672803933184 placearmies 12 1
Jibs_PC#4411133672803933184 attack 12 10
Jibs_PC#4411133672803933184 roll 3
Jibs_PC#4411133672803933184 roll 1
DICE 3 1 5 1 0 1 
Jibs_PC#4411133672803933184 move 5
Jibs_PC#4411133672803933184 attack 10 11
Jibs_PC#4411133672803933184 roll 3
Jibs_PC#4411133672803933184 roll 1
DICE 3 1 4 3 2 3 
Jibs_PC#4411133672803933184 move 4
Jibs_PC#4411133672803933184 attack 11 13
Jibs_PC#4411133672803933184 roll 3
Jibs_PC#4411133672803933184 roll 1
DICE 3 1 2 1 1 2 
Jibs_PC#4411133672803933184 roll 2
Jibs_PC#4411133672803933184 roll 1
DICE 2 1 5 2 4 
Jibs_PC#4411133672803933184 endattack
Jibs_PC#4411133672803933184 movearmies 13 12 1
CARD 9
Jibs_PC#4411133672803933184 trade 6 27 26
Jibs_PC#4411133672803933184 placearmies 41 2
Jibs_PC#4411133672803933184 placearmies 41 1
Jibs_PC#4411133672803933184 placearmies 41 1
Jibs_PC#4411133672803933184 placearmies 41 3
Jibs_PC#4411133672803933184 placearmies 41 2
Jibs_PC#4411133672803933184 placearmies 34 3
Jibs_PC#4411133672803933184 placearmies 33 1
Jibs_PC#4411133672803933184 attack 41 42
Jibs_PC#4411133672803933184 roll 3
Jibs_PC#4411133672803933184 roll 1
DICE 3 1 5 5 2 0 
Jibs_PC#4411133672803933184 move 3
Jibs_PC#4411133672803933184 endattack
Jibs_PC#4411133672803933184 movearmies 41 39 6
CARD 29
Jibs_PC#4411133672803933184 placearmies 24 3
Jibs_PC#4411133672803933184 attack 24 22
Jibs_PC#4411133672803933184 roll 3
Jibs_PC#4411133672803933184 roll 2
DICE 3 2 3 3 1 5 4 
Jibs_PC#4411133672803933184 retreat
Jibs_PC#4411133672803933184 attack 24 22
Jibs_PC#4411133672803933184 roll 2
Jibs_PC#4411133672803933184 roll 2
DICE 2 2 4 3 4 4 
Jibs_PC#4411133672803933184 endattack
Jibs_PC#4411133672803933184 nomove
CARD 
Jibs_PC#4411133672803933184 placearmies 2 3
Jibs_PC#4411133672803933184 attack 2 6
Jibs_PC#4411133672803933184 roll 3
Jibs_PC#4411133672803933184 roll 1
DICE 3 1 3 2 1 1 
Jibs_PC#4411133672803933184 attack 6 7
Jibs_PC#4411133672803933184 roll 2
Jibs_PC#4411133672803933184 roll 1
DICE 2 1 3 2 3 
Jibs_PC#4411133672803933184 retreat
Jibs_PC#4411133672803933184 endattack
Jibs_PC#4411133672803933184 nomove
CARD wildcard
Jibs_PC#4411133672803933184 placearmies 22 2
Jibs_PC#4411133672803933184 placearmies 22 1
Jibs_PC#4411133672803933184 attack 22 21
Jibs_PC#4411133672803933184 roll 3
Jibs_PC#4411133672803933184 roll 1
DICE 3 1 4 1 1 3 
Jibs_PC#4411133672803933184 move 4
Jibs_PC#4411133672803933184 endattack
Jibs_PC#4411133672803933184 nomove
CARD 32
Jibs_PC#4411133672803933184 placearmies 16 2
Jibs_PC#4411133672803933184 placearmies 16 1
Jibs_PC#4411133672803933184 placearmies 7 1
Jibs_PC#4411133672803933184 attack 16 18
Jibs_PC#4411133672803933184 roll 3
Jibs_PC#4411133672803933184 roll 1
DICE 3 1 5 4 1 1 
Jibs_PC#4411133672803933184 move 3
Jibs_PC#4411133672803933184 endattack
Jibs_PC#4411133672803933184 movearmies 18 16 2
CARD 38
Jibs_PC#4411133672803933184 trade 15 8 9
Jibs_PC#4411133672803933184 placearmies 10 3
Jibs_PC#4411133672803933184 placearmies 12 2
Jibs_PC#4411133672803933184 placearmies 10 7
Jibs_PC#4411133672803933184 placearmies 10 1
Jibs_PC#4411133672803933184 attack 10 5
Jibs_PC#4411133672803933184 roll 3
Jibs_PC#4411133672803933184 roll 1
DICE 3 1 4 2 1 0 
Jibs_PC#4411133672803933184 move 11
Jibs_PC#4411133672803933184 endattack
Jibs_PC#4411133672803933184 nomove
CARD 7
Jibs_PC#4411133672803933184 placearmies 34 5
Jibs_PC#4411133672803933184 attack 34 27
Jibs_PC#4411133672803933184 roll 3
Jibs_PC#4411133672803933184 roll 1
DICE 3 1 4 0 0 5 
Jibs_PC#4411133672803933184 roll 3
Jibs_PC#4411133672803933184 roll 1
DICE 3 1 2 1 0 4 
Jibs_PC#4411133672803933184 roll 3
Jibs_PC#4411133672803933184 roll 1
DICE 3 1 5 2 1 3 
Jibs_PC#4411133672803933184 move 7
Jibs_PC#4411133672803933184 endattack
Jibs_PC#4411133672803933184 movearmies 39 33 6
CARD 13
Jibs_PC#4411133672803933184 placearmies 24 3
Jibs_PC#4411133672803933184 attack 24 22
Jibs_PC#4411133672803933184 roll 3
Jibs_PC#4411133672803933184 roll 1
DICE 3 1 4 2 1 3 
Jibs_PC#4411133672803933184 endattack
Jibs_PC#4411133672803933184 nomove
CARD 42
Jibs_PC#4411133672803933184 trade 37 18 wildcard
Jibs_PC#4411133672803933184 placearmies 6 2
Jibs_PC#4411133672803933184 placearmies 6 9
Jibs_PC#4411133672803933184 placearmies 6 1
Jibs_PC#4411133672803933184 placearmies 6 1
Jibs_PC#4411133672803933184 attack 6 14
Jibs_PC#4411133672803933184 roll 3
Jibs_PC#4411133672803933184 roll 1
DICE 3 1 4 4 1 0 
Jibs_PC#4411133672803933184 move 14
Jibs_PC#4411133672803933184 attack 14 15
Jibs_PC#4411133672803933184 roll 3
Jibs_PC#4411133672803933184 roll 1
DICE 3 1 4 3 1 4 
Jibs_PC#4411133672803933184 roll 3
Jibs_PC#4411133672803933184 roll 1
DICE 3 1 5 4 4 4 
Jibs_PC#4411133672803933184 move 12
Jibs_PC#4411133672803933184 attack 15 16
Jibs_PC#4411133672803933184 roll 3
Jibs_PC#4411133672803933184 roll 2
DICE 3 2 5 2 0 4 0 
Jibs_PC#4411133672803933184 roll 3
Jibs_PC#4411133672803933184 roll 2
DICE 3 2 4 2 1 1 0 
Jibs_PC#4411133672803933184 move 11
Jibs_PC#4411133672803933184 attack 16 18
Jibs_PC#4411133672803933184 roll 3
Jibs_PC#4411133672803933184 roll 1
DICE 3 1 4 1 0 0 
Jibs_PC#4411133672803933184 move 10
Jibs_PC#4411133672803933184 attack 18 17
Jibs_PC#4411133672803933184 roll 3
Jibs_PC#4411133672803933184 roll 1
DICE 3 1 4 4 2 3 
Jibs_PC#4411133672803933184 move 9
Jibs_PC#4411133672803933184 attack 17 19
Jibs_PC#4411133672803933184 roll 3
Jibs_PC#4411133672803933184 roll 1
DICE 3 1 5 4 4 5 
Jibs_PC#4411133672803933184 roll 3
Jibs_PC#4411133672803933184 roll 1
DICE 3 1 5 4 2 4 
Jibs_PC#4411133672803933184 move 7
Jibs_PC#4411133672803933184 endattack
Jibs_PC#4411133672803933184 nomove
CARD wildcard
Jibs_PC#4411133672803933184 placearmies 38 3
Jibs_PC#4411133672803933184 attack 38 34
Jibs_PC#4411133672803933184 roll 3
Jibs_PC#4411133672803933184 roll 1
DICE 3 1 3 2 1 0 
Jibs_PC#4411133672803933184 move 4
Jibs_PC#4411133672803933184 endattack
Jibs_PC#4411133672803933184 nomove
CARD 30
Jibs_PC#4411133672803933184 placearmies 20 2
Jibs_PC#4411133672803933184 placearmies 20 1
Jibs_PC#4411133672803933184 attack 20 16
Jibs_PC#4411133672803933184 roll 3
Jibs_PC#4411133672803933184 roll 1
DICE 3 1 3 2 1 4 
Jibs_PC#4411133672803933184 roll 3
Jibs_PC#4411133672803933184 roll 1
DICE 3 1 4 1 0 1 
Jibs_PC#4411133672803933184 endattack
Jibs_PC#4411133672803933184 nomove
CARD 1
Jibs_PC#4411133672803933184 placearmies 5 4
Jibs_PC#4411133672803933184 placearmies 12 1
Jibs_PC#4411133672803933184 attack 5 4
Jibs_PC#4411133672803933184 roll 3
Jibs_PC#4411133672803933184 roll 1
DICE 3 1 5 5 0 1 
Jibs_PC#4411133672803933184 move 13
Jibs_PC#4411133672803933184 attack 4 3
Jibs_PC#4411133672803933184 roll 3
Jibs_PC#4411133672803933184 roll 1
DICE 3 1 5 4 1 2 
Jibs_PC#4411133672803933184 move 12
Jibs_PC#4411133672803933184 attack 3 1
Jibs_PC#4411133672803933184 roll 3
Jibs_PC#4411133672803933184 roll 2
DICE 3 2 2 0 0 5 5 
Jibs_PC#4411133672803933184 roll 3
Jibs_PC#4411133672803933184 roll 2
DICE 3 2 1 1 0 5 3 
Jibs_PC#4411133672803933184 roll 3
Jibs_PC#4411133672803933184 roll 2
DICE 3 2 5 3 2 2 0 
Jibs_PC#4411133672803933184 move 7
Jibs_PC#4411133672803933184 attack 1 2
Jibs_PC#4411133672803933184 roll 3
Jibs_PC#4411133672803933184 roll 1
DICE 3 1 5 3 0 3 
Jibs_PC#4411133672803933184 move 6
Jibs_PC#4411133672803933184 attack 2 6
Jibs_PC#4411133672803933184 roll 3
Jibs_PC#4411133672803933184 roll 1
DICE 3 1 1 0 0 5 
Jibs_PC#4411133672803933184 roll 3
Jibs_PC#4411133672803933184 roll 1
DICE 3 1 4 4 0 5 
Jibs_PC#4411133672803933184 roll 3
Jibs_PC#4411133672803933184 roll 1
DICE 3 1 5 2 1 5 
Jibs_PC#4411133672803933184 roll 2
Jibs_PC#4411133672803933184 roll 1
DICE 2 1 4 2 4 
Jibs_PC#4411133672803933184 retreat
Jibs_PC#4411133672803933184 endattack
Jibs_PC#4411133672803933184 nomove
CARD 14
Jibs_PC#4411133672803933184 trade 36 29 13
Jibs_PC#4411133672803933184 placearmies 27 10
Jibs_PC#4411133672803933184 placearmies 33 5
Jibs_PC#4411133672803933184 attack 33 29
Jibs_PC#4411133672803933184 roll 3
Jibs_PC#4411133672803933184 roll 1
DICE 3 1 2 0 0 4 
Jibs_PC#4411133672803933184 roll 3
Jibs_PC#4411133672803933184 roll 1
DICE 3 1 1 1 1 2 
Jibs_PC#4411133672803933184 roll 3
Jibs_PC#4411133672803933184 roll 1
DICE 3 1 3 2 1 5 
Jibs_PC#4411133672803933184 roll 3
Jibs_PC#4411133672803933184 roll 1
DICE 3 1 5 3 0 4 
Jibs_PC#4411133672803933184 move 8
Jibs_PC#4411133672803933184 attack 29 28
Jibs_PC#4411133672803933184 roll 3
Jibs_PC#4411133672803933184 roll 1
DICE 3 1 5 4 2 5 
Jibs_PC#4411133672803933184 roll 3
Jibs_PC#4411133672803933184 roll 1
DICE 3 1 4 3 2 3 
Jibs_PC#4411133672803933184 move 6
Jibs_PC#4411133672803933184 attack 28 30
Jibs_PC#4411133672803933184 roll 3
Jibs_PC#4411133672803933184 roll 1
DICE 3 1 2 2 1 3 
Jibs_PC#4411133672803933184 roll 3
Jibs_PC#4411133672803933184 roll 1
DICE 3 1 5 1 0 2 
Jibs_PC#4411133672803933184 move 4
Jibs_PC#4411133672803933184 attack 30 32
Jibs_PC#4411133672803933184 roll 3
Jibs_PC#4411133672803933184 roll 1
DICE 3 1 5 4 0 1 
Jibs_PC#4411133672803933184 attack 32 31
Jibs_PC#4411133672803933184 roll 2
Jibs_PC#4411133672803933184 roll 1
DICE 2 1 3 2 3 
Jibs_PC#4411133672803933184 retreat
Jibs_PC#4411133672803933184 attack 27 34
Jibs_PC#4411133672803933184 roll 3
Jibs_PC#4411133672803933184 roll 2
DICE 3 2 4 2 1 1 0 
Jibs_PC#4411133672803933184 roll 3
Jibs_PC#4411133672803933184 roll 2
DICE 3 2 5 2 2 4 3 
Jibs_PC#4411133672803933184 retreat
Jibs_PC#4411133672803933184 attack 27 36
Jibs_PC#4411133672803933184 roll 3
Jibs_PC#4411133672803933184 roll 1
DICE 3 1 5 4 3 0 
Jibs_PC#4411133672803933184 move 14
Jibs_PC#4411133672803933184 attack 36 38
Jibs_PC#4411133672803933184 roll 3
Jibs_PC#4411133672803933184 roll 1
DICE 3 1 3 3 0 2 
Jibs_PC#4411133672803933184 move 12
Jibs_PC#4411133672803933184 attack 38 37
Jibs_PC#4411133672803933184 roll 3
Jibs_PC#4411133672803933184 roll 1
DICE 3 1 5 2 2 2 
Jibs_PC#4411133672803933184 move 3
Jibs_PC#4411133672803933184 attack 38 35
Jibs_PC#4411133672803933184 roll 3
Jibs_PC#4411133672803933184 roll 1
DICE 3 1 5 3 0 5 
Jibs_PC#4411133672803933184 roll 3
Jibs_PC#4411133672803933184 roll 1
DICE 3 1 4 4 1 1 
Jibs_PC#4411133672803933184 move 5
Jibs_PC#4411133672803933184 attack 35 34
Jibs_PC#4411133672803933184 roll 3
Jibs_PC#4411133672803933184 roll 1
DICE 3 1 4 0 0 5 
Jibs_PC#4411133672803933184 roll 3
Jibs_PC#4411133672803933184 roll 1
DICE 3 1 5 4 4 2 
Jibs_PC#4411133672803933184 endattack
Jibs_PC#4411133672803933184 movearmies 33 32 1
CARD 17
Jibs_PC#4411133672803933184 trade 4 21 42
Jibs_PC#4411133672803933184 placearmies 22 2
Jibs_PC#4411133672803933184 placearmies 22 4
Jibs_PC#4411133672803933184 placearmies 22 1
Jibs_PC#4411133672803933184 attack 22 31
Jibs_PC#4411133672803933184 roll 3
Jibs_PC#4411133672803933184 roll 1
DICE 3 1 3 0 0 3 
Jibs_PC#4411133672803933184 roll 3
Jibs_PC#4411133672803933184 roll 1
DICE 3 1 5 4 1 1 
Jibs_PC#4411133672803933184 move 8
Jibs_PC#4411133672803933184 attack 31 20
Jibs_PC#4411133672803933184 roll 3
Jibs_PC#4411133672803933184 roll 1
DICE 3 1 5 4 3 0 
Jibs_PC#4411133672803933184 move 7
Jibs_PC#4411133672803933184 attack 20 21
Jibs_PC#4411133672803933184 roll 3
Jibs_PC#4411133672803933184 roll 2
DICE 3 2 5 3 1 1 1 
Jibs_PC#4411133672803933184 roll 3
Jibs_PC#4411133672803933184 roll 2
DICE 3 2 4 3 0 5 3 
Jibs_PC#4411133672803933184 roll 3
Jibs_PC#4411133672803933184 roll 2
DICE 3 2 5 1 1 3 2 
Jibs_PC#4411133672803933184 roll 3
Jibs_PC#4411133672803933184 roll 1
DICE 3 1 3 2 1 1 
Jibs_PC#4411133672803933184 trade 25 12 41
Jibs_PC#4411133672803933184 placearmies 20 3
Jibs_PC#4411133672803933184 placearmies 31 1
Jibs_PC#4411133672803933184 placearmies 21 4
Jibs_PC#4411133672803933184 endattack
Jibs_PC#4411133672803933184 movearmies 25 23 1
CARD 20
Jibs_PC#4411133672803933184 trade 3 39 wildcard
Jibs_PC#4411133672803933184 placearmies 6 12
Jibs_PC#4411133672803933184 placearmies 19 1
Jibs_PC#4411133672803933184 attack 6 8
Jibs_PC#4411133672803933184 roll 3
Jibs_PC#4411133672803933184 roll 1
DICE 3 1 3 1 0 3 
Jibs_PC#4411133672803933184 roll 3
Jibs_PC#4411133672803933184 roll 1
DICE 3 1 4 1 0 4 
Jibs_PC#4411133672803933184 roll 3
Jibs_PC#4411133672803933184 roll 1
DICE 3 1 4 3 1 3 
Jibs_PC#4411133672803933184 move 10
Jibs_PC#4411133672803933184 attack 8 9
Jibs_PC#4411133672803933184 roll 3
Jibs_PC#4411133672803933184 roll 1
DICE 3 1 5 1 0 1 
Jibs_PC#4411133672803933184 move 9
Jibs_PC#4411133672803933184 attack 9 4
Jibs_PC#4411133672803933184 roll 3
Jibs_PC#4411133672803933184 roll 1
DICE 3 1 4 3 3 2 
Jibs_PC#4411133672803933184 move 8
Jibs_PC#4411133672803933184 attack 4 5
Jibs_PC#4411133672803933184 roll 3
Jibs_PC#4411133672803933184 roll 2
DICE 3 2 5 2 2 2 2 
Jibs_PC#4411133672803933184 roll 3
Jibs_PC#4411133672803933184 roll 1
DICE 3 1 5 3 2 1 
Jibs_PC#4411133672803933184 move 6
Jibs_PC#4411133672803933184 attack 19 20
Jibs_PC#4411133672803933184 roll 3
Jibs_PC#4411133672803933184 roll 2
DICE 3 2 1 1 0 4 2 
Jibs_PC#4411133672803933184 roll 3
Jibs_PC#4411133672803933184 roll 2
DICE 3 2 2 2 2 1 1 
Jibs_PC#4411133672803933184 roll 3
Jibs_PC#4411133672803933184 roll 2
DICE 3 2 5 1 1 0 0 
Jibs_PC#4411133672803933184 move 5
Jibs_PC#4411133672803933184 attack 20 22
Jibs_PC#4411133672803933184 roll 3
Jibs_PC#4411133672803933184 roll 1
DICE 3 1 5 5 2 5 
Jibs_PC#4411133672803933184 roll 3
Jibs_PC#4411133672803933184 roll 1
DICE 3 1 4 3 1 3 
Jibs_PC#4411133672803933184 endattack
Jibs_PC#4411133672803933184 movearmies 22 20 2
CARD 5
Jibs_PC#4411133672803933184 placearmies 16 1
Jibs_PC#4411133672803933184 placearmies 16 1
Jibs_PC#4411133672803933184 placearmies 7 1
Jibs_PC#4411133672803933184 attack 16 20
Jibs_PC#4411133672803933184 roll 3
Jibs_PC#4411133672803933184 roll 2
DICE 3 2 5 1 0 5 3 
Jibs_PC#4411133672803933184 retreat
Jibs_PC#4411133672803933184 attack 16 30
Jibs_PC#4411133672803933184 roll 2
Jibs_PC#4411133672803933184 roll 1
DICE 2 1 4 2 0 
Jibs_PC#4411133672803933184 endattack
Jibs_PC#4411133672803933184 nomove
CARD 33
Jibs_PC#4411133672803933184 placearmies 2 2
Jibs_PC#4411133672803933184 placearmies 10 1
Jibs_PC#4411133672803933184 placearmies 10 2
Jibs_PC#4411133672803933184 attack 2 6
Jibs_PC#4411133672803933184 roll 3
Jibs_PC#4411133672803933184 roll 1
DICE 3 1 4 2 2 4 
Jibs_PC#4411133672803933184 roll 2
Jibs_PC#4411133672803933184 roll 1
DICE 2 1 3 1 4 
Jibs_PC#4411133672803933184 retreat
Jibs_PC#4411133672803933184 attack 12 21
Jibs_PC#4411133672803933184 roll 3
Jibs_PC#4411133672803933184 roll 2
DICE 3 2 4 2 0 2 1 
Jibs_PC#4411133672803933184 roll 3
Jibs_PC#4411133672803933184 roll 2
DICE 3 2 1 0 0 5 1 
Jibs_PC#4411133672803933184 retreat
Jibs_PC#4411133672803933184 attack 12 21
Jibs_PC#4411133672803933184 roll 2
Jibs_PC#4411133672803933184 roll 2
DICE 2 2 5 0 5 0 
Jibs_PC#4411133672803933184 attack 10 5
Jibs_PC#4411133672803933184 roll 3
Jibs_PC#4411133672803933184 roll 2
DICE 3 2 3 0 0 3 2 
Jibs_PC#4411133672803933184 retreat
Jibs_PC#4411133672803933184 endattack
Jibs_PC#4411133672803933184 nomove
CARD 
Jibs_PC#4411133672803933184 placearmies 29 1
Jibs_PC#4411133672803933184 placearmies 32 3
Jibs_PC#4411133672803933184 placearmies 32 2
Jibs_PC#4411133672803933184 attack 32 31
Jibs_PC#4411133672803933184 roll 3
Jibs_PC#4411133672803933184 roll 2
DICE 3 2 4 4 1 5 2 
Jibs_PC#4411133672803933184 roll 3
Jibs_PC#4411133672803933184 roll 1
DICE 3 1 3 2 0 1 
Jibs_PC#4411133672803933184 move 5
Jibs_PC#4411133672803933184 attack 31 30
Jibs_PC#4411133672803933184 roll 3
Jibs_PC#4411133672803933184 roll 2
DICE 3 2 5 2 2 5 3 
Jibs_PC#4411133672803933184 retreat
Jibs_PC#4411133672803933184 endattack
Jibs_PC#4411133672803933184 movearmies 31 32 2
CARD 10
Jibs_PC#4411133672803933184 trade 2 35 20
Jibs_PC#4411133672803933184 placearmies 21 11
Jibs_PC#4411133672803933184 placearmies 21 1
Jibs_PC#4411133672803933184 placearmies 21 1
Jibs_PC#4411133672803933184 attack 21 22
Jibs_PC#4411133672803933184 roll 3
Jibs_PC#4411133672803933184 roll 1
DICE 3 1 5 3 0 1 
Jibs_PC#4411133672803933184 move 16
Jibs_PC#4411133672803933184 attack 22 31
Jibs_PC#4411133672803933184 roll 3
Jibs_PC#4411133672803933184 roll 1
DICE 3 1 5 4 4 0 
Jibs_PC#4411133672803933184 move 14
Jibs_PC#4411133672803933184 attack 31 32
Jibs_PC#4411133672803933184 roll 3
Jibs_PC#4411133672803933184 roll 2
DICE 3 2 5 4 3 5 1 
Jibs_PC#4411133672803933184 roll 3
Jibs_PC#4411133672803933184 roll 2
DICE 3 2 3 2 0 5 3 
Jibs_PC#4411133672803933184 retreat
Jibs_PC#4411133672803933184 attack 31 16
Jibs_PC#4411133672803933184 roll 3
Jibs_PC#4411133672803933184 roll 1
DICE 3 1 5 4 0 1 
Jibs_PC#4411133672803933184 move 10
Jibs_PC#4411133672803933184 attack 16 20
Jibs_PC#4411133672803933184 roll 3
Jibs_PC#4411133672803933184 roll 2
DICE 3 2 5 4 0 5 1 
Jibs_PC#4411133672803933184 roll 3
Jibs_PC#4411133672803933184 roll 2
DICE 3 2 2 1 0 5 4 
Jibs_PC#4411133672803933184 roll 3
Jibs_PC#4411133672803933184 roll 2
DICE 3 2 5 3 3 3 0 
Jibs_PC#4411133672803933184 move 6
Jibs_PC#4411133672803933184 attack 20 19
Jibs_PC#4411133672803933184 roll 3
Jibs_PC#4411133672803933184 roll 1
DICE 3 1 5 4 0 5 
Jibs_PC#4411133672803933184 roll 3
Jibs_PC#4411133672803933184 roll 1
DICE 3 1 3 3 2 5 
Jibs_PC#4411133672803933184 roll 3
Jibs_PC#4411133672803933184 roll 1
DICE 3 1 5 4 4 2 
Jibs_PC#4411133672803933184 endattack
Jibs_PC#4411133672803933184 movearmies 19 21 2
CARD 40
Jibs_PC#4411133672803933184 placearmies 4 3
Jibs_PC#4411133672803933184 attack 4 3
Jibs_PC#4411133672803933184 roll 3
Jibs_PC#4411133672803933184 roll 1
DICE 3 1 4 2 1 1 
Jibs_PC#4411133672803933184 attack 3 1
Jibs_PC#4411133672803933184 roll 2
Jibs_PC#4411133672803933184 roll 1
DICE 2 1 4 0 5 
Jibs_PC#4411133672803933184 retreat
Jibs_PC#4411133672803933184 attack 5 10
Jibs_PC#4411133672803933184 roll 3
Jibs_PC#4411133672803933184 roll 2
DICE 3 2 5 4 1 2 0 
Jibs_PC#4411133672803933184 move 5
Jibs_PC#4411133672803933184 attack 10 12
Jibs_PC#4411133672803933184 roll 3
Jibs_PC#4411133672803933184 roll 1
DICE 3 1 5 3 1 3 
Jibs_PC#4411133672803933184 move 4
Jibs_PC#4411133672803933184 attack 12 11
Jibs_PC#4411133672803933184 roll 3
Jibs_PC#4411133672803933184 roll 1
DICE 3 1 4 2 1 4 
Jibs_PC#4411133672803933184 roll 2
Jibs_PC#4411133672803933184 roll 1
DICE 2 1 4 3 3 
Jibs_PC#4411133672803933184 endattack
Jibs_PC#4411133672803933184 nomove
CARD 24
Jibs_PC#4411133672803933184 trade 19 38 33
Jibs_PC#4411133672803933184 placearmies 7 1
Jibs_PC#4411133672803933184 placearmies 30 11
Jibs_PC#4411133672803933184 placearmies 30 1
Jibs_PC#4411133672803933184 attack 30 29
Jibs_PC#4411133672803933184 roll 3
Jibs_PC#4411133672803933184 roll 2
DICE 3 2 4 4 3 2 1 
Jibs_PC#4411133672803933184 move 13
Jibs_PC#4411133672803933184 attack 29 33
Jibs_PC#4411133672803933184 roll 3
Jibs_PC#4411133672803933184 roll 1
DICE 3 1 5 3 0 1 
Jibs_PC#4411133672803933184 move 12
Jibs_PC#4411133672803933184 attack 33 39
Jibs_PC#4411133672803933184 roll 3
Jibs_PC#4411133672803933184 roll 1
DICE 3 1 5 2 2 1 
Jibs_PC#4411133672803933184 move 11
Jibs_PC#4411133672803933184 attack 39 40
Jibs_PC#4411133672803933184 roll 3
Jibs_PC#4411133672803933184 roll 1
DICE 3 1 4 2 2 0 
Jibs_PC#4411133672803933184 move 10
Jibs_PC#4411133672803933184 attack 40 42
Jibs_PC#4411133672803933184 roll 3
Jibs_PC#4411133672803933184 roll 2
DICE 3 2 4 3 2 2 0 
Jibs_PC#4411133672803933184 roll 3
Jibs_PC#4411133672803933184 roll 1
DICE 3 1 5 2 0 3 
Jibs_PC#4411133672803933184 move 6
Jibs_PC#4411133672803933184 attack 42 41
Jibs_PC#4411133672803933184 roll 3
Jibs_PC#4411133672803933184 roll 2
DICE 3 2 5 1 0 3 2 
Jibs_PC#4411133672803933184 roll 3
Jibs_PC#4411133672803933184 roll 1
DICE 3 1 3 2 1 3 
Jibs_PC#4411133672803933184 retreat
Jibs_PC#4411133672803933184 attack 40 41
Jibs_PC#4411133672803933184 roll 3
Jibs_PC#4411133672803933184 roll 1
DICE 3 1 5 3 1 2 
Jibs_PC#4411133672803933184 endattack
Jibs_PC#4411133672803933184 movearmies 42 40 2
CARD 31
Jibs_PC#4411133672803933184 placearmies 2 2
Jibs_PC#4411133672803933184 placearmies 2 1
Jibs_PC#4411133672803933184 attack 2 3
Jibs_PC#4411133672803933184 roll 3
Jibs_PC#4411133672803933184 roll 2
DICE 3 2 5 0 0 1 1 
Jibs_PC#4411133672803933184 roll 3
Jibs_PC#4411133672803933184 roll 1
DICE 3 1 5 5 1 5 
Jibs_PC#4411133672803933184 roll 2
Jibs_PC#4411133672803933184 roll 1
DICE 2 1 5 1 1 
Jibs_PC#4411133672803933184 endattack
Jibs_PC#4411133672803933184 nomove
CARD 16
Jibs_PC#4411133672803933184 placearmies 32 2
Jibs_PC#4411133672803933184 placearmies 32 1
Jibs_PC#4411133672803933184 attack 32 33
Jibs_PC#4411133672803933184 roll 3
Jibs_PC#4411133672803933184 roll 1
DICE 3 1 5 5 4 1 
Jibs_PC#4411133672803933184 move 5
Jibs_PC#4411133672803933184 attack 33 29
Jibs_PC#4411133672803933184 roll 3
Jibs_PC#4411133672803933184 roll 1
DICE 3 1 4 3 0 2 
Jibs_PC#4411133672803933184 move 4
Jibs_PC#4411133672803933184 attack 29 30
Jibs_PC#4411133672803933184 roll 3
Jibs_PC#4411133672803933184 roll 1
DICE 3 1 1 1 1 0 
Jibs_PC#4411133672803933184 attack 30 31
Jibs_PC#4411133672803933184 roll 2
Jibs_PC#4411133672803933184 roll 1
DICE 2 1 3 0 3 
Jibs_PC#4411133672803933184 retreat
Jibs_PC#4411133672803933184 endattack
Jibs_PC#4411133672803933184 movearmies 37 38 2
CARD 28
Jibs_PC#4411133672803933184 placearmies 20 1
Jibs_PC#4411133672803933184 placearmies 31 1
Jibs_PC#4411133672803933184 placearmies 21 4
Jibs_PC#4411133672803933184 attack 21 12
Jibs_PC#4411133672803933184 roll 3
Jibs_PC#4411133672803933184 roll 1
DICE 3 1 5 1 0 4 
Jibs_PC#4411133672803933184 move 7
Jibs_PC#4411133672803933184 attack 12 13
Jibs_PC#4411133672803933184 roll 3
Jibs_PC#4411133672803933184 roll 1
DICE 3 1 5 3 2 2 
Jibs_PC#4411133672803933184 move 5
Jibs_PC#4411133672803933184 attack 13 11
Jibs_PC#4411133672803933184 roll 3
Jibs_PC#4411133672803933184 roll 2
DICE 3 2 5 5 4 3 1 
Jibs_PC#4411133672803933184 move 4
Jibs_PC#4411133672803933184 attack 11 10
Jibs_PC#4411133672803933184 roll 3
Jibs_PC#4411133672803933184 roll 1
DICE 3 1 5 5 2 4 
Jibs_PC#4411133672803933184 endattack
Jibs_PC#4411133672803933184 movearmies 22 20 1
CARD wildcard
Jibs_PC#4411133672803933184 placearmies 18 3
Jibs_PC#4411133672803933184 attack 18 16
Jibs_PC#4411133672803933184 roll 3
Jibs_PC#4411133672803933184 roll 1
DICE 3 1 3 3 0 1 
Jibs_PC#4411133672803933184 endattack
Jibs_PC#4411133672803933184 nomove
CARD 25
Jibs_PC#4411133672803933184 placearmies 39 1
Jibs_PC#4411133672803933184 placearmies 39 3
Jibs_PC#4411133672803933184 placearmies 39 1
Jibs_PC#4411133672803933184 attack 39 33
Jibs_PC#4411133672803933184 roll 3
Jibs_PC#4411133672803933184 roll 1
DICE 3 1 3 2 0 1 
Jibs_PC#4411133672803933184 move 5
Jibs_PC#4411133672803933184 endattack
Jibs_PC#4411133672803933184 movearmies 33 39 4
CARD 41
Jibs_PC#4411133672803933184 trade 22 7 16
Jibs_PC#4411133672803933184 placearmies 3 2
Jibs_PC#4411133672803933184 placearmies 3 10
Jibs_PC#4411133672803933184 placearmies 3 1
Jibs_PC#4411133672803933184 attack 3 4
Jibs_PC#4411133672803933184 roll 3
Jibs_PC#4411133672803933184 roll 1
DICE 3 1 4 3 1 2 
Jibs_PC#4411133672803933184 move 14
Jibs_PC#4411133672803933184 attack 4 5
Jibs_PC#4411133672803933184 roll 3
Jibs_PC#4411133672803933184 roll 1
DICE 3 1 5 5 3 4 
Jibs_PC#4411133672803933184 move 13
Jibs_PC#4411133672803933184 attack 5 10
Jibs_PC#4411133672803933184 roll 3
Jibs_PC#4411133672803933184 roll 2
DICE 3 2 3 1 1 3 2 
Jibs_PC#4411133672803933184 roll 3
Jibs_PC#4411133672803933184 roll 2
DICE 3 2 2 1 1 3 0 
Jibs_PC#4411133672803933184 roll 3
Jibs_PC#4411133672803933184 roll 2
DICE 3 2 5 4 2 2 1 
Jibs_PC#4411133672803933184 move 9
Jibs_PC#4411133672803933184 attack 10 12
Jibs_PC#4411133672803933184 roll 3
Jibs_PC#4411133672803933184 roll 2
DICE 3 2 5 3 2 2 2 
Jibs_PC#4411133672803933184 move 8
Jibs_PC#4411133672803933184 attack 12 21
Jibs_PC#4411133672803933184 roll 3
Jibs_PC#4411133672803933184 roll 1
DICE 3 1 2 1 0 0 
Jibs_PC#4411133672803933184 move 7
Jibs_PC#4411133672803933184 endattack
Jibs_PC#4411133672803933184 nomove
CARD 15
Jibs_PC#4411133672803933184 placearmies 32 3
Jibs_PC#4411133672803933184 attack 32 33
Jibs_PC#4411133672803933184 roll 3
Jibs_PC#4411133672803933184 roll 1
DICE 3 1 0 0 0 2 
Jibs_PC#4411133672803933184 roll 2
Jibs_PC#4411133672803933184 roll 1
DICE 2 1 2 0 1 
Jibs_PC#4411133672803933184 attack 38 1
Jibs_PC#4411133672803933184 roll 3
Jibs_PC#4411133672803933184 roll 1
DICE 3 1 3 2 0 0 
Jibs_PC#4411133672803933184 move 4
Jibs_PC#4411133672803933184 endattack
Jibs_PC#4411133672803933184 movearmies 27 28 1
CARD 21
Jibs_PC#4411133672803933184 trade 32 40 wildcard
Jibs_PC#4411133672803933184 placearmies 20 1
Jibs_PC#4411133672803933184 placearmies 20 8
Jibs_PC#4411133672803933184 placearmies 20 3
Jibs_PC#4411133672803933184 placearmies 20 1
Jibs_PC#4411133672803933184 attack 20 21
Jibs_PC#4411133672803933184 roll 3
Jibs_PC#4411133672803933184 roll 2
DICE 3 2 4 1 0 5 5 
Jibs_PC#4411133672803933184 roll 3
Jibs_PC#4411133672803933184 roll 2
DICE 3 2 5 4 2 3 1 
Jibs_PC#4411133672803933184 roll 3
Jibs_PC#4411133672803933184 roll 2
DICE 3 2 4 3 1 5 4 
Jibs_PC#4411133672803933184 roll 3
Jibs_PC#4411133672803933184 roll 2
DICE 3 2 5 3 2 5 1 
Jibs_PC#4411133672803933184 roll 3
Jibs_PC#4411133672803933184 roll 2
DICE 3 2 5 2 2 4 1 
Jibs_PC#4411133672803933184 roll 3
Jibs_PC#4411133672803933184 roll 2
DICE 3 2 2 1 0 5 1 
Jibs_PC#4411133672803933184 roll 3
Jibs_PC#4411133672803933184 roll 2
DICE 3 2 3 2 0 2 0 
Jibs_PC#4411133672803933184 move 7
Jibs_PC#4411133672803933184 attack 21 12
Jibs_PC#4411133672803933184 roll 3
Jibs_PC#4411133672803933184 roll 1
DICE 3 1 4 3 1 0 
Jibs_PC#4411133672803933184 move 6
Jibs_PC#4411133672803933184 attack 12 10
Jibs_PC#4411133672803933184 roll 3
Jibs_PC#4411133672803933184 roll 1
DICE 3 1 4 4 0 2 
Jibs_PC#4411133672803933184 move 5
Jibs_PC#4411133672803933184 attack 10 5
Jibs_PC#4411133672803933184 roll 3
Jibs_PC#4411133672803933184 roll 1
DICE 3 1 5 3 1 0 
Jibs_PC#4411133672803933184 move 4
Jibs_PC#4411133672803933184 endattack
Jibs_PC#4411133672803933184 nomove
CARD 12
Jibs_PC#4411133672803933184 placearmies 16 2
Jibs_PC#4411133672803933184 placearmies 16 1
Jibs_PC#4411133672803933184 attack 16 20
Jibs_PC#4411133672803933184 roll 3
Jibs_PC#4411133672803933184 roll 2
DICE 3 2 5 2 1 5 1 
Jibs_PC#4411133672803933184 roll 3
Jibs_PC#4411133672803933184 roll 1
DICE 3 1 3 3 1 0 
Jibs_PC#4411133672803933184 move 4
Jibs_PC#4411133672803933184 attack 20 22
Jibs_PC#4411133672803933184 roll 3
Jibs_PC#4411133672803933184 roll 1
DICE 3 1 4 1 0 5 
Jibs_PC#4411133672803933184 roll 2
Jibs_PC#4411133672803933184 roll 1
DICE 2 1 4 4 2 
Jibs_PC#4411133672803933184 endattack
Jibs_PC#4411133672803933184 nomove
CARD 33
Jibs_PC#4411133672803933184 placearmies 7 4
Jibs_PC#4411133672803933184 placearmies 7 1
Jibs_PC#4411133672803933184 attack 7 4
Jibs_PC#4411133672803933184 roll 3
Jibs_PC#4411133672803933184 roll 1
DICE 3 1 3 2 1 5 
Jibs_PC#4411133672803933184 roll 3
Jibs_PC#4411133672803933184 roll 1
DICE 3 1 5 5 1 3 
Jibs_PC#4411133672803933184 move 7
Jibs_PC#4411133672803933184 attack 4 3
Jibs_PC#4411133672803933184 roll 3
Jibs_PC#4411133672803933184 roll 1
DICE 3 1 5 5 3 3 
Jibs_PC#4411133672803933184 move 6
Jibs_PC#4411133672803933184 attack 3 2
Jibs_PC#4411133672803933184 roll 3
Jibs_PC#4411133672803933184 roll 1
DICE 3 1 4 1 0 0 
Jibs_PC#4411133672803933184 move 5
Jibs_PC#4411133672803933184 attack 2 6
Jibs_PC#4411133672803933184 roll 3
Jibs_PC#4411133672803933184 roll 1
DICE 3 1 3 0 0 4 
Jibs_PC#4411133672803933184 roll 3
Jibs_PC#4411133672803933184 roll 1
DICE 3 1 3 3 2 2 
Jibs_PC#4411133672803933184 attack 39 33
Jibs_PC#4411133672803933184 roll 3
Jibs_PC#4411133672803933184 roll 2
DICE 3 2 1 1 0 3 0 
Jibs_PC#4411133672803933184 roll 3
Jibs_PC#4411133672803933184 roll 1
DICE 3 1 2 0 0 5 
Jibs_PC#4411133672803933184 retreat
Jibs_PC#4411133672803933184 endattack
Jibs_PC#4411133672803933184 movearmies 41 39 2
CARD 2
Jibs_PC#4411133672803933184 trade 17 10 21
Jibs_PC#4411133672803933184 placearmies 33 12
Jibs_PC#4411133672803933184 placearmies 33 2
Jibs_PC#4411133672803933184 attack 33 39
Jibs_PC#4411133672803933184 roll 3
Jibs_PC#4411133672803933184 roll 2
DICE 3 2 4 3 2 3 1 
Jibs_PC#4411133672803933184 roll 3
Jibs_PC#4411133672803933184 roll 2
DICE 3 2 4 3 3 5 0 
Jibs_PC#4411133672803933184 roll 3
Jibs_PC#4411133672803933184 roll 2
DICE 3 2 2 2 1 5 2 
Jibs_PC#4411133672803933184 roll 3
Jibs_PC#4411133672803933184 roll 2
DICE 3 2 2 1 1 5 2 
Jibs_PC#4411133672803933184 roll 3
Jibs_PC#4411133672803933184 roll 2
DICE 3 2 4 3 2 2 1 
Jibs_PC#4411133672803933184 move 9
Jibs_PC#4411133672803933184 attack 39 41
Jibs_PC#4411133672803933184 roll 3
Jibs_PC#4411133672803933184 roll 1
DICE 3 1 5 2 0 4 
Jibs_PC#4411133672803933184 move 8
Jibs_PC#4411133672803933184 attack 41 42
Jibs_PC#4411133672803933184 roll 3
Jibs_PC#4411133672803933184 roll 2
DICE 3 2 1 1 1 5 0 
Jibs_PC#4411133672803933184 roll 3
Jibs_PC#4411133672803933184 roll 1
DICE 3 1 1 1 0 3 
Jibs_PC#4411133672803933184 roll 3
Jibs_PC#4411133672803933184 roll 1
DICE 3 1 2 2 1 1 
Jibs_PC#4411133672803933184 move 5
Jibs_PC#4411133672803933184 attack 42 40
Jibs_PC#4411133672803933184 roll 3
Jibs_PC#4411133672803933184 roll 2
DICE 3 2 2 1 1 4 4 
Jibs_PC#4411133672803933184 retreat
Jibs_PC#4411133672803933184 endattack
Jibs_PC#4411133672803933184 movearmies 34 27 1
CARD wildcard
Jibs_PC#4411133672803933184 placearmies 21 1
Jibs_PC#4411133672803933184 placearmies 31 4
Jibs_PC#4411133672803933184 placearmies 31 1
Jibs_PC#4411133672803933184 attack 31 22
Jibs_PC#4411133672803933184 roll 3
Jibs_PC#4411133672803933184 roll 2
DICE 3 2 5 3 0 4 1 
Jibs_PC#4411133672803933184 move 6
Jibs_PC#4411133672803933184 attack 22 20
Jibs_PC#4411133672803933184 roll 3
Jibs_PC#4411133672803933184 roll 1
DICE 3 1 3 3 0 5 
Jibs_PC#4411133672803933184 roll 3
Jibs_PC#4411133672803933184 roll 1
DICE 3 1 5 4 3 3 
Jibs_PC#4411133672803933184 move 4
Jibs_PC#4411133672803933184 endattack
Jibs_PC#4411133672803933184 movearmies 21 19 1
CARD 38
Jibs_PC#4411133672803933184 trade 24 25 33
Jibs_PC#4411133672803933184 placearmies 9 3
Jibs_PC#4411133672803933184 placearmies 9 8
Jibs_PC#4411133672803933184 attack 9 5
Jibs_PC#4411133672803933184 roll 3
Jibs_PC#4411133672803933184 roll 2
DICE 3 2 5 5 5 1 0 
Jibs_PC#4411133672803933184 roll 3
Jibs_PC#4411133672803933184 roll 2
DICE 3 2 3 3 2 3 2 
Jibs_PC#4411133672803933184 roll 3
Jibs_PC#4411133672803933184 roll 1
DICE 3 1 5 1 1 1 
Jibs_PC#4411133672803933184 move 10
Jibs_PC#4411133672803933184 attack 5 10
Jibs_PC#4411133672803933184 roll 3
Jibs_PC#4411133672803933184 roll 1
DICE 3 1 3 0 0 3 
Jibs_PC#4411133672803933184 roll 3
Jibs_PC#4411133672803933184 roll 1
DICE 3 1 4 3 1 0 
Jibs_PC#4411133672803933184 move 8
Jibs_PC#4411133672803933184 attack 10 12
Jibs_PC#4411133672803933184 roll 3
Jibs_PC#4411133672803933184 roll 1
DICE 3 1 5 4 3 3 
Jibs_PC#4411133672803933184 move 7
Jibs_PC#4411133672803933184 attack 12 21
Jibs_PC#4411133672803933184 roll 3
Jibs_PC#4411133672803933184 roll 1
DICE 3 1 5 4 0 5 
Jibs_PC#4411133672803933184 roll 3
Jibs_PC#4411133672803933184 roll 1
DICE 3 1 4 3 1 2 
Jibs_PC#4411133672803933184 move 5
Jibs_PC#4411133672803933184 attack 21 19
Jibs_PC#4411133672803933184 roll 3
Jibs_PC#4411133672803933184 roll 2
DICE 3 2 5 4 1 5 1 
Jibs_PC#4411133672803933184 roll 3
Jibs_PC#4411133672803933184 roll 1
DICE 3 1 3 1 0 2 
Jibs_PC#4411133672803933184 endattack
Jibs_PC#4411133672803933184 nomove
CARD 37
Jibs_PC#4411133672803933184 trade 31 41 15
Jibs_PC#4411133672803933184 placearmies 40 5
Jibs_PC#4411133672803933184 placearmies 6 5
Jibs_PC#4411133672803933184 placearmies 2 1
Jibs_PC#4411133672803933184 attack 40 41
Jibs_PC#4411133672803933184 roll 3
Jibs_PC#4411133672803933184 roll 1
DICE 3 1 4 4 0 3 
Jibs_PC#4411133672803933184 move 7
Jibs_PC#4411133672803933184 attack 41 39
Jibs_PC#4411133672803933184 roll 3
Jibs_PC#4411133672803933184 roll 1
DICE 3 1 5 1 0 3 
Jibs_PC#4411133672803933184 move 6
Jibs_PC#4411133672803933184 attack 6 8
Jibs_PC#4411133672803933184 roll 3
Jibs_PC#4411133672803933184 roll 1
DICE 3 1 3 3 1 0 
Jibs_PC#4411133672803933184 move 7
Jibs_PC#4411133672803933184 attack 8 9
Jibs_PC#4411133672803933184 roll 3
Jibs_PC#4411133672803933184 roll 1
DICE 3 1 5 4 0 0 
Jibs_PC#4411133672803933184 move 6
Jibs_PC#4411133672803933184 attack 9 5
Jibs_PC#4411133672803933184 roll 3
Jibs_PC#4411133672803933184 roll 1
DICE 3 1 4 4 1 2 
Jibs_PC#4411133672803933184 move 5
Jibs_PC#4411133672803933184 attack 39 33
Jibs_PC#4411133672803933184 roll 3
Jibs_PC#4411133672803933184 roll 1
DICE 3 1 3 3 3 4 
Jibs_PC#4411133672803933184 roll 3
Jibs_PC#4411133672803933184 roll 1
DICE 3 1 3 1 0 1 
Jibs_PC#4411133672803933184 move 4
Jibs_PC#4411133672803933184 attack 5 10
Jibs_PC#4411133672803933184 roll 3
Jibs_PC#4411133672803933184 roll 1
DICE 3 1 5 2 1 0 
Jibs_PC#4411133672803933184 move 4
Jibs_PC#4411133672803933184 attack 10 12
Jibs_PC#4411133672803933184 roll 3
Jibs_PC#4411133672803933184 roll 1
DICE 3 1 4 4 2 1 
Jibs_PC#4411133672803933184 attack 12 13
Jibs_PC#4411133672803933184 roll 2
Jibs_PC#4411133672803933184 roll 1
DICE 2 1 4 3 0 
Jibs_PC#4411133672803933184 endattack
Jibs_PC#4411133672803933184 nomove
CARD 6
Jibs_PC#4411133672803933184 placearmies 42 4
Jibs_PC#4411133672803933184 attack 42 41
Jibs_PC#4411133672803933184 roll 3
Jibs_PC#4411133672803933184 roll 1
DICE 3 1 5 2 2 5 
Jibs_PC#4411133672803933184 roll 3
Jibs_PC#4411133672803933184 roll 1
DICE 3 1 5 2 1 1 
Jibs_PC#4411133672803933184 move 5
Jibs_PC#4411133672803933184 attack 41 40
Jibs_PC#4411133672803933184 roll 3
Jibs_PC#4411133672803933184 roll 1
DICE 3 1 5 2 1 1 
Jibs_PC#4411133672803933184 move 4
Jibs_PC#4411133672803933184 attack 40 39
Jibs_PC#4411133672803933184 roll 3
Jibs_PC#4411133672803933184 roll 1
DICE 3 1 2 1 1 1 
Jibs_PC#4411133672803933184 endattack
Jibs_PC#4411133672803933184 movearmies 36 29 1
CARD 29
Jibs_PC#4411133672803933184 trade 30 12 38
Jibs_PC#4411133672803933184 placearmies 23 3
Jibs_PC#4411133672803933184 placearmies 11 10
Jibs_PC#4411133672803933184 attack 23 21
Jibs_PC#4411133672803933184 roll 3
Jibs_PC#4411133672803933184 roll 1
DICE 3 1 2 0 0 2 
Jibs_PC#4411133672803933184 roll 3
Jibs_PC#4411133672803933184 roll 1
DICE 3 1 5 3 1 2 
Jibs_PC#4411133672803933184 attack 11 12
Jibs_PC#4411133672803933184 roll 3
Jibs_PC#4411133672803933184 roll 1
DICE 3 1 5 2 0 0 
Jibs_PC#4411133672803933184 move 10
Jibs_PC#4411133672803933184 attack 12 13
Jibs_PC#4411133672803933184 roll 3
Jibs_PC#4411133672803933184 roll 2
DICE 3 2 3 0 0 3 0 
Jibs_PC#4411133672803933184 roll 3
Jibs_PC#4411133672803933184 roll 2
DICE 3 2 5 3 3 5 2 
Jibs_PC#4411133672803933184 roll 3
Jibs_PC#4411133672803933184 roll 1
DICE 3 1 5 4 2 1 
Jibs_PC#4411133672803933184 move 3
Jibs_PC#4411133672803933184 attack 12 10
Jibs_PC#4411133672803933184 roll 3
Jibs_PC#4411133672803933184 roll 1
DICE 3 1 5 5 0 5 
Jibs_PC#4411133672803933184 roll 2
Jibs_PC#4411133672803933184 roll 1
DICE 2 1 5 1 0 
Jibs_PC#4411133672803933184 endattack
Jibs_PC#4411133672803933184 movearmies 13 11 1
CARD 13
Jibs_PC#4411133672803933184 placearmies 16 3
Jibs_PC#4411133672803933184 attack 16 31
Jibs_PC#4411133672803933184 roll 3
Jibs_PC#4411133672803933184 roll 1
DICE 3 1 5 2 0 5 
Jibs_PC#4411133672803933184 roll 2
Jibs_PC#4411133672803933184 roll 1
DICE 2 1 0 0 5 
Jibs_PC#4411133672803933184 retreat
Jibs_PC#4411133672803933184 attack 19 20
Jibs_PC#4411133672803933184 roll 2
Jibs_PC#4411133672803933184 roll 2
DICE 2 2 3 0 4 4 
Jibs_PC#4411133672803933184 endattack
Jibs_PC#4411133672803933184 nomove
CARD 
Jibs_PC#4411133672803933184 trade 1 2 6
Jibs_PC#4411133672803933184 placearmies 33 4
Jibs_PC#4411133672803933184 placearmies 2 5
Jibs_PC#4411133672803933184 placearmies 33 4
Jibs_PC#4411133672803933184 attack 33 39
Jibs_PC#4411133672803933184 roll 3
Jibs_PC#4411133672803933184 roll 2
DICE 3 2 3 1 1 2 0 
Jibs_PC#4411133672803933184 roll 3
Jibs_PC#4411133672803933184 roll 1
DICE 3 1 3 1 0 1 
Jibs_PC#4411133672803933184 move 11
Jibs_PC#4411133672803933184 attack 39 41
Jibs_PC#4411133672803933184 roll 3
Jibs_PC#4411133672803933184 roll 1
DICE 3 1 4 3 3 4 
Jibs_PC#4411133672803933184 roll 3
Jibs_PC#4411133672803933184 roll 1
DICE 3 1 4 4 3 1 
Jibs_PC#4411133672803933184 move 9
Jibs_PC#4411133672803933184 attack 41 42
Jibs_PC#4411133672803933184 roll 3
Jibs_PC#4411133672803933184 roll 1
DICE 3 1 5 2 1 3 
Jibs_PC#4411133672803933184 move 5
Jibs_PC#4411133672803933184 attack 42 40
Jibs_PC#4411133672803933184 roll 3
Jibs_PC#4411133672803933184 roll 1
DICE 3 1 5 2 1 2 
Jibs_PC#4411133672803933184 move 3
Jibs_PC#4411133672803933184 attack 2 1
Jibs_PC#4411133672803933184 roll 3
Jibs_PC#4411133672803933184 roll 2
DICE 3 2 4 3 1 3 1 
Jibs_PC#4411133672803933184 roll 3
Jibs_PC#4411133672803933184 roll 2
DICE 3 2 5 3 0 4 2 
Jibs_PC#4411133672803933184 move 8
Jibs_PC#4411133672803933184 attack 1 38
Jibs_PC#4411133672803933184 roll 3
Jibs_PC#4411133672803933184 roll 1
DICE 3 1 5 3 0 3 
Jibs_PC#4411133672803933184 move 7
Jibs_PC#4411133672803933184 attack 38 37
Jibs_PC#4411133672803933184 roll 3
Jibs_PC#4411133672803933184 roll 1
DICE 3 1 5 3 2 3 
Jibs_PC#4411133672803933184 move 5
Jibs_PC#4411133672803933184 attack 37 36
Jibs_PC#4411133672803933184 roll 3
Jibs_PC#4411133672803933184 roll 1
DICE 3 1 5 2 0 2 
Jibs_PC#4411133672803933184 move 4
Jibs_PC#4411133672803933184 endattack
Jibs_PC#4411133672803933184 movearmies 36 38 3
CARD 19
Jibs_PC#4411133672803933184 trade 28 wildcard 29
Jibs_PC#4411133672803933184 placearmies 28 1
Jibs_PC#4411133672803933184 placearmies 29 6
Jibs_PC#4411133672803933184 placearmies 29 2
Jibs_PC#4411133672803933184 attack 29 33
Jibs_PC#4411133672803933184 roll 3
Jibs_PC#4411133672803933184 roll 1
DICE 3 1 4 3 1 5 
Jibs_PC#4411133672803933184 roll 3
Jibs_PC#4411133672803933184 roll 1
DICE 3 1 5 4 2 0 
Jibs_PC#4411133672803933184 move 8
Jibs_PC#4411133672803933184 attack 33 39
Jibs_PC#4411133672803933184 roll 3
Jibs_PC#4411133672803933184 roll 1
DICE 3 1 4 3 3 3 
Jibs_PC#4411133672803933184 move 7
Jibs_PC#4411133672803933184 attack 39 41
Jibs_PC#4411133672803933184 roll 3
Jibs_PC#4411133672803933184 roll 2
DICE 3 2 3 2 1 5 3 
Jibs_PC#4411133672803933184 roll 3
Jibs_PC#4411133672803933184 roll 2
DICE 3 2 4 3 1 3 2 
Jibs_PC#4411133672803933184 retreat
Jibs_PC#4411133672803933184 attack 39 41
Jibs_PC#4411133672803933184 roll 3
Jibs_PC#4411133672803933184 roll 2
DICE 3 2 4 2 1 5 1 
Jibs_PC#4411133672803933184 roll 3
Jibs_PC#4411133672803933184 roll 1
DICE 3 1 4 2 0 2 
Jibs_PC#4411133672803933184 attack 28 16
Jibs_PC#4411133672803933184 roll 3
Jibs_PC#4411133672803933184 roll 2
DICE 3 2 4 3 0 2 0 
Jibs_PC#4411133672803933184 move 4
Jibs_PC#4411133672803933184 endattack
Jibs_PC#4411133672803933184 nomove
CARD 3
Jibs_PC#4411133672803933184 placearmies 21 8
Jibs_PC#4411133672803933184 placearmies 31 1
Jibs_PC#4411133672803933184 attack 20 18
Jibs_PC#4411133672803933184 roll 3
Jibs_PC#4411133672803933184 roll 1
DICE 3 1 5 4 3 3 
Jibs_PC#4411133672803933184 attack 18 15
Jibs_PC#4411133672803933184 roll 2
Jibs_PC#4411133672803933184 roll 1
DICE 2 1 1 0 5 
Jibs_PC#4411133672803933184 retreat
Jibs_PC#4411133672803933184 attack 21 19
Jibs_PC#4411133672803933184 roll 3
Jibs_PC#4411133672803933184 roll 1
DICE 3 1 5 4 1 3 
Jibs_PC#4411133672803933184 move 10
Jibs_PC#4411133672803933184 attack 19 17
Jibs_PC#4411133672803933184 roll 3
Jibs_PC#4411133672803933184 roll 1
DICE 3 1 5 3 1 5 
Jibs_PC#4411133672803933184 roll 3
Jibs_PC#4411133672803933184 roll 1
DICE 3 1 3 1 0 4 
Jibs_PC#4411133672803933184 roll 3
Jibs_PC#4411133672803933184 roll 1
DICE 3 1 3 2 2 3 
Jibs_PC#4411133672803933184 roll 3
Jibs_PC#4411133672803933184 roll 1
DICE 3 1 4 1 0 5 
Jibs_PC#4411133672803933184 roll 3
Jibs_PC#4411133672803933184 roll 1
DICE 3 1 4 3 0 3 
Jibs_PC#4411133672803933184 move 5
Jibs_PC#4411133672803933184 attack 17 15
Jibs_PC#4411133672803933184 roll 3
Jibs_PC#4411133672803933184 roll 1
DICE 3 1 5 5 2 1 
Jibs_PC#4411133672803933184 move 3
Jibs_PC#4411133672803933184 attack 15 14
Jibs_PC#4411133672803933184 roll 2
Jibs_PC#4411133672803933184 roll 1
DICE 2 1 2 2 1 
Jibs_PC#4411133672803933184 endattack
Jibs_PC#4411133672803933184 movearmies 11 10 1
CARD 20
Jibs_PC#4411133672803933184 placearmies 5 7
Jibs_PC#4411133672803933184 placearmies 5 2
Jibs_PC#4411133672803933184 attack 5 10
Jibs_PC#4411133672803933184 roll 3
Jibs_PC#4411133672803933184 roll 2
DICE 3 2 4 4 0 4 1 
Jibs_PC#4411133672803933184 roll 3
Jibs_PC#4411133672803933184 roll 2
DICE 3 2 3 0 0 5 0 
Jibs_PC#4411133672803933184 roll 3
Jibs_PC#4411133672803933184 roll 2
DICE 3 2 4 3 3 3 2 
Jibs_PC#4411133672803933184 move 6
Jibs_PC#4411133672803933184 attack 10 12
Jibs_PC#4411133672803933184 roll 3
Jibs_PC#4411133672803933184 roll 1
DICE 3 1 1 0 0 4 
Jibs_PC#4411133672803933184 roll 3
Jibs_PC#4411133672803933184 roll 1
DICE 3 1 5 5 4 1 
Jibs_PC#4411133672803933184 move 3
Jibs_PC#4411133672803933184 attack 12 21
Jibs_PC#4411133672803933184 roll 2
Jibs_PC#4411133672803933184 roll 1
DICE 2 1 5 2 2 
Jibs_PC#4411133672803933184 attack 40 39
Jibs_PC#4411133672803933184 roll 2
Jibs_PC#4411133672803933184 roll 1
DICE 2 1 1 0 0 
Jibs_PC#4411133672803933184 attack 38 35
Jibs_PC#4411133672803933184 roll 3
Jibs_PC#4411133672803933184 roll 1
DICE 3 1 4 3 0 4 
Jibs_PC#4411133672803933184 roll 3
Jibs_PC#4411133672803933184 roll 1
DICE 3 1 5 3 1 5 
Jibs_PC#4411133672803933184 retreat
Jibs_PC#4411133672803933184 endattack
Jibs_PC#4411133672803933184 nomove
CARD 26
Jibs_PC#4411133672803933184 placearmies 41 2
Jibs_PC#4411133672803933184 placearmies 16 1
Jibs_PC#4411133672803933184 attack 41 40
Jibs_PC#4411133672803933184 roll 3
Jibs_PC#4411133672803933184 roll 1
DICE 3 1 4 3 0 0 
Jibs_PC#4411133672803933184 move 4
Jibs_PC#4411133672803933184 attack 40 42
Jibs_PC#4411133672803933184 roll 3
Jibs_PC#4411133672803933184 roll 2
DICE 3 2 5 5 1 4 0 
Jibs_PC#4411133672803933184 attack 16 31
Jibs_PC#4411133672803933184 roll 3
Jibs_PC#4411133672803933184 roll 2
DICE 3 2 5 4 0 3 1 
Jibs_PC#4411133672803933184 move 4
Jibs_PC#4411133672803933184 endattack
Jibs_PC#4411133672803933184 movearmies 42 40 2
CARD 9
Jibs_PC#4411133672803933184 placearmies 14 3
Jibs_PC#4411133672803933184 placearmies 22 1
Jibs_PC#4411133672803933184 attack 14 6
Jibs_PC#4411133672803933184 roll 3
Jibs_PC#4411133672803933184 roll 1
DICE 3 1 3 1 0 2 
Jibs_PC#4411133672803933184 move 4
Jibs_PC#4411133672803933184 endattack
Jibs_PC#4411133672803933184 movearmies 25 24 1
CARD 27
Jibs_PC#4411133672803933184 trade 14 19 26
Jibs_PC#4411133672803933184 placearmies 7 8
Jibs_PC#4411133672803933184 placearmies 7 1
Jibs_PC#4411133672803933184 attack 7 6
Jibs_PC#4411133672803933184 roll 3
Jibs_PC#4411133672803933184 roll 2
DICE 3 2 5 4 1 4 1 
Jibs_PC#4411133672803933184 roll 3
Jibs_PC#4411133672803933184 roll 2
DICE 3 2 4 3 2 2 2 
Jibs_PC#4411133672803933184 move 9
Jibs_PC#4411133672803933184 attack 6 14
Jibs_PC#4411133672803933184 roll 3
Jibs_PC#4411133672803933184 roll 1
DICE 3 1 5 5 1 1 
Jibs_PC#4411133672803933184 move 8
Jibs_PC#4411133672803933184 attack 14 17
Jibs_PC#4411133672803933184 roll 3
Jibs_PC#4411133672803933184 roll 2
DICE 3 2 5 5 2 5 5 
Jibs_PC#4411133672803933184 roll 3
Jibs_PC#4411133672803933184 roll 2
DICE 3 2 5 3 1 3 2 
Jibs_PC#4411133672803933184 move 4
Jibs_PC#4411133672803933184 endattack
Jibs_PC#4411133672803933184 movearmies 17 14 3
CARD 8
Jibs_PC#4411133672803933184 placearmies 27 3
Jibs_PC#4411133672803933184 placearmies 27 1
Jibs_PC#4411133672803933184 attack 27 36
Jibs_PC#4411133672803933184 roll 3
Jibs_PC#4411133672803933184 roll 1
DICE 3 1 4 3 1 0 
Jibs_PC#4411133672803933184 move 5
Jibs_PC#4411133672803933184 attack 36 37
Jibs_PC#4411133672803933184 roll 3
Jibs_PC#4411133672803933184 roll 1
DICE 3 1 5 4 3 3 
Jibs_PC#4411133672803933184 move 4
Jibs_PC#4411133672803933184 endattack
Jibs_PC#4411133672803933184 movearmies 30 31 1
CARD 35
Jibs_PC#4411133672803933184 trade 13 5 27
Jibs_PC#4411133672803933184 placearmies 24 4
Jibs_PC#4411133672803933184 placearmies 13 9
Jibs_PC#4411133672803933184 attack 13 12
Jibs_PC#4411133672803933184 roll 3
Jibs_PC#4411133672803933184 roll 1
DICE 3 1 3 3 3 0 
Jibs_PC#4411133672803933184 move 12
Jibs_PC#4411133672803933184 attack 12 10
Jibs_PC#4411133672803933184 roll 3
Jibs_PC#4411133672803933184 roll 2
DICE 3 2 1 0 0 4 3 
Jibs_PC#4411133672803933184 roll 3
Jibs_PC#4411133672803933184 roll 2
DICE 3 2 4 4 3 0 0 
Jibs_PC#4411133672803933184 move 8
Jibs_PC#4411133672803933184 attack 10 5
Jibs_PC#4411133672803933184 roll 3
Jibs_PC#4411133672803933184 roll 1
DICE 3 1 4 3 1 5 
Jibs_PC#4411133672803933184 roll 3
Jibs_PC#4411133672803933184 roll 1
DICE 3 1 5 3 1 4 
Jibs_PC#4411133672803933184 move 6
Jibs_PC#4411133672803933184 attack 24 21
Jibs_PC#4411133672803933184 roll 3
Jibs_PC#4411133672803933184 roll 2
DICE 3 2 3 1 0 4 4 
Jibs_PC#4411133672803933184 roll 3
Jibs_PC#4411133672803933184 roll 2
DICE 3 2 4 1 1 1 0 
Jibs_PC#4411133672803933184 attack 5 9
Jibs_PC#4411133672803933184 roll 3
Jibs_PC#4411133672803933184 roll 1
DICE 3 1 4 4 2 1 
Jibs_PC#4411133672803933184 move 4
Jibs_PC#4411133672803933184 endattack
Jibs_PC#4411133672803933184 movearmies 9 5 3
CARD 34
Jibs_PC#4411133672803933184 placearmies 14 3
Jibs_PC#4411133672803933184 attack 14 15
Jibs_PC#4411133672803933184 roll 3
Jibs_PC#4411133672803933184 roll 1
DICE 3 1 5 4 2 2 
Jibs_PC#4411133672803933184 move 7
Jibs_PC#4411133672803933184 attack 15 18
Jibs_PC#4411133672803933184 roll 3
Jibs_PC#4411133672803933184 roll 2
DICE 3 2 5 4 4 1 0 
Jibs_PC#4411133672803933184 move 6
Jibs_PC#4411133672803933184 attack 18 20
Jibs_PC#4411133672803933184 roll 3
Jibs_PC#4411133672803933184 roll 1
DICE 3 1 4 4 2 5 
Jibs_PC#4411133672803933184 roll 3
Jibs_PC#4411133672803933184 roll 1
DICE 3 1 2 2 0 1 
Jibs_PC#4411133672803933184 move 4
Jibs_PC#4411133672803933184 attack 20 22
Jibs_PC#4411133672803933184 roll 3
Jibs_PC#4411133672803933184 roll 2
DICE 3 2 2 1 0 2 0 
Jibs_PC#4411133672803933184 roll 2
Jibs_PC#4411133672803933184 roll 1
DICE 2 1 4 2 2 
Jibs_PC#4411133672803933184 endattack
Jibs_PC#4411133672803933184 nomove
CARD 4
Jibs_PC#4411133672803933184 placearmies 40 3
Jibs_PC#4411133672803933184 placearmies 31 2
Jibs_PC#4411133672803933184 attack 40 39
Jibs_PC#4411133672803933184 roll 3
Jibs_PC#4411133672803933184 roll 2
DICE 3 2 5 5 2 4 1 
Jibs_PC#4411133672803933184 move 3
Jibs_PC#4411133672803933184 attack 31 22
Jibs_PC#4411133672803933184 roll 3
Jibs_PC#4411133672803933184 roll 2
DICE 3 2 3 2 0 4 0 
Jibs_PC#4411133672803933184 roll 3
Jibs_PC#4411133672803933184 roll 1
DICE 3 1 5 3 2 5 
Jibs_PC#4411133672803933184 roll 3
Jibs_PC#4411133672803933184 roll 1
DICE 3 1 4 3 0 0 
Jibs_PC#4411133672803933184 move 3
Jibs_PC#4411133672803933184 endattack
Jibs_PC#4411133672803933184 movearmies 22 31 2
CARD 18
Jibs_PC#4411133672803933184 placearmies 21 2
Jibs_PC#4411133672803933184 placearmies 5 3
Jibs_PC#4411133672803933184 placearmies 5 1
Jibs_PC#4411133672803933184 attack 21 22
Jibs_PC#4411133672803933184 roll 3
Jibs_PC#4411133672803933184 roll 1
DICE 3 1 4 4 2 1 
Jibs_PC#4411133672803933184 move 3
Jibs_PC#4411133672803933184 attack 5 4
Jibs_PC#4411133672803933184 roll 3
Jibs_PC#4411133672803933184 roll 1
DICE 3 1 5 3 1 2 
Jibs_PC#4411133672803933184 move 8
Jibs_PC#4411133672803933184 attack 4 7
Jibs_PC#4411133672803933184 roll 3
Jibs_PC#4411133672803933184 roll 1
DICE 3 1 1 1 0 1 
Jibs_PC#4411133672803933184 roll 3
Jibs_PC#4411133672803933184 roll 1
DICE 3 1 5 5 1 5 
Jibs_PC#4411133672803933184 roll 3
Jibs_PC#4411133672803933184 roll 1
DICE 3 1 5 2 0 5 
Jibs_PC#4411133672803933184 roll 3
Jibs_PC#4411133672803933184 roll 1
DICE 3 1 5 2 0 4 
Jibs_PC#4411133672803933184 move 3
Jibs_PC#4411133672803933184 attack 7 8
Jibs_PC#4411133672803933184 roll 2
Jibs_PC#4411133672803933184 roll 1
DICE 2 1 0 0 4 
Jibs_PC#4411133672803933184 retreat
Jibs_PC#4411133672803933184 endattack
Jibs_PC#4411133672803933184 movearmies 7 4 1
CARD 11
Jibs_PC#4411133672803933184 placearmies 38 1
Jibs_PC#4411133672803933184 placearmies 3 2
Jibs_PC#4411133672803933184 attack 3 7
Jibs_PC#4411133672803933184 roll 2
Jibs_PC#4411133672803933184 roll 1
DICE 2 1 5 0 1 
Jibs_PC#4411133672803933184 endattack
Jibs_PC#4411133672803933184 movearmies 38 1 3
CARD 42
Jibs_PC#4411133672803933184 trade 3 9 18
Jibs_PC#4411133672803933184 placearmies 34 3
Jibs_PC#4411133672803933184 placearmies 37 1
Jibs_PC#4411133672803933184 placearmies 16 1
Jibs_PC#4411133672803933184 placearmies 36 1
Jibs_PC#4411133672803933184 placearmies 35 1
Jibs_PC#4411133672803933184 placearmies 31 4
Jibs_PC#4411133672803933184 placearmies 31 6
Jibs_PC#4411133672803933184 attack 31 20
Jibs_PC#4411133672803933184 roll 3
Jibs_PC#4411133672803933184 roll 1
DICE 3 1 5 4 1 0 
Jibs_PC#4411133672803933184 move 12
Jibs_PC#4411133672803933184 attack 20 21
Jibs_PC#4411133672803933184 roll 3
Jibs_PC#4411133672803933184 roll 2
DICE 3 2 2 1 0 5 3 
Jibs_PC#4411133672803933184 roll 3
Jibs_PC#4411133672803933184 roll 2
DICE 3 2 5 3 1 5 2 
Jibs_PC#4411133672803933184 roll 3
Jibs_PC#4411133672803933184 roll 1
DICE 3 1 5 4 1 1 
Jibs_PC#4411133672803933184 move 8
Jibs_PC#4411133672803933184 attack 21 12
Jibs_PC#4411133672803933184 roll 3
Jibs_PC#4411133672803933184 roll 2
DICE 3 2 5 1 0 5 1 
Jibs_PC#4411133672803933184 roll 3
Jibs_PC#4411133672803933184 roll 2
DICE 3 2 5 4 2 2 1 
Jibs_PC#4411133672803933184 move 5
Jibs_PC#4411133672803933184 attack 34 38
Jibs_PC#4411133672803933184 roll 3
Jibs_PC#4411133672803933184 roll 1
DICE 3 1 3 2 0 0 
Jibs_PC#4411133672803933184 move 4
Jibs_PC#4411133672803933184 attack 12 13
Jibs_PC#4411133672803933184 roll 3
Jibs_PC#4411133672803933184 roll 1
DICE 3 1 4 4 2 5 
Jibs_PC#4411133672803933184 roll 3
Jibs_PC#4411133672803933184 roll 1
DICE 3 1 3 2 2 0 
Jibs_PC#4411133672803933184 attack 13 11
Jibs_PC#4411133672803933184 roll 2
Jibs_PC#4411133672803933184 roll 1
DICE 2 1 2 1 2 
Jibs_PC#4411133672803933184 retreat
Jibs_PC#4411133672803933184 endattack
Jibs_PC#4411133672803933184 movearmies 37 38 4
CARD 23
Jibs_PC#4411133672803933184 trade 20 34 11
Jibs_PC#4411133672803933184 placearmies 22 3
Jibs_PC#4411133672803933184 placearmies 22 6
Jibs_PC#4411133672803933184 attack 22 31
Jibs_PC#4411133672803933184 roll 3
Jibs_PC#4411133672803933184 roll 2
DICE 3 2 4 3 0 4 3 
Jibs_PC#4411133672803933184 roll 3
Jibs_PC#4411133672803933184 roll 2
DICE 3 2 3 2 2 0 0 
Jibs_PC#4411133672803933184 move 9
Jibs_PC#4411133672803933184 attack 31 20
Jibs_PC#4411133672803933184 roll 3
Jibs_PC#4411133672803933184 roll 1
DICE 3 1 5 5 1 4 
Jibs_PC#4411133672803933184 move 8
Jibs_PC#4411133672803933184 attack 20 21
Jibs_PC#4411133672803933184 roll 3
Jibs_PC#4411133672803933184 roll 1
DICE 3 1 2 0 0 0 
Jibs_PC#4411133672803933184 move 6
Jibs_PC#4411133672803933184 attack 21 12
Jibs_PC#4411133672803933184 roll 3
Jibs_PC#4411133672803933184 roll 1
DICE 3 1 5 1 1 5 
Jibs_PC#4411133672803933184 roll 3
Jibs_PC#4411133672803933184 roll 1
DICE 3 1 4 3 0 0 
Jibs_PC#4411133672803933184 move 4
Jibs_PC#4411133672803933184 attack 12 13
Jibs_PC#4411133672803933184 roll 3
Jibs_PC#4411133672803933184 roll 2
DICE 3 2 5 3 3 0 0 
Jibs_PC#4411133672803933184 endattack
Jibs_PC#4411133672803933184 movearmies 13 12 1
CARD 36
Jibs_PC#4411133672803933184 placearmies 7 2
Jibs_PC#4411133672803933184 placearmies 7 1
Jibs_PC#4411133672803933184 attack 7 4
Jibs_PC#4411133672803933184 roll 3
Jibs_PC#4411133672803933184 roll 2
DICE 3 2 5 5 2 0 0 
Jibs_PC#4411133672803933184 roll 3
Jibs_PC#4411133672803933184 roll 1
DICE 3 1 5 4 2 5 
Jibs_PC#4411133672803933184 retreat
Jibs_PC#4411133672803933184 attack 7 4
Jibs_PC#4411133672803933184 roll 3
Jibs_PC#4411133672803933184 roll 1
DICE 3 1 4 3 0 0 
Jibs_PC#4411133672803933184 attack 4 9
Jibs_PC#4411133672803933184 roll 2
Jibs_PC#4411133672803933184 roll 1
DICE 2 1 2 0 1 
Jibs_PC#4411133672803933184 endattack
Jibs_PC#4411133672803933184 nomove
CARD 39
Jibs_PC#4411133672803933184 placearmies 16 3
Jibs_PC#4411133672803933184 placearmies 30 1
Jibs_PC#4411133672803933184 placearmies 32 1
Jibs_PC#4411133672803933184 placearmies 16 2
Jibs_PC#4411133672803933184 attack 16 20
Jibs_PC#4411133672803933184 roll 3
Jibs_PC#4411133672803933184 roll 2
DICE 3 2 5 1 0 4 2 
Jibs_PC#4411133672803933184 roll 3
Jibs_PC#4411133672803933184 roll 1
DICE 3 1 5 5 4 0 
Jibs_PC#4411133672803933184 move 4
Jibs_PC#4411133672803933184 attack 20 21
Jibs_PC#4411133672803933184 roll 3
Jibs_PC#4411133672803933184 roll 1
DICE 3 1 3 3 0 1 
Jibs_PC#4411133672803933184 attack 38 1
Jibs_PC#4411133672803933184 roll 3
Jibs_PC#4411133672803933184 roll 2
DICE 3 2 4 2 1 5 1 
Jibs_PC#4411133672803933184 roll 3
Jibs_PC#4411133672803933184 roll 2
DICE 3 2 5 4 1 5 3 
Jibs_PC#4411133672803933184 roll 3
Jibs_PC#4411133672803933184 roll 2
DICE 3 2 4 0 0 3 1 
Jibs_PC#4411133672803933184 roll 3
Jibs_PC#4411133672803933184 roll 1
DICE 3 1 3 1 1 4 
Jibs_PC#4411133672803933184 roll 3
Jibs_PC#4411133672803933184 roll 1
DICE 3 1 4 3 2 2 
Jibs_PC#4411133672803933184 endattack
Jibs_PC#4411133672803933184 movearmies 39 33 1
CARD 28
Jibs_PC#4411133672803933184 placearmies 12 6
Jibs_PC#4411133672803933184 attack 12 21
Jibs_PC#4411133672803933184 roll 3
Jibs_PC#4411133672803933184 roll 2
DICE 3 2 3 2 0 4 0 
Jibs_PC#4411133672803933184 roll 3
Jibs_PC#4411133672803933184 roll 2
DICE 3 2 5 1 0 3 0 
Jibs_PC#4411133672803933184 move 6
Jibs_PC#4411133672803933184 attack 21 20
Jibs_PC#4411133672803933184 roll 3
Jibs_PC#4411133672803933184 roll 1
DICE 3 1 5 5 1 2 
Jibs_PC#4411133672803933184 move 5
Jibs_PC#4411133672803933184 attack 20 18
Jibs_PC#4411133672803933184 roll 3
Jibs_PC#4411133672803933184 roll 1
DICE 3 1 5 5 3 3 
Jibs_PC#4411133672803933184 move 3
Jibs_PC#4411133672803933184 attack 18 17
Jibs_PC#4411133672803933184 roll 2
Jibs_PC#4411133672803933184 roll 1
DICE 2 1 2 1 3 
Jibs_PC#4411133672803933184 retreat
Jibs_PC#4411133672803933184 endattack
Jibs_PC#4411133672803933184 movearmies 18 20 1
CARD 26
Jibs_PC#4411133672803933184 trade 8 4 39
Jibs_PC#4411133672803933184 placearmies 9 2
Jibs_PC#4411133672803933184 placearmies 9 10
Jibs_PC#4411133672803933184 placearmies 2 1
Jibs_PC#4411133672803933184 attack 9 5
Jibs_PC#4411133672803933184 roll 3
Jibs_PC#4411133672803933184 roll 1
DICE 3 1 3 3 1 0 
Jibs_PC#4411133672803933184 move 13
Jibs_PC#4411133672803933184 attack 5 10
Jibs_PC#4411133672803933184 roll 3
Jibs_PC#4411133672803933184 roll 1
DICE 3 1 5 5 0 0 
Jibs_PC#4411133672803933184 move 12
Jibs_PC#4411133672803933184 attack 10 12
Jibs_PC#4411133672803933184 roll 3
Jibs_PC#4411133672803933184 roll 1
DICE 3 1 4 0 0 5 
Jibs_PC#4411133672803933184 roll 3
Jibs_PC#4411133672803933184 roll 1
DICE 3 1 5 4 1 5 
Jibs_PC#4411133672803933184 roll 3
Jibs_PC#4411133672803933184 roll 1
DICE 3 1 5 4 1 3 
Jibs_PC#4411133672803933184 move 9
Jibs_PC#4411133672803933184 attack 12 21
Jibs_PC#4411133672803933184 roll 3
Jibs_PC#4411133672803933184 roll 1
DICE 3 1 5 4 2 4 
Jibs_PC#4411133672803933184 move 8
Jibs_PC#4411133672803933184 attack 21 19
Jibs_PC#4411133672803933184 roll 3
Jibs_PC#4411133672803933184 roll 1
DICE 3 1 1 1 1 4 
Jibs_PC#4411133672803933184 roll 3
Jibs_PC#4411133672803933184 roll 1
DICE 3 1 4 2 1 1 
Jibs_PC#4411133672803933184 move 6
Jibs_PC#4411133672803933184 attack 19 18
Jibs_PC#4411133672803933184 roll 3
Jibs_PC#4411133672803933184 roll 1
DICE 3 1 5 1 1 3 
Jibs_PC#4411133672803933184 move 5
Jibs_PC#4411133672803933184 attack 18 20
Jibs_PC#4411133672803933184 roll 3
Jibs_PC#4411133672803933184 roll 2
DICE 3 2 4 4 0 1 1 
Jibs_PC#4411133672803933184 roll 3
Jibs_PC#4411133672803933184 roll 1
DICE 3 1 2 2 1 4 
Jibs_PC#4411133672803933184 roll 3
Jibs_PC#4411133672803933184 roll 1
DICE 3 1 5 5 2 3 
Jibs_PC#4411133672803933184 endattack
Jibs_PC#4411133672803933184 movearmies 8 6 1
CARD 32
Jibs_PC#4411133672803933184 placearmies 32 3
Jibs_PC#4411133672803933184 placearmies 16 1
Jibs_PC#4411133672803933184 placearmies 16 2
Jibs_PC#4411133672803933184 placearmies 1 1
Jibs_PC#4411133672803933184 attack 32 31
Jibs_PC#4411133672803933184 roll 3
Jibs_PC#4411133672803933184 roll 1
DICE 3 1 5 4 1 3 
Jibs_PC#4411133672803933184 move 4
Jibs_PC#4411133672803933184 attack 16 18
Jibs_PC#4411133672803933184 roll 3
Jibs_PC#4411133672803933184 roll 1
DICE 3 1 5 5 2 4 
Jibs_PC#4411133672803933184 move 3
Jibs_PC#4411133672803933184 endattack
Jibs_PC#4411133672803933184 movearmies 18 16 2
CARD 34
Jibs_PC#4411133672803933184 placearmies 11 1
Jibs_PC#4411133672803933184 placearmies 11 1
Jibs_PC#4411133672803933184 placearmies 11 1
Jibs_PC#4411133672803933184 attack 11 12
Jibs_PC#4411133672803933184 roll 3
Jibs_PC#4411133672803933184 roll 1
DICE 3 1 4 3 2 4 
Jibs_PC#4411133672803933184 roll 3
Jibs_PC#4411133672803933184 roll 1
DICE 3 1 4 4 4 0 
Jibs_PC#4411133672803933184 move 4
Jibs_PC#4411133672803933184 endattack
Jibs_PC#4411133672803933184 movearmies 13 12 1
CARD 12
Jibs_PC#4411133672803933184 placearmies 20 5
Jibs_PC#4411133672803933184 attack 20 31
Jibs_PC#4411133672803933184 roll 3
Jibs_PC#4411133672803933184 roll 2
DICE 3 2 4 3 3 2 2 
Jibs_PC#4411133672803933184 roll 3
Jibs_PC#4411133672803933184 roll 2
DICE 3 2 5 3 2 2 1 
Jibs_PC#4411133672803933184 move 7
Jibs_PC#4411133672803933184 attack 31 16
Jibs_PC#4411133672803933184 roll 3
Jibs_PC#4411133672803933184 roll 2
DICE 3 2 5 2 0 5 5 
Jibs_PC#4411133672803933184 roll 3
Jibs_PC#4411133672803933184 roll 2
DICE 3 2 4 4 2 2 1 
Jibs_PC#4411133672803933184 roll 3
Jibs_PC#4411133672803933184 roll 2
DICE 3 2 5 4 4 4 1 
Jibs_PC#4411133672803933184 move 4
Jibs_PC#4411133672803933184 attack 16 18
Jibs_PC#4411133672803933184 roll 3
Jibs_PC#4411133672803933184 roll 1
DICE 3 1 3 2 1 2 
Jibs_PC#4411133672803933184 endattack
Jibs_PC#4411133672803933184 movearmies 18 20 2
CARD 1
Jibs_PC#4411133672803933184 trade 23 28 34
Jibs_PC#4411133672803933184 placearmies 30 3
Jibs_PC#4411133672803933184 placearmies 32 1
Jibs_PC#4411133672803933184 placearmies 30 9
Jibs_PC#4411133672803933184 attack 28 16
Jibs_PC#4411133672803933184 roll 2
Jibs_PC#4411133672803933184 roll 1
DICE 2 1 3 0 2 
Jibs_PC#4411133672803933184 attack 30 31
Jibs_PC#4411133672803933184 roll 3
Jibs_PC#4411133672803933184 roll 1
DICE 3 1 5 4 1 0 
Jibs_PC#4411133672803933184 move 13
Jibs_PC#4411133672803933184 attack 31 22
Jibs_PC#4411133672803933184 roll 3
Jibs_PC#4411133672803933184 roll 1
DICE 3 1 5 1 1 1 
Jibs_PC#4411133672803933184 move 11
Jibs_PC#4411133672803933184 attack 22 20
Jibs_PC#4411133672803933184 roll 3
Jibs_PC#4411133672803933184 roll 2
DICE 3 2 3 2 0 1 1 
Jibs_PC#4411133672803933184 roll 3
Jibs_PC#4411133672803933184 roll 1
DICE 3 1 5 3 0 4 
Jibs_PC#4411133672803933184 move 9
Jibs_PC#4411133672803933184 attack 20 19
Jibs_PC#4411133672803933184 roll 3
Jibs_PC#4411133672803933184 roll 1
DICE 3 1 5 5 0 1 
Jibs_PC#4411133672803933184 move 7
Jibs_PC#4411133672803933184 attack 19 18
Jibs_PC#4411133672803933184 roll 3
Jibs_PC#4411133672803933184 roll 1
DICE 3 1 2 1 0 0 
Jibs_PC#4411133672803933184 move 6
Jibs_PC#4411133672803933184 attack 18 17
Jibs_PC#4411133672803933184 roll 3
Jibs_PC#4411133672803933184 roll 1
DICE 3 1 4 0 0 5 
Jibs_PC#4411133672803933184 roll 3
Jibs_PC#4411133672803933184 roll 1
DICE 3 1 5 5 1 2 
Jibs_PC#4411133672803933184 move 4
Jibs_PC#4411133672803933184 attack 17 15
Jibs_PC#4411133672803933184 roll 3
Jibs_PC#4411133672803933184 roll 1
DICE 3 1 2 2 1 0 
Jibs_PC#4411133672803933184 attack 15 14
Jibs_PC#4411133672803933184 roll 2
Jibs_PC#4411133672803933184 roll 1
DICE 2 1 3 1 5 
Jibs_PC#4411133672803933184 retreat
Jibs_PC#4411133672803933184 endattack
Jibs_PC#4411133672803933184 movearmies 31 20 1
CARD wildcard
Jibs_PC#4411133672803933184 placearmies 12 3
Jibs_PC#4411133672803933184 attack 12 10
Jibs_PC#4411133672803933184 roll 3
Jibs_PC#4411133672803933184 roll 1
DICE 3 1 5 3 0 0 
Jibs_PC#4411133672803933184 move 6
Jibs_PC#4411133672803933184 endattack
Jibs_PC#4411133672803933184 movearmies 10 12 1
CARD 19
Jibs_PC#4411133672803933184 trade 42 32 1
Jibs_PC#4411133672803933184 placearmies 14 3
Jibs_PC#4411133672803933184 placearmies 14 4
Jibs_PC#4411133672803933184 attack 14 15
Jibs_PC#4411133672803933184 roll 3
Jibs_PC#4411133672803933184 roll 2
DICE 3 2 4 4 0 5 5 
Jibs_PC#4411133672803933184 roll 3
Jibs_PC#4411133672803933184 roll 2
DICE 3 2 5 3 3 4 0 
Jibs_PC#4411133672803933184 move 5
Jibs_PC#4411133672803933184 attack 15 18
Jibs_PC#4411133672803933184 roll 3
Jibs_PC#4411133672803933184 roll 1
DICE 3 1 4 2 0 1 
Jibs_PC#4411133672803933184 move 4
Jibs_PC#4411133672803933184 attack 18 16
Jibs_PC#4411133672803933184 roll 3
Jibs_PC#4411133672803933184 roll 2
DICE 3 2 2 0 0 5 1 
Jibs_PC#4411133672803933184 retreat
Jibs_PC#4411133672803933184 endattack
Jibs_PC#4411133672803933184 movearmies 6 2 1
CARD 7
Jibs_PC#4411133672803933184 placearmies 20 9
Jibs_PC#4411133672803933184 placearmies 20 5
Jibs_PC#4411133672803933184 placearmies 1 2
Jibs_PC#4411133672803933184 attack 20 21
Jibs_PC#4411133672803933184 roll 3
Jibs_PC#4411133672803933184 roll 1
DICE 3 1 4 1 0 2 
Jibs_PC#4411133672803933184 move 15
Jibs_PC#4411133672803933184 attack 21 12
Jibs_PC#4411133672803933184 roll 3
Jibs_PC#4411133672803933184 roll 2
DICE 3 2 5 4 1 5 1 
Jibs_PC#4411133672803933184 roll 3
Jibs_PC#4411133672803933184 roll 2
DICE 3 2 5 1 0 4 3 
Jibs_PC#4411133672803933184 roll 3
Jibs_PC#4411133672803933184 roll 1
DICE 3 1 3 3 0 2 
Jibs_PC#4411133672803933184 move 12
Jibs_PC#4411133672803933184 attack 12 13
Jibs_PC#4411133672803933184 roll 3
Jibs_PC#4411133672803933184 roll 1
DICE 3 1 4 4 0 1 
Jibs_PC#4411133672803933184 move 11
Jibs_PC#4411133672803933184 attack 13 11
Jibs_PC#4411133672803933184 roll 3
Jibs_PC#4411133672803933184 roll 1
DICE 3 1 5 1 1 0 
Jibs_PC#4411133672803933184 move 10
Jibs_PC#4411133672803933184 attack 11 10
Jibs_PC#4411133672803933184 roll 3
Jibs_PC#4411133672803933184 roll 2
DICE 3 2 5 5 4 3 2 
Jibs_PC#4411133672803933184 roll 3
Jibs_PC#4411133672803933184 roll 2
DICE 3 2 1 0 0 1 0 
Jibs_PC#4411133672803933184 roll 3
Jibs_PC#4411133672803933184 roll 2
DICE 3 2 5 4 3 3 2 
Jibs_PC#4411133672803933184 roll 3
Jibs_PC#4411133672803933184 roll 1
DICE 3 1 5 4 0 4 
Jibs_PC#4411133672803933184 move 7
Jibs_PC#4411133672803933184 attack 1 3
Jibs_PC#4411133672803933184 roll 3
Jibs_PC#4411133672803933184 roll 1
DICE 3 1 5 4 3 4 
Jibs_PC#4411133672803933184 move 4
Jibs_PC#4411133672803933184 attack 3 7
Jibs_PC#4411133672803933184 roll 3
Jibs_PC#4411133672803933184 roll 1
DICE 3 1 5 4 1 0 
Jibs_PC#4411133672803933184 attack 7 9
Jibs_PC#4411133672803933184 roll 2
Jibs_PC#4411133672803933184 roll 1
DICE 2 1 2 1 3 
Jibs_PC#4411133672803933184 retreat
Jibs_PC#4411133672803933184 attack 10 5
Jibs_PC#4411133672803933184 roll 3
Jibs_PC#4411133672803933184 roll 1
DICE 3 1 4 2 1 1 
Jibs_PC#4411133672803933184 move 6
Jibs_PC#4411133672803933184 attack 5 9
Jibs_PC#4411133672803933184 roll 3
Jibs_PC#4411133672803933184 roll 1
DICE 3 1 5 2 2 1 
Jibs_PC#4411133672803933184 move 4
Jibs_PC#4411133672803933184 attack 9 8
Jibs_PC#4411133672803933184 roll 3
Jibs_PC#4411133672803933184 roll 2
DICE 3 2 3 1 0 4 1 
Jibs_PC#4411133672803933184 retreat
Jibs_PC#4411133672803933184 endattack
Jibs_PC#4411133672803933184 movearmies 9 5 1
CARD 24
Jibs_PC#4411133672803933184 trade 37 26 19
Jibs_PC#4411133672803933184 placearmies 23 3
Jibs_PC#4411133672803933184 placearmies 23 4
Jibs_PC#4411133672803933184 attack 23 21
Jibs_PC#4411133672803933184 roll 3
Jibs_PC#4411133672803933184 roll 1
DICE 3 1 4 2 0 3 
Jibs_PC#4411133672803933184 move 7
Jibs_PC#4411133672803933184 attack 21 12
Jibs_PC#4411133672803933184 roll 3
Jibs_PC#4411133672803933184 roll 1
DICE 3 1 5 5 3 4 
Jibs_PC#4411133672803933184 move 6
Jibs_PC#4411133672803933184 attack 12 13
Jibs_PC#4411133672803933184 roll 3
Jibs_PC#4411133672803933184 roll 1
DICE 3 1 3 3 2 4 
Jibs_PC#4411133672803933184 roll 3
Jibs_PC#4411133672803933184 roll 1
DICE 3 1 5 4 1 3 
Jibs_PC#4411133672803933184 move 4
Jibs_PC#4411133672803933184 endattack
Jibs_PC#4411133672803933184 movearmies 26 24 2
CARD 13
Jibs_PC#4411133672803933184 placearmies 2 1
Jibs_PC#4411133672803933184 placearmies 2 1
Jibs_PC#4411133672803933184 placearmies 4 1
Jibs_PC#4411133672803933184 attack 2 1
Jibs_PC#4411133672803933184 roll 3
Jibs_PC#4411133672803933184 roll 2
DICE 3 2 5 2 1 2 1 
Jibs_PC#4411133672803933184 move 4
Jibs_PC#4411133672803933184 attack 1 38
Jibs_PC#4411133672803933184 roll 3
Jibs_PC#4411133672803933184 roll 1
DICE 3 1 2 2 0 2 
Jibs_PC#4411133672803933184 roll 2
Jibs_PC#4411133672803933184 roll 1
DICE 2 1 3 0 5 
Jibs_PC#4411133672803933184 retreat
Jibs_PC#4411133672803933184 endattack
Jibs_PC#4411133672803933184 nomove
CARD 20
Jibs_PC#4411133672803933184 trade 35 wildcard 24
Jibs_PC#4411133672803933184 placearmies 16 7
Jibs_PC#4411133672803933184 placearmies 16 12
Jibs_PC#4411133672803933184 placearmies 16 5
Jibs_PC#4411133672803933184 placearmies 38 1
Jibs_PC#4411133672803933184 placearmies 22 1
Jibs_PC#4411133672803933184 placearmies 16 2
Jibs_PC#4411133672803933184 attack 16 18
Jibs_PC#4411133672803933184 roll 3
Jibs_PC#4411133672803933184 roll 2
DICE 3 2 5 0 0 3 3 
Jibs_PC#4411133672803933184 roll 3
Jibs_PC#4411133672803933184 roll 1
DICE 3 1 5 2 1 5 
Jibs_PC#4411133672803933184 roll 3
Jibs_PC#4411133672803933184 roll 1
DICE 3 1 5 5 4 1 
Jibs_PC#4411133672803933184 move 24
Jibs_PC#4411133672803933184 attack 18 15
Jibs_PC#4411133672803933184 roll 3
Jibs_PC#4411133672803933184 roll 1
DICE 3 1 2 2 0 0 
Jibs_PC#4411133672803933184 move 23
Jibs_PC#4411133672803933184 attack 15 14
Jibs_PC#4411133672803933184 roll 3
Jibs_PC#4411133672803933184 roll 1
DICE 3 1 4 3 0 1 
Jibs_PC#4411133672803933184 move 22
