Jibs_PC#6479411873913513984 newplayer ai hard green s0914007
Jibs_PC#6479411873913513984 newplayer ai hard blue bob
Jibs_PC#6479411873913513984 newplayer ai hard red fred
Jibs_PC#6479411873913513984 newplayer ai hard cyan ted
Jibs_PC#6479411873913513984 newplayer ai hard magenta yura
Jibs_PC#6479411873913513984 newplayer ai hard yellow lala
Jibs_PC#6479411873913513984 startgame mission fixed autoplaceall recycle
PLAYER fred
MISSION 0 3 3 0 1 0
PLACEALL 28 33 38 34 5 31 40 42 25 24 23 27 41 9 2 12 30 11 20 37 36 22 3 16 15 14 4 29 6 32 21 39 8 26 35 1 18 10 7 19 13 17
Jibs_PC#6479411873913513984 placearmies 40 1
CARD 
Jibs_PC#6479411873913513984 placearmies 42 1
CARD 
Jibs_PC#6479411873913513984 placearmies 4 1
CARD 
Jibs_PC#6479411873913513984 placearmies 12 1
CARD 
Jibs_PC#6479411873913513984 placearmies 13 1
CARD 
Jibs_PC#6479411873913513984 placearmies 1 1
CARD 
Jibs_PC#6479411873913513984 placearmies 40 1
CARD 
Jibs_PC#6479411873913513984 placearmies 42 1
CARD 
Jibs_PC#6479411873913513984 placearmies 4 1
CARD 
Jibs_PC#6479411873913513984 placearmies 12 1
CARD 
Jibs_PC#6479411873913513984 placearmies 13 1
CARD 
Jibs_PC#6479411873913513984 placearmies 1 1
CARD 
Jibs_PC#6479411873913513984 placearmies 40 1
CARD 
Jibs_PC#6479411873913513984 placearmies 42 1
CARD 
Jibs_PC#6479411873913513984 placearmies 4 1
CARD 
Jibs_PC#6479411873913513984 placearmies 12 1
CARD 
Jibs_PC#6479411873913513984 placearmies 13 1
CARD 
Jibs_PC#6479411873913513984 placearmies 1 1
CARD 
Jibs_PC#6479411873913513984 placearmies 40 1
CARD 
Jibs_PC#6479411873913513984 placearmies 42 1
CARD 
Jibs_PC#6479411873913513984 placearmies 4 1
CARD 
Jibs_PC#6479411873913513984 placearmies 12 1
CARD 
Jibs_PC#6479411873913513984 placearmies 13 1
CARD 
Jibs_PC#6479411873913513984 placearmies 1 1
CARD 
Jibs_PC#6479411873913513984 placearmies 20 1
CARD 
Jibs_PC#6479411873913513984 placearmies 42 1
CARD 
Jibs_PC#6479411873913513984 placearmies 4 1
CARD 
Jibs_PC#6479411873913513984 placearmies 12 1
CARD 
Jibs_PC#6479411873913513984 placearmies 13 1
CARD 
Jibs_PC#6479411873913513984 placearmies 1 1
CARD 
Jibs_PC#6479411873913513984 placearmies 20 1
CARD 
Jibs_PC#6479411873913513984 placearmies 42 1
CARD 
Jibs_PC#6479411873913513984 placearmies 4 1
CARD 
Jibs_PC#6479411873913513984 placearmies 12 1
CARD 
Jibs_PC#6479411873913513984 placearmies 13 1
CARD 
Jibs_PC#6479411873913513984 placearmies 1 1
CARD 
Jibs_PC#6479411873913513984 placearmies 20 1
CARD 
Jibs_PC#6479411873913513984 placearmies 42 1
CARD 
Jibs_PC#6479411873913513984 placearmies 4 1
CARD 
Jibs_PC#6479411873913513984 placearmies 12 1
CARD 
Jibs_PC#6479411873913513984 placearmies 13 1
CARD 
Jibs_PC#6479411873913513984 placearmies 1 1
CARD 
Jibs_PC#6479411873913513984 placearmies 20 1
CARD 
Jibs_PC#6479411873913513984 placearmies 42 1
CARD 
Jibs_PC#6479411873913513984 placearmies 38 1
CARD 
Jibs_PC#6479411873913513984 placearmies 12 1
CARD 
Jibs_PC#6479411873913513984 placearmies 35 1
CARD 
Jibs_PC#6479411873913513984 placearmies 1 1
CARD 
Jibs_PC#6479411873913513984 placearmies 20 1
CARD 
Jibs_PC#6479411873913513984 placearmies 42 1
CARD 
Jibs_PC#6479411873913513984 placearmies 38 1
CARD 
Jibs_PC#6479411873913513984 placearmies 12 1
CARD 
Jibs_PC#6479411873913513984 placearmies 35 1
CARD 
Jibs_PC#6479411873913513984 placearmies 1 1
CARD 
Jibs_PC#6479411873913513984 placearmies 20 1
CARD 
Jibs_PC#6479411873913513984 placearmies 42 1
CARD 
Jibs_PC#6479411873913513984 placearmies 38 1
CARD 
Jibs_PC#6479411873913513984 placearmies 12 1
CARD 
Jibs_PC#6479411873913513984 placearmies 35 1
CARD 
Jibs_PC#6479411873913513984 placearmies 1 1
CARD 
Jibs_PC#6479411873913513984 placearmies 20 1
CARD 
Jibs_PC#6479411873913513984 placearmies 42 1
CARD 
Jibs_PC#6479411873913513984 placearmies 38 1
CARD 
Jibs_PC#6479411873913513984 placearmies 19 1
CARD 
Jibs_PC#6479411873913513984 placearmies 35 1
CARD 
Jibs_PC#6479411873913513984 placearmies 1 1
CARD 
Jibs_PC#6479411873913513984 placearmies 20 1
CARD 
Jibs_PC#6479411873913513984 placearmies 14 1
CARD 
Jibs_PC#6479411873913513984 placearmies 4 1
CARD 
Jibs_PC#6479411873913513984 placearmies 19 1
CARD 
Jibs_PC#6479411873913513984 placearmies 35 1
CARD 
Jibs_PC#6479411873913513984 placearmies 11 1
CARD 
Jibs_PC#6479411873913513984 placearmies 20 1
CARD 
Jibs_PC#6479411873913513984 placearmies 14 1
CARD 
Jibs_PC#6479411873913513984 placearmies 4 1
CARD 
Jibs_PC#6479411873913513984 placearmies 19 1
CARD 
Jibs_PC#6479411873913513984 placearmies 35 1
CARD 
Jibs_PC#6479411873913513984 placearmies 11 1
CARD 
Jibs_PC#6479411873913513984 placearmies 20 3
Jibs_PC#6479411873913513984 attack 20 19
Jibs_PC#6479411873913513984 roll 3
Jibs_PC#6479411873913513984 roll 2
DICE 3 2 4 0 0 3 2 
Jibs_PC#6479411873913513984 roll 3
Jibs_PC#6479411873913513984 roll 2
DICE 3 2 5 3 0 2 0 
Jibs_PC#6479411873913513984 retreat
Jibs_PC#6479411873913513984 attack 20 16
Jibs_PC#6479411873913513984 roll 3
Jibs_PC#6479411873913513984 roll 1
DICE 3 1 4 1 0 4 
Jibs_PC#6479411873913513984 roll 3
Jibs_PC#6479411873913513984 roll 1
DICE 3 1 5 4 1 3 
Jibs_PC#6479411873913513984 move 10
Jibs_PC#6479411873913513984 endattack
Jibs_PC#6479411873913513984 nomove
CARD wildcard
Jibs_PC#6479411873913513984 placearmies 42 1
Jibs_PC#6479411873913513984 placearmies 14 2
Jibs_PC#6479411873913513984 attack 42 40
Jibs_PC#6479411873913513984 roll 3
Jibs_PC#6479411873913513984 roll 2
DICE 3 2 3 2 1 5 1 
Jibs_PC#6479411873913513984 roll 3
Jibs_PC#6479411873913513984 roll 2
DICE 3 2 5 4 4 3 0 
Jibs_PC#6479411873913513984 roll 3
Jibs_PC#6479411873913513984 roll 2
DICE 3 2 5 4 1 1 0 
Jibs_PC#6479411873913513984 move 5
Jibs_PC#6479411873913513984 attack 42 41
Jibs_PC#6479411873913513984 roll 3
Jibs_PC#6479411873913513984 roll 1
DICE 3 1 5 1 1 4 
Jibs_PC#6479411873913513984 move 3
Jibs_PC#6479411873913513984 endattack
Jibs_PC#6479411873913513984 movearmies 40 39 3
CARD 26
Jibs_PC#6479411873913513984 placearmies 4 3
Jibs_PC#6479411873913513984 attack 4 3
Jibs_PC#6479411873913513984 roll 3
Jibs_PC#6479411873913513984 roll 1
DICE 3 1 5 4 2 3 
Jibs_PC#6479411873913513984 move 12
Jibs_PC#6479411873913513984 endattack
Jibs_PC#6479411873913513984 nomove
CARD 39
Jibs_PC#6479411873913513984 placearmies 12 3
Jibs_PC#6479411873913513984 attack 12 21
Jibs_PC#6479411873913513984 roll 3
Jibs_PC#6479411873913513984 roll 1
DICE 3 1 4 3 3 1 
Jibs_PC#6479411873913513984 move 13
Jibs_PC#6479411873913513984 attack 21 23
Jibs_PC#6479411873913513984 roll 3
Jibs_PC#6479411873913513984 roll 1
DICE 3 1 5 2 0 1 
Jibs_PC#6479411873913513984 move 5
Jibs_PC#6479411873913513984 attack 23 25
Jibs_PC#6479411873913513984 roll 3
Jibs_PC#6479411873913513984 roll 1
DICE 3 1 2 0 0 1 
Jibs_PC#6479411873913513984 move 3
Jibs_PC#6479411873913513984 endattack
Jibs_PC#6479411873913513984 movearmies 21 22 2
CARD 33
Jibs_PC#6479411873913513984 placearmies 35 3
Jibs_PC#6479411873913513984 attack 13 11
Jibs_PC#6479411873913513984 roll 3
Jibs_PC#6479411873913513984 roll 2
DICE 3 2 5 2 1 5 2 
Jibs_PC#6479411873913513984 roll 3
Jibs_PC#6479411873913513984 roll 2
DICE 3 2 2 1 0 4 1 
Jibs_PC#6479411873913513984 retreat
Jibs_PC#6479411873913513984 attack 13 12
Jibs_PC#6479411873913513984 roll 3
Jibs_PC#6479411873913513984 roll 1
DICE 3 1 5 5 0 0 
Jibs_PC#6479411873913513984 endattack
Jibs_PC#6479411873913513984 nomove
CARD 13
Jibs_PC#6479411873913513984 placearmies 11 2
Jibs_PC#6479411873913513984 placearmies 1 1
Jibs_PC#6479411873913513984 attack 1 3
Jibs_PC#6479411873913513984 roll 3
Jibs_PC#6479411873913513984 roll 2
DICE 3 2 5 4 2 5 4 
Jibs_PC#6479411873913513984 roll 3
Jibs_PC#6479411873913513984 roll 2
DICE 3 2 4 3 3 5 0 
Jibs_PC#6479411873913513984 retreat
Jibs_PC#6479411873913513984 attack 11 12
Jibs_PC#6479411873913513984 roll 3
Jibs_PC#6479411873913513984 roll 2
DICE 3 2 4 0 0 5 5 
Jibs_PC#6479411873913513984 retreat
Jibs_PC#6479411873913513984 attack 11 10
Jibs_PC#6479411873913513984 roll 2
Jibs_PC#6479411873913513984 roll 1
DICE 2 1 1 1 2 
Jibs_PC#6479411873913513984 retreat
Jibs_PC#6479411873913513984 attack 1 2
Jibs_PC#6479411873913513984 roll 3
Jibs_PC#6479411873913513984 roll 1
DICE 3 1 5 1 0 2 
Jibs_PC#6479411873913513984 move 9
Jibs_PC#6479411873913513984 endattack
Jibs_PC#6479411873913513984 nomove
CARD 8
Jibs_PC#6479411873913513984 placearmies 20 3
Jibs_PC#6479411873913513984 attack 16 31
Jibs_PC#6479411873913513984 roll 3
Jibs_PC#6479411873913513984 roll 1
DICE 3 1 4 3 0 2 
Jibs_PC#6479411873913513984 move 9
Jibs_PC#6479411873913513984 attack 31 22
Jibs_PC#6479411873913513984 roll 3
Jibs_PC#6479411873913513984 roll 2
DICE 3 2 5 3 2 4 2 
Jibs_PC#6479411873913513984 roll 3
Jibs_PC#6479411873913513984 roll 1
DICE 3 1 5 5 2 2 
Jibs_PC#6479411873913513984 move 8
Jibs_PC#6479411873913513984 attack 20 19
Jibs_PC#6479411873913513984 roll 3
Jibs_PC#6479411873913513984 roll 1
DICE 3 1 5 2 0 1 
Jibs_PC#6479411873913513984 attack 19 17
Jibs_PC#6479411873913513984 roll 2
Jibs_PC#6479411873913513984 roll 1
DICE 2 1 5 1 0 
Jibs_PC#6479411873913513984 endattack
Jibs_PC#6479411873913513984 movearmies 22 20 7
CARD 37
Jibs_PC#6479411873913513984 placearmies 33 1
Jibs_PC#6479411873913513984 placearmies 10 4
Jibs_PC#6479411873913513984 attack 10 11
Jibs_PC#6479411873913513984 roll 3
Jibs_PC#6479411873913513984 roll 2
DICE 3 2 4 3 1 1 0 
Jibs_PC#6479411873913513984 move 4
Jibs_PC#6479411873913513984 attack 14 15
Jibs_PC#6479411873913513984 roll 3
Jibs_PC#6479411873913513984 roll 1
DICE 3 1 4 2 1 5 
Jibs_PC#6479411873913513984 roll 3
Jibs_PC#6479411873913513984 roll 1
DICE 3 1 5 4 3 5 
Jibs_PC#6479411873913513984 retreat
Jibs_PC#6479411873913513984 endattack
Jibs_PC#6479411873913513984 movearmies 39 33 3
CARD 11
Jibs_PC#6479411873913513984 placearmies 7 3
Jibs_PC#6479411873913513984 attack 3 2
Jibs_PC#6479411873913513984 roll 3
Jibs_PC#6479411873913513984 roll 2
DICE 3 2 4 4 3 5 2 
Jibs_PC#6479411873913513984 roll 3
Jibs_PC#6479411873913513984 roll 2
DICE 3 2 4 2 2 5 3 
Jibs_PC#6479411873913513984 retreat
Jibs_PC#6479411873913513984 attack 7 6
Jibs_PC#6479411873913513984 roll 3
Jibs_PC#6479411873913513984 roll 1
DICE 3 1 4 2 0 5 
Jibs_PC#6479411873913513984 roll 2
Jibs_PC#6479411873913513984 roll 1
DICE 2 1 5 5 3 
Jibs_PC#6479411873913513984 attack 38 1
Jibs_PC#6479411873913513984 roll 3
Jibs_PC#6479411873913513984 roll 1
DICE 3 1 3 2 1 2 
Jibs_PC#6479411873913513984 move 4
Jibs_PC#6479411873913513984 endattack
Jibs_PC#6479411873913513984 nomove
CARD 30
Jibs_PC#6479411873913513984 placearmies 21 3
Jibs_PC#6479411873913513984 attack 21 22
Jibs_PC#6479411873913513984 roll 3
Jibs_PC#6479411873913513984 roll 1
DICE 3 1 5 2 0 2 
Jibs_PC#6479411873913513984 move 7
Jibs_PC#6479411873913513984 endattack
Jibs_PC#6479411873913513984 movearmies 23 21 1
CARD 12
Jibs_PC#6479411873913513984 placearmies 12 2
Jibs_PC#6479411873913513984 placearmies 35 1
Jibs_PC#6479411873913513984 attack 12 10
Jibs_PC#6479411873913513984 roll 3
Jibs_PC#6479411873913513984 roll 1
DICE 3 1 3 2 1 1 
Jibs_PC#6479411873913513984 move 4
Jibs_PC#6479411873913513984 attack 35 27
Jibs_PC#6479411873913513984 roll 3
Jibs_PC#6479411873913513984 roll 1
DICE 3 1 4 3 3 0 
Jibs_PC#6479411873913513984 move 10
Jibs_PC#6479411873913513984 attack 27 28
Jibs_PC#6479411873913513984 roll 3
Jibs_PC#6479411873913513984 roll 1
DICE 3 1 5 1 0 1 
Jibs_PC#6479411873913513984 move 9
Jibs_PC#6479411873913513984 attack 28 29
Jibs_PC#6479411873913513984 roll 3
Jibs_PC#6479411873913513984 roll 1
DICE 3 1 5 1 0 5 
Jibs_PC#6479411873913513984 roll 3
Jibs_PC#6479411873913513984 roll 1
DICE 3 1 4 1 1 1 
Jibs_PC#6479411873913513984 move 7
Jibs_PC#6479411873913513984 attack 29 33
Jibs_PC#6479411873913513984 roll 3
Jibs_PC#6479411873913513984 roll 2
DICE 3 2 5 3 0 3 2 
Jibs_PC#6479411873913513984 roll 3
Jibs_PC#6479411873913513984 roll 2
DICE 3 2 5 4 4 5 0 
Jibs_PC#6479411873913513984 roll 3
Jibs_PC#6479411873913513984 roll 2
DICE 3 2 4 2 0 5 0 
Jibs_PC#6479411873913513984 roll 3
Jibs_PC#6479411873913513984 roll 1
DICE 3 1 4 3 0 0 
Jibs_PC#6479411873913513984 move 4
Jibs_PC#6479411873913513984 attack 33 39
Jibs_PC#6479411873913513984 roll 3
Jibs_PC#6479411873913513984 roll 1
DICE 3 1 3 1 1 2 
Jibs_PC#6479411873913513984 endattack
Jibs_PC#6479411873913513984 nomove
CARD 22
Jibs_PC#6479411873913513984 placearmies 2 3
Jibs_PC#6479411873913513984 attack 2 3
Jibs_PC#6479411873913513984 roll 3
Jibs_PC#6479411873913513984 roll 2
DICE 3 2 5 3 3 5 4 
Jibs_PC#6479411873913513984 roll 3
Jibs_PC#6479411873913513984 roll 2
DICE 3 2 5 4 0 4 0 
Jibs_PC#6479411873913513984 roll 3
Jibs_PC#6479411873913513984 roll 2
DICE 3 2 5 4 0 3 1 
Jibs_PC#6479411873913513984 roll 3
Jibs_PC#6479411873913513984 roll 2
DICE 3 2 5 5 2 4 3 
Jibs_PC#6479411873913513984 roll 3
Jibs_PC#6479411873913513984 roll 2
DICE 3 2 3 2 0 2 0 
Jibs_PC#6479411873913513984 move 8
Jibs_PC#6479411873913513984 endattack
Jibs_PC#6479411873913513984 nomove
CARD 40
Jibs_PC#6479411873913513984 placearmies 20 3
Jibs_PC#6479411873913513984 attack 20 21
Jibs_PC#6479411873913513984 roll 3
Jibs_PC#6479411873913513984 roll 2
DICE 3 2 4 4 1 2 0 
Jibs_PC#6479411873913513984 roll 3
Jibs_PC#6479411873913513984 roll 1
DICE 3 1 5 5 4 2 
Jibs_PC#6479411873913513984 move 10
Jibs_PC#6479411873913513984 attack 21 12
Jibs_PC#6479411873913513984 roll 3
Jibs_PC#6479411873913513984 roll 1
DICE 3 1 4 3 1 5 
Jibs_PC#6479411873913513984 roll 3
Jibs_PC#6479411873913513984 roll 1
DICE 3 1 5 2 1 5 
Jibs_PC#6479411873913513984 retreat
Jibs_PC#6479411873913513984 endattack
Jibs_PC#6479411873913513984 nomove
CARD 42
Jibs_PC#6479411873913513984 placearmies 11 3
Jibs_PC#6479411873913513984 attack 11 10
Jibs_PC#6479411873913513984 roll 3
Jibs_PC#6479411873913513984 roll 2
DICE 3 2 5 0 0 3 1 
Jibs_PC#6479411873913513984 roll 3
Jibs_PC#6479411873913513984 roll 2
DICE 3 2 2 1 1 3 3 
Jibs_PC#6479411873913513984 retreat
Jibs_PC#6479411873913513984 attack 11 13
Jibs_PC#6479411873913513984 roll 3
Jibs_PC#6479411873913513984 roll 1
DICE 3 1 5 4 2 5 
Jibs_PC#6479411873913513984 roll 2
Jibs_PC#6479411873913513984 roll 1
DICE 2 1 4 1 1 
Jibs_PC#6479411873913513984 endattack
Jibs_PC#6479411873913513984 movearmies 42 41 3
CARD 3
Jibs_PC#6479411873913513984 placearmies 1 1
Jibs_PC#6479411873913513984 placearmies 1 2
Jibs_PC#6479411873913513984 attack 1 2
Jibs_PC#6479411873913513984 roll 3
Jibs_PC#6479411873913513984 roll 1
DICE 3 1 3 2 0 4 
Jibs_PC#6479411873913513984 roll 3
Jibs_PC#6479411873913513984 roll 1
DICE 3 1 5 4 2 5 
Jibs_PC#6479411873913513984 roll 3
Jibs_PC#6479411873913513984 roll 1
DICE 3 1 5 2 0 3 
Jibs_PC#6479411873913513984 move 4
Jibs_PC#6479411873913513984 endattack
Jibs_PC#6479411873913513984 nomove
CARD 9
Jibs_PC#6479411873913513984 placearmies 22 3
Jibs_PC#6479411873913513984 attack 22 21
Jibs_PC#6479411873913513984 roll 3
Jibs_PC#6479411873913513984 roll 2
DICE 3 2 4 2 0 4 1 
Jibs_PC#6479411873913513984 roll 3
Jibs_PC#6479411873913513984 roll 2
DICE 3 2 4 2 1 5 0 
Jibs_PC#6479411873913513984 roll 3
Jibs_PC#6479411873913513984 roll 2
DICE 3 2 5 2 1 3 2 
Jibs_PC#6479411873913513984 roll 3
Jibs_PC#6479411873913513984 roll 2
DICE 3 2 2 1 0 2 1 
Jibs_PC#6479411873913513984 roll 3
Jibs_PC#6479411873913513984 roll 2
DICE 3 2 2 2 0 4 2 
Jibs_PC#6479411873913513984 retreat
Jibs_PC#6479411873913513984 attack 22 31
Jibs_PC#6479411873913513984 roll 2
Jibs_PC#6479411873913513984 roll 1
DICE 2 1 3 1 4 
Jibs_PC#6479411873913513984 retreat
Jibs_PC#6479411873913513984 endattack
Jibs_PC#6479411873913513984 movearmies 25 24 2
CARD 
Jibs_PC#6479411873913513984 placearmies 10 1
Jibs_PC#6479411873913513984 placearmies 10 1
Jibs_PC#6479411873913513984 placearmies 39 1
Jibs_PC#6479411873913513984 attack 10 11
Jibs_PC#6479411873913513984 roll 3
Jibs_PC#6479411873913513984 roll 1
DICE 3 1 2 2 0 3 
Jibs_PC#6479411873913513984 roll 3
Jibs_PC#6479411873913513984 roll 1
DICE 3 1 5 4 1 2 
Jibs_PC#6479411873913513984 endattack
Jibs_PC#6479411873913513984 nomove
CARD 31
Jibs_PC#6479411873913513984 placearmies 3 3
Jibs_PC#6479411873913513984 attack 3 2
Jibs_PC#6479411873913513984 roll 3
Jibs_PC#6479411873913513984 roll 2
DICE 3 2 4 1 1 4 0 
Jibs_PC#6479411873913513984 roll 3
Jibs_PC#6479411873913513984 roll 2
DICE 3 2 4 3 0 1 0 
Jibs_PC#6479411873913513984 retreat
Jibs_PC#6479411873913513984 attack 3 1
Jibs_PC#6479411873913513984 roll 3
Jibs_PC#6479411873913513984 roll 1
DICE 3 1 4 2 0 1 
Jibs_PC#6479411873913513984 move 9
Jibs_PC#6479411873913513984 attack 1 2
Jibs_PC#6479411873913513984 roll 3
Jibs_PC#6479411873913513984 roll 1
DICE 3 1 4 2 2 5 
Jibs_PC#6479411873913513984 roll 3
Jibs_PC#6479411873913513984 roll 1
DICE 3 1 4 3 2 1 
Jibs_PC#6479411873913513984 move 7
Jibs_PC#6479411873913513984 attack 2 6
Jibs_PC#6479411873913513984 roll 3
Jibs_PC#6479411873913513984 roll 2
DICE 3 2 5 4 0 5 1 
Jibs_PC#6479411873913513984 roll 3
Jibs_PC#6479411873913513984 roll 1
DICE 3 1 5 4 2 1 
Jibs_PC#6479411873913513984 move 5
Jibs_PC#6479411873913513984 attack 6 7
Jibs_PC#6479411873913513984 roll 3
Jibs_PC#6479411873913513984 roll 1
DICE 3 1 5 4 0 5 
Jibs_PC#6479411873913513984 roll 3
Jibs_PC#6479411873913513984 roll 1
DICE 3 1 4 2 1 1 
Jibs_PC#6479411873913513984 attack 7 4
Jibs_PC#6479411873913513984 roll 2
Jibs_PC#6479411873913513984 roll 1
DICE 2 1 5 3 4 
Jibs_PC#6479411873913513984 endattack
Jibs_PC#6479411873913513984 nomove
CARD 36
Jibs_PC#6479411873913513984 trade wildcard 37 42
Jibs_PC#6479411873913513984 placearmies 21 3
Jibs_PC#6479411873913513984 placearmies 21 3
Jibs_PC#6479411873913513984 placearmies 17 1
Jibs_PC#6479411873913513984 attack 21 12
Jibs_PC#6479411873913513984 roll 3
Jibs_PC#6479411873913513984 roll 1
DICE 3 1 5 4 2 1 
Jibs_PC#6479411873913513984 move 10
Jibs_PC#6479411873913513984 attack 12 13
Jibs_PC#6479411873913513984 roll 3
Jibs_PC#6479411873913513984 roll 2
DICE 3 2 5 3 3 4 2 
Jibs_PC#6479411873913513984 move 9
Jibs_PC#6479411873913513984 attack 13 11
Jibs_PC#6479411873913513984 roll 3
Jibs_PC#6479411873913513984 roll 2
DICE 3 2 3 2 0 5 1 
Jibs_PC#6479411873913513984 roll 3
Jibs_PC#6479411873913513984 roll 2
DICE 3 2 5 2 1 2 1 
Jibs_PC#6479411873913513984 move 7
Jibs_PC#6479411873913513984 attack 11 10
Jibs_PC#6479411873913513984 roll 3
Jibs_PC#6479411873913513984 roll 1
DICE 3 1 3 2 1 2 
Jibs_PC#6479411873913513984 move 6
Jibs_PC#6479411873913513984 attack 10 5
Jibs_PC#6479411873913513984 roll 3
Jibs_PC#6479411873913513984 roll 1
DICE 3 1 2 2 0 5 
Jibs_PC#6479411873913513984 roll 3
Jibs_PC#6479411873913513984 roll 1
DICE 3 1 4 4 3 5 
Jibs_PC#6479411873913513984 retreat
Jibs_PC#6479411873913513984 endattack
Jibs_PC#6479411873913513984 nomove
CARD 16
Jibs_PC#6479411873913513984 placearmies 41 1
Jibs_PC#6479411873913513984 placearmies 41 1
Jibs_PC#6479411873913513984 placearmies 14 1
Jibs_PC#6479411873913513984 attack 41 39
Jibs_PC#6479411873913513984 roll 3
Jibs_PC#6479411873913513984 roll 2
DICE 3 2 5 4 0 3 1 
Jibs_PC#6479411873913513984 roll 3
Jibs_PC#6479411873913513984 roll 2
DICE 3 2 4 3 1 4 1 
Jibs_PC#6479411873913513984 roll 3
Jibs_PC#6479411873913513984 roll 1
DICE 3 1 4 1 0 3 
Jibs_PC#6479411873913513984 move 6
Jibs_PC#6479411873913513984 endattack
Jibs_PC#6479411873913513984 movearmies 40 39 1
CARD 35
Jibs_PC#6479411873913513984 trade 39 30 9
Jibs_PC#6479411873913513984 placearmies 8 3
Jibs_PC#6479411873913513984 placearmies 8 10
Jibs_PC#6479411873913513984 attack 8 9
Jibs_PC#6479411873913513984 roll 3
Jibs_PC#6479411873913513984 roll 1
DICE 3 1 2 2 0 3 
Jibs_PC#6479411873913513984 roll 3
Jibs_PC#6479411873913513984 roll 1
DICE 3 1 3 2 0 4 
Jibs_PC#6479411873913513984 roll 3
Jibs_PC#6479411873913513984 roll 1
DICE 3 1 4 3 2 0 
Jibs_PC#6479411873913513984 move 11
Jibs_PC#6479411873913513984 attack 9 5
Jibs_PC#6479411873913513984 roll 3
Jibs_PC#6479411873913513984 roll 1
DICE 3 1 3 2 1 0 
Jibs_PC#6479411873913513984 move 10
Jibs_PC#6479411873913513984 attack 5 10
Jibs_PC#6479411873913513984 roll 3
Jibs_PC#6479411873913513984 roll 2
DICE 3 2 4 3 1 5 2 
Jibs_PC#6479411873913513984 roll 3
Jibs_PC#6479411873913513984 roll 2
DICE 3 2 4 4 1 3 2 
Jibs_PC#6479411873913513984 roll 3
Jibs_PC#6479411873913513984 roll 1
DICE 3 1 4 3 1 3 
Jibs_PC#6479411873913513984 move 8
Jibs_PC#6479411873913513984 attack 10 11
Jibs_PC#6479411873913513984 roll 3
Jibs_PC#6479411873913513984 roll 1
DICE 3 1 4 2 1 0 
Jibs_PC#6479411873913513984 move 7
Jibs_PC#6479411873913513984 attack 11 13
Jibs_PC#6479411873913513984 roll 3
Jibs_PC#6479411873913513984 roll 1
DICE 3 1 3 1 0 5 
Jibs_PC#6479411873913513984 roll 3
Jibs_PC#6479411873913513984 roll 1
DICE 3 1 4 2 0 4 
Jibs_PC#6479411873913513984 retreat
Jibs_PC#6479411873913513984 attack 11 12
Jibs_PC#6479411873913513984 roll 3
Jibs_PC#6479411873913513984 roll 1
DICE 3 1 4 3 1 3 
Jibs_PC#6479411873913513984 move 4
Jibs_PC#6479411873913513984 attack 12 13
Jibs_PC#6479411873913513984 roll 3
Jibs_PC#6479411873913513984 roll 1
DICE 3 1 4 2 1 3 
Jibs_PC#6479411873913513984 endattack
Jibs_PC#6479411873913513984 movearmies 13 12 2
CARD 20
Jibs_PC#6479411873913513984 placearmies 24 1
Jibs_PC#6479411873913513984 placearmies 24 1
Jibs_PC#6479411873913513984 placearmies 24 1
Jibs_PC#6479411873913513984 attack 24 21
Jibs_PC#6479411873913513984 roll 3
Jibs_PC#6479411873913513984 roll 1
DICE 3 1 4 4 3 2 
Jibs_PC#6479411873913513984 move 5
Jibs_PC#6479411873913513984 endattack
Jibs_PC#6479411873913513984 nomove
CARD 4
Jibs_PC#6479411873913513984 placearmies 35 3
Jibs_PC#6479411873913513984 attack 35 34
Jibs_PC#6479411873913513984 roll 3
Jibs_PC#6479411873913513984 roll 1
DICE 3 1 4 3 0 1 
Jibs_PC#6479411873913513984 attack 34 38
Jibs_PC#6479411873913513984 roll 2
Jibs_PC#6479411873913513984 roll 1
DICE 2 1 4 1 3 
Jibs_PC#6479411873913513984 endattack
Jibs_PC#6479411873913513984 nomove
CARD 14
Jibs_PC#6479411873913513984 placearmies 4 2
Jibs_PC#6479411873913513984 placearmies 4 1
Jibs_PC#6479411873913513984 attack 4 5
Jibs_PC#6479411873913513984 roll 3
Jibs_PC#6479411873913513984 roll 1
DICE 3 1 5 2 0 1 
Jibs_PC#6479411873913513984 move 4
Jibs_PC#6479411873913513984 attack 5 9
Jibs_PC#6479411873913513984 roll 3
Jibs_PC#6479411873913513984 roll 1
DICE 3 1 4 3 3 0 
Jibs_PC#6479411873913513984 attack 9 8
Jibs_PC#6479411873913513984 roll 2
Jibs_PC#6479411873913513984 roll 1
DICE 2 1 4 0 5 
Jibs_PC#6479411873913513984 retreat
Jibs_PC#6479411873913513984 endattack
Jibs_PC#6479411873913513984 nomove
CARD 17
Jibs_PC#6479411873913513984 placearmies 31 3
Jibs_PC#6479411873913513984 attack 31 32
Jibs_PC#6479411873913513984 roll 3
Jibs_PC#6479411873913513984 roll 1
DICE 3 1 3 2 1 5 
Jibs_PC#6479411873913513984 roll 2
Jibs_PC#6479411873913513984 roll 1
DICE 2 1 2 1 4 
Jibs_PC#6479411873913513984 retreat
Jibs_PC#6479411873913513984 attack 17 14
Jibs_PC#6479411873913513984 roll 2
Jibs_PC#6479411873913513984 roll 2
DICE 2 2 0 0 4 2 
Jibs_PC#6479411873913513984 endattack
Jibs_PC#6479411873913513984 nomove
CARD 
Jibs_PC#6479411873913513984 trade 26 3 35
Jibs_PC#6479411873913513984 placearmies 14 9
Jibs_PC#6479411873913513984 attack 14 17
Jibs_PC#6479411873913513984 roll 3
Jibs_PC#6479411873913513984 roll 1
DICE 3 1 5 3 1 3 
Jibs_PC#6479411873913513984 move 12
Jibs_PC#6479411873913513984 attack 17 18
Jibs_PC#6479411873913513984 roll 3
Jibs_PC#6479411873913513984 roll 1
DICE 3 1 4 4 0 5 
Jibs_PC#6479411873913513984 roll 3
Jibs_PC#6479411873913513984 roll 1
DICE 3 1 4 2 1 4 
Jibs_PC#6479411873913513984 roll 3
Jibs_PC#6479411873913513984 roll 1
DICE 3 1 4 0 0 4 
Jibs_PC#6479411873913513984 roll 3
Jibs_PC#6479411873913513984 roll 1
DICE 3 1 4 2 0 5 
Jibs_PC#6479411873913513984 roll 3
Jibs_PC#6479411873913513984 roll 1
DICE 3 1 2 2 0 4 
Jibs_PC#6479411873913513984 retreat
Jibs_PC#6479411873913513984 attack 39 33
Jibs_PC#6479411873913513984 roll 3
Jibs_PC#6479411873913513984 roll 1
DICE 3 1 3 2 1 2 
Jibs_PC#6479411873913513984 move 6
Jibs_PC#6479411873913513984 attack 17 19
Jibs_PC#6479411873913513984 roll 3
Jibs_PC#6479411873913513984 roll 1
DICE 3 1 4 3 0 2 
Jibs_PC#6479411873913513984 move 6
Jibs_PC#6479411873913513984 attack 33 32
Jibs_PC#6479411873913513984 roll 3
Jibs_PC#6479411873913513984 roll 1
DICE 3 1 4 3 1 2 
Jibs_PC#6479411873913513984 move 4
Jibs_PC#6479411873913513984 attack 19 20
Jibs_PC#6479411873913513984 roll 3
Jibs_PC#6479411873913513984 roll 1
DICE 3 1 3 1 0 3 
Jibs_PC#6479411873913513984 roll 3
Jibs_PC#6479411873913513984 roll 1
DICE 3 1 4 4 0 1 
Jibs_PC#6479411873913513984 move 4
Jibs_PC#6479411873913513984 attack 20 22
Jibs_PC#6479411873913513984 roll 3
Jibs_PC#6479411873913513984 roll 2
DICE 3 2 5 4 0 3 2 
Jibs_PC#6479411873913513984 endattack
Jibs_PC#6479411873913513984 movearmies 32 33 3
CARD 1
Jibs_PC#6479411873913513984 placearmies 8 3
Jibs_PC#6479411873913513984 placearmies 10 1
Jibs_PC#6479411873913513984 placearmies 12 1
Jibs_PC#6479411873913513984 attack 8 9
Jibs_PC#6479411873913513984 roll 3
Jibs_PC#6479411873913513984 roll 2
DICE 3 2 4 2 1 2 2 
Jibs_PC#6479411873913513984 roll 2
Jibs_PC#6479411873913513984 roll 1
DICE 2 1 2 2 0 
Jibs_PC#6479411873913513984 endattack
Jibs_PC#6479411873913513984 nomove
CARD 23
Jibs_PC#6479411873913513984 placearmies 21 3
Jibs_PC#6479411873913513984 attack 21 22
Jibs_PC#6479411873913513984 roll 3
Jibs_PC#6479411873913513984 roll 2
DICE 3 2 4 4 1 5 5 
Jibs_PC#6479411873913513984 roll 3
Jibs_PC#6479411873913513984 roll 2
DICE 3 2 4 4 1 3 0 
Jibs_PC#6479411873913513984 roll 3
Jibs_PC#6479411873913513984 roll 1
DICE 3 1 5 4 3 3 
Jibs_PC#6479411873913513984 move 4
Jibs_PC#6479411873913513984 endattack
Jibs_PC#6479411873913513984 nomove
CARD 41
Jibs_PC#6479411873913513984 trade 13 22 14
Jibs_PC#6479411873913513984 placearmies 38 2
Jibs_PC#6479411873913513984 placearmies 38 4
Jibs_PC#6479411873913513984 placearmies 29 1
Jibs_PC#6479411873913513984 attack 38 36
Jibs_PC#6479411873913513984 roll 3
Jibs_PC#6479411873913513984 roll 1
DICE 3 1 4 2 1 3 
Jibs_PC#6479411873913513984 move 5
Jibs_PC#6479411873913513984 attack 36 37
Jibs_PC#6479411873913513984 roll 3
Jibs_PC#6479411873913513984 roll 1
DICE 3 1 4 3 1 0 
Jibs_PC#6479411873913513984 move 3
Jibs_PC#6479411873913513984 endattack
Jibs_PC#6479411873913513984 movearmies 37 38 2
CARD 21
Jibs_PC#6479411873913513984 placearmies 6 3
Jibs_PC#6479411873913513984 attack 6 8
Jibs_PC#6479411873913513984 roll 3
Jibs_PC#6479411873913513984 roll 1
DICE 3 1 3 2 2 3 
Jibs_PC#6479411873913513984 roll 2
Jibs_PC#6479411873913513984 roll 1
DICE 2 1 2 0 5 
Jibs_PC#6479411873913513984 retreat
Jibs_PC#6479411873913513984 endattack
Jibs_PC#6479411873913513984 nomove
CARD 
Jibs_PC#6479411873913513984 placearmies 31 2
Jibs_PC#6479411873913513984 placearmies 31 1
Jibs_PC#6479411873913513984 attack 31 32
Jibs_PC#6479411873913513984 roll 3
Jibs_PC#6479411873913513984 roll 1
DICE 3 1 4 4 0 4 
Jibs_PC#6479411873913513984 roll 3
Jibs_PC#6479411873913513984 roll 1
DICE 3 1 5 1 0 2 
Jibs_PC#6479411873913513984 endattack
Jibs_PC#6479411873913513984 nomove
CARD wildcard
Jibs_PC#6479411873913513984 placearmies 17 4
Jibs_PC#6479411873913513984 placearmies 14 1
Jibs_PC#6479411873913513984 attack 17 15
Jibs_PC#6479411873913513984 roll 3
Jibs_PC#6479411873913513984 roll 1
DICE 3 1 5 4 2 4 
Jibs_PC#6479411873913513984 move 4
Jibs_PC#6479411873913513984 attack 15 18
Jibs_PC#6479411873913513984 roll 3
Jibs_PC#6479411873913513984 roll 1
DICE 3 1 5 5 0 5 
Jibs_PC#6479411873913513984 roll 2
Jibs_PC#6479411873913513984 roll 1
DICE 2 1 4 3 2 
Jibs_PC#6479411873913513984 attack 33 32
Jibs_PC#6479411873913513984 roll 3
Jibs_PC#6479411873913513984 roll 2
DICE 3 2 3 3 1 3 0 
Jibs_PC#6479411873913513984 roll 3
Jibs_PC#6479411873913513984 roll 2
DICE 3 2 5 3 0 3 0 
Jibs_PC#6479411873913513984 endattack
Jibs_PC#6479411873913513984 movearmies 32 33 2
CARD 38
Jibs_PC#6479411873913513984 placearmies 12 1
Jibs_PC#6479411873913513984 placearmies 9 3
Jibs_PC#6479411873913513984 placearmies 9 1
Jibs_PC#6479411873913513984 attack 9 4
Jibs_PC#6479411873913513984 roll 3
Jibs_PC#6479411873913513984 roll 1
DICE 3 1 4 3 1 0 
Jibs_PC#6479411873913513984 move 5
Jibs_PC#6479411873913513984 endattack
Jibs_PC#6479411873913513984 nomove
CARD 5
Jibs_PC#6479411873913513984 trade 33 12 41
Jibs_PC#6479411873913513984 placearmies 22 4
Jibs_PC#6479411873913513984 placearmies 21 3
Jibs_PC#6479411873913513984 placearmies 21 5
Jibs_PC#6479411873913513984 placearmies 21 2
Jibs_PC#6479411873913513984 attack 21 20
Jibs_PC#6479411873913513984 roll 3
Jibs_PC#6479411873913513984 roll 1
DICE 3 1 5 2 1 0 
Jibs_PC#6479411873913513984 move 10
Jibs_PC#6479411873913513984 attack 22 31
Jibs_PC#6479411873913513984 roll 3
Jibs_PC#6479411873913513984 roll 1
DICE 3 1 3 1 0 5 
Jibs_PC#6479411873913513984 roll 3
Jibs_PC#6479411873913513984 roll 1
DICE 3 1 3 1 0 0 
Jibs_PC#6479411873913513984 move 6
Jibs_PC#6479411873913513984 attack 20 16
Jibs_PC#6479411873913513984 roll 3
Jibs_PC#6479411873913513984 roll 1
DICE 3 1 3 3 2 3 
Jibs_PC#6479411873913513984 roll 3
Jibs_PC#6479411873913513984 roll 1
DICE 3 1 4 3 1 1 
Jibs_PC#6479411873913513984 move 7
Jibs_PC#6479411873913513984 attack 16 15
Jibs_PC#6479411873913513984 roll 3
Jibs_PC#6479411873913513984 roll 1
DICE 3 1 4 1 0 4 
Jibs_PC#6479411873913513984 roll 3
Jibs_PC#6479411873913513984 roll 1
DICE 3 1 4 4 0 5 
Jibs_PC#6479411873913513984 retreat
Jibs_PC#6479411873913513984 attack 31 30
Jibs_PC#6479411873913513984 roll 3
Jibs_PC#6479411873913513984 roll 1
DICE 3 1 5 3 2 0 
Jibs_PC#6479411873913513984 move 4
Jibs_PC#6479411873913513984 attack 16 28
Jibs_PC#6479411873913513984 roll 3
Jibs_PC#6479411873913513984 roll 1
DICE 3 1 5 2 2 0 
Jibs_PC#6479411873913513984 move 4
Jibs_PC#6479411873913513984 endattack
Jibs_PC#6479411873913513984 movearmies 30 31 3
CARD 32
Jibs_PC#6479411873913513984 placearmies 29 3
Jibs_PC#6479411873913513984 attack 29 33
Jibs_PC#6479411873913513984 roll 3
Jibs_PC#6479411873913513984 roll 2
DICE 3 2 4 3 3 3 1 
Jibs_PC#6479411873913513984 roll 3
Jibs_PC#6479411873913513984 roll 1
DICE 3 1 3 1 1 0 
Jibs_PC#6479411873913513984 move 4
Jibs_PC#6479411873913513984 attack 33 32
Jibs_PC#6479411873913513984 roll 3
Jibs_PC#6479411873913513984 roll 1
DICE 3 1 5 2 0 3 
Jibs_PC#6479411873913513984 attack 32 30
Jibs_PC#6479411873913513984 roll 2
Jibs_PC#6479411873913513984 roll 1
DICE 2 1 4 0 4 
Jibs_PC#6479411873913513984 retreat
Jibs_PC#6479411873913513984 endattack
Jibs_PC#6479411873913513984 movearmies 36 38 1
CARD 2
Jibs_PC#6479411873913513984 placearmies 6 2
Jibs_PC#6479411873913513984 placearmies 6 1
Jibs_PC#6479411873913513984 attack 6 8
Jibs_PC#6479411873913513984 roll 3
Jibs_PC#6479411873913513984 roll 1
DICE 3 1 5 1 1 0 
Jibs_PC#6479411873913513984 move 4
Jibs_PC#6479411873913513984 endattack
Jibs_PC#6479411873913513984 nomove
CARD 29
Jibs_PC#6479411873913513984 placearmies 18 2
Jibs_PC#6479411873913513984 placearmies 39 1
Jibs_PC#6479411873913513984 placearmies 18 1
Jibs_PC#6479411873913513984 placearmies 18 1
Jibs_PC#6479411873913513984 attack 18 20
Jibs_PC#6479411873913513984 roll 3
Jibs_PC#6479411873913513984 roll 2
DICE 3 2 5 3 0 1 0 
Jibs_PC#6479411873913513984 move 5
Jibs_PC#6479411873913513984 attack 20 22
Jibs_PC#6479411873913513984 roll 3
Jibs_PC#6479411873913513984 roll 1
DICE 3 1 4 1 0 5 
Jibs_PC#6479411873913513984 roll 3
Jibs_PC#6479411873913513984 roll 1
DICE 3 1 5 1 0 1 
Jibs_PC#6479411873913513984 endattack
Jibs_PC#6479411873913513984 nomove
CARD 19
Jibs_PC#6479411873913513984 trade 20 23 5
Jibs_PC#6479411873913513984 placearmies 9 10
Jibs_PC#6479411873913513984 placearmies 12 1
Jibs_PC#6479411873913513984 attack 4 7
Jibs_PC#6479411873913513984 roll 3
Jibs_PC#6479411873913513984 roll 1
DICE 3 1 3 2 2 3 
Jibs_PC#6479411873913513984 roll 3
Jibs_PC#6479411873913513984 roll 1
DICE 3 1 3 1 1 0 
Jibs_PC#6479411873913513984 attack 7 2
Jibs_PC#6479411873913513984 roll 2
Jibs_PC#6479411873913513984 roll 1
DICE 2 1 3 0 3 
Jibs_PC#6479411873913513984 retreat
Jibs_PC#6479411873913513984 attack 9 5
Jibs_PC#6479411873913513984 roll 3
Jibs_PC#6479411873913513984 roll 1
DICE 3 1 5 2 0 0 
Jibs_PC#6479411873913513984 move 3
Jibs_PC#6479411873913513984 attack 9 8
Jibs_PC#6479411873913513984 roll 3
Jibs_PC#6479411873913513984 roll 2
DICE 3 2 4 2 2 5 4 
Jibs_PC#6479411873913513984 roll 3
Jibs_PC#6479411873913513984 roll 2
DICE 3 2 5 3 1 2 2 
Jibs_PC#6479411873913513984 roll 3
Jibs_PC#6479411873913513984 roll 2
DICE 3 2 1 1 1 1 1 
Jibs_PC#6479411873913513984 roll 3
Jibs_PC#6479411873913513984 roll 2
DICE 3 2 5 5 0 3 0 
Jibs_PC#6479411873913513984 attack 8 6
Jibs_PC#6479411873913513984 roll 2
Jibs_PC#6479411873913513984 roll 1
DICE 2 1 3 3 2 
Jibs_PC#6479411873913513984 endattack
Jibs_PC#6479411873913513984 movearmies 5 4 2
CARD 10
Jibs_PC#6479411873913513984 trade 4 16 wildcard
Jibs_PC#6479411873913513984 placearmies 21 9
Jibs_PC#6479411873913513984 placearmies 21 2
Jibs_PC#6479411873913513984 placearmies 21 2
Jibs_PC#6479411873913513984 attack 21 12
Jibs_PC#6479411873913513984 roll 3
Jibs_PC#6479411873913513984 roll 2
DICE 3 2 2 1 0 3 0 
Jibs_PC#6479411873913513984 roll 3
Jibs_PC#6479411873913513984 roll 2
DICE 3 2 3 3 3 5 5 
Jibs_PC#6479411873913513984 roll 3
Jibs_PC#6479411873913513984 roll 2
DICE 3 2 4 2 0 3 3 
Jibs_PC#6479411873913513984 roll 3
Jibs_PC#6479411873913513984 roll 2
DICE 3 2 4 3 3 5 4 
Jibs_PC#6479411873913513984 roll 3
Jibs_PC#6479411873913513984 roll 2
DICE 3 2 3 1 1 5 3 
Jibs_PC#6479411873913513984 roll 3
Jibs_PC#6479411873913513984 roll 2
DICE 3 2 4 4 1 3 2 
Jibs_PC#6479411873913513984 roll 3
Jibs_PC#6479411873913513984 roll 2
DICE 3 2 4 3 1 3 3 
Jibs_PC#6479411873913513984 roll 3
Jibs_PC#6479411873913513984 roll 1
DICE 3 1 4 0 0 2 
Jibs_PC#6479411873913513984 move 5
Jibs_PC#6479411873913513984 attack 31 22
Jibs_PC#6479411873913513984 roll 3
Jibs_PC#6479411873913513984 roll 2
DICE 3 2 5 4 3 5 5 
Jibs_PC#6479411873913513984 retreat
Jibs_PC#6479411873913513984 attack 12 13
Jibs_PC#6479411873913513984 roll 3
Jibs_PC#6479411873913513984 roll 1
DICE 3 1 3 0 0 3 
Jibs_PC#6479411873913513984 roll 3
Jibs_PC#6479411873913513984 roll 1
DICE 3 1 5 4 0 1 
Jibs_PC#6479411873913513984 attack 13 11
Jibs_PC#6479411873913513984 roll 2
Jibs_PC#6479411873913513984 roll 1
DICE 2 1 3 3 3 
Jibs_PC#6479411873913513984 retreat
Jibs_PC#6479411873913513984 endattack
Jibs_PC#6479411873913513984 nomove
CARD 24
Jibs_PC#6479411873913513984 placearmies 32 3
Jibs_PC#6479411873913513984 attack 32 31
Jibs_PC#6479411873913513984 roll 3
Jibs_PC#6479411873913513984 roll 2
DICE 3 2 4 4 2 4 2 
Jibs_PC#6479411873913513984 roll 3
Jibs_PC#6479411873913513984 roll 2
DICE 3 2 4 4 0 4 2 
Jibs_PC#6479411873913513984 retreat
Jibs_PC#6479411873913513984 attack 32 30
Jibs_PC#6479411873913513984 roll 2
Jibs_PC#6479411873913513984 roll 1
DICE 2 1 5 4 3 
Jibs_PC#6479411873913513984 endattack
Jibs_PC#6479411873913513984 nomove
CARD 7
Jibs_PC#6479411873913513984 trade 40 17 29
Jibs_PC#6479411873913513984 placearmies 3 4
Jibs_PC#6479411873913513984 placearmies 3 1
Jibs_PC#6479411873913513984 placearmies 3 4
Jibs_PC#6479411873913513984 attack 3 4
Jibs_PC#6479411873913513984 roll 3
Jibs_PC#6479411873913513984 roll 2
DICE 3 2 5 0 0 5 1 
Jibs_PC#6479411873913513984 roll 3
Jibs_PC#6479411873913513984 roll 2
DICE 3 2 4 3 3 3 2 
Jibs_PC#6479411873913513984 roll 3
Jibs_PC#6479411873913513984 roll 1
DICE 3 1 5 2 0 1 
Jibs_PC#6479411873913513984 move 7
Jibs_PC#6479411873913513984 endattack
Jibs_PC#6479411873913513984 nomove
CARD 6
Jibs_PC#6479411873913513984 placearmies 22 1
Jibs_PC#6479411873913513984 placearmies 22 4
Jibs_PC#6479411873913513984 attack 22 31
Jibs_PC#6479411873913513984 roll 3
Jibs_PC#6479411873913513984 roll 1
DICE 3 1 5 3 2 1 
Jibs_PC#6479411873913513984 move 7
Jibs_PC#6479411873913513984 attack 31 16
Jibs_PC#6479411873913513984 roll 3
Jibs_PC#6479411873913513984 roll 2
DICE 3 2 3 0 0 3 1 
Jibs_PC#6479411873913513984 roll 3
Jibs_PC#6479411873913513984 roll 2
DICE 3 2 4 4 2 5 0 
Jibs_PC#6479411873913513984 roll 3
Jibs_PC#6479411873913513984 roll 2
DICE 3 2 2 1 1 2 0 
Jibs_PC#6479411873913513984 roll 2
Jibs_PC#6479411873913513984 roll 1
DICE 2 1 3 1 0 
Jibs_PC#6479411873913513984 endattack
Jibs_PC#6479411873913513984 nomove
CARD 18
Jibs_PC#6479411873913513984 placearmies 10 2
Jibs_PC#6479411873913513984 placearmies 10 1
Jibs_PC#6479411873913513984 attack 10 12
Jibs_PC#6479411873913513984 roll 3
Jibs_PC#6479411873913513984 roll 1
DICE 3 1 3 1 0 2 
Jibs_PC#6479411873913513984 move 4
Jibs_PC#6479411873913513984 attack 12 13
Jibs_PC#6479411873913513984 roll 3
Jibs_PC#6479411873913513984 roll 2
DICE 3 2 5 1 1 1 0 
Jibs_PC#6479411873913513984 endattack
Jibs_PC#6479411873913513984 movearmies 13 12 2
CARD 15
Jibs_PC#6479411873913513984 placearmies 24 3
Jibs_PC#6479411873913513984 attack 28 16
Jibs_PC#6479411873913513984 roll 3
Jibs_PC#6479411873913513984 roll 2
DICE 3 2 5 4 3 5 0 
Jibs_PC#6479411873913513984 roll 2
Jibs_PC#6479411873913513984 roll 1
DICE 2 1 5 0 5 
Jibs_PC#6479411873913513984 retreat
Jibs_PC#6479411873913513984 attack 24 22
Jibs_PC#6479411873913513984 roll 3
Jibs_PC#6479411873913513984 roll 1
DICE 3 1 5 2 1 4 
Jibs_PC#6479411873913513984 attack 22 20
Jibs_PC#6479411873913513984 roll 2
Jibs_PC#6479411873913513984 roll 1
DICE 2 1 4 1 3 
Jibs_PC#6479411873913513984 endattack
Jibs_PC#6479411873913513984 movearmies 20 21 1
CARD 27
Jibs_PC#6479411873913513984 trade 31 21 7
Jibs_PC#6479411873913513984 placearmies 30 10
Jibs_PC#6479411873913513984 placearmies 30 2
Jibs_PC#6479411873913513984 placearmies 33 1
Jibs_PC#6479411873913513984 attack 30 31
Jibs_PC#6479411873913513984 roll 3
Jibs_PC#6479411873913513984 roll 1
DICE 3 1 5 3 1 2 
Jibs_PC#6479411873913513984 move 13
Jibs_PC#6479411873913513984 attack 31 16
Jibs_PC#6479411873913513984 roll 3
Jibs_PC#6479411873913513984 roll 1
DICE 3 1 5 1 0 5 
Jibs_PC#6479411873913513984 roll 3
Jibs_PC#6479411873913513984 roll 1
DICE 3 1 4 2 0 0 
Jibs_PC#6479411873913513984 move 11
Jibs_PC#6479411873913513984 attack 16 28
Jibs_PC#6479411873913513984 roll 3
Jibs_PC#6479411873913513984 roll 2
DICE 3 2 5 1 0 5 0 
Jibs_PC#6479411873913513984 roll 3
Jibs_PC#6479411873913513984 roll 1
DICE 3 1 2 1 1 3 
Jibs_PC#6479411873913513984 roll 3
Jibs_PC#6479411873913513984 roll 1
DICE 3 1 4 4 2 1 
Jibs_PC#6479411873913513984 move 3
Jibs_PC#6479411873913513984 attack 16 20
Jibs_PC#6479411873913513984 roll 3
Jibs_PC#6479411873913513984 roll 1
DICE 3 1 1 1 0 1 
Jibs_PC#6479411873913513984 roll 3
Jibs_PC#6479411873913513984 roll 1
DICE 3 1 5 5 4 4 
Jibs_PC#6479411873913513984 move 3
Jibs_PC#6479411873913513984 attack 38 1
Jibs_PC#6479411873913513984 roll 3
Jibs_PC#6479411873913513984 roll 1
DICE 3 1 5 3 0 3 
Jibs_PC#6479411873913513984 move 5
Jibs_PC#6479411873913513984 attack 1 3
Jibs_PC#6479411873913513984 roll 3
Jibs_PC#6479411873913513984 roll 1
DICE 3 1 5 4 3 1 
Jibs_PC#6479411873913513984 move 3
Jibs_PC#6479411873913513984 attack 20 22
Jibs_PC#6479411873913513984 roll 2
Jibs_PC#6479411873913513984 roll 1
DICE 2 1 5 5 4 
Jibs_PC#6479411873913513984 endattack
Jibs_PC#6479411873913513984 movearmies 3 1 2
CARD 34
Jibs_PC#6479411873913513984 placearmies 4 1
Jibs_PC#6479411873913513984 placearmies 4 2
Jibs_PC#6479411873913513984 attack 4 3
Jibs_PC#6479411873913513984 roll 3
Jibs_PC#6479411873913513984 roll 1
DICE 3 1 4 4 0 0 
Jibs_PC#6479411873913513984 move 9
Jibs_PC#6479411873913513984 attack 3 1
Jibs_PC#6479411873913513984 roll 3
Jibs_PC#6479411873913513984 roll 2
DICE 3 2 3 1 0 4 0 
Jibs_PC#6479411873913513984 roll 3
Jibs_PC#6479411873913513984 roll 2
DICE 3 2 5 2 0 4 2 
Jibs_PC#6479411873913513984 roll 3
Jibs_PC#6479411873913513984 roll 2
DICE 3 2 4 1 0 5 1 
Jibs_PC#6479411873913513984 roll 3
Jibs_PC#6479411873913513984 roll 2
DICE 3 2 5 2 2 5 0 
Jibs_PC#6479411873913513984 roll 3
Jibs_PC#6479411873913513984 roll 1
DICE 3 1 3 3 0 1 
Jibs_PC#6479411873913513984 attack 1 38
Jibs_PC#6479411873913513984 roll 2
Jibs_PC#6479411873913513984 roll 1
DICE 2 1 5 3 0 
Jibs_PC#6479411873913513984 endattack
Jibs_PC#6479411873913513984 nomove
CARD 28
Jibs_PC#6479411873913513984 trade 11 38 18
Jibs_PC#6479411873913513984 placearmies 18 6
Jibs_PC#6479411873913513984 placearmies 18 5
Jibs_PC#6479411873913513984 attack 18 20
Jibs_PC#6479411873913513984 roll 3
Jibs_PC#6479411873913513984 roll 1
DICE 3 1 4 2 2 0 
Jibs_PC#6479411873913513984 move 13
Jibs_PC#6479411873913513984 attack 20 21
Jibs_PC#6479411873913513984 roll 3
Jibs_PC#6479411873913513984 roll 2
DICE 3 2 3 2 0 4 2 
Jibs_PC#6479411873913513984 roll 3
Jibs_PC#6479411873913513984 roll 2
DICE 3 2 5 3 3 3 3 
Jibs_PC#6479411873913513984 roll 3
Jibs_PC#6479411873913513984 roll 1
DICE 3 1 5 4 1 3 
Jibs_PC#6479411873913513984 move 9
Jibs_PC#6479411873913513984 attack 21 12
Jibs_PC#6479411873913513984 roll 3
Jibs_PC#6479411873913513984 roll 2
DICE 3 2 5 4 3 0 0 
Jibs_PC#6479411873913513984 roll 3
Jibs_PC#6479411873913513984 roll 1
DICE 3 1 5 5 1 1 
Jibs_PC#6479411873913513984 move 8
Jibs_PC#6479411873913513984 attack 12 13
Jibs_PC#6479411873913513984 roll 3
Jibs_PC#6479411873913513984 roll 1
DICE 3 1 5 3 0 1 
Jibs_PC#6479411873913513984 move 7
Jibs_PC#6479411873913513984 attack 13 11
Jibs_PC#6479411873913513984 roll 3
Jibs_PC#6479411873913513984 roll 1
DICE 3 1 5 3 1 2 
Jibs_PC#6479411873913513984 move 6
Jibs_PC#6479411873913513984 attack 11 10
Jibs_PC#6479411873913513984 roll 3
Jibs_PC#6479411873913513984 roll 1
DICE 3 1 3 1 0 0 
Jibs_PC#6479411873913513984 move 5
Jibs_PC#6479411873913513984 attack 10 5
Jibs_PC#6479411873913513984 roll 3
Jibs_PC#6479411873913513984 roll 1
DICE 3 1 3 1 0 3 
Jibs_PC#6479411873913513984 roll 3
Jibs_PC#6479411873913513984 roll 1
DICE 3 1 4 3 2 3 
Jibs_PC#6479411873913513984 endattack
Jibs_PC#6479411873913513984 nomove
CARD 25
Jibs_PC#6479411873913513984 placearmies 7 2
Jibs_PC#6479411873913513984 placearmies 7 1
Jibs_PC#6479411873913513984 attack 7 2
Jibs_PC#6479411873913513984 roll 3
Jibs_PC#6479411873913513984 roll 1
DICE 3 1 4 4 0 0 
Jibs_PC#6479411873913513984 move 4
Jibs_PC#6479411873913513984 attack 2 1
Jibs_PC#6479411873913513984 roll 3
Jibs_PC#6479411873913513984 roll 1
DICE 3 1 5 5 0 5 
Jibs_PC#6479411873913513984 roll 2
Jibs_PC#6479411873913513984 roll 1
DICE 2 1 3 2 5 
Jibs_PC#6479411873913513984 retreat
Jibs_PC#6479411873913513984 endattack
Jibs_PC#6479411873913513984 nomove
CARD 30
Jibs_PC#6479411873913513984 placearmies 24 3
Jibs_PC#6479411873913513984 attack 24 21
Jibs_PC#6479411873913513984 roll 3
Jibs_PC#6479411873913513984 roll 1
DICE 3 1 5 4 1 5 
Jibs_PC#6479411873913513984 roll 2
Jibs_PC#6479411873913513984 roll 1
DICE 2 1 4 3 4 
Jibs_PC#6479411873913513984 retreat
Jibs_PC#6479411873913513984 endattack
Jibs_PC#6479411873913513984 nomove
CARD 
Jibs_PC#6479411873913513984 placearmies 33 4
Jibs_PC#6479411873913513984 attack 33 39
Jibs_PC#6479411873913513984 roll 3
Jibs_PC#6479411873913513984 roll 2
DICE 3 2 2 0 0 5 4 
Jibs_PC#6479411873913513984 roll 3
Jibs_PC#6479411873913513984 roll 2
DICE 3 2 3 2 1 4 2 
Jibs_PC#6479411873913513984 retreat
Jibs_PC#6479411873913513984 endattack
Jibs_PC#6479411873913513984 movearmies 28 16 2
CARD 
Jibs_PC#6479411873913513984 placearmies 38 2
Jibs_PC#6479411873913513984 placearmies 4 1
Jibs_PC#6479411873913513984 attack 38 37
Jibs_PC#6479411873913513984 roll 3
Jibs_PC#6479411873913513984 roll 1
DICE 3 1 3 2 1 3 
Jibs_PC#6479411873913513984 roll 2
Jibs_PC#6479411873913513984 roll 1
DICE 2 1 0 0 1 
Jibs_PC#6479411873913513984 retreat
Jibs_PC#6479411873913513984 endattack
Jibs_PC#6479411873913513984 nomove
CARD 
Jibs_PC#6479411873913513984 placearmies 15 8
Jibs_PC#6479411873913513984 placearmies 21 1
Jibs_PC#6479411873913513984 attack 15 16
Jibs_PC#6479411873913513984 roll 3
Jibs_PC#6479411873913513984 roll 2
DICE 3 2 5 5 1 1 0 
Jibs_PC#6479411873913513984 roll 3
Jibs_PC#6479411873913513984 roll 2
DICE 3 2 5 4 0 3 2 
Jibs_PC#6479411873913513984 move 8
