Jibs_PC#8751584827383332864 newplayer human green s0914007
Jibs_PC#8751584827383332864 newplayer human blue punit
Jibs_PC#8751584827383332864 newplayer human red fred
Jibs_PC#8751584827383332864 startgame mission fixed autoplaceall recycle
PLAYER s0914007
MISSION 0 0 1
PLACEALL 16 42 30 24 29 20 21 32 9 12 14 34 37 5 18 41 33 40 6 7 23 3 27 10 39 31 13 11 19 17 22 2 25 4 26 28 36 35 15 38 8 1
Jibs_PC#8751584827383332864 placearmies 11 1
CARD 
Jibs_PC#8751584827383332864 placearmies 2 1
CARD 
Jibs_PC#8751584827383332864 placearmies 25 1
CARD 
Jibs_PC#8751584827383332864 placearmies 12 1
CARD 
Jibs_PC#8751584827383332864 placearmies 2 1
CARD 
Jibs_PC#8751584827383332864 placearmies 18 1
CARD 
Jibs_PC#8751584827383332864 placearmies 12 1
CARD 
Jibs_PC#8751584827383332864 placearmies 2 1
CARD 
Jibs_PC#8751584827383332864 placearmies 10 1
CARD 
Jibs_PC#8751584827383332864 placearmies 12 1
CARD 
Jibs_PC#8751584827383332864 placearmies 2 1
CARD 
Jibs_PC#8751584827383332864 placearmies 18 1
CARD 
Jibs_PC#8751584827383332864 placearmies 12 1
CARD 
Jibs_PC#8751584827383332864 placearmies 2 1
CARD 
Jibs_PC#8751584827383332864 placearmies 18 1
CARD 
Jibs_PC#8751584827383332864 placearmies 12 1
CARD 
Jibs_PC#8751584827383332864 placearmies 2 1
CARD 
Jibs_PC#8751584827383332864 placearmies 18 1
CARD 
Jibs_PC#8751584827383332864 placearmies 12 1
CARD 
Jibs_PC#8751584827383332864 placearmies 2 1
CARD 
Jibs_PC#8751584827383332864 placearmies 18 1
CARD 
Jibs_PC#8751584827383332864 placearmies 12 1
CARD 
Jibs_PC#8751584827383332864 placearmies 14 1
CARD 
Jibs_PC#8751584827383332864 placearmies 23 1
CARD 
Jibs_PC#8751584827383332864 placearmies 12 1
CARD 
Jibs_PC#8751584827383332864 placearmies 14 1
CARD 
Jibs_PC#8751584827383332864 placearmies 10 1
CARD 
Jibs_PC#8751584827383332864 placearmies 41 1
CARD 
Jibs_PC#8751584827383332864 placearmies 14 1
CARD 
Jibs_PC#8751584827383332864 placearmies 10 1
CARD 
Jibs_PC#8751584827383332864 placearmies 41 1
CARD 
Jibs_PC#8751584827383332864 placearmies 14 1
CARD 
Jibs_PC#8751584827383332864 placearmies 13 1
CARD 
Jibs_PC#8751584827383332864 placearmies 41 1
CARD 
Jibs_PC#8751584827383332864 placearmies 14 1
CARD 
Jibs_PC#8751584827383332864 placearmies 10 1
CARD 
Jibs_PC#8751584827383332864 placearmies 11 1
CARD 
Jibs_PC#8751584827383332864 placearmies 42 1
CARD 
Jibs_PC#8751584827383332864 placearmies 13 1
CARD 
Jibs_PC#8751584827383332864 placearmies 11 1
CARD 
Jibs_PC#8751584827383332864 placearmies 42 1
CARD 
Jibs_PC#8751584827383332864 placearmies 15 1
CARD 
Jibs_PC#8751584827383332864 placearmies 41 1
CARD 
Jibs_PC#8751584827383332864 placearmies 42 1
CARD 
Jibs_PC#8751584827383332864 placearmies 15 1
CARD 
Jibs_PC#8751584827383332864 placearmies 41 1
CARD 
Jibs_PC#8751584827383332864 placearmies 42 1
CARD 
Jibs_PC#8751584827383332864 placearmies 20 1
CARD 
Jibs_PC#8751584827383332864 placearmies 41 1
CARD 
Jibs_PC#8751584827383332864 placearmies 7 1
CARD 
Jibs_PC#8751584827383332864 placearmies 13 1
CARD 
Jibs_PC#8751584827383332864 placearmies 11 1
CARD 
Jibs_PC#8751584827383332864 placearmies 7 1
CARD 
Jibs_PC#8751584827383332864 placearmies 13 1
CARD 
Jibs_PC#8751584827383332864 placearmies 11 1
CARD 
Jibs_PC#8751584827383332864 placearmies 7 1
CARD 
Jibs_PC#8751584827383332864 placearmies 10 1
CARD 
Jibs_PC#8751584827383332864 placearmies 11 1
CARD 
Jibs_PC#8751584827383332864 placearmies 8 1
CARD 
Jibs_PC#8751584827383332864 placearmies 23 1
CARD 
Jibs_PC#8751584827383332864 placearmies 41 1
CARD 
Jibs_PC#8751584827383332864 placearmies 42 1
CARD 
Jibs_PC#8751584827383332864 placearmies 13 1
CARD 
Jibs_PC#8751584827383332864 placearmies 11 1
Jibs_PC#8751584827383332864 placearmies 12 1
Jibs_PC#8751584827383332864 placearmies 41 1
Jibs_PC#8751584827383332864 placearmies 11 1
Jibs_PC#8751584827383332864 attack 41 42
Jibs_PC#8751584827383332864 roll 3
Jibs_PC#8751584827383332864 roll 2
DICE 3 2 3 1 0 4 2 
Jibs_PC#8751584827383332864 roll 3
Jibs_PC#8751584827383332864 roll 2
DICE 3 2 5 5 3 5 1 
Jibs_PC#8751584827383332864 roll 3
Jibs_PC#8751584827383332864 roll 2
DICE 3 2 3 2 2 4 0 
Jibs_PC#8751584827383332864 roll 3
Jibs_PC#8751584827383332864 roll 2
DICE 3 2 5 5 0 3 1 
Jibs_PC#8751584827383332864 roll 3
Jibs_PC#8751584827383332864 roll 2
DICE 3 2 5 4 2 4 0 
Jibs_PC#8751584827383332864 move all
Jibs_PC#8751584827383332864 attack 42 40
Jibs_PC#8751584827383332864 roll 3
Jibs_PC#8751584827383332864 roll 1
DICE 3 1 3 2 2 2 
Jibs_PC#8751584827383332864 attack 11 13
Jibs_PC#8751584827383332864 roll 3
Jibs_PC#8751584827383332864 roll 2
DICE 3 2 4 2 0 5 5 
Jibs_PC#8751584827383332864 roll 3
Jibs_PC#8751584827383332864 roll 2
DICE 3 2 2 1 1 3 2 
Jibs_PC#8751584827383332864 roll 3
Jibs_PC#8751584827383332864 roll 2
DICE 3 2 5 4 2 3 0 
Jibs_PC#8751584827383332864 roll 3
Jibs_PC#8751584827383332864 roll 2
DICE 3 2 5 2 0 3 1 
Jibs_PC#8751584827383332864 roll 3
Jibs_PC#8751584827383332864 roll 2
DICE 3 2 2 1 1 1 0 
Jibs_PC#8751584827383332864 move all
Jibs_PC#8751584827383332864 attack 12 10
Jibs_PC#8751584827383332864 roll 3
Jibs_PC#8751584827383332864 roll 2
DICE 3 2 4 3 1 4 3 
Jibs_PC#8751584827383332864 roll 3
Jibs_PC#8751584827383332864 roll 2
DICE 3 2 5 2 1 5 4 
Jibs_PC#8751584827383332864 roll 3
Jibs_PC#8751584827383332864 roll 2
DICE 3 2 5 5 1 2 1 
Jibs_PC#8751584827383332864 roll 3
Jibs_PC#8751584827383332864 roll 2
DICE 3 2 3 3 2 4 0 
Jibs_PC#8751584827383332864 roll 3
Jibs_PC#8751584827383332864 roll 2
DICE 3 2 2 2 0 3 3 
Jibs_PC#8751584827383332864 roll 2
Jibs_PC#8751584827383332864 roll 2
DICE 2 2 2 0 5 3 
Jibs_PC#8751584827383332864 endattack
Jibs_PC#8751584827383332864 movearmies 40 39 2
CARD 40
Jibs_PC#8751584827383332864 placearmies 5 1
Jibs_PC#8751584827383332864 placearmies 33 1
Jibs_PC#8751584827383332864 placearmies 19 1
Jibs_PC#8751584827383332864 placearmies 33 1
Jibs_PC#8751584827383332864 attack 2 1
Jibs_PC#8751584827383332864 roll 3
Jibs_PC#8751584827383332864 roll 1
DICE 3 1 2 1 0 5 
Jibs_PC#8751584827383332864 roll 3
Jibs_PC#8751584827383332864 roll 1
DICE 3 1 5 1 0 0 
Jibs_PC#8751584827383332864 move 5
Jibs_PC#8751584827383332864 attack 2 3
Jibs_PC#8751584827383332864 roll 1
Jibs_PC#8751584827383332864 roll 1
DICE 1 1 2 0 
Jibs_PC#8751584827383332864 attack 5 4
Jibs_PC#8751584827383332864 roll 1
Jibs_PC#8751584827383332864 roll 1
DICE 1 1 0 1 
Jibs_PC#8751584827383332864 attack 8 9
Jibs_PC#8751584827383332864 roll 1
Jibs_PC#8751584827383332864 roll 1
DICE 1 1 2 5 
Jibs_PC#8751584827383332864 attack 7 4
Jibs_PC#8751584827383332864 roll 3
Jibs_PC#8751584827383332864 roll 1
DICE 3 1 5 2 0 5 
Jibs_PC#8751584827383332864 roll 2
Jibs_PC#8751584827383332864 roll 1
DICE 2 1 3 1 1 
Jibs_PC#8751584827383332864 attack 4 9
Jibs_PC#8751584827383332864 roll 1
Jibs_PC#8751584827383332864 roll 1
DICE 1 1 1 4 
Jibs_PC#8751584827383332864 endattack
Jibs_PC#8751584827383332864 nomove
CARD 42
Jibs_PC#8751584827383332864 placearmies 10 1
Jibs_PC#8751584827383332864 placearmies 10 1
Jibs_PC#8751584827383332864 placearmies 10 1
Jibs_PC#8751584827383332864 attack 10 12
Jibs_PC#8751584827383332864 roll 3
Jibs_PC#8751584827383332864 roll 1
DICE 3 1 4 2 2 3 
Jibs_PC#8751584827383332864 move 3
Jibs_PC#8751584827383332864 attack 12 11
Jibs_PC#8751584827383332864 roll 2
Jibs_PC#8751584827383332864 roll 1
DICE 2 1 4 2 5 
Jibs_PC#8751584827383332864 roll 1
Jibs_PC#8751584827383332864 roll 1
DICE 1 1 3 1 
Jibs_PC#8751584827383332864 attack 18 16
Jibs_PC#8751584827383332864 roll 3
Jibs_PC#8751584827383332864 roll 1
DICE 3 1 4 3 3 0 
Jibs_PC#8751584827383332864 move all
Jibs_PC#8751584827383332864 attack 15 14
Jibs_PC#8751584827383332864 retreat
Jibs_PC#8751584827383332864 attack 23 24
Jibs_PC#8751584827383332864 roll 2
Jibs_PC#8751584827383332864 roll 1
DICE 2 1 0 0 1 
Jibs_PC#8751584827383332864 roll 1
Jibs_PC#8751584827383332864 roll 1
DICE 1 1 4 4 
Jibs_PC#8751584827383332864 endattack
Jibs_PC#8751584827383332864 movearmies 15 17 1
CARD 15
Jibs_PC#8751584827383332864 placearmies 39 1
Jibs_PC#8751584827383332864 placearmies 39 1
Jibs_PC#8751584827383332864 placearmies 39 1
Jibs_PC#8751584827383332864 placearmies 13 1
Jibs_PC#8751584827383332864 placearmies 13 1
Jibs_PC#8751584827383332864 placearmies 13 1
Jibs_PC#8751584827383332864 attack 13 11
Jibs_PC#8751584827383332864 roll 3
Jibs_PC#8751584827383332864 roll 1
DICE 3 1 3 3 0 3 
Jibs_PC#8751584827383332864 roll 3
Jibs_PC#8751584827383332864 roll 1
DICE 3 1 5 4 2 3 
Jibs_PC#8751584827383332864 move all
Jibs_PC#8751584827383332864 attack 11 10
Jibs_PC#8751584827383332864 roll 3
Jibs_PC#8751584827383332864 roll 2
DICE 3 2 3 2 1 4 1 
Jibs_PC#8751584827383332864 roll 3
Jibs_PC#8751584827383332864 roll 2
DICE 3 2 4 4 2 5 3 
Jibs_PC#8751584827383332864 roll 2
Jibs_PC#8751584827383332864 roll 1
DICE 2 1 5 5 3 
Jibs_PC#8751584827383332864 attack 10 12
Jibs_PC#8751584827383332864 roll 1
Jibs_PC#8751584827383332864 roll 1
DICE 1 1 1 3 
Jibs_PC#8751584827383332864 endattack
Jibs_PC#8751584827383332864 nomove
CARD 13
Jibs_PC#8751584827383332864 placearmies 8 1
Jibs_PC#8751584827383332864 placearmies 8 1
Jibs_PC#8751584827383332864 placearmies 8 1
Jibs_PC#8751584827383332864 placearmies 19 1
Jibs_PC#8751584827383332864 placearmies 33 1
Jibs_PC#8751584827383332864 attack 8 9
Jibs_PC#8751584827383332864 roll 1
Jibs_PC#8751584827383332864 roll 1
DICE 1 1 5 4 
Jibs_PC#8751584827383332864 move 1
Jibs_PC#8751584827383332864 attack 8 6
Jibs_PC#8751584827383332864 roll 1
Jibs_PC#8751584827383332864 roll 1
DICE 1 1 5 2 
Jibs_PC#8751584827383332864 move 1
Jibs_PC#8751584827383332864 attack 19 17
Jibs_PC#8751584827383332864 roll 1
Jibs_PC#8751584827383332864 roll 2
DICE 1 2 0 5 5 
Jibs_PC#8751584827383332864 roll 1
Jibs_PC#8751584827383332864 roll 2
DICE 1 2 2 4 1 
Jibs_PC#8751584827383332864 endattack
Jibs_PC#8751584827383332864 nomove
CARD wildcard
Jibs_PC#8751584827383332864 placearmies 12 1
Jibs_PC#8751584827383332864 placearmies 12 1
Jibs_PC#8751584827383332864 placearmies 12 1
Jibs_PC#8751584827383332864 attack 12 11
Jibs_PC#8751584827383332864 roll 3
Jibs_PC#8751584827383332864 roll 1
DICE 3 1 4 4 1 5 
Jibs_PC#8751584827383332864 roll 2
Jibs_PC#8751584827383332864 roll 1
DICE 2 1 3 0 1 
Jibs_PC#8751584827383332864 attack 25 26
Jibs_PC#8751584827383332864 roll 1
Jibs_PC#8751584827383332864 roll 1
DICE 1 1 2 1 
Jibs_PC#8751584827383332864 endattack
Jibs_PC#8751584827383332864 movearmies 16 15 3
CARD 19
Jibs_PC#8751584827383332864 placearmies 39 1
Jibs_PC#8751584827383332864 placearmies 39 1
Jibs_PC#8751584827383332864 placearmies 13 1
Jibs_PC#8751584827383332864 placearmies 13 1
Jibs_PC#8751584827383332864 placearmies 13 1
Jibs_PC#8751584827383332864 placearmies 13 1
Jibs_PC#8751584827383332864 attack 13 11
Jibs_PC#8751584827383332864 roll 3
Jibs_PC#8751584827383332864 roll 2
DICE 3 2 5 3 3 3 0 
Jibs_PC#8751584827383332864 move all
Jibs_PC#8751584827383332864 attack 39 33
Jibs_PC#8751584827383332864 roll 3
Jibs_PC#8751584827383332864 roll 2
DICE 3 2 5 3 0 4 0 
Jibs_PC#8751584827383332864 roll 3
Jibs_PC#8751584827383332864 roll 2
DICE 3 2 4 4 1 3 3 
Jibs_PC#8751584827383332864 move all
Jibs_PC#8751584827383332864 attack 11 12
Jibs_PC#8751584827383332864 roll 3
Jibs_PC#8751584827383332864 roll 1
DICE 3 1 4 1 0 4 
Jibs_PC#8751584827383332864 roll 2
Jibs_PC#8751584827383332864 roll 1
DICE 2 1 3 1 4 
Jibs_PC#8751584827383332864 roll 1
Jibs_PC#8751584827383332864 roll 1
DICE 1 1 2 1 
Jibs_PC#8751584827383332864 endattack
Jibs_PC#8751584827383332864 nomove
CARD 41
Jibs_PC#8751584827383332864 placearmies 19 1
Jibs_PC#8751584827383332864 placearmies 19 1
Jibs_PC#8751584827383332864 placearmies 19 1
Jibs_PC#8751584827383332864 placearmies 19 1
Jibs_PC#8751584827383332864 placearmies 19 1
Jibs_PC#8751584827383332864 placearmies 19 1
Jibs_PC#8751584827383332864 placearmies 19 1
Jibs_PC#8751584827383332864 placearmies 19 1
Jibs_PC#8751584827383332864 placearmies 19 1
Jibs_PC#8751584827383332864 placearmies 19 1
Jibs_PC#8751584827383332864 attack 19 20
Jibs_PC#8751584827383332864 roll 1
Jibs_PC#8751584827383332864 roll 2
DICE 1 2 0 4 2 
Jibs_PC#8751584827383332864 roll 1
Jibs_PC#8751584827383332864 roll 2
DICE 1 2 5 1 0 
Jibs_PC#8751584827383332864 roll 3
Jibs_PC#8751584827383332864 roll 1
DICE 3 1 5 2 0 3 
Jibs_PC#8751584827383332864 move all
Jibs_PC#8751584827383332864 attack 20 16
Jibs_PC#8751584827383332864 roll 3
Jibs_PC#8751584827383332864 roll 2
DICE 3 2 2 1 1 1 1 
Jibs_PC#8751584827383332864 roll 3
Jibs_PC#8751584827383332864 roll 1
DICE 3 1 3 3 1 0 
Jibs_PC#8751584827383332864 move all
Jibs_PC#8751584827383332864 attack 16 18
Jibs_PC#8751584827383332864 roll 1
Jibs_PC#8751584827383332864 roll 1
DICE 1 1 2 5 
Jibs_PC#8751584827383332864 roll 1
Jibs_PC#8751584827383332864 roll 1
DICE 1 1 1 4 
Jibs_PC#8751584827383332864 roll 1
Jibs_PC#8751584827383332864 roll 1
DICE 1 1 5 5 
Jibs_PC#8751584827383332864 roll 1
Jibs_PC#8751584827383332864 roll 1
DICE 1 1 1 3 
Jibs_PC#8751584827383332864 roll 1
Jibs_PC#8751584827383332864 roll 1
DICE 1 1 0 3 
Jibs_PC#8751584827383332864 roll 1
Jibs_PC#8751584827383332864 roll 1
DICE 1 1 0 5 
Jibs_PC#8751584827383332864 endattack
Jibs_PC#8751584827383332864 nomove
CARD wildcard
Jibs_PC#8751584827383332864 placearmies 15 1
Jibs_PC#8751584827383332864 placearmies 15 1
Jibs_PC#8751584827383332864 placearmies 15 1
Jibs_PC#8751584827383332864 attack 15 16
Jibs_PC#8751584827383332864 roll 3
Jibs_PC#8751584827383332864 roll 1
DICE 3 1 4 4 3 0 
Jibs_PC#8751584827383332864 move 4
Jibs_PC#8751584827383332864 attack 16 20
Jibs_PC#8751584827383332864 roll 3
Jibs_PC#8751584827383332864 roll 1
DICE 3 1 3 3 1 1 
Jibs_PC#8751584827383332864 attack 20 19
Jibs_PC#8751584827383332864 roll 2
Jibs_PC#8751584827383332864 roll 1
DICE 2 1 3 0 4 
Jibs_PC#8751584827383332864 roll 1
Jibs_PC#8751584827383332864 roll 1
DICE 1 1 0 1 
Jibs_PC#8751584827383332864 endattack
Jibs_PC#8751584827383332864 nomove
CARD 21
Jibs_PC#8751584827383332864 trade 40 13 41
Jibs_PC#8751584827383332864 placearmies 10 1
Jibs_PC#8751584827383332864 placearmies 10 1
Jibs_PC#8751584827383332864 placearmies 10 1
Jibs_PC#8751584827383332864 placearmies 10 1
Jibs_PC#8751584827383332864 placearmies 10 1
Jibs_PC#8751584827383332864 placearmies 33 1
Jibs_PC#8751584827383332864 placearmies 33 1
Jibs_PC#8751584827383332864 placearmies 33 1
Jibs_PC#8751584827383332864 placearmies 33 1
Jibs_PC#8751584827383332864 placearmies 38 1
Jibs_PC#8751584827383332864 placearmies 38 1
Jibs_PC#8751584827383332864 placearmies 38 1
Jibs_PC#8751584827383332864 placearmies 10 1
Jibs_PC#8751584827383332864 placearmies 38 1
Jibs_PC#8751584827383332864 placearmies 38 1
Jibs_PC#8751584827383332864 placearmies 38 1
Jibs_PC#8751584827383332864 placearmies 38 1
Jibs_PC#8751584827383332864 placearmies 10 1
Jibs_PC#8751584827383332864 placearmies 38 1
Jibs_PC#8751584827383332864 attack 33 32
Jibs_PC#8751584827383332864 roll 3
Jibs_PC#8751584827383332864 roll 1
DICE 3 1 5 5 5 2 
Jibs_PC#8751584827383332864 move all
Jibs_PC#8751584827383332864 attack 10 5
Jibs_PC#8751584827383332864 roll 3
Jibs_PC#8751584827383332864 roll 1
DICE 3 1 4 3 2 4 
Jibs_PC#8751584827383332864 roll 3
Jibs_PC#8751584827383332864 roll 1
DICE 3 1 4 3 1 5 
Jibs_PC#8751584827383332864 roll 3
Jibs_PC#8751584827383332864 roll 1
DICE 3 1 5 5 2 5 
Jibs_PC#8751584827383332864 roll 3
Jibs_PC#8751584827383332864 roll 1
DICE 3 1 5 4 2 0 
Jibs_PC#8751584827383332864 move all
Jibs_PC#8751584827383332864 attack 38 34
Jibs_PC#8751584827383332864 roll 3
Jibs_PC#8751584827383332864 roll 1
DICE 3 1 4 4 1 2 
Jibs_PC#8751584827383332864 move all
Jibs_PC#8751584827383332864 attack 34 35
Jibs_PC#8751584827383332864 roll 3
Jibs_PC#8751584827383332864 roll 1
DICE 3 1 4 1 1 1 
Jibs_PC#8751584827383332864 move all
Jibs_PC#8751584827383332864 attack 32 31
Jibs_PC#8751584827383332864 roll 3
Jibs_PC#8751584827383332864 roll 1
DICE 3 1 4 3 2 4 
Jibs_PC#8751584827383332864 roll 3
Jibs_PC#8751584827383332864 roll 1
DICE 3 1 5 3 1 0 
Jibs_PC#8751584827383332864 move all
Jibs_PC#8751584827383332864 attack 31 30
Jibs_PC#8751584827383332864 retreat
Jibs_PC#8751584827383332864 attack 31 30
Jibs_PC#8751584827383332864 roll 3
Jibs_PC#8751584827383332864 roll 1
DICE 3 1 3 2 2 3 
Jibs_PC#8751584827383332864 roll 3
Jibs_PC#8751584827383332864 roll 1
DICE 3 1 3 1 1 0 
Jibs_PC#8751584827383332864 move all
Jibs_PC#8751584827383332864 attack 30 28
Jibs_PC#8751584827383332864 roll 3
Jibs_PC#8751584827383332864 roll 1
DICE 3 1 5 3 0 1 
Jibs_PC#8751584827383332864 move all
Jibs_PC#8751584827383332864 attack 35 27
Jibs_PC#8751584827383332864 roll 3
Jibs_PC#8751584827383332864 roll 1
DICE 3 1 5 1 0 0 
Jibs_PC#8751584827383332864 move all
Jibs_PC#8751584827383332864 endattack
Jibs_PC#8751584827383332864 nomove
CARD 17
Jibs_PC#8751584827383332864 trade 42 wildcard wildcard
Jibs_PC#8751584827383332864 placearmies 9 1
Jibs_PC#8751584827383332864 placearmies 9 1
Jibs_PC#8751584827383332864 placearmies 9 1
Jibs_PC#8751584827383332864 placearmies 9 1
Jibs_PC#8751584827383332864 placearmies 29 1
Jibs_PC#8751584827383332864 placearmies 29 1
Jibs_PC#8751584827383332864 placearmies 29 1
Jibs_PC#8751584827383332864 placearmies 29 1
Jibs_PC#8751584827383332864 placearmies 29 1
Jibs_PC#8751584827383332864 placearmies 29 1
Jibs_PC#8751584827383332864 placearmies 29 1
Jibs_PC#8751584827383332864 placearmies 29 1
Jibs_PC#8751584827383332864 placearmies 29 1
Jibs_PC#8751584827383332864 attack 29 33
Jibs_PC#8751584827383332864 roll 3
Jibs_PC#8751584827383332864 roll 1
DICE 3 1 2 1 0 5 
Jibs_PC#8751584827383332864 roll 3
Jibs_PC#8751584827383332864 roll 1
DICE 3 1 3 3 2 4 
Jibs_PC#8751584827383332864 roll 3
Jibs_PC#8751584827383332864 roll 1
DICE 3 1 4 4 4 1 
Jibs_PC#8751584827383332864 move all
Jibs_PC#8751584827383332864 attack 33 39
Jibs_PC#8751584827383332864 roll 3
Jibs_PC#8751584827383332864 roll 1
DICE 3 1 5 2 1 4 
Jibs_PC#8751584827383332864 move all
Jibs_PC#8751584827383332864 attack 39 41
Jibs_PC#8751584827383332864 roll 3
Jibs_PC#8751584827383332864 roll 1
DICE 3 1 2 0 0 3 
Jibs_PC#8751584827383332864 roll 3
Jibs_PC#8751584827383332864 roll 1
DICE 3 1 1 1 0 4 
Jibs_PC#8751584827383332864 retreat
Jibs_PC#8751584827383332864 attack 9 5
Jibs_PC#8751584827383332864 roll 3
Jibs_PC#8751584827383332864 roll 2
DICE 3 2 5 2 0 5 0 
Jibs_PC#8751584827383332864 roll 3
Jibs_PC#8751584827383332864 roll 2
DICE 3 2 3 2 1 5 0 
Jibs_PC#8751584827383332864 roll 2
Jibs_PC#8751584827383332864 roll 2
DICE 2 2 5 5 5 2 
Jibs_PC#8751584827383332864 roll 1
Jibs_PC#8751584827383332864 roll 1
DICE 1 1 1 5 
Jibs_PC#8751584827383332864 endattack
Jibs_PC#8751584827383332864 nomove
CARD 5
Jibs_PC#8751584827383332864 placearmies 15 1
Jibs_PC#8751584827383332864 placearmies 15 1
Jibs_PC#8751584827383332864 placearmies 15 1
Jibs_PC#8751584827383332864 attack 15 14
Jibs_PC#8751584827383332864 roll 3
Jibs_PC#8751584827383332864 roll 2
DICE 3 2 5 4 1 5 5 
Jibs_PC#8751584827383332864 roll 3
Jibs_PC#8751584827383332864 roll 2
DICE 3 2 4 2 0 5 1 
Jibs_PC#8751584827383332864 roll 3
Jibs_PC#8751584827383332864 roll 2
DICE 3 2 2 2 1 4 1 
Jibs_PC#8751584827383332864 roll 2
Jibs_PC#8751584827383332864 roll 2
DICE 2 2 4 1 4 1 
Jibs_PC#8751584827383332864 endattack
Jibs_PC#8751584827383332864 nomove
CARD 
Jibs_PC#8751584827383332864 placearmies 27 1
Jibs_PC#8751584827383332864 placearmies 27 1
Jibs_PC#8751584827383332864 placearmies 27 1
Jibs_PC#8751584827383332864 placearmies 27 1
Jibs_PC#8751584827383332864 placearmies 27 1
Jibs_PC#8751584827383332864 placearmies 27 1
Jibs_PC#8751584827383332864 placearmies 27 1
Jibs_PC#8751584827383332864 placearmies 27 1
Jibs_PC#8751584827383332864 placearmies 27 1
Jibs_PC#8751584827383332864 attack 27 29
Jibs_PC#8751584827383332864 roll 3
Jibs_PC#8751584827383332864 roll 1
DICE 3 1 5 2 0 1 
Jibs_PC#8751584827383332864 move all
Jibs_PC#8751584827383332864 attack 29 33
Jibs_PC#8751584827383332864 roll 3
Jibs_PC#8751584827383332864 roll 1
DICE 3 1 4 1 1 4 
Jibs_PC#8751584827383332864 roll 3
Jibs_PC#8751584827383332864 roll 1
DICE 3 1 5 5 4 2 
Jibs_PC#8751584827383332864 move all
