Jibs_PC#6997668406083147776 newplayer human green s0914007
Jibs_PC#6997668406083147776 newplayer human blue bob
Jibs_PC#6997668406083147776 newplayer human red fred
Jibs_PC#6997668406083147776 newplayer human cyan ted
Jibs_PC#6997668406083147776 newplayer human magenta yura
Jibs_PC#6997668406083147776 newplayer human yellow lala
Jibs_PC#6997668406083147776 startgame mission fixed autoplaceall recycle
PLAYER ted
MISSION 3 2 2 0 0 0
PLACEALL 29 37 8 3 38 7 13 22 10 11 12 39 2 28 24 30 1 23 16 5 26 9 34 4 20 25 33 21 32 42 14 41 15 35 18 6 27 17 31 19 36 40
Jibs_PC#6997668406083147776 placearmies 29 1
CARD 
Jibs_PC#6997668406083147776 placearmies 25 1
CARD 
Jibs_PC#6997668406083147776 placearmies 24 1
CARD 
Jibs_PC#6997668406083147776 placearmies 19 1
CARD 
Jibs_PC#6997668406083147776 placearmies 32 1
CARD 
Jibs_PC#6997668406083147776 placearmies 6 1
CARD 
Jibs_PC#6997668406083147776 placearmies 27 1
CARD 
Jibs_PC#6997668406083147776 placearmies 22 1
CARD 
Jibs_PC#6997668406083147776 placearmies 26 1
CARD 
Jibs_PC#6997668406083147776 placearmies 19 1
CARD 
Jibs_PC#6997668406083147776 placearmies 32 1
CARD 
Jibs_PC#6997668406083147776 placearmies 6 1
CARD 
Jibs_PC#6997668406083147776 placearmies 27 1
CARD 
Jibs_PC#6997668406083147776 placearmies 25 1
CARD 
Jibs_PC#6997668406083147776 placearmies 24 1
CARD 
Jibs_PC#6997668406083147776 placearmies 19 1
CARD 
Jibs_PC#6997668406083147776 placearmies 32 1
CARD 
Jibs_PC#6997668406083147776 placearmies 6 1
CARD 
Jibs_PC#6997668406083147776 placearmies 13 1
CARD 
Jibs_PC#6997668406083147776 placearmies 41 1
CARD 
Jibs_PC#6997668406083147776 placearmies 8 1
CARD 
Jibs_PC#6997668406083147776 placearmies 19 1
CARD 
Jibs_PC#6997668406083147776 placearmies 32 1
CARD 
Jibs_PC#6997668406083147776 placearmies 6 1
CARD 
Jibs_PC#6997668406083147776 placearmies 13 1
CARD 
Jibs_PC#6997668406083147776 placearmies 22 1
CARD 
Jibs_PC#6997668406083147776 placearmies 8 1
CARD 
Jibs_PC#6997668406083147776 placearmies 19 1
CARD 
Jibs_PC#6997668406083147776 placearmies 32 1
CARD 
Jibs_PC#6997668406083147776 placearmies 6 1
CARD 
Jibs_PC#6997668406083147776 placearmies 29 1
CARD 
Jibs_PC#6997668406083147776 placearmies 41 1
CARD 
Jibs_PC#6997668406083147776 placearmies 26 1
CARD 
Jibs_PC#6997668406083147776 placearmies 19 1
CARD 
Jibs_PC#6997668406083147776 placearmies 32 1
CARD 
Jibs_PC#6997668406083147776 placearmies 6 1
CARD 
Jibs_PC#6997668406083147776 placearmies 13 1
CARD 
Jibs_PC#6997668406083147776 placearmies 41 1
CARD 
Jibs_PC#6997668406083147776 placearmies 8 1
CARD 
Jibs_PC#6997668406083147776 placearmies 19 1
CARD 
Jibs_PC#6997668406083147776 placearmies 32 1
CARD 
Jibs_PC#6997668406083147776 placearmies 6 1
CARD 
Jibs_PC#6997668406083147776 placearmies 13 1
CARD 
Jibs_PC#6997668406083147776 placearmies 25 1
CARD 
Jibs_PC#6997668406083147776 placearmies 8 1
CARD 
Jibs_PC#6997668406083147776 placearmies 11 1
CARD 
Jibs_PC#6997668406083147776 placearmies 32 1
CARD 
Jibs_PC#6997668406083147776 placearmies 42 1
CARD 
Jibs_PC#6997668406083147776 placearmies 13 1
CARD 
Jibs_PC#6997668406083147776 placearmies 22 1
CARD 
Jibs_PC#6997668406083147776 placearmies 8 1
CARD 
Jibs_PC#6997668406083147776 placearmies 11 1
CARD 
Jibs_PC#6997668406083147776 placearmies 32 1
CARD 
Jibs_PC#6997668406083147776 placearmies 42 1
CARD 
Jibs_PC#6997668406083147776 placearmies 27 1
CARD 
Jibs_PC#6997668406083147776 placearmies 41 1
CARD 
Jibs_PC#6997668406083147776 placearmies 24 1
CARD 
Jibs_PC#6997668406083147776 placearmies 11 1
CARD 
Jibs_PC#6997668406083147776 placearmies 32 1
CARD 
Jibs_PC#6997668406083147776 placearmies 42 1
CARD 
Jibs_PC#6997668406083147776 placearmies 13 1
CARD 
Jibs_PC#6997668406083147776 placearmies 41 1
CARD 
Jibs_PC#6997668406083147776 placearmies 8 1
CARD 
Jibs_PC#6997668406083147776 placearmies 11 1
CARD 
Jibs_PC#6997668406083147776 placearmies 32 1
CARD 
Jibs_PC#6997668406083147776 placearmies 42 1
CARD 
Jibs_PC#6997668406083147776 placearmies 13 1
CARD 
Jibs_PC#6997668406083147776 placearmies 41 1
CARD 
Jibs_PC#6997668406083147776 placearmies 24 1
CARD 
Jibs_PC#6997668406083147776 placearmies 11 1
CARD 
Jibs_PC#6997668406083147776 placearmies 32 1
CARD 
Jibs_PC#6997668406083147776 placearmies 42 1
CARD 
Jibs_PC#6997668406083147776 placearmies 13 1
CARD 
Jibs_PC#6997668406083147776 placearmies 22 1
CARD 
Jibs_PC#6997668406083147776 placearmies 26 1
CARD 
Jibs_PC#6997668406083147776 placearmies 19 1
CARD 
Jibs_PC#6997668406083147776 placearmies 32 1
CARD 
Jibs_PC#6997668406083147776 placearmies 42 1
CARD 
Jibs_PC#6997668406083147776 placearmies 29 1
Jibs_PC#6997668406083147776 placearmies 13 1
Jibs_PC#6997668406083147776 placearmies 13 1
Jibs_PC#6997668406083147776 attack 13 11
Jibs_PC#6997668406083147776 roll 3
Jibs_PC#6997668406083147776 roll 2
DICE 3 2 4 3 0 5 2 
Jibs_PC#6997668406083147776 roll 3
Jibs_PC#6997668406083147776 roll 2
DICE 3 2 2 0 0 2 1 
Jibs_PC#6997668406083147776 roll 3
Jibs_PC#6997668406083147776 roll 2
DICE 3 2 4 0 0 2 1 
Jibs_PC#6997668406083147776 roll 3
Jibs_PC#6997668406083147776 roll 2
DICE 3 2 3 1 1 5 4 
Jibs_PC#6997668406083147776 roll 3
Jibs_PC#6997668406083147776 roll 2
DICE 3 2 5 1 1 2 1 
Jibs_PC#6997668406083147776 roll 3
Jibs_PC#6997668406083147776 roll 2
DICE 3 2 5 4 1 5 4 
Jibs_PC#6997668406083147776 roll 1
Jibs_PC#6997668406083147776 roll 2
DICE 1 2 1 4 4 
Jibs_PC#6997668406083147776 attack 27 34
Jibs_PC#6997668406083147776 roll 3
Jibs_PC#6997668406083147776 roll 1
DICE 3 1 5 4 2 4 
Jibs_PC#6997668406083147776 attack 34 38
Jibs_PC#6997668406083147776 roll 2
Jibs_PC#6997668406083147776 roll 1
DICE 2 1 4 0 1 
Jibs_PC#6997668406083147776 attack 38 37
Jibs_PC#6997668406083147776 roll 1
Jibs_PC#6997668406083147776 roll 1
DICE 1 1 1 5 
Jibs_PC#6997668406083147776 attack 29 36
Jibs_PC#6997668406083147776 roll 3
Jibs_PC#6997668406083147776 roll 1
DICE 3 1 5 4 0 1 
Jibs_PC#6997668406083147776 attack 36 35
Jibs_PC#6997668406083147776 roll 2
Jibs_PC#6997668406083147776 roll 1
DICE 2 1 5 2 1 
Jibs_PC#6997668406083147776 endattack
Jibs_PC#6997668406083147776 nomove
CARD 21
Jibs_PC#6997668406083147776 placearmies 41 1
Jibs_PC#6997668406083147776 placearmies 41 1
Jibs_PC#6997668406083147776 placearmies 41 1
Jibs_PC#6997668406083147776 attack 41 39
Jibs_PC#6997668406083147776 roll 3
Jibs_PC#6997668406083147776 roll 1
DICE 3 1 5 4 0 3 
Jibs_PC#6997668406083147776 move all
Jibs_PC#6997668406083147776 attack 39 40
Jibs_PC#6997668406083147776 roll 3
Jibs_PC#6997668406083147776 roll 1
DICE 3 1 3 3 2 4 
Jibs_PC#6997668406083147776 roll 3
Jibs_PC#6997668406083147776 roll 1
DICE 3 1 5 2 2 3 
Jibs_PC#6997668406083147776 move all
Jibs_PC#6997668406083147776 attack 25 26
Jibs_PC#6997668406083147776 roll 3
Jibs_PC#6997668406083147776 roll 2
DICE 3 2 1 0 0 4 2 
Jibs_PC#6997668406083147776 roll 1
Jibs_PC#6997668406083147776 roll 2
DICE 1 2 0 3 3 
Jibs_PC#6997668406083147776 attack 22 21
Jibs_PC#6997668406083147776 roll 3
Jibs_PC#6997668406083147776 roll 1
DICE 3 1 5 5 0 0 
Jibs_PC#6997668406083147776 move all
Jibs_PC#6997668406083147776 attack 21 23
Jibs_PC#6997668406083147776 roll 3
Jibs_PC#6997668406083147776 roll 1
DICE 3 1 5 4 4 4 
Jibs_PC#6997668406083147776 endattack
Jibs_PC#6997668406083147776 nomove
CARD 7
Jibs_PC#6997668406083147776 placearmies 24 1
Jibs_PC#6997668406083147776 placearmies 8 1
Jibs_PC#6997668406083147776 placearmies 8 1
Jibs_PC#6997668406083147776 attack 8 7
Jibs_PC#6997668406083147776 roll 3
Jibs_PC#6997668406083147776 roll 1
DICE 3 1 5 5 0 0 
Jibs_PC#6997668406083147776 move all
Jibs_PC#6997668406083147776 attack 7 2
Jibs_PC#6997668406083147776 roll 3
Jibs_PC#6997668406083147776 roll 1
DICE 3 1 5 2 1 5 
Jibs_PC#6997668406083147776 roll 3
Jibs_PC#6997668406083147776 roll 1
DICE 3 1 4 2 0 1 
Jibs_PC#6997668406083147776 move all
Jibs_PC#6997668406083147776 attack 2 1
Jibs_PC#6997668406083147776 roll 3
Jibs_PC#6997668406083147776 roll 1
DICE 3 1 5 1 1 1 
Jibs_PC#6997668406083147776 move all
Jibs_PC#6997668406083147776 attack 1 3
Jibs_PC#6997668406083147776 roll 3
Jibs_PC#6997668406083147776 roll 1
DICE 3 1 5 0 0 1 
Jibs_PC#6997668406083147776 move all
Jibs_PC#6997668406083147776 attack 24 22
Jibs_PC#6997668406083147776 roll 3
Jibs_PC#6997668406083147776 roll 1
DICE 3 1 3 2 1 0 
Jibs_PC#6997668406083147776 move all
Jibs_PC#6997668406083147776 attack 22 21
Jibs_PC#6997668406083147776 roll 3
Jibs_PC#6997668406083147776 roll 1
DICE 3 1 5 4 0 1 
Jibs_PC#6997668406083147776 move all
Jibs_PC#6997668406083147776 attack 26 25
Jibs_PC#6997668406083147776 roll 3
Jibs_PC#6997668406083147776 roll 1
DICE 3 1 1 1 0 3 
Jibs_PC#6997668406083147776 roll 2
Jibs_PC#6997668406083147776 roll 1
DICE 2 1 5 4 5 
Jibs_PC#6997668406083147776 roll 1
Jibs_PC#6997668406083147776 roll 1
DICE 1 1 5 0 
Jibs_PC#6997668406083147776 endattack
Jibs_PC#6997668406083147776 nomove
CARD 17
Jibs_PC#6997668406083147776 placearmies 19 1
Jibs_PC#6997668406083147776 placearmies 11 1
Jibs_PC#6997668406083147776 placearmies 11 1
Jibs_PC#6997668406083147776 attack 19 17
Jibs_PC#6997668406083147776 roll 3
Jibs_PC#6997668406083147776 roll 1
DICE 3 1 4 3 1 4 
Jibs_PC#6997668406083147776 roll 3
Jibs_PC#6997668406083147776 roll 1
DICE 3 1 2 2 2 2 
Jibs_PC#6997668406083147776 roll 3
Jibs_PC#6997668406083147776 roll 1
DICE 3 1 5 2 0 3 
Jibs_PC#6997668406083147776 move all
Jibs_PC#6997668406083147776 attack 17 18
Jibs_PC#6997668406083147776 roll 3
Jibs_PC#6997668406083147776 roll 1
DICE 3 1 4 2 1 0 
Jibs_PC#6997668406083147776 move all
Jibs_PC#6997668406083147776 attack 18 20
Jibs_PC#6997668406083147776 roll 3
Jibs_PC#6997668406083147776 roll 1
DICE 3 1 4 4 3 0 
Jibs_PC#6997668406083147776 move all
Jibs_PC#6997668406083147776 attack 20 16
Jibs_PC#6997668406083147776 roll 3
Jibs_PC#6997668406083147776 roll 1
DICE 3 1 5 4 2 5 
Jibs_PC#6997668406083147776 roll 3
Jibs_PC#6997668406083147776 roll 1
DICE 3 1 5 3 1 1 
Jibs_PC#6997668406083147776 attack 16 15
Jibs_PC#6997668406083147776 roll 2
Jibs_PC#6997668406083147776 roll 1
DICE 2 1 5 2 3 
Jibs_PC#6997668406083147776 attack 15 14
Jibs_PC#6997668406083147776 roll 1
Jibs_PC#6997668406083147776 roll 1
DICE 1 1 5 3 
Jibs_PC#6997668406083147776 attack 11 13
Jibs_PC#6997668406083147776 roll 3
Jibs_PC#6997668406083147776 roll 1
DICE 3 1 5 4 4 3 
Jibs_PC#6997668406083147776 move all
Jibs_PC#6997668406083147776 attack 13 12
Jibs_PC#6997668406083147776 roll 3
Jibs_PC#6997668406083147776 roll 1
DICE 3 1 4 1 0 3 
Jibs_PC#6997668406083147776 attack 12 10
Jibs_PC#6997668406083147776 roll 2
Jibs_PC#6997668406083147776 roll 1
DICE 2 1 3 1 4 
Jibs_PC#6997668406083147776 roll 1
Jibs_PC#6997668406083147776 roll 1
DICE 1 1 2 0 
Jibs_PC#6997668406083147776 endattack
Jibs_PC#6997668406083147776 nomove
CARD 20
Jibs_PC#6997668406083147776 placearmies 32 1
Jibs_PC#6997668406083147776 placearmies 32 1
Jibs_PC#6997668406083147776 placearmies 32 1
Jibs_PC#6997668406083147776 attack 32 30
Jibs_PC#6997668406083147776 roll 3
Jibs_PC#6997668406083147776 roll 1
DICE 3 1 4 4 2 4 
Jibs_PC#6997668406083147776 roll 3
Jibs_PC#6997668406083147776 roll 1
DICE 3 1 3 3 1 4 
Jibs_PC#6997668406083147776 roll 3
Jibs_PC#6997668406083147776 roll 1
DICE 3 1 2 2 1 5 
Jibs_PC#6997668406083147776 roll 3
Jibs_PC#6997668406083147776 roll 1
DICE 3 1 5 3 3 3 
Jibs_PC#6997668406083147776 move 4
Jibs_PC#6997668406083147776 attack 32 29
Jibs_PC#6997668406083147776 roll 3
Jibs_PC#6997668406083147776 roll 1
DICE 3 1 3 3 0 1 
Jibs_PC#6997668406083147776 move all
Jibs_PC#6997668406083147776 attack 29 36
Jibs_PC#6997668406083147776 roll 3
Jibs_PC#6997668406083147776 roll 1
DICE 3 1 5 2 0 1 
Jibs_PC#6997668406083147776 move all
Jibs_PC#6997668406083147776 attack 36 38
Jibs_PC#6997668406083147776 roll 3
Jibs_PC#6997668406083147776 roll 1
DICE 3 1 3 2 0 5 
Jibs_PC#6997668406083147776 roll 3
Jibs_PC#6997668406083147776 roll 1
DICE 3 1 3 2 1 4 
Jibs_PC#6997668406083147776 roll 3
Jibs_PC#6997668406083147776 roll 1
DICE 3 1 4 4 3 5 
Jibs_PC#6997668406083147776 roll 3
Jibs_PC#6997668406083147776 roll 1
DICE 3 1 5 4 2 2 
Jibs_PC#6997668406083147776 move all
Jibs_PC#6997668406083147776 attack 38 34
Jibs_PC#6997668406083147776 roll 3
Jibs_PC#6997668406083147776 roll 1
DICE 3 1 4 2 1 3 
Jibs_PC#6997668406083147776 attack 34 35
Jibs_PC#6997668406083147776 roll 2
Jibs_PC#6997668406083147776 roll 2
DICE 2 2 5 4 3 0 
Jibs_PC#6997668406083147776 attack 35 27
Jibs_PC#6997668406083147776 roll 1
Jibs_PC#6997668406083147776 roll 1
DICE 1 1 4 2 
Jibs_PC#6997668406083147776 attack 30 31
Jibs_PC#6997668406083147776 roll 3
Jibs_PC#6997668406083147776 roll 1
DICE 3 1 5 3 2 3 
Jibs_PC#6997668406083147776 attack 31 22
Jibs_PC#6997668406083147776 roll 2
Jibs_PC#6997668406083147776 roll 1
DICE 2 1 4 0 2 
Jibs_PC#6997668406083147776 attack 22 24
Jibs_PC#6997668406083147776 roll 1
Jibs_PC#6997668406083147776 roll 1
DICE 1 1 4 3 
Jibs_PC#6997668406083147776 endattack
Jibs_PC#6997668406083147776 nomove
CARD 38
Jibs_PC#6997668406083147776 placearmies 42 1
Jibs_PC#6997668406083147776 placearmies 42 1
Jibs_PC#6997668406083147776 placearmies 42 1
Jibs_PC#6997668406083147776 attack 42 40
Jibs_PC#6997668406083147776 roll 3
Jibs_PC#6997668406083147776 roll 2
DICE 3 2 3 1 1 4 2 
Jibs_PC#6997668406083147776 roll 3
Jibs_PC#6997668406083147776 roll 2
DICE 3 2 5 2 1 2 1 
Jibs_PC#6997668406083147776 roll 3
Jibs_PC#6997668406083147776 roll 2
DICE 3 2 3 3 2 5 0 
Jibs_PC#6997668406083147776 roll 3
Jibs_PC#6997668406083147776 roll 2
DICE 3 2 4 1 1 5 0 
Jibs_PC#6997668406083147776 roll 3
Jibs_PC#6997668406083147776 roll 2
DICE 3 2 3 2 0 4 1 
Jibs_PC#6997668406083147776 roll 3
Jibs_PC#6997668406083147776 roll 2
DICE 3 2 3 2 0 2 0 
Jibs_PC#6997668406083147776 move 3
Jibs_PC#6997668406083147776 attack 42 41
Jibs_PC#6997668406083147776 roll 1
Jibs_PC#6997668406083147776 roll 1
DICE 1 1 0 0 
Jibs_PC#6997668406083147776 attack 40 39
Jibs_PC#6997668406083147776 roll 2
Jibs_PC#6997668406083147776 roll 1
DICE 2 1 0 0 3 
Jibs_PC#6997668406083147776 roll 1
Jibs_PC#6997668406083147776 roll 1
DICE 1 1 3 1 
Jibs_PC#6997668406083147776 attack 6 2
Jibs_PC#6997668406083147776 roll 3
Jibs_PC#6997668406083147776 roll 1
DICE 3 1 5 4 2 5 
Jibs_PC#6997668406083147776 roll 3
Jibs_PC#6997668406083147776 roll 1
DICE 3 1 4 3 1 5 
Jibs_PC#6997668406083147776 roll 3
Jibs_PC#6997668406083147776 roll 1
DICE 3 1 5 4 1 1 
Jibs_PC#6997668406083147776 move all
Jibs_PC#6997668406083147776 attack 2 3
Jibs_PC#6997668406083147776 roll 3
Jibs_PC#6997668406083147776 roll 2
DICE 3 2 0 0 0 2 1 
Jibs_PC#6997668406083147776 roll 2
Jibs_PC#6997668406083147776 roll 2
DICE 2 2 5 3 0 0 
Jibs_PC#6997668406083147776 roll 2
Jibs_PC#6997668406083147776 roll 2
DICE 2 2 1 0 3 2 
Jibs_PC#6997668406083147776 endattack
Jibs_PC#6997668406083147776 nomove
CARD 29
Jibs_PC#6997668406083147776 placearmies 41 1
Jibs_PC#6997668406083147776 placearmies 41 1
Jibs_PC#6997668406083147776 placearmies 41 1
Jibs_PC#6997668406083147776 attack 41 42
Jibs_PC#6997668406083147776 roll 3
Jibs_PC#6997668406083147776 roll 1
DICE 3 1 5 2 0 1 
Jibs_PC#6997668406083147776 attack 42 40
Jibs_PC#6997668406083147776 roll 2
Jibs_PC#6997668406083147776 roll 1
DICE 2 1 3 3 1 
Jibs_PC#6997668406083147776 attack 40 39
Jibs_PC#6997668406083147776 roll 1
Jibs_PC#6997668406083147776 roll 1
DICE 1 1 1 3 
Jibs_PC#6997668406083147776 attack 23 24
Jibs_PC#6997668406083147776 roll 2
Jibs_PC#6997668406083147776 roll 1
DICE 2 1 5 5 1 
Jibs_PC#6997668406083147776 attack 24 22
Jibs_PC#6997668406083147776 roll 1
Jibs_PC#6997668406083147776 roll 1
DICE 1 1 0 3 
Jibs_PC#6997668406083147776 endattack
Jibs_PC#6997668406083147776 nomove
CARD 18
Jibs_PC#6997668406083147776 placearmies 1 1
Jibs_PC#6997668406083147776 placearmies 1 1
Jibs_PC#6997668406083147776 placearmies 1 1
Jibs_PC#6997668406083147776 attack 1 2
Jibs_PC#6997668406083147776 roll 3
Jibs_PC#6997668406083147776 roll 1
DICE 3 1 5 4 4 4 
Jibs_PC#6997668406083147776 attack 3 4
Jibs_PC#6997668406083147776 roll 1
Jibs_PC#6997668406083147776 roll 1
DICE 1 1 2 4 
Jibs_PC#6997668406083147776 attack 2 6
Jibs_PC#6997668406083147776 roll 2
Jibs_PC#6997668406083147776 roll 1
DICE 2 1 2 0 4 
Jibs_PC#6997668406083147776 roll 1
Jibs_PC#6997668406083147776 roll 1
DICE 1 1 3 3 
Jibs_PC#6997668406083147776 endattack
Jibs_PC#6997668406083147776 nomove
CARD 36
Jibs_PC#6997668406083147776 placearmies 10 1
Jibs_PC#6997668406083147776 placearmies 10 1
Jibs_PC#6997668406083147776 placearmies 10 1
Jibs_PC#6997668406083147776 placearmies 10 1
Jibs_PC#6997668406083147776 placearmies 14 1
Jibs_PC#6997668406083147776 placearmies 14 1
Jibs_PC#6997668406083147776 placearmies 14 1
Jibs_PC#6997668406083147776 placearmies 9 1
Jibs_PC#6997668406083147776 placearmies 9 1
Jibs_PC#6997668406083147776 placearmies 9 1
Jibs_PC#6997668406083147776 placearmies 9 1
Jibs_PC#6997668406083147776 attack 10 5
Jibs_PC#6997668406083147776 roll 3
Jibs_PC#6997668406083147776 roll 1
DICE 3 1 5 3 0 0 
Jibs_PC#6997668406083147776 move all
Jibs_PC#6997668406083147776 attack 5 4
Jibs_PC#6997668406083147776 roll 3
Jibs_PC#6997668406083147776 roll 1
DICE 3 1 4 0 0 5 
Jibs_PC#6997668406083147776 roll 2
Jibs_PC#6997668406083147776 roll 1
DICE 2 1 4 2 4 
Jibs_PC#6997668406083147776 roll 1
Jibs_PC#6997668406083147776 roll 1
DICE 1 1 4 3 
Jibs_PC#6997668406083147776 attack 9 7
Jibs_PC#6997668406083147776 roll 3
Jibs_PC#6997668406083147776 roll 1
DICE 3 1 4 4 2 4 
Jibs_PC#6997668406083147776 roll 3
Jibs_PC#6997668406083147776 roll 1
DICE 3 1 5 2 0 4 
Jibs_PC#6997668406083147776 attack 7 8
Jibs_PC#6997668406083147776 roll 2
Jibs_PC#6997668406083147776 roll 1
DICE 2 1 5 4 4 
Jibs_PC#6997668406083147776 attack 14 6
Jibs_PC#6997668406083147776 roll 3
Jibs_PC#6997668406083147776 roll 1
DICE 3 1 5 4 4 1 
Jibs_PC#6997668406083147776 attack 6 2
Jibs_PC#6997668406083147776 roll 2
Jibs_PC#6997668406083147776 roll 1
DICE 2 1 2 1 3 
Jibs_PC#6997668406083147776 roll 1
Jibs_PC#6997668406083147776 roll 1
DICE 1 1 3 1 
Jibs_PC#6997668406083147776 endattack
Jibs_PC#6997668406083147776 nomove
CARD 39
Jibs_PC#6997668406083147776 placearmies 27 1
Jibs_PC#6997668406083147776 placearmies 22 1
Jibs_PC#6997668406083147776 placearmies 22 1
Jibs_PC#6997668406083147776 attack 27 28
Jibs_PC#6997668406083147776 roll 1
Jibs_PC#6997668406083147776 roll 1
DICE 1 1 3 1 
Jibs_PC#6997668406083147776 attack 22 24
Jibs_PC#6997668406083147776 roll 2
Jibs_PC#6997668406083147776 roll 1
DICE 2 1 3 2 3 
Jibs_PC#6997668406083147776 roll 1
Jibs_PC#6997668406083147776 roll 1
DICE 1 1 1 5 
Jibs_PC#6997668406083147776 endattack
Jibs_PC#6997668406083147776 nomove
CARD 5
Jibs_PC#6997668406083147776 placearmies 39 1
Jibs_PC#6997668406083147776 placearmies 39 1
Jibs_PC#6997668406083147776 placearmies 39 1
Jibs_PC#6997668406083147776 attack 39 41
Jibs_PC#6997668406083147776 roll 3
Jibs_PC#6997668406083147776 roll 1
DICE 3 1 3 2 0 5 
Jibs_PC#6997668406083147776 roll 2
Jibs_PC#6997668406083147776 roll 1
DICE 2 1 4 2 1 
Jibs_PC#6997668406083147776 attack 41 42
Jibs_PC#6997668406083147776 roll 1
Jibs_PC#6997668406083147776 roll 1
DICE 1 1 4 0 
Jibs_PC#6997668406083147776 endattack
Jibs_PC#6997668406083147776 nomove
CARD 33
Jibs_PC#6997668406083147776 placearmies 40 1
Jibs_PC#6997668406083147776 placearmies 40 1
Jibs_PC#6997668406083147776 placearmies 40 1
Jibs_PC#6997668406083147776 attack 40 42
Jibs_PC#6997668406083147776 roll 3
Jibs_PC#6997668406083147776 roll 1
DICE 3 1 5 5 0 4 
Jibs_PC#6997668406083147776 attack 42 41
Jibs_PC#6997668406083147776 roll 2
Jibs_PC#6997668406083147776 roll 1
DICE 2 1 5 1 3 
Jibs_PC#6997668406083147776 attack 41 39
Jibs_PC#6997668406083147776 roll 1
Jibs_PC#6997668406083147776 roll 1
DICE 1 1 0 4 
Jibs_PC#6997668406083147776 endattack
Jibs_PC#6997668406083147776 nomove
CARD 30
Jibs_PC#6997668406083147776 placearmies 1 1
Jibs_PC#6997668406083147776 placearmies 3 1
Jibs_PC#6997668406083147776 placearmies 25 1
Jibs_PC#6997668406083147776 attack 25 23
Jibs_PC#6997668406083147776 roll 1
Jibs_PC#6997668406083147776 roll 1
DICE 1 1 3 5 
Jibs_PC#6997668406083147776 attack 21 23
Jibs_PC#6997668406083147776 roll 3
Jibs_PC#6997668406083147776 roll 1
DICE 3 1 3 2 1 3 
Jibs_PC#6997668406083147776 roll 2
Jibs_PC#6997668406083147776 roll 1
DICE 2 1 2 0 0 
Jibs_PC#6997668406083147776 attack 23 24
Jibs_PC#6997668406083147776 roll 1
Jibs_PC#6997668406083147776 roll 1
DICE 1 1 0 4 
Jibs_PC#6997668406083147776 attack 1 2
Jibs_PC#6997668406083147776 roll 1
Jibs_PC#6997668406083147776 roll 1
DICE 1 1 4 1 
Jibs_PC#6997668406083147776 attack 3 4
Jibs_PC#6997668406083147776 roll 1
Jibs_PC#6997668406083147776 roll 1
DICE 1 1 0 3 
Jibs_PC#6997668406083147776 endattack
Jibs_PC#6997668406083147776 nomove
CARD 8
Jibs_PC#6997668406083147776 placearmies 4 1
Jibs_PC#6997668406083147776 placearmies 7 1
Jibs_PC#6997668406083147776 placearmies 4 1
Jibs_PC#6997668406083147776 placearmies 7 1
Jibs_PC#6997668406083147776 placearmies 4 1
Jibs_PC#6997668406083147776 placearmies 7 1
Jibs_PC#6997668406083147776 placearmies 4 1
Jibs_PC#6997668406083147776 placearmies 7 1
Jibs_PC#6997668406083147776 placearmies 4 1
Jibs_PC#6997668406083147776 placearmies 7 1
Jibs_PC#6997668406083147776 placearmies 4 1
Jibs_PC#6997668406083147776 placearmies 7 1
Jibs_PC#6997668406083147776 attack 4 3
Jibs_PC#6997668406083147776 roll 1
Jibs_PC#6997668406083147776 roll 1
DICE 1 1 5 2 
Jibs_PC#6997668406083147776 move all
Jibs_PC#6997668406083147776 attack 3 1
Jibs_PC#6997668406083147776 roll 1
Jibs_PC#6997668406083147776 roll 1
DICE 1 1 2 4 
Jibs_PC#6997668406083147776 roll 1
Jibs_PC#6997668406083147776 roll 1
DICE 1 1 5 0 
Jibs_PC#6997668406083147776 move 1
Jibs_PC#6997668406083147776 attack 3 2
Jibs_PC#6997668406083147776 roll 1
Jibs_PC#6997668406083147776 roll 1
DICE 1 1 3 5 
Jibs_PC#6997668406083147776 roll 1
Jibs_PC#6997668406083147776 roll 1
DICE 1 1 3 3 
Jibs_PC#6997668406083147776 roll 1
Jibs_PC#6997668406083147776 roll 1
DICE 1 1 0 5 
Jibs_PC#6997668406083147776 attack 7 2
Jibs_PC#6997668406083147776 roll 1
Jibs_PC#6997668406083147776 roll 1
DICE 1 1 5 2 
Jibs_PC#6997668406083147776 move 1
