Jibs_PC#4585692579938791424 newplayer human black arko
Jibs_PC#4585692579938791424 newplayer human blue abc
Jibs_PC#4585692579938791424 newplayer human yellow aneesh
Jibs_PC#4585692579938791424 newplayer human cyan punit
Jibs_PC#4585692579938791424 startgame mission fixed autoplaceall recycle
PLAYER abc
MISSION 0 1 0 1
PLACEALL 37 1 21 14 31 33 3 29 7 16 38 42 28 25 12 39 11 20 36 27 17 15 4 26 6 5 35 32 41 8 34 30 22 13 2 9 10 24 19 40 23 18
Jibs_PC#4585692579938791424 placearmies 4 1
CARD 
Jibs_PC#4585692579938791424 placearmies 9 1
CARD 
Jibs_PC#4585692579938791424 placearmies 23 1
CARD 
Jibs_PC#4585692579938791424 placearmies 16 1
CARD 
Jibs_PC#4585692579938791424 placearmies 4 1
CARD 
Jibs_PC#4585692579938791424 placearmies 9 1
CARD 
Jibs_PC#4585692579938791424 placearmies 23 1
CARD 
Jibs_PC#4585692579938791424 placearmies 33 1
CARD 
Jibs_PC#4585692579938791424 placearmies 4 1
CARD 
Jibs_PC#4585692579938791424 placearmies 29 1
CARD 
Jibs_PC#4585692579938791424 placearmies 23 1
CARD 
Jibs_PC#4585692579938791424 placearmies 18 1
CARD 
Jibs_PC#4585692579938791424 placearmies 4 1
CARD 
Jibs_PC#4585692579938791424 placearmies 29 1
CARD 
Jibs_PC#4585692579938791424 placearmies 41 1
CARD 
Jibs_PC#4585692579938791424 placearmies 24 1
CARD 
Jibs_PC#4585692579938791424 placearmies 4 1
CARD 
Jibs_PC#4585692579938791424 placearmies 9 1
CARD 
Jibs_PC#4585692579938791424 placearmies 23 1
CARD 
Jibs_PC#4585692579938791424 placearmies 33 1
CARD 
Jibs_PC#4585692579938791424 placearmies 4 1
CARD 
Jibs_PC#4585692579938791424 placearmies 9 1
CARD 
Jibs_PC#4585692579938791424 placearmies 41 1
CARD 
Jibs_PC#4585692579938791424 placearmies 18 1
CARD 
Jibs_PC#4585692579938791424 placearmies 4 1
CARD 
Jibs_PC#4585692579938791424 placearmies 9 1
CARD 
Jibs_PC#4585692579938791424 placearmies 41 1
CARD 
Jibs_PC#4585692579938791424 placearmies 13 1
CARD 
Jibs_PC#4585692579938791424 placearmies 4 1
CARD 
Jibs_PC#4585692579938791424 placearmies 29 1
CARD 
Jibs_PC#4585692579938791424 placearmies 23 1
CARD 
Jibs_PC#4585692579938791424 placearmies 13 1
CARD 
Jibs_PC#4585692579938791424 placearmies 4 1
CARD 
Jibs_PC#4585692579938791424 placearmies 9 1
CARD 
Jibs_PC#4585692579938791424 placearmies 41 1
CARD 
Jibs_PC#4585692579938791424 placearmies 13 1
CARD 
Jibs_PC#4585692579938791424 placearmies 4 1
CARD 
Jibs_PC#4585692579938791424 placearmies 29 1
CARD 
Jibs_PC#4585692579938791424 placearmies 23 1
CARD 
Jibs_PC#4585692579938791424 placearmies 13 1
CARD 
Jibs_PC#4585692579938791424 placearmies 4 1
CARD 
Jibs_PC#4585692579938791424 placearmies 9 1
CARD 
Jibs_PC#4585692579938791424 placearmies 41 1
CARD 
Jibs_PC#4585692579938791424 placearmies 33 1
CARD 
Jibs_PC#4585692579938791424 placearmies 4 1
CARD 
Jibs_PC#4585692579938791424 placearmies 9 1
CARD 
Jibs_PC#4585692579938791424 placearmies 41 1
CARD 
Jibs_PC#4585692579938791424 placearmies 33 1
CARD 
Jibs_PC#4585692579938791424 placearmies 4 1
CARD 
Jibs_PC#4585692579938791424 placearmies 9 1
CARD 
Jibs_PC#4585692579938791424 placearmies 23 1
CARD 
Jibs_PC#4585692579938791424 placearmies 13 1
CARD 
Jibs_PC#4585692579938791424 placearmies 4 1
CARD 
Jibs_PC#4585692579938791424 placearmies 29 1
CARD 
Jibs_PC#4585692579938791424 placearmies 41 1
CARD 
Jibs_PC#4585692579938791424 placearmies 33 1
CARD 
Jibs_PC#4585692579938791424 placearmies 4 1
CARD 
Jibs_PC#4585692579938791424 placearmies 29 1
CARD 
Jibs_PC#4585692579938791424 placearmies 23 1
CARD 
Jibs_PC#4585692579938791424 placearmies 18 1
CARD 
Jibs_PC#4585692579938791424 placearmies 4 1
CARD 
Jibs_PC#4585692579938791424 placearmies 29 1
CARD 
Jibs_PC#4585692579938791424 placearmies 41 1
CARD 
Jibs_PC#4585692579938791424 placearmies 33 1
CARD 
Jibs_PC#4585692579938791424 placearmies 4 1
CARD 
Jibs_PC#4585692579938791424 placearmies 29 1
CARD 
Jibs_PC#4585692579938791424 placearmies 23 1
CARD 
Jibs_PC#4585692579938791424 placearmies 18 1
CARD 
Jibs_PC#4585692579938791424 placearmies 4 1
CARD 
Jibs_PC#4585692579938791424 placearmies 9 1
CARD 
Jibs_PC#4585692579938791424 placearmies 41 1
CARD 
Jibs_PC#4585692579938791424 placearmies 13 1
CARD 
Jibs_PC#4585692579938791424 placearmies 4 1
CARD 
Jibs_PC#4585692579938791424 placearmies 29 1
CARD 
Jibs_PC#4585692579938791424 placearmies 23 1
CARD 
Jibs_PC#4585692579938791424 placearmies 33 1
CARD 
Jibs_PC#4585692579938791424 placearmies 4 1
CARD 
Jibs_PC#4585692579938791424 placearmies 9 1
CARD 
Jibs_PC#4585692579938791424 placearmies 23 1
Jibs_PC#4585692579938791424 placearmies 41 1
Jibs_PC#4585692579938791424 placearmies 23 1
Jibs_PC#4585692579938791424 attack 23 25
Jibs_PC#4585692579938791424 roll 3
Jibs_PC#4585692579938791424 roll 1
DICE 3 1 5 3 2 3 
Jibs_PC#4585692579938791424 move all
Jibs_PC#4585692579938791424 attack 25 26
Jibs_PC#4585692579938791424 roll 3
Jibs_PC#4585692579938791424 roll 1
DICE 3 1 5 1 0 0 
Jibs_PC#4585692579938791424 move all
Jibs_PC#4585692579938791424 attack 26 24
Jibs_PC#4585692579938791424 roll 3
Jibs_PC#4585692579938791424 roll 2
DICE 3 2 5 4 3 2 0 
Jibs_PC#4585692579938791424 move all
Jibs_PC#4585692579938791424 attack 24 21
Jibs_PC#4585692579938791424 roll 3
Jibs_PC#4585692579938791424 roll 1
DICE 3 1 5 1 0 4 
Jibs_PC#4585692579938791424 move all
Jibs_PC#4585692579938791424 attack 41 42
Jibs_PC#4585692579938791424 roll 3
Jibs_PC#4585692579938791424 roll 1
DICE 3 1 4 3 0 3 
Jibs_PC#4585692579938791424 move all
Jibs_PC#4585692579938791424 attack 42 40
Jibs_PC#4585692579938791424 roll 3
Jibs_PC#4585692579938791424 roll 1
DICE 3 1 5 4 3 4 
Jibs_PC#4585692579938791424 move all
Jibs_PC#4585692579938791424 attack 40 39
Jibs_PC#4585692579938791424 roll 3
Jibs_PC#4585692579938791424 roll 1
DICE 3 1 4 3 1 0 
Jibs_PC#4585692579938791424 move all
Jibs_PC#4585692579938791424 endattack
Jibs_PC#4585692579938791424 movearmies 21 22 4
CARD 5
Jibs_PC#4585692579938791424 placearmies 33 1
Jibs_PC#4585692579938791424 placearmies 33 1
Jibs_PC#4585692579938791424 placearmies 13 1
Jibs_PC#4585692579938791424 attack 33 39
Jibs_PC#4585692579938791424 roll 3
Jibs_PC#4585692579938791424 roll 2
DICE 3 2 4 4 1 5 0 
Jibs_PC#4585692579938791424 roll 3
Jibs_PC#4585692579938791424 roll 2
DICE 3 2 4 3 2 4 3 
Jibs_PC#4585692579938791424 roll 3
Jibs_PC#4585692579938791424 roll 2
DICE 3 2 4 3 1 5 4 
Jibs_PC#4585692579938791424 retreat
Jibs_PC#4585692579938791424 attack 13 11
Jibs_PC#4585692579938791424 roll 3
Jibs_PC#4585692579938791424 roll 1
DICE 3 1 3 2 0 1 
Jibs_PC#4585692579938791424 move 3
Jibs_PC#4585692579938791424 attack 13 12
Jibs_PC#4585692579938791424 roll 3
Jibs_PC#4585692579938791424 roll 1
DICE 3 1 4 0 0 2 
Jibs_PC#4585692579938791424 move 3
Jibs_PC#4585692579938791424 attack 12 10
Jibs_PC#4585692579938791424 roll 2
Jibs_PC#4585692579938791424 roll 1
DICE 2 1 5 2 2 
Jibs_PC#4585692579938791424 attack 18 17
Jibs_PC#4585692579938791424 roll 3
Jibs_PC#4585692579938791424 roll 1
DICE 3 1 3 2 0 5 
Jibs_PC#4585692579938791424 roll 3
Jibs_PC#4585692579938791424 roll 1
DICE 3 1 3 2 2 5 
Jibs_PC#4585692579938791424 roll 2
Jibs_PC#4585692579938791424 roll 1
DICE 2 1 5 4 5 
Jibs_PC#4585692579938791424 retreat
Jibs_PC#4585692579938791424 attack 18 19
Jibs_PC#4585692579938791424 roll 1
Jibs_PC#4585692579938791424 roll 1
DICE 1 1 3 1 
Jibs_PC#4585692579938791424 endattack
Jibs_PC#4585692579938791424 movearmies 11 10 2
CARD 22
Jibs_PC#4585692579938791424 placearmies 4 1
Jibs_PC#4585692579938791424 placearmies 4 1
Jibs_PC#4585692579938791424 placearmies 4 1
Jibs_PC#4585692579938791424 attack 4 5
Jibs_PC#4585692579938791424 roll 3
Jibs_PC#4585692579938791424 roll 1
DICE 3 1 3 2 0 0 
Jibs_PC#4585692579938791424 move all
Jibs_PC#4585692579938791424 attack 5 9
Jibs_PC#4585692579938791424 roll 3
Jibs_PC#4585692579938791424 roll 2
DICE 3 2 5 3 2 4 3 
Jibs_PC#4585692579938791424 roll 3
Jibs_PC#4585692579938791424 roll 2
DICE 3 2 2 0 0 4 1 
Jibs_PC#4585692579938791424 roll 3
Jibs_PC#4585692579938791424 roll 2
DICE 3 2 5 1 0 3 0 
Jibs_PC#4585692579938791424 roll 3
Jibs_PC#4585692579938791424 roll 2
DICE 3 2 5 3 2 3 1 
Jibs_PC#4585692579938791424 roll 3
Jibs_PC#4585692579938791424 roll 2
DICE 3 2 4 2 1 4 4 
Jibs_PC#4585692579938791424 roll 3
Jibs_PC#4585692579938791424 roll 2
DICE 3 2 3 2 2 5 0 
Jibs_PC#4585692579938791424 roll 3
Jibs_PC#4585692579938791424 roll 2
DICE 3 2 4 3 1 2 0 
Jibs_PC#4585692579938791424 roll 3
Jibs_PC#4585692579938791424 roll 2
DICE 3 2 4 3 2 5 5 
Jibs_PC#4585692579938791424 roll 3
Jibs_PC#4585692579938791424 roll 2
DICE 3 2 2 1 1 5 4 
Jibs_PC#4585692579938791424 roll 3
Jibs_PC#4585692579938791424 roll 2
DICE 3 2 5 3 1 1 0 
Jibs_PC#4585692579938791424 roll 3
Jibs_PC#4585692579938791424 roll 2
DICE 3 2 5 2 0 4 3 
Jibs_PC#4585692579938791424 roll 3
Jibs_PC#4585692579938791424 roll 1
DICE 3 1 4 3 3 0 
Jibs_PC#4585692579938791424 move all
Jibs_PC#4585692579938791424 attack 9 8
Jibs_PC#4585692579938791424 roll 3
Jibs_PC#4585692579938791424 roll 1
DICE 3 1 5 4 1 0 
Jibs_PC#4585692579938791424 move all
Jibs_PC#4585692579938791424 attack 8 7
Jibs_PC#4585692579938791424 roll 3
Jibs_PC#4585692579938791424 roll 1
DICE 3 1 5 1 1 2 
Jibs_PC#4585692579938791424 move all
Jibs_PC#4585692579938791424 attack 7 6
Jibs_PC#4585692579938791424 roll 3
Jibs_PC#4585692579938791424 roll 1
DICE 3 1 4 2 2 3 
Jibs_PC#4585692579938791424 move all
Jibs_PC#4585692579938791424 endattack
Jibs_PC#4585692579938791424 nomove
CARD 39
Jibs_PC#4585692579938791424 placearmies 29 1
Jibs_PC#4585692579938791424 placearmies 29 1
Jibs_PC#4585692579938791424 placearmies 29 1
Jibs_PC#4585692579938791424 attack 29 33
Jibs_PC#4585692579938791424 roll 3
Jibs_PC#4585692579938791424 roll 2
DICE 3 2 5 1 0 4 2 
Jibs_PC#4585692579938791424 roll 3
Jibs_PC#4585692579938791424 roll 2
DICE 3 2 3 3 1 3 3 
Jibs_PC#4585692579938791424 roll 3
Jibs_PC#4585692579938791424 roll 2
DICE 3 2 5 3 3 5 0 
Jibs_PC#4585692579938791424 roll 3
Jibs_PC#4585692579938791424 roll 2
DICE 3 2 5 2 1 4 1 
Jibs_PC#4585692579938791424 roll 3
Jibs_PC#4585692579938791424 roll 1
DICE 3 1 5 1 0 3 
Jibs_PC#4585692579938791424 move 3
Jibs_PC#4585692579938791424 attack 29 36
Jibs_PC#4585692579938791424 roll 3
Jibs_PC#4585692579938791424 roll 1
DICE 3 1 3 1 0 1 
Jibs_PC#4585692579938791424 move 3
Jibs_PC#4585692579938791424 attack 36 35
Jibs_PC#4585692579938791424 roll 2
Jibs_PC#4585692579938791424 roll 1
DICE 2 1 5 5 5 
Jibs_PC#4585692579938791424 roll 1
Jibs_PC#4585692579938791424 roll 1
DICE 1 1 4 5 
Jibs_PC#4585692579938791424 attack 29 28
Jibs_PC#4585692579938791424 roll 2
Jibs_PC#4585692579938791424 roll 1
DICE 2 1 5 4 3 
Jibs_PC#4585692579938791424 endattack
Jibs_PC#4585692579938791424 movearmies 33 32 2
CARD 13
Jibs_PC#4585692579938791424 placearmies 39 1
Jibs_PC#4585692579938791424 placearmies 21 1
Jibs_PC#4585692579938791424 placearmies 22 1
Jibs_PC#4585692579938791424 placearmies 39 1
Jibs_PC#4585692579938791424 placearmies 21 1
Jibs_PC#4585692579938791424 placearmies 22 1
Jibs_PC#4585692579938791424 placearmies 39 1
Jibs_PC#4585692579938791424 placearmies 21 1
Jibs_PC#4585692579938791424 placearmies 22 1
Jibs_PC#4585692579938791424 attack 39 33
Jibs_PC#4585692579938791424 roll 3
Jibs_PC#4585692579938791424 roll 1
DICE 3 1 5 5 0 1 
Jibs_PC#4585692579938791424 move all
Jibs_PC#4585692579938791424 attack 21 12
Jibs_PC#4585692579938791424 roll 3
Jibs_PC#4585692579938791424 roll 1
DICE 3 1 1 0 0 2 
Jibs_PC#4585692579938791424 roll 3
Jibs_PC#4585692579938791424 roll 1
DICE 3 1 5 3 1 4 
Jibs_PC#4585692579938791424 move 3
Jibs_PC#4585692579938791424 endattack
Jibs_PC#4585692579938791424 movearmies 12 21 2
CARD 32
Jibs_PC#4585692579938791424 placearmies 10 1
Jibs_PC#4585692579938791424 placearmies 18 1
Jibs_PC#4585692579938791424 placearmies 18 1
Jibs_PC#4585692579938791424 attack 10 12
Jibs_PC#4585692579938791424 roll 3
Jibs_PC#4585692579938791424 roll 1
DICE 3 1 5 3 2 4 
Jibs_PC#4585692579938791424 move 3
Jibs_PC#4585692579938791424 attack 18 17
Jibs_PC#4585692579938791424 roll 2
Jibs_PC#4585692579938791424 roll 1
DICE 2 1 3 3 5 
Jibs_PC#4585692579938791424 roll 1
Jibs_PC#4585692579938791424 roll 1
DICE 1 1 3 5 
Jibs_PC#4585692579938791424 attack 16 30
Jibs_PC#4585692579938791424 roll 1
Jibs_PC#4585692579938791424 roll 1
DICE 1 1 3 1 
Jibs_PC#4585692579938791424 endattack
Jibs_PC#4585692579938791424 movearmies 12 10 2
CARD 24
Jibs_PC#4585692579938791424 placearmies 2 1
Jibs_PC#4585692579938791424 placearmies 2 1
Jibs_PC#4585692579938791424 placearmies 35 1
Jibs_PC#4585692579938791424 attack 35 36
Jibs_PC#4585692579938791424 roll 1
Jibs_PC#4585692579938791424 roll 1
DICE 1 1 1 0 
Jibs_PC#4585692579938791424 attack 2 1
Jibs_PC#4585692579938791424 roll 2
Jibs_PC#4585692579938791424 roll 1
DICE 2 1 5 1 0 
Jibs_PC#4585692579938791424 attack 6 14
Jibs_PC#4585692579938791424 roll 3
Jibs_PC#4585692579938791424 roll 1
DICE 3 1 2 1 1 4 
Jibs_PC#4585692579938791424 roll 3
Jibs_PC#4585692579938791424 roll 1
DICE 3 1 5 4 3 0 
Jibs_PC#4585692579938791424 move all
Jibs_PC#4585692579938791424 endattack
Jibs_PC#4585692579938791424 nomove
CARD 35
Jibs_PC#4585692579938791424 placearmies 27 1
Jibs_PC#4585692579938791424 placearmies 27 1
Jibs_PC#4585692579938791424 placearmies 27 1
Jibs_PC#4585692579938791424 attack 27 35
Jibs_PC#4585692579938791424 roll 2
Jibs_PC#4585692579938791424 roll 1
DICE 2 1 2 0 5 
Jibs_PC#4585692579938791424 roll 2
Jibs_PC#4585692579938791424 roll 1
DICE 2 1 4 2 2 
Jibs_PC#4585692579938791424 attack 35 36
Jibs_PC#4585692579938791424 roll 1
Jibs_PC#4585692579938791424 roll 1
DICE 1 1 2 3 
Jibs_PC#4585692579938791424 attack 32 31
Jibs_PC#4585692579938791424 roll 2
Jibs_PC#4585692579938791424 roll 1
DICE 2 1 5 1 2 
Jibs_PC#4585692579938791424 endattack
Jibs_PC#4585692579938791424 nomove
CARD 29
Jibs_PC#4585692579938791424 placearmies 21 1
Jibs_PC#4585692579938791424 placearmies 22 1
Jibs_PC#4585692579938791424 placearmies 37 1
Jibs_PC#4585692579938791424 placearmies 21 1
Jibs_PC#4585692579938791424 placearmies 37 1
Jibs_PC#4585692579938791424 placearmies 21 1
Jibs_PC#4585692579938791424 placearmies 37 1
Jibs_PC#4585692579938791424 placearmies 37 1
Jibs_PC#4585692579938791424 placearmies 37 1
Jibs_PC#4585692579938791424 attack 37 38
Jibs_PC#4585692579938791424 roll 3
Jibs_PC#4585692579938791424 roll 1
DICE 3 1 5 2 1 1 
Jibs_PC#4585692579938791424 move all
Jibs_PC#4585692579938791424 attack 38 1
Jibs_PC#4585692579938791424 roll 3
Jibs_PC#4585692579938791424 roll 2
DICE 3 2 5 4 3 4 0 
Jibs_PC#4585692579938791424 move all
Jibs_PC#4585692579938791424 attack 21 12
Jibs_PC#4585692579938791424 roll 3
Jibs_PC#4585692579938791424 roll 1
DICE 3 1 4 3 1 3 
Jibs_PC#4585692579938791424 move 3
Jibs_PC#4585692579938791424 endattack
Jibs_PC#4585692579938791424 movearmies 12 21 2
CARD 23
Jibs_PC#4585692579938791424 placearmies 10 1
Jibs_PC#4585692579938791424 placearmies 18 1
Jibs_PC#4585692579938791424 placearmies 18 1
Jibs_PC#4585692579938791424 attack 10 12
Jibs_PC#4585692579938791424 roll 3
Jibs_PC#4585692579938791424 roll 1
DICE 3 1 3 1 0 1 
Jibs_PC#4585692579938791424 move 3
Jibs_PC#4585692579938791424 attack 18 17
Jibs_PC#4585692579938791424 roll 2
Jibs_PC#4585692579938791424 roll 1
DICE 2 1 3 1 3 
Jibs_PC#4585692579938791424 roll 1
Jibs_PC#4585692579938791424 roll 1
DICE 1 1 4 5 
Jibs_PC#4585692579938791424 endattack
Jibs_PC#4585692579938791424 movearmies 12 10 2
CARD 21
Jibs_PC#4585692579938791424 placearmies 14 1
Jibs_PC#4585692579938791424 placearmies 14 1
Jibs_PC#4585692579938791424 placearmies 14 1
Jibs_PC#4585692579938791424 attack 14 17
Jibs_PC#4585692579938791424 roll 3
Jibs_PC#4585692579938791424 roll 1
DICE 3 1 3 3 2 0 
Jibs_PC#4585692579938791424 move all
Jibs_PC#4585692579938791424 attack 17 19
Jibs_PC#4585692579938791424 roll 3
Jibs_PC#4585692579938791424 roll 1
DICE 3 1 5 3 3 0 
Jibs_PC#4585692579938791424 move all
Jibs_PC#4585692579938791424 attack 19 21
Jibs_PC#4585692579938791424 roll 3
Jibs_PC#4585692579938791424 roll 2
DICE 3 2 5 3 2 5 0 
Jibs_PC#4585692579938791424 roll 3
Jibs_PC#4585692579938791424 roll 2
DICE 3 2 5 3 2 2 1 
Jibs_PC#4585692579938791424 roll 3
Jibs_PC#4585692579938791424 roll 2
DICE 3 2 4 2 0 3 0 
Jibs_PC#4585692579938791424 roll 3
Jibs_PC#4585692579938791424 roll 2
DICE 3 2 5 3 0 2 1 
Jibs_PC#4585692579938791424 roll 3
Jibs_PC#4585692579938791424 roll 1
DICE 3 1 5 2 1 5 
Jibs_PC#4585692579938791424 roll 3
Jibs_PC#4585692579938791424 roll 1
DICE 3 1 5 1 1 0 
Jibs_PC#4585692579938791424 move all
Jibs_PC#4585692579938791424 attack 21 23
Jibs_PC#4585692579938791424 roll 3
Jibs_PC#4585692579938791424 roll 1
DICE 3 1 4 2 2 2 
Jibs_PC#4585692579938791424 attack 23 25
Jibs_PC#4585692579938791424 roll 2
Jibs_PC#4585692579938791424 roll 1
DICE 2 1 5 4 1 
Jibs_PC#4585692579938791424 attack 25 26
Jibs_PC#4585692579938791424 roll 1
Jibs_PC#4585692579938791424 roll 1
DICE 1 1 0 3 
Jibs_PC#4585692579938791424 endattack
Jibs_PC#4585692579938791424 nomove
CARD 2
Jibs_PC#4585692579938791424 placearmies 35 1
Jibs_PC#4585692579938791424 placearmies 35 1
Jibs_PC#4585692579938791424 placearmies 35 1
Jibs_PC#4585692579938791424 attack 35 34
Jibs_PC#4585692579938791424 roll 3
Jibs_PC#4585692579938791424 roll 1
DICE 3 1 1 0 0 4 
Jibs_PC#4585692579938791424 roll 2
Jibs_PC#4585692579938791424 roll 1
DICE 2 1 2 1 1 
Jibs_PC#4585692579938791424 attack 34 38
Jibs_PC#4585692579938791424 roll 1
Jibs_PC#4585692579938791424 roll 1
DICE 1 1 4 3 
Jibs_PC#4585692579938791424 endattack
Jibs_PC#4585692579938791424 nomove
CARD 25
Jibs_PC#4585692579938791424 placearmies 26 1
Jibs_PC#4585692579938791424 placearmies 26 1
Jibs_PC#4585692579938791424 placearmies 26 1
Jibs_PC#4585692579938791424 placearmies 26 1
Jibs_PC#4585692579938791424 placearmies 26 1
Jibs_PC#4585692579938791424 attack 26 25
Jibs_PC#4585692579938791424 roll 3
Jibs_PC#4585692579938791424 roll 1
DICE 3 1 5 3 2 2 
Jibs_PC#4585692579938791424 move all
Jibs_PC#4585692579938791424 attack 25 23
Jibs_PC#4585692579938791424 roll 3
Jibs_PC#4585692579938791424 roll 1
DICE 3 1 4 3 0 4 
Jibs_PC#4585692579938791424 roll 3
Jibs_PC#4585692579938791424 roll 1
DICE 3 1 2 1 0 2 
Jibs_PC#4585692579938791424 roll 2
Jibs_PC#4585692579938791424 roll 1
DICE 2 1 1 0 1 
Jibs_PC#4585692579938791424 roll 1
Jibs_PC#4585692579938791424 roll 1
DICE 1 1 2 4 
Jibs_PC#4585692579938791424 endattack
Jibs_PC#4585692579938791424 nomove
CARD 16
Jibs_PC#4585692579938791424 placearmies 18 1
Jibs_PC#4585692579938791424 placearmies 18 1
Jibs_PC#4585692579938791424 placearmies 30 1
Jibs_PC#4585692579938791424 placearmies 30 1
Jibs_PC#4585692579938791424 placearmies 30 1
Jibs_PC#4585692579938791424 attack 18 17
Jibs_PC#4585692579938791424 roll 2
Jibs_PC#4585692579938791424 roll 1
DICE 2 1 4 0 5 
Jibs_PC#4585692579938791424 roll 1
Jibs_PC#4585692579938791424 roll 1
DICE 1 1 2 0 
Jibs_PC#4585692579938791424 attack 30 32
Jibs_PC#4585692579938791424 roll 3
Jibs_PC#4585692579938791424 roll 1
DICE 3 1 5 4 2 0 
Jibs_PC#4585692579938791424 attack 32 29
Jibs_PC#4585692579938791424 roll 2
Jibs_PC#4585692579938791424 roll 1
DICE 2 1 3 1 5 
Jibs_PC#4585692579938791424 roll 1
Jibs_PC#4585692579938791424 roll 1
DICE 1 1 4 1 
Jibs_PC#4585692579938791424 attack 10 5
Jibs_PC#4585692579938791424 roll 3
Jibs_PC#4585692579938791424 roll 1
DICE 3 1 3 2 0 3 
Jibs_PC#4585692579938791424 roll 2
Jibs_PC#4585692579938791424 roll 1
DICE 2 1 3 1 5 
Jibs_PC#4585692579938791424 retreat
Jibs_PC#4585692579938791424 endattack
Jibs_PC#4585692579938791424 nomove
CARD 19
Jibs_PC#4585692579938791424 trade 39 35 2
Jibs_PC#4585692579938791424 placearmies 21 1
Jibs_PC#4585692579938791424 placearmies 21 1
Jibs_PC#4585692579938791424 placearmies 21 1
Jibs_PC#4585692579938791424 placearmies 21 1
Jibs_PC#4585692579938791424 placearmies 21 1
Jibs_PC#4585692579938791424 placearmies 21 1
Jibs_PC#4585692579938791424 placearmies 21 1
Jibs_PC#4585692579938791424 placearmies 21 1
Jibs_PC#4585692579938791424 placearmies 21 1
Jibs_PC#4585692579938791424 placearmies 21 1
Jibs_PC#4585692579938791424 placearmies 21 1
Jibs_PC#4585692579938791424 placearmies 21 1
Jibs_PC#4585692579938791424 placearmies 21 1
Jibs_PC#4585692579938791424 placearmies 21 1
Jibs_PC#4585692579938791424 attack 21 22
Jibs_PC#4585692579938791424 roll 3
Jibs_PC#4585692579938791424 roll 2
DICE 3 2 5 3 2 5 0 
Jibs_PC#4585692579938791424 roll 3
Jibs_PC#4585692579938791424 roll 2
DICE 3 2 5 5 4 3 0 
Jibs_PC#4585692579938791424 roll 3
Jibs_PC#4585692579938791424 roll 2
DICE 3 2 5 4 3 5 4 
Jibs_PC#4585692579938791424 roll 3
Jibs_PC#4585692579938791424 roll 2
DICE 3 2 5 3 0 4 3 
Jibs_PC#4585692579938791424 roll 3
Jibs_PC#4585692579938791424 roll 2
DICE 3 2 4 2 2 5 1 
Jibs_PC#4585692579938791424 roll 3
Jibs_PC#4585692579938791424 roll 2
DICE 3 2 5 1 1 4 2 
Jibs_PC#4585692579938791424 roll 3
Jibs_PC#4585692579938791424 roll 2
DICE 3 2 5 1 0 4 2 
Jibs_PC#4585692579938791424 roll 3
Jibs_PC#4585692579938791424 roll 2
DICE 3 2 5 4 2 5 5 
Jibs_PC#4585692579938791424 roll 3
Jibs_PC#4585692579938791424 roll 2
DICE 3 2 4 2 0 2 0 
Jibs_PC#4585692579938791424 move all
Jibs_PC#4585692579938791424 attack 22 24
Jibs_PC#4585692579938791424 roll 3
Jibs_PC#4585692579938791424 roll 1
DICE 3 1 3 2 0 3 
Jibs_PC#4585692579938791424 roll 3
Jibs_PC#4585692579938791424 roll 1
DICE 3 1 5 2 0 4 
Jibs_PC#4585692579938791424 attack 24 26
Jibs_PC#4585692579938791424 roll 2
Jibs_PC#4585692579938791424 roll 1
DICE 2 1 5 1 1 
Jibs_PC#4585692579938791424 attack 26 25
Jibs_PC#4585692579938791424 roll 1
Jibs_PC#4585692579938791424 roll 1
DICE 1 1 2 4 
Jibs_PC#4585692579938791424 endattack
Jibs_PC#4585692579938791424 nomove
CARD 40
Jibs_PC#4585692579938791424 trade 13 25 29
Jibs_PC#4585692579938791424 placearmies 31 1
Jibs_PC#4585692579938791424 placearmies 31 1
Jibs_PC#4585692579938791424 placearmies 31 1
Jibs_PC#4585692579938791424 placearmies 31 1
Jibs_PC#4585692579938791424 placearmies 31 1
Jibs_PC#4585692579938791424 placearmies 31 1
Jibs_PC#4585692579938791424 placearmies 31 1
Jibs_PC#4585692579938791424 placearmies 31 1
Jibs_PC#4585692579938791424 placearmies 31 1
Jibs_PC#4585692579938791424 placearmies 31 1
Jibs_PC#4585692579938791424 placearmies 31 1
Jibs_PC#4585692579938791424 placearmies 31 1
Jibs_PC#4585692579938791424 placearmies 31 1
Jibs_PC#4585692579938791424 attack 31 32
Jibs_PC#4585692579938791424 roll 3
Jibs_PC#4585692579938791424 roll 1
DICE 3 1 1 1 1 4 
Jibs_PC#4585692579938791424 roll 3
Jibs_PC#4585692579938791424 roll 1
DICE 3 1 3 3 2 4 
Jibs_PC#4585692579938791424 roll 3
Jibs_PC#4585692579938791424 roll 1
DICE 3 1 5 4 2 4 
Jibs_PC#4585692579938791424 move 10
Jibs_PC#4585692579938791424 attack 32 33
Jibs_PC#4585692579938791424 roll 3
Jibs_PC#4585692579938791424 roll 2
DICE 3 2 4 3 3 2 0 
Jibs_PC#4585692579938791424 roll 3
Jibs_PC#4585692579938791424 roll 2
DICE 3 2 3 2 0 3 3 
Jibs_PC#4585692579938791424 roll 3
Jibs_PC#4585692579938791424 roll 2
DICE 3 2 4 3 1 4 1 
Jibs_PC#4585692579938791424 roll 3
Jibs_PC#4585692579938791424 roll 2
DICE 3 2 5 4 3 2 2 
Jibs_PC#4585692579938791424 roll 3
Jibs_PC#4585692579938791424 roll 2
DICE 3 2 4 3 3 2 1 
Jibs_PC#4585692579938791424 roll 3
Jibs_PC#4585692579938791424 roll 2
DICE 3 2 4 4 3 5 2 
Jibs_PC#4585692579938791424 roll 3
Jibs_PC#4585692579938791424 roll 1
DICE 3 1 5 4 0 2 
Jibs_PC#4585692579938791424 move all
Jibs_PC#4585692579938791424 attack 33 29
Jibs_PC#4585692579938791424 roll 3
Jibs_PC#4585692579938791424 roll 1
DICE 3 1 5 1 1 4 
Jibs_PC#4585692579938791424 move 3
Jibs_PC#4585692579938791424 attack 29 36
Jibs_PC#4585692579938791424 roll 2
Jibs_PC#4585692579938791424 roll 1
DICE 2 1 4 0 0 
Jibs_PC#4585692579938791424 attack 36 37
Jibs_PC#4585692579938791424 roll 1
Jibs_PC#4585692579938791424 roll 1
DICE 1 1 4 2 
Jibs_PC#4585692579938791424 endattack
Jibs_PC#4585692579938791424 nomove
CARD wildcard
Jibs_PC#4585692579938791424 trade 32 23 16
Jibs_PC#4585692579938791424 placearmies 39 1
Jibs_PC#4585692579938791424 placearmies 39 1
Jibs_PC#4585692579938791424 placearmies 39 1
Jibs_PC#4585692579938791424 placearmies 39 1
Jibs_PC#4585692579938791424 placearmies 39 1
Jibs_PC#4585692579938791424 placearmies 1 1
Jibs_PC#4585692579938791424 placearmies 1 1
Jibs_PC#4585692579938791424 placearmies 1 1
Jibs_PC#4585692579938791424 placearmies 1 1
Jibs_PC#4585692579938791424 placearmies 25 1
Jibs_PC#4585692579938791424 placearmies 25 1
Jibs_PC#4585692579938791424 placearmies 39 1
Jibs_PC#4585692579938791424 placearmies 39 1
Jibs_PC#4585692579938791424 placearmies 1 1
Jibs_PC#4585692579938791424 placearmies 39 1
Jibs_PC#4585692579938791424 attack 39 33
Jibs_PC#4585692579938791424 roll 3
Jibs_PC#4585692579938791424 roll 2
DICE 3 2 5 2 0 4 2 
Jibs_PC#4585692579938791424 roll 3
Jibs_PC#4585692579938791424 roll 1
DICE 3 1 4 4 1 4 
Jibs_PC#4585692579938791424 roll 3
Jibs_PC#4585692579938791424 roll 1
DICE 3 1 1 1 0 4 
Jibs_PC#4585692579938791424 roll 3
Jibs_PC#4585692579938791424 roll 1
DICE 3 1 5 4 3 5 
Jibs_PC#4585692579938791424 roll 3
Jibs_PC#4585692579938791424 roll 1
DICE 3 1 3 2 0 3 
Jibs_PC#4585692579938791424 roll 3
Jibs_PC#4585692579938791424 roll 1
DICE 3 1 5 4 1 2 
Jibs_PC#4585692579938791424 attack 1 38
Jibs_PC#4585692579938791424 roll 3
Jibs_PC#4585692579938791424 roll 1
DICE 3 1 0 0 0 4 
Jibs_PC#4585692579938791424 roll 3
Jibs_PC#4585692579938791424 roll 1
DICE 3 1 5 5 1 0 
Jibs_PC#4585692579938791424 move all
Jibs_PC#4585692579938791424 attack 38 37
Jibs_PC#4585692579938791424 roll 3
Jibs_PC#4585692579938791424 roll 1
DICE 3 1 2 1 1 0 
Jibs_PC#4585692579938791424 move all
Jibs_PC#4585692579938791424 attack 37 36
Jibs_PC#4585692579938791424 roll 3
Jibs_PC#4585692579938791424 roll 1
DICE 3 1 5 4 1 2 
Jibs_PC#4585692579938791424 move all
Jibs_PC#4585692579938791424 attack 36 29
Jibs_PC#4585692579938791424 roll 3
Jibs_PC#4585692579938791424 roll 1
DICE 3 1 3 3 0 0 
Jibs_PC#4585692579938791424 move all
Jibs_PC#4585692579938791424 attack 29 32
Jibs_PC#4585692579938791424 roll 3
Jibs_PC#4585692579938791424 roll 1
DICE 3 1 4 2 1 3 
Jibs_PC#4585692579938791424 endattack
Jibs_PC#4585692579938791424 movearmies 33 29 2
CARD 17
Jibs_PC#4585692579938791424 trade 21 19 22
Jibs_PC#4585692579938791424 placearmies 17 1
Jibs_PC#4585692579938791424 placearmies 17 1
Jibs_PC#4585692579938791424 placearmies 17 1
Jibs_PC#4585692579938791424 placearmies 30 1
Jibs_PC#4585692579938791424 placearmies 30 1
Jibs_PC#4585692579938791424 placearmies 30 1
Jibs_PC#4585692579938791424 placearmies 10 1
Jibs_PC#4585692579938791424 placearmies 30 1
Jibs_PC#4585692579938791424 placearmies 30 1
Jibs_PC#4585692579938791424 attack 30 29
Jibs_PC#4585692579938791424 roll 3
Jibs_PC#4585692579938791424 roll 2
DICE 3 2 3 2 1 5 1 
Jibs_PC#4585692579938791424 roll 3
Jibs_PC#4585692579938791424 roll 2
DICE 3 2 3 1 1 5 4 
Jibs_PC#4585692579938791424 retreat
Jibs_PC#4585692579938791424 attack 30 29
Jibs_PC#4585692579938791424 roll 2
Jibs_PC#4585692579938791424 roll 2
DICE 2 2 0 0 5 1 
Jibs_PC#4585692579938791424 attack 17 19
Jibs_PC#4585692579938791424 roll 3
Jibs_PC#4585692579938791424 roll 1
DICE 3 1 5 3 1 5 
Jibs_PC#4585692579938791424 roll 2
Jibs_PC#4585692579938791424 roll 1
DICE 2 1 2 1 4 
Jibs_PC#4585692579938791424 roll 1
Jibs_PC#4585692579938791424 roll 1
DICE 1 1 4 5 
Jibs_PC#4585692579938791424 attack 10 5
Jibs_PC#4585692579938791424 roll 2
Jibs_PC#4585692579938791424 roll 1
DICE 2 1 4 1 1 
Jibs_PC#4585692579938791424 endattack
Jibs_PC#4585692579938791424 nomove
CARD wildcard
Jibs_PC#4585692579938791424 placearmies 2 1
Jibs_PC#4585692579938791424 placearmies 9 1
Jibs_PC#4585692579938791424 placearmies 26 1
Jibs_PC#4585692579938791424 placearmies 9 1
Jibs_PC#4585692579938791424 attack 26 25
Jibs_PC#4585692579938791424 roll 1
Jibs_PC#4585692579938791424 roll 2
DICE 1 2 5 3 1 
Jibs_PC#4585692579938791424 roll 1
Jibs_PC#4585692579938791424 roll 2
DICE 1 2 5 3 2 
Jibs_PC#4585692579938791424 roll 1
Jibs_PC#4585692579938791424 roll 1
DICE 1 1 3 2 
Jibs_PC#4585692579938791424 attack 9 5
Jibs_PC#4585692579938791424 roll 2
Jibs_PC#4585692579938791424 roll 2
DICE 2 2 1 0 3 2 
Jibs_PC#4585692579938791424 attack 2 1
Jibs_PC#4585692579938791424 roll 3
Jibs_PC#4585692579938791424 roll 1
DICE 3 1 3 3 0 5 
Jibs_PC#4585692579938791424 roll 2
Jibs_PC#4585692579938791424 roll 1
DICE 2 1 4 1 4 
Jibs_PC#4585692579938791424 roll 1
Jibs_PC#4585692579938791424 roll 1
DICE 1 1 2 3 
Jibs_PC#4585692579938791424 endattack
Jibs_PC#4585692579938791424 nomove
CARD 26
Jibs_PC#4585692579938791424 placearmies 31 1
Jibs_PC#4585692579938791424 placearmies 31 1
Jibs_PC#4585692579938791424 placearmies 31 1
Jibs_PC#4585692579938791424 attack 31 22
Jibs_PC#4585692579938791424 roll 3
Jibs_PC#4585692579938791424 roll 1
DICE 3 1 4 4 0 0 
Jibs_PC#4585692579938791424 move all
Jibs_PC#4585692579938791424 attack 22 21
Jibs_PC#4585692579938791424 roll 3
Jibs_PC#4585692579938791424 roll 1
DICE 3 1 4 2 0 4 
Jibs_PC#4585692579938791424 roll 3
Jibs_PC#4585692579938791424 roll 1
DICE 3 1 4 1 0 2 
Jibs_PC#4585692579938791424 attack 21 12
Jibs_PC#4585692579938791424 roll 2
Jibs_PC#4585692579938791424 roll 1
DICE 2 1 5 1 0 
Jibs_PC#4585692579938791424 attack 12 11
Jibs_PC#4585692579938791424 roll 1
Jibs_PC#4585692579938791424 roll 1
DICE 1 1 1 0 
Jibs_PC#4585692579938791424 endattack
Jibs_PC#4585692579938791424 nomove
CARD 36
Jibs_PC#4585692579938791424 placearmies 32 1
Jibs_PC#4585692579938791424 placearmies 29 1
Jibs_PC#4585692579938791424 placearmies 29 1
Jibs_PC#4585692579938791424 placearmies 32 1
Jibs_PC#4585692579938791424 placearmies 29 1
Jibs_PC#4585692579938791424 endattack
Jibs_PC#4585692579938791424 nomove
CARD 
Jibs_PC#4585692579938791424 placearmies 13 1
Jibs_PC#4585692579938791424 placearmies 13 1
Jibs_PC#4585692579938791424 placearmies 13 1
Jibs_PC#4585692579938791424 attack 13 11
Jibs_PC#4585692579938791424 roll 3
Jibs_PC#4585692579938791424 roll 1
DICE 3 1 3 2 1 4 
Jibs_PC#4585692579938791424 roll 3
Jibs_PC#4585692579938791424 roll 1
DICE 3 1 4 2 1 1 
Jibs_PC#4585692579938791424 attack 11 12
Jibs_PC#4585692579938791424 roll 2
Jibs_PC#4585692579938791424 roll 1
DICE 2 1 4 1 5 
Jibs_PC#4585692579938791424 roll 1
Jibs_PC#4585692579938791424 roll 1
DICE 1 1 0 2 
Jibs_PC#4585692579938791424 attack 5 9
Jibs_PC#4585692579938791424 roll 1
Jibs_PC#4585692579938791424 roll 1
DICE 1 1 5 3 
Jibs_PC#4585692579938791424 endattack
Jibs_PC#4585692579938791424 nomove
CARD 7
Jibs_PC#4585692579938791424 placearmies 8 1
Jibs_PC#4585692579938791424 placearmies 8 1
Jibs_PC#4585692579938791424 placearmies 8 1
Jibs_PC#4585692579938791424 placearmies 8 1
Jibs_PC#4585692579938791424 attack 8 9
Jibs_PC#4585692579938791424 roll 3
Jibs_PC#4585692579938791424 roll 1
DICE 3 1 5 1 1 3 
Jibs_PC#4585692579938791424 move all
Jibs_PC#4585692579938791424 attack 9 5
Jibs_PC#4585692579938791424 roll 3
Jibs_PC#4585692579938791424 roll 1
DICE 3 1 0 0 0 2 
Jibs_PC#4585692579938791424 roll 2
Jibs_PC#4585692579938791424 roll 1
DICE 2 1 3 1 5 
Jibs_PC#4585692579938791424 roll 1
Jibs_PC#4585692579938791424 roll 1
DICE 1 1 0 2 
Jibs_PC#4585692579938791424 endattack
Jibs_PC#4585692579938791424 nomove
CARD 34
Jibs_PC#4585692579938791424 placearmies 12 1
Jibs_PC#4585692579938791424 placearmies 12 1
Jibs_PC#4585692579938791424 placearmies 12 1
Jibs_PC#4585692579938791424 attack 12 11
Jibs_PC#4585692579938791424 roll 3
Jibs_PC#4585692579938791424 roll 1
DICE 3 1 5 1 0 3 
Jibs_PC#4585692579938791424 attack 11 10
Jibs_PC#4585692579938791424 roll 2
Jibs_PC#4585692579938791424 roll 1
DICE 2 1 3 1 0 
Jibs_PC#4585692579938791424 endattack
Jibs_PC#4585692579938791424 nomove
CARD 38
Jibs_PC#4585692579938791424 placearmies 32 1
Jibs_PC#4585692579938791424 placearmies 29 1
Jibs_PC#4585692579938791424 placearmies 36 1
Jibs_PC#4585692579938791424 placearmies 36 1
Jibs_PC#4585692579938791424 placearmies 36 1
Jibs_PC#4585692579938791424 attack 36 35
Jibs_PC#4585692579938791424 roll 3
Jibs_PC#4585692579938791424 roll 1
DICE 3 1 5 3 3 0 
Jibs_PC#4585692579938791424 attack 35 34
Jibs_PC#4585692579938791424 roll 2
Jibs_PC#4585692579938791424 roll 1
DICE 2 1 4 4 5 
Jibs_PC#4585692579938791424 roll 1
Jibs_PC#4585692579938791424 roll 1
DICE 1 1 2 2 
Jibs_PC#4585692579938791424 endattack
Jibs_PC#4585692579938791424 nomove
CARD 15
Jibs_PC#4585692579938791424 trade 7 24 wildcard
Jibs_PC#4585692579938791424 placearmies 17 1
Jibs_PC#4585692579938791424 placearmies 17 1
Jibs_PC#4585692579938791424 placearmies 17 1
Jibs_PC#4585692579938791424 placearmies 17 1
Jibs_PC#4585692579938791424 placearmies 30 1
Jibs_PC#4585692579938791424 placearmies 30 1
Jibs_PC#4585692579938791424 placearmies 30 1
Jibs_PC#4585692579938791424 placearmies 30 1
Jibs_PC#4585692579938791424 placearmies 30 1
Jibs_PC#4585692579938791424 placearmies 30 1
Jibs_PC#4585692579938791424 placearmies 30 1
Jibs_PC#4585692579938791424 placearmies 13 1
Jibs_PC#4585692579938791424 placearmies 13 1
Jibs_PC#4585692579938791424 attack 17 14
Jibs_PC#4585692579938791424 roll 3
Jibs_PC#4585692579938791424 roll 1
DICE 3 1 5 4 2 1 
Jibs_PC#4585692579938791424 move 3
Jibs_PC#4585692579938791424 attack 13 11
Jibs_PC#4585692579938791424 roll 2
Jibs_PC#4585692579938791424 roll 1
DICE 2 1 5 4 4 
Jibs_PC#4585692579938791424 attack 11 12
Jibs_PC#4585692579938791424 roll 1
Jibs_PC#4585692579938791424 roll 1
DICE 1 1 1 3 
Jibs_PC#4585692579938791424 attack 30 29
Jibs_PC#4585692579938791424 roll 3
Jibs_PC#4585692579938791424 roll 2
DICE 3 2 5 3 2 5 1 
Jibs_PC#4585692579938791424 roll 3
Jibs_PC#4585692579938791424 roll 2
DICE 3 2 3 3 2 1 0 
Jibs_PC#4585692579938791424 roll 3
Jibs_PC#4585692579938791424 roll 2
DICE 3 2 5 3 2 4 2 
Jibs_PC#4585692579938791424 roll 3
Jibs_PC#4585692579938791424 roll 1
DICE 3 1 5 1 0 2 
Jibs_PC#4585692579938791424 move all
Jibs_PC#4585692579938791424 attack 29 33
Jibs_PC#4585692579938791424 roll 3
Jibs_PC#4585692579938791424 roll 1
DICE 3 1 5 4 3 1 
Jibs_PC#4585692579938791424 move all
Jibs_PC#4585692579938791424 attack 33 39
Jibs_PC#4585692579938791424 roll 3
Jibs_PC#4585692579938791424 roll 1
DICE 3 1 1 0 0 1 
Jibs_PC#4585692579938791424 roll 3
Jibs_PC#4585692579938791424 roll 1
DICE 3 1 4 2 2 5 
Jibs_PC#4585692579938791424 roll 2
Jibs_PC#4585692579938791424 roll 1
DICE 2 1 5 1 0 
Jibs_PC#4585692579938791424 attack 17 19
Jibs_PC#4585692579938791424 roll 1
Jibs_PC#4585692579938791424 roll 1
DICE 1 1 0 1 
Jibs_PC#4585692579938791424 attack 39 40
Jibs_PC#4585692579938791424 roll 1
Jibs_PC#4585692579938791424 roll 1
DICE 1 1 2 2 
Jibs_PC#4585692579938791424 endattack
Jibs_PC#4585692579938791424 movearmies 14 17 2
CARD 33
Jibs_PC#4585692579938791424 placearmies 2 1
Jibs_PC#4585692579938791424 placearmies 4 1
Jibs_PC#4585692579938791424 placearmies 2 1
Jibs_PC#4585692579938791424 placearmies 2 1
Jibs_PC#4585692579938791424 attack 2 1
Jibs_PC#4585692579938791424 roll 3
Jibs_PC#4585692579938791424 roll 1
DICE 3 1 2 2 1 2 
Jibs_PC#4585692579938791424 roll 2
Jibs_PC#4585692579938791424 roll 1
DICE 2 1 1 0 4 
Jibs_PC#4585692579938791424 roll 1
Jibs_PC#4585692579938791424 roll 1
DICE 1 1 0 4 
Jibs_PC#4585692579938791424 attack 4 5
Jibs_PC#4585692579938791424 roll 1
Jibs_PC#4585692579938791424 roll 1
DICE 1 1 4 1 
Jibs_PC#4585692579938791424 endattack
Jibs_PC#4585692579938791424 nomove
CARD 28
Jibs_PC#4585692579938791424 trade 38 36 wildcard
Jibs_PC#4585692579938791424 placearmies 12 1
Jibs_PC#4585692579938791424 placearmies 12 1
Jibs_PC#4585692579938791424 placearmies 12 1
Jibs_PC#4585692579938791424 placearmies 12 1
Jibs_PC#4585692579938791424 placearmies 31 1
Jibs_PC#4585692579938791424 placearmies 31 1
Jibs_PC#4585692579938791424 placearmies 31 1
Jibs_PC#4585692579938791424 placearmies 31 1
Jibs_PC#4585692579938791424 placearmies 31 1
Jibs_PC#4585692579938791424 placearmies 31 1
Jibs_PC#4585692579938791424 placearmies 31 1
Jibs_PC#4585692579938791424 placearmies 31 1
Jibs_PC#4585692579938791424 placearmies 31 1
Jibs_PC#4585692579938791424 attack 12 11
Jibs_PC#4585692579938791424 roll 3
Jibs_PC#4585692579938791424 roll 1
DICE 3 1 3 3 0 5 
Jibs_PC#4585692579938791424 roll 3
Jibs_PC#4585692579938791424 roll 1
DICE 3 1 5 1 0 2 
Jibs_PC#4585692579938791424 attack 11 13
Jibs_PC#4585692579938791424 roll 2
Jibs_PC#4585692579938791424 roll 1
DICE 2 1 4 0 4 
Jibs_PC#4585692579938791424 roll 1
Jibs_PC#4585692579938791424 roll 1
DICE 1 1 4 3 
Jibs_PC#4585692579938791424 attack 31 30
Jibs_PC#4585692579938791424 retreat
Jibs_PC#4585692579938791424 attack 31 32
Jibs_PC#4585692579938791424 roll 3
Jibs_PC#4585692579938791424 roll 2
DICE 3 2 4 2 0 4 2 
Jibs_PC#4585692579938791424 roll 3
Jibs_PC#4585692579938791424 roll 2
DICE 3 2 3 1 1 0 0 
Jibs_PC#4585692579938791424 roll 3
Jibs_PC#4585692579938791424 roll 2
DICE 3 2 5 2 2 5 3 
Jibs_PC#4585692579938791424 roll 3
Jibs_PC#4585692579938791424 roll 2
DICE 3 2 5 4 0 3 1 
Jibs_PC#4585692579938791424 roll 3
Jibs_PC#4585692579938791424 roll 2
DICE 3 2 5 4 4 2 2 
Jibs_PC#4585692579938791424 move all
Jibs_PC#4585692579938791424 attack 32 29
Jibs_PC#4585692579938791424 roll 3
Jibs_PC#4585692579938791424 roll 1
DICE 3 1 5 1 1 3 
Jibs_PC#4585692579938791424 move all
Jibs_PC#4585692579938791424 attack 29 33
Jibs_PC#4585692579938791424 roll 3
Jibs_PC#4585692579938791424 roll 1
DICE 3 1 3 2 1 4 
Jibs_PC#4585692579938791424 roll 2
Jibs_PC#4585692579938791424 roll 1
DICE 2 1 5 5 4 
Jibs_PC#4585692579938791424 attack 33 39
Jibs_PC#4585692579938791424 roll 1
Jibs_PC#4585692579938791424 roll 1
DICE 1 1 5 3 
Jibs_PC#4585692579938791424 endattack
Jibs_PC#4585692579938791424 nomove
CARD 37
Jibs_PC#4585692579938791424 placearmies 41 1
Jibs_PC#4585692579938791424 placearmies 41 1
Jibs_PC#4585692579938791424 placearmies 41 1
Jibs_PC#4585692579938791424 attack 41 39
Jibs_PC#4585692579938791424 roll 3
Jibs_PC#4585692579938791424 roll 1
DICE 3 1 4 2 0 0 
Jibs_PC#4585692579938791424 endattack
Jibs_PC#4585692579938791424 nomove
CARD 1
Jibs_PC#4585692579938791424 placearmies 30 1
Jibs_PC#4585692579938791424 placearmies 30 1
Jibs_PC#4585692579938791424 placearmies 30 1
Jibs_PC#4585692579938791424 attack 17 19
Jibs_PC#4585692579938791424 roll 2
Jibs_PC#4585692579938791424 roll 1
DICE 2 1 4 3 0 
Jibs_PC#4585692579938791424 attack 30 29
Jibs_PC#4585692579938791424 roll 3
Jibs_PC#4585692579938791424 roll 1
DICE 3 1 5 1 1 4 
Jibs_PC#4585692579938791424 attack 29 33
Jibs_PC#4585692579938791424 roll 2
Jibs_PC#4585692579938791424 roll 1
DICE 2 1 2 1 3 
Jibs_PC#4585692579938791424 roll 1
Jibs_PC#4585692579938791424 roll 1
DICE 1 1 2 1 
Jibs_PC#4585692579938791424 endattack
Jibs_PC#4585692579938791424 nomove
CARD 27
Jibs_PC#4585692579938791424 trade 40 28 34
Jibs_PC#4585692579938791424 placearmies 2 1
Jibs_PC#4585692579938791424 placearmies 24 1
Jibs_PC#4585692579938791424 placearmies 24 1
Jibs_PC#4585692579938791424 placearmies 2 1
Jibs_PC#4585692579938791424 placearmies 2 1
Jibs_PC#4585692579938791424 placearmies 2 1
Jibs_PC#4585692579938791424 placearmies 2 1
Jibs_PC#4585692579938791424 placearmies 2 1
Jibs_PC#4585692579938791424 placearmies 2 1
Jibs_PC#4585692579938791424 placearmies 2 1
Jibs_PC#4585692579938791424 attack 2 1
Jibs_PC#4585692579938791424 roll 3
Jibs_PC#4585692579938791424 roll 1
DICE 3 1 1 0 0 2 
Jibs_PC#4585692579938791424 roll 3
Jibs_PC#4585692579938791424 roll 1
DICE 3 1 5 1 0 2 
Jibs_PC#4585692579938791424 move all
Jibs_PC#4585692579938791424 attack 1 38
Jibs_PC#4585692579938791424 roll 3
Jibs_PC#4585692579938791424 roll 1
DICE 3 1 4 4 2 1 
Jibs_PC#4585692579938791424 move all
Jibs_PC#4585692579938791424 attack 38 37
Jibs_PC#4585692579938791424 roll 3
Jibs_PC#4585692579938791424 roll 1
DICE 3 1 4 4 2 0 
Jibs_PC#4585692579938791424 move all
Jibs_PC#4585692579938791424 attack 37 36
Jibs_PC#4585692579938791424 roll 3
Jibs_PC#4585692579938791424 roll 1
DICE 3 1 4 0 0 2 
Jibs_PC#4585692579938791424 move all
Jibs_PC#4585692579938791424 attack 36 29
Jibs_PC#4585692579938791424 roll 3
Jibs_PC#4585692579938791424 roll 1
DICE 3 1 2 1 1 4 
Jibs_PC#4585692579938791424 roll 2
Jibs_PC#4585692579938791424 roll 1
DICE 2 1 1 1 5 
Jibs_PC#4585692579938791424 roll 1
Jibs_PC#4585692579938791424 roll 1
DICE 1 1 2 2 
Jibs_PC#4585692579938791424 attack 24 21
Jibs_PC#4585692579938791424 roll 2
Jibs_PC#4585692579938791424 roll 1
DICE 2 1 4 2 3 
Jibs_PC#4585692579938791424 attack 21 22
Jibs_PC#4585692579938791424 roll 1
Jibs_PC#4585692579938791424 roll 1
DICE 1 1 5 2 
Jibs_PC#4585692579938791424 endattack
Jibs_PC#4585692579938791424 nomove
CARD 8
Jibs_PC#4585692579938791424 placearmies 32 1
Jibs_PC#4585692579938791424 placearmies 32 1
Jibs_PC#4585692579938791424 placearmies 32 1
Jibs_PC#4585692579938791424 placearmies 32 1
Jibs_PC#4585692579938791424 placearmies 32 1
Jibs_PC#4585692579938791424 attack 32 33
Jibs_PC#4585692579938791424 roll 3
Jibs_PC#4585692579938791424 roll 1
DICE 3 1 5 2 0 5 
Jibs_PC#4585692579938791424 roll 3
Jibs_PC#4585692579938791424 roll 1
DICE 3 1 4 3 2 1 
Jibs_PC#4585692579938791424 move all
Jibs_PC#4585692579938791424 attack 33 29
Jibs_PC#4585692579938791424 roll 3
Jibs_PC#4585692579938791424 roll 1
DICE 3 1 5 1 1 5 
Jibs_PC#4585692579938791424 roll 2
Jibs_PC#4585692579938791424 roll 1
DICE 2 1 3 1 4 
Jibs_PC#4585692579938791424 retreat
Jibs_PC#4585692579938791424 endattack
Jibs_PC#4585692579938791424 nomove
CARD 41
Jibs_PC#4585692579938791424 trade 17 15 1
Jibs_PC#4585692579938791424 placearmies 39 1
Jibs_PC#4585692579938791424 placearmies 39 1
Jibs_PC#4585692579938791424 placearmies 39 1
Jibs_PC#4585692579938791424 placearmies 35 1
Jibs_PC#4585692579938791424 placearmies 35 1
Jibs_PC#4585692579938791424 placearmies 39 1
Jibs_PC#4585692579938791424 placearmies 39 1
Jibs_PC#4585692579938791424 placearmies 35 1
Jibs_PC#4585692579938791424 placearmies 39 1
Jibs_PC#4585692579938791424 placearmies 39 1
Jibs_PC#4585692579938791424 placearmies 35 1
Jibs_PC#4585692579938791424 placearmies 39 1
Jibs_PC#4585692579938791424 placearmies 35 1
Jibs_PC#4585692579938791424 placearmies 39 1
Jibs_PC#4585692579938791424 placearmies 35 1
Jibs_PC#4585692579938791424 attack 39 33
Jibs_PC#4585692579938791424 roll 3
Jibs_PC#4585692579938791424 roll 2
DICE 3 2 3 2 1 2 0 
Jibs_PC#4585692579938791424 move all
Jibs_PC#4585692579938791424 attack 35 34
Jibs_PC#4585692579938791424 roll 3
Jibs_PC#4585692579938791424 roll 1
DICE 3 1 3 2 1 3 
Jibs_PC#4585692579938791424 roll 3
Jibs_PC#4585692579938791424 roll 1
DICE 3 1 5 3 0 5 
Jibs_PC#4585692579938791424 roll 3
Jibs_PC#4585692579938791424 roll 1
DICE 3 1 5 5 3 3 
Jibs_PC#4585692579938791424 move all
Jibs_PC#4585692579938791424 attack 34 27
Jibs_PC#4585692579938791424 roll 3
Jibs_PC#4585692579938791424 roll 1
DICE 3 1 5 3 2 5 
Jibs_PC#4585692579938791424 roll 2
Jibs_PC#4585692579938791424 roll 1
DICE 2 1 3 2 5 
Jibs_PC#4585692579938791424 roll 1
Jibs_PC#4585692579938791424 roll 1
DICE 1 1 4 3 
Jibs_PC#4585692579938791424 endattack
Jibs_PC#4585692579938791424 nomove
CARD 10
Jibs_PC#4585692579938791424 placearmies 29 1
Jibs_PC#4585692579938791424 placearmies 29 1
Jibs_PC#4585692579938791424 placearmies 29 1
Jibs_PC#4585692579938791424 placearmies 29 1
Jibs_PC#4585692579938791424 placearmies 29 1
Jibs_PC#4585692579938791424 placearmies 29 1
Jibs_PC#4585692579938791424 placearmies 29 1
Jibs_PC#4585692579938791424 placearmies 29 1
Jibs_PC#4585692579938791424 attack 29 33
Jibs_PC#4585692579938791424 roll 3
Jibs_PC#4585692579938791424 roll 2
DICE 3 2 3 2 2 2 0 
Jibs_PC#4585692579938791424 roll 3
Jibs_PC#4585692579938791424 roll 2
DICE 3 2 5 4 1 3 0 
Jibs_PC#4585692579938791424 roll 3
Jibs_PC#4585692579938791424 roll 2
DICE 3 2 4 0 0 2 0 
Jibs_PC#4585692579938791424 roll 3
Jibs_PC#4585692579938791424 roll 2
DICE 3 2 4 2 0 3 1 
Jibs_PC#4585692579938791424 roll 3
Jibs_PC#4585692579938791424 roll 2
DICE 3 2 4 3 0 2 1 
Jibs_PC#4585692579938791424 roll 3
Jibs_PC#4585692579938791424 roll 2
DICE 3 2 3 2 1 4 1 
Jibs_PC#4585692579938791424 roll 3
Jibs_PC#4585692579938791424 roll 1
DICE 3 1 4 4 3 1 
Jibs_PC#4585692579938791424 move all
Jibs_PC#4585692579938791424 attack 33 39
Jibs_PC#4585692579938791424 roll 3
Jibs_PC#4585692579938791424 roll 1
DICE 3 1 3 2 2 4 
Jibs_PC#4585692579938791424 roll 3
Jibs_PC#4585692579938791424 roll 1
DICE 3 1 5 2 1 3 
Jibs_PC#4585692579938791424 move all
Jibs_PC#4585692579938791424 attack 39 41
Jibs_PC#4585692579938791424 roll 3
Jibs_PC#4585692579938791424 roll 1
DICE 3 1 5 3 0 5 
Jibs_PC#4585692579938791424 roll 2
Jibs_PC#4585692579938791424 roll 1
DICE 2 1 4 1 3 
Jibs_PC#4585692579938791424 attack 19 21
Jibs_PC#4585692579938791424 roll 1
Jibs_PC#4585692579938791424 roll 1
DICE 1 1 4 3 
Jibs_PC#4585692579938791424 endattack
Jibs_PC#4585692579938791424 nomove
CARD 20
Jibs_PC#4585692579938791424 placearmies 22 1
Jibs_PC#4585692579938791424 placearmies 22 1
Jibs_PC#4585692579938791424 placearmies 36 1
Jibs_PC#4585692579938791424 placearmies 36 1
Jibs_PC#4585692579938791424 placearmies 36 1
Jibs_PC#4585692579938791424 placearmies 36 1
Jibs_PC#4585692579938791424 placearmies 36 1
Jibs_PC#4585692579938791424 placearmies 36 1
Jibs_PC#4585692579938791424 placearmies 36 1
Jibs_PC#4585692579938791424 placearmies 36 1
Jibs_PC#4585692579938791424 attack 36 29
Jibs_PC#4585692579938791424 roll 3
Jibs_PC#4585692579938791424 roll 1
DICE 3 1 4 4 2 2 
Jibs_PC#4585692579938791424 move all
Jibs_PC#4585692579938791424 attack 29 33
Jibs_PC#4585692579938791424 roll 3
Jibs_PC#4585692579938791424 roll 1
DICE 3 1 5 4 3 5 
Jibs_PC#4585692579938791424 roll 3
Jibs_PC#4585692579938791424 roll 1
DICE 3 1 5 2 0 5 
Jibs_PC#4585692579938791424 roll 3
Jibs_PC#4585692579938791424 roll 1
DICE 3 1 3 1 0 4 
Jibs_PC#4585692579938791424 roll 3
Jibs_PC#4585692579938791424 roll 1
DICE 3 1 4 1 0 0 
Jibs_PC#4585692579938791424 move all
Jibs_PC#4585692579938791424 attack 33 39
Jibs_PC#4585692579938791424 roll 3
Jibs_PC#4585692579938791424 roll 1
DICE 3 1 4 3 1 3 
Jibs_PC#4585692579938791424 attack 39 41
Jibs_PC#4585692579938791424 retreat
Jibs_PC#4585692579938791424 attack 39 40
Jibs_PC#4585692579938791424 roll 2
Jibs_PC#4585692579938791424 roll 1
DICE 2 1 5 3 0 
Jibs_PC#4585692579938791424 attack 40 42
Jibs_PC#4585692579938791424 roll 1
Jibs_PC#4585692579938791424 roll 1
DICE 1 1 2 2 
Jibs_PC#4585692579938791424 attack 22 21
Jibs_PC#4585692579938791424 roll 2
Jibs_PC#4585692579938791424 roll 1
DICE 2 1 5 0 4 
Jibs_PC#4585692579938791424 attack 21 19
Jibs_PC#4585692579938791424 roll 1
Jibs_PC#4585692579938791424 roll 1
DICE 1 1 1 3 
Jibs_PC#4585692579938791424 endattack
Jibs_PC#4585692579938791424 nomove
CARD 42
Jibs_PC#4585692579938791424 placearmies 32 1
Jibs_PC#4585692579938791424 placearmies 32 1
Jibs_PC#4585692579938791424 placearmies 32 1
Jibs_PC#4585692579938791424 placearmies 32 1
Jibs_PC#4585692579938791424 placearmies 32 1
Jibs_PC#4585692579938791424 attack 32 33
Jibs_PC#4585692579938791424 roll 3
Jibs_PC#4585692579938791424 roll 1
DICE 3 1 4 2 0 2 
Jibs_PC#4585692579938791424 move all
Jibs_PC#4585692579938791424 attack 33 29
Jibs_PC#4585692579938791424 roll 3
Jibs_PC#4585692579938791424 roll 1
DICE 3 1 5 4 3 0 
Jibs_PC#4585692579938791424 move all
Jibs_PC#4585692579938791424 attack 29 30
Jibs_PC#4585692579938791424 roll 3
Jibs_PC#4585692579938791424 roll 1
DICE 3 1 5 4 0 2 
Jibs_PC#4585692579938791424 attack 30 16
Jibs_PC#4585692579938791424 roll 2
Jibs_PC#4585692579938791424 roll 1
DICE 2 1 2 1 4 
Jibs_PC#4585692579938791424 roll 1
Jibs_PC#4585692579938791424 roll 1
DICE 1 1 5 2 
Jibs_PC#4585692579938791424 endattack
Jibs_PC#4585692579938791424 nomove
CARD 11
Jibs_PC#4585692579938791424 placearmies 34 1
Jibs_PC#4585692579938791424 placearmies 34 1
Jibs_PC#4585692579938791424 placearmies 34 1
Jibs_PC#4585692579938791424 attack 34 38
Jibs_PC#4585692579938791424 roll 3
Jibs_PC#4585692579938791424 roll 1
DICE 3 1 5 4 1 3 
Jibs_PC#4585692579938791424 attack 38 1
Jibs_PC#4585692579938791424 roll 2
Jibs_PC#4585692579938791424 roll 1
DICE 2 1 5 2 0 
Jibs_PC#4585692579938791424 endattack
Jibs_PC#4585692579938791424 nomove
CARD 31
Jibs_PC#4585692579938791424 placearmies 41 1
Jibs_PC#4585692579938791424 placearmies 41 1
Jibs_PC#4585692579938791424 placearmies 41 1
Jibs_PC#4585692579938791424 attack 41 42
Jibs_PC#4585692579938791424 roll 3
Jibs_PC#4585692579938791424 roll 1
DICE 3 1 4 1 0 4 
Jibs_PC#4585692579938791424 roll 3
Jibs_PC#4585692579938791424 roll 1
DICE 3 1 3 3 3 5 
Jibs_PC#4585692579938791424 roll 2
Jibs_PC#4585692579938791424 roll 1
DICE 2 1 5 4 4 
Jibs_PC#4585692579938791424 attack 42 40
Jibs_PC#4585692579938791424 roll 1
Jibs_PC#4585692579938791424 roll 1
DICE 1 1 4 4 
Jibs_PC#4585692579938791424 endattack
Jibs_PC#4585692579938791424 nomove
CARD 18
Jibs_PC#4585692579938791424 placearmies 40 1
Jibs_PC#4585692579938791424 placearmies 40 1
Jibs_PC#4585692579938791424 placearmies 40 1
Jibs_PC#4585692579938791424 placearmies 40 1
Jibs_PC#4585692579938791424 placearmies 40 1
Jibs_PC#4585692579938791424 placearmies 2 1
Jibs_PC#4585692579938791424 placearmies 2 1
Jibs_PC#4585692579938791424 placearmies 39 1
Jibs_PC#4585692579938791424 placearmies 39 1
Jibs_PC#4585692579938791424 attack 2 1
Jibs_PC#4585692579938791424 roll 2
Jibs_PC#4585692579938791424 roll 2
DICE 2 2 4 4 2 2 
Jibs_PC#4585692579938791424 attack 39 41
Jibs_PC#4585692579938791424 roll 2
Jibs_PC#4585692579938791424 roll 1
DICE 2 1 3 3 4 
Jibs_PC#4585692579938791424 roll 1
Jibs_PC#4585692579938791424 roll 1
DICE 1 1 4 1 
Jibs_PC#4585692579938791424 attack 40 42
Jibs_PC#4585692579938791424 roll 3
Jibs_PC#4585692579938791424 roll 1
DICE 3 1 5 1 1 5 
Jibs_PC#4585692579938791424 roll 3
Jibs_PC#4585692579938791424 roll 1
DICE 3 1 4 4 1 5 
Jibs_PC#4585692579938791424 roll 3
Jibs_PC#4585692579938791424 roll 1
DICE 3 1 5 2 1 0 
Jibs_PC#4585692579938791424 newplayer human orange s0914007
Jibs_PC#4585692579938791424 newplayer human blue aneesh
Jibs_PC#4585692579938791424 newplayer human black arko
Jibs_PC#4585692579938791424 newplayer human cyan punit
Jibs_PC#4585692579938791424 startgame mission fixed autoplaceall recycle
PLAYER arko
MISSION 0 0 0 0
PLACEALL 14 25 19 42 40 12 13 38 33 30 9 8 18 15 24 26 22 17 34 37 16 10 11 7 31 21 29 32 4 2 20 41 6 3 39 28 23 1 36 35 5 27
Jibs_PC#4585692579938791424 placearmies 13 1
CARD 
Jibs_PC#4585692579938791424 placearmies 32 1
CARD 
Jibs_PC#4585692579938791424 placearmies 22 1
CARD 
Jibs_PC#4585692579938791424 placearmies 21 1
CARD 
Jibs_PC#4585692579938791424 placearmies 11 1
CARD 
Jibs_PC#4585692579938791424 placearmies 32 1
CARD 
Jibs_PC#4585692579938791424 placearmies 33 1
CARD 
Jibs_PC#4585692579938791424 placearmies 21 1
CARD 
Jibs_PC#4585692579938791424 placearmies 11 1
CARD 
Jibs_PC#4585692579938791424 placearmies 28 1
CARD 
Jibs_PC#4585692579938791424 placearmies 33 1
CARD 
Jibs_PC#4585692579938791424 placearmies 21 1
CARD 
Jibs_PC#4585692579938791424 placearmies 13 1
CARD 
Jibs_PC#4585692579938791424 placearmies 28 1
CARD 
Jibs_PC#4585692579938791424 placearmies 22 1
CARD 
Jibs_PC#4585692579938791424 placearmies 25 1
CARD 
Jibs_PC#4585692579938791424 placearmies 11 1
CARD 
Jibs_PC#4585692579938791424 placearmies 41 1
CARD 
Jibs_PC#4585692579938791424 placearmies 33 1
CARD 
Jibs_PC#4585692579938791424 placearmies 12 1
CARD 
Jibs_PC#4585692579938791424 placearmies 13 1
CARD 
Jibs_PC#4585692579938791424 placearmies 41 1
CARD 
Jibs_PC#4585692579938791424 placearmies 33 1
CARD 
Jibs_PC#4585692579938791424 placearmies 25 1
CARD 
Jibs_PC#4585692579938791424 placearmies 11 1
CARD 
Jibs_PC#4585692579938791424 placearmies 28 1
CARD 
Jibs_PC#4585692579938791424 placearmies 33 1
CARD 
Jibs_PC#4585692579938791424 placearmies 25 1
CARD 
Jibs_PC#4585692579938791424 placearmies 13 1
CARD 
Jibs_PC#4585692579938791424 placearmies 28 1
CARD 
Jibs_PC#4585692579938791424 placearmies 33 1
CARD 
Jibs_PC#4585692579938791424 placearmies 15 1
CARD 
Jibs_PC#4585692579938791424 placearmies 11 1
CARD 
Jibs_PC#4585692579938791424 placearmies 32 1
CARD 
Jibs_PC#4585692579938791424 placearmies 31 1
CARD 
Jibs_PC#4585692579938791424 placearmies 15 1
CARD 
Jibs_PC#4585692579938791424 placearmies 13 1
CARD 
Jibs_PC#4585692579938791424 placearmies 41 1
CARD 
Jibs_PC#4585692579938791424 placearmies 31 1
CARD 
Jibs_PC#4585692579938791424 placearmies 15 1
CARD 
Jibs_PC#4585692579938791424 placearmies 11 1
CARD 
Jibs_PC#4585692579938791424 placearmies 32 1
CARD 
Jibs_PC#4585692579938791424 placearmies 31 1
CARD 
Jibs_PC#4585692579938791424 placearmies 12 1
CARD 
Jibs_PC#4585692579938791424 placearmies 34 1
CARD 
Jibs_PC#4585692579938791424 placearmies 32 1
CARD 
Jibs_PC#4585692579938791424 placearmies 33 1
CARD 
Jibs_PC#4585692579938791424 placearmies 12 1
CARD 
Jibs_PC#4585692579938791424 placearmies 34 1
CARD 
Jibs_PC#4585692579938791424 placearmies 41 1
CARD 
Jibs_PC#4585692579938791424 placearmies 33 1
CARD 
Jibs_PC#4585692579938791424 placearmies 12 1
CARD 
Jibs_PC#4585692579938791424 placearmies 34 1
CARD 
Jibs_PC#4585692579938791424 placearmies 28 1
CARD 
Jibs_PC#4585692579938791424 placearmies 33 1
CARD 
Jibs_PC#4585692579938791424 placearmies 12 1
CARD 
Jibs_PC#4585692579938791424 placearmies 13 1
CARD 
Jibs_PC#4585692579938791424 placearmies 8 1
CARD 
Jibs_PC#4585692579938791424 placearmies 33 1
CARD 
Jibs_PC#4585692579938791424 placearmies 10 1
CARD 
Jibs_PC#4585692579938791424 placearmies 11 1
CARD 
Jibs_PC#4585692579938791424 placearmies 8 1
CARD 
Jibs_PC#4585692579938791424 placearmies 33 1
CARD 
Jibs_PC#4585692579938791424 placearmies 10 1
CARD 
Jibs_PC#4585692579938791424 placearmies 13 1
CARD 
Jibs_PC#4585692579938791424 placearmies 8 1
CARD 
Jibs_PC#4585692579938791424 placearmies 33 1
CARD 
Jibs_PC#4585692579938791424 placearmies 3 1
CARD 
Jibs_PC#4585692579938791424 placearmies 13 1
CARD 
Jibs_PC#4585692579938791424 placearmies 28 1
CARD 
Jibs_PC#4585692579938791424 placearmies 33 1
CARD 
Jibs_PC#4585692579938791424 placearmies 10 1
CARD 
Jibs_PC#4585692579938791424 placearmies 11 1
CARD 
Jibs_PC#4585692579938791424 placearmies 8 1
CARD 
Jibs_PC#4585692579938791424 placearmies 33 1
CARD 
Jibs_PC#4585692579938791424 placearmies 12 1
CARD 
Jibs_PC#4585692579938791424 placearmies 34 1
CARD 
Jibs_PC#4585692579938791424 placearmies 28 1
CARD 
Jibs_PC#4585692579938791424 placearmies 33 1
Jibs_PC#4585692579938791424 placearmies 31 1
Jibs_PC#4585692579938791424 placearmies 33 1
Jibs_PC#4585692579938791424 attack 33 29
Jibs_PC#4585692579938791424 roll 3
Jibs_PC#4585692579938791424 roll 1
DICE 3 1 3 2 1 4 
Jibs_PC#4585692579938791424 roll 3
Jibs_PC#4585692579938791424 roll 1
DICE 3 1 5 3 2 2 
Jibs_PC#4585692579938791424 move all
Jibs_PC#4585692579938791424 attack 29 28
Jibs_PC#4585692579938791424 roll 3
Jibs_PC#4585692579938791424 roll 2
DICE 3 2 4 2 1 2 1 
Jibs_PC#4585692579938791424 roll 3
Jibs_PC#4585692579938791424 roll 2
DICE 3 2 3 1 0 3 1 
Jibs_PC#4585692579938791424 roll 3
Jibs_PC#4585692579938791424 roll 2
DICE 3 2 5 5 1 5 0 
Jibs_PC#4585692579938791424 roll 3
Jibs_PC#4585692579938791424 roll 2
DICE 3 2 4 1 0 3 2 
Jibs_PC#4585692579938791424 roll 3
Jibs_PC#4585692579938791424 roll 2
DICE 3 2 5 5 4 2 1 
Jibs_PC#4585692579938791424 roll 3
Jibs_PC#4585692579938791424 roll 2
DICE 3 2 4 4 0 5 5 
Jibs_PC#4585692579938791424 roll 3
Jibs_PC#4585692579938791424 roll 2
DICE 3 2 5 3 0 2 0 
Jibs_PC#4585692579938791424 move all
Jibs_PC#4585692579938791424 attack 28 27
Jibs_PC#4585692579938791424 roll 3
Jibs_PC#4585692579938791424 roll 1
DICE 3 1 5 2 1 3 
Jibs_PC#4585692579938791424 move all
Jibs_PC#4585692579938791424 attack 27 34
Jibs_PC#4585692579938791424 roll 3
Jibs_PC#4585692579938791424 roll 2
DICE 3 2 5 2 0 2 0 
Jibs_PC#4585692579938791424 roll 3
Jibs_PC#4585692579938791424 roll 2
DICE 3 2 5 4 3 5 1 
Jibs_PC#4585692579938791424 roll 3
Jibs_PC#4585692579938791424 roll 2
DICE 3 2 4 2 1 4 3 
Jibs_PC#4585692579938791424 roll 3
Jibs_PC#4585692579938791424 roll 2
DICE 3 2 3 1 0 5 0 
Jibs_PC#4585692579938791424 roll 2
Jibs_PC#4585692579938791424 roll 1
DICE 2 1 3 2 1 
Jibs_PC#4585692579938791424 attack 31 32
Jibs_PC#4585692579938791424 roll 3
Jibs_PC#4585692579938791424 roll 2
DICE 3 2 5 4 0 5 1 
Jibs_PC#4585692579938791424 roll 3
Jibs_PC#4585692579938791424 roll 2
DICE 3 2 4 4 3 5 4 
Jibs_PC#4585692579938791424 retreat
Jibs_PC#4585692579938791424 attack 31 32
Jibs_PC#4585692579938791424 roll 1
Jibs_PC#4585692579938791424 roll 2
DICE 1 2 4 4 3 
Jibs_PC#4585692579938791424 endattack
Jibs_PC#4585692579938791424 nomove
CARD 36
Jibs_PC#4585692579938791424 placearmies 17 1
Jibs_PC#4585692579938791424 placearmies 2 1
Jibs_PC#4585692579938791424 placearmies 12 1
Jibs_PC#4585692579938791424 attack 25 26
Jibs_PC#4585692579938791424 roll 3
Jibs_PC#4585692579938791424 roll 1
DICE 3 1 5 5 2 0 
Jibs_PC#4585692579938791424 attack 26 24
Jibs_PC#4585692579938791424 roll 2
Jibs_PC#4585692579938791424 roll 1
DICE 2 1 2 1 4 
Jibs_PC#4585692579938791424 roll 1
Jibs_PC#4585692579938791424 roll 1
DICE 1 1 2 3 
Jibs_PC#4585692579938791424 attack 21 23
Jibs_PC#4585692579938791424 roll 3
Jibs_PC#4585692579938791424 roll 1
DICE 3 1 5 4 4 1 
Jibs_PC#4585692579938791424 attack 23 24
Jibs_PC#4585692579938791424 roll 2
Jibs_PC#4585692579938791424 roll 1
DICE 2 1 3 1 4 
Jibs_PC#4585692579938791424 roll 1
Jibs_PC#4585692579938791424 roll 1
DICE 1 1 3 0 
Jibs_PC#4585692579938791424 attack 10 11
Jibs_PC#4585692579938791424 roll 3
Jibs_PC#4585692579938791424 roll 2
DICE 3 2 3 0 0 3 3 
Jibs_PC#4585692579938791424 retreat
Jibs_PC#4585692579938791424 attack 17 14
Jibs_PC#4585692579938791424 roll 1
Jibs_PC#4585692579938791424 roll 1
DICE 1 1 3 2 
Jibs_PC#4585692579938791424 attack 15 18
Jibs_PC#4585692579938791424 roll 3
Jibs_PC#4585692579938791424 roll 1
DICE 3 1 5 5 4 0 
Jibs_PC#4585692579938791424 attack 18 19
Jibs_PC#4585692579938791424 roll 2
Jibs_PC#4585692579938791424 roll 1
DICE 2 1 3 0 5 
Jibs_PC#4585692579938791424 roll 1
Jibs_PC#4585692579938791424 roll 1
DICE 1 1 4 0 
Jibs_PC#4585692579938791424 attack 3 4
Jibs_PC#4585692579938791424 roll 1
Jibs_PC#4585692579938791424 roll 1
DICE 1 1 3 5 
Jibs_PC#4585692579938791424 attack 2 6
Jibs_PC#4585692579938791424 roll 1
Jibs_PC#4585692579938791424 roll 1
DICE 1 1 1 0 
Jibs_PC#4585692579938791424 attack 10 5
Jibs_PC#4585692579938791424 roll 1
Jibs_PC#4585692579938791424 roll 1
DICE 1 1 3 4 
Jibs_PC#4585692579938791424 endattack
Jibs_PC#4585692579938791424 nomove
CARD 13
Jibs_PC#4585692579938791424 placearmies 13 1
Jibs_PC#4585692579938791424 placearmies 11 1
Jibs_PC#4585692579938791424 placearmies 13 1
Jibs_PC#4585692579938791424 attack 13 12
Jibs_PC#4585692579938791424 roll 3
Jibs_PC#4585692579938791424 roll 2
DICE 3 2 4 3 1 2 1 
Jibs_PC#4585692579938791424 roll 3
Jibs_PC#4585692579938791424 roll 2
DICE 3 2 4 1 0 5 3 
Jibs_PC#4585692579938791424 roll 3
Jibs_PC#4585692579938791424 roll 2
DICE 3 2 4 4 0 3 1 
Jibs_PC#4585692579938791424 roll 3
Jibs_PC#4585692579938791424 roll 2
DICE 3 2 5 5 0 3 1 
Jibs_PC#4585692579938791424 roll 3
Jibs_PC#4585692579938791424 roll 2
DICE 3 2 3 0 0 2 1 
Jibs_PC#4585692579938791424 roll 3
Jibs_PC#4585692579938791424 roll 1
DICE 3 1 4 2 1 2 
Jibs_PC#4585692579938791424 move all
Jibs_PC#4585692579938791424 attack 11 10
Jibs_PC#4585692579938791424 roll 3
Jibs_PC#4585692579938791424 roll 1
DICE 3 1 3 1 0 3 
Jibs_PC#4585692579938791424 roll 3
Jibs_PC#4585692579938791424 roll 1
DICE 3 1 4 4 1 5 
Jibs_PC#4585692579938791424 roll 3
Jibs_PC#4585692579938791424 roll 1
DICE 3 1 4 4 3 3 
Jibs_PC#4585692579938791424 move all
Jibs_PC#4585692579938791424 attack 10 5
Jibs_PC#4585692579938791424 roll 3
Jibs_PC#4585692579938791424 roll 1
DICE 3 1 5 5 4 4 
Jibs_PC#4585692579938791424 move all
Jibs_PC#4585692579938791424 attack 12 21
Jibs_PC#4585692579938791424 roll 3
Jibs_PC#4585692579938791424 roll 1
DICE 3 1 2 1 1 0 
Jibs_PC#4585692579938791424 move all
Jibs_PC#4585692579938791424 endattack
Jibs_PC#4585692579938791424 nomove
CARD 29
Jibs_PC#4585692579938791424 placearmies 41 1
Jibs_PC#4585692579938791424 placearmies 8 1
Jibs_PC#4585692579938791424 placearmies 8 1
Jibs_PC#4585692579938791424 attack 41 39
Jibs_PC#4585692579938791424 roll 3
Jibs_PC#4585692579938791424 roll 1
DICE 3 1 5 4 1 4 
Jibs_PC#4585692579938791424 move all
Jibs_PC#4585692579938791424 attack 39 40
Jibs_PC#4585692579938791424 roll 3
Jibs_PC#4585692579938791424 roll 1
DICE 3 1 4 4 1 5 
Jibs_PC#4585692579938791424 roll 3
Jibs_PC#4585692579938791424 roll 1
DICE 3 1 4 3 1 4 
Jibs_PC#4585692579938791424 roll 2
Jibs_PC#4585692579938791424 roll 1
DICE 2 1 5 3 5 
Jibs_PC#4585692579938791424 roll 1
Jibs_PC#4585692579938791424 roll 1
DICE 1 1 5 3 
Jibs_PC#4585692579938791424 attack 8 9
Jibs_PC#4585692579938791424 roll 3
Jibs_PC#4585692579938791424 roll 1
DICE 3 1 1 1 0 4 
Jibs_PC#4585692579938791424 roll 3
Jibs_PC#4585692579938791424 roll 1
DICE 3 1 5 1 0 0 
Jibs_PC#4585692579938791424 move all
Jibs_PC#4585692579938791424 attack 9 4
Jibs_PC#4585692579938791424 roll 3
Jibs_PC#4585692579938791424 roll 1
DICE 3 1 5 4 0 0 
Jibs_PC#4585692579938791424 move all
Jibs_PC#4585692579938791424 attack 4 3
Jibs_PC#4585692579938791424 roll 3
Jibs_PC#4585692579938791424 roll 1
DICE 3 1 5 4 0 5 
Jibs_PC#4585692579938791424 roll 2
Jibs_PC#4585692579938791424 roll 1
DICE 2 1 5 3 2 
Jibs_PC#4585692579938791424 endattack
Jibs_PC#4585692579938791424 movearmies 3 4 1
CARD 12
Jibs_PC#4585692579938791424 placearmies 34 1
Jibs_PC#4585692579938791424 placearmies 34 1
Jibs_PC#4585692579938791424 placearmies 34 1
Jibs_PC#4585692579938791424 attack 34 35
Jibs_PC#4585692579938791424 roll 3
Jibs_PC#4585692579938791424 roll 1
DICE 3 1 1 1 0 5 
Jibs_PC#4585692579938791424 roll 3
Jibs_PC#4585692579938791424 roll 1
DICE 3 1 5 3 0 2 
Jibs_PC#4585692579938791424 attack 35 36
Jibs_PC#4585692579938791424 roll 2
Jibs_PC#4585692579938791424 roll 1
DICE 2 1 5 5 5 
Jibs_PC#4585692579938791424 roll 1
Jibs_PC#4585692579938791424 roll 1
DICE 1 1 4 4 
Jibs_PC#4585692579938791424 endattack
Jibs_PC#4585692579938791424 nomove
CARD 28
Jibs_PC#4585692579938791424 placearmies 18 1
Jibs_PC#4585692579938791424 placearmies 15 1
Jibs_PC#4585692579938791424 placearmies 23 1
Jibs_PC#4585692579938791424 placearmies 24 1
Jibs_PC#4585692579938791424 attack 18 20
Jibs_PC#4585692579938791424 roll 1
Jibs_PC#4585692579938791424 roll 1
DICE 1 1 0 1 
Jibs_PC#4585692579938791424 attack 15 16
Jibs_PC#4585692579938791424 roll 1
Jibs_PC#4585692579938791424 roll 1
DICE 1 1 0 4 
Jibs_PC#4585692579938791424 attack 24 22
Jibs_PC#4585692579938791424 roll 1
Jibs_PC#4585692579938791424 roll 2
DICE 1 2 0 4 1 
Jibs_PC#4585692579938791424 attack 23 21
Jibs_PC#4585692579938791424 roll 1
Jibs_PC#4585692579938791424 roll 2
DICE 1 2 4 4 1 
Jibs_PC#4585692579938791424 endattack
Jibs_PC#4585692579938791424 nomove
CARD 
Jibs_PC#4585692579938791424 placearmies 36 1
Jibs_PC#4585692579938791424 placearmies 36 1
Jibs_PC#4585692579938791424 placearmies 36 1
Jibs_PC#4585692579938791424 placearmies 36 1
Jibs_PC#4585692579938791424 placearmies 36 1
Jibs_PC#4585692579938791424 attack 36 35
Jibs_PC#4585692579938791424 roll 3
Jibs_PC#4585692579938791424 roll 1
DICE 3 1 3 3 3 1 
Jibs_PC#4585692579938791424 move all
Jibs_PC#4585692579938791424 attack 35 34
Jibs_PC#4585692579938791424 roll 3
Jibs_PC#4585692579938791424 roll 1
DICE 3 1 5 3 0 3 
Jibs_PC#4585692579938791424 move all
Jibs_PC#4585692579938791424 attack 34 27
Jibs_PC#4585692579938791424 roll 3
Jibs_PC#4585692579938791424 roll 1
DICE 3 1 3 2 1 0 
Jibs_PC#4585692579938791424 attack 27 28
Jibs_PC#4585692579938791424 roll 2
Jibs_PC#4585692579938791424 roll 1
DICE 2 1 2 1 3 
Jibs_PC#4585692579938791424 roll 1
Jibs_PC#4585692579938791424 roll 1
DICE 1 1 0 3 
Jibs_PC#4585692579938791424 endattack
Jibs_PC#4585692579938791424 nomove
CARD 10
Jibs_PC#4585692579938791424 placearmies 38 1
Jibs_PC#4585692579938791424 placearmies 38 1
Jibs_PC#4585692579938791424 placearmies 38 1
Jibs_PC#4585692579938791424 placearmies 32 1
Jibs_PC#4585692579938791424 placearmies 32 1
Jibs_PC#4585692579938791424 placearmies 32 1
Jibs_PC#4585692579938791424 attack 32 33
Jibs_PC#4585692579938791424 roll 3
Jibs_PC#4585692579938791424 roll 1
DICE 3 1 5 0 0 5 
Jibs_PC#4585692579938791424 roll 3
Jibs_PC#4585692579938791424 roll 1
DICE 3 1 5 2 2 3 
Jibs_PC#4585692579938791424 move all
Jibs_PC#4585692579938791424 attack 33 29
Jibs_PC#4585692579938791424 roll 3
Jibs_PC#4585692579938791424 roll 1
DICE 3 1 5 2 0 4 
Jibs_PC#4585692579938791424 move all
Jibs_PC#4585692579938791424 attack 29 30
Jibs_PC#4585692579938791424 roll 3
Jibs_PC#4585692579938791424 roll 1
DICE 3 1 5 2 1 0 
Jibs_PC#4585692579938791424 move all
Jibs_PC#4585692579938791424 attack 30 31
Jibs_PC#4585692579938791424 roll 3
Jibs_PC#4585692579938791424 roll 1
DICE 3 1 4 1 0 4 
Jibs_PC#4585692579938791424 roll 2
Jibs_PC#4585692579938791424 roll 1
DICE 2 1 4 2 0 
Jibs_PC#4585692579938791424 attack 38 1
Jibs_PC#4585692579938791424 roll 3
Jibs_PC#4585692579938791424 roll 1
DICE 3 1 2 2 0 4 
Jibs_PC#4585692579938791424 roll 2
Jibs_PC#4585692579938791424 roll 1
DICE 2 1 1 0 2 
Jibs_PC#4585692579938791424 roll 1
Jibs_PC#4585692579938791424 roll 1
DICE 1 1 3 5 
Jibs_PC#4585692579938791424 endattack
Jibs_PC#4585692579938791424 nomove
CARD 38
Jibs_PC#4585692579938791424 placearmies 22 1
Jibs_PC#4585692579938791424 placearmies 22 1
Jibs_PC#4585692579938791424 placearmies 22 1
Jibs_PC#4585692579938791424 attack 22 24
Jibs_PC#4585692579938791424 roll 3
Jibs_PC#4585692579938791424 roll 1
DICE 3 1 5 1 0 2 
Jibs_PC#4585692579938791424 move all
Jibs_PC#4585692579938791424 attack 24 23
Jibs_PC#4585692579938791424 roll 3
Jibs_PC#4585692579938791424 roll 1
DICE 3 1 4 1 1 5 
Jibs_PC#4585692579938791424 roll 3
Jibs_PC#4585692579938791424 roll 1
DICE 3 1 1 1 1 1 
Jibs_PC#4585692579938791424 roll 2
Jibs_PC#4585692579938791424 roll 1
DICE 2 1 4 3 3 
Jibs_PC#4585692579938791424 attack 23 25
Jibs_PC#4585692579938791424 roll 1
Jibs_PC#4585692579938791424 roll 1
DICE 1 1 1 4 
Jibs_PC#4585692579938791424 endattack
Jibs_PC#4585692579938791424 nomove
CARD 37
Jibs_PC#4585692579938791424 placearmies 18 1
Jibs_PC#4585692579938791424 placearmies 18 1
Jibs_PC#4585692579938791424 placearmies 18 1
Jibs_PC#4585692579938791424 attack 18 20
Jibs_PC#4585692579938791424 roll 3
Jibs_PC#4585692579938791424 roll 1
DICE 3 1 5 4 0 3 
Jibs_PC#4585692579938791424 attack 20 16
Jibs_PC#4585692579938791424 roll 2
Jibs_PC#4585692579938791424 roll 1
DICE 2 1 5 3 1 
Jibs_PC#4585692579938791424 attack 16 28
Jibs_PC#4585692579938791424 roll 1
Jibs_PC#4585692579938791424 roll 1
DICE 1 1 1 1 
Jibs_PC#4585692579938791424 endattack
Jibs_PC#4585692579938791424 nomove
CARD wildcard
Jibs_PC#4585692579938791424 placearmies 27 1
Jibs_PC#4585692579938791424 placearmies 27 1
Jibs_PC#4585692579938791424 placearmies 21 1
Jibs_PC#4585692579938791424 placearmies 21 1
Jibs_PC#4585692579938791424 placearmies 27 1
Jibs_PC#4585692579938791424 attack 27 28
Jibs_PC#4585692579938791424 roll 3
Jibs_PC#4585692579938791424 roll 1
DICE 3 1 4 3 3 0 
Jibs_PC#4585692579938791424 attack 21 23
Jibs_PC#4585692579938791424 roll 3
Jibs_PC#4585692579938791424 roll 1
DICE 3 1 2 1 1 3 
Jibs_PC#4585692579938791424 roll 3
Jibs_PC#4585692579938791424 roll 1
DICE 3 1 2 1 0 4 
Jibs_PC#4585692579938791424 roll 3
Jibs_PC#4585692579938791424 roll 1
DICE 3 1 2 1 0 0 
Jibs_PC#4585692579938791424 move all
Jibs_PC#4585692579938791424 attack 23 24
Jibs_PC#4585692579938791424 roll 3
Jibs_PC#4585692579938791424 roll 1
DICE 3 1 0 0 0 4 
Jibs_PC#4585692579938791424 roll 3
Jibs_PC#4585692579938791424 roll 1
DICE 3 1 5 3 1 5 
Jibs_PC#4585692579938791424 roll 2
Jibs_PC#4585692579938791424 roll 1
DICE 2 1 4 4 3 
Jibs_PC#4585692579938791424 attack 24 22
Jibs_PC#4585692579938791424 roll 1
Jibs_PC#4585692579938791424 roll 1
DICE 1 1 5 5 
Jibs_PC#4585692579938791424 endattack
Jibs_PC#4585692579938791424 nomove
CARD 2
Jibs_PC#4585692579938791424 placearmies 31 1
Jibs_PC#4585692579938791424 placearmies 31 1
Jibs_PC#4585692579938791424 placearmies 30 1
Jibs_PC#4585692579938791424 placearmies 30 1
Jibs_PC#4585692579938791424 placearmies 30 1
Jibs_PC#4585692579938791424 placearmies 30 1
Jibs_PC#4585692579938791424 placearmies 30 1
Jibs_PC#4585692579938791424 attack 31 22
Jibs_PC#4585692579938791424 roll 3
Jibs_PC#4585692579938791424 roll 1
DICE 3 1 5 2 0 1 
Jibs_PC#4585692579938791424 attack 30 16
Jibs_PC#4585692579938791424 roll 3
Jibs_PC#4585692579938791424 roll 1
DICE 3 1 5 4 2 3 
Jibs_PC#4585692579938791424 move all
Jibs_PC#4585692579938791424 attack 16 20
Jibs_PC#4585692579938791424 roll 3
Jibs_PC#4585692579938791424 roll 1
DICE 3 1 3 3 1 3 
Jibs_PC#4585692579938791424 roll 3
Jibs_PC#4585692579938791424 roll 1
DICE 3 1 3 2 0 2 
Jibs_PC#4585692579938791424 attack 20 18
Jibs_PC#4585692579938791424 roll 2
Jibs_PC#4585692579938791424 roll 1
DICE 2 1 2 2 3 
Jibs_PC#4585692579938791424 roll 1
Jibs_PC#4585692579938791424 roll 1
DICE 1 1 2 3 
Jibs_PC#4585692579938791424 attack 22 24
Jibs_PC#4585692579938791424 roll 2
Jibs_PC#4585692579938791424 roll 1
DICE 2 1 5 5 5 
Jibs_PC#4585692579938791424 roll 1
Jibs_PC#4585692579938791424 roll 1
DICE 1 1 4 4 
Jibs_PC#4585692579938791424 endattack
Jibs_PC#4585692579938791424 nomove
CARD 21
Jibs_PC#4585692579938791424 placearmies 15 1
Jibs_PC#4585692579938791424 placearmies 15 1
Jibs_PC#4585692579938791424 placearmies 15 1
Jibs_PC#4585692579938791424 attack 15 16
Jibs_PC#4585692579938791424 roll 3
Jibs_PC#4585692579938791424 roll 1
DICE 3 1 5 3 2 1 
Jibs_PC#4585692579938791424 attack 16 20
Jibs_PC#4585692579938791424 roll 2
Jibs_PC#4585692579938791424 roll 1
DICE 2 1 2 1 3 
Jibs_PC#4585692579938791424 roll 1
Jibs_PC#4585692579938791424 roll 1
DICE 1 1 1 1 
Jibs_PC#4585692579938791424 endattack
Jibs_PC#4585692579938791424 nomove
CARD 35
Jibs_PC#4585692579938791424 placearmies 36 1
Jibs_PC#4585692579938791424 placearmies 36 1
Jibs_PC#4585692579938791424 placearmies 28 1
Jibs_PC#4585692579938791424 placearmies 28 1
Jibs_PC#4585692579938791424 placearmies 28 1
Jibs_PC#4585692579938791424 placearmies 28 1
Jibs_PC#4585692579938791424 attack 36 37
Jibs_PC#4585692579938791424 roll 2
Jibs_PC#4585692579938791424 roll 1
DICE 2 1 3 0 2 
Jibs_PC#4585692579938791424 attack 37 38
Jibs_PC#4585692579938791424 roll 1
Jibs_PC#4585692579938791424 roll 1
DICE 1 1 0 0 
Jibs_PC#4585692579938791424 attack 28 30
Jibs_PC#4585692579938791424 roll 3
Jibs_PC#4585692579938791424 roll 1
DICE 3 1 4 0 0 4 
Jibs_PC#4585692579938791424 roll 3
Jibs_PC#4585692579938791424 roll 1
DICE 3 1 3 2 1 3 
Jibs_PC#4585692579938791424 roll 3
Jibs_PC#4585692579938791424 roll 1
DICE 3 1 5 2 2 2 
Jibs_PC#4585692579938791424 move all
Jibs_PC#4585692579938791424 attack 30 31
Jibs_PC#4585692579938791424 roll 3
Jibs_PC#4585692579938791424 roll 1
DICE 3 1 5 0 0 0 
Jibs_PC#4585692579938791424 attack 31 32
Jibs_PC#4585692579938791424 roll 2
Jibs_PC#4585692579938791424 roll 1
DICE 2 1 5 3 0 
Jibs_PC#4585692579938791424 attack 32 29
Jibs_PC#4585692579938791424 roll 1
Jibs_PC#4585692579938791424 roll 1
DICE 1 1 0 1 
Jibs_PC#4585692579938791424 endattack
Jibs_PC#4585692579938791424 nomove
CARD 9
Jibs_PC#4585692579938791424 trade 38 21 36
Jibs_PC#4585692579938791424 trade 12 28 37
Jibs_PC#4585692579938791424 placearmies 20 1
Jibs_PC#4585692579938791424 placearmies 20 1
Jibs_PC#4585692579938791424 placearmies 20 1
Jibs_PC#4585692579938791424 placearmies 20 1
Jibs_PC#4585692579938791424 placearmies 20 1
Jibs_PC#4585692579938791424 placearmies 20 1
Jibs_PC#4585692579938791424 placearmies 20 1
Jibs_PC#4585692579938791424 placearmies 8 1
Jibs_PC#4585692579938791424 placearmies 8 1
Jibs_PC#4585692579938791424 placearmies 8 1
Jibs_PC#4585692579938791424 placearmies 9 1
Jibs_PC#4585692579938791424 placearmies 9 1
Jibs_PC#4585692579938791424 placearmies 9 1
Jibs_PC#4585692579938791424 placearmies 9 1
Jibs_PC#4585692579938791424 placearmies 9 1
Jibs_PC#4585692579938791424 placearmies 9 1
Jibs_PC#4585692579938791424 placearmies 9 1
Jibs_PC#4585692579938791424 placearmies 38 1
Jibs_PC#4585692579938791424 placearmies 20 1
Jibs_PC#4585692579938791424 placearmies 20 1
Jibs_PC#4585692579938791424 placearmies 20 1
Jibs_PC#4585692579938791424 placearmies 20 1
Jibs_PC#4585692579938791424 placearmies 9 1
Jibs_PC#4585692579938791424 placearmies 9 1
Jibs_PC#4585692579938791424 placearmies 9 1
Jibs_PC#4585692579938791424 placearmies 38 1
Jibs_PC#4585692579938791424 attack 38 1
Jibs_PC#4585692579938791424 roll 3
Jibs_PC#4585692579938791424 roll 1
DICE 3 1 3 1 0 4 
Jibs_PC#4585692579938791424 roll 3
Jibs_PC#4585692579938791424 roll 1
DICE 3 1 5 4 3 2 
Jibs_PC#4585692579938791424 attack 1 2
Jibs_PC#4585692579938791424 roll 2
Jibs_PC#4585692579938791424 roll 1
DICE 2 1 5 1 2 
Jibs_PC#4585692579938791424 attack 9 5
Jibs_PC#4585692579938791424 roll 3
Jibs_PC#4585692579938791424 roll 2
DICE 3 2 3 1 0 4 4 
Jibs_PC#4585692579938791424 roll 3
Jibs_PC#4585692579938791424 roll 2
DICE 3 2 5 3 0 5 0 
Jibs_PC#4585692579938791424 roll 3
Jibs_PC#4585692579938791424 roll 2
DICE 3 2 4 4 1 4 1 
Jibs_PC#4585692579938791424 roll 3
Jibs_PC#4585692579938791424 roll 2
DICE 3 2 4 2 1 5 4 
Jibs_PC#4585692579938791424 roll 3
Jibs_PC#4585692579938791424 roll 2
DICE 3 2 5 3 0 5 0 
Jibs_PC#4585692579938791424 roll 3
Jibs_PC#4585692579938791424 roll 2
DICE 3 2 2 2 2 5 0 
Jibs_PC#4585692579938791424 roll 2
Jibs_PC#4585692579938791424 roll 2
DICE 2 2 5 2 4 0 
Jibs_PC#4585692579938791424 attack 8 6
Jibs_PC#4585692579938791424 roll 3
Jibs_PC#4585692579938791424 roll 1
DICE 3 1 3 0 0 5 
Jibs_PC#4585692579938791424 roll 2
Jibs_PC#4585692579938791424 roll 1
DICE 2 1 3 0 0 
Jibs_PC#4585692579938791424 attack 6 14
Jibs_PC#4585692579938791424 roll 1
Jibs_PC#4585692579938791424 roll 1
DICE 1 1 0 1 
Jibs_PC#4585692579938791424 attack 20 16
Jibs_PC#4585692579938791424 roll 3
Jibs_PC#4585692579938791424 roll 1
DICE 3 1 4 4 2 1 
Jibs_PC#4585692579938791424 move all
Jibs_PC#4585692579938791424 attack 16 15
Jibs_PC#4585692579938791424 roll 3
Jibs_PC#4585692579938791424 roll 1
DICE 3 1 3 2 2 0 
Jibs_PC#4585692579938791424 move all
Jibs_PC#4585692579938791424 attack 15 18
Jibs_PC#4585692579938791424 roll 3
Jibs_PC#4585692579938791424 roll 1
DICE 3 1 5 2 1 2 
Jibs_PC#4585692579938791424 move all
Jibs_PC#4585692579938791424 attack 18 19
Jibs_PC#4585692579938791424 roll 3
Jibs_PC#4585692579938791424 roll 1
DICE 3 1 5 2 0 5 
Jibs_PC#4585692579938791424 roll 3
Jibs_PC#4585692579938791424 roll 1
DICE 3 1 5 5 2 1 
Jibs_PC#4585692579938791424 move all
Jibs_PC#4585692579938791424 attack 19 17
Jibs_PC#4585692579938791424 roll 3
Jibs_PC#4585692579938791424 roll 1
DICE 3 1 3 1 0 2 
Jibs_PC#4585692579938791424 move all
Jibs_PC#4585692579938791424 attack 17 14
Jibs_PC#4585692579938791424 roll 3
Jibs_PC#4585692579938791424 roll 1
DICE 3 1 2 1 0 2 
Jibs_PC#4585692579938791424 roll 3
Jibs_PC#4585692579938791424 roll 1
DICE 3 1 4 3 0 4 
Jibs_PC#4585692579938791424 roll 3
Jibs_PC#4585692579938791424 roll 1
DICE 3 1 3 2 2 2 
Jibs_PC#4585692579938791424 newplayer human green s0914007
Jibs_PC#4585692579938791424 newplayer human blue arko
Jibs_PC#4585692579938791424 newplayer human red aneesh
Jibs_PC#4585692579938791424 newplayer human cyan punit
Jibs_PC#4585692579938791424 startgame mission fixed autoplaceall recycle
PLAYER punit
MISSION 3 0 3 0
PLACEALL 28 24 19 8 32 21 15 20 37 31 6 17 1 7 16 35 11 30 38 2 9 33 5 4 27 12 23 22 10 39 14 40 13 42 26 18 25 34 3 36 41 29
Jibs_PC#4585692579938791424 placearmies 5 1
CARD 
Jibs_PC#4585692579938791424 placearmies 36 1
CARD 
Jibs_PC#4585692579938791424 placearmies 28 1
CARD 
Jibs_PC#4585692579938791424 placearmies 42 1
CARD 
Jibs_PC#4585692579938791424 placearmies 5 1
CARD 
Jibs_PC#4585692579938791424 placearmies 36 1
CARD 
Jibs_PC#4585692579938791424 placearmies 28 1
CARD 
Jibs_PC#4585692579938791424 placearmies 42 1
CARD 
Jibs_PC#4585692579938791424 placearmies 5 1
CARD 
Jibs_PC#4585692579938791424 placearmies 2 1
CARD 
Jibs_PC#4585692579938791424 placearmies 28 1
CARD 
Jibs_PC#4585692579938791424 placearmies 42 1
CARD 
Jibs_PC#4585692579938791424 placearmies 16 1
CARD 
Jibs_PC#4585692579938791424 placearmies 2 1
CARD 
Jibs_PC#4585692579938791424 placearmies 28 1
CARD 
Jibs_PC#4585692579938791424 placearmies 42 1
CARD 
Jibs_PC#4585692579938791424 placearmies 16 1
CARD 
Jibs_PC#4585692579938791424 placearmies 22 1
CARD 
Jibs_PC#4585692579938791424 placearmies 41 1
CARD 
Jibs_PC#4585692579938791424 placearmies 42 1
CARD 
Jibs_PC#4585692579938791424 placearmies 16 1
CARD 
Jibs_PC#4585692579938791424 placearmies 22 1
CARD 
Jibs_PC#4585692579938791424 placearmies 41 1
CARD 
Jibs_PC#4585692579938791424 placearmies 12 1
CARD 
Jibs_PC#4585692579938791424 placearmies 16 1
CARD 
Jibs_PC#4585692579938791424 placearmies 22 1
CARD 
Jibs_PC#4585692579938791424 placearmies 41 1
CARD 
Jibs_PC#4585692579938791424 placearmies 12 1
CARD 
Jibs_PC#4585692579938791424 placearmies 5 1
CARD 
Jibs_PC#4585692579938791424 placearmies 2 1
CARD 
Jibs_PC#4585692579938791424 placearmies 13 1
CARD 
Jibs_PC#4585692579938791424 placearmies 12 1
CARD 
Jibs_PC#4585692579938791424 placearmies 5 1
CARD 
Jibs_PC#4585692579938791424 placearmies 2 1
CARD 
Jibs_PC#4585692579938791424 placearmies 13 1
CARD 
Jibs_PC#4585692579938791424 placearmies 12 1
CARD 
Jibs_PC#4585692579938791424 placearmies 16 1
CARD 
Jibs_PC#4585692579938791424 placearmies 2 1
CARD 
Jibs_PC#4585692579938791424 placearmies 13 1
CARD 
Jibs_PC#4585692579938791424 placearmies 12 1
CARD 
Jibs_PC#4585692579938791424 placearmies 16 1
CARD 
Jibs_PC#4585692579938791424 placearmies 2 1
CARD 
Jibs_PC#4585692579938791424 placearmies 13 1
CARD 
Jibs_PC#4585692579938791424 placearmies 12 1
CARD 
Jibs_PC#4585692579938791424 placearmies 16 1
CARD 
Jibs_PC#4585692579938791424 placearmies 36 1
CARD 
Jibs_PC#4585692579938791424 placearmies 28 1
CARD 
Jibs_PC#4585692579938791424 placearmies 33 1
CARD 
Jibs_PC#4585692579938791424 placearmies 5 1
CARD 
Jibs_PC#4585692579938791424 placearmies 22 1
CARD 
Jibs_PC#4585692579938791424 placearmies 13 1
CARD 
Jibs_PC#4585692579938791424 placearmies 12 1
CARD 
Jibs_PC#4585692579938791424 placearmies 16 1
CARD 
Jibs_PC#4585692579938791424 placearmies 22 1
CARD 
Jibs_PC#4585692579938791424 placearmies 41 1
CARD 
Jibs_PC#4585692579938791424 placearmies 42 1
CARD 
Jibs_PC#4585692579938791424 placearmies 5 1
CARD 
Jibs_PC#4585692579938791424 placearmies 36 1
CARD 
Jibs_PC#4585692579938791424 placearmies 13 1
CARD 
Jibs_PC#4585692579938791424 placearmies 12 1
CARD 
Jibs_PC#4585692579938791424 placearmies 16 1
CARD 
Jibs_PC#4585692579938791424 placearmies 2 1
CARD 
Jibs_PC#4585692579938791424 placearmies 41 1
CARD 
Jibs_PC#4585692579938791424 placearmies 42 1
CARD 
Jibs_PC#4585692579938791424 placearmies 16 1
CARD 
Jibs_PC#4585692579938791424 placearmies 36 1
CARD 
Jibs_PC#4585692579938791424 placearmies 28 1
CARD 
Jibs_PC#4585692579938791424 placearmies 33 1
CARD 
Jibs_PC#4585692579938791424 placearmies 5 1
CARD 
Jibs_PC#4585692579938791424 placearmies 22 1
CARD 
Jibs_PC#4585692579938791424 placearmies 13 1
CARD 
Jibs_PC#4585692579938791424 placearmies 12 1
CARD 
Jibs_PC#4585692579938791424 placearmies 16 1
CARD 
Jibs_PC#4585692579938791424 placearmies 22 1
CARD 
Jibs_PC#4585692579938791424 placearmies 41 1
CARD 
Jibs_PC#4585692579938791424 placearmies 42 1
CARD 
Jibs_PC#4585692579938791424 placearmies 5 1
CARD 
Jibs_PC#4585692579938791424 placearmies 22 1
CARD 
Jibs_PC#4585692579938791424 placearmies 41 1
Jibs_PC#4585692579938791424 placearmies 11 1
Jibs_PC#4585692579938791424 placearmies 27 1
Jibs_PC#4585692579938791424 attack 27 34
Jibs_PC#4585692579938791424 roll 1
Jibs_PC#4585692579938791424 roll 1
DICE 1 1 4 1 
Jibs_PC#4585692579938791424 attack 11 12
Jibs_PC#4585692579938791424 roll 1
Jibs_PC#4585692579938791424 roll 2
DICE 1 2 4 5 0 
Jibs_PC#4585692579938791424 attack 13 12
Jibs_PC#4585692579938791424 roll 3
Jibs_PC#4585692579938791424 roll 2
DICE 3 2 2 2 0 2 0 
Jibs_PC#4585692579938791424 roll 3
Jibs_PC#4585692579938791424 roll 2
DICE 3 2 4 3 3 5 3 
Jibs_PC#4585692579938791424 roll 3
Jibs_PC#4585692579938791424 roll 2
DICE 3 2 5 2 2 0 0 
Jibs_PC#4585692579938791424 roll 3
Jibs_PC#4585692579938791424 roll 2
DICE 3 2 5 1 1 5 3 
Jibs_PC#4585692579938791424 retreat
Jibs_PC#4585692579938791424 attack 13 12
Jibs_PC#4585692579938791424 roll 2
Jibs_PC#4585692579938791424 roll 2
DICE 2 2 5 4 5 1 
Jibs_PC#4585692579938791424 roll 1
Jibs_PC#4585692579938791424 roll 2
DICE 1 2 2 5 0 
Jibs_PC#4585692579938791424 attack 41 42
Jibs_PC#4585692579938791424 roll 3
Jibs_PC#4585692579938791424 roll 2
DICE 3 2 4 1 1 3 1 
Jibs_PC#4585692579938791424 roll 3
Jibs_PC#4585692579938791424 roll 2
DICE 3 2 5 3 0 0 0 
Jibs_PC#4585692579938791424 roll 3
Jibs_PC#4585692579938791424 roll 2
DICE 3 2 3 1 0 5 0 
Jibs_PC#4585692579938791424 roll 3
Jibs_PC#4585692579938791424 roll 2
DICE 3 2 3 1 0 0 0 
Jibs_PC#4585692579938791424 roll 3
Jibs_PC#4585692579938791424 roll 2
DICE 3 2 5 2 1 4 3 
Jibs_PC#4585692579938791424 roll 3
Jibs_PC#4585692579938791424 roll 2
DICE 3 2 3 3 1 0 0 
Jibs_PC#4585692579938791424 move all
Jibs_PC#4585692579938791424 attack 42 40
Jibs_PC#4585692579938791424 roll 3
Jibs_PC#4585692579938791424 roll 1
DICE 3 1 4 2 0 0 
Jibs_PC#4585692579938791424 attack 28 29
Jibs_PC#4585692579938791424 roll 3
Jibs_PC#4585692579938791424 roll 1
DICE 3 1 4 4 3 4 
Jibs_PC#4585692579938791424 roll 3
Jibs_PC#4585692579938791424 roll 1
DICE 3 1 3 2 1 3 
Jibs_PC#4585692579938791424 roll 3
Jibs_PC#4585692579938791424 roll 1
DICE 3 1 5 2 0 5 
Jibs_PC#4585692579938791424 roll 3
Jibs_PC#4585692579938791424 roll 1
DICE 3 1 5 1 1 5 
Jibs_PC#4585692579938791424 roll 2
Jibs_PC#4585692579938791424 roll 1
DICE 2 1 2 0 4 
Jibs_PC#4585692579938791424 roll 1
Jibs_PC#4585692579938791424 roll 1
DICE 1 1 4 5 
Jibs_PC#4585692579938791424 endattack
Jibs_PC#4585692579938791424 nomove
CARD 17
Jibs_PC#4585692579938791424 placearmies 12 1
Jibs_PC#4585692579938791424 placearmies 12 1
Jibs_PC#4585692579938791424 placearmies 33 1
Jibs_PC#4585692579938791424 endattack
Jibs_PC#4585692579938791424 nomove
CARD 
Jibs_PC#4585692579938791424 placearmies 5 1
Jibs_PC#4585692579938791424 placearmies 16 1
Jibs_PC#4585692579938791424 placearmies 16 1
Jibs_PC#4585692579938791424 attack 5 10
Jibs_PC#4585692579938791424 roll 3
Jibs_PC#4585692579938791424 roll 1
DICE 3 1 5 4 0 3 
Jibs_PC#4585692579938791424 move all
Jibs_PC#4585692579938791424 attack 16 28
Jibs_PC#4585692579938791424 roll 3
Jibs_PC#4585692579938791424 roll 1
DICE 3 1 4 0 0 4 
Jibs_PC#4585692579938791424 roll 3
Jibs_PC#4585692579938791424 roll 1
DICE 3 1 5 5 3 0 
Jibs_PC#4585692579938791424 move 9
Jibs_PC#4585692579938791424 attack 28 30
Jibs_PC#4585692579938791424 roll 3
Jibs_PC#4585692579938791424 roll 1
DICE 3 1 3 1 0 2 
Jibs_PC#4585692579938791424 move 6
Jibs_PC#4585692579938791424 attack 30 31
Jibs_PC#4585692579938791424 roll 3
Jibs_PC#4585692579938791424 roll 1
DICE 3 1 5 1 0 4 
Jibs_PC#4585692579938791424 move 3
Jibs_PC#4585692579938791424 attack 31 32
Jibs_PC#4585692579938791424 roll 2
Jibs_PC#4585692579938791424 roll 1
DICE 2 1 5 1 3 
Jibs_PC#4585692579938791424 attack 30 29
Jibs_PC#4585692579938791424 roll 2
Jibs_PC#4585692579938791424 roll 1
DICE 2 1 1 0 1 
Jibs_PC#4585692579938791424 retreat
Jibs_PC#4585692579938791424 endattack
Jibs_PC#4585692579938791424 nomove
CARD 35
Jibs_PC#4585692579938791424 placearmies 2 1
Jibs_PC#4585692579938791424 placearmies 22 1
Jibs_PC#4585692579938791424 placearmies 22 1
Jibs_PC#4585692579938791424 attack 2 6
Jibs_PC#4585692579938791424 roll 3
Jibs_PC#4585692579938791424 roll 1
DICE 3 1 5 1 0 4 
Jibs_PC#4585692579938791424 move all
Jibs_PC#4585692579938791424 attack 6 7
Jibs_PC#4585692579938791424 roll 3
Jibs_PC#4585692579938791424 roll 1
DICE 3 1 5 1 0 5 
Jibs_PC#4585692579938791424 roll 3
Jibs_PC#4585692579938791424 roll 1
DICE 3 1 3 3 2 3 
Jibs_PC#4585692579938791424 roll 3
Jibs_PC#4585692579938791424 roll 1
DICE 3 1 5 5 2 3 
Jibs_PC#4585692579938791424 move all
Jibs_PC#4585692579938791424 attack 7 3
Jibs_PC#4585692579938791424 roll 3
Jibs_PC#4585692579938791424 roll 1
DICE 3 1 4 1 0 2 
Jibs_PC#4585692579938791424 move all
Jibs_PC#4585692579938791424 attack 36 38
Jibs_PC#4585692579938791424 roll 3
Jibs_PC#4585692579938791424 roll 1
DICE 3 1 5 2 1 4 
Jibs_PC#4585692579938791424 move all
Jibs_PC#4585692579938791424 attack 38 1
Jibs_PC#4585692579938791424 roll 3
Jibs_PC#4585692579938791424 roll 1
DICE 3 1 4 1 1 5 
Jibs_PC#4585692579938791424 roll 3
Jibs_PC#4585692579938791424 roll 1
DICE 3 1 4 3 0 4 
Jibs_PC#4585692579938791424 roll 2
Jibs_PC#4585692579938791424 roll 1
DICE 2 1 5 3 1 
Jibs_PC#4585692579938791424 attack 22 21
Jibs_PC#4585692579938791424 roll 3
Jibs_PC#4585692579938791424 roll 1
DICE 3 1 3 2 0 4 
Jibs_PC#4585692579938791424 roll 3
Jibs_PC#4585692579938791424 roll 1
DICE 3 1 3 2 2 4 
Jibs_PC#4585692579938791424 roll 3
Jibs_PC#4585692579938791424 roll 1
DICE 3 1 3 3 0 4 
Jibs_PC#4585692579938791424 roll 3
Jibs_PC#4585692579938791424 roll 1
DICE 3 1 5 4 0 1 
Jibs_PC#4585692579938791424 move all
Jibs_PC#4585692579938791424 attack 21 23
Jibs_PC#4585692579938791424 roll 3
Jibs_PC#4585692579938791424 roll 1
DICE 3 1 5 3 1 0 
Jibs_PC#4585692579938791424 move all
Jibs_PC#4585692579938791424 attack 23 24
Jibs_PC#4585692579938791424 roll 3
Jibs_PC#4585692579938791424 roll 1
DICE 3 1 5 2 0 3 
Jibs_PC#4585692579938791424 move all
Jibs_PC#4585692579938791424 attack 24 25
Jibs_PC#4585692579938791424 roll 3
Jibs_PC#4585692579938791424 roll 1
DICE 3 1 5 4 1 2 
Jibs_PC#4585692579938791424 move all
Jibs_PC#4585692579938791424 attack 25 26
Jibs_PC#4585692579938791424 roll 3
Jibs_PC#4585692579938791424 roll 1
DICE 3 1 5 3 2 3 
Jibs_PC#4585692579938791424 endattack
Jibs_PC#4585692579938791424 movearmies 3 4 3
CARD 11
Jibs_PC#4585692579938791424 placearmies 40 1
Jibs_PC#4585692579938791424 placearmies 34 1
Jibs_PC#4585692579938791424 placearmies 27 1
Jibs_PC#4585692579938791424 attack 40 39
Jibs_PC#4585692579938791424 roll 3
Jibs_PC#4585692579938791424 roll 1
DICE 3 1 5 3 1 2 
Jibs_PC#4585692579938791424 attack 34 38
Jibs_PC#4585692579938791424 roll 1
Jibs_PC#4585692579938791424 roll 1
DICE 1 1 4 0 
Jibs_PC#4585692579938791424 attack 27 35
Jibs_PC#4585692579938791424 retreat
Jibs_PC#4585692579938791424 attack 27 29
Jibs_PC#4585692579938791424 roll 1
Jibs_PC#4585692579938791424 roll 1
DICE 1 1 1 3 
Jibs_PC#4585692579938791424 attack 39 33
Jibs_PC#4585692579938791424 roll 2
Jibs_PC#4585692579938791424 roll 2
DICE 2 2 3 1 5 4 
Jibs_PC#4585692579938791424 endattack
Jibs_PC#4585692579938791424 nomove
CARD 22
Jibs_PC#4585692579938791424 placearmies 33 1
Jibs_PC#4585692579938791424 placearmies 33 1
Jibs_PC#4585692579938791424 placearmies 12 1
Jibs_PC#4585692579938791424 attack 33 39
Jibs_PC#4585692579938791424 roll 3
Jibs_PC#4585692579938791424 roll 1
DICE 3 1 4 2 0 2 
Jibs_PC#4585692579938791424 move all
Jibs_PC#4585692579938791424 attack 39 41
Jibs_PC#4585692579938791424 roll 3
Jibs_PC#4585692579938791424 roll 1
DICE 3 1 4 1 0 1 
Jibs_PC#4585692579938791424 move all
Jibs_PC#4585692579938791424 attack 41 42
Jibs_PC#4585692579938791424 roll 3
Jibs_PC#4585692579938791424 roll 1
DICE 3 1 4 3 1 4 
Jibs_PC#4585692579938791424 roll 2
Jibs_PC#4585692579938791424 roll 1
DICE 2 1 2 0 1 
Jibs_PC#4585692579938791424 attack 42 40
Jibs_PC#4585692579938791424 roll 1
Jibs_PC#4585692579938791424 roll 1
DICE 1 1 1 3 
Jibs_PC#4585692579938791424 attack 12 21
Jibs_PC#4585692579938791424 roll 3
Jibs_PC#4585692579938791424 roll 1
DICE 3 1 5 1 1 2 
Jibs_PC#4585692579938791424 move all
Jibs_PC#4585692579938791424 attack 21 24
Jibs_PC#4585692579938791424 roll 3
Jibs_PC#4585692579938791424 roll 1
DICE 3 1 5 5 4 3 
Jibs_PC#4585692579938791424 move all
Jibs_PC#4585692579938791424 endattack
Jibs_PC#4585692579938791424 nomove
CARD 14
Jibs_PC#4585692579938791424 placearmies 28 1
Jibs_PC#4585692579938791424 placearmies 28 1
Jibs_PC#4585692579938791424 placearmies 28 1
Jibs_PC#4585692579938791424 attack 10 11
Jibs_PC#4585692579938791424 roll 3
Jibs_PC#4585692579938791424 roll 1
DICE 3 1 4 3 3 2 
Jibs_PC#4585692579938791424 move all
Jibs_PC#4585692579938791424 attack 11 13
Jibs_PC#4585692579938791424 roll 3
Jibs_PC#4585692579938791424 roll 1
DICE 3 1 1 0 0 3 
Jibs_PC#4585692579938791424 roll 3
Jibs_PC#4585692579938791424 roll 1
DICE 3 1 5 4 2 5 
Jibs_PC#4585692579938791424 roll 3
Jibs_PC#4585692579938791424 roll 1
DICE 3 1 2 1 1 5 
Jibs_PC#4585692579938791424 roll 3
Jibs_PC#4585692579938791424 roll 1
DICE 3 1 3 2 1 2 
Jibs_PC#4585692579938791424 move all
Jibs_PC#4585692579938791424 attack 13 12
Jibs_PC#4585692579938791424 roll 3
Jibs_PC#4585692579938791424 roll 1
DICE 3 1 4 3 1 4 
Jibs_PC#4585692579938791424 roll 3
Jibs_PC#4585692579938791424 roll 1
DICE 3 1 5 3 1 2 
Jibs_PC#4585692579938791424 attack 28 29
Jibs_PC#4585692579938791424 roll 3
Jibs_PC#4585692579938791424 roll 1
DICE 3 1 4 2 0 2 
Jibs_PC#4585692579938791424 move all
Jibs_PC#4585692579938791424 attack 29 36
Jibs_PC#4585692579938791424 roll 3
Jibs_PC#4585692579938791424 roll 1
DICE 3 1 3 1 0 0 
Jibs_PC#4585692579938791424 move all
Jibs_PC#4585692579938791424 attack 36 35
Jibs_PC#4585692579938791424 roll 3
Jibs_PC#4585692579938791424 roll 1
DICE 3 1 4 1 0 4 
Jibs_PC#4585692579938791424 roll 2
Jibs_PC#4585692579938791424 roll 1
DICE 2 1 3 1 1 
Jibs_PC#4585692579938791424 attack 32 33
Jibs_PC#4585692579938791424 roll 1
Jibs_PC#4585692579938791424 roll 1
DICE 1 1 3 4 
Jibs_PC#4585692579938791424 endattack
Jibs_PC#4585692579938791424 movearmies 16 28 3
CARD 3
Jibs_PC#4585692579938791424 placearmies 4 1
Jibs_PC#4585692579938791424 placearmies 26 1
Jibs_PC#4585692579938791424 placearmies 26 1
Jibs_PC#4585692579938791424 placearmies 26 1
Jibs_PC#4585692579938791424 attack 4 9
Jibs_PC#4585692579938791424 roll 3
Jibs_PC#4585692579938791424 roll 1
DICE 3 1 2 1 0 4 
Jibs_PC#4585692579938791424 roll 3
Jibs_PC#4585692579938791424 roll 1
DICE 3 1 1 1 1 3 
Jibs_PC#4585692579938791424 roll 2
Jibs_PC#4585692579938791424 roll 1
DICE 2 1 4 0 0 
Jibs_PC#4585692579938791424 attack 9 5
Jibs_PC#4585692579938791424 roll 1
Jibs_PC#4585692579938791424 roll 1
DICE 1 1 5 2 
Jibs_PC#4585692579938791424 attack 26 24
Jibs_PC#4585692579938791424 roll 3
Jibs_PC#4585692579938791424 roll 2
DICE 3 2 5 3 0 2 0 
Jibs_PC#4585692579938791424 roll 3
Jibs_PC#4585692579938791424 roll 2
DICE 3 2 5 4 1 2 2 
Jibs_PC#4585692579938791424 roll 3
Jibs_PC#4585692579938791424 roll 2
DICE 3 2 3 3 1 5 0 
Jibs_PC#4585692579938791424 roll 3
Jibs_PC#4585692579938791424 roll 2
DICE 3 2 5 4 3 3 0 
Jibs_PC#4585692579938791424 move all
Jibs_PC#4585692579938791424 attack 24 21
Jibs_PC#4585692579938791424 roll 3
Jibs_PC#4585692579938791424 roll 1
DICE 3 1 4 4 3 4 
Jibs_PC#4585692579938791424 roll 2
Jibs_PC#4585692579938791424 roll 1
DICE 2 1 2 2 1 
