This is pdfTeX, Version 3.1415926-2.4-1.40.13 (MiKTeX 2.9 64-bit) (preloaded format=pdflatex 2013.2.27)  4 APR 2013 06:25
entering extended mode
**C:/Users/s0914007/Documents/GitHub/Domination/Domination/honours-project-repo
rt/report.tex

(C:/Users/s0914007/Documents/GitHub/Domination/Domination/honours-project-repor
t/report.tex
LaTeX2e <2011/06/27>
Babel <v3.8m> and hyphenation patterns for english, afrikaans, ancientgreek, ar
abic, armenian, assamese, basque, bengali, bokmal, bulgarian, catalan, coptic, 
croatian, czech, danish, dutch, esperanto, estonian, farsi, finnish, french, ga
lician, german, german-x-2012-05-30, greek, gujarati, hindi, hungarian, iceland
ic, indonesian, interlingua, irish, italian, kannada, kurmanji, latin, latvian,
 lithuanian, malayalam, marathi, mongolian, mongolianlmc, monogreek, ngerman, n
german-x-2012-05-30, nynorsk, oriya, panjabi, pinyin, polish, portuguese, roman
ian, russian, sanskrit, serbian, slovak, slovenian, spanish, swedish, swissgerm
an, tamil, telugu, turkish, turkmen, ukenglish, ukrainian, uppersorbian, usengl
ishmax, welsh, loaded.

(C:\Users\s0914007\Documents\GitHub\Domination\Domination\honours-project-repor
t\cs4rep.cls
Document Class: cs4rep 1995/02/02 DCS CS4 Report class
Parskip option
("D:\Program Files\MiKTeX 2.9\tex\latex\base\report.cls"
Document Class: report 2007/10/19 v1.4h Standard LaTeX document class
("D:\Program Files\MiKTeX 2.9\tex\latex\base\size12.clo"
File: size12.clo 2007/10/19 v1.4h Standard LaTeX file (size option)
)
\c@part=\count79
\c@chapter=\count80
\c@section=\count81
\c@subsection=\count82
\c@subsubsection=\count83
\c@paragraph=\count84
\c@subparagraph=\count85
\c@figure=\count86
\c@table=\count87
\abovecaptionskip=\skip41
\belowcaptionskip=\skip42
\bibindent=\dimen102
)
(C:\Users\s0914007\AppData\Roaming\MiKTeX\2.9\tex\latex\ntgclass\a4.sty
Package: a4 2004/04/15 v1.2g A4 based page layout
)
Parskip package loaded
("D:\Program Files\MiKTeX 2.9\tex\latex\ltxmisc\parskip.sty"
Package: parskip 2001/04/09 non-zero parskip adjustments
))
("D:\Program Files\MiKTeX 2.9\tex\latex\graphics\graphicx.sty"
Package: graphicx 1999/02/16 v1.0f Enhanced LaTeX Graphics (DPC,SPQR)

("D:\Program Files\MiKTeX 2.9\tex\latex\graphics\keyval.sty"
Package: keyval 1999/03/16 v1.13 key=value parser (DPC)
\KV@toks@=\toks14
)
("D:\Program Files\MiKTeX 2.9\tex\latex\graphics\graphics.sty"
Package: graphics 2009/02/05 v1.0o Standard LaTeX Graphics (DPC,SPQR)

("D:\Program Files\MiKTeX 2.9\tex\latex\graphics\trig.sty"
Package: trig 1999/03/16 v1.09 sin cos tan (DPC)
)
("D:\Program Files\MiKTeX 2.9\tex\latex\00miktex\graphics.cfg"
File: graphics.cfg 2007/01/18 v1.5 graphics configuration of teTeX/TeXLive
)
Package graphics Info: Driver file: pdftex.def on input line 91.

("D:\Program Files\MiKTeX 2.9\tex\latex\pdftex-def\pdftex.def"
File: pdftex.def 2011/05/27 v0.06d Graphics/color for pdfTeX

("D:\Program Files\MiKTeX 2.9\tex\generic\oberdiek\infwarerr.sty"
Package: infwarerr 2010/04/08 v1.3 Providing info/warning/error messages (HO)
)
("D:\Program Files\MiKTeX 2.9\tex\generic\oberdiek\ltxcmds.sty"
Package: ltxcmds 2011/11/09 v1.22 LaTeX kernel commands for general use (HO)
)
\Gread@gobject=\count88
))
\Gin@req@height=\dimen103
\Gin@req@width=\dimen104
)
(C:\Users\s0914007\Documents\GitHub\Domination\Domination\honours-project-repor
t\pseudocode.sty
** 
** Document Style `pseudocode' - environment 
** by D.L. Kreher and D.R. Stinson 
** 
** The pseudocode environment was originally developed for the book
** Combinatorial Algorithms: Enumeration, Generation, and Search
** CRC Press, 1999. 
Package: pseudocode 
\pcode@width=\skip43
(C:\Users\s0914007\AppData\Roaming\MiKTeX\2.9\tex\latex\fancybox\fancybox.sty
Package: fancybox 2010/05/15 1.4

Style option: `fancybox' v1.4 <2010/05/15> (tvz)
\@fancybox=\box26
\shadowsize=\dimen105
\@Sbox=\box27
\do@VerbBox=\toks15
\the@fancyput=\toks16
\this@fancyput=\toks17
\EndVerbatimTokens=\toks18
\Verbatim@Outfile=\write3
\Verbatim@Infile=\read1
) ("D:\Program Files\MiKTeX 2.9\tex\latex\base\ifthen.sty"
Package: ifthen 2001/05/26 v1.1c Standard LaTeX ifthen package (DPC)
)
\c@pseudocode=\count89
\c@pseudonum=\count90
)
("D:\Program Files\MiKTeX 2.9\tex\latex\base\fontenc.sty"
Package: fontenc 2005/09/27 v1.99g Standard LaTeX package

("D:\Program Files\MiKTeX 2.9\tex\latex\base\t1enc.def"
File: t1enc.def 2005/09/27 v1.99g Standard LaTeX file
LaTeX Font Info:    Redeclaring font encoding T1 on input line 43.
))
("D:\Program Files\MiKTeX 2.9\tex\latex\amsmath\amsmath.sty"
Package: amsmath 2013/01/14 v2.14 AMS math features
\@mathmargin=\skip44

For additional information on amsmath, use the `?' option.
("D:\Program Files\MiKTeX 2.9\tex\latex\amsmath\amstext.sty"
Package: amstext 2000/06/29 v2.01

("D:\Program Files\MiKTeX 2.9\tex\latex\amsmath\amsgen.sty"
File: amsgen.sty 1999/11/30 v2.0
\@emptytoks=\toks19
\ex@=\dimen106
))
("D:\Program Files\MiKTeX 2.9\tex\latex\amsmath\amsbsy.sty"
Package: amsbsy 1999/11/29 v1.2d
\pmbraise@=\dimen107
)
("D:\Program Files\MiKTeX 2.9\tex\latex\amsmath\amsopn.sty"
Package: amsopn 1999/12/14 v2.01 operator names
)
\inf@bad=\count91
LaTeX Info: Redefining \frac on input line 210.
\uproot@=\count92
\leftroot@=\count93
LaTeX Info: Redefining \overline on input line 306.
\classnum@=\count94
\DOTSCASE@=\count95
LaTeX Info: Redefining \ldots on input line 378.
LaTeX Info: Redefining \dots on input line 381.
LaTeX Info: Redefining \cdots on input line 466.
\Mathstrutbox@=\box28
\strutbox@=\box29
\big@size=\dimen108
LaTeX Font Info:    Redeclaring font encoding OML on input line 566.
LaTeX Font Info:    Redeclaring font encoding OMS on input line 567.
\macc@depth=\count96
\c@MaxMatrixCols=\count97
\dotsspace@=\muskip10
\c@parentequation=\count98
\dspbrk@lvl=\count99
\tag@help=\toks20
\row@=\count100
\column@=\count101
\maxfields@=\count102
\andhelp@=\toks21
\eqnshift@=\dimen109
\alignsep@=\dimen110
\tagshift@=\dimen111
\tagwidth@=\dimen112
\totwidth@=\dimen113
\lineht@=\dimen114
\@envbody=\toks22
\multlinegap=\skip45
\multlinetaggap=\skip46
\mathdisplay@stack=\toks23
LaTeX Info: Redefining \[ on input line 2665.
LaTeX Info: Redefining \] on input line 2666.
)
(C:\Users\s0914007\Documents\GitHub\Domination\Domination\honours-project-repor
t\algorithm2e.sty
Package: algorithm2e 2013/01/06 v5.00 algorithms environments
\c@AlgoLine=\count103
 ("D:\Program Files\MiKTeX 2.9\tex\latex\tools\xspace.sty"
Package: xspace 2009/10/20 v1.13 Space after command names (DPC,MH)
)
("D:\Program Files\MiKTeX 2.9\tex\latex\ltxmisc\relsize.sty"
Package: relsize 2003/07/04 ver 3.1
)
********************************************************
Package `algorithm2e' Release 5.0 -- january 06 2013 --
- algorithm2e-announce@lirmm.fr mailing list for announcement about releases
- algorithm2e-discussion@lirmm.fr mailing list for discussion about package
subscribe by emailing sympa@lirmm.fr with 'subscribe <list> <firstname name>'
- Author: Christophe Fiorio (cfiorio@um2.fr)
********************************************************
\skiptotal=\skip47
\skiplinenumber=\skip48
\skiprule=\skip49
\skiphlne=\skip50
\skiptext=\skip51
\skiplength=\skip52
\algomargin=\skip53
\skipalgocfslide=\skip54
\algowidth=\dimen115
\inoutsize=\dimen116
\inoutindent=\dimen117
\interspacetitleruled=\dimen118
\interspacealgoruled=\dimen119
\interspacetitleboxruled=\dimen120
\algocf@inoutbox=\box30
\algocf@inputbox=\box31
\AlCapSkip=\skip55
\AlCapHSkip=\skip56
\algoskipindent=\skip57
\algocf@nlbox=\box32
\algocf@hangingbox=\box33
\algocf@untilbox=\box34
\algocf@skipuntil=\skip58
\algocf@capbox=\box35
\algoheightruledefault=\skip59
\algoheightrule=\skip60
\algotitleheightruledefault=\skip61
\algotitleheightrule=\skip62
\c@algocfline=\count104
\c@algocfproc=\count105
\c@algocf=\count106
\algocf@algoframe=\box36
\algocf@algobox=\box37
) ("D:\Program Files\MiKTeX 2.9\tex\latex\tools\array.sty"
Package: array 2008/09/09 v2.4c Tabular extension package (FMi)
\col@sep=\dimen121
\extrarowheight=\dimen122
\NC@list=\toks24
\extratabsurround=\skip63
\backup@length=\skip64
)
(C:\Users\s0914007\AppData\Roaming\MiKTeX\2.9\tex\latex\caption\caption.sty
Package: caption 2013/02/03 v3.3-65 Customizing captions (AR)

(C:\Users\s0914007\AppData\Roaming\MiKTeX\2.9\tex\latex\caption\caption3.sty
Package: caption3 2013/02/03 v1.5-62 caption3 kernel (AR)
\captionmargin=\dimen123
\captionmargin@=\dimen124
\captionwidth=\dimen125
\caption@tempdima=\dimen126
\caption@indent=\dimen127
\caption@parindent=\dimen128
\caption@hangindent=\dimen129
)
\c@ContinuedFloat=\count107
)
("D:\Program Files\MiKTeX 2.9\tex\latex\multirow\multirow.sty"
\bigstrutjot=\dimen130
)
(C:\Users\s0914007\Documents\GitHub\Domination\Domination\honours-project-repor
t\report.aux

LaTeX Warning: Label `table:territory-actions-bonus' multiply defined.


LaTeX Warning: Label `table:territory-actions-bonus' multiply defined.


LaTeX Warning: Label `table:territory-actions-bonus' multiply defined.


LaTeX Warning: Label `table:territory-actions-bonus' multiply defined.


LaTeX Warning: Label `fig:dom-debug-gui' multiply defined.


LaTeX Warning: Label `fig:dom-debug-gui' multiply defined.


LaTeX Warning: Label `fig:dom-debug-gui' multiply defined.


LaTeX Warning: Label `fig:dom-debug-gui' multiply defined.


LaTeX Warning: Label `fig:dom-debug-gui' multiply defined.


LaTeX Warning: Label `fig:dom-debug-gui' multiply defined.


LaTeX Warning: Label `fig:dom-debug-gui' multiply defined.


LaTeX Warning: Label `fig:dom-debug-gui' multiply defined.


LaTeX Warning: Label `table:winner-loser-accuracy' multiply defined.


LaTeX Warning: Label `table:winner-loser-accuracy' multiply defined.


LaTeX Warning: Label `table:winner-loser-accuracy' multiply defined.


LaTeX Warning: Label `table:winner-loser-accuracy' multiply defined.


LaTeX Warning: Label `table:winner-loser-accuracy' multiply defined.


LaTeX Warning: Label `table:attack-defend-modelling' multiply defined.

)
LaTeX Font Info:    Checking defaults for OML/cmm/m/it on input line 12.
LaTeX Font Info:    ... okay on input line 12.
LaTeX Font Info:    Checking defaults for T1/cmr/m/n on input line 12.
LaTeX Font Info:    ... okay on input line 12.
LaTeX Font Info:    Checking defaults for OT1/cmr/m/n on input line 12.
LaTeX Font Info:    ... okay on input line 12.
LaTeX Font Info:    Checking defaults for OMS/cmsy/m/n on input line 12.
LaTeX Font Info:    ... okay on input line 12.
LaTeX Font Info:    Checking defaults for OMX/cmex/m/n on input line 12.
LaTeX Font Info:    ... okay on input line 12.
LaTeX Font Info:    Checking defaults for U/cmr/m/n on input line 12.
LaTeX Font Info:    ... okay on input line 12.
 (C:\Users\s0914007\AppData\Roaming\MiKTeX\2.9\tex\context\base\supp-pdf.mkii
[Loading MPS to PDF converter (version 2006.09.02).]
\scratchcounter=\count108
\scratchdimen=\dimen131
\scratchbox=\box38
\nofMPsegments=\count109
\nofMParguments=\count110
\everyMPshowfont=\toks25
\MPscratchCnt=\count111
\MPscratchDim=\dimen132
\MPnumerator=\count112
\makeMPintoPDFobject=\count113
\everyMPtoPDFconversion=\toks26
)
Package caption Info: Begin \AtBeginDocument code.
Package caption Info: End \AtBeginDocument code.
 [1

{C:/Users/s0914007/AppData/Local/MiKTeX/2.9/pdftex/config/pdftex.map}]
[2

] [3] [4]
(C:\Users\s0914007\Documents\GitHub\Domination\Domination\honours-project-repor
t\report.toc [5

])
\tf@toc=\write4
 [6]
 1.

Overfull \hbox (29.23395pt too wide) in paragraph at lines 104--105
[]\T1/cmr/m/n/12 A First-Person-Shooter psy-cho-log-i-cal hor-ror video game, F
.E.A.R uti-lizes a S.T.R.I.P.S.
 []

[1


]
Underfull \hbox (badness 1057) in paragraph at lines 114--115
[]|\T1/cmr/m/n/12 Operating Sys-tems, In-tel-li-gent Help Sys-
 []

[2]
LaTeX Font Info:    Try loading font information for OMS+cmr on input line 142.

 ("D:\Program Files\MiKTeX 2.9\tex\latex\base\omscmr.fd"
File: omscmr.fd 1999/05/25 v2.5h Standard LaTeX font definitions
)
LaTeX Font Info:    Font shape `OMS/cmr/m/n' in size <12> not available
(Font)              Font shape `OMS/cmsy/m/n' tried instead on input line 142.
 [3] [4]
 2.
[5

] [6] <images/example-plan-library.pdf, id=49, 451.6875pt x 105.39375pt>
File: images/example-plan-library.pdf Graphic file (type pdf)

<use images/example-plan-library.pdf>
Package pdftex.def Info: images/example-plan-library.pdf used on input line 233
.
(pdftex.def)             Requested size: 451.68639pt x 105.39348pt.
 [7 <C:/Users/s0914007/Documents/GitHub/Domination/Domination/honours-project-r
eport/images/example-plan-library.pdf, page is rotated 90 degrees>] <images/ris
k-board.jpg, id=61, 192.72pt x 192.72pt>
File: images/risk-board.jpg Graphic file (type jpg)

<use images/risk-board.jpg>
Package pdftex.def Info: images/risk-board.jpg used on input line 258.
(pdftex.def)             Requested size: 192.71951pt x 192.71951pt.
 [8 <C:/Users/s0914007/Documents/GitHub/Domination/Domination/honours-project-r
eport/images/risk-board.jpg>]
Underfull \hbox (badness 10000) in paragraph at lines 282--284

 []

[9] [10] [11] [12] [13] [14

]
 3.

Underfull \hbox (badness 10000) in paragraph at lines 418--419

 []


Underfull \hbox (badness 10000) in paragraph at lines 424--425

 []


Underfull \hbox (badness 10000) in paragraph at lines 434--435

 []

[15]
Underfull \hbox (badness 10000) in paragraph at lines 445--446

 []

[16]
Underfull \hbox (badness 10000) in paragraph at lines 511--512

 []

[17] [18]
Overfull \hbox (29.46509pt too wide) in paragraph at lines 570--579
 [][] 
 []

[19]
Overfull \hbox (7.64029pt too wide) in paragraph at lines 589--590
[]\T1/cmr/m/n/12 For ex-am-ple, given the three ex-pla-na-tions from the pre-vi
-ous sec-tion. If a \T1/cmr/m/it/12 Successful-
 []


Underfull \hbox (badness 1558) in paragraph at lines 603--604
[]|\T1/cmr/m/n/12 An in-con-sis-tent ac-tion be-cause a player
 []


Overfull \hbox (10.70032pt too wide) in paragraph at lines 597--606
 [][] 
 []

[20] [21]
Underfull \hbox (badness 10000) in paragraph at lines 679--680

 []


Underfull \vbox (badness 3199) has occurred while \output is active []

 [22]
Underfull \hbox (badness 10000) in paragraph at lines 702--703

 []

[23]
Overfull \hbox (10.16542pt too wide) in paragraph at lines 745--768
$[]$ 
 []

[24]
Overfull \hbox (10.16542pt too wide) in paragraph at lines 782--810
$[]$ 
 []


Overfull \hbox (1.17232pt too wide) in paragraph at lines 814--815
[]\T1/cmr/m/n/12 Before pro-ceed-ing onto the next ter-ri-tory in $\OML/cmm/m/i
t/12 PT$ \T1/cmr/m/n/12 an-other loop is per-formed through
 []

[25]
Overfull \hbox (42.48602pt too wide) in paragraph at lines 833--844
\T1/cmr/bx/n/12 Algorithm 3.3.3:| []\T1/cmr/m/n/12 ($\OML/cmm/m/it/12 w; pTotal
ActNum; pConsActNum$\T1/cmr/m/n/12 ) 
 []


Overfull \hbox (10.16542pt too wide) in paragraph at lines 833--844
$[]$ 
 []

[26]
Overfull \hbox (4.83934pt too wide) in paragraph at lines 852--875
\T1/cmr/bx/n/12 Algorithm 3.3.4:| []\T1/cmr/m/n/12 ($\OML/cmm/m/it/12 playerPS;
 totalExpConAct; obs$\T1/cmr/m/n/12 ) 
 []


Overfull \hbox (10.16542pt too wide) in paragraph at lines 852--875
$[]$ 
 []

[27]
Overfull \hbox (10.16542pt too wide) in paragraph at lines 896--936
$[]$ 
 []

[28] <images/risk-plan-library.pdf, id=135, 841.0321pt x 403.69821pt>
File: images/risk-plan-library.pdf Graphic file (type pdf)

<use images/risk-plan-library.pdf>
Package pdftex.def Info: images/risk-plan-library.pdf used on input line 964.
(pdftex.def)             Requested size: 411.93877pt x 197.73376pt.

Overfull \hbox (14.63141pt too wide) in paragraph at lines 964--965
[][] 
 []


LaTeX Warning: `h' float specifier changed to `ht'.

[29]
Underfull \hbox (badness 10000) in paragraph at lines 985--986

 []

[30 <C:/Users/s0914007/Documents/GitHub/Domination/Domination/honours-project-r
eport/images/risk-plan-library.pdf, page is rotated 90 degrees>]
Overfull \hbox (12.16704pt too wide) in paragraph at lines 1020--1021
[]\T1/cmr/m/n/12 For each root-goal the $\OML/cmm/m/it/12 computeObsProb$ \T1/c
mr/m/n/12 fil-ters out all ac-tion types ex-cept Successful-
 []


Underfull \hbox (badness 10000) in paragraph at lines 1020--1021

 []

[31] [32]
Underfull \hbox (badness 10000) in paragraph at lines 1120--1121

 []


Overfull \hbox (18.16396pt too wide) in paragraph at lines 1136--1149
 [][] 
 []

[33] [34]
 4.
<images/system-architecture.pdf, id=167, 844.04335pt x 261.09544pt>
File: images/system-architecture.pdf Graphic file (type pdf)

<use images/system-architecture.pdf>
Package pdftex.def Info: images/system-architecture.pdf used on input line 1198
.
(pdftex.def)             Requested size: 494.32526pt x 152.91351pt.

Overfull \hbox (9.45702pt too wide) in paragraph at lines 1206--1207
[]\T1/cmr/m/n/12 The \T1/cmr/m/it/12 Pro-cess-ing \T1/cmr/m/n/12 com-po-nent is
 re-spon-si-ble for rout-ing events to the \T1/cmr/m/it/12 Plan-Recognition-
 []

[35

 <C:/Users/s0914007/Documents/GitHub/Domination/Domination/honours-project-repo
rt/images/system-architecture.pdf, page is rotated 90 degrees>] [36]
<images/plan-recognition-agent-architecture.pdf, id=181, 622.98744pt x 442.8645
3pt>
File: images/plan-recognition-agent-architecture.pdf Graphic file (type pdf)
 <use images/plan-recognition-agent-architecture.pdf>
Package pdftex.def Info: images/plan-recognition-agent-architecture.pdf used on
 input line 1227.
(pdftex.def)             Requested size: 288.35587pt x 204.98381pt.
 [37 <C:/Users/s0914007/Documents/GitHub/Domination/Domination/honours-project-
report/images/plan-recognition-agent-architecture.pdf, page is rotated 90 degre
es>]
Underfull \hbox (badness 3179) in paragraph at lines 1291--1291
[]|\T1/cmr/m/n/12 Signals that \T1/cmr/m/it/12 at-tack-er-Name \T1/cmr/m/n/12 p
er-formed a
 []


Underfull \hbox (badness 2343) in paragraph at lines 1291--1291
[]|\T1/cmr/m/n/12 Signals that \T1/cmr/m/it/12 de-fend-er-Name \T1/cmr/m/n/12 p
er-formed a
 []


Underfull \hbox (badness 4660) in paragraph at lines 1291--1291
[]|\T1/cmr/m/n/12 Signals that \T1/cmr/m/it/12 play-er-Name \T1/cmr/m/n/12 per-
formed an
 []

[38] [39] [40]
 5.
[41

] [42] <images/domination-debug-gui.png, id=208, 262.73157pt x 236.38312pt>
File: images/domination-debug-gui.png Graphic file (type png)

<use images/domination-debug-gui.png>
Package pdftex.def Info: images/domination-debug-gui.png used on input line 137
8.
(pdftex.def)             Requested size: 262.73091pt x 236.38254pt.
 [43 <C:/Users/s0914007/Documents/GitHub/Domination/Domination/honours-project-
report/images/domination-debug-gui.png>]
[44] <images/general-game-complete.pdf, id=218, 508.17854pt x 258.2448pt>
File: images/general-game-complete.pdf Graphic file (type pdf)

<use images/general-game-complete.pdf>
Package pdftex.def Info: images/general-game-complete.pdf used on input line 14
71.
(pdftex.def)             Requested size: 370.74237pt x 188.40678pt.


LaTeX Warning: `h' float specifier changed to `ht'.

<images/general-game-length.pdf, id=219, 504.1535pt x 242.16472pt>
File: images/general-game-length.pdf Graphic file (type pdf)

<use images/general-game-length.pdf>
Package pdftex.def Info: images/general-game-length.pdf used on input line 1479
.
(pdftex.def)             Requested size: 370.74237pt x 178.09053pt.


LaTeX Warning: `h' float specifier changed to `ht'.

[45] [46 <C:/Users/s0914007/Documents/GitHub/Domination/Domination/honours-proj
ect-report/images/general-game-complete.pdf>]
<images/short-constrained-game.pdf, id=236, 752.63184pt x 275.16805pt>
File: images/short-constrained-game.pdf Graphic file (type pdf)

<use images/short-constrained-game.pdf>
Package pdftex.def Info: images/short-constrained-game.pdf used on input line 1
501.
(pdftex.def)             Requested size: 453.13515pt x 165.66891pt.
 [47 <C:/Users/s0914007/Documents/GitHub/Domination/Domination/honours-project-
report/images/general-game-length.pdf> <C:/Users/s0914007/Documents/GitHub/Domi
nation/Domination/honours-project-report/images/short-constrained-game.pdf

pdfTeX warning: pdflatex.EXE (file C:/Users/s0914007/Documents/GitHub/Dominatio
n/Domination/honours-project-report/images/short-constrained-game.pdf): PDF inc
lusion: multiple pdfs with page group included in a single page
>] <images/bad-long-game.pdf, id=259, 751.62808pt x 293.2556pt>
File: images/bad-long-game.pdf Graphic file (type pdf)

<use images/bad-long-game.pdf>
Package pdftex.def Info: images/bad-long-game.pdf used on input line 1524.
(pdftex.def)             Requested size: 453.13515pt x 176.79149pt.
 [48 <C:/Users/s0914007/Documents/GitHub/Domination/Domination/honours-project-
report/images/bad-long-game.pdf>] [49]
<images/winner-game-complete.pdf, id=277, 503.14975pt x 252.2223pt>
File: images/winner-game-complete.pdf Graphic file (type pdf)

<use images/winner-game-complete.pdf>
Package pdftex.def Info: images/winner-game-complete.pdf used on input line 154
2.
(pdftex.def)             Requested size: 370.74237pt x 185.85646pt.

<images/winner-game-length.pdf, id=278, 502.13599pt x 234.13472pt>
File: images/winner-game-length.pdf Graphic file (type pdf)

<use images/winner-game-length.pdf>
Package pdftex.def Info: images/winner-game-length.pdf used on input line 1550.

(pdftex.def)             Requested size: 370.74237pt x 172.87112pt.
 [50 <C:/Users/s0914007/Documents/GitHub/Domination/Domination/honours-project-
report/images/winner-game-complete.pdf> <C:/Users/s0914007/Documents/GitHub/Dom
ination/Domination/honours-project-report/images/winner-game-length.pdf

pdfTeX warning: pdflatex.EXE (file C:/Users/s0914007/Documents/GitHub/Dominatio
n/Domination/honours-project-report/images/winner-game-length.pdf): PDF inclusi
on: multiple pdfs with page group included in a single page
>] [51] <images/loser-game-complete.pdf, id=304, 506.161pt x 259.24855pt>
File: images/loser-game-complete.pdf Graphic file (type pdf)

<use images/loser-game-complete.pdf>
Package pdftex.def Info: images/loser-game-complete.pdf used on input line 1578
.
(pdftex.def)             Requested size: 370.74237pt x 189.88675pt.

<images/loser-game-length.pdf, id=305, 505.15726pt x 282.36491pt>
File: images/loser-game-length.pdf Graphic file (type pdf)

<use images/loser-game-length.pdf>
Package pdftex.def Info: images/loser-game-length.pdf used on input line 1586.
(pdftex.def)             Requested size: 370.74237pt x 207.24057pt.
 [52 <C:/Users/s0914007/Documents/GitHub/Domination/Domination/honours-project-
report/images/loser-game-complete.pdf> <C:/Users/s0914007/Documents/GitHub/Domi
nation/Domination/honours-project-report/images/loser-game-length.pdf

pdfTeX warning: pdflatex.EXE (file C:/Users/s0914007/Documents/GitHub/Dominatio
n/Domination/honours-project-report/images/loser-game-length.pdf): PDF inclusio
n: multiple pdfs with page group included in a single page
>] <images/player-elim-early.pdf, id=328, 754.63933pt x 309.3156pt>
File: images/player-elim-early.pdf Graphic file (type pdf)

<use images/player-elim-early.pdf>
Package pdftex.def Info: images/player-elim-early.pdf used on input line 1600.
(pdftex.def)             Requested size: 453.13515pt x 185.73238pt.
 [53 <C:/Users/s0914007/Documents/GitHub/Domination/Domination/honours-project-
report/images/player-elim-early.pdf>]
[54

]
 6.
[55] [56] [57] [58] [59] [60] [61] [62

]
 7.
[63]
Overfull \hbox (28.72581pt too wide) in paragraph at lines 1848--1848
[]\T1/cmr/bx/n/17.28 Game Length Correct-Incorrect Pre-dic-tion Count 
 []

[64]
Underfull \hbox (badness 1558) in paragraph at lines 2138--2139
[]|\T1/cmr/m/n/12 An in-con-sis-tent ac-tion be-cause a player
 []


(C:\Users\s0914007\Documents\GitHub\Domination\Domination\honours-project-repor
t\report.bbl [65] [66] [67] [68] [69

]) [70]
(C:\Users\s0914007\Documents\GitHub\Domination\Domination\honours-project-repor
t\report.aux)

LaTeX Warning: There were multiply-defined labels.

 ) 
Here is how much of TeX's memory you used:
 4887 strings out of 493921
 70826 string characters out of 3147273
 204008 words of memory out of 3000000
 8124 multiletter control sequences out of 15000+200000
 16103 words of font info for 38 fonts, out of 3000000 for 9000
 841 hyphenation exceptions out of 8191
 36i,26n,38p,867b,552s stack positions out of 5000i,500n,10000p,200000b,50000s
 <C:\Users\s0914007\AppData\Local\MiKTeX\2.9\fonts\pk\ljfour\jknappen\ec\dpi6
00\ecbi1200.pk> <C:\Users\s0914007\AppData\Local\MiKTeX\2.9\fonts\pk\ljfour\jkn
appen\ec\dpi600\eccc1200.pk> <C:\Users\s0914007\AppData\Local\MiKTeX\2.9\fonts\
pk\ljfour\jknappen\ec\dpi600\ecbx1440.pk> <C:\Users\s0914007\AppData\Local\MiKT
eX\2.9\fonts\pk\ljfour\jknappen\ec\dpi600\ecsl1200.pk> <C:\Users\s0914007\AppDa
ta\Local\MiKTeX\2.9\fonts\pk\ljfour\jknappen\ec\dpi600\ecbx2488.pk> <C:\Users\s
0914007\AppData\Local\MiKTeX\2.9\fonts\pk\ljfour\jknappen\ec\dpi600\ecbx1728.pk
> <C:\Users\s0914007\AppData\Local\MiKTeX\2.9\fonts\pk\ljfour\jknappen\ec\dpi60
0\ecti1200.pk> <C:\Users\s0914007\AppData\Local\MiKTeX\2.9\fonts\pk\ljfour\jkna
ppen\ec\dpi600\ecbx1200.pk> <C:\Users\s0914007\AppData\Local\MiKTeX\2.9\fonts\p
k\ljfour\jknappen\ec\dpi600\ecrm1200.pk> <C:\Users\s0914007\AppData\Local\MiKTe
X\2.9\fonts\pk\ljfour\jknappen\ec\dpi600\ecrm1440.pk> <C:\Users\s0914007\AppDat
a\Local\MiKTeX\2.9\fonts\pk\ljfour\jknappen\ec\dpi600\ecrm2488.pk><D:/Program F
iles/MiKTeX 2.9/fonts/type1/public/amsfonts/cm/cmex10.pfb><D:/Program Files/MiK
TeX 2.9/fonts/type1/public/amsfonts/cm/cmmi12.pfb><D:/Program Files/MiKTeX 2.9/
fonts/type1/public/amsfonts/cm/cmmi8.pfb><D:/Program Files/MiKTeX 2.9/fonts/typ
e1/public/amsfonts/cm/cmr12.pfb><D:/Program Files/MiKTeX 2.9/fonts/type1/public
/amsfonts/cm/cmr8.pfb><D:/Program Files/MiKTeX 2.9/fonts/type1/public/amsfonts/
cm/cmsy10.pfb>
Output written on report.pdf (76 pages, 2555155 bytes).
PDF statistics:
 897 PDF objects out of 1000 (max. 8388607)
 0 named destinations out of 1000 (max. 500000)
 76 words of extra memory for PDF output out of 10000 (max. 10000000)

